{"Output": [
{"Acceptance":[0.9029411764705882],"Energy":{"Mean":14.29994014329609,"Sigma":0.3842716708974983,"Taucorr":0.32080113097565766},"EnergyVariance":{"Mean":8.606090698434075,"Sigma":1.2018731129229092,"Taucorr":-0.09264561952855038},"Iteration":0},
{"Acceptance":[0.8888235294117647],"Energy":{"Mean":14.278956687889648,"Sigma":0.40974058042559475,"Taucorr":0.17968376212439485},"EnergyVariance":{"Mean":11.901250295639512,"Sigma":1.263448990457464,"Taucorr":-0.1561369408173357},"Iteration":1},
{"Acceptance":[0.8876470588235295],"Energy":{"Mean":14.038853744588327,"Sigma":0.40479275785952007,"Taucorr":0.21053917101561093},"EnergyVariance":{"Mean":11.232735782427186,"Sigma":1.3897102496510598,"Taucorr":-0.07040443134380614},"Iteration":2},
{"Acceptance":[0.8655882352941177],"Energy":{"Mean":13.922018358753446,"Sigma":0.37019438776878816,"Taucorr":0.1567356685708723},"EnergyVariance":{"Mean":10.21290611509948,"Sigma":2.3448039053249587,"Taucorr":0.27768159556266026},"Iteration":3},
{"Acceptance":[0.8405882352941176],"Energy":{"Mean":13.768848991703281,"Sigma":0.2882380741325106,"Taucorr":-0.031555692190181894},"EnergyVariance":{"Mean":8.95314084320961,"Sigma":1.081402581970335,"Taucorr":-0.019914758104664143},"Iteration":4},
{"Acceptance":[0.8435294117647059],"Energy":{"Mean":13.618778626777425,"Sigma":0.37906708057270366,"Taucorr":0.3029441316236925},"EnergyVariance":{"Mean":9.28627885605295,"Sigma":1.3324153945439758,"Taucorr":-0.018830506605662434},"Iteration":5},
{"Acceptance":[0.8370588235294117],"Energy":{"Mean":13.408272390019693,"Sigma":0.29019395331528813,"Taucorr":0.027551439303926117},"EnergyVariance":{"Mean":8.421715122124466,"Sigma":0.9758800845628841,"Taucorr":0.09622881980688458},"Iteration":6},
{"Acceptance":[0.831764705882353],"Energy":{"Mean":14.055310792776293,"Sigma":0.3568952880756586,"Taucorr":0.015020289977978996},"EnergyVariance":{"Mean":12.68904145297214,"Sigma":1.2327113370237193,"Taucorr":-0.17532054464971103},"Iteration":7},
{"Acceptance":[0.8235294117647058],"Energy":{"Mean":13.684617684986083,"Sigma":0.38788646430116897,"Taucorr":0.1897636387684798},"EnergyVariance":{"Mean":11.312336058426425,"Sigma":1.5631955946565201,"Taucorr":0.04273549736586335},"Iteration":8},
{"Acceptance":[0.8123529411764706],"Energy":{"Mean":13.453132535608704,"Sigma":0.4490347734087636,"Taucorr":0.2749550747605066},"EnergyVariance":{"Mean":13.354217301768667,"Sigma":1.4879567141065073,"Taucorr":-0.07009503146320573},"Iteration":9},
{"Acceptance":[0.7917647058823529],"Energy":{"Mean":13.391465956025083,"Sigma":0.45824988863706784,"Taucorr":0.24055270496377623},"EnergyVariance":{"Mean":14.855791797277726,"Sigma":2.3148887230936133,"Taucorr":0.07730734294307717},"Iteration":10},
{"Acceptance":[0.7844117647058824],"Energy":{"Mean":13.125159114977809,"Sigma":0.34022848988153465,"Taucorr":0.1221834616901124},"EnergyVariance":{"Mean":10.261138029110212,"Sigma":1.8340130060212865,"Taucorr":0.08399043358500313},"Iteration":11},
{"Acceptance":[0.7720588235294118],"Energy":{"Mean":13.025974788192674,"Sigma":0.4057860752144581,"Taucorr":0.20111851255979973},"EnergyVariance":{"Mean":12.822366086955821,"Sigma":1.5607811404311513,"Taucorr":0.05827310975932232},"Iteration":12},
{"Acceptance":[0.7647058823529411],"Energy":{"Mean":12.041665573300891,"Sigma":0.33409388783283345,"Taucorr":0.07368586319967485},"EnergyVariance":{"Mean":11.249334801844565,"Sigma":1.0931068101308117,"Taucorr":-0.17377186182470922},"Iteration":13},
{"Acceptance":[0.7470588235294118],"Energy":{"Mean":12.013782090493837,"Sigma":0.31805421082803653,"Taucorr":-0.03258695753088464},"EnergyVariance":{"Mean":12.530176839814189,"Sigma":2.3563749191683625,"Taucorr":0.17303274195287088},"Iteration":14},
{"Acceptance":[0.7570588235294118],"Energy":{"Mean":12.588329516816192,"Sigma":0.298684782680242,"Taucorr":-0.06945791784761646},"EnergyVariance":{"Mean":12.199535961398883,"Sigma":1.1583727499076981,"Taucorr":-0.09420245905794583},"Iteration":15},
{"Acceptance":[0.7585294117647059],"Energy":{"Mean":12.339889621780161,"Sigma":0.4039526471624352,"Taucorr":0.18167624222764367},"EnergyVariance":{"Mean":14.82114591876584,"Sigma":1.8205968595205095,"Taucorr":0.051820063904072455},"Iteration":16},
{"Acceptance":[0.7402941176470588],"Energy":{"Mean":11.750273271079758,"Sigma":0.32242869208999264,"Taucorr":-0.04424510827716044},"EnergyVariance":{"Mean":13.802028176498633,"Sigma":1.6019005625461282,"Taucorr":-0.012901407939803655},"Iteration":17},
{"Acceptance":[0.7088235294117647],"Energy":{"Mean":10.602940295457572,"Sigma":0.363693975202813,"Taucorr":0.0944901284068762},"EnergyVariance":{"Mean":13.96799383343451,"Sigma":1.5423684437818541,"Taucorr":-0.11102921020349782},"Iteration":18},
{"Acceptance":[0.7161764705882353],"Energy":{"Mean":10.653429940512147,"Sigma":0.36795609870810014,"Taucorr":0.04735207515133011},"EnergyVariance":{"Mean":14.921821901499042,"Sigma":1.679420691421357,"Taucorr":-0.028921846162490106},"Iteration":19},
{"Acceptance":[0.7035294117647058],"Energy":{"Mean":11.298681274588843,"Sigma":0.43545318370229413,"Taucorr":0.1939056496642495},"EnergyVariance":{"Mean":16.636731284082675,"Sigma":1.5988403911502587,"Taucorr":-0.14826608807578046},"Iteration":20},
{"Acceptance":[0.701764705882353],"Energy":{"Mean":10.318768124302455,"Sigma":0.41001460582490684,"Taucorr":0.17620917382811352},"EnergyVariance":{"Mean":14.832801813702757,"Sigma":1.5218931146421704,"Taucorr":-0.07750338266751172},"Iteration":21},
{"Acceptance":[0.6979411764705883],"Energy":{"Mean":11.21249061683714,"Sigma":0.3906260548957566,"Taucorr":0.07989499742054251},"EnergyVariance":{"Mean":16.60067677079801,"Sigma":1.9800751946970414,"Taucorr":0.08101131291867514},"Iteration":22},
{"Acceptance":[0.6817647058823529],"Energy":{"Mean":9.412165995880967,"Sigma":0.330653874552305,"Taucorr":-0.09259011683425722},"EnergyVariance":{"Mean":17.923180034240865,"Sigma":1.8138263699165689,"Taucorr":0.06196224263126204},"Iteration":23},
{"Acceptance":[0.6805882352941176],"Energy":{"Mean":10.25606818859455,"Sigma":0.4618270147633146,"Taucorr":0.17011858752277176},"EnergyVariance":{"Mean":19.297974774219774,"Sigma":1.9694116621106674,"Taucorr":-0.10075691701925571},"Iteration":24},
{"Acceptance":[0.6717647058823529],"Energy":{"Mean":9.711457732796706,"Sigma":0.4197176733414686,"Taucorr":0.2645267003545013},"EnergyVariance":{"Mean":16.67188106734517,"Sigma":1.3508581013478462,"Taucorr":-0.15039687970287702},"Iteration":25},
{"Acceptance":[0.648235294117647],"Energy":{"Mean":9.774826567008237,"Sigma":0.44469307640889344,"Taucorr":0.11501002611928268},"EnergyVariance":{"Mean":19.378793819429976,"Sigma":1.9724216257084144,"Taucorr":-0.04171916346537535},"Iteration":26},
{"Acceptance":[0.6455882352941177],"Energy":{"Mean":9.61742543140863,"Sigma":0.41160125713490964,"Taucorr":0.18154287050979945},"EnergyVariance":{"Mean":18.48094512030042,"Sigma":2.1479075125877456,"Taucorr":0.01111268315222358},"Iteration":27},
{"Acceptance":[0.6591176470588235],"Energy":{"Mean":9.34166485288271,"Sigma":0.38855478833661306,"Taucorr":0.18488406557903925},"EnergyVariance":{"Mean":16.861316461501083,"Sigma":1.4244921364073195,"Taucorr":-0.08944658595687915},"Iteration":28},
{"Acceptance":[0.643235294117647],"Energy":{"Mean":8.251495039011601,"Sigma":0.47803831032769734,"Taucorr":0.3809880096219138},"EnergyVariance":{"Mean":17.860611294369345,"Sigma":2.651403498439099,"Taucorr":0.07045098241985759},"Iteration":29},
{"Acceptance":[0.6455882352941177],"Energy":{"Mean":8.782208144646363,"Sigma":0.3835289270854301,"Taucorr":0.17928606456387763},"EnergyVariance":{"Mean":17.434837434325175,"Sigma":1.5825379922387077,"Taucorr":-0.021019272980010995},"Iteration":30},
{"Acceptance":[0.6194117647058823],"Energy":{"Mean":8.625625705662122,"Sigma":0.42458300971667196,"Taucorr":0.1755744979681998},"EnergyVariance":{"Mean":21.326224861985107,"Sigma":1.9778531783738085,"Taucorr":-0.0373042199117849},"Iteration":31},
{"Acceptance":[0.605],"Energy":{"Mean":7.488592165414029,"Sigma":0.4675572954383257,"Taucorr":0.33929339830972893},"EnergyVariance":{"Mean":19.406134951562933,"Sigma":2.087460441233956,"Taucorr":0.10549067093269959},"Iteration":32},
{"Acceptance":[0.6132352941176471],"Energy":{"Mean":8.076876783697541,"Sigma":0.5264395465057939,"Taucorr":0.4187418221117407},"EnergyVariance":{"Mean":21.97652807720477,"Sigma":2.175904499332836,"Taucorr":-0.04864769716360334},"Iteration":33},
{"Acceptance":[0.61],"Energy":{"Mean":7.513226061686029,"Sigma":0.46030705632781443,"Taucorr":0.2012575543743128},"EnergyVariance":{"Mean":22.248680851767272,"Sigma":2.080764005547813,"Taucorr":0.004491873900854926},"Iteration":34},
{"Acceptance":[0.5805882352941176],"Energy":{"Mean":7.000675741028085,"Sigma":0.4218388465209361,"Taucorr":0.09668695492556989},"EnergyVariance":{"Mean":21.914159221358716,"Sigma":2.555419814818643,"Taucorr":0.07649552294524031},"Iteration":35},
{"Acceptance":[0.5985294117647059],"Energy":{"Mean":7.260037743934029,"Sigma":0.48356551329343767,"Taucorr":0.23086089040553115},"EnergyVariance":{"Mean":23.49324530294644,"Sigma":2.539849976134097,"Taucorr":-0.03425621219098024},"Iteration":36},
{"Acceptance":[0.5629411764705883],"Energy":{"Mean":6.223493653212078,"Sigma":0.40566674078069936,"Taucorr":0.21180566338808016},"EnergyVariance":{"Mean":18.56293023000731,"Sigma":1.9750581023075837,"Taucorr":0.06929200158218363},"Iteration":37},
{"Acceptance":[0.5661764705882353],"Energy":{"Mean":6.088802473017795,"Sigma":0.4541315136515467,"Taucorr":0.2818577878709606},"EnergyVariance":{"Mean":21.731774900431898,"Sigma":2.1333853406153986,"Taucorr":-0.06650541003127719},"Iteration":38},
{"Acceptance":[0.5561764705882353],"Energy":{"Mean":5.6874012900551,"Sigma":0.4983457388395895,"Taucorr":0.36037861108528757},"EnergyVariance":{"Mean":22.632137119887997,"Sigma":3.930733620243945,"Taucorr":0.5514966767156255},"Iteration":39},
{"Acceptance":[0.545],"Energy":{"Mean":5.139654399802695,"Sigma":0.47154806012050676,"Taucorr":0.22759972267095352},"EnergyVariance":{"Mean":22.436780351152628,"Sigma":3.428891967231474,"Taucorr":0.19910087114352848},"Iteration":40},
{"Acceptance":[0.5511764705882353],"Energy":{"Mean":5.5068656281802815,"Sigma":0.39200997826920003,"Taucorr":-0.006482835435152101},"EnergyVariance":{"Mean":25.96679390885189,"Sigma":3.153583418677635,"Taucorr":0.112433664987451},"Iteration":41},
{"Acceptance":[0.5455882352941176],"Energy":{"Mean":4.739420627687844,"Sigma":0.49373332187618185,"Taucorr":0.24120919326695722},"EnergyVariance":{"Mean":31.009860498354453,"Sigma":3.6737593739612686,"Taucorr":0.024272231596091598},"Iteration":42},
{"Acceptance":[0.5023529411764706],"Energy":{"Mean":4.070713506565056,"Sigma":0.523347682391861,"Taucorr":0.3978705144220147},"EnergyVariance":{"Mean":23.371175651641092,"Sigma":2.0763846837424027,"Taucorr":-0.10289305876042443},"Iteration":43},
{"Acceptance":[0.5135294117647059],"Energy":{"Mean":4.530317129826336,"Sigma":0.46869343230850147,"Taucorr":0.27174189346938105},"EnergyVariance":{"Mean":23.667241582343188,"Sigma":2.2125173491084453,"Taucorr":-0.1045391070562649},"Iteration":44},
{"Acceptance":[0.5264705882352941],"Energy":{"Mean":3.842105926049763,"Sigma":0.45234859459600435,"Taucorr":0.35755940400261066},"EnergyVariance":{"Mean":22.99059565542716,"Sigma":2.7866893908544155,"Taucorr":0.044106934554069555},"Iteration":45},
{"Acceptance":[0.515],"Energy":{"Mean":2.866507838300419,"Sigma":0.5177246618079103,"Taucorr":0.45756158855004736},"EnergyVariance":{"Mean":24.231208169244187,"Sigma":2.6811574675000385,"Taucorr":-0.044637072754886487},"Iteration":46},
{"Acceptance":[0.5164705882352941],"Energy":{"Mean":2.0641017969675843,"Sigma":0.3939152190545988,"Taucorr":0.15324467053906565},"EnergyVariance":{"Mean":22.94848686518722,"Sigma":2.659926602316875,"Taucorr":0.1800858326713427},"Iteration":47},
{"Acceptance":[0.49941176470588233],"Energy":{"Mean":3.5157573530559145,"Sigma":0.41658985319310754,"Taucorr":0.2288016904269221},"EnergyVariance":{"Mean":21.716607925402247,"Sigma":2.5724478455258315,"Taucorr":0.1075190096444455},"Iteration":48},
{"Acceptance":[0.47705882352941176],"Energy":{"Mean":2.5827950949676706,"Sigma":0.4039382794844089,"Taucorr":0.3171738541615051},"EnergyVariance":{"Mean":20.45829900571478,"Sigma":2.31151464962364,"Taucorr":0.08090353758895197},"Iteration":49},
{"Acceptance":[0.4861764705882353],"Energy":{"Mean":2.288092769266987,"Sigma":0.41347752986819203,"Taucorr":0.10344200362857037},"EnergyVariance":{"Mean":26.989490291031597,"Sigma":3.5679790683367476,"Taucorr":0.1936379553841142},"Iteration":50},
{"Acceptance":[0.48],"Energy":{"Mean":2.133443268809409,"Sigma":0.5191868613874967,"Taucorr":0.3482221157759747},"EnergyVariance":{"Mean":29.77856128778321,"Sigma":5.323561903103375,"Taucorr":0.3299943017118214},"Iteration":51},
{"Acceptance":[0.46647058823529414],"Energy":{"Mean":1.7371689837273367,"Sigma":0.44015147178322067,"Taucorr":0.24291023713453264},"EnergyVariance":{"Mean":23.963437238390675,"Sigma":2.7741853725988896,"Taucorr":0.07273657170428682},"Iteration":52},
{"Acceptance":[0.46294117647058824],"Energy":{"Mean":0.7450177264765374,"Sigma":0.4706100185338555,"Taucorr":0.3005444431577068},"EnergyVariance":{"Mean":25.266477009056786,"Sigma":2.627205266576416,"Taucorr":-0.040910153121539616},"Iteration":53},
{"Acceptance":[0.4573529411764706],"Energy":{"Mean":1.0950351794965092,"Sigma":0.33989901745021744,"Taucorr":0.05487106949033005},"EnergyVariance":{"Mean":20.881322664132238,"Sigma":2.4153629330764486,"Taucorr":-0.05126174335751693},"Iteration":54},
{"Acceptance":[0.44588235294117645],"Energy":{"Mean":1.4979931108319573,"Sigma":0.47820999901424793,"Taucorr":0.22090326638089153},"EnergyVariance":{"Mean":28.16289020810442,"Sigma":2.9769656283503547,"Taucorr":0.10113911023853328},"Iteration":55},
{"Acceptance":[0.42705882352941177],"Energy":{"Mean":-0.586813908185955,"Sigma":0.4645338394309321,"Taucorr":0.18810627364290733},"EnergyVariance":{"Mean":27.277581192707153,"Sigma":3.7348735088596814,"Taucorr":-0.07463630520502773},"Iteration":56},
{"Acceptance":[0.45029411764705884],"Energy":{"Mean":0.8716765365499339,"Sigma":0.3923886567906211,"Taucorr":0.10285175610149899},"EnergyVariance":{"Mean":21.51934807155099,"Sigma":2.13142188106904,"Taucorr":-0.07941132939339807},"Iteration":57},
{"Acceptance":[0.4514705882352941],"Energy":{"Mean":0.42671553076780466,"Sigma":0.5076265372304533,"Taucorr":0.35312984876673714},"EnergyVariance":{"Mean":36.88602311241698,"Sigma":4.522790601280385,"Taucorr":-0.023134705349494744},"Iteration":58},
{"Acceptance":[0.42176470588235293],"Energy":{"Mean":0.06341690488859172,"Sigma":0.5385597166948642,"Taucorr":0.4832242993731912},"EnergyVariance":{"Mean":27.101426428687827,"Sigma":3.1924119502499555,"Taucorr":0.049015791519306795},"Iteration":59},
{"Acceptance":[0.42764705882352944],"Energy":{"Mean":-0.8138007526115806,"Sigma":0.42580818040075386,"Taucorr":0.23898055771448368},"EnergyVariance":{"Mean":29.82699844307716,"Sigma":3.8453539235139926,"Taucorr":0.05744553866955715},"Iteration":60},
{"Acceptance":[0.40941176470588236],"Energy":{"Mean":-0.4391870568951267,"Sigma":0.5146928773682439,"Taucorr":0.41720071623056443},"EnergyVariance":{"Mean":37.72973887931016,"Sigma":5.793810963083215,"Taucorr":-0.03143898615848012},"Iteration":61},
{"Acceptance":[0.4097058823529412],"Energy":{"Mean":-0.8750271669922803,"Sigma":0.46761527085150795,"Taucorr":0.31125054900539206},"EnergyVariance":{"Mean":29.19165051859894,"Sigma":4.279037755866106,"Taucorr":0.09121278553465828},"Iteration":62},
{"Acceptance":[0.41705882352941176],"Energy":{"Mean":-2.5475227334156556,"Sigma":0.4427611742381399,"Taucorr":0.6323538133791149},"EnergyVariance":{"Mean":23.876995819931434,"Sigma":3.1940816833543013,"Taucorr":0.13171366410359986},"Iteration":63},
{"Acceptance":[0.38382352941176473],"Energy":{"Mean":-1.418774765881935,"Sigma":0.42958290522937054,"Taucorr":0.2836520680640249},"EnergyVariance":{"Mean":25.799260219410122,"Sigma":4.37436594648683,"Taucorr":0.22578074265124626},"Iteration":64},
{"Acceptance":[0.3835294117647059],"Energy":{"Mean":-1.6144480315794683,"Sigma":0.4938945317899543,"Taucorr":0.40325151387164104},"EnergyVariance":{"Mean":28.501764779328617,"Sigma":3.896125440383055,"Taucorr":0.15005970847453443},"Iteration":65},
{"Acceptance":[0.38529411764705884],"Energy":{"Mean":-1.9019582592242206,"Sigma":0.3500475049212863,"Taucorr":0.22766685984221968},"EnergyVariance":{"Mean":22.984168409217396,"Sigma":2.924646508769319,"Taucorr":-0.0534035376315532},"Iteration":66},
{"Acceptance":[0.3820588235294118],"Energy":{"Mean":-2.268654683779253,"Sigma":0.3472022143040774,"Taucorr":-0.02807937338109029},"EnergyVariance":{"Mean":30.254711926471057,"Sigma":4.118434160664752,"Taucorr":0.312186883694651},"Iteration":67},
{"Acceptance":[0.3561764705882353],"Energy":{"Mean":-3.58164825753967,"Sigma":0.5011225808022104,"Taucorr":0.48748001734834956},"EnergyVariance":{"Mean":26.73994718549257,"Sigma":6.425107883403662,"Taucorr":0.24414745612088562},"Iteration":68},
{"Acceptance":[0.3726470588235294],"Energy":{"Mean":-2.6421126625802236,"Sigma":0.4581340736786962,"Taucorr":0.35696051947853447},"EnergyVariance":{"Mean":27.812933265693786,"Sigma":2.9997483662825615,"Taucorr":0.06570261908502217},"Iteration":69},
{"Acceptance":[0.36058823529411765],"Energy":{"Mean":-4.011070807469854,"Sigma":0.4489124546358849,"Taucorr":0.3429402199310355},"EnergyVariance":{"Mean":30.25939623088419,"Sigma":4.661981270516574,"Taucorr":0.0926743295473792},"Iteration":70},
{"Acceptance":[0.36058823529411765],"Energy":{"Mean":-3.382467973288737,"Sigma":0.46405075086369885,"Taucorr":0.44446553837978264},"EnergyVariance":{"Mean":24.475770427782766,"Sigma":3.4644632255000736,"Taucorr":0.3700053429956486},"Iteration":71},
{"Acceptance":[0.3652941176470588],"Energy":{"Mean":-3.6366765151275975,"Sigma":0.4306264877225466,"Taucorr":0.24820117893661575},"EnergyVariance":{"Mean":26.06858370161062,"Sigma":3.3063854566487327,"Taucorr":0.10561683420871637},"Iteration":72},
{"Acceptance":[0.35],"Energy":{"Mean":-3.6228815340713396,"Sigma":0.5131817055854256,"Taucorr":0.5202990447484266},"EnergyVariance":{"Mean":24.368877740636744,"Sigma":3.3803891919197517,"Taucorr":0.19018381163363918},"Iteration":73},
{"Acceptance":[0.34147058823529414],"Energy":{"Mean":-4.965024899772407,"Sigma":0.4092954709399233,"Taucorr":0.20846178976440632},"EnergyVariance":{"Mean":27.153907910730823,"Sigma":5.24557180437682,"Taucorr":0.2849641164586021},"Iteration":74},
{"Acceptance":[0.3452941176470588],"Energy":{"Mean":-4.235135258105322,"Sigma":0.591208280666184,"Taucorr":0.5574884953128605},"EnergyVariance":{"Mean":27.195629728546443,"Sigma":3.832401866955906,"Taucorr":0.18372480189537144},"Iteration":75},
{"Acceptance":[0.35323529411764704],"Energy":{"Mean":-4.285793276275552,"Sigma":0.43788951877411514,"Taucorr":0.2045270868955923},"EnergyVariance":{"Mean":30.422867896674543,"Sigma":4.917911532264747,"Taucorr":0.2472712973996074},"Iteration":76},
{"Acceptance":[0.3411764705882353],"Energy":{"Mean":-4.956988195842107,"Sigma":0.2704291413634899,"Taucorr":-0.08923702128573074},"EnergyVariance":{"Mean":21.96630056558724,"Sigma":3.2913628790699767,"Taucorr":0.318942176119103},"Iteration":77},
{"Acceptance":[0.33176470588235296],"Energy":{"Mean":-5.950693745845216,"Sigma":0.4325170946706444,"Taucorr":0.3447767239274554},"EnergyVariance":{"Mean":26.527109569659636,"Sigma":4.475225295731521,"Taucorr":0.3333313414634572},"Iteration":78},
{"Acceptance":[0.3173529411764706],"Energy":{"Mean":-5.587549434076006,"Sigma":0.4354570947261985,"Taucorr":0.15684940501550826},"EnergyVariance":{"Mean":38.25434866012689,"Sigma":5.887810771692107,"Taucorr":0.11270304901818873},"Iteration":79},
{"Acceptance":[0.3176470588235294],"Energy":{"Mean":-5.9466254948037776,"Sigma":0.4625915966521323,"Taucorr":0.48346871206638886},"EnergyVariance":{"Mean":22.462559222255443,"Sigma":3.1315636368298536,"Taucorr":0.12382524984621845},"Iteration":80},
{"Acceptance":[0.31323529411764706],"Energy":{"Mean":-5.706977403495697,"Sigma":0.2601337448998886,"Taucorr":-0.11129026728639196},"EnergyVariance":{"Mean":32.26444934471282,"Sigma":6.459679375739012,"Taucorr":0.23136061898131766},"Iteration":81},
{"Acceptance":[0.32794117647058824],"Energy":{"Mean":-5.396105734925151,"Sigma":0.3687710869952602,"Taucorr":0.09869499953622796},"EnergyVariance":{"Mean":25.095900741901964,"Sigma":3.358157207382825,"Taucorr":-0.009043182115568094},"Iteration":82},
{"Acceptance":[0.30470588235294116],"Energy":{"Mean":-6.819015022712796,"Sigma":0.39684487069727725,"Taucorr":0.4054168977944743},"EnergyVariance":{"Mean":27.48880486647387,"Sigma":3.725773352231647,"Taucorr":0.09252477060329667},"Iteration":83},
{"Acceptance":[0.3123529411764706],"Energy":{"Mean":-6.419404697409136,"Sigma":0.5024929752916002,"Taucorr":0.4422710867816487},"EnergyVariance":{"Mean":29.502618661481083,"Sigma":4.553076567249507,"Taucorr":0.11643359120484409},"Iteration":84},
{"Acceptance":[0.29911764705882354],"Energy":{"Mean":-6.5011569843827965,"Sigma":0.43840709780239245,"Taucorr":0.43127634390347025},"EnergyVariance":{"Mean":27.014136053697047,"Sigma":4.379002660503381,"Taucorr":0.05797988042347557},"Iteration":85},
{"Acceptance":[0.3044117647058823],"Energy":{"Mean":-7.062641466310884,"Sigma":0.4062557728872125,"Taucorr":0.4804751581563299},"EnergyVariance":{"Mean":24.664074005600977,"Sigma":2.907339904113155,"Taucorr":0.13041267540562884},"Iteration":86},
{"Acceptance":[0.2911764705882353],"Energy":{"Mean":-7.8374797095303625,"Sigma":0.2648571521017899,"Taucorr":0.06827755199729946},"EnergyVariance":{"Mean":28.368387748725645,"Sigma":5.55343248983219,"Taucorr":-0.09176412917033266},"Iteration":87},
{"Acceptance":[0.2661764705882353],"Energy":{"Mean":-7.7122605757874965,"Sigma":0.34900914483483697,"Taucorr":0.013732742396815434},"EnergyVariance":{"Mean":20.509015451679883,"Sigma":2.567627997409274,"Taucorr":0.01619673134434718},"Iteration":88},
{"Acceptance":[0.3044117647058823],"Energy":{"Mean":-7.121040149311439,"Sigma":0.4372585843741441,"Taucorr":0.41632292742116694},"EnergyVariance":{"Mean":25.948231766830077,"Sigma":2.558337308842316,"Taucorr":-0.10321484505013051},"Iteration":89},
{"Acceptance":[0.28441176470588236],"Energy":{"Mean":-7.735691402186158,"Sigma":0.5329187653615829,"Taucorr":0.4438064881794914},"EnergyVariance":{"Mean":26.83428474916047,"Sigma":4.92504947383052,"Taucorr":0.5319758422296617},"Iteration":90},
{"Acceptance":[0.2908823529411765],"Energy":{"Mean":-7.2517999166907146,"Sigma":0.35970363918698417,"Taucorr":0.2838869179637771},"EnergyVariance":{"Mean":26.96478251754924,"Sigma":4.52954437563325,"Taucorr":0.13201575555945466},"Iteration":91},
{"Acceptance":[0.3038235294117647],"Energy":{"Mean":-7.923135670052369,"Sigma":0.4004883669786982,"Taucorr":0.2810948790637725},"EnergyVariance":{"Mean":23.691734116836606,"Sigma":3.0946074106334636,"Taucorr":0.03364692991480511},"Iteration":92},
{"Acceptance":[0.30911764705882355],"Energy":{"Mean":-7.542627921529341,"Sigma":0.4144232892965324,"Taucorr":0.055930448692384394},"EnergyVariance":{"Mean":27.66977464617705,"Sigma":3.7679662271763035,"Taucorr":-0.021488696437705068},"Iteration":93},
{"Acceptance":[0.28705882352941176],"Energy":{"Mean":-8.325973077351835,"Sigma":0.3500654405786624,"Taucorr":0.2079537804521462},"EnergyVariance":{"Mean":20.76198162632431,"Sigma":3.6253190497688066,"Taucorr":0.23033552879807007},"Iteration":94},
{"Acceptance":[0.2773529411764706],"Energy":{"Mean":-8.833642606692353,"Sigma":0.4138323950586386,"Taucorr":0.46302221358647033},"EnergyVariance":{"Mean":22.383988148437798,"Sigma":4.37746365694844,"Taucorr":0.5440500926866996},"Iteration":95},
{"Acceptance":[0.27205882352941174],"Energy":{"Mean":-9.36525683666298,"Sigma":0.4652010328517945,"Taucorr":0.5499745165413887},"EnergyVariance":{"Mean":20.894901686747673,"Sigma":4.599629403214208,"Taucorr":0.5847890683841179},"Iteration":96},
{"Acceptance":[0.2697058823529412],"Energy":{"Mean":-8.98583647798132,"Sigma":0.48440455561101115,"Taucorr":0.4375342404843898},"EnergyVariance":{"Mean":25.46997177143272,"Sigma":4.8121603803462705,"Taucorr":0.2616854368242164},"Iteration":97},
{"Acceptance":[0.2823529411764706],"Energy":{"Mean":-8.591686345974214,"Sigma":0.36635293227770976,"Taucorr":0.12857718716669264},"EnergyVariance":{"Mean":17.655056599655758,"Sigma":3.4482301723909616,"Taucorr":0.2782962244361925},"Iteration":98},
{"Acceptance":[0.24029411764705882],"Energy":{"Mean":-9.321217006764822,"Sigma":0.34422306524834045,"Taucorr":0.34538920671414697},"EnergyVariance":{"Mean":19.9399096498445,"Sigma":4.087629150950107,"Taucorr":0.2882166894561692},"Iteration":99} 
]}
{"input": {"L": 16, "J": 1, "machine": {"type": "FFNN", "model": ["tanh", 10, 1]}, "sampler": {"type": "MetropolisHop", "d_max": 5}, "optimizer": {"type": "AdaMax", "alpha": 0.001, "beta1": 0.9, "beta2": 0.999, "epscut": 1e-07}, "VMC": {"n_samples": 100, "discarded_samples": 100, "discarded_samples_on_init": 0, "target": "energy", "method": "Gd", "diag_shift": 0.01, "use_iterative": true, "use_cholesky": true}, "n_iter": 100}}
duration: -0.2706339359283447