{"Output": [
{"Acceptance":[0.8820588235294118],"Energy":{"Mean":13.694216011712546,"Sigma":0.338097551108953,"Taucorr":0.30994015978400025},"EnergyVariance":{"Mean":7.2792459288315445,"Sigma":0.7647857590851931,"Taucorr":-0.22571383666647793},"Iteration":0},
{"Acceptance":[0.8482352941176471],"Energy":{"Mean":13.331823657513745,"Sigma":0.2655098438609655,"Taucorr":0.015685821156289803},"EnergyVariance":{"Mean":7.771904404520085,"Sigma":0.8809806921639028,"Taucorr":-0.11837041616712346},"Iteration":1},
{"Acceptance":[0.8232352941176471],"Energy":{"Mean":12.846082740324336,"Sigma":0.2887979609969103,"Taucorr":0.0014040632108264228},"EnergyVariance":{"Mean":9.54193465954908,"Sigma":0.8559424368079206,"Taucorr":-0.18727753366099192},"Iteration":2},
{"Acceptance":[0.795],"Energy":{"Mean":12.524719479305245,"Sigma":0.2953332159790631,"Taucorr":-0.060453123748600124},"EnergyVariance":{"Mean":11.816237303514665,"Sigma":1.2483456992472775,"Taucorr":-0.13991334625363094},"Iteration":3},
{"Acceptance":[0.7847058823529411],"Energy":{"Mean":12.279771293918115,"Sigma":0.38699718972504626,"Taucorr":0.20906802421219883},"EnergyVariance":{"Mean":14.206199645436124,"Sigma":1.6605481243827265,"Taucorr":-0.053013009159945224},"Iteration":4},
{"Acceptance":[0.7623529411764706],"Energy":{"Mean":11.106867724142164,"Sigma":0.4047816953607619,"Taucorr":0.17336503759593724},"EnergyVariance":{"Mean":15.29720172208179,"Sigma":1.9072502606335602,"Taucorr":0.0634561362981052},"Iteration":5},
{"Acceptance":[0.7038235294117647],"Energy":{"Mean":10.824974333280982,"Sigma":0.412872752040883,"Taucorr":0.16629096629529672},"EnergyVariance":{"Mean":16.923787253033,"Sigma":2.208890903223708,"Taucorr":0.10462327228024049},"Iteration":6},
{"Acceptance":[0.7041176470588235],"Energy":{"Mean":10.808019472519277,"Sigma":0.2949385514722406,"Taucorr":-0.10179145261293715},"EnergyVariance":{"Mean":16.331048509033934,"Sigma":2.058638410353972,"Taucorr":0.13878001510251814},"Iteration":7},
{"Acceptance":[0.673235294117647],"Energy":{"Mean":9.664193490317317,"Sigma":0.47873206755194087,"Taucorr":0.377327543699301},"EnergyVariance":{"Mean":18.668644651828615,"Sigma":2.803695379079711,"Taucorr":0.36753293811286514},"Iteration":8},
{"Acceptance":[0.633235294117647],"Energy":{"Mean":8.311761708548236,"Sigma":0.4189643975856565,"Taucorr":0.22328373158266912},"EnergyVariance":{"Mean":17.199047633895592,"Sigma":1.33642811767492,"Taucorr":-0.2230610634991227},"Iteration":9},
{"Acceptance":[0.635],"Energy":{"Mean":8.713625951275107,"Sigma":0.40343855272287604,"Taucorr":0.2735693383771268},"EnergyVariance":{"Mean":18.58230190966453,"Sigma":2.0182689370737963,"Taucorr":0.06848436852669171},"Iteration":10},
{"Acceptance":[0.5982352941176471],"Energy":{"Mean":7.680606800445329,"Sigma":0.4068562863475184,"Taucorr":0.13537895027914149},"EnergyVariance":{"Mean":19.59736685626448,"Sigma":1.7310134685693388,"Taucorr":-0.08758257273215936},"Iteration":11},
{"Acceptance":[0.5723529411764706],"Energy":{"Mean":7.243451298018516,"Sigma":0.3781964402855228,"Taucorr":0.1705253478762071},"EnergyVariance":{"Mean":21.539590490687395,"Sigma":1.7806937189471927,"Taucorr":-0.18926455000226106},"Iteration":12},
{"Acceptance":[0.5555882352941176],"Energy":{"Mean":6.309573190749105,"Sigma":0.3821706971153672,"Taucorr":0.09515336607347713},"EnergyVariance":{"Mean":20.565707645060606,"Sigma":1.9527456666395664,"Taucorr":-0.0018557453394364432},"Iteration":13},
{"Acceptance":[0.553235294117647],"Energy":{"Mean":5.873143019192134,"Sigma":0.58735305023484,"Taucorr":0.4847025437788125},"EnergyVariance":{"Mean":26.079462374888603,"Sigma":3.5563721368581596,"Taucorr":0.047599571959222486},"Iteration":14},
{"Acceptance":[0.5341176470588235],"Energy":{"Mean":5.432958760143714,"Sigma":0.41531619458546415,"Taucorr":0.3607262732379607},"EnergyVariance":{"Mean":25.43183601522231,"Sigma":2.3357851064910267,"Taucorr":-0.045781287136756554},"Iteration":15},
{"Acceptance":[0.5055882352941177],"Energy":{"Mean":4.1981441256407255,"Sigma":0.488159349534308,"Taucorr":0.3496832885226524},"EnergyVariance":{"Mean":24.26655076871992,"Sigma":2.7815196900296457,"Taucorr":-0.013477344073609454},"Iteration":16},
{"Acceptance":[0.4852941176470588],"Energy":{"Mean":2.9906904115938526,"Sigma":0.4732426913551781,"Taucorr":0.2804820440993694},"EnergyVariance":{"Mean":23.05354215218713,"Sigma":2.5215415332549282,"Taucorr":0.02031713402872959},"Iteration":17},
{"Acceptance":[0.46558823529411764],"Energy":{"Mean":2.821160156766861,"Sigma":0.44696167731798186,"Taucorr":0.22344723996881388},"EnergyVariance":{"Mean":26.803138118797246,"Sigma":3.151584217810672,"Taucorr":0.06881788989943105},"Iteration":18},
{"Acceptance":[0.46088235294117647],"Energy":{"Mean":2.155144390291011,"Sigma":0.6108669285211308,"Taucorr":0.6438275090948562},"EnergyVariance":{"Mean":33.48322711101278,"Sigma":4.550660416245664,"Taucorr":0.3428353718543933},"Iteration":19},
{"Acceptance":[0.43470588235294116],"Energy":{"Mean":1.2957967878631416,"Sigma":0.513204843253039,"Taucorr":0.3921321888999695},"EnergyVariance":{"Mean":32.83231655562505,"Sigma":3.177974163693109,"Taucorr":-0.12092998595434745},"Iteration":20},
{"Acceptance":[0.42],"Energy":{"Mean":0.3293785285813931,"Sigma":0.5531495372857586,"Taucorr":0.5063020569407533},"EnergyVariance":{"Mean":28.854619357738528,"Sigma":4.136314260888831,"Taucorr":-0.0405920202790343},"Iteration":21},
{"Acceptance":[0.39794117647058824],"Energy":{"Mean":-0.506019021286429,"Sigma":0.47717602396844333,"Taucorr":0.44535897582724293},"EnergyVariance":{"Mean":30.93964162017592,"Sigma":5.637464977610402,"Taucorr":0.5143778898564244},"Iteration":22},
{"Acceptance":[0.3573529411764706],"Energy":{"Mean":-1.4161444676528976,"Sigma":0.3607600633474639,"Taucorr":0.0040888258935901645},"EnergyVariance":{"Mean":31.886024241869528,"Sigma":5.04653520295496,"Taucorr":0.5006615145869819},"Iteration":23},
{"Acceptance":[0.34823529411764703],"Energy":{"Mean":-2.44385785423907,"Sigma":0.5035220547584979,"Taucorr":0.560946573919807},"EnergyVariance":{"Mean":22.34636428938214,"Sigma":2.745926162391097,"Taucorr":0.3776681258911977},"Iteration":24},
{"Acceptance":[0.35411764705882354],"Energy":{"Mean":-3.397075791752574,"Sigma":0.5026319027721518,"Taucorr":0.32012092601444975},"EnergyVariance":{"Mean":23.665154059100207,"Sigma":2.512720983753716,"Taucorr":0.007982908487861096},"Iteration":25},
{"Acceptance":[0.33705882352941174],"Energy":{"Mean":-2.9641336600480233,"Sigma":0.4536550662379885,"Taucorr":0.1911893521035165},"EnergyVariance":{"Mean":30.070998123227305,"Sigma":3.3562718026907676,"Taucorr":0.030376193818455688},"Iteration":26},
{"Acceptance":[0.32588235294117646],"Energy":{"Mean":-3.6225329570546894,"Sigma":0.5104967785342961,"Taucorr":0.39225352631167765},"EnergyVariance":{"Mean":30.71351269366495,"Sigma":3.8913899552409665,"Taucorr":-0.02018593627650539},"Iteration":27},
{"Acceptance":[0.3058823529411765],"Energy":{"Mean":-4.300729439281474,"Sigma":0.49500704382187066,"Taucorr":0.433397841017254},"EnergyVariance":{"Mean":27.522748912720193,"Sigma":3.8349341660144507,"Taucorr":0.14187548783293513},"Iteration":28},
{"Acceptance":[0.29058823529411765],"Energy":{"Mean":-4.843378854327106,"Sigma":0.5120258793828747,"Taucorr":0.5663692747937965},"EnergyVariance":{"Mean":25.99181085477388,"Sigma":3.209821597866781,"Taucorr":0.07646090079757994},"Iteration":29},
{"Acceptance":[0.30617647058823527],"Energy":{"Mean":-4.969549758598239,"Sigma":0.4928009178714882,"Taucorr":0.5517127319576751},"EnergyVariance":{"Mean":29.381782311584207,"Sigma":3.2223797961976293,"Taucorr":-0.10339809223560481},"Iteration":30},
{"Acceptance":[0.2914705882352941],"Energy":{"Mean":-4.972150342919527,"Sigma":0.5348261560953419,"Taucorr":0.38444570238302134},"EnergyVariance":{"Mean":35.337702489877344,"Sigma":5.357939847343515,"Taucorr":0.0509578098563086},"Iteration":31},
{"Acceptance":[0.2867647058823529],"Energy":{"Mean":-6.632022037109347,"Sigma":0.3662989345942668,"Taucorr":0.16524053773486902},"EnergyVariance":{"Mean":26.976473669534432,"Sigma":5.869075942422201,"Taucorr":0.5772727883964639},"Iteration":32},
{"Acceptance":[0.2685294117647059],"Energy":{"Mean":-6.381377012446997,"Sigma":0.5725817060489359,"Taucorr":0.6691665180765132},"EnergyVariance":{"Mean":24.819048483871065,"Sigma":3.0335153258104146,"Taucorr":0.03153745944893138},"Iteration":33},
{"Acceptance":[0.2752941176470588],"Energy":{"Mean":-6.978208665580885,"Sigma":0.45521897364002606,"Taucorr":0.24133402552938021},"EnergyVariance":{"Mean":29.599423259989898,"Sigma":5.309712873401443,"Taucorr":0.198609452691916},"Iteration":34},
{"Acceptance":[0.25794117647058823],"Energy":{"Mean":-8.45329916429519,"Sigma":0.3305339072111438,"Taucorr":0.31111763260973546},"EnergyVariance":{"Mean":14.56597838491192,"Sigma":2.143412616098447,"Taucorr":0.018076749809766146},"Iteration":35},
{"Acceptance":[0.2514705882352941],"Energy":{"Mean":-8.146393116006202,"Sigma":0.4061517279999403,"Taucorr":0.4847119943480108},"EnergyVariance":{"Mean":21.327026695330503,"Sigma":2.7969169188390848,"Taucorr":-0.027367315523987912},"Iteration":36},
{"Acceptance":[0.24382352941176472],"Energy":{"Mean":-9.509269843339665,"Sigma":0.2947338399624172,"Taucorr":0.1542043076860592},"EnergyVariance":{"Mean":17.0423237871084,"Sigma":3.603818919900613,"Taucorr":0.2953015482574297},"Iteration":37},
{"Acceptance":[0.23323529411764707],"Energy":{"Mean":-8.626104848858228,"Sigma":0.5376638990575785,"Taucorr":0.45263409871487204},"EnergyVariance":{"Mean":29.912589103932635,"Sigma":6.415685923614119,"Taucorr":0.06375528282985676},"Iteration":38},
{"Acceptance":[0.22617647058823528],"Energy":{"Mean":-9.477078145322201,"Sigma":0.43237981956156607,"Taucorr":0.5677342206924045},"EnergyVariance":{"Mean":20.35329729143698,"Sigma":6.144923237929174,"Taucorr":0.656031180921204},"Iteration":39},
{"Acceptance":[0.24323529411764705],"Energy":{"Mean":-9.693692200095056,"Sigma":0.434460954781417,"Taucorr":0.20358633202790866},"EnergyVariance":{"Mean":27.370735460023553,"Sigma":4.789360589522835,"Taucorr":0.30385003781577957},"Iteration":40},
{"Acceptance":[0.235],"Energy":{"Mean":-9.561272282934311,"Sigma":0.4871358898135882,"Taucorr":0.4225316770883394},"EnergyVariance":{"Mean":26.9118861749326,"Sigma":8.463892271873458,"Taucorr":0.4962044151136772},"Iteration":41},
{"Acceptance":[0.19617647058823529],"Energy":{"Mean":-10.758087193109713,"Sigma":0.4785737683821869,"Taucorr":0.5301331921655701},"EnergyVariance":{"Mean":20.327865817575734,"Sigma":2.797567444980099,"Taucorr":0.008421721811231353},"Iteration":42},
{"Acceptance":[0.195],"Energy":{"Mean":-10.260449280540442,"Sigma":0.39522006589302744,"Taucorr":0.24879060650170615},"EnergyVariance":{"Mean":17.51262437374755,"Sigma":2.769471211342213,"Taucorr":0.001093811069913908},"Iteration":43},
{"Acceptance":[0.21205882352941177],"Energy":{"Mean":-9.752461973632236,"Sigma":0.5206289544416735,"Taucorr":0.2012662338645025},"EnergyVariance":{"Mean":33.59113460637666,"Sigma":6.777953287970825,"Taucorr":0.3038215682511499},"Iteration":44},
{"Acceptance":[0.17647058823529413],"Energy":{"Mean":-11.601934012867929,"Sigma":0.4591137681285663,"Taucorr":0.4091393879838394},"EnergyVariance":{"Mean":26.244952924636316,"Sigma":5.218324323007563,"Taucorr":0.6024503572777924},"Iteration":45},
{"Acceptance":[0.19911764705882354],"Energy":{"Mean":-10.226026987014956,"Sigma":0.33194630151693866,"Taucorr":0.3914753539035264},"EnergyVariance":{"Mean":16.66212544721162,"Sigma":3.724684473192798,"Taucorr":0.4020486513455591},"Iteration":46},
{"Acceptance":[0.20529411764705882],"Energy":{"Mean":-11.156664421387726,"Sigma":0.3726457514108941,"Taucorr":0.028700355887035234},"EnergyVariance":{"Mean":26.096904099474326,"Sigma":5.120402330932605,"Taucorr":0.22392931217998613},"Iteration":47},
{"Acceptance":[0.20147058823529412],"Energy":{"Mean":-11.440381369292211,"Sigma":0.310438458538326,"Taucorr":0.08474234872507191},"EnergyVariance":{"Mean":12.818194586143173,"Sigma":1.74848368033963,"Taucorr":0.011145557308677279},"Iteration":48},
{"Acceptance":[0.19147058823529411],"Energy":{"Mean":-10.295973906894647,"Sigma":0.5188371509135353,"Taucorr":0.2269164349047349},"EnergyVariance":{"Mean":23.302499081589005,"Sigma":4.933165620423185,"Taucorr":0.09493426456475473},"Iteration":49},
{"Acceptance":[0.19441176470588234],"Energy":{"Mean":-12.573075805336504,"Sigma":0.3747063993721862,"Taucorr":0.3764454075226701},"EnergyVariance":{"Mean":13.261122680124451,"Sigma":2.5884376815665138,"Taucorr":0.07172118794240678},"Iteration":50},
{"Acceptance":[0.19852941176470587],"Energy":{"Mean":-11.648743302861721,"Sigma":0.4100891606778819,"Taucorr":0.28268224611111425},"EnergyVariance":{"Mean":20.525294570620467,"Sigma":4.883211264036858,"Taucorr":0.4905243644135894},"Iteration":51},
{"Acceptance":[0.21382352941176472],"Energy":{"Mean":-11.67190712773087,"Sigma":0.4284525058473736,"Taucorr":0.2366863279045378},"EnergyVariance":{"Mean":19.333654540194388,"Sigma":5.2727748926900055,"Taucorr":0.5205227594647199},"Iteration":52},
{"Acceptance":[0.19617647058823529],"Energy":{"Mean":-12.615926023997439,"Sigma":0.4087447472128441,"Taucorr":0.2811484462556837},"EnergyVariance":{"Mean":17.61002203167625,"Sigma":3.2749811028323768,"Taucorr":-0.03374941098914103},"Iteration":53},
{"Acceptance":[0.2111764705882353],"Energy":{"Mean":-11.698602973563332,"Sigma":0.403764464816421,"Taucorr":0.09293128973181675},"EnergyVariance":{"Mean":15.273476815296643,"Sigma":2.982157366514066,"Taucorr":-0.042947477598806794},"Iteration":54},
{"Acceptance":[0.18588235294117647],"Energy":{"Mean":-12.666324617395693,"Sigma":0.4471381418926088,"Taucorr":0.26963178795363874},"EnergyVariance":{"Mean":29.534173351446707,"Sigma":7.7776387502624855,"Taucorr":0.3510419826965252},"Iteration":55},
{"Acceptance":[0.18235294117647058],"Energy":{"Mean":-12.460866452171105,"Sigma":0.5560921483185963,"Taucorr":0.34117500467606443},"EnergyVariance":{"Mean":26.358711554955967,"Sigma":8.502829877678169,"Taucorr":0.3502968383942331},"Iteration":56},
{"Acceptance":[0.18],"Energy":{"Mean":-12.319026120374733,"Sigma":0.39551159263735414,"Taucorr":0.15775600696700964},"EnergyVariance":{"Mean":14.331790871453544,"Sigma":4.215881615406758,"Taucorr":0.162231592404683},"Iteration":57},
{"Acceptance":[0.18294117647058825],"Energy":{"Mean":-12.85504124748653,"Sigma":0.5636630344569887,"Taucorr":0.6162268787115397},"EnergyVariance":{"Mean":19.651072310958188,"Sigma":4.693354021581678,"Taucorr":0.49837746025351737},"Iteration":58},
{"Acceptance":[0.19470588235294117],"Energy":{"Mean":-12.443618754120147,"Sigma":0.4445164935039379,"Taucorr":0.16976004625624397},"EnergyVariance":{"Mean":23.32605068986507,"Sigma":6.725038735911026,"Taucorr":0.3201645167338847},"Iteration":59},
{"Acceptance":[0.2011764705882353],"Energy":{"Mean":-14.518898258585562,"Sigma":0.4475818437329713,"Taucorr":0.14604310708983348},"EnergyVariance":{"Mean":27.054619042988346,"Sigma":7.442308501436113,"Taucorr":0.40435059874749957},"Iteration":60},
{"Acceptance":[0.18970588235294117],"Energy":{"Mean":-13.22708351740862,"Sigma":0.3819799435420599,"Taucorr":0.20922597096920625},"EnergyVariance":{"Mean":16.576963116623666,"Sigma":4.123227923992569,"Taucorr":0.04702976260648695},"Iteration":61},
{"Acceptance":[0.19117647058823528],"Energy":{"Mean":-13.867544161138614,"Sigma":0.3176970564378798,"Taucorr":-0.15434538415855947},"EnergyVariance":{"Mean":21.070906090972777,"Sigma":4.262476679310015,"Taucorr":0.044402017242319736},"Iteration":62},
{"Acceptance":[0.19617647058823529],"Energy":{"Mean":-13.118313697841286,"Sigma":0.40229379972273654,"Taucorr":0.1646891464809851},"EnergyVariance":{"Mean":23.84262738087936,"Sigma":9.483604960124083,"Taucorr":0.3550611627617166},"Iteration":63},
{"Acceptance":[0.17705882352941177],"Energy":{"Mean":-12.525394155681004,"Sigma":0.5217004932661207,"Taucorr":0.15549582948098994},"EnergyVariance":{"Mean":29.580221696649836,"Sigma":9.223992980702254,"Taucorr":0.4300108792524664},"Iteration":64},
{"Acceptance":[0.205],"Energy":{"Mean":-13.277671757190022,"Sigma":0.40846242005828537,"Taucorr":0.22108438672188635},"EnergyVariance":{"Mean":12.945880057176263,"Sigma":1.8461517562933398,"Taucorr":-0.17022577599853772},"Iteration":65},
{"Acceptance":[0.19117647058823528],"Energy":{"Mean":-13.03277489067613,"Sigma":0.43903198422900885,"Taucorr":0.3156750655679228},"EnergyVariance":{"Mean":15.153971988314508,"Sigma":2.9243005963041697,"Taucorr":-0.06218619675371512},"Iteration":66},
{"Acceptance":[0.1726470588235294],"Energy":{"Mean":-13.432270698323174,"Sigma":0.3051569958087394,"Taucorr":0.11302911341789679},"EnergyVariance":{"Mean":7.783000868063713,"Sigma":1.074489001436033,"Taucorr":-0.031162537811778468},"Iteration":67},
{"Acceptance":[0.18794117647058822],"Energy":{"Mean":-12.886622654584606,"Sigma":0.49357418229357025,"Taucorr":0.3123122923878072},"EnergyVariance":{"Mean":18.171232912292453,"Sigma":3.5569184384878128,"Taucorr":0.027231047776368422},"Iteration":68},
{"Acceptance":[0.1711764705882353],"Energy":{"Mean":-13.878818016157144,"Sigma":0.3658816073059207,"Taucorr":0.12676793906444184},"EnergyVariance":{"Mean":11.334341435901164,"Sigma":2.018788943592954,"Taucorr":-0.06694161922602021},"Iteration":69},
{"Acceptance":[0.18029411764705883],"Energy":{"Mean":-14.224802356655827,"Sigma":0.36388950877640514,"Taucorr":0.124742810928964},"EnergyVariance":{"Mean":11.86891221447964,"Sigma":2.501188850298298,"Taucorr":0.27789031070702486},"Iteration":70},
{"Acceptance":[0.19705882352941176],"Energy":{"Mean":-13.271963805563798,"Sigma":0.28986044540473843,"Taucorr":0.01284074731142637},"EnergyVariance":{"Mean":12.272539328376451,"Sigma":3.8665713439338347,"Taucorr":0.263633520466791},"Iteration":71},
{"Acceptance":[0.19205882352941175],"Energy":{"Mean":-13.05690219242284,"Sigma":0.42226681698172247,"Taucorr":0.3422797178363759},"EnergyVariance":{"Mean":17.793227028290676,"Sigma":5.18302601573264,"Taucorr":0.3161474867000348},"Iteration":72},
{"Acceptance":[0.18794117647058822],"Energy":{"Mean":-14.060291735403782,"Sigma":0.4736204812342428,"Taucorr":0.327222510472691},"EnergyVariance":{"Mean":14.434696106183857,"Sigma":2.8282372367381408,"Taucorr":0.21531528527180366},"Iteration":73},
{"Acceptance":[0.18705882352941178],"Energy":{"Mean":-13.843260819176097,"Sigma":0.39578244378121297,"Taucorr":0.32985361686734416},"EnergyVariance":{"Mean":16.506338887190783,"Sigma":4.569145196997207,"Taucorr":0.11723431285706709},"Iteration":74},
{"Acceptance":[0.19558823529411765],"Energy":{"Mean":-13.8954507896897,"Sigma":0.4362166177095899,"Taucorr":0.2395972141344388},"EnergyVariance":{"Mean":13.515361071519651,"Sigma":2.9935227507077293,"Taucorr":-0.039813157390466036},"Iteration":75},
{"Acceptance":[0.19205882352941175],"Energy":{"Mean":-14.397614111124293,"Sigma":0.4334616441545948,"Taucorr":0.20198912555788584},"EnergyVariance":{"Mean":16.163542314215626,"Sigma":3.866245244855034,"Taucorr":0.22713178659976585},"Iteration":76},
{"Acceptance":[0.18441176470588236],"Energy":{"Mean":-14.426368739361832,"Sigma":0.3390391336570112,"Taucorr":0.0529278602833646},"EnergyVariance":{"Mean":10.776015253789929,"Sigma":2.4804256475065936,"Taucorr":0.29032188999833386},"Iteration":77},
{"Acceptance":[0.20411764705882354],"Energy":{"Mean":-13.963453571957139,"Sigma":0.5239103860197092,"Taucorr":0.30308943812401523},"EnergyVariance":{"Mean":20.37949835581985,"Sigma":4.299762625111325,"Taucorr":0.16983215801966423},"Iteration":78},
{"Acceptance":[0.19705882352941176],"Energy":{"Mean":-14.990335193733527,"Sigma":0.5879114803205894,"Taucorr":0.2720614523049072},"EnergyVariance":{"Mean":24.497070349522012,"Sigma":7.4882767709018925,"Taucorr":0.01932774410169502},"Iteration":79},
{"Acceptance":[0.19264705882352942],"Energy":{"Mean":-13.783033631123798,"Sigma":0.6751089323170666,"Taucorr":0.4795645342171774},"EnergyVariance":{"Mean":27.147057763459845,"Sigma":7.179922902118059,"Taucorr":0.42875902864245796},"Iteration":80},
{"Acceptance":[0.1773529411764706],"Energy":{"Mean":-14.612962348779492,"Sigma":0.47300906209640076,"Taucorr":0.29348113602035},"EnergyVariance":{"Mean":16.035358634699428,"Sigma":3.7838798779222316,"Taucorr":0.10787667666804601},"Iteration":81},
{"Acceptance":[0.19088235294117648],"Energy":{"Mean":-14.460650755351752,"Sigma":0.47977386752677526,"Taucorr":0.1762628924209645},"EnergyVariance":{"Mean":17.117354122012966,"Sigma":3.084577913010487,"Taucorr":0.32352128671886327},"Iteration":82},
{"Acceptance":[0.1773529411764706],"Energy":{"Mean":-13.799231435787306,"Sigma":0.37100537024919483,"Taucorr":0.21448850503456152},"EnergyVariance":{"Mean":9.224765760674874,"Sigma":1.2483656415279811,"Taucorr":0.13927416607113996},"Iteration":83},
{"Acceptance":[0.2038235294117647],"Energy":{"Mean":-13.907780603689043,"Sigma":0.41583144209191414,"Taucorr":0.13912057962351498},"EnergyVariance":{"Mean":14.853694729509547,"Sigma":3.722125842403068,"Taucorr":0.26910826663739984},"Iteration":84},
{"Acceptance":[0.18323529411764705],"Energy":{"Mean":-14.725231861313524,"Sigma":0.5652303609025485,"Taucorr":0.48559164500431007},"EnergyVariance":{"Mean":16.84479600875552,"Sigma":6.276438600233936,"Taucorr":0.5335214616099091},"Iteration":85},
{"Acceptance":[0.18411764705882352],"Energy":{"Mean":-14.002570189553193,"Sigma":0.41889569485767086,"Taucorr":0.12742209357584633},"EnergyVariance":{"Mean":15.808910242153633,"Sigma":5.259672781605504,"Taucorr":0.589833690394326},"Iteration":86},
{"Acceptance":[0.18764705882352942],"Energy":{"Mean":-15.142390023483122,"Sigma":0.32907769761721345,"Taucorr":-0.03898109381606818},"EnergyVariance":{"Mean":11.92888143209608,"Sigma":4.365211433662498,"Taucorr":0.38782007994864975},"Iteration":87},
{"Acceptance":[0.19676470588235295],"Energy":{"Mean":-14.691822118146261,"Sigma":0.5368822467043849,"Taucorr":0.3600811185227075},"EnergyVariance":{"Mean":27.442575045863528,"Sigma":10.220991999412421,"Taucorr":0.14256419635645767},"Iteration":88},
{"Acceptance":[0.1973529411764706],"Energy":{"Mean":-14.329794452734145,"Sigma":0.42653009207146664,"Taucorr":0.13199508490075396},"EnergyVariance":{"Mean":14.31690438324362,"Sigma":3.1976274711667942,"Taucorr":0.1783014217176454},"Iteration":89},
{"Acceptance":[0.17882352941176471],"Energy":{"Mean":-14.49549465098865,"Sigma":0.5632334844044946,"Taucorr":0.11962011788581517},"EnergyVariance":{"Mean":25.79432642681037,"Sigma":8.557152750391872,"Taucorr":0.0035329934475919478},"Iteration":90},
{"Acceptance":[0.19058823529411764],"Energy":{"Mean":-14.585629410597718,"Sigma":0.5231249304780412,"Taucorr":0.3691590089325044},"EnergyVariance":{"Mean":17.20545465777219,"Sigma":3.8452344298508274,"Taucorr":0.12898566945066492},"Iteration":91},
{"Acceptance":[0.19588235294117648],"Energy":{"Mean":-15.422178744999483,"Sigma":0.3711847006643118,"Taucorr":-0.04815274346380449},"EnergyVariance":{"Mean":22.433512194877345,"Sigma":6.798159245524091,"Taucorr":0.17751912724229446},"Iteration":92},
{"Acceptance":[0.1864705882352941],"Energy":{"Mean":-14.181707545099197,"Sigma":0.44866006651567963,"Taucorr":0.15903896586571642},"EnergyVariance":{"Mean":15.318045742674737,"Sigma":4.661006967433476,"Taucorr":-0.0031879382703920434},"Iteration":93},
{"Acceptance":[0.17676470588235293],"Energy":{"Mean":-15.280899992818396,"Sigma":0.4301588010149215,"Taucorr":0.13540384013770057},"EnergyVariance":{"Mean":14.466048844290599,"Sigma":2.740893636368927,"Taucorr":0.15451359890873673},"Iteration":94},
{"Acceptance":[0.18029411764705883],"Energy":{"Mean":-13.485045053501322,"Sigma":0.5128576144741973,"Taucorr":0.24489503445008853},"EnergyVariance":{"Mean":24.386158588730257,"Sigma":7.414123086937798,"Taucorr":-0.06058086246758232},"Iteration":95},
{"Acceptance":[0.19088235294117648],"Energy":{"Mean":-14.267802720949474,"Sigma":0.43212396610622555,"Taucorr":0.11460508974846839},"EnergyVariance":{"Mean":24.03677713010998,"Sigma":9.227386103286463,"Taucorr":0.5464229425908134},"Iteration":96},
{"Acceptance":[0.195],"Energy":{"Mean":-12.974325710647106,"Sigma":0.8857447706771022,"Taucorr":0.6591258006839262},"EnergyVariance":{"Mean":35.83386426449253,"Sigma":22.15604899476427,"Taucorr":0.8151014152299982},"Iteration":97},
{"Acceptance":[0.18088235294117647],"Energy":{"Mean":-14.482031796134436,"Sigma":0.28473399320302667,"Taucorr":-0.14133051099430316},"EnergyVariance":{"Mean":12.684183052635413,"Sigma":3.0967153576873603,"Taucorr":0.1989134261485993},"Iteration":98},
{"Acceptance":[0.18764705882352942],"Energy":{"Mean":-14.537826503107283,"Sigma":0.4002863398219911,"Taucorr":0.02756089603926304},"EnergyVariance":{"Mean":14.545991328387869,"Sigma":2.1985892605294217,"Taucorr":-0.10160829787017689},"Iteration":99} 
]}
{"input": {"L": 16, "J": 1, "machine": {"type": "FFNN", "model": ["tanh", 22, 1]}, "sampler": {"type": "MetropolisHop", "d_max": 5}, "optimizer": {"type": "AdaMax", "alpha": 0.001, "beta1": 0.9, "beta2": 0.999, "epscut": 1e-07}, "VMC": {"n_samples": 100, "discarded_samples": 100, "discarded_samples_on_init": 0, "target": "energy", "method": "Gd", "diag_shift": 0.01, "use_iterative": true, "use_cholesky": true}, "n_iter": 100}}
duration: -0.33391308784484863