{"Output": [
{"Acceptance":[0.8363636363636363],"Energy":{"Mean":8.729881623732188,"Sigma":0.21601113247600207,"Taucorr":-0.051264377876808376},"EnergyVariance":{"Mean":5.160631718779087,"Sigma":0.5771601103522634,"Taucorr":-0.13351419260345992},"Iteration":0},
{"Acceptance":[0.7],"Energy":{"Mean":7.511198670247649,"Sigma":0.2913536498019088,"Taucorr":0.07603896414311317},"EnergyVariance":{"Mean":7.790970099140626,"Sigma":0.9873746285423848,"Taucorr":-0.021657304475025896},"Iteration":1},
{"Acceptance":[0.6322727272727273],"Energy":{"Mean":6.385767413411846,"Sigma":0.3055923074805692,"Taucorr":0.12371970093068196},"EnergyVariance":{"Mean":8.621704052685073,"Sigma":0.7234663651324331,"Taucorr":-0.13131866234689432},"Iteration":2},
{"Acceptance":[0.5368181818181819],"Energy":{"Mean":4.911421147733486,"Sigma":0.39891563619256837,"Taucorr":0.25373751477492346},"EnergyVariance":{"Mean":12.206023929927621,"Sigma":1.4631302820098369,"Taucorr":0.1275123238912642},"Iteration":3},
{"Acceptance":[0.4622727272727273],"Energy":{"Mean":4.114509844483947,"Sigma":0.36986458108637266,"Taucorr":0.1954689595799376},"EnergyVariance":{"Mean":11.804393820624268,"Sigma":1.127225689805238,"Taucorr":-0.1162978640530466},"Iteration":4},
{"Acceptance":[0.44045454545454543],"Energy":{"Mean":3.13662333997826,"Sigma":0.40406348013068116,"Taucorr":0.40648965067258025},"EnergyVariance":{"Mean":12.41906954615607,"Sigma":1.6333516167475253,"Taucorr":0.053438474835503236},"Iteration":5},
{"Acceptance":[0.3740909090909091],"Energy":{"Mean":2.0950839742920513,"Sigma":0.4987481740639636,"Taucorr":0.4284312348291598},"EnergyVariance":{"Mean":18.066296159572477,"Sigma":2.0600422673543894,"Taucorr":-0.021512424136537978},"Iteration":6},
{"Acceptance":[0.3118181818181818],"Energy":{"Mean":0.12271836911099882,"Sigma":0.3947167215028128,"Taucorr":0.24247834594043272},"EnergyVariance":{"Mean":14.138763398427937,"Sigma":2.1068287263245438,"Taucorr":-0.11784195438721151},"Iteration":7},
{"Acceptance":[0.3140909090909091],"Energy":{"Mean":0.24858391293016124,"Sigma":0.3517505851916248,"Taucorr":0.322510940050208},"EnergyVariance":{"Mean":11.86074410424363,"Sigma":1.4719944428540732,"Taucorr":0.016982738353157334},"Iteration":8},
{"Acceptance":[0.2631818181818182],"Energy":{"Mean":-0.4353049142474595,"Sigma":0.3844686754079508,"Taucorr":0.30080116638262355},"EnergyVariance":{"Mean":14.196932175022624,"Sigma":1.8524416287025152,"Taucorr":0.12556960695225206},"Iteration":9},
{"Acceptance":[0.24772727272727274],"Energy":{"Mean":-2.1508898133593735,"Sigma":0.3646838029104586,"Taucorr":0.23762804359564182},"EnergyVariance":{"Mean":12.479639598137478,"Sigma":2.855266655153921,"Taucorr":0.1970416666264282},"Iteration":10},
{"Acceptance":[0.22],"Energy":{"Mean":-2.362034177234404,"Sigma":0.37726489321871337,"Taucorr":0.32066178489945274},"EnergyVariance":{"Mean":10.759376365408798,"Sigma":2.3458495285797287,"Taucorr":0.22468916860615074},"Iteration":11},
{"Acceptance":[0.22954545454545455],"Energy":{"Mean":-2.6891234122254613,"Sigma":0.4031028370049128,"Taucorr":0.13620574637261684},"EnergyVariance":{"Mean":15.454359784690388,"Sigma":2.875031810446111,"Taucorr":-0.017680021307375393},"Iteration":12},
{"Acceptance":[0.20272727272727273],"Energy":{"Mean":-3.970877341917999,"Sigma":0.26910819175765954,"Taucorr":0.3240960254915686},"EnergyVariance":{"Mean":10.078063387363837,"Sigma":2.764055986429398,"Taucorr":0.2859989893460535},"Iteration":13},
{"Acceptance":[0.17045454545454544],"Energy":{"Mean":-4.172848493256317,"Sigma":0.29624428946036035,"Taucorr":0.4175758776612942},"EnergyVariance":{"Mean":7.457445249511129,"Sigma":1.770503285948029,"Taucorr":0.1664723004544344},"Iteration":14},
{"Acceptance":[0.17636363636363636],"Energy":{"Mean":-4.0212517464387245,"Sigma":0.2812739012477965,"Taucorr":0.28703141558604595},"EnergyVariance":{"Mean":10.216046325699978,"Sigma":2.089173489534524,"Taucorr":0.07160414066373999},"Iteration":15},
{"Acceptance":[0.15],"Energy":{"Mean":-4.690963511422343,"Sigma":0.3173962055319518,"Taucorr":0.35329168712686587},"EnergyVariance":{"Mean":6.36305620897532,"Sigma":3.084628574569407,"Taucorr":0.49342044673089624},"Iteration":16},
{"Acceptance":[0.14136363636363636],"Energy":{"Mean":-5.183093152957815,"Sigma":0.25597986189937655,"Taucorr":0.6544991422420032},"EnergyVariance":{"Mean":3.149156125005768,"Sigma":0.5908596603780598,"Taucorr":0.6494112272177757},"Iteration":17},
{"Acceptance":[0.15863636363636363],"Energy":{"Mean":-5.226105857171907,"Sigma":0.2464521360196766,"Taucorr":0.22005721900308195},"EnergyVariance":{"Mean":7.128583494297654,"Sigma":1.6159491065129903,"Taucorr":-0.041136729662058946},"Iteration":18},
{"Acceptance":[0.145],"Energy":{"Mean":-5.56256590795105,"Sigma":0.27993149261031963,"Taucorr":0.099220819268512},"EnergyVariance":{"Mean":8.770735902461762,"Sigma":3.700767028662486,"Taucorr":0.06885734115705988},"Iteration":19},
{"Acceptance":[0.15409090909090908],"Energy":{"Mean":-5.781377530831006,"Sigma":0.3151194083145884,"Taucorr":0.3968822779768115},"EnergyVariance":{"Mean":11.545138110159423,"Sigma":3.2882690589673835,"Taucorr":-0.0073099474703277045},"Iteration":20},
{"Acceptance":[0.13818181818181818],"Energy":{"Mean":-5.820959732861286,"Sigma":0.21355197794499733,"Taucorr":0.21293600803995738},"EnergyVariance":{"Mean":6.150520404138258,"Sigma":2.3729468640322358,"Taucorr":0.17708204522501725},"Iteration":21},
{"Acceptance":[0.12954545454545455],"Energy":{"Mean":-5.777283746804476,"Sigma":0.38616942864517156,"Taucorr":0.3742818426714588},"EnergyVariance":{"Mean":10.016124002852411,"Sigma":5.104625017851623,"Taucorr":0.16401110065528213},"Iteration":22},
{"Acceptance":[0.13772727272727273],"Energy":{"Mean":-5.350277815655241,"Sigma":0.20270022193838977,"Taucorr":0.12607057605470862},"EnergyVariance":{"Mean":3.786575305796181,"Sigma":1.0683697584881329,"Taucorr":0.27841029753342317},"Iteration":23},
{"Acceptance":[0.12863636363636363],"Energy":{"Mean":-5.735935488961558,"Sigma":0.2493863058963279,"Taucorr":0.33148340478286553},"EnergyVariance":{"Mean":3.626703525710103,"Sigma":0.8506415130338187,"Taucorr":0.4956775486164876},"Iteration":24},
{"Acceptance":[0.12454545454545454],"Energy":{"Mean":-5.918570569427015,"Sigma":0.3223306939338482,"Taucorr":0.1502954521986435},"EnergyVariance":{"Mean":8.874226970820198,"Sigma":5.031912479297231,"Taucorr":-0.014433989946618042},"Iteration":25},
{"Acceptance":[0.15],"Energy":{"Mean":-6.075558578064109,"Sigma":0.29657313488772724,"Taucorr":-0.03789938831308476},"EnergyVariance":{"Mean":11.563136305242757,"Sigma":2.717676505022037,"Taucorr":0.16702949929179267},"Iteration":26},
{"Acceptance":[0.12454545454545454],"Energy":{"Mean":-6.279662490542785,"Sigma":0.23985310946094948,"Taucorr":0.3440614419974245},"EnergyVariance":{"Mean":4.157209992792826,"Sigma":1.642461379021706,"Taucorr":0.08230787870190792},"Iteration":27},
{"Acceptance":[0.11454545454545455],"Energy":{"Mean":-6.084229147312286,"Sigma":0.19095872066123476,"Taucorr":0.05513724532082431},"EnergyVariance":{"Mean":4.525420686920912,"Sigma":2.0743777973853867,"Taucorr":0.022789423688508115},"Iteration":28},
{"Acceptance":[0.14272727272727273],"Energy":{"Mean":-6.725932781693056,"Sigma":0.46818132466373097,"Taucorr":0.6622427004206137},"EnergyVariance":{"Mean":12.743492646028985,"Sigma":4.642550263800921,"Taucorr":0.6494811600906925},"Iteration":29},
{"Acceptance":[0.13727272727272727],"Energy":{"Mean":-6.063219915189115,"Sigma":0.2518342766238153,"Taucorr":-0.050601723394084974},"EnergyVariance":{"Mean":9.313328559388468,"Sigma":3.860567252552393,"Taucorr":0.2400318784976615},"Iteration":30},
{"Acceptance":[0.13045454545454546],"Energy":{"Mean":-5.876712877025681,"Sigma":0.3088243837051214,"Taucorr":0.5057748611119304},"EnergyVariance":{"Mean":7.814733222476707,"Sigma":4.063094148903053,"Taucorr":0.39932185012777166},"Iteration":31},
{"Acceptance":[0.12454545454545454],"Energy":{"Mean":-6.11037563688293,"Sigma":0.2807980313000861,"Taucorr":0.642041691552439},"EnergyVariance":{"Mean":3.4408096086555657,"Sigma":1.0544118425332034,"Taucorr":0.5446721116607771},"Iteration":32},
{"Acceptance":[0.12818181818181817],"Energy":{"Mean":-6.633214485015524,"Sigma":0.16490492194848771,"Taucorr":-0.18603242715147872},"EnergyVariance":{"Mean":4.699571005697243,"Sigma":2.1341319306969204,"Taucorr":0.0723669847234456},"Iteration":33},
{"Acceptance":[0.11863636363636364],"Energy":{"Mean":-6.649777576818345,"Sigma":0.2765375701145835,"Taucorr":-0.13915689784017093},"EnergyVariance":{"Mean":17.136095453008416,"Sigma":7.699427327101909,"Taucorr":0.46937365533944186},"Iteration":34},
{"Acceptance":[0.12181818181818181],"Energy":{"Mean":-6.873079089221563,"Sigma":0.19713366502683982,"Taucorr":-0.016828973916332368},"EnergyVariance":{"Mean":4.0698072875559665,"Sigma":1.9799949392920084,"Taucorr":0.011342416019998636},"Iteration":35},
{"Acceptance":[0.12590909090909091],"Energy":{"Mean":-6.043595584520248,"Sigma":0.18023305143321194,"Taucorr":0.1887001313109603},"EnergyVariance":{"Mean":2.575973791267574,"Sigma":0.9438503354217879,"Taucorr":-0.012136068495187058},"Iteration":36},
{"Acceptance":[0.11227272727272727],"Energy":{"Mean":-6.599752489058788,"Sigma":0.16319550856089382,"Taucorr":0.168712101971647},"EnergyVariance":{"Mean":2.218581249454261,"Sigma":0.41548378184386586,"Taucorr":0.07845982786487138},"Iteration":37},
{"Acceptance":[0.11818181818181818],"Energy":{"Mean":-6.505934042018739,"Sigma":0.24191331557220824,"Taucorr":0.2659173518147825},"EnergyVariance":{"Mean":3.9489709496528014,"Sigma":1.9372021536472797,"Taucorr":0.04470662526576241},"Iteration":38},
{"Acceptance":[0.14545454545454545],"Energy":{"Mean":-6.486370566959334,"Sigma":0.24093636480083963,"Taucorr":0.032668554156156326},"EnergyVariance":{"Mean":9.000203834916649,"Sigma":4.342945237154151,"Taucorr":0.012933006390804525},"Iteration":39},
{"Acceptance":[0.14681818181818182],"Energy":{"Mean":-6.620575291634793,"Sigma":0.32757751639906046,"Taucorr":0.10511135223403023},"EnergyVariance":{"Mean":9.515950826374398,"Sigma":3.911361459486677,"Taucorr":0.17150616695835663},"Iteration":40},
{"Acceptance":[0.13772727272727273],"Energy":{"Mean":-7.044185357724943,"Sigma":0.41032375302268886,"Taucorr":0.5016633550679048},"EnergyVariance":{"Mean":9.667896926653157,"Sigma":4.771206900571712,"Taucorr":0.6542858779980232},"Iteration":41},
{"Acceptance":[0.14772727272727273],"Energy":{"Mean":-7.233151836922275,"Sigma":0.5853795576542745,"Taucorr":0.26846678809912594},"EnergyVariance":{"Mean":25.510472570553265,"Sigma":10.561471091257618,"Taucorr":0.02822189595498925},"Iteration":42},
{"Acceptance":[0.13318181818181818],"Energy":{"Mean":-6.937555151767544,"Sigma":0.16547147461343464,"Taucorr":0.22374109902202644},"EnergyVariance":{"Mean":2.1694872462009376,"Sigma":0.965791763543804,"Taucorr":0.2214933565548015},"Iteration":43},
{"Acceptance":[0.14636363636363636],"Energy":{"Mean":-5.730210510627039,"Sigma":0.6079059142976854,"Taucorr":0.4254022804056886},"EnergyVariance":{"Mean":23.46101507968488,"Sigma":11.169690329099138,"Taucorr":0.14344621887869857},"Iteration":44},
{"Acceptance":[0.145],"Energy":{"Mean":-6.508376056090381,"Sigma":0.2628191762963266,"Taucorr":0.29376321675337036},"EnergyVariance":{"Mean":5.940609952083257,"Sigma":2.7351088242902315,"Taucorr":0.6741535863037011},"Iteration":45},
{"Acceptance":[0.14363636363636365],"Energy":{"Mean":-6.165649929980898,"Sigma":0.3261894417981758,"Taucorr":0.27498397100740646},"EnergyVariance":{"Mean":6.98960422746109,"Sigma":2.101040566273083,"Taucorr":0.3673456581956672},"Iteration":46},
{"Acceptance":[0.1390909090909091],"Energy":{"Mean":-6.770887538713478,"Sigma":0.23593790129138434,"Taucorr":0.19218302687580857},"EnergyVariance":{"Mean":4.302495025391245,"Sigma":1.1707654343584974,"Taucorr":-0.014016421094551201},"Iteration":47},
{"Acceptance":[0.15681818181818183],"Energy":{"Mean":-6.693600921591263,"Sigma":0.2689051350317637,"Taucorr":0.11527068627362946},"EnergyVariance":{"Mean":6.311636179932944,"Sigma":2.1322499956728125,"Taucorr":0.12938531968526767},"Iteration":48},
{"Acceptance":[0.15863636363636363],"Energy":{"Mean":-6.640201678643826,"Sigma":0.23151240293747666,"Taucorr":-0.10669390524028083},"EnergyVariance":{"Mean":7.963180637926045,"Sigma":5.359154173791488,"Taucorr":0.019413729425939885},"Iteration":49},
{"Acceptance":[0.14681818181818182],"Energy":{"Mean":-6.363155154532821,"Sigma":0.25821586204605707,"Taucorr":0.2433658651973053},"EnergyVariance":{"Mean":7.271765177090722,"Sigma":3.1164595867957314,"Taucorr":0.48418561033910934},"Iteration":50},
{"Acceptance":[0.14681818181818182],"Energy":{"Mean":-6.947110999344111,"Sigma":0.2893836515090689,"Taucorr":0.17013033085728946},"EnergyVariance":{"Mean":7.378154312234697,"Sigma":2.8903829978274804,"Taucorr":0.09626471157348926},"Iteration":51},
{"Acceptance":[0.16636363636363635],"Energy":{"Mean":-6.638689183380198,"Sigma":0.26696459564209263,"Taucorr":0.40388399359552796},"EnergyVariance":{"Mean":4.009747595473759,"Sigma":1.1237278537688435,"Taucorr":0.08002449169680903},"Iteration":52},
{"Acceptance":[0.16818181818181818],"Energy":{"Mean":-6.776279452307489,"Sigma":0.1814377241474706,"Taucorr":0.41150118605635155},"EnergyVariance":{"Mean":1.8124128024702586,"Sigma":0.4167997796952983,"Taucorr":0.3615063858510288},"Iteration":53},
{"Acceptance":[0.14909090909090908],"Energy":{"Mean":-6.675406596110661,"Sigma":0.2026774697261335,"Taucorr":0.0565758952434845},"EnergyVariance":{"Mean":3.724641358595629,"Sigma":1.0965419030877777,"Taucorr":0.014164679507126077},"Iteration":54},
{"Acceptance":[0.135],"Energy":{"Mean":-6.77660722951407,"Sigma":0.25705066970237855,"Taucorr":0.11645705624975877},"EnergyVariance":{"Mean":5.717662080265844,"Sigma":1.7358362576858009,"Taucorr":0.06926657258540825},"Iteration":55},
{"Acceptance":[0.1809090909090909],"Energy":{"Mean":-6.698483623369886,"Sigma":0.3320481365459126,"Taucorr":0.23436488851090942},"EnergyVariance":{"Mean":7.82767272620358,"Sigma":2.1131446229938406,"Taucorr":0.1139533312915385},"Iteration":56},
{"Acceptance":[0.13772727272727273],"Energy":{"Mean":-6.758471178682541,"Sigma":0.1838122506277945,"Taucorr":0.062497569725416424},"EnergyVariance":{"Mean":3.2664282837541005,"Sigma":0.7183116507977361,"Taucorr":-0.015444367451380225},"Iteration":57},
{"Acceptance":[0.16727272727272727],"Energy":{"Mean":-7.015712530562439,"Sigma":0.2775001568360193,"Taucorr":0.25490385373632696},"EnergyVariance":{"Mean":7.580027343110864,"Sigma":3.0853297010673204,"Taucorr":0.0583482360218901},"Iteration":58},
{"Acceptance":[0.16],"Energy":{"Mean":-6.51032848191754,"Sigma":0.23856117055885528,"Taucorr":0.2608866416237823},"EnergyVariance":{"Mean":3.892265773639672,"Sigma":1.5939139766669137,"Taucorr":0.3336116579187177},"Iteration":59},
{"Acceptance":[0.16227272727272726],"Energy":{"Mean":-6.693312232153745,"Sigma":0.23119252027947507,"Taucorr":0.23173921998751845},"EnergyVariance":{"Mean":3.906576722108414,"Sigma":1.0957171893249158,"Taucorr":0.23389803262192577},"Iteration":60},
{"Acceptance":[0.1618181818181818],"Energy":{"Mean":-6.970370602164307,"Sigma":0.3727686356964182,"Taucorr":0.39960310910489816},"EnergyVariance":{"Mean":11.197278195601388,"Sigma":4.042223139970399,"Taucorr":0.4094483535130483},"Iteration":61},
{"Acceptance":[0.15772727272727272],"Energy":{"Mean":-6.474019211000379,"Sigma":0.17552122194445782,"Taucorr":0.02040030622514022},"EnergyVariance":{"Mean":2.9495010618902655,"Sigma":0.8078377175436032,"Taucorr":0.2933413174343019},"Iteration":62},
{"Acceptance":[0.1590909090909091],"Energy":{"Mean":-7.19149899907663,"Sigma":0.30734794338596744,"Taucorr":-0.11693729552645404},"EnergyVariance":{"Mean":13.022796868424077,"Sigma":7.413456893091617,"Taucorr":0.048036475290359926},"Iteration":63},
{"Acceptance":[0.1618181818181818],"Energy":{"Mean":-6.5170151369496985,"Sigma":0.5814401959278029,"Taucorr":0.04396244533022231},"EnergyVariance":{"Mean":55.59798072969606,"Sigma":44.36579027199002,"Taucorr":0.002296328571054884},"Iteration":64},
{"Acceptance":[0.14863636363636365],"Energy":{"Mean":-6.824165133774246,"Sigma":0.2343531856008448,"Taucorr":0.4426468831322954},"EnergyVariance":{"Mean":3.6557186509803525,"Sigma":1.1837463144887788,"Taucorr":0.27230004912855876},"Iteration":65},
{"Acceptance":[0.14454545454545453],"Energy":{"Mean":-6.981847997277574,"Sigma":0.10337463081716218,"Taucorr":-0.22871121043995135},"EnergyVariance":{"Mean":2.2214960868752303,"Sigma":1.3205817051489726,"Taucorr":0.4015282181904959},"Iteration":66},
{"Acceptance":[0.16136363636363638],"Energy":{"Mean":-6.812309510640166,"Sigma":0.15656241839244692,"Taucorr":-0.24729701267897874},"EnergyVariance":{"Mean":6.214844908075504,"Sigma":3.0471473069074464,"Taucorr":0.6918284091219151},"Iteration":67},
{"Acceptance":[0.135],"Energy":{"Mean":-6.759425147913531,"Sigma":0.27618957284131296,"Taucorr":0.3821558748345224},"EnergyVariance":{"Mean":5.111204654260229,"Sigma":2.3497105306739456,"Taucorr":0.258017544417811},"Iteration":68},
{"Acceptance":[0.14636363636363636],"Energy":{"Mean":-7.144865944326099,"Sigma":0.3514620139515099,"Taucorr":0.4999138463289543},"EnergyVariance":{"Mean":7.575977697992618,"Sigma":3.1689044123679793,"Taucorr":0.7197908803186399},"Iteration":69},
{"Acceptance":[0.145],"Energy":{"Mean":-6.388134503205483,"Sigma":0.2557869922152172,"Taucorr":0.23021123342872374},"EnergyVariance":{"Mean":13.86534143778082,"Sigma":12.092934274766124,"Taucorr":0.0035104195878956634},"Iteration":70},
{"Acceptance":[0.1559090909090909],"Energy":{"Mean":-7.180349157347717,"Sigma":0.2039594878229805,"Taucorr":0.01026799191789729},"EnergyVariance":{"Mean":6.016397817144161,"Sigma":1.9904740840991038,"Taucorr":0.07156571813054424},"Iteration":71},
{"Acceptance":[0.15227272727272728],"Energy":{"Mean":-6.38227264927886,"Sigma":0.2704839645208033,"Taucorr":0.1357592462288142},"EnergyVariance":{"Mean":6.414202231875693,"Sigma":2.217204648872401,"Taucorr":-0.01743517482904622},"Iteration":72},
{"Acceptance":[0.125],"Energy":{"Mean":-6.883036388346773,"Sigma":0.17644769808336672,"Taucorr":-0.03780714573748445},"EnergyVariance":{"Mean":5.707572800505895,"Sigma":3.147511011697454,"Taucorr":0.2844240312189896},"Iteration":73},
{"Acceptance":[0.12636363636363637],"Energy":{"Mean":-7.074936952540012,"Sigma":0.13132699736930972,"Taucorr":0.18818581575169513},"EnergyVariance":{"Mean":1.2512330417101754,"Sigma":0.20595462290754554,"Taucorr":0.021580499912357998},"Iteration":74},
{"Acceptance":[0.14681818181818182],"Energy":{"Mean":-7.209981012232314,"Sigma":0.21379486287301733,"Taucorr":-0.009617942992376671},"EnergyVariance":{"Mean":4.989710686405602,"Sigma":3.099341114561309,"Taucorr":-0.015540012186562258},"Iteration":75},
{"Acceptance":[0.12090909090909091],"Energy":{"Mean":-7.084816225651,"Sigma":0.2715248779995076,"Taucorr":0.5090228826643386},"EnergyVariance":{"Mean":4.015925539221406,"Sigma":1.4992244731134032,"Taucorr":0.35841004889551853},"Iteration":76},
{"Acceptance":[0.14545454545454545],"Energy":{"Mean":-6.997880272850427,"Sigma":0.2582497868372129,"Taucorr":0.019922459614298393},"EnergyVariance":{"Mean":6.805590451719295,"Sigma":3.1600151786634396,"Taucorr":0.06211539153048973},"Iteration":77},
{"Acceptance":[0.14363636363636365],"Energy":{"Mean":-6.897947147853886,"Sigma":0.1783355126966197,"Taucorr":0.16296439224912718},"EnergyVariance":{"Mean":4.857605259640645,"Sigma":2.0167484941292635,"Taucorr":0.2836979396528442},"Iteration":78},
{"Acceptance":[0.14727272727272728],"Energy":{"Mean":-6.911388589735239,"Sigma":0.21211638939412591,"Taucorr":0.0355320199858733},"EnergyVariance":{"Mean":6.76951424881101,"Sigma":2.7183356638875344,"Taucorr":0.1000342916620034},"Iteration":79},
{"Acceptance":[0.1459090909090909],"Energy":{"Mean":-7.055013589370699,"Sigma":0.2585716850157127,"Taucorr":0.43709285014386345},"EnergyVariance":{"Mean":3.720667813773747,"Sigma":0.9097994681243055,"Taucorr":0.24998804833826116},"Iteration":80},
{"Acceptance":[0.16090909090909092],"Energy":{"Mean":-6.817546557353808,"Sigma":0.22385880643843062,"Taucorr":-0.018910735084317287},"EnergyVariance":{"Mean":8.184009610829033,"Sigma":3.4567291210150555,"Taucorr":0.043949388172788595},"Iteration":81},
{"Acceptance":[0.15],"Energy":{"Mean":-7.005570578505558,"Sigma":0.3233698953980632,"Taucorr":0.08303881842131988},"EnergyVariance":{"Mean":10.05477943426979,"Sigma":6.299361340993121,"Taucorr":0.0313974543199389},"Iteration":82},
{"Acceptance":[0.14863636363636365],"Energy":{"Mean":-7.100888712643427,"Sigma":0.22323981515504343,"Taucorr":0.41232971899520243},"EnergyVariance":{"Mean":2.8779826372181305,"Sigma":0.9464549512975626,"Taucorr":0.2028002289920119},"Iteration":83},
{"Acceptance":[0.14],"Energy":{"Mean":-7.3814559686656,"Sigma":0.33934335285397565,"Taucorr":0.7286235846694198},"EnergyVariance":{"Mean":4.69215369034623,"Sigma":1.7741335133611573,"Taucorr":1.1398309069801313},"Iteration":84},
{"Acceptance":[0.14909090909090908],"Energy":{"Mean":-7.035899165934176,"Sigma":0.41210175723478704,"Taucorr":0.2925759199533836},"EnergyVariance":{"Mean":16.933899800463227,"Sigma":5.656597386055916,"Taucorr":0.09546114358459123},"Iteration":85},
{"Acceptance":[0.1481818181818182],"Energy":{"Mean":-6.8386275828079865,"Sigma":0.30080106031648046,"Taucorr":0.3832591321746267},"EnergyVariance":{"Mean":7.421035350643056,"Sigma":2.919706120981102,"Taucorr":0.2230059271811865},"Iteration":86},
{"Acceptance":[0.13454545454545455],"Energy":{"Mean":-6.988135260938367,"Sigma":0.2050017447912695,"Taucorr":0.6096184460177416},"EnergyVariance":{"Mean":31.66883008887866,"Sigma":30.655113093607483,"Taucorr":0.5019218917379311},"Iteration":87},
{"Acceptance":[0.16045454545454546],"Energy":{"Mean":-7.117185497119115,"Sigma":0.22705536333237344,"Taucorr":0.24058361017361307},"EnergyVariance":{"Mean":3.647149316862083,"Sigma":1.0613032280569026,"Taucorr":0.26993329647861886},"Iteration":88},
{"Acceptance":[0.15409090909090908],"Energy":{"Mean":-7.385817362312728,"Sigma":0.16599005901149202,"Taucorr":0.07693337186802429},"EnergyVariance":{"Mean":2.6869290999870254,"Sigma":0.7538749485368093,"Taucorr":0.2986141819303061},"Iteration":89},
{"Acceptance":[0.17272727272727273],"Energy":{"Mean":-6.8442919835350216,"Sigma":0.2603249238191454,"Taucorr":0.17164500621533696},"EnergyVariance":{"Mean":5.7466665814829065,"Sigma":1.8762478504585913,"Taucorr":0.5079064847937236},"Iteration":90},
{"Acceptance":[0.16],"Energy":{"Mean":-6.881268371954407,"Sigma":0.3262113866165728,"Taucorr":0.44411619352303866},"EnergyVariance":{"Mean":6.232468071624589,"Sigma":1.9621157389640393,"Taucorr":0.18922227195711994},"Iteration":91},
{"Acceptance":[0.14636363636363636],"Energy":{"Mean":-7.242011839305836,"Sigma":0.22603888491058766,"Taucorr":0.44431932256826046},"EnergyVariance":{"Mean":2.9056668957211182,"Sigma":1.06390850988234,"Taucorr":0.5908307745600285},"Iteration":92},
{"Acceptance":[0.17227272727272727],"Energy":{"Mean":-7.183706102185834,"Sigma":0.20153688173535578,"Taucorr":0.04840189145989349},"EnergyVariance":{"Mean":5.290866383188231,"Sigma":1.678138070614898,"Taucorr":0.0562984389359934},"Iteration":93},
{"Acceptance":[0.16863636363636364],"Energy":{"Mean":-7.300398573110563,"Sigma":0.2807535404946692,"Taucorr":0.3116038325013816},"EnergyVariance":{"Mean":6.248158020919708,"Sigma":2.0826843230092456,"Taucorr":0.5773530568389162},"Iteration":94},
{"Acceptance":[0.16954545454545455],"Energy":{"Mean":-7.381429328816968,"Sigma":0.1838863187362618,"Taucorr":0.25265180691479183},"EnergyVariance":{"Mean":2.796827464450951,"Sigma":0.7462390481310738,"Taucorr":-0.07940962006263802},"Iteration":95},
{"Acceptance":[0.17227272727272727],"Energy":{"Mean":-7.116896892598653,"Sigma":0.17754728825216684,"Taucorr":-0.04705199384061065},"EnergyVariance":{"Mean":9.370322305070639,"Sigma":4.639031834415356,"Taucorr":0.9207621909962107},"Iteration":96},
{"Acceptance":[0.17045454545454544],"Energy":{"Mean":-7.091298065153166,"Sigma":0.4101829210907976,"Taucorr":0.5271992542277104},"EnergyVariance":{"Mean":11.636659155161023,"Sigma":3.6906054622115207,"Taucorr":0.2210337202575312},"Iteration":97},
{"Acceptance":[0.16227272727272726],"Energy":{"Mean":-7.015532216795708,"Sigma":0.14805883473467543,"Taucorr":0.0669477742142015},"EnergyVariance":{"Mean":2.8709384976437504,"Sigma":0.9312979703606618,"Taucorr":0.038706919534523876},"Iteration":98},
{"Acceptance":[0.15363636363636363],"Energy":{"Mean":-6.9336366898071535,"Sigma":0.24338961224844735,"Taucorr":0.1985917280390096},"EnergyVariance":{"Mean":5.074853293917064,"Sigma":1.413800277227131,"Taucorr":0.3720791153271603},"Iteration":99} 
]}
{"input": {"L": 10, "J": 1, "machine": {"type": "FFNN", "model": ["lncosh", 52, 4]}, "sampler": {"type": "MetropolisHop", "d_max": 5}, "optimizer": {"type": "AdaMax", "alpha": 0.001, "beta1": 0.9, "beta2": 0.999, "epscut": 1e-07}, "VMC": {"n_samples": 100, "discarded_samples": 100, "discarded_samples_on_init": 0, "target": "energy", "method": "Gd", "diag_shift": 0.01, "use_iterative": true, "use_cholesky": true}, "n_iter": 100}}
duration: -3.486576795578003