{"Output": [
{"Acceptance":[0.8140909090909091],"Energy":{"Mean":8.021466216053481,"Sigma":0.2707861031305282,"Taucorr":0.03437983466279948},"EnergyVariance":{"Mean":6.919397356288391,"Sigma":1.1530976040664744,"Taucorr":0.029722294429779028},"Iteration":0},
{"Acceptance":[0.7104545454545454],"Energy":{"Mean":7.1930486020663595,"Sigma":0.34125396683827275,"Taucorr":0.18807663791092588},"EnergyVariance":{"Mean":9.982601671429373,"Sigma":1.164788151714028,"Taucorr":-0.12193456868194269},"Iteration":1},
{"Acceptance":[0.6181818181818182],"Energy":{"Mean":5.506425090461374,"Sigma":0.3628707623820044,"Taucorr":0.257324034333128},"EnergyVariance":{"Mean":10.205942136389961,"Sigma":1.3605132823700439,"Taucorr":0.25387411621932277},"Iteration":2},
{"Acceptance":[0.5272727272727272],"Energy":{"Mean":4.224944057528537,"Sigma":0.39502729174838236,"Taucorr":0.2358697065556623},"EnergyVariance":{"Mean":14.617412628363217,"Sigma":1.822565388643655,"Taucorr":0.13041286176701017},"Iteration":3},
{"Acceptance":[0.4668181818181818],"Energy":{"Mean":2.871326605651823,"Sigma":0.2966900090632696,"Taucorr":-0.05967027718340062},"EnergyVariance":{"Mean":13.501347333194126,"Sigma":1.7233314058428717,"Taucorr":0.12127459531536722},"Iteration":4},
{"Acceptance":[0.3831818181818182],"Energy":{"Mean":0.6011774098882477,"Sigma":0.3992246628493696,"Taucorr":0.2805603747826031},"EnergyVariance":{"Mean":14.826859714409885,"Sigma":1.8338426747103647,"Taucorr":0.2147382911878153},"Iteration":5},
{"Acceptance":[0.33636363636363636],"Energy":{"Mean":-0.3772637933882473,"Sigma":0.33647519574816276,"Taucorr":0.20477639697355443},"EnergyVariance":{"Mean":13.744719572369611,"Sigma":2.303697848868654,"Taucorr":0.429343621965691},"Iteration":6},
{"Acceptance":[0.32954545454545453],"Energy":{"Mean":-0.6429278111385106,"Sigma":0.29459837882339324,"Taucorr":0.30351602381804577},"EnergyVariance":{"Mean":11.867581565957012,"Sigma":1.7665685826278885,"Taucorr":0.18277346280296636},"Iteration":7},
{"Acceptance":[0.28],"Energy":{"Mean":-1.2295054882402585,"Sigma":0.3969798568518902,"Taucorr":0.2520849397693572},"EnergyVariance":{"Mean":17.65248543860259,"Sigma":3.739278459967774,"Taucorr":0.12195982925563353},"Iteration":8},
{"Acceptance":[0.24909090909090909],"Energy":{"Mean":-2.88586533386436,"Sigma":0.3278730049838028,"Taucorr":0.45781026277772563},"EnergyVariance":{"Mean":15.153134331021928,"Sigma":4.042124233706493,"Taucorr":0.6439780338651355},"Iteration":9},
{"Acceptance":[0.21954545454545454],"Energy":{"Mean":-3.237907327536064,"Sigma":0.379737527913817,"Taucorr":0.4314284155592004},"EnergyVariance":{"Mean":13.570266909820232,"Sigma":2.598883550176879,"Taucorr":-0.03393028568731271},"Iteration":10},
{"Acceptance":[0.20681818181818182],"Energy":{"Mean":-4.359181174448006,"Sigma":0.24574359517865285,"Taucorr":0.4919120893998036},"EnergyVariance":{"Mean":7.732968049195585,"Sigma":1.6484301565318777,"Taucorr":0.4842006291966503},"Iteration":11},
{"Acceptance":[0.18454545454545454],"Energy":{"Mean":-4.84803097226674,"Sigma":0.2555862838838197,"Taucorr":0.6004366041193174},"EnergyVariance":{"Mean":5.781682591305416,"Sigma":2.1327344653362084,"Taucorr":0.25027876465620813},"Iteration":12},
{"Acceptance":[0.19090909090909092],"Energy":{"Mean":-4.9215692025293345,"Sigma":0.3282425668288511,"Taucorr":0.12883110170485945},"EnergyVariance":{"Mean":19.54062033507092,"Sigma":6.1053563460384055,"Taucorr":0.1312992167835979},"Iteration":13},
{"Acceptance":[0.15318181818181817],"Energy":{"Mean":-5.046536467811071,"Sigma":0.28873924067562773,"Taucorr":0.24537579759430106},"EnergyVariance":{"Mean":12.453552974472473,"Sigma":4.379396425932064,"Taucorr":0.14021045031594437},"Iteration":14},
{"Acceptance":[0.17045454545454544],"Energy":{"Mean":-5.4331965745584325,"Sigma":0.36197467176506254,"Taucorr":0.22441426800847752},"EnergyVariance":{"Mean":18.87915840595771,"Sigma":7.599801764346387,"Taucorr":0.008720669707395712},"Iteration":15},
{"Acceptance":[0.15272727272727274],"Energy":{"Mean":-5.669754797732827,"Sigma":0.24498556139418795,"Taucorr":0.3663707556110982},"EnergyVariance":{"Mean":8.14619655498479,"Sigma":3.83509727269286,"Taucorr":0.24133682733774198},"Iteration":16},
{"Acceptance":[0.1509090909090909],"Energy":{"Mean":-5.651366796640338,"Sigma":0.3255789610963917,"Taucorr":0.6352038153692887},"EnergyVariance":{"Mean":14.649264760278133,"Sigma":7.836165789807803,"Taucorr":0.5056462066957486},"Iteration":17},
{"Acceptance":[0.13772727272727273],"Energy":{"Mean":-6.5497663431486135,"Sigma":0.24447350919769772,"Taucorr":0.04861225431205107},"EnergyVariance":{"Mean":11.103353952816832,"Sigma":4.997641997174406,"Taucorr":0.08418477378479006},"Iteration":18},
{"Acceptance":[0.1340909090909091],"Energy":{"Mean":-5.978988657560304,"Sigma":0.29026861225350326,"Taucorr":0.23281184108241948},"EnergyVariance":{"Mean":11.484736900049496,"Sigma":4.9012694628777975,"Taucorr":0.41454739135244334},"Iteration":19},
{"Acceptance":[0.15318181818181817],"Energy":{"Mean":-6.511342847327992,"Sigma":0.2233619974811367,"Taucorr":0.1033541038001482},"EnergyVariance":{"Mean":5.242190878079471,"Sigma":1.3490249342043361,"Taucorr":0.05018163344871929},"Iteration":20},
{"Acceptance":[0.1431818181818182],"Energy":{"Mean":-6.322698071051228,"Sigma":0.1944626113930346,"Taucorr":-0.09762282072624223},"EnergyVariance":{"Mean":5.9398199180225975,"Sigma":1.4829965614261416,"Taucorr":0.14166600883244085},"Iteration":21},
{"Acceptance":[0.1572727272727273],"Energy":{"Mean":-6.873792822060901,"Sigma":0.29550226026711085,"Taucorr":0.27843269124946},"EnergyVariance":{"Mean":6.050572594953088,"Sigma":2.1901915010770447,"Taucorr":0.09249929731104878},"Iteration":22},
{"Acceptance":[0.1368181818181818],"Energy":{"Mean":-6.406850185806684,"Sigma":0.32786540136644293,"Taucorr":0.7647435394197588},"EnergyVariance":{"Mean":4.539505065783269,"Sigma":1.6861902098192416,"Taucorr":0.6480860294348905},"Iteration":23},
{"Acceptance":[0.14727272727272728],"Energy":{"Mean":-7.304498396814956,"Sigma":0.2078337714910306,"Taucorr":-0.013547793977536027},"EnergyVariance":{"Mean":4.723288824018238,"Sigma":1.6813818949241794,"Taucorr":-0.015731510221400957},"Iteration":24},
{"Acceptance":[0.14454545454545453],"Energy":{"Mean":-6.691798433654163,"Sigma":0.21993128165717707,"Taucorr":0.3543344742396781},"EnergyVariance":{"Mean":2.7972751189658256,"Sigma":0.7916940631017514,"Taucorr":0.18145084368076447},"Iteration":25},
{"Acceptance":[0.15181818181818182],"Energy":{"Mean":-6.840516303582534,"Sigma":0.32858235213655906,"Taucorr":-0.059425818383332885},"EnergyVariance":{"Mean":14.09878826038039,"Sigma":7.665049452121902,"Taucorr":0.3504281464391794},"Iteration":26},
{"Acceptance":[0.16045454545454546],"Energy":{"Mean":-6.376832083146468,"Sigma":0.304700489715548,"Taucorr":0.4797950257324606},"EnergyVariance":{"Mean":5.111766501864986,"Sigma":1.5051043528179275,"Taucorr":0.5223207440835649},"Iteration":27},
{"Acceptance":[0.1459090909090909],"Energy":{"Mean":-6.8991128348117465,"Sigma":0.2796345024948122,"Taucorr":-0.010520917473415048},"EnergyVariance":{"Mean":8.838291127348608,"Sigma":4.425158416639672,"Taucorr":-0.0021073448707275566},"Iteration":28},
{"Acceptance":[0.15409090909090908],"Energy":{"Mean":-7.377179285305455,"Sigma":0.4535638208124305,"Taucorr":0.20955271397775177},"EnergyVariance":{"Mean":14.910376055119551,"Sigma":8.251388857073621,"Taucorr":0.3548585116272698},"Iteration":29},
{"Acceptance":[0.18],"Energy":{"Mean":-6.486718288605797,"Sigma":0.22130119187610175,"Taucorr":0.02449616990747583},"EnergyVariance":{"Mean":4.9793643789454896,"Sigma":1.0948054705866133,"Taucorr":0.1096158108116767},"Iteration":30},
{"Acceptance":[0.15681818181818183],"Energy":{"Mean":-6.867249379618859,"Sigma":0.20879983622147638,"Taucorr":0.19071017919397149},"EnergyVariance":{"Mean":3.4485055488991074,"Sigma":1.0534053222502235,"Taucorr":0.5201879839482346},"Iteration":31},
{"Acceptance":[0.15818181818181817],"Energy":{"Mean":-6.990755330892842,"Sigma":0.2173141910595573,"Taucorr":0.10731742504791908},"EnergyVariance":{"Mean":4.019227958861868,"Sigma":1.2478283682273905,"Taucorr":0.2933528099644598},"Iteration":32},
{"Acceptance":[0.16],"Energy":{"Mean":-6.920363017265385,"Sigma":0.2091718259124005,"Taucorr":-0.05464077296957898},"EnergyVariance":{"Mean":4.978020799213397,"Sigma":1.52669075059002,"Taucorr":0.17308613987958332},"Iteration":33},
{"Acceptance":[0.16954545454545455],"Energy":{"Mean":-7.137825541945135,"Sigma":0.29329251341081747,"Taucorr":0.7200637724699883},"EnergyVariance":{"Mean":3.4838785906356997,"Sigma":1.4093208145682223,"Taucorr":0.7389341614748299},"Iteration":34},
{"Acceptance":[0.1668181818181818],"Energy":{"Mean":-7.042034234175612,"Sigma":0.2874576637720096,"Taucorr":0.29299555624482176},"EnergyVariance":{"Mean":5.41794434827355,"Sigma":1.3339388812296187,"Taucorr":0.08061660221628264},"Iteration":35},
{"Acceptance":[0.16318181818181818],"Energy":{"Mean":-7.324016308055111,"Sigma":0.22081642042122251,"Taucorr":0.22186536402610346},"EnergyVariance":{"Mean":3.3485584158597845,"Sigma":1.3769690870445341,"Taucorr":0.2815532053298232},"Iteration":36},
{"Acceptance":[0.18409090909090908],"Energy":{"Mean":-6.920471453402261,"Sigma":0.19938339570009017,"Taucorr":0.07556927096525135},"EnergyVariance":{"Mean":3.718035296026655,"Sigma":0.9304068452799261,"Taucorr":0.09101184131002238},"Iteration":37},
{"Acceptance":[0.18045454545454545],"Energy":{"Mean":-7.248262307864169,"Sigma":0.12196744204292197,"Taucorr":-0.10828294140907568},"EnergyVariance":{"Mean":1.922434775143377,"Sigma":0.4930425221039868,"Taucorr":0.24223936132597745},"Iteration":38},
{"Acceptance":[0.18363636363636363],"Energy":{"Mean":-6.636234971675784,"Sigma":0.24505677825800604,"Taucorr":0.1580668414868981},"EnergyVariance":{"Mean":12.822902770451835,"Sigma":8.842887691325132,"Taucorr":0.0231629219599101},"Iteration":39},
{"Acceptance":[0.17681818181818182],"Energy":{"Mean":-7.029603674481885,"Sigma":0.2629081789444804,"Taucorr":0.16356742589447215},"EnergyVariance":{"Mean":6.10139031960534,"Sigma":2.4452287410789606,"Taucorr":0.37754370603330434},"Iteration":40},
{"Acceptance":[0.19545454545454546],"Energy":{"Mean":-7.592181140655544,"Sigma":0.30782678282968196,"Taucorr":0.1584638651930943},"EnergyVariance":{"Mean":15.91357756179455,"Sigma":8.71716502467373,"Taucorr":-0.0031294621030634184},"Iteration":41},
{"Acceptance":[0.2],"Energy":{"Mean":-6.983273409512217,"Sigma":0.5019557630253506,"Taucorr":0.343975420916657},"EnergyVariance":{"Mean":50.610864822390845,"Sigma":26.870122933920474,"Taucorr":-0.021131664128967165},"Iteration":42},
{"Acceptance":[0.175],"Energy":{"Mean":-7.456851076795558,"Sigma":0.1966023991569607,"Taucorr":0.14535179222022498},"EnergyVariance":{"Mean":2.9418151177406284,"Sigma":1.0459962110212129,"Taucorr":0.6331068658147982},"Iteration":43},
{"Acceptance":[0.17909090909090908],"Energy":{"Mean":-7.062185605035538,"Sigma":0.28531950917844207,"Taucorr":0.22769946840343613},"EnergyVariance":{"Mean":5.612617313000629,"Sigma":1.2299603909645533,"Taucorr":0.2257490106581579},"Iteration":44},
{"Acceptance":[0.16],"Energy":{"Mean":-6.93673353223768,"Sigma":0.2329332268175653,"Taucorr":0.05986843189096691},"EnergyVariance":{"Mean":5.0079440002140405,"Sigma":1.6869410141259347,"Taucorr":-0.04147956478554238},"Iteration":45},
{"Acceptance":[0.18045454545454545],"Energy":{"Mean":-7.230527618789182,"Sigma":0.2410809691862556,"Taucorr":0.13424389725004038},"EnergyVariance":{"Mean":4.857356645979571,"Sigma":1.388902897390219,"Taucorr":0.29937574846168136},"Iteration":46},
{"Acceptance":[0.175],"Energy":{"Mean":-7.6653308632311665,"Sigma":0.3189231297066604,"Taucorr":0.042331500163451885},"EnergyVariance":{"Mean":8.952233435899391,"Sigma":5.031119455396344,"Taucorr":0.19623844104410704},"Iteration":47},
{"Acceptance":[0.1759090909090909],"Energy":{"Mean":-6.954911022976436,"Sigma":0.20882617749934085,"Taucorr":0.2563789806310658},"EnergyVariance":{"Mean":3.836465116258474,"Sigma":1.0754063040537498,"Taucorr":0.031673704215266385},"Iteration":48},
{"Acceptance":[0.17681818181818182],"Energy":{"Mean":-7.4826839964536145,"Sigma":0.2917837355116502,"Taucorr":0.2287168162690011},"EnergyVariance":{"Mean":5.581581747134477,"Sigma":2.7097598326527055,"Taucorr":0.11145802944097771},"Iteration":49},
{"Acceptance":[0.1618181818181818],"Energy":{"Mean":-7.680099756239363,"Sigma":0.2372857578868508,"Taucorr":-0.05209056447904176},"EnergyVariance":{"Mean":6.139760980127064,"Sigma":2.7140948789260566,"Taucorr":0.09774577581716815},"Iteration":50},
{"Acceptance":[0.16818181818181818],"Energy":{"Mean":-7.312686983038211,"Sigma":0.1325507876064763,"Taucorr":-0.029007977078550073},"EnergyVariance":{"Mean":1.820536512654945,"Sigma":0.5675525071596957,"Taucorr":0.052473935365452085},"Iteration":51},
{"Acceptance":[0.1668181818181818],"Energy":{"Mean":-7.31885989933933,"Sigma":0.22009838627477168,"Taucorr":0.16805150408948688},"EnergyVariance":{"Mean":4.157068429968611,"Sigma":1.3426257273555169,"Taucorr":-0.009805681447098757},"Iteration":52},
{"Acceptance":[0.14772727272727273],"Energy":{"Mean":-7.650426321129206,"Sigma":0.2613889392253411,"Taucorr":0.5661173987891073},"EnergyVariance":{"Mean":3.276373450109721,"Sigma":1.3146979065686768,"Taucorr":0.431967820310985},"Iteration":53},
{"Acceptance":[0.165],"Energy":{"Mean":-7.560700107193335,"Sigma":0.3489842193986475,"Taucorr":0.20686941446819962},"EnergyVariance":{"Mean":8.209776060737738,"Sigma":4.901796073721203,"Taucorr":0.008512037229341352},"Iteration":54},
{"Acceptance":[0.1618181818181818],"Energy":{"Mean":-7.700854480501684,"Sigma":0.22796890925282345,"Taucorr":0.4157227810985259},"EnergyVariance":{"Mean":2.721128096319811,"Sigma":0.6266149118485729,"Taucorr":0.29769922987289743},"Iteration":55},
{"Acceptance":[0.16863636363636364],"Energy":{"Mean":-7.500467299681636,"Sigma":0.3882876966063405,"Taucorr":0.002490775176898552},"EnergyVariance":{"Mean":20.0071570337195,"Sigma":16.466420059813665,"Taucorr":-0.0029521390513360113},"Iteration":56},
{"Acceptance":[0.17],"Energy":{"Mean":-6.884070850881129,"Sigma":0.3374849628518707,"Taucorr":0.6073967970648835},"EnergyVariance":{"Mean":4.89937985313845,"Sigma":2.166335198865318,"Taucorr":0.36611776895247894},"Iteration":57},
{"Acceptance":[0.17954545454545454],"Energy":{"Mean":-8.246452617830755,"Sigma":0.4433233094538215,"Taucorr":0.16115803747715096},"EnergyVariance":{"Mean":14.17556251126164,"Sigma":5.454738622856037,"Taucorr":0.01130329234961458},"Iteration":58},
{"Acceptance":[0.18363636363636363],"Energy":{"Mean":-7.610131532515186,"Sigma":0.2179946242567446,"Taucorr":0.12464212942035124},"EnergyVariance":{"Mean":3.6293978814759287,"Sigma":0.7524684152209292,"Taucorr":0.031014325392577757},"Iteration":59},
{"Acceptance":[0.14272727272727273],"Energy":{"Mean":-7.017869032702394,"Sigma":0.2536898426970513,"Taucorr":0.18955827638381617},"EnergyVariance":{"Mean":5.594262613316553,"Sigma":2.5560812576023646,"Taucorr":0.5164223105718613},"Iteration":60},
{"Acceptance":[0.15681818181818183],"Energy":{"Mean":-7.541470519927464,"Sigma":0.1664191558916925,"Taucorr":-0.08205944015477873},"EnergyVariance":{"Mean":3.1822282364985646,"Sigma":0.8347670584964992,"Taucorr":0.29988063321242175},"Iteration":61},
{"Acceptance":[0.155],"Energy":{"Mean":-7.2355587761861555,"Sigma":0.18500250285305503,"Taucorr":0.20741365281929958},"EnergyVariance":{"Mean":2.3131330647764807,"Sigma":0.6001181757246673,"Taucorr":0.3155828143505267},"Iteration":62},
{"Acceptance":[0.1640909090909091],"Energy":{"Mean":-8.311098119702748,"Sigma":0.5658990420216762,"Taucorr":0.6882573605506175},"EnergyVariance":{"Mean":14.202967312482913,"Sigma":6.662177892993703,"Taucorr":0.2981273283512713},"Iteration":63},
{"Acceptance":[0.17681818181818182],"Energy":{"Mean":-8.928485146152255,"Sigma":0.508309723211063,"Taucorr":0.09418401277466415},"EnergyVariance":{"Mean":37.406745528854984,"Sigma":19.62197993253188,"Taucorr":0.015494392865326279},"Iteration":64},
{"Acceptance":[0.18136363636363637],"Energy":{"Mean":-8.017875064652861,"Sigma":0.2793813523263031,"Taucorr":0.05289023704736695},"EnergyVariance":{"Mean":6.755684962158694,"Sigma":1.4659793652104074,"Taucorr":0.3611139263591163},"Iteration":65},
{"Acceptance":[0.15545454545454546],"Energy":{"Mean":-7.361644976198876,"Sigma":0.15102099538191352,"Taucorr":-0.06549576533061219},"EnergyVariance":{"Mean":2.5218495423984653,"Sigma":0.5571025688546276,"Taucorr":0.07808613208684556},"Iteration":66},
{"Acceptance":[0.17136363636363636],"Energy":{"Mean":-7.695365660503151,"Sigma":0.2106711680409737,"Taucorr":0.02162379515720758},"EnergyVariance":{"Mean":4.138768525204309,"Sigma":1.1017610710472796,"Taucorr":0.3297718883393138},"Iteration":67},
{"Acceptance":[0.1740909090909091],"Energy":{"Mean":-7.816725525173904,"Sigma":0.23344800756222434,"Taucorr":0.25486494749414157},"EnergyVariance":{"Mean":3.5042129022830752,"Sigma":0.8666811012568124,"Taucorr":0.02679387859242688},"Iteration":68},
{"Acceptance":[0.16863636363636364],"Energy":{"Mean":-8.121352841937691,"Sigma":0.30088704547096407,"Taucorr":0.4100685652618009},"EnergyVariance":{"Mean":4.76328574530833,"Sigma":1.62284035991865,"Taucorr":0.3548815351877145},"Iteration":69},
{"Acceptance":[0.17681818181818182],"Energy":{"Mean":-7.554296872972493,"Sigma":0.352622796604993,"Taucorr":0.20121278902406914},"EnergyVariance":{"Mean":16.06179389151201,"Sigma":12.16152581723856,"Taucorr":0.018003158474886982},"Iteration":70},
{"Acceptance":[0.18136363636363637],"Energy":{"Mean":-7.642548550705598,"Sigma":0.31201403547214224,"Taucorr":0.18659567119239673},"EnergyVariance":{"Mean":6.746602959482758,"Sigma":2.725179987415595,"Taucorr":0.03987608587554092},"Iteration":71},
{"Acceptance":[0.17136363636363636],"Energy":{"Mean":-7.667755668669071,"Sigma":0.3637845970269924,"Taucorr":0.14205784216091277},"EnergyVariance":{"Mean":23.881899639308877,"Sigma":13.439788634361824,"Taucorr":0.10142183077409805},"Iteration":72},
{"Acceptance":[0.17045454545454544],"Energy":{"Mean":-8.004272962540396,"Sigma":0.2795799491257265,"Taucorr":0.3753373926239695},"EnergyVariance":{"Mean":4.2999843715625765,"Sigma":0.8877758873234346,"Taucorr":0.2445839409801086},"Iteration":73},
{"Acceptance":[0.18545454545454546],"Energy":{"Mean":-7.4458352209207925,"Sigma":0.30826083593772186,"Taucorr":-0.010472374746788027},"EnergyVariance":{"Mean":11.237906399749289,"Sigma":4.376555417322399,"Taucorr":0.13730578976054963},"Iteration":74},
{"Acceptance":[0.19727272727272727],"Energy":{"Mean":-7.845317713282625,"Sigma":0.31271865652163705,"Taucorr":0.22518810598741967},"EnergyVariance":{"Mean":6.478407555227276,"Sigma":2.1695009229830022,"Taucorr":0.11374241660074147},"Iteration":75},
{"Acceptance":[0.19636363636363635],"Energy":{"Mean":-8.162858435350177,"Sigma":0.2945336465441966,"Taucorr":0.1255591022401097},"EnergyVariance":{"Mean":6.6361148348464924,"Sigma":1.745112626876137,"Taucorr":-0.054727415504438714},"Iteration":76},
{"Acceptance":[0.20863636363636365],"Energy":{"Mean":-7.522048924390155,"Sigma":0.3192784631944694,"Taucorr":0.02823881937692463},"EnergyVariance":{"Mean":14.425148633965167,"Sigma":5.1291170049777,"Taucorr":-0.003996286487976619},"Iteration":77},
{"Acceptance":[0.20227272727272727],"Energy":{"Mean":-7.721921132985264,"Sigma":0.19047294233190148,"Taucorr":0.317140128040742},"EnergyVariance":{"Mean":2.1188678155181626,"Sigma":0.45843532555030175,"Taucorr":0.10943419224707818},"Iteration":78},
{"Acceptance":[0.1968181818181818],"Energy":{"Mean":-7.924999905262104,"Sigma":0.3006705071478649,"Taucorr":0.0738919707720126},"EnergyVariance":{"Mean":15.667889258041367,"Sigma":10.364136148679398,"Taucorr":0.00504357064162908},"Iteration":79},
{"Acceptance":[0.2018181818181818],"Energy":{"Mean":-7.693536049021456,"Sigma":0.22743632463037647,"Taucorr":0.015094255414434765},"EnergyVariance":{"Mean":4.835340309005707,"Sigma":1.1142232322759387,"Taucorr":-0.07725326969684482},"Iteration":80},
{"Acceptance":[0.20636363636363636],"Energy":{"Mean":-7.374143903128978,"Sigma":0.21080313379068644,"Taucorr":0.17103340083103802},"EnergyVariance":{"Mean":3.162726785226823,"Sigma":0.6338940147618302,"Taucorr":0.06989279959648509},"Iteration":81},
{"Acceptance":[0.21681818181818183],"Energy":{"Mean":-7.864228232911648,"Sigma":0.4568141684915149,"Taucorr":0.37177049001322215},"EnergyVariance":{"Mean":21.795914247669266,"Sigma":11.375227772851067,"Taucorr":0.08574094350723838},"Iteration":82},
{"Acceptance":[0.2131818181818182],"Energy":{"Mean":-7.209925315553366,"Sigma":0.2232650857094618,"Taucorr":0.11670855290499238},"EnergyVariance":{"Mean":3.8510600229355476,"Sigma":0.8762397312409336,"Taucorr":0.32792894757881685},"Iteration":83},
{"Acceptance":[0.22363636363636363],"Energy":{"Mean":-7.646981130900128,"Sigma":0.24939315074226598,"Taucorr":0.05776711281034452},"EnergyVariance":{"Mean":5.340675983359684,"Sigma":1.5263514362320678,"Taucorr":0.35859775563377183},"Iteration":84},
{"Acceptance":[0.22],"Energy":{"Mean":-7.79691871259597,"Sigma":0.3609771885219335,"Taucorr":0.5527801010217828},"EnergyVariance":{"Mean":9.855387559625933,"Sigma":4.360478025599488,"Taucorr":0.05870073409968135},"Iteration":85},
{"Acceptance":[0.21227272727272728],"Energy":{"Mean":-7.9140738311483885,"Sigma":0.351095368387718,"Taucorr":0.00035769425841980507},"EnergyVariance":{"Mean":15.071260453225714,"Sigma":9.853098100614883,"Taucorr":0.00712797448138025},"Iteration":86},
{"Acceptance":[0.20045454545454544],"Energy":{"Mean":-7.88957412609418,"Sigma":0.21649782348461594,"Taucorr":0.09350265648544076},"EnergyVariance":{"Mean":3.9249368653991947,"Sigma":0.8270865327088462,"Taucorr":0.02729951888237825},"Iteration":87},
{"Acceptance":[0.21681818181818183],"Energy":{"Mean":-7.812409419691634,"Sigma":0.23102297615140832,"Taucorr":0.011791138476438867},"EnergyVariance":{"Mean":5.030826405973688,"Sigma":0.9939395807676383,"Taucorr":0.1794144229910818},"Iteration":88},
{"Acceptance":[0.2177272727272727],"Energy":{"Mean":-8.029536047956396,"Sigma":0.23187839147777256,"Taucorr":-0.02124648738010776},"EnergyVariance":{"Mean":5.395695798130117,"Sigma":0.9680787147742422,"Taucorr":0.10634384735255076},"Iteration":89},
{"Acceptance":[0.22181818181818183],"Energy":{"Mean":-8.17318561941591,"Sigma":0.4043350326853846,"Taucorr":0.552607490469514},"EnergyVariance":{"Mean":7.420869489364233,"Sigma":2.8605045031423466,"Taucorr":0.7042851496026525},"Iteration":90},
{"Acceptance":[0.21409090909090908],"Energy":{"Mean":-7.695776714629639,"Sigma":0.46808306286625007,"Taucorr":0.48992515237213374},"EnergyVariance":{"Mean":10.584955497964758,"Sigma":2.1524893352486165,"Taucorr":0.08950621512368084},"Iteration":91},
{"Acceptance":[0.19727272727272727],"Energy":{"Mean":-8.244772279024597,"Sigma":0.17335870109546594,"Taucorr":-0.07934356466056253},"EnergyVariance":{"Mean":3.439518510680011,"Sigma":0.9049054262566587,"Taucorr":0.03403018720447282},"Iteration":92},
{"Acceptance":[0.20045454545454544],"Energy":{"Mean":-7.6990949065958985,"Sigma":0.16234123683866522,"Taucorr":-0.1660219437540688},"EnergyVariance":{"Mean":3.7688266738213456,"Sigma":0.7232277793582305,"Taucorr":0.03662272183313442},"Iteration":93},
{"Acceptance":[0.22545454545454546],"Energy":{"Mean":-7.984928098511705,"Sigma":0.2651986534667776,"Taucorr":-0.06118228666294878},"EnergyVariance":{"Mean":7.674640547464896,"Sigma":2.0544965792332412,"Taucorr":0.25773318058095873},"Iteration":94},
{"Acceptance":[0.21227272727272728],"Energy":{"Mean":-8.292488852183432,"Sigma":0.29455586171225084,"Taucorr":0.3580227232413542},"EnergyVariance":{"Mean":4.872182605986124,"Sigma":0.9564635934116331,"Taucorr":0.007947611393352538},"Iteration":95},
{"Acceptance":[0.20272727272727273],"Energy":{"Mean":-7.7392637647543,"Sigma":0.3236544165673318,"Taucorr":0.2562547787685825},"EnergyVariance":{"Mean":12.283122998774147,"Sigma":6.134007092139084,"Taucorr":0.07957291912969133},"Iteration":96},
{"Acceptance":[0.21227272727272728],"Energy":{"Mean":-7.9792442280599625,"Sigma":0.3105046993336894,"Taucorr":0.20663768425675022},"EnergyVariance":{"Mean":6.516824932408316,"Sigma":1.8734048199384972,"Taucorr":0.6192712493349453},"Iteration":97},
{"Acceptance":[0.2081818181818182],"Energy":{"Mean":-8.640693280924799,"Sigma":0.2932273034294018,"Taucorr":0.16104679646735576},"EnergyVariance":{"Mean":6.222933292460231,"Sigma":1.2681356870428202,"Taucorr":0.19363828282808027},"Iteration":98},
{"Acceptance":[0.2318181818181818],"Energy":{"Mean":-8.557495096893922,"Sigma":0.28048871326106567,"Taucorr":0.1536123463524428},"EnergyVariance":{"Mean":11.140140154671647,"Sigma":5.316815169578142,"Taucorr":-0.01797998745705176},"Iteration":99} 
]}
{"input": {"L": 10, "J": 1, "machine": {"type": "FFNN", "model": ["lncosh", 57, 3]}, "sampler": {"type": "MetropolisHop", "d_max": 5}, "optimizer": {"type": "AdaMax", "alpha": 0.001, "beta1": 0.9, "beta2": 0.999, "epscut": 1e-07}, "VMC": {"n_samples": 100, "discarded_samples": 100, "discarded_samples_on_init": 0, "target": "energy", "method": "Gd", "diag_shift": 0.01, "use_iterative": true, "use_cholesky": true}, "n_iter": 100}}
duration: -2.740730047225952