{"Output": [
{"Acceptance":[0.8318181818181818],"Energy":{"Mean":8.442715115306314,"Sigma":0.2157008034788675,"Taucorr":-0.023914857031685888},"EnergyVariance":{"Mean":4.960052357746306,"Sigma":0.7342807541806579,"Taucorr":-0.020413950117089685},"Iteration":0},
{"Acceptance":[0.7031818181818181],"Energy":{"Mean":7.10215134964265,"Sigma":0.2870122909999114,"Taucorr":-0.0662999279920542},"EnergyVariance":{"Mean":10.320868833255146,"Sigma":1.1567711966319836,"Taucorr":-0.0724755300735021},"Iteration":1},
{"Acceptance":[0.59],"Energy":{"Mean":6.325119043304614,"Sigma":0.3713014423825688,"Taucorr":0.17672498138675063},"EnergyVariance":{"Mean":12.608757606877877,"Sigma":1.4779062024094967,"Taucorr":-0.014966727963467374},"Iteration":2},
{"Acceptance":[0.4918181818181818],"Energy":{"Mean":4.215094636843,"Sigma":0.5205185064209168,"Taucorr":0.572122922164181},"EnergyVariance":{"Mean":14.990708005295648,"Sigma":2.191349272820083,"Taucorr":0.38933478724873616},"Iteration":3},
{"Acceptance":[0.4218181818181818],"Energy":{"Mean":1.8851200815482754,"Sigma":0.5349425238702518,"Taucorr":0.6227234478780714},"EnergyVariance":{"Mean":15.826910474226327,"Sigma":3.276475762096443,"Taucorr":0.6515851377415267},"Iteration":4},
{"Acceptance":[0.3618181818181818],"Energy":{"Mean":1.3678282375515278,"Sigma":0.42153452221428805,"Taucorr":0.47694544495308056},"EnergyVariance":{"Mean":15.309956838475356,"Sigma":2.089002646475661,"Taucorr":-0.15781152206456622},"Iteration":5},
{"Acceptance":[0.285],"Energy":{"Mean":0.0192846553933584,"Sigma":0.5579439666386563,"Taucorr":0.7159722837795672},"EnergyVariance":{"Mean":19.151328913024813,"Sigma":2.9896024956998954,"Taucorr":0.016442067539055638},"Iteration":6},
{"Acceptance":[0.24545454545454545],"Energy":{"Mean":-2.0970880587131533,"Sigma":0.31769120774385395,"Taucorr":0.47301632394585236},"EnergyVariance":{"Mean":8.673390003938135,"Sigma":1.291507571657903,"Taucorr":0.05815931032923072},"Iteration":7},
{"Acceptance":[0.23045454545454547],"Energy":{"Mean":-1.394784490742832,"Sigma":0.40481468877814347,"Taucorr":0.36055559001218973},"EnergyVariance":{"Mean":17.612997787104877,"Sigma":2.8476567916047064,"Taucorr":0.1214464554814566},"Iteration":8},
{"Acceptance":[0.18727272727272729],"Energy":{"Mean":-3.8044606534773266,"Sigma":0.3011724845300647,"Taucorr":0.3127965725772226},"EnergyVariance":{"Mean":7.818165195103188,"Sigma":2.4467230992175146,"Taucorr":-0.023733937002653915},"Iteration":9},
{"Acceptance":[0.1690909090909091],"Energy":{"Mean":-3.6592579010900232,"Sigma":0.3795015200620837,"Taucorr":0.48575526109625666},"EnergyVariance":{"Mean":12.123588894771014,"Sigma":3.746844932709686,"Taucorr":0.6351824952791603},"Iteration":10},
{"Acceptance":[0.16],"Energy":{"Mean":-3.904469169574577,"Sigma":0.30607372807587857,"Taucorr":0.32450360944171786},"EnergyVariance":{"Mean":17.112512055423213,"Sigma":4.511787334523634,"Taucorr":0.05398021311764367},"Iteration":11},
{"Acceptance":[0.14545454545454545],"Energy":{"Mean":-4.716132813841373,"Sigma":0.2703722923264444,"Taucorr":0.47018567668663713},"EnergyVariance":{"Mean":8.392533692869039,"Sigma":2.8288091532184754,"Taucorr":0.279102846720523},"Iteration":12},
{"Acceptance":[0.13045454545454546],"Energy":{"Mean":-4.524089576915003,"Sigma":0.3201468603081996,"Taucorr":0.7662813121308774},"EnergyVariance":{"Mean":10.105662862307796,"Sigma":3.5102632758448173,"Taucorr":0.5045698174044593},"Iteration":13},
{"Acceptance":[0.12],"Energy":{"Mean":-4.889713945317405,"Sigma":0.3179713892789281,"Taucorr":0.21358866671381904},"EnergyVariance":{"Mean":18.181849310464752,"Sigma":9.082886389971842,"Taucorr":0.03236218848653738},"Iteration":14},
{"Acceptance":[0.115],"Energy":{"Mean":-5.379888336152535,"Sigma":0.30233021865008436,"Taucorr":0.5841192201134424},"EnergyVariance":{"Mean":8.97905783081139,"Sigma":5.7721785980465645,"Taucorr":0.36315212934266194},"Iteration":15},
{"Acceptance":[0.12136363636363637],"Energy":{"Mean":-5.7860777438925055,"Sigma":0.38925223568585554,"Taucorr":0.754725566093182},"EnergyVariance":{"Mean":27.93882389459684,"Sigma":22.626579980383887,"Taucorr":0.18526730590295581},"Iteration":16},
{"Acceptance":[0.10636363636363637],"Energy":{"Mean":-5.915354090821571,"Sigma":0.16217910611568293,"Taucorr":-0.05176373779669091},"EnergyVariance":{"Mean":7.415660066417909,"Sigma":2.7549446100215174,"Taucorr":-0.0438295803437474},"Iteration":17},
{"Acceptance":[0.0959090909090909],"Energy":{"Mean":-5.572355368798833,"Sigma":0.197417861050151,"Taucorr":0.2207506008998522},"EnergyVariance":{"Mean":2.842870301748296,"Sigma":1.0928608715597852,"Taucorr":0.022893653565208782},"Iteration":18},
{"Acceptance":[0.10227272727272728],"Energy":{"Mean":-5.586206751477242,"Sigma":0.1875590903875646,"Taucorr":0.21461863326808117},"EnergyVariance":{"Mean":5.0360662511624295,"Sigma":2.809764282698093,"Taucorr":0.11005626404483404},"Iteration":19},
{"Acceptance":[0.09],"Energy":{"Mean":-6.240350077173391,"Sigma":0.3347442178925033,"Taucorr":0.4727441045907136},"EnergyVariance":{"Mean":6.016510502417029,"Sigma":2.91951889503812,"Taucorr":0.5730289538970397},"Iteration":20},
{"Acceptance":[0.065],"Energy":{"Mean":-5.698980986267345,"Sigma":0.25800775041304547,"Taucorr":-0.1235952174751409},"EnergyVariance":{"Mean":10.293624155796582,"Sigma":7.786270975970986,"Taucorr":0.8960094770837363},"Iteration":21},
{"Acceptance":[0.09727272727272727],"Energy":{"Mean":-5.449752939135714,"Sigma":0.34667685733760967,"Taucorr":0.7422558543653133},"EnergyVariance":{"Mean":4.680057239389066,"Sigma":2.3930990013111555,"Taucorr":0.524850474940312},"Iteration":22},
{"Acceptance":[0.09227272727272727],"Energy":{"Mean":-6.079971431001427,"Sigma":0.19114873280370603,"Taucorr":0.07823773162329206},"EnergyVariance":{"Mean":3.091774170688195,"Sigma":1.2249871408890136,"Taucorr":-0.03743648106883174},"Iteration":23},
{"Acceptance":[0.08590909090909091],"Energy":{"Mean":-6.1708320214730366,"Sigma":0.3933796037247076,"Taucorr":0.15155230154762234},"EnergyVariance":{"Mean":17.413382300865546,"Sigma":9.136355268884865,"Taucorr":0.2124430099003084},"Iteration":24},
{"Acceptance":[0.09],"Energy":{"Mean":-6.750650061216907,"Sigma":0.3296291265794688,"Taucorr":0.22693145243107304},"EnergyVariance":{"Mean":12.675298961682593,"Sigma":7.911405110210902,"Taucorr":0.5151526209321269},"Iteration":25},
{"Acceptance":[0.07545454545454545],"Energy":{"Mean":-6.260839699117498,"Sigma":0.0917294923559439,"Taucorr":-0.019855112720274626},"EnergyVariance":{"Mean":0.8554589329991757,"Sigma":0.3882838766793724,"Taucorr":0.3545639099693646},"Iteration":26},
{"Acceptance":[0.08727272727272728],"Energy":{"Mean":-5.92132288166708,"Sigma":0.4003353115370868,"Taucorr":0.5513825127050997},"EnergyVariance":{"Mean":7.39838572337564,"Sigma":4.132862725907567,"Taucorr":0.10688682167442332},"Iteration":27},
{"Acceptance":[0.09318181818181819],"Energy":{"Mean":-6.13199773433698,"Sigma":0.21411754501119126,"Taucorr":-0.10776720517950183},"EnergyVariance":{"Mean":21.988183347800266,"Sigma":20.1401745910316,"Taucorr":0.02372039740554599},"Iteration":28},
{"Acceptance":[0.08363636363636363],"Energy":{"Mean":-6.044496143655953,"Sigma":0.17782699222594012,"Taucorr":0.32439488594917953},"EnergyVariance":{"Mean":1.977864632344114,"Sigma":0.5820798117832079,"Taucorr":0.34765778730455166},"Iteration":29},
{"Acceptance":[0.08181818181818182],"Energy":{"Mean":-6.284674412437456,"Sigma":0.17316189580436941,"Taucorr":-0.09335823542751859},"EnergyVariance":{"Mean":3.742316432460572,"Sigma":2.061201039207815,"Taucorr":0.011749068892373704},"Iteration":30},
{"Acceptance":[0.09454545454545454],"Energy":{"Mean":-5.85809290156848,"Sigma":0.3150482640198575,"Taucorr":0.20951992261388985},"EnergyVariance":{"Mean":6.976563405090642,"Sigma":3.3792251834425007,"Taucorr":0.005656431152899488},"Iteration":31},
{"Acceptance":[0.07909090909090909],"Energy":{"Mean":-6.222573918161225,"Sigma":0.23340654039765554,"Taucorr":0.1893580225014012},"EnergyVariance":{"Mean":3.9061816520939945,"Sigma":2.299645294192187,"Taucorr":-0.011435708163615},"Iteration":32},
{"Acceptance":[0.08863636363636364],"Energy":{"Mean":-6.299321337593672,"Sigma":0.19960094863754532,"Taucorr":0.8743646886810452},"EnergyVariance":{"Mean":1.4014368433914945,"Sigma":0.7161964256476683,"Taucorr":0.7441746979093966},"Iteration":33},
{"Acceptance":[0.09181818181818181],"Energy":{"Mean":-5.992036247471543,"Sigma":0.22379749368172425,"Taucorr":0.4481949413212649},"EnergyVariance":{"Mean":2.834072753412803,"Sigma":0.9174849078470738,"Taucorr":0.7270023075691385},"Iteration":34},
{"Acceptance":[0.08772727272727272],"Energy":{"Mean":-5.740101519455658,"Sigma":0.408441612490679,"Taucorr":0.6046034527338573},"EnergyVariance":{"Mean":7.696186171146853,"Sigma":5.849399496767196,"Taucorr":0.504096875240529},"Iteration":35},
{"Acceptance":[0.09136363636363637],"Energy":{"Mean":-6.149843071246334,"Sigma":0.23077672109933403,"Taucorr":0.6647423477945771},"EnergyVariance":{"Mean":2.4127582747815026,"Sigma":0.6852350631434027,"Taucorr":0.47980125978443156},"Iteration":36},
{"Acceptance":[0.09681818181818182],"Energy":{"Mean":-6.913785092351967,"Sigma":0.4276877293328529,"Taucorr":-0.09605133832604063},"EnergyVariance":{"Mean":41.93961730868239,"Sigma":40.62242640260239,"Taucorr":0.0028222945701754654},"Iteration":37},
{"Acceptance":[0.0809090909090909],"Energy":{"Mean":-6.258141701655127,"Sigma":0.13267181096288697,"Taucorr":-0.17030333787949625},"EnergyVariance":{"Mean":2.971723590705906,"Sigma":0.9958881270670621,"Taucorr":0.43640302931195374},"Iteration":38},
{"Acceptance":[0.10454545454545454],"Energy":{"Mean":-6.533475275982317,"Sigma":0.34737641666896707,"Taucorr":-0.010123756566899844},"EnergyVariance":{"Mean":12.89713579694539,"Sigma":5.886875048846892,"Taucorr":-0.03621182814529439},"Iteration":39},
{"Acceptance":[0.08409090909090909],"Energy":{"Mean":-6.195784982046931,"Sigma":0.2601984656687623,"Taucorr":0.0963076715026171},"EnergyVariance":{"Mean":6.0244592348361685,"Sigma":3.439702296186615,"Taucorr":-0.007189313547970699},"Iteration":40},
{"Acceptance":[0.08954545454545454],"Energy":{"Mean":-6.452736432121008,"Sigma":0.1381631299387615,"Taucorr":0.5098413358562477},"EnergyVariance":{"Mean":1.0502418974228551,"Sigma":0.3505692923935419,"Taucorr":0.16247874651447014},"Iteration":41},
{"Acceptance":[0.09727272727272727],"Energy":{"Mean":-6.272044608533599,"Sigma":0.41663329046100456,"Taucorr":0.5751813801030505},"EnergyVariance":{"Mean":8.117195304163983,"Sigma":6.732236129282584,"Taucorr":0.5004153481505849},"Iteration":42},
{"Acceptance":[0.08727272727272728],"Energy":{"Mean":-6.338180564769369,"Sigma":0.10768564650008872,"Taucorr":0.5119267822425106},"EnergyVariance":{"Mean":0.6065137426231705,"Sigma":0.1490518637432069,"Taucorr":0.5479058977395768},"Iteration":43},
{"Acceptance":[0.10045454545454545],"Energy":{"Mean":-6.9822611192353605,"Sigma":0.4212613811025708,"Taucorr":-0.22020800870950252},"EnergyVariance":{"Mean":31.24817305841283,"Sigma":19.482505218684015,"Taucorr":0.2842545460547339},"Iteration":44},
{"Acceptance":[0.09818181818181818],"Energy":{"Mean":-6.8876373020934185,"Sigma":0.45629090367463576,"Taucorr":0.9428693301401179},"EnergyVariance":{"Mean":7.331677380230463,"Sigma":5.680030480016522,"Taucorr":0.9632664939072821},"Iteration":45},
{"Acceptance":[0.09545454545454546],"Energy":{"Mean":-7.239782192379896,"Sigma":0.6277860155523569,"Taucorr":0.14720498515687475},"EnergyVariance":{"Mean":30.066680836395516,"Sigma":19.564426777186732,"Taucorr":0.35908318162330644},"Iteration":46},
{"Acceptance":[0.10772727272727273],"Energy":{"Mean":-6.467733827482865,"Sigma":0.32584191241869864,"Taucorr":0.532242714636759},"EnergyVariance":{"Mean":5.1959950210425445,"Sigma":2.499986543364955,"Taucorr":0.139685054471682},"Iteration":47},
{"Acceptance":[0.08863636363636364],"Energy":{"Mean":-6.307648071613505,"Sigma":0.09335418067192604,"Taucorr":-0.17083738507894347},"EnergyVariance":{"Mean":1.453673817305186,"Sigma":0.519051439651783,"Taucorr":0.3461247443955142},"Iteration":48},
{"Acceptance":[0.10636363636363637],"Energy":{"Mean":-6.196115275705131,"Sigma":0.2083562915311943,"Taucorr":0.5205699841024996},"EnergyVariance":{"Mean":2.2000613985509148,"Sigma":0.5126961652874938,"Taucorr":0.06047208679045113},"Iteration":49},
{"Acceptance":[0.12318181818181818],"Energy":{"Mean":-7.797971574919633,"Sigma":0.9994686818098499,"Taucorr":0.2715856603817721},"EnergyVariance":{"Mean":71.97216171730635,"Sigma":56.39701514197384,"Taucorr":0.22633194573484894},"Iteration":50},
{"Acceptance":[0.09954545454545455],"Energy":{"Mean":-6.222641458389296,"Sigma":0.2211429099517938,"Taucorr":0.3665811132537311},"EnergyVariance":{"Mean":3.156659810836863,"Sigma":1.1390142267755259,"Taucorr":0.3212157315714169},"Iteration":51},
{"Acceptance":[0.10909090909090909],"Energy":{"Mean":-6.6604435765748145,"Sigma":0.16570329965186584,"Taucorr":-0.1743119947852862},"EnergyVariance":{"Mean":4.299387909456088,"Sigma":2.2341867075691306,"Taucorr":0.2409947861509416},"Iteration":52},
{"Acceptance":[0.10909090909090909],"Energy":{"Mean":-6.604095543415198,"Sigma":0.17609312500209817,"Taucorr":0.26329129845934485},"EnergyVariance":{"Mean":1.9715987251975018,"Sigma":1.0028091057394244,"Taucorr":-0.007105389269921436},"Iteration":53},
{"Acceptance":[0.10909090909090909],"Energy":{"Mean":-6.681195312242623,"Sigma":0.1407968296549545,"Taucorr":0.2645722120509497},"EnergyVariance":{"Mean":1.2560824045044359,"Sigma":0.3587312258622546,"Taucorr":0.5231457498351391},"Iteration":54},
{"Acceptance":[0.1318181818181818],"Energy":{"Mean":-7.357639868728495,"Sigma":0.6797680667459813,"Taucorr":0.33557173251395844},"EnergyVariance":{"Mean":29.97033335470999,"Sigma":20.252429271765,"Taucorr":0.3108214984517582},"Iteration":55},
{"Acceptance":[0.12818181818181817],"Energy":{"Mean":-6.698019051336664,"Sigma":0.22317060311143477,"Taucorr":0.21784083020766898},"EnergyVariance":{"Mean":3.781138419888507,"Sigma":1.5082286854486264,"Taucorr":0.2877334265604994},"Iteration":56},
{"Acceptance":[0.1340909090909091],"Energy":{"Mean":-6.809953957008489,"Sigma":0.18404709100869676,"Taucorr":-0.15227709026351538},"EnergyVariance":{"Mean":4.719963792031225,"Sigma":2.1078781156435196,"Taucorr":0.006018044243515597},"Iteration":57},
{"Acceptance":[0.12818181818181817],"Energy":{"Mean":-6.701855643847188,"Sigma":0.1711458108347188,"Taucorr":0.31300554240592704},"EnergyVariance":{"Mean":1.7192238861280087,"Sigma":0.4897312947705949,"Taucorr":0.2711923396157063},"Iteration":58},
{"Acceptance":[0.1368181818181818],"Energy":{"Mean":-6.359176148127235,"Sigma":0.26504330077876587,"Taucorr":0.4359227652601906},"EnergyVariance":{"Mean":4.002596521121251,"Sigma":1.0542603262651784,"Taucorr":0.21192223981698055},"Iteration":59},
{"Acceptance":[0.12181818181818181],"Energy":{"Mean":-7.074927721881733,"Sigma":0.14597367459703084,"Taucorr":0.36556417677330577},"EnergyVariance":{"Mean":1.1730500020123227,"Sigma":0.3424988096002682,"Taucorr":0.3449236650154398},"Iteration":60},
{"Acceptance":[0.12818181818181817],"Energy":{"Mean":-6.77814891443295,"Sigma":0.18486783845532143,"Taucorr":0.3033300420274003},"EnergyVariance":{"Mean":2.0228319187167947,"Sigma":0.5875464558902742,"Taucorr":0.048592928369776245},"Iteration":61},
{"Acceptance":[0.11181818181818182],"Energy":{"Mean":-7.015080503329381,"Sigma":0.12110554662858387,"Taucorr":0.5317291573204885},"EnergyVariance":{"Mean":0.6792476645342813,"Sigma":0.16588353312773743,"Taucorr":0.5714541418036372},"Iteration":62},
{"Acceptance":[0.13363636363636364],"Energy":{"Mean":-6.772884910441419,"Sigma":0.3200819751472038,"Taucorr":0.2667617596405688},"EnergyVariance":{"Mean":7.032840705642474,"Sigma":2.449814885131909,"Taucorr":0.25909640051381966},"Iteration":63},
{"Acceptance":[0.14272727272727273],"Energy":{"Mean":-6.326609978860008,"Sigma":0.28189474954861304,"Taucorr":0.018907379516074685},"EnergyVariance":{"Mean":8.615275720428393,"Sigma":4.83464283200945,"Taucorr":0.03942495930361356},"Iteration":64},
{"Acceptance":[0.14954545454545454],"Energy":{"Mean":-6.900826422012997,"Sigma":0.2720832213943177,"Taucorr":0.20071166860450096},"EnergyVariance":{"Mean":5.110149921424706,"Sigma":2.093991933180619,"Taucorr":0.09224045925562396},"Iteration":65},
{"Acceptance":[0.13545454545454547],"Energy":{"Mean":-6.961151928347604,"Sigma":0.21073408134084215,"Taucorr":0.02396902162152781},"EnergyVariance":{"Mean":4.133721317965577,"Sigma":1.44584977658758,"Taucorr":-0.035555649738703454},"Iteration":66},
{"Acceptance":[0.13045454545454546],"Energy":{"Mean":-6.640547696203458,"Sigma":0.1868979249276369,"Taucorr":0.23813312637998507},"EnergyVariance":{"Mean":2.253719522179126,"Sigma":0.5742944919613181,"Taucorr":0.6631947442579886},"Iteration":67},
{"Acceptance":[0.14227272727272727],"Energy":{"Mean":-6.780508173535551,"Sigma":0.1837346376132832,"Taucorr":0.14809210918382687},"EnergyVariance":{"Mean":3.1612940866080432,"Sigma":1.5803197621734768,"Taucorr":0.46379738422969374},"Iteration":68},
{"Acceptance":[0.14681818181818182],"Energy":{"Mean":-6.818381283037481,"Sigma":0.37283173985659673,"Taucorr":0.5902509116627448},"EnergyVariance":{"Mean":7.516793172017037,"Sigma":3.052410660492051,"Taucorr":0.402811414411529},"Iteration":69},
{"Acceptance":[0.14727272727272728],"Energy":{"Mean":-7.220733952848366,"Sigma":0.6108790253391437,"Taucorr":0.3262826130564719},"EnergyVariance":{"Mean":23.64745734535669,"Sigma":21.10188576771412,"Taucorr":0.053452673422498265},"Iteration":70},
{"Acceptance":[0.1509090909090909],"Energy":{"Mean":-8.273056060934243,"Sigma":0.9083571714864616,"Taucorr":0.2508915879403256},"EnergyVariance":{"Mean":56.0531097337963,"Sigma":35.098894886514096,"Taucorr":0.12391614721630573},"Iteration":71},
{"Acceptance":[0.12409090909090909],"Energy":{"Mean":-6.865394871716891,"Sigma":0.20539832413665476,"Taucorr":0.5252271158262756},"EnergyVariance":{"Mean":2.450591080150454,"Sigma":1.0024182014791885,"Taucorr":-0.01076790975610492},"Iteration":72},
{"Acceptance":[0.13545454545454547],"Energy":{"Mean":-6.890336590754259,"Sigma":0.20457216755274676,"Taucorr":0.16324839410061665},"EnergyVariance":{"Mean":3.5691313517348715,"Sigma":1.5195644626164067,"Taucorr":0.0010602820856947526},"Iteration":73},
{"Acceptance":[0.13772727272727273],"Energy":{"Mean":-6.402806160398662,"Sigma":0.8219841496342867,"Taucorr":0.023672015882098885},"EnergyVariance":{"Mean":69.26085905019474,"Sigma":39.64409529454794,"Taucorr":0.5839678577943119},"Iteration":74},
{"Acceptance":[0.12954545454545455],"Energy":{"Mean":-6.769481169560636,"Sigma":0.2890161864423577,"Taucorr":0.21131708006809424},"EnergyVariance":{"Mean":6.5755195674373415,"Sigma":4.862474435599269,"Taucorr":0.0018492139569104005},"Iteration":75},
{"Acceptance":[0.12636363636363637],"Energy":{"Mean":-7.090889145056932,"Sigma":0.2411743134518854,"Taucorr":0.7976023497430098},"EnergyVariance":{"Mean":2.158324219747891,"Sigma":1.3554122446645465,"Taucorr":0.934136960795759},"Iteration":76},
{"Acceptance":[0.13454545454545455],"Energy":{"Mean":-6.876281118102387,"Sigma":0.2091849815018744,"Taucorr":0.16538594705700793},"EnergyVariance":{"Mean":3.8779274933435506,"Sigma":1.6968901809886656,"Taucorr":0.003807188547065854},"Iteration":77},
{"Acceptance":[0.12772727272727272],"Energy":{"Mean":-6.686729530626892,"Sigma":0.18436493585882385,"Taucorr":0.44741080804889055},"EnergyVariance":{"Mean":1.7114023798869675,"Sigma":0.4473602326834182,"Taucorr":0.45269064067081555},"Iteration":78},
{"Acceptance":[0.12409090909090909],"Energy":{"Mean":-6.56927307991079,"Sigma":0.14183485294791992,"Taucorr":-0.011275137070067276},"EnergyVariance":{"Mean":1.968027571281319,"Sigma":0.6257746225106777,"Taucorr":0.015158503032454695},"Iteration":79},
{"Acceptance":[0.13136363636363638],"Energy":{"Mean":-6.788396756099805,"Sigma":0.29664472559191235,"Taucorr":0.28953238690913075},"EnergyVariance":{"Mean":6.311543620225225,"Sigma":3.003262901995286,"Taucorr":0.09069031822790696},"Iteration":80},
{"Acceptance":[0.11863636363636364],"Energy":{"Mean":-6.989063691340825,"Sigma":0.22065082963911725,"Taucorr":0.4155114522894817},"EnergyVariance":{"Mean":2.564176250984076,"Sigma":1.2843335935396778,"Taucorr":0.49830626466828853},"Iteration":81},
{"Acceptance":[0.12090909090909091],"Energy":{"Mean":-7.378320886917978,"Sigma":0.35970773936546857,"Taucorr":-0.002934757738906779},"EnergyVariance":{"Mean":13.324438701666825,"Sigma":11.243391327489617,"Taucorr":-0.0021474313389747146},"Iteration":82},
{"Acceptance":[0.12636363636363637],"Energy":{"Mean":-6.857012552972748,"Sigma":0.14132865996067925,"Taucorr":0.49533984800633013},"EnergyVariance":{"Mean":0.963817831628365,"Sigma":0.26757634088312976,"Taucorr":0.45996662552202705},"Iteration":83},
{"Acceptance":[0.12181818181818181],"Energy":{"Mean":-7.102106314829415,"Sigma":0.21569833381367096,"Taucorr":0.053102482841898446},"EnergyVariance":{"Mean":5.3525503651802815,"Sigma":2.2567413839934027,"Taucorr":0.00047331632326885753},"Iteration":84},
{"Acceptance":[0.13272727272727272],"Energy":{"Mean":-6.6203906507924515,"Sigma":0.2593745650886497,"Taucorr":0.3207306478064069},"EnergyVariance":{"Mean":3.930413955284086,"Sigma":1.1604881571814587,"Taucorr":0.3553026592878532},"Iteration":85},
{"Acceptance":[0.12318181818181818],"Energy":{"Mean":-7.142447685759266,"Sigma":0.3122102909905615,"Taucorr":0.4136680695442705},"EnergyVariance":{"Mean":10.018459125374182,"Sigma":5.570496148118747,"Taucorr":0.38596153012680134},"Iteration":86},
{"Acceptance":[0.12954545454545455],"Energy":{"Mean":-7.846544453073908,"Sigma":0.6022906779058914,"Taucorr":0.3554083932092329},"EnergyVariance":{"Mean":21.2214605086531,"Sigma":12.902904778876444,"Taucorr":0.03875925878201203},"Iteration":87},
{"Acceptance":[0.13272727272727272],"Energy":{"Mean":-7.304670112761189,"Sigma":0.6008522905501799,"Taucorr":0.2094899404032754},"EnergyVariance":{"Mean":35.92143971880878,"Sigma":19.579102884330137,"Taucorr":0.0076472914260322655},"Iteration":88},
{"Acceptance":[0.13863636363636364],"Energy":{"Mean":-6.684103376169043,"Sigma":0.3277318245460168,"Taucorr":0.03419272973822862},"EnergyVariance":{"Mean":11.469206436238041,"Sigma":6.575849886167379,"Taucorr":0.003942661776320744},"Iteration":89},
{"Acceptance":[0.14545454545454545],"Energy":{"Mean":-8.81477166694086,"Sigma":1.438416103971246,"Taucorr":0.9812515144296687},"EnergyVariance":{"Mean":67.78643389003149,"Sigma":62.22259813903429,"Taucorr":0.6048533083173893},"Iteration":90},
{"Acceptance":[0.12545454545454546],"Energy":{"Mean":-7.123548656424517,"Sigma":0.2708427945264214,"Taucorr":0.6553670041523192},"EnergyVariance":{"Mean":5.257186491471461,"Sigma":2.782818819779959,"Taucorr":0.07740497335228702},"Iteration":91},
{"Acceptance":[0.10954545454545454],"Energy":{"Mean":-7.2197280247758995,"Sigma":0.12058308642545222,"Taucorr":0.24200553922343482},"EnergyVariance":{"Mean":0.9434038064062629,"Sigma":0.16804294050498322,"Taucorr":0.14776460409237735},"Iteration":92},
{"Acceptance":[0.12681818181818183],"Energy":{"Mean":-7.158599566177251,"Sigma":0.2897482291218395,"Taucorr":-0.1474978367089011},"EnergyVariance":{"Mean":11.779368649896833,"Sigma":8.884571774897825,"Taucorr":0.030777335338314282},"Iteration":93},
{"Acceptance":[0.13954545454545456],"Energy":{"Mean":-7.792687463042895,"Sigma":0.9416990017456125,"Taucorr":1.016047294051497},"EnergyVariance":{"Mean":28.736118153138577,"Sigma":26.031933237405653,"Taucorr":1.019876177622517},"Iteration":94},
{"Acceptance":[0.1340909090909091],"Energy":{"Mean":-7.308288198287318,"Sigma":0.21162827773858464,"Taucorr":0.15055685191353652},"EnergyVariance":{"Mean":5.564526703128195,"Sigma":2.999831897995775,"Taucorr":-0.005526062814101063},"Iteration":95},
{"Acceptance":[0.13954545454545456],"Energy":{"Mean":-6.755875586157319,"Sigma":0.18739012686074857,"Taucorr":0.06592991426325812},"EnergyVariance":{"Mean":7.285059529191935,"Sigma":4.401373051865131,"Taucorr":0.5462391868557974},"Iteration":96},
{"Acceptance":[0.11772727272727272],"Energy":{"Mean":-7.738422551054319,"Sigma":0.24812182648158895,"Taucorr":0.6158589231959093},"EnergyVariance":{"Mean":2.6813898708729367,"Sigma":0.8702100950980317,"Taucorr":0.7458478671686248},"Iteration":97},
{"Acceptance":[0.13045454545454546],"Energy":{"Mean":-7.096604973166428,"Sigma":0.11968067230658211,"Taucorr":0.005881107471296887},"EnergyVariance":{"Mean":1.3789805401690916,"Sigma":0.4223547378525153,"Taucorr":0.08973620652642522},"Iteration":98},
{"Acceptance":[0.14272727272727273],"Energy":{"Mean":-6.810319367881812,"Sigma":0.3088876523594828,"Taucorr":0.13635623876556846},"EnergyVariance":{"Mean":9.580050264117977,"Sigma":7.183422564401018,"Taucorr":-0.007680663813788624},"Iteration":99} 
]}
{"input": {"L": 10, "J": 1, "machine": {"type": "FFNN", "model": ["lncosh", 64, 2]}, "sampler": {"type": "MetropolisHop", "d_max": 5}, "optimizer": {"type": "AdaMax", "alpha": 0.001, "beta1": 0.9, "beta2": 0.999, "epscut": 1e-07}, "VMC": {"n_samples": 100, "discarded_samples": 100, "discarded_samples_on_init": 0, "target": "energy", "method": "Gd", "diag_shift": 0.01, "use_iterative": true, "use_cholesky": true}, "n_iter": 100}}
duration: -1.6663999557495117