{"Output": [
{"Acceptance":[0.9166666666666666],"Energy":{"Mean":7.239392439545196,"Sigma":0.21539254443401631,"Taucorr":0.15110119849370418},"EnergyVariance":{"Mean":3.4270675412590417,"Sigma":0.567866889438094,"Taucorr":-0.0032514797970162324},"Iteration":0},
{"Acceptance":[0.895],"Energy":{"Mean":7.184414849103244,"Sigma":0.21641606340283592,"Taucorr":0.010249625157749187},"EnergyVariance":{"Mean":4.502981610515356,"Sigma":0.6592694276266935,"Taucorr":0.11774843785999223},"Iteration":1},
{"Acceptance":[0.8688888888888889],"Energy":{"Mean":6.8125109420982595,"Sigma":0.255253172410998,"Taucorr":0.1363705795349479},"EnergyVariance":{"Mean":5.08569085827094,"Sigma":0.6888017386862734,"Taucorr":0.20319430258050186},"Iteration":2},
{"Acceptance":[0.865],"Energy":{"Mean":7.567987353135689,"Sigma":0.2806829541553454,"Taucorr":0.2232270124202258},"EnergyVariance":{"Mean":5.459286744375515,"Sigma":0.40480214377161716,"Taucorr":-0.24027817469804874},"Iteration":3},
{"Acceptance":[0.86],"Energy":{"Mean":6.5756030990323096,"Sigma":0.24643026571236548,"Taucorr":0.07230860146063678},"EnergyVariance":{"Mean":5.429680324050649,"Sigma":0.9644970395506647,"Taucorr":0.15153419968489912},"Iteration":4},
{"Acceptance":[0.8255555555555556],"Energy":{"Mean":6.8535461808775615,"Sigma":0.24565492194143052,"Taucorr":0.047066444014086994},"EnergyVariance":{"Mean":5.627250431073494,"Sigma":0.8035402912996604,"Taucorr":0.041601892975150934},"Iteration":5},
{"Acceptance":[0.8311111111111111],"Energy":{"Mean":6.820717837104223,"Sigma":0.22323588226688285,"Taucorr":-0.0022531509612428446},"EnergyVariance":{"Mean":5.328968339036042,"Sigma":0.6592783790057125,"Taucorr":-0.12142075321766782},"Iteration":6},
{"Acceptance":[0.8161111111111111],"Energy":{"Mean":6.516120388969059,"Sigma":0.2235403824048846,"Taucorr":0.01990631464450432},"EnergyVariance":{"Mean":5.263879847899803,"Sigma":0.7198822583629645,"Taucorr":0.06442121703742176},"Iteration":7},
{"Acceptance":[0.8133333333333334],"Energy":{"Mean":6.352440784516384,"Sigma":0.23332086004850014,"Taucorr":0.04546625139085947},"EnergyVariance":{"Mean":5.716530371787837,"Sigma":0.6532353075247633,"Taucorr":-0.0748568233442915},"Iteration":8},
{"Acceptance":[0.7938888888888889],"Energy":{"Mean":5.951936706575824,"Sigma":0.18242112795549392,"Taucorr":-0.08333818987551223},"EnergyVariance":{"Mean":4.651405688557506,"Sigma":0.6389488197899769,"Taucorr":-0.06678826617477596},"Iteration":9},
{"Acceptance":[0.7688888888888888],"Energy":{"Mean":6.448456570863875,"Sigma":0.27268911206132596,"Taucorr":0.39390404607169593},"EnergyVariance":{"Mean":5.387616714249772,"Sigma":0.6121044356140788,"Taucorr":0.10288035496744863},"Iteration":10},
{"Acceptance":[0.775],"Energy":{"Mean":6.413573588469726,"Sigma":0.23962873829136094,"Taucorr":0.09578754420156466},"EnergyVariance":{"Mean":5.865912008465308,"Sigma":0.8009321282403524,"Taucorr":0.2841744822482527},"Iteration":11},
{"Acceptance":[0.7527777777777778],"Energy":{"Mean":5.775944034306205,"Sigma":0.2548495590397518,"Taucorr":0.08981274461054611},"EnergyVariance":{"Mean":6.917312776612951,"Sigma":1.0799974746639331,"Taucorr":0.1492003385818924},"Iteration":12},
{"Acceptance":[0.7605555555555555],"Energy":{"Mean":5.598195827004065,"Sigma":0.2537622230714469,"Taucorr":0.14343484849061305},"EnergyVariance":{"Mean":6.79840160519554,"Sigma":0.6410875843638378,"Taucorr":-0.06139468322376973},"Iteration":13},
{"Acceptance":[0.7355555555555555],"Energy":{"Mean":6.079981996111727,"Sigma":0.2799251472021696,"Taucorr":0.11131388813857135},"EnergyVariance":{"Mean":8.204361382479101,"Sigma":0.9390095720331877,"Taucorr":-0.03648423232606851},"Iteration":14},
{"Acceptance":[0.7255555555555555],"Energy":{"Mean":5.702133721857667,"Sigma":0.3249024407623907,"Taucorr":0.3849737747285077},"EnergyVariance":{"Mean":7.626867042068245,"Sigma":0.9139966121745912,"Taucorr":-0.00332717597706661},"Iteration":15},
{"Acceptance":[0.7111111111111111],"Energy":{"Mean":5.532102737209189,"Sigma":0.2994042865056365,"Taucorr":0.2712010739047359},"EnergyVariance":{"Mean":8.042480050918979,"Sigma":0.9945496240033411,"Taucorr":-0.003651453312600361},"Iteration":16},
{"Acceptance":[0.6966666666666667],"Energy":{"Mean":5.180349166282353,"Sigma":0.26297299032995264,"Taucorr":-0.04430025930988074},"EnergyVariance":{"Mean":9.595040503926594,"Sigma":0.927633241471011,"Taucorr":-0.1828590633945505},"Iteration":17},
{"Acceptance":[0.6833333333333333],"Energy":{"Mean":4.76383786054942,"Sigma":0.2694357449958435,"Taucorr":0.2209978439271797},"EnergyVariance":{"Mean":7.036779257759308,"Sigma":0.8231590740597713,"Taucorr":-0.02181972580407271},"Iteration":18},
{"Acceptance":[0.6644444444444444],"Energy":{"Mean":5.228171572454223,"Sigma":0.2956348304141367,"Taucorr":0.19411032031600517},"EnergyVariance":{"Mean":9.147424045856694,"Sigma":1.0756690537690754,"Taucorr":-0.08430276243542029},"Iteration":19},
{"Acceptance":[0.6577777777777778],"Energy":{"Mean":4.84956872227273,"Sigma":0.32002187940819593,"Taucorr":0.20986924860660672},"EnergyVariance":{"Mean":10.53235005733887,"Sigma":1.6114759001058834,"Taucorr":0.3580652366117475},"Iteration":20},
{"Acceptance":[0.6438888888888888],"Energy":{"Mean":4.475935615090045,"Sigma":0.23294983812910613,"Taucorr":-0.1455354595177037},"EnergyVariance":{"Mean":12.268283412952517,"Sigma":1.1298229232926686,"Taucorr":-0.12680611353089444},"Iteration":21},
{"Acceptance":[0.6033333333333334],"Energy":{"Mean":4.499603595971735,"Sigma":0.3092933773738544,"Taucorr":0.27678169273550934},"EnergyVariance":{"Mean":9.613677428377885,"Sigma":1.2508712126941717,"Taucorr":0.03351055596539265},"Iteration":22},
{"Acceptance":[0.6061111111111112],"Energy":{"Mean":4.455969099095902,"Sigma":0.3280496511882329,"Taucorr":0.17774432432851284},"EnergyVariance":{"Mean":12.231795261060029,"Sigma":1.2108895302377631,"Taucorr":-0.0936735223590503},"Iteration":23},
{"Acceptance":[0.5888888888888889],"Energy":{"Mean":3.8697724288848048,"Sigma":0.3242120051535171,"Taucorr":0.32328729374305953},"EnergyVariance":{"Mean":11.866949293702046,"Sigma":1.2747516213023193,"Taucorr":-0.0473468246384694},"Iteration":24},
{"Acceptance":[0.6022222222222222],"Energy":{"Mean":3.8737475604482645,"Sigma":0.2865473971302623,"Taucorr":0.051040906568068145},"EnergyVariance":{"Mean":11.952872199990356,"Sigma":1.0864190548115402,"Taucorr":0.057287600084272805},"Iteration":25},
{"Acceptance":[0.5916666666666667],"Energy":{"Mean":4.014767419538419,"Sigma":0.29175138886626245,"Taucorr":0.2438266452842276},"EnergyVariance":{"Mean":8.344103355011521,"Sigma":0.7779242099115352,"Taucorr":-0.11208632700044535},"Iteration":26},
{"Acceptance":[0.56],"Energy":{"Mean":3.0993369306919822,"Sigma":0.3449245018413906,"Taucorr":0.2208314412250445},"EnergyVariance":{"Mean":12.583785942874117,"Sigma":1.188016783174738,"Taucorr":-0.05103347340502251},"Iteration":27},
{"Acceptance":[0.5305555555555556],"Energy":{"Mean":3.2926976970821666,"Sigma":0.3327021976905686,"Taucorr":0.135372436782222},"EnergyVariance":{"Mean":14.63529239856151,"Sigma":2.123416888361245,"Taucorr":0.14488643643889776},"Iteration":28},
{"Acceptance":[0.5611111111111111],"Energy":{"Mean":2.9850664280327126,"Sigma":0.23114520971757455,"Taucorr":-0.045243209552782104},"EnergyVariance":{"Mean":11.398299020961591,"Sigma":1.777489329380086,"Taucorr":-0.08296446455888956},"Iteration":29},
{"Acceptance":[0.5283333333333333],"Energy":{"Mean":2.5584912576603625,"Sigma":0.3507961081434419,"Taucorr":0.23651085217747092},"EnergyVariance":{"Mean":13.95997680640255,"Sigma":1.579230824582341,"Taucorr":0.1530684034310953},"Iteration":30},
{"Acceptance":[0.5466666666666666],"Energy":{"Mean":3.007655454344265,"Sigma":0.43442870683291807,"Taucorr":0.620393703927808},"EnergyVariance":{"Mean":15.839395974897306,"Sigma":2.865536785072315,"Taucorr":0.35794736018442774},"Iteration":31},
{"Acceptance":[0.5094444444444445],"Energy":{"Mean":2.19325363033359,"Sigma":0.36044277637726585,"Taucorr":0.40929533318041533},"EnergyVariance":{"Mean":12.152308257742959,"Sigma":1.3248307336115837,"Taucorr":0.0033226996477839776},"Iteration":32},
{"Acceptance":[0.5105555555555555],"Energy":{"Mean":1.555025700946085,"Sigma":0.3852375923749245,"Taucorr":0.4137979895989199},"EnergyVariance":{"Mean":14.253729002920819,"Sigma":1.7147944601152483,"Taucorr":0.11023203280640426},"Iteration":33},
{"Acceptance":[0.505],"Energy":{"Mean":1.696113142387116,"Sigma":0.3536962691546342,"Taucorr":0.2095021244347438},"EnergyVariance":{"Mean":17.04543222392611,"Sigma":2.350185605973635,"Taucorr":0.1670617704305951},"Iteration":34},
{"Acceptance":[0.4766666666666667],"Energy":{"Mean":1.621989859864246,"Sigma":0.36659827412401264,"Taucorr":0.44550528048358506},"EnergyVariance":{"Mean":14.016106442197325,"Sigma":1.7933341711080324,"Taucorr":-0.03280619786913286},"Iteration":35},
{"Acceptance":[0.4666666666666667],"Energy":{"Mean":0.5986671425951103,"Sigma":0.2961208102326861,"Taucorr":0.32056386818589333},"EnergyVariance":{"Mean":10.108551971583859,"Sigma":0.6415663767252847,"Taucorr":-0.2748977251484026},"Iteration":36},
{"Acceptance":[0.44555555555555554],"Energy":{"Mean":1.0297053223471098,"Sigma":0.28275279151168087,"Taucorr":0.12571170968433332},"EnergyVariance":{"Mean":11.18278246970339,"Sigma":1.4479620294915363,"Taucorr":-0.07325473572170049},"Iteration":37},
{"Acceptance":[0.4361111111111111],"Energy":{"Mean":0.38598719061859105,"Sigma":0.26452356312198977,"Taucorr":0.5383148906530524},"EnergyVariance":{"Mean":9.698655533970058,"Sigma":1.3923530455382316,"Taucorr":0.09013552693466209},"Iteration":38},
{"Acceptance":[0.45166666666666666],"Energy":{"Mean":1.4517853023965266,"Sigma":0.3204126458198906,"Taucorr":0.2439856713890015},"EnergyVariance":{"Mean":14.910887373151782,"Sigma":2.107433439484216,"Taucorr":0.156482340348987},"Iteration":39},
{"Acceptance":[0.43722222222222223],"Energy":{"Mean":0.9019245810164734,"Sigma":0.31996312847783537,"Taucorr":0.3615196774566839},"EnergyVariance":{"Mean":13.770552105883814,"Sigma":3.2124997733473397,"Taucorr":0.4191964843666719},"Iteration":40},
{"Acceptance":[0.40555555555555556],"Energy":{"Mean":0.3404866740117386,"Sigma":0.3150900695378417,"Taucorr":0.15746261382742577},"EnergyVariance":{"Mean":13.590537662632824,"Sigma":1.529679916652561,"Taucorr":0.06369630884416666},"Iteration":41},
{"Acceptance":[0.39055555555555554],"Energy":{"Mean":0.018059967147603925,"Sigma":0.3324653375642275,"Taucorr":0.34108223651116387},"EnergyVariance":{"Mean":12.848298251308053,"Sigma":1.9727360421826579,"Taucorr":0.3375721120956524},"Iteration":42},
{"Acceptance":[0.3972222222222222],"Energy":{"Mean":-0.08617341557618005,"Sigma":0.3028440603978191,"Taucorr":0.2259570451102767},"EnergyVariance":{"Mean":11.350755929790246,"Sigma":1.0466457482091298,"Taucorr":-0.05981729956034021},"Iteration":43},
{"Acceptance":[0.3927777777777778],"Energy":{"Mean":-0.14860721037501717,"Sigma":0.3162264709844566,"Taucorr":0.22591126326884559},"EnergyVariance":{"Mean":14.542597781432425,"Sigma":2.0441343308078035,"Taucorr":0.0583660779800953},"Iteration":44},
{"Acceptance":[0.415],"Energy":{"Mean":-0.2926910799525702,"Sigma":0.3533858107217542,"Taucorr":0.5040210116534645},"EnergyVariance":{"Mean":13.371775866421629,"Sigma":2.476845478625684,"Taucorr":0.14180605094313403},"Iteration":45},
{"Acceptance":[0.38722222222222225],"Energy":{"Mean":-0.8883192823940581,"Sigma":0.21174343452487893,"Taucorr":0.005450662955078012},"EnergyVariance":{"Mean":8.776849740924366,"Sigma":1.2936803111652038,"Taucorr":0.23553639365921297},"Iteration":46},
{"Acceptance":[0.36944444444444446],"Energy":{"Mean":-0.742711188597716,"Sigma":0.3579896899090252,"Taucorr":0.36397668457516863},"EnergyVariance":{"Mean":19.724486079548853,"Sigma":3.573264548705634,"Taucorr":0.49706499504555246},"Iteration":47},
{"Acceptance":[0.35055555555555556],"Energy":{"Mean":-1.4036038775750712,"Sigma":0.33847954802333735,"Taucorr":0.4843353197401411},"EnergyVariance":{"Mean":12.623833736648233,"Sigma":2.6355290319687685,"Taucorr":0.15617094143606858},"Iteration":48},
{"Acceptance":[0.35388888888888886],"Energy":{"Mean":-1.1522651184809858,"Sigma":0.31262977754895954,"Taucorr":0.3156496906542239},"EnergyVariance":{"Mean":13.840426003721957,"Sigma":2.805913984806719,"Taucorr":0.12523761341664308},"Iteration":49},
{"Acceptance":[0.3516666666666667],"Energy":{"Mean":-1.2018040797981433,"Sigma":0.37956090733943815,"Taucorr":0.715231260709825},"EnergyVariance":{"Mean":14.590865465781668,"Sigma":3.4159130177865786,"Taucorr":0.26181967474045287},"Iteration":50},
{"Acceptance":[0.3244444444444444],"Energy":{"Mean":-1.6384708101583634,"Sigma":0.24324161908550432,"Taucorr":0.09547281472560099},"EnergyVariance":{"Mean":11.668158327248097,"Sigma":2.840209271509017,"Taucorr":0.23621480970281883},"Iteration":51},
{"Acceptance":[0.3338888888888889],"Energy":{"Mean":-1.583500714966012,"Sigma":0.33565002215512885,"Taucorr":0.4411180804315129},"EnergyVariance":{"Mean":14.988637884675427,"Sigma":2.4952123250169826,"Taucorr":0.21495874502076295},"Iteration":52},
{"Acceptance":[0.28833333333333333],"Energy":{"Mean":-3.054024297906959,"Sigma":0.26779358852345536,"Taucorr":0.30760786930832185},"EnergyVariance":{"Mean":9.367410050926326,"Sigma":1.880385523385706,"Taucorr":0.5824530174411267},"Iteration":53},
{"Acceptance":[0.3372222222222222],"Energy":{"Mean":-1.7954465646687228,"Sigma":0.3109034211837853,"Taucorr":0.5168783682731561},"EnergyVariance":{"Mean":11.063772288739651,"Sigma":2.2473033075814093,"Taucorr":0.10333587339476158},"Iteration":54},
{"Acceptance":[0.31833333333333336],"Energy":{"Mean":-2.376006140027181,"Sigma":0.40126529788903714,"Taucorr":0.45953936003043816},"EnergyVariance":{"Mean":24.235714156866543,"Sigma":5.294535230797134,"Taucorr":0.16972451100966934},"Iteration":55},
{"Acceptance":[0.295],"Energy":{"Mean":-2.818453764112573,"Sigma":0.30249969968536844,"Taucorr":0.23638657518906125},"EnergyVariance":{"Mean":14.35737753240114,"Sigma":3.0992791631038785,"Taucorr":0.34197017253488726},"Iteration":56},
{"Acceptance":[0.2733333333333333],"Energy":{"Mean":-3.064787895388559,"Sigma":0.39527343357932543,"Taucorr":0.5564852490203664},"EnergyVariance":{"Mean":16.406318858334078,"Sigma":2.9353953283340752,"Taucorr":0.10728068059945617},"Iteration":57},
{"Acceptance":[0.27944444444444444],"Energy":{"Mean":-2.6155400381939584,"Sigma":0.3068698054942608,"Taucorr":0.3773606496576557},"EnergyVariance":{"Mean":13.614997553667335,"Sigma":2.1882696895968254,"Taucorr":0.20508320219855636},"Iteration":58},
{"Acceptance":[0.23666666666666666],"Energy":{"Mean":-4.274999274812883,"Sigma":0.2538794452013325,"Taucorr":0.18466346593323202},"EnergyVariance":{"Mean":7.764357815607477,"Sigma":0.805308960562945,"Taucorr":0.0864150492176251},"Iteration":59},
{"Acceptance":[0.2594444444444444],"Energy":{"Mean":-3.3495130329086806,"Sigma":0.29093395507386915,"Taucorr":0.36835366327123154},"EnergyVariance":{"Mean":9.674657100645305,"Sigma":1.4954094278568868,"Taucorr":-0.013815674611332873},"Iteration":60},
{"Acceptance":[0.2538888888888889],"Energy":{"Mean":-3.602518665812357,"Sigma":0.3936585563567021,"Taucorr":0.6041489137849254},"EnergyVariance":{"Mean":12.028161447138668,"Sigma":1.333612714210138,"Taucorr":0.12797823565683497},"Iteration":61},
{"Acceptance":[0.2411111111111111],"Energy":{"Mean":-3.9642069378492764,"Sigma":0.3454165530965017,"Taucorr":0.5467972360025921},"EnergyVariance":{"Mean":13.332912331267407,"Sigma":3.4890777276682905,"Taucorr":0.42080261351924964},"Iteration":62},
{"Acceptance":[0.2511111111111111],"Energy":{"Mean":-4.168254380872337,"Sigma":0.364874736316469,"Taucorr":0.48192242189911505},"EnergyVariance":{"Mean":15.213595991660712,"Sigma":2.559654709469245,"Taucorr":0.22542300228659706},"Iteration":63},
{"Acceptance":[0.22611111111111112],"Energy":{"Mean":-3.7190853019274916,"Sigma":0.30209737018563815,"Taucorr":0.27863447808031394},"EnergyVariance":{"Mean":20.342455649455875,"Sigma":8.507195683959594,"Taucorr":0.49239336026303915},"Iteration":64},
{"Acceptance":[0.2411111111111111],"Energy":{"Mean":-4.3701497146265424,"Sigma":0.3648637647130258,"Taucorr":0.5793069771823234},"EnergyVariance":{"Mean":11.377009716830898,"Sigma":2.3180661905580218,"Taucorr":0.3619405305662551},"Iteration":65},
{"Acceptance":[0.25055555555555553],"Energy":{"Mean":-3.863503640611326,"Sigma":0.3269637820011841,"Taucorr":0.40222107184876577},"EnergyVariance":{"Mean":18.244742574547626,"Sigma":4.114344941823955,"Taucorr":0.16760104391146935},"Iteration":66},
{"Acceptance":[0.2088888888888889],"Energy":{"Mean":-4.533781055583073,"Sigma":0.2741354604600213,"Taucorr":0.15114228522253237},"EnergyVariance":{"Mean":24.98674838924779,"Sigma":8.597649441654168,"Taucorr":0.3660561743838079},"Iteration":67},
{"Acceptance":[0.1922222222222222],"Energy":{"Mean":-5.438623886654414,"Sigma":0.35651968613499574,"Taucorr":0.6721883915649582},"EnergyVariance":{"Mean":13.184956553265033,"Sigma":3.3995668913151587,"Taucorr":0.2889647944302981},"Iteration":68},
{"Acceptance":[0.165],"Energy":{"Mean":-5.34913664243288,"Sigma":0.353707525389476,"Taucorr":0.645531325479598},"EnergyVariance":{"Mean":8.339949922246971,"Sigma":1.705520900849077,"Taucorr":0.3499267041997677},"Iteration":69},
{"Acceptance":[0.1638888888888889],"Energy":{"Mean":-5.48251483894608,"Sigma":0.41004364969880264,"Taucorr":0.8190638988798635},"EnergyVariance":{"Mean":8.17169543161887,"Sigma":0.9995698704480699,"Taucorr":0.19198266340251435},"Iteration":70},
{"Acceptance":[0.15444444444444444],"Energy":{"Mean":-5.595633904361012,"Sigma":0.342636058441516,"Taucorr":0.5661165672248942},"EnergyVariance":{"Mean":12.335710500182033,"Sigma":3.5768144063260836,"Taucorr":0.2814616632368202},"Iteration":71},
{"Acceptance":[0.12611111111111112],"Energy":{"Mean":-6.3378072268702486,"Sigma":0.3155706929215143,"Taucorr":0.7740385929139395},"EnergyVariance":{"Mean":8.478506006824414,"Sigma":2.5921577696487734,"Taucorr":0.0712673630924956},"Iteration":72},
{"Acceptance":[0.13555555555555557],"Energy":{"Mean":-5.569402932888754,"Sigma":0.3033207412164028,"Taucorr":0.39190798011541284},"EnergyVariance":{"Mean":9.275920139817151,"Sigma":1.8893804489329369,"Taucorr":0.0487692546423284},"Iteration":73},
{"Acceptance":[0.13166666666666665],"Energy":{"Mean":-6.221083389060311,"Sigma":0.3879797494272525,"Taucorr":0.6164712114304027},"EnergyVariance":{"Mean":22.840885977734608,"Sigma":9.81570024657843,"Taucorr":0.11607725059978247},"Iteration":74},
{"Acceptance":[0.09666666666666666],"Energy":{"Mean":-6.564573325396409,"Sigma":0.33899162728649795,"Taucorr":0.6334255354934069},"EnergyVariance":{"Mean":17.374280766123128,"Sigma":10.673301910639855,"Taucorr":-0.009141812763124646},"Iteration":75},
{"Acceptance":[0.07722222222222222],"Energy":{"Mean":-7.31519106767467,"Sigma":0.24714039233687518,"Taucorr":0.5400157841462598},"EnergyVariance":{"Mean":7.006220646505847,"Sigma":3.1273361212787436,"Taucorr":0.03257499832286481},"Iteration":76},
{"Acceptance":[0.08611111111111111],"Energy":{"Mean":-6.923943961593286,"Sigma":0.29345585291841214,"Taucorr":0.852362897515913},"EnergyVariance":{"Mean":4.219360736090149,"Sigma":1.0421574251288732,"Taucorr":0.38356543770510676},"Iteration":77},
{"Acceptance":[0.06333333333333334],"Energy":{"Mean":-7.059914589800421,"Sigma":0.23088787783857617,"Taucorr":0.8475326440878053},"EnergyVariance":{"Mean":3.3952510209440074,"Sigma":0.867169853486502,"Taucorr":0.3787930765616293},"Iteration":78},
{"Acceptance":[0.075],"Energy":{"Mean":-7.433149814973594,"Sigma":0.2171004020281643,"Taucorr":0.459222130079719},"EnergyVariance":{"Mean":3.549094812802029,"Sigma":1.2264046572668352,"Taucorr":0.11274839083465815},"Iteration":79},
{"Acceptance":[0.05555555555555555],"Energy":{"Mean":-7.511021387886822,"Sigma":0.144207045037493,"Taucorr":0.31892760564631495},"EnergyVariance":{"Mean":2.014593673333121,"Sigma":0.6455581062010844,"Taucorr":0.17074881759001437},"Iteration":80},
{"Acceptance":[0.052222222222222225],"Energy":{"Mean":-7.655509268729267,"Sigma":0.19698648815057945,"Taucorr":0.478249447936539},"EnergyVariance":{"Mean":2.4929643624192734,"Sigma":0.7514018662073255,"Taucorr":0.05874421503169913},"Iteration":81},
{"Acceptance":[0.051111111111111114],"Energy":{"Mean":-7.6981659511189955,"Sigma":0.16981100640625385,"Taucorr":0.5121624719508344},"EnergyVariance":{"Mean":2.6818750915245153,"Sigma":1.262254608782101,"Taucorr":0.3127185500050089},"Iteration":82},
{"Acceptance":[0.03111111111111111],"Energy":{"Mean":-7.725786512468424,"Sigma":0.17612401873256606,"Taucorr":0.9227732533840709},"EnergyVariance":{"Mean":1.2738644595266093,"Sigma":0.4632740002610404,"Taucorr":0.729468549805582},"Iteration":83},
{"Acceptance":[0.025],"Energy":{"Mean":-7.621557355697839,"Sigma":0.1545170251855424,"Taucorr":0.925769305863992},"EnergyVariance":{"Mean":0.9060536309811791,"Sigma":0.1822218364449692,"Taucorr":0.6015854759044859},"Iteration":84},
{"Acceptance":[0.021666666666666667],"Energy":{"Mean":-7.656498804840955,"Sigma":0.16910704099823554,"Taucorr":0.29942408207240434},"EnergyVariance":{"Mean":2.0118893403287905,"Sigma":0.9066934332056871,"Taucorr":0.33284133776966907},"Iteration":85},
{"Acceptance":[0.02],"Energy":{"Mean":-7.909960865660005,"Sigma":0.1223190471040592,"Taucorr":0.24898366326626753},"EnergyVariance":{"Mean":1.2713331652116013,"Sigma":0.7590259417467589,"Taucorr":0.029075596502940226},"Iteration":86},
{"Acceptance":[0.021111111111111112],"Energy":{"Mean":-7.86937026611711,"Sigma":0.22127467410951046,"Taucorr":0.3460684723261821},"EnergyVariance":{"Mean":3.7938973576847497,"Sigma":1.9594654782068806,"Taucorr":0.3460534181077184},"Iteration":87},
{"Acceptance":[0.03333333333333333],"Energy":{"Mean":-8.231435443919583,"Sigma":0.4123695982636583,"Taucorr":0.9036711804576052},"EnergyVariance":{"Mean":9.567870727521745,"Sigma":4.708798038262531,"Taucorr":0.9674060650049106},"Iteration":88},
{"Acceptance":[0.011666666666666667],"Energy":{"Mean":-8.034639938292269,"Sigma":0.05976304902129455,"Taucorr":0.6215180632198507},"EnergyVariance":{"Mean":0.1852756474146598,"Sigma":0.09885168763258104,"Taucorr":0.6710063016496333},"Iteration":89},
{"Acceptance":[0.023333333333333334],"Energy":{"Mean":-7.8609456171038685,"Sigma":0.09494211484639353,"Taucorr":0.38022806585630275},"EnergyVariance":{"Mean":0.5220726042508745,"Sigma":0.17628501360834106,"Taucorr":0.06607207404669424},"Iteration":90},
{"Acceptance":[0.024444444444444446],"Energy":{"Mean":-7.823600896620736,"Sigma":0.24087000134246817,"Taucorr":0.4519284424411636},"EnergyVariance":{"Mean":3.636466771796806,"Sigma":2.1904196760569508,"Taucorr":0.012914391296841354},"Iteration":91},
{"Acceptance":[0.015],"Energy":{"Mean":-8.641912619689661,"Sigma":0.5297079621607962,"Taucorr":1.226041778017246},"EnergyVariance":{"Mean":11.203843626992215,"Sigma":8.627514086686425,"Taucorr":1.2367746722802495},"Iteration":92},
{"Acceptance":[0.0077777777777777776],"Energy":{"Mean":-8.093631481432235,"Sigma":0.0193853041309856,"Taucorr":-2.55351295663786e-15},"EnergyVariance":{"Mean":0.05636194487759127,"Sigma":0.03644949663982974,"Taucorr":2.220446049250313e-16},"Iteration":93},
{"Acceptance":[0.02277777777777778],"Energy":{"Mean":-7.882551065924797,"Sigma":0.1304302166920062,"Taucorr":1.2864952506523952},"EnergyVariance":{"Mean":0.4787844561408466,"Sigma":0.2578309233704369,"Taucorr":0.6899380670500792},"Iteration":94},
{"Acceptance":[0.021666666666666667],"Energy":{"Mean":-8.479093202015846,"Sigma":0.2965940284031716,"Taucorr":0.16155533534383248},"EnergyVariance":{"Mean":8.387867388963647,"Sigma":5.966498267044336,"Taucorr":0.34439804103230054},"Iteration":95},
{"Acceptance":[0.015],"Energy":{"Mean":-7.956786005801686,"Sigma":0.07124439863086511,"Taucorr":0.4387757904782882},"EnergyVariance":{"Mean":0.2787282145879266,"Sigma":0.11221734897936947,"Taucorr":0.4389754731779776},"Iteration":96},
{"Acceptance":[0.01611111111111111],"Energy":{"Mean":-8.06025671854513,"Sigma":0.15072414931841763,"Taucorr":-0.11490934111480078},"EnergyVariance":{"Mean":3.4551831899355907,"Sigma":3.1347329786312517,"Taucorr":0.020344928916454563},"Iteration":97},
{"Acceptance":[0.01611111111111111],"Energy":{"Mean":-7.875960474450195,"Sigma":0.08486222231823076,"Taucorr":-0.025245167266118806},"EnergyVariance":{"Mean":0.7770090531102728,"Sigma":0.3163884250700716,"Taucorr":0.20315512887557352},"Iteration":98},
{"Acceptance":[0.005555555555555556],"Energy":{"Mean":-8.066530976855676,"Sigma":0.04169254797017984,"Taucorr":0.0},"EnergyVariance":{"Mean":0.17844422432876164,"Sigma":0.16463136305490253,"Taucorr":0.0},"Iteration":99} 
]}
{"input": {"L": 8, "J": 1, "machine": {"type": "FFNN", "model": ["tanh", 11, 2]}, "sampler": {"type": "MetropolisHop", "d_max": 5}, "optimizer": {"type": "AdaMax", "alpha": 0.001, "beta1": 0.9, "beta2": 0.999, "epscut": 1e-07}, "VMC": {"n_samples": 100, "discarded_samples": 100, "discarded_samples_on_init": 0, "target": "energy", "method": "Gd", "diag_shift": 0.01, "use_iterative": true, "use_cholesky": true}, "n_iter": 100}}
duration: -0.6519410610198975