{"Output": [
{"Acceptance":[0.9022222222222223],"Energy":{"Mean":7.014082861612318,"Sigma":0.21150366765764478,"Taucorr":-0.0988111353080513},"EnergyVariance":{"Mean":5.380554335920465,"Sigma":0.6673744842176063,"Taucorr":-0.044412723478095995},"Iteration":0},
{"Acceptance":[0.8894444444444445],"Energy":{"Mean":6.889507980224046,"Sigma":0.24243497153524596,"Taucorr":0.12928451781439465},"EnergyVariance":{"Mean":4.675940386070852,"Sigma":0.6484224272244509,"Taucorr":0.04913612130379641},"Iteration":1},
{"Acceptance":[0.8483333333333334],"Energy":{"Mean":6.385122722731894,"Sigma":0.24583582350565278,"Taucorr":0.03782051626423333},"EnergyVariance":{"Mean":5.808402772316783,"Sigma":0.871856172428544,"Taucorr":-0.03175011701513725},"Iteration":2},
{"Acceptance":[0.8288888888888889],"Energy":{"Mean":6.7525182065072755,"Sigma":0.27225355882213903,"Taucorr":0.08298644112941655},"EnergyVariance":{"Mean":6.6911754676113615,"Sigma":0.9054852724563178,"Taucorr":0.24538421073663708},"Iteration":3},
{"Acceptance":[0.7766666666666666],"Energy":{"Mean":6.210287408538966,"Sigma":0.33803202333452936,"Taucorr":0.28725575822618066},"EnergyVariance":{"Mean":7.66138105583883,"Sigma":0.975645694274993,"Taucorr":-0.07948317513505299},"Iteration":4},
{"Acceptance":[0.7461111111111111],"Energy":{"Mean":6.271154812802267,"Sigma":0.2538874472353327,"Taucorr":0.12441883553388866},"EnergyVariance":{"Mean":5.76759603206778,"Sigma":0.6900290787292301,"Taucorr":-0.11721843645890412},"Iteration":5},
{"Acceptance":[0.7466666666666667],"Energy":{"Mean":5.942286965978036,"Sigma":0.35274756767393267,"Taucorr":0.3863689341856019},"EnergyVariance":{"Mean":8.112364833422655,"Sigma":0.7915306162298062,"Taucorr":-0.03523555874072215},"Iteration":6},
{"Acceptance":[0.7355555555555555],"Energy":{"Mean":5.983086638600808,"Sigma":0.2708297715024697,"Taucorr":0.02828864528790176},"EnergyVariance":{"Mean":8.286394116401082,"Sigma":0.8612515809400373,"Taucorr":-0.0881271500053068},"Iteration":7},
{"Acceptance":[0.695],"Energy":{"Mean":5.397861590668707,"Sigma":0.22564319454480458,"Taucorr":-0.006587869004801683},"EnergyVariance":{"Mean":6.687491302464577,"Sigma":0.5746760319560273,"Taucorr":-0.12908268391985606},"Iteration":8},
{"Acceptance":[0.7116666666666667],"Energy":{"Mean":5.727047251303294,"Sigma":0.3428292933899936,"Taucorr":0.1728657182290122},"EnergyVariance":{"Mean":10.679099478926357,"Sigma":1.0505673500280162,"Taucorr":-0.12392752812930502},"Iteration":9},
{"Acceptance":[0.6788888888888889],"Energy":{"Mean":5.44735341975616,"Sigma":0.24622387059097856,"Taucorr":-0.015926847445317194},"EnergyVariance":{"Mean":9.074276933767894,"Sigma":0.9779051568954257,"Taucorr":-0.041234623149317196},"Iteration":10},
{"Acceptance":[0.6838888888888889],"Energy":{"Mean":4.8896800757735415,"Sigma":0.25872772541115646,"Taucorr":-0.004071452183812718},"EnergyVariance":{"Mean":9.26417868749663,"Sigma":0.80313310090352,"Taucorr":-0.14848171910503755},"Iteration":11},
{"Acceptance":[0.63],"Energy":{"Mean":4.377827418131692,"Sigma":0.2957242264715789,"Taucorr":0.025963461506854024},"EnergyVariance":{"Mean":11.315368008012957,"Sigma":1.0673357427206815,"Taucorr":-0.09748170556451785},"Iteration":12},
{"Acceptance":[0.6077777777777778],"Energy":{"Mean":4.45507814325202,"Sigma":0.35357440992487593,"Taucorr":0.28494692398421617},"EnergyVariance":{"Mean":11.571736154530615,"Sigma":1.3449792813203112,"Taucorr":0.08454949516666543},"Iteration":13},
{"Acceptance":[0.5583333333333333],"Energy":{"Mean":3.705518920774695,"Sigma":0.38016997261266794,"Taucorr":0.5064465687476312},"EnergyVariance":{"Mean":10.332508366288547,"Sigma":1.3625670898817186,"Taucorr":0.09368029622803287},"Iteration":14},
{"Acceptance":[0.5638888888888889],"Energy":{"Mean":3.277958129927259,"Sigma":0.3047615926840024,"Taucorr":0.18943821138477368},"EnergyVariance":{"Mean":10.740163472607696,"Sigma":1.6057937933665047,"Taucorr":0.0476684219204454},"Iteration":15},
{"Acceptance":[0.5433333333333333],"Energy":{"Mean":3.2077609934433466,"Sigma":0.3008684245703739,"Taucorr":0.00023390629439223876},"EnergyVariance":{"Mean":13.681176386000498,"Sigma":1.2413453286394267,"Taucorr":-0.2107972915657182},"Iteration":16},
{"Acceptance":[0.5411111111111111],"Energy":{"Mean":2.717645563587272,"Sigma":0.4098545505237034,"Taucorr":0.39536431096795865},"EnergyVariance":{"Mean":13.577815450995963,"Sigma":1.862813610452514,"Taucorr":0.41605052050056157},"Iteration":17},
{"Acceptance":[0.5272222222222223],"Energy":{"Mean":2.083464965256652,"Sigma":0.31229596344116417,"Taucorr":0.23314902931555448},"EnergyVariance":{"Mean":10.158161646320995,"Sigma":1.1444662232495388,"Taucorr":0.07280525985405029},"Iteration":18},
{"Acceptance":[0.4772222222222222],"Energy":{"Mean":1.362850307735988,"Sigma":0.27627528625964193,"Taucorr":0.010311523872254535},"EnergyVariance":{"Mean":10.92716167717199,"Sigma":0.9801141396382167,"Taucorr":-0.1163880699447854},"Iteration":19},
{"Acceptance":[0.4588888888888889],"Energy":{"Mean":2.063606010648664,"Sigma":0.3417296933396784,"Taucorr":0.16687630144765464},"EnergyVariance":{"Mean":12.870135334943257,"Sigma":1.6640618326781313,"Taucorr":0.10065473327287977},"Iteration":20},
{"Acceptance":[0.4494444444444444],"Energy":{"Mean":1.3411345975192055,"Sigma":0.326194513891543,"Taucorr":0.2894354954186015},"EnergyVariance":{"Mean":12.140006808524584,"Sigma":1.6824146594930864,"Taucorr":0.013649483110762084},"Iteration":21},
{"Acceptance":[0.47],"Energy":{"Mean":1.0306695399429322,"Sigma":0.3352310111378917,"Taucorr":0.32607757204458276},"EnergyVariance":{"Mean":12.922985535528197,"Sigma":1.63208809075407,"Taucorr":-0.009218300402395185},"Iteration":22},
{"Acceptance":[0.43444444444444447],"Energy":{"Mean":1.5135703862129253,"Sigma":0.441488468121669,"Taucorr":0.3951119611664775},"EnergyVariance":{"Mean":24.549624568767857,"Sigma":4.194334175604799,"Taucorr":0.16109136910772615},"Iteration":23},
{"Acceptance":[0.445],"Energy":{"Mean":1.4457712079121823,"Sigma":0.3503623759867804,"Taucorr":0.2425062503032528},"EnergyVariance":{"Mean":18.12654153034375,"Sigma":2.791944548343145,"Taucorr":0.05756350381224007},"Iteration":24},
{"Acceptance":[0.4],"Energy":{"Mean":-0.06931462451829405,"Sigma":0.339100850852144,"Taucorr":0.38439645073692374},"EnergyVariance":{"Mean":11.881741904786914,"Sigma":1.3882745652846302,"Taucorr":-0.002230601140701949},"Iteration":25},
{"Acceptance":[0.3838888888888889],"Energy":{"Mean":-0.2771491479892442,"Sigma":0.31289238913430534,"Taucorr":0.2347574415997855},"EnergyVariance":{"Mean":15.513872448543509,"Sigma":3.507404325781022,"Taucorr":0.1462587171431332},"Iteration":26},
{"Acceptance":[0.37722222222222224],"Energy":{"Mean":-0.31817899153259255,"Sigma":0.3712984261976168,"Taucorr":0.47153560827773744},"EnergyVariance":{"Mean":17.41729533767679,"Sigma":4.437792740139879,"Taucorr":0.02352719601693165},"Iteration":27},
{"Acceptance":[0.3561111111111111],"Energy":{"Mean":-0.8889683529483747,"Sigma":0.2933935549732634,"Taucorr":0.23890959510566667},"EnergyVariance":{"Mean":12.41402373390968,"Sigma":2.062896574918392,"Taucorr":0.31238678383786167},"Iteration":28},
{"Acceptance":[0.315],"Energy":{"Mean":-1.4370600023905002,"Sigma":0.3401349165518557,"Taucorr":0.6703414395432647},"EnergyVariance":{"Mean":9.111927041433034,"Sigma":1.0411166587822849,"Taucorr":0.07511547913623084},"Iteration":29},
{"Acceptance":[0.34],"Energy":{"Mean":-1.3060994570586442,"Sigma":0.3445720697436164,"Taucorr":0.5260656055683666},"EnergyVariance":{"Mean":12.755096114628115,"Sigma":2.274349128362622,"Taucorr":0.13057646578367055},"Iteration":30},
{"Acceptance":[0.3088888888888889],"Energy":{"Mean":-2.7211543510715566,"Sigma":0.30919856184537875,"Taucorr":0.49324413154500046},"EnergyVariance":{"Mean":10.104033928337914,"Sigma":1.3590602920935433,"Taucorr":0.05541923379835012},"Iteration":31},
{"Acceptance":[0.29777777777777775],"Energy":{"Mean":-1.746046905268223,"Sigma":0.2928920205998863,"Taucorr":0.232796030930828},"EnergyVariance":{"Mean":14.4382341800188,"Sigma":2.3948971689428022,"Taucorr":0.06604714974760517},"Iteration":32},
{"Acceptance":[0.3011111111111111],"Energy":{"Mean":-1.8689822628014876,"Sigma":0.43376264395749503,"Taucorr":0.8554829852759485},"EnergyVariance":{"Mean":18.180583223210387,"Sigma":5.735444039034441,"Taucorr":0.2312617166876082},"Iteration":33},
{"Acceptance":[0.30277777777777776],"Energy":{"Mean":-2.702866149086551,"Sigma":0.40962262739770283,"Taucorr":0.5360037943653182},"EnergyVariance":{"Mean":17.68779316374301,"Sigma":5.958766958227813,"Taucorr":0.29254746580968916},"Iteration":34},
{"Acceptance":[0.3111111111111111],"Energy":{"Mean":-2.2944421956348067,"Sigma":0.3344755263185747,"Taucorr":0.4417089468638722},"EnergyVariance":{"Mean":12.542406733381402,"Sigma":2.102552904929915,"Taucorr":0.4661777258097559},"Iteration":35},
{"Acceptance":[0.2916666666666667],"Energy":{"Mean":-2.56572226776391,"Sigma":0.2836797023153011,"Taucorr":0.4106326763407131},"EnergyVariance":{"Mean":10.41631993647413,"Sigma":1.693679156024707,"Taucorr":0.10627031826008304},"Iteration":36},
{"Acceptance":[0.24222222222222223],"Energy":{"Mean":-3.5902800576182745,"Sigma":0.2869743241636097,"Taucorr":0.3297680051657197},"EnergyVariance":{"Mean":9.73633143403744,"Sigma":1.8116768560859657,"Taucorr":0.3641049292208347},"Iteration":37},
{"Acceptance":[0.25666666666666665],"Energy":{"Mean":-3.670939408517176,"Sigma":0.37845621362379106,"Taucorr":0.8134859609854692},"EnergyVariance":{"Mean":9.365308374397038,"Sigma":1.34237149615012,"Taucorr":0.4186973034389684},"Iteration":38},
{"Acceptance":[0.25],"Energy":{"Mean":-3.596382469991551,"Sigma":0.4277984441828694,"Taucorr":0.7588496041582551},"EnergyVariance":{"Mean":13.395306971206706,"Sigma":2.8981005259910173,"Taucorr":0.6545096207608931},"Iteration":39},
{"Acceptance":[0.235],"Energy":{"Mean":-3.5063361272705826,"Sigma":0.36437334648200786,"Taucorr":0.5927826691930107},"EnergyVariance":{"Mean":20.535755248336116,"Sigma":4.429408631079534,"Taucorr":0.24670251308790836},"Iteration":40},
{"Acceptance":[0.2311111111111111],"Energy":{"Mean":-4.350963368455347,"Sigma":0.36324071072757597,"Taucorr":0.5730862054173438},"EnergyVariance":{"Mean":14.332795847754177,"Sigma":2.611399177762243,"Taucorr":0.2725567730928675},"Iteration":41},
{"Acceptance":[0.21833333333333332],"Energy":{"Mean":-4.558805510285625,"Sigma":0.19657032627364396,"Taucorr":0.10668312308138761},"EnergyVariance":{"Mean":6.296430263248309,"Sigma":0.7038822346514666,"Taucorr":0.05623819073303915},"Iteration":42},
{"Acceptance":[0.245],"Energy":{"Mean":-4.16220859484598,"Sigma":0.18688079347046246,"Taucorr":-0.04112939959809586},"EnergyVariance":{"Mean":11.084935015222953,"Sigma":2.817933900858119,"Taucorr":-0.031011049348063868},"Iteration":43},
{"Acceptance":[0.215],"Energy":{"Mean":-4.892521943288364,"Sigma":0.31036804323531203,"Taucorr":0.5000104666492542},"EnergyVariance":{"Mean":10.001333208180947,"Sigma":2.5016558669773112,"Taucorr":0.43660710756275256},"Iteration":44},
{"Acceptance":[0.18666666666666668],"Energy":{"Mean":-5.381713498970504,"Sigma":0.2453378358816868,"Taucorr":0.20965595371996337},"EnergyVariance":{"Mean":14.379301135330095,"Sigma":4.848797148043438,"Taucorr":0.07030030168571166},"Iteration":45},
{"Acceptance":[0.1827777777777778],"Energy":{"Mean":-5.749548909131419,"Sigma":0.26470094085804075,"Taucorr":0.3917705536686097},"EnergyVariance":{"Mean":8.147325510451696,"Sigma":1.1085635019034976,"Taucorr":0.004463128999755983},"Iteration":46},
{"Acceptance":[0.1922222222222222],"Energy":{"Mean":-4.8410401667422,"Sigma":0.2713596661911051,"Taucorr":0.5077335846818833},"EnergyVariance":{"Mean":6.321066962333026,"Sigma":0.6447640783169605,"Taucorr":-0.022169863008453472},"Iteration":47},
{"Acceptance":[0.18166666666666667],"Energy":{"Mean":-5.382029112803041,"Sigma":0.31400067296362033,"Taucorr":0.5159573282123271},"EnergyVariance":{"Mean":12.104733166062772,"Sigma":2.8014704977277622,"Taucorr":0.1750818076548687},"Iteration":48},
{"Acceptance":[0.18222222222222223],"Energy":{"Mean":-5.225355061565418,"Sigma":0.3134438363865706,"Taucorr":0.4791422328805205},"EnergyVariance":{"Mean":17.04678682291792,"Sigma":3.728025374376438,"Taucorr":0.03926228165356882},"Iteration":49},
{"Acceptance":[0.16444444444444445],"Energy":{"Mean":-5.982841915537034,"Sigma":0.3680323436476396,"Taucorr":0.6635796532498832},"EnergyVariance":{"Mean":15.958423256214802,"Sigma":5.039551285872921,"Taucorr":0.17839160873854243},"Iteration":50},
{"Acceptance":[0.15833333333333333],"Energy":{"Mean":-6.396110279751837,"Sigma":0.2663216273191816,"Taucorr":0.3354605482073224},"EnergyVariance":{"Mean":8.713443745184007,"Sigma":1.8670021005137134,"Taucorr":-0.008880303704746406},"Iteration":51},
{"Acceptance":[0.15888888888888889],"Energy":{"Mean":-5.4540212151658585,"Sigma":0.23865039035335472,"Taucorr":0.09179944978566235},"EnergyVariance":{"Mean":14.916860132185159,"Sigma":4.903432014384349,"Taucorr":0.09754602100764143},"Iteration":52},
{"Acceptance":[0.1511111111111111],"Energy":{"Mean":-5.936868887792716,"Sigma":0.29719181472199974,"Taucorr":0.38659778138435996},"EnergyVariance":{"Mean":20.682938867847145,"Sigma":8.170399505149089,"Taucorr":0.31289366001736985},"Iteration":53},
{"Acceptance":[0.12833333333333333],"Energy":{"Mean":-6.265564057743629,"Sigma":0.27795580801504227,"Taucorr":0.47190561389090935},"EnergyVariance":{"Mean":16.777730536681982,"Sigma":8.493423817916563,"Taucorr":0.12426431584557307},"Iteration":54},
{"Acceptance":[0.12111111111111111],"Energy":{"Mean":-6.818245391384414,"Sigma":0.28726224342101175,"Taucorr":0.76168068937122},"EnergyVariance":{"Mean":7.08763687319946,"Sigma":2.0689657226628935,"Taucorr":0.4800416762110651},"Iteration":55},
{"Acceptance":[0.08666666666666667],"Energy":{"Mean":-6.833460887801041,"Sigma":0.35364841989578294,"Taucorr":1.1223822151068825},"EnergyVariance":{"Mean":12.65820380718991,"Sigma":7.609128672914461,"Taucorr":0.3308189366822468},"Iteration":56},
{"Acceptance":[0.12277777777777778],"Energy":{"Mean":-6.841228343708535,"Sigma":0.31016086691137634,"Taucorr":0.7281236076619242},"EnergyVariance":{"Mean":6.243647404661857,"Sigma":1.6804912119384443,"Taucorr":0.49749692993813854},"Iteration":57},
{"Acceptance":[0.11611111111111111],"Energy":{"Mean":-6.82524681550061,"Sigma":0.20451523281291595,"Taucorr":0.3268377324029109},"EnergyVariance":{"Mean":6.949084522990436,"Sigma":3.6762695267229644,"Taucorr":0.02295452626278649},"Iteration":58},
{"Acceptance":[0.07333333333333333],"Energy":{"Mean":-7.044618311713005,"Sigma":0.2545007290325103,"Taucorr":0.35703263341268165},"EnergyVariance":{"Mean":13.841786234750444,"Sigma":5.895344026989703,"Taucorr":0.04132284813319975},"Iteration":59},
{"Acceptance":[0.06944444444444445],"Energy":{"Mean":-7.170632165329725,"Sigma":0.18672790300242856,"Taucorr":0.15173391309217343},"EnergyVariance":{"Mean":5.834970143971334,"Sigma":2.304628446480375,"Taucorr":0.08053453570696267},"Iteration":60},
{"Acceptance":[0.07388888888888889],"Energy":{"Mean":-7.4840674193129395,"Sigma":0.24156804416861136,"Taucorr":0.5102260260032656},"EnergyVariance":{"Mean":9.586359059891949,"Sigma":4.940266230943864,"Taucorr":0.017328492814653207},"Iteration":61},
{"Acceptance":[0.07333333333333333],"Energy":{"Mean":-7.4386564919421065,"Sigma":0.2645441739959195,"Taucorr":0.8669039322407524},"EnergyVariance":{"Mean":11.440978062597118,"Sigma":5.17818697055508,"Taucorr":0.11499756601643185},"Iteration":62},
{"Acceptance":[0.08388888888888889],"Energy":{"Mean":-7.413719332481897,"Sigma":0.44004165047869426,"Taucorr":0.5274285886721104},"EnergyVariance":{"Mean":30.23748228885504,"Sigma":20.65234209211515,"Taucorr":0.7738989964245935},"Iteration":63},
{"Acceptance":[0.105],"Energy":{"Mean":-6.823812966032602,"Sigma":0.282071398542651,"Taucorr":0.5406016912824123},"EnergyVariance":{"Mean":22.550312165090382,"Sigma":11.747167528602795,"Taucorr":0.2990177126858181},"Iteration":64},
{"Acceptance":[0.059444444444444446],"Energy":{"Mean":-7.245577226161476,"Sigma":0.24780324664061212,"Taucorr":0.5897457623965259},"EnergyVariance":{"Mean":2.9824739483140608,"Sigma":0.8421446278655861,"Taucorr":0.777644911819189},"Iteration":65},
{"Acceptance":[0.049444444444444444],"Energy":{"Mean":-7.723258444554418,"Sigma":0.16938911318086144,"Taucorr":0.10812309946830012},"EnergyVariance":{"Mean":3.2031395734436674,"Sigma":1.1496661631037848,"Taucorr":0.5734488309770944},"Iteration":66},
{"Acceptance":[0.09055555555555556],"Energy":{"Mean":-7.805805226863541,"Sigma":0.3548888902502223,"Taucorr":0.5642694816150784},"EnergyVariance":{"Mean":15.683726214235659,"Sigma":7.091030358175599,"Taucorr":0.6662209729591013},"Iteration":67},
{"Acceptance":[0.041666666666666664],"Energy":{"Mean":-7.744608203850293,"Sigma":0.17008909049912113,"Taucorr":0.1386351311386408},"EnergyVariance":{"Mean":3.239298921287974,"Sigma":1.8900092077356345,"Taucorr":0.0762465605970577},"Iteration":68},
{"Acceptance":[0.05],"Energy":{"Mean":-7.929401908929623,"Sigma":0.14127878479938774,"Taucorr":0.180089997547632},"EnergyVariance":{"Mean":2.2665123460454972,"Sigma":1.3795063190460723,"Taucorr":0.8440240649002602},"Iteration":69},
{"Acceptance":[0.04722222222222222],"Energy":{"Mean":-7.857843458836767,"Sigma":0.233957295362634,"Taucorr":0.22596575526771867},"EnergyVariance":{"Mean":5.077867731621333,"Sigma":4.039302670829028,"Taucorr":0.5785485183195616},"Iteration":70},
{"Acceptance":[0.044444444444444446],"Energy":{"Mean":-7.391662072832001,"Sigma":0.22351896660076842,"Taucorr":0.5202077852861615},"EnergyVariance":{"Mean":3.2564525789321106,"Sigma":0.9984398741492057,"Taucorr":-0.029792542962104818},"Iteration":71},
{"Acceptance":[0.03388888888888889],"Energy":{"Mean":-7.330397853552383,"Sigma":0.19671476325617832,"Taucorr":0.7346042489073417},"EnergyVariance":{"Mean":7.40631455729317,"Sigma":5.911035711926701,"Taucorr":0.4287062778982075},"Iteration":72},
{"Acceptance":[0.059444444444444446],"Energy":{"Mean":-7.483907129215888,"Sigma":0.2209188244705402,"Taucorr":0.9040596364154563},"EnergyVariance":{"Mean":11.1770699130659,"Sigma":6.872520881770345,"Taucorr":0.14060119618392375},"Iteration":73},
{"Acceptance":[0.03222222222222222],"Energy":{"Mean":-7.652417031346321,"Sigma":0.1689437029970124,"Taucorr":0.2580309808180554},"EnergyVariance":{"Mean":9.177160037047676,"Sigma":7.014680445592088,"Taucorr":0.42353457346799217},"Iteration":74},
{"Acceptance":[0.04555555555555556],"Energy":{"Mean":-7.493391404610831,"Sigma":0.1889889260460782,"Taucorr":0.2613089149090171},"EnergyVariance":{"Mean":28.518023523634092,"Sigma":19.29917404253481,"Taucorr":0.10641280761631455},"Iteration":75},
{"Acceptance":[0.045],"Energy":{"Mean":-7.6843321354213545,"Sigma":0.15274601365804288,"Taucorr":0.7091950934335525},"EnergyVariance":{"Mean":0.9842290144849404,"Sigma":0.22395610938491667,"Taucorr":0.346571459595301},"Iteration":76},
{"Acceptance":[0.03111111111111111],"Energy":{"Mean":-8.294439415744598,"Sigma":0.14844220634292538,"Taucorr":-0.29519340438800645},"EnergyVariance":{"Mean":10.257052459963383,"Sigma":9.105586905819752,"Taucorr":0.02033645669601436},"Iteration":77},
{"Acceptance":[0.028333333333333332],"Energy":{"Mean":-8.106367147540954,"Sigma":0.14371366022562468,"Taucorr":0.01013496564585914},"EnergyVariance":{"Mean":1.9831389379246716,"Sigma":1.2711420581344086,"Taucorr":0.4649360795438773},"Iteration":78},
{"Acceptance":[0.03222222222222222],"Energy":{"Mean":-7.49791155949771,"Sigma":0.14982096917680676,"Taucorr":0.6632662208744866},"EnergyVariance":{"Mean":0.9665347333924307,"Sigma":0.10779488379697354,"Taucorr":-0.006437724782234366},"Iteration":79},
{"Acceptance":[0.04],"Energy":{"Mean":-8.665025865676718,"Sigma":0.41532427739157474,"Taucorr":0.21667479861096772},"EnergyVariance":{"Mean":53.69644221826167,"Sigma":33.14722016885689,"Taucorr":0.2079474529587032},"Iteration":80},
{"Acceptance":[0.022222222222222223],"Energy":{"Mean":-7.690093451946465,"Sigma":0.24278764355577215,"Taucorr":0.425147796516681},"EnergyVariance":{"Mean":3.425587839798557,"Sigma":1.5916526272026028,"Taucorr":0.0986759869247481},"Iteration":81},
{"Acceptance":[0.020555555555555556],"Energy":{"Mean":-8.003224512910677,"Sigma":0.1605864018891884,"Taucorr":0.18975556385842973},"EnergyVariance":{"Mean":2.1396786902575005,"Sigma":1.4014079099127352,"Taucorr":0.01835777518448789},"Iteration":82},
{"Acceptance":[0.023333333333333334],"Energy":{"Mean":-7.975165965962685,"Sigma":0.21891512302774938,"Taucorr":0.523854306318807},"EnergyVariance":{"Mean":2.257556196980913,"Sigma":1.3457006313085609,"Taucorr":0.10483628100342934},"Iteration":83},
{"Acceptance":[0.020555555555555556],"Energy":{"Mean":-7.963209402918146,"Sigma":0.1413638972955002,"Taucorr":1.0464597855682816},"EnergyVariance":{"Mean":0.6394427894749546,"Sigma":0.30174470547301785,"Taucorr":0.6897573329603892},"Iteration":84},
{"Acceptance":[0.020555555555555556],"Energy":{"Mean":-7.821210170786319,"Sigma":0.1644178937653098,"Taucorr":0.7539058101363676},"EnergyVariance":{"Mean":1.0483592625009077,"Sigma":0.38009014445425704,"Taucorr":0.4867311717336923},"Iteration":85},
{"Acceptance":[0.022222222222222223],"Energy":{"Mean":-8.143050302474414,"Sigma":0.05431215447280186,"Taucorr":0.36586605636096614},"EnergyVariance":{"Mean":0.17931785895902172,"Sigma":0.08827572855470762,"Taucorr":0.36470639991870724},"Iteration":86},
{"Acceptance":[0.04555555555555556],"Energy":{"Mean":-7.6694329466926625,"Sigma":0.32025053525460295,"Taucorr":0.1059569142805945},"EnergyVariance":{"Mean":8.254298738318127,"Sigma":4.001366257821925,"Taucorr":0.3434939879208604},"Iteration":87},
{"Acceptance":[0.02388888888888889],"Energy":{"Mean":-7.932516408851152,"Sigma":0.14552292158790614,"Taucorr":-0.19300161159989782},"EnergyVariance":{"Mean":3.5035408731144053,"Sigma":1.7660174080550242,"Taucorr":0.08218499110484523},"Iteration":88},
{"Acceptance":[0.044444444444444446],"Energy":{"Mean":-7.549585649210714,"Sigma":0.2337989398338525,"Taucorr":0.25636693447656755},"EnergyVariance":{"Mean":3.5059591911691816,"Sigma":1.7760513876693294,"Taucorr":0.018260933486018316},"Iteration":89},
{"Acceptance":[0.04111111111111111],"Energy":{"Mean":-8.634043630405788,"Sigma":0.3802167620777765,"Taucorr":0.3142825037813012},"EnergyVariance":{"Mean":16.837892224295928,"Sigma":10.2374287615537,"Taucorr":0.13074638504151148},"Iteration":90},
{"Acceptance":[0.025],"Energy":{"Mean":-8.749716453533937,"Sigma":0.5151970782578391,"Taucorr":0.1764999812378154},"EnergyVariance":{"Mean":31.347344687464712,"Sigma":19.772294822457447,"Taucorr":0.14207858297507625},"Iteration":91},
{"Acceptance":[0.035],"Energy":{"Mean":-7.855948100515582,"Sigma":0.15165508768693026,"Taucorr":0.9983151610173246},"EnergyVariance":{"Mean":0.7399530418031891,"Sigma":0.33994512153664186,"Taucorr":1.1236345827594418},"Iteration":92},
{"Acceptance":[0.044444444444444446],"Energy":{"Mean":-8.054509704766513,"Sigma":0.36524677396845895,"Taucorr":0.3275868337061011},"EnergyVariance":{"Mean":8.28407350349343,"Sigma":3.4222550549833555,"Taucorr":0.38272127692870117},"Iteration":93},
{"Acceptance":[0.02],"Energy":{"Mean":-7.942801394473402,"Sigma":0.2428750474980806,"Taucorr":-0.03144954415119244},"EnergyVariance":{"Mean":5.998576462049122,"Sigma":5.326563071718504,"Taucorr":0.009822678765949333},"Iteration":94},
{"Acceptance":[0.02],"Energy":{"Mean":-8.120030420183818,"Sigma":0.0486861242269721,"Taucorr":0.09493950314205035},"EnergyVariance":{"Mean":0.19699861885801473,"Sigma":0.07685315509559175,"Taucorr":0.09376359445305138},"Iteration":95},
{"Acceptance":[0.03111111111111111],"Energy":{"Mean":-8.410891426673103,"Sigma":0.2886909532020211,"Taucorr":0.13321005556823007},"EnergyVariance":{"Mean":6.450890075290175,"Sigma":4.415752780725075,"Taucorr":0.3914301755692119},"Iteration":96},
{"Acceptance":[0.035555555555555556],"Energy":{"Mean":-8.006630803239526,"Sigma":0.313827608258742,"Taucorr":0.07830407898069813},"EnergyVariance":{"Mean":8.288203881385487,"Sigma":5.386265839800797,"Taucorr":-0.012201028122537039},"Iteration":97},
{"Acceptance":[0.017222222222222222],"Energy":{"Mean":-8.21735366787841,"Sigma":0.018780832182855686,"Taucorr":4.440892098500626e-16},"EnergyVariance":{"Mean":0.038527066538095955,"Sigma":0.03310285427139455,"Taucorr":2.220446049250313e-16},"Iteration":98},
{"Acceptance":[0.020555555555555556],"Energy":{"Mean":-8.014655028553614,"Sigma":0.11369132304983634,"Taucorr":1.269849661467325},"EnergyVariance":{"Mean":0.35221531572483616,"Sigma":0.15211845442950356,"Taucorr":1.267654394613976},"Iteration":99} 
]}
{"input": {"L": 8, "J": 1, "machine": {"type": "FFNN", "model": ["tanh", 16, 2]}, "sampler": {"type": "MetropolisHop", "d_max": 5}, "optimizer": {"type": "AdaMax", "alpha": 0.001, "beta1": 0.9, "beta2": 0.999, "epscut": 1e-07}, "VMC": {"n_samples": 100, "discarded_samples": 100, "discarded_samples_on_init": 0, "target": "energy", "method": "Gd", "diag_shift": 0.01, "use_iterative": true, "use_cholesky": true}, "n_iter": 100}}
duration: -0.5612828731536865