{"Output": [
{"Acceptance":[0.8572222222222222],"Energy":{"Mean":7.0290410393541976,"Sigma":0.2626935704790789,"Taucorr":0.1324146609308321},"EnergyVariance":{"Mean":5.280003421792709,"Sigma":0.6984890543319091,"Taucorr":0.12230253520547074},"Iteration":0},
{"Acceptance":[0.8377777777777777],"Energy":{"Mean":6.969453853525584,"Sigma":0.27438123539184545,"Taucorr":0.11707214137685273},"EnergyVariance":{"Mean":6.0421488929086085,"Sigma":1.0808035757108843,"Taucorr":0.03900077416065939},"Iteration":1},
{"Acceptance":[0.7805555555555556],"Energy":{"Mean":6.827579039567255,"Sigma":0.17975627839807057,"Taucorr":-0.18167835252926395},"EnergyVariance":{"Mean":5.374542018427808,"Sigma":0.6320840897038308,"Taucorr":0.009352815557518657},"Iteration":2},
{"Acceptance":[0.7566666666666667],"Energy":{"Mean":6.001489200253307,"Sigma":0.18400941842613988,"Taucorr":-0.04504411608963599},"EnergyVariance":{"Mean":4.218554923782448,"Sigma":0.6731559100615541,"Taucorr":-0.011500350834529272},"Iteration":3},
{"Acceptance":[0.7166666666666667],"Energy":{"Mean":6.345308858775865,"Sigma":0.337956493686661,"Taucorr":0.21778403399499469},"EnergyVariance":{"Mean":8.360519833579954,"Sigma":1.42615640339057,"Taucorr":0.058579037065556006},"Iteration":4},
{"Acceptance":[0.6938888888888889],"Energy":{"Mean":5.418485843578858,"Sigma":0.23262415476157364,"Taucorr":-0.04033399457404363},"EnergyVariance":{"Mean":6.561341747252672,"Sigma":0.7987340832267886,"Taucorr":0.09011598148700717},"Iteration":5},
{"Acceptance":[0.6627777777777778],"Energy":{"Mean":5.124855155511824,"Sigma":0.23028623418452493,"Taucorr":0.035641154406466535},"EnergyVariance":{"Mean":5.832208654784728,"Sigma":0.722565706693366,"Taucorr":0.12706423248372045},"Iteration":6},
{"Acceptance":[0.6166666666666667],"Energy":{"Mean":4.962172150300876,"Sigma":0.40466244468368934,"Taucorr":0.3587087993617921},"EnergyVariance":{"Mean":10.182039311047577,"Sigma":1.3430455741787872,"Taucorr":0.05320926461773989},"Iteration":7},
{"Acceptance":[0.5944444444444444],"Energy":{"Mean":4.228150817073216,"Sigma":0.3016807136387982,"Taucorr":0.1552762716074103},"EnergyVariance":{"Mean":8.06499219879485,"Sigma":0.6724863413847657,"Taucorr":-0.15515818669963505},"Iteration":8},
{"Acceptance":[0.585],"Energy":{"Mean":4.740165118730785,"Sigma":0.320587306916805,"Taucorr":0.14941142886243008},"EnergyVariance":{"Mean":9.546519211396,"Sigma":0.908927852859998,"Taucorr":-0.12870869659703954},"Iteration":9},
{"Acceptance":[0.5483333333333333],"Energy":{"Mean":4.058986402983747,"Sigma":0.33630926447169074,"Taucorr":0.2623090690817712},"EnergyVariance":{"Mean":9.405100413278406,"Sigma":1.1498059626586337,"Taucorr":0.06124811587809309},"Iteration":10},
{"Acceptance":[0.49166666666666664],"Energy":{"Mean":3.893722885127536,"Sigma":0.4054571963439884,"Taucorr":0.3322409650684439},"EnergyVariance":{"Mean":12.441024879980258,"Sigma":1.6401717626045071,"Taucorr":0.1680588371269296},"Iteration":11},
{"Acceptance":[0.46166666666666667],"Energy":{"Mean":2.72120348055375,"Sigma":0.37186664514065315,"Taucorr":0.5082884043514273},"EnergyVariance":{"Mean":9.013962823004995,"Sigma":0.9308065855973618,"Taucorr":0.006353123652762416},"Iteration":12},
{"Acceptance":[0.4638888888888889],"Energy":{"Mean":2.550324999948654,"Sigma":0.3238249886690938,"Taucorr":0.16663787958215415},"EnergyVariance":{"Mean":10.767601000954555,"Sigma":1.7616430206461207,"Taucorr":-0.02064151599320102},"Iteration":13},
{"Acceptance":[0.4166666666666667],"Energy":{"Mean":2.739765228685459,"Sigma":0.31250759706479575,"Taucorr":0.11322178155894913},"EnergyVariance":{"Mean":12.202618822533875,"Sigma":1.3963023000981365,"Taucorr":-0.08042076888612121},"Iteration":14},
{"Acceptance":[0.3894444444444444],"Energy":{"Mean":1.9442618030091925,"Sigma":0.37163244972369497,"Taucorr":0.39014847341381276},"EnergyVariance":{"Mean":11.727158421435714,"Sigma":1.6913477054031898,"Taucorr":0.25963217265107985},"Iteration":15},
{"Acceptance":[0.38222222222222224],"Energy":{"Mean":2.20834803084084,"Sigma":0.3611886202215266,"Taucorr":0.4370344060009773},"EnergyVariance":{"Mean":10.88841906020476,"Sigma":1.3853380827671782,"Taucorr":0.09567306790154573},"Iteration":16},
{"Acceptance":[0.3411111111111111],"Energy":{"Mean":1.1022276878019348,"Sigma":0.45624155829393137,"Taucorr":0.6657725188901744},"EnergyVariance":{"Mean":12.826277034487461,"Sigma":2.1757451717088503,"Taucorr":0.32631064064927107},"Iteration":17},
{"Acceptance":[0.30833333333333335],"Energy":{"Mean":0.6894708007104737,"Sigma":0.22215272043941062,"Taucorr":-0.061413151908114805},"EnergyVariance":{"Mean":10.775955100249485,"Sigma":2.0753479061664972,"Taucorr":0.10767618160910186},"Iteration":18},
{"Acceptance":[0.315],"Energy":{"Mean":0.31703674716728186,"Sigma":0.24528072776297796,"Taucorr":0.1977159015265696},"EnergyVariance":{"Mean":9.44589732060907,"Sigma":2.2660959854221234,"Taucorr":0.37487238713043725},"Iteration":19},
{"Acceptance":[0.32611111111111113],"Energy":{"Mean":0.6373161723738842,"Sigma":0.3294250573236602,"Taucorr":0.3697060845183715},"EnergyVariance":{"Mean":11.395191401236605,"Sigma":2.777131321623709,"Taucorr":0.5645459086613271},"Iteration":20},
{"Acceptance":[0.28555555555555556],"Energy":{"Mean":0.21783010524356639,"Sigma":0.3828154510378894,"Taucorr":0.49828515646692917},"EnergyVariance":{"Mean":14.377752150255656,"Sigma":2.347068210856283,"Taucorr":0.24084921019909977},"Iteration":21},
{"Acceptance":[0.2788888888888889],"Energy":{"Mean":-0.7479587340805129,"Sigma":0.28114703184950934,"Taucorr":0.5912263905840882},"EnergyVariance":{"Mean":8.599641646074211,"Sigma":3.177893939864267,"Taucorr":0.18394505495652114},"Iteration":22},
{"Acceptance":[0.26],"Energy":{"Mean":-0.6281542014662548,"Sigma":0.2439217032197654,"Taucorr":0.1532694015454208},"EnergyVariance":{"Mean":10.479032928950542,"Sigma":3.0553032436263936,"Taucorr":0.14909848087408673},"Iteration":23},
{"Acceptance":[0.2461111111111111],"Energy":{"Mean":-0.9325312015390294,"Sigma":0.3359142117921657,"Taucorr":0.51789885505686},"EnergyVariance":{"Mean":11.115674310722058,"Sigma":2.3272726233283803,"Taucorr":0.41176203705388015},"Iteration":24},
{"Acceptance":[0.25055555555555553],"Energy":{"Mean":-0.8319577837314972,"Sigma":0.28949293436945284,"Taucorr":0.546040403225031},"EnergyVariance":{"Mean":15.475447620640633,"Sigma":4.830795306135669,"Taucorr":0.4133449295203879},"Iteration":25},
{"Acceptance":[0.21833333333333332],"Energy":{"Mean":-1.0175033000992935,"Sigma":0.3600195999153488,"Taucorr":0.8309798361886676},"EnergyVariance":{"Mean":10.468771095025582,"Sigma":1.9509393551673118,"Taucorr":0.30751697002530576},"Iteration":26},
{"Acceptance":[0.21611111111111111],"Energy":{"Mean":-1.2040248639560664,"Sigma":0.27716748040761785,"Taucorr":0.13665507773280894},"EnergyVariance":{"Mean":13.930245093441,"Sigma":3.2932265980400977,"Taucorr":0.16102987384997358},"Iteration":27},
{"Acceptance":[0.20944444444444443],"Energy":{"Mean":-1.7582107199066155,"Sigma":0.33088203283664086,"Taucorr":0.7870523655147759},"EnergyVariance":{"Mean":9.18774956102325,"Sigma":3.9529834564603044,"Taucorr":0.5100057133436271},"Iteration":28},
{"Acceptance":[0.17055555555555554],"Energy":{"Mean":-1.8803437675787136,"Sigma":0.2693815770127152,"Taucorr":0.691841906166593},"EnergyVariance":{"Mean":5.378149883499783,"Sigma":1.4897547997555447,"Taucorr":0.4698765377183459},"Iteration":29},
{"Acceptance":[0.20777777777777778],"Energy":{"Mean":-1.8312752796216158,"Sigma":0.25277132972205224,"Taucorr":0.24407376347554421},"EnergyVariance":{"Mean":11.124441682142926,"Sigma":2.064372970864247,"Taucorr":0.021265566850358186},"Iteration":30},
{"Acceptance":[0.15611111111111112],"Energy":{"Mean":-2.307482645834079,"Sigma":0.2645908892913474,"Taucorr":0.7419026851271109},"EnergyVariance":{"Mean":4.136152808742294,"Sigma":0.5774725883195281,"Taucorr":0.04186614967296898},"Iteration":31},
{"Acceptance":[0.17333333333333334],"Energy":{"Mean":-1.9770733148483794,"Sigma":0.2739257000853452,"Taucorr":0.28467790035731566},"EnergyVariance":{"Mean":11.208786639172397,"Sigma":2.704984395437193,"Taucorr":0.49297350757820224},"Iteration":32},
{"Acceptance":[0.16333333333333333],"Energy":{"Mean":-2.6284352799688224,"Sigma":0.19583846394437934,"Taucorr":0.16184962582945084},"EnergyVariance":{"Mean":9.74591828770205,"Sigma":2.68085153195182,"Taucorr":0.12146689880806116},"Iteration":33},
{"Acceptance":[0.15722222222222224],"Energy":{"Mean":-2.5910063863230257,"Sigma":0.2438182560910039,"Taucorr":0.4439316387549631},"EnergyVariance":{"Mean":9.368085695309167,"Sigma":3.6873608489355694,"Taucorr":0.035360646763167414},"Iteration":34},
{"Acceptance":[0.18444444444444444],"Energy":{"Mean":-2.581308580949281,"Sigma":0.27646883101528724,"Taucorr":0.4046460105245395},"EnergyVariance":{"Mean":9.466865544974354,"Sigma":2.8910450456888124,"Taucorr":0.6503233243533404},"Iteration":35},
{"Acceptance":[0.16333333333333333],"Energy":{"Mean":-2.8612241211942626,"Sigma":0.2405919470942836,"Taucorr":0.3344426703415353},"EnergyVariance":{"Mean":8.031619244897096,"Sigma":1.863352500489651,"Taucorr":0.1883665658009731},"Iteration":36},
{"Acceptance":[0.15888888888888889],"Energy":{"Mean":-2.5969798514982956,"Sigma":0.25587818629763637,"Taucorr":0.4030645089772912},"EnergyVariance":{"Mean":7.789442620758448,"Sigma":2.4549559026070114,"Taucorr":0.35875861356300087},"Iteration":37},
{"Acceptance":[0.16166666666666665],"Energy":{"Mean":-3.382092599663393,"Sigma":0.18849069272301916,"Taucorr":0.14249157158821946},"EnergyVariance":{"Mean":7.083392890609319,"Sigma":2.228427483031145,"Taucorr":0.2179830296365991},"Iteration":38},
{"Acceptance":[0.12277777777777778],"Energy":{"Mean":-3.4318335043954256,"Sigma":0.15101028161900365,"Taucorr":0.3935923836995934},"EnergyVariance":{"Mean":1.9189852147779909,"Sigma":0.513045246824839,"Taucorr":0.21946173634696686},"Iteration":39},
{"Acceptance":[0.15055555555555555],"Energy":{"Mean":-3.6674000063255163,"Sigma":0.17467649881523037,"Taucorr":0.06276325215191636},"EnergyVariance":{"Mean":6.83042121042445,"Sigma":1.5425697237247085,"Taucorr":0.04040218450794475},"Iteration":40},
{"Acceptance":[0.12222222222222222],"Energy":{"Mean":-3.380401215390821,"Sigma":0.24007106395325414,"Taucorr":0.5776810325300858},"EnergyVariance":{"Mean":4.62202343993512,"Sigma":1.4452721111947646,"Taucorr":0.19883014876160343},"Iteration":41},
{"Acceptance":[0.13722222222222222],"Energy":{"Mean":-2.682429632623564,"Sigma":0.4698782132553233,"Taucorr":0.6103486588584102},"EnergyVariance":{"Mean":16.273852245818002,"Sigma":4.763832285602389,"Taucorr":0.2161300166332455},"Iteration":42},
{"Acceptance":[0.13166666666666665],"Energy":{"Mean":-3.350730350302303,"Sigma":0.21820133328196575,"Taucorr":0.2644875781194699},"EnergyVariance":{"Mean":5.079424425968561,"Sigma":1.3493566872451142,"Taucorr":0.017182456303963534},"Iteration":43},
{"Acceptance":[0.15],"Energy":{"Mean":-3.7479428891173505,"Sigma":0.24139932527431998,"Taucorr":-0.0536046242264257},"EnergyVariance":{"Mean":15.276456678297025,"Sigma":3.9838229515171464,"Taucorr":0.2916742839350579},"Iteration":44},
{"Acceptance":[0.13],"Energy":{"Mean":-3.5432025712161312,"Sigma":0.2698757603151932,"Taucorr":0.22682518579441713},"EnergyVariance":{"Mean":6.931505768205641,"Sigma":2.258058358599548,"Taucorr":0.0633960052707998},"Iteration":45},
{"Acceptance":[0.10111111111111111],"Energy":{"Mean":-3.7679189363216663,"Sigma":0.18977300639549818,"Taucorr":0.2282684680471887},"EnergyVariance":{"Mean":5.514952459727601,"Sigma":1.61228051531791,"Taucorr":0.11520266488999309},"Iteration":46},
{"Acceptance":[0.1322222222222222],"Energy":{"Mean":-3.9334345011858223,"Sigma":0.22206000463119657,"Taucorr":0.5969528356158929},"EnergyVariance":{"Mean":5.682452123918917,"Sigma":2.269308117474808,"Taucorr":0.6907787585268368},"Iteration":47},
{"Acceptance":[0.10444444444444445],"Energy":{"Mean":-3.680806099149113,"Sigma":0.16832622883827333,"Taucorr":0.24667262623610842},"EnergyVariance":{"Mean":3.027772204922717,"Sigma":0.9792099122276349,"Taucorr":-0.012857207433676021},"Iteration":48},
{"Acceptance":[0.1238888888888889],"Energy":{"Mean":-3.950604240685599,"Sigma":0.2724186225019012,"Taucorr":0.15215671983649726},"EnergyVariance":{"Mean":12.053307581937606,"Sigma":4.856580544583572,"Taucorr":0.32521113306695615},"Iteration":49},
{"Acceptance":[0.14166666666666666],"Energy":{"Mean":-3.687716493478918,"Sigma":0.18588096026157233,"Taucorr":-0.07227211081403712},"EnergyVariance":{"Mean":6.682332828620005,"Sigma":2.6120096036687017,"Taucorr":0.27291910737146063},"Iteration":50},
{"Acceptance":[0.13944444444444445],"Energy":{"Mean":-3.71777055105402,"Sigma":0.27955491187304166,"Taucorr":0.1816235764122508},"EnergyVariance":{"Mean":8.123818056651636,"Sigma":2.6847008978214215,"Taucorr":0.1682331771581963},"Iteration":51},
{"Acceptance":[0.11333333333333333],"Energy":{"Mean":-3.827911365744129,"Sigma":0.2581117217139668,"Taucorr":0.12793819239174653},"EnergyVariance":{"Mean":9.369282188810162,"Sigma":4.41871339505097,"Taucorr":0.5647888861651862},"Iteration":52},
{"Acceptance":[0.13055555555555556],"Energy":{"Mean":-3.9672843035748664,"Sigma":0.2312997014591879,"Taucorr":0.21016289446737957},"EnergyVariance":{"Mean":5.201632486250587,"Sigma":1.5471687746247023,"Taucorr":0.2565333928299752},"Iteration":53},
{"Acceptance":[0.1288888888888889],"Energy":{"Mean":-3.7879163020159585,"Sigma":0.2564550276647959,"Taucorr":0.4865625930808537},"EnergyVariance":{"Mean":6.364438633636234,"Sigma":2.756669281843017,"Taucorr":0.7742317279018684},"Iteration":54},
{"Acceptance":[0.11277777777777778],"Energy":{"Mean":-3.614353064844636,"Sigma":0.35457610715158416,"Taucorr":0.49563471129554804},"EnergyVariance":{"Mean":8.111446237910839,"Sigma":2.128162179742974,"Taucorr":0.03317441483174166},"Iteration":55},
{"Acceptance":[0.12777777777777777],"Energy":{"Mean":-4.113115254845083,"Sigma":0.2661354686825738,"Taucorr":0.11186459243993963},"EnergyVariance":{"Mean":9.560191008872351,"Sigma":4.096278248479594,"Taucorr":0.03885931102797324},"Iteration":56},
{"Acceptance":[0.12777777777777777],"Energy":{"Mean":-4.605646885659859,"Sigma":0.2229297138639967,"Taucorr":0.19799710053450326},"EnergyVariance":{"Mean":5.205438644596491,"Sigma":1.4361619780332053,"Taucorr":0.37994623953635154},"Iteration":57},
{"Acceptance":[0.11833333333333333],"Energy":{"Mean":-4.6928543389358754,"Sigma":0.26650671878009125,"Taucorr":0.1819032265291073},"EnergyVariance":{"Mean":8.637723391286992,"Sigma":3.4472618888705915,"Taucorr":0.4944947784220226},"Iteration":58},
{"Acceptance":[0.10444444444444445],"Energy":{"Mean":-4.390226364904814,"Sigma":0.17448791732576746,"Taucorr":0.34661108032231314},"EnergyVariance":{"Mean":2.5364308479857955,"Sigma":0.8746030659879238,"Taucorr":0.08449581698135433},"Iteration":59},
{"Acceptance":[0.1272222222222222],"Energy":{"Mean":-4.2531085684854055,"Sigma":0.2505940755899402,"Taucorr":0.5717610380077249},"EnergyVariance":{"Mean":3.1475838159453176,"Sigma":0.7873110501622795,"Taucorr":0.2084617636517736},"Iteration":60},
{"Acceptance":[0.12833333333333333],"Energy":{"Mean":-4.382178380367051,"Sigma":0.2535131889586702,"Taucorr":-0.006000300171642048},"EnergyVariance":{"Mean":8.46011213892881,"Sigma":4.08385023326256,"Taucorr":0.10063610872605389},"Iteration":61},
{"Acceptance":[0.11833333333333333],"Energy":{"Mean":-4.419621230670159,"Sigma":0.2609417872855283,"Taucorr":0.05949474976292457},"EnergyVariance":{"Mean":7.9388533788892675,"Sigma":2.6916439966728283,"Taucorr":0.007867839484511086},"Iteration":62},
{"Acceptance":[0.13944444444444445],"Energy":{"Mean":-4.522975912880756,"Sigma":0.15984822594572215,"Taucorr":0.00426632061358434},"EnergyVariance":{"Mean":3.04490331134175,"Sigma":0.9306075110175286,"Taucorr":0.07659385569301203},"Iteration":63},
{"Acceptance":[0.14222222222222222],"Energy":{"Mean":-4.5648059974887,"Sigma":0.2777136681661161,"Taucorr":0.08551804168982846},"EnergyVariance":{"Mean":8.70218729357083,"Sigma":4.4081790122567615,"Taucorr":0.06045772022199425},"Iteration":64},
{"Acceptance":[0.12111111111111111],"Energy":{"Mean":-4.752579164287519,"Sigma":0.24435375385040056,"Taucorr":0.16472430179683406},"EnergyVariance":{"Mean":5.554395953140516,"Sigma":3.1981026683075386,"Taucorr":0.14617321349595236},"Iteration":65},
{"Acceptance":[0.1461111111111111],"Energy":{"Mean":-4.515798112547247,"Sigma":0.38133566943473346,"Taucorr":0.3459364045362642},"EnergyVariance":{"Mean":10.671453270291197,"Sigma":3.597821475167003,"Taucorr":0.10940692385360307},"Iteration":66},
{"Acceptance":[0.14222222222222222],"Energy":{"Mean":-4.39195949175554,"Sigma":0.2642378034894022,"Taucorr":0.40541927685383683},"EnergyVariance":{"Mean":4.38577798154982,"Sigma":1.3600341251300387,"Taucorr":0.2342490931716129},"Iteration":67},
{"Acceptance":[0.13444444444444445],"Energy":{"Mean":-4.777772157872155,"Sigma":0.2603939218025554,"Taucorr":0.5319592517098044},"EnergyVariance":{"Mean":3.809932252953311,"Sigma":0.9813453672875694,"Taucorr":0.13834469081485923},"Iteration":68},
{"Acceptance":[0.14444444444444443],"Energy":{"Mean":-5.203551587277744,"Sigma":0.4097042632237167,"Taucorr":0.5460804926080622},"EnergyVariance":{"Mean":9.962120564257544,"Sigma":5.303957909961258,"Taucorr":0.8684091268640088},"Iteration":69},
{"Acceptance":[0.12833333333333333],"Energy":{"Mean":-5.001143361007973,"Sigma":0.38941277562846355,"Taucorr":0.6328793269354176},"EnergyVariance":{"Mean":8.307581496753956,"Sigma":2.9656577193939744,"Taucorr":0.5645455504179488},"Iteration":70},
{"Acceptance":[0.15],"Energy":{"Mean":-4.581523576524547,"Sigma":0.2914360137532033,"Taucorr":0.11117851779130394},"EnergyVariance":{"Mean":8.490094346757251,"Sigma":3.0662157837632513,"Taucorr":-0.0432241498634533},"Iteration":71},
{"Acceptance":[0.15722222222222224],"Energy":{"Mean":-4.512352887618351,"Sigma":0.18723382002811595,"Taucorr":-0.13870621898668223},"EnergyVariance":{"Mean":5.649755334976412,"Sigma":1.654875103273023,"Taucorr":0.21375499613502225},"Iteration":72},
{"Acceptance":[0.16277777777777777],"Energy":{"Mean":-5.6399968074499265,"Sigma":0.743092197276873,"Taucorr":0.8116537273415738},"EnergyVariance":{"Mean":21.948015812264938,"Sigma":10.590298971096916,"Taucorr":0.7614312814804689},"Iteration":73},
{"Acceptance":[0.16277777777777777],"Energy":{"Mean":-4.983339100966909,"Sigma":0.30125070587159175,"Taucorr":0.19708607017207225},"EnergyVariance":{"Mean":7.4714668544950555,"Sigma":3.1541275425683306,"Taucorr":0.14937462258304646},"Iteration":74},
{"Acceptance":[0.13],"Energy":{"Mean":-5.065562388574134,"Sigma":0.36105226715933963,"Taucorr":0.4950623034963697},"EnergyVariance":{"Mean":7.1501407670936485,"Sigma":4.5935550995094605,"Taucorr":0.47879659928967255},"Iteration":75},
{"Acceptance":[0.16944444444444445],"Energy":{"Mean":-5.013811241389336,"Sigma":0.3677172365940942,"Taucorr":0.2875241524330673},"EnergyVariance":{"Mean":9.938898947283775,"Sigma":3.633038017229466,"Taucorr":0.09522756947322208},"Iteration":76},
{"Acceptance":[0.1622222222222222],"Energy":{"Mean":-4.248707976134416,"Sigma":0.1995570254244847,"Taucorr":0.06023097762981222},"EnergyVariance":{"Mean":3.4954306230847068,"Sigma":1.0597890442465936,"Taucorr":0.48524951426843477},"Iteration":77},
{"Acceptance":[0.1527777777777778],"Energy":{"Mean":-4.909572437747297,"Sigma":0.2549412022533441,"Taucorr":0.2523460640720463},"EnergyVariance":{"Mean":4.399569752427014,"Sigma":1.909451654664796,"Taucorr":0.3739284596679623},"Iteration":78},
{"Acceptance":[0.14777777777777779],"Energy":{"Mean":-4.934654531773598,"Sigma":0.34286069840730354,"Taucorr":0.3869460259500316},"EnergyVariance":{"Mean":7.016401368430398,"Sigma":3.0318637272531976,"Taucorr":0.2977243582564678},"Iteration":79},
{"Acceptance":[0.17055555555555554],"Energy":{"Mean":-4.595434339916669,"Sigma":0.19527447681750185,"Taucorr":0.08040856717479417},"EnergyVariance":{"Mean":4.371372366702254,"Sigma":2.000962030836477,"Taucorr":0.11418439657534851},"Iteration":80},
{"Acceptance":[0.19555555555555557],"Energy":{"Mean":-4.553400889233279,"Sigma":0.3640597608913071,"Taucorr":0.2617710096439113},"EnergyVariance":{"Mean":8.871424046155248,"Sigma":2.9314789669638803,"Taucorr":0.5262254376128241},"Iteration":81},
{"Acceptance":[0.1661111111111111],"Energy":{"Mean":-5.363117419750021,"Sigma":0.32102158208023707,"Taucorr":0.16300254584097673},"EnergyVariance":{"Mean":8.52372332389855,"Sigma":2.8353885923911077,"Taucorr":0.5931391171523903},"Iteration":82},
{"Acceptance":[0.1738888888888889],"Energy":{"Mean":-4.88702709352199,"Sigma":0.2669107972327958,"Taucorr":-0.14807138152769939},"EnergyVariance":{"Mean":10.20144238544545,"Sigma":3.3032441935011536,"Taucorr":0.29712872667435164},"Iteration":83},
{"Acceptance":[0.18222222222222223],"Energy":{"Mean":-5.034788555535909,"Sigma":0.35161853987228187,"Taucorr":0.34494507327933355},"EnergyVariance":{"Mean":7.206096443383731,"Sigma":1.6936107062967627,"Taucorr":0.10759190635583926},"Iteration":84},
{"Acceptance":[0.17833333333333334],"Energy":{"Mean":-4.954981610086184,"Sigma":0.2831942176191454,"Taucorr":0.09452729886480427},"EnergyVariance":{"Mean":7.182864958167988,"Sigma":1.9776887733512676,"Taucorr":0.07018155678520754},"Iteration":85},
{"Acceptance":[0.16555555555555557],"Energy":{"Mean":-4.876984129935646,"Sigma":0.23040054238422986,"Taucorr":0.3744295472372827},"EnergyVariance":{"Mean":3.262446734152247,"Sigma":1.0582356660693186,"Taucorr":0.4960380920130042},"Iteration":86},
{"Acceptance":[0.165],"Energy":{"Mean":-4.66926666237478,"Sigma":0.18120805458059966,"Taucorr":0.05335650750516441},"EnergyVariance":{"Mean":3.304259306925689,"Sigma":0.6436808627537361,"Taucorr":0.015113119704334821},"Iteration":87},
{"Acceptance":[0.19],"Energy":{"Mean":-4.904239363028522,"Sigma":0.39681475846849923,"Taucorr":0.2326848228809263},"EnergyVariance":{"Mean":16.938667233958462,"Sigma":6.8431137657301955,"Taucorr":-0.00147364574973341},"Iteration":88},
{"Acceptance":[0.19],"Energy":{"Mean":-4.097539753772716,"Sigma":0.27569557375601456,"Taucorr":0.10548089820101125},"EnergyVariance":{"Mean":6.236084918989872,"Sigma":1.4888692226986942,"Taucorr":0.06900653297945081},"Iteration":89},
{"Acceptance":[0.17277777777777778],"Energy":{"Mean":-4.513344822297844,"Sigma":0.18500351116809824,"Taucorr":-0.24689966582277584},"EnergyVariance":{"Mean":6.698723535965179,"Sigma":2.2487165924808594,"Taucorr":0.15049014017969742},"Iteration":90},
{"Acceptance":[0.1711111111111111],"Energy":{"Mean":-4.779539424849426,"Sigma":0.2871619507009399,"Taucorr":0.21391987562203585},"EnergyVariance":{"Mean":5.852461737049822,"Sigma":1.6135413702916233,"Taucorr":-0.022060518815991637},"Iteration":91},
{"Acceptance":[0.18166666666666667],"Energy":{"Mean":-5.094928020324227,"Sigma":0.2559140756978429,"Taucorr":0.42849830058523974},"EnergyVariance":{"Mean":3.4603418685870264,"Sigma":1.1249011261413027,"Taucorr":0.4597029466083573},"Iteration":92},
{"Acceptance":[0.17333333333333334],"Energy":{"Mean":-5.036771397276087,"Sigma":0.18342291888017218,"Taucorr":-0.0712097628769921},"EnergyVariance":{"Mean":4.002409238923916,"Sigma":1.1913445285846425,"Taucorr":0.1057762197094545},"Iteration":93},
{"Acceptance":[0.17444444444444446],"Energy":{"Mean":-3.931663942927864,"Sigma":0.2852734247894532,"Taucorr":0.011791296823128183},"EnergyVariance":{"Mean":13.153100851201067,"Sigma":8.567444245207021,"Taucorr":0.5489789291253595},"Iteration":94},
{"Acceptance":[0.18222222222222223],"Energy":{"Mean":-4.621317065572385,"Sigma":0.2010956002294472,"Taucorr":-0.13438006791314883},"EnergyVariance":{"Mean":5.507200543884064,"Sigma":1.2993849840932066,"Taucorr":-0.004951390770995656},"Iteration":95},
{"Acceptance":[0.18],"Energy":{"Mean":-5.22036946256205,"Sigma":0.25255073291173724,"Taucorr":-0.03167585273178597},"EnergyVariance":{"Mean":10.404132332904481,"Sigma":4.4244241563232265,"Taucorr":-0.018100933194067526},"Iteration":96},
{"Acceptance":[0.18888888888888888],"Energy":{"Mean":-5.528812152958278,"Sigma":0.40462212701792905,"Taucorr":0.29144759861683733},"EnergyVariance":{"Mean":14.977538863796639,"Sigma":5.945935650204059,"Taucorr":0.06660815906814965},"Iteration":97},
{"Acceptance":[0.18],"Energy":{"Mean":-4.948636949680786,"Sigma":0.16589583114912568,"Taucorr":-0.24023995622872973},"EnergyVariance":{"Mean":5.366987305237202,"Sigma":1.1914092206604372,"Taucorr":0.13089983599658117},"Iteration":98},
{"Acceptance":[0.18666666666666668],"Energy":{"Mean":-4.604139424100735,"Sigma":0.31268625356584456,"Taucorr":0.24878880260565917},"EnergyVariance":{"Mean":6.471347458375995,"Sigma":1.1008405914660413,"Taucorr":0.05998174435710535},"Iteration":99} 
]}
{"input": {"L": 8, "J": 1, "machine": {"type": "FFNN", "model": ["tanh", 24, 2]}, "sampler": {"type": "MetropolisHop", "d_max": 5}, "optimizer": {"type": "AdaMax", "alpha": 0.001, "beta1": 0.9, "beta2": 0.999, "epscut": 1e-07}, "VMC": {"n_samples": 100, "discarded_samples": 100, "discarded_samples_on_init": 0, "target": "energy", "method": "Gd", "diag_shift": 0.01, "use_iterative": true, "use_cholesky": true}, "n_iter": 100}}
duration: -0.895859956741333