{"Output": [
{"Acceptance":[0.8305555555555556],"Energy":{"Mean":6.812226078429286,"Sigma":0.23287685320269919,"Taucorr":0.01240957424464284},"EnergyVariance":{"Mean":5.231342264429854,"Sigma":0.651781231104478,"Taucorr":0.01578133017724459},"Iteration":0},
{"Acceptance":[0.7572222222222222],"Energy":{"Mean":6.644276541420635,"Sigma":0.22242380047000473,"Taucorr":0.012371958018967955},"EnergyVariance":{"Mean":5.223216386739417,"Sigma":0.7640548449968639,"Taucorr":0.010368698666816667},"Iteration":1},
{"Acceptance":[0.7094444444444444],"Energy":{"Mean":6.100681019845109,"Sigma":0.2335621172981843,"Taucorr":0.08839434834508264},"EnergyVariance":{"Mean":5.237718518850422,"Sigma":0.6907949550168002,"Taucorr":-0.052727408750088245},"Iteration":2},
{"Acceptance":[0.6855555555555556],"Energy":{"Mean":6.174430772907743,"Sigma":0.3477835834228865,"Taucorr":0.3025249396621913},"EnergyVariance":{"Mean":8.573837180439854,"Sigma":1.00342466040613,"Taucorr":0.014056223713772464},"Iteration":3},
{"Acceptance":[0.6183333333333333],"Energy":{"Mean":5.193175503493061,"Sigma":0.2506538559528926,"Taucorr":0.20930969729094584},"EnergyVariance":{"Mean":5.415130199133351,"Sigma":0.8056362946518512,"Taucorr":0.14971944162085604},"Iteration":4},
{"Acceptance":[0.5866666666666667],"Energy":{"Mean":4.654398293922692,"Sigma":0.3013034431563454,"Taucorr":0.22623652225071633},"EnergyVariance":{"Mean":7.628818945273174,"Sigma":0.9224935011535037,"Taucorr":0.12094262161680858},"Iteration":5},
{"Acceptance":[0.555],"Energy":{"Mean":4.368988267839076,"Sigma":0.373057655661804,"Taucorr":0.44393106699002705},"EnergyVariance":{"Mean":9.45807659846789,"Sigma":1.2580431262409868,"Taucorr":0.08589338189162632},"Iteration":6},
{"Acceptance":[0.5205555555555555],"Energy":{"Mean":3.7666305078144733,"Sigma":0.23463983753299258,"Taucorr":-0.05505249932989803},"EnergyVariance":{"Mean":8.45316029657507,"Sigma":1.0953759231197566,"Taucorr":0.0607011866769287},"Iteration":7},
{"Acceptance":[0.485],"Energy":{"Mean":2.8601382767633727,"Sigma":0.4038246511572542,"Taucorr":0.400225556739769},"EnergyVariance":{"Mean":12.648511363002582,"Sigma":2.0876781922756336,"Taucorr":0.5284976441757865},"Iteration":8},
{"Acceptance":[0.47555555555555556],"Energy":{"Mean":2.7775450800236223,"Sigma":0.36498573153488983,"Taucorr":0.2670247567019577},"EnergyVariance":{"Mean":12.298512027257642,"Sigma":1.1973427501315204,"Taucorr":-0.07561738622864811},"Iteration":9},
{"Acceptance":[0.43833333333333335],"Energy":{"Mean":2.967523455611766,"Sigma":0.2825848810924148,"Taucorr":0.004307664445411752},"EnergyVariance":{"Mean":15.087150111196472,"Sigma":2.5207724505741504,"Taucorr":0.019715289088126697},"Iteration":10},
{"Acceptance":[0.3972222222222222],"Energy":{"Mean":2.167517859579278,"Sigma":0.3929713094141981,"Taucorr":0.6638086777262941},"EnergyVariance":{"Mean":11.709764682908833,"Sigma":1.9628109665396813,"Taucorr":0.08299305277389424},"Iteration":11},
{"Acceptance":[0.38722222222222225],"Energy":{"Mean":2.1597439532904006,"Sigma":0.2977116793724186,"Taucorr":0.5042791141788434},"EnergyVariance":{"Mean":9.256558053856573,"Sigma":1.6712043350959647,"Taucorr":0.3593191375821533},"Iteration":12},
{"Acceptance":[0.3438888888888889],"Energy":{"Mean":0.9202930269626779,"Sigma":0.3266133512125133,"Taucorr":0.42705795022239057},"EnergyVariance":{"Mean":8.63041858247964,"Sigma":1.2989015852589625,"Taucorr":0.2555314484318363},"Iteration":13},
{"Acceptance":[0.3244444444444444],"Energy":{"Mean":0.1679663690597185,"Sigma":0.30147769679321795,"Taucorr":0.4996281926398919},"EnergyVariance":{"Mean":7.6751078979043905,"Sigma":1.3988116942625068,"Taucorr":0.27814467978113244},"Iteration":14},
{"Acceptance":[0.3161111111111111],"Energy":{"Mean":0.2862571639131335,"Sigma":0.3710177082726123,"Taucorr":0.474305837797798},"EnergyVariance":{"Mean":12.802712157968646,"Sigma":1.669601588053467,"Taucorr":0.11695261985883354},"Iteration":15},
{"Acceptance":[0.29777777777777775],"Energy":{"Mean":-0.1778892355745023,"Sigma":0.2967058448801976,"Taucorr":0.49153666026485665},"EnergyVariance":{"Mean":9.127481873848316,"Sigma":1.913087049063317,"Taucorr":-0.011823513985332323},"Iteration":16},
{"Acceptance":[0.27555555555555555],"Energy":{"Mean":-0.30368091826471916,"Sigma":0.29866431837188434,"Taucorr":0.2654685515686237},"EnergyVariance":{"Mean":10.805874863518563,"Sigma":1.457043340272793,"Taucorr":-0.02240835516355205},"Iteration":17},
{"Acceptance":[0.27111111111111114],"Energy":{"Mean":-0.29465943054853877,"Sigma":0.3024209083264902,"Taucorr":0.4058522504013864},"EnergyVariance":{"Mean":8.197299172288284,"Sigma":1.0618863372418117,"Taucorr":0.03470589233931065},"Iteration":18},
{"Acceptance":[0.26166666666666666],"Energy":{"Mean":-1.0370621246506313,"Sigma":0.3145331306428626,"Taucorr":0.6426144980790334},"EnergyVariance":{"Mean":7.535614568621287,"Sigma":2.069942103169699,"Taucorr":0.32949905569802296},"Iteration":19},
{"Acceptance":[0.2511111111111111],"Energy":{"Mean":-0.8916349017924627,"Sigma":0.3308153331641087,"Taucorr":0.588264953407782},"EnergyVariance":{"Mean":9.743542305173248,"Sigma":2.6246130808320007,"Taucorr":0.5225591326642374},"Iteration":20},
{"Acceptance":[0.21222222222222223],"Energy":{"Mean":-1.5840099119890843,"Sigma":0.25437938631755247,"Taucorr":0.40798561123761146},"EnergyVariance":{"Mean":7.084985449409973,"Sigma":1.455044438920007,"Taucorr":0.22520475178693566},"Iteration":21},
{"Acceptance":[0.21944444444444444],"Energy":{"Mean":-1.2615344521185308,"Sigma":0.2388354089321381,"Taucorr":0.19847081503274167},"EnergyVariance":{"Mean":10.926604210913224,"Sigma":4.063545753607465,"Taucorr":1.0562646980622825},"Iteration":22},
{"Acceptance":[0.20833333333333334],"Energy":{"Mean":-2.344340126752322,"Sigma":0.20951236029166742,"Taucorr":0.35327543758377333},"EnergyVariance":{"Mean":6.466386173774165,"Sigma":1.581465373735868,"Taucorr":0.35616484753297717},"Iteration":23},
{"Acceptance":[0.20277777777777778],"Energy":{"Mean":-1.9978552913128218,"Sigma":0.2930617145056871,"Taucorr":0.6229208347281829},"EnergyVariance":{"Mean":7.370004294317369,"Sigma":1.6462949748543751,"Taucorr":0.10356057064914304},"Iteration":24},
{"Acceptance":[0.1922222222222222],"Energy":{"Mean":-2.414359537102448,"Sigma":0.3618725564008833,"Taucorr":1.0046319434031743},"EnergyVariance":{"Mean":8.773200943220964,"Sigma":2.8071993144226877,"Taucorr":0.45333383557995177},"Iteration":25},
{"Acceptance":[0.16055555555555556],"Energy":{"Mean":-2.543259622881319,"Sigma":0.23393971046428041,"Taucorr":0.38756031773770494},"EnergyVariance":{"Mean":5.753574478460323,"Sigma":2.126741557338316,"Taucorr":0.06251989492980192},"Iteration":26},
{"Acceptance":[0.1638888888888889],"Energy":{"Mean":-2.7794187717993353,"Sigma":0.1679933354888686,"Taucorr":0.29131829098450357},"EnergyVariance":{"Mean":3.4819115090692727,"Sigma":0.9899675771038512,"Taucorr":-0.034736117551859236},"Iteration":27},
{"Acceptance":[0.16277777777777777],"Energy":{"Mean":-2.411889735560458,"Sigma":0.38118457542538153,"Taucorr":0.875937257421521},"EnergyVariance":{"Mean":11.995087331036888,"Sigma":4.907910285268748,"Taucorr":0.22025242227316688},"Iteration":28},
{"Acceptance":[0.16833333333333333],"Energy":{"Mean":-2.9775976721957873,"Sigma":0.24267128607707794,"Taucorr":0.3698534382898414},"EnergyVariance":{"Mean":9.459928515253656,"Sigma":2.5666683046527576,"Taucorr":-0.08127488598506033},"Iteration":29},
{"Acceptance":[0.1527777777777778],"Energy":{"Mean":-2.948158742984413,"Sigma":0.24615328494296343,"Taucorr":0.5177763079057185},"EnergyVariance":{"Mean":8.000045461826682,"Sigma":3.4805233569066103,"Taucorr":0.7348954013441718},"Iteration":30},
{"Acceptance":[0.17277777777777778],"Energy":{"Mean":-3.02965808413245,"Sigma":0.2186277587212461,"Taucorr":0.22326991965967102},"EnergyVariance":{"Mean":10.512971276578527,"Sigma":4.842655798745147,"Taucorr":0.32125262464847837},"Iteration":31},
{"Acceptance":[0.155],"Energy":{"Mean":-2.6725671439000154,"Sigma":0.29346089626993904,"Taucorr":0.4806300482321314},"EnergyVariance":{"Mean":5.9148852994515595,"Sigma":1.6951510145368849,"Taucorr":0.16381868403086075},"Iteration":32},
{"Acceptance":[0.1527777777777778],"Energy":{"Mean":-3.310132720756431,"Sigma":0.19974202404129096,"Taucorr":0.3300716696864614},"EnergyVariance":{"Mean":6.322388424770636,"Sigma":2.14792441426972,"Taucorr":-0.06295978550317322},"Iteration":33},
{"Acceptance":[0.14055555555555554],"Energy":{"Mean":-3.449798599601844,"Sigma":0.18816166722835065,"Taucorr":0.0675631503549472},"EnergyVariance":{"Mean":4.1931978307024504,"Sigma":1.3512834630646784,"Taucorr":-0.0513044013913358},"Iteration":34},
{"Acceptance":[0.135],"Energy":{"Mean":-3.1462441874615896,"Sigma":0.2622530963915156,"Taucorr":0.43666981569882835},"EnergyVariance":{"Mean":6.635786361293594,"Sigma":2.794236462564461,"Taucorr":0.32199833814025325},"Iteration":35},
{"Acceptance":[0.13166666666666665],"Energy":{"Mean":-3.1686610734076144,"Sigma":0.25796268086203933,"Taucorr":0.5815482328957562},"EnergyVariance":{"Mean":5.578145499834089,"Sigma":1.8210802906511123,"Taucorr":0.04755505300871432},"Iteration":36},
{"Acceptance":[0.15166666666666667],"Energy":{"Mean":-3.396605746768347,"Sigma":0.1897901053263728,"Taucorr":0.4040044300277691},"EnergyVariance":{"Mean":4.572659398998327,"Sigma":1.540318563503009,"Taucorr":-0.003953845887081586},"Iteration":37},
{"Acceptance":[0.11722222222222223],"Energy":{"Mean":-3.904071381563786,"Sigma":0.09532069863090992,"Taucorr":-0.08924987783585586},"EnergyVariance":{"Mean":2.049013853833898,"Sigma":0.779731093760635,"Taucorr":0.40441252098106417},"Iteration":38},
{"Acceptance":[0.14055555555555554],"Energy":{"Mean":-3.5871772438443945,"Sigma":0.18331220547610616,"Taucorr":-0.07996226208870671},"EnergyVariance":{"Mean":6.912407714911362,"Sigma":2.554888812197157,"Taucorr":0.0641729831759642},"Iteration":39},
{"Acceptance":[0.14055555555555554],"Energy":{"Mean":-3.6837024433603647,"Sigma":0.18365054833048522,"Taucorr":0.3133228954541505},"EnergyVariance":{"Mean":5.534969363350611,"Sigma":1.9848778386221109,"Taucorr":-0.050637477529264785},"Iteration":40},
{"Acceptance":[0.14],"Energy":{"Mean":-3.862206433452929,"Sigma":0.15440983263407587,"Taucorr":-0.035497130273709376},"EnergyVariance":{"Mean":4.139208689888418,"Sigma":1.9470740548705394,"Taucorr":0.27125276681802435},"Iteration":41},
{"Acceptance":[0.1688888888888889],"Energy":{"Mean":-3.629635028210093,"Sigma":0.17548946962583378,"Taucorr":0.32312520754024},"EnergyVariance":{"Mean":2.1036188083038643,"Sigma":0.4004862973734152,"Taucorr":0.12356283288748138},"Iteration":42},
{"Acceptance":[0.145],"Energy":{"Mean":-3.816784265494511,"Sigma":0.2502704962325464,"Taucorr":0.45580599029843494},"EnergyVariance":{"Mean":8.262162966822123,"Sigma":3.8191269346602894,"Taucorr":0.7262879945965304},"Iteration":43},
{"Acceptance":[0.13055555555555556],"Energy":{"Mean":-3.935405138313013,"Sigma":0.1999369920590584,"Taucorr":-0.052445825413949154},"EnergyVariance":{"Mean":7.679071266962519,"Sigma":2.872626560053011,"Taucorr":-0.012708870270470518},"Iteration":44},
{"Acceptance":[0.125],"Energy":{"Mean":-3.7868882775643993,"Sigma":0.23405798181014867,"Taucorr":-0.09054897637685128},"EnergyVariance":{"Mean":14.432701859962014,"Sigma":6.061565840322726,"Taucorr":0.2734473383687426},"Iteration":45},
{"Acceptance":[0.13444444444444445],"Energy":{"Mean":-4.0098626526755075,"Sigma":0.31128416715538954,"Taucorr":0.17729485788561572},"EnergyVariance":{"Mean":10.53020445095941,"Sigma":3.5252006479375715,"Taucorr":0.009918220818889933},"Iteration":46},
{"Acceptance":[0.10833333333333334],"Energy":{"Mean":-3.4933501790065846,"Sigma":0.23563923798854597,"Taucorr":0.3347783385634103},"EnergyVariance":{"Mean":5.041414605193035,"Sigma":2.5525665870298404,"Taucorr":0.0009694522581675802},"Iteration":47},
{"Acceptance":[0.11388888888888889],"Energy":{"Mean":-4.307959870635115,"Sigma":0.13738678883955124,"Taucorr":-0.05120950916470207},"EnergyVariance":{"Mean":3.9825731978885264,"Sigma":2.2703912781463047,"Taucorr":0.025693638691328347},"Iteration":48},
{"Acceptance":[0.12111111111111111],"Energy":{"Mean":-3.9393535047286448,"Sigma":0.21340366730135327,"Taucorr":0.31643958413612383},"EnergyVariance":{"Mean":3.48301776552648,"Sigma":1.1646336124747336,"Taucorr":0.059607385290714965},"Iteration":49},
{"Acceptance":[0.11277777777777778],"Energy":{"Mean":-3.7761466128828394,"Sigma":0.15055070802342913,"Taucorr":0.2831095882902249},"EnergyVariance":{"Mean":2.2069045312678934,"Sigma":1.0967932476829567,"Taucorr":0.01078793264236877},"Iteration":50},
{"Acceptance":[0.13166666666666665],"Energy":{"Mean":-3.8430051393861513,"Sigma":0.34256025239251336,"Taucorr":0.5045466629410797},"EnergyVariance":{"Mean":10.243675565139807,"Sigma":3.8922225883831167,"Taucorr":0.11192470613264116},"Iteration":51},
{"Acceptance":[0.125],"Energy":{"Mean":-4.058513808576664,"Sigma":0.16395959858464437,"Taucorr":-0.05349479060736384},"EnergyVariance":{"Mean":4.477400561413965,"Sigma":2.288971997113205,"Taucorr":0.013822644534483453},"Iteration":52},
{"Acceptance":[0.12277777777777778],"Energy":{"Mean":-4.801105206533377,"Sigma":0.3204301187124495,"Taucorr":0.22057414069307135},"EnergyVariance":{"Mean":10.032646568702836,"Sigma":3.911452459226868,"Taucorr":0.10415235523564847},"Iteration":53},
{"Acceptance":[0.1111111111111111],"Energy":{"Mean":-3.9163913021062364,"Sigma":0.1660300182084316,"Taucorr":0.4738284718453024},"EnergyVariance":{"Mean":1.4922994213839895,"Sigma":0.2494156170727871,"Taucorr":0.2654863612963686},"Iteration":54},
{"Acceptance":[0.1338888888888889],"Energy":{"Mean":-4.643257708924029,"Sigma":0.24975481757874274,"Taucorr":0.34426233289697306},"EnergyVariance":{"Mean":4.836688049906928,"Sigma":3.4436420216787744,"Taucorr":0.4986729043014042},"Iteration":55},
{"Acceptance":[0.12444444444444444],"Energy":{"Mean":-4.224177593427646,"Sigma":0.1839042587895436,"Taucorr":-0.06341327577228861},"EnergyVariance":{"Mean":6.052408252252117,"Sigma":2.8271855874198217,"Taucorr":0.041985946830410126},"Iteration":56},
{"Acceptance":[0.11166666666666666],"Energy":{"Mean":-4.425811130263874,"Sigma":0.3187784275480564,"Taucorr":0.27758502096863225},"EnergyVariance":{"Mean":9.439935955421078,"Sigma":4.16502338292853,"Taucorr":0.004768548430121089},"Iteration":57},
{"Acceptance":[0.11722222222222223],"Energy":{"Mean":-4.231118415059405,"Sigma":0.16800413456929597,"Taucorr":0.14891229383767135},"EnergyVariance":{"Mean":2.455482212702241,"Sigma":1.191119985934673,"Taucorr":-0.0046312787378640086},"Iteration":58},
{"Acceptance":[0.135],"Energy":{"Mean":-4.190604074154022,"Sigma":0.3910855891218283,"Taucorr":0.07841475422355348},"EnergyVariance":{"Mean":17.270932003566514,"Sigma":11.15555327058996,"Taucorr":0.1674982705926652},"Iteration":59},
{"Acceptance":[0.13111111111111112],"Energy":{"Mean":-4.486254487813385,"Sigma":0.27133831330419383,"Taucorr":0.6312157705682293},"EnergyVariance":{"Mean":4.324012302482722,"Sigma":2.093268156300282,"Taucorr":0.592596412196444},"Iteration":60},
{"Acceptance":[0.11666666666666667],"Energy":{"Mean":-4.284587714434571,"Sigma":0.1529145669489648,"Taucorr":0.37565699484722725},"EnergyVariance":{"Mean":1.382707012882628,"Sigma":0.3411178839419259,"Taucorr":0.34475772201555377},"Iteration":61},
{"Acceptance":[0.13055555555555556],"Energy":{"Mean":-4.634219197713144,"Sigma":0.37105995845554285,"Taucorr":0.27348555797280794},"EnergyVariance":{"Mean":11.694271951260147,"Sigma":4.672447072028094,"Taucorr":0.12135917236062632},"Iteration":62},
{"Acceptance":[0.11833333333333333],"Energy":{"Mean":-4.279618045617231,"Sigma":0.15250992435586122,"Taucorr":0.3372539964295639},"EnergyVariance":{"Mean":1.4596358131250322,"Sigma":0.3107756077116289,"Taucorr":0.2915751090587906},"Iteration":63},
{"Acceptance":[0.10222222222222223],"Energy":{"Mean":-4.138374362217424,"Sigma":0.18695120430450118,"Taucorr":0.47807916826990515},"EnergyVariance":{"Mean":2.137563828753215,"Sigma":1.2483140205605,"Taucorr":0.47226113854958895},"Iteration":64},
{"Acceptance":[0.15888888888888889],"Energy":{"Mean":-4.3241779772114715,"Sigma":0.17942460434587365,"Taucorr":0.043899947874277645},"EnergyVariance":{"Mean":3.1995584631288776,"Sigma":1.54535332289054,"Taucorr":0.10199861296474888},"Iteration":65},
{"Acceptance":[0.14166666666666666],"Energy":{"Mean":-4.465948641824177,"Sigma":0.17523056852444874,"Taucorr":0.02924233830064149},"EnergyVariance":{"Mean":2.985344582943629,"Sigma":1.5303166160504869,"Taucorr":0.14013041206083565},"Iteration":66},
{"Acceptance":[0.13944444444444445],"Energy":{"Mean":-4.435076575501892,"Sigma":0.18221886689281494,"Taucorr":-0.01125698701409622},"EnergyVariance":{"Mean":3.5563337994164543,"Sigma":1.526050243103055,"Taucorr":0.0613007749739487},"Iteration":67},
{"Acceptance":[0.14555555555555555],"Energy":{"Mean":-4.007242504501004,"Sigma":0.422411649833411,"Taucorr":0.5484587917677677},"EnergyVariance":{"Mean":12.038543145696352,"Sigma":9.670842164532768,"Taucorr":0.525191700125603},"Iteration":68},
{"Acceptance":[0.14666666666666667],"Energy":{"Mean":-5.218719668203773,"Sigma":0.3113994366736606,"Taucorr":0.23857000018213292},"EnergyVariance":{"Mean":7.269247122879541,"Sigma":3.461277468792028,"Taucorr":0.5734068747528889},"Iteration":69},
{"Acceptance":[0.13055555555555556],"Energy":{"Mean":-4.615842501286459,"Sigma":0.23289714928409996,"Taucorr":0.3578077077274603},"EnergyVariance":{"Mean":3.2859659574590805,"Sigma":2.274865449091806,"Taucorr":0.5015141928592326},"Iteration":70},
{"Acceptance":[0.1338888888888889],"Energy":{"Mean":-4.46830210141308,"Sigma":0.22255285446342044,"Taucorr":-0.13528202170184844},"EnergyVariance":{"Mean":10.891121225763968,"Sigma":8.646209045033387,"Taucorr":0.47596129824561484},"Iteration":71},
{"Acceptance":[0.1511111111111111],"Energy":{"Mean":-4.2552694514573925,"Sigma":0.2833738471592256,"Taucorr":0.26454530884448524},"EnergyVariance":{"Mean":7.454317685947641,"Sigma":4.608415725781043,"Taucorr":-0.009272494903244721},"Iteration":72},
{"Acceptance":[0.14944444444444444],"Energy":{"Mean":-4.550519304393283,"Sigma":0.18280790279184556,"Taucorr":-0.207104522402915},"EnergyVariance":{"Mean":5.8566080384842945,"Sigma":2.335714129696176,"Taucorr":-0.00041831426847821485},"Iteration":73},
{"Acceptance":[0.14222222222222222],"Energy":{"Mean":-4.429457041617532,"Sigma":0.15492702388725724,"Taucorr":0.4496364195406941},"EnergyVariance":{"Mean":1.2802394132344446,"Sigma":0.31595423607307715,"Taucorr":0.1843731843716584},"Iteration":74},
{"Acceptance":[0.13722222222222222],"Energy":{"Mean":-4.3312915078305965,"Sigma":0.09121097291213442,"Taucorr":-0.03259844747119034},"EnergyVariance":{"Mean":0.9209056893538705,"Sigma":0.22071057768255184,"Taucorr":0.16095306585869396},"Iteration":75},
{"Acceptance":[0.1511111111111111],"Energy":{"Mean":-5.0059831641508685,"Sigma":0.17576584288443134,"Taucorr":-0.011772880880770942},"EnergyVariance":{"Mean":3.327439437819343,"Sigma":1.8753656727157642,"Taucorr":0.01607640916176256},"Iteration":76},
{"Acceptance":[0.15611111111111112],"Energy":{"Mean":-4.43941605938749,"Sigma":0.145311676833177,"Taucorr":0.25166076070235566},"EnergyVariance":{"Mean":1.4921379165392579,"Sigma":0.262785689400277,"Taucorr":0.17513312441659945},"Iteration":77},
{"Acceptance":[0.14333333333333334],"Energy":{"Mean":-4.342053026986497,"Sigma":0.17890149458608784,"Taucorr":0.552462088255053},"EnergyVariance":{"Mean":1.5138533896665411,"Sigma":0.5340663176084971,"Taucorr":0.2287404076287891},"Iteration":78},
{"Acceptance":[0.14055555555555554],"Energy":{"Mean":-4.216540543707221,"Sigma":0.46456701328591504,"Taucorr":0.5141601731452248},"EnergyVariance":{"Mean":17.912971584367924,"Sigma":14.038308323742779,"Taucorr":0.5018220778935811},"Iteration":79},
{"Acceptance":[0.14666666666666667],"Energy":{"Mean":-4.995856776095913,"Sigma":0.2640978940901148,"Taucorr":0.3760677753315116},"EnergyVariance":{"Mean":4.157237692263406,"Sigma":1.7710817400400636,"Taucorr":0.14027937489743358},"Iteration":80},
{"Acceptance":[0.1338888888888889],"Energy":{"Mean":-4.652968773045682,"Sigma":0.13390225621732602,"Taucorr":0.23197478895638501},"EnergyVariance":{"Mean":1.2788786659887301,"Sigma":0.2609879954853243,"Taucorr":0.1423852777892286},"Iteration":81},
{"Acceptance":[0.14666666666666667],"Energy":{"Mean":-4.5840554913209735,"Sigma":0.17524051383483868,"Taucorr":0.25007427231660107},"EnergyVariance":{"Mean":2.1595204708906346,"Sigma":0.6352152406849768,"Taucorr":0.22047679334325698},"Iteration":82},
{"Acceptance":[0.1527777777777778],"Energy":{"Mean":-4.086028327431577,"Sigma":0.1688024078712588,"Taucorr":0.10871360272757524},"EnergyVariance":{"Mean":2.421585351820737,"Sigma":0.5290644092967103,"Taucorr":0.011602339321382438},"Iteration":83},
{"Acceptance":[0.15333333333333332],"Energy":{"Mean":-4.442532496265791,"Sigma":0.17229798910284927,"Taucorr":0.20783563345417633},"EnergyVariance":{"Mean":2.2576120478546997,"Sigma":0.8432677960627668,"Taucorr":0.3190411248652144},"Iteration":84},
{"Acceptance":[0.16944444444444445],"Energy":{"Mean":-4.740597278511906,"Sigma":0.25311800071604107,"Taucorr":0.15379763672109903},"EnergyVariance":{"Mean":5.541501872574588,"Sigma":1.8357010559246658,"Taucorr":0.2334014980590764},"Iteration":85},
{"Acceptance":[0.16111111111111112],"Energy":{"Mean":-4.3034474437628,"Sigma":0.16633078502904253,"Taucorr":0.15368196495666908},"EnergyVariance":{"Mean":2.1830818014932754,"Sigma":0.8251742056225091,"Taucorr":0.34837715109977985},"Iteration":86},
{"Acceptance":[0.16722222222222222],"Energy":{"Mean":-4.939336275541156,"Sigma":0.3930647950880359,"Taucorr":0.352014375402113},"EnergyVariance":{"Mean":10.95039706602321,"Sigma":8.682574282018475,"Taucorr":0.46364610415266405},"Iteration":87},
{"Acceptance":[0.14944444444444444],"Energy":{"Mean":-4.456233170080184,"Sigma":0.17698563955977042,"Taucorr":0.19512091592082803},"EnergyVariance":{"Mean":2.5897521210473253,"Sigma":0.991732629883155,"Taucorr":0.3552735512265899},"Iteration":88},
{"Acceptance":[0.165],"Energy":{"Mean":-4.353578455653523,"Sigma":0.14344010886200478,"Taucorr":0.23498708718737915},"EnergyVariance":{"Mean":1.4741664909991783,"Sigma":0.45973722346158713,"Taucorr":0.39422319846790943},"Iteration":89},
{"Acceptance":[0.16111111111111112],"Energy":{"Mean":-4.607564728226076,"Sigma":0.20200307371864826,"Taucorr":-0.11996924434086931},"EnergyVariance":{"Mean":5.9212135748779255,"Sigma":2.5657613238910857,"Taucorr":-0.01905574713579089},"Iteration":90},
{"Acceptance":[0.18222222222222223],"Energy":{"Mean":-4.679257621163268,"Sigma":0.13298324171650805,"Taucorr":0.16516293627472034},"EnergyVariance":{"Mean":1.5089489639001898,"Sigma":0.3719760910137098,"Taucorr":0.21441185481669878},"Iteration":91},
{"Acceptance":[0.15444444444444444],"Energy":{"Mean":-5.049038936628993,"Sigma":0.23902675021174605,"Taucorr":0.31120022104680556},"EnergyVariance":{"Mean":3.8796922804100458,"Sigma":1.6374022118801035,"Taucorr":0.673980761439892},"Iteration":92},
{"Acceptance":[0.18222222222222223],"Energy":{"Mean":-4.804948821266198,"Sigma":0.17394000076016847,"Taucorr":-0.084459627810416},"EnergyVariance":{"Mean":3.8294266888872377,"Sigma":1.213152462521408,"Taucorr":0.18280322865009369},"Iteration":93},
{"Acceptance":[0.14666666666666667],"Energy":{"Mean":-4.8717140073047815,"Sigma":0.19559192567649655,"Taucorr":0.06804880171131222},"EnergyVariance":{"Mean":3.8852007949805665,"Sigma":1.2523084816810663,"Taucorr":0.07499068714713875},"Iteration":94},
{"Acceptance":[0.15722222222222224],"Energy":{"Mean":-4.68135257366073,"Sigma":0.18880092370537777,"Taucorr":-0.012529023208454337},"EnergyVariance":{"Mean":3.624112879772026,"Sigma":1.1253475192843803,"Taucorr":0.023053187703656053},"Iteration":95},
{"Acceptance":[0.15777777777777777],"Energy":{"Mean":-4.686620476207165,"Sigma":0.2189629746351486,"Taucorr":0.4230423777951229},"EnergyVariance":{"Mean":2.564934836194743,"Sigma":0.9582520178462322,"Taucorr":0.37929137954246217},"Iteration":96},
{"Acceptance":[0.17277777777777778],"Energy":{"Mean":-4.6491395943922,"Sigma":0.1348055372854937,"Taucorr":0.307758896730962},"EnergyVariance":{"Mean":1.3122997406890684,"Sigma":0.3761797236742465,"Taucorr":0.14507034196628799},"Iteration":97},
{"Acceptance":[0.17166666666666666],"Energy":{"Mean":-4.5375189590169605,"Sigma":0.21871586967415416,"Taucorr":0.15997656037906793},"EnergyVariance":{"Mean":6.005873989366754,"Sigma":3.918041181300241,"Taucorr":-0.005131578631528411},"Iteration":98},
{"Acceptance":[0.18055555555555555],"Energy":{"Mean":-4.306955388805064,"Sigma":0.16666694047058064,"Taucorr":-0.010867285310360963},"EnergyVariance":{"Mean":2.9320539280202125,"Sigma":0.8486676177515878,"Taucorr":-0.022249861730958276},"Iteration":99} 
]}
{"input": {"L": 8, "J": 1, "machine": {"type": "FFNN", "model": ["tanh", 31, 2]}, "sampler": {"type": "MetropolisHop", "d_max": 5}, "optimizer": {"type": "AdaMax", "alpha": 0.001, "beta1": 0.9, "beta2": 0.999, "epscut": 1e-07}, "VMC": {"n_samples": 100, "discarded_samples": 100, "discarded_samples_on_init": 0, "target": "energy", "method": "Gd", "diag_shift": 0.01, "use_iterative": true, "use_cholesky": true}, "n_iter": 100}}
duration: -0.7862248420715332