{"Output": [
{"Acceptance":[0.8088888888888889],"Energy":{"Mean":7.048223031199704,"Sigma":0.22783806728789197,"Taucorr":-0.00384266773475217},"EnergyVariance":{"Mean":5.21579437876673,"Sigma":0.6298032195066482,"Taucorr":-0.08078882537550786},"Iteration":0},
{"Acceptance":[0.7583333333333333],"Energy":{"Mean":6.298868535627614,"Sigma":0.2338992301112883,"Taucorr":-0.001705411595638251},"EnergyVariance":{"Mean":5.727002896176005,"Sigma":0.8915740030977244,"Taucorr":0.006774784983888171},"Iteration":1},
{"Acceptance":[0.6933333333333334],"Energy":{"Mean":5.95699055233156,"Sigma":0.28175715759961373,"Taucorr":-0.010760695776220075},"EnergyVariance":{"Mean":8.663012620037753,"Sigma":1.3049588272796542,"Taucorr":-0.06710977804707696},"Iteration":2},
{"Acceptance":[0.6438888888888888],"Energy":{"Mean":5.593956015576616,"Sigma":0.3308704567702585,"Taucorr":0.11935279004338895},"EnergyVariance":{"Mean":10.011583102561056,"Sigma":1.3874721725413308,"Taucorr":0.10840850534699087},"Iteration":3},
{"Acceptance":[0.595],"Energy":{"Mean":5.332453468326912,"Sigma":0.39359584024504884,"Taucorr":0.3187858858999957},"EnergyVariance":{"Mean":11.070243071464501,"Sigma":1.5719768875182685,"Taucorr":-0.05833772930672204},"Iteration":4},
{"Acceptance":[0.5483333333333333],"Energy":{"Mean":3.926031981432198,"Sigma":0.2896604960940354,"Taucorr":0.10463887325195464},"EnergyVariance":{"Mean":8.330232100679758,"Sigma":1.1056581009661546,"Taucorr":0.2330128437941278},"Iteration":5},
{"Acceptance":[0.5244444444444445],"Energy":{"Mean":3.693262615572212,"Sigma":0.37714701599452166,"Taucorr":0.3518590844751418},"EnergyVariance":{"Mean":9.991186839271439,"Sigma":1.5062733178299423,"Taucorr":0.17913158186075295},"Iteration":6},
{"Acceptance":[0.4761111111111111],"Energy":{"Mean":2.8161685507695524,"Sigma":0.45521324862035456,"Taucorr":0.6139478101903109},"EnergyVariance":{"Mean":11.682850298227994,"Sigma":1.9736641537529858,"Taucorr":0.16966270579669251},"Iteration":7},
{"Acceptance":[0.4477777777777778],"Energy":{"Mean":2.718091021751247,"Sigma":0.3985383428045059,"Taucorr":0.42819715258960334},"EnergyVariance":{"Mean":12.489488003507265,"Sigma":2.1298189185022447,"Taucorr":-0.026951371766049448},"Iteration":8},
{"Acceptance":[0.3761111111111111],"Energy":{"Mean":1.0379988409752892,"Sigma":0.4059534444623275,"Taucorr":0.5506609121120996},"EnergyVariance":{"Mean":11.040020224897278,"Sigma":1.5364229076129825,"Taucorr":0.09021960957290531},"Iteration":9},
{"Acceptance":[0.35388888888888886],"Energy":{"Mean":0.6043563698981891,"Sigma":0.2980803898721634,"Taucorr":0.142646022902725},"EnergyVariance":{"Mean":10.214441702017753,"Sigma":1.4130436856596233,"Taucorr":0.000996642499378586},"Iteration":10},
{"Acceptance":[0.3327777777777778],"Energy":{"Mean":0.5596112028015626,"Sigma":0.25203584980110577,"Taucorr":-0.05699670342608831},"EnergyVariance":{"Mean":13.025070941362372,"Sigma":3.003936333250977,"Taucorr":0.21988867398570666},"Iteration":11},
{"Acceptance":[0.31222222222222223],"Energy":{"Mean":0.2798026290198481,"Sigma":0.28360851728743314,"Taucorr":0.17873714110983974},"EnergyVariance":{"Mean":8.953787399462284,"Sigma":0.9232554406817242,"Taucorr":0.14151042393423252},"Iteration":12},
{"Acceptance":[0.27666666666666667],"Energy":{"Mean":0.1983283169492511,"Sigma":0.3346855486297285,"Taucorr":0.24474838547596356},"EnergyVariance":{"Mean":12.542235742389797,"Sigma":1.5586237363261175,"Taucorr":-0.05119221889565273},"Iteration":13},
{"Acceptance":[0.2811111111111111],"Energy":{"Mean":-0.8826255982270639,"Sigma":0.31405969244948234,"Taucorr":0.5372308494731626},"EnergyVariance":{"Mean":7.011245084172923,"Sigma":1.2525051129277676,"Taucorr":0.22661064019808808},"Iteration":14},
{"Acceptance":[0.22444444444444445],"Energy":{"Mean":-1.190960657781632,"Sigma":0.3590785881102744,"Taucorr":0.6773383125536319},"EnergyVariance":{"Mean":10.114856105055278,"Sigma":2.744533936279593,"Taucorr":0.4549362604725792},"Iteration":15},
{"Acceptance":[0.23333333333333334],"Energy":{"Mean":-2.1283910891743685,"Sigma":0.23102122146151013,"Taucorr":0.4526798220368744},"EnergyVariance":{"Mean":4.3978041411743005,"Sigma":0.9808108495513777,"Taucorr":0.47329417438369603},"Iteration":16},
{"Acceptance":[0.21944444444444444],"Energy":{"Mean":-1.3440330632609825,"Sigma":0.2685310768392629,"Taucorr":0.13870762397770475},"EnergyVariance":{"Mean":11.013857237507445,"Sigma":2.578615264452919,"Taucorr":0.011626169055457658},"Iteration":17},
{"Acceptance":[0.2061111111111111],"Energy":{"Mean":-1.517365569931002,"Sigma":0.27864795336409326,"Taucorr":0.22859242427316906},"EnergyVariance":{"Mean":11.634454431080773,"Sigma":3.0559248592032673,"Taucorr":0.22766365491770102},"Iteration":18},
{"Acceptance":[0.19833333333333333],"Energy":{"Mean":-2.2545948065343335,"Sigma":0.2946655100462384,"Taucorr":0.6536740690193668},"EnergyVariance":{"Mean":6.60509535294261,"Sigma":1.992919118148573,"Taucorr":0.5341850600332005},"Iteration":19},
{"Acceptance":[0.14722222222222223],"Energy":{"Mean":-2.2575993594118122,"Sigma":0.21786603895685677,"Taucorr":0.2926556512768236},"EnergyVariance":{"Mean":4.882293431271291,"Sigma":1.2697692210123614,"Taucorr":0.12436037099712871},"Iteration":20},
{"Acceptance":[0.1688888888888889],"Energy":{"Mean":-2.6505478146429495,"Sigma":0.18784498284005488,"Taucorr":0.34633150434264215},"EnergyVariance":{"Mean":3.771283038893335,"Sigma":0.8363195072557914,"Taucorr":0.1478299604014448},"Iteration":21},
{"Acceptance":[0.15055555555555555],"Energy":{"Mean":-2.281075068048668,"Sigma":0.23193464004032585,"Taucorr":0.18370905740935917},"EnergyVariance":{"Mean":8.837127424675321,"Sigma":2.2680642736985206,"Taucorr":-0.036657844259833094},"Iteration":22},
{"Acceptance":[0.17],"Energy":{"Mean":-2.5965113178767902,"Sigma":0.3196821160544023,"Taucorr":0.9279610020250129},"EnergyVariance":{"Mean":15.302831279491873,"Sigma":4.423767758439874,"Taucorr":0.5795200571716592},"Iteration":23},
{"Acceptance":[0.12833333333333333],"Energy":{"Mean":-3.1038341541782866,"Sigma":0.2243788852367123,"Taucorr":0.4525314285866988},"EnergyVariance":{"Mean":4.256852084141958,"Sigma":1.250440418160718,"Taucorr":0.051034965038110114},"Iteration":24},
{"Acceptance":[0.12666666666666668],"Energy":{"Mean":-3.157176109880524,"Sigma":0.21054661327666757,"Taucorr":0.3110938497897927},"EnergyVariance":{"Mean":8.019021438394264,"Sigma":2.3118808606397008,"Taucorr":-0.016118761682965443},"Iteration":25},
{"Acceptance":[0.1361111111111111],"Energy":{"Mean":-2.8732863547276866,"Sigma":0.19868324787613498,"Taucorr":0.5906275013842119},"EnergyVariance":{"Mean":5.644299676455242,"Sigma":1.9658468875940833,"Taucorr":-0.01442244496873385},"Iteration":26},
{"Acceptance":[0.14777777777777779],"Energy":{"Mean":-3.403475600574512,"Sigma":0.14217910668293285,"Taucorr":0.13683763904750845},"EnergyVariance":{"Mean":7.652895244442994,"Sigma":2.663642001179212,"Taucorr":0.12179922709907087},"Iteration":27},
{"Acceptance":[0.13111111111111112],"Energy":{"Mean":-3.5725006279312694,"Sigma":0.166030522341502,"Taucorr":0.2779978869313795},"EnergyVariance":{"Mean":6.555662741548703,"Sigma":2.5013549896391964,"Taucorr":0.22327869933649025},"Iteration":28},
{"Acceptance":[0.10166666666666667],"Energy":{"Mean":-3.60215073919234,"Sigma":0.15099035236055333,"Taucorr":0.3107375259363212},"EnergyVariance":{"Mean":4.337451694845047,"Sigma":1.818330262819787,"Taucorr":-0.004442746980217238},"Iteration":29},
{"Acceptance":[0.12944444444444445],"Energy":{"Mean":-3.3822918768574666,"Sigma":0.1779491162192115,"Taucorr":0.6108414205689237},"EnergyVariance":{"Mean":4.1131486398921355,"Sigma":2.4188389890811757,"Taucorr":0.5112508403613854},"Iteration":30},
{"Acceptance":[0.1272222222222222],"Energy":{"Mean":-3.1580235435662938,"Sigma":0.19065265721326308,"Taucorr":0.3971383068846279},"EnergyVariance":{"Mean":2.745229922364198,"Sigma":0.6852607384531118,"Taucorr":-0.03595543429462045},"Iteration":31},
{"Acceptance":[0.12222222222222222],"Energy":{"Mean":-3.7530722435243153,"Sigma":0.16157438891083778,"Taucorr":0.05413254766835196},"EnergyVariance":{"Mean":8.665146599375868,"Sigma":7.231067374789627,"Taucorr":0.2976918753636637},"Iteration":32},
{"Acceptance":[0.10388888888888889],"Energy":{"Mean":-3.484080417389851,"Sigma":0.165458196344956,"Taucorr":0.24738406591876483},"EnergyVariance":{"Mean":6.992221218382203,"Sigma":3.907070596258858,"Taucorr":0.39762588022628853},"Iteration":33},
{"Acceptance":[0.12444444444444444],"Energy":{"Mean":-3.889047572217417,"Sigma":0.13299141263908204,"Taucorr":0.2567197971861145},"EnergyVariance":{"Mean":1.4033744078907737,"Sigma":0.2981830754334498,"Taucorr":0.34498477088225854},"Iteration":34},
{"Acceptance":[0.08944444444444444],"Energy":{"Mean":-3.82375153174668,"Sigma":0.16962570694330892,"Taucorr":0.6704953256324013},"EnergyVariance":{"Mean":1.4925900685470816,"Sigma":0.3210014198427616,"Taucorr":0.4152574416366255},"Iteration":35},
{"Acceptance":[0.11611111111111111],"Energy":{"Mean":-3.6552644147731885,"Sigma":0.18583280401991195,"Taucorr":0.3023323767779328},"EnergyVariance":{"Mean":6.360564654803975,"Sigma":2.7625177235193914,"Taucorr":-0.00834559637297988},"Iteration":36},
{"Acceptance":[0.08722222222222223],"Energy":{"Mean":-3.6481519182357536,"Sigma":0.22536264496955408,"Taucorr":0.8861891009922171},"EnergyVariance":{"Mean":4.590109522612338,"Sigma":2.206189610457036,"Taucorr":-0.003019930987256947},"Iteration":37},
{"Acceptance":[0.12666666666666668],"Energy":{"Mean":-3.5944028486207555,"Sigma":0.25025588690474576,"Taucorr":0.7806292043132121},"EnergyVariance":{"Mean":2.583723296528355,"Sigma":0.6591116102699277,"Taucorr":0.627364409240432},"Iteration":38},
{"Acceptance":[0.1],"Energy":{"Mean":-3.881179340138408,"Sigma":0.181069410888276,"Taucorr":0.4773969041040237},"EnergyVariance":{"Mean":4.027434663917768,"Sigma":2.577440687668204,"Taucorr":0.05064026056939952},"Iteration":39},
{"Acceptance":[0.09111111111111111],"Energy":{"Mean":-4.212025295894377,"Sigma":0.08604798027276671,"Taucorr":-0.03735212331017729},"EnergyVariance":{"Mean":1.0014248420494147,"Sigma":0.27832692862748476,"Taucorr":0.3621772920106182},"Iteration":40},
{"Acceptance":[0.10944444444444444],"Energy":{"Mean":-3.8687184776278114,"Sigma":0.26258299506528465,"Taucorr":0.6677737879522077},"EnergyVariance":{"Mean":7.333542011732633,"Sigma":5.538407707743763,"Taucorr":1.0122607022662342},"Iteration":41},
{"Acceptance":[0.09833333333333333],"Energy":{"Mean":-4.139446650636027,"Sigma":0.19623439519243707,"Taucorr":0.42601320531244347},"EnergyVariance":{"Mean":6.000743563265872,"Sigma":2.6748452305414565,"Taucorr":0.02064238541766572},"Iteration":42},
{"Acceptance":[0.08388888888888889],"Energy":{"Mean":-3.647285472897898,"Sigma":0.1934973736975581,"Taucorr":0.48425266592779237},"EnergyVariance":{"Mean":1.9171967572913493,"Sigma":0.4456233192748656,"Taucorr":0.5464830628316137},"Iteration":43},
{"Acceptance":[0.08166666666666667],"Energy":{"Mean":-3.813760326010747,"Sigma":0.1904229210842854,"Taucorr":0.47520967268541414},"EnergyVariance":{"Mean":1.9464916135963908,"Sigma":0.6510195809039031,"Taucorr":0.17681064111057332},"Iteration":44},
{"Acceptance":[0.10388888888888889],"Energy":{"Mean":-3.955661813308899,"Sigma":0.16188687107655314,"Taucorr":0.640201499954379},"EnergyVariance":{"Mean":4.114455167611564,"Sigma":2.8257837791100515,"Taucorr":0.4909859577119724},"Iteration":45},
{"Acceptance":[0.10666666666666667],"Energy":{"Mean":-3.8857706214660994,"Sigma":0.1550151490777726,"Taucorr":0.41778826546725967},"EnergyVariance":{"Mean":1.4706900491612327,"Sigma":0.3768207213339034,"Taucorr":0.6923136141135302},"Iteration":46},
{"Acceptance":[0.09388888888888888],"Energy":{"Mean":-3.9885249520956045,"Sigma":0.16475339577868225,"Taucorr":0.582702935198316},"EnergyVariance":{"Mean":1.2574163769494995,"Sigma":0.18442403654468253,"Taucorr":0.34309250696470384},"Iteration":47},
{"Acceptance":[0.08388888888888889],"Energy":{"Mean":-4.11585610209633,"Sigma":0.13360212757508327,"Taucorr":-0.10173831997098803},"EnergyVariance":{"Mean":3.846017365912034,"Sigma":2.365950934426822,"Taucorr":0.14563891302330956},"Iteration":48},
{"Acceptance":[0.07888888888888888],"Energy":{"Mean":-4.295792370152109,"Sigma":0.3113956386603417,"Taucorr":0.284155306068432},"EnergyVariance":{"Mean":14.580513543289507,"Sigma":8.174161456744766,"Taucorr":0.01367096841452109},"Iteration":49},
{"Acceptance":[0.08388888888888889],"Energy":{"Mean":-4.25866526339402,"Sigma":0.1316559933062394,"Taucorr":0.28175690339189874},"EnergyVariance":{"Mean":1.2358284481277513,"Sigma":0.2585074550208826,"Taucorr":0.2637574258291272},"Iteration":50},
{"Acceptance":[0.08944444444444444],"Energy":{"Mean":-4.221443267889378,"Sigma":0.43755747963855074,"Taucorr":0.7280284693597998},"EnergyVariance":{"Mean":10.806239555472606,"Sigma":6.425858983607106,"Taucorr":0.8161836907706899},"Iteration":51},
{"Acceptance":[0.10777777777777778],"Energy":{"Mean":-4.159236585096732,"Sigma":0.3068291342960239,"Taucorr":0.4889078478694998},"EnergyVariance":{"Mean":10.796187505141434,"Sigma":4.204967972647791,"Taucorr":0.2791399661735424},"Iteration":52},
{"Acceptance":[0.07],"Energy":{"Mean":-4.312030795061488,"Sigma":0.12368968242776547,"Taucorr":0.2456239641522454},"EnergyVariance":{"Mean":1.032924783582981,"Sigma":0.24020588245249053,"Taucorr":0.07339838391992104},"Iteration":53},
{"Acceptance":[0.10333333333333333],"Energy":{"Mean":-4.172925301339966,"Sigma":0.14844640579124965,"Taucorr":0.4779538966657535},"EnergyVariance":{"Mean":1.1117246161075818,"Sigma":0.153266915806026,"Taucorr":0.26894488360224733},"Iteration":54},
{"Acceptance":[0.09111111111111111],"Energy":{"Mean":-4.7596934812717135,"Sigma":0.2941094051503821,"Taucorr":0.472680500310654},"EnergyVariance":{"Mean":8.727158439055929,"Sigma":5.36452670803162,"Taucorr":0.130887611440631},"Iteration":55},
{"Acceptance":[0.09833333333333333],"Energy":{"Mean":-4.906864309669165,"Sigma":0.4167148204319455,"Taucorr":0.5616833567596868},"EnergyVariance":{"Mean":13.470164252578694,"Sigma":9.706521580428799,"Taucorr":0.33128121927529686},"Iteration":56},
{"Acceptance":[0.07611111111111112],"Energy":{"Mean":-4.383735330961393,"Sigma":0.13308460957867824,"Taucorr":0.527946015467877},"EnergyVariance":{"Mean":3.288967570673129,"Sigma":1.6951394866008769,"Taucorr":-0.009639346930834625},"Iteration":57},
{"Acceptance":[0.115],"Energy":{"Mean":-4.391799431422594,"Sigma":0.09811611423282539,"Taucorr":-0.04644983436474198},"EnergyVariance":{"Mean":1.1566918581580732,"Sigma":0.3216956049280598,"Taucorr":0.296950784374704},"Iteration":58},
{"Acceptance":[0.07944444444444444],"Energy":{"Mean":-3.9676549880361653,"Sigma":0.16290556672989867,"Taucorr":0.3661391156074816},"EnergyVariance":{"Mean":1.5735234369059046,"Sigma":0.4157993858533028,"Taucorr":0.2203716024051079},"Iteration":59},
{"Acceptance":[0.11333333333333333],"Energy":{"Mean":-4.230830292303171,"Sigma":0.2041674585715742,"Taucorr":0.22587287787252996},"EnergyVariance":{"Mean":3.246147000557144,"Sigma":1.7596864916556267,"Taucorr":0.013836539933785752},"Iteration":60},
{"Acceptance":[0.10333333333333333],"Energy":{"Mean":-4.295563831115046,"Sigma":0.1815745175780685,"Taucorr":0.028755835236379146},"EnergyVariance":{"Mean":7.626331704311032,"Sigma":3.698415763110243,"Taucorr":0.17581684020001753},"Iteration":61},
{"Acceptance":[0.09333333333333334],"Energy":{"Mean":-4.302894114164954,"Sigma":0.1609025766853923,"Taucorr":0.2997240321681298},"EnergyVariance":{"Mean":2.6702338030465866,"Sigma":1.0686001280946362,"Taucorr":0.002448297112206288},"Iteration":62},
{"Acceptance":[0.115],"Energy":{"Mean":-4.282949569305677,"Sigma":0.23069032783675242,"Taucorr":0.17491287703662117},"EnergyVariance":{"Mean":15.754638859706082,"Sigma":8.259780883152754,"Taucorr":0.3573562820568851},"Iteration":63},
{"Acceptance":[0.09666666666666666],"Energy":{"Mean":-4.227897441786169,"Sigma":0.1386601130002854,"Taucorr":0.2158432353577544},"EnergyVariance":{"Mean":2.359074875330558,"Sigma":1.4390001697788297,"Taucorr":0.344559469107784},"Iteration":64},
{"Acceptance":[0.08944444444444444],"Energy":{"Mean":-4.631159819024998,"Sigma":0.17064751856442506,"Taucorr":0.14180393662443191},"EnergyVariance":{"Mean":2.303097574788827,"Sigma":1.3756899749520097,"Taucorr":0.14484836636359932},"Iteration":65},
{"Acceptance":[0.10555555555555556],"Energy":{"Mean":-4.080533028750564,"Sigma":0.17938475819652977,"Taucorr":0.5313615156085656},"EnergyVariance":{"Mean":1.4854081938254702,"Sigma":0.3134026074357559,"Taucorr":0.3825941433025397},"Iteration":66},
{"Acceptance":[0.10722222222222222],"Energy":{"Mean":-5.509818847609011,"Sigma":0.7388981155457477,"Taucorr":0.7949769328882581},"EnergyVariance":{"Mean":24.628795182838843,"Sigma":18.486260725360747,"Taucorr":0.9789607383894818},"Iteration":67},
{"Acceptance":[0.11055555555555556],"Energy":{"Mean":-4.528779748574302,"Sigma":0.12671804510816126,"Taucorr":0.17002945372449552},"EnergyVariance":{"Mean":2.056316190527928,"Sigma":1.1229909409227468,"Taucorr":0.1474335927760808},"Iteration":68},
{"Acceptance":[0.08611111111111111],"Energy":{"Mean":-4.412412073649444,"Sigma":0.22572372173157645,"Taucorr":0.18090384007218896},"EnergyVariance":{"Mean":3.9022954502698632,"Sigma":2.627854517159178,"Taucorr":-0.00010239968252639953},"Iteration":69},
{"Acceptance":[0.10333333333333333],"Energy":{"Mean":-4.812646436611882,"Sigma":0.11414552221070197,"Taucorr":0.5252127763683958},"EnergyVariance":{"Mean":0.6143387409705328,"Sigma":0.1303984185674908,"Taucorr":0.9924222437386148},"Iteration":70},
{"Acceptance":[0.09333333333333334],"Energy":{"Mean":-4.790081913521219,"Sigma":0.23750614979856666,"Taucorr":-0.051408212901624284},"EnergyVariance":{"Mean":7.026466958697321,"Sigma":6.05394625606542,"Taucorr":0.007964641024900687},"Iteration":71},
{"Acceptance":[0.12166666666666667],"Energy":{"Mean":-5.023446367430367,"Sigma":0.262802595314709,"Taucorr":0.40719352094086536},"EnergyVariance":{"Mean":3.943275216999733,"Sigma":2.2791790799078786,"Taucorr":0.3227433153505581},"Iteration":72},
{"Acceptance":[0.12111111111111111],"Energy":{"Mean":-4.231568663294063,"Sigma":0.16381828490596173,"Taucorr":0.1875895324755148},"EnergyVariance":{"Mean":3.341661623964123,"Sigma":1.0498643987055083,"Taucorr":-0.04634802190199827},"Iteration":73},
{"Acceptance":[0.10833333333333334],"Energy":{"Mean":-5.178438112641298,"Sigma":0.3307557216026496,"Taucorr":0.03647795175039592},"EnergyVariance":{"Mean":11.852940182103717,"Sigma":4.881430060513675,"Taucorr":0.21059698410650174},"Iteration":74},
{"Acceptance":[0.09833333333333333],"Energy":{"Mean":-4.881195132852186,"Sigma":0.22532875921226933,"Taucorr":-0.11649185064368833},"EnergyVariance":{"Mean":8.3816474057083,"Sigma":4.190496332771612,"Taucorr":0.0787758894624625},"Iteration":75},
{"Acceptance":[0.13833333333333334],"Energy":{"Mean":-4.819304196427266,"Sigma":0.23353362719285667,"Taucorr":-0.19654976197937168},"EnergyVariance":{"Mean":10.405921073334627,"Sigma":5.9692067653253424,"Taucorr":0.010339525744556655},"Iteration":76},
{"Acceptance":[0.10111111111111111],"Energy":{"Mean":-4.450401993132605,"Sigma":0.1003798548821385,"Taucorr":0.3322521545401733},"EnergyVariance":{"Mean":0.5961894674004248,"Sigma":0.1333393687265391,"Taucorr":0.16464325978813044},"Iteration":77},
{"Acceptance":[0.11611111111111111],"Energy":{"Mean":-4.681048926448977,"Sigma":0.14939992622356627,"Taucorr":-0.07277474322060046},"EnergyVariance":{"Mean":2.6852747003725104,"Sigma":1.1831944956971492,"Taucorr":0.13081522656536826},"Iteration":78},
{"Acceptance":[0.12611111111111112],"Energy":{"Mean":-4.6346242865695615,"Sigma":0.15182996548532776,"Taucorr":-0.038956961216756514},"EnergyVariance":{"Mean":3.475049570958129,"Sigma":1.1935230477305592,"Taucorr":0.08932466910585313},"Iteration":79},
{"Acceptance":[0.11388888888888889],"Energy":{"Mean":-4.453830285700323,"Sigma":0.13933282501466687,"Taucorr":0.19160246800296532},"EnergyVariance":{"Mean":1.4868627920291146,"Sigma":0.6423663868797789,"Taucorr":0.07059327644793245},"Iteration":80},
{"Acceptance":[0.13277777777777777],"Energy":{"Mean":-4.663487159362799,"Sigma":0.20087998992461065,"Taucorr":-0.14813956324456995},"EnergyVariance":{"Mean":7.714337094043439,"Sigma":4.308859466369191,"Taucorr":0.00487587399653977},"Iteration":81},
{"Acceptance":[0.12555555555555556],"Energy":{"Mean":-4.969722573945038,"Sigma":0.3750860762187051,"Taucorr":0.21274228203015821},"EnergyVariance":{"Mean":11.454709354948804,"Sigma":5.224181958024625,"Taucorr":0.05520914777977759},"Iteration":82},
{"Acceptance":[0.1238888888888889],"Energy":{"Mean":-4.436511848236955,"Sigma":0.17717858205910986,"Taucorr":0.10750676576634921},"EnergyVariance":{"Mean":4.529754374364207,"Sigma":2.01843116815748,"Taucorr":0.5796912188002559},"Iteration":83},
{"Acceptance":[0.12777777777777777],"Energy":{"Mean":-4.301067230802719,"Sigma":0.18287060739691802,"Taucorr":0.2624385202988564},"EnergyVariance":{"Mean":2.475672781031462,"Sigma":0.734745204767424,"Taucorr":0.17077711068590673},"Iteration":84},
{"Acceptance":[0.13277777777777777],"Energy":{"Mean":-5.0209125956597145,"Sigma":0.38343573276984533,"Taucorr":0.36465726129757925},"EnergyVariance":{"Mean":8.656021159844435,"Sigma":4.404274591983741,"Taucorr":0.5387112885710368},"Iteration":85},
{"Acceptance":[0.13777777777777778],"Energy":{"Mean":-4.874902383298491,"Sigma":0.133561691613598,"Taucorr":-0.22853908723651967},"EnergyVariance":{"Mean":3.652534880585568,"Sigma":1.2720006817661071,"Taucorr":0.068457048990747},"Iteration":86},
{"Acceptance":[0.12166666666666667],"Energy":{"Mean":-4.519387260781233,"Sigma":0.13290582240442345,"Taucorr":0.25527439484656866},"EnergyVariance":{"Mean":1.7324543609157792,"Sigma":0.7319160982273555,"Taucorr":0.06539187107647881},"Iteration":87},
{"Acceptance":[0.12611111111111112],"Energy":{"Mean":-5.113086215539998,"Sigma":0.29647950915059257,"Taucorr":-0.03298888024340718},"EnergyVariance":{"Mean":9.446405211671419,"Sigma":3.964361864746623,"Taucorr":-0.03758357577766308},"Iteration":88},
{"Acceptance":[0.12611111111111112],"Energy":{"Mean":-4.851700553090045,"Sigma":0.1819021141459011,"Taucorr":0.18349405836523658},"EnergyVariance":{"Mean":3.308553164353717,"Sigma":1.171297442762405,"Taucorr":0.33471655779335874},"Iteration":89},
{"Acceptance":[0.12222222222222222],"Energy":{"Mean":-4.656230571544911,"Sigma":0.1299889396947596,"Taucorr":0.2939494314060084},"EnergyVariance":{"Mean":1.1921233045392619,"Sigma":0.2838265334766153,"Taucorr":0.12035092624754218},"Iteration":90},
{"Acceptance":[0.14333333333333334],"Energy":{"Mean":-5.30102569697918,"Sigma":0.4213061656454516,"Taucorr":0.4124424274933499},"EnergyVariance":{"Mean":34.43168755460083,"Sigma":18.6794979823474,"Taucorr":0.21897984044825258},"Iteration":91},
{"Acceptance":[0.14055555555555554],"Energy":{"Mean":-4.588739798153479,"Sigma":0.2281025794364593,"Taucorr":0.6890166871958778},"EnergyVariance":{"Mean":2.945118561394647,"Sigma":0.687954518492748,"Taucorr":0.34924275150581074},"Iteration":92},
{"Acceptance":[0.14444444444444443],"Energy":{"Mean":-4.911258526040235,"Sigma":0.22376715996008575,"Taucorr":-0.06983710683375421},"EnergyVariance":{"Mean":22.04309168015625,"Sigma":9.50903127741309,"Taucorr":-0.04337124263357661},"Iteration":93},
{"Acceptance":[0.13555555555555557],"Energy":{"Mean":-4.366663219548964,"Sigma":0.16182060602749956,"Taucorr":-0.06318952838821207},"EnergyVariance":{"Mean":3.3737972832295413,"Sigma":1.1082026676541608,"Taucorr":0.2216240818194618},"Iteration":94},
{"Acceptance":[0.14722222222222223],"Energy":{"Mean":-4.6459815820366375,"Sigma":0.1307736906000937,"Taucorr":-0.08674798816095308},"EnergyVariance":{"Mean":2.3931381571662667,"Sigma":0.910181315978021,"Taucorr":0.04265287612392432},"Iteration":95},
{"Acceptance":[0.16666666666666666],"Energy":{"Mean":-4.783771080550675,"Sigma":0.23533110204360838,"Taucorr":-0.05872944081378184},"EnergyVariance":{"Mean":7.0490554506838174,"Sigma":2.484500891739435,"Taucorr":-0.015930938454729093},"Iteration":96},
{"Acceptance":[0.1388888888888889],"Energy":{"Mean":-4.765774479750805,"Sigma":0.17581216590931742,"Taucorr":0.36503749911301686},"EnergyVariance":{"Mean":1.7610779751493109,"Sigma":0.6800581054950433,"Taucorr":0.4322511024392651},"Iteration":97},
{"Acceptance":[0.145],"Energy":{"Mean":-4.628426101887809,"Sigma":0.16093883244640758,"Taucorr":0.5319101256816277},"EnergyVariance":{"Mean":1.6973114307656472,"Sigma":0.6241969951478417,"Taucorr":0.09313708123845899},"Iteration":98},
{"Acceptance":[0.135],"Energy":{"Mean":-5.042319613880515,"Sigma":0.19688500343486393,"Taucorr":0.23450972548992655},"EnergyVariance":{"Mean":2.9262867116726228,"Sigma":1.4687428385189718,"Taucorr":0.009315117542932572},"Iteration":99} 
]}
{"input": {"L": 8, "J": 1, "machine": {"type": "FFNN", "model": ["tanh", 33, 2]}, "sampler": {"type": "MetropolisHop", "d_max": 5}, "optimizer": {"type": "AdaMax", "alpha": 0.001, "beta1": 0.9, "beta2": 0.999, "epscut": 1e-07}, "VMC": {"n_samples": 100, "discarded_samples": 100, "discarded_samples_on_init": 0, "target": "energy", "method": "Gd", "diag_shift": 0.01, "use_iterative": true, "use_cholesky": true}, "n_iter": 100}}
duration: -1.2803966999053955