{"Output": [
{"Acceptance":[0.79],"Energy":{"Mean":6.393956099995678,"Sigma":0.22717639374004844,"Taucorr":0.0160121740974144},"EnergyVariance":{"Mean":4.991279496708683,"Sigma":0.6959400906279717,"Taucorr":0.10444589481855104},"Iteration":0},
{"Acceptance":[0.6805555555555556],"Energy":{"Mean":5.7626813319153865,"Sigma":0.3127324442236059,"Taucorr":0.2538613542936433},"EnergyVariance":{"Mean":7.501802186392714,"Sigma":0.8341841973414903,"Taucorr":-0.02001193475770313},"Iteration":1},
{"Acceptance":[0.6088888888888889],"Energy":{"Mean":5.18303151539991,"Sigma":0.32180496764181327,"Taucorr":0.2235559829676994},"EnergyVariance":{"Mean":8.739647583280087,"Sigma":0.9252136986593303,"Taucorr":-0.05521398045003967},"Iteration":2},
{"Acceptance":[0.4905555555555556],"Energy":{"Mean":2.8396789124574564,"Sigma":0.35106615084689585,"Taucorr":0.3146370540825607},"EnergyVariance":{"Mean":9.897295495606995,"Sigma":1.1445422720985263,"Taucorr":0.02676357048485556},"Iteration":3},
{"Acceptance":[0.4288888888888889],"Energy":{"Mean":2.154833808416928,"Sigma":0.3325308098139508,"Taucorr":0.24565625136375635},"EnergyVariance":{"Mean":9.980304585877187,"Sigma":1.1090077815790929,"Taucorr":-0.011857280894129962},"Iteration":4},
{"Acceptance":[0.37222222222222223],"Energy":{"Mean":1.952518536282723,"Sigma":0.3465204528752059,"Taucorr":0.013218188367471018},"EnergyVariance":{"Mean":18.766520388721474,"Sigma":2.55311833009075,"Taucorr":-0.014779271985460363},"Iteration":5},
{"Acceptance":[0.35444444444444445],"Energy":{"Mean":1.0766189569101747,"Sigma":0.3060691890229688,"Taucorr":0.09267908447126061},"EnergyVariance":{"Mean":14.464584514992591,"Sigma":2.5795886134062656,"Taucorr":0.0952400736489023},"Iteration":6},
{"Acceptance":[0.3011111111111111],"Energy":{"Mean":-0.030317363616586074,"Sigma":0.403228294477475,"Taucorr":0.49480271009214305},"EnergyVariance":{"Mean":12.227816909453681,"Sigma":2.26255935464998,"Taucorr":0.027737580182195187},"Iteration":7},
{"Acceptance":[0.2811111111111111],"Energy":{"Mean":-0.36305065876597453,"Sigma":0.36842542058402095,"Taucorr":0.32539021407851343},"EnergyVariance":{"Mean":15.38181736806148,"Sigma":2.4753124547400702,"Taucorr":0.22638672907744728},"Iteration":8},
{"Acceptance":[0.25222222222222224],"Energy":{"Mean":-1.3632454733973383,"Sigma":0.4015296195874583,"Taucorr":0.43108203345342444},"EnergyVariance":{"Mean":18.597877020865862,"Sigma":4.0911064893513105,"Taucorr":0.014625800435552394},"Iteration":9},
{"Acceptance":[0.23666666666666666],"Energy":{"Mean":-1.5579139904062922,"Sigma":0.5565664230483593,"Taucorr":0.7638057793814197},"EnergyVariance":{"Mean":18.016546878363034,"Sigma":4.729581480848368,"Taucorr":0.8353169431759155},"Iteration":10},
{"Acceptance":[0.18055555555555555],"Energy":{"Mean":-3.227951896363336,"Sigma":0.26149239486712594,"Taucorr":0.3918454147482261},"EnergyVariance":{"Mean":10.838901427153171,"Sigma":2.7197802630112338,"Taucorr":0.6966875477604748},"Iteration":11},
{"Acceptance":[0.19166666666666668],"Energy":{"Mean":-3.719985019770804,"Sigma":0.3705624257044577,"Taucorr":0.4140607645106278},"EnergyVariance":{"Mean":11.7350400233086,"Sigma":4.099716379613405,"Taucorr":0.7537846267653618},"Iteration":12},
{"Acceptance":[0.16111111111111112],"Energy":{"Mean":-3.419861665008228,"Sigma":0.31847102464813154,"Taucorr":0.05443453459599845},"EnergyVariance":{"Mean":14.422189175479662,"Sigma":4.822153690643086,"Taucorr":0.29499324220251943},"Iteration":13},
{"Acceptance":[0.15722222222222224],"Energy":{"Mean":-4.7336540005230905,"Sigma":0.31082997521242695,"Taucorr":0.39413899674234154},"EnergyVariance":{"Mean":21.41259375093292,"Sigma":7.354382054097427,"Taucorr":0.130233466264846},"Iteration":14},
{"Acceptance":[0.1438888888888889],"Energy":{"Mean":-4.826807975969987,"Sigma":0.3239733925055975,"Taucorr":0.5209485051397669},"EnergyVariance":{"Mean":7.782887924240925,"Sigma":1.9622489912042214,"Taucorr":-0.0620215782320388},"Iteration":15},
{"Acceptance":[0.12944444444444445],"Energy":{"Mean":-5.150736413407722,"Sigma":0.3599791261290102,"Taucorr":0.30966663291645635},"EnergyVariance":{"Mean":16.151968257080377,"Sigma":6.828425677307022,"Taucorr":0.07489297116073401},"Iteration":16},
{"Acceptance":[0.13666666666666666],"Energy":{"Mean":-5.592859754340911,"Sigma":0.3570601508811128,"Taucorr":0.49334597476541386},"EnergyVariance":{"Mean":6.651701585842172,"Sigma":2.25616530359336,"Taucorr":0.5209268718132023},"Iteration":17},
{"Acceptance":[0.1388888888888889],"Energy":{"Mean":-5.539962166827249,"Sigma":0.28192126256773387,"Taucorr":0.38026836259087593},"EnergyVariance":{"Mean":6.369253357478323,"Sigma":1.6449716620169619,"Taucorr":0.035505767841880864},"Iteration":18},
{"Acceptance":[0.12944444444444445],"Energy":{"Mean":-6.113570347385552,"Sigma":0.1999456957299727,"Taucorr":-0.2165668943694687},"EnergyVariance":{"Mean":7.163861067451317,"Sigma":2.2741510558070988,"Taucorr":0.41147566711967254},"Iteration":19},
{"Acceptance":[0.14055555555555554],"Energy":{"Mean":-6.222735152013922,"Sigma":0.41777359642944656,"Taucorr":0.41207964492565863},"EnergyVariance":{"Mean":14.715220983296977,"Sigma":7.218086850015844,"Taucorr":0.8218992552846263},"Iteration":20},
{"Acceptance":[0.10888888888888888],"Energy":{"Mean":-6.322114258975093,"Sigma":0.3299606058202495,"Taucorr":0.43988839133472213},"EnergyVariance":{"Mean":6.3254033983576425,"Sigma":1.70972985403758,"Taucorr":0.49490828853979263},"Iteration":21},
{"Acceptance":[0.11888888888888889],"Energy":{"Mean":-6.482453968882261,"Sigma":0.23784094075551324,"Taucorr":-0.17442361227964842},"EnergyVariance":{"Mean":8.967451322640677,"Sigma":2.8643642590513356,"Taucorr":0.21603710677090227},"Iteration":22},
{"Acceptance":[0.08666666666666667],"Energy":{"Mean":-6.674897008964619,"Sigma":0.38828541209819856,"Taucorr":0.41821156573061535},"EnergyVariance":{"Mean":10.409932273399757,"Sigma":6.486946547221028,"Taucorr":0.546170248081491},"Iteration":23},
{"Acceptance":[0.08277777777777778],"Energy":{"Mean":-6.639246809950239,"Sigma":0.3433804614427792,"Taucorr":0.060324085683547635},"EnergyVariance":{"Mean":10.592435425966103,"Sigma":5.2113761282556395,"Taucorr":-0.03436301178587642},"Iteration":24},
{"Acceptance":[0.08388888888888889],"Energy":{"Mean":-6.587415122574621,"Sigma":0.2810004617320354,"Taucorr":0.3750819439799191},"EnergyVariance":{"Mean":4.522583350705802,"Sigma":1.2823639555745088,"Taucorr":0.005522906942561301},"Iteration":25},
{"Acceptance":[0.08722222222222223],"Energy":{"Mean":-6.337074669351099,"Sigma":0.20073327459353807,"Taucorr":-0.1041658616766632},"EnergyVariance":{"Mean":9.020044242760285,"Sigma":4.986433743386437,"Taucorr":0.03335193573270978},"Iteration":26},
{"Acceptance":[0.07666666666666666],"Energy":{"Mean":-6.6312848593460005,"Sigma":0.28155755866779975,"Taucorr":0.32599162964912587},"EnergyVariance":{"Mean":9.416141704389233,"Sigma":4.844815389946874,"Taucorr":0.011048981806817348},"Iteration":27},
{"Acceptance":[0.058333333333333334],"Energy":{"Mean":-6.970507614866766,"Sigma":0.2686735326321396,"Taucorr":0.3572079855057749},"EnergyVariance":{"Mean":9.810537333589874,"Sigma":5.372938755396953,"Taucorr":0.6334406330661704},"Iteration":28},
{"Acceptance":[0.06722222222222222],"Energy":{"Mean":-6.965011893660592,"Sigma":0.31754828174367444,"Taucorr":0.9027570286697064},"EnergyVariance":{"Mean":3.772516251758535,"Sigma":0.5857188296673226,"Taucorr":0.7823326941632045},"Iteration":29},
{"Acceptance":[0.0661111111111111],"Energy":{"Mean":-7.677317707923604,"Sigma":0.43406748261317785,"Taucorr":0.37387060760114754},"EnergyVariance":{"Mean":11.78942153503174,"Sigma":6.8965609637210665,"Taucorr":0.9963101632198357},"Iteration":30},
{"Acceptance":[0.04555555555555556],"Energy":{"Mean":-7.58683282276748,"Sigma":0.2309527373287153,"Taucorr":0.27726558135111545},"EnergyVariance":{"Mean":4.490609959530999,"Sigma":2.4551522186706753,"Taucorr":0.11262773905450718},"Iteration":31},
{"Acceptance":[0.06166666666666667],"Energy":{"Mean":-6.882300347394981,"Sigma":0.4683171359544555,"Taucorr":0.6450126141292576},"EnergyVariance":{"Mean":9.125839519231112,"Sigma":5.457623376525165,"Taucorr":0.4882343513608749},"Iteration":32},
{"Acceptance":[0.058888888888888886],"Energy":{"Mean":-6.256562702881162,"Sigma":0.3985490086027725,"Taucorr":0.18634961602405598},"EnergyVariance":{"Mean":11.446637473175125,"Sigma":8.868753289845207,"Taucorr":-0.003935818707545391},"Iteration":33},
{"Acceptance":[0.042222222222222223],"Energy":{"Mean":-7.5704272256383005,"Sigma":0.1982752787945821,"Taucorr":0.9784373160800153},"EnergyVariance":{"Mean":1.2686341369624072,"Sigma":0.33354027785831836,"Taucorr":0.6620428220439398},"Iteration":34},
{"Acceptance":[0.06],"Energy":{"Mean":-7.651312290422259,"Sigma":0.3353605882188178,"Taucorr":0.09146988053027971},"EnergyVariance":{"Mean":9.473047458567693,"Sigma":4.958061919273152,"Taucorr":0.04288920307225619},"Iteration":35},
{"Acceptance":[0.03722222222222222],"Energy":{"Mean":-7.774258013073803,"Sigma":0.19205920348790317,"Taucorr":0.6549989430778693},"EnergyVariance":{"Mean":1.7911123443494419,"Sigma":0.7723297868422189,"Taucorr":1.0107911364396822},"Iteration":36},
{"Acceptance":[0.043333333333333335],"Energy":{"Mean":-7.1262777370413275,"Sigma":0.295678549066209,"Taucorr":0.988897582204967},"EnergyVariance":{"Mean":2.792999893261516,"Sigma":0.818346916323462,"Taucorr":0.7576347664752565},"Iteration":37},
{"Acceptance":[0.029444444444444443],"Energy":{"Mean":-7.827291665558797,"Sigma":0.1581067453911717,"Taucorr":0.3765491364441008},"EnergyVariance":{"Mean":1.5776903644136404,"Sigma":0.6822390118314396,"Taucorr":0.7999829258252769},"Iteration":38},
{"Acceptance":[0.03388888888888889],"Energy":{"Mean":-7.747168407924772,"Sigma":0.18957981720995537,"Taucorr":0.8797031776629918},"EnergyVariance":{"Mean":1.3537979840339027,"Sigma":0.48511040077608447,"Taucorr":0.16296652481840734},"Iteration":39},
{"Acceptance":[0.03888888888888889],"Energy":{"Mean":-8.65916934357009,"Sigma":0.3397040486004831,"Taucorr":0.02498576824272991},"EnergyVariance":{"Mean":11.952091558078338,"Sigma":6.960504547430633,"Taucorr":0.08285201053035063},"Iteration":40},
{"Acceptance":[0.04],"Energy":{"Mean":-7.649933931910765,"Sigma":0.24558242956009302,"Taucorr":0.5683333936011825},"EnergyVariance":{"Mean":3.1862549292703735,"Sigma":1.1337228422624652,"Taucorr":0.6204151345671964},"Iteration":41},
{"Acceptance":[0.04055555555555555],"Energy":{"Mean":-8.46590886136427,"Sigma":0.6535374993672581,"Taucorr":0.502990900706576},"EnergyVariance":{"Mean":21.20888159909711,"Sigma":14.382650019726137,"Taucorr":0.7178336316058058},"Iteration":42},
{"Acceptance":[0.03],"Energy":{"Mean":-7.830207536057402,"Sigma":0.12401483762715976,"Taucorr":0.5170103769867331},"EnergyVariance":{"Mean":0.7197784675748485,"Sigma":0.18625238760889143,"Taucorr":0.17688335368624153},"Iteration":43},
{"Acceptance":[0.025555555555555557],"Energy":{"Mean":-7.699802029772479,"Sigma":0.21429001895792582,"Taucorr":1.1789597815398551},"EnergyVariance":{"Mean":1.3003284646677113,"Sigma":0.7030796515932689,"Taucorr":1.1244486099088151},"Iteration":44},
{"Acceptance":[0.04888888888888889],"Energy":{"Mean":-7.724550769316617,"Sigma":0.377506483799979,"Taucorr":0.41215634697870374},"EnergyVariance":{"Mean":7.891243659727928,"Sigma":5.015477935212211,"Taucorr":0.5081291697718013},"Iteration":45},
{"Acceptance":[0.044444444444444446],"Energy":{"Mean":-7.654625485671984,"Sigma":0.20543103379535152,"Taucorr":0.44544422748168766},"EnergyVariance":{"Mean":2.324766233981716,"Sigma":1.2581604899336216,"Taucorr":0.6224068672764886},"Iteration":46},
{"Acceptance":[0.03277777777777778],"Energy":{"Mean":-7.54971410970164,"Sigma":0.1583047266300978,"Taucorr":0.724378881987578},"EnergyVariance":{"Mean":0.9728687216968525,"Sigma":0.15660018461266015,"Taucorr":0.29666169553745503},"Iteration":47},
{"Acceptance":[0.03611111111111111],"Energy":{"Mean":-7.821369799903075,"Sigma":0.3914349402477087,"Taucorr":-0.08020049470975554},"EnergyVariance":{"Mean":17.44355676797425,"Sigma":10.207011743101251,"Taucorr":-0.00011333297870930181},"Iteration":48},
{"Acceptance":[0.03333333333333333],"Energy":{"Mean":-7.804470257197577,"Sigma":0.15523017721075788,"Taucorr":0.28562820967774616},"EnergyVariance":{"Mean":1.5443876514576078,"Sigma":0.7358242199838783,"Taucorr":0.10749090837081976},"Iteration":49},
{"Acceptance":[0.03111111111111111],"Energy":{"Mean":-7.327507198272547,"Sigma":0.4299334455015306,"Taucorr":0.05551333406110237},"EnergyVariance":{"Mean":16.792924474454907,"Sigma":15.809804495106773,"Taucorr":-8.979357238597663e-05},"Iteration":50},
{"Acceptance":[0.029444444444444443],"Energy":{"Mean":-7.643809073343561,"Sigma":0.15159966132824101,"Taucorr":0.7108015315453673},"EnergyVariance":{"Mean":0.9018677926890294,"Sigma":0.17082318374971717,"Taucorr":0.17346312273807418},"Iteration":51},
{"Acceptance":[0.03388888888888889],"Energy":{"Mean":-7.660921703689114,"Sigma":0.18868470293727072,"Taucorr":0.7918591757193398},"EnergyVariance":{"Mean":1.3092407816606433,"Sigma":0.4572995704387805,"Taucorr":0.6830434507194005},"Iteration":52},
{"Acceptance":[0.03388888888888889],"Energy":{"Mean":-7.356946255270585,"Sigma":0.2917399477416356,"Taucorr":0.7262193009009286},"EnergyVariance":{"Mean":3.3623565186938187,"Sigma":1.266200454606629,"Taucorr":0.3866172434293742},"Iteration":53},
{"Acceptance":[0.03722222222222222],"Energy":{"Mean":-7.678097979329726,"Sigma":0.13948393064511969,"Taucorr":0.6995713410900191},"EnergyVariance":{"Mean":0.7705174416746561,"Sigma":0.13367210020157277,"Taucorr":0.6995713410900184},"Iteration":54},
{"Acceptance":[0.04111111111111111],"Energy":{"Mean":-7.607772441813057,"Sigma":0.22615361444026602,"Taucorr":0.45608166407321615},"EnergyVariance":{"Mean":2.6003336786347835,"Sigma":1.3297598498016205,"Taucorr":0.0607243409349465},"Iteration":55},
{"Acceptance":[0.03111111111111111],"Energy":{"Mean":-7.461678988189434,"Sigma":0.5000791896494775,"Taucorr":0.1388306597243324},"EnergyVariance":{"Mean":20.042734889818743,"Sigma":19.29387561402923,"Taucorr":0.0014188910711230296},"Iteration":56},
{"Acceptance":[0.03222222222222222],"Energy":{"Mean":-8.583759761106522,"Sigma":0.5158702120815992,"Taucorr":0.1541750615233819},"EnergyVariance":{"Mean":19.66965676932136,"Sigma":12.788525539561215,"Taucorr":0.10717288127582603},"Iteration":57},
{"Acceptance":[0.035],"Energy":{"Mean":-8.003593640252504,"Sigma":0.21570422135546816,"Taucorr":-0.13232939315923148},"EnergyVariance":{"Mean":6.2699945708029485,"Sigma":5.635693495563851,"Taucorr":0.015473380239618306},"Iteration":58},
{"Acceptance":[0.021666666666666667],"Energy":{"Mean":-7.8085128867614415,"Sigma":0.14963361288546148,"Taucorr":0.7084531700734191},"EnergyVariance":{"Mean":0.8800972458378373,"Sigma":0.35534014824511556,"Taucorr":0.49198237047366356},"Iteration":59},
{"Acceptance":[0.03222222222222222],"Energy":{"Mean":-7.359343594829117,"Sigma":0.3860450652719812,"Taucorr":0.016528674588325964},"EnergyVariance":{"Mean":18.49972155261056,"Sigma":13.450890301267247,"Taucorr":0.001447061073200806},"Iteration":60},
{"Acceptance":[0.022222222222222223],"Energy":{"Mean":-7.3274916752645245,"Sigma":0.20204311170592215,"Taucorr":0.9615053780349314},"EnergyVariance":{"Mean":1.3267306704973003,"Sigma":0.31345558065320894,"Taucorr":0.8232184059538084},"Iteration":61},
{"Acceptance":[0.02277777777777778],"Energy":{"Mean":-7.837833459094228,"Sigma":0.2390999319963056,"Taucorr":-0.01913079540833018},"EnergyVariance":{"Mean":5.649456741263771,"Sigma":4.767211239136872,"Taucorr":0.013374864202665315},"Iteration":62},
{"Acceptance":[0.030555555555555555],"Energy":{"Mean":-7.729305137758256,"Sigma":0.1869641587492249,"Taucorr":0.10660849928309923},"EnergyVariance":{"Mean":2.767971203087132,"Sigma":1.7816029699671598,"Taucorr":0.3343241741697507},"Iteration":63},
{"Acceptance":[0.01611111111111111],"Energy":{"Mean":-7.5941708657013045,"Sigma":0.1620179164641988,"Taucorr":0.6434718597233939},"EnergyVariance":{"Mean":1.0904242519381138,"Sigma":0.3014346571256185,"Taucorr":0.48116815625605425},"Iteration":64},
{"Acceptance":[0.02277777777777778],"Energy":{"Mean":-7.820404885587873,"Sigma":0.1445268732823738,"Taucorr":0.6573012178515645},"EnergyVariance":{"Mean":0.8573254310915255,"Sigma":0.35997733208215266,"Taucorr":0.4799501392685511},"Iteration":65},
{"Acceptance":[0.03277777777777778],"Energy":{"Mean":-7.618684312478309,"Sigma":0.4397345494407676,"Taucorr":0.7511095511351238},"EnergyVariance":{"Mean":7.41677364517139,"Sigma":5.2492371180684145,"Taucorr":1.0730991338731444},"Iteration":66},
{"Acceptance":[0.027777777777777776],"Energy":{"Mean":-8.30178882030154,"Sigma":0.3242840700375074,"Taucorr":-0.06444771192903453},"EnergyVariance":{"Mean":12.080623675323288,"Sigma":9.698999199839506,"Taucorr":-0.0009278161839763044},"Iteration":67},
{"Acceptance":[0.025555555555555557],"Energy":{"Mean":-7.525964167705718,"Sigma":0.14269987475972265,"Taucorr":0.36003894859976504},"EnergyVariance":{"Mean":1.1246697223430215,"Sigma":0.24390273202762974,"Taucorr":0.26543799906221643},"Iteration":68},
{"Acceptance":[0.03222222222222222],"Energy":{"Mean":-6.533290968824333,"Sigma":0.705996511163896,"Taucorr":0.5472238101899924},"EnergyVariance":{"Mean":35.305721883305885,"Sigma":30.711158862120527,"Taucorr":0.5029953424172577},"Iteration":69},
{"Acceptance":[0.025],"Energy":{"Mean":-7.750446554476311,"Sigma":0.14370937749788518,"Taucorr":0.8117162507332223},"EnergyVariance":{"Mean":0.7478777926304209,"Sigma":0.23293685997120883,"Taucorr":0.5378571673503179},"Iteration":70},
{"Acceptance":[0.020555555555555556],"Energy":{"Mean":-7.707377915071672,"Sigma":0.1471857579489102,"Taucorr":0.9563080867428697},"EnergyVariance":{"Mean":0.7066099137869868,"Sigma":0.15945123777798606,"Taucorr":0.9563080867428686},"Iteration":71},
{"Acceptance":[0.02666666666666667],"Energy":{"Mean":-7.308516079011793,"Sigma":0.21225249580786,"Taucorr":0.8608089299647665},"EnergyVariance":{"Mean":1.572556247887493,"Sigma":0.41956176167191117,"Taucorr":0.3084735514680699},"Iteration":72},
{"Acceptance":[0.027777777777777776],"Energy":{"Mean":-7.555624687607404,"Sigma":0.1656907281147057,"Taucorr":0.5975396413593999},"EnergyVariance":{"Mean":1.188166356225679,"Sigma":0.4387199535531912,"Taucorr":0.3901281230566458},"Iteration":73},
{"Acceptance":[0.02],"Energy":{"Mean":-7.9917354675467465,"Sigma":0.09400746678100493,"Taucorr":0.38017363584024577},"EnergyVariance":{"Mean":0.47694676497111727,"Sigma":0.267505445978198,"Taucorr":0.1967464243795214},"Iteration":74},
{"Acceptance":[0.020555555555555556],"Energy":{"Mean":-7.799070394829306,"Sigma":0.17076331437498402,"Taucorr":0.8489355225677633},"EnergyVariance":{"Mean":1.0268336981915742,"Sigma":0.4670445380503009,"Taucorr":0.6029810069130874},"Iteration":75},
{"Acceptance":[0.03333333333333333],"Energy":{"Mean":-7.9649396857175345,"Sigma":0.30854374971665083,"Taucorr":-0.11519420478866349},"EnergyVariance":{"Mean":33.377962105405324,"Sigma":29.532673450031254,"Taucorr":0.006681321440488275},"Iteration":76},
{"Acceptance":[0.020555555555555556],"Energy":{"Mean":-7.923148495752923,"Sigma":0.08501474012574141,"Taucorr":0.20184406465799887},"EnergyVariance":{"Mean":0.4891694729096316,"Sigma":0.18092451951349317,"Taucorr":0.057055126778822185},"Iteration":77},
{"Acceptance":[0.019444444444444445],"Energy":{"Mean":-7.712596282037463,"Sigma":0.1322618861264994,"Taucorr":0.7155279503105589},"EnergyVariance":{"Mean":0.6836145744624921,"Sigma":0.14879462189231155,"Taucorr":0.7155279503105589},"Iteration":78},
{"Acceptance":[0.013333333333333334],"Energy":{"Mean":-8.174392598218475,"Sigma":0.15390097029081282,"Taucorr":-0.15134651582453762},"EnergyVariance":{"Mean":3.2596303022296778,"Sigma":3.0394857857751507,"Taucorr":0.057498155434540954},"Iteration":79},
{"Acceptance":[0.026111111111111113],"Energy":{"Mean":-7.562605717128865,"Sigma":0.15541746804005238,"Taucorr":0.8883814395323333},"EnergyVariance":{"Mean":0.8264110654835798,"Sigma":0.12951455670004408,"Taucorr":0.8883814395323344},"Iteration":80},
{"Acceptance":[0.01888888888888889],"Energy":{"Mean":-7.789802213467488,"Sigma":0.12582757449150594,"Taucorr":0.6288061181135818},"EnergyVariance":{"Mean":0.6662553978481984,"Sigma":0.2208266364810773,"Taucorr":0.40617690951119945},"Iteration":81},
{"Acceptance":[0.01611111111111111],"Energy":{"Mean":-7.80856800354235,"Sigma":0.16402285635868205,"Taucorr":1.266983076539179},"EnergyVariance":{"Mean":0.7232430202785989,"Sigma":0.357339886313193,"Taucorr":0.9292609273150465},"Iteration":82},
{"Acceptance":[0.02388888888888889],"Energy":{"Mean":-7.452402059693038,"Sigma":0.19240792196867665,"Taucorr":0.9205308180374943},"EnergyVariance":{"Mean":1.2379334933262405,"Sigma":0.2900740491499838,"Taucorr":0.3961674573384768},"Iteration":83},
{"Acceptance":[0.01888888888888889],"Energy":{"Mean":-7.909108413729834,"Sigma":0.10842735607720846,"Taucorr":0.8760753313182976},"EnergyVariance":{"Mean":0.40584026761421577,"Sigma":0.16715884061903016,"Taucorr":0.8760753313182976},"Iteration":84},
{"Acceptance":[0.022222222222222223],"Energy":{"Mean":-8.011787486397129,"Sigma":0.06204544851283955,"Taucorr":0.07555238774055595},"EnergyVariance":{"Mean":0.3177326374753727,"Sigma":0.17271356152818126,"Taucorr":0.012837040616478723},"Iteration":85},
{"Acceptance":[0.023333333333333334],"Energy":{"Mean":-7.86458956953596,"Sigma":0.14427218221260302,"Taucorr":1.0570299265951442},"EnergyVariance":{"Mean":0.6350070033634123,"Sigma":0.36017538724796844,"Taucorr":0.8788980969401523},"Iteration":86},
{"Acceptance":[0.011666666666666667],"Energy":{"Mean":-7.800744589631629,"Sigma":0.1368203448441972,"Taucorr":0.8917769376181475},"EnergyVariance":{"Mean":0.638913317599154,"Sigma":0.24730159394598197,"Taucorr":0.6128853988613143},"Iteration":87},
{"Acceptance":[0.018333333333333333],"Energy":{"Mean":-7.757737069958051,"Sigma":0.14820789354870717,"Taucorr":0.8444703822585358},"EnergyVariance":{"Mean":0.7760662588583261,"Sigma":0.3025514863159336,"Taucorr":0.5793065166449818},"Iteration":88},
{"Acceptance":[0.029444444444444443],"Energy":{"Mean":-7.56923364693165,"Sigma":0.2614457964993035,"Taucorr":0.08244706814789682},"EnergyVariance":{"Mean":5.625053942034166,"Sigma":4.494956641588328,"Taucorr":0.007388628025139066},"Iteration":89},
{"Acceptance":[0.01888888888888889],"Energy":{"Mean":-9.000510306327133,"Sigma":0.8431777113733496,"Taucorr":0.4267777894378738},"EnergyVariance":{"Mean":38.16054874728863,"Sigma":28.965303120994,"Taucorr":0.5127951161858237},"Iteration":90},
{"Acceptance":[0.028333333333333332],"Energy":{"Mean":-7.5046802397705,"Sigma":0.1979285846907446,"Taucorr":0.868898883891388},"EnergyVariance":{"Mean":1.3594011026871462,"Sigma":0.42650853861850563,"Taucorr":0.7263450741711615},"Iteration":91},
{"Acceptance":[0.013888888888888888],"Energy":{"Mean":-8.069262697721248,"Sigma":0.28849130400779655,"Taucorr":-0.20231609166624948},"EnergyVariance":{"Mean":13.32112444508116,"Sigma":12.706071213591361,"Taucorr":0.028900729341035825},"Iteration":92},
{"Acceptance":[0.016666666666666666],"Energy":{"Mean":-7.899485423489319,"Sigma":0.10416666666666664,"Taucorr":0.7700534759358288},"EnergyVariance":{"Mean":0.40584316139473875,"Sigma":0.16059027777777776,"Taucorr":0.7700534759358288},"Iteration":93},
{"Acceptance":[0.01888888888888889],"Energy":{"Mean":-7.878152269851134,"Sigma":0.10425720702853732,"Taucorr":0.6801242236024851},"EnergyVariance":{"Mean":0.43752763932248007,"Sigma":0.15638581054280593,"Taucorr":0.6801242236024845},"Iteration":94},
{"Acceptance":[0.025],"Energy":{"Mean":-7.439834176646049,"Sigma":0.1900167805267486,"Taucorr":0.5909998589513652},"EnergyVariance":{"Mean":1.5720288994421312,"Sigma":0.4638882016709339,"Taucorr":0.2836686799500191},"Iteration":95},
{"Acceptance":[0.017222222222222222],"Energy":{"Mean":-7.731053940607743,"Sigma":0.19499899355617892,"Taucorr":1.3652680607253522},"EnergyVariance":{"Mean":0.9683435715456299,"Sigma":0.541167782799767,"Taucorr":1.5240851974779432},"Iteration":96},
{"Acceptance":[0.016666666666666666],"Energy":{"Mean":-8.48393672546564,"Sigma":0.6156122006924732,"Taucorr":0.4166393446899951},"EnergyVariance":{"Mean":20.309145664096537,"Sigma":19.28164099290264,"Taucorr":0.5212361827844454},"Iteration":97},
{"Acceptance":[0.021111111111111112],"Energy":{"Mean":-8.289516449306959,"Sigma":0.7001832608089568,"Taucorr":0.3788075940489556},"EnergyVariance":{"Mean":26.585814188878988,"Sigma":25.346801041126884,"Taucorr":0.527361209167283},"Iteration":98},
{"Acceptance":[0.017777777777777778],"Energy":{"Mean":-7.667660939562307,"Sigma":0.17267258397336474,"Taucorr":0.980509745127436},"EnergyVariance":{"Mean":0.9566220937538965,"Sigma":0.3527600358332928,"Taucorr":0.6872638175455106},"Iteration":99} 
]}
{"input": {"L": 8, "J": 1, "machine": {"type": "FFNN", "model": ["tanh", 55, 1]}, "sampler": {"type": "MetropolisHop", "d_max": 5}, "optimizer": {"type": "AdaMax", "alpha": 0.001, "beta1": 0.9, "beta2": 0.999, "epscut": 1e-07}, "VMC": {"n_samples": 100, "discarded_samples": 100, "discarded_samples_on_init": 0, "target": "energy", "method": "Gd", "diag_shift": 0.01, "use_iterative": true, "use_cholesky": true}, "n_iter": 100}}
duration: -0.45203113555908203