{"Output": [
{"Acceptance":[0.7622222222222222],"Energy":{"Mean":6.837299871995144,"Sigma":0.2558442601234642,"Taucorr":0.09190284812056437},"EnergyVariance":{"Mean":5.780922059581,"Sigma":0.7282036248612427,"Taucorr":0.04403085054684186},"Iteration":0},
{"Acceptance":[0.6627777777777778],"Energy":{"Mean":5.441273487088863,"Sigma":0.2923365569813776,"Taucorr":0.17206522317371775},"EnergyVariance":{"Mean":7.286034427169892,"Sigma":0.9097019330891843,"Taucorr":0.26075652639452784},"Iteration":1},
{"Acceptance":[0.5766666666666667],"Energy":{"Mean":3.7958486998704575,"Sigma":0.3249877714715937,"Taucorr":0.2314880621306865},"EnergyVariance":{"Mean":9.459198141604489,"Sigma":1.524040235608227,"Taucorr":-0.014723728300982897},"Iteration":2},
{"Acceptance":[0.5244444444444445],"Energy":{"Mean":3.086176343087764,"Sigma":0.39120378888536533,"Taucorr":0.4603225501683388},"EnergyVariance":{"Mean":10.70915752471403,"Sigma":1.1074758970207774,"Taucorr":-0.022863819588198497},"Iteration":3},
{"Acceptance":[0.4361111111111111],"Energy":{"Mean":2.1202364040650896,"Sigma":0.3000060334709453,"Taucorr":0.18876092250675136},"EnergyVariance":{"Mean":11.164300719800458,"Sigma":1.245236816663263,"Taucorr":-0.08694285593854356},"Iteration":4},
{"Acceptance":[0.4011111111111111],"Energy":{"Mean":0.7124345689222051,"Sigma":0.3164186200043335,"Taucorr":0.4936655835512276},"EnergyVariance":{"Mean":9.084872254423328,"Sigma":1.1471380862153424,"Taucorr":-0.03744383832988235},"Iteration":5},
{"Acceptance":[0.3377777777777778],"Energy":{"Mean":-0.12577126306314979,"Sigma":0.3570989558610005,"Taucorr":0.7479864581048443},"EnergyVariance":{"Mean":9.410679622819995,"Sigma":1.9617331551865522,"Taucorr":0.39621339611297046},"Iteration":6},
{"Acceptance":[0.335],"Energy":{"Mean":-0.8641417592294777,"Sigma":0.3461128086573868,"Taucorr":0.5789747693708223},"EnergyVariance":{"Mean":11.186914876037706,"Sigma":1.8437402679117563,"Taucorr":0.1831721632662},"Iteration":7},
{"Acceptance":[0.27444444444444444],"Energy":{"Mean":-1.5498928701990746,"Sigma":0.3287126924518919,"Taucorr":0.39604494907476573},"EnergyVariance":{"Mean":10.44013001183093,"Sigma":2.5745168880516194,"Taucorr":0.36971622534420046},"Iteration":8},
{"Acceptance":[0.22777777777777777],"Energy":{"Mean":-2.0518665723386054,"Sigma":0.3718773448482373,"Taucorr":0.7667615398108159},"EnergyVariance":{"Mean":11.557418181741253,"Sigma":2.8269743274594115,"Taucorr":0.516792948732506},"Iteration":9},
{"Acceptance":[0.22333333333333333],"Energy":{"Mean":-2.6058411915122863,"Sigma":0.27894460032391943,"Taucorr":0.21995095716901136},"EnergyVariance":{"Mean":9.233390926217533,"Sigma":2.5389370514246905,"Taucorr":0.3564066810256469},"Iteration":10},
{"Acceptance":[0.21333333333333335],"Energy":{"Mean":-3.0464507013452975,"Sigma":0.20227215948877178,"Taucorr":0.29434016145711817},"EnergyVariance":{"Mean":5.432231248304509,"Sigma":1.34088061433138,"Taucorr":0.2661776136070195},"Iteration":11},
{"Acceptance":[0.17944444444444443],"Energy":{"Mean":-3.534210366481933,"Sigma":0.24483499999766256,"Taucorr":0.15246071986832377},"EnergyVariance":{"Mean":12.598940294081084,"Sigma":5.6243300484435705,"Taucorr":0.22635250720814326},"Iteration":12},
{"Acceptance":[0.1661111111111111],"Energy":{"Mean":-3.491065146349811,"Sigma":0.33873677763403376,"Taucorr":0.4122371957891203},"EnergyVariance":{"Mean":8.907223254886715,"Sigma":3.119714859358099,"Taucorr":0.4119083242034076},"Iteration":13},
{"Acceptance":[0.16055555555555556],"Energy":{"Mean":-4.104902458048172,"Sigma":0.12409741704156915,"Taucorr":-0.10878202905369488},"EnergyVariance":{"Mean":3.3134461062932954,"Sigma":0.7893250428548884,"Taucorr":0.3658673514184998},"Iteration":14},
{"Acceptance":[0.1411111111111111],"Energy":{"Mean":-4.127483687761542,"Sigma":0.2163060973770444,"Taucorr":-0.14182718982520465},"EnergyVariance":{"Mean":12.5658821663985,"Sigma":6.681688593130694,"Taucorr":0.3181003316958013},"Iteration":15},
{"Acceptance":[0.13],"Energy":{"Mean":-4.06080816875199,"Sigma":0.14442825104646873,"Taucorr":0.2926964111066248},"EnergyVariance":{"Mean":2.7859868663484315,"Sigma":1.045536621052231,"Taucorr":0.8035271990693855},"Iteration":16},
{"Acceptance":[0.12277777777777778],"Energy":{"Mean":-4.303258049252872,"Sigma":0.20204320982795457,"Taucorr":-0.016303643674619506},"EnergyVariance":{"Mean":5.962151518663977,"Sigma":2.792557467464932,"Taucorr":0.03904035875773426},"Iteration":17},
{"Acceptance":[0.11444444444444445],"Energy":{"Mean":-4.4835564505431185,"Sigma":0.15600066070731158,"Taucorr":0.20900968860454627},"EnergyVariance":{"Mean":1.8657982644753015,"Sigma":0.52184244418928,"Taucorr":0.4386166840530905},"Iteration":18},
{"Acceptance":[0.125],"Energy":{"Mean":-4.177805203091559,"Sigma":0.2344732722649002,"Taucorr":0.3970263380867868},"EnergyVariance":{"Mean":3.0758866946557046,"Sigma":0.6046032408916246,"Taucorr":0.03426645116857363},"Iteration":19},
{"Acceptance":[0.11555555555555555],"Energy":{"Mean":-4.5366117252730875,"Sigma":0.15845990716884606,"Taucorr":0.03947331248274044},"EnergyVariance":{"Mean":2.656441758917568,"Sigma":0.657330507424007,"Taucorr":0.019355332624893085},"Iteration":20},
{"Acceptance":[0.10388888888888889],"Energy":{"Mean":-4.524127203021978,"Sigma":0.24903741535777368,"Taucorr":0.49128808095399146},"EnergyVariance":{"Mean":3.38451887476934,"Sigma":1.139744806731808,"Taucorr":0.5399454805196582},"Iteration":21},
{"Acceptance":[0.095],"Energy":{"Mean":-4.2895042711138185,"Sigma":0.1938007252751095,"Taucorr":0.1896084259290879},"EnergyVariance":{"Mean":2.6723117147160407,"Sigma":1.0738006251300087,"Taucorr":0.5825771820995438},"Iteration":22},
{"Acceptance":[0.10888888888888888],"Energy":{"Mean":-4.455734704447421,"Sigma":0.1938443601658881,"Taucorr":0.5619881181805337},"EnergyVariance":{"Mean":1.8548174357896476,"Sigma":0.6130772779296958,"Taucorr":0.6210744492565738},"Iteration":23},
{"Acceptance":[0.10611111111111111],"Energy":{"Mean":-4.203402206708821,"Sigma":0.3307986244591002,"Taucorr":-0.03081806122303149},"EnergyVariance":{"Mean":13.041522807891257,"Sigma":8.052004785723769,"Taucorr":-1.3110091469314966e-05},"Iteration":24},
{"Acceptance":[0.095],"Energy":{"Mean":-4.587360798766073,"Sigma":0.22131002560831495,"Taucorr":0.29121905695798544},"EnergyVariance":{"Mean":3.940406793023622,"Sigma":2.538475100361605,"Taucorr":0.4056250892250194},"Iteration":25},
{"Acceptance":[0.07888888888888888],"Energy":{"Mean":-4.2827079143884275,"Sigma":0.12056400042134367,"Taucorr":-0.05800662424079167},"EnergyVariance":{"Mean":1.7075089110568444,"Sigma":0.45410774547941185,"Taucorr":0.00244346898711556},"Iteration":26},
{"Acceptance":[0.09],"Energy":{"Mean":-4.7214817850076525,"Sigma":0.19011273488016672,"Taucorr":0.39926170927383975},"EnergyVariance":{"Mean":2.0623341216198035,"Sigma":0.6642370529027787,"Taucorr":0.6244257298648554},"Iteration":27},
{"Acceptance":[0.10055555555555555],"Energy":{"Mean":-4.552378228458289,"Sigma":0.23221689753210878,"Taucorr":0.09256377699870033},"EnergyVariance":{"Mean":5.1419613800299615,"Sigma":3.015123981773128,"Taucorr":0.3865181332671005},"Iteration":28},
{"Acceptance":[0.09555555555555556],"Energy":{"Mean":-4.538282735694421,"Sigma":0.22544524747718273,"Taucorr":0.7366189511867929},"EnergyVariance":{"Mean":2.2438328034419768,"Sigma":0.7661899285382043,"Taucorr":1.0023977027954745},"Iteration":29},
{"Acceptance":[0.10111111111111111],"Energy":{"Mean":-4.579594353955957,"Sigma":0.26432297431841006,"Taucorr":0.28165219828622323},"EnergyVariance":{"Mean":4.8224416913898605,"Sigma":2.838244566451115,"Taucorr":0.0425916365689788},"Iteration":30},
{"Acceptance":[0.08222222222222222],"Energy":{"Mean":-4.518774611320405,"Sigma":0.13588804364030566,"Taucorr":0.6487550875314885},"EnergyVariance":{"Mean":0.8666990455723961,"Sigma":0.4112879629104861,"Taucorr":0.4711634906530733},"Iteration":31},
{"Acceptance":[0.11777777777777777],"Energy":{"Mean":-4.471483380449574,"Sigma":0.23716142449214672,"Taucorr":-0.15886912110273205},"EnergyVariance":{"Mean":10.251144533336898,"Sigma":7.007117631461859,"Taucorr":0.050142446772800775},"Iteration":32},
{"Acceptance":[0.1],"Energy":{"Mean":-4.651327695779761,"Sigma":0.20003048976949175,"Taucorr":0.4893396298491879},"EnergyVariance":{"Mean":2.11933111836755,"Sigma":0.6495960961671692,"Taucorr":0.7662761229758823},"Iteration":33},
{"Acceptance":[0.105],"Energy":{"Mean":-4.5442874043624615,"Sigma":0.22827574351669291,"Taucorr":0.2804469641706301},"EnergyVariance":{"Mean":3.384562976021743,"Sigma":0.5001531843352157,"Taucorr":0.20563228695011426},"Iteration":34},
{"Acceptance":[0.08611111111111111],"Energy":{"Mean":-5.143911538495164,"Sigma":0.223115890539857,"Taucorr":0.17691006603944526},"EnergyVariance":{"Mean":4.005273334982716,"Sigma":1.9287999031841025,"Taucorr":0.03697786518729129},"Iteration":35},
{"Acceptance":[0.08722222222222223],"Energy":{"Mean":-4.686297448399377,"Sigma":0.10163925340765254,"Taucorr":-0.055483742511555856},"EnergyVariance":{"Mean":1.2952602366790666,"Sigma":0.3620004686117352,"Taucorr":0.18766642136551537},"Iteration":36},
{"Acceptance":[0.11166666666666666],"Energy":{"Mean":-4.942348854824803,"Sigma":0.1906998521986835,"Taucorr":0.5723064294443261},"EnergyVariance":{"Mean":1.8738244262864634,"Sigma":0.4096394407813272,"Taucorr":0.7048371694650413},"Iteration":37},
{"Acceptance":[0.1288888888888889],"Energy":{"Mean":-4.685783323774528,"Sigma":0.20669931460241114,"Taucorr":0.06255631559966024},"EnergyVariance":{"Mean":4.0658120211909585,"Sigma":2.1756224649356626,"Taucorr":-0.012462535701331379},"Iteration":38},
{"Acceptance":[0.10833333333333334],"Energy":{"Mean":-4.267224729247557,"Sigma":0.12171325091304962,"Taucorr":0.5994565869360406},"EnergyVariance":{"Mean":0.7665941297211704,"Sigma":0.2885096439750091,"Taucorr":0.7822874166804747},"Iteration":39},
{"Acceptance":[0.11722222222222223],"Energy":{"Mean":-4.1741190971397115,"Sigma":0.35017741300856503,"Taucorr":0.17072451677540046},"EnergyVariance":{"Mean":11.907676942484894,"Sigma":9.80737851492568,"Taucorr":-0.004678293805794542},"Iteration":40},
{"Acceptance":[0.11055555555555556],"Energy":{"Mean":-4.773704277828817,"Sigma":0.1435012036788298,"Taucorr":-0.21257556952763046},"EnergyVariance":{"Mean":3.848625095397992,"Sigma":2.3659378273997436,"Taucorr":0.04634807527933338},"Iteration":41},
{"Acceptance":[0.11777777777777777],"Energy":{"Mean":-4.914088181777564,"Sigma":0.32367881083037076,"Taucorr":0.08886256280795812},"EnergyVariance":{"Mean":12.117846331451043,"Sigma":9.371064308922913,"Taucorr":0.0028560883697296147},"Iteration":42},
{"Acceptance":[0.11555555555555555],"Energy":{"Mean":-4.805546465312791,"Sigma":0.14347034597411704,"Taucorr":0.18420211001402742},"EnergyVariance":{"Mean":1.6038964093150478,"Sigma":0.37276339524548596,"Taucorr":0.49187514646757113},"Iteration":43},
{"Acceptance":[0.11722222222222223],"Energy":{"Mean":-4.932299244360928,"Sigma":0.23879061363828002,"Taucorr":0.32993393786548797},"EnergyVariance":{"Mean":3.63495495043405,"Sigma":0.6018332212073437,"Taucorr":0.254859651840035},"Iteration":44},
{"Acceptance":[0.10722222222222222],"Energy":{"Mean":-5.346363604014615,"Sigma":0.2305928223633662,"Taucorr":0.3141738714988338},"EnergyVariance":{"Mean":3.329476317123723,"Sigma":0.45172442053803424,"Taucorr":0.24779485780095623},"Iteration":45},
{"Acceptance":[0.13666666666666666],"Energy":{"Mean":-5.189991354860885,"Sigma":0.2218723924327741,"Taucorr":0.4680061319728218},"EnergyVariance":{"Mean":2.642268360125802,"Sigma":0.46854446632336094,"Taucorr":0.2280754634525347},"Iteration":46},
{"Acceptance":[0.13666666666666666],"Energy":{"Mean":-5.126659151279391,"Sigma":0.2146362810488418,"Taucorr":0.2698327155176591},"EnergyVariance":{"Mean":3.321333123683418,"Sigma":0.753858356256353,"Taucorr":0.5505563321591778},"Iteration":47},
{"Acceptance":[0.12944444444444445],"Energy":{"Mean":-5.609249248422511,"Sigma":0.39168499639985666,"Taucorr":-0.05513240133487801},"EnergyVariance":{"Mean":30.554070375450042,"Sigma":28.178274903053573,"Taucorr":0.02075256411826021},"Iteration":48},
{"Acceptance":[0.1238888888888889],"Energy":{"Mean":-5.099863771837946,"Sigma":0.2733529468978917,"Taucorr":0.7288596574379878},"EnergyVariance":{"Mean":2.9962294065142916,"Sigma":0.8435722886777891,"Taucorr":0.8252386049160108},"Iteration":49},
{"Acceptance":[0.14],"Energy":{"Mean":-5.382325304650368,"Sigma":0.2527941901086226,"Taucorr":0.27308194675570396},"EnergyVariance":{"Mean":4.485381108809695,"Sigma":0.5403632534621903,"Taucorr":0.17705170539452264},"Iteration":50},
{"Acceptance":[0.14277777777777778],"Energy":{"Mean":-5.528976282238192,"Sigma":0.1821187234734472,"Taucorr":-0.054703033441564075},"EnergyVariance":{"Mean":4.03992575425399,"Sigma":0.7497966018520836,"Taucorr":0.4668497043254365},"Iteration":51},
{"Acceptance":[0.14055555555555554],"Energy":{"Mean":-5.178354126293092,"Sigma":0.3979536092881734,"Taucorr":-0.0020051347531918062},"EnergyVariance":{"Mean":23.991074971978893,"Sigma":13.8378930480358,"Taucorr":-0.004503658896783835},"Iteration":52},
{"Acceptance":[0.14833333333333334],"Energy":{"Mean":-5.599990082691163,"Sigma":0.2561508538984276,"Taucorr":0.42323829363718946},"EnergyVariance":{"Mean":3.5091404601989593,"Sigma":0.5966277512401043,"Taucorr":0.19434729359333447},"Iteration":53},
{"Acceptance":[0.14055555555555554],"Energy":{"Mean":-5.907444863104364,"Sigma":0.2553147501809872,"Taucorr":0.22317271887103496},"EnergyVariance":{"Mean":4.7466796666718585,"Sigma":0.9719039508407437,"Taucorr":0.5792042949372247},"Iteration":54},
{"Acceptance":[0.15055555555555555],"Energy":{"Mean":-7.6414212025984325,"Sigma":1.126038141968773,"Taucorr":0.3853724916852994},"EnergyVariance":{"Mean":68.57233873330775,"Sigma":43.36595633473853,"Taucorr":0.3896512120074088},"Iteration":55},
{"Acceptance":[0.11777777777777777],"Energy":{"Mean":-6.689628696164466,"Sigma":0.14916092291322747,"Taucorr":-0.07169354167529512},"EnergyVariance":{"Mean":2.521376141437699,"Sigma":0.2767137411273446,"Taucorr":-0.0249509951449427},"Iteration":56},
{"Acceptance":[0.1438888888888889],"Energy":{"Mean":-6.931982248336045,"Sigma":0.24093657007329652,"Taucorr":0.22657175217449477},"EnergyVariance":{"Mean":4.472301228027663,"Sigma":0.6929091107842875,"Taucorr":0.034567080546525464},"Iteration":57},
{"Acceptance":[0.11388888888888889],"Energy":{"Mean":-6.785208094442503,"Sigma":0.23795623662028706,"Taucorr":0.33432720330229837},"EnergyVariance":{"Mean":3.5621008318817076,"Sigma":0.7161980809805153,"Taucorr":-0.05267546100415266},"Iteration":58},
{"Acceptance":[0.105],"Energy":{"Mean":-6.059537820449422,"Sigma":0.19114156125544177,"Taucorr":0.2139885012780519},"EnergyVariance":{"Mean":3.704354988632291,"Sigma":1.2642779487469602,"Taucorr":0.3942970504909634},"Iteration":59},
{"Acceptance":[0.10222222222222223],"Energy":{"Mean":-6.30490742319207,"Sigma":0.39825432194256455,"Taucorr":0.44547629021559065},"EnergyVariance":{"Mean":13.551573344885862,"Sigma":8.628418522824381,"Taucorr":-0.006336015037554432},"Iteration":60},
{"Acceptance":[0.09555555555555556],"Energy":{"Mean":-7.402773082345554,"Sigma":0.4046350646478972,"Taucorr":-0.024737253660052194},"EnergyVariance":{"Mean":18.85484825168975,"Sigma":10.489631841367038,"Taucorr":0.005726291941497874},"Iteration":61},
{"Acceptance":[0.08],"Energy":{"Mean":-6.793203939751157,"Sigma":0.36814621726330093,"Taucorr":0.7508767887767878},"EnergyVariance":{"Mean":7.021467001800879,"Sigma":3.0633045014310234,"Taucorr":0.9974540788841717},"Iteration":62},
{"Acceptance":[0.08611111111111111],"Energy":{"Mean":-7.210669227276834,"Sigma":0.24783078193286934,"Taucorr":0.793360656769668},"EnergyVariance":{"Mean":2.266883084417697,"Sigma":0.4934371250279428,"Taucorr":0.49277384912616795},"Iteration":63},
{"Acceptance":[0.07055555555555555],"Energy":{"Mean":-7.2537669300994505,"Sigma":0.23881095738166003,"Taucorr":0.37408551721243655},"EnergyVariance":{"Mean":3.2558607346618387,"Sigma":0.6999053243909028,"Taucorr":0.3641426870890271},"Iteration":64},
{"Acceptance":[0.07888888888888888],"Energy":{"Mean":-6.813755731328203,"Sigma":0.2538925449101438,"Taucorr":0.3016620002241207},"EnergyVariance":{"Mean":4.0521891107531305,"Sigma":0.7434321589389129,"Taucorr":0.49887928572937823},"Iteration":65},
{"Acceptance":[0.058333333333333334],"Energy":{"Mean":-6.856335171680635,"Sigma":0.35913537163433096,"Taucorr":0.9621089192532739},"EnergyVariance":{"Mean":5.4193579938203325,"Sigma":2.6451190947450773,"Taucorr":0.37682226738736035},"Iteration":66},
{"Acceptance":[0.05],"Energy":{"Mean":-7.429195053933401,"Sigma":0.3426655579618351,"Taucorr":0.25161639034173544},"EnergyVariance":{"Mean":14.29665202731539,"Sigma":10.70069563388145,"Taucorr":0.0013233082832667664},"Iteration":67},
{"Acceptance":[0.04055555555555555],"Energy":{"Mean":-7.81143244470187,"Sigma":0.19385374952310888,"Taucorr":-0.025039814861455456},"EnergyVariance":{"Mean":4.1013016614089395,"Sigma":1.39301947272431,"Taucorr":0.287546218458234},"Iteration":68},
{"Acceptance":[0.045],"Energy":{"Mean":-7.7716479371336975,"Sigma":0.1556221251342073,"Taucorr":0.08924251838892838},"EnergyVariance":{"Mean":2.2279409430210166,"Sigma":0.8526086126455695,"Taucorr":0.8261726927377768},"Iteration":69},
{"Acceptance":[0.05277777777777778],"Energy":{"Mean":-7.050286959626525,"Sigma":0.2603029781824829,"Taucorr":0.6586914626932863},"EnergyVariance":{"Mean":2.8308434150421333,"Sigma":0.4386233271053394,"Taucorr":0.11464552492021829},"Iteration":70},
{"Acceptance":[0.045],"Energy":{"Mean":-7.377184190114507,"Sigma":0.24243883207917954,"Taucorr":0.66864984081267},"EnergyVariance":{"Mean":2.529109421357012,"Sigma":0.7931812753013763,"Taucorr":0.5299583170033573},"Iteration":71},
{"Acceptance":[0.04111111111111111],"Energy":{"Mean":-7.601956394669513,"Sigma":0.16215789423944976,"Taucorr":0.3199919950000767},"EnergyVariance":{"Mean":1.5447602848421609,"Sigma":0.4201656147147159,"Taucorr":0.28966745912660175},"Iteration":72},
{"Acceptance":[0.058888888888888886],"Energy":{"Mean":-7.642241442246795,"Sigma":0.1832829132480087,"Taucorr":0.010146963384427998},"EnergyVariance":{"Mean":3.2816122301806487,"Sigma":0.9321710913576906,"Taucorr":0.20973072984156693},"Iteration":73},
{"Acceptance":[0.035],"Energy":{"Mean":-7.986969107129685,"Sigma":0.1043410905989324,"Taucorr":0.11600784193116709},"EnergyVariance":{"Mean":0.868623972275644,"Sigma":0.36241700533144,"Taucorr":0.3553670463320604},"Iteration":74},
{"Acceptance":[0.058333333333333334],"Energy":{"Mean":-6.97641604769497,"Sigma":0.2896025945000742,"Taucorr":0.1220136572196242},"EnergyVariance":{"Mean":6.570897635083406,"Sigma":2.7490939710187017,"Taucorr":0.195108587356699},"Iteration":75},
{"Acceptance":[0.05555555555555555],"Energy":{"Mean":-7.586062528854421,"Sigma":0.21306016076048365,"Taucorr":0.2825925627108612},"EnergyVariance":{"Mean":2.966691077256029,"Sigma":1.2845292157351533,"Taucorr":0.4637332543224243},"Iteration":76},
{"Acceptance":[0.03666666666666667],"Energy":{"Mean":-7.312100861645586,"Sigma":0.19011101169449554,"Taucorr":0.7701535133765298},"EnergyVariance":{"Mean":1.3520168086203284,"Sigma":0.2216281038303833,"Taucorr":0.252458498958295},"Iteration":77},
{"Acceptance":[0.019444444444444445],"Energy":{"Mean":-7.808714563276894,"Sigma":0.12550433266897615,"Taucorr":0.5895644564327807},"EnergyVariance":{"Mean":0.6869859843303489,"Sigma":0.14148617294557217,"Taucorr":0.5893894679310596},"Iteration":78},
{"Acceptance":[0.028333333333333332],"Energy":{"Mean":-7.733264304790863,"Sigma":0.1648722640938942,"Taucorr":0.7347138930836001},"EnergyVariance":{"Mean":1.0460040717569477,"Sigma":0.33007732479354046,"Taucorr":0.41948175739380533},"Iteration":79},
{"Acceptance":[0.028333333333333332],"Energy":{"Mean":-7.820944660236767,"Sigma":0.22571223005959,"Taucorr":0.018136788489442},"EnergyVariance":{"Mean":4.866305907064608,"Sigma":2.160164731013653,"Taucorr":0.3886975795653862},"Iteration":80},
{"Acceptance":[0.03],"Energy":{"Mean":-7.43112955981007,"Sigma":0.2798127266142514,"Taucorr":1.0981218873538927},"EnergyVariance":{"Mean":2.327283408274485,"Sigma":1.0064677237970612,"Taucorr":1.0199556563788772},"Iteration":81},
{"Acceptance":[0.03333333333333333],"Energy":{"Mean":-7.459691297345142,"Sigma":0.5595080435295534,"Taucorr":0.4117033781534116},"EnergyVariance":{"Mean":16.334935693053954,"Sigma":14.688844652675046,"Taucorr":0.5240997290949496},"Iteration":82},
{"Acceptance":[0.03166666666666667],"Energy":{"Mean":-7.740162801850522,"Sigma":0.27989055770156496,"Taucorr":0.7974274593474362},"EnergyVariance":{"Mean":3.0241451070779073,"Sigma":2.071276215846243,"Taucorr":0.49842846405085484},"Iteration":83},
{"Acceptance":[0.03222222222222222],"Energy":{"Mean":-7.9386128698085,"Sigma":0.25904026835847777,"Taucorr":0.28204496431967796},"EnergyVariance":{"Mean":4.277443826661742,"Sigma":2.3819676575208453,"Taucorr":0.39233993965870395},"Iteration":84},
{"Acceptance":[0.03166666666666667],"Energy":{"Mean":-7.272433230862753,"Sigma":0.2874927061419387,"Taucorr":0.764474384480053},"EnergyVariance":{"Mean":11.578559067448001,"Sigma":10.24703830095234,"Taucorr":0.01786792258685377},"Iteration":85},
{"Acceptance":[0.04],"Energy":{"Mean":-7.223773010208215,"Sigma":0.4159690002757399,"Taucorr":0.23383919239694484},"EnergyVariance":{"Mean":20.054622604991092,"Sigma":18.96928414965863,"Taucorr":0.009025938538122058},"Iteration":86},
{"Acceptance":[0.020555555555555556],"Energy":{"Mean":-8.407670135448653,"Sigma":0.4944586649999842,"Taucorr":0.4053918380031677},"EnergyVariance":{"Mean":27.56884028800298,"Sigma":26.624033134929444,"Taucorr":0.5172560077467612},"Iteration":87},
{"Acceptance":[0.03222222222222222],"Energy":{"Mean":-7.469226347853058,"Sigma":0.3249251533095174,"Taucorr":0.08550408560184919},"EnergyVariance":{"Mean":8.574611162976954,"Sigma":6.7261398975164175,"Taucorr":0.0008826280753287952},"Iteration":88},
{"Acceptance":[0.02388888888888889],"Energy":{"Mean":-8.19404997058514,"Sigma":0.12635338942513774,"Taucorr":-0.2972043557113846},"EnergyVariance":{"Mean":3.929675674817484,"Sigma":2.468231238339514,"Taucorr":0.08150440003894932},"Iteration":89},
{"Acceptance":[0.029444444444444443],"Energy":{"Mean":-7.710486877949761,"Sigma":0.16116416664835517,"Taucorr":1.0092806312869222},"EnergyVariance":{"Mean":0.8174644380702379,"Sigma":0.19841276751078105,"Taucorr":0.3589045129809203},"Iteration":90},
{"Acceptance":[0.021666666666666667],"Energy":{"Mean":-7.8961597197974625,"Sigma":0.12781220939760207,"Taucorr":1.0469931784616902},"EnergyVariance":{"Mean":0.5016039230525651,"Sigma":0.18166562100845626,"Taucorr":1.0468230458246788},"Iteration":91},
{"Acceptance":[0.023333333333333334],"Energy":{"Mean":-7.765953386271988,"Sigma":0.16059502602054568,"Taucorr":0.8120062779746997},"EnergyVariance":{"Mean":0.9337404868450999,"Sigma":0.42161698072866927,"Taucorr":0.9666796767603543},"Iteration":92},
{"Acceptance":[0.011666666666666667],"Energy":{"Mean":-7.891452169564498,"Sigma":0.12418486176250079,"Taucorr":0.9608023206282517},"EnergyVariance":{"Mean":0.5014707623515244,"Sigma":0.17649849769507892,"Taucorr":0.9608570054468448},"Iteration":93},
{"Acceptance":[0.025555555555555557],"Energy":{"Mean":-7.98882366773181,"Sigma":0.2334748354127492,"Taucorr":-0.11620152246664195},"EnergyVariance":{"Mean":6.772329123808772,"Sigma":6.101641127028051,"Taucorr":0.02854247622688877},"Iteration":94},
{"Acceptance":[0.023333333333333334],"Energy":{"Mean":-7.321248117739439,"Sigma":0.2844216868947224,"Taucorr":1.272907823514914},"EnergyVariance":{"Mean":2.167377435496729,"Sigma":0.6054944719394078,"Taucorr":1.152773352947561},"Iteration":95},
{"Acceptance":[0.025555555555555557],"Energy":{"Mean":-7.6109062942770676,"Sigma":0.18508891135762728,"Taucorr":0.8091565417468918},"EnergyVariance":{"Mean":1.242987847341327,"Sigma":0.440046162289672,"Taucorr":0.8367492530130709},"Iteration":96},
{"Acceptance":[0.017777777777777778],"Energy":{"Mean":-7.8394421582229965,"Sigma":0.10747052302038321,"Taucorr":0.4809117996219806},"EnergyVariance":{"Mean":0.5593028269325538,"Sigma":0.14377035297114632,"Taucorr":0.4808122508131626},"Iteration":97},
{"Acceptance":[0.02],"Energy":{"Mean":-7.96228676803132,"Sigma":0.09979776763328924,"Taucorr":0.7586018764555813},"EnergyVariance":{"Mean":0.3758814300633229,"Sigma":0.1585877171198418,"Taucorr":0.7589290366465455},"Iteration":98},
{"Acceptance":[0.029444444444444443],"Energy":{"Mean":-7.676370634050299,"Sigma":0.22734499086433216,"Taucorr":0.08931495419018098},"EnergyVariance":{"Mean":4.43623528255809,"Sigma":3.467767022782226,"Taucorr":0.01352720516674999},"Iteration":99} 
]}
{"input": {"L": 8, "J": 1, "machine": {"type": "FFNN", "model": ["tanh", 60, 2]}, "sampler": {"type": "MetropolisHop", "d_max": 5}, "optimizer": {"type": "AdaMax", "alpha": 0.001, "beta1": 0.9, "beta2": 0.999, "epscut": 1e-07}, "VMC": {"n_samples": 100, "discarded_samples": 100, "discarded_samples_on_init": 0, "target": "energy", "method": "Gd", "diag_shift": 0.01, "use_iterative": true, "use_cholesky": true}, "n_iter": 100}}
duration: -2.1637942790985107