{"Output": [
{"Acceptance":[0.7627777777777778],"Energy":{"Mean":6.212381104418805,"Sigma":0.2114199749154028,"Taucorr":0.0025940944316369396},"EnergyVariance":{"Mean":4.615330111151282,"Sigma":0.6063670860915981,"Taucorr":0.10254118785666622},"Iteration":0},
{"Acceptance":[0.6727777777777778],"Energy":{"Mean":5.8003106690326875,"Sigma":0.251313656746402,"Taucorr":0.06575404070821256},"EnergyVariance":{"Mean":6.639937290523392,"Sigma":0.6952091165630945,"Taucorr":-0.07441283435453588},"Iteration":1},
{"Acceptance":[0.5561111111111111],"Energy":{"Mean":4.896960450159058,"Sigma":0.39609940873219074,"Taucorr":0.5272069475158616},"EnergyVariance":{"Mean":9.339594446559069,"Sigma":0.9612678706540643,"Taucorr":0.05322161527492131},"Iteration":2},
{"Acceptance":[0.49833333333333335],"Energy":{"Mean":2.834765518653078,"Sigma":0.35170250122452507,"Taucorr":0.3559671602781518},"EnergyVariance":{"Mean":10.113139530274289,"Sigma":1.2787814335006422,"Taucorr":0.08394403126741368},"Iteration":3},
{"Acceptance":[0.4461111111111111],"Energy":{"Mean":2.7277759150615486,"Sigma":0.36303414727296485,"Taucorr":0.4469432130864779},"EnergyVariance":{"Mean":9.901480673745917,"Sigma":1.252451711445816,"Taucorr":0.1629393205483579},"Iteration":4},
{"Acceptance":[0.3377777777777778],"Energy":{"Mean":0.95230965646854,"Sigma":0.35583081160583446,"Taucorr":0.5027643496386947},"EnergyVariance":{"Mean":9.290200795693435,"Sigma":1.2946966854851216,"Taucorr":0.24194518898583373},"Iteration":5},
{"Acceptance":[0.2833333333333333],"Energy":{"Mean":-0.3206155049998737,"Sigma":0.38423168827099885,"Taucorr":0.6326947231408087},"EnergyVariance":{"Mean":11.233013960683946,"Sigma":2.7026487940725588,"Taucorr":0.3574456734590069},"Iteration":6},
{"Acceptance":[0.26722222222222225],"Energy":{"Mean":-0.5794882596886011,"Sigma":0.3096351828110027,"Taucorr":0.4157406210449346},"EnergyVariance":{"Mean":10.535876593855198,"Sigma":2.3542895416689587,"Taucorr":0.13841295368676187},"Iteration":7},
{"Acceptance":[0.20444444444444446],"Energy":{"Mean":-0.6543310133705418,"Sigma":0.41103108948675343,"Taucorr":0.6567952131885939},"EnergyVariance":{"Mean":14.111983026960848,"Sigma":4.595017562917613,"Taucorr":0.5124484882601887},"Iteration":8},
{"Acceptance":[0.16944444444444445],"Energy":{"Mean":-2.161327097721537,"Sigma":0.2516045047795425,"Taucorr":0.3709840450862132},"EnergyVariance":{"Mean":7.292696146176435,"Sigma":1.6207830062108088,"Taucorr":0.6062807113057158},"Iteration":9},
{"Acceptance":[0.17],"Energy":{"Mean":-2.549954854655553,"Sigma":0.23790971372114797,"Taucorr":0.2923529474950448},"EnergyVariance":{"Mean":5.172404955692672,"Sigma":0.874592657579161,"Taucorr":0.19206667537914324},"Iteration":10},
{"Acceptance":[0.16166666666666665],"Energy":{"Mean":-2.355855870643584,"Sigma":0.37131998513033254,"Taucorr":0.8960588992841703},"EnergyVariance":{"Mean":7.551986937311085,"Sigma":1.7861241598071376,"Taucorr":0.6935056995304898},"Iteration":11},
{"Acceptance":[0.14944444444444444],"Energy":{"Mean":-2.9122496132296765,"Sigma":0.2494059212047905,"Taucorr":0.07877279900745149},"EnergyVariance":{"Mean":7.757533168700476,"Sigma":1.8569826713139344,"Taucorr":-0.05220948769574457},"Iteration":12},
{"Acceptance":[0.125],"Energy":{"Mean":-2.7395881889462763,"Sigma":0.26564612468873267,"Taucorr":0.31891720490600173},"EnergyVariance":{"Mean":6.478643613258771,"Sigma":2.629487112962942,"Taucorr":0.8035827996954401},"Iteration":13},
{"Acceptance":[0.12611111111111112],"Energy":{"Mean":-3.3446720914875483,"Sigma":0.26544159920674565,"Taucorr":0.2713464660482734},"EnergyVariance":{"Mean":11.851585483686714,"Sigma":4.911672213857444,"Taucorr":0.5217195866290743},"Iteration":14},
{"Acceptance":[0.13722222222222222],"Energy":{"Mean":-3.1179714746591167,"Sigma":0.30629370925332466,"Taucorr":0.2857982965942101},"EnergyVariance":{"Mean":9.228305654119577,"Sigma":2.1021207553699974,"Taucorr":0.11688198680779738},"Iteration":15},
{"Acceptance":[0.11388888888888889],"Energy":{"Mean":-3.6428724335853153,"Sigma":0.3220181413025444,"Taucorr":0.2682411022972824},"EnergyVariance":{"Mean":13.273572686246727,"Sigma":4.674404247664867,"Taucorr":0.43833807768833266},"Iteration":16},
{"Acceptance":[0.09944444444444445],"Energy":{"Mean":-4.342510425993686,"Sigma":0.20491675317452412,"Taucorr":0.23725562637546893},"EnergyVariance":{"Mean":4.062525032055863,"Sigma":1.9250709125696241,"Taucorr":0.08171924408675812},"Iteration":17},
{"Acceptance":[0.09388888888888888],"Energy":{"Mean":-4.391382802804044,"Sigma":0.21298731577426616,"Taucorr":0.10426549546021069},"EnergyVariance":{"Mean":6.322892724309569,"Sigma":2.391874060328781,"Taucorr":0.09467310987033861},"Iteration":18},
{"Acceptance":[0.10111111111111111],"Energy":{"Mean":-4.27126571502613,"Sigma":0.11652660337049263,"Taucorr":-0.42051142025269567},"EnergyVariance":{"Mean":12.08250756122125,"Sigma":9.889648412146036,"Taucorr":0.3231461642680101},"Iteration":19},
{"Acceptance":[0.10111111111111111],"Energy":{"Mean":-4.160708229927534,"Sigma":0.29852565524494207,"Taucorr":0.005868144463423319},"EnergyVariance":{"Mean":9.735269390843388,"Sigma":2.795789342358803,"Taucorr":0.08612336036747159},"Iteration":20},
{"Acceptance":[0.09388888888888888],"Energy":{"Mean":-4.050740169023089,"Sigma":0.13699836370240215,"Taucorr":0.4160039032407298},"EnergyVariance":{"Mean":1.0394439826445612,"Sigma":0.2282518718304555,"Taucorr":0.290978132829272},"Iteration":21},
{"Acceptance":[0.12666666666666668],"Energy":{"Mean":-4.5240781946201745,"Sigma":0.338066474914328,"Taucorr":-0.05518227999104264},"EnergyVariance":{"Mean":15.743918531779709,"Sigma":7.071287491362589,"Taucorr":0.3736920971587341},"Iteration":22},
{"Acceptance":[0.08055555555555556],"Energy":{"Mean":-4.3565213032133014,"Sigma":0.21436798503688045,"Taucorr":0.27494195281354405},"EnergyVariance":{"Mean":2.964706143613419,"Sigma":1.6176847155871765,"Taucorr":0.4610865518230104},"Iteration":23},
{"Acceptance":[0.08777777777777777],"Energy":{"Mean":-4.69235166162143,"Sigma":0.2663382690324767,"Taucorr":-0.03383934953935669},"EnergyVariance":{"Mean":8.366291076864021,"Sigma":5.3440327007573645,"Taucorr":-0.010682560691169352},"Iteration":24},
{"Acceptance":[0.10944444444444444],"Energy":{"Mean":-4.475499026745299,"Sigma":0.26051339015698705,"Taucorr":0.48993266338652197},"EnergyVariance":{"Mean":3.3557093307869885,"Sigma":1.2529046587964388,"Taucorr":0.2861604561006762},"Iteration":25},
{"Acceptance":[0.07333333333333333],"Energy":{"Mean":-4.581169106731698,"Sigma":0.13669229828969626,"Taucorr":0.40174526638982433},"EnergyVariance":{"Mean":1.0357805812614942,"Sigma":0.20746454702868908,"Taucorr":0.03830563867855219},"Iteration":26},
{"Acceptance":[0.09444444444444444],"Energy":{"Mean":-4.355622456987546,"Sigma":0.28408318203400035,"Taucorr":0.32066254600418376},"EnergyVariance":{"Mean":5.378787733083095,"Sigma":3.325928183054724,"Taucorr":0.004228412406898641},"Iteration":27},
{"Acceptance":[0.09722222222222222],"Energy":{"Mean":-4.531254055941619,"Sigma":0.23020744341833443,"Taucorr":0.42103298698378255},"EnergyVariance":{"Mean":2.9238505875918968,"Sigma":1.0920006617189801,"Taucorr":0.47375383302110663},"Iteration":28},
{"Acceptance":[0.10277777777777777],"Energy":{"Mean":-4.760655051811533,"Sigma":0.21366079390893433,"Taucorr":0.35843859506986187},"EnergyVariance":{"Mean":2.5574514341455963,"Sigma":1.1013027073751107,"Taucorr":0.23783614707635248},"Iteration":29},
{"Acceptance":[0.10888888888888888],"Energy":{"Mean":-4.537508056024021,"Sigma":0.15459300654539837,"Taucorr":0.18252726209775094},"EnergyVariance":{"Mean":1.8243309685998441,"Sigma":0.5023549230279036,"Taucorr":0.29645744786352346},"Iteration":30},
{"Acceptance":[0.09666666666666666],"Energy":{"Mean":-4.76755195639555,"Sigma":0.2737829875897127,"Taucorr":0.08115070438424721},"EnergyVariance":{"Mean":6.2185196036347135,"Sigma":3.2677730072179503,"Taucorr":-0.0050559984242301015},"Iteration":31},
{"Acceptance":[0.12166666666666667],"Energy":{"Mean":-4.326476114607736,"Sigma":0.19674840780866643,"Taucorr":-0.045572167034310995},"EnergyVariance":{"Mean":4.087967920147966,"Sigma":2.56370004105331,"Taucorr":0.008706976709602632},"Iteration":32},
{"Acceptance":[0.11222222222222222],"Energy":{"Mean":-4.516084656724426,"Sigma":0.33651659950738844,"Taucorr":0.05124500304496604},"EnergyVariance":{"Mean":9.838215700957253,"Sigma":4.6827882266779275,"Taucorr":-0.034096178577819825},"Iteration":33},
{"Acceptance":[0.11944444444444445],"Energy":{"Mean":-4.4911943193185015,"Sigma":0.32864113018923746,"Taucorr":0.34670714443897965},"EnergyVariance":{"Mean":6.212408955699681,"Sigma":2.930480983484009,"Taucorr":0.0592079243598469},"Iteration":34},
{"Acceptance":[0.11888888888888889],"Energy":{"Mean":-4.753835291568367,"Sigma":0.15282764599693166,"Taucorr":0.215147604420597},"EnergyVariance":{"Mean":1.6659897457986734,"Sigma":0.449875089086297,"Taucorr":0.36500629226679804},"Iteration":35},
{"Acceptance":[0.1288888888888889],"Energy":{"Mean":-4.752306665989783,"Sigma":0.1336839217061224,"Taucorr":0.00432304232089098},"EnergyVariance":{"Mean":1.721603933845903,"Sigma":0.5748587176520362,"Taucorr":0.23921625963140147},"Iteration":36},
{"Acceptance":[0.13722222222222222],"Energy":{"Mean":-4.284088568031147,"Sigma":0.4823877788317004,"Taucorr":0.5233610365699388},"EnergyVariance":{"Mean":11.427243431187831,"Sigma":6.868255923225245,"Taucorr":0.44361485708707704},"Iteration":37},
{"Acceptance":[0.11666666666666667],"Energy":{"Mean":-4.759630593017064,"Sigma":0.2658736791537807,"Taucorr":0.7919116601990639},"EnergyVariance":{"Mean":2.688591866026992,"Sigma":0.9762589167212459,"Taucorr":0.6979402814982019},"Iteration":38},
{"Acceptance":[0.13944444444444445],"Energy":{"Mean":-4.5549616873154255,"Sigma":0.31919794824826175,"Taucorr":0.18130475040596172},"EnergyVariance":{"Mean":7.470353988735413,"Sigma":3.5330598396867674,"Taucorr":0.008342319219095007},"Iteration":39},
{"Acceptance":[0.1438888888888889],"Energy":{"Mean":-4.982350163850393,"Sigma":0.14793235615526334,"Taucorr":0.12197472634228201},"EnergyVariance":{"Mean":1.7145448999536264,"Sigma":0.43991358484602383,"Taucorr":-0.01845187535528603},"Iteration":40},
{"Acceptance":[0.1338888888888889],"Energy":{"Mean":-4.596961861841864,"Sigma":0.1976747380704211,"Taucorr":-0.24507425041121733},"EnergyVariance":{"Mean":7.46817231971938,"Sigma":4.944988149525285,"Taucorr":0.29247473301859106},"Iteration":41},
{"Acceptance":[0.125],"Energy":{"Mean":-4.920966699769957,"Sigma":0.148305059507497,"Taucorr":0.38361777745871606},"EnergyVariance":{"Mean":1.2560195262910332,"Sigma":0.3523626337828976,"Taucorr":0.0975680321472866},"Iteration":42},
{"Acceptance":[0.12277777777777778],"Energy":{"Mean":-4.2081734643391995,"Sigma":0.6876602277928577,"Taucorr":1.098978745993672},"EnergyVariance":{"Mean":14.083693556488942,"Sigma":12.810859905051279,"Taucorr":1.0020491316194788},"Iteration":43},
{"Acceptance":[0.11388888888888889],"Energy":{"Mean":-4.49923105867786,"Sigma":0.19594531567040305,"Taucorr":-0.04036429196030411},"EnergyVariance":{"Mean":4.198768468398072,"Sigma":2.413887992542709,"Taucorr":0.024845268947581545},"Iteration":44},
{"Acceptance":[0.12611111111111112],"Energy":{"Mean":-4.731892231629986,"Sigma":0.15967978463790214,"Taucorr":0.8136889254613},"EnergyVariance":{"Mean":0.94684916011178,"Sigma":0.3191066419959377,"Taucorr":0.7566983942785304},"Iteration":45},
{"Acceptance":[0.11722222222222223],"Energy":{"Mean":-2.9468572453902837,"Sigma":0.8111030295931679,"Taucorr":0.5425176111529864},"EnergyVariance":{"Mean":30.0443209141297,"Sigma":12.499952654321792,"Taucorr":0.5217169920537406},"Iteration":46},
{"Acceptance":[0.12166666666666667],"Energy":{"Mean":-4.8766198588252445,"Sigma":0.1661509250390822,"Taucorr":0.5019165251836888},"EnergyVariance":{"Mean":1.327523987115225,"Sigma":0.3778578689493816,"Taucorr":0.2804944354713961},"Iteration":47},
{"Acceptance":[0.12111111111111111],"Energy":{"Mean":-4.697988268964894,"Sigma":0.21430362104496611,"Taucorr":-0.008041468330000745},"EnergyVariance":{"Mean":4.485614612512417,"Sigma":1.6608701735107472,"Taucorr":0.020958440940504475},"Iteration":48},
{"Acceptance":[0.14777777777777779],"Energy":{"Mean":-4.722188308372134,"Sigma":0.3444731965681406,"Taucorr":0.26999344218970267},"EnergyVariance":{"Mean":7.364160077146934,"Sigma":4.374944645184549,"Taucorr":0.001278906806619795},"Iteration":49},
{"Acceptance":[0.13555555555555557],"Energy":{"Mean":-5.052302215885215,"Sigma":0.39148295111049364,"Taucorr":0.6923749152658007},"EnergyVariance":{"Mean":6.541858152973859,"Sigma":3.375967980495052,"Taucorr":0.7500257812333184},"Iteration":50},
{"Acceptance":[0.13111111111111112],"Energy":{"Mean":-5.0287856597088245,"Sigma":0.2060553137254111,"Taucorr":0.39105056749938516},"EnergyVariance":{"Mean":2.3124573837223696,"Sigma":1.5587564402236627,"Taucorr":0.43988314175474463},"Iteration":51},
{"Acceptance":[0.13777777777777778],"Energy":{"Mean":-4.822246388978257,"Sigma":0.14103048038918148,"Taucorr":0.31282019871852007},"EnergyVariance":{"Mean":1.208582647658464,"Sigma":0.4757073250534438,"Taucorr":0.012311409811693874},"Iteration":52},
{"Acceptance":[0.1511111111111111],"Energy":{"Mean":-5.495153988984921,"Sigma":0.7929130856816312,"Taucorr":0.5464569947440552},"EnergyVariance":{"Mean":29.703106705930324,"Sigma":28.038739426007602,"Taucorr":0.38372529068759054},"Iteration":53},
{"Acceptance":[0.13666666666666666],"Energy":{"Mean":-5.155442536145896,"Sigma":0.18665546723531315,"Taucorr":0.13691856499425514},"EnergyVariance":{"Mean":2.7199079218579683,"Sigma":0.8851589585620946,"Taucorr":0.48782425590511813},"Iteration":54},
{"Acceptance":[0.13166666666666665],"Energy":{"Mean":-3.843641994756674,"Sigma":0.7355053566406734,"Taucorr":0.41456457568662597},"EnergyVariance":{"Mean":29.329959136294597,"Sigma":18.291427808658927,"Taucorr":0.4771003473353559},"Iteration":55},
{"Acceptance":[0.14222222222222222],"Energy":{"Mean":-5.024508626410858,"Sigma":0.2142996492783215,"Taucorr":0.2160233710210021},"EnergyVariance":{"Mean":3.074912700916878,"Sigma":0.715583426006683,"Taucorr":0.38918509331824136},"Iteration":56},
{"Acceptance":[0.15888888888888889],"Energy":{"Mean":-5.568270845620853,"Sigma":0.6243645115919874,"Taucorr":0.7726131809083043},"EnergyVariance":{"Mean":16.334839443303093,"Sigma":12.883989992559474,"Taucorr":0.4454073938253311},"Iteration":57},
{"Acceptance":[0.16777777777777778],"Energy":{"Mean":-4.631229161646241,"Sigma":0.2535991234860164,"Taucorr":0.16590549880069327},"EnergyVariance":{"Mean":4.695077371655343,"Sigma":1.7366544721586705,"Taucorr":0.3477330150910777},"Iteration":58},
{"Acceptance":[0.14055555555555554],"Energy":{"Mean":-4.7959086150850005,"Sigma":0.17786661676328586,"Taucorr":0.29536069968250844},"EnergyVariance":{"Mean":1.9028660706479292,"Sigma":0.6567036769836291,"Taucorr":0.5381009852406735},"Iteration":59},
{"Acceptance":[0.1638888888888889],"Energy":{"Mean":-4.912492550694884,"Sigma":0.29948019716982477,"Taucorr":0.5941090909520432},"EnergyVariance":{"Mean":3.9418231496390734,"Sigma":1.507936183026364,"Taucorr":0.3993136059939},"Iteration":60},
{"Acceptance":[0.15944444444444444],"Energy":{"Mean":-5.632416733405884,"Sigma":0.22463641150218583,"Taucorr":0.2911374297467467},"EnergyVariance":{"Mean":3.0840458236183266,"Sigma":0.8044482183379249,"Taucorr":0.24350023540241217},"Iteration":61},
{"Acceptance":[0.17222222222222222],"Energy":{"Mean":-4.7136433291001545,"Sigma":0.1568648055067452,"Taucorr":0.04614618229529566},"EnergyVariance":{"Mean":2.4602630268954093,"Sigma":1.090068802731475,"Taucorr":0.013575431742237631},"Iteration":62},
{"Acceptance":[0.14833333333333334],"Energy":{"Mean":-4.632361457658452,"Sigma":0.24703589324958547,"Taucorr":0.586756043043563},"EnergyVariance":{"Mean":3.0912284782625914,"Sigma":1.4761219689732845,"Taucorr":0.8174626775386391},"Iteration":63},
{"Acceptance":[0.1638888888888889],"Energy":{"Mean":-4.946411156669823,"Sigma":0.27149835825276875,"Taucorr":0.30584650982675143},"EnergyVariance":{"Mean":4.967795365631789,"Sigma":2.1352180441430995,"Taucorr":0.24563556612565918},"Iteration":64},
{"Acceptance":[0.1661111111111111],"Energy":{"Mean":-5.062375638141088,"Sigma":0.20673362192116485,"Taucorr":0.048338259422429086},"EnergyVariance":{"Mean":3.920439119463777,"Sigma":2.1724797625809615,"Taucorr":0.0642458197366983},"Iteration":65},
{"Acceptance":[0.17555555555555555],"Energy":{"Mean":-4.857287967933698,"Sigma":0.14367515488944765,"Taucorr":0.1791830422503724},"EnergyVariance":{"Mean":1.4647876798243527,"Sigma":0.5591275045813202,"Taucorr":0.34177059490347494},"Iteration":66},
{"Acceptance":[0.19055555555555556],"Energy":{"Mean":-5.007853978289589,"Sigma":0.13278676444783133,"Taucorr":0.2485789429465045},"EnergyVariance":{"Mean":1.1381273969705188,"Sigma":0.2583093779568319,"Taucorr":0.28619960939640254},"Iteration":67},
{"Acceptance":[0.15333333333333332],"Energy":{"Mean":-5.141169984040765,"Sigma":0.18706129738094243,"Taucorr":0.18956315061386042},"EnergyVariance":{"Mean":2.953834150876321,"Sigma":0.8297594365685058,"Taucorr":0.23408353701939866},"Iteration":68},
{"Acceptance":[0.16055555555555556],"Energy":{"Mean":-5.367250246826431,"Sigma":0.5117059889066735,"Taucorr":0.4929089543582681},"EnergyVariance":{"Mean":13.050766986808501,"Sigma":8.266999377311741,"Taucorr":0.416457186000202},"Iteration":69},
{"Acceptance":[0.17555555555555555],"Energy":{"Mean":-4.789580355851519,"Sigma":0.1951326423558418,"Taucorr":0.2788311712652457},"EnergyVariance":{"Mean":2.3406792509133174,"Sigma":0.7424645326593506,"Taucorr":0.2955865228232025},"Iteration":70},
{"Acceptance":[0.20666666666666667],"Energy":{"Mean":-5.120285477589743,"Sigma":0.19159070207426782,"Taucorr":0.1510678120807435},"EnergyVariance":{"Mean":3.427055735717248,"Sigma":1.0126121078514063,"Taucorr":0.012981765734631168},"Iteration":71},
{"Acceptance":[0.1811111111111111],"Energy":{"Mean":-5.299735671498698,"Sigma":0.23923425976539786,"Taucorr":0.661001903865531},"EnergyVariance":{"Mean":2.368322617013143,"Sigma":0.8166857897947377,"Taucorr":0.7037682919692003},"Iteration":72},
{"Acceptance":[0.17333333333333334],"Energy":{"Mean":-5.059959637321348,"Sigma":0.15244052389601415,"Taucorr":0.012876529855960661},"EnergyVariance":{"Mean":2.3329862885089727,"Sigma":0.8935082375921344,"Taucorr":0.6116854439756727},"Iteration":73},
{"Acceptance":[0.2011111111111111],"Energy":{"Mean":-5.491755123597445,"Sigma":0.40937756904844413,"Taucorr":-0.025633845638988406},"EnergyVariance":{"Mean":17.19894992346363,"Sigma":13.94979060543535,"Taucorr":0.03135466832654388},"Iteration":74},
{"Acceptance":[0.1811111111111111],"Energy":{"Mean":-5.553883042946109,"Sigma":0.4049799734150777,"Taucorr":0.029884000833485747},"EnergyVariance":{"Mean":15.498220568935345,"Sigma":9.05678325919999,"Taucorr":0.006707167975889328},"Iteration":75},
{"Acceptance":[0.18833333333333332],"Energy":{"Mean":-4.99871879072707,"Sigma":0.2537708079132447,"Taucorr":0.23863418493782296},"EnergyVariance":{"Mean":4.182665863696147,"Sigma":1.0304854455223091,"Taucorr":0.216945633712478},"Iteration":76},
{"Acceptance":[0.20666666666666667],"Energy":{"Mean":-4.867330305740212,"Sigma":0.3082680538146546,"Taucorr":0.11447090899062606},"EnergyVariance":{"Mean":8.089734816418598,"Sigma":3.7595331952856235,"Taucorr":0.029285029653838834},"Iteration":77},
{"Acceptance":[0.1811111111111111],"Energy":{"Mean":-5.499974447059505,"Sigma":0.195214405529943,"Taucorr":0.36285808866205216},"EnergyVariance":{"Mean":2.134726420598103,"Sigma":0.43059759553245047,"Taucorr":0.16866923718936333},"Iteration":78},
{"Acceptance":[0.17055555555555554],"Energy":{"Mean":-4.980503824258148,"Sigma":0.15657635958205102,"Taucorr":0.3394256803002287},"EnergyVariance":{"Mean":1.419692491679555,"Sigma":0.45809399001255713,"Taucorr":0.19520643071495425},"Iteration":79},
{"Acceptance":[0.2127777777777778],"Energy":{"Mean":-5.562469613355348,"Sigma":0.1910209665172654,"Taucorr":0.08154036202873749},"EnergyVariance":{"Mean":3.242257464227158,"Sigma":0.7143306353444704,"Taucorr":0.31326166475678363},"Iteration":80},
{"Acceptance":[0.18833333333333332],"Energy":{"Mean":-5.0134394890392215,"Sigma":0.14994145468587738,"Taucorr":-0.04976680478124562},"EnergyVariance":{"Mean":2.705035374081481,"Sigma":0.8045938998030114,"Taucorr":0.20558093415746426},"Iteration":81},
{"Acceptance":[0.21833333333333332],"Energy":{"Mean":-4.932417404279387,"Sigma":0.21240552186535008,"Taucorr":0.08634786898663704},"EnergyVariance":{"Mean":3.987529817439516,"Sigma":0.7059790259280554,"Taucorr":0.12799058432136368},"Iteration":82},
{"Acceptance":[0.19166666666666668],"Energy":{"Mean":-4.989485292537618,"Sigma":0.1384134041952616,"Taucorr":0.14200523675121113},"EnergyVariance":{"Mean":1.4416828802961155,"Sigma":0.33431459948169573,"Taucorr":0.07044079039404971},"Iteration":83},
{"Acceptance":[0.18055555555555555],"Energy":{"Mean":-5.085525717371621,"Sigma":0.12425724656502496,"Taucorr":-0.19714374289945968},"EnergyVariance":{"Mean":2.468696506659942,"Sigma":0.7092431873410769,"Taucorr":0.5079907512814501},"Iteration":84},
{"Acceptance":[0.2011111111111111],"Energy":{"Mean":-5.163929571506618,"Sigma":0.15230346873872533,"Taucorr":0.2981251343933592},"EnergyVariance":{"Mean":1.396508369864855,"Sigma":0.43710389904805086,"Taucorr":0.3721655097838521},"Iteration":85},
{"Acceptance":[0.1811111111111111],"Energy":{"Mean":-5.368788256510224,"Sigma":0.26021344432695886,"Taucorr":0.05480726181369577},"EnergyVariance":{"Mean":5.885382518443413,"Sigma":3.1873454646248494,"Taucorr":0.1880452854602075},"Iteration":86},
{"Acceptance":[0.19277777777777777],"Energy":{"Mean":-4.963821537383182,"Sigma":0.19684209802230593,"Taucorr":0.31072943903524397},"EnergyVariance":{"Mean":2.289705695221239,"Sigma":0.6046497055056591,"Taucorr":0.4572630155171522},"Iteration":87},
{"Acceptance":[0.20277777777777778],"Energy":{"Mean":-5.230566169888359,"Sigma":0.28411402420087917,"Taucorr":-0.0896764019316158},"EnergyVariance":{"Mean":9.645829303779108,"Sigma":6.357384291004951,"Taucorr":0.03868665216421996},"Iteration":88},
{"Acceptance":[0.19277777777777777],"Energy":{"Mean":-4.769058087798411,"Sigma":0.3133757538996782,"Taucorr":-0.06320034467664437},"EnergyVariance":{"Mean":11.081201446306956,"Sigma":7.796625254012171,"Taucorr":3.3618991500894424e-05},"Iteration":89},
{"Acceptance":[0.185],"Energy":{"Mean":-5.469825101757054,"Sigma":0.23001777692308745,"Taucorr":0.2240652953196003},"EnergyVariance":{"Mean":4.334408680507945,"Sigma":1.402777343683162,"Taucorr":0.5385971375441523},"Iteration":90},
{"Acceptance":[0.18666666666666668],"Energy":{"Mean":-4.973891136771746,"Sigma":0.24362897118425145,"Taucorr":0.03638866002032515},"EnergyVariance":{"Mean":5.890821798850475,"Sigma":3.4268769119740394,"Taucorr":0.06461823312427883},"Iteration":91},
{"Acceptance":[0.18055555555555555],"Energy":{"Mean":-4.876315817883866,"Sigma":0.2300365965777555,"Taucorr":0.4633822740464193},"EnergyVariance":{"Mean":3.0299058910260532,"Sigma":1.1732375648620854,"Taucorr":0.1888288475570924},"Iteration":92},
{"Acceptance":[0.19555555555555557],"Energy":{"Mean":-5.1899440232027905,"Sigma":0.22979221466767516,"Taucorr":0.42519876947136626},"EnergyVariance":{"Mean":2.804015347468614,"Sigma":0.38816798355758797,"Taucorr":-0.00817276960128871},"Iteration":93},
{"Acceptance":[0.18722222222222223],"Energy":{"Mean":-5.066827267085648,"Sigma":0.17450046307224173,"Taucorr":0.07477341398454385},"EnergyVariance":{"Mean":2.558162981124227,"Sigma":0.4545954143919437,"Taucorr":0.14880494701502134},"Iteration":94},
{"Acceptance":[0.18611111111111112],"Energy":{"Mean":-4.937955053611788,"Sigma":0.1616673539715498,"Taucorr":0.2510620865494084},"EnergyVariance":{"Mean":1.9669790448770925,"Sigma":0.5631822883191333,"Taucorr":0.08477114228794114},"Iteration":95},
{"Acceptance":[0.17944444444444443],"Energy":{"Mean":-5.438643805150109,"Sigma":0.19397778923511835,"Taucorr":0.20076602636724328},"EnergyVariance":{"Mean":2.6724686992627364,"Sigma":0.8836643839261716,"Taucorr":0.6449203499262883},"Iteration":96},
{"Acceptance":[0.18222222222222223],"Energy":{"Mean":-4.944929517068581,"Sigma":0.22442789497577684,"Taucorr":0.2648660071115454},"EnergyVariance":{"Mean":4.384555551483302,"Sigma":2.147583026598726,"Taucorr":0.4130121759626475},"Iteration":97},
{"Acceptance":[0.1811111111111111],"Energy":{"Mean":-5.105904426900385,"Sigma":0.1590567029647782,"Taucorr":0.076827115695414},"EnergyVariance":{"Mean":2.17007412657824,"Sigma":0.6042179503119347,"Taucorr":0.16590387270254348},"Iteration":98},
{"Acceptance":[0.20333333333333334],"Energy":{"Mean":-5.364601839383457,"Sigma":0.2137198120405431,"Taucorr":-0.0018604131244818745},"EnergyVariance":{"Mean":5.457608356491906,"Sigma":1.9504780329933893,"Taucorr":-0.052115837601649284},"Iteration":99} 
]}
{"input": {"L": 8, "J": 1, "machine": {"type": "FFNN", "model": ["tanh", 57, 4]}, "sampler": {"type": "MetropolisHop", "d_max": 5}, "optimizer": {"type": "AdaMax", "alpha": 0.001, "beta1": 0.9, "beta2": 0.999, "epscut": 1e-07}, "VMC": {"n_samples": 100, "discarded_samples": 100, "discarded_samples_on_init": 0, "target": "energy", "method": "Gd", "diag_shift": 0.01, "use_iterative": true, "use_cholesky": true}, "n_iter": 100}}
duration: -5.330552816390991