{"Output": [
{"Acceptance":[0.7605555555555555],"Energy":{"Mean":6.602889522393691,"Sigma":0.17472520589120588,"Taucorr":-0.1055958423876861},"EnergyVariance":{"Mean":4.067483514027929,"Sigma":0.39047750389132685,"Taucorr":-0.10807134873628449},"Iteration":0},
{"Acceptance":[0.6627777777777778],"Energy":{"Mean":5.820141866531296,"Sigma":0.37744111160045796,"Taucorr":0.4665468134912403},"EnergyVariance":{"Mean":8.181459864845612,"Sigma":1.195445061142344,"Taucorr":-0.03912367591423094},"Iteration":1},
{"Acceptance":[0.5044444444444445],"Energy":{"Mean":3.894270266611498,"Sigma":0.3768998411938644,"Taucorr":0.457212746998343},"EnergyVariance":{"Mean":9.332457605798762,"Sigma":1.3190334515507258,"Taucorr":0.13499277799829656},"Iteration":2},
{"Acceptance":[0.47055555555555556],"Energy":{"Mean":3.4684733204688376,"Sigma":0.34541325889206054,"Taucorr":0.2872288311193619},"EnergyVariance":{"Mean":11.312807791584254,"Sigma":1.5042664587490835,"Taucorr":0.053300785022563635},"Iteration":3},
{"Acceptance":[0.3844444444444444],"Energy":{"Mean":2.067579401570973,"Sigma":0.3656615804089153,"Taucorr":0.42715195591447863},"EnergyVariance":{"Mean":11.06971838473335,"Sigma":1.6205257235695762,"Taucorr":0.05899336024415791},"Iteration":4},
{"Acceptance":[0.33444444444444443],"Energy":{"Mean":1.3791062825070561,"Sigma":0.3542607571250121,"Taucorr":0.38757491426536583},"EnergyVariance":{"Mean":13.45423148130846,"Sigma":2.509020922231712,"Taucorr":0.028936109719895242},"Iteration":5},
{"Acceptance":[0.28055555555555556],"Energy":{"Mean":0.02338672675170428,"Sigma":0.32433496387700667,"Taucorr":0.44762728326255263},"EnergyVariance":{"Mean":10.017834961966718,"Sigma":1.5743881740538508,"Taucorr":0.16723370154805217},"Iteration":6},
{"Acceptance":[0.22611111111111112],"Energy":{"Mean":-1.2087651872202505,"Sigma":0.2786265960884112,"Taucorr":0.3853515315060638},"EnergyVariance":{"Mean":8.789993035925239,"Sigma":1.6071348179200382,"Taucorr":-0.04978753137561204},"Iteration":7},
{"Acceptance":[0.2311111111111111],"Energy":{"Mean":-1.3187317272125783,"Sigma":0.27831547770700105,"Taucorr":0.4228047122870541},"EnergyVariance":{"Mean":9.776534632820212,"Sigma":1.7797716692820242,"Taucorr":0.1630455829351357},"Iteration":8},
{"Acceptance":[0.16555555555555557],"Energy":{"Mean":-2.307891895380374,"Sigma":0.2567311171299918,"Taucorr":0.5569499692190085},"EnergyVariance":{"Mean":10.03075995128322,"Sigma":4.775639809998132,"Taucorr":0.224932842115254},"Iteration":9},
{"Acceptance":[0.1438888888888889],"Energy":{"Mean":-2.566184453973733,"Sigma":0.20261187819677856,"Taucorr":0.16843761918005662},"EnergyVariance":{"Mean":9.357248906106575,"Sigma":2.1675779595415414,"Taucorr":0.2031573020838866},"Iteration":10},
{"Acceptance":[0.12666666666666668],"Energy":{"Mean":-3.177862790439632,"Sigma":0.19096681991433745,"Taucorr":0.10837918733688878},"EnergyVariance":{"Mean":7.8820600774060505,"Sigma":2.9040204855407885,"Taucorr":0.4290747593380224},"Iteration":11},
{"Acceptance":[0.11666666666666667],"Energy":{"Mean":-3.4272631688810833,"Sigma":0.1644314167219163,"Taucorr":0.1384569124908852},"EnergyVariance":{"Mean":5.7760309368788745,"Sigma":2.2724893991682245,"Taucorr":0.15095185438667513},"Iteration":12},
{"Acceptance":[0.08722222222222223],"Energy":{"Mean":-3.606383867740003,"Sigma":0.23723772417182123,"Taucorr":0.20794937770452326},"EnergyVariance":{"Mean":9.249089529650906,"Sigma":2.980716102828021,"Taucorr":0.09433650478065603},"Iteration":13},
{"Acceptance":[0.10166666666666667],"Energy":{"Mean":-4.019977451558011,"Sigma":0.21212711697684092,"Taucorr":0.2636407673176625},"EnergyVariance":{"Mean":6.795659012254383,"Sigma":3.3937251561047446,"Taucorr":0.9391923656173677},"Iteration":14},
{"Acceptance":[0.09277777777777778],"Energy":{"Mean":-3.8687233852595178,"Sigma":0.2725407535762791,"Taucorr":0.2244580995146399},"EnergyVariance":{"Mean":7.442829624009786,"Sigma":2.6562773272192644,"Taucorr":0.1591939129151667},"Iteration":15},
{"Acceptance":[0.07944444444444444],"Energy":{"Mean":-3.9524826669009365,"Sigma":0.19343873310680337,"Taucorr":-0.08653210493669022},"EnergyVariance":{"Mean":8.633180884433086,"Sigma":4.923970548893256,"Taucorr":1.0105325792264717},"Iteration":16},
{"Acceptance":[0.06888888888888889],"Energy":{"Mean":-4.235760245265088,"Sigma":0.4414091989287614,"Taucorr":0.25920748105055536},"EnergyVariance":{"Mean":18.30416582724603,"Sigma":9.17125999838926,"Taucorr":0.010163656798305887},"Iteration":17},
{"Acceptance":[0.08722222222222223],"Energy":{"Mean":-3.85475486401274,"Sigma":0.29171781809130515,"Taucorr":0.17175109917416576},"EnergyVariance":{"Mean":8.825580624122573,"Sigma":3.987840361172267,"Taucorr":0.28539920869932234},"Iteration":18},
{"Acceptance":[0.07388888888888889],"Energy":{"Mean":-4.230589309268139,"Sigma":0.24511393582315646,"Taucorr":0.004085677449345959},"EnergyVariance":{"Mean":8.145786253300898,"Sigma":3.222483193694102,"Taucorr":-0.05140358576251025},"Iteration":19},
{"Acceptance":[0.04111111111111111],"Energy":{"Mean":-3.995729556898017,"Sigma":0.16591376038228414,"Taucorr":0.29371568932135805},"EnergyVariance":{"Mean":1.6925571001472868,"Sigma":0.995369025222072,"Taucorr":0.010997376379954682},"Iteration":20},
{"Acceptance":[0.07111111111111111],"Energy":{"Mean":-3.9630054434566553,"Sigma":0.2903493514571016,"Taucorr":0.351993238141342},"EnergyVariance":{"Mean":6.115104071888217,"Sigma":2.665918450713247,"Taucorr":0.1077843574374504},"Iteration":21},
{"Acceptance":[0.05555555555555555],"Energy":{"Mean":-3.9783997820259804,"Sigma":0.15127626356867493,"Taucorr":0.7294739365772775},"EnergyVariance":{"Mean":0.9299897622839792,"Sigma":0.24898126085897804,"Taucorr":0.22869877802037586},"Iteration":22},
{"Acceptance":[0.06555555555555556],"Energy":{"Mean":-4.2412839580064805,"Sigma":0.19395611761151235,"Taucorr":0.3713519474084147},"EnergyVariance":{"Mean":2.498288465811296,"Sigma":1.1439172967211688,"Taucorr":0.5276549245965201},"Iteration":23},
{"Acceptance":[0.07222222222222222],"Energy":{"Mean":-4.066913867501571,"Sigma":0.240949471751128,"Taucorr":0.5531216321179264},"EnergyVariance":{"Mean":4.2972699791989815,"Sigma":2.969942606539264,"Taucorr":0.11263614767718144},"Iteration":24},
{"Acceptance":[0.06111111111111111],"Energy":{"Mean":-4.281279762080371,"Sigma":0.22447243240016912,"Taucorr":-0.007512014605044304},"EnergyVariance":{"Mean":5.156170861805751,"Sigma":4.147503326677617,"Taucorr":0.0035753691048411307},"Iteration":25},
{"Acceptance":[0.049444444444444444],"Energy":{"Mean":-4.337046933657315,"Sigma":0.169468066296075,"Taucorr":0.17351952074905763},"EnergyVariance":{"Mean":2.696406397868716,"Sigma":1.3313039780799676,"Taucorr":0.3136473437485261},"Iteration":26},
{"Acceptance":[0.06555555555555556],"Energy":{"Mean":-4.361588711611083,"Sigma":0.09149901204731287,"Taucorr":0.2686619977588536},"EnergyVariance":{"Mean":0.5495312595726131,"Sigma":0.11584048193971307,"Taucorr":0.24018240867979102},"Iteration":27},
{"Acceptance":[0.07055555555555555],"Energy":{"Mean":-4.427898457601595,"Sigma":0.5764539866728781,"Taucorr":1.3499000341525156},"EnergyVariance":{"Mean":12.695011986219605,"Sigma":10.763048592892247,"Taucorr":1.39437498270651},"Iteration":28},
{"Acceptance":[0.0661111111111111],"Energy":{"Mean":-3.9729405815237477,"Sigma":0.1378049904786146,"Taucorr":0.07088448518062096},"EnergyVariance":{"Mean":1.855096826103898,"Sigma":0.7413316226906774,"Taucorr":0.14161939167700965},"Iteration":29},
{"Acceptance":[0.06888888888888889],"Energy":{"Mean":-4.090614560170447,"Sigma":0.09079870865117838,"Taucorr":0.2277435180423114},"EnergyVariance":{"Mean":0.558603349189228,"Sigma":0.1628133359854934,"Taucorr":0.17324326553975022},"Iteration":30},
{"Acceptance":[0.08833333333333333],"Energy":{"Mean":-4.094317924848894,"Sigma":0.19748426538789396,"Taucorr":0.5296196196322063},"EnergyVariance":{"Mean":2.371901217794247,"Sigma":1.1026190345078517,"Taucorr":0.6864974145400999},"Iteration":31},
{"Acceptance":[0.07555555555555556],"Energy":{"Mean":-4.3037514498703535,"Sigma":0.12043964908227589,"Taucorr":0.8608892591469783},"EnergyVariance":{"Mean":0.5143290006852539,"Sigma":0.18735222094089318,"Taucorr":0.8082148421600972},"Iteration":32},
{"Acceptance":[0.08277777777777778],"Energy":{"Mean":-4.437379916013175,"Sigma":0.18677822972763305,"Taucorr":-0.01468099121384736},"EnergyVariance":{"Mean":4.419244868833057,"Sigma":3.198326640048158,"Taucorr":0.03421397971286999},"Iteration":33},
{"Acceptance":[0.0811111111111111],"Energy":{"Mean":-4.7144152541815325,"Sigma":0.32699424850791076,"Taucorr":-0.09128589127857317},"EnergyVariance":{"Mean":13.143880885340803,"Sigma":11.149076725098636,"Taucorr":0.006465486122277375},"Iteration":34},
{"Acceptance":[0.07333333333333333],"Energy":{"Mean":-4.126493526980837,"Sigma":0.14414432172418906,"Taucorr":0.22839627470351143},"EnergyVariance":{"Mean":1.644233012422723,"Sigma":0.48505421452189323,"Taucorr":0.14226835704154905},"Iteration":35},
{"Acceptance":[0.07888888888888888],"Energy":{"Mean":-4.675995656269348,"Sigma":0.2510027120036552,"Taucorr":0.6214305940528122},"EnergyVariance":{"Mean":3.806396059837731,"Sigma":1.053899034793222,"Taucorr":0.48666735011666895},"Iteration":36},
{"Acceptance":[0.09444444444444444],"Energy":{"Mean":-4.17973124258128,"Sigma":0.1752775523970161,"Taucorr":-0.04707310645266927},"EnergyVariance":{"Mean":7.014608034712435,"Sigma":4.676607410905554,"Taucorr":0.054622021361665385},"Iteration":37},
{"Acceptance":[0.0811111111111111],"Energy":{"Mean":-4.542391476582187,"Sigma":0.10823005256742209,"Taucorr":0.12033353599053465},"EnergyVariance":{"Mean":1.104075574713004,"Sigma":0.37866586754814746,"Taucorr":0.05400771901229817},"Iteration":38},
{"Acceptance":[0.10333333333333333],"Energy":{"Mean":-4.481743294000612,"Sigma":0.2641434443198693,"Taucorr":0.07940418954301143},"EnergyVariance":{"Mean":10.007717201760242,"Sigma":5.444447133286082,"Taucorr":-0.0244860355609256},"Iteration":39},
{"Acceptance":[0.09277777777777778],"Energy":{"Mean":-4.446832584939442,"Sigma":0.14117401883212943,"Taucorr":0.4983632728156101},"EnergyVariance":{"Mean":1.0638784443543934,"Sigma":0.4621487757333648,"Taucorr":0.468483361100288},"Iteration":40},
{"Acceptance":[0.09555555555555556],"Energy":{"Mean":-4.892018779918965,"Sigma":0.27853730768738,"Taucorr":-0.03198725238432604},"EnergyVariance":{"Mean":9.246059101930094,"Sigma":5.012637882195018,"Taucorr":0.010688352336921003},"Iteration":41},
{"Acceptance":[0.09944444444444445],"Energy":{"Mean":-5.139353044135068,"Sigma":0.4089552650539301,"Taucorr":-0.07930867524158924},"EnergyVariance":{"Mean":19.83855789099801,"Sigma":11.890876603428275,"Taucorr":-0.0006785046010775453},"Iteration":42},
{"Acceptance":[0.10555555555555556],"Energy":{"Mean":-4.467667039150175,"Sigma":0.20679911532731418,"Taucorr":0.7505328346604594},"EnergyVariance":{"Mean":1.6760823374779092,"Sigma":0.47552520608387555,"Taucorr":0.7456943358617361},"Iteration":43},
{"Acceptance":[0.10611111111111111],"Energy":{"Mean":-4.844706469762474,"Sigma":0.22724423486226747,"Taucorr":0.9773289512892946},"EnergyVariance":{"Mean":1.7046998083890452,"Sigma":0.5272448805206267,"Taucorr":0.9473446406931938},"Iteration":44},
{"Acceptance":[0.09555555555555556],"Energy":{"Mean":-4.298839735378116,"Sigma":0.2409253057232835,"Taucorr":0.5939135252420791},"EnergyVariance":{"Mean":2.57605800817283,"Sigma":0.5972461034813474,"Taucorr":0.21175990594782756},"Iteration":45},
{"Acceptance":[0.11222222222222222],"Energy":{"Mean":-4.102173430578337,"Sigma":0.320319593237365,"Taucorr":0.459492142227789},"EnergyVariance":{"Mean":10.799239849023136,"Sigma":8.027098659648257,"Taucorr":0.5076235453040292},"Iteration":46},
{"Acceptance":[0.10111111111111111],"Energy":{"Mean":-4.324984644932512,"Sigma":0.2577992866200673,"Taucorr":0.8640857380930134},"EnergyVariance":{"Mean":5.251724190693482,"Sigma":4.280196402574926,"Taucorr":0.03940091334569673},"Iteration":47},
{"Acceptance":[0.105],"Energy":{"Mean":-4.995702853953077,"Sigma":0.21877846429704312,"Taucorr":0.3288013025784804},"EnergyVariance":{"Mean":2.8273853444506836,"Sigma":0.6950147123056553,"Taucorr":0.29190338113718917},"Iteration":48},
{"Acceptance":[0.09333333333333334],"Energy":{"Mean":-4.3750549070994085,"Sigma":0.18605635870425502,"Taucorr":0.3553540181028859},"EnergyVariance":{"Mean":1.9440608805603317,"Sigma":0.5202600643136602,"Taucorr":0.3392146049343704},"Iteration":49},
{"Acceptance":[0.10111111111111111],"Energy":{"Mean":-5.057012003721439,"Sigma":0.29467183980116174,"Taucorr":0.7332827879722175},"EnergyVariance":{"Mean":3.4126817841792265,"Sigma":0.695002609463721,"Taucorr":0.4273481915774401},"Iteration":50},
{"Acceptance":[0.09555555555555556],"Energy":{"Mean":-4.500861129482339,"Sigma":0.15578722273948753,"Taucorr":-0.050572721723506575},"EnergyVariance":{"Mean":6.846515719195902,"Sigma":4.854221325288506,"Taucorr":0.028840963603219416},"Iteration":51},
{"Acceptance":[0.10111111111111111],"Energy":{"Mean":-4.79720713190715,"Sigma":0.1952973734781145,"Taucorr":0.40396345940095546},"EnergyVariance":{"Mean":2.035464926301511,"Sigma":0.43859213012857645,"Taucorr":0.14737979275645685},"Iteration":52},
{"Acceptance":[0.10222222222222223],"Energy":{"Mean":-4.829633255209321,"Sigma":0.13852614321200715,"Taucorr":-0.1212037042169739},"EnergyVariance":{"Mean":2.512312078868541,"Sigma":0.7100198880265812,"Taucorr":0.28130532252350826},"Iteration":53},
{"Acceptance":[0.10333333333333333],"Energy":{"Mean":-4.650439265978865,"Sigma":0.2455447661104649,"Taucorr":0.6322606080140745},"EnergyVariance":{"Mean":2.6061191790195304,"Sigma":0.7259631790222785,"Taucorr":0.478630040495325},"Iteration":54},
{"Acceptance":[0.11055555555555556],"Energy":{"Mean":-5.017805783665071,"Sigma":0.2403357843867395,"Taucorr":0.39505993560283126},"EnergyVariance":{"Mean":3.2608341077819047,"Sigma":0.4678900431706891,"Taucorr":0.23953622838074584},"Iteration":55},
{"Acceptance":[0.10888888888888888],"Energy":{"Mean":-5.049947674045362,"Sigma":0.23387464223931692,"Taucorr":-0.1295650383603798},"EnergyVariance":{"Mean":7.888380026648891,"Sigma":4.7043950862383745,"Taucorr":0.016905129825426135},"Iteration":56},
{"Acceptance":[0.12333333333333334],"Energy":{"Mean":-5.470955025609742,"Sigma":0.21310803837178,"Taucorr":0.2368208107516564},"EnergyVariance":{"Mean":6.685112080493877,"Sigma":3.857192417930508,"Taucorr":0.022853381787201088},"Iteration":57},
{"Acceptance":[0.115],"Energy":{"Mean":-4.817565329654283,"Sigma":0.2999677234371893,"Taucorr":0.7119657467368443},"EnergyVariance":{"Mean":3.5645197173201826,"Sigma":0.6686977149066741,"Taucorr":0.5526305125878401},"Iteration":58},
{"Acceptance":[0.10888888888888888],"Energy":{"Mean":-5.209730872773984,"Sigma":0.4784138773215953,"Taucorr":0.14197984224300286},"EnergyVariance":{"Mean":17.357054021072166,"Sigma":14.088372554414667,"Taucorr":0.005553089825972912},"Iteration":59},
{"Acceptance":[0.1322222222222222],"Energy":{"Mean":-5.029655713358225,"Sigma":0.20763369378526902,"Taucorr":0.2352464614651104},"EnergyVariance":{"Mean":10.276896785872232,"Sigma":7.509718265461838,"Taucorr":0.5085329795239928},"Iteration":60},
{"Acceptance":[0.13277777777777777],"Energy":{"Mean":-5.039672190875625,"Sigma":0.17363487745353876,"Taucorr":0.16809658951283202},"EnergyVariance":{"Mean":2.2070437790599993,"Sigma":0.43192946225479006,"Taucorr":0.1821925465709342},"Iteration":61},
{"Acceptance":[0.145],"Energy":{"Mean":-5.230916566094319,"Sigma":0.26646480547391005,"Taucorr":0.3871188322110092},"EnergyVariance":{"Mean":3.859141240287733,"Sigma":0.47668740362781054,"Taucorr":0.18424192612635382},"Iteration":62},
{"Acceptance":[0.1288888888888889],"Energy":{"Mean":-5.62152012497566,"Sigma":0.250771382405309,"Taucorr":0.4341221978579882},"EnergyVariance":{"Mean":3.2480472891641816,"Sigma":0.7016947166150117,"Taucorr":0.7097304786392942},"Iteration":63},
{"Acceptance":[0.13722222222222222],"Energy":{"Mean":-5.506813471637855,"Sigma":0.21496011518325397,"Taucorr":0.16067525451417763},"EnergyVariance":{"Mean":7.081135337232389,"Sigma":3.9601330141067623,"Taucorr":0.013121578397509603},"Iteration":64},
{"Acceptance":[0.14833333333333334],"Energy":{"Mean":-5.254364625521359,"Sigma":0.26825386519988226,"Taucorr":0.45854886589247723},"EnergyVariance":{"Mean":3.61612614937891,"Sigma":0.5904428768301909,"Taucorr":0.17275718844718269},"Iteration":65},
{"Acceptance":[0.1622222222222222],"Energy":{"Mean":-6.146712994219388,"Sigma":0.2604451269386959,"Taucorr":0.14454441392354467},"EnergyVariance":{"Mean":5.018534604227107,"Sigma":0.864549573781913,"Taucorr":0.1500355696511515},"Iteration":66},
{"Acceptance":[0.14277777777777778],"Energy":{"Mean":-6.054750671363001,"Sigma":0.22415330238143102,"Taucorr":0.17052043834877473},"EnergyVariance":{"Mean":7.123654893312417,"Sigma":3.4816551485300526,"Taucorr":-0.011971474861487252},"Iteration":67},
{"Acceptance":[0.14722222222222223],"Energy":{"Mean":-6.327950734360991,"Sigma":0.28855626562936976,"Taucorr":0.37777562998380654},"EnergyVariance":{"Mean":4.634328528901396,"Sigma":0.6670481882378436,"Taucorr":-0.011158256815429812},"Iteration":68},
{"Acceptance":[0.15944444444444444],"Energy":{"Mean":-5.905931416922184,"Sigma":0.2630830608512435,"Taucorr":0.21339551803397816},"EnergyVariance":{"Mean":12.233914812144413,"Sigma":5.3030364615170145,"Taucorr":-6.22543681902954e-05},"Iteration":69},
{"Acceptance":[0.14555555555555555],"Energy":{"Mean":-6.1834735276714214,"Sigma":0.21325762367218581,"Taucorr":0.3713947891449981},"EnergyVariance":{"Mean":2.4939388892231378,"Sigma":0.32640956375416613,"Taucorr":0.09922980959223826},"Iteration":70},
{"Acceptance":[0.14333333333333334],"Energy":{"Mean":-6.6194822874401655,"Sigma":0.20465435464958537,"Taucorr":0.2843323179314149},"EnergyVariance":{"Mean":2.562630998227101,"Sigma":0.38481054471280246,"Taucorr":0.40973575859357636},"Iteration":71},
{"Acceptance":[0.14722222222222223],"Energy":{"Mean":-6.068974653127426,"Sigma":0.2841522298560732,"Taucorr":0.29560244554381077},"EnergyVariance":{"Mean":4.907341949165278,"Sigma":1.1362528364480342,"Taucorr":0.3267563871781428},"Iteration":72},
{"Acceptance":[0.1322222222222222],"Energy":{"Mean":-6.470293817672172,"Sigma":0.39564954704441563,"Taucorr":-0.043293734428949515},"EnergyVariance":{"Mean":17.343422299987633,"Sigma":13.323691138878818,"Taucorr":0.0033757695642462338},"Iteration":73},
{"Acceptance":[0.12777777777777777],"Energy":{"Mean":-6.79186914537682,"Sigma":0.24358475637148175,"Taucorr":0.30907405025757084},"EnergyVariance":{"Mean":3.4931136614098763,"Sigma":0.8545398475749549,"Taucorr":0.09775593345623557},"Iteration":74},
{"Acceptance":[0.1111111111111111],"Energy":{"Mean":-7.090049905423942,"Sigma":0.24252155973448788,"Taucorr":0.34193780372018323},"EnergyVariance":{"Mean":3.3593120203224456,"Sigma":0.6084361758258493,"Taucorr":0.4292437056682713},"Iteration":75},
{"Acceptance":[0.1],"Energy":{"Mean":-7.005383415337849,"Sigma":0.24729428403842862,"Taucorr":0.6391191336348898},"EnergyVariance":{"Mean":2.576653129914339,"Sigma":0.4456742196336739,"Taucorr":0.33689586617336487},"Iteration":76},
{"Acceptance":[0.08722222222222223],"Energy":{"Mean":-6.6714399276698435,"Sigma":0.34873491055105643,"Taucorr":0.4502415076117483},"EnergyVariance":{"Mean":6.489309560507021,"Sigma":2.0873663450933484,"Taucorr":0.0393445958899602},"Iteration":77},
{"Acceptance":[0.10444444444444445],"Energy":{"Mean":-7.366458912017274,"Sigma":0.23634166342618596,"Taucorr":0.08675680464296265},"EnergyVariance":{"Mean":4.724227942826237,"Sigma":2.9499104883316347,"Taucorr":0.12433715200085715},"Iteration":78},
{"Acceptance":[0.09388888888888888],"Energy":{"Mean":-7.219450919799172,"Sigma":0.20463325459766987,"Taucorr":0.29544802418731786},"EnergyVariance":{"Mean":11.396703950940969,"Sigma":9.007981980823363,"Taucorr":0.504287538597356},"Iteration":79},
{"Acceptance":[0.08777777777777777],"Energy":{"Mean":-7.18320303519531,"Sigma":0.19710413824621323,"Taucorr":0.2948698423682583},"EnergyVariance":{"Mean":2.334183755474871,"Sigma":0.38294579241066784,"Taucorr":0.03229170170243745},"Iteration":80},
{"Acceptance":[0.06722222222222222],"Energy":{"Mean":-7.330397699651682,"Sigma":0.22308285462404456,"Taucorr":0.534098716314189},"EnergyVariance":{"Mean":2.2901338679677377,"Sigma":0.44720896342635774,"Taucorr":0.5633902116060012},"Iteration":81},
{"Acceptance":[0.08333333333333333],"Energy":{"Mean":-8.360618207551633,"Sigma":1.1982361105130481,"Taucorr":0.39613380826070066},"EnergyVariance":{"Mean":82.09681448098556,"Sigma":72.71531471781559,"Taucorr":0.5219069647042329},"Iteration":82},
{"Acceptance":[0.08444444444444445],"Energy":{"Mean":-6.56099000789069,"Sigma":0.3634638461225232,"Taucorr":0.3557702035261472},"EnergyVariance":{"Mean":8.279226663001147,"Sigma":3.6498301515837714,"Taucorr":0.00889903559868821},"Iteration":83},
{"Acceptance":[0.06055555555555556],"Energy":{"Mean":-7.71726178709071,"Sigma":0.21271167960165072,"Taucorr":0.5296068648899852},"EnergyVariance":{"Mean":2.1118414413866415,"Sigma":0.5123575424395018,"Taucorr":0.5935284546887287},"Iteration":84},
{"Acceptance":[0.06555555555555556],"Energy":{"Mean":-7.069168779845851,"Sigma":0.24767737740842535,"Taucorr":0.7396576293216632},"EnergyVariance":{"Mean":2.3646103794269373,"Sigma":0.4413059294286579,"Taucorr":0.24245464146832085},"Iteration":85},
{"Acceptance":[0.05555555555555555],"Energy":{"Mean":-7.452709399124593,"Sigma":0.2027911363811202,"Taucorr":0.2980627856939765},"EnergyVariance":{"Mean":2.460388733079254,"Sigma":0.47423574144326003,"Taucorr":0.16368488000039316},"Iteration":86},
{"Acceptance":[0.06555555555555556],"Energy":{"Mean":-7.1455553208202325,"Sigma":0.22216277936555967,"Taucorr":0.5729337457223358},"EnergyVariance":{"Mean":2.1992843428600684,"Sigma":0.4664539204470338,"Taucorr":0.5042542832303318},"Iteration":87},
{"Acceptance":[0.057777777777777775],"Energy":{"Mean":-7.655127385922123,"Sigma":0.2364244579431669,"Taucorr":0.36188339131919267},"EnergyVariance":{"Mean":3.1308916574585726,"Sigma":0.9040717312017414,"Taucorr":0.1976386779795175},"Iteration":88},
{"Acceptance":[0.058333333333333334],"Energy":{"Mean":-6.668283820599918,"Sigma":0.6640391295398405,"Taucorr":1.001135112131657},"EnergyVariance":{"Mean":32.71507146695111,"Sigma":20.289876575164495,"Taucorr":0.9980037808444708},"Iteration":89},
{"Acceptance":[0.06222222222222222],"Energy":{"Mean":-7.58159677487776,"Sigma":0.19026659408549335,"Taucorr":0.3556540895681294},"EnergyVariance":{"Mean":2.0229319446061176,"Sigma":0.4343146881282128,"Taucorr":0.17178857262259506},"Iteration":90},
{"Acceptance":[0.05722222222222222],"Energy":{"Mean":-7.567161727541216,"Sigma":0.3650656260582427,"Taucorr":-0.10606881403122354},"EnergyVariance":{"Mean":17.0107917811987,"Sigma":14.414155159577062,"Taucorr":0.017720451745646182},"Iteration":91},
{"Acceptance":[0.042222222222222223],"Energy":{"Mean":-8.059610481427095,"Sigma":0.38862648105846426,"Taucorr":-0.04809942656159677},"EnergyVariance":{"Mean":38.80528683492395,"Sigma":35.03209714763804,"Taucorr":0.0063134760079097685},"Iteration":92},
{"Acceptance":[0.051111111111111114],"Energy":{"Mean":-8.220640945109697,"Sigma":0.40847618813847936,"Taucorr":0.8393954400023376},"EnergyVariance":{"Mean":6.101913735862528,"Sigma":2.0510186126813825,"Taucorr":0.39366168893372755},"Iteration":93},
{"Acceptance":[0.04833333333333333],"Energy":{"Mean":-7.746322785741394,"Sigma":0.1797139297248671,"Taucorr":0.08156583581014032},"EnergyVariance":{"Mean":14.77857159644769,"Sigma":9.29259930165836,"Taucorr":0.00045774435996326357},"Iteration":94},
{"Acceptance":[0.058888888888888886],"Energy":{"Mean":-7.517624100538129,"Sigma":0.2232830716274532,"Taucorr":0.6725254850073004},"EnergyVariance":{"Mean":7.838885855088863,"Sigma":5.82672835404821,"Taucorr":-0.00023388608704677516},"Iteration":95},
{"Acceptance":[0.049444444444444444],"Energy":{"Mean":-7.762733912626277,"Sigma":0.17258199940436117,"Taucorr":0.6881807669788911},"EnergyVariance":{"Mean":1.1911805023781548,"Sigma":0.36140541393752235,"Taucorr":0.4766759513449763},"Iteration":96},
{"Acceptance":[0.05],"Energy":{"Mean":-7.436048835843597,"Sigma":0.2212712158215122,"Taucorr":0.0827968276647435},"EnergyVariance":{"Mean":4.1149965437487674,"Sigma":1.1625542578373258,"Taucorr":0.34375577267700397},"Iteration":97},
{"Acceptance":[0.04555555555555556],"Energy":{"Mean":-7.487698018935111,"Sigma":0.24919838399650945,"Taucorr":0.8209007481335808},"EnergyVariance":{"Mean":14.614934701048089,"Sigma":13.071380828817235,"Taucorr":0.5101386904512617},"Iteration":98},
{"Acceptance":[0.03611111111111111],"Energy":{"Mean":-8.967593188348028,"Sigma":0.8703754983006151,"Taucorr":0.4799007063736781},"EnergyVariance":{"Mean":38.07126322443591,"Sigma":33.25523713386957,"Taucorr":0.5058261104002018},"Iteration":99} 
]}
{"input": {"L": 8, "J": 1, "machine": {"type": "FFNN", "model": ["tanh", 62, 3]}, "sampler": {"type": "MetropolisHop", "d_max": 5}, "optimizer": {"type": "AdaMax", "alpha": 0.001, "beta1": 0.9, "beta2": 0.999, "epscut": 1e-07}, "VMC": {"n_samples": 100, "discarded_samples": 100, "discarded_samples_on_init": 0, "target": "energy", "method": "Gd", "diag_shift": 0.01, "use_iterative": true, "use_cholesky": true}, "n_iter": 100}}
duration: -2.325421094894409