{"Output": [
{"Acceptance":[0.8894117647058823],"Energy":{"Mean":13.778642995020126,"Sigma":0.31716432929597144,"Taucorr":0.1940477546108399},"EnergyVariance":{"Mean":7.320191991771982,"Sigma":0.8637409608573575,"Taucorr":0.0039872913903578056},"Iteration":0},
{"Acceptance":[0.8423529411764706],"Energy":{"Mean":13.13797405813284,"Sigma":0.3100194028932623,"Taucorr":0.057030804532010815},"EnergyVariance":{"Mean":9.071003148715503,"Sigma":1.0610214845019,"Taucorr":-0.021311103600597125},"Iteration":1},
{"Acceptance":[0.8020588235294117],"Energy":{"Mean":13.09641737722152,"Sigma":0.29971822000297926,"Taucorr":0.061329829785264245},"EnergyVariance":{"Mean":9.093071257293015,"Sigma":1.0537158206664674,"Taucorr":0.06561555401159236},"Iteration":2},
{"Acceptance":[0.7829411764705883],"Energy":{"Mean":13.170990926295573,"Sigma":0.32982163516511614,"Taucorr":0.08476783103971497},"EnergyVariance":{"Mean":10.946534937589377,"Sigma":1.623483156661374,"Taucorr":0.1913855123458661},"Iteration":3},
{"Acceptance":[0.7564705882352941],"Energy":{"Mean":12.449543885500832,"Sigma":0.35076292795656094,"Taucorr":0.18252764986169756},"EnergyVariance":{"Mean":10.972281769890582,"Sigma":1.363103389298748,"Taucorr":0.1187315730319577},"Iteration":4},
{"Acceptance":[0.7114705882352941],"Energy":{"Mean":11.105056121544497,"Sigma":0.2847043014961042,"Taucorr":-0.04346801570398695},"EnergyVariance":{"Mean":12.82530769378345,"Sigma":1.6182365865399628,"Taucorr":0.12515107784769886},"Iteration":5},
{"Acceptance":[0.6829411764705883],"Energy":{"Mean":10.699922853294881,"Sigma":0.31171013714925916,"Taucorr":0.15879030409876616},"EnergyVariance":{"Mean":10.883614136047557,"Sigma":1.0637682626408558,"Taucorr":-0.06821403803729664},"Iteration":6},
{"Acceptance":[0.6652941176470588],"Energy":{"Mean":10.3263475803625,"Sigma":0.38943419636167736,"Taucorr":0.3970626669110744},"EnergyVariance":{"Mean":12.914218916032937,"Sigma":1.7602389744426647,"Taucorr":0.3102128445236896},"Iteration":7},
{"Acceptance":[0.6414705882352941],"Energy":{"Mean":9.877454494533294,"Sigma":0.36099973093504734,"Taucorr":0.3986180741613655},"EnergyVariance":{"Mean":12.981967861689029,"Sigma":1.8741083045339981,"Taucorr":0.2905973041629617},"Iteration":8},
{"Acceptance":[0.6202941176470588],"Energy":{"Mean":9.293752664310587,"Sigma":0.31446803171153703,"Taucorr":0.04242761432084652},"EnergyVariance":{"Mean":14.71576248228888,"Sigma":1.2954506925891278,"Taucorr":-0.21425366621327924},"Iteration":9},
{"Acceptance":[0.6047058823529412],"Energy":{"Mean":7.921010512501556,"Sigma":0.37762311345234395,"Taucorr":0.19495327197031498},"EnergyVariance":{"Mean":17.08285410768521,"Sigma":1.9180726985478587,"Taucorr":0.037893130217624194},"Iteration":10},
{"Acceptance":[0.576764705882353],"Energy":{"Mean":7.568941447237672,"Sigma":0.38369483870526483,"Taucorr":0.24351167487602132},"EnergyVariance":{"Mean":17.15072101914751,"Sigma":1.7207531472485174,"Taucorr":-0.009642100235387474},"Iteration":11},
{"Acceptance":[0.5570588235294117],"Energy":{"Mean":6.857646762366158,"Sigma":0.3960404888816574,"Taucorr":0.23807484351055386},"EnergyVariance":{"Mean":20.970880347090926,"Sigma":3.5292312205502396,"Taucorr":0.4128959498683009},"Iteration":12},
{"Acceptance":[0.5329411764705883],"Energy":{"Mean":6.4830263361115055,"Sigma":0.3503796898051997,"Taucorr":0.34627012555947045},"EnergyVariance":{"Mean":18.88336760480482,"Sigma":2.4573850557245884,"Taucorr":0.22913563049588093},"Iteration":13},
{"Acceptance":[0.5179411764705882],"Energy":{"Mean":5.743691350385751,"Sigma":0.33576785872260145,"Taucorr":0.07338709508945618},"EnergyVariance":{"Mean":23.215976975759094,"Sigma":3.115750380176535,"Taucorr":0.044815194513042056},"Iteration":14},
{"Acceptance":[0.5029411764705882],"Energy":{"Mean":5.37706453196572,"Sigma":0.2922460445737927,"Taucorr":-0.02597419638205345},"EnergyVariance":{"Mean":21.808268889256937,"Sigma":2.2392231359602626,"Taucorr":-0.0981835822217294},"Iteration":15},
{"Acceptance":[0.47441176470588237],"Energy":{"Mean":4.526512795118098,"Sigma":0.3853118510574597,"Taucorr":0.3941087736807688},"EnergyVariance":{"Mean":19.456305220392224,"Sigma":1.963366458913649,"Taucorr":-0.1097356958786515},"Iteration":16},
{"Acceptance":[0.44882352941176473],"Energy":{"Mean":3.0196189537169933,"Sigma":0.3058171374076601,"Taucorr":0.10185984850007168},"EnergyVariance":{"Mean":17.49480346937727,"Sigma":2.6705699843398576,"Taucorr":0.09085206157033443},"Iteration":17},
{"Acceptance":[0.46558823529411764],"Energy":{"Mean":3.2255582212894525,"Sigma":0.4163998666048355,"Taucorr":0.3549253640290835},"EnergyVariance":{"Mean":22.763762879987905,"Sigma":2.5184080596273066,"Taucorr":0.057454645028366724},"Iteration":18},
{"Acceptance":[0.4211764705882353],"Energy":{"Mean":1.4596058999124306,"Sigma":0.4209495067102682,"Taucorr":0.33172693632240546},"EnergyVariance":{"Mean":19.713773104461826,"Sigma":2.0483982698108645,"Taucorr":0.22120827536416698},"Iteration":19},
{"Acceptance":[0.42058823529411765],"Energy":{"Mean":1.766388078265487,"Sigma":0.38566011457035687,"Taucorr":0.292111272569778},"EnergyVariance":{"Mean":19.232727160376168,"Sigma":2.2532878690947746,"Taucorr":0.08421351417345857},"Iteration":20},
{"Acceptance":[0.3938235294117647],"Energy":{"Mean":0.4105230543757495,"Sigma":0.27244834446028626,"Taucorr":0.11831241976494355},"EnergyVariance":{"Mean":17.609452197115463,"Sigma":2.3537987782892102,"Taucorr":0.09220605863447007},"Iteration":21},
{"Acceptance":[0.40647058823529414],"Energy":{"Mean":0.6177666976529712,"Sigma":0.3726085668119695,"Taucorr":0.28769487428434526},"EnergyVariance":{"Mean":21.97273520867601,"Sigma":2.4557995192630067,"Taucorr":-0.13090723515813651},"Iteration":22},
{"Acceptance":[0.37588235294117645],"Energy":{"Mean":-1.0783195914372883,"Sigma":0.3280409384150933,"Taucorr":0.11917538048028953},"EnergyVariance":{"Mean":17.291768749857773,"Sigma":1.8243288042617096,"Taucorr":-0.09856959898793927},"Iteration":23},
{"Acceptance":[0.3679411764705882],"Energy":{"Mean":-1.045610732271639,"Sigma":0.3119934643338426,"Taucorr":0.06095406552968419},"EnergyVariance":{"Mean":18.892173807358507,"Sigma":1.9152971487524,"Taucorr":-0.07579134222868539},"Iteration":24},
{"Acceptance":[0.3547058823529412],"Energy":{"Mean":-0.8555505441104728,"Sigma":0.35966856206724734,"Taucorr":0.1936102564901364},"EnergyVariance":{"Mean":19.562360793566405,"Sigma":3.305637064033664,"Taucorr":0.4004960454494868},"Iteration":25},
{"Acceptance":[0.3558823529411765],"Energy":{"Mean":-1.794384073518052,"Sigma":0.42070630609069093,"Taucorr":0.5044958937584558},"EnergyVariance":{"Mean":21.106473094493722,"Sigma":3.067476592999387,"Taucorr":0.20979989980077074},"Iteration":26},
{"Acceptance":[0.34823529411764703],"Energy":{"Mean":-1.761958476022364,"Sigma":0.4079225673514333,"Taucorr":0.3631711569866459},"EnergyVariance":{"Mean":30.79512394731421,"Sigma":6.404001231806931,"Taucorr":0.490605937287906},"Iteration":27},
{"Acceptance":[0.3291176470588235],"Energy":{"Mean":-3.0176314176619727,"Sigma":0.3817424044370519,"Taucorr":0.2972533201076478},"EnergyVariance":{"Mean":20.416494103255097,"Sigma":2.595690263590559,"Taucorr":0.1367665673489331},"Iteration":28},
{"Acceptance":[0.31411764705882356],"Energy":{"Mean":-3.7328339842546536,"Sigma":0.37403862563984397,"Taucorr":0.2944099127792208},"EnergyVariance":{"Mean":15.82626341696476,"Sigma":1.6007666526131044,"Taucorr":-0.11974790221703352},"Iteration":29},
{"Acceptance":[0.30911764705882355],"Energy":{"Mean":-3.8872885664550285,"Sigma":0.26570833098005553,"Taucorr":-0.06278210271598561},"EnergyVariance":{"Mean":25.85210699504835,"Sigma":7.472267374062695,"Taucorr":0.04428776308902038},"Iteration":30},
{"Acceptance":[0.2923529411764706],"Energy":{"Mean":-4.905953823985994,"Sigma":0.3130554526773986,"Taucorr":0.12957402096718207},"EnergyVariance":{"Mean":21.121721003014088,"Sigma":3.22024768285294,"Taucorr":0.16752562637913648},"Iteration":31},
{"Acceptance":[0.3058823529411765],"Energy":{"Mean":-4.778401699243935,"Sigma":0.3627959405936289,"Taucorr":0.2622064632969747},"EnergyVariance":{"Mean":24.784389394112065,"Sigma":4.777295328634423,"Taucorr":0.6365134717249346},"Iteration":32},
{"Acceptance":[0.3035294117647059],"Energy":{"Mean":-6.211096861500423,"Sigma":0.3698505401499047,"Taucorr":0.24898293222456935},"EnergyVariance":{"Mean":21.724451778512147,"Sigma":3.37511891242215,"Taucorr":0.17278954711934924},"Iteration":33},
{"Acceptance":[0.25823529411764706],"Energy":{"Mean":-5.90503700040701,"Sigma":0.3851434188043577,"Taucorr":0.3886062795732974},"EnergyVariance":{"Mean":17.480048108471344,"Sigma":2.2860988414387156,"Taucorr":0.14909358059427025},"Iteration":34},
{"Acceptance":[0.27588235294117647],"Energy":{"Mean":-6.322095669409386,"Sigma":0.6178949672109967,"Taucorr":0.6992089011894373},"EnergyVariance":{"Mean":24.15659843358717,"Sigma":3.5957887685494154,"Taucorr":0.26382547662829814},"Iteration":35},
{"Acceptance":[0.26088235294117645],"Energy":{"Mean":-6.472602585474485,"Sigma":0.2901254728687531,"Taucorr":-0.04982308135992214},"EnergyVariance":{"Mean":17.799325044652846,"Sigma":2.624697721616155,"Taucorr":0.10954215506712872},"Iteration":36},
{"Acceptance":[0.21970588235294117],"Energy":{"Mean":-8.270200073147121,"Sigma":0.40437649160753264,"Taucorr":0.3542069665072728},"EnergyVariance":{"Mean":13.735778162931387,"Sigma":2.3687802395747,"Taucorr":0.07018683641784151},"Iteration":37},
{"Acceptance":[0.22794117647058823],"Energy":{"Mean":-8.208052707220773,"Sigma":0.3876514532513323,"Taucorr":0.32226335275671314},"EnergyVariance":{"Mean":13.849364340056706,"Sigma":1.8007748908850416,"Taucorr":0.13083470466688785},"Iteration":38},
{"Acceptance":[0.24735294117647058],"Energy":{"Mean":-8.125864599991193,"Sigma":0.4149383249577168,"Taucorr":0.47205544489203566},"EnergyVariance":{"Mean":25.642251691629017,"Sigma":9.30995521937403,"Taucorr":1.10587668706813},"Iteration":39},
{"Acceptance":[0.24294117647058824],"Energy":{"Mean":-9.576329711575198,"Sigma":0.47652306795941707,"Taucorr":0.3172317499695796},"EnergyVariance":{"Mean":21.7664631999802,"Sigma":5.010363625218469,"Taucorr":0.394193418068457},"Iteration":40},
{"Acceptance":[0.22558823529411764],"Energy":{"Mean":-9.75899337013033,"Sigma":0.34518142308690797,"Taucorr":0.2200949007847781},"EnergyVariance":{"Mean":31.35107192800991,"Sigma":12.96920610959788,"Taucorr":0.8181643905685763},"Iteration":41},
{"Acceptance":[0.2114705882352941],"Energy":{"Mean":-10.839694795297742,"Sigma":0.3805289540280633,"Taucorr":0.30221164009405255},"EnergyVariance":{"Mean":15.533260753728298,"Sigma":2.9291346900377526,"Taucorr":0.2576725199249934},"Iteration":42},
{"Acceptance":[0.18676470588235294],"Energy":{"Mean":-10.73908334969779,"Sigma":0.37221005073180763,"Taucorr":0.013289479994254338},"EnergyVariance":{"Mean":25.980880362468213,"Sigma":7.7589064241301315,"Taucorr":-0.04395829392386469},"Iteration":43},
{"Acceptance":[0.16705882352941176],"Energy":{"Mean":-11.046021212012173,"Sigma":0.3585827960944023,"Taucorr":0.08197009291640744},"EnergyVariance":{"Mean":13.59367623277292,"Sigma":5.427086318454107,"Taucorr":0.003685476861518433},"Iteration":44},
{"Acceptance":[0.14705882352941177],"Energy":{"Mean":-11.36195030667554,"Sigma":0.3359635447781106,"Taucorr":0.5122507727638503},"EnergyVariance":{"Mean":6.826065878893258,"Sigma":1.2472063268090703,"Taucorr":0.149148362690679},"Iteration":45},
{"Acceptance":[0.12588235294117647],"Energy":{"Mean":-11.892310120429318,"Sigma":0.412668649718044,"Taucorr":0.1762753809871367},"EnergyVariance":{"Mean":16.25931331267498,"Sigma":6.042693169560889,"Taucorr":0.27467011938137254},"Iteration":46},
{"Acceptance":[0.14205882352941177],"Energy":{"Mean":-12.205030825733212,"Sigma":0.3977893310091152,"Taucorr":-0.051710599051151496},"EnergyVariance":{"Mean":32.34865684058665,"Sigma":11.30020636584164,"Taucorr":-0.011510707845409807},"Iteration":47},
{"Acceptance":[0.10441176470588236],"Energy":{"Mean":-11.270997861606634,"Sigma":0.2551223116853777,"Taucorr":0.18297714776124152},"EnergyVariance":{"Mean":5.329209820662558,"Sigma":0.983515496634397,"Taucorr":0.26903894362810743},"Iteration":48},
{"Acceptance":[0.09941176470588235],"Energy":{"Mean":-11.991697668562368,"Sigma":0.32663185020705104,"Taucorr":0.4266999372133832},"EnergyVariance":{"Mean":11.125528153658825,"Sigma":3.8941669877579086,"Taucorr":0.31333976081859694},"Iteration":49},
{"Acceptance":[0.11176470588235295],"Energy":{"Mean":-11.620197870632783,"Sigma":0.4098281614991802,"Taucorr":0.23152415524141567},"EnergyVariance":{"Mean":28.436105094456046,"Sigma":22.357399867925583,"Taucorr":0.35642770299717763},"Iteration":50},
{"Acceptance":[0.07735294117647058],"Energy":{"Mean":-12.86208805663177,"Sigma":0.4093226463302807,"Taucorr":0.40747702367275485},"EnergyVariance":{"Mean":9.575960430707172,"Sigma":3.434287464805325,"Taucorr":0.21570564495513045},"Iteration":51},
{"Acceptance":[0.05911764705882353],"Energy":{"Mean":-11.591318715241668,"Sigma":0.1931549549453725,"Taucorr":0.0841193815834681},"EnergyVariance":{"Mean":5.080310948025632,"Sigma":2.0809199958640097,"Taucorr":0.08075113477699791},"Iteration":52},
{"Acceptance":[0.05558823529411765],"Energy":{"Mean":-12.048749990641,"Sigma":0.127423460054524,"Taucorr":-0.02203633831198354},"EnergyVariance":{"Mean":2.091755006964456,"Sigma":1.0407781664644526,"Taucorr":1.077938735200133},"Iteration":53},
{"Acceptance":[0.06352941176470588],"Energy":{"Mean":-11.565714599588414,"Sigma":0.22739360967724984,"Taucorr":0.2982810643767436},"EnergyVariance":{"Mean":4.093688688836513,"Sigma":1.18040355440053,"Taucorr":-0.018943298409018483},"Iteration":54},
{"Acceptance":[0.046764705882352944],"Energy":{"Mean":-11.428512061270574,"Sigma":0.30019209552836623,"Taucorr":1.0239020366081764},"EnergyVariance":{"Mean":3.2949563109535633,"Sigma":0.8108384538939774,"Taucorr":0.7335711006802823},"Iteration":55},
{"Acceptance":[0.03911764705882353],"Energy":{"Mean":-12.460738077619366,"Sigma":0.314219308840609,"Taucorr":0.8048688042534822},"EnergyVariance":{"Mean":4.590100441847725,"Sigma":3.5400260401476658,"Taucorr":1.0351652742015829},"Iteration":56},
{"Acceptance":[0.04588235294117647],"Energy":{"Mean":-13.134058379231806,"Sigma":0.4249454059884068,"Taucorr":-0.054212316001404415},"EnergyVariance":{"Mean":24.098076464298845,"Sigma":9.205128473766448,"Taucorr":0.09370692978912909},"Iteration":57},
{"Acceptance":[0.033529411764705884],"Energy":{"Mean":-12.273760620037287,"Sigma":0.14855451634656067,"Taucorr":-0.2079568681877263},"EnergyVariance":{"Mean":4.956524509380052,"Sigma":2.944992790456503,"Taucorr":0.045543937683411806},"Iteration":58},
{"Acceptance":[0.03882352941176471],"Energy":{"Mean":-12.605034856365613,"Sigma":0.3235526478199915,"Taucorr":0.03411782255693652},"EnergyVariance":{"Mean":12.209899460019278,"Sigma":6.75051695926162,"Taucorr":0.01905844559986125},"Iteration":59},
{"Acceptance":[0.04823529411764706],"Energy":{"Mean":-12.148033499663418,"Sigma":0.18010701660603717,"Taucorr":0.1099021018997236},"EnergyVariance":{"Mean":6.690621386751447,"Sigma":3.252082951386473,"Taucorr":0.40450064017984166},"Iteration":60},
{"Acceptance":[0.04470588235294118],"Energy":{"Mean":-11.796009792710768,"Sigma":0.545535196171072,"Taucorr":0.39255567704861527},"EnergyVariance":{"Mean":44.33511395940639,"Sigma":39.68519180337636,"Taucorr":0.42684703833026294},"Iteration":61},
{"Acceptance":[0.03676470588235294],"Energy":{"Mean":-13.076725114177773,"Sigma":0.6592326116772382,"Taucorr":0.8471516414779683},"EnergyVariance":{"Mean":47.877907502057745,"Sigma":35.89640434553404,"Taucorr":0.8385838693934182},"Iteration":62},
{"Acceptance":[0.03264705882352941],"Energy":{"Mean":-12.355269779643805,"Sigma":0.07586553144292171,"Taucorr":0.34175559688178314},"EnergyVariance":{"Mean":1.0400508789066423,"Sigma":0.24781110217896776,"Taucorr":0.45104109788215185},"Iteration":63},
{"Acceptance":[0.03735294117647059],"Energy":{"Mean":-12.066697553803607,"Sigma":0.12491366968298134,"Taucorr":0.48807000616059404},"EnergyVariance":{"Mean":1.0017420071850898,"Sigma":0.4199745470340077,"Taucorr":0.22966914431662677},"Iteration":64},
{"Acceptance":[0.037941176470588235],"Energy":{"Mean":-12.074660425672244,"Sigma":0.13193162849221762,"Taucorr":0.9329840054397223},"EnergyVariance":{"Mean":0.8506972972024553,"Sigma":0.44105445121024545,"Taucorr":0.43241447396772104},"Iteration":65},
{"Acceptance":[0.03323529411764706],"Energy":{"Mean":-12.393274456763539,"Sigma":0.15786537705025921,"Taucorr":0.6248608186812212},"EnergyVariance":{"Mean":1.9773372233043212,"Sigma":0.48041775098841083,"Taucorr":0.20170357312156884},"Iteration":66},
{"Acceptance":[0.03735294117647059],"Energy":{"Mean":-12.393565418685707,"Sigma":0.08931493625638373,"Taucorr":0.28029443130920106},"EnergyVariance":{"Mean":1.1157535237016163,"Sigma":0.29636377427655947,"Taucorr":0.7162296492678346},"Iteration":67},
{"Acceptance":[0.033529411764705884],"Energy":{"Mean":-13.234534209976667,"Sigma":0.596903511477531,"Taucorr":-0.00441731446667637},"EnergyVariance":{"Mean":42.33441450210188,"Sigma":35.88809594680018,"Taucorr":0.06957762211191898},"Iteration":68},
{"Acceptance":[0.04176470588235294],"Energy":{"Mean":-12.197746675737976,"Sigma":0.2936397534308859,"Taucorr":0.19407909518752464},"EnergyVariance":{"Mean":72.98754367464855,"Sigma":48.46440984867162,"Taucorr":0.718274347579436},"Iteration":69},
{"Acceptance":[0.03823529411764706],"Energy":{"Mean":-12.609897656961145,"Sigma":0.39028802827130643,"Taucorr":0.7930537303811529},"EnergyVariance":{"Mean":5.985904656040298,"Sigma":4.350128820370507,"Taucorr":0.6886864973627231},"Iteration":70},
{"Acceptance":[0.03558823529411765],"Energy":{"Mean":-12.179498935313763,"Sigma":0.16677008807313326,"Taucorr":1.1848982819838936},"EnergyVariance":{"Mean":1.1184065138070378,"Sigma":0.544384398628342,"Taucorr":1.3165937638967038},"Iteration":71},
{"Acceptance":[0.03],"Energy":{"Mean":-12.607965284932018,"Sigma":0.2856627994930143,"Taucorr":0.8075183412318743},"EnergyVariance":{"Mean":3.352436260209084,"Sigma":2.6323234179282795,"Taucorr":0.563760809159261},"Iteration":72},
{"Acceptance":[0.04029411764705882],"Energy":{"Mean":-11.777022397313274,"Sigma":0.26234035191673555,"Taucorr":0.13783679774344604},"EnergyVariance":{"Mean":7.836577327845586,"Sigma":5.0668098916635795,"Taucorr":0.1052307843384267},"Iteration":73},
{"Acceptance":[0.04735294117647059],"Energy":{"Mean":-12.352994920687628,"Sigma":0.22218969008302514,"Taucorr":-0.2542516511017736},"EnergyVariance":{"Mean":26.387829719756212,"Sigma":21.166824283001123,"Taucorr":0.004560122323493232},"Iteration":74},
{"Acceptance":[0.03588235294117647],"Energy":{"Mean":-12.42606682411996,"Sigma":0.24177387699690486,"Taucorr":0.38630999741880867},"EnergyVariance":{"Mean":6.08992722285967,"Sigma":3.592868021225752,"Taucorr":0.32481583186849927},"Iteration":75},
{"Acceptance":[0.04294117647058823],"Energy":{"Mean":-12.654068089395013,"Sigma":0.3266050242873015,"Taucorr":0.07826009726245331},"EnergyVariance":{"Mean":19.847852980989366,"Sigma":16.583613217859444,"Taucorr":0.0987392093011239},"Iteration":76},
{"Acceptance":[0.03735294117647059],"Energy":{"Mean":-12.46752216657169,"Sigma":0.15848224589861165,"Taucorr":1.0675601411004028},"EnergyVariance":{"Mean":0.9863862014256976,"Sigma":0.2903523402535348,"Taucorr":1.0515274133365433},"Iteration":77},
{"Acceptance":[0.029705882352941176],"Energy":{"Mean":-12.436087075978898,"Sigma":0.07465306719604917,"Taucorr":0.40310831179251383},"EnergyVariance":{"Mean":0.45614202553330113,"Sigma":0.1685249474447844,"Taucorr":0.5981914291384245},"Iteration":78},
{"Acceptance":[0.04176470588235294],"Energy":{"Mean":-13.18839840287479,"Sigma":0.6746264585549504,"Taucorr":0.7761898692322091},"EnergyVariance":{"Mean":25.7445071540474,"Sigma":13.507516022466659,"Taucorr":0.9864928169868701},"Iteration":79},
{"Acceptance":[0.036176470588235296],"Energy":{"Mean":-12.671285318065074,"Sigma":0.2133297594365797,"Taucorr":0.5131626745872642},"EnergyVariance":{"Mean":3.3756464743757575,"Sigma":2.533089968325047,"Taucorr":0.5000852551966308},"Iteration":80},
{"Acceptance":[0.03558823529411765],"Energy":{"Mean":-13.03228786823117,"Sigma":0.3783993940471915,"Taucorr":0.1990924378565787},"EnergyVariance":{"Mean":24.294443216839632,"Sigma":17.09361802480401,"Taucorr":0.02518372526100565},"Iteration":81},
{"Acceptance":[0.045],"Energy":{"Mean":-12.507177892359326,"Sigma":0.31017355355488985,"Taucorr":0.7532344099160901},"EnergyVariance":{"Mean":5.109807276745525,"Sigma":3.4968288838609247,"Taucorr":0.5986540935104465},"Iteration":82},
{"Acceptance":[0.039705882352941174],"Energy":{"Mean":-12.47696005285151,"Sigma":0.16814467272814757,"Taucorr":0.5390927443969844},"EnergyVariance":{"Mean":2.5386915927985183,"Sigma":1.3114495454434763,"Taucorr":0.08980543181116962},"Iteration":83},
{"Acceptance":[0.040882352941176474],"Energy":{"Mean":-12.807045610841554,"Sigma":0.3672002751572608,"Taucorr":0.5825968591315072},"EnergyVariance":{"Mean":8.876083028105878,"Sigma":3.7912634444467845,"Taucorr":0.5642547070765467},"Iteration":84},
{"Acceptance":[0.04323529411764706],"Energy":{"Mean":-12.703855877314371,"Sigma":0.29454881775797237,"Taucorr":-0.051749246585250264},"EnergyVariance":{"Mean":10.971549093240565,"Sigma":7.128173975156269,"Taucorr":-0.008922244672139035},"Iteration":85},
{"Acceptance":[0.04588235294117647],"Energy":{"Mean":-12.589847952645231,"Sigma":0.11744264007300746,"Taucorr":0.036836008244740315},"EnergyVariance":{"Mean":1.6851912290097002,"Sigma":0.544691091782215,"Taucorr":0.13480681619095047},"Iteration":86},
{"Acceptance":[0.04],"Energy":{"Mean":-13.008368855325562,"Sigma":0.4680370963561829,"Taucorr":0.5966471076915474},"EnergyVariance":{"Mean":12.531346709398214,"Sigma":8.445081221963305,"Taucorr":0.8828552410766053},"Iteration":87},
{"Acceptance":[0.04441176470588235],"Energy":{"Mean":-12.629072231730495,"Sigma":0.1873994733030454,"Taucorr":-0.01232150016458472},"EnergyVariance":{"Mean":4.025273209671164,"Sigma":2.0495946602813873,"Taucorr":0.031798344170646864},"Iteration":88},
{"Acceptance":[0.04264705882352941],"Energy":{"Mean":-12.154115282100122,"Sigma":0.23315440454711187,"Taucorr":0.6447728067719629},"EnergyVariance":{"Mean":5.397433561327261,"Sigma":1.9050288869021643,"Taucorr":0.10037876091111131},"Iteration":89},
{"Acceptance":[0.057058823529411766],"Energy":{"Mean":-12.840164279177836,"Sigma":0.3621755717581419,"Taucorr":0.29241232182770394},"EnergyVariance":{"Mean":9.093868011618445,"Sigma":4.1353513953926075,"Taucorr":0.5843647674033421},"Iteration":90},
{"Acceptance":[0.04764705882352941],"Energy":{"Mean":-12.851416541708723,"Sigma":0.3390495815422572,"Taucorr":0.5523402780108415},"EnergyVariance":{"Mean":7.059743134204575,"Sigma":3.0026098166120687,"Taucorr":0.6453333121694336},"Iteration":91},
{"Acceptance":[0.04176470588235294],"Energy":{"Mean":-12.68459420331927,"Sigma":0.053142286917460875,"Taucorr":0.6346892931160495},"EnergyVariance":{"Mean":0.20823513114089934,"Sigma":0.08180472916633304,"Taucorr":1.039279342199808},"Iteration":92},
{"Acceptance":[0.04941176470588235],"Energy":{"Mean":-12.444295589131212,"Sigma":0.2581673737125018,"Taucorr":0.7183327100172552},"EnergyVariance":{"Mean":4.786049675574937,"Sigma":2.0381364121397105,"Taucorr":0.7065223195683485},"Iteration":93},
{"Acceptance":[0.05088235294117647],"Energy":{"Mean":-12.646125838556385,"Sigma":0.25055935945561253,"Taucorr":0.3431799289633475},"EnergyVariance":{"Mean":6.360733199754021,"Sigma":2.848820363336232,"Taucorr":0.34563679850353146},"Iteration":94},
{"Acceptance":[0.04411764705882353],"Energy":{"Mean":-12.310790342978244,"Sigma":0.2504100758603774,"Taucorr":0.5027696972039839},"EnergyVariance":{"Mean":3.8329331147404213,"Sigma":1.458587789899313,"Taucorr":0.5272590134148365},"Iteration":95},
{"Acceptance":[0.05911764705882353],"Energy":{"Mean":-12.501712625242558,"Sigma":0.10154123839436867,"Taucorr":-0.042698909303805876},"EnergyVariance":{"Mean":2.334613725968376,"Sigma":1.0090109348961438,"Taucorr":-0.012026568878347577},"Iteration":96},
{"Acceptance":[0.06147058823529412],"Energy":{"Mean":-13.32771619281572,"Sigma":0.7127507212095209,"Taucorr":0.6295795114077232},"EnergyVariance":{"Mean":32.93735286797991,"Sigma":27.2512841901136,"Taucorr":0.9775028044760441},"Iteration":97},
{"Acceptance":[0.04470588235294118],"Energy":{"Mean":-12.625437178246319,"Sigma":0.13842187840835038,"Taucorr":-0.18103218154378048},"EnergyVariance":{"Mean":3.352635532678154,"Sigma":1.7284168345441273,"Taucorr":0.18555972553317623},"Iteration":98},
{"Acceptance":[0.042352941176470586],"Energy":{"Mean":-12.676330977514079,"Sigma":0.29631806120000015,"Taucorr":0.555450497515285},"EnergyVariance":{"Mean":4.546435497392777,"Sigma":2.838189166304228,"Taucorr":0.8282635737471344},"Iteration":99} 
]}
{"input": {"L": 16, "J": 1, "machine": {"type": "FFNN", "model": ["tanh", 25, 2]}, "sampler": {"type": "MetropolisHop", "d_max": 5}, "optimizer": {"type": "AdaMax", "alpha": 0.001, "beta1": 0.9, "beta2": 0.999, "epscut": 1e-07}, "VMC": {"n_samples": 100, "discarded_samples": 100, "discarded_samples_on_init": 0, "target": "energy", "method": "Gd", "diag_shift": 0.01, "use_iterative": true, "use_cholesky": true}, "n_iter": 100}}
duration: -1.2776005268096924