{"Output": [
{"Acceptance":[0.8917647058823529],"Energy":{"Mean":13.890353042760232,"Sigma":0.2779338353183137,"Taucorr":-0.06189225571588841},"EnergyVariance":{"Mean":8.834021559389576,"Sigma":1.0629446666323332,"Taucorr":-0.07827387980402495},"Iteration":0},
{"Acceptance":[0.8355882352941176],"Energy":{"Mean":13.133663260573991,"Sigma":0.3480804816816316,"Taucorr":0.10539203425240906},"EnergyVariance":{"Mean":10.537936062694682,"Sigma":1.1397588813270187,"Taucorr":-0.08202079618881991},"Iteration":1},
{"Acceptance":[0.7861764705882353],"Energy":{"Mean":12.067588422662384,"Sigma":0.3907579064620267,"Taucorr":0.0879865624919075},"EnergyVariance":{"Mean":13.980384186426553,"Sigma":1.2859417440706147,"Taucorr":-0.13442604671041408},"Iteration":2},
{"Acceptance":[0.7405882352941177],"Energy":{"Mean":11.937572435078566,"Sigma":0.37150081438111043,"Taucorr":0.1217727053261829},"EnergyVariance":{"Mean":13.82528358414854,"Sigma":1.6930862083852987,"Taucorr":0.18160425864303908},"Iteration":3},
{"Acceptance":[0.7008823529411765],"Energy":{"Mean":11.39428900140035,"Sigma":0.3936279624858803,"Taucorr":0.18255823918761815},"EnergyVariance":{"Mean":14.66679668475411,"Sigma":1.178067243275349,"Taucorr":-0.17545046343349752},"Iteration":4},
{"Acceptance":[0.6735294117647059],"Energy":{"Mean":10.537396043656312,"Sigma":0.2789388494915972,"Taucorr":-0.01253944821521874},"EnergyVariance":{"Mean":12.679548658851546,"Sigma":1.0777846578118642,"Taucorr":-0.18054429859589527},"Iteration":5},
{"Acceptance":[0.6291176470588236],"Energy":{"Mean":9.22233875643688,"Sigma":0.42821765911901605,"Taucorr":0.2620784958596406},"EnergyVariance":{"Mean":17.245487259640186,"Sigma":1.9232006306347507,"Taucorr":-0.01531129221378641},"Iteration":6},
{"Acceptance":[0.6055882352941176],"Energy":{"Mean":9.164841924759248,"Sigma":0.5484902690978091,"Taucorr":0.5190623114691042},"EnergyVariance":{"Mean":20.174796115250597,"Sigma":2.622990625258035,"Taucorr":0.012400102505453647},"Iteration":7},
{"Acceptance":[0.5676470588235294],"Energy":{"Mean":8.375386301242845,"Sigma":0.3624570540205965,"Taucorr":0.14622922660890747},"EnergyVariance":{"Mean":18.267103840714054,"Sigma":2.0458179730848394,"Taucorr":0.124078988447348},"Iteration":8},
{"Acceptance":[0.5611764705882353],"Energy":{"Mean":7.470745935492141,"Sigma":0.48076929449561456,"Taucorr":0.5156929015669882},"EnergyVariance":{"Mean":18.00962958832053,"Sigma":1.9207873995744031,"Taucorr":0.18638588804163747},"Iteration":9},
{"Acceptance":[0.5244117647058824],"Energy":{"Mean":6.35672742043255,"Sigma":0.4134898807050648,"Taucorr":0.37048343050915067},"EnergyVariance":{"Mean":18.013131673708028,"Sigma":1.718808652354181,"Taucorr":-0.0830046788936652},"Iteration":10},
{"Acceptance":[0.5244117647058824],"Energy":{"Mean":5.99436565256055,"Sigma":0.39956825083577885,"Taucorr":0.23105653937187098},"EnergyVariance":{"Mean":26.284615627512448,"Sigma":3.185661722171218,"Taucorr":0.14664420718357996},"Iteration":11},
{"Acceptance":[0.4726470588235294],"Energy":{"Mean":4.235288549712506,"Sigma":0.4373715364103769,"Taucorr":0.16121639261032272},"EnergyVariance":{"Mean":22.331818571052064,"Sigma":2.761053741887919,"Taucorr":0.07507609766292467},"Iteration":12},
{"Acceptance":[0.4852941176470588],"Energy":{"Mean":4.075603414265915,"Sigma":0.46626950799666866,"Taucorr":0.3292692797256712},"EnergyVariance":{"Mean":24.645022228957476,"Sigma":2.760241098010447,"Taucorr":0.05438311231916393},"Iteration":13},
{"Acceptance":[0.43911764705882356],"Energy":{"Mean":2.9120893470589615,"Sigma":0.40835769827499047,"Taucorr":0.3665424889909219},"EnergyVariance":{"Mean":23.039333337143997,"Sigma":2.5478874883948404,"Taucorr":0.14676988084949116},"Iteration":14},
{"Acceptance":[0.40558823529411764],"Energy":{"Mean":2.226277995074273,"Sigma":0.4186531115790634,"Taucorr":0.2959392520357659},"EnergyVariance":{"Mean":22.656989657691124,"Sigma":3.131791432413953,"Taucorr":0.1831680538354351},"Iteration":15},
{"Acceptance":[0.37441176470588233],"Energy":{"Mean":0.23327338323677188,"Sigma":0.40451198301163427,"Taucorr":0.28416392562968507},"EnergyVariance":{"Mean":25.706846718806524,"Sigma":4.3867334768521244,"Taucorr":0.22510585494342017},"Iteration":16},
{"Acceptance":[0.38941176470588235],"Energy":{"Mean":-0.20010888153493675,"Sigma":0.36334724417972014,"Taucorr":0.1610432559181223},"EnergyVariance":{"Mean":22.07659221030738,"Sigma":2.791723433748828,"Taucorr":0.12903496109457724},"Iteration":17},
{"Acceptance":[0.3664705882352941],"Energy":{"Mean":-0.4563914790980769,"Sigma":0.455265106928242,"Taucorr":0.3967600934312351},"EnergyVariance":{"Mean":25.42853472679562,"Sigma":2.797017671648481,"Taucorr":0.016674969474159473},"Iteration":18},
{"Acceptance":[0.34852941176470587],"Energy":{"Mean":-1.2392614650344658,"Sigma":0.3934595213305094,"Taucorr":0.21136108730049652},"EnergyVariance":{"Mean":27.06000933164809,"Sigma":2.9283874763845046,"Taucorr":-0.0725912802472436},"Iteration":19},
{"Acceptance":[0.33676470588235297],"Energy":{"Mean":-1.804870596322626,"Sigma":0.36162775606844305,"Taucorr":0.15275032959649915},"EnergyVariance":{"Mean":26.44597448684403,"Sigma":2.993392669083521,"Taucorr":0.08164037647653644},"Iteration":20},
{"Acceptance":[0.33],"Energy":{"Mean":-2.4350810712894684,"Sigma":0.42831226343622847,"Taucorr":0.4172194965044167},"EnergyVariance":{"Mean":20.980600305118866,"Sigma":2.904332380349341,"Taucorr":0.31905320482332555},"Iteration":21},
{"Acceptance":[0.30558823529411766],"Energy":{"Mean":-3.88968635154209,"Sigma":0.40002204638919936,"Taucorr":0.3433286823047724},"EnergyVariance":{"Mean":20.711635624216694,"Sigma":1.8961260408990186,"Taucorr":0.028155041179304563},"Iteration":22},
{"Acceptance":[0.29205882352941176],"Energy":{"Mean":-3.9097908109587785,"Sigma":0.3275332241692475,"Taucorr":0.03473446846218087},"EnergyVariance":{"Mean":26.674224854818455,"Sigma":5.926166028582636,"Taucorr":0.08486447996792845},"Iteration":23},
{"Acceptance":[0.32441176470588234],"Energy":{"Mean":-3.1676167053487685,"Sigma":0.4201003980072409,"Taucorr":0.19029018208131987},"EnergyVariance":{"Mean":33.66562916115218,"Sigma":6.223872665277581,"Taucorr":0.3869617865386952},"Iteration":24},
{"Acceptance":[0.2852941176470588],"Energy":{"Mean":-4.312946455190458,"Sigma":0.31100535156492926,"Taucorr":0.1536443932542939},"EnergyVariance":{"Mean":19.690586816837,"Sigma":3.6595197344354404,"Taucorr":0.08366509268541156},"Iteration":25},
{"Acceptance":[0.27],"Energy":{"Mean":-4.36267260018324,"Sigma":0.6218770268744906,"Taucorr":0.8768188716650995},"EnergyVariance":{"Mean":22.16522402557443,"Sigma":4.459225025639592,"Taucorr":0.5711505145227136},"Iteration":26},
{"Acceptance":[0.24441176470588236],"Energy":{"Mean":-5.504514881652709,"Sigma":0.4020384197805863,"Taucorr":0.5508864059132368},"EnergyVariance":{"Mean":15.294410351191232,"Sigma":2.166411438536765,"Taucorr":-0.008187474784737747},"Iteration":27},
{"Acceptance":[0.26705882352941174],"Energy":{"Mean":-6.719025399498184,"Sigma":0.4099555578689333,"Taucorr":0.3916494019347161},"EnergyVariance":{"Mean":23.62196589146082,"Sigma":4.146574859060482,"Taucorr":0.19081062747715205},"Iteration":28},
{"Acceptance":[0.2447058823529412],"Energy":{"Mean":-7.04313530395799,"Sigma":0.3953994406353008,"Taucorr":0.4500812335937062},"EnergyVariance":{"Mean":23.99638720652203,"Sigma":3.828530348847903,"Taucorr":0.2583857407124017},"Iteration":29},
{"Acceptance":[0.24176470588235294],"Energy":{"Mean":-7.511367623714336,"Sigma":0.356126277134076,"Taucorr":0.3888423594062058},"EnergyVariance":{"Mean":19.39456908636191,"Sigma":4.983294487372369,"Taucorr":0.1245089355015333},"Iteration":30},
{"Acceptance":[0.24058823529411766],"Energy":{"Mean":-8.144778265776624,"Sigma":0.35810849045926085,"Taucorr":0.15743854138433722},"EnergyVariance":{"Mean":24.929077380792904,"Sigma":4.390688042972823,"Taucorr":0.08708239668290607},"Iteration":31},
{"Acceptance":[0.23441176470588235],"Energy":{"Mean":-7.3477713942975305,"Sigma":0.4049799738389647,"Taucorr":0.46216555313475505},"EnergyVariance":{"Mean":16.746020365912376,"Sigma":2.860874351557313,"Taucorr":0.12827546386200617},"Iteration":32},
{"Acceptance":[0.24294117647058824],"Energy":{"Mean":-8.848586459595888,"Sigma":0.3449421307164228,"Taucorr":0.32537253715072445},"EnergyVariance":{"Mean":15.303121515877942,"Sigma":2.523985434193119,"Taucorr":0.022564696492563985},"Iteration":33},
{"Acceptance":[0.25176470588235295],"Energy":{"Mean":-8.78772379655871,"Sigma":0.43343237262124845,"Taucorr":0.34951165802787243},"EnergyVariance":{"Mean":21.673494403491887,"Sigma":4.921846928291113,"Taucorr":0.21356088288157582},"Iteration":34},
{"Acceptance":[0.24676470588235294],"Energy":{"Mean":-9.493035148683951,"Sigma":0.3632582223660836,"Taucorr":0.2520365589258192},"EnergyVariance":{"Mean":18.150680543392752,"Sigma":3.8178230552691574,"Taucorr":0.3576784308775436},"Iteration":35},
{"Acceptance":[0.23794117647058824],"Energy":{"Mean":-9.79537352058043,"Sigma":0.4358737023270596,"Taucorr":0.3970791058132105},"EnergyVariance":{"Mean":20.136794800152863,"Sigma":3.8988190277112573,"Taucorr":0.4364999395014103},"Iteration":36},
{"Acceptance":[0.2361764705882353],"Energy":{"Mean":-10.104623819776338,"Sigma":0.3187805264005943,"Taucorr":0.10076292722184332},"EnergyVariance":{"Mean":19.402380276322422,"Sigma":4.347519814788658,"Taucorr":0.2945883307917059},"Iteration":37},
{"Acceptance":[0.2564705882352941],"Energy":{"Mean":-10.974284917312195,"Sigma":0.4720158490795907,"Taucorr":0.3856652683999352},"EnergyVariance":{"Mean":17.681874633113704,"Sigma":3.381126373474099,"Taucorr":0.23081211178897232},"Iteration":38},
{"Acceptance":[0.22441176470588237],"Energy":{"Mean":-10.943582573409175,"Sigma":0.5277695322518254,"Taucorr":0.28964248137109283},"EnergyVariance":{"Mean":21.533848364358803,"Sigma":3.7535709655671576,"Taucorr":0.08979823241727602},"Iteration":39},
{"Acceptance":[0.235],"Energy":{"Mean":-11.012335961075227,"Sigma":0.4299697144747123,"Taucorr":0.14555180974966064},"EnergyVariance":{"Mean":20.268361337550967,"Sigma":3.844337352681471,"Taucorr":0.1924818190776113},"Iteration":40},
{"Acceptance":[0.22970588235294118],"Energy":{"Mean":-12.143695061254823,"Sigma":0.4435809080875673,"Taucorr":0.20147831599247268},"EnergyVariance":{"Mean":21.16946066945235,"Sigma":4.056396062087482,"Taucorr":0.10041026852247459},"Iteration":41},
{"Acceptance":[0.22411764705882353],"Energy":{"Mean":-11.589677927794659,"Sigma":0.3268170476779924,"Taucorr":0.09556484827997036},"EnergyVariance":{"Mean":12.835721100780772,"Sigma":2.5640038601784187,"Taucorr":0.10576189725856455},"Iteration":42},
{"Acceptance":[0.23],"Energy":{"Mean":-11.735048185703654,"Sigma":0.4071880134765687,"Taucorr":0.03295657122184381},"EnergyVariance":{"Mean":17.75466571445242,"Sigma":3.8776065971577336,"Taucorr":0.31567805108051883},"Iteration":43},
{"Acceptance":[0.22441176470588237],"Energy":{"Mean":-11.481879971538866,"Sigma":0.42025392860733846,"Taucorr":0.18985416614098793},"EnergyVariance":{"Mean":19.682227976739394,"Sigma":5.092636266882801,"Taucorr":-0.040215122556366445},"Iteration":44},
{"Acceptance":[0.22029411764705883],"Energy":{"Mean":-12.530376784327364,"Sigma":0.4462868221822301,"Taucorr":0.18132793134745218},"EnergyVariance":{"Mean":17.12323212025642,"Sigma":2.49285345035178,"Taucorr":0.047681033233131},"Iteration":45},
{"Acceptance":[0.24205882352941177],"Energy":{"Mean":-11.564273016479198,"Sigma":0.4391480542971705,"Taucorr":0.04837983188437378},"EnergyVariance":{"Mean":26.18453322944279,"Sigma":4.298507414346698,"Taucorr":-0.08526233616820122},"Iteration":46},
{"Acceptance":[0.21294117647058824],"Energy":{"Mean":-12.505064535317418,"Sigma":0.35735348091723856,"Taucorr":0.012871945488227343},"EnergyVariance":{"Mean":18.99674133419851,"Sigma":3.8869025014346543,"Taucorr":0.16031181826208551},"Iteration":47},
{"Acceptance":[0.20411764705882354],"Energy":{"Mean":-12.788220800509942,"Sigma":0.3224256877739831,"Taucorr":-0.027595248429608865},"EnergyVariance":{"Mean":11.828206537873742,"Sigma":3.335753023179773,"Taucorr":0.6914611118378118},"Iteration":48},
{"Acceptance":[0.2126470588235294],"Energy":{"Mean":-12.164660266023416,"Sigma":0.33034653279163556,"Taucorr":0.10962106356851742},"EnergyVariance":{"Mean":10.195479295114128,"Sigma":1.5935316801986645,"Taucorr":0.06220058857634836},"Iteration":49},
{"Acceptance":[0.21823529411764706],"Energy":{"Mean":-13.480465633871743,"Sigma":0.6337943868137624,"Taucorr":0.6314455728311121},"EnergyVariance":{"Mean":24.97732046236978,"Sigma":8.453772902146008,"Taucorr":0.8649502877990214},"Iteration":50},
{"Acceptance":[0.23176470588235293],"Energy":{"Mean":-13.245580595462094,"Sigma":0.5474241234187585,"Taucorr":0.0716362899871893},"EnergyVariance":{"Mean":34.624032538141435,"Sigma":7.3418294672798625,"Taucorr":0.2675095447298147},"Iteration":51},
{"Acceptance":[0.20705882352941177],"Energy":{"Mean":-13.115158363343706,"Sigma":0.5927701109511866,"Taucorr":0.24062800283082164},"EnergyVariance":{"Mean":28.648099207103858,"Sigma":8.691937989566311,"Taucorr":0.3127561895532157},"Iteration":52},
{"Acceptance":[0.20676470588235293],"Energy":{"Mean":-12.958629125879854,"Sigma":0.4920225994142114,"Taucorr":0.39317985556103896},"EnergyVariance":{"Mean":13.713065890818905,"Sigma":2.2539315051074134,"Taucorr":-0.0314311215695911},"Iteration":53},
{"Acceptance":[0.22470588235294117],"Energy":{"Mean":-13.113038971441124,"Sigma":0.4120603045154637,"Taucorr":0.04551542912250972},"EnergyVariance":{"Mean":17.525459115347193,"Sigma":3.6536603865266812,"Taucorr":0.0704641666781034},"Iteration":54},
{"Acceptance":[0.2088235294117647],"Energy":{"Mean":-13.287409678667423,"Sigma":0.429745645903236,"Taucorr":0.03043555135859055},"EnergyVariance":{"Mean":16.930968087696666,"Sigma":3.7535258119107486,"Taucorr":-0.09289034419984649},"Iteration":55},
{"Acceptance":[0.22441176470588237],"Energy":{"Mean":-12.969951559706562,"Sigma":0.4206429330512572,"Taucorr":0.2224926255228411},"EnergyVariance":{"Mean":13.34096984099133,"Sigma":2.0777306185402367,"Taucorr":0.037160721186279444},"Iteration":56},
{"Acceptance":[0.19647058823529412],"Energy":{"Mean":-13.106377385748921,"Sigma":0.27137381338589506,"Taucorr":-0.061024722384989516},"EnergyVariance":{"Mean":9.244571528441464,"Sigma":1.7962933853357732,"Taucorr":0.04167219061886196},"Iteration":57},
{"Acceptance":[0.2223529411764706],"Energy":{"Mean":-13.258229558527145,"Sigma":0.4583630246617187,"Taucorr":0.3181085354272858},"EnergyVariance":{"Mean":14.23233238530051,"Sigma":2.684012577810622,"Taucorr":0.08739073306549017},"Iteration":58},
{"Acceptance":[0.2097058823529412],"Energy":{"Mean":-13.612180881895059,"Sigma":0.6714200562887018,"Taucorr":0.30327811548922456},"EnergyVariance":{"Mean":28.141861135836614,"Sigma":6.315066747222608,"Taucorr":0.06015257218284853},"Iteration":59},
{"Acceptance":[0.2023529411764706],"Energy":{"Mean":-14.042788821944361,"Sigma":0.29444628932299877,"Taucorr":-0.19222721860252123},"EnergyVariance":{"Mean":13.927043025560545,"Sigma":2.6580539272420443,"Taucorr":-0.04332825027401488},"Iteration":60},
{"Acceptance":[0.20852941176470588],"Energy":{"Mean":-13.397547408131306,"Sigma":0.4327531974666023,"Taucorr":0.13087940660195674},"EnergyVariance":{"Mean":15.294528757188802,"Sigma":3.1470576006996285,"Taucorr":0.06030890278398793},"Iteration":61},
{"Acceptance":[0.21058823529411766],"Energy":{"Mean":-13.56338718654233,"Sigma":0.3975364704662689,"Taucorr":0.08460728127637618},"EnergyVariance":{"Mean":14.603576424959476,"Sigma":2.8823201571308874,"Taucorr":0.16427765709982767},"Iteration":62},
{"Acceptance":[0.20588235294117646],"Energy":{"Mean":-13.300293196766383,"Sigma":0.4688837877649948,"Taucorr":0.18257410298807342},"EnergyVariance":{"Mean":28.744969185362464,"Sigma":8.755364684634836,"Taucorr":0.6072747113697514},"Iteration":63},
{"Acceptance":[0.2188235294117647],"Energy":{"Mean":-13.356173651898812,"Sigma":0.5018950413826734,"Taucorr":0.37563006597698634},"EnergyVariance":{"Mean":20.945106645558184,"Sigma":6.304090409476052,"Taucorr":0.8239481128626382},"Iteration":64},
{"Acceptance":[0.2114705882352941],"Energy":{"Mean":-14.09925989029012,"Sigma":0.727451196034712,"Taucorr":0.5332853849152845},"EnergyVariance":{"Mean":27.24395005734153,"Sigma":10.067043713227001,"Taucorr":0.45497287441661816},"Iteration":65},
{"Acceptance":[0.2211764705882353],"Energy":{"Mean":-14.064550235548245,"Sigma":0.5057851559880708,"Taucorr":0.15545145323454557},"EnergyVariance":{"Mean":26.90075021526616,"Sigma":6.998083044067063,"Taucorr":0.13363225220197028},"Iteration":66},
{"Acceptance":[0.20352941176470588],"Energy":{"Mean":-15.237347859004576,"Sigma":0.2992365704549245,"Taucorr":0.05467199601737016},"EnergyVariance":{"Mean":8.280221186575929,"Sigma":1.0031222147623193,"Taucorr":-0.07743924942576852},"Iteration":67},
{"Acceptance":[0.19911764705882354],"Energy":{"Mean":-15.055318550506744,"Sigma":0.5350776967079112,"Taucorr":0.5544127544521997},"EnergyVariance":{"Mean":15.625429354044773,"Sigma":3.9525020798458876,"Taucorr":0.32900150226346303},"Iteration":68},
{"Acceptance":[0.2111764705882353],"Energy":{"Mean":-13.902469147617692,"Sigma":0.48078617801986623,"Taucorr":0.16515236250162113},"EnergyVariance":{"Mean":20.706021662511752,"Sigma":6.096988278910635,"Taucorr":0.1577094570598897},"Iteration":69},
{"Acceptance":[0.22294117647058823],"Energy":{"Mean":-14.01894138688028,"Sigma":0.4584108976058149,"Taucorr":0.11077088007613334},"EnergyVariance":{"Mean":23.576052695774425,"Sigma":7.509508792398147,"Taucorr":0.33563779619527234},"Iteration":70},
{"Acceptance":[0.21794117647058822],"Energy":{"Mean":-14.335525232714508,"Sigma":0.48257192299271695,"Taucorr":0.4088220962074034},"EnergyVariance":{"Mean":12.85467397109012,"Sigma":4.560383322126255,"Taucorr":0.4094698460132542},"Iteration":71},
{"Acceptance":[0.215],"Energy":{"Mean":-13.888168823311418,"Sigma":0.7252086097103059,"Taucorr":0.6142793593806417},"EnergyVariance":{"Mean":26.508309161334857,"Sigma":7.556718305017391,"Taucorr":0.4920788647797444},"Iteration":72},
{"Acceptance":[0.20676470588235293],"Energy":{"Mean":-13.654999233645961,"Sigma":0.5095424371799827,"Taucorr":0.49111093447690723},"EnergyVariance":{"Mean":13.2339820777012,"Sigma":4.082685038686952,"Taucorr":0.34880708147664086},"Iteration":73},
{"Acceptance":[0.21029411764705883],"Energy":{"Mean":-13.645306232400236,"Sigma":0.6351762661248858,"Taucorr":0.5075011143466734},"EnergyVariance":{"Mean":19.27734669738405,"Sigma":6.758022886570835,"Taucorr":0.14402124803106775},"Iteration":74},
{"Acceptance":[0.2088235294117647],"Energy":{"Mean":-14.331886991442373,"Sigma":0.3907282410086851,"Taucorr":0.12002468378529985},"EnergyVariance":{"Mean":11.886129870105416,"Sigma":2.1838645159035535,"Taucorr":0.09226373292434087},"Iteration":75},
{"Acceptance":[0.2023529411764706],"Energy":{"Mean":-14.75571638846176,"Sigma":0.44504123137322027,"Taucorr":0.25163400944070113},"EnergyVariance":{"Mean":16.80338464388702,"Sigma":4.808404883847101,"Taucorr":0.052268416093120273},"Iteration":76},
{"Acceptance":[0.19676470588235295],"Energy":{"Mean":-14.236730026968733,"Sigma":0.4221071216446839,"Taucorr":0.23250776640841964},"EnergyVariance":{"Mean":11.852682417403306,"Sigma":1.9856280859939524,"Taucorr":-0.07196875560576826},"Iteration":77},
{"Acceptance":[0.20852941176470588],"Energy":{"Mean":-14.318725144527258,"Sigma":0.6070844291684758,"Taucorr":0.2608902820229174},"EnergyVariance":{"Mean":24.314055445943364,"Sigma":5.743680249013865,"Taucorr":0.41115281063676823},"Iteration":78},
{"Acceptance":[0.19176470588235295],"Energy":{"Mean":-14.000201271758685,"Sigma":0.5235912876836587,"Taucorr":0.3240960024972849},"EnergyVariance":{"Mean":16.36626379810899,"Sigma":3.772106899267929,"Taucorr":0.03995980098724772},"Iteration":79},
{"Acceptance":[0.20441176470588235],"Energy":{"Mean":-13.920676717403458,"Sigma":0.485234962535551,"Taucorr":0.14913820770616926},"EnergyVariance":{"Mean":19.640031660930834,"Sigma":4.266302680449462,"Taucorr":0.21223905706145985},"Iteration":80},
{"Acceptance":[0.2114705882352941],"Energy":{"Mean":-15.050519689916758,"Sigma":0.39918410321735587,"Taucorr":0.24617497942824929},"EnergyVariance":{"Mean":10.287435764179653,"Sigma":2.651121230604846,"Taucorr":0.41043350035748793},"Iteration":81},
{"Acceptance":[0.1773529411764706],"Energy":{"Mean":-14.542692952801861,"Sigma":0.3854663875550014,"Taucorr":0.309527676965098},"EnergyVariance":{"Mean":8.76255410536899,"Sigma":1.3639460122660774,"Taucorr":0.16698450239059903},"Iteration":82},
{"Acceptance":[0.17911764705882352],"Energy":{"Mean":-14.105097944918672,"Sigma":0.3966928601827947,"Taucorr":0.19298542976414024},"EnergyVariance":{"Mean":10.92468698147051,"Sigma":2.5701382949581224,"Taucorr":-0.05893919997392605},"Iteration":83},
{"Acceptance":[0.20176470588235293],"Energy":{"Mean":-14.660089447690133,"Sigma":0.409788946260259,"Taucorr":0.06954136762261054},"EnergyVariance":{"Mean":14.176609969910395,"Sigma":2.7588182460774875,"Taucorr":0.03162229535063921},"Iteration":84},
{"Acceptance":[0.18088235294117647],"Energy":{"Mean":-14.06844293880259,"Sigma":0.40442673891258996,"Taucorr":0.0359423284534125},"EnergyVariance":{"Mean":19.534952181790814,"Sigma":5.602033109589447,"Taucorr":0.03437549435864107},"Iteration":85},
{"Acceptance":[0.18382352941176472],"Energy":{"Mean":-14.875872130576411,"Sigma":0.47541168537078027,"Taucorr":0.09643137102044097},"EnergyVariance":{"Mean":22.806939094730474,"Sigma":7.48529585952045,"Taucorr":-0.04910830940588545},"Iteration":86},
{"Acceptance":[0.16852941176470587],"Energy":{"Mean":-14.363046089805744,"Sigma":0.4049002343773749,"Taucorr":0.1490079443752237},"EnergyVariance":{"Mean":12.614450963737573,"Sigma":3.427043698388863,"Taucorr":0.13577403821423406},"Iteration":87},
{"Acceptance":[0.16794117647058823],"Energy":{"Mean":-15.38912621539328,"Sigma":0.5813352650788424,"Taucorr":0.37509373352322384},"EnergyVariance":{"Mean":20.305109388646002,"Sigma":6.774758477995337,"Taucorr":0.2948965589361},"Iteration":88},
{"Acceptance":[0.18235294117647058],"Energy":{"Mean":-13.620310592134226,"Sigma":0.40839367801905446,"Taucorr":0.08978770765354838},"EnergyVariance":{"Mean":13.563308092080243,"Sigma":2.2594655408015782,"Taucorr":0.0467072386046099},"Iteration":89},
{"Acceptance":[0.1826470588235294],"Energy":{"Mean":-14.825719165623953,"Sigma":0.49791657964726094,"Taucorr":0.6043131870162539},"EnergyVariance":{"Mean":10.887541300517896,"Sigma":2.666460155166762,"Taucorr":0.5340966778996052},"Iteration":90},
{"Acceptance":[0.1585294117647059],"Energy":{"Mean":-14.490616594478961,"Sigma":0.3772817025022888,"Taucorr":0.07847457905653255},"EnergyVariance":{"Mean":14.034505260065478,"Sigma":4.679109768473136,"Taucorr":-0.004371863852801416},"Iteration":91},
{"Acceptance":[0.16588235294117648],"Energy":{"Mean":-14.320264220952035,"Sigma":0.54259908897285,"Taucorr":0.49060730781587414},"EnergyVariance":{"Mean":14.649481822376197,"Sigma":5.389332632736501,"Taucorr":0.06871629781109079},"Iteration":92},
{"Acceptance":[0.17],"Energy":{"Mean":-14.41486387450324,"Sigma":0.5714181754676396,"Taucorr":0.12900668721263486},"EnergyVariance":{"Mean":27.302426124171117,"Sigma":7.346224076663959,"Taucorr":-0.019824593477028973},"Iteration":93},
{"Acceptance":[0.15441176470588236],"Energy":{"Mean":-14.494174905261206,"Sigma":0.428446121518921,"Taucorr":0.18195495135236517},"EnergyVariance":{"Mean":18.544170867567175,"Sigma":4.62958481944685,"Taucorr":-0.04603379624536663},"Iteration":94},
{"Acceptance":[0.14705882352941177],"Energy":{"Mean":-16.08734492439997,"Sigma":0.47861448489796155,"Taucorr":0.13033275911623532},"EnergyVariance":{"Mean":17.56744587444601,"Sigma":2.8427257569649997,"Taucorr":0.011017060356992237},"Iteration":95},
{"Acceptance":[0.16205882352941176],"Energy":{"Mean":-13.877896806564829,"Sigma":0.3537135749695766,"Taucorr":0.09870823229292003},"EnergyVariance":{"Mean":9.967093167618584,"Sigma":2.7319519979003446,"Taucorr":0.23295488281854326},"Iteration":96},
{"Acceptance":[0.1564705882352941],"Energy":{"Mean":-15.153005271405881,"Sigma":0.44965150672423676,"Taucorr":0.1280844690202959},"EnergyVariance":{"Mean":15.368239055300844,"Sigma":3.4889473760642438,"Taucorr":0.29371092852346614},"Iteration":97},
{"Acceptance":[0.16088235294117648],"Energy":{"Mean":-15.07230327358269,"Sigma":0.6921005917070318,"Taucorr":0.46340929804673026},"EnergyVariance":{"Mean":23.884086355406833,"Sigma":8.522300026290496,"Taucorr":0.6213299790007178},"Iteration":98},
{"Acceptance":[0.15441176470588236],"Energy":{"Mean":-14.86516714514997,"Sigma":0.43516417149733155,"Taucorr":0.3625952409633817},"EnergyVariance":{"Mean":16.93274992161425,"Sigma":6.77072939586983,"Taucorr":0.03551291863171113},"Iteration":99} 
]}
{"input": {"L": 16, "J": 1, "machine": {"type": "FFNN", "model": ["tanh", 31, 1]}, "sampler": {"type": "MetropolisHop", "d_max": 5}, "optimizer": {"type": "AdaMax", "alpha": 0.001, "beta1": 0.9, "beta2": 0.999, "epscut": 1e-07}, "VMC": {"n_samples": 100, "discarded_samples": 100, "discarded_samples_on_init": 0, "target": "energy", "method": "Gd", "diag_shift": 0.01, "use_iterative": true, "use_cholesky": true}, "n_iter": 100}}
duration: -0.3730781078338623