{"Output": [
{"Acceptance":[0.8935294117647059],"Energy":{"Mean":13.412916895707044,"Sigma":0.3295896804306829,"Taucorr":0.2255394927720934},"EnergyVariance":{"Mean":7.725483680640933,"Sigma":0.954249329813689,"Taucorr":-0.008197973188377283},"Iteration":0},
{"Acceptance":[0.8258823529411765],"Energy":{"Mean":12.887775103248876,"Sigma":0.3646053145198731,"Taucorr":0.3296087678887615},"EnergyVariance":{"Mean":8.769543433037942,"Sigma":1.1995362410829868,"Taucorr":0.15224064918524594},"Iteration":1},
{"Acceptance":[0.7670588235294118],"Energy":{"Mean":12.588887326001872,"Sigma":0.46458217069771546,"Taucorr":0.3928848242472388},"EnergyVariance":{"Mean":13.79755651093815,"Sigma":1.606754802858281,"Taucorr":-0.01467389349654824},"Iteration":2},
{"Acceptance":[0.7038235294117647],"Energy":{"Mean":10.085222585726333,"Sigma":0.3399855001487736,"Taucorr":0.07630222117916963},"EnergyVariance":{"Mean":12.398866369206216,"Sigma":1.8631664199393814,"Taucorr":0.21041751981888157},"Iteration":3},
{"Acceptance":[0.6773529411764706],"Energy":{"Mean":10.358631206444304,"Sigma":0.43192967259779025,"Taucorr":0.2552174032856799},"EnergyVariance":{"Mean":14.8960499955279,"Sigma":1.8728497766406893,"Taucorr":-0.04329938816006296},"Iteration":4},
{"Acceptance":[0.6567647058823529],"Energy":{"Mean":10.373613413798429,"Sigma":0.3722453789726594,"Taucorr":0.015906325298043367},"EnergyVariance":{"Mean":17.110873040515745,"Sigma":2.1027120813085642,"Taucorr":0.06307687268239404},"Iteration":5},
{"Acceptance":[0.6111764705882353],"Energy":{"Mean":9.21518401158844,"Sigma":0.3223442822969422,"Taucorr":-0.0025356547641539606},"EnergyVariance":{"Mean":15.604292801723494,"Sigma":1.903817546890805,"Taucorr":0.05274552212179762},"Iteration":6},
{"Acceptance":[0.5670588235294117],"Energy":{"Mean":8.095339415360588,"Sigma":0.4593091219870377,"Taucorr":0.2215750459347693},"EnergyVariance":{"Mean":19.488155078477867,"Sigma":1.4595711203101878,"Taucorr":-0.19103422313767376},"Iteration":7},
{"Acceptance":[0.5367647058823529],"Energy":{"Mean":6.650761410023654,"Sigma":0.4910655353608347,"Taucorr":0.43438025721607065},"EnergyVariance":{"Mean":20.49558371315086,"Sigma":2.3179192463257587,"Taucorr":0.1639442321758744},"Iteration":8},
{"Acceptance":[0.5108823529411765],"Energy":{"Mean":6.134615484317754,"Sigma":0.47310444631788906,"Taucorr":0.2651350008451969},"EnergyVariance":{"Mean":25.46515498057099,"Sigma":2.2679155625255016,"Taucorr":-0.06362087579017006},"Iteration":9},
{"Acceptance":[0.48970588235294116],"Energy":{"Mean":5.913502402521768,"Sigma":0.44859576440025367,"Taucorr":0.17846126529974393},"EnergyVariance":{"Mean":22.644542778726716,"Sigma":1.9124695837149226,"Taucorr":-0.08374457898863419},"Iteration":10},
{"Acceptance":[0.42411764705882354],"Energy":{"Mean":3.69012752604342,"Sigma":0.610405990739393,"Taucorr":0.5492732168181558},"EnergyVariance":{"Mean":25.978442403992418,"Sigma":3.889796691140918,"Taucorr":0.36867919444482844},"Iteration":11},
{"Acceptance":[0.4294117647058823],"Energy":{"Mean":3.471373456874906,"Sigma":0.42908666688199093,"Taucorr":0.12915682685561003},"EnergyVariance":{"Mean":30.14501880862573,"Sigma":3.324111383344967,"Taucorr":-0.06858126356677213},"Iteration":12},
{"Acceptance":[0.39088235294117646],"Energy":{"Mean":2.5728070502060527,"Sigma":0.4753566456942653,"Taucorr":0.5954828293246774},"EnergyVariance":{"Mean":21.92092628917277,"Sigma":3.44101595585233,"Taucorr":0.2618455256582167},"Iteration":13},
{"Acceptance":[0.3897058823529412],"Energy":{"Mean":1.2794430588132468,"Sigma":0.46211271762395534,"Taucorr":0.32241870371514036},"EnergyVariance":{"Mean":23.376474175392428,"Sigma":2.842880638528567,"Taucorr":0.19165259025403303},"Iteration":14},
{"Acceptance":[0.36411764705882355],"Energy":{"Mean":1.1964557220649563,"Sigma":0.49177723666381956,"Taucorr":0.37333751278905003},"EnergyVariance":{"Mean":26.145730027700655,"Sigma":4.692303059824075,"Taucorr":0.3817171001813975},"Iteration":15},
{"Acceptance":[0.3376470588235294],"Energy":{"Mean":-0.388613996728567,"Sigma":0.439899735861881,"Taucorr":0.37477789349296253},"EnergyVariance":{"Mean":20.976853789212154,"Sigma":2.497881840648967,"Taucorr":0.07609354188708362},"Iteration":16},
{"Acceptance":[0.31],"Energy":{"Mean":-1.2489710272671413,"Sigma":0.36542007995529247,"Taucorr":0.2880377737441435},"EnergyVariance":{"Mean":21.85186058140238,"Sigma":3.339922803880458,"Taucorr":0.3155232708497723},"Iteration":17},
{"Acceptance":[0.3076470588235294],"Energy":{"Mean":-1.3395611826835558,"Sigma":0.39595522570307234,"Taucorr":0.3395159971674774},"EnergyVariance":{"Mean":18.64390093116706,"Sigma":2.5262182187666093,"Taucorr":0.20847895722316956},"Iteration":18},
{"Acceptance":[0.29705882352941176],"Energy":{"Mean":-1.06760107234417,"Sigma":0.31572557123718126,"Taucorr":0.16629800988061594},"EnergyVariance":{"Mean":21.975530708951172,"Sigma":3.047679759608639,"Taucorr":0.04852877285403767},"Iteration":19},
{"Acceptance":[0.28441176470588236],"Energy":{"Mean":-1.6193309437560182,"Sigma":0.3308058096773437,"Taucorr":0.11304583929874346},"EnergyVariance":{"Mean":23.564207328197547,"Sigma":5.73978660766751,"Taucorr":0.7425006668944485},"Iteration":20},
{"Acceptance":[0.2585294117647059],"Energy":{"Mean":-3.941657926765034,"Sigma":0.39178082288080546,"Taucorr":0.5796626253323534},"EnergyVariance":{"Mean":17.678613204899364,"Sigma":3.765514963870566,"Taucorr":0.6500852310355825},"Iteration":21},
{"Acceptance":[0.2591176470588235],"Energy":{"Mean":-3.6149621458495584,"Sigma":0.30137809364576057,"Taucorr":0.290684329124008},"EnergyVariance":{"Mean":13.59659217213117,"Sigma":2.579318497899372,"Taucorr":0.2858626100812841},"Iteration":22},
{"Acceptance":[0.25735294117647056],"Energy":{"Mean":-3.02780188286495,"Sigma":0.5209498453815113,"Taucorr":0.5082468530474344},"EnergyVariance":{"Mean":26.50891058645167,"Sigma":4.38405842068837,"Taucorr":0.2455095045524679},"Iteration":23},
{"Acceptance":[0.22941176470588234],"Energy":{"Mean":-5.428868795230104,"Sigma":0.33915003328962795,"Taucorr":0.4945390748673749},"EnergyVariance":{"Mean":12.904269569138075,"Sigma":2.4317439913281875,"Taucorr":0.30111435230191297},"Iteration":24},
{"Acceptance":[0.2311764705882353],"Energy":{"Mean":-5.376841965085782,"Sigma":0.27492289069132025,"Taucorr":0.04533002124041774},"EnergyVariance":{"Mean":16.088543286108987,"Sigma":4.391494252821237,"Taucorr":0.32330468282650815},"Iteration":25},
{"Acceptance":[0.23705882352941177],"Energy":{"Mean":-4.6967559674502635,"Sigma":0.372857390131596,"Taucorr":0.12978210809466717},"EnergyVariance":{"Mean":20.033563272709554,"Sigma":3.1224761599900677,"Taucorr":0.025903959018245604},"Iteration":26},
{"Acceptance":[0.22441176470588237],"Energy":{"Mean":-5.8428788311360975,"Sigma":0.2680959281152227,"Taucorr":0.0006708360342400077},"EnergyVariance":{"Mean":19.02978895379206,"Sigma":4.196286710286346,"Taucorr":0.31733548942758105},"Iteration":27},
{"Acceptance":[0.2161764705882353],"Energy":{"Mean":-5.920430619469638,"Sigma":0.32314745102645975,"Taucorr":-0.05985152491287071},"EnergyVariance":{"Mean":20.00692210819831,"Sigma":4.6210113837172315,"Taucorr":0.3480841187641137},"Iteration":28},
{"Acceptance":[0.2161764705882353],"Energy":{"Mean":-6.812555696623579,"Sigma":0.3690869444130495,"Taucorr":0.1685551652877817},"EnergyVariance":{"Mean":20.66037412037688,"Sigma":6.43326731147057,"Taucorr":0.5656321027565485},"Iteration":29},
{"Acceptance":[0.22705882352941176],"Energy":{"Mean":-6.178349484105728,"Sigma":0.39477381290692537,"Taucorr":0.268335111708101},"EnergyVariance":{"Mean":20.814973768881313,"Sigma":5.096221898924181,"Taucorr":0.7455359864963951},"Iteration":30},
{"Acceptance":[0.1976470588235294],"Energy":{"Mean":-7.098975380857944,"Sigma":0.3798150650327786,"Taucorr":0.25995502256827085},"EnergyVariance":{"Mean":19.713296616909364,"Sigma":3.6728276873279864,"Taucorr":0.25489293478050723},"Iteration":31},
{"Acceptance":[0.21294117647058824],"Energy":{"Mean":-6.140899996043514,"Sigma":0.44029242851269446,"Taucorr":0.11978693156720865},"EnergyVariance":{"Mean":24.576662026400523,"Sigma":4.46058841232751,"Taucorr":0.2939593663011365},"Iteration":32},
{"Acceptance":[0.1826470588235294],"Energy":{"Mean":-7.905028205736922,"Sigma":0.3034587374768914,"Taucorr":0.09478877618054582},"EnergyVariance":{"Mean":12.508800984142407,"Sigma":2.3973257224105833,"Taucorr":0.2652841834670313},"Iteration":33},
{"Acceptance":[0.18705882352941178],"Energy":{"Mean":-8.223481691568946,"Sigma":0.41005016714103654,"Taucorr":0.4111307327652034},"EnergyVariance":{"Mean":17.41712173778198,"Sigma":4.180458161008185,"Taucorr":0.4087791216776814},"Iteration":34},
{"Acceptance":[0.18735294117647058],"Energy":{"Mean":-7.18659837122223,"Sigma":0.35218235791274555,"Taucorr":0.2639531685484172},"EnergyVariance":{"Mean":10.742021293048568,"Sigma":1.8726453081526664,"Taucorr":0.07913977221194324},"Iteration":35},
{"Acceptance":[0.19058823529411764],"Energy":{"Mean":-7.883413396527792,"Sigma":0.417628560408495,"Taucorr":0.47614506103515497},"EnergyVariance":{"Mean":12.23017777456413,"Sigma":2.357468097216464,"Taucorr":0.022867148874160526},"Iteration":36},
{"Acceptance":[0.20411764705882354],"Energy":{"Mean":-9.155135640528648,"Sigma":0.4633239687553252,"Taucorr":0.4346071708800431},"EnergyVariance":{"Mean":18.937300678836817,"Sigma":4.479439597170364,"Taucorr":0.3847572491760113},"Iteration":37},
{"Acceptance":[0.17441176470588235],"Energy":{"Mean":-8.79878764344889,"Sigma":0.4221694851086873,"Taucorr":0.3513968364001635},"EnergyVariance":{"Mean":16.00427157936815,"Sigma":3.8506209872432327,"Taucorr":0.3211579658130709},"Iteration":38},
{"Acceptance":[0.19088235294117648],"Energy":{"Mean":-9.13801652744483,"Sigma":0.38740036181400206,"Taucorr":0.14608193448114803},"EnergyVariance":{"Mean":18.953292658778114,"Sigma":3.9029883769370084,"Taucorr":0.11573132707818001},"Iteration":39},
{"Acceptance":[0.17588235294117646],"Energy":{"Mean":-8.796840697463328,"Sigma":0.2692586518392432,"Taucorr":0.06397921140780494},"EnergyVariance":{"Mean":8.284050608104701,"Sigma":1.5842349529560456,"Taucorr":0.2262004266929888},"Iteration":40},
{"Acceptance":[0.19588235294117648],"Energy":{"Mean":-8.861810548840994,"Sigma":0.27339721891135355,"Taucorr":0.03836483979486616},"EnergyVariance":{"Mean":9.375263804208886,"Sigma":1.8643914251369513,"Taucorr":0.06305199841586573},"Iteration":41},
{"Acceptance":[0.18794117647058822],"Energy":{"Mean":-9.980017612581138,"Sigma":0.40726187476536907,"Taucorr":0.20978760400670982},"EnergyVariance":{"Mean":17.69214819758744,"Sigma":4.060999333753239,"Taucorr":0.316054632072848},"Iteration":42},
{"Acceptance":[0.18058823529411766],"Energy":{"Mean":-9.303739022759954,"Sigma":0.3175819660755127,"Taucorr":0.04870452322400576},"EnergyVariance":{"Mean":10.483320948031094,"Sigma":2.633482329383516,"Taucorr":-0.015028871531699683},"Iteration":43},
{"Acceptance":[0.1988235294117647],"Energy":{"Mean":-9.636142285148841,"Sigma":0.30891910367868314,"Taucorr":-0.03202873283991392},"EnergyVariance":{"Mean":13.176084231734915,"Sigma":2.862771298960591,"Taucorr":0.10210891573412784},"Iteration":44},
{"Acceptance":[0.2088235294117647],"Energy":{"Mean":-10.815700493491073,"Sigma":0.4878913206582336,"Taucorr":0.21124103662054217},"EnergyVariance":{"Mean":21.849801081404138,"Sigma":5.905674282660806,"Taucorr":0.22792812098059},"Iteration":45},
{"Acceptance":[0.16647058823529412],"Energy":{"Mean":-9.981184981676511,"Sigma":0.4404370184495981,"Taucorr":0.4958448291542348},"EnergyVariance":{"Mean":10.318970357812258,"Sigma":3.857551911490301,"Taucorr":0.2028397327995236},"Iteration":46},
{"Acceptance":[0.17794117647058824],"Energy":{"Mean":-9.899074943063257,"Sigma":0.48047178703958526,"Taucorr":0.24735829533363096},"EnergyVariance":{"Mean":23.710463069276646,"Sigma":5.524783857648056,"Taucorr":0.6056928023886015},"Iteration":47},
{"Acceptance":[0.17676470588235293],"Energy":{"Mean":-10.06531940717919,"Sigma":0.2952378399967914,"Taucorr":-0.020377578200574953},"EnergyVariance":{"Mean":9.688624726004916,"Sigma":2.2081873967212933,"Taucorr":0.25546065567782694},"Iteration":48},
{"Acceptance":[0.1761764705882353],"Energy":{"Mean":-9.844462868630934,"Sigma":0.37219419532774173,"Taucorr":0.16011168725478242},"EnergyVariance":{"Mean":16.68344799981953,"Sigma":5.189610098974385,"Taucorr":0.3899211687577272},"Iteration":49},
{"Acceptance":[0.17852941176470588],"Energy":{"Mean":-9.888812660495457,"Sigma":0.3023627053858324,"Taucorr":0.1800828200304344},"EnergyVariance":{"Mean":7.420382600683357,"Sigma":1.6820459068556595,"Taucorr":0.34559938328282},"Iteration":50},
{"Acceptance":[0.18588235294117647],"Energy":{"Mean":-10.366248963591202,"Sigma":0.3527599600024437,"Taucorr":0.12076824770436811},"EnergyVariance":{"Mean":13.595061444998242,"Sigma":3.506562868877913,"Taucorr":0.03974882376797584},"Iteration":51},
{"Acceptance":[0.19029411764705884],"Energy":{"Mean":-10.882217498529053,"Sigma":0.39729093791008613,"Taucorr":0.37246413461347494},"EnergyVariance":{"Mean":23.131283155363313,"Sigma":11.16577869815178,"Taucorr":0.3915913947684698},"Iteration":52},
{"Acceptance":[0.18294117647058825],"Energy":{"Mean":-11.131955363219731,"Sigma":0.460001185148097,"Taucorr":0.28964788410353937},"EnergyVariance":{"Mean":18.022069873669235,"Sigma":4.48266183000545,"Taucorr":0.03393406415619071},"Iteration":53},
{"Acceptance":[0.18029411764705883],"Energy":{"Mean":-10.913020397693138,"Sigma":0.4267120114875177,"Taucorr":-0.03007659371844862},"EnergyVariance":{"Mean":20.28533053385202,"Sigma":8.153082264678801,"Taucorr":0.040352778953936186},"Iteration":54},
{"Acceptance":[0.18441176470588236],"Energy":{"Mean":-10.578118505154022,"Sigma":0.38861637477030825,"Taucorr":0.36640511376061025},"EnergyVariance":{"Mean":10.053740844802304,"Sigma":2.919333206700253,"Taucorr":0.517066969492844},"Iteration":55},
{"Acceptance":[0.17441176470588235],"Energy":{"Mean":-11.580928052903822,"Sigma":0.34650808649993164,"Taucorr":0.31039047956399846},"EnergyVariance":{"Mean":8.348031188040222,"Sigma":1.6495538119544968,"Taucorr":0.17174936635177374},"Iteration":56},
{"Acceptance":[0.17794117647058824],"Energy":{"Mean":-10.443992610689548,"Sigma":0.3157781743234597,"Taucorr":0.08424224054658047},"EnergyVariance":{"Mean":13.106164734261151,"Sigma":4.687349146655284,"Taucorr":0.8085119448199223},"Iteration":57},
{"Acceptance":[0.1976470588235294],"Energy":{"Mean":-10.731747469374122,"Sigma":0.3659475585203602,"Taucorr":0.046890725544818435},"EnergyVariance":{"Mean":15.072455573728337,"Sigma":5.574101420957985,"Taucorr":-0.01870701317175849},"Iteration":58},
{"Acceptance":[0.18441176470588236],"Energy":{"Mean":-11.073634898144487,"Sigma":0.44006504748831415,"Taucorr":0.0930348665636449},"EnergyVariance":{"Mean":18.304839488581315,"Sigma":6.992280573256888,"Taucorr":-0.019997319711867634},"Iteration":59},
{"Acceptance":[0.20205882352941176],"Energy":{"Mean":-10.787516165704165,"Sigma":0.3409004992891108,"Taucorr":0.009144741632835962},"EnergyVariance":{"Mean":15.824367111373313,"Sigma":6.044087233158689,"Taucorr":0.3816179074885677},"Iteration":60},
{"Acceptance":[0.19970588235294118],"Energy":{"Mean":-11.589642631521187,"Sigma":0.3124732100982589,"Taucorr":-0.02127357416437936},"EnergyVariance":{"Mean":13.148185510524415,"Sigma":3.9534790845007985,"Taucorr":0.3696782216476563},"Iteration":61},
{"Acceptance":[0.18441176470588236],"Energy":{"Mean":-10.627744542391614,"Sigma":0.3578171687740229,"Taucorr":0.1058072817685709},"EnergyVariance":{"Mean":12.100415158650542,"Sigma":2.766954438065488,"Taucorr":0.10229311228527216},"Iteration":62},
{"Acceptance":[0.18],"Energy":{"Mean":-11.41938856502896,"Sigma":0.38750494291131654,"Taucorr":0.09015626595727377},"EnergyVariance":{"Mean":15.52201358052341,"Sigma":4.549248340465591,"Taucorr":0.0052402562108286865},"Iteration":63},
{"Acceptance":[0.16323529411764706],"Energy":{"Mean":-10.53118395215673,"Sigma":0.5657076923956652,"Taucorr":0.23410895590939684},"EnergyVariance":{"Mean":22.009302288857764,"Sigma":10.157250539156122,"Taucorr":-0.01813901350376179},"Iteration":64},
{"Acceptance":[0.17147058823529412],"Energy":{"Mean":-12.528514898542543,"Sigma":0.5126371888333214,"Taucorr":0.00604493270013251},"EnergyVariance":{"Mean":28.938332256828204,"Sigma":15.205208489786134,"Taucorr":-0.014244180154066088},"Iteration":65},
{"Acceptance":[0.17411764705882352],"Energy":{"Mean":-11.83793898075094,"Sigma":0.19489525159236792,"Taucorr":-0.24722914830586268},"EnergyVariance":{"Mean":9.01041524227177,"Sigma":1.8864756408860655,"Taucorr":0.09538152038088621},"Iteration":66},
{"Acceptance":[0.16117647058823528],"Energy":{"Mean":-10.976352645850389,"Sigma":0.43205173852340184,"Taucorr":0.4686828567520144},"EnergyVariance":{"Mean":11.003274433862844,"Sigma":2.937980526678211,"Taucorr":0.6174894860171878},"Iteration":67},
{"Acceptance":[0.14882352941176472],"Energy":{"Mean":-11.878265091741746,"Sigma":0.32986276691492095,"Taucorr":0.1255124616809815},"EnergyVariance":{"Mean":10.094883617804753,"Sigma":2.2038493335025726,"Taucorr":0.1880293277710231},"Iteration":68},
{"Acceptance":[0.15558823529411764],"Energy":{"Mean":-11.842078553059462,"Sigma":0.3645845380946276,"Taucorr":0.10639057840779864},"EnergyVariance":{"Mean":12.043577863548077,"Sigma":6.855677170884498,"Taucorr":-0.020621626202021126},"Iteration":69},
{"Acceptance":[0.14470588235294118],"Energy":{"Mean":-12.304319762567424,"Sigma":0.3487439486929867,"Taucorr":0.1752606228231116},"EnergyVariance":{"Mean":11.076093881096014,"Sigma":4.2611442259192716,"Taucorr":0.05465927361729361},"Iteration":70},
{"Acceptance":[0.13],"Energy":{"Mean":-12.4285506743938,"Sigma":0.4357177016423181,"Taucorr":0.05210648063728929},"EnergyVariance":{"Mean":19.698284862041188,"Sigma":9.900496604109088,"Taucorr":-0.019053801448513874},"Iteration":71},
{"Acceptance":[0.1676470588235294],"Energy":{"Mean":-12.637454261861778,"Sigma":0.5085978086975106,"Taucorr":0.11639978339862145},"EnergyVariance":{"Mean":21.8968117951324,"Sigma":7.2374210753359245,"Taucorr":0.28507810547320767},"Iteration":72},
{"Acceptance":[0.13705882352941176],"Energy":{"Mean":-12.259049011986194,"Sigma":0.3154508918845657,"Taucorr":0.29737846762526154},"EnergyVariance":{"Mean":9.851142689932328,"Sigma":2.8527930205066188,"Taucorr":0.12136703441033814},"Iteration":73},
{"Acceptance":[0.1188235294117647],"Energy":{"Mean":-12.32489292900404,"Sigma":0.3228383845682357,"Taucorr":0.4885075712591991},"EnergyVariance":{"Mean":5.703045740759982,"Sigma":1.896509591613255,"Taucorr":0.5335845521182192},"Iteration":74},
{"Acceptance":[0.11470588235294117],"Energy":{"Mean":-12.000408928933012,"Sigma":0.3041856145796422,"Taucorr":0.17440901891371396},"EnergyVariance":{"Mean":8.467354456455205,"Sigma":4.379836449270363,"Taucorr":0.43218137603837625},"Iteration":75},
{"Acceptance":[0.14],"Energy":{"Mean":-13.158506348830489,"Sigma":0.6473431524417734,"Taucorr":0.43941487416319025},"EnergyVariance":{"Mean":25.963671387702476,"Sigma":8.632857196305412,"Taucorr":0.32033370716996534},"Iteration":76},
{"Acceptance":[0.11323529411764706],"Energy":{"Mean":-12.544168047243947,"Sigma":0.30772664241829095,"Taucorr":0.09632864189157198},"EnergyVariance":{"Mean":8.300039818199417,"Sigma":1.9107530522068752,"Taucorr":0.3460559505312615},"Iteration":77},
{"Acceptance":[0.11235294117647059],"Energy":{"Mean":-12.84093529761925,"Sigma":0.3609306270604197,"Taucorr":0.07851679546433299},"EnergyVariance":{"Mean":13.15814507014369,"Sigma":5.615112320668747,"Taucorr":0.0016799149427099147},"Iteration":78},
{"Acceptance":[0.10676470588235294],"Energy":{"Mean":-12.933400913688907,"Sigma":0.23769523319691593,"Taucorr":-0.01691999907066921},"EnergyVariance":{"Mean":6.079203341717914,"Sigma":2.024947716534105,"Taucorr":0.2445300676529354},"Iteration":79},
{"Acceptance":[0.13176470588235295],"Energy":{"Mean":-13.139206126584794,"Sigma":0.4341717874423583,"Taucorr":-0.043558984937028256},"EnergyVariance":{"Mean":23.649348688480618,"Sigma":10.981904556452017,"Taucorr":-0.008095516816452486},"Iteration":80},
{"Acceptance":[0.14411764705882352],"Energy":{"Mean":-13.374255033465555,"Sigma":0.36360672170301445,"Taucorr":0.360959293852399},"EnergyVariance":{"Mean":8.354790013241395,"Sigma":2.1729025591571838,"Taucorr":0.3568980958261866},"Iteration":81},
{"Acceptance":[0.12294117647058823],"Energy":{"Mean":-12.65767484252945,"Sigma":0.2618552805145223,"Taucorr":0.0423383795378377},"EnergyVariance":{"Mean":6.76412334161264,"Sigma":1.7413108420624337,"Taucorr":0.5311526347966311},"Iteration":82},
{"Acceptance":[0.13264705882352942],"Energy":{"Mean":-13.44567733371117,"Sigma":0.39128861932010456,"Taucorr":0.19814925776261638},"EnergyVariance":{"Mean":12.258078372733662,"Sigma":2.7410765112421114,"Taucorr":0.1355029996317615},"Iteration":83},
{"Acceptance":[0.11529411764705882],"Energy":{"Mean":-12.876240337670117,"Sigma":0.3494249406571932,"Taucorr":0.45279352852464605},"EnergyVariance":{"Mean":7.050458309135485,"Sigma":2.0810363983539344,"Taucorr":0.4280227075925702},"Iteration":84},
{"Acceptance":[0.12676470588235295],"Energy":{"Mean":-12.041845109977519,"Sigma":0.41436343327540576,"Taucorr":0.11411111346380554},"EnergyVariance":{"Mean":41.68839129476726,"Sigma":34.05548922241608,"Taucorr":0.01701049871848692},"Iteration":85},
{"Acceptance":[0.14588235294117646],"Energy":{"Mean":-12.54823411299438,"Sigma":0.32021300903833766,"Taucorr":0.43673724779424117},"EnergyVariance":{"Mean":5.70474111470354,"Sigma":1.295302939710904,"Taucorr":0.4159281052568884},"Iteration":86},
{"Acceptance":[0.12294117647058823],"Energy":{"Mean":-12.823462194257418,"Sigma":0.33495382531092427,"Taucorr":0.14161718917706223},"EnergyVariance":{"Mean":9.629131030918629,"Sigma":2.81439244385386,"Taucorr":0.03361868735154572},"Iteration":87},
{"Acceptance":[0.14852941176470588],"Energy":{"Mean":-12.776787793330794,"Sigma":0.4255400549122434,"Taucorr":0.5314406192186403},"EnergyVariance":{"Mean":10.034017181745236,"Sigma":2.0952097209669795,"Taucorr":0.2977671788660944},"Iteration":88},
{"Acceptance":[0.1476470588235294],"Energy":{"Mean":-12.458017287634965,"Sigma":0.7461893134566724,"Taucorr":0.3822069957736939},"EnergyVariance":{"Mean":54.044534477221696,"Sigma":33.903724498795356,"Taucorr":0.38176774899442256},"Iteration":89},
{"Acceptance":[0.1497058823529412],"Energy":{"Mean":-12.759683919276961,"Sigma":0.3070755916144535,"Taucorr":-0.027650624983356575},"EnergyVariance":{"Mean":11.76379630768441,"Sigma":2.6332471465954326,"Taucorr":0.010353023274741524},"Iteration":90},
{"Acceptance":[0.11323529411764706],"Energy":{"Mean":-13.458207202097173,"Sigma":0.5751274582567824,"Taucorr":0.5168528634351233},"EnergyVariance":{"Mean":19.242435494667838,"Sigma":13.699036856122614,"Taucorr":0.47973007636380605},"Iteration":91},
{"Acceptance":[0.13705882352941176],"Energy":{"Mean":-13.32150262672481,"Sigma":0.281638556509879,"Taucorr":0.02649005698890261},"EnergyVariance":{"Mean":10.669705521488442,"Sigma":2.11890843132204,"Taucorr":0.0012335950170353494},"Iteration":92},
{"Acceptance":[0.16294117647058823],"Energy":{"Mean":-13.58631310901048,"Sigma":0.43038857644617357,"Taucorr":0.3489742185180883},"EnergyVariance":{"Mean":13.844516035330713,"Sigma":3.698300463001156,"Taucorr":0.3447790251992222},"Iteration":93},
{"Acceptance":[0.14588235294117646],"Energy":{"Mean":-12.975826630722196,"Sigma":0.2956027777624613,"Taucorr":0.16697625859334186},"EnergyVariance":{"Mean":7.378293748440664,"Sigma":1.3718584592771594,"Taucorr":0.24668699331681054},"Iteration":94},
{"Acceptance":[0.145],"Energy":{"Mean":-14.005312036453441,"Sigma":0.6810832525854277,"Taucorr":0.5234163590090131},"EnergyVariance":{"Mean":22.45219053853835,"Sigma":9.17415333124053,"Taucorr":0.5018042990148535},"Iteration":95},
{"Acceptance":[0.13088235294117648],"Energy":{"Mean":-13.308634720390431,"Sigma":0.4254664878966351,"Taucorr":0.5196810287803386},"EnergyVariance":{"Mean":8.971653307018293,"Sigma":3.469361116649214,"Taucorr":0.10133534796978505},"Iteration":96},
{"Acceptance":[0.16852941176470587],"Energy":{"Mean":-12.660786581839506,"Sigma":0.45747961151789374,"Taucorr":0.2351338527280571},"EnergyVariance":{"Mean":15.581879221007577,"Sigma":5.109960938703385,"Taucorr":0.06366291475525043},"Iteration":97},
{"Acceptance":[0.15941176470588236],"Energy":{"Mean":-13.730065229167646,"Sigma":0.33761615987394156,"Taucorr":0.009636682826497323},"EnergyVariance":{"Mean":11.974416716016426,"Sigma":3.0412316128972496,"Taucorr":0.24059645081095204},"Iteration":98},
{"Acceptance":[0.16794117647058823],"Energy":{"Mean":-13.172862854099897,"Sigma":0.33086402229447137,"Taucorr":-0.04275172593223309},"EnergyVariance":{"Mean":13.35057410754322,"Sigma":2.8224870409526392,"Taucorr":0.01583418980705753},"Iteration":99} 
]}
{"input": {"L": 16, "J": 1, "machine": {"type": "FFNN", "model": ["tanh", 32, 2]}, "sampler": {"type": "MetropolisHop", "d_max": 5}, "optimizer": {"type": "AdaMax", "alpha": 0.001, "beta1": 0.9, "beta2": 0.999, "epscut": 1e-07}, "VMC": {"n_samples": 100, "discarded_samples": 100, "discarded_samples_on_init": 0, "target": "energy", "method": "Gd", "diag_shift": 0.01, "use_iterative": true, "use_cholesky": true}, "n_iter": 100}}
duration: -1.4739959239959717