{"Output": [
{"Acceptance":[0.8364705882352941],"Energy":{"Mean":13.642387204717204,"Sigma":0.3064022168467959,"Taucorr":0.10442483262151625},"EnergyVariance":{"Mean":8.044059986582198,"Sigma":1.0230979492547196,"Taucorr":0.048094672166001495},"Iteration":0},
{"Acceptance":[0.7329411764705882],"Energy":{"Mean":12.126706014042549,"Sigma":0.3406407054451453,"Taucorr":0.16531642225189225},"EnergyVariance":{"Mean":10.436070010232013,"Sigma":1.1802474580146156,"Taucorr":0.015299973359263919},"Iteration":1},
{"Acceptance":[0.6826470588235294],"Energy":{"Mean":10.706688006155002,"Sigma":0.47920571680749563,"Taucorr":0.39206246029357883},"EnergyVariance":{"Mean":15.459962808422258,"Sigma":2.0702885023274313,"Taucorr":0.0005243320903330906},"Iteration":2},
{"Acceptance":[0.5891176470588235],"Energy":{"Mean":8.807670837342117,"Sigma":0.41574468931504044,"Taucorr":0.36627197016697544},"EnergyVariance":{"Mean":13.85999255135631,"Sigma":2.1109957876154284,"Taucorr":0.425969999222644},"Iteration":3},
{"Acceptance":[0.5358823529411765],"Energy":{"Mean":7.811124548713025,"Sigma":0.3806739319382357,"Taucorr":0.11163802112670418},"EnergyVariance":{"Mean":16.87786225749763,"Sigma":1.7843614339542908,"Taucorr":0.004722807172652721},"Iteration":4},
{"Acceptance":[0.51],"Energy":{"Mean":6.66440715203982,"Sigma":0.3797860231470354,"Taucorr":0.21400819829625994},"EnergyVariance":{"Mean":20.74741965737211,"Sigma":2.0255208239632863,"Taucorr":-0.04884873349016705},"Iteration":5},
{"Acceptance":[0.4447058823529412],"Energy":{"Mean":4.356948988743207,"Sigma":0.47920697613957236,"Taucorr":0.5280943572387709},"EnergyVariance":{"Mean":17.224350823811342,"Sigma":2.1041271971536064,"Taucorr":0.22827689136781049},"Iteration":6},
{"Acceptance":[0.4388235294117647],"Energy":{"Mean":3.4675644079961048,"Sigma":0.382432160841593,"Taucorr":0.17737749314236928},"EnergyVariance":{"Mean":20.630324199779086,"Sigma":1.9488285001485013,"Taucorr":-0.1040236898223385},"Iteration":7},
{"Acceptance":[0.3791176470588235],"Energy":{"Mean":1.7670250732672415,"Sigma":0.3393264088608519,"Taucorr":0.09273172556787368},"EnergyVariance":{"Mean":20.893918306099383,"Sigma":3.3709182450355493,"Taucorr":0.2737420342847281},"Iteration":8},
{"Acceptance":[0.3511764705882353],"Energy":{"Mean":-0.02829549847425685,"Sigma":0.2872264003961755,"Taucorr":0.208476403089634},"EnergyVariance":{"Mean":13.466202977764336,"Sigma":2.3721422575101245,"Taucorr":0.24358887133827956},"Iteration":9},
{"Acceptance":[0.33441176470588235],"Energy":{"Mean":0.3153322712511115,"Sigma":0.4299832118457241,"Taucorr":0.4324653478106465},"EnergyVariance":{"Mean":19.653453704463796,"Sigma":3.3196449941595816,"Taucorr":0.35745776568596366},"Iteration":10},
{"Acceptance":[0.2958823529411765],"Energy":{"Mean":-0.7360013041384096,"Sigma":0.45680509583986867,"Taucorr":0.48848151557510167},"EnergyVariance":{"Mean":19.01243678353001,"Sigma":2.921398014014879,"Taucorr":0.4659485071563142},"Iteration":11},
{"Acceptance":[0.2776470588235294],"Energy":{"Mean":-2.405326172365727,"Sigma":0.40224729585738095,"Taucorr":0.23900532513295691},"EnergyVariance":{"Mean":27.0557153602091,"Sigma":3.3844104485439708,"Taucorr":-0.10573517135097665},"Iteration":12},
{"Acceptance":[0.25558823529411767],"Energy":{"Mean":-3.3503571956950733,"Sigma":0.350054508567042,"Taucorr":0.3464793648516904},"EnergyVariance":{"Mean":15.325041978239527,"Sigma":2.3293458579327,"Taucorr":0.136723598452115},"Iteration":13},
{"Acceptance":[0.23647058823529413],"Energy":{"Mean":-4.62452327517952,"Sigma":0.2779892187974353,"Taucorr":0.14080665318321262},"EnergyVariance":{"Mean":22.389590064928043,"Sigma":5.249937128410893,"Taucorr":0.43806309791697884},"Iteration":14},
{"Acceptance":[0.21205882352941177],"Energy":{"Mean":-4.422981146238277,"Sigma":0.30646196366357076,"Taucorr":0.21399359606052226},"EnergyVariance":{"Mean":15.24437438080271,"Sigma":2.966289541765158,"Taucorr":0.07323967167537548},"Iteration":15},
{"Acceptance":[0.2188235294117647],"Energy":{"Mean":-6.188013767372862,"Sigma":0.46187065286725315,"Taucorr":0.4062729215342695},"EnergyVariance":{"Mean":27.803874622475536,"Sigma":8.932279145336055,"Taucorr":0.7177440820361447},"Iteration":16},
{"Acceptance":[0.22176470588235295],"Energy":{"Mean":-5.815559589063319,"Sigma":0.29259196138362364,"Taucorr":0.3763945728058904},"EnergyVariance":{"Mean":16.699089904488428,"Sigma":3.728387481452688,"Taucorr":0.19696119910027543},"Iteration":17},
{"Acceptance":[0.1864705882352941],"Energy":{"Mean":-6.985443241875307,"Sigma":0.19301625792950736,"Taucorr":-0.17633529338864068},"EnergyVariance":{"Mean":19.342842013268797,"Sigma":6.602715138824615,"Taucorr":0.12209634936328928},"Iteration":18},
{"Acceptance":[0.1952941176470588],"Energy":{"Mean":-6.477504107625077,"Sigma":0.386668187024946,"Taucorr":0.3784662779555986},"EnergyVariance":{"Mean":16.99104951609069,"Sigma":3.4021930920210393,"Taucorr":-0.007203179867538045},"Iteration":19},
{"Acceptance":[0.18176470588235294],"Energy":{"Mean":-7.153933776853239,"Sigma":0.3617188465987927,"Taucorr":0.45353109504970857},"EnergyVariance":{"Mean":13.15431454537647,"Sigma":3.157656369189606,"Taucorr":0.24683618203918423},"Iteration":20},
{"Acceptance":[0.18470588235294116],"Energy":{"Mean":-7.976806715860366,"Sigma":0.3089969009632746,"Taucorr":0.15335939888276529},"EnergyVariance":{"Mean":16.838749429774925,"Sigma":6.4261978490674645,"Taucorr":0.24089582148583177},"Iteration":21},
{"Acceptance":[0.17],"Energy":{"Mean":-7.646543906224952,"Sigma":0.3737224630801833,"Taucorr":0.2623756359066802},"EnergyVariance":{"Mean":14.031682546704788,"Sigma":3.9345300323007018,"Taucorr":0.2014352411398027},"Iteration":22},
{"Acceptance":[0.18558823529411764],"Energy":{"Mean":-7.740209148694765,"Sigma":0.41502066066251564,"Taucorr":0.3493917141264822},"EnergyVariance":{"Mean":18.043861286232627,"Sigma":2.8844426624588757,"Taucorr":-0.0023551478040622076},"Iteration":23},
{"Acceptance":[0.18794117647058822],"Energy":{"Mean":-8.989716346315344,"Sigma":0.3834090126628506,"Taucorr":0.30366168159868023},"EnergyVariance":{"Mean":14.423233113359965,"Sigma":3.6927448420056783,"Taucorr":0.30137894913694174},"Iteration":24},
{"Acceptance":[0.1773529411764706],"Energy":{"Mean":-7.640264081591498,"Sigma":0.43822033125517956,"Taucorr":0.3424710585367845},"EnergyVariance":{"Mean":17.715368309779915,"Sigma":3.9636250728130125,"Taucorr":0.34187346225857085},"Iteration":25},
{"Acceptance":[0.1661764705882353],"Energy":{"Mean":-8.40979725637102,"Sigma":0.4168747245091737,"Taucorr":0.35784131562863797},"EnergyVariance":{"Mean":14.738251126706977,"Sigma":3.305003512076299,"Taucorr":0.42237607523050225},"Iteration":26},
{"Acceptance":[0.18058823529411766],"Energy":{"Mean":-9.538219489479824,"Sigma":0.31752369630119126,"Taucorr":0.15314408390188972},"EnergyVariance":{"Mean":10.553606489545603,"Sigma":1.7124524464919424,"Taucorr":0.06926814204290976},"Iteration":27},
{"Acceptance":[0.1723529411764706],"Energy":{"Mean":-8.520451340415326,"Sigma":0.2970876029214638,"Taucorr":0.07493350223507889},"EnergyVariance":{"Mean":12.378027197596028,"Sigma":2.7917096486331126,"Taucorr":0.21579926910685387},"Iteration":28},
{"Acceptance":[0.1776470588235294],"Energy":{"Mean":-9.213232620576775,"Sigma":0.5303898567634753,"Taucorr":0.14304049485057602},"EnergyVariance":{"Mean":28.38756874959175,"Sigma":9.192075360512472,"Taucorr":0.38712954453579385},"Iteration":29},
{"Acceptance":[0.17794117647058824],"Energy":{"Mean":-9.343446012098225,"Sigma":0.2999134954960053,"Taucorr":0.1737249835385415},"EnergyVariance":{"Mean":8.31084599001501,"Sigma":1.7909642115071118,"Taucorr":0.04228520771090594},"Iteration":30},
{"Acceptance":[0.18941176470588236],"Energy":{"Mean":-9.842067212870958,"Sigma":0.45491230003371663,"Taucorr":0.2684496154385675},"EnergyVariance":{"Mean":16.954007931825267,"Sigma":4.907185952827574,"Taucorr":0.33143491316293605},"Iteration":31},
{"Acceptance":[0.19088235294117648],"Energy":{"Mean":-9.652144675700871,"Sigma":0.4472552396866705,"Taucorr":0.21657044915624235},"EnergyVariance":{"Mean":21.361802901430977,"Sigma":4.764734177538379,"Taucorr":0.1332283444607959},"Iteration":32},
{"Acceptance":[0.18470588235294116],"Energy":{"Mean":-10.064541538938842,"Sigma":0.3446546715427801,"Taucorr":0.05548326202086873},"EnergyVariance":{"Mean":11.855268286804899,"Sigma":2.977468510678566,"Taucorr":0.14821618413044535},"Iteration":33},
{"Acceptance":[0.19441176470588234],"Energy":{"Mean":-9.528300213986657,"Sigma":0.467966242948392,"Taucorr":0.42077597190805194},"EnergyVariance":{"Mean":19.668167259308213,"Sigma":8.044688126710914,"Taucorr":0.7170123924915681},"Iteration":34},
{"Acceptance":[0.2114705882352941],"Energy":{"Mean":-11.129185157540437,"Sigma":0.62600811297118,"Taucorr":0.39743846385758097},"EnergyVariance":{"Mean":25.990280901986658,"Sigma":7.054943033880178,"Taucorr":0.378071105727799},"Iteration":35},
{"Acceptance":[0.19147058823529411],"Energy":{"Mean":-9.648614493253438,"Sigma":0.4004036309339507,"Taucorr":0.3031102576704996},"EnergyVariance":{"Mean":12.3725154031744,"Sigma":2.695319373543162,"Taucorr":0.299675734102393},"Iteration":36},
{"Acceptance":[0.1888235294117647],"Energy":{"Mean":-9.576725332787252,"Sigma":0.3587972201460512,"Taucorr":0.25653561076356257},"EnergyVariance":{"Mean":9.605491822326536,"Sigma":1.686640173270282,"Taucorr":0.04402002894065393},"Iteration":37},
{"Acceptance":[0.17794117647058824],"Energy":{"Mean":-10.046206804630481,"Sigma":0.4086813164695312,"Taucorr":0.25484801203770135},"EnergyVariance":{"Mean":21.519946040896638,"Sigma":8.152984761242111,"Taucorr":0.2735666820238437},"Iteration":38},
{"Acceptance":[0.18235294117647058],"Energy":{"Mean":-10.665447657555736,"Sigma":0.5419035098237446,"Taucorr":0.3094615536276698},"EnergyVariance":{"Mean":20.55694757676469,"Sigma":7.66391487936833,"Taucorr":0.14592433930254667},"Iteration":39},
{"Acceptance":[0.21294117647058824],"Energy":{"Mean":-10.086756046643714,"Sigma":0.3335186086943968,"Taucorr":-0.012779583000624428},"EnergyVariance":{"Mean":14.136637982129729,"Sigma":3.302690610641869,"Taucorr":0.2950149803770603},"Iteration":40},
{"Acceptance":[0.18735294117647058],"Energy":{"Mean":-10.12820849321128,"Sigma":0.296879095469917,"Taucorr":0.18849666895035888},"EnergyVariance":{"Mean":10.08614745671029,"Sigma":2.0719742043364806,"Taucorr":0.13801540133128565},"Iteration":41},
{"Acceptance":[0.16794117647058823],"Energy":{"Mean":-10.749633706875008,"Sigma":0.2332809209392009,"Taucorr":-0.08285854573977364},"EnergyVariance":{"Mean":11.143668284768658,"Sigma":4.235470580836136,"Taucorr":0.11138718517566293},"Iteration":42},
{"Acceptance":[0.18058823529411766],"Energy":{"Mean":-11.091508487368545,"Sigma":0.5418425269977385,"Taucorr":0.41647461547985964},"EnergyVariance":{"Mean":28.073863715240595,"Sigma":10.30236426879749,"Taucorr":0.008440647185413819},"Iteration":43},
{"Acceptance":[0.14176470588235293],"Energy":{"Mean":-11.460968899133723,"Sigma":0.3697651471770042,"Taucorr":0.4266996830480265},"EnergyVariance":{"Mean":9.007855953180995,"Sigma":2.056331202440042,"Taucorr":0.35125449544551446},"Iteration":44},
{"Acceptance":[0.14911764705882352],"Energy":{"Mean":-11.17872965437961,"Sigma":0.371835312195006,"Taucorr":0.29513928721437144},"EnergyVariance":{"Mean":13.93578288908248,"Sigma":5.355328558555091,"Taucorr":0.5651534182412228},"Iteration":45},
{"Acceptance":[0.16941176470588235],"Energy":{"Mean":-10.68512783530382,"Sigma":0.34820327401819495,"Taucorr":0.2118298106409634},"EnergyVariance":{"Mean":9.369337742917608,"Sigma":2.2174515578963008,"Taucorr":0.12873035789804843},"Iteration":46},
{"Acceptance":[0.12294117647058823],"Energy":{"Mean":-10.940195276421559,"Sigma":0.39963435646625467,"Taucorr":0.49822212948704403},"EnergyVariance":{"Mean":13.161029479461344,"Sigma":5.35318467395803,"Taucorr":0.4727195241132923},"Iteration":47},
{"Acceptance":[0.1111764705882353],"Energy":{"Mean":-11.875030878095275,"Sigma":0.35860318626702475,"Taucorr":0.31983092194727825},"EnergyVariance":{"Mean":16.947249419677256,"Sigma":7.432038657174316,"Taucorr":0.027445583738955115},"Iteration":48},
{"Acceptance":[0.12029411764705883],"Energy":{"Mean":-11.288766487286088,"Sigma":0.46833639949364125,"Taucorr":0.39996639977474735},"EnergyVariance":{"Mean":12.518189063834244,"Sigma":6.338865862507679,"Taucorr":0.4544163650050883},"Iteration":49},
{"Acceptance":[0.12294117647058823],"Energy":{"Mean":-10.97389267761449,"Sigma":0.3059078820487724,"Taucorr":0.10793979080853777},"EnergyVariance":{"Mean":8.714865086457667,"Sigma":1.9451556586972225,"Taucorr":0.1977441654442066},"Iteration":50},
{"Acceptance":[0.11823529411764706],"Energy":{"Mean":-11.258677488930765,"Sigma":0.2978060574526303,"Taucorr":0.2378736165328077},"EnergyVariance":{"Mean":8.233030718894424,"Sigma":1.7587033366021128,"Taucorr":0.029987839569440733},"Iteration":51},
{"Acceptance":[0.09647058823529411],"Energy":{"Mean":-12.512450534737544,"Sigma":0.38266011158877294,"Taucorr":0.14888102772264122},"EnergyVariance":{"Mean":18.753404589923147,"Sigma":4.7816809809472565,"Taucorr":0.24335762247038906},"Iteration":52},
{"Acceptance":[0.09852941176470588],"Energy":{"Mean":-11.385391234946724,"Sigma":0.46355735604426596,"Taucorr":0.013111068109140533},"EnergyVariance":{"Mean":27.797330792604843,"Sigma":11.241192942519124,"Taucorr":-0.0009078763499902887},"Iteration":53},
{"Acceptance":[0.08588235294117647],"Energy":{"Mean":-11.391583725643248,"Sigma":0.2775370803977836,"Taucorr":0.3787610260983103},"EnergyVariance":{"Mean":4.534667528145028,"Sigma":1.1010118464497543,"Taucorr":0.06119037549318862},"Iteration":54},
{"Acceptance":[0.08],"Energy":{"Mean":-12.31705800977138,"Sigma":0.3725130421869067,"Taucorr":0.5902828571915941},"EnergyVariance":{"Mean":7.983595333016522,"Sigma":1.524213433562524,"Taucorr":0.2732375210175366},"Iteration":55},
{"Acceptance":[0.09852941176470588],"Energy":{"Mean":-11.078249820744729,"Sigma":0.32118599332434633,"Taucorr":0.48030978063885577},"EnergyVariance":{"Mean":7.8287669921032625,"Sigma":2.7488538917936123,"Taucorr":0.4088652877018162},"Iteration":56},
{"Acceptance":[0.10058823529411764],"Energy":{"Mean":-11.911128258678296,"Sigma":0.3692822414056023,"Taucorr":0.2589061349180075},"EnergyVariance":{"Mean":9.328883767367605,"Sigma":3.1505764518441937,"Taucorr":0.6998774211285361},"Iteration":57},
{"Acceptance":[0.06352941176470588],"Energy":{"Mean":-11.891801903276196,"Sigma":0.5978867788795221,"Taucorr":0.6082143219952434},"EnergyVariance":{"Mean":17.26371910533855,"Sigma":12.244061979732273,"Taucorr":0.39179679125584177},"Iteration":58},
{"Acceptance":[0.07352941176470588],"Energy":{"Mean":-12.1288209245183,"Sigma":0.5443942738504942,"Taucorr":0.17502981795401817},"EnergyVariance":{"Mean":29.51649202086898,"Sigma":9.938296777114768,"Taucorr":0.09729333357249415},"Iteration":59},
{"Acceptance":[0.07705882352941176],"Energy":{"Mean":-11.753602034756659,"Sigma":0.4511111901793425,"Taucorr":0.43074400303901417},"EnergyVariance":{"Mean":23.111196491518573,"Sigma":16.851653288254386,"Taucorr":0.9596517158774411},"Iteration":60},
{"Acceptance":[0.08529411764705883],"Energy":{"Mean":-11.626429243859024,"Sigma":0.3611204447586443,"Taucorr":-0.02676084205692808},"EnergyVariance":{"Mean":21.487578665397415,"Sigma":7.81268516372434,"Taucorr":0.03426291890869437},"Iteration":61},
{"Acceptance":[0.085],"Energy":{"Mean":-11.880756373467886,"Sigma":0.31391724714308705,"Taucorr":0.1979999213928063},"EnergyVariance":{"Mean":10.02764347713823,"Sigma":3.6035379853710325,"Taucorr":0.67595273120967},"Iteration":62},
{"Acceptance":[0.08205882352941177],"Energy":{"Mean":-11.802418079511263,"Sigma":0.2997442190086088,"Taucorr":0.41594465129234004},"EnergyVariance":{"Mean":7.539262705391308,"Sigma":2.841040542777673,"Taucorr":0.45389810142111764},"Iteration":63},
{"Acceptance":[0.08411764705882353],"Energy":{"Mean":-12.296960379330052,"Sigma":0.6964402832802274,"Taucorr":0.4365579345535824},"EnergyVariance":{"Mean":29.376059780265745,"Sigma":16.1423783927452,"Taucorr":0.3045918201174844},"Iteration":64},
{"Acceptance":[0.09647058823529411],"Energy":{"Mean":-11.397723594934508,"Sigma":0.27349947634877386,"Taucorr":0.01961403285993213},"EnergyVariance":{"Mean":10.804106383417832,"Sigma":4.401101509355001,"Taucorr":0.01948157788802307},"Iteration":65},
{"Acceptance":[0.07147058823529412],"Energy":{"Mean":-12.662435046635332,"Sigma":0.45125649151674285,"Taucorr":0.26970882389930273},"EnergyVariance":{"Mean":14.40077763574648,"Sigma":4.623125582208973,"Taucorr":0.2192109669155392},"Iteration":66},
{"Acceptance":[0.09029411764705883],"Energy":{"Mean":-11.764874370397818,"Sigma":0.24382681211712282,"Taucorr":0.05628892832936894},"EnergyVariance":{"Mean":5.54114688941515,"Sigma":1.60063823219301,"Taucorr":-0.04081630101216349},"Iteration":67},
{"Acceptance":[0.09911764705882353],"Energy":{"Mean":-11.987499192498563,"Sigma":0.25828013232589336,"Taucorr":0.14253275187759418},"EnergyVariance":{"Mean":6.425664661669131,"Sigma":1.5724882585617495,"Taucorr":0.08087102689070758},"Iteration":68},
{"Acceptance":[0.0826470588235294],"Energy":{"Mean":-12.04607273299247,"Sigma":0.35176526305618366,"Taucorr":0.4625541017729158},"EnergyVariance":{"Mean":10.533956161214192,"Sigma":6.091383225514785,"Taucorr":0.49017150311094937},"Iteration":69},
{"Acceptance":[0.08852941176470588],"Energy":{"Mean":-12.186641201787467,"Sigma":0.29089638530800555,"Taucorr":0.6004497552551011},"EnergyVariance":{"Mean":4.612398943772697,"Sigma":1.0998429428072287,"Taucorr":0.518899127213515},"Iteration":70},
{"Acceptance":[0.10352941176470588],"Energy":{"Mean":-12.298126700748037,"Sigma":0.3703953036222768,"Taucorr":0.41189825090376597},"EnergyVariance":{"Mean":8.961748765205911,"Sigma":3.5110556515125317,"Taucorr":0.00887425508297468},"Iteration":71},
{"Acceptance":[0.09794117647058824],"Energy":{"Mean":-12.062794903688701,"Sigma":0.2514517894824103,"Taucorr":0.41253042404832796},"EnergyVariance":{"Mean":3.856951408647595,"Sigma":1.0093053702672934,"Taucorr":0.019130880687762364},"Iteration":72},
{"Acceptance":[0.10235294117647059],"Energy":{"Mean":-13.131553458431517,"Sigma":0.42272769522618225,"Taucorr":0.16307253608199335},"EnergyVariance":{"Mean":13.575636860787988,"Sigma":4.69135889577948,"Taucorr":0.2953714457142458},"Iteration":73},
{"Acceptance":[0.12294117647058823],"Energy":{"Mean":-12.925157080427862,"Sigma":0.40016218617727783,"Taucorr":0.18821481139364749},"EnergyVariance":{"Mean":15.357593727763991,"Sigma":4.428949951597998,"Taucorr":-0.0064660578954179315},"Iteration":74},
{"Acceptance":[0.08823529411764706],"Energy":{"Mean":-12.62929480724148,"Sigma":0.20374937529186274,"Taucorr":0.23878139003853982},"EnergyVariance":{"Mean":2.819417174727536,"Sigma":1.310907338224148,"Taucorr":0.19673193001351763},"Iteration":75},
{"Acceptance":[0.09411764705882353],"Energy":{"Mean":-12.450201096233103,"Sigma":0.2107588003495434,"Taucorr":-0.07611289788874143},"EnergyVariance":{"Mean":5.991563629339865,"Sigma":2.2932856584621395,"Taucorr":0.5141375951513432},"Iteration":76},
{"Acceptance":[0.10588235294117647],"Energy":{"Mean":-13.220945959962833,"Sigma":0.46727755092376533,"Taucorr":0.13247277685562264},"EnergyVariance":{"Mean":20.94555217369161,"Sigma":7.184763348289959,"Taucorr":0.042089186500288034},"Iteration":77},
{"Acceptance":[0.12323529411764705],"Energy":{"Mean":-13.27105321143222,"Sigma":0.5268760276348068,"Taucorr":0.410799708951464},"EnergyVariance":{"Mean":18.13913323763675,"Sigma":6.043164374932191,"Taucorr":0.36491577541978515},"Iteration":78},
{"Acceptance":[0.115],"Energy":{"Mean":-12.560831820869709,"Sigma":0.27379484925016373,"Taucorr":0.006675863580683616},"EnergyVariance":{"Mean":18.45105278611303,"Sigma":11.150301193945486,"Taucorr":-0.0058221857518380715},"Iteration":79},
{"Acceptance":[0.12588235294117647],"Energy":{"Mean":-13.100455683065672,"Sigma":0.40299538397345397,"Taucorr":-0.06431220831131257},"EnergyVariance":{"Mean":28.395327814636982,"Sigma":14.52779583652097,"Taucorr":0.4518922052541343},"Iteration":80},
{"Acceptance":[0.12117647058823529],"Energy":{"Mean":-12.768336922701947,"Sigma":0.2654856379246775,"Taucorr":0.10777666628260696},"EnergyVariance":{"Mean":7.471162431114243,"Sigma":2.3234627368040837,"Taucorr":0.032558110456560985},"Iteration":81},
{"Acceptance":[0.1373529411764706],"Energy":{"Mean":-12.690339516694232,"Sigma":0.5550096816298722,"Taucorr":0.18002678835227637},"EnergyVariance":{"Mean":27.615115957727284,"Sigma":11.75270216548732,"Taucorr":0.48616512561654224},"Iteration":82},
{"Acceptance":[0.1161764705882353],"Energy":{"Mean":-12.259507491825092,"Sigma":0.3730076760404783,"Taucorr":0.7217527280463019},"EnergyVariance":{"Mean":19.286937091717366,"Sigma":10.607777757818006,"Taucorr":0.5614686005537382},"Iteration":83},
{"Acceptance":[0.1261764705882353],"Energy":{"Mean":-12.671419970800297,"Sigma":0.4746043769531018,"Taucorr":0.60058920663178},"EnergyVariance":{"Mean":50.775502560547466,"Sigma":35.1825346544379,"Taucorr":0.03590907780882158},"Iteration":84},
{"Acceptance":[0.12176470588235294],"Energy":{"Mean":-12.896915864867795,"Sigma":0.2725465637944905,"Taucorr":-0.09530361130664816},"EnergyVariance":{"Mean":9.506416906566855,"Sigma":2.017210600022474,"Taucorr":0.028651041993182136},"Iteration":85},
{"Acceptance":[0.1288235294117647],"Energy":{"Mean":-12.313997111949096,"Sigma":0.23699715011541928,"Taucorr":0.05732802482693633},"EnergyVariance":{"Mean":6.415581080713383,"Sigma":1.4535868843952056,"Taucorr":-0.016060348468942776},"Iteration":86},
{"Acceptance":[0.14205882352941177],"Energy":{"Mean":-12.4159268965337,"Sigma":0.5078498750473813,"Taucorr":0.22064566444257738},"EnergyVariance":{"Mean":19.18154163600559,"Sigma":7.085694589162591,"Taucorr":-0.028734693845975323},"Iteration":87},
{"Acceptance":[0.12764705882352942],"Energy":{"Mean":-12.784213866320833,"Sigma":0.2765962536887703,"Taucorr":0.050587474339965244},"EnergyVariance":{"Mean":10.443369255826632,"Sigma":4.072405319009434,"Taucorr":0.025543444974033047},"Iteration":88},
{"Acceptance":[0.12705882352941175],"Energy":{"Mean":-11.745568284754667,"Sigma":0.19933619786343984,"Taucorr":-0.09594928553191762},"EnergyVariance":{"Mean":47.873594028998504,"Sigma":39.26079647153977,"Taucorr":0.5108818143347911},"Iteration":89},
{"Acceptance":[0.12176470588235294],"Energy":{"Mean":-13.093116646924981,"Sigma":0.4332094863957758,"Taucorr":0.43057919309572157},"EnergyVariance":{"Mean":11.605205956461312,"Sigma":4.358210126426885,"Taucorr":0.012841433418788517},"Iteration":90},
{"Acceptance":[0.12529411764705883],"Energy":{"Mean":-12.938451747189283,"Sigma":0.3105234641055484,"Taucorr":0.07226184175208983},"EnergyVariance":{"Mean":15.421322784686227,"Sigma":4.460758901418294,"Taucorr":0.4975521215876706},"Iteration":91},
{"Acceptance":[0.11735294117647059],"Energy":{"Mean":-13.231821205687396,"Sigma":0.3214247294692222,"Taucorr":-0.12974905173467605},"EnergyVariance":{"Mean":17.49233328189363,"Sigma":7.809402714453999,"Taucorr":0.6562053353289792},"Iteration":92},
{"Acceptance":[0.12676470588235295],"Energy":{"Mean":-12.443226883019072,"Sigma":0.4452010689413643,"Taucorr":0.2857579399180933},"EnergyVariance":{"Mean":14.884608561240135,"Sigma":4.102256880952517,"Taucorr":0.23271391147612686},"Iteration":93},
{"Acceptance":[0.13323529411764706],"Energy":{"Mean":-13.104854907636119,"Sigma":0.3266467715254182,"Taucorr":0.07695674607037817},"EnergyVariance":{"Mean":14.999778896116636,"Sigma":5.424460818279314,"Taucorr":0.007930972218525678},"Iteration":94},
{"Acceptance":[0.10794117647058823],"Energy":{"Mean":-12.91493611374413,"Sigma":0.25568106944965086,"Taucorr":0.06607893150488475},"EnergyVariance":{"Mean":9.502677114745325,"Sigma":3.238526081540744,"Taucorr":0.3539189721346103},"Iteration":95},
{"Acceptance":[0.12176470588235294],"Energy":{"Mean":-13.097652657289984,"Sigma":0.3841799871033468,"Taucorr":0.5353993990857004},"EnergyVariance":{"Mean":7.704460980457105,"Sigma":2.6959919594620216,"Taucorr":0.30115078413997265},"Iteration":96},
{"Acceptance":[0.13294117647058823],"Energy":{"Mean":-13.149903967502919,"Sigma":0.3549533968701151,"Taucorr":-0.017482978264651783},"EnergyVariance":{"Mean":37.68257205093606,"Sigma":25.518347164585478,"Taucorr":0.03570529541843437},"Iteration":97},
{"Acceptance":[0.12411764705882353],"Energy":{"Mean":-12.861096102735804,"Sigma":0.3458660041668343,"Taucorr":0.2318535935318642},"EnergyVariance":{"Mean":9.850507424226132,"Sigma":4.223150542186527,"Taucorr":0.021594506996205798},"Iteration":98},
{"Acceptance":[0.12176470588235294],"Energy":{"Mean":-11.999137428213093,"Sigma":0.8819053503076735,"Taucorr":0.20765925698718946},"EnergyVariance":{"Mean":57.169322416910155,"Sigma":38.86740962293251,"Taucorr":0.0011218475178491616},"Iteration":99} 
]}
{"input": {"L": 16, "J": 1, "machine": {"type": "FFNN", "model": ["tanh", 53, 3]}, "sampler": {"type": "MetropolisHop", "d_max": 5}, "optimizer": {"type": "AdaMax", "alpha": 0.001, "beta1": 0.9, "beta2": 0.999, "epscut": 1e-07}, "VMC": {"n_samples": 100, "discarded_samples": 100, "discarded_samples_on_init": 0, "target": "energy", "method": "Gd", "diag_shift": 0.01, "use_iterative": true, "use_cholesky": true}, "n_iter": 100}}
duration: -3.9414453506469727