{"Output": [
{"Acceptance":[0.8896666666666667],"Energy":{"Mean":11.909431481482612,"Sigma":0.29564774391822946,"Taucorr":0.10115812375436639},"EnergyVariance":{"Mean":7.008526494631675,"Sigma":0.8646081615767177,"Taucorr":0.007606081013109556},"Iteration":0},
{"Acceptance":[0.8603333333333333],"Energy":{"Mean":12.380471607271064,"Sigma":0.2847421901636997,"Taucorr":-0.01826445103842833},"EnergyVariance":{"Mean":8.317161864520418,"Sigma":1.1139445912923658,"Taucorr":0.054911749455677006},"Iteration":1},
{"Acceptance":[0.8393333333333334],"Energy":{"Mean":12.04212247378566,"Sigma":0.3330736345974619,"Taucorr":0.11186032767657816},"EnergyVariance":{"Mean":9.241593424946348,"Sigma":1.3966790493554044,"Taucorr":0.04169363069565202},"Iteration":2},
{"Acceptance":[0.8213333333333334],"Energy":{"Mean":11.803201744067643,"Sigma":0.21479233089478877,"Taucorr":-0.2447264893004522},"EnergyVariance":{"Mean":9.546350326666657,"Sigma":1.1891801056258793,"Taucorr":0.1438546670740104},"Iteration":3},
{"Acceptance":[0.7893333333333333],"Energy":{"Mean":11.660592718762935,"Sigma":0.3572015028723745,"Taucorr":0.10348828132539145},"EnergyVariance":{"Mean":11.32906282816583,"Sigma":1.2673711690114402,"Taucorr":0.012933714253675288},"Iteration":4},
{"Acceptance":[0.7636666666666667],"Energy":{"Mean":10.890517634781727,"Sigma":0.3894880253753761,"Taucorr":0.1505151301602038},"EnergyVariance":{"Mean":12.302569927562642,"Sigma":1.5435944383872202,"Taucorr":0.01234985346748152},"Iteration":5},
{"Acceptance":[0.7443333333333333],"Energy":{"Mean":11.080646707221842,"Sigma":0.37961723964569805,"Taucorr":0.025374865920926415},"EnergyVariance":{"Mean":15.377758650035554,"Sigma":1.9057912081474404,"Taucorr":0.0936645492970406},"Iteration":6},
{"Acceptance":[0.734],"Energy":{"Mean":10.27669403514344,"Sigma":0.42032763014253066,"Taucorr":0.396749666334433},"EnergyVariance":{"Mean":11.859651392797153,"Sigma":1.2076783256779609,"Taucorr":-0.07587278666700498},"Iteration":7},
{"Acceptance":[0.7076666666666667],"Energy":{"Mean":9.622856261758896,"Sigma":0.23500016456631087,"Taucorr":-0.2221714539194271},"EnergyVariance":{"Mean":12.41266444723738,"Sigma":1.1485481051346766,"Taucorr":0.071362097817117},"Iteration":8},
{"Acceptance":[0.6736666666666666],"Energy":{"Mean":8.953527873733156,"Sigma":0.3297674365199512,"Taucorr":-0.05125060479935972},"EnergyVariance":{"Mean":14.78633106844912,"Sigma":1.9196807575053458,"Taucorr":0.06995078471794547},"Iteration":9},
{"Acceptance":[0.684],"Energy":{"Mean":8.787330784200947,"Sigma":0.43362125277635194,"Taucorr":0.276233081687858},"EnergyVariance":{"Mean":14.69397571803866,"Sigma":2.329405897856332,"Taucorr":0.14494319531964828},"Iteration":10},
{"Acceptance":[0.638],"Energy":{"Mean":8.853876073927145,"Sigma":0.23261956942332107,"Taucorr":-0.1952430363183139},"EnergyVariance":{"Mean":13.21473698847677,"Sigma":1.4511678490117388,"Taucorr":0.03068110575276728},"Iteration":11},
{"Acceptance":[0.6396666666666667],"Energy":{"Mean":7.987090603773994,"Sigma":0.4185779206364618,"Taucorr":0.10061315733809939},"EnergyVariance":{"Mean":18.02170946110335,"Sigma":2.0717194855774186,"Taucorr":0.014254166108047861},"Iteration":12},
{"Acceptance":[0.5923333333333334],"Energy":{"Mean":7.896564354922546,"Sigma":0.5250205105722786,"Taucorr":0.30391224570446673},"EnergyVariance":{"Mean":20.938195383996398,"Sigma":2.816561930061277,"Taucorr":0.024512502523295954},"Iteration":13},
{"Acceptance":[0.606],"Energy":{"Mean":7.906123971770165,"Sigma":0.3986621381867513,"Taucorr":0.26415590005531897},"EnergyVariance":{"Mean":14.922809701923029,"Sigma":1.6313796728865455,"Taucorr":0.11520305100331607},"Iteration":14},
{"Acceptance":[0.583],"Energy":{"Mean":7.139912017765438,"Sigma":0.4054307031066914,"Taucorr":0.17151214342102916},"EnergyVariance":{"Mean":17.906411728990253,"Sigma":1.529306413416247,"Taucorr":-0.04093341209696888},"Iteration":15},
{"Acceptance":[0.5676666666666667],"Energy":{"Mean":7.077797082210146,"Sigma":0.4157193610874326,"Taucorr":0.20877708263519246},"EnergyVariance":{"Mean":18.38137741403453,"Sigma":2.1429132270454074,"Taucorr":-0.010255491653566207},"Iteration":16},
{"Acceptance":[0.5563333333333333],"Energy":{"Mean":6.704110408358031,"Sigma":0.45092819356693803,"Taucorr":0.35622109638689836},"EnergyVariance":{"Mean":16.455643644384097,"Sigma":1.624529652084326,"Taucorr":-0.1121227374891881},"Iteration":17},
{"Acceptance":[0.549],"Energy":{"Mean":4.973311389006108,"Sigma":0.41193639304188256,"Taucorr":0.1571463562112454},"EnergyVariance":{"Mean":17.230596483777262,"Sigma":1.9832375008537806,"Taucorr":-0.07687910495191241},"Iteration":18},
{"Acceptance":[0.5186666666666667],"Energy":{"Mean":4.577628557993093,"Sigma":0.42913827610064087,"Taucorr":0.3208988261707625},"EnergyVariance":{"Mean":19.030829993521586,"Sigma":2.7605397821338125,"Taucorr":0.1964651869063987},"Iteration":19},
{"Acceptance":[0.49666666666666665],"Energy":{"Mean":4.164173010551093,"Sigma":0.4955013885424693,"Taucorr":0.4914956092317343},"EnergyVariance":{"Mean":20.199292384371013,"Sigma":3.3624428330979788,"Taucorr":0.423094940143807},"Iteration":20},
{"Acceptance":[0.506],"Energy":{"Mean":3.980244426569235,"Sigma":0.336858369680505,"Taucorr":-0.002643005104342011},"EnergyVariance":{"Mean":18.481890709316364,"Sigma":2.1451734850017443,"Taucorr":0.004070743660494536},"Iteration":21},
{"Acceptance":[0.5003333333333333],"Energy":{"Mean":3.7877187439668467,"Sigma":0.3900708590555776,"Taucorr":0.19880133303218606},"EnergyVariance":{"Mean":18.82871069736735,"Sigma":2.449511485697233,"Taucorr":0.02941081070986795},"Iteration":22},
{"Acceptance":[0.49766666666666665],"Energy":{"Mean":3.899063769431119,"Sigma":0.3891414077768954,"Taucorr":0.2645606164173122},"EnergyVariance":{"Mean":16.903469436380426,"Sigma":1.8357193809814933,"Taucorr":0.09686029923083872},"Iteration":23},
{"Acceptance":[0.4523333333333333],"Energy":{"Mean":2.5396463608751123,"Sigma":0.35102645241597324,"Taucorr":0.1585392659010585},"EnergyVariance":{"Mean":18.457737854488702,"Sigma":2.363994777906713,"Taucorr":0.03105589498168737},"Iteration":24},
{"Acceptance":[0.4493333333333333],"Energy":{"Mean":2.1547761852370195,"Sigma":0.4736400821829676,"Taucorr":0.41949085077177073},"EnergyVariance":{"Mean":20.442938958067348,"Sigma":2.5746966771953614,"Taucorr":0.06323289705139101},"Iteration":25},
{"Acceptance":[0.44533333333333336],"Energy":{"Mean":2.3512748922931896,"Sigma":0.34424652351618845,"Taucorr":0.09944566978077274},"EnergyVariance":{"Mean":20.08696311891311,"Sigma":2.325330936407265,"Taucorr":-0.022634176445552934},"Iteration":26},
{"Acceptance":[0.4523333333333333],"Energy":{"Mean":2.0579932757028656,"Sigma":0.464948556328935,"Taucorr":0.2336215187653461},"EnergyVariance":{"Mean":28.071996600101293,"Sigma":3.903287288088566,"Taucorr":0.21053763944801185},"Iteration":27},
{"Acceptance":[0.44033333333333335],"Energy":{"Mean":2.442663754347577,"Sigma":0.3807132226544454,"Taucorr":0.08505919452705002},"EnergyVariance":{"Mean":25.556612849863672,"Sigma":3.8820070922245153,"Taucorr":-0.03888119517784633},"Iteration":28},
{"Acceptance":[0.43],"Energy":{"Mean":0.899364364738114,"Sigma":0.37908542757928754,"Taucorr":0.33676567659155143},"EnergyVariance":{"Mean":17.60876469197299,"Sigma":2.6958496132314558,"Taucorr":0.08902288926204727},"Iteration":29},
{"Acceptance":[0.408],"Energy":{"Mean":0.633102041015621,"Sigma":0.435657930826782,"Taucorr":0.41767728611769195},"EnergyVariance":{"Mean":17.27527194324441,"Sigma":3.1983808388270676,"Taucorr":0.2531560664470537},"Iteration":30},
{"Acceptance":[0.39566666666666667],"Energy":{"Mean":0.393163193624231,"Sigma":0.42221930915110356,"Taucorr":0.11251900509059998},"EnergyVariance":{"Mean":24.53537952349221,"Sigma":3.00329934655993,"Taucorr":-0.0527591399536787},"Iteration":31},
{"Acceptance":[0.396],"Energy":{"Mean":-0.07772319561764432,"Sigma":0.4021139192679812,"Taucorr":0.2777671639941909},"EnergyVariance":{"Mean":19.004035089277714,"Sigma":2.1698321966300744,"Taucorr":-0.03082624888416391},"Iteration":32},
{"Acceptance":[0.3983333333333333],"Energy":{"Mean":-1.0542826091684496,"Sigma":0.4302496712157442,"Taucorr":0.3775452039928766},"EnergyVariance":{"Mean":19.169403316891774,"Sigma":3.0682382580330874,"Taucorr":0.17577812315264607},"Iteration":33},
{"Acceptance":[0.38766666666666666],"Energy":{"Mean":-1.0278173180986256,"Sigma":0.39528333614499944,"Taucorr":0.24899921023152205},"EnergyVariance":{"Mean":20.992905975450814,"Sigma":2.656183592913493,"Taucorr":-0.06329915198505431},"Iteration":34},
{"Acceptance":[0.39966666666666667],"Energy":{"Mean":-0.7828756375079928,"Sigma":0.509208544734289,"Taucorr":0.41666491913361847},"EnergyVariance":{"Mean":23.990247381595193,"Sigma":4.27033785538642,"Taucorr":0.2957241873902807},"Iteration":35},
{"Acceptance":[0.3616666666666667],"Energy":{"Mean":-2.298179166025242,"Sigma":0.42700917467867455,"Taucorr":0.4946616649055482},"EnergyVariance":{"Mean":17.20835294390752,"Sigma":1.726354792738934,"Taucorr":0.05390317801528999},"Iteration":36},
{"Acceptance":[0.37833333333333335],"Energy":{"Mean":-2.5415497910237073,"Sigma":0.38126630118893695,"Taucorr":0.40671784102144715},"EnergyVariance":{"Mean":17.547878068969123,"Sigma":2.5322183980024193,"Taucorr":0.1389518370828483},"Iteration":37},
{"Acceptance":[0.3476666666666667],"Energy":{"Mean":-2.58183556471297,"Sigma":0.5076405345336642,"Taucorr":0.4352956375980126},"EnergyVariance":{"Mean":23.850097988670917,"Sigma":3.2140550755259696,"Taucorr":-0.08086787413017715},"Iteration":38},
{"Acceptance":[0.3343333333333333],"Energy":{"Mean":-3.4065762161375406,"Sigma":0.3642974606997754,"Taucorr":0.26648073609211476},"EnergyVariance":{"Mean":17.91925109456795,"Sigma":2.6592708338365645,"Taucorr":0.008768661393333543},"Iteration":39},
{"Acceptance":[0.3313333333333333],"Energy":{"Mean":-3.7632487169559394,"Sigma":0.5166889267881232,"Taucorr":0.6244912830402825},"EnergyVariance":{"Mean":18.63104524694298,"Sigma":2.4558390859811605,"Taucorr":0.18003823301364252},"Iteration":40},
{"Acceptance":[0.3456666666666667],"Energy":{"Mean":-4.009487786150601,"Sigma":0.5273256807893689,"Taucorr":0.5402758331780195},"EnergyVariance":{"Mean":22.06994657350963,"Sigma":2.9946184359714625,"Taucorr":0.08216373132305543},"Iteration":41},
{"Acceptance":[0.3466666666666667],"Energy":{"Mean":-5.038344394106053,"Sigma":0.6226418641395006,"Taucorr":0.7020448987819408},"EnergyVariance":{"Mean":23.62558843573327,"Sigma":4.071613948312218,"Taucorr":0.35099952157496805},"Iteration":42},
{"Acceptance":[0.282],"Energy":{"Mean":-6.861371308434464,"Sigma":0.6616794556483764,"Taucorr":0.7998630722567892},"EnergyVariance":{"Mean":21.353377628521468,"Sigma":3.2020283287307634,"Taucorr":0.48863856541125805},"Iteration":43},
{"Acceptance":[0.2753333333333333],"Energy":{"Mean":-4.901544304606758,"Sigma":0.4344265909531469,"Taucorr":0.1499422572111333},"EnergyVariance":{"Mean":27.275350041371542,"Sigma":4.643336995183389,"Taucorr":0.2179902779449413},"Iteration":44},
{"Acceptance":[0.24466666666666667],"Energy":{"Mean":-6.780216263480114,"Sigma":0.565305584684085,"Taucorr":0.7556136416438788},"EnergyVariance":{"Mean":17.716166718729028,"Sigma":3.2986672278057756,"Taucorr":0.6712072344683802},"Iteration":45},
{"Acceptance":[0.24866666666666667],"Energy":{"Mean":-7.041889923259872,"Sigma":0.6674810395497368,"Taucorr":0.8088701677282262},"EnergyVariance":{"Mean":26.341800500657573,"Sigma":4.202689178238368,"Taucorr":0.017499328913121115},"Iteration":46},
{"Acceptance":[0.188],"Energy":{"Mean":-10.016443261196455,"Sigma":0.45019809921787257,"Taucorr":0.5225228379775864},"EnergyVariance":{"Mean":19.348889431134396,"Sigma":7.823861928996348,"Taucorr":-0.028464420438128413},"Iteration":47},
{"Acceptance":[0.17333333333333334],"Energy":{"Mean":-9.517747706429894,"Sigma":0.6137269213021197,"Taucorr":0.6901455830226895},"EnergyVariance":{"Mean":29.811669439583365,"Sigma":8.91140514849935,"Taucorr":0.10393117289838438},"Iteration":48},
{"Acceptance":[0.09633333333333334],"Energy":{"Mean":-11.413630591621637,"Sigma":0.4505049377400316,"Taucorr":0.7865435216795653},"EnergyVariance":{"Mean":18.598391981347103,"Sigma":13.865920143640693,"Taucorr":0.06717125541926561},"Iteration":49},
{"Acceptance":[0.07533333333333334],"Energy":{"Mean":-12.151276514808993,"Sigma":0.3938927703687224,"Taucorr":0.5353386525259587},"EnergyVariance":{"Mean":10.384310617921562,"Sigma":2.2892656160282194,"Taucorr":0.30065723694955304},"Iteration":50},
{"Acceptance":[0.06866666666666667],"Energy":{"Mean":-11.339608586672014,"Sigma":0.5088031852279169,"Taucorr":0.6863217863391518},"EnergyVariance":{"Mean":20.306556199909153,"Sigma":14.773144267189291,"Taucorr":0.6333697277908366},"Iteration":51},
{"Acceptance":[0.059],"Energy":{"Mean":-11.840056228363155,"Sigma":0.29454026990314763,"Taucorr":0.7092825306172696},"EnergyVariance":{"Mean":3.962210977286642,"Sigma":0.5308010359455486,"Taucorr":0.36801465186231874},"Iteration":52},
{"Acceptance":[0.043],"Energy":{"Mean":-12.557789364289746,"Sigma":0.2649027480696973,"Taucorr":0.21230131083878767},"EnergyVariance":{"Mean":5.381054866315729,"Sigma":1.5107794944006774,"Taucorr":0.3152084608218778},"Iteration":53},
{"Acceptance":[0.046],"Energy":{"Mean":-11.84514246501731,"Sigma":0.23872780783883724,"Taucorr":0.6968417355309182},"EnergyVariance":{"Mean":2.492363264720074,"Sigma":0.460928317434117,"Taucorr":0.6157969561544425},"Iteration":54},
{"Acceptance":[0.033666666666666664],"Energy":{"Mean":-12.407750789096662,"Sigma":0.18742773041972094,"Taucorr":0.3737515108144758},"EnergyVariance":{"Mean":2.0108522261351145,"Sigma":0.5011596447585436,"Taucorr":0.44993539928752746},"Iteration":55},
{"Acceptance":[0.028666666666666667],"Energy":{"Mean":-12.476678886200729,"Sigma":0.17329726170338333,"Taucorr":0.4531346273058111},"EnergyVariance":{"Mean":1.5583095342248956,"Sigma":0.29809074223514176,"Taucorr":0.22239657267351198},"Iteration":56},
{"Acceptance":[0.035333333333333335],"Energy":{"Mean":-12.42262323340575,"Sigma":0.20869785984577874,"Taucorr":0.6916986359805328},"EnergyVariance":{"Mean":1.8116184449310981,"Sigma":0.5810738672330792,"Taucorr":0.2642495776818974},"Iteration":57},
{"Acceptance":[0.03166666666666667],"Energy":{"Mean":-12.855614002820609,"Sigma":0.1803168172695201,"Taucorr":0.7317653615220849},"EnergyVariance":{"Mean":1.2832244681391018,"Sigma":0.2955570115959989,"Taucorr":1.037650645851312},"Iteration":58},
{"Acceptance":[0.02666666666666667],"Energy":{"Mean":-12.788472197595846,"Sigma":0.14607668016679537,"Taucorr":0.5090768554049252},"EnergyVariance":{"Mean":1.0153274170266464,"Sigma":0.11752571424834364,"Taucorr":0.06948108553018473},"Iteration":59},
{"Acceptance":[0.024333333333333332],"Energy":{"Mean":-13.055746575576496,"Sigma":0.16417681706252266,"Taucorr":0.6679905418208347},"EnergyVariance":{"Mean":1.1056600890335821,"Sigma":0.1841889052438454,"Taucorr":0.30085413039110775},"Iteration":60},
{"Acceptance":[0.024666666666666667],"Energy":{"Mean":-12.715112584517128,"Sigma":0.22628864874597449,"Taucorr":0.9263025700175802},"EnergyVariance":{"Mean":1.7260395101231836,"Sigma":0.3567757763175174,"Taucorr":0.7894157684762928},"Iteration":61},
{"Acceptance":[0.014666666666666666],"Energy":{"Mean":-13.19138630390562,"Sigma":0.26533238826317973,"Taucorr":0.488368597838287},"EnergyVariance":{"Mean":3.5451498813109836,"Sigma":2.6317033310752134,"Taucorr":0.03632136173872602},"Iteration":62},
{"Acceptance":[0.010333333333333333],"Energy":{"Mean":-13.26172196424381,"Sigma":0.1568269122997389,"Taucorr":0.8151057093765508},"EnergyVariance":{"Mean":0.8947783870071835,"Sigma":0.07063080128856175,"Taucorr":0.8070521580605239},"Iteration":63},
{"Acceptance":[0.012],"Energy":{"Mean":-14.194938352514896,"Sigma":0.5830167111259559,"Taucorr":0.5126269105285135},"EnergyVariance":{"Mean":29.84821629660976,"Sigma":22.95539601894756,"Taucorr":0.2725178388539775},"Iteration":64},
{"Acceptance":[0.013333333333333334],"Energy":{"Mean":-13.629934508645938,"Sigma":0.1901912237803048,"Taucorr":0.8687636361738433},"EnergyVariance":{"Mean":1.2642021675478534,"Sigma":0.6830858871469914,"Taucorr":0.5466038105896549},"Iteration":65},
{"Acceptance":[0.010666666666666666],"Energy":{"Mean":-13.870509710459238,"Sigma":0.10082504896636875,"Taucorr":0.9071306435573108},"EnergyVariance":{"Mean":0.34572101978164665,"Sigma":0.16832042436791544,"Taucorr":0.9408966002295998},"Iteration":66},
{"Acceptance":[0.008333333333333333],"Energy":{"Mean":-14.032920908547544,"Sigma":0.024991998202384125,"Taucorr":-0.01661848877012001},"EnergyVariance":{"Mean":0.062341375685918556,"Sigma":0.041662786111684745,"Taucorr":-0.01651144238605351},"Iteration":67},
{"Acceptance":[0.005333333333333333],"Energy":{"Mean":-13.910106274480784,"Sigma":0.09732364711747646,"Taucorr":0.579543906362743},"EnergyVariance":{"Mean":0.4191284126324548,"Sigma":0.23983421246706757,"Taucorr":0.1263262110033453},"Iteration":68},
{"Acceptance":[0.012],"Energy":{"Mean":-14.083164019775396,"Sigma":0.5431186005194996,"Taucorr":0.3269615822021291},"EnergyVariance":{"Mean":17.956561016356954,"Sigma":15.852843468103828,"Taucorr":0.10947036961394296},"Iteration":69},
{"Acceptance":[0.008666666666666666],"Energy":{"Mean":-13.966706762750558,"Sigma":0.06474722551663292,"Taucorr":0.18934419350870968},"EnergyVariance":{"Mean":0.2905313927381744,"Sigma":0.17196746518203887,"Taucorr":0.04063320298280382},"Iteration":70},
{"Acceptance":[0.009333333333333334],"Energy":{"Mean":-13.619611664374306,"Sigma":0.13456733373970214,"Taucorr":0.035028697666577124},"EnergyVariance":{"Mean":4.628862840308162,"Sigma":3.906968846856037,"Taucorr":0.04652852770514215},"Iteration":71},
{"Acceptance":[0.007333333333333333],"Energy":{"Mean":-13.580874075804353,"Sigma":0.14802983346990486,"Taucorr":0.40915583298461233},"EnergyVariance":{"Mean":4.433612470214731,"Sigma":3.754108783301657,"Taucorr":0.008855306074274427},"Iteration":72},
{"Acceptance":[0.004],"Energy":{"Mean":-14.540358966916333,"Sigma":0.3573939660703732,"Taucorr":0.023829304185386646},"EnergyVariance":{"Mean":28.38165834889134,"Sigma":19.465394377099162,"Taucorr":0.3818949870377104},"Iteration":73},
{"Acceptance":[0.009333333333333334],"Energy":{"Mean":-13.378935874914532,"Sigma":0.2437893001656966,"Taucorr":1.0361537108642078},"EnergyVariance":{"Mean":1.8607385464649278,"Sigma":0.7330484622719288,"Taucorr":0.4666905114878015},"Iteration":74},
{"Acceptance":[0.004],"Energy":{"Mean":-13.966859785511069,"Sigma":0.06558791398841983,"Taucorr":-0.15352523490062175},"EnergyVariance":{"Mean":0.6403503477534189,"Sigma":0.5100302004486857,"Taucorr":0.9802276530185745},"Iteration":75},
{"Acceptance":[0.016],"Energy":{"Mean":-13.981051005028345,"Sigma":0.33274609389166054,"Taucorr":-0.02890915262518906},"EnergyVariance":{"Mean":12.556990770384587,"Sigma":11.718077643918612,"Taucorr":0.0058029779186929975},"Iteration":76},
{"Acceptance":[0.008333333333333333],"Energy":{"Mean":-14.38515934784969,"Sigma":0.21284119662140089,"Taucorr":-0.34082672155024507},"EnergyVariance":{"Mean":16.196026391454883,"Sigma":13.875203551332683,"Taucorr":0.20517935629575357},"Iteration":77},
{"Acceptance":[0.0026666666666666666],"Energy":{"Mean":-14.091033204835503,"Sigma":0.0,"Taucorr":null},"EnergyVariance":{"Mean":0.0009665279890604611,"Sigma":0.0,"Taucorr":null},"Iteration":78},
{"Acceptance":[0.007],"Energy":{"Mean":-13.935869617306658,"Sigma":0.12437729888858788,"Taucorr":1.1544581992855385},"EnergyVariance":{"Mean":0.4484452231997629,"Sigma":0.37026544530887523,"Taucorr":0.9331355265366514},"Iteration":79},
{"Acceptance":[0.006333333333333333],"Energy":{"Mean":-13.776589980563752,"Sigma":0.1267600918636958,"Taucorr":1.091782177565836},"EnergyVariance":{"Mean":0.48221702800620164,"Sigma":0.15001329249520423,"Taucorr":1.102537176406783},"Iteration":80},
{"Acceptance":[0.007666666666666666],"Energy":{"Mean":-13.707842883874045,"Sigma":0.15176982506689582,"Taucorr":0.8246390376252646},"EnergyVariance":{"Mean":0.8317349685461666,"Sigma":0.32366324013396863,"Taucorr":0.4589424261175824},"Iteration":81},
{"Acceptance":[0.004333333333333333],"Energy":{"Mean":-14.04917203985912,"Sigma":0.04513125043856233,"Taucorr":0.5106382978723407},"EnergyVariance":{"Mean":0.09731489546531591,"Sigma":0.09501746842044732,"Taucorr":0.5106382978723403},"Iteration":82},
{"Acceptance":[0.006333333333333333],"Energy":{"Mean":-13.468657978968544,"Sigma":0.18309028389180534,"Taucorr":1.0012099810601138},"EnergyVariance":{"Mean":1.0662839414051961,"Sigma":0.31219004785050475,"Taucorr":0.8939453578404806},"Iteration":83},
{"Acceptance":[0.004666666666666667],"Energy":{"Mean":-13.849862050957693,"Sigma":0.13935643421901636,"Taucorr":1.0320429736354275},"EnergyVariance":{"Mean":0.6038675572700573,"Sigma":0.3459425651393379,"Taucorr":0.7230094393160367},"Iteration":84},
{"Acceptance":[0.005333333333333333],"Energy":{"Mean":-14.059204152302081,"Sigma":0.0192655942314111,"Taucorr":-3.219646771412954e-15},"EnergyVariance":{"Mean":0.03548864018807318,"Sigma":0.03506083725027773,"Taucorr":0.0},"Iteration":85},
{"Acceptance":[0.004666666666666667],"Energy":{"Mean":-13.970752303813855,"Sigma":0.07237476204008192,"Taucorr":0.4458656926899436},"EnergyVariance":{"Mean":0.26454084518403614,"Sigma":0.1769339420240257,"Taucorr":0.1588172175103818},"Iteration":86},
{"Acceptance":[0.0026666666666666666],"Energy":{"Mean":-14.067101573994904,"Sigma":0.0,"Taucorr":null},"EnergyVariance":{"Mean":1.6059265509000958e-05,"Sigma":0.0,"Taucorr":null},"Iteration":87},
{"Acceptance":[0.0006666666666666666],"Energy":{"Mean":-14.06245364237245,"Sigma":0.0,"Taucorr":null},"EnergyVariance":{"Mean":7.602996367187065e-06,"Sigma":0.0,"Taucorr":null},"Iteration":88},
{"Acceptance":[0.003],"Energy":{"Mean":-13.744144229344734,"Sigma":0.134651594889365,"Taucorr":0.8270357873683898},"EnergyVariance":{"Mean":0.6513135220302282,"Sigma":0.24452568117769444,"Taucorr":0.28302378831603925},"Iteration":89},
{"Acceptance":[0.0013333333333333333],"Energy":{"Mean":-14.053344317045351,"Sigma":0.0,"Taucorr":null},"EnergyVariance":{"Mean":4.1794820532582256e-07,"Sigma":0.0,"Taucorr":null},"Iteration":90},
{"Acceptance":[0.0033333333333333335],"Energy":{"Mean":-14.029765950497156,"Sigma":0.019252078299423506,"Taucorr":4.440892098500626e-16},"EnergyVariance":{"Mean":0.035211273239433724,"Sigma":0.03484057000500539,"Taucorr":0.0},"Iteration":91},
{"Acceptance":[0.004],"Energy":{"Mean":-13.829554062625382,"Sigma":0.10175927049939443,"Taucorr":0.8635906592587275},"EnergyVariance":{"Mean":0.36217077375016204,"Sigma":0.14906593512835434,"Taucorr":0.8482339892587358},"Iteration":92},
{"Acceptance":[0.0],"Energy":{"Mean":-14.041373105763025,"Sigma":0.0,"Taucorr":null},"EnergyVariance":{"Mean":1.438719857653456e-06,"Sigma":0.0,"Taucorr":null},"Iteration":93},
{"Acceptance":[0.0016666666666666668],"Energy":{"Mean":-14.0186676833808,"Sigma":0.01941901441419019,"Taucorr":2.220446049250313e-16},"EnergyVariance":{"Mean":0.03582634447990916,"Sigma":0.035447248442128904,"Taucorr":2.220446049250313e-16},"Iteration":94},
{"Acceptance":[0.0],"Energy":{"Mean":-14.03521680231076,"Sigma":0.0,"Taucorr":null},"EnergyVariance":{"Mean":2.5787207987501318e-06,"Sigma":0.0,"Taucorr":null},"Iteration":95},
{"Acceptance":[0.008333333333333333],"Energy":{"Mean":-14.488352540075297,"Sigma":0.7879530509451302,"Taucorr":0.34947038503116923},"EnergyVariance":{"Mean":55.81668206734595,"Sigma":54.308842144667146,"Taucorr":0.5229798925913436},"Iteration":96},
{"Acceptance":[0.001],"Energy":{"Mean":-14.032536035648924,"Sigma":0.0,"Taucorr":null},"EnergyVariance":{"Mean":2.074252936778156e-05,"Sigma":0.0,"Taucorr":null},"Iteration":97},
{"Acceptance":[0.0023333333333333335],"Energy":{"Mean":-14.032183513653834,"Sigma":0.0,"Taucorr":null},"EnergyVariance":{"Mean":4.929317297291459e-05,"Sigma":0.0,"Taucorr":null},"Iteration":98},
{"Acceptance":[0.0026666666666666666],"Energy":{"Mean":-13.971138949406294,"Sigma":0.04470301399377534,"Taucorr":-0.012900188930436152},"EnergyVariance":{"Mean":0.19539772778177128,"Sigma":0.15952373914481843,"Taucorr":-0.006900677627289853},"Iteration":99} 
]}
{"input": {"L": 14, "J": 1, "machine": {"type": "FFNN", "model": ["tanh", 18, 3]}, "sampler": {"type": "MetropolisHop", "d_max": 5}, "optimizer": {"type": "AdaMax", "alpha": 0.001, "beta1": 0.9, "beta2": 0.999, "epscut": 1e-07}, "VMC": {"n_samples": 100, "discarded_samples": 100, "discarded_samples_on_init": 0, "target": "energy", "method": "Gd", "diag_shift": 0.01, "use_iterative": true, "use_cholesky": true}, "n_iter": 100}}
duration: -1.453157663345337