{"Output": [
{"Acceptance":[0.8186666666666667],"Energy":{"Mean":12.188862418579877,"Sigma":0.3141262576753489,"Taucorr":0.12279662689103277},"EnergyVariance":{"Mean":7.820698708891463,"Sigma":1.0329733154711622,"Taucorr":-0.009142632228522907},"Iteration":0},
{"Acceptance":[0.7506666666666667],"Energy":{"Mean":10.544224569715325,"Sigma":0.3383879674405259,"Taucorr":0.13753199338877375},"EnergyVariance":{"Mean":9.453787147463494,"Sigma":0.8726209683911965,"Taucorr":-0.1801995331794422},"Iteration":1},
{"Acceptance":[0.6616666666666666],"Energy":{"Mean":9.388244149066757,"Sigma":0.48829142569872974,"Taucorr":0.3931835217774903},"EnergyVariance":{"Mean":14.366265595513674,"Sigma":1.6103913617503773,"Taucorr":-0.10520293204812903},"Iteration":2},
{"Acceptance":[0.6076666666666667],"Energy":{"Mean":8.868493984952782,"Sigma":0.4797949285276331,"Taucorr":0.34587672227898314},"EnergyVariance":{"Mean":15.34111483002246,"Sigma":1.8207865352723127,"Taucorr":0.02596964761165277},"Iteration":3},
{"Acceptance":[0.528],"Energy":{"Mean":8.117616331816926,"Sigma":0.4754030144083807,"Taucorr":0.26325900325837936},"EnergyVariance":{"Mean":18.525101249368902,"Sigma":3.029686362178547,"Taucorr":0.2964157142032504},"Iteration":4},
{"Acceptance":[0.49266666666666664],"Energy":{"Mean":5.986398737361098,"Sigma":0.4385422170008058,"Taucorr":0.17463658566741502},"EnergyVariance":{"Mean":18.67795903387929,"Sigma":2.448140210130276,"Taucorr":-0.009373285712151014},"Iteration":5},
{"Acceptance":[0.4633333333333333],"Energy":{"Mean":4.171766111349353,"Sigma":0.5157691075184523,"Taucorr":0.3904901959214302},"EnergyVariance":{"Mean":19.64748663712652,"Sigma":2.0194749198520925,"Taucorr":-0.1181251216295151},"Iteration":6},
{"Acceptance":[0.408],"Energy":{"Mean":2.901340220276439,"Sigma":0.6341527858261836,"Taucorr":0.5151846819024151},"EnergyVariance":{"Mean":25.970967263818657,"Sigma":5.038205210382018,"Taucorr":0.2446603674135056},"Iteration":7},
{"Acceptance":[0.37666666666666665],"Energy":{"Mean":1.939974914378981,"Sigma":0.5057435567361945,"Taucorr":0.31308671565954094},"EnergyVariance":{"Mean":23.62719556742893,"Sigma":3.18132540752691,"Taucorr":0.0682970336720784},"Iteration":8},
{"Acceptance":[0.3273333333333333],"Energy":{"Mean":-0.4361504896658172,"Sigma":0.4607271788545304,"Taucorr":0.5445218535739054},"EnergyVariance":{"Mean":15.116850485478865,"Sigma":1.523871087971327,"Taucorr":-0.011356112211044211},"Iteration":9},
{"Acceptance":[0.30766666666666664],"Energy":{"Mean":-0.14147367525746035,"Sigma":0.6059210250464729,"Taucorr":0.28568452367918507},"EnergyVariance":{"Mean":30.189730525721167,"Sigma":6.403814135768986,"Taucorr":0.19870863119417526},"Iteration":10},
{"Acceptance":[0.30633333333333335],"Energy":{"Mean":-1.4347273067273565,"Sigma":0.5831744303662226,"Taucorr":0.2597480294279605},"EnergyVariance":{"Mean":30.69538570136074,"Sigma":6.958231412558428,"Taucorr":0.35603731634644487},"Iteration":11},
{"Acceptance":[0.261],"Energy":{"Mean":-3.436362567210046,"Sigma":0.46021383181159503,"Taucorr":0.389187798299956},"EnergyVariance":{"Mean":17.305441181662168,"Sigma":2.6429633165497832,"Taucorr":0.06142559823106786},"Iteration":12},
{"Acceptance":[0.26566666666666666],"Energy":{"Mean":-2.72071655068602,"Sigma":0.5130688675989568,"Taucorr":0.4151134401699095},"EnergyVariance":{"Mean":24.57902861843048,"Sigma":4.137970861597569,"Taucorr":-0.010956469660097501},"Iteration":13},
{"Acceptance":[0.244],"Energy":{"Mean":-4.56687037696906,"Sigma":0.3672410152086595,"Taucorr":0.3477686788847919},"EnergyVariance":{"Mean":17.062096582529286,"Sigma":2.8994077942278556,"Taucorr":0.12056182997529918},"Iteration":14},
{"Acceptance":[0.23233333333333334],"Energy":{"Mean":-4.652524781588201,"Sigma":0.46765640288614563,"Taucorr":0.45352988361587043},"EnergyVariance":{"Mean":22.22257849294233,"Sigma":4.97457321326579,"Taucorr":0.26498750165076745},"Iteration":15},
{"Acceptance":[0.223],"Energy":{"Mean":-6.212568801991518,"Sigma":0.29300053033967166,"Taucorr":0.062246367029284766},"EnergyVariance":{"Mean":12.894277804646196,"Sigma":1.4515032323563242,"Taucorr":-0.11870804236027915},"Iteration":16},
{"Acceptance":[0.206],"Energy":{"Mean":-6.4657863771051955,"Sigma":0.4763238318661348,"Taucorr":0.2510826031491118},"EnergyVariance":{"Mean":19.853581632668405,"Sigma":4.004392529091979,"Taucorr":0.21776237207860794},"Iteration":17},
{"Acceptance":[0.215],"Energy":{"Mean":-6.783241339055553,"Sigma":0.418036137896532,"Taucorr":0.3142231991226292},"EnergyVariance":{"Mean":16.137306657968768,"Sigma":3.0476031826476904,"Taucorr":0.1307795488683271},"Iteration":18},
{"Acceptance":[0.203],"Energy":{"Mean":-7.237756141541723,"Sigma":0.5069320298887134,"Taucorr":0.3507333095971922},"EnergyVariance":{"Mean":25.2460326147488,"Sigma":5.9054908984294645,"Taucorr":0.1025870659356346},"Iteration":19},
{"Acceptance":[0.17],"Energy":{"Mean":-7.650776209397916,"Sigma":0.3972009364481439,"Taucorr":0.3248382515788958},"EnergyVariance":{"Mean":11.197832136848286,"Sigma":1.4907317149480126,"Taucorr":0.1038734296163355},"Iteration":20},
{"Acceptance":[0.17166666666666666],"Energy":{"Mean":-8.516293159920288,"Sigma":0.40377206519308284,"Taucorr":0.29188639458302046},"EnergyVariance":{"Mean":11.988158980615792,"Sigma":2.797470357740811,"Taucorr":0.014167109668629885},"Iteration":21},
{"Acceptance":[0.21233333333333335],"Energy":{"Mean":-8.503791588769838,"Sigma":0.490829960715176,"Taucorr":0.20875080330733764},"EnergyVariance":{"Mean":24.169867750951898,"Sigma":7.204587123232659,"Taucorr":0.08816420407502157},"Iteration":22},
{"Acceptance":[0.183],"Energy":{"Mean":-8.910451076733912,"Sigma":0.34351072330687904,"Taucorr":0.1850873174284603},"EnergyVariance":{"Mean":10.513721390314977,"Sigma":2.2161114055066644,"Taucorr":-0.005817092609021912},"Iteration":23},
{"Acceptance":[0.17833333333333334],"Energy":{"Mean":-8.95790610001012,"Sigma":0.42516051750376505,"Taucorr":0.34385299391405777},"EnergyVariance":{"Mean":13.709858017356751,"Sigma":2.6308284441207315,"Taucorr":0.041627023993695444},"Iteration":24},
{"Acceptance":[0.175],"Energy":{"Mean":-9.451027315949645,"Sigma":0.5420393831422002,"Taucorr":0.4696998177206281},"EnergyVariance":{"Mean":15.74327968137853,"Sigma":8.07966776955048,"Taucorr":0.4335474171231575},"Iteration":25},
{"Acceptance":[0.16666666666666666],"Energy":{"Mean":-9.744835670215105,"Sigma":0.46947433092039337,"Taucorr":0.13928431660406881},"EnergyVariance":{"Mean":20.000291089585158,"Sigma":6.000043859445342,"Taucorr":-0.0392436192184073},"Iteration":26},
{"Acceptance":[0.17],"Energy":{"Mean":-10.034228015248576,"Sigma":0.3440839757229866,"Taucorr":0.3624172901483156},"EnergyVariance":{"Mean":7.715992964480915,"Sigma":1.5639592399092397,"Taucorr":0.1103070177323987},"Iteration":27},
{"Acceptance":[0.16166666666666665],"Energy":{"Mean":-10.091662768118452,"Sigma":0.3128958533035855,"Taucorr":-0.09363814643396606},"EnergyVariance":{"Mean":14.74462291081833,"Sigma":5.03714080996527,"Taucorr":0.2259140691626228},"Iteration":28},
{"Acceptance":[0.17],"Energy":{"Mean":-8.93395973200774,"Sigma":1.12423712521144,"Taucorr":1.108036161791504},"EnergyVariance":{"Mean":40.51914984918422,"Sigma":22.79767612509919,"Taucorr":1.0327794096882092},"Iteration":29},
{"Acceptance":[0.14733333333333334],"Energy":{"Mean":-9.615528736737813,"Sigma":0.683068503261167,"Taucorr":0.5503896812152904},"EnergyVariance":{"Mean":30.15375345765343,"Sigma":16.56591365383688,"Taucorr":0.2554383803942153},"Iteration":30},
{"Acceptance":[0.151],"Energy":{"Mean":-9.261095995379948,"Sigma":0.3894250195824944,"Taucorr":0.288846874186915},"EnergyVariance":{"Mean":11.504111648675673,"Sigma":4.498402004124793,"Taucorr":0.03266825966766096},"Iteration":31},
{"Acceptance":[0.13666666666666666],"Energy":{"Mean":-10.693934922709255,"Sigma":0.3465973826075283,"Taucorr":0.0603531013061519},"EnergyVariance":{"Mean":15.965234287736074,"Sigma":6.940668137408954,"Taucorr":-0.0022201538707873336},"Iteration":32},
{"Acceptance":[0.13166666666666665],"Energy":{"Mean":-10.210862604275412,"Sigma":0.4360497850548767,"Taucorr":0.09810653825891102},"EnergyVariance":{"Mean":15.59983613205897,"Sigma":10.864595924533948,"Taucorr":-0.007548828129763818},"Iteration":33},
{"Acceptance":[0.138],"Energy":{"Mean":-10.54530027885371,"Sigma":0.2962726318349407,"Taucorr":0.2792910314636111},"EnergyVariance":{"Mean":6.102475987381602,"Sigma":1.2968887398588955,"Taucorr":0.03867254293630673},"Iteration":34},
{"Acceptance":[0.13033333333333333],"Energy":{"Mean":-10.13441518484372,"Sigma":0.2702309620224577,"Taucorr":0.22879671187343742},"EnergyVariance":{"Mean":5.065746492775978,"Sigma":0.8781600860377831,"Taucorr":0.09322584335273343},"Iteration":35},
{"Acceptance":[0.13233333333333333],"Energy":{"Mean":-9.784541772479432,"Sigma":0.43106518664915505,"Taucorr":0.785619295466413},"EnergyVariance":{"Mean":7.373208070444077,"Sigma":1.6938496886605061,"Taucorr":0.5372736783085623},"Iteration":36},
{"Acceptance":[0.13133333333333333],"Energy":{"Mean":-9.898383963502171,"Sigma":0.4311095195512268,"Taucorr":0.1657820875130107},"EnergyVariance":{"Mean":13.88178178415427,"Sigma":8.345443003434498,"Taucorr":0.0019226683068208628},"Iteration":37},
{"Acceptance":[0.13],"Energy":{"Mean":-10.67633110929012,"Sigma":0.33769742065773545,"Taucorr":0.2445062952478676},"EnergyVariance":{"Mean":7.762539134814885,"Sigma":1.7672185868584185,"Taucorr":-0.05561811745603762},"Iteration":38},
{"Acceptance":[0.12433333333333334],"Energy":{"Mean":-10.526680865011638,"Sigma":0.2911142355428856,"Taucorr":0.33025722705764093},"EnergyVariance":{"Mean":5.6505456571604915,"Sigma":1.4616943591371314,"Taucorr":0.002407793486184695},"Iteration":39},
{"Acceptance":[0.11566666666666667],"Energy":{"Mean":-10.408754693616737,"Sigma":0.2671943339614728,"Taucorr":0.24501718907056413},"EnergyVariance":{"Mean":4.958671126138811,"Sigma":1.3298299300589567,"Taucorr":0.14357073439898405},"Iteration":40},
{"Acceptance":[0.09966666666666667],"Energy":{"Mean":-10.390036776614387,"Sigma":0.33589985179082404,"Taucorr":0.45971318626836344},"EnergyVariance":{"Mean":5.932803544989902,"Sigma":1.809873025628381,"Taucorr":-0.022934125168464936},"Iteration":41},
{"Acceptance":[0.12833333333333333],"Energy":{"Mean":-9.83064954442041,"Sigma":0.29773619785034366,"Taucorr":0.07941477756338633},"EnergyVariance":{"Mean":10.595239951178646,"Sigma":5.45363318796544,"Taucorr":0.006142150476369013},"Iteration":42},
{"Acceptance":[0.11266666666666666],"Energy":{"Mean":-10.666072958907664,"Sigma":0.41937187258221376,"Taucorr":0.3586218910979714},"EnergyVariance":{"Mean":19.60854850530266,"Sigma":8.447191365072605,"Taucorr":0.2795911651985069},"Iteration":43},
{"Acceptance":[0.121],"Energy":{"Mean":-10.664902844106665,"Sigma":0.329793273535057,"Taucorr":0.21098057488608624},"EnergyVariance":{"Mean":7.637592734168523,"Sigma":2.7548254495439464,"Taucorr":0.4029402863244824},"Iteration":44},
{"Acceptance":[0.10833333333333334],"Energy":{"Mean":-10.61967182289453,"Sigma":0.4920101400782372,"Taucorr":0.39089749300563825},"EnergyVariance":{"Mean":13.308025839495755,"Sigma":6.93967160030223,"Taucorr":0.15591290728245122},"Iteration":45},
{"Acceptance":[0.11466666666666667],"Energy":{"Mean":-9.85041764188191,"Sigma":0.4020963370620117,"Taucorr":0.24479836830724633},"EnergyVariance":{"Mean":10.65774392549769,"Sigma":2.480429855769859,"Taucorr":0.20157212595403518},"Iteration":46},
{"Acceptance":[0.111],"Energy":{"Mean":-10.44596134832545,"Sigma":0.33151461581236247,"Taucorr":0.3011677026349696},"EnergyVariance":{"Mean":6.676386591411745,"Sigma":1.8978834802324034,"Taucorr":0.16885993938789046},"Iteration":47},
{"Acceptance":[0.11466666666666667],"Energy":{"Mean":-10.226741579073952,"Sigma":0.3038534266586024,"Taucorr":0.1999688366187714},"EnergyVariance":{"Mean":6.516052781243259,"Sigma":2.0839977000106193,"Taucorr":0.15410354884262167},"Iteration":48},
{"Acceptance":[0.126],"Energy":{"Mean":-11.374170908190145,"Sigma":0.6063828438775704,"Taucorr":0.3698202407017144},"EnergyVariance":{"Mean":25.4261637898599,"Sigma":11.831310679632244,"Taucorr":0.3502099276845969},"Iteration":49},
{"Acceptance":[0.10933333333333334],"Energy":{"Mean":-11.13171174258882,"Sigma":0.6726589251420134,"Taucorr":0.9555762308780196},"EnergyVariance":{"Mean":25.758201335320447,"Sigma":12.736996318015587,"Taucorr":0.5477092215863699},"Iteration":50},
{"Acceptance":[0.10766666666666666],"Energy":{"Mean":-10.666213714353173,"Sigma":0.3590348840053619,"Taucorr":0.16306384419748676},"EnergyVariance":{"Mean":9.492862458137607,"Sigma":3.2256381112137147,"Taucorr":0.44725297668995867},"Iteration":51},
{"Acceptance":[0.10866666666666666],"Energy":{"Mean":-10.58890465789673,"Sigma":0.36120801540300707,"Taucorr":0.24913220279623927},"EnergyVariance":{"Mean":8.445981584763162,"Sigma":2.83189707391555,"Taucorr":0.3135078977191882},"Iteration":52},
{"Acceptance":[0.109],"Energy":{"Mean":-11.192614520487092,"Sigma":0.3470316684971705,"Taucorr":0.19144435864324194},"EnergyVariance":{"Mean":8.602041649755781,"Sigma":2.189611650503998,"Taucorr":0.019531676962398548},"Iteration":53},
{"Acceptance":[0.105],"Energy":{"Mean":-10.775023963004076,"Sigma":0.5845716486275115,"Taucorr":0.4234509933485968},"EnergyVariance":{"Mean":25.380300538064677,"Sigma":17.281911359477327,"Taucorr":0.02069986032679194},"Iteration":54},
{"Acceptance":[0.11833333333333333],"Energy":{"Mean":-10.576254722675008,"Sigma":0.3788496581046645,"Taucorr":0.009729764463357382},"EnergyVariance":{"Mean":15.828197971483926,"Sigma":8.14542580330452,"Taucorr":0.10455416058710709},"Iteration":55},
{"Acceptance":[0.10533333333333333],"Energy":{"Mean":-10.909665485826716,"Sigma":0.42604717684952587,"Taucorr":0.4036082623816374},"EnergyVariance":{"Mean":9.890977641967996,"Sigma":3.291976552288298,"Taucorr":0.21191205482002928},"Iteration":56},
{"Acceptance":[0.11266666666666666],"Energy":{"Mean":-10.455363649188545,"Sigma":0.27473834900121924,"Taucorr":0.4020837196561927},"EnergyVariance":{"Mean":4.0251001888490645,"Sigma":0.8297101076367377,"Taucorr":0.447739384407024},"Iteration":57},
{"Acceptance":[0.109],"Energy":{"Mean":-10.852443910260373,"Sigma":0.40398567442709926,"Taucorr":0.2047899749584715},"EnergyVariance":{"Mean":11.237469488596682,"Sigma":6.173561671785311,"Taucorr":0.23513224582625802},"Iteration":58},
{"Acceptance":[0.122],"Energy":{"Mean":-10.628773271175321,"Sigma":0.2802600775770217,"Taucorr":0.37261762985110514},"EnergyVariance":{"Mean":4.342460128936431,"Sigma":0.7298362865136696,"Taucorr":0.15891945373822036},"Iteration":59},
{"Acceptance":[0.10833333333333334],"Energy":{"Mean":-10.089471526018933,"Sigma":0.3302064843524596,"Taucorr":0.016455101637871894},"EnergyVariance":{"Mean":10.203948745731969,"Sigma":2.889276250233701,"Taucorr":0.04016999685491074},"Iteration":60},
{"Acceptance":[0.11333333333333333],"Energy":{"Mean":-10.97300505414354,"Sigma":0.18829375742211477,"Taucorr":-0.15195160161202909},"EnergyVariance":{"Mean":4.907346549649111,"Sigma":1.7977058932973984,"Taucorr":0.030980212614929337},"Iteration":61},
{"Acceptance":[0.10266666666666667],"Energy":{"Mean":-10.903331330351484,"Sigma":0.3468389333854328,"Taucorr":-0.10953888828128078},"EnergyVariance":{"Mean":15.284091664163173,"Sigma":5.370205422643781,"Taucorr":0.06499411566308755},"Iteration":62},
{"Acceptance":[0.09133333333333334],"Energy":{"Mean":-10.472961193108894,"Sigma":0.2972608843056176,"Taucorr":0.639373137971331},"EnergyVariance":{"Mean":3.732029996345574,"Sigma":0.8147863386406223,"Taucorr":0.4162923559366002},"Iteration":63},
{"Acceptance":[0.11266666666666666],"Energy":{"Mean":-10.575372049306557,"Sigma":0.6462676066700563,"Taucorr":0.26838766246793666},"EnergyVariance":{"Mean":26.228070936110033,"Sigma":16.524296975979677,"Taucorr":0.011075695603686042},"Iteration":64},
{"Acceptance":[0.10033333333333333],"Energy":{"Mean":-10.392037116062825,"Sigma":0.29364289485861383,"Taucorr":0.25384462100155236},"EnergyVariance":{"Mean":5.501680373137026,"Sigma":1.1577304138416256,"Taucorr":0.3913499073094181},"Iteration":65},
{"Acceptance":[0.12],"Energy":{"Mean":-11.200509632729027,"Sigma":0.2410437345917476,"Taucorr":-0.0242266570396395},"EnergyVariance":{"Mean":5.926321103168064,"Sigma":2.066961193033299,"Taucorr":0.011965509756682424},"Iteration":66},
{"Acceptance":[0.113],"Energy":{"Mean":-10.741711862349593,"Sigma":0.31986006635407593,"Taucorr":0.33518718044446816},"EnergyVariance":{"Mean":5.908104046969246,"Sigma":1.439807740832897,"Taucorr":0.0028486651094382642},"Iteration":67},
{"Acceptance":[0.12333333333333334],"Energy":{"Mean":-11.125483879351666,"Sigma":0.33342226904184324,"Taucorr":0.14745440020156042},"EnergyVariance":{"Mean":8.28433224853944,"Sigma":2.5208537575096357,"Taucorr":-0.02686685379857795},"Iteration":68},
{"Acceptance":[0.10033333333333333],"Energy":{"Mean":-10.681968822887615,"Sigma":0.2372002957814981,"Taucorr":0.25910826423034106},"EnergyVariance":{"Mean":3.576769133278196,"Sigma":1.1443765064319489,"Taucorr":0.0579575976696719},"Iteration":69},
{"Acceptance":[0.12466666666666666],"Energy":{"Mean":-10.779062177193497,"Sigma":0.36843158855399316,"Taucorr":0.15773491548958507},"EnergyVariance":{"Mean":9.927467927738249,"Sigma":3.4034495539913716,"Taucorr":0.00033468435626238247},"Iteration":70},
{"Acceptance":[0.10166666666666667],"Energy":{"Mean":-9.625225792428095,"Sigma":0.33112214212912827,"Taucorr":0.19392618010796003},"EnergyVariance":{"Mean":7.5834903381217105,"Sigma":1.6034380800906087,"Taucorr":0.20387953315166685},"Iteration":71},
{"Acceptance":[0.11],"Energy":{"Mean":-11.210701099171306,"Sigma":0.26525112762758674,"Taucorr":0.3847563159785933},"EnergyVariance":{"Mean":3.8083504438391396,"Sigma":0.8162756679659438,"Taucorr":0.17239552659461155},"Iteration":72},
{"Acceptance":[0.105],"Energy":{"Mean":-10.563006732307459,"Sigma":0.2840774532572043,"Taucorr":0.17075471560594624},"EnergyVariance":{"Mean":5.749398888285505,"Sigma":2.176018027258787,"Taucorr":0.24088154980895604},"Iteration":73},
{"Acceptance":[0.09566666666666666],"Energy":{"Mean":-11.024414765479808,"Sigma":0.16916405854648928,"Taucorr":0.042737659460596045},"EnergyVariance":{"Mean":2.5469549348171623,"Sigma":0.6292397550850616,"Taucorr":0.01623661898582751},"Iteration":74},
{"Acceptance":[0.09533333333333334],"Energy":{"Mean":-10.535274850911353,"Sigma":0.2479876443038481,"Taucorr":0.22606108775521572},"EnergyVariance":{"Mean":4.07206169933847,"Sigma":1.051521004778825,"Taucorr":0.6280429382166008},"Iteration":75},
{"Acceptance":[0.09566666666666666],"Energy":{"Mean":-10.523813694518639,"Sigma":0.28387729517710736,"Taucorr":0.564299423631833},"EnergyVariance":{"Mean":3.6362270129701506,"Sigma":0.7598926491503213,"Taucorr":0.1847616838550129},"Iteration":76},
{"Acceptance":[0.11033333333333334],"Energy":{"Mean":-11.08222590124434,"Sigma":0.3931345266768807,"Taucorr":0.21987670376240187},"EnergyVariance":{"Mean":10.3190395759461,"Sigma":2.8949667265307233,"Taucorr":0.10222527763143396},"Iteration":77},
{"Acceptance":[0.10433333333333333],"Energy":{"Mean":-10.576023912459268,"Sigma":0.33060423880994144,"Taucorr":0.23138580378938034},"EnergyVariance":{"Mean":7.174385823241767,"Sigma":2.6741288171745174,"Taucorr":0.6675814704113112},"Iteration":78},
{"Acceptance":[0.09233333333333334],"Energy":{"Mean":-10.865924970023606,"Sigma":0.23526958254043814,"Taucorr":0.09225353365659938},"EnergyVariance":{"Mean":4.486741231716063,"Sigma":0.8370653306467964,"Taucorr":0.33396779473644034},"Iteration":79},
{"Acceptance":[0.1],"Energy":{"Mean":-10.473628026750061,"Sigma":0.2672971205212423,"Taucorr":0.0060405809000447785},"EnergyVariance":{"Mean":6.820286256120504,"Sigma":2.3178243579388353,"Taucorr":0.7382299158134726},"Iteration":80},
{"Acceptance":[0.11366666666666667],"Energy":{"Mean":-11.059510699152131,"Sigma":0.24537105736513926,"Taucorr":0.34828774192479317},"EnergyVariance":{"Mean":3.4069571159006307,"Sigma":0.6907638586599143,"Taucorr":0.13367213977516368},"Iteration":81},
{"Acceptance":[0.10066666666666667],"Energy":{"Mean":-11.478475885980888,"Sigma":0.338143958328166,"Taucorr":0.27784593737633856},"EnergyVariance":{"Mean":7.03531670163424,"Sigma":2.5844014770335284,"Taucorr":0.436201771250771},"Iteration":82},
{"Acceptance":[0.09866666666666667],"Energy":{"Mean":-11.021712318815513,"Sigma":0.3798322249912298,"Taucorr":0.33097969635375113},"EnergyVariance":{"Mean":8.319818838127107,"Sigma":3.110850495575297,"Taucorr":0.3402702833153387},"Iteration":83},
{"Acceptance":[0.10733333333333334],"Energy":{"Mean":-10.480567534783528,"Sigma":0.36258095654479655,"Taucorr":0.4662029015578666},"EnergyVariance":{"Mean":6.514014057039194,"Sigma":1.0064643752083176,"Taucorr":0.08348833611539663},"Iteration":84},
{"Acceptance":[0.111],"Energy":{"Mean":-10.421603992409246,"Sigma":0.3718440761037827,"Taucorr":0.5930613780821248},"EnergyVariance":{"Mean":6.091852883504241,"Sigma":1.2543926581159355,"Taucorr":0.3384996639503479},"Iteration":85},
{"Acceptance":[0.11866666666666667],"Energy":{"Mean":-11.791292504578719,"Sigma":0.6647292136377217,"Taucorr":0.5079266511308356},"EnergyVariance":{"Mean":22.630304676285714,"Sigma":8.639306969211427,"Taucorr":0.25943119640662493},"Iteration":86},
{"Acceptance":[0.11433333333333333],"Energy":{"Mean":-10.559942994327946,"Sigma":0.42367632779797715,"Taucorr":0.506164181241483},"EnergyVariance":{"Mean":8.513972704371028,"Sigma":3.3676594237476323,"Taucorr":0.31939607357932775},"Iteration":87},
{"Acceptance":[0.10466666666666667],"Energy":{"Mean":-10.763709786119398,"Sigma":0.20226107049301215,"Taucorr":0.29347835364629427},"EnergyVariance":{"Mean":2.4660268642562913,"Sigma":0.47511944565133224,"Taucorr":0.2816443925727955},"Iteration":88},
{"Acceptance":[0.106],"Energy":{"Mean":-10.096836129641042,"Sigma":0.4547759017148026,"Taucorr":0.20111459523552833},"EnergyVariance":{"Mean":32.792799810661954,"Sigma":28.65708814327994,"Taucorr":0.001868628026685748},"Iteration":89},
{"Acceptance":[0.10666666666666667],"Energy":{"Mean":-11.176651211834331,"Sigma":0.9385131188070935,"Taucorr":0.29341185216291654},"EnergyVariance":{"Mean":94.3357978126721,"Sigma":58.29097491817161,"Taucorr":0.04984807130653157},"Iteration":90},
{"Acceptance":[0.11066666666666666],"Energy":{"Mean":-11.08315637095174,"Sigma":0.3277486722356143,"Taucorr":0.2360012057304407},"EnergyVariance":{"Mean":7.006483393313435,"Sigma":2.992042902019429,"Taucorr":0.2878830194784827},"Iteration":91},
{"Acceptance":[0.11166666666666666],"Energy":{"Mean":-10.043516690970053,"Sigma":0.2670079950693206,"Taucorr":0.16460351784838279},"EnergyVariance":{"Mean":5.130969057557359,"Sigma":0.678398389214188,"Taucorr":0.05635970887751063},"Iteration":92},
{"Acceptance":[0.112],"Energy":{"Mean":-9.67504406404151,"Sigma":0.5226273073993651,"Taucorr":0.030922197727356382},"EnergyVariance":{"Mean":24.54882572623553,"Sigma":17.703908278020993,"Taucorr":-0.005197353039792296},"Iteration":93},
{"Acceptance":[0.108],"Energy":{"Mean":-10.785786847248712,"Sigma":0.3690053268204107,"Taucorr":0.673149237596613},"EnergyVariance":{"Mean":5.583049134500016,"Sigma":1.3844407453508576,"Taucorr":0.5843966446194657},"Iteration":94},
{"Acceptance":[0.11333333333333333],"Energy":{"Mean":-10.471341066953341,"Sigma":0.32103267581336326,"Taucorr":0.33404797764300975},"EnergyVariance":{"Mean":5.883262492583117,"Sigma":1.0246520240075305,"Taucorr":0.22848578351122106},"Iteration":95},
{"Acceptance":[0.111],"Energy":{"Mean":-9.725282528976152,"Sigma":0.4457593855957589,"Taucorr":-0.05706914232069121},"EnergyVariance":{"Mean":21.482361197933756,"Sigma":16.51308403998981,"Taucorr":0.0005892286502013899},"Iteration":96},
{"Acceptance":[0.11866666666666667],"Energy":{"Mean":-10.868042483672113,"Sigma":0.2941451929650996,"Taucorr":0.0030877591619903333},"EnergyVariance":{"Mean":8.233339840820763,"Sigma":2.4275888220207142,"Taucorr":0.3707694465869691},"Iteration":97},
{"Acceptance":[0.10266666666666667],"Energy":{"Mean":-10.861862748075966,"Sigma":0.3821475793951196,"Taucorr":0.6527139011495728},"EnergyVariance":{"Mean":6.0965431924811835,"Sigma":2.1487320496476827,"Taucorr":0.8411776915261369},"Iteration":98},
{"Acceptance":[0.11266666666666666],"Energy":{"Mean":-11.015055017617232,"Sigma":0.3705203739603617,"Taucorr":0.09013549626205364},"EnergyVariance":{"Mean":11.84816870664178,"Sigma":5.639096779505477,"Taucorr":0.02900755518176712},"Iteration":99} 
]}
{"input": {"L": 14, "J": 1, "machine": {"type": "FFNN", "model": ["tanh", 46, 1]}, "sampler": {"type": "MetropolisHop", "d_max": 5}, "optimizer": {"type": "AdaMax", "alpha": 0.001, "beta1": 0.9, "beta2": 0.999, "epscut": 1e-07}, "VMC": {"n_samples": 100, "discarded_samples": 100, "discarded_samples_on_init": 0, "target": "energy", "method": "Gd", "diag_shift": 0.01, "use_iterative": true, "use_cholesky": true}, "n_iter": 100}}
duration: -0.44081735610961914