{"Output": [
{"Acceptance":[0.9138461538461539],"Energy":{"Mean":10.48983121256874,"Sigma":0.247449367909092,"Taucorr":-0.09445686456140778},"EnergyVariance":{"Mean":7.241297769507752,"Sigma":0.9758034366518531,"Taucorr":0.07501441518746399},"Iteration":0},
{"Acceptance":[0.9003846153846153],"Energy":{"Mean":10.119751363337858,"Sigma":0.4053894065961518,"Taucorr":0.4207566269758368},"EnergyVariance":{"Mean":8.589984089315776,"Sigma":1.2029765865764974,"Taucorr":0.0060913745588149215},"Iteration":1},
{"Acceptance":[0.8934615384615384],"Energy":{"Mean":10.50466251140113,"Sigma":0.22440381045783916,"Taucorr":-0.025136764163506242},"EnergyVariance":{"Mean":5.242170686022343,"Sigma":0.6463978364769817,"Taucorr":-0.013744129990133414},"Iteration":2},
{"Acceptance":[0.8738461538461538],"Energy":{"Mean":9.889988019623686,"Sigma":0.23029982312056965,"Taucorr":-0.08829907802499681},"EnergyVariance":{"Mean":6.411232608607147,"Sigma":0.8312095104449417,"Taucorr":0.03255973373796783},"Iteration":3},
{"Acceptance":[0.8703846153846154],"Energy":{"Mean":9.964854707541637,"Sigma":0.2522533237244819,"Taucorr":-0.04998117292560855},"EnergyVariance":{"Mean":7.005609310193252,"Sigma":1.1543022813156916,"Taucorr":0.05628018047614192},"Iteration":4},
{"Acceptance":[0.8646153846153846],"Energy":{"Mean":9.91084933651178,"Sigma":0.2205754449253546,"Taucorr":-0.1408686083733674},"EnergyVariance":{"Mean":6.842349789141533,"Sigma":0.5724972802663757,"Taucorr":-0.22575250230752736},"Iteration":5},
{"Acceptance":[0.86],"Energy":{"Mean":10.26103093437274,"Sigma":0.31471057952371323,"Taucorr":0.12052126195961854},"EnergyVariance":{"Mean":8.156559995924468,"Sigma":1.6272958062990588,"Taucorr":0.3931521738952821},"Iteration":6},
{"Acceptance":[0.8357692307692308],"Energy":{"Mean":10.433667415110483,"Sigma":0.29443218055549086,"Taucorr":0.020462356919436098},"EnergyVariance":{"Mean":8.686990520177188,"Sigma":1.1158725552429825,"Taucorr":0.03726245855992982},"Iteration":7},
{"Acceptance":[0.8226923076923077],"Energy":{"Mean":9.44318801346448,"Sigma":0.31537847622669113,"Taucorr":0.13628282273108883},"EnergyVariance":{"Mean":8.129009288544804,"Sigma":0.9869921867416251,"Taucorr":-0.05201742521406805},"Iteration":8},
{"Acceptance":[0.82],"Energy":{"Mean":9.59367876614275,"Sigma":0.3285798824056034,"Taucorr":0.14572351468258804},"EnergyVariance":{"Mean":8.757282972712382,"Sigma":0.9148847256499812,"Taucorr":-0.05290822086386188},"Iteration":9},
{"Acceptance":[0.8234615384615385],"Energy":{"Mean":9.501137790420104,"Sigma":0.3626343524988591,"Taucorr":0.2536505468086192},"EnergyVariance":{"Mean":9.286440494426312,"Sigma":1.4304355371158939,"Taucorr":0.013088698765079121},"Iteration":10},
{"Acceptance":[0.808076923076923],"Energy":{"Mean":9.98432188239923,"Sigma":0.36476237992999266,"Taucorr":0.2672457515519041},"EnergyVariance":{"Mean":9.291573547127363,"Sigma":1.630619878358329,"Taucorr":0.14428541862929256},"Iteration":11},
{"Acceptance":[0.7830769230769231],"Energy":{"Mean":8.937401261307011,"Sigma":0.26912586052580095,"Taucorr":0.0020125752052262413},"EnergyVariance":{"Mean":8.258595444308332,"Sigma":1.0784867209325484,"Taucorr":0.012085203058658012},"Iteration":12},
{"Acceptance":[0.7934615384615384],"Energy":{"Mean":9.366360331890933,"Sigma":0.2649667592698457,"Taucorr":-0.0044873389804258035},"EnergyVariance":{"Mean":8.016521613389509,"Sigma":1.0252920672899801,"Taucorr":0.0447792163534656},"Iteration":13},
{"Acceptance":[0.7784615384615384],"Energy":{"Mean":9.623550075200297,"Sigma":0.33497582772406104,"Taucorr":0.20226731421995103},"EnergyVariance":{"Mean":9.139933275497608,"Sigma":0.7582249256439271,"Taucorr":-0.1730894941307779},"Iteration":14},
{"Acceptance":[0.7842307692307692],"Energy":{"Mean":8.88120182925822,"Sigma":0.30220822856291635,"Taucorr":-0.0136763530158161},"EnergyVariance":{"Mean":10.854867422204002,"Sigma":1.7822690615867889,"Taucorr":0.5019373483036209},"Iteration":15},
{"Acceptance":[0.7476923076923077],"Energy":{"Mean":8.713622240127858,"Sigma":0.291029671899994,"Taucorr":0.0601330461641284},"EnergyVariance":{"Mean":9.255758827941532,"Sigma":0.7929230726119918,"Taucorr":-0.19710142620449583},"Iteration":16},
{"Acceptance":[0.7546153846153846],"Energy":{"Mean":8.839513492613266,"Sigma":0.2835031214325378,"Taucorr":-0.045299678697586165},"EnergyVariance":{"Mean":10.757103544146343,"Sigma":1.023700351905852,"Taucorr":-0.062476388469598576},"Iteration":17},
{"Acceptance":[0.7307692307692307],"Energy":{"Mean":8.68497371166677,"Sigma":0.4188171013185848,"Taucorr":0.2492779553700356},"EnergyVariance":{"Mean":13.320538199228231,"Sigma":1.5134166540596585,"Taucorr":0.011243120673617879},"Iteration":18},
{"Acceptance":[0.735],"Energy":{"Mean":8.734456572883794,"Sigma":0.30681574093895153,"Taucorr":0.01218882705722657},"EnergyVariance":{"Mean":11.476936779822655,"Sigma":1.0867737206474566,"Taucorr":-0.1350422483713501},"Iteration":19},
{"Acceptance":[0.7157692307692308],"Energy":{"Mean":8.19806604610229,"Sigma":0.3798284160027508,"Taucorr":0.2480140986694691},"EnergyVariance":{"Mean":11.857016695577201,"Sigma":1.6797110746493704,"Taucorr":0.19472096668927608},"Iteration":20},
{"Acceptance":[0.7146153846153847],"Energy":{"Mean":8.13905159764702,"Sigma":0.27776421235038545,"Taucorr":0.01726127852184922},"EnergyVariance":{"Mean":10.043155713906282,"Sigma":1.212998340609865,"Taucorr":0.03218343854196959},"Iteration":21},
{"Acceptance":[0.6680769230769231],"Energy":{"Mean":7.9484288139615,"Sigma":0.40094710720416604,"Taucorr":0.3001832966526695},"EnergyVariance":{"Mean":13.21996958042164,"Sigma":1.11882260690224,"Taucorr":-0.1518507823994643},"Iteration":22},
{"Acceptance":[0.6988461538461539],"Energy":{"Mean":7.9122557330923255,"Sigma":0.2824285583718457,"Taucorr":-0.007686804420152404},"EnergyVariance":{"Mean":10.667902991442507,"Sigma":1.0910004534990585,"Taucorr":-0.019267307596481265},"Iteration":23},
{"Acceptance":[0.6638461538461539],"Energy":{"Mean":7.228535303868168,"Sigma":0.34739360420205323,"Taucorr":0.18676115194680154},"EnergyVariance":{"Mean":12.356730751676388,"Sigma":1.1579404715971708,"Taucorr":-0.013998155249648148},"Iteration":24},
{"Acceptance":[0.6426923076923077],"Energy":{"Mean":7.571731813376598,"Sigma":0.43476314075358924,"Taucorr":0.18859883789076715},"EnergyVariance":{"Mean":15.610896708302516,"Sigma":2.562465791763192,"Taucorr":0.27801231060023024},"Iteration":25},
{"Acceptance":[0.6430769230769231],"Energy":{"Mean":7.565965325513818,"Sigma":0.37192262175221863,"Taucorr":0.12256270993829033},"EnergyVariance":{"Mean":15.620863150660316,"Sigma":1.5504567418255304,"Taucorr":-0.1320217780867139},"Iteration":26},
{"Acceptance":[0.6376923076923077],"Energy":{"Mean":7.4568841875471685,"Sigma":0.4266635047965873,"Taucorr":0.48075260998298963},"EnergyVariance":{"Mean":13.319658008079346,"Sigma":1.4017070998688737,"Taucorr":-0.09731677860710614},"Iteration":27},
{"Acceptance":[0.6284615384615385],"Energy":{"Mean":6.550365711529703,"Sigma":0.31895954547248545,"Taucorr":0.03004674542686414},"EnergyVariance":{"Mean":13.617135558808178,"Sigma":1.434666059428574,"Taucorr":-0.023876029807224808},"Iteration":28},
{"Acceptance":[0.6088461538461538],"Energy":{"Mean":6.054603492739935,"Sigma":0.41178407600183004,"Taucorr":0.33221567228302096},"EnergyVariance":{"Mean":14.493463676446611,"Sigma":1.5150102781407628,"Taucorr":0.06630065635846738},"Iteration":29},
{"Acceptance":[0.6142307692307692],"Energy":{"Mean":6.397272299069439,"Sigma":0.5381684396926285,"Taucorr":0.3150204361239298},"EnergyVariance":{"Mean":22.32903852959475,"Sigma":2.830932829307158,"Taucorr":0.1739596206215248},"Iteration":30},
{"Acceptance":[0.5957692307692307],"Energy":{"Mean":5.5092041968116625,"Sigma":0.35736335920219636,"Taucorr":0.2807727139720956},"EnergyVariance":{"Mean":11.673226954544104,"Sigma":1.1491402711555028,"Taucorr":-0.16280791997383154},"Iteration":31},
{"Acceptance":[0.5823076923076923],"Energy":{"Mean":6.106993390445618,"Sigma":0.3388126188196915,"Taucorr":0.016593706982301448},"EnergyVariance":{"Mean":16.291406380451924,"Sigma":1.425422875750081,"Taucorr":-0.18282130433191152},"Iteration":32},
{"Acceptance":[0.5784615384615385],"Energy":{"Mean":5.93513075733314,"Sigma":0.37665826837213784,"Taucorr":0.1861433413080913},"EnergyVariance":{"Mean":16.213370008365725,"Sigma":1.8869423944410797,"Taucorr":-0.05796354917630503},"Iteration":33},
{"Acceptance":[0.5757692307692308],"Energy":{"Mean":5.524739053182412,"Sigma":0.4955007069132356,"Taucorr":0.457558144627616},"EnergyVariance":{"Mean":18.202256825032244,"Sigma":2.8452564483504745,"Taucorr":0.3246904035996815},"Iteration":34},
{"Acceptance":[0.5576923076923077],"Energy":{"Mean":4.67218633900707,"Sigma":0.48940559278898016,"Taucorr":0.31938290023594895},"EnergyVariance":{"Mean":21.39271074555716,"Sigma":2.9055082351680555,"Taucorr":0.04601773192845582},"Iteration":35},
{"Acceptance":[0.545],"Energy":{"Mean":4.3254381930871455,"Sigma":0.5144884090200625,"Taucorr":0.45692106555640033},"EnergyVariance":{"Mean":20.85376104095982,"Sigma":3.3720734852261005,"Taucorr":0.40540648149244796},"Iteration":36},
{"Acceptance":[0.5334615384615384],"Energy":{"Mean":5.1105332835374835,"Sigma":0.37867405815358823,"Taucorr":0.09894532187133465},"EnergyVariance":{"Mean":15.945096847288093,"Sigma":1.6147252740311993,"Taucorr":0.010875360577046855},"Iteration":37},
{"Acceptance":[0.5373076923076923],"Energy":{"Mean":4.8554563247756315,"Sigma":0.5033293706654131,"Taucorr":0.4660767158024003},"EnergyVariance":{"Mean":18.661201024115822,"Sigma":2.7657014488271376,"Taucorr":0.09853988524316037},"Iteration":38},
{"Acceptance":[0.5230769230769231],"Energy":{"Mean":4.432848705828401,"Sigma":0.4671457900335194,"Taucorr":0.6138357461893762},"EnergyVariance":{"Mean":16.658883063318967,"Sigma":2.1756451706478463,"Taucorr":0.2549142605547019},"Iteration":39},
{"Acceptance":[0.5076923076923077],"Energy":{"Mean":3.4598892682541735,"Sigma":0.5124867515435391,"Taucorr":0.599184984951731},"EnergyVariance":{"Mean":18.804101654668962,"Sigma":1.9781245770116036,"Taucorr":0.14922931538185003},"Iteration":40},
{"Acceptance":[0.5219230769230769],"Energy":{"Mean":4.587026700267945,"Sigma":0.3950682978146754,"Taucorr":0.07130142576649168},"EnergyVariance":{"Mean":20.779998318829577,"Sigma":2.004130611527646,"Taucorr":-0.14028896774456934},"Iteration":41},
{"Acceptance":[0.5023076923076923],"Energy":{"Mean":3.903351734182791,"Sigma":0.4192288882099503,"Taucorr":0.41928171042125184},"EnergyVariance":{"Mean":20.322024839794075,"Sigma":2.1601913056471944,"Taucorr":-0.00033159010484234974},"Iteration":42},
{"Acceptance":[0.4957692307692308],"Energy":{"Mean":3.61279853771013,"Sigma":0.4101764526597437,"Taucorr":0.29888115050776776},"EnergyVariance":{"Mean":17.93373044760786,"Sigma":2.042786765424843,"Taucorr":0.13337597465072026},"Iteration":43},
{"Acceptance":[0.48384615384615387],"Energy":{"Mean":3.158793791812319,"Sigma":0.46634614061059676,"Taucorr":0.3186002923941079},"EnergyVariance":{"Mean":22.270105006939062,"Sigma":2.479887707416278,"Taucorr":0.13627922373933776},"Iteration":44},
{"Acceptance":[0.47],"Energy":{"Mean":2.430361645635505,"Sigma":0.3223146249455618,"Taucorr":0.11756575202226405},"EnergyVariance":{"Mean":14.905056614841008,"Sigma":1.5992469525315016,"Taucorr":0.032281457070702846},"Iteration":45},
{"Acceptance":[0.46192307692307694],"Energy":{"Mean":1.9972158415389758,"Sigma":0.48237292528675035,"Taucorr":0.372547452876822},"EnergyVariance":{"Mean":20.25742776432529,"Sigma":2.4510091518688086,"Taucorr":0.19560339165482488},"Iteration":46},
{"Acceptance":[0.45692307692307693],"Energy":{"Mean":1.8880074716797053,"Sigma":0.41746157358707425,"Taucorr":0.41306704969485764},"EnergyVariance":{"Mean":16.63061859485686,"Sigma":1.9019074868549533,"Taucorr":0.37896857874570566},"Iteration":47},
{"Acceptance":[0.4480769230769231],"Energy":{"Mean":1.894039023424661,"Sigma":0.3792472976303368,"Taucorr":0.17385073998413825},"EnergyVariance":{"Mean":21.76347529159086,"Sigma":3.7375622760344456,"Taucorr":0.16895415636155897},"Iteration":48},
{"Acceptance":[0.43576923076923074],"Energy":{"Mean":1.5774538602234172,"Sigma":0.3817477480267836,"Taucorr":0.10153942526454196},"EnergyVariance":{"Mean":20.11433517355094,"Sigma":2.5561338062501577,"Taucorr":0.03898026241215791},"Iteration":49},
{"Acceptance":[0.44769230769230767],"Energy":{"Mean":2.5272165780654094,"Sigma":0.39995405602341344,"Taucorr":0.31542489673982366},"EnergyVariance":{"Mean":18.603609343920358,"Sigma":2.8884323863786383,"Taucorr":0.1140335607131443},"Iteration":50},
{"Acceptance":[0.44461538461538463],"Energy":{"Mean":1.3836474660529348,"Sigma":0.3312806516395463,"Taucorr":0.09817621694788958},"EnergyVariance":{"Mean":20.259471116170477,"Sigma":3.7904581922803446,"Taucorr":0.39546303754874645},"Iteration":51},
{"Acceptance":[0.44153846153846155],"Energy":{"Mean":1.4523125550049263,"Sigma":0.39562134189411546,"Taucorr":0.1969390417928073},"EnergyVariance":{"Mean":22.76425846255812,"Sigma":2.1979366731945142,"Taucorr":-0.049085386450785695},"Iteration":52},
{"Acceptance":[0.43423076923076925],"Energy":{"Mean":1.143624276061305,"Sigma":0.4774275307380418,"Taucorr":0.49753116529325925},"EnergyVariance":{"Mean":19.25568030704263,"Sigma":3.245627393168543,"Taucorr":0.6792529987423612},"Iteration":53},
{"Acceptance":[0.4330769230769231],"Energy":{"Mean":0.3788577762898416,"Sigma":0.3421559790856201,"Taucorr":0.13934177403685932},"EnergyVariance":{"Mean":19.04842140928072,"Sigma":2.4622978473837547,"Taucorr":0.061840316185862165},"Iteration":54},
{"Acceptance":[0.3926923076923077],"Energy":{"Mean":-0.1628074282277049,"Sigma":0.4059266694263585,"Taucorr":0.2629786794911888},"EnergyVariance":{"Mean":17.802912479379668,"Sigma":1.9040076263156416,"Taucorr":-0.05708001697576681},"Iteration":55},
{"Acceptance":[0.4046153846153846],"Energy":{"Mean":0.44396408238989643,"Sigma":0.47993467921780514,"Taucorr":0.7523716480864324},"EnergyVariance":{"Mean":17.63013834428884,"Sigma":1.5547511739662925,"Taucorr":-0.038231337667855025},"Iteration":56},
{"Acceptance":[0.3819230769230769],"Energy":{"Mean":0.419523140293998,"Sigma":0.3840109436798686,"Taucorr":0.4125588625828642},"EnergyVariance":{"Mean":16.37224286443687,"Sigma":2.0564039385166515,"Taucorr":-0.02429375100106418},"Iteration":57},
{"Acceptance":[0.3830769230769231],"Energy":{"Mean":0.17074604048636619,"Sigma":0.3823592738253722,"Taucorr":0.3047114931800198},"EnergyVariance":{"Mean":16.85907241364424,"Sigma":2.6693000948090027,"Taucorr":0.22468017565017573},"Iteration":58},
{"Acceptance":[0.3576923076923077],"Energy":{"Mean":-1.0122208461484719,"Sigma":0.40783898823752407,"Taucorr":0.299193082665665},"EnergyVariance":{"Mean":17.178601883655237,"Sigma":2.5765612279606906,"Taucorr":0.34220267279981575},"Iteration":59},
{"Acceptance":[0.37961538461538463],"Energy":{"Mean":-0.307998435273223,"Sigma":0.3039446881387753,"Taucorr":-0.14230016947166468},"EnergyVariance":{"Mean":21.169840716761556,"Sigma":2.103660149456133,"Taucorr":-0.13226092790017763},"Iteration":60},
{"Acceptance":[0.36423076923076925],"Energy":{"Mean":-0.4703581000155085,"Sigma":0.534091423279576,"Taucorr":0.5562074446385852},"EnergyVariance":{"Mean":29.380660534771806,"Sigma":5.658261429142565,"Taucorr":0.31365042474300686},"Iteration":61},
{"Acceptance":[0.3507692307692308],"Energy":{"Mean":-1.0069075970715078,"Sigma":0.35594171213175385,"Taucorr":0.2048406339824781},"EnergyVariance":{"Mean":20.60459273041046,"Sigma":3.1327588718357333,"Taucorr":0.04139964552171771},"Iteration":62},
{"Acceptance":[0.36346153846153845],"Energy":{"Mean":-1.1681501614206575,"Sigma":0.4543632328193667,"Taucorr":0.5862485740155534},"EnergyVariance":{"Mean":24.52561871219048,"Sigma":2.985046067262478,"Taucorr":-0.0724213858397913},"Iteration":63},
{"Acceptance":[0.36153846153846153],"Energy":{"Mean":-1.0318078612355706,"Sigma":0.44493707027678264,"Taucorr":0.32599588301486115},"EnergyVariance":{"Mean":25.545344888425205,"Sigma":4.180520299319115,"Taucorr":0.23605246385827616},"Iteration":64},
{"Acceptance":[0.35884615384615387],"Energy":{"Mean":-0.6973214877676965,"Sigma":0.4182027829558719,"Taucorr":0.2977096839782071},"EnergyVariance":{"Mean":20.680116005788626,"Sigma":2.0777036641009703,"Taucorr":-0.018200581729509724},"Iteration":65},
{"Acceptance":[0.34307692307692306],"Energy":{"Mean":-1.573774525923672,"Sigma":0.4348281485874412,"Taucorr":0.39462406860532384},"EnergyVariance":{"Mean":20.890972207933135,"Sigma":2.84009439303383,"Taucorr":0.1637701958398835},"Iteration":66},
{"Acceptance":[0.34384615384615386],"Energy":{"Mean":-1.3313766379698189,"Sigma":0.46957241015217493,"Taucorr":0.47591813506963265},"EnergyVariance":{"Mean":21.890582030325078,"Sigma":3.138586964277662,"Taucorr":0.24211789275340911},"Iteration":67},
{"Acceptance":[0.3292307692307692],"Energy":{"Mean":-1.360535104132695,"Sigma":0.3019776256138907,"Taucorr":0.032376331588983676},"EnergyVariance":{"Mean":19.263919851341527,"Sigma":3.200682120773932,"Taucorr":0.141457186493272},"Iteration":68},
{"Acceptance":[0.30923076923076925],"Energy":{"Mean":-2.220899404880133,"Sigma":0.4514124002728099,"Taucorr":0.7033757904055278},"EnergyVariance":{"Mean":20.380609356407604,"Sigma":5.039212783403337,"Taucorr":0.5952649187872461},"Iteration":69},
{"Acceptance":[0.32346153846153847],"Energy":{"Mean":-1.8248363850500349,"Sigma":0.43550840205046176,"Taucorr":0.5379643504119378},"EnergyVariance":{"Mean":17.92028558188426,"Sigma":1.7884945261481056,"Taucorr":0.12134354286977767},"Iteration":70},
{"Acceptance":[0.315],"Energy":{"Mean":-2.5825753295513256,"Sigma":0.44083588377871136,"Taucorr":0.4192716158998372},"EnergyVariance":{"Mean":21.975732665760265,"Sigma":3.6936815724496386,"Taucorr":0.2917912524490952},"Iteration":71},
{"Acceptance":[0.3219230769230769],"Energy":{"Mean":-2.3857921337293178,"Sigma":0.2960851059115546,"Taucorr":0.13784190569626187},"EnergyVariance":{"Mean":15.314223030168895,"Sigma":2.0153914338838814,"Taucorr":0.09404507464750256},"Iteration":72},
{"Acceptance":[0.2765384615384615],"Energy":{"Mean":-3.5967077383931274,"Sigma":0.31129954828205875,"Taucorr":0.08733186174495089},"EnergyVariance":{"Mean":14.607663979649777,"Sigma":1.756730901090814,"Taucorr":-0.08471792206100992},"Iteration":73},
{"Acceptance":[0.2926923076923077],"Energy":{"Mean":-3.9098777156226023,"Sigma":0.3101300941973373,"Taucorr":0.31214549102915023},"EnergyVariance":{"Mean":12.064973304473655,"Sigma":2.0026112276279893,"Taucorr":0.2582261609997393},"Iteration":74},
{"Acceptance":[0.2957692307692308],"Energy":{"Mean":-2.857369152356627,"Sigma":0.34631566812533876,"Taucorr":0.33281059365816723},"EnergyVariance":{"Mean":15.178262538734375,"Sigma":2.0513908712941245,"Taucorr":0.1486640668784478},"Iteration":75},
{"Acceptance":[0.31961538461538463],"Energy":{"Mean":-3.189222576847719,"Sigma":0.43278757927610445,"Taucorr":0.475734248489868},"EnergyVariance":{"Mean":17.94462897710155,"Sigma":2.6796694524446787,"Taucorr":0.09926413714432036},"Iteration":76},
{"Acceptance":[0.2915384615384615],"Energy":{"Mean":-2.69023043113992,"Sigma":0.3899722662216648,"Taucorr":0.39827642513933936},"EnergyVariance":{"Mean":28.327665025887807,"Sigma":5.817687148717111,"Taucorr":0.3873232177287862},"Iteration":77},
{"Acceptance":[0.28884615384615386],"Energy":{"Mean":-3.265500104239603,"Sigma":0.41925594940625704,"Taucorr":0.509934339889009},"EnergyVariance":{"Mean":22.405760698113014,"Sigma":3.7307779312198517,"Taucorr":0.056453976730750366},"Iteration":78},
{"Acceptance":[0.3019230769230769],"Energy":{"Mean":-2.9775608213402895,"Sigma":0.31987700125315904,"Taucorr":0.2469571381251845},"EnergyVariance":{"Mean":14.808866048788431,"Sigma":2.346949176049881,"Taucorr":0.25681645950871823},"Iteration":79},
{"Acceptance":[0.2923076923076923],"Energy":{"Mean":-3.9668448164577597,"Sigma":0.28959221722369943,"Taucorr":0.19076254803905313},"EnergyVariance":{"Mean":21.623123388208498,"Sigma":5.532388999359573,"Taucorr":0.25020082645732356},"Iteration":80},
{"Acceptance":[0.30423076923076925],"Energy":{"Mean":-2.992737137414521,"Sigma":0.3705456420739041,"Taucorr":0.3007629650474798},"EnergyVariance":{"Mean":22.94944288218705,"Sigma":3.3550204121961262,"Taucorr":0.10143140438946496},"Iteration":81},
{"Acceptance":[0.27307692307692305],"Energy":{"Mean":-4.841192392078107,"Sigma":0.30646334032570527,"Taucorr":0.38312972837161197},"EnergyVariance":{"Mean":13.249069825787359,"Sigma":1.7015095356346932,"Taucorr":-0.07048693138974516},"Iteration":82},
{"Acceptance":[0.2896153846153846],"Energy":{"Mean":-3.7825122102110047,"Sigma":0.40665021961796627,"Taucorr":0.3459294185334939},"EnergyVariance":{"Mean":23.938414624802455,"Sigma":4.390452176177264,"Taucorr":0.29080302255435775},"Iteration":83},
{"Acceptance":[0.28307692307692306],"Energy":{"Mean":-3.7332028182819994,"Sigma":0.34192160265027405,"Taucorr":0.10079006859143524},"EnergyVariance":{"Mean":24.89725456034692,"Sigma":2.8369749108454947,"Taucorr":-0.18744735697869802},"Iteration":84},
{"Acceptance":[0.24615384615384617],"Energy":{"Mean":-4.0296541711936555,"Sigma":0.4052616496825833,"Taucorr":0.6698296808811441},"EnergyVariance":{"Mean":14.807918575815696,"Sigma":2.530245151585399,"Taucorr":0.23943862968392104},"Iteration":85},
{"Acceptance":[0.27],"Energy":{"Mean":-4.080785733267448,"Sigma":0.38535644009965137,"Taucorr":0.2797877250935289},"EnergyVariance":{"Mean":21.91455848630358,"Sigma":3.466883390456355,"Taucorr":0.002533527399795732},"Iteration":86},
{"Acceptance":[0.2776923076923077],"Energy":{"Mean":-4.315774000891523,"Sigma":0.2846319342337518,"Taucorr":0.10589281118585159},"EnergyVariance":{"Mean":16.69474961844942,"Sigma":2.8161358948178727,"Taucorr":-0.05033330621193166},"Iteration":87},
{"Acceptance":[0.24153846153846154],"Energy":{"Mean":-4.364186746687404,"Sigma":0.4348754220990013,"Taucorr":0.5021220114993015},"EnergyVariance":{"Mean":24.05754502917758,"Sigma":5.094702916743091,"Taucorr":0.3765301544241624},"Iteration":88},
{"Acceptance":[0.25884615384615384],"Energy":{"Mean":-5.047070109353196,"Sigma":0.39706691033231306,"Taucorr":0.5150219695017011},"EnergyVariance":{"Mean":14.886264050080268,"Sigma":2.30591223795916,"Taucorr":0.15226781767274167},"Iteration":89},
{"Acceptance":[0.2423076923076923],"Energy":{"Mean":-5.2490762489466505,"Sigma":0.3136375189537842,"Taucorr":0.2662939927056631},"EnergyVariance":{"Mean":13.505913141682427,"Sigma":2.102704174563532,"Taucorr":0.35096504419751184},"Iteration":90},
{"Acceptance":[0.24461538461538462],"Energy":{"Mean":-5.020844630755421,"Sigma":0.3238182842518803,"Taucorr":0.3727059077659375},"EnergyVariance":{"Mean":14.567284568675781,"Sigma":2.3381916908092424,"Taucorr":-0.1183571381207178},"Iteration":91},
{"Acceptance":[0.24307692307692308],"Energy":{"Mean":-4.160426945303619,"Sigma":0.3731705136143298,"Taucorr":0.3028535595057268},"EnergyVariance":{"Mean":14.75862125907133,"Sigma":2.259174590292555,"Taucorr":0.05062861877537084},"Iteration":92},
{"Acceptance":[0.2742307692307692],"Energy":{"Mean":-4.70373379262252,"Sigma":0.4145038189186474,"Taucorr":0.3368154635731143},"EnergyVariance":{"Mean":25.382347503953206,"Sigma":3.7204487998071905,"Taucorr":-0.08653470796401252},"Iteration":93},
{"Acceptance":[0.22923076923076924],"Energy":{"Mean":-5.616734826253586,"Sigma":0.27508440828366837,"Taucorr":0.03608303267514856},"EnergyVariance":{"Mean":13.29193400599112,"Sigma":2.6124735905952554,"Taucorr":0.39371343066215503},"Iteration":94},
{"Acceptance":[0.2353846153846154],"Energy":{"Mean":-5.42696514262501,"Sigma":0.38345314523326746,"Taucorr":0.4000816019070321},"EnergyVariance":{"Mean":17.897620143767757,"Sigma":3.271242893519995,"Taucorr":0.11754691391233518},"Iteration":95},
{"Acceptance":[0.23923076923076922],"Energy":{"Mean":-5.447500219307138,"Sigma":0.3782634705152097,"Taucorr":0.23652598655758972},"EnergyVariance":{"Mean":19.569730866409824,"Sigma":3.5243900575544282,"Taucorr":0.1104825896227265},"Iteration":96},
{"Acceptance":[0.2453846153846154],"Energy":{"Mean":-5.7707543558904435,"Sigma":0.2943511149184061,"Taucorr":0.23313698010119455},"EnergyVariance":{"Mean":13.954749203692518,"Sigma":2.461145477763441,"Taucorr":0.03990075908995738},"Iteration":97},
{"Acceptance":[0.25576923076923075],"Energy":{"Mean":-5.592776468773839,"Sigma":0.2610573015209994,"Taucorr":0.09541339413366923},"EnergyVariance":{"Mean":23.769953567918698,"Sigma":7.0360511614064025,"Taucorr":0.451169799611127},"Iteration":98},
{"Acceptance":[0.23307692307692307],"Energy":{"Mean":-6.065963058048347,"Sigma":0.3397127732828955,"Taucorr":0.4594477931145916},"EnergyVariance":{"Mean":12.924786681816753,"Sigma":2.408264116212834,"Taucorr":0.19723485004799257},"Iteration":99} 
]}
{"input": {"L": 12, "J": 1, "machine": {"type": "FFNN", "model": ["relu", 9, 1]}, "sampler": {"type": "MetropolisHop", "d_max": 5}, "optimizer": {"type": "AdaMax", "alpha": 0.001, "beta1": 0.9, "beta2": 0.999, "epscut": 1e-07}, "VMC": {"n_samples": 100, "discarded_samples": 100, "discarded_samples_on_init": 0, "target": "energy", "method": "Gd", "diag_shift": 0.01, "use_iterative": true, "use_cholesky": true}, "n_iter": 100}}
duration: -0.2479691505432129