{"Output": [
{"Acceptance":[0.85],"Energy":{"Mean":10.883238909525776,"Sigma":0.28536941229178303,"Taucorr":0.1892752268723613},"EnergyVariance":{"Mean":5.807435665911713,"Sigma":0.9686182777493252,"Taucorr":0.16922881005517487},"Iteration":0},
{"Acceptance":[0.8176923076923077],"Energy":{"Mean":9.957592682293702,"Sigma":0.32764793707015327,"Taucorr":0.37217502249368106},"EnergyVariance":{"Mean":6.2419329972451205,"Sigma":0.7724143835168404,"Taucorr":-0.08844669465978011},"Iteration":1},
{"Acceptance":[0.7911538461538462],"Energy":{"Mean":10.137617934256856,"Sigma":0.3241890705177115,"Taucorr":0.09105452503895128},"EnergyVariance":{"Mean":9.20999553884384,"Sigma":1.7556137100984335,"Taucorr":0.14460574496309153},"Iteration":2},
{"Acceptance":[0.7723076923076924],"Energy":{"Mean":9.684154070992305,"Sigma":0.276959646504895,"Taucorr":0.09822756236688612},"EnergyVariance":{"Mean":7.015961740747894,"Sigma":1.150764291891812,"Taucorr":-0.0837484844807816},"Iteration":3},
{"Acceptance":[0.7503846153846154],"Energy":{"Mean":9.114957780276862,"Sigma":0.31072554459794965,"Taucorr":0.004259609799991515},"EnergyVariance":{"Mean":10.59075831959632,"Sigma":0.97887405952021,"Taucorr":-0.16018891865322749},"Iteration":4},
{"Acceptance":[0.7315384615384616],"Energy":{"Mean":9.102972648120193,"Sigma":0.36280204170188046,"Taucorr":0.19007348909685695},"EnergyVariance":{"Mean":10.768726450187442,"Sigma":1.3072895648332277,"Taucorr":0.1265506465039682},"Iteration":5},
{"Acceptance":[0.7161538461538461],"Energy":{"Mean":8.004230482818034,"Sigma":0.295096449611098,"Taucorr":0.03693951227025649},"EnergyVariance":{"Mean":9.537928527560249,"Sigma":1.1153309277344006,"Taucorr":-0.04083789669080251},"Iteration":6},
{"Acceptance":[0.6788461538461539],"Energy":{"Mean":8.075160019496076,"Sigma":0.3040545183393203,"Taucorr":0.10716333936801337},"EnergyVariance":{"Mean":10.218493823288494,"Sigma":1.2099472367151842,"Taucorr":-0.02248304729966727},"Iteration":7},
{"Acceptance":[0.6657692307692308],"Energy":{"Mean":8.200947678105136,"Sigma":0.3711110487721397,"Taucorr":0.2094399657810787},"EnergyVariance":{"Mean":12.544392378613221,"Sigma":1.2719116161975748,"Taucorr":-0.0726372344141556},"Iteration":8},
{"Acceptance":[0.6146153846153846],"Energy":{"Mean":6.9469947526250095,"Sigma":0.41376270801468107,"Taucorr":0.3479991426052126},"EnergyVariance":{"Mean":12.604280724872925,"Sigma":1.6311478441379776,"Taucorr":0.24925922354926677},"Iteration":9},
{"Acceptance":[0.6034615384615385],"Energy":{"Mean":7.073284424064461,"Sigma":0.4421716187631596,"Taucorr":0.43628183078750593},"EnergyVariance":{"Mean":14.864887357624516,"Sigma":1.8248508782034705,"Taucorr":0.0555169217058874},"Iteration":10},
{"Acceptance":[0.563076923076923],"Energy":{"Mean":5.504478749793113,"Sigma":0.36333739951735106,"Taucorr":0.09165979225908472},"EnergyVariance":{"Mean":14.940767376720164,"Sigma":1.8330681187417261,"Taucorr":-0.11159297317758504},"Iteration":11},
{"Acceptance":[0.5707692307692308],"Energy":{"Mean":5.732753199309309,"Sigma":0.4152749004931841,"Taucorr":0.38497699028540644},"EnergyVariance":{"Mean":12.471280069468897,"Sigma":1.6661372435893242,"Taucorr":0.11910127063601805},"Iteration":12},
{"Acceptance":[0.5623076923076923],"Energy":{"Mean":5.441434971249023,"Sigma":0.36699271169362985,"Taucorr":0.11594626251449713},"EnergyVariance":{"Mean":15.51817062982516,"Sigma":2.372969630917705,"Taucorr":0.2320642144056152},"Iteration":13},
{"Acceptance":[0.5311538461538462],"Energy":{"Mean":4.098855095874995,"Sigma":0.6243667796419644,"Taucorr":0.6454634005610869},"EnergyVariance":{"Mean":19.971613872117988,"Sigma":2.796159695623565,"Taucorr":0.24396812424650605},"Iteration":14},
{"Acceptance":[0.5257692307692308],"Energy":{"Mean":4.411878572453608,"Sigma":0.48415841017490213,"Taucorr":0.37130656743885027},"EnergyVariance":{"Mean":19.42699751968264,"Sigma":3.345786429353081,"Taucorr":0.25358594917892185},"Iteration":15},
{"Acceptance":[0.4919230769230769],"Energy":{"Mean":3.2872310303397123,"Sigma":0.5117586435051208,"Taucorr":0.43183937431597264},"EnergyVariance":{"Mean":18.793799609438782,"Sigma":3.972598003672128,"Taucorr":0.25128300213190113},"Iteration":16},
{"Acceptance":[0.4646153846153846],"Energy":{"Mean":3.141747570115103,"Sigma":0.36338307180854496,"Taucorr":0.08233232252427258},"EnergyVariance":{"Mean":17.85963991641399,"Sigma":2.342945786699449,"Taucorr":0.10154808336404697},"Iteration":17},
{"Acceptance":[0.46307692307692305],"Energy":{"Mean":2.340185829851413,"Sigma":0.5550425257788445,"Taucorr":0.5412229431392619},"EnergyVariance":{"Mean":22.579291323834056,"Sigma":3.1717377369498467,"Taucorr":0.05045861283562647},"Iteration":18},
{"Acceptance":[0.43038461538461537],"Energy":{"Mean":2.8422382853225754,"Sigma":0.47008782376581965,"Taucorr":0.4394726498332402},"EnergyVariance":{"Mean":19.18269506978429,"Sigma":2.933362372423172,"Taucorr":0.11554529158506843},"Iteration":19},
{"Acceptance":[0.43615384615384617],"Energy":{"Mean":0.685436815447126,"Sigma":0.3697692848170367,"Taucorr":0.1958964727803263},"EnergyVariance":{"Mean":16.867532435703794,"Sigma":2.6178328591301447,"Taucorr":0.010871087530100021},"Iteration":20},
{"Acceptance":[0.4015384615384615],"Energy":{"Mean":0.637187267325035,"Sigma":0.5470708003677452,"Taucorr":0.46130993737275516},"EnergyVariance":{"Mean":21.850785608322756,"Sigma":2.841882161473582,"Taucorr":0.11293717413582915},"Iteration":21},
{"Acceptance":[0.3607692307692308],"Energy":{"Mean":0.19619755148068874,"Sigma":0.4041665875246405,"Taucorr":0.14699411704504228},"EnergyVariance":{"Mean":17.55276334423406,"Sigma":2.5689834645588165,"Taucorr":0.3289785321421621},"Iteration":22},
{"Acceptance":[0.3484615384615385],"Energy":{"Mean":0.16656129147851845,"Sigma":0.49876175952087765,"Taucorr":0.4465537574976858},"EnergyVariance":{"Mean":19.996369481296764,"Sigma":2.6486256969472666,"Taucorr":0.12045553018513255},"Iteration":23},
{"Acceptance":[0.3342307692307692],"Energy":{"Mean":-0.2031096924581612,"Sigma":0.4433950673926124,"Taucorr":0.24025394955805535},"EnergyVariance":{"Mean":19.14390503755407,"Sigma":2.649772307611619,"Taucorr":-0.10023684945592293},"Iteration":24},
{"Acceptance":[0.32769230769230767],"Energy":{"Mean":-0.297880449221636,"Sigma":0.5634493851242258,"Taucorr":0.6917415982467068},"EnergyVariance":{"Mean":20.708303436678907,"Sigma":3.2648977244918447,"Taucorr":0.32245685537469304},"Iteration":25},
{"Acceptance":[0.2853846153846154],"Energy":{"Mean":-1.5449214603487156,"Sigma":0.3277140342384688,"Taucorr":0.300069134169214},"EnergyVariance":{"Mean":11.73364100735487,"Sigma":1.4608528869859931,"Taucorr":0.10853414186872679},"Iteration":26},
{"Acceptance":[0.27884615384615385],"Energy":{"Mean":-2.1360825479346977,"Sigma":0.5463862095082801,"Taucorr":0.6230873313093681},"EnergyVariance":{"Mean":19.69271354197254,"Sigma":3.9071252455578636,"Taucorr":0.66965178906586},"Iteration":27},
{"Acceptance":[0.25884615384615384],"Energy":{"Mean":-2.7851797216280745,"Sigma":0.5460097326543641,"Taucorr":0.6057219565277909},"EnergyVariance":{"Mean":25.970827895680937,"Sigma":11.418653203588173,"Taucorr":0.8526261787784168},"Iteration":28},
{"Acceptance":[0.25961538461538464],"Energy":{"Mean":-2.367812981062582,"Sigma":0.3295912653269302,"Taucorr":0.16886654419544356},"EnergyVariance":{"Mean":13.948478713136454,"Sigma":2.106597733498912,"Taucorr":0.0844588948692816},"Iteration":29},
{"Acceptance":[0.2453846153846154],"Energy":{"Mean":-3.033945168147915,"Sigma":0.4949076158863216,"Taucorr":0.7736834150707155},"EnergyVariance":{"Mean":17.99306890572885,"Sigma":3.5497180237764456,"Taucorr":0.1639485836111706},"Iteration":30},
{"Acceptance":[0.21807692307692308],"Energy":{"Mean":-3.1451754249611867,"Sigma":0.3733342516485297,"Taucorr":0.3215650973697469},"EnergyVariance":{"Mean":17.852020075084464,"Sigma":3.257402747258591,"Taucorr":0.010518815944836502},"Iteration":31},
{"Acceptance":[0.20384615384615384],"Energy":{"Mean":-3.840631141239548,"Sigma":0.46380124156262037,"Taucorr":0.6461152685756391},"EnergyVariance":{"Mean":17.21691920684583,"Sigma":3.069445751709269,"Taucorr":0.048867701994622426},"Iteration":32},
{"Acceptance":[0.18384615384615385],"Energy":{"Mean":-4.275817833504351,"Sigma":0.4494777275874162,"Taucorr":0.6902830873317995},"EnergyVariance":{"Mean":21.85959169871154,"Sigma":6.19883538850988,"Taucorr":0.0761113286765237},"Iteration":33},
{"Acceptance":[0.16576923076923078],"Energy":{"Mean":-4.697372050723053,"Sigma":0.34069590749186796,"Taucorr":0.21468369997054837},"EnergyVariance":{"Mean":12.508019599217953,"Sigma":2.4104584734962136,"Taucorr":-0.021983702094566848},"Iteration":34},
{"Acceptance":[0.15615384615384614],"Energy":{"Mean":-5.192230690531274,"Sigma":0.3494316526132897,"Taucorr":0.3162572813748775},"EnergyVariance":{"Mean":20.267069793949094,"Sigma":6.815291396656682,"Taucorr":0.5526166592702997},"Iteration":35},
{"Acceptance":[0.13038461538461538],"Energy":{"Mean":-4.924656783530368,"Sigma":0.5170332908437367,"Taucorr":0.9076759388910747},"EnergyVariance":{"Mean":12.207429075826067,"Sigma":3.8349025926507436,"Taucorr":0.616933606266681},"Iteration":36},
{"Acceptance":[0.12076923076923077],"Energy":{"Mean":-5.245285163171665,"Sigma":0.651076119196208,"Taucorr":0.7461957173877143},"EnergyVariance":{"Mean":19.68972343759201,"Sigma":9.702634766514288,"Taucorr":0.34032703068219516},"Iteration":37},
{"Acceptance":[0.10461538461538461],"Energy":{"Mean":-5.80972937982172,"Sigma":0.25014247890531305,"Taucorr":0.445501558134492},"EnergyVariance":{"Mean":8.25060272997569,"Sigma":2.046488547698014,"Taucorr":0.27611863630510025},"Iteration":38},
{"Acceptance":[0.10384615384615385],"Energy":{"Mean":-5.485867019366984,"Sigma":0.5095262627752678,"Taucorr":0.5069534739211219},"EnergyVariance":{"Mean":23.9741572841129,"Sigma":17.812747856797984,"Taucorr":0.3089489686129063},"Iteration":39},
{"Acceptance":[0.06961538461538462],"Energy":{"Mean":-6.301504652453363,"Sigma":0.2605155024136865,"Taucorr":0.2753983531444282},"EnergyVariance":{"Mean":5.476440548691804,"Sigma":1.9605154747880555,"Taucorr":-0.01173399812309217},"Iteration":40},
{"Acceptance":[0.06884615384615385],"Energy":{"Mean":-7.051013717244227,"Sigma":0.19679422167024388,"Taucorr":0.6811114419716486},"EnergyVariance":{"Mean":2.30684197300236,"Sigma":0.6902727275967842,"Taucorr":0.431666120604847},"Iteration":41},
{"Acceptance":[0.07846153846153846],"Energy":{"Mean":-7.053485819790288,"Sigma":0.15955338106508665,"Taucorr":0.29561123926091704},"EnergyVariance":{"Mean":2.623330364605507,"Sigma":1.082489439209048,"Taucorr":0.47253983132170196},"Iteration":42},
{"Acceptance":[0.04346153846153846],"Energy":{"Mean":-6.974102267936824,"Sigma":0.21289834142186922,"Taucorr":0.458742841083425},"EnergyVariance":{"Mean":3.4869888329566665,"Sigma":0.8932335640925484,"Taucorr":0.035713596251776614},"Iteration":43},
{"Acceptance":[0.04269230769230769],"Energy":{"Mean":-7.0918454031044,"Sigma":0.20460786172032425,"Taucorr":0.403922426355279},"EnergyVariance":{"Mean":2.686738552638104,"Sigma":0.7448995005699661,"Taucorr":0.05305069421953612},"Iteration":44},
{"Acceptance":[0.04961538461538462],"Energy":{"Mean":-6.764699782641966,"Sigma":0.2375523791259174,"Taucorr":0.5742433339833848},"EnergyVariance":{"Mean":2.8616673090221267,"Sigma":0.5792255952846505,"Taucorr":0.09109003615346678},"Iteration":45},
{"Acceptance":[0.04576923076923077],"Energy":{"Mean":-6.934706551693553,"Sigma":0.17963179875465857,"Taucorr":0.29615911271635165},"EnergyVariance":{"Mean":1.95891497877698,"Sigma":0.25657523258116965,"Taucorr":0.053606233132502124},"Iteration":46},
{"Acceptance":[0.03461538461538462],"Energy":{"Mean":-7.1325654497227395,"Sigma":0.17033079480415927,"Taucorr":0.5838991133379796},"EnergyVariance":{"Mean":1.3241774851059172,"Sigma":0.12632557220049828,"Taucorr":-0.0017349042388747904},"Iteration":47},
{"Acceptance":[0.05307692307692308],"Energy":{"Mean":-7.123658547201185,"Sigma":0.1644886100166031,"Taucorr":0.4250622787373399},"EnergyVariance":{"Mean":1.4560007199305935,"Sigma":0.208763376205325,"Taucorr":0.3240167874862302},"Iteration":48},
{"Acceptance":[0.03423076923076923],"Energy":{"Mean":-7.099635553617336,"Sigma":0.15890866694160302,"Taucorr":0.6200759574300732},"EnergyVariance":{"Mean":1.0780032325443925,"Sigma":0.0005101655830583795,"Taucorr":-0.03590027341634949},"Iteration":49},
{"Acceptance":[0.026923076923076925],"Energy":{"Mean":-7.271035966689831,"Sigma":0.15642059296702238,"Taucorr":0.27125688831715866},"EnergyVariance":{"Mean":1.7097796675814405,"Sigma":0.48213119033464236,"Taucorr":0.6201548647644524},"Iteration":50},
{"Acceptance":[0.04038461538461539],"Energy":{"Mean":-7.475070981784646,"Sigma":0.2009159210753967,"Taucorr":0.6107838139216502},"EnergyVariance":{"Mean":2.1242948806988773,"Sigma":0.7857421267200794,"Taucorr":0.7946656510370294},"Iteration":51},
{"Acceptance":[0.021153846153846155],"Energy":{"Mean":-7.365212414646767,"Sigma":0.1649621777709934,"Taucorr":0.6976297272404306},"EnergyVariance":{"Mean":1.1179876140269258,"Sigma":0.24265154797032593,"Taucorr":0.6757776445049519},"Iteration":52},
{"Acceptance":[0.021923076923076924],"Energy":{"Mean":-8.224356089444507,"Sigma":0.48201738187987103,"Taucorr":1.0913100874272632},"EnergyVariance":{"Mean":13.866244876368704,"Sigma":10.903895579188422,"Taucorr":1.3383493832414561},"Iteration":53},
{"Acceptance":[0.019615384615384614],"Energy":{"Mean":-8.093011059900261,"Sigma":0.32478399933813473,"Taucorr":0.3469316831370316},"EnergyVariance":{"Mean":11.658870647734236,"Sigma":6.790580285842462,"Taucorr":0.3062664639746111},"Iteration":54},
{"Acceptance":[0.022307692307692306],"Energy":{"Mean":-7.888722022359414,"Sigma":0.0962428795187763,"Taucorr":0.222128050414224},"EnergyVariance":{"Mean":0.6526178673389328,"Sigma":0.3279898437064543,"Taucorr":0.529086822190282},"Iteration":55},
{"Acceptance":[0.021538461538461538],"Energy":{"Mean":-8.706723056827249,"Sigma":0.9135954941066975,"Taucorr":0.3674524099824543},"EnergyVariance":{"Mean":146.04231617245364,"Sigma":110.86756840698679,"Taucorr":0.10286049206572623},"Iteration":56},
{"Acceptance":[0.022692307692307692],"Energy":{"Mean":-7.692317871129118,"Sigma":0.1468610839802539,"Taucorr":1.0284791031950657},"EnergyVariance":{"Mean":0.6857740390993675,"Sigma":0.18464696506271303,"Taucorr":0.8482456465918295},"Iteration":57},
{"Acceptance":[0.014615384615384615],"Energy":{"Mean":-7.876069657253274,"Sigma":0.09965046640563682,"Taucorr":0.7005821402907342},"EnergyVariance":{"Mean":0.40411534700294277,"Sigma":0.15710123905491577,"Taucorr":0.4540255948189773},"Iteration":58},
{"Acceptance":[0.05346153846153846],"Energy":{"Mean":-8.109385259315959,"Sigma":0.18997189133151146,"Taucorr":0.10863189251693506},"EnergyVariance":{"Mean":3.111395622150475,"Sigma":1.91710376939925,"Taucorr":-0.0005665559707556667},"Iteration":59},
{"Acceptance":[0.036923076923076927],"Energy":{"Mean":-7.538739174424669,"Sigma":0.18019304197309444,"Taucorr":1.0053814901534022},"EnergyVariance":{"Mean":1.0456820710620796,"Sigma":0.28336384688769267,"Taucorr":0.6334816609691651},"Iteration":60},
{"Acceptance":[0.013846153846153847],"Energy":{"Mean":-8.190707465463424,"Sigma":0.15042712223690732,"Taucorr":0.13964596111425198},"EnergyVariance":{"Mean":1.719328934246554,"Sigma":1.5126063283193247,"Taucorr":0.009386566712793587},"Iteration":61},
{"Acceptance":[0.021923076923076924],"Energy":{"Mean":-7.604941356755257,"Sigma":0.20486208876783749,"Taucorr":1.012643056391105},"EnergyVariance":{"Mean":1.3704781636605037,"Sigma":0.6163573805285106,"Taucorr":0.6515595139508383},"Iteration":62},
{"Acceptance":[0.03461538461538462],"Energy":{"Mean":-7.091298794010449,"Sigma":0.7930314937864318,"Taucorr":0.42393592537313585},"EnergyVariance":{"Mean":48.43588792569983,"Sigma":47.291214834095356,"Taucorr":0.22867870964437287},"Iteration":63},
{"Acceptance":[0.02076923076923077],"Energy":{"Mean":-8.214666915002438,"Sigma":0.11110233917907335,"Taucorr":0.23894519978757833},"EnergyVariance":{"Mean":1.1398656211237599,"Sigma":0.6395336152923214,"Taucorr":0.5720864089583018},"Iteration":64},
{"Acceptance":[0.02423076923076923],"Energy":{"Mean":-7.99011917118167,"Sigma":0.28543869035502,"Taucorr":0.43461743193306634},"EnergyVariance":{"Mean":5.18085336524437,"Sigma":2.786533787327169,"Taucorr":0.3844295530345163},"Iteration":65},
{"Acceptance":[0.046538461538461535],"Energy":{"Mean":-8.036340495192512,"Sigma":0.16145448006416116,"Taucorr":0.3139035924868827},"EnergyVariance":{"Mean":1.9132242858441653,"Sigma":1.1499113105227612,"Taucorr":0.0019238439384429151},"Iteration":66},
{"Acceptance":[0.031538461538461536],"Energy":{"Mean":-8.127930602402525,"Sigma":0.2936710892300165,"Taucorr":0.7800025412027962},"EnergyVariance":{"Mean":5.0204411588469435,"Sigma":2.544582334650486,"Taucorr":0.6424638388891775},"Iteration":67},
{"Acceptance":[0.03769230769230769],"Energy":{"Mean":-8.066577610598396,"Sigma":0.208553901758794,"Taucorr":0.906662136716174},"EnergyVariance":{"Mean":1.4917965768857577,"Sigma":0.9388888373896855,"Taucorr":0.7640302582552978},"Iteration":68},
{"Acceptance":[0.02],"Energy":{"Mean":-8.336842069537342,"Sigma":0.108368765086377,"Taucorr":0.2811126531295859},"EnergyVariance":{"Mean":0.8898361079198663,"Sigma":0.4204860213635242,"Taucorr":0.16497710556596223},"Iteration":69},
{"Acceptance":[0.030384615384615385],"Energy":{"Mean":-6.80715341247788,"Sigma":0.6988512212471604,"Taucorr":0.07342914928866562},"EnergyVariance":{"Mean":87.67672750556416,"Sigma":86.04162674723756,"Taucorr":6.663127430928117e-05},"Iteration":70},
{"Acceptance":[0.016153846153846154],"Energy":{"Mean":-8.357859072405953,"Sigma":0.20801381645940706,"Taucorr":1.1442692372205756},"EnergyVariance":{"Mean":2.9270319598790895,"Sigma":2.641964563489159,"Taucorr":1.0412719097016374},"Iteration":71},
{"Acceptance":[0.025384615384615384],"Energy":{"Mean":-8.164865276435842,"Sigma":0.11624144187348333,"Taucorr":0.6835192598162614},"EnergyVariance":{"Mean":0.5558053646301413,"Sigma":0.17911238929591183,"Taucorr":0.6945284277148502},"Iteration":72},
{"Acceptance":[0.019615384615384614],"Energy":{"Mean":-8.43449750116986,"Sigma":0.3764754782584115,"Taucorr":-0.061982201024560146},"EnergyVariance":{"Mean":26.8466038550576,"Sigma":26.418425864450988,"Taucorr":0.015168386914816034},"Iteration":73},
{"Acceptance":[0.018846153846153846],"Energy":{"Mean":-8.646570377596868,"Sigma":0.4147900490025995,"Taucorr":-0.0663293800609861},"EnergyVariance":{"Mean":34.54334408465856,"Sigma":27.691885324022817,"Taucorr":0.07470500761889964},"Iteration":74},
{"Acceptance":[0.031538461538461536],"Energy":{"Mean":-8.532240814533374,"Sigma":0.14037135912261903,"Taucorr":0.5704702088140832},"EnergyVariance":{"Mean":2.487522987559007,"Sigma":1.5429432897201942,"Taucorr":0.4291607226800397},"Iteration":75},
{"Acceptance":[0.021538461538461538],"Energy":{"Mean":-8.11286369281242,"Sigma":0.10214298232129153,"Taucorr":0.20048628034887395},"EnergyVariance":{"Mean":0.8679949641758462,"Sigma":0.5260604206866657,"Taucorr":0.11709319348538538},"Iteration":76},
{"Acceptance":[0.06153846153846154],"Energy":{"Mean":-8.32750839270885,"Sigma":0.17194222792493052,"Taucorr":0.3476598652120121},"EnergyVariance":{"Mean":3.4386213006626773,"Sigma":1.3892681968888303,"Taucorr":0.6063388941945587},"Iteration":77},
{"Acceptance":[0.052307692307692305],"Energy":{"Mean":-8.224030126049536,"Sigma":0.2666833975098744,"Taucorr":0.39797068614049136},"EnergyVariance":{"Mean":9.116888876952432,"Sigma":6.1215647631518575,"Taucorr":0.3403141680448569},"Iteration":78},
{"Acceptance":[0.05730769230769231],"Energy":{"Mean":-8.086536503113281,"Sigma":0.22954977616555017,"Taucorr":0.4080330890482734},"EnergyVariance":{"Mean":4.3241040281552,"Sigma":1.2784889084626485,"Taucorr":0.47394958565992895},"Iteration":79},
{"Acceptance":[0.054615384615384614],"Energy":{"Mean":-7.576208011426485,"Sigma":0.7212891862803374,"Taucorr":0.8267888563187433},"EnergyVariance":{"Mean":125.8263835257752,"Sigma":104.1889971705653,"Taucorr":0.0076653101177014404},"Iteration":80},
{"Acceptance":[0.06692307692307692],"Energy":{"Mean":-7.866019008793854,"Sigma":0.2868135394468999,"Taucorr":1.1376071614201242},"EnergyVariance":{"Mean":9.932299613202515,"Sigma":8.762965073839705,"Taucorr":1.257025655526753},"Iteration":81},
{"Acceptance":[0.07153846153846154],"Energy":{"Mean":-8.823767734870207,"Sigma":0.5199004247158264,"Taucorr":-0.08650182747301316},"EnergyVariance":{"Mean":77.95175598195142,"Sigma":75.42296158785135,"Taucorr":0.001221620357794162},"Iteration":82},
{"Acceptance":[0.03423076923076923],"Energy":{"Mean":-8.144159707247363,"Sigma":0.09742663210465374,"Taucorr":0.05782122568885817},"EnergyVariance":{"Mean":2.701354154394439,"Sigma":1.6468098364103934,"Taucorr":0.09347147749643392},"Iteration":83},
{"Acceptance":[0.085],"Energy":{"Mean":-7.789774172933631,"Sigma":0.3375164129926825,"Taucorr":0.2454392960347711},"EnergyVariance":{"Mean":10.126631101549656,"Sigma":3.9028868964761507,"Taucorr":0.513251294090536},"Iteration":84},
{"Acceptance":[0.040769230769230766],"Energy":{"Mean":-7.802098497030369,"Sigma":0.1855199606043175,"Taucorr":0.5936051019265536},"EnergyVariance":{"Mean":2.8310931990903927,"Sigma":0.9325890385382339,"Taucorr":0.37348626547660035},"Iteration":85},
{"Acceptance":[0.03576923076923077],"Energy":{"Mean":-8.18351445538495,"Sigma":0.06962683686333797,"Taucorr":-0.16560337227086053},"EnergyVariance":{"Mean":0.8403188910796502,"Sigma":0.3942635532868549,"Taucorr":0.12044854832828977},"Iteration":86},
{"Acceptance":[0.031153846153846153],"Energy":{"Mean":-8.323212652096515,"Sigma":0.10681479889095767,"Taucorr":0.5593349470700328},"EnergyVariance":{"Mean":1.0460110314343858,"Sigma":0.39343549133227884,"Taucorr":0.11172684919748199},"Iteration":87},
{"Acceptance":[0.031538461538461536],"Energy":{"Mean":-8.143165286446749,"Sigma":0.07558526083521801,"Taucorr":0.6945940081165436},"EnergyVariance":{"Mean":0.2627679264921315,"Sigma":0.09104597518666445,"Taucorr":0.713822902403731},"Iteration":88},
{"Acceptance":[0.036153846153846154],"Energy":{"Mean":-8.115726203053987,"Sigma":0.11216841590558826,"Taucorr":0.538589296910448},"EnergyVariance":{"Mean":1.651317721463579,"Sigma":0.7957511838065089,"Taucorr":0.338902200341201},"Iteration":89},
{"Acceptance":[0.04423076923076923],"Energy":{"Mean":-8.298273929973622,"Sigma":0.18648467220972473,"Taucorr":0.6348787441896206},"EnergyVariance":{"Mean":3.094702307698484,"Sigma":1.3871480847088642,"Taucorr":0.502011043440391},"Iteration":90},
{"Acceptance":[0.05576923076923077],"Energy":{"Mean":-8.36473089876474,"Sigma":0.19874605007951204,"Taucorr":0.007554134938107526},"EnergyVariance":{"Mean":12.09766489012213,"Sigma":4.961954497569805,"Taucorr":0.18671965196912566},"Iteration":91},
{"Acceptance":[0.041923076923076924],"Energy":{"Mean":-8.890470832798446,"Sigma":0.5095123211716279,"Taucorr":0.11896028143690063},"EnergyVariance":{"Mean":21.310478937168977,"Sigma":19.64651360808527,"Taucorr":0.013397547588934855},"Iteration":92},
{"Acceptance":[0.06807692307692308],"Energy":{"Mean":-8.337745162144028,"Sigma":0.22538031256067034,"Taucorr":-0.305691531519967},"EnergyVariance":{"Mean":18.09840380262986,"Sigma":12.739534020792764,"Taucorr":0.26650711055255694},"Iteration":93},
{"Acceptance":[0.04346153846153846],"Energy":{"Mean":-8.312587636966885,"Sigma":0.11438194364745809,"Taucorr":0.12352987809042337},"EnergyVariance":{"Mean":2.1486573622591165,"Sigma":1.3062001672202608,"Taucorr":0.4762613952830995},"Iteration":94},
{"Acceptance":[0.055],"Energy":{"Mean":-7.990774216483187,"Sigma":0.2088824225280971,"Taucorr":0.23948395412788126},"EnergyVariance":{"Mean":8.468192600911312,"Sigma":6.207774768678975,"Taucorr":0.04272135561055701},"Iteration":95},
{"Acceptance":[0.06884615384615385],"Energy":{"Mean":-8.334966125365765,"Sigma":0.26200408219169763,"Taucorr":0.3512537242249163},"EnergyVariance":{"Mean":5.092535330570045,"Sigma":1.2347723364335998,"Taucorr":0.2463452885114904},"Iteration":96},
{"Acceptance":[0.06576923076923077],"Energy":{"Mean":-8.626896999063788,"Sigma":0.37958896637389133,"Taucorr":0.11090706448665377},"EnergyVariance":{"Mean":19.97821842815881,"Sigma":15.801729274770528,"Taucorr":-0.002248697362931429},"Iteration":97},
{"Acceptance":[0.07076923076923076],"Energy":{"Mean":-8.23510569891749,"Sigma":0.3222299015957088,"Taucorr":0.3260056454282918},"EnergyVariance":{"Mean":9.81843904453466,"Sigma":4.104358829311255,"Taucorr":0.02910096521181571},"Iteration":98},
{"Acceptance":[0.11461538461538462],"Energy":{"Mean":-7.768944870190276,"Sigma":0.5570567116757613,"Taucorr":0.3360708664083636},"EnergyVariance":{"Mean":22.92788279356053,"Sigma":11.20634884064771,"Taucorr":0.3218261215907765},"Iteration":99} 
]}
{"input": {"L": 12, "J": 1, "machine": {"type": "FFNN", "model": ["relu", 23, 4]}, "sampler": {"type": "MetropolisHop", "d_max": 5}, "optimizer": {"type": "AdaMax", "alpha": 0.001, "beta1": 0.9, "beta2": 0.999, "epscut": 1e-07}, "VMC": {"n_samples": 100, "discarded_samples": 100, "discarded_samples_on_init": 0, "target": "energy", "method": "Gd", "diag_shift": 0.01, "use_iterative": true, "use_cholesky": true}, "n_iter": 100}}
duration: -2.1687371730804443