{"Output": [
{"Acceptance":[0.911578947368421],"Energy":{"Mean":15.38298492517293,"Sigma":0.313157513209506,"Taucorr":-1.1102230246251565e-16},"EnergyVariance":{"Mean":9.697830948500282,"Sigma":1.1991693370667496,"Taucorr":5.551115123125783e-17},"Iteration":0},
{"Acceptance":[0.8787368421052631],"Energy":{"Mean":15.46548609210381,"Sigma":0.31406797398986136,"Taucorr":5.551115123125783e-17},"EnergyVariance":{"Mean":9.935470850699053,"Sigma":1.3440982209266277,"Taucorr":0.0},"Iteration":1},
{"Acceptance":[0.8467368421052631],"Energy":{"Mean":15.110618823695745,"Sigma":0.3038353535992981,"Taucorr":-2.7755575615628914e-17},"EnergyVariance":{"Mean":9.623175593941898,"Sigma":1.4653550706468266,"Taucorr":0.0},"Iteration":2},
{"Acceptance":[0.8437894736842105],"Energy":{"Mean":14.62297681812608,"Sigma":0.2879830108403816,"Taucorr":0.0},"EnergyVariance":{"Mean":10.220313533033842,"Sigma":1.231400617418128,"Taucorr":-2.7755575615628914e-17},"Iteration":3},
{"Acceptance":[0.8248421052631579],"Energy":{"Mean":15.215158168290719,"Sigma":0.2832090102667969,"Taucorr":5.551115123125783e-17},"EnergyVariance":{"Mean":9.764287395236423,"Sigma":1.2467370633918788,"Taucorr":0.0},"Iteration":4},
{"Acceptance":[0.8046315789473685],"Energy":{"Mean":13.825901140707508,"Sigma":0.3207237778162844,"Taucorr":-2.7755575615628914e-17},"EnergyVariance":{"Mean":12.416121766253125,"Sigma":1.5526172697631966,"Taucorr":-2.7755575615628914e-17},"Iteration":5},
{"Acceptance":[0.7978947368421052],"Energy":{"Mean":14.446018656752486,"Sigma":0.3399138195341918,"Taucorr":5.551115123125783e-17},"EnergyVariance":{"Mean":13.927946504096745,"Sigma":1.4989879798855328,"Taucorr":-2.7755575615628914e-17},"Iteration":6},
{"Acceptance":[0.7898947368421053],"Energy":{"Mean":13.968239602712782,"Sigma":0.3215179171238835,"Taucorr":-5.551115123125783e-17},"EnergyVariance":{"Mean":12.902395900802041,"Sigma":1.1833778291612795,"Taucorr":-8.326672684688674e-17},"Iteration":7},
{"Acceptance":[0.7705263157894737],"Energy":{"Mean":13.844798446471396,"Sigma":0.3449226814289203,"Taucorr":-5.551115123125783e-17},"EnergyVariance":{"Mean":14.624950463116171,"Sigma":1.6281796895324108,"Taucorr":1.1102230246251565e-16},"Iteration":8},
{"Acceptance":[0.7473684210526316],"Energy":{"Mean":13.530148508284661,"Sigma":0.3503747179778731,"Taucorr":0.0},"EnergyVariance":{"Mean":16.729873393059563,"Sigma":1.906092186257336,"Taucorr":5.551115123125783e-17},"Iteration":9},
{"Acceptance":[0.7418947368421053],"Energy":{"Mean":12.913983836667821,"Sigma":0.35063346659443645,"Taucorr":0.0},"EnergyVariance":{"Mean":16.35390210366676,"Sigma":1.9392269986143325,"Taucorr":0.0},"Iteration":10},
{"Acceptance":[0.7402105263157894],"Energy":{"Mean":12.33394813415207,"Sigma":0.3758162565645904,"Taucorr":0.0},"EnergyVariance":{"Mean":17.42650839963525,"Sigma":1.9724279412476908,"Taucorr":0.0},"Iteration":11},
{"Acceptance":[0.7170526315789474],"Energy":{"Mean":12.183278443093968,"Sigma":0.3288801528260674,"Taucorr":-2.7755575615628914e-17},"EnergyVariance":{"Mean":15.715243244626887,"Sigma":1.3189173665047798,"Taucorr":-2.7755575615628914e-17},"Iteration":12},
{"Acceptance":[0.6846315789473684],"Energy":{"Mean":11.558856696852974,"Sigma":0.3873833847461525,"Taucorr":-2.7755575615628914e-17},"EnergyVariance":{"Mean":19.32026283917947,"Sigma":2.076159531417275,"Taucorr":-2.7755575615628914e-17},"Iteration":13},
{"Acceptance":[0.6901052631578948],"Energy":{"Mean":11.369582100805747,"Sigma":0.35843561121676,"Taucorr":0.0},"EnergyVariance":{"Mean":18.514931685147708,"Sigma":2.1595237312952205,"Taucorr":0.0},"Iteration":14},
{"Acceptance":[0.6703157894736842],"Energy":{"Mean":9.832655327144476,"Sigma":0.3503106942270694,"Taucorr":5.551115123125783e-17},"EnergyVariance":{"Mean":20.2264998816022,"Sigma":2.354316009676107,"Taucorr":-5.551115123125783e-17},"Iteration":15},
{"Acceptance":[0.6513684210526316],"Energy":{"Mean":10.231719949853535,"Sigma":0.38800807287960065,"Taucorr":5.551115123125783e-17},"EnergyVariance":{"Mean":21.619699443585667,"Sigma":2.269778319666621,"Taucorr":0.0},"Iteration":16},
{"Acceptance":[0.6374736842105263],"Energy":{"Mean":10.204629722408889,"Sigma":0.4213505359682253,"Taucorr":5.551115123125783e-17},"EnergyVariance":{"Mean":24.386466668542194,"Sigma":2.6622519594674445,"Taucorr":0.0},"Iteration":17},
{"Acceptance":[0.6294736842105263],"Energy":{"Mean":9.1408531247534,"Sigma":0.34957572925874325,"Taucorr":0.0},"EnergyVariance":{"Mean":20.316106832121086,"Sigma":1.6238228620407493,"Taucorr":5.551115123125783e-17},"Iteration":18},
{"Acceptance":[0.6248421052631579],"Energy":{"Mean":8.416488436701641,"Sigma":0.3962573335745435,"Taucorr":5.551115123125783e-17},"EnergyVariance":{"Mean":21.830342129110388,"Sigma":2.261954337049449,"Taucorr":-5.551115123125783e-17},"Iteration":19},
{"Acceptance":[0.6252631578947369],"Energy":{"Mean":8.730445607210216,"Sigma":0.43459388076576916,"Taucorr":-5.551115123125783e-17},"EnergyVariance":{"Mean":30.059928647348116,"Sigma":4.118853192814335,"Taucorr":5.551115123125783e-17},"Iteration":20},
{"Acceptance":[0.5797894736842105],"Energy":{"Mean":7.709761740715884,"Sigma":0.37875987459121285,"Taucorr":0.0},"EnergyVariance":{"Mean":20.35616285296276,"Sigma":2.00914952820146,"Taucorr":0.0},"Iteration":21},
{"Acceptance":[0.5654736842105264],"Energy":{"Mean":6.443418996558735,"Sigma":0.38610931213218835,"Taucorr":2.7755575615628914e-17},"EnergyVariance":{"Mean":22.122493240522864,"Sigma":2.7518002133547896,"Taucorr":0.0},"Iteration":22},
{"Acceptance":[0.5587368421052632],"Energy":{"Mean":6.329771565817779,"Sigma":0.4095962110197186,"Taucorr":0.0},"EnergyVariance":{"Mean":28.535333735824754,"Sigma":3.397191239622099,"Taucorr":-5.551115123125783e-17},"Iteration":23},
{"Acceptance":[0.5511578947368421],"Energy":{"Mean":4.8950903864213835,"Sigma":0.42079623822416806,"Taucorr":5.551115123125783e-17},"EnergyVariance":{"Mean":28.835841356787604,"Sigma":2.573480025546512,"Taucorr":0.0},"Iteration":24},
{"Acceptance":[0.5343157894736842],"Energy":{"Mean":4.898523418431715,"Sigma":0.40021544167551026,"Taucorr":-2.7755575615628914e-17},"EnergyVariance":{"Mean":23.268888585825422,"Sigma":2.3975964028217627,"Taucorr":0.0},"Iteration":25},
{"Acceptance":[0.5153684210526316],"Energy":{"Mean":4.9039299467258495,"Sigma":0.41213494501813325,"Taucorr":0.0},"EnergyVariance":{"Mean":26.49733623560551,"Sigma":3.0921331112806794,"Taucorr":-5.551115123125783e-17},"Iteration":26},
{"Acceptance":[0.5141052631578947],"Energy":{"Mean":4.586789391107156,"Sigma":0.37247733864569743,"Taucorr":-2.7755575615628914e-17},"EnergyVariance":{"Mean":24.80338990290669,"Sigma":3.0339564330249233,"Taucorr":0.0},"Iteration":27},
{"Acceptance":[0.49642105263157893],"Energy":{"Mean":4.005175550634462,"Sigma":0.42061518052518293,"Taucorr":5.551115123125783e-17},"EnergyVariance":{"Mean":27.001909539873722,"Sigma":3.2265856272124376,"Taucorr":0.0},"Iteration":28},
{"Acceptance":[0.48673684210526313],"Energy":{"Mean":3.851528408450074,"Sigma":0.3743344674070764,"Taucorr":0.0},"EnergyVariance":{"Mean":22.499961697982798,"Sigma":2.3244744994854147,"Taucorr":0.0},"Iteration":29},
{"Acceptance":[0.45557894736842103],"Energy":{"Mean":1.7499270623723922,"Sigma":0.3026981125073931,"Taucorr":0.0},"EnergyVariance":{"Mean":17.381342024459904,"Sigma":1.731689153958098,"Taucorr":0.0},"Iteration":30},
{"Acceptance":[0.4783157894736842],"Energy":{"Mean":1.7123336689493092,"Sigma":0.3560458440259514,"Taucorr":-2.7755575615628914e-17},"EnergyVariance":{"Mean":21.167310188686244,"Sigma":2.45550429120678,"Taucorr":0.0},"Iteration":31},
{"Acceptance":[0.46778947368421053],"Energy":{"Mean":1.9410760375272471,"Sigma":0.4458718647402201,"Taucorr":0.0},"EnergyVariance":{"Mean":33.29608707014337,"Sigma":3.526613283204687,"Taucorr":5.551115123125783e-17},"Iteration":32},
{"Acceptance":[0.43705263157894736],"Energy":{"Mean":1.5956215899963242,"Sigma":0.49008697734993983,"Taucorr":-5.551115123125783e-17},"EnergyVariance":{"Mean":36.95527292067905,"Sigma":4.566119870848002,"Taucorr":0.0},"Iteration":33},
{"Acceptance":[0.42273684210526313],"Energy":{"Mean":1.560616460410749,"Sigma":0.3985856790257994,"Taucorr":-5.551115123125783e-17},"EnergyVariance":{"Mean":26.94901488466101,"Sigma":2.934634947391612,"Taucorr":5.551115123125783e-17},"Iteration":34},
{"Acceptance":[0.41978947368421055],"Energy":{"Mean":-1.4197137239133215,"Sigma":0.5420811345762173,"Taucorr":-2.7755575615628914e-17},"EnergyVariance":{"Mean":36.742008707607496,"Sigma":4.30687119517065,"Taucorr":-2.7755575615628914e-17},"Iteration":35},
{"Acceptance":[0.416],"Energy":{"Mean":-0.0551759611052105,"Sigma":0.3658552410865262,"Taucorr":-2.7755575615628914e-17},"EnergyVariance":{"Mean":23.552445520410608,"Sigma":2.573005715642561,"Taucorr":8.326672684688674e-17},"Iteration":36},
{"Acceptance":[0.4033684210526316],"Energy":{"Mean":-1.8109049375436888,"Sigma":0.40526884965806703,"Taucorr":0.0},"EnergyVariance":{"Mean":26.747403495173735,"Sigma":2.7668914787489576,"Taucorr":-8.326672684688674e-17},"Iteration":37},
{"Acceptance":[0.32926315789473687],"Energy":{"Mean":-3.3019044933036366,"Sigma":0.45194513271153813,"Taucorr":-2.7755575615628914e-17},"EnergyVariance":{"Mean":33.51789452914776,"Sigma":4.1471898517801575,"Taucorr":2.7755575615628914e-17},"Iteration":38},
{"Acceptance":[0.3393684210526316],"Energy":{"Mean":-2.061670604888558,"Sigma":0.47528242495335055,"Taucorr":2.7755575615628914e-17},"EnergyVariance":{"Mean":37.235801905511934,"Sigma":3.9292439117215667,"Taucorr":-2.7755575615628914e-17},"Iteration":39},
{"Acceptance":[0.21894736842105264],"Energy":{"Mean":-5.628214225668158,"Sigma":0.441927632309739,"Taucorr":5.551115123125783e-17},"EnergyVariance":{"Mean":40.19249742199956,"Sigma":4.132667483946369,"Taucorr":-2.7755575615628914e-17},"Iteration":40},
{"Acceptance":[0.13726315789473684],"Energy":{"Mean":-5.904949352497049,"Sigma":0.5692362347277387,"Taucorr":0.0},"EnergyVariance":{"Mean":38.853727508516855,"Sigma":4.715999213429008,"Taucorr":5.551115123125783e-17},"Iteration":41},
{"Acceptance":[0.144],"Energy":{"Mean":-8.346187786460217,"Sigma":0.5541811598145431,"Taucorr":8.326672684688674e-17},"EnergyVariance":{"Mean":42.54801137055424,"Sigma":5.785798115211361,"Taucorr":-2.7755575615628914e-17},"Iteration":42},
{"Acceptance":[0.09557894736842105],"Energy":{"Mean":-10.612053103823344,"Sigma":0.14842103223164432,"Taucorr":1.6653345369377348e-16},"EnergyVariance":{"Mean":3.2460071975091966,"Sigma":0.6461965223240003,"Taucorr":0.0},"Iteration":43},
{"Acceptance":[0.045894736842105266],"Energy":{"Mean":-10.20465993231008,"Sigma":0.0774878886694708,"Taucorr":-5.551115123125783e-17},"EnergyVariance":{"Mean":0.8124490166316556,"Sigma":0.22590845376627355,"Taucorr":0.0},"Iteration":44},
{"Acceptance":[0.024],"Energy":{"Mean":-9.585291719387623,"Sigma":0.4656583161109359,"Taucorr":-2.7755575615628914e-17},"EnergyVariance":{"Mean":21.391170228054087,"Sigma":19.109323855418506,"Taucorr":0.0},"Iteration":45},
{"Acceptance":[0.021473684210526315],"Energy":{"Mean":-10.098915936735683,"Sigma":0.03825124728795958,"Taucorr":-5.273559366969494e-16},"EnergyVariance":{"Mean":0.17247620050186005,"Sigma":0.07689866276237069,"Taucorr":5.551115123125783e-17},"Iteration":46},
{"Acceptance":[0.009263157894736843],"Energy":{"Mean":-9.990641234910633,"Sigma":0.06825852461787557,"Taucorr":3.247402347028583e-15},"EnergyVariance":{"Mean":0.7025208986363762,"Sigma":0.3179485732447751,"Taucorr":1.1102230246251565e-16},"Iteration":47},
{"Acceptance":[0.01263157894736842],"Energy":{"Mean":-10.037721873004482,"Sigma":0.022333436989773768,"Taucorr":-2.220446049250313e-14},"EnergyVariance":{"Mean":0.0619879423484363,"Sigma":0.03891706018086045,"Taucorr":0.0},"Iteration":48},
{"Acceptance":[0.007578947368421052],"Energy":{"Mean":-9.864683613426081,"Sigma":0.09097962198023757,"Taucorr":null},"EnergyVariance":{"Mean":2.991979955729187,"Sigma":1.4265824641498437,"Taucorr":null},"Iteration":49},
{"Acceptance":[0.003368421052631579],"Energy":{"Mean":-10.010758404271382,"Sigma":0.00013285887832875545,"Taucorr":null},"EnergyVariance":{"Mean":0.0004009878362209283,"Sigma":0.00014755315536346743,"Taucorr":null},"Iteration":50},
{"Acceptance":[0.003368421052631579],"Energy":{"Mean":-10.0140119846197,"Sigma":0.001214724220260993,"Taucorr":null},"EnergyVariance":{"Mean":0.0021721935452237375,"Sigma":0.0005302574318017646,"Taucorr":null},"Iteration":51},
{"Acceptance":[0.0025263157894736842],"Energy":{"Mean":-10.015353119547562,"Sigma":0.0026711938671480865,"Taucorr":null},"EnergyVariance":{"Mean":0.05853736569038968,"Sigma":0.03939956972738381,"Taucorr":null},"Iteration":52},
{"Acceptance":[0.0025263157894736842],"Energy":{"Mean":-10.006862640970354,"Sigma":0.0,"Taucorr":null},"EnergyVariance":{"Mean":1.0294528970075102e-05,"Sigma":0.0,"Taucorr":null},"Iteration":53},
{"Acceptance":[0.0025263157894736842],"Energy":{"Mean":-9.898333739170894,"Sigma":0.037305665385799894,"Taucorr":null},"EnergyVariance":{"Mean":0.16475843068269555,"Sigma":0.054047404457828734,"Taucorr":null},"Iteration":54},
{"Acceptance":[0.0008421052631578948],"Energy":{"Mean":-10.017301610071105,"Sigma":0.005871791135771029,"Taucorr":null},"EnergyVariance":{"Mean":0.004331828757678592,"Sigma":0.0019520474458744042,"Taucorr":null},"Iteration":55},
{"Acceptance":[0.0016842105263157896],"Energy":{"Mean":-10.003868608152507,"Sigma":0.0,"Taucorr":null},"EnergyVariance":{"Mean":2.202042292305683e-08,"Sigma":0.0,"Taucorr":null},"Iteration":56},
{"Acceptance":[0.0],"Energy":{"Mean":-10.011927319776019,"Sigma":0.006066798670886887,"Taucorr":null},"EnergyVariance":{"Mean":0.0037798939763425314,"Sigma":0.0025633008970184314,"Taucorr":null},"Iteration":57},
{"Acceptance":[0.0],"Energy":{"Mean":-10.016964131544364,"Sigma":0.007936268120724881,"Taucorr":null},"EnergyVariance":{"Mean":0.00710864464602288,"Sigma":0.0038153721679467217,"Taucorr":null},"Iteration":58},
{"Acceptance":[0.0],"Energy":{"Mean":-10.002173440299543,"Sigma":0.0,"Taucorr":null},"EnergyVariance":{"Mean":4.372747971727996e-07,"Sigma":0.0,"Taucorr":null},"Iteration":59},
{"Acceptance":[0.0008421052631578948],"Energy":{"Mean":-9.968851789898263,"Sigma":0.010813153039946979,"Taucorr":null},"EnergyVariance":{"Mean":0.027243580645703452,"Sigma":0.009055774783549284,"Taucorr":null},"Iteration":60},
{"Acceptance":[0.0012631578947368421],"Energy":{"Mean":-9.993292066346067,"Sigma":0.017151027135979175,"Taucorr":null},"EnergyVariance":{"Mean":0.04019111310466316,"Sigma":0.024769181783622727,"Taucorr":null},"Iteration":61},
{"Acceptance":[0.0],"Energy":{"Mean":-10.001315454662372,"Sigma":0.0,"Taucorr":null},"EnergyVariance":{"Mean":6.254581816172586e-07,"Sigma":0.0,"Taucorr":null},"Iteration":62},
{"Acceptance":[0.0008421052631578948],"Energy":{"Mean":-10.001120958447839,"Sigma":0.0,"Taucorr":null},"EnergyVariance":{"Mean":6.017586523308601e-07,"Sigma":0.0,"Taucorr":null},"Iteration":63},
{"Acceptance":[0.0008421052631578948],"Energy":{"Mean":-10.00096244452905,"Sigma":0.0,"Taucorr":null},"EnergyVariance":{"Mean":5.688063888164607e-07,"Sigma":0.0,"Taucorr":null},"Iteration":64},
{"Acceptance":[0.0],"Energy":{"Mean":-9.99656100936796,"Sigma":0.004271541632914313,"Taucorr":null},"EnergyVariance":{"Mean":0.0019421885628359557,"Sigma":0.0019234104475134952,"Taucorr":null},"Iteration":65},
{"Acceptance":[0.0],"Energy":{"Mean":-10.00072715094654,"Sigma":0.0,"Taucorr":null},"EnergyVariance":{"Mean":4.875857332117206e-07,"Sigma":0.0,"Taucorr":null},"Iteration":66},
{"Acceptance":[0.0008421052631578948],"Energy":{"Mean":-9.996549597980934,"Sigma":0.004090561374564267,"Taucorr":null},"EnergyVariance":{"Mean":0.0016807684529303053,"Sigma":0.0016635889863755864,"Taucorr":null},"Iteration":67},
{"Acceptance":[0.0],"Energy":{"Mean":-10.000568617866058,"Sigma":0.0,"Taucorr":null},"EnergyVariance":{"Mean":4.0281271613906857e-07,"Sigma":0.0,"Taucorr":null},"Iteration":68},
{"Acceptance":[0.0],"Energy":{"Mean":-10.000509216186106,"Sigma":0.0,"Taucorr":null},"EnergyVariance":{"Mean":3.649253381305663e-07,"Sigma":0.0,"Taucorr":null},"Iteration":69},
{"Acceptance":[0.0],"Energy":{"Mean":-10.000459612007496,"Sigma":0.0,"Taucorr":null},"EnergyVariance":{"Mean":3.32369008372636e-07,"Sigma":0.0,"Taucorr":null},"Iteration":70},
{"Acceptance":[0.0],"Energy":{"Mean":-10.000417961823642,"Sigma":0.0,"Taucorr":null},"EnergyVariance":{"Mean":3.0442182132308506e-07,"Sigma":0.0,"Taucorr":null},"Iteration":71},
{"Acceptance":[0.0],"Energy":{"Mean":-10.000382806816962,"Sigma":0.0,"Taucorr":null},"EnergyVariance":{"Mean":2.8042362766175565e-07,"Sigma":0.0,"Taucorr":null},"Iteration":72},
{"Acceptance":[0.0008421052631578948],"Energy":{"Mean":-10.000352986240836,"Sigma":0.0,"Taucorr":null},"EnergyVariance":{"Mean":2.597913290095623e-07,"Sigma":0.0,"Taucorr":null},"Iteration":73},
{"Acceptance":[0.0],"Energy":{"Mean":-10.000327571421163,"Sigma":0.0,"Taucorr":null},"EnergyVariance":{"Mean":2.4202060757352074e-07,"Sigma":0.0,"Taucorr":null},"Iteration":74},
{"Acceptance":[0.0],"Energy":{"Mean":-10.00030581526377,"Sigma":0.0,"Taucorr":null},"EnergyVariance":{"Mean":2.2668091516983341e-07,"Sigma":0.0,"Taucorr":null},"Iteration":75},
{"Acceptance":[0.0],"Energy":{"Mean":-10.000287113459635,"Sigma":0.0,"Taucorr":null},"EnergyVariance":{"Mean":2.134075755934627e-07,"Sigma":0.0,"Taucorr":null},"Iteration":76},
{"Acceptance":[0.0],"Energy":{"Mean":-10.000270974545751,"Sigma":0.0,"Taucorr":null},"EnergyVariance":{"Mean":2.0189309622611494e-07,"Sigma":0.0,"Taucorr":null},"Iteration":77},
{"Acceptance":[0.0],"Energy":{"Mean":-9.99692790176,"Sigma":0.0033290949356808977,"Taucorr":null},"EnergyVariance":{"Mean":0.0013031840511212526,"Sigma":0.0012919092992663235,"Taucorr":null},"Iteration":78},
{"Acceptance":[0.0],"Energy":{"Mean":-10.000243441328678,"Sigma":0.0,"Taucorr":null},"EnergyVariance":{"Mean":1.7684550579439482e-07,"Sigma":0.0,"Taucorr":null},"Iteration":79},
{"Acceptance":[0.0],"Energy":{"Mean":-10.0002317612982,"Sigma":0.0,"Taucorr":null},"EnergyVariance":{"Mean":1.6407082654321892e-07,"Sigma":0.0,"Taucorr":null},"Iteration":80},
{"Acceptance":[0.0],"Energy":{"Mean":-10.000221658680271,"Sigma":0.0,"Taucorr":null},"EnergyVariance":{"Mean":1.531656546972237e-07,"Sigma":0.0,"Taucorr":null},"Iteration":81},
{"Acceptance":[0.0],"Energy":{"Mean":-9.951347278613284,"Sigma":0.02798446548794525,"Taucorr":null},"EnergyVariance":{"Mean":0.0910057924653473,"Sigma":0.052750854899591325,"Taucorr":null},"Iteration":82},
{"Acceptance":[0.0],"Energy":{"Mean":-10.000185724998397,"Sigma":0.0,"Taucorr":null},"EnergyVariance":{"Mean":9.46343241756655e-08,"Sigma":0.0,"Taucorr":null},"Iteration":83},
{"Acceptance":[0.0],"Energy":{"Mean":-10.000162400336903,"Sigma":0.0,"Taucorr":null},"EnergyVariance":{"Mean":6.187535498608416e-08,"Sigma":0.0,"Taucorr":null},"Iteration":84},
{"Acceptance":[0.0],"Energy":{"Mean":-10.000142310205764,"Sigma":0.0,"Taucorr":null},"EnergyVariance":{"Mean":4.023829345203354e-08,"Sigma":0.0,"Taucorr":null},"Iteration":85},
{"Acceptance":[0.0],"Energy":{"Mean":-10.000124963318294,"Sigma":0.0,"Taucorr":null},"EnergyVariance":{"Mean":2.6052312105519097e-08,"Sigma":0.0,"Taucorr":null},"Iteration":86},
{"Acceptance":[0.0],"Energy":{"Mean":-10.000109958030324,"Sigma":0.0,"Taucorr":null},"EnergyVariance":{"Mean":1.6809469042966394e-08,"Sigma":0.0,"Taucorr":null},"Iteration":87},
{"Acceptance":[0.0],"Energy":{"Mean":-10.00009696290396,"Sigma":0.0,"Taucorr":null},"EnergyVariance":{"Mean":1.0817871636489804e-08,"Sigma":0.0,"Taucorr":null},"Iteration":88},
{"Acceptance":[0.0],"Energy":{"Mean":-10.00008570132649,"Sigma":0.0,"Taucorr":null},"EnergyVariance":{"Mean":6.9491612763063444e-09,"Sigma":0.0,"Taucorr":null},"Iteration":89},
{"Acceptance":[0.0],"Energy":{"Mean":-10.00007593963569,"Sigma":0.0,"Taucorr":null},"EnergyVariance":{"Mean":4.458346072195215e-09,"Sigma":0.0,"Taucorr":null},"Iteration":90},
{"Acceptance":[0.0],"Energy":{"Mean":-10.000067478196879,"Sigma":0.0,"Taucorr":null},"EnergyVariance":{"Mean":2.8577356552283787e-09,"Sigma":0.0,"Taucorr":null},"Iteration":91},
{"Acceptance":[0.0],"Energy":{"Mean":-10.000060144841672,"Sigma":0.0,"Taucorr":null},"EnergyVariance":{"Mean":1.8303048315960342e-09,"Sigma":0.0,"Taucorr":null},"Iteration":92},
{"Acceptance":[0.0],"Energy":{"Mean":-10.000053790091464,"Sigma":0.0,"Taucorr":null},"EnergyVariance":{"Mean":1.17110150061275e-09,"Sigma":0.0,"Taucorr":null},"Iteration":93},
{"Acceptance":[0.0],"Energy":{"Mean":-10.000048283656723,"Sigma":0.0,"Taucorr":null},"EnergyVariance":{"Mean":7.481676134393639e-10,"Sigma":0.0,"Taucorr":null},"Iteration":94},
{"Acceptance":[0.0],"Energy":{"Mean":-10.000043511804032,"Sigma":0.0,"Taucorr":null},"EnergyVariance":{"Mean":4.767783365568547e-10,"Sigma":0.0,"Taucorr":null},"Iteration":95},
{"Acceptance":[0.0],"Energy":{"Mean":-10.000039375290287,"Sigma":0.0,"Taucorr":null},"EnergyVariance":{"Mean":3.026230348127276e-10,"Sigma":0.0,"Taucorr":null},"Iteration":96},
{"Acceptance":[0.0],"Energy":{"Mean":-10.00003578765995,"Sigma":0.0,"Taucorr":null},"EnergyVariance":{"Mean":1.9090788567298373e-10,"Sigma":0.0,"Taucorr":null},"Iteration":97},
{"Acceptance":[0.0],"Energy":{"Mean":-10.000032673777314,"Sigma":0.0,"Taucorr":null},"EnergyVariance":{"Mean":1.1933630175777822e-10,"Sigma":0.0,"Taucorr":null},"Iteration":98},
{"Acceptance":[0.0],"Energy":{"Mean":-10.000029968520147,"Sigma":0.0,"Taucorr":null},"EnergyVariance":{"Mean":7.360620338001798e-11,"Sigma":0.0,"Taucorr":null},"Iteration":99} 
]}
{"input": {"L": 18, "J": 1, "machine": {"type": "FFNN", "model": ["tanh", 17, 3]}, "sampler": {"type": "MetropolisHop", "d_max": 5}, "optimizer": {"type": "AdaMax", "alpha": 0.001, "beta1": 0.9, "beta2": 0.999, "epscut": 1e-07}, "VMC": {"n_samples": 100, "discarded_samples": 100, "discarded_samples_on_init": 0, "target": "energy", "method": "Gd", "diag_shift": 0.01, "use_iterative": true, "use_cholesky": true}, "n_iter": 100}}
duration: -1.1341679096221924