{"Output": [
{"Acceptance":[0.7924210526315789],"Energy":{"Mean":14.913616816531011,"Sigma":0.30283940538535725,"Taucorr":5.551115123125783e-17},"EnergyVariance":{"Mean":9.524356611506686,"Sigma":2.0176803625280244,"Taucorr":5.551115123125783e-17},"Iteration":0},
{"Acceptance":[0.7473684210526316],"Energy":{"Mean":14.176242755870492,"Sigma":0.31235332611246097,"Taucorr":5.551115123125783e-17},"EnergyVariance":{"Mean":11.222259663234874,"Sigma":1.3171882904657304,"Taucorr":0.0},"Iteration":1},
{"Acceptance":[0.6913684210526316],"Energy":{"Mean":13.016743974726467,"Sigma":0.33621011290105457,"Taucorr":5.551115123125783e-17},"EnergyVariance":{"Mean":13.852749284338163,"Sigma":2.01511072677179,"Taucorr":5.551115123125783e-17},"Iteration":2},
{"Acceptance":[0.6530526315789473],"Energy":{"Mean":11.928544506812027,"Sigma":0.3522635931914541,"Taucorr":0.0},"EnergyVariance":{"Mean":15.27213504047139,"Sigma":1.9473823520395999,"Taucorr":5.551115123125783e-17},"Iteration":3},
{"Acceptance":[0.5768421052631579],"Energy":{"Mean":10.234913787707557,"Sigma":0.3340157518803155,"Taucorr":2.7755575615628914e-17},"EnergyVariance":{"Mean":15.457070313787703,"Sigma":1.744202110779462,"Taucorr":2.7755575615628914e-17},"Iteration":4},
{"Acceptance":[0.5549473684210526],"Energy":{"Mean":8.587960446462379,"Sigma":0.29213075849362086,"Taucorr":-2.7755575615628914e-17},"EnergyVariance":{"Mean":15.004129574867662,"Sigma":1.5666808976850644,"Taucorr":0.0},"Iteration":5},
{"Acceptance":[0.4766315789473684],"Energy":{"Mean":7.239181488539966,"Sigma":0.35338348844888623,"Taucorr":0.0},"EnergyVariance":{"Mean":20.651321146637912,"Sigma":2.0635351582602586,"Taucorr":5.551115123125783e-17},"Iteration":6},
{"Acceptance":[0.46821052631578947],"Energy":{"Mean":5.503872819010787,"Sigma":0.35239032050521873,"Taucorr":-5.551115123125783e-17},"EnergyVariance":{"Mean":20.735046053721156,"Sigma":1.8276702832145673,"Taucorr":0.0},"Iteration":7},
{"Acceptance":[0.41978947368421055],"Energy":{"Mean":4.055185894193993,"Sigma":0.4169983768196877,"Taucorr":5.551115123125783e-17},"EnergyVariance":{"Mean":25.48270117795763,"Sigma":2.4050511789420423,"Taucorr":0.0},"Iteration":8},
{"Acceptance":[0.3877894736842105],"Energy":{"Mean":3.5128410739325124,"Sigma":0.36659046905274745,"Taucorr":0.0},"EnergyVariance":{"Mean":25.875275131031692,"Sigma":3.116702194618236,"Taucorr":5.551115123125783e-17},"Iteration":9},
{"Acceptance":[0.38863157894736844],"Energy":{"Mean":1.4612716026732415,"Sigma":0.33206214465106476,"Taucorr":-2.7755575615628914e-17},"EnergyVariance":{"Mean":18.222633795883784,"Sigma":2.1634453532514297,"Taucorr":0.0},"Iteration":10},
{"Acceptance":[0.3410526315789474],"Energy":{"Mean":-0.36640372854782527,"Sigma":0.3596774065909973,"Taucorr":0.0},"EnergyVariance":{"Mean":21.271698314681768,"Sigma":2.6497733201533022,"Taucorr":2.7755575615628914e-17},"Iteration":11},
{"Acceptance":[0.3162105263157895],"Energy":{"Mean":-0.06538368499613495,"Sigma":0.36499638666838896,"Taucorr":0.0},"EnergyVariance":{"Mean":28.636811462574958,"Sigma":3.4354065739436077,"Taucorr":-2.7755575615628914e-17},"Iteration":12},
{"Acceptance":[0.304],"Energy":{"Mean":-1.6994981568623118,"Sigma":0.37935987726443143,"Taucorr":2.7755575615628914e-17},"EnergyVariance":{"Mean":22.763386937142013,"Sigma":2.7238791732719143,"Taucorr":-5.551115123125783e-17},"Iteration":13},
{"Acceptance":[0.2812631578947368],"Energy":{"Mean":-1.9822302241633891,"Sigma":0.38721596763158445,"Taucorr":-5.551115123125783e-17},"EnergyVariance":{"Mean":27.874860020773244,"Sigma":3.4420779038682285,"Taucorr":0.0},"Iteration":14},
{"Acceptance":[0.30147368421052634],"Energy":{"Mean":-2.8375891050282593,"Sigma":0.32630700798621537,"Taucorr":1.1102230246251565e-16},"EnergyVariance":{"Mean":18.02099190977431,"Sigma":1.7420177353448014,"Taucorr":5.551115123125783e-17},"Iteration":15},
{"Acceptance":[0.2614736842105263],"Energy":{"Mean":-4.507739769785031,"Sigma":0.35026250490440003,"Taucorr":0.0},"EnergyVariance":{"Mean":24.967358693477262,"Sigma":3.437232581479699,"Taucorr":0.0},"Iteration":16},
{"Acceptance":[0.24378947368421053],"Energy":{"Mean":-5.878841080034654,"Sigma":0.2779738084861869,"Taucorr":0.0},"EnergyVariance":{"Mean":14.415224062450918,"Sigma":1.696904402797158,"Taucorr":-2.7755575615628914e-17},"Iteration":17},
{"Acceptance":[0.21852631578947368],"Energy":{"Mean":-6.725725496026561,"Sigma":0.2716699970276448,"Taucorr":0.0},"EnergyVariance":{"Mean":15.91514163306411,"Sigma":2.066124676281448,"Taucorr":5.551115123125783e-17},"Iteration":18},
{"Acceptance":[0.18189473684210528],"Energy":{"Mean":-6.528996675572392,"Sigma":0.3149872917169226,"Taucorr":-5.551115123125783e-17},"EnergyVariance":{"Mean":18.507879475092746,"Sigma":2.213162002588814,"Taucorr":-5.551115123125783e-17},"Iteration":19},
{"Acceptance":[0.2345263157894737],"Energy":{"Mean":-6.436332724152327,"Sigma":0.31704381044507474,"Taucorr":-8.326672684688674e-17},"EnergyVariance":{"Mean":17.62330350434957,"Sigma":2.755087443362491,"Taucorr":-8.326672684688674e-17},"Iteration":20},
{"Acceptance":[0.21642105263157896],"Energy":{"Mean":-7.732466313699397,"Sigma":0.3162571738745291,"Taucorr":-2.7755575615628914e-17},"EnergyVariance":{"Mean":14.922394692478374,"Sigma":2.0275905606113547,"Taucorr":0.0},"Iteration":21},
{"Acceptance":[0.21136842105263157],"Energy":{"Mean":-8.467632635286407,"Sigma":0.3262085821279354,"Taucorr":1.1102230246251565e-16},"EnergyVariance":{"Mean":16.483119350706218,"Sigma":3.2103894634061474,"Taucorr":1.1102230246251565e-16},"Iteration":22},
{"Acceptance":[0.17978947368421053],"Energy":{"Mean":-8.216974900144951,"Sigma":0.37240886992627503,"Taucorr":-5.551115123125783e-17},"EnergyVariance":{"Mean":21.100540077890606,"Sigma":3.6226405062148497,"Taucorr":-2.7755575615628914e-17},"Iteration":23},
{"Acceptance":[0.18105263157894738],"Energy":{"Mean":-8.13988778600524,"Sigma":0.3224668216525404,"Taucorr":5.551115123125783e-17},"EnergyVariance":{"Mean":12.509620589395059,"Sigma":1.9143882818464453,"Taucorr":0.0},"Iteration":24},
{"Acceptance":[0.18694736842105264],"Energy":{"Mean":-8.583009799852274,"Sigma":0.3476143564001649,"Taucorr":5.551115123125783e-17},"EnergyVariance":{"Mean":15.021773672974629,"Sigma":2.7435259954008138,"Taucorr":5.551115123125783e-17},"Iteration":25},
{"Acceptance":[0.1696842105263158],"Energy":{"Mean":-8.59192008145865,"Sigma":0.34830607573127825,"Taucorr":0.0},"EnergyVariance":{"Mean":15.72965664529078,"Sigma":3.529192503901199,"Taucorr":5.551115123125783e-17},"Iteration":26},
{"Acceptance":[0.15452631578947368],"Energy":{"Mean":-9.037306366407933,"Sigma":0.37035229377960266,"Taucorr":5.551115123125783e-17},"EnergyVariance":{"Mean":17.887609583253102,"Sigma":3.0879332983053254,"Taucorr":-5.551115123125783e-17},"Iteration":27},
{"Acceptance":[0.18694736842105264],"Energy":{"Mean":-9.258168754975587,"Sigma":0.3258548479392224,"Taucorr":-2.7755575615628914e-17},"EnergyVariance":{"Mean":12.373654731877156,"Sigma":2.1005718606216304,"Taucorr":0.0},"Iteration":28},
{"Acceptance":[0.1734736842105263],"Energy":{"Mean":-10.256534481551498,"Sigma":0.3262692980932666,"Taucorr":-2.7755575615628914e-17},"EnergyVariance":{"Mean":14.829608871413132,"Sigma":2.5155593011778006,"Taucorr":2.7755575615628914e-17},"Iteration":29},
{"Acceptance":[0.17305263157894737],"Energy":{"Mean":-9.359990677089014,"Sigma":0.3254225265892418,"Taucorr":0.0},"EnergyVariance":{"Mean":13.20855357250268,"Sigma":2.0727033513408104,"Taucorr":5.551115123125783e-17},"Iteration":30},
{"Acceptance":[0.15578947368421053],"Energy":{"Mean":-9.94986910818054,"Sigma":0.37853616964679687,"Taucorr":2.7755575615628914e-17},"EnergyVariance":{"Mean":14.805183984227071,"Sigma":2.828720101839375,"Taucorr":0.0},"Iteration":31},
{"Acceptance":[0.15873684210526315],"Energy":{"Mean":-8.988344381965069,"Sigma":0.4800431640649194,"Taucorr":-5.551115123125783e-17},"EnergyVariance":{"Mean":25.14081584699868,"Sigma":4.318800229995011,"Taucorr":0.0},"Iteration":32},
{"Acceptance":[0.1608421052631579],"Energy":{"Mean":-9.89673531914934,"Sigma":0.3740043275699907,"Taucorr":5.551115123125783e-17},"EnergyVariance":{"Mean":16.96177180128912,"Sigma":2.870869672996975,"Taucorr":-2.7755575615628914e-17},"Iteration":33},
{"Acceptance":[0.17094736842105263],"Energy":{"Mean":-10.399887302094697,"Sigma":0.2747415195868393,"Taucorr":0.0},"EnergyVariance":{"Mean":8.18886405547267,"Sigma":1.548984460022871,"Taucorr":5.551115123125783e-17},"Iteration":34},
{"Acceptance":[0.14947368421052631],"Energy":{"Mean":-10.284354790969743,"Sigma":0.32326428519632,"Taucorr":0.0},"EnergyVariance":{"Mean":10.48051769122024,"Sigma":1.6045992773255233,"Taucorr":1.1102230246251565e-16},"Iteration":35},
{"Acceptance":[0.1688421052631579],"Energy":{"Mean":-9.917642631039628,"Sigma":0.3065980074880107,"Taucorr":0.0},"EnergyVariance":{"Mean":9.775687188953224,"Sigma":1.6756375325508437,"Taucorr":0.0},"Iteration":36},
{"Acceptance":[0.15747368421052632],"Energy":{"Mean":-10.171735297915845,"Sigma":0.34744419310814617,"Taucorr":-5.551115123125783e-17},"EnergyVariance":{"Mean":12.633544271180613,"Sigma":3.742117365221771,"Taucorr":5.551115123125783e-17},"Iteration":37},
{"Acceptance":[0.1751578947368421],"Energy":{"Mean":-11.326430452434794,"Sigma":0.33081129303740303,"Taucorr":0.0},"EnergyVariance":{"Mean":14.987191167369431,"Sigma":2.5039997387544908,"Taucorr":0.0},"Iteration":38},
{"Acceptance":[0.15957894736842104],"Energy":{"Mean":-12.11931888193007,"Sigma":0.3171848533291088,"Taucorr":0.0},"EnergyVariance":{"Mean":12.210030867442857,"Sigma":2.250130074315777,"Taucorr":-2.7755575615628914e-17},"Iteration":39},
{"Acceptance":[0.176],"Energy":{"Mean":-11.963932451187993,"Sigma":0.3567136565467794,"Taucorr":5.551115123125783e-17},"EnergyVariance":{"Mean":12.984444182405303,"Sigma":3.2017650764610224,"Taucorr":0.0},"Iteration":40},
{"Acceptance":[0.1591578947368421],"Energy":{"Mean":-11.355009403908474,"Sigma":0.34796574327384455,"Taucorr":0.0},"EnergyVariance":{"Mean":12.87731061991971,"Sigma":4.215282743445972,"Taucorr":0.0},"Iteration":41},
{"Acceptance":[0.17178947368421052],"Energy":{"Mean":-11.763011003603129,"Sigma":0.38005789521257705,"Taucorr":-8.326672684688674e-17},"EnergyVariance":{"Mean":14.747552111419822,"Sigma":3.4820407167902663,"Taucorr":0.0},"Iteration":42},
{"Acceptance":[0.19157894736842104],"Energy":{"Mean":-10.154163188366173,"Sigma":0.48673762532094345,"Taucorr":-5.551115123125783e-17},"EnergyVariance":{"Mean":24.011733322393518,"Sigma":4.492594618650339,"Taucorr":1.1102230246251565e-16},"Iteration":43},
{"Acceptance":[0.1743157894736842],"Energy":{"Mean":-10.828097374374776,"Sigma":0.42535248436062517,"Taucorr":0.0},"EnergyVariance":{"Mean":17.83927233689979,"Sigma":2.9780078109227475,"Taucorr":-2.7755575615628914e-17},"Iteration":44},
{"Acceptance":[0.1743157894736842],"Energy":{"Mean":-11.674964294244763,"Sigma":0.37737560826027156,"Taucorr":0.0},"EnergyVariance":{"Mean":15.455967713147356,"Sigma":3.6191533030660303,"Taucorr":-5.551115123125783e-17},"Iteration":45},
{"Acceptance":[0.1734736842105263],"Energy":{"Mean":-11.838792320626538,"Sigma":0.3612609670060013,"Taucorr":-2.7755575615628914e-17},"EnergyVariance":{"Mean":13.59913732189706,"Sigma":3.3247056987871777,"Taucorr":-2.7755575615628914e-17},"Iteration":46},
{"Acceptance":[0.18147368421052631],"Energy":{"Mean":-11.912107612079122,"Sigma":0.32811002687381496,"Taucorr":-8.326672684688674e-17},"EnergyVariance":{"Mean":13.55294587964958,"Sigma":1.883038427597304,"Taucorr":0.0},"Iteration":47},
{"Acceptance":[0.16673684210526316],"Energy":{"Mean":-11.588897134704775,"Sigma":0.3027086543897994,"Taucorr":1.1102230246251565e-16},"EnergyVariance":{"Mean":9.663750911049078,"Sigma":2.3001824652061713,"Taucorr":0.0},"Iteration":48},
{"Acceptance":[0.1848421052631579],"Energy":{"Mean":-10.777762074239295,"Sigma":0.4247341505918583,"Taucorr":-2.7755575615628914e-17},"EnergyVariance":{"Mean":21.26706247834941,"Sigma":3.3480412498516783,"Taucorr":0.0},"Iteration":49},
{"Acceptance":[0.168],"Energy":{"Mean":-11.66365538589266,"Sigma":0.3891010917710801,"Taucorr":-5.551115123125783e-17},"EnergyVariance":{"Mean":16.26828618138347,"Sigma":3.127213509481475,"Taucorr":0.0},"Iteration":50},
{"Acceptance":[0.16294736842105262],"Energy":{"Mean":-12.374161984588653,"Sigma":0.32193691731617047,"Taucorr":5.551115123125783e-17},"EnergyVariance":{"Mean":10.374218521688665,"Sigma":1.832082793444424,"Taucorr":0.0},"Iteration":51},
{"Acceptance":[0.16589473684210526],"Energy":{"Mean":-11.79586526803248,"Sigma":0.36714398401467563,"Taucorr":-5.551115123125783e-17},"EnergyVariance":{"Mean":14.924831522624704,"Sigma":4.149201711574499,"Taucorr":2.7755575615628914e-17},"Iteration":52},
{"Acceptance":[0.1734736842105263],"Energy":{"Mean":-11.816292631020561,"Sigma":0.5663927696298406,"Taucorr":5.551115123125783e-17},"EnergyVariance":{"Mean":33.18785568717671,"Sigma":6.597231878744296,"Taucorr":0.0},"Iteration":53},
{"Acceptance":[0.17978947368421053],"Energy":{"Mean":-13.033082830061899,"Sigma":0.38584365419468253,"Taucorr":0.0},"EnergyVariance":{"Mean":20.296238199193006,"Sigma":6.724483168349193,"Taucorr":-2.7755575615628914e-17},"Iteration":54},
{"Acceptance":[0.17389473684210527],"Energy":{"Mean":-11.650052636490887,"Sigma":0.4817020732401521,"Taucorr":0.0},"EnergyVariance":{"Mean":26.284199666710776,"Sigma":8.454973396265743,"Taucorr":2.7755575615628914e-17},"Iteration":55},
{"Acceptance":[0.1608421052631579],"Energy":{"Mean":-12.513727198799907,"Sigma":0.4893846415583224,"Taucorr":-2.7755575615628914e-17},"EnergyVariance":{"Mean":25.864470421930342,"Sigma":5.580141798265858,"Taucorr":0.0},"Iteration":56},
{"Acceptance":[0.15242105263157896],"Energy":{"Mean":-12.424722295507152,"Sigma":0.366371129021136,"Taucorr":-2.7755575615628914e-17},"EnergyVariance":{"Mean":13.291207890848092,"Sigma":2.424331706898127,"Taucorr":-2.7755575615628914e-17},"Iteration":57},
{"Acceptance":[0.16336842105263158],"Energy":{"Mean":-12.062441954290172,"Sigma":0.3351922874287899,"Taucorr":0.0},"EnergyVariance":{"Mean":11.324088674562631,"Sigma":2.0767551183717927,"Taucorr":1.6653345369377348e-16},"Iteration":58},
{"Acceptance":[0.14189473684210527],"Energy":{"Mean":-13.410194009330343,"Sigma":0.28322959207735726,"Taucorr":0.0},"EnergyVariance":{"Mean":8.752763264674199,"Sigma":1.307510601327691,"Taucorr":-5.551115123125783e-17},"Iteration":59},
{"Acceptance":[0.15578947368421053],"Energy":{"Mean":-12.907653072114082,"Sigma":0.29826070825149487,"Taucorr":0.0},"EnergyVariance":{"Mean":9.30504925442201,"Sigma":1.3760923150751407,"Taucorr":1.1102230246251565e-16},"Iteration":60},
{"Acceptance":[0.15410526315789475],"Energy":{"Mean":-13.484779594504513,"Sigma":0.3352762472969128,"Taucorr":-2.7755575615628914e-17},"EnergyVariance":{"Mean":12.106447854550343,"Sigma":2.6636935810657367,"Taucorr":-8.326672684688674e-17},"Iteration":61},
{"Acceptance":[0.1751578947368421],"Energy":{"Mean":-12.749617073572772,"Sigma":0.48402259539950476,"Taucorr":0.0},"EnergyVariance":{"Mean":24.030889901057922,"Sigma":4.191775006978968,"Taucorr":0.0},"Iteration":62},
{"Acceptance":[0.17305263157894737],"Energy":{"Mean":-12.596314983018555,"Sigma":0.418355536370566,"Taucorr":0.0},"EnergyVariance":{"Mean":17.93223264166082,"Sigma":3.862730975725026,"Taucorr":5.551115123125783e-17},"Iteration":63},
{"Acceptance":[0.144],"Energy":{"Mean":-12.545735783814557,"Sigma":0.47690705631461044,"Taucorr":0.0},"EnergyVariance":{"Mean":28.357362076892926,"Sigma":9.317259541090992,"Taucorr":0.0},"Iteration":64},
{"Acceptance":[0.14610526315789474],"Energy":{"Mean":-13.327908974646466,"Sigma":0.36326817089528346,"Taucorr":5.551115123125783e-17},"EnergyVariance":{"Mean":14.2497460596846,"Sigma":3.5326868064467303,"Taucorr":0.0},"Iteration":65},
{"Acceptance":[0.1591578947368421],"Energy":{"Mean":-14.442905747130252,"Sigma":0.49951627244924507,"Taucorr":-2.7755575615628914e-17},"EnergyVariance":{"Mean":26.74427268221808,"Sigma":3.9642548193509572,"Taucorr":0.0},"Iteration":66},
{"Acceptance":[0.15621052631578947],"Energy":{"Mean":-14.523870641933767,"Sigma":0.34526125903370664,"Taucorr":0.0},"EnergyVariance":{"Mean":12.398977177511155,"Sigma":2.4077849356000347,"Taucorr":-8.326672684688674e-17},"Iteration":67},
{"Acceptance":[0.1414736842105263],"Energy":{"Mean":-12.5557790867525,"Sigma":0.4153697948524849,"Taucorr":-2.7755575615628914e-17},"EnergyVariance":{"Mean":17.554542005679078,"Sigma":3.954577655379789,"Taucorr":1.1102230246251565e-16},"Iteration":68},
{"Acceptance":[0.13936842105263159],"Energy":{"Mean":-12.16546354566394,"Sigma":0.5247355463099928,"Taucorr":0.0},"EnergyVariance":{"Mean":28.85483628475481,"Sigma":8.318862921738889,"Taucorr":-8.326672684688674e-17},"Iteration":69},
{"Acceptance":[0.11789473684210526],"Energy":{"Mean":-13.304986319087504,"Sigma":0.47188739268899227,"Taucorr":0.0},"EnergyVariance":{"Mean":23.814008116956792,"Sigma":5.501294014840127,"Taucorr":0.0},"Iteration":70},
{"Acceptance":[0.136],"Energy":{"Mean":-12.06783437055281,"Sigma":0.4592230145312652,"Taucorr":1.1102230246251565e-16},"EnergyVariance":{"Mean":22.175793356702258,"Sigma":6.780739923978196,"Taucorr":5.551115123125783e-17},"Iteration":71},
{"Acceptance":[0.14610526315789474],"Energy":{"Mean":-13.9358898459345,"Sigma":0.4145263749031629,"Taucorr":-2.7755575615628914e-17},"EnergyVariance":{"Mean":18.862646019597697,"Sigma":10.905169745692735,"Taucorr":0.0},"Iteration":72},
{"Acceptance":[0.14021052631578948],"Energy":{"Mean":-13.362126723241074,"Sigma":0.32354000155430845,"Taucorr":0.0},"EnergyVariance":{"Mean":12.401289773651152,"Sigma":3.2257524817496783,"Taucorr":0.0},"Iteration":73},
{"Acceptance":[0.14484210526315788],"Energy":{"Mean":-14.04693942123025,"Sigma":0.4484331055727091,"Taucorr":-2.7755575615628914e-17},"EnergyVariance":{"Mean":24.508031515517487,"Sigma":7.836848694532534,"Taucorr":0.0},"Iteration":74},
{"Acceptance":[0.13978947368421052],"Energy":{"Mean":-14.678492028316654,"Sigma":0.38100897622039537,"Taucorr":0.0},"EnergyVariance":{"Mean":25.401885334016985,"Sigma":10.549756368418128,"Taucorr":2.7755575615628914e-17},"Iteration":75},
{"Acceptance":[0.12210526315789473],"Energy":{"Mean":-13.833511769080065,"Sigma":0.3440197274248882,"Taucorr":-8.326672684688674e-17},"EnergyVariance":{"Mean":11.896577428679123,"Sigma":2.6235273252701963,"Taucorr":-2.7755575615628914e-17},"Iteration":76},
{"Acceptance":[0.13515789473684212],"Energy":{"Mean":-13.341516337100126,"Sigma":0.5445229399714803,"Taucorr":0.0},"EnergyVariance":{"Mean":30.07797795842957,"Sigma":8.029687992744508,"Taucorr":0.0},"Iteration":77},
{"Acceptance":[0.1423157894736842],"Energy":{"Mean":-13.691847997626258,"Sigma":0.41654004384169946,"Taucorr":0.0},"EnergyVariance":{"Mean":17.827806480751246,"Sigma":4.861959430060947,"Taucorr":-2.7755575615628914e-17},"Iteration":78},
{"Acceptance":[0.13221052631578947],"Energy":{"Mean":-13.689872735665501,"Sigma":0.3513625593606499,"Taucorr":5.551115123125783e-17},"EnergyVariance":{"Mean":12.432772941914934,"Sigma":1.8903713483507616,"Taucorr":0.0},"Iteration":79},
{"Acceptance":[0.1414736842105263],"Energy":{"Mean":-13.5823352992306,"Sigma":0.287848603805457,"Taucorr":0.0},"EnergyVariance":{"Mean":8.658761248271016,"Sigma":1.7763784972850345,"Taucorr":2.7755575615628914e-17},"Iteration":80},
{"Acceptance":[0.1296842105263158],"Energy":{"Mean":-15.37316684090784,"Sigma":0.3369612712017062,"Taucorr":0.0},"EnergyVariance":{"Mean":12.436128617893885,"Sigma":4.191514751115938,"Taucorr":5.551115123125783e-17},"Iteration":81},
{"Acceptance":[0.12673684210526315],"Energy":{"Mean":-14.65475176098074,"Sigma":0.2666722746703497,"Taucorr":5.551115123125783e-17},"EnergyVariance":{"Mean":8.238495289039461,"Sigma":2.089093094118342,"Taucorr":0.0},"Iteration":82},
{"Acceptance":[0.13642105263157894],"Energy":{"Mean":-14.099754052020016,"Sigma":0.33505857572773357,"Taucorr":0.0},"EnergyVariance":{"Mean":12.378147425713655,"Sigma":6.371230096613115,"Taucorr":0.0},"Iteration":83},
{"Acceptance":[0.13094736842105262],"Energy":{"Mean":-14.175470932428377,"Sigma":0.3281224381008878,"Taucorr":5.551115123125783e-17},"EnergyVariance":{"Mean":11.766517506831857,"Sigma":2.8044158279423432,"Taucorr":-8.326672684688674e-17},"Iteration":84},
{"Acceptance":[0.12294736842105262],"Energy":{"Mean":-14.158723050951032,"Sigma":0.32116898571649266,"Taucorr":0.0},"EnergyVariance":{"Mean":11.582094761527934,"Sigma":4.319633577477257,"Taucorr":5.551115123125783e-17},"Iteration":85},
{"Acceptance":[0.1385263157894737],"Energy":{"Mean":-13.130281247474219,"Sigma":0.4041448332789518,"Taucorr":0.0},"EnergyVariance":{"Mean":19.571543549242712,"Sigma":3.927538961771829,"Taucorr":0.0},"Iteration":86},
{"Acceptance":[0.13473684210526315],"Energy":{"Mean":-14.099272509012263,"Sigma":0.2635814069979169,"Taucorr":1.6653345369377348e-16},"EnergyVariance":{"Mean":7.23816021929765,"Sigma":1.6883485794919957,"Taucorr":5.551115123125783e-17},"Iteration":87},
{"Acceptance":[0.11747368421052631],"Energy":{"Mean":-14.729302044715357,"Sigma":0.3752375041675859,"Taucorr":2.7755575615628914e-17},"EnergyVariance":{"Mean":17.12760500809192,"Sigma":3.6063052332031638,"Taucorr":0.0},"Iteration":88},
{"Acceptance":[0.12126315789473684],"Energy":{"Mean":-13.860833689993296,"Sigma":0.34185097524830826,"Taucorr":0.0},"EnergyVariance":{"Mean":13.332666714552913,"Sigma":5.934125882121239,"Taucorr":-2.7755575615628914e-17},"Iteration":89},
{"Acceptance":[0.14021052631578948],"Energy":{"Mean":-13.871771557942145,"Sigma":0.27552919034370854,"Taucorr":-8.326672684688674e-17},"EnergyVariance":{"Mean":10.392212926857574,"Sigma":3.010338739536638,"Taucorr":-1.6653345369377348e-16},"Iteration":90},
{"Acceptance":[0.12505263157894736],"Energy":{"Mean":-13.926739951176206,"Sigma":0.352084860442262,"Taucorr":-2.7755575615628914e-17},"EnergyVariance":{"Mean":12.923911236523631,"Sigma":5.0964974425427645,"Taucorr":0.0},"Iteration":91},
{"Acceptance":[0.1288421052631579],"Energy":{"Mean":-14.07515269995318,"Sigma":0.3580299873023549,"Taucorr":-2.7755575615628914e-17},"EnergyVariance":{"Mean":14.920492459063077,"Sigma":6.25261314538469,"Taucorr":0.0},"Iteration":92},
{"Acceptance":[0.12],"Energy":{"Mean":-14.077143957912064,"Sigma":0.41330679271377774,"Taucorr":1.1102230246251565e-16},"EnergyVariance":{"Mean":17.236312606543393,"Sigma":5.81998390077412,"Taucorr":0.0},"Iteration":93},
{"Acceptance":[0.11452631578947368],"Energy":{"Mean":-13.852637211918296,"Sigma":0.26676453467634115,"Taucorr":0.0},"EnergyVariance":{"Mean":7.945957453167194,"Sigma":1.753241274833797,"Taucorr":5.551115123125783e-17},"Iteration":94},
{"Acceptance":[0.144],"Energy":{"Mean":-13.613296819049992,"Sigma":0.2514431938684106,"Taucorr":2.7755575615628914e-17},"EnergyVariance":{"Mean":8.034242289391486,"Sigma":1.4410474220649139,"Taucorr":-5.551115123125783e-17},"Iteration":95},
{"Acceptance":[0.136],"Energy":{"Mean":-14.172363631940838,"Sigma":0.512786674413335,"Taucorr":-2.7755575615628914e-17},"EnergyVariance":{"Mean":27.942803520983787,"Sigma":9.893021869087615,"Taucorr":-1.1102230246251565e-16},"Iteration":96},
{"Acceptance":[0.12168421052631578],"Energy":{"Mean":-14.383206870960153,"Sigma":0.29911489613113024,"Taucorr":0.0},"EnergyVariance":{"Mean":9.894606477946983,"Sigma":3.265905211499188,"Taucorr":-1.3877787807814457e-16},"Iteration":97},
{"Acceptance":[0.11747368421052631],"Energy":{"Mean":-14.099824626645812,"Sigma":0.2947897955269039,"Taucorr":-2.7755575615628914e-17},"EnergyVariance":{"Mean":10.559498069673257,"Sigma":2.0841111413019093,"Taucorr":0.0},"Iteration":98},
{"Acceptance":[0.11368421052631579],"Energy":{"Mean":-13.980987551315291,"Sigma":0.5756950507848538,"Taucorr":-1.3877787807814457e-16},"EnergyVariance":{"Mean":36.998264687974135,"Sigma":12.704242157617724,"Taucorr":0.0},"Iteration":99} 
]}
{"input": {"L": 18, "J": 1, "machine": {"type": "FFNN", "model": ["tanh", 46, 2]}, "sampler": {"type": "MetropolisHop", "d_max": 5}, "optimizer": {"type": "AdaMax", "alpha": 0.001, "beta1": 0.9, "beta2": 0.999, "epscut": 1e-07}, "VMC": {"n_samples": 100, "discarded_samples": 100, "discarded_samples_on_init": 0, "target": "energy", "method": "Gd", "diag_shift": 0.01, "use_iterative": true, "use_cholesky": true}, "n_iter": 100}}
duration: -1.3888578414916992