{"Output": [
{"Acceptance":[0.9005217391304348],"Energy":{"Mean":19.34607193701503,"Sigma":0.35493092335161985,"Taucorr":-5.551115123125783e-17},"EnergyVariance":{"Mean":12.374947127147447,"Sigma":1.4902286461159493,"Taucorr":-5.551115123125783e-17},"Iteration":0},
{"Acceptance":[0.8935652173913043],"Energy":{"Mean":19.173948224823036,"Sigma":0.32901980634413774,"Taucorr":0.0},"EnergyVariance":{"Mean":10.871013660566838,"Sigma":1.214044887071378,"Taucorr":0.0},"Iteration":1},
{"Acceptance":[0.8758260869565218],"Energy":{"Mean":19.157204545903713,"Sigma":0.3164171610334557,"Taucorr":-5.551115123125783e-17},"EnergyVariance":{"Mean":10.56162702984473,"Sigma":1.281345107751097,"Taucorr":-2.7755575615628914e-17},"Iteration":2},
{"Acceptance":[0.8810434782608696],"Energy":{"Mean":18.628837626428933,"Sigma":0.35689736816567835,"Taucorr":5.551115123125783e-17},"EnergyVariance":{"Mean":13.805328878321262,"Sigma":2.0319955897657658,"Taucorr":0.0},"Iteration":3},
{"Acceptance":[0.8612173913043478],"Energy":{"Mean":18.86389169478727,"Sigma":0.3966836462092966,"Taucorr":0.0},"EnergyVariance":{"Mean":16.104537161104883,"Sigma":1.8945967123197611,"Taucorr":-2.7755575615628914e-17},"Iteration":4},
{"Acceptance":[0.8539130434782609],"Energy":{"Mean":19.22632443031351,"Sigma":0.3474041169434145,"Taucorr":0.0},"EnergyVariance":{"Mean":12.712391568141658,"Sigma":1.3807885822357038,"Taucorr":-5.551115123125783e-17},"Iteration":5},
{"Acceptance":[0.8434782608695652],"Energy":{"Mean":17.801357749669478,"Sigma":0.33549082011944587,"Taucorr":5.551115123125783e-17},"EnergyVariance":{"Mean":12.559553613522478,"Sigma":1.8080377024592553,"Taucorr":0.0},"Iteration":6},
{"Acceptance":[0.8278260869565217],"Energy":{"Mean":17.989306255320088,"Sigma":0.3861356216687534,"Taucorr":5.551115123125783e-17},"EnergyVariance":{"Mean":16.066016902003838,"Sigma":1.917064454212674,"Taucorr":0.0},"Iteration":7},
{"Acceptance":[0.8191304347826087],"Energy":{"Mean":17.957036208758424,"Sigma":0.3880587256339821,"Taucorr":0.0},"EnergyVariance":{"Mean":16.2736932452272,"Sigma":1.6806277293592466,"Taucorr":0.0},"Iteration":8},
{"Acceptance":[0.823304347826087],"Energy":{"Mean":18.020368651510836,"Sigma":0.3460680977360241,"Taucorr":-5.551115123125783e-17},"EnergyVariance":{"Mean":13.396684834366201,"Sigma":1.3673272759681825,"Taucorr":-5.551115123125783e-17},"Iteration":9},
{"Acceptance":[0.807304347826087],"Energy":{"Mean":17.72016219626135,"Sigma":0.4209217200360383,"Taucorr":2.7755575615628914e-17},"EnergyVariance":{"Mean":19.250093795052738,"Sigma":2.573211117992931,"Taucorr":0.0},"Iteration":10},
{"Acceptance":[0.7958260869565218],"Energy":{"Mean":17.545998502917566,"Sigma":0.36473372442621654,"Taucorr":2.7755575615628914e-17},"EnergyVariance":{"Mean":15.69690638649898,"Sigma":1.8251105772714245,"Taucorr":5.551115123125783e-17},"Iteration":11},
{"Acceptance":[0.7947826086956522],"Energy":{"Mean":17.158958450222574,"Sigma":0.37968380829844256,"Taucorr":0.0},"EnergyVariance":{"Mean":16.341008963959638,"Sigma":1.9296747173214668,"Taucorr":-2.7755575615628914e-17},"Iteration":12},
{"Acceptance":[0.7902608695652173],"Energy":{"Mean":16.90637120747239,"Sigma":0.3804010342374613,"Taucorr":1.1102230246251565e-16},"EnergyVariance":{"Mean":16.938067643768772,"Sigma":2.2443750201463213,"Taucorr":0.0},"Iteration":13},
{"Acceptance":[0.7756521739130435],"Energy":{"Mean":16.180864482219796,"Sigma":0.38339834343357365,"Taucorr":2.7755575615628914e-17},"EnergyVariance":{"Mean":17.302682394331384,"Sigma":2.090473380136956,"Taucorr":1.6653345369377348e-16},"Iteration":14},
{"Acceptance":[0.7593043478260869],"Energy":{"Mean":16.46650767767937,"Sigma":0.3955762425983486,"Taucorr":0.0},"EnergyVariance":{"Mean":18.10616099175718,"Sigma":1.9060255289667214,"Taucorr":1.1102230246251565e-16},"Iteration":15},
{"Acceptance":[0.7450434782608696],"Energy":{"Mean":15.882693840013307,"Sigma":0.3903061252172109,"Taucorr":0.0},"EnergyVariance":{"Mean":17.629104118095015,"Sigma":2.1266825641162224,"Taucorr":5.551115123125783e-17},"Iteration":16},
{"Acceptance":[0.7259130434782609],"Energy":{"Mean":15.205906831429685,"Sigma":0.45011706447801547,"Taucorr":0.0},"EnergyVariance":{"Mean":24.402878695386324,"Sigma":2.690792507475159,"Taucorr":0.0},"Iteration":17},
{"Acceptance":[0.7283478260869565],"Energy":{"Mean":15.702129157506118,"Sigma":0.4202836678917612,"Taucorr":0.0},"EnergyVariance":{"Mean":21.574387004884336,"Sigma":2.4915893724845835,"Taucorr":-1.1102230246251565e-16},"Iteration":18},
{"Acceptance":[0.7547826086956522],"Energy":{"Mean":15.31338454661687,"Sigma":0.3528709446674953,"Taucorr":0.0},"EnergyVariance":{"Mean":16.675118072960828,"Sigma":1.7845971723725544,"Taucorr":0.0},"Iteration":19},
{"Acceptance":[0.728],"Energy":{"Mean":14.653931063188203,"Sigma":0.4786250586317323,"Taucorr":-2.7755575615628914e-17},"EnergyVariance":{"Mean":27.55453761229967,"Sigma":2.697069749817032,"Taucorr":5.551115123125783e-17},"Iteration":20},
{"Acceptance":[0.7036521739130435],"Energy":{"Mean":14.918856375009401,"Sigma":0.43359279089282904,"Taucorr":0.0},"EnergyVariance":{"Mean":22.7632843964641,"Sigma":2.545773320999363,"Taucorr":0.0},"Iteration":21},
{"Acceptance":[0.7085217391304348],"Energy":{"Mean":14.23521922035431,"Sigma":0.3948496789485123,"Taucorr":0.0},"EnergyVariance":{"Mean":20.912621382100507,"Sigma":2.3074447768260895,"Taucorr":0.0},"Iteration":22},
{"Acceptance":[0.7015652173913044],"Energy":{"Mean":15.246515143425885,"Sigma":0.4088319586756532,"Taucorr":1.1102230246251565e-16},"EnergyVariance":{"Mean":21.58287178920391,"Sigma":2.166860961180115,"Taucorr":-1.1102230246251565e-16},"Iteration":23},
{"Acceptance":[0.6956521739130435],"Energy":{"Mean":14.214234942354455,"Sigma":0.39922597581915403,"Taucorr":-5.551115123125783e-17},"EnergyVariance":{"Mean":21.559627884125327,"Sigma":2.017889117414273,"Taucorr":0.0},"Iteration":24},
{"Acceptance":[0.6841739130434783],"Energy":{"Mean":14.053639244147908,"Sigma":0.3883056451262099,"Taucorr":-2.7755575615628914e-17},"EnergyVariance":{"Mean":22.747709249602906,"Sigma":2.7421093530679213,"Taucorr":2.7755575615628914e-17},"Iteration":25},
{"Acceptance":[0.670608695652174],"Energy":{"Mean":13.14330786521727,"Sigma":0.4066325918028567,"Taucorr":-2.7755575615628914e-17},"EnergyVariance":{"Mean":23.188611937128698,"Sigma":2.6543059575461805,"Taucorr":-2.7755575615628914e-17},"Iteration":26},
{"Acceptance":[0.6490434782608696],"Energy":{"Mean":13.431368920318576,"Sigma":0.4578984607581805,"Taucorr":-2.7755575615628914e-17},"EnergyVariance":{"Mean":27.346941568091754,"Sigma":2.8564724009884315,"Taucorr":-2.7755575615628914e-17},"Iteration":27},
{"Acceptance":[0.648],"Energy":{"Mean":13.442704224696215,"Sigma":0.38396031900119415,"Taucorr":0.0},"EnergyVariance":{"Mean":21.13070431528098,"Sigma":2.7142965121354803,"Taucorr":5.551115123125783e-17},"Iteration":28},
{"Acceptance":[0.6455652173913043],"Energy":{"Mean":12.895999780989321,"Sigma":0.4297816299985871,"Taucorr":2.7755575615628914e-17},"EnergyVariance":{"Mean":25.746783153498125,"Sigma":2.98364718573395,"Taucorr":-5.551115123125783e-17},"Iteration":29},
{"Acceptance":[0.6243478260869565],"Energy":{"Mean":12.189208588599353,"Sigma":0.4696889068813925,"Taucorr":0.0},"EnergyVariance":{"Mean":29.19244471130404,"Sigma":2.7015809206181247,"Taucorr":0.0},"Iteration":30},
{"Acceptance":[0.6180869565217392],"Energy":{"Mean":11.785749936078938,"Sigma":0.48011337074827837,"Taucorr":0.0},"EnergyVariance":{"Mean":31.17516002916698,"Sigma":2.75241393023522,"Taucorr":-2.7755575615628914e-17},"Iteration":31},
{"Acceptance":[0.5874782608695652],"Energy":{"Mean":10.832200525627329,"Sigma":0.4638937798278721,"Taucorr":0.0},"EnergyVariance":{"Mean":30.856791574493233,"Sigma":4.167187430134581,"Taucorr":-5.551115123125783e-17},"Iteration":32},
{"Acceptance":[0.5756521739130435],"Energy":{"Mean":10.551152483863707,"Sigma":0.41796836027519624,"Taucorr":0.0},"EnergyVariance":{"Mean":23.568882091537876,"Sigma":3.39365211889013,"Taucorr":0.0},"Iteration":33},
{"Acceptance":[0.6034782608695652],"Energy":{"Mean":10.297895571738184,"Sigma":0.5073801297591224,"Taucorr":0.0},"EnergyVariance":{"Mean":31.286110087730414,"Sigma":4.3196348620313865,"Taucorr":2.7755575615628914e-17},"Iteration":34},
{"Acceptance":[0.592],"Energy":{"Mean":10.28037915718526,"Sigma":0.43993354201077445,"Taucorr":0.0},"EnergyVariance":{"Mean":26.39877727140488,"Sigma":3.0428366896493033,"Taucorr":-5.551115123125783e-17},"Iteration":35},
{"Acceptance":[0.5565217391304348],"Energy":{"Mean":9.484146855849616,"Sigma":0.49796728658016925,"Taucorr":0.0},"EnergyVariance":{"Mean":31.269586322868903,"Sigma":4.946774048278875,"Taucorr":-5.551115123125783e-17},"Iteration":36},
{"Acceptance":[0.5558260869565217],"Energy":{"Mean":9.789049149361064,"Sigma":0.43480943524262733,"Taucorr":-5.551115123125783e-17},"EnergyVariance":{"Mean":23.629855123091378,"Sigma":3.1557142583453603,"Taucorr":5.551115123125783e-17},"Iteration":37},
{"Acceptance":[0.5540869565217391],"Energy":{"Mean":3.3839959585706105,"Sigma":0.7528479246489816,"Taucorr":0.0},"EnergyVariance":{"Mean":78.17489322442688,"Sigma":7.659181254006294,"Taucorr":0.0},"Iteration":38},
{"Acceptance":[0.5471304347826087],"Energy":{"Mean":7.716981248694646,"Sigma":0.53406041560937,"Taucorr":0.0},"EnergyVariance":{"Mean":37.159370089815056,"Sigma":5.244187260654691,"Taucorr":5.551115123125783e-17},"Iteration":39},
{"Acceptance":[0.45669565217391306],"Energy":{"Mean":5.948217467051773,"Sigma":0.5663992403740471,"Taucorr":-2.7755575615628914e-17},"EnergyVariance":{"Mean":61.03328134212913,"Sigma":8.563334958987578,"Taucorr":-2.7755575615628914e-17},"Iteration":40},
{"Acceptance":[0.45113043478260867],"Energy":{"Mean":4.646348211180736,"Sigma":0.6862383450594111,"Taucorr":0.0},"EnergyVariance":{"Mean":64.74720798211177,"Sigma":9.195220691697665,"Taucorr":0.0},"Iteration":41},
{"Acceptance":[0.3269565217391304],"Energy":{"Mean":2.5558934534665507,"Sigma":0.8302786397248318,"Taucorr":-2.7755575615628914e-17},"EnergyVariance":{"Mean":106.76111492701978,"Sigma":11.175510371649167,"Taucorr":-2.7755575615628914e-17},"Iteration":42},
{"Acceptance":[0.29356521739130437],"Energy":{"Mean":-3.3126381741334088,"Sigma":0.6462779090028649,"Taucorr":0.0},"EnergyVariance":{"Mean":121.42543807350478,"Sigma":10.885225368663434,"Taucorr":0.0},"Iteration":43},
{"Acceptance":[0.11686956521739131],"Energy":{"Mean":-5.08916268237088,"Sigma":0.5363460371945064,"Taucorr":-2.7755575615628914e-17},"EnergyVariance":{"Mean":102.80694553247957,"Sigma":9.108733859796672,"Taucorr":-1.1102230246251565e-16},"Iteration":44},
{"Acceptance":[0.11408695652173913],"Energy":{"Mean":-11.60276226342631,"Sigma":0.22043895282419812,"Taucorr":0.0},"EnergyVariance":{"Mean":12.119295415228168,"Sigma":4.604931338886978,"Taucorr":2.7755575615628914e-17},"Iteration":45},
{"Acceptance":[0.04869565217391304],"Energy":{"Mean":-11.271570045281605,"Sigma":0.15559914611021797,"Taucorr":5.551115123125783e-17},"EnergyVariance":{"Mean":4.002304583771762,"Sigma":0.5927432962157074,"Taucorr":2.7755575615628914e-17},"Iteration":46},
{"Acceptance":[0.03860869565217391],"Energy":{"Mean":-11.267795186083472,"Sigma":0.1424030177964568,"Taucorr":5.551115123125783e-17},"EnergyVariance":{"Mean":2.4260374268883194,"Sigma":0.24874538543502636,"Taucorr":0.0},"Iteration":47},
{"Acceptance":[0.029217391304347827],"Energy":{"Mean":-12.926953955367447,"Sigma":0.12803310101784848,"Taucorr":0.0},"EnergyVariance":{"Mean":3.381207068279468,"Sigma":0.39182718750921286,"Taucorr":-2.7755575615628914e-17},"Iteration":48},
{"Acceptance":[0.0076521739130434785],"Energy":{"Mean":-13.80316598930402,"Sigma":0.06032840070747232,"Taucorr":-8.326672684688674e-17},"EnergyVariance":{"Mean":0.3637113777155173,"Sigma":0.09693321549518734,"Taucorr":0.0},"Iteration":49},
{"Acceptance":[0.006956521739130435],"Energy":{"Mean":-13.09967638641865,"Sigma":0.04085329274859091,"Taucorr":null},"EnergyVariance":{"Mean":0.990272030877929,"Sigma":0.008174572481284092,"Taucorr":null},"Iteration":50},
{"Acceptance":[0.0010434782608695651],"Energy":{"Mean":-12.861505394054976,"Sigma":0.04589204089033099,"Taucorr":null},"EnergyVariance":{"Mean":0.9833893111832868,"Sigma":0.012876308795157056,"Taucorr":null},"Iteration":51},
{"Acceptance":[0.0006956521739130435],"Energy":{"Mean":-12.494488576274296,"Sigma":0.09041875259509127,"Taucorr":null},"EnergyVariance":{"Mean":1.7671449771625023,"Sigma":0.07797529486926116,"Taucorr":null},"Iteration":52},
{"Acceptance":[0.0],"Energy":{"Mean":-11.500053429152747,"Sigma":0.0,"Taucorr":null},"EnergyVariance":{"Mean":4.750053444091389,"Sigma":0.0,"Taucorr":null},"Iteration":53},
{"Acceptance":[0.0],"Energy":{"Mean":-11.999847725162617,"Sigma":0.0,"Taucorr":null},"EnergyVariance":{"Mean":2.000000070876387,"Sigma":0.0,"Taucorr":null},"Iteration":54},
{"Acceptance":[0.0],"Energy":{"Mean":-13.500000004485788,"Sigma":0.0,"Taucorr":null},"EnergyVariance":{"Mean":0.7499999870418578,"Sigma":0.0,"Taucorr":null},"Iteration":55},
{"Acceptance":[0.0],"Energy":{"Mean":-13.499999533408328,"Sigma":0.0,"Taucorr":null},"EnergyVariance":{"Mean":0.7500013997756705,"Sigma":0.0,"Taucorr":null},"Iteration":56},
{"Acceptance":[0.0],"Energy":{"Mean":-13.499999018348609,"Sigma":0.0,"Taucorr":null},"EnergyVariance":{"Mean":0.750002944841188,"Sigma":0.0,"Taucorr":null},"Iteration":57},
{"Acceptance":[0.0],"Energy":{"Mean":-13.49999299060568,"Sigma":0.0,"Taucorr":null},"EnergyVariance":{"Mean":0.7500210369438857,"Sigma":0.0,"Taucorr":null},"Iteration":58},
{"Acceptance":[0.0],"Energy":{"Mean":-13.500025672898376,"Sigma":0.0,"Taucorr":null},"EnergyVariance":{"Mean":0.7500943058073817,"Sigma":0.0,"Taucorr":null},"Iteration":59},
{"Acceptance":[0.0],"Energy":{"Mean":-13.500180041472909,"Sigma":0.0,"Taucorr":null},"EnergyVariance":{"Mean":0.7494708868852373,"Sigma":0.0,"Taucorr":null},"Iteration":60},
{"Acceptance":[0.0],"Energy":{"Mean":-13.501316325832144,"Sigma":0.0,"Taucorr":null},"EnergyVariance":{"Mean":0.74612417149601,"Sigma":0.0,"Taucorr":null},"Iteration":61},
{"Acceptance":[0.0],"Energy":{"Mean":-12.500007653155354,"Sigma":0.06976121967760339,"Taucorr":null},"EnergyVariance":{"Mean":1.2299776272502987,"Sigma":0.1298707877089028,"Taucorr":null},"Iteration":62},
{"Acceptance":[0.0],"Energy":{"Mean":-12.899995711200328,"Sigma":0.04082522895959301,"Taucorr":null},"EnergyVariance":{"Mean":0.989988683795124,"Sigma":0.008168087511027655,"Taucorr":null},"Iteration":63},
{"Acceptance":[0.0],"Energy":{"Mean":-13.039988111558568,"Sigma":0.027688749698027402,"Taucorr":null},"EnergyVariance":{"Mean":0.9983778387591287,"Sigma":0.0022144536052951485,"Taucorr":null},"Iteration":64},
{"Acceptance":[0.0],"Energy":{"Mean":-13.000006961728673,"Sigma":2.586706805524259e-07,"Taucorr":null},"EnergyVariance":{"Mean":1.0000093456964185,"Sigma":5.172878982834996e-07,"Taucorr":null},"Iteration":65},
{"Acceptance":[0.0],"Energy":{"Mean":-13.220054224322105,"Sigma":0.0538515598445835,"Taucorr":null},"EnergyVariance":{"Mean":0.9516749178354184,"Sigma":0.023700032592093436,"Taucorr":null},"Iteration":66},
{"Acceptance":[0.0],"Energy":{"Mean":-13.90010532245469,"Sigma":0.04396960482684499,"Taucorr":null},"EnergyVariance":{"Mean":0.190019508970026,"Sigma":0.07915401641109747,"Taucorr":null},"Iteration":67},
{"Acceptance":[0.0],"Energy":{"Mean":-14.000087808878646,"Sigma":0.0,"Taucorr":null},"EnergyVariance":{"Mean":3.513008965277255e-08,"Sigma":0.0,"Taucorr":null},"Iteration":68},
{"Acceptance":[0.0],"Energy":{"Mean":-13.900013874331853,"Sigma":0.04082610353595961,"Taucorr":null},"EnergyVariance":{"Mean":0.1900149981222004,"Sigma":0.07349054084343973,"Taucorr":null},"Iteration":69},
{"Acceptance":[0.0],"Energy":{"Mean":-13.999952964080528,"Sigma":0.0,"Taucorr":null},"EnergyVariance":{"Mean":3.41435708319019e-08,"Sigma":0.0,"Taucorr":null},"Iteration":70},
{"Acceptance":[0.00034782608695652176],"Energy":{"Mean":-13.49999241329242,"Sigma":0.0,"Taucorr":null},"EnergyVariance":{"Mean":0.7499924143233782,"Sigma":0.0,"Taucorr":null},"Iteration":71},
{"Acceptance":[0.0006956521739130435],"Energy":{"Mean":-13.99985658976225,"Sigma":0.0,"Taucorr":null},"EnergyVariance":{"Mean":4.98810797615523e-08,"Sigma":0.0,"Taucorr":null},"Iteration":72},
{"Acceptance":[0.0],"Energy":{"Mean":-13.999798727253042,"Sigma":0.0,"Taucorr":null},"EnergyVariance":{"Mean":1.1798064606369896e-07,"Sigma":0.0,"Taucorr":null},"Iteration":73},
{"Acceptance":[0.00034782608695652176],"Energy":{"Mean":-12.999984406481477,"Sigma":0.0,"Taucorr":null},"EnergyVariance":{"Mean":2.9999688156740896,"Sigma":0.0,"Taucorr":null},"Iteration":74},
{"Acceptance":[0.0076521739130434785],"Energy":{"Mean":-13.999980997646947,"Sigma":0.0,"Taucorr":null},"EnergyVariance":{"Mean":3.0813253972750886e-10,"Sigma":0.0,"Taucorr":null},"Iteration":75},
{"Acceptance":[0.0],"Energy":{"Mean":-13.999984985478035,"Sigma":0.0,"Taucorr":null},"EnergyVariance":{"Mean":6.414748915418234e-10,"Sigma":0.0,"Taucorr":null},"Iteration":76},
{"Acceptance":[0.0],"Energy":{"Mean":-13.999990700754486,"Sigma":0.0,"Taucorr":null},"EnergyVariance":{"Mean":1.0266356558740204e-09,"Sigma":0.0,"Taucorr":null},"Iteration":77},
{"Acceptance":[0.0038260869565217392],"Energy":{"Mean":-13.53387689126195,"Sigma":0.08421588660127931,"Taucorr":null},"EnergyVariance":{"Mean":1.3391378936751661,"Sigma":0.24921778626033775,"Taucorr":null},"Iteration":78},
{"Acceptance":[0.003130434782608696],"Energy":{"Mean":-13.500004013656245,"Sigma":0.0,"Taucorr":null},"EnergyVariance":{"Mean":0.7500040148678296,"Sigma":0.0,"Taucorr":null},"Iteration":79},
{"Acceptance":[0.0],"Energy":{"Mean":-13.500010085400277,"Sigma":0.0,"Taucorr":null},"EnergyVariance":{"Mean":0.7500100867168905,"Sigma":0.0,"Taucorr":null},"Iteration":80},
{"Acceptance":[0.001391304347826087],"Energy":{"Mean":-13.500016302509287,"Sigma":0.0,"Taucorr":null},"EnergyVariance":{"Mean":0.7500163037292694,"Sigma":0.0,"Taucorr":null},"Iteration":81},
{"Acceptance":[0.00034782608695652176],"Energy":{"Mean":-13.500021052296402,"Sigma":0.0,"Taucorr":null},"EnergyVariance":{"Mean":0.7500210533606049,"Sigma":0.0,"Taucorr":null},"Iteration":82},
{"Acceptance":[0.022608695652173914],"Energy":{"Mean":-14.25013835986283,"Sigma":0.028850499069039113,"Taucorr":null},"EnergyVariance":{"Mean":0.8348795766159721,"Sigma":0.10336543849179655,"Taucorr":null},"Iteration":83},
{"Acceptance":[0.0006956521739130435],"Energy":{"Mean":-14.00048204512363,"Sigma":0.00031289172278030196,"Taucorr":null},"EnergyVariance":{"Mean":1.1060407971363243e-05,"Sigma":7.514566091570734e-06,"Taucorr":null},"Iteration":84},
{"Acceptance":[0.0],"Energy":{"Mean":-13.500024559893376,"Sigma":0.0,"Taucorr":null},"EnergyVariance":{"Mean":0.7500245601778759,"Sigma":0.0,"Taucorr":null},"Iteration":85},
{"Acceptance":[0.001391304347826087],"Energy":{"Mean":-13.500015207110692,"Sigma":0.0,"Taucorr":null},"EnergyVariance":{"Mean":0.7500152073492258,"Sigma":0.0,"Taucorr":null},"Iteration":86},
{"Acceptance":[0.0],"Energy":{"Mean":-13.50001367456638,"Sigma":0.0,"Taucorr":null},"EnergyVariance":{"Mean":0.7500136746736076,"Sigma":0.0,"Taucorr":null},"Iteration":87},
{"Acceptance":[0.0],"Energy":{"Mean":-13.500011758554999,"Sigma":0.0,"Taucorr":null},"EnergyVariance":{"Mean":0.7500118192219369,"Sigma":0.0,"Taucorr":null},"Iteration":88},
{"Acceptance":[0.0],"Energy":{"Mean":-12.500005044217044,"Sigma":0.0,"Taucorr":null},"EnergyVariance":{"Mean":2.750011950403335,"Sigma":0.0,"Taucorr":null},"Iteration":89},
{"Acceptance":[0.0],"Energy":{"Mean":-12.5000031550856,"Sigma":0.0,"Taucorr":null},"EnergyVariance":{"Mean":2.7500088391787085,"Sigma":0.0,"Taucorr":null},"Iteration":90},
{"Acceptance":[0.0],"Energy":{"Mean":-12.500001316458347,"Sigma":0.0,"Taucorr":null},"EnergyVariance":{"Mean":2.750004384081691,"Sigma":0.0,"Taucorr":null},"Iteration":91},
{"Acceptance":[0.0],"Energy":{"Mean":-11.50000009067088,"Sigma":0.0,"Taucorr":null},"EnergyVariance":{"Mean":6.749999395893265,"Sigma":0.0,"Taucorr":null},"Iteration":92},
{"Acceptance":[0.003130434782608696],"Energy":{"Mean":-9.999996249182859,"Sigma":0.0,"Taucorr":null},"EnergyVariance":{"Mean":6.000008120460166,"Sigma":0.0,"Taucorr":null},"Iteration":93},
{"Acceptance":[0.0006956521739130435],"Energy":{"Mean":-10.749985050577177,"Sigma":0.0,"Taucorr":null},"EnergyVariance":{"Mean":3.6875188130791132,"Sigma":0.0,"Taucorr":null},"Iteration":94},
{"Acceptance":[0.00034782608695652176],"Energy":{"Mean":-10.499999763527711,"Sigma":0.0,"Taucorr":null},"EnergyVariance":{"Mean":4.249998345079607,"Sigma":0.0,"Taucorr":null},"Iteration":95},
{"Acceptance":[0.0034782608695652175],"Energy":{"Mean":-12.090706931144174,"Sigma":0.04631639372683237,"Taucorr":null},"EnergyVariance":{"Mean":4.857532788216839,"Sigma":0.18051326660701422,"Taucorr":null},"Iteration":96},
{"Acceptance":[0.00034782608695652176],"Energy":{"Mean":-11.499999976800526,"Sigma":0.0,"Taucorr":null},"EnergyVariance":{"Mean":6.749999884002857,"Sigma":0.0,"Taucorr":null},"Iteration":97},
{"Acceptance":[0.0],"Energy":{"Mean":-11.499999998655824,"Sigma":0.0,"Taucorr":null},"EnergyVariance":{"Mean":6.749999991743211,"Sigma":0.0,"Taucorr":null},"Iteration":98},
{"Acceptance":[0.0],"Energy":{"Mean":-12.999397136624355,"Sigma":0.0004412953557412176,"Taucorr":null},"EnergyVariance":{"Mean":2.9988227601476014,"Sigma":0.0008568389798275023,"Taucorr":null},"Iteration":99} 
]}
{"input": {"L": 22, "J": 1, "machine": {"type": "FFNN", "model": ["tanh", 10, 3]}, "sampler": {"type": "MetropolisHop", "d_max": 5}, "optimizer": {"type": "AdaMax", "alpha": 0.001, "beta1": 0.9, "beta2": 0.999, "epscut": 1e-07}, "VMC": {"n_samples": 100, "discarded_samples": 100, "discarded_samples_on_init": 0, "target": "energy", "method": "Gd", "diag_shift": 0.01, "use_iterative": true, "use_cholesky": true}, "n_iter": 100}}
duration: -1.1863787174224854