{"Output": [
{"Acceptance":[0.8657391304347826],"Energy":{"Mean":18.427894191866855,"Sigma":0.3478146203449145,"Taucorr":0.0},"EnergyVariance":{"Mean":12.66545811472868,"Sigma":2.070341430363092,"Taucorr":-1.1102230246251565e-16},"Iteration":0},
{"Acceptance":[0.8424347826086956],"Energy":{"Mean":18.432192789861443,"Sigma":0.3169296243636968,"Taucorr":-2.7755575615628914e-17},"EnergyVariance":{"Mean":11.215232684337574,"Sigma":1.4397470675003097,"Taucorr":2.7755575615628914e-17},"Iteration":1},
{"Acceptance":[0.8260869565217391],"Energy":{"Mean":17.44442610999358,"Sigma":0.37876709237693484,"Taucorr":-2.7755575615628914e-17},"EnergyVariance":{"Mean":15.491694615418217,"Sigma":2.296904035455696,"Taucorr":-5.551115123125783e-17},"Iteration":2},
{"Acceptance":[0.8017391304347826],"Energy":{"Mean":17.96606049987857,"Sigma":0.42920116916605977,"Taucorr":0.0},"EnergyVariance":{"Mean":19.895977429405605,"Sigma":2.583702486489019,"Taucorr":0.0},"Iteration":3},
{"Acceptance":[0.7916521739130434],"Energy":{"Mean":16.539303249398678,"Sigma":0.3685224980895332,"Taucorr":-2.7755575615628914e-17},"EnergyVariance":{"Mean":15.951032692145551,"Sigma":1.8344805761393712,"Taucorr":0.0},"Iteration":4},
{"Acceptance":[0.7415652173913043],"Energy":{"Mean":16.28833990515351,"Sigma":0.38950893978538786,"Taucorr":-5.551115123125783e-17},"EnergyVariance":{"Mean":18.633851767846053,"Sigma":2.1917491257126884,"Taucorr":0.0},"Iteration":5},
{"Acceptance":[0.7339130434782609],"Energy":{"Mean":16.1805798297628,"Sigma":0.4330252982875299,"Taucorr":5.551115123125783e-17},"EnergyVariance":{"Mean":22.052271544757076,"Sigma":2.3047935540010522,"Taucorr":0.0},"Iteration":6},
{"Acceptance":[0.7286956521739131],"Energy":{"Mean":14.728428329295804,"Sigma":0.37563689074216783,"Taucorr":5.551115123125783e-17},"EnergyVariance":{"Mean":17.768819004680466,"Sigma":2.1851301904178437,"Taucorr":0.0},"Iteration":7},
{"Acceptance":[0.7015652173913044],"Energy":{"Mean":14.492263061547257,"Sigma":0.3838477562538133,"Taucorr":-2.7755575615628914e-17},"EnergyVariance":{"Mean":23.196302156274097,"Sigma":2.4726382837105176,"Taucorr":-2.7755575615628914e-17},"Iteration":8},
{"Acceptance":[0.6688695652173913],"Energy":{"Mean":13.811465067790357,"Sigma":0.4442333301864437,"Taucorr":5.551115123125783e-17},"EnergyVariance":{"Mean":23.027893601253737,"Sigma":2.4070097950008975,"Taucorr":-2.7755575615628914e-17},"Iteration":9},
{"Acceptance":[0.6556521739130434],"Energy":{"Mean":13.620731059237038,"Sigma":0.41470117127329614,"Taucorr":0.0},"EnergyVariance":{"Mean":22.71390615970622,"Sigma":2.5316422230674323,"Taucorr":0.0},"Iteration":10},
{"Acceptance":[0.6469565217391304],"Energy":{"Mean":12.612513932111746,"Sigma":0.4327822658412538,"Taucorr":0.0},"EnergyVariance":{"Mean":23.96518452024007,"Sigma":2.1583441721284276,"Taucorr":5.551115123125783e-17},"Iteration":11},
{"Acceptance":[0.6292173913043478],"Energy":{"Mean":12.478706100090374,"Sigma":0.4865545651023451,"Taucorr":2.7755575615628914e-17},"EnergyVariance":{"Mean":31.084405450056103,"Sigma":3.3220452744389677,"Taucorr":0.0},"Iteration":12},
{"Acceptance":[0.6184347826086957],"Energy":{"Mean":12.267547017194092,"Sigma":0.39881592311814335,"Taucorr":0.0},"EnergyVariance":{"Mean":22.325965529932713,"Sigma":2.39161091627584,"Taucorr":0.0},"Iteration":13},
{"Acceptance":[0.5822608695652174],"Energy":{"Mean":11.36971293362403,"Sigma":0.47071934806938637,"Taucorr":0.0},"EnergyVariance":{"Mean":28.945439812292154,"Sigma":2.7994141592185233,"Taucorr":-2.7755575615628914e-17},"Iteration":14},
{"Acceptance":[0.5954782608695652],"Energy":{"Mean":9.511085068244267,"Sigma":0.4157573647192409,"Taucorr":-2.7755575615628914e-17},"EnergyVariance":{"Mean":25.837951913115134,"Sigma":3.6807269152032,"Taucorr":-2.7755575615628914e-17},"Iteration":15},
{"Acceptance":[0.576695652173913],"Energy":{"Mean":8.63903192415505,"Sigma":0.43827226941554487,"Taucorr":-2.7755575615628914e-17},"EnergyVariance":{"Mean":27.909983931223632,"Sigma":2.6836979531677465,"Taucorr":-2.7755575615628914e-17},"Iteration":16},
{"Acceptance":[0.5652173913043478],"Energy":{"Mean":9.636427825358412,"Sigma":0.432558149812527,"Taucorr":5.551115123125783e-17},"EnergyVariance":{"Mean":25.490002568257125,"Sigma":3.4117422412347485,"Taucorr":-5.551115123125783e-17},"Iteration":17},
{"Acceptance":[0.5408695652173913],"Energy":{"Mean":8.74869405026131,"Sigma":0.409142902666576,"Taucorr":-2.7755575615628914e-17},"EnergyVariance":{"Mean":26.587844133773547,"Sigma":2.8940423701855655,"Taucorr":0.0},"Iteration":18},
{"Acceptance":[0.5460869565217391],"Energy":{"Mean":6.883854431352621,"Sigma":0.39963682685937574,"Taucorr":-2.7755575615628914e-17},"EnergyVariance":{"Mean":22.086353037908992,"Sigma":2.58744560279312,"Taucorr":0.0},"Iteration":19},
{"Acceptance":[0.5353043478260869],"Energy":{"Mean":6.9964078879429294,"Sigma":0.4330262655994106,"Taucorr":5.551115123125783e-17},"EnergyVariance":{"Mean":28.143569880367863,"Sigma":3.164229422849953,"Taucorr":0.0},"Iteration":20},
{"Acceptance":[0.5373913043478261],"Energy":{"Mean":6.287264896058177,"Sigma":0.483307960407341,"Taucorr":5.551115123125783e-17},"EnergyVariance":{"Mean":32.19125668055838,"Sigma":3.617118567217443,"Taucorr":-5.551115123125783e-17},"Iteration":21},
{"Acceptance":[0.4587826086956522],"Energy":{"Mean":4.1152354081679885,"Sigma":0.4387849052575707,"Taucorr":5.551115123125783e-17},"EnergyVariance":{"Mean":34.08794036690051,"Sigma":3.6414704073801323,"Taucorr":0.0},"Iteration":22},
{"Acceptance":[0.5227826086956522],"Energy":{"Mean":5.010259675494059,"Sigma":0.44086214045372996,"Taucorr":2.7755575615628914e-17},"EnergyVariance":{"Mean":34.229951521403954,"Sigma":5.6652463135598925,"Taucorr":5.551115123125783e-17},"Iteration":23},
{"Acceptance":[0.4587826086956522],"Energy":{"Mean":-3.6787300078554406,"Sigma":0.4114886822083034,"Taucorr":null},"EnergyVariance":{"Mean":76.92898547228566,"Sigma":5.651090163585555,"Taucorr":null},"Iteration":24},
{"Acceptance":[0.4897391304347826],"Energy":{"Mean":-4.332788954907574,"Sigma":0.22805451971248872,"Taucorr":null},"EnergyVariance":{"Mean":51.19845829008443,"Sigma":5.531444209763637,"Taucorr":null},"Iteration":25},
{"Acceptance":[0.5238260869565218],"Energy":{"Mean":-4.165077015849777,"Sigma":0.22638524763203408,"Taucorr":null},"EnergyVariance":{"Mean":34.78168791898482,"Sigma":3.429174124372561,"Taucorr":null},"Iteration":26},
{"Acceptance":[0.08069565217391304],"Energy":{"Mean":-8.501255268429041,"Sigma":0.0,"Taucorr":null},"EnergyVariance":{"Mean":0.24879326619029746,"Sigma":0.0,"Taucorr":null},"Iteration":27},
{"Acceptance":[0.0006956521739130435],"Energy":{"Mean":-7.159895023266371,"Sigma":0.04759569377982227,"Taucorr":null},"EnergyVariance":{"Mean":10.47375429535648,"Sigma":0.015248262816072342,"Taucorr":null},"Iteration":28},
{"Acceptance":[0.008347826086956521],"Energy":{"Mean":-8.32133688307975,"Sigma":0.27124615615337455,"Taucorr":null},"EnergyVariance":{"Mean":24.543919871261057,"Sigma":4.14203565173494,"Taucorr":null},"Iteration":29},
{"Acceptance":[0.002434782608695652],"Energy":{"Mean":-9.011660497279207,"Sigma":0.0,"Taucorr":null},"EnergyVariance":{"Mean":0.977038986114922,"Sigma":0.0,"Taucorr":null},"Iteration":30},
{"Acceptance":[0.0006956521739130435],"Energy":{"Mean":-6.622229689244386,"Sigma":0.06756321974001803,"Taucorr":null},"EnergyVariance":{"Mean":8.099766159598442,"Sigma":0.46155452465961233,"Taucorr":null},"Iteration":31},
{"Acceptance":[0.0010434782608695651],"Energy":{"Mean":-6.750000210256102,"Sigma":0.0,"Taucorr":null},"EnergyVariance":{"Mean":9.687503510090625,"Sigma":0.0,"Taucorr":null},"Iteration":32},
{"Acceptance":[0.0010434782608695651],"Energy":{"Mean":-7.994752478625134,"Sigma":0.0,"Taucorr":null},"EnergyVariance":{"Mean":1.4897203737542957,"Sigma":0.0,"Taucorr":null},"Iteration":33},
{"Acceptance":[0.0],"Energy":{"Mean":-8.520163439496262,"Sigma":0.013882618947063434,"Taucorr":null},"EnergyVariance":{"Mean":3.249613503481664,"Sigma":0.0004644209282649187,"Taucorr":null},"Iteration":34},
{"Acceptance":[0.002782608695652174],"Energy":{"Mean":-7.999999968080176,"Sigma":0.0,"Taucorr":null},"EnergyVariance":{"Mean":5.999996199800638,"Sigma":0.0,"Taucorr":null},"Iteration":35},
{"Acceptance":[0.0034782608695652175],"Energy":{"Mean":-9.280456604543911,"Sigma":0.0918018745775737,"Taucorr":null},"EnergyVariance":{"Mean":8.74045080816478,"Sigma":0.6017033386718925,"Taucorr":null},"Iteration":36},
{"Acceptance":[0.0020869565217391303],"Energy":{"Mean":-8.007550336759614,"Sigma":0.0,"Taucorr":null},"EnergyVariance":{"Mean":3.50139068353501,"Sigma":0.0,"Taucorr":null},"Iteration":37},
{"Acceptance":[0.0076521739130434785],"Energy":{"Mean":-7.2600000286011035,"Sigma":0.010000001097037935,"Taucorr":null},"EnergyVariance":{"Mean":9.732400156421631,"Sigma":0.04480000543974607,"Taucorr":null},"Iteration":38},
{"Acceptance":[0.004869565217391304],"Energy":{"Mean":-8.397454557853944,"Sigma":0.022561228566746673,"Taucorr":null},"EnergyVariance":{"Mean":0.7300218366606662,"Sigma":0.0031915369920155682,"Taucorr":null},"Iteration":39},
{"Acceptance":[0.002782608695652174],"Energy":{"Mean":-8.000174448695553,"Sigma":0.0,"Taucorr":null},"EnergyVariance":{"Mean":1.4993028519097742,"Sigma":0.0,"Taucorr":null},"Iteration":40},
{"Acceptance":[0.0],"Energy":{"Mean":-7.496728665188137,"Sigma":0.0,"Taucorr":null},"EnergyVariance":{"Mean":14.757467971097975,"Sigma":0.0,"Taucorr":null},"Iteration":41},
{"Acceptance":[0.002434782608695652],"Energy":{"Mean":-7.171871927284707,"Sigma":0.0,"Taucorr":null},"EnergyVariance":{"Mean":8.744985047583928,"Sigma":0.0,"Taucorr":null},"Iteration":42},
{"Acceptance":[0.0],"Energy":{"Mean":-6.788179505239362,"Sigma":0.0,"Taucorr":null},"EnergyVariance":{"Mean":0.711030246460133,"Sigma":0.0,"Taucorr":null},"Iteration":43},
{"Acceptance":[0.001391304347826087],"Energy":{"Mean":-7.000012483617121,"Sigma":0.0,"Taucorr":null},"EnergyVariance":{"Mean":1.000024598858887,"Sigma":0.0,"Taucorr":null},"Iteration":44},
{"Acceptance":[0.0010434782608695651],"Energy":{"Mean":-7.499561698979717,"Sigma":0.0,"Taucorr":null},"EnergyVariance":{"Mean":0.7495900565054454,"Sigma":0.0,"Taucorr":null},"Iteration":45},
{"Acceptance":[0.0],"Energy":{"Mean":-7.7504499483266205,"Sigma":0.0,"Taucorr":null},"EnergyVariance":{"Mean":0.1878178427848226,"Sigma":0.0,"Taucorr":null},"Iteration":46},
{"Acceptance":[0.0],"Energy":{"Mean":-8.042793366232413,"Sigma":0.03999141495074552,"Taucorr":null},"EnergyVariance":{"Mean":0.15837013377878112,"Sigma":0.15650848216357693,"Taucorr":null},"Iteration":47},
{"Acceptance":[0.0],"Energy":{"Mean":-8.506587763962115,"Sigma":0.0,"Taucorr":null},"EnergyVariance":{"Mean":4.744012911961608,"Sigma":0.0,"Taucorr":null},"Iteration":48},
{"Acceptance":[0.0],"Energy":{"Mean":-7.062975431401581,"Sigma":0.02032321512821624,"Taucorr":null},"EnergyVariance":{"Mean":1.3741391985742548,"Sigma":0.06361743350784733,"Taucorr":null},"Iteration":49},
{"Acceptance":[0.0],"Energy":{"Mean":-8.26865751791086,"Sigma":0.0,"Taucorr":null},"EnergyVariance":{"Mean":1.1789568292597528,"Sigma":0.0,"Taucorr":null},"Iteration":50},
{"Acceptance":[0.0],"Energy":{"Mean":-7.521512876583244,"Sigma":0.0,"Taucorr":null},"EnergyVariance":{"Mean":4.772995494008517,"Sigma":0.0,"Taucorr":null},"Iteration":51},
{"Acceptance":[0.0],"Energy":{"Mean":-7.9618707121941,"Sigma":0.021794310161557667,"Taucorr":null},"EnergyVariance":{"Mean":0.06046035576197754,"Sigma":0.02013249166186959,"Taucorr":null},"Iteration":52},
{"Acceptance":[0.002782608695652174],"Energy":{"Mean":-6.500000632246275,"Sigma":0.0,"Taucorr":null},"EnergyVariance":{"Mean":1.2499993676524892,"Sigma":0.0,"Taucorr":null},"Iteration":53},
{"Acceptance":[0.0006956521739130435],"Energy":{"Mean":-6.7499999999995755,"Sigma":0.0,"Taucorr":null},"EnergyVariance":{"Mean":2.6874999999997877,"Sigma":0.0,"Taucorr":null},"Iteration":54},
{"Acceptance":[0.025043478260869566],"Energy":{"Mean":-6.520023117643118,"Sigma":0.020022036270602256,"Taucorr":null},"EnergyVariance":{"Mean":7.109486898826238,"Sigma":0.14091185782938787,"Taucorr":null},"Iteration":55},
{"Acceptance":[0.0076521739130434785],"Energy":{"Mean":-7.259936331420759,"Sigma":0.05098915161967075,"Taucorr":null},"EnergyVariance":{"Mean":0.9525703303912199,"Sigma":0.07547251763154945,"Taucorr":null},"Iteration":56},
{"Acceptance":[0.008695652173913044],"Energy":{"Mean":-7.750000218505021,"Sigma":0.0,"Taucorr":null},"EnergyVariance":{"Mean":6.187500086867986,"Sigma":0.0,"Taucorr":null},"Iteration":57},
{"Acceptance":[0.004521739130434782],"Energy":{"Mean":-8.750408039872305,"Sigma":0.0,"Taucorr":null},"EnergyVariance":{"Mean":3.6852573659247683,"Sigma":0.0,"Taucorr":null},"Iteration":58},
{"Acceptance":[0.0020869565217391303],"Energy":{"Mean":-8.249999999982013,"Sigma":0.0,"Taucorr":null},"EnergyVariance":{"Mean":5.187500000080938,"Sigma":0.0,"Taucorr":null},"Iteration":59},
{"Acceptance":[0.0],"Energy":{"Mean":-7.750000034733883,"Sigma":0.0,"Taucorr":null},"EnergyVariance":{"Mean":4.187500017366949,"Sigma":0.0,"Taucorr":null},"Iteration":60},
{"Acceptance":[0.00034782608695652176],"Energy":{"Mean":-7.755738254405993,"Sigma":0.0,"Taucorr":null},"EnergyVariance":{"Mean":3.1681039936610356,"Sigma":0.0,"Taucorr":null},"Iteration":61},
{"Acceptance":[0.0],"Energy":{"Mean":-8.49999825709888,"Sigma":0.0,"Taucorr":null},"EnergyVariance":{"Mean":2.250008331724784,"Sigma":0.0,"Taucorr":null},"Iteration":62},
{"Acceptance":[0.0],"Energy":{"Mean":-7.609974504004812,"Sigma":0.04582251073908647,"Taucorr":null},"EnergyVariance":{"Mean":3.0978290785772242,"Sigma":0.03573740323700969,"Taucorr":null},"Iteration":63},
{"Acceptance":[0.0],"Energy":{"Mean":-7.921029021430765,"Sigma":0.02621600963828556,"Taucorr":null},"EnergyVariance":{"Mean":2.7421484174007777,"Sigma":0.07867206541989354,"Taucorr":null},"Iteration":64},
{"Acceptance":[0.00034782608695652176],"Energy":{"Mean":-7.8800626443273565,"Sigma":0.043565168240024564,"Taucorr":null},"EnergyVariance":{"Mean":0.7256234500406894,"Sigma":0.07671551956253087,"Taucorr":null},"Iteration":65},
{"Acceptance":[0.0],"Energy":{"Mean":-6.500021958803,"Sigma":0.0,"Taucorr":null},"EnergyVariance":{"Mean":3.250111298269336,"Sigma":0.0,"Taucorr":null},"Iteration":66},
{"Acceptance":[0.0010434782608695651],"Energy":{"Mean":-7.459825287189984,"Sigma":0.06873863543977289,"Taucorr":null},"EnergyVariance":{"Mean":7.66751596463369,"Sigma":0.1430003808410996,"Taucorr":null},"Iteration":67},
{"Acceptance":[0.00034782608695652176],"Energy":{"Mean":-8.25000000421026,"Sigma":0.0,"Taucorr":null},"EnergyVariance":{"Mean":3.6875000105966373,"Sigma":0.0,"Taucorr":null},"Iteration":68},
{"Acceptance":[0.00034782608695652176],"Energy":{"Mean":-6.750002586834681,"Sigma":0.0,"Taucorr":null},"EnergyVariance":{"Mean":1.6874961169688074,"Sigma":0.0,"Taucorr":null},"Iteration":69},
{"Acceptance":[0.0006956521739130435],"Energy":{"Mean":-7.250000034277053,"Sigma":0.0,"Taucorr":null},"EnergyVariance":{"Mean":1.6875000514695222,"Sigma":0.0,"Taucorr":null},"Iteration":70},
{"Acceptance":[0.0],"Energy":{"Mean":-6.499999999372811,"Sigma":0.0,"Taucorr":null},"EnergyVariance":{"Mean":5.250000001187534,"Sigma":0.0,"Taucorr":null},"Iteration":71},
{"Acceptance":[0.0],"Energy":{"Mean":-7.109904884558547,"Sigma":0.045825765139348024,"Taucorr":null},"EnergyVariance":{"Mean":0.7379208399867871,"Sigma":0.010072951062454618,"Taucorr":null},"Iteration":72},
{"Acceptance":[0.0006956521739130435],"Energy":{"Mean":-6.250011964797386,"Sigma":0.0,"Taucorr":null},"EnergyVariance":{"Mean":1.187532731222719,"Sigma":0.0,"Taucorr":null},"Iteration":73},
{"Acceptance":[0.0006956521739130435],"Energy":{"Mean":-7.000006187347646,"Sigma":0.0,"Taucorr":null},"EnergyVariance":{"Mean":1.4999876286888594,"Sigma":0.0,"Taucorr":null},"Iteration":74},
{"Acceptance":[0.00034782608695652176],"Energy":{"Mean":-6.749962548541406,"Sigma":1.053504244791739e-09,"Taucorr":null},"EnergyVariance":{"Mean":0.6875562647944315,"Sigma":1.5801698716050097e-09,"Taucorr":null},"Iteration":75},
{"Acceptance":[0.03721739130434783],"Energy":{"Mean":-7.841944959114159,"Sigma":0.0,"Taucorr":null},"EnergyVariance":{"Mean":6.636397897234147,"Sigma":0.0,"Taucorr":null},"Iteration":76},
{"Acceptance":[0.00034782608695652176],"Energy":{"Mean":-8.548418073674043,"Sigma":0.020412428036033,"Taucorr":null},"EnergyVariance":{"Mean":4.139758809916627,"Sigma":0.042801530476309683,"Taucorr":null},"Iteration":77},
{"Acceptance":[0.007304347826086957],"Energy":{"Mean":-10.259428825995066,"Sigma":0.0,"Taucorr":null},"EnergyVariance":{"Mean":2.2019546554227634,"Sigma":0.0,"Taucorr":null},"Iteration":78},
{"Acceptance":[0.0],"Energy":{"Mean":-9.772279442876373,"Sigma":0.0,"Taucorr":null},"EnergyVariance":{"Mean":5.245064708240745,"Sigma":0.0,"Taucorr":null},"Iteration":79},
{"Acceptance":[0.0],"Energy":{"Mean":-10.470000607902698,"Sigma":0.06677085476194473,"Taucorr":null},"EnergyVariance":{"Mean":1.7290994308772412,"Sigma":0.14089744893580972,"Taucorr":null},"Iteration":80},
{"Acceptance":[0.0],"Energy":{"Mean":-8.39127848771425,"Sigma":0.11956284163964558,"Taucorr":null},"EnergyVariance":{"Mean":15.387767227276452,"Sigma":10.165435453650545,"Taucorr":null},"Iteration":81},
{"Acceptance":[0.0],"Energy":{"Mean":-8.499998185565394,"Sigma":0.0,"Taucorr":null},"EnergyVariance":{"Mean":5.250009072183088,"Sigma":0.0,"Taucorr":null},"Iteration":82},
{"Acceptance":[0.001391304347826087],"Energy":{"Mean":-8.999999999993113,"Sigma":0.0,"Taucorr":null},"EnergyVariance":{"Mean":3.4999999999997486,"Sigma":0.0,"Taucorr":null},"Iteration":83},
{"Acceptance":[0.00034782608695652176],"Energy":{"Mean":-8.46477557489991,"Sigma":0.05014476674155871,"Taucorr":null},"EnergyVariance":{"Mean":2.239549400431871,"Sigma":0.25454126286698486,"Taucorr":null},"Iteration":84},
{"Acceptance":[0.0038260869565217392],"Energy":{"Mean":-6.169999999182673,"Sigma":0.023804761428476182,"Taucorr":null},"EnergyVariance":{"Mean":0.6410999994817519,"Sigma":0.015711142581706805,"Taucorr":null},"Iteration":85},
{"Acceptance":[0.0010434782608695651],"Energy":{"Mean":-6.75000008072705,"Sigma":0.0,"Taucorr":null},"EnergyVariance":{"Mean":4.68750046234983,"Sigma":0.0,"Taucorr":null},"Iteration":86},
{"Acceptance":[0.002434782608695652],"Energy":{"Mean":-6.000000213748553,"Sigma":0.0,"Taucorr":null},"EnergyVariance":{"Mean":1.4999999330553273,"Sigma":0.0,"Taucorr":null},"Iteration":87},
{"Acceptance":[0.03304347826086956],"Energy":{"Mean":-6.000000315190849,"Sigma":0.0,"Taucorr":null},"EnergyVariance":{"Mean":1.5000006304928735,"Sigma":0.0,"Taucorr":null},"Iteration":88},
{"Acceptance":[0.0],"Energy":{"Mean":-5.749999773669797,"Sigma":0.0,"Taucorr":null},"EnergyVariance":{"Mean":1.1874994291987455,"Sigma":0.0,"Taucorr":null},"Iteration":89},
{"Acceptance":[0.0],"Energy":{"Mean":-5.749997398218952,"Sigma":0.0,"Taucorr":null},"EnergyVariance":{"Mean":1.1874933435206536,"Sigma":0.0,"Taucorr":null},"Iteration":90},
{"Acceptance":[0.0006956521739130435],"Energy":{"Mean":-5.249992819844717,"Sigma":0.0,"Taucorr":null},"EnergyVariance":{"Mean":3.687474478137858,"Sigma":0.0,"Taucorr":null},"Iteration":91},
{"Acceptance":[0.032],"Energy":{"Mean":-5.999986189779756,"Sigma":0.0,"Taucorr":null},"EnergyVariance":{"Mean":0.4999735157508974,"Sigma":0.0,"Taucorr":null},"Iteration":92},
{"Acceptance":[0.014956521739130434],"Energy":{"Mean":-8.00042062955782,"Sigma":0.0001333356087170673,"Taucorr":null},"EnergyVariance":{"Mean":3.50004032915395,"Sigma":6.256527524720164e-07,"Taucorr":null},"Iteration":93},
{"Acceptance":[0.0],"Energy":{"Mean":-7.999974885401288,"Sigma":0.0,"Taucorr":null},"EnergyVariance":{"Mean":3.5000502328242957,"Sigma":0.0,"Taucorr":null},"Iteration":94},
{"Acceptance":[0.002434782608695652],"Energy":{"Mean":-7.250116446710741,"Sigma":0.0,"Taucorr":null},"EnergyVariance":{"Mean":1.1872754858754015,"Sigma":0.0,"Taucorr":null},"Iteration":95},
{"Acceptance":[0.006608695652173913],"Energy":{"Mean":-5.83785756399668,"Sigma":0.44312154346863114,"Taucorr":null},"EnergyVariance":{"Mean":22.78913820747863,"Sigma":22.21630576600327,"Taucorr":null},"Iteration":96},
{"Acceptance":[0.016695652173913042],"Energy":{"Mean":-6.342797210859091,"Sigma":0.00219710407776964,"Taucorr":null},"EnergyVariance":{"Mean":4.803509229633816,"Sigma":0.006779715218328236,"Taucorr":null},"Iteration":97},
{"Acceptance":[0.0],"Energy":{"Mean":-5.999999670267828,"Sigma":0.0,"Taucorr":null},"EnergyVariance":{"Mean":3.9999986810715873,"Sigma":0.0,"Taucorr":null},"Iteration":98},
{"Acceptance":[0.0],"Energy":{"Mean":-7.580420488087852,"Sigma":0.0759884332160123,"Taucorr":null},"EnergyVariance":{"Mean":3.0615925845330434,"Sigma":0.29174641366526527,"Taucorr":null},"Iteration":99} 
]}
{"input": {"L": 22, "J": 1, "machine": {"type": "FFNN", "model": ["tanh", 21, 6]}, "sampler": {"type": "MetropolisHop", "d_max": 5}, "optimizer": {"type": "AdaMax", "alpha": 0.001, "beta1": 0.9, "beta2": 0.999, "epscut": 1e-07}, "VMC": {"n_samples": 100, "discarded_samples": 100, "discarded_samples_on_init": 0, "target": "energy", "method": "Gd", "diag_shift": 0.01, "use_iterative": true, "use_cholesky": true}, "n_iter": 100}}
duration: -2.9050803184509277