{"Output": [
{"Acceptance":[0.8577391304347826],"Energy":{"Mean":19.35390209970896,"Sigma":0.34180830894323255,"Taucorr":-5.551115123125783e-17},"EnergyVariance":{"Mean":12.571234362763029,"Sigma":1.6165310217753803,"Taucorr":-1.1102230246251565e-16},"Iteration":0},
{"Acceptance":[0.8236521739130435],"Energy":{"Mean":18.46397746452989,"Sigma":0.3677459524572259,"Taucorr":-2.7755575615628914e-17},"EnergyVariance":{"Mean":16.072997255210595,"Sigma":1.6127450379528216,"Taucorr":-2.7755575615628914e-17},"Iteration":1},
{"Acceptance":[0.8027826086956522],"Energy":{"Mean":17.939966957052214,"Sigma":0.3472001477601078,"Taucorr":1.1102230246251565e-16},"EnergyVariance":{"Mean":14.192484210355197,"Sigma":1.6769285631580233,"Taucorr":0.0},"Iteration":2},
{"Acceptance":[0.776695652173913],"Energy":{"Mean":17.33913598691405,"Sigma":0.3227798963491216,"Taucorr":5.551115123125783e-17},"EnergyVariance":{"Mean":15.251278459441354,"Sigma":1.6295807014658468,"Taucorr":-5.551115123125783e-17},"Iteration":3},
{"Acceptance":[0.7391304347826086],"Energy":{"Mean":15.672819962038417,"Sigma":0.3716079153403318,"Taucorr":-2.7755575615628914e-17},"EnergyVariance":{"Mean":19.186749469942708,"Sigma":2.264652508984476,"Taucorr":0.0},"Iteration":4},
{"Acceptance":[0.7241739130434782],"Energy":{"Mean":15.53821805945665,"Sigma":0.3811807528935648,"Taucorr":-8.326672684688674e-17},"EnergyVariance":{"Mean":20.402713766456248,"Sigma":2.177733634654485,"Taucorr":-2.7755575615628914e-17},"Iteration":5},
{"Acceptance":[0.7043478260869566],"Energy":{"Mean":14.029921725755967,"Sigma":0.38320132303675963,"Taucorr":0.0},"EnergyVariance":{"Mean":22.429310704507454,"Sigma":2.1155584062464863,"Taucorr":0.0},"Iteration":6},
{"Acceptance":[0.6754782608695652],"Energy":{"Mean":13.723488400995487,"Sigma":0.40263248563678106,"Taucorr":5.551115123125783e-17},"EnergyVariance":{"Mean":25.248165032070567,"Sigma":2.574392300583818,"Taucorr":5.551115123125783e-17},"Iteration":7},
{"Acceptance":[0.6518260869565218],"Energy":{"Mean":12.17274052946766,"Sigma":0.3738738966251467,"Taucorr":0.0},"EnergyVariance":{"Mean":24.07778249110102,"Sigma":2.8672458445559097,"Taucorr":0.0},"Iteration":8},
{"Acceptance":[0.6403478260869565],"Energy":{"Mean":10.928146315428155,"Sigma":0.4214016837141077,"Taucorr":0.0},"EnergyVariance":{"Mean":27.6089502522657,"Sigma":3.309552589994088,"Taucorr":5.551115123125783e-17},"Iteration":9},
{"Acceptance":[0.6111304347826086],"Energy":{"Mean":9.80783137448394,"Sigma":0.40730790910639325,"Taucorr":0.0},"EnergyVariance":{"Mean":29.32675067115292,"Sigma":3.094494494332656,"Taucorr":-2.7755575615628914e-17},"Iteration":10},
{"Acceptance":[0.5996521739130435],"Energy":{"Mean":8.963660960084427,"Sigma":0.3904847301488867,"Taucorr":0.0},"EnergyVariance":{"Mean":24.276732854716876,"Sigma":2.5198938029476325,"Taucorr":5.551115123125783e-17},"Iteration":11},
{"Acceptance":[0.5707826086956522],"Energy":{"Mean":7.602250082973992,"Sigma":0.3873389171976362,"Taucorr":5.551115123125783e-17},"EnergyVariance":{"Mean":24.466261591971694,"Sigma":2.6416591488358114,"Taucorr":0.0},"Iteration":12},
{"Acceptance":[0.5335652173913044],"Energy":{"Mean":6.440367324308819,"Sigma":0.4447439389714025,"Taucorr":5.551115123125783e-17},"EnergyVariance":{"Mean":28.752441046010325,"Sigma":3.1274330822127188,"Taucorr":5.551115123125783e-17},"Iteration":13},
{"Acceptance":[0.552695652173913],"Energy":{"Mean":4.721827878438496,"Sigma":0.4639232500417853,"Taucorr":0.0},"EnergyVariance":{"Mean":36.047666151810716,"Sigma":3.9781578988391617,"Taucorr":0.0},"Iteration":14},
{"Acceptance":[0.5071304347826087],"Energy":{"Mean":-1.721447247937292,"Sigma":0.32450188829426746,"Taucorr":null},"EnergyVariance":{"Mean":48.13948749420872,"Sigma":4.353488217074455,"Taucorr":null},"Iteration":15},
{"Acceptance":[0.018434782608695653],"Energy":{"Mean":-8.503423876920799,"Sigma":0.0,"Taucorr":null},"EnergyVariance":{"Mean":0.7466041758323417,"Sigma":0.0,"Taucorr":null},"Iteration":16},
{"Acceptance":[0.0052173913043478265],"Energy":{"Mean":-7.250070621339048,"Sigma":0.0,"Taucorr":null},"EnergyVariance":{"Mean":0.6872926784613581,"Sigma":0.0,"Taucorr":null},"Iteration":17},
{"Acceptance":[0.0006956521739130435],"Energy":{"Mean":-7.007517870822589,"Sigma":0.0,"Taucorr":null},"EnergyVariance":{"Mean":13.563796733407619,"Sigma":0.0,"Taucorr":null},"Iteration":18},
{"Acceptance":[0.01182608695652174],"Energy":{"Mean":-12.906935948016322,"Sigma":2.8017477562513657,"Taucorr":null},"EnergyVariance":{"Mean":1180.4019231746138,"Sigma":789.2597439771117,"Taucorr":null},"Iteration":19},
{"Acceptance":[0.096],"Energy":{"Mean":-7.749802411230817,"Sigma":0.0,"Taucorr":null},"EnergyVariance":{"Mean":5.688585629744663,"Sigma":0.0,"Taucorr":null},"Iteration":20},
{"Acceptance":[0.021217391304347827],"Energy":{"Mean":-7.996848059144367,"Sigma":0.0,"Taucorr":null},"EnergyVariance":{"Mean":1.986326537969132,"Sigma":0.0,"Taucorr":null},"Iteration":21},
{"Acceptance":[0.016695652173913042],"Energy":{"Mean":-8.943167855978242,"Sigma":0.02348692111812015,"Taucorr":null},"EnergyVariance":{"Mean":1.1830437996312568,"Sigma":0.07548480584806469,"Taucorr":null},"Iteration":22},
{"Acceptance":[0.11686956521739131],"Energy":{"Mean":-9.268288327952188,"Sigma":0.17514264160629206,"Taucorr":null},"EnergyVariance":{"Mean":6.529908039488337,"Sigma":0.41332370376099214,"Taucorr":null},"Iteration":23},
{"Acceptance":[0.002782608695652174],"Energy":{"Mean":-8.50725995289636,"Sigma":0.007538237534463475,"Taucorr":null},"EnergyVariance":{"Mean":2.7078452625076763,"Sigma":0.03195091664182322,"Taucorr":null},"Iteration":24},
{"Acceptance":[0.006956521739130435],"Energy":{"Mean":-9.000780361016425,"Sigma":0.0,"Taucorr":null},"EnergyVariance":{"Mean":9.494095079029707,"Sigma":0.0,"Taucorr":null},"Iteration":25},
{"Acceptance":[0.00034782608695652176],"Energy":{"Mean":-6.500815063146275,"Sigma":0.0,"Taucorr":null},"EnergyVariance":{"Mean":6.745879500555566,"Sigma":0.0,"Taucorr":null},"Iteration":26},
{"Acceptance":[0.012869565217391304],"Energy":{"Mean":-10.152559576305134,"Sigma":0.11299401601437309,"Taucorr":null},"EnergyVariance":{"Mean":8.792517591668892,"Sigma":1.0835716910992683,"Taucorr":null},"Iteration":27},
{"Acceptance":[0.0006956521739130435],"Energy":{"Mean":-8.999999487210225,"Sigma":0.0,"Taucorr":null},"EnergyVariance":{"Mean":0.9999979722377403,"Sigma":0.0,"Taucorr":null},"Iteration":28},
{"Acceptance":[0.006956521739130435],"Energy":{"Mean":-7.249979730206531,"Sigma":0.0,"Taucorr":null},"EnergyVariance":{"Mean":2.6875039286956772,"Sigma":0.0,"Taucorr":null},"Iteration":29},
{"Acceptance":[0.01217391304347826],"Energy":{"Mean":-8.761737530764911,"Sigma":0.0015232574479271707,"Taucorr":null},"EnergyVariance":{"Mean":5.730101933006248,"Sigma":0.004077476033904508,"Taucorr":null},"Iteration":30},
{"Acceptance":[0.00034782608695652176],"Energy":{"Mean":-9.648806141935044,"Sigma":0.040825228934059064,"Taucorr":null},"EnergyVariance":{"Mean":10.932634130354439,"Sigma":0.1103263969889236,"Taucorr":null},"Iteration":31},
{"Acceptance":[0.0076521739130434785],"Energy":{"Mean":-9.103274585229228,"Sigma":0.04497224451785231,"Taucorr":null},"EnergyVariance":{"Mean":6.726734941908337,"Sigma":0.010908434967868984,"Taucorr":null},"Iteration":32},
{"Acceptance":[0.001391304347826087],"Energy":{"Mean":-7.500249356103552,"Sigma":0.0,"Taucorr":null},"EnergyVariance":{"Mean":4.249252079777223,"Sigma":0.0,"Taucorr":null},"Iteration":33},
{"Acceptance":[0.005565217391304348],"Energy":{"Mean":-8.317599312802184,"Sigma":0.055106491047252744,"Taucorr":null},"EnergyVariance":{"Mean":8.75335974733288,"Sigma":0.3988100524804807,"Taucorr":null},"Iteration":34},
{"Acceptance":[0.0017391304347826088],"Energy":{"Mean":-6.570991512814723,"Sigma":0.0655047965687351,"Taucorr":null},"EnergyVariance":{"Mean":3.391475083079778,"Sigma":0.12221927144733938,"Taucorr":null},"Iteration":35},
{"Acceptance":[0.0010434782608695651],"Energy":{"Mean":-8.760067118752854,"Sigma":0.050756925580588697,"Taucorr":null},"EnergyVariance":{"Mean":8.359322008299461,"Sigma":0.38164536900164026,"Taucorr":null},"Iteration":36},
{"Acceptance":[0.0041739130434782605],"Energy":{"Mean":-5.249971968156171,"Sigma":0.0,"Taucorr":null},"EnergyVariance":{"Mean":4.68768220494125,"Sigma":0.0,"Taucorr":null},"Iteration":37},
{"Acceptance":[0.00034782608695652176],"Energy":{"Mean":-6.99996052596167,"Sigma":0.0,"Taucorr":null},"EnergyVariance":{"Mean":8.50044401326359,"Sigma":0.0,"Taucorr":null},"Iteration":38},
{"Acceptance":[0.00591304347826087],"Energy":{"Mean":-6.999396554186614,"Sigma":0.0,"Taucorr":null},"EnergyVariance":{"Mean":1.0012386188718598,"Sigma":0.0,"Taucorr":null},"Iteration":39},
{"Acceptance":[0.010434782608695653],"Energy":{"Mean":-8.779747027030304,"Sigma":0.050663930987988555,"Taucorr":null},"EnergyVariance":{"Mean":1.8909809539712776,"Sigma":0.07900662235940434,"Taucorr":null},"Iteration":40},
{"Acceptance":[0.02991304347826087],"Energy":{"Mean":-10.121202960005819,"Sigma":0.10802821982015251,"Taucorr":null},"EnergyVariance":{"Mean":1.1916693566796774,"Sigma":0.2887821241106334,"Taucorr":null},"Iteration":41},
{"Acceptance":[0.0],"Energy":{"Mean":-11.251042833237086,"Sigma":0.0,"Taucorr":null},"EnergyVariance":{"Mean":2.6851301327562784,"Sigma":0.0,"Taucorr":null},"Iteration":42},
{"Acceptance":[0.001391304347826087],"Energy":{"Mean":-10.059974068119836,"Sigma":0.03315168867271173,"Taucorr":null},"EnergyVariance":{"Mean":1.6162980960566102,"Sigma":0.06229782405385697,"Taucorr":null},"Iteration":43},
{"Acceptance":[0.002434782608695652],"Energy":{"Mean":-7.750001066575058,"Sigma":0.0,"Taucorr":null},"EnergyVariance":{"Mean":6.187504799591387,"Sigma":0.0,"Taucorr":null},"Iteration":44},
{"Acceptance":[0.004521739130434782],"Energy":{"Mean":-10.749742443908438,"Sigma":0.0,"Taucorr":null},"EnergyVariance":{"Mean":5.686089031496841,"Sigma":0.0,"Taucorr":null},"Iteration":45},
{"Acceptance":[0.0],"Energy":{"Mean":-9.750232097937676,"Sigma":0.0,"Taucorr":null},"EnergyVariance":{"Mean":6.186766870798015,"Sigma":0.0,"Taucorr":null},"Iteration":46},
{"Acceptance":[0.003130434782608696],"Energy":{"Mean":-6.499995057959616,"Sigma":0.0,"Taucorr":null},"EnergyVariance":{"Mean":6.749965082218878,"Sigma":0.0,"Taucorr":null},"Iteration":47},
{"Acceptance":[0.0017391304347826088],"Energy":{"Mean":-7.499990303925371,"Sigma":0.0,"Taucorr":null},"EnergyVariance":{"Mean":1.2499709149673195,"Sigma":0.0,"Taucorr":null},"Iteration":48},
{"Acceptance":[0.0010434782608695651],"Energy":{"Mean":-6.766286602116715,"Sigma":0.0,"Taucorr":null},"EnergyVariance":{"Mean":7.729332937814306,"Sigma":0.0,"Taucorr":null},"Iteration":49},
{"Acceptance":[0.0017391304347826088],"Energy":{"Mean":-7.000669885015842,"Sigma":0.0,"Taucorr":null},"EnergyVariance":{"Mean":3.5013336863997053,"Sigma":0.0,"Taucorr":null},"Iteration":50},
{"Acceptance":[0.0020869565217391303],"Energy":{"Mean":-8.749434087728972,"Sigma":0.0,"Taucorr":null},"EnergyVariance":{"Mean":1.6884494483707777,"Sigma":0.0,"Taucorr":null},"Iteration":51},
{"Acceptance":[0.005565217391304348],"Energy":{"Mean":-18.20864885657765,"Sigma":6.430192268800745,"Taucorr":null},"EnergyVariance":{"Mean":9438.00453381016,"Sigma":6472.335344642264,"Taucorr":null},"Iteration":52},
{"Acceptance":[0.009739130434782608],"Energy":{"Mean":-7.249671959977077,"Sigma":0.0,"Taucorr":null},"EnergyVariance":{"Mean":5.188291247645803,"Sigma":0.0,"Taucorr":null},"Iteration":53},
{"Acceptance":[0.009739130434782608],"Energy":{"Mean":80435821.97282277,"Sigma":17089327.775974754,"Taucorr":null},"EnergyVariance":{"Mean":1.524521987121631e+19,"Sigma":3.2376118062510136e+18,"Taucorr":null},"Iteration":54},
{"Acceptance":[0.011478260869565217],"Energy":{"Mean":-10.075691608462407,"Sigma":0.3462504478740369,"Taucorr":null},"EnergyVariance":{"Mean":16628.207692111777,"Sigma":6038.86777764984,"Taucorr":null},"Iteration":55},
{"Acceptance":[0.004521739130434782],"Energy":{"Mean":-9.780498948131921,"Sigma":0.0507500780000596,"Taucorr":null},"EnergyVariance":{"Mean":1.5137952063999085,"Sigma":0.12396038350991417,"Taucorr":null},"Iteration":56},
{"Acceptance":[0.001391304347826087],"Energy":{"Mean":-9.2500000341824,"Sigma":0.0,"Taucorr":null},"EnergyVariance":{"Mean":1.687499910969344,"Sigma":0.0,"Taucorr":null},"Iteration":57},
{"Acceptance":[0.014608695652173913],"Energy":{"Mean":-8.750032382270039,"Sigma":0.0,"Taucorr":null},"EnergyVariance":{"Mean":3.687444633440659,"Sigma":0.0,"Taucorr":null},"Iteration":58},
{"Acceptance":[0.00591304347826087],"Energy":{"Mean":-6.35011128477476,"Sigma":0.02498278888518668,"Taucorr":null},"EnergyVariance":{"Mean":2.427628719315516,"Sigma":0.05747204981119721,"Taucorr":null},"Iteration":59},
{"Acceptance":[0.006608695652173913],"Energy":{"Mean":-8.999988804498418,"Sigma":0.0,"Taucorr":null},"EnergyVariance":{"Mean":4.99999371413217,"Sigma":0.0,"Taucorr":null},"Iteration":60},
{"Acceptance":[0.0006956521739130435],"Energy":{"Mean":-7.999873700506646,"Sigma":0.0,"Taucorr":null},"EnergyVariance":{"Mean":3.5004938176479055,"Sigma":0.0,"Taucorr":null},"Iteration":61},
{"Acceptance":[0.0],"Energy":{"Mean":-9.749999946837809,"Sigma":0.0,"Taucorr":null},"EnergyVariance":{"Mean":1.1874999734189147,"Sigma":0.0,"Taucorr":null},"Iteration":62},
{"Acceptance":[0.12660869565217392],"Energy":{"Mean":-9.999999997949855,"Sigma":0.0,"Taucorr":null},"EnergyVariance":{"Mean":1.9999999999975906,"Sigma":0.0,"Taucorr":null},"Iteration":63},
{"Acceptance":[0.013565217391304348],"Energy":{"Mean":-8.74998681777545,"Sigma":2.280681330458031e-06,"Taucorr":null},"EnergyVariance":{"Mean":6.6875988898908165,"Sigma":1.7105179444624832e-05,"Taucorr":null},"Iteration":64},
{"Acceptance":[0.00034782608695652176],"Energy":{"Mean":-7.749979538832703,"Sigma":0.0,"Taucorr":null},"EnergyVariance":{"Mean":7.187538133506491,"Sigma":0.0,"Taucorr":null},"Iteration":65},
{"Acceptance":[0.0],"Energy":{"Mean":-7.7510664377252745,"Sigma":0.0,"Taucorr":null},"EnergyVariance":{"Mean":7.188045234463967,"Sigma":0.0,"Taucorr":null},"Iteration":66},
{"Acceptance":[0.00034782608695652176],"Energy":{"Mean":-6.500060120706886,"Sigma":0.0,"Taucorr":null},"EnergyVariance":{"Mean":21.25132182148089,"Sigma":0.0,"Taucorr":null},"Iteration":67},
{"Acceptance":[0.0],"Energy":{"Mean":-5.73809674561287,"Sigma":0.0,"Taucorr":null},"EnergyVariance":{"Mean":14.612917067701177,"Sigma":0.0,"Taucorr":null},"Iteration":68},
{"Acceptance":[0.0],"Energy":{"Mean":-4.240291388619752,"Sigma":0.6858002742921322,"Taucorr":null},"EnergyVariance":{"Mean":88.689082045925,"Sigma":52.96162112521377,"Taucorr":null},"Iteration":69},
{"Acceptance":[0.0],"Energy":{"Mean":-2.99951863926523,"Sigma":0.0,"Taucorr":null},"EnergyVariance":{"Mean":1.499193351019438,"Sigma":0.0,"Taucorr":null},"Iteration":70},
{"Acceptance":[0.00591304347826087],"Energy":{"Mean":-4.749966029523406,"Sigma":0.0,"Taucorr":null},"EnergyVariance":{"Mean":3.6877139515143504,"Sigma":0.0,"Taucorr":null},"Iteration":71},
{"Acceptance":[0.0],"Energy":{"Mean":-5.24997755179198,"Sigma":0.0,"Taucorr":null},"EnergyVariance":{"Mean":5.687556119905073,"Sigma":0.0,"Taucorr":null},"Iteration":72},
{"Acceptance":[0.0],"Energy":{"Mean":-5.2500442942299586,"Sigma":0.0,"Taucorr":null},"EnergyVariance":{"Mean":5.687389363997486,"Sigma":0.0,"Taucorr":null},"Iteration":73},
{"Acceptance":[0.0017391304347826088],"Energy":{"Mean":-5.499428603671477,"Sigma":0.0,"Taucorr":null},"EnergyVariance":{"Mean":1.2517055080756492,"Sigma":0.0,"Taucorr":null},"Iteration":74},
{"Acceptance":[0.00034782608695652176],"Energy":{"Mean":-6.001350336824149,"Sigma":0.0,"Taucorr":null},"EnergyVariance":{"Mean":1.4973050858242964,"Sigma":0.0,"Taucorr":null},"Iteration":75},
{"Acceptance":[0.0],"Energy":{"Mean":-6.000018242017994,"Sigma":0.0,"Taucorr":null},"EnergyVariance":{"Mean":1.4999635248655965,"Sigma":0.0,"Taucorr":null},"Iteration":76},
{"Acceptance":[0.0],"Energy":{"Mean":-7.059981756390943,"Sigma":0.05999999602706113,"Taucorr":null},"EnergyVariance":{"Mean":8.736240655733898,"Sigma":0.23280214667193913,"Taucorr":null},"Iteration":77},
{"Acceptance":[0.0],"Energy":{"Mean":-7.849999325358547,"Sigma":0.024999854306193576,"Taucorr":null},"EnergyVariance":{"Mean":9.027496812962573,"Sigma":0.08249940725833199,"Taucorr":null},"Iteration":78},
{"Acceptance":[0.018434782608695653],"Energy":{"Mean":-6.500382972434848,"Sigma":0.0,"Taucorr":null},"EnergyVariance":{"Mean":2.249626582400592,"Sigma":0.0,"Taucorr":null},"Iteration":79},
{"Acceptance":[0.0],"Energy":{"Mean":-6.499733410037322,"Sigma":0.0,"Taucorr":null},"EnergyVariance":{"Mean":2.2502874627480143,"Sigma":0.0,"Taucorr":null},"Iteration":80},
{"Acceptance":[0.0010434782608695651],"Energy":{"Mean":-7.500049402135497,"Sigma":2.278641594131743e-05,"Taucorr":null},"EnergyVariance":{"Mean":4.250148279823402,"Sigma":6.839247455007563e-05,"Taucorr":null},"Iteration":81},
{"Acceptance":[0.00034782608695652176],"Energy":{"Mean":-7.249999999911934,"Sigma":0.0,"Taucorr":null},"EnergyVariance":{"Mean":15.687500000572431,"Sigma":0.0,"Taucorr":null},"Iteration":82},
{"Acceptance":[0.0],"Energy":{"Mean":-7.249999998414187,"Sigma":0.0,"Taucorr":null},"EnergyVariance":{"Mean":15.68750001030513,"Sigma":0.0,"Taucorr":null},"Iteration":83},
{"Acceptance":[0.0],"Energy":{"Mean":-8.74888273383143,"Sigma":0.0,"Taucorr":null},"EnergyVariance":{"Mean":12.689180117263538,"Sigma":0.0,"Taucorr":null},"Iteration":84},
{"Acceptance":[0.0],"Energy":{"Mean":-7.747210385187319,"Sigma":0.00032607414085950953,"Taucorr":null},"EnergyVariance":{"Mean":5.186150367457436,"Sigma":0.00015657115321806984,"Taucorr":null},"Iteration":85},
{"Acceptance":[0.0],"Energy":{"Mean":-6.749989839584936,"Sigma":0.0,"Taucorr":null},"EnergyVariance":{"Mean":3.68747455446234,"Sigma":0.0,"Taucorr":null},"Iteration":86},
{"Acceptance":[0.0],"Energy":{"Mean":-6.749998712226508,"Sigma":0.0,"Taucorr":null},"EnergyVariance":{"Mean":3.6874967375326606,"Sigma":0.0,"Taucorr":null},"Iteration":87},
{"Acceptance":[0.0],"Energy":{"Mean":-6.750004450133766,"Sigma":0.0,"Taucorr":null},"EnergyVariance":{"Mean":3.6875111133507223,"Sigma":0.0,"Taucorr":null},"Iteration":88},
{"Acceptance":[0.0],"Energy":{"Mean":-6.7500074444812626,"Sigma":0.0,"Taucorr":null},"EnergyVariance":{"Mean":3.687518657386775,"Sigma":0.0,"Taucorr":null},"Iteration":89},
{"Acceptance":[0.0],"Energy":{"Mean":-6.750008305767348,"Sigma":0.0,"Taucorr":null},"EnergyVariance":{"Mean":3.687520888123771,"Sigma":0.0,"Taucorr":null},"Iteration":90},
{"Acceptance":[0.0],"Energy":{"Mean":-7.750007660452191,"Sigma":0.0,"Taucorr":null},"EnergyVariance":{"Mean":5.187504041302915,"Sigma":0.0,"Taucorr":null},"Iteration":91},
{"Acceptance":[0.0],"Energy":{"Mean":-7.750006052789471,"Sigma":0.0,"Taucorr":null},"EnergyVariance":{"Mean":5.187503325838351,"Sigma":0.0,"Taucorr":null},"Iteration":92},
{"Acceptance":[0.0],"Energy":{"Mean":-7.500003929634054,"Sigma":0.0,"Taucorr":null},"EnergyVariance":{"Mean":4.750004311433551,"Sigma":0.0,"Taucorr":null},"Iteration":93},
{"Acceptance":[0.0],"Energy":{"Mean":-7.500001624653244,"Sigma":0.0,"Taucorr":null},"EnergyVariance":{"Mean":4.75000207796832,"Sigma":0.0,"Taucorr":null},"Iteration":94},
{"Acceptance":[0.0],"Energy":{"Mean":-7.499999369789642,"Sigma":0.0,"Taucorr":null},"EnergyVariance":{"Mean":4.749999881001024,"Sigma":0.0,"Taucorr":null},"Iteration":95},
{"Acceptance":[0.0],"Energy":{"Mean":-7.499997312932061,"Sigma":0.0,"Taucorr":null},"EnergyVariance":{"Mean":4.749997867323891,"Sigma":0.0,"Taucorr":null},"Iteration":96},
{"Acceptance":[0.0],"Energy":{"Mean":-7.499995536953161,"Sigma":0.0,"Taucorr":null},"EnergyVariance":{"Mean":4.749996119965486,"Sigma":0.0,"Taucorr":null},"Iteration":97},
{"Acceptance":[0.0],"Energy":{"Mean":-7.499994077180803,"Sigma":0.0,"Taucorr":null},"EnergyVariance":{"Mean":4.749994675258508,"Sigma":0.0,"Taucorr":null},"Iteration":98},
{"Acceptance":[0.0],"Energy":{"Mean":-7.499992936119133,"Sigma":0.0,"Taucorr":null},"EnergyVariance":{"Mean":4.749993537223865,"Sigma":0.0,"Taucorr":null},"Iteration":99} 
]}
{"input": {"L": 22, "J": 1, "machine": {"type": "FFNN", "model": ["tanh", 30, 8]}, "sampler": {"type": "MetropolisHop", "d_max": 5}, "optimizer": {"type": "AdaMax", "alpha": 0.001, "beta1": 0.9, "beta2": 0.999, "epscut": 1e-07}, "VMC": {"n_samples": 100, "discarded_samples": 100, "discarded_samples_on_init": 0, "target": "energy", "method": "Gd", "diag_shift": 0.01, "use_iterative": true, "use_cholesky": true}, "n_iter": 100}}
duration: -5.774978399276733