{"Output": [
{"Acceptance":[0.8493913043478261],"Energy":{"Mean":18.597646343075176,"Sigma":0.3125919048706515,"Taucorr":1.1102230246251565e-16},"EnergyVariance":{"Mean":10.824150579742243,"Sigma":1.5399288082610367,"Taucorr":5.551115123125783e-17},"Iteration":0},
{"Acceptance":[0.8208695652173913],"Energy":{"Mean":18.16454479398366,"Sigma":0.36418486045742415,"Taucorr":0.0},"EnergyVariance":{"Mean":14.622647902868778,"Sigma":2.0242132442223286,"Taucorr":-5.551115123125783e-17},"Iteration":1},
{"Acceptance":[0.7947826086956522],"Energy":{"Mean":17.210332586505366,"Sigma":0.4077312140543467,"Taucorr":-2.7755575615628914e-17},"EnergyVariance":{"Mean":19.415266815556087,"Sigma":2.1237690907302955,"Taucorr":-8.326672684688674e-17},"Iteration":2},
{"Acceptance":[0.7450434782608696],"Energy":{"Mean":16.112934809810184,"Sigma":0.3729574785957995,"Taucorr":5.551115123125783e-17},"EnergyVariance":{"Mean":18.487310827182093,"Sigma":2.237706956168443,"Taucorr":5.551115123125783e-17},"Iteration":3},
{"Acceptance":[0.7172173913043478],"Energy":{"Mean":14.806720436777272,"Sigma":0.33739824013407693,"Taucorr":8.326672684688674e-17},"EnergyVariance":{"Mean":17.096439227468384,"Sigma":1.7334809088203917,"Taucorr":-2.7755575615628914e-17},"Iteration":4},
{"Acceptance":[0.6514782608695652],"Energy":{"Mean":12.87230346661089,"Sigma":0.3716345818827594,"Taucorr":5.551115123125783e-17},"EnergyVariance":{"Mean":23.91520020730666,"Sigma":2.5246352855040763,"Taucorr":5.551115123125783e-17},"Iteration":5},
{"Acceptance":[0.632695652173913],"Energy":{"Mean":11.641527955472831,"Sigma":0.38641350654369727,"Taucorr":0.0},"EnergyVariance":{"Mean":23.35897726080069,"Sigma":2.4848659043726045,"Taucorr":5.551115123125783e-17},"Iteration":6},
{"Acceptance":[0.5916521739130435],"Energy":{"Mean":10.346783325249017,"Sigma":0.3549362244160102,"Taucorr":0.0},"EnergyVariance":{"Mean":23.051905594004587,"Sigma":2.2822983607281624,"Taucorr":5.551115123125783e-17},"Iteration":7},
{"Acceptance":[0.5603478260869565],"Energy":{"Mean":9.302909947049836,"Sigma":0.41822207717685383,"Taucorr":5.551115123125783e-17},"EnergyVariance":{"Mean":27.464583314095712,"Sigma":3.9463697052434146,"Taucorr":5.551115123125783e-17},"Iteration":8},
{"Acceptance":[0.504],"Energy":{"Mean":7.5738341752050715,"Sigma":0.4606641022874517,"Taucorr":-2.7755575615628914e-17},"EnergyVariance":{"Mean":31.94146402447396,"Sigma":3.5879154362588723,"Taucorr":0.0},"Iteration":9},
{"Acceptance":[0.49182608695652175],"Energy":{"Mean":6.939267556506672,"Sigma":0.3780381473555472,"Taucorr":-2.7755575615628914e-17},"EnergyVariance":{"Mean":27.664653582771052,"Sigma":3.0708589606357997,"Taucorr":0.0},"Iteration":10},
{"Acceptance":[0.45008695652173913],"Energy":{"Mean":4.175901801981303,"Sigma":0.39212345657715914,"Taucorr":2.7755575615628914e-17},"EnergyVariance":{"Mean":27.676978139756297,"Sigma":3.669780117417219,"Taucorr":-2.7755575615628914e-17},"Iteration":11},
{"Acceptance":[0.43756521739130433],"Energy":{"Mean":3.250056735220376,"Sigma":0.3834347896647469,"Taucorr":5.551115123125783e-17},"EnergyVariance":{"Mean":34.557692128030595,"Sigma":3.6105166756234697,"Taucorr":0.0},"Iteration":12},
{"Acceptance":[0.3874782608695652],"Energy":{"Mean":-0.10883965098703141,"Sigma":0.3951178957252086,"Taucorr":0.0},"EnergyVariance":{"Mean":32.84492576352494,"Sigma":3.627875006467298,"Taucorr":-1.1102230246251565e-16},"Iteration":13},
{"Acceptance":[0.3245217391304348],"Energy":{"Mean":-4.27258819350873,"Sigma":0.4027557265395205,"Taucorr":-2.220446049250313e-16},"EnergyVariance":{"Mean":28.425588372581476,"Sigma":2.5262951056637464,"Taucorr":1.1102230246251565e-16},"Iteration":14},
{"Acceptance":[0.16626086956521738],"Energy":{"Mean":-8.203229650344195,"Sigma":0.13220662011344916,"Taucorr":null},"EnergyVariance":{"Mean":15.861342950587005,"Sigma":1.3760687200352306,"Taucorr":null},"Iteration":15},
{"Acceptance":[0.13808695652173913],"Energy":{"Mean":-6.490317334705841,"Sigma":0.08721350933631654,"Taucorr":null},"EnergyVariance":{"Mean":5.932881181330241,"Sigma":0.6126133215737969,"Taucorr":null},"Iteration":16},
{"Acceptance":[0.036869565217391306],"Energy":{"Mean":-7.753393424805953,"Sigma":0.001057975326317342,"Taucorr":null},"EnergyVariance":{"Mean":0.6830903221243081,"Sigma":0.0013884548531924543,"Taucorr":null},"Iteration":17},
{"Acceptance":[0.0017391304347826088],"Energy":{"Mean":-10.000090189665812,"Sigma":0.0,"Taucorr":null},"EnergyVariance":{"Mean":2.0002048898450506,"Sigma":0.0,"Taucorr":null},"Iteration":18},
{"Acceptance":[0.036521739130434785],"Energy":{"Mean":-8.74999990885917,"Sigma":0.0,"Taucorr":null},"EnergyVariance":{"Mean":6.687499746444207,"Sigma":0.0,"Taucorr":null},"Iteration":19},
{"Acceptance":[0.010782608695652174],"Energy":{"Mean":-9.500107350199505,"Sigma":0.0,"Taucorr":null},"EnergyVariance":{"Mean":6.750441518000272,"Sigma":0.0,"Taucorr":null},"Iteration":20},
{"Acceptance":[0.02017391304347826],"Energy":{"Mean":-9.336128868845254,"Sigma":0.16962586171632682,"Taucorr":null},"EnergyVariance":{"Mean":10.627305804126275,"Sigma":7.542431646722487,"Taucorr":null},"Iteration":21},
{"Acceptance":[0.009043478260869564],"Energy":{"Mean":-6.999938517711904,"Sigma":0.0,"Taucorr":null},"EnergyVariance":{"Mean":4.499786265167511,"Sigma":0.0,"Taucorr":null},"Iteration":22},
{"Acceptance":[0.004869565217391304],"Energy":{"Mean":-8.249997590864957,"Sigma":1.3432726373442283e-09,"Taucorr":null},"EnergyVariance":{"Mean":5.187511872984292,"Sigma":6.04470875440325e-09,"Taucorr":null},"Iteration":23},
{"Acceptance":[0.0],"Energy":{"Mean":-8.779999928731382,"Sigma":0.016583129089653575,"Taucorr":null},"EnergyVariance":{"Mean":3.6716001177019373,"Sigma":0.009286555732257493,"Taucorr":null},"Iteration":24},
{"Acceptance":[0.0],"Energy":{"Mean":-7.750012433886633,"Sigma":4.84976789192344e-10,"Taucorr":null},"EnergyVariance":{"Mean":3.1875308704654746,"Sigma":1.6974315631951228e-09,"Taucorr":null},"Iteration":25},
{"Acceptance":[0.0],"Energy":{"Mean":-6.499924385979414,"Sigma":0.0,"Taucorr":null},"EnergyVariance":{"Mean":6.7494251320837595,"Sigma":0.0,"Taucorr":null},"Iteration":26},
{"Acceptance":[0.010434782608695653],"Energy":{"Mean":-9.995451566915008,"Sigma":5.5970355094621094e-05,"Taucorr":null},"EnergyVariance":{"Mean":6.001957303010914,"Sigma":0.00022364249473244351,"Taucorr":null},"Iteration":27},
{"Acceptance":[0.00034782608695652176],"Energy":{"Mean":-9.91020534972289,"Sigma":0.03828454461961393,"Taucorr":null},"EnergyVariance":{"Mean":2.1668999664091673,"Sigma":0.0738951008740043,"Taucorr":null},"Iteration":28},
{"Acceptance":[0.0],"Energy":{"Mean":-7.499995885885631,"Sigma":0.0,"Taucorr":null},"EnergyVariance":{"Mean":4.749995918663796,"Sigma":0.0,"Taucorr":null},"Iteration":29},
{"Acceptance":[0.00034782608695652176],"Energy":{"Mean":-10.499973475326454,"Sigma":0.0,"Taucorr":null},"EnergyVariance":{"Mean":0.2500526938576316,"Sigma":0.0,"Taucorr":null},"Iteration":30},
{"Acceptance":[0.0],"Energy":{"Mean":-9.999227178447917,"Sigma":0.0,"Taucorr":null},"EnergyVariance":{"Mean":2.0002520095279235,"Sigma":0.0,"Taucorr":null},"Iteration":31},
{"Acceptance":[0.0038260869565217392],"Energy":{"Mean":-8.249529694417841,"Sigma":0.0,"Taucorr":null},"EnergyVariance":{"Mean":3.686356645174372,"Sigma":0.0,"Taucorr":null},"Iteration":32},
{"Acceptance":[0.00034782608695652176],"Energy":{"Mean":-8.241897394041679,"Sigma":0.0,"Taucorr":null},"EnergyVariance":{"Mean":9.644129423740225,"Sigma":0.0,"Taucorr":null},"Iteration":33},
{"Acceptance":[0.0052173913043478265],"Energy":{"Mean":-10.249450854013856,"Sigma":0.0,"Taucorr":null},"EnergyVariance":{"Mean":0.6877793875290982,"Sigma":0.0,"Taucorr":null},"Iteration":34},
{"Acceptance":[0.0006956521739130435],"Energy":{"Mean":-10.250000003610463,"Sigma":0.0,"Taucorr":null},"EnergyVariance":{"Mean":3.1875000188642137,"Sigma":0.0,"Taucorr":null},"Iteration":35},
{"Acceptance":[0.001391304347826087],"Energy":{"Mean":-9.500103370486222,"Sigma":0.0,"Taucorr":null},"EnergyVariance":{"Mean":0.25011020192283806,"Sigma":0.0,"Taucorr":null},"Iteration":36},
{"Acceptance":[0.0006956521739130435],"Energy":{"Mean":-8.838518867375008,"Sigma":0.03499978502622921,"Taucorr":null},"EnergyVariance":{"Mean":3.691001380240664,"Sigma":0.016540496925293417,"Taucorr":null},"Iteration":37},
{"Acceptance":[0.005565217391304348],"Energy":{"Mean":-8.249999914762023,"Sigma":0.0,"Taucorr":null},"EnergyVariance":{"Mean":3.6874995236808776,"Sigma":0.0,"Taucorr":null},"Iteration":38},
{"Acceptance":[0.016695652173913042],"Energy":{"Mean":-9.194569956623043,"Sigma":0.040531691431431975,"Taucorr":null},"EnergyVariance":{"Mean":3.5211495118172933,"Sigma":0.1752897096170547,"Taucorr":null},"Iteration":39},
{"Acceptance":[0.0],"Energy":{"Mean":-9.522499940058223,"Sigma":0.0,"Taucorr":null},"EnergyVariance":{"Mean":4.162139332754888,"Sigma":0.0,"Taucorr":null},"Iteration":40},
{"Acceptance":[0.00591304347826087],"Energy":{"Mean":-8883821489.451452,"Sigma":1607409485.165075,"Taucorr":null},"EnergyVariance":{"Mean":7.95086688928997e+21,"Sigma":1.424323806295412e+21,"Taucorr":null},"Iteration":41},
{"Acceptance":[0.003130434782608696],"Energy":{"Mean":-11.251350940359512,"Sigma":0.0,"Taucorr":null},"EnergyVariance":{"Mean":2.686992776239184,"Sigma":0.0,"Taucorr":null},"Iteration":42},
{"Acceptance":[0.0006956521739130435],"Energy":{"Mean":-10.749813565826532,"Sigma":0.0,"Taucorr":null},"EnergyVariance":{"Mean":3.6870340203692997,"Sigma":0.0,"Taucorr":null},"Iteration":43},
{"Acceptance":[0.0],"Energy":{"Mean":-8.249999528361155,"Sigma":0.0,"Taucorr":null},"EnergyVariance":{"Mean":6.687503065655832,"Sigma":0.0,"Taucorr":null},"Iteration":44},
{"Acceptance":[0.006608695652173913],"Energy":{"Mean":-8.000000002398725,"Sigma":0.0,"Taucorr":null},"EnergyVariance":{"Mean":2.000000021574526,"Sigma":0.0,"Taucorr":null},"Iteration":45},
{"Acceptance":[0.012521739130434783],"Energy":{"Mean":-9.499092691630503,"Sigma":0.00013507750999176368,"Taucorr":null},"EnergyVariance":{"Mean":2.249852414369615,"Sigma":0.00013411638115383496,"Taucorr":null},"Iteration":46},
{"Acceptance":[0.0],"Energy":{"Mean":-10.170350950244618,"Sigma":0.121588389724761,"Taucorr":null},"EnergyVariance":{"Mean":4.977505353678811,"Sigma":1.0137947648981842,"Taucorr":null},"Iteration":47},
{"Acceptance":[0.005565217391304348],"Energy":{"Mean":-9.329887531349488,"Sigma":0.05529960349252571,"Taucorr":null},"EnergyVariance":{"Mean":6.4809551194609085,"Sigma":0.14739173122203664,"Taucorr":null},"Iteration":48},
{"Acceptance":[0.0],"Energy":{"Mean":-7.640395618304541,"Sigma":0.04582789865369434,"Taucorr":null},"EnergyVariance":{"Mean":3.149652035023527,"Sigma":0.12465599165838537,"Taucorr":null},"Iteration":49},
{"Acceptance":[0.0034782608695652175],"Energy":{"Mean":-10.999921391797091,"Sigma":0.0,"Taucorr":null},"EnergyVariance":{"Mean":1.500035613173036,"Sigma":0.0,"Taucorr":null},"Iteration":50},
{"Acceptance":[0.0017391304347826088],"Energy":{"Mean":-9.499971994955361,"Sigma":0.0,"Taucorr":null},"EnergyVariance":{"Mean":4.2499679228495495,"Sigma":0.0,"Taucorr":null},"Iteration":51},
{"Acceptance":[0.0006956521739130435],"Energy":{"Mean":-8.879999291818677,"Sigma":0.04358913957620582,"Taucorr":null},"EnergyVariance":{"Mean":2.965589190489935,"Sigma":0.16389480511670923,"Taucorr":null},"Iteration":52},
{"Acceptance":[0.010434782608695653],"Energy":{"Mean":-9.610019712172384,"Sigma":0.025331138075644955,"Taucorr":null},"EnergyVariance":{"Mean":1.6778472613178965,"Sigma":0.09575070195758764,"Taucorr":null},"Iteration":53},
{"Acceptance":[0.00034782608695652176],"Energy":{"Mean":-9.230015277208599,"Sigma":0.21533255095725265,"Taucorr":null},"EnergyVariance":{"Mean":12.515796224806468,"Sigma":4.321678527475337,"Taucorr":null},"Iteration":54},
{"Acceptance":[0.0],"Energy":{"Mean":-10.74631774030545,"Sigma":0.0,"Taucorr":null},"EnergyVariance":{"Mean":1.6783660523089072,"Sigma":0.0,"Taucorr":null},"Iteration":55},
{"Acceptance":[0.009391304347826087],"Energy":{"Mean":-9.49967620766801,"Sigma":0.00013340500028418206,"Taucorr":null},"EnergyVariance":{"Mean":1.2509929060354965,"Sigma":0.00040165652530690596,"Taucorr":null},"Iteration":56},
{"Acceptance":[0.00034782608695652176],"Energy":{"Mean":-9.051118890112836,"Sigma":0.08176397003187938,"Taucorr":null},"EnergyVariance":{"Mean":4.354157828548103,"Sigma":0.15563100836813645,"Taucorr":null},"Iteration":57},
{"Acceptance":[0.0],"Energy":{"Mean":-7.249991991674649,"Sigma":0.0,"Taucorr":null},"EnergyVariance":{"Mean":1.6874762594790953,"Sigma":0.0,"Taucorr":null},"Iteration":58},
{"Acceptance":[0.0],"Energy":{"Mean":-7.250000455548801,"Sigma":0.0,"Taucorr":null},"EnergyVariance":{"Mean":1.6874988611340829,"Sigma":0.0,"Taucorr":null},"Iteration":59},
{"Acceptance":[0.0],"Energy":{"Mean":-7.250002318004604,"Sigma":0.0,"Taucorr":null},"EnergyVariance":{"Mean":1.6874942050053976,"Sigma":0.0,"Taucorr":null},"Iteration":60},
{"Acceptance":[0.0],"Energy":{"Mean":-6.499987200783416,"Sigma":0.0,"Taucorr":null},"EnergyVariance":{"Mean":0.7499447650452575,"Sigma":0.0,"Taucorr":null},"Iteration":61},
{"Acceptance":[0.011478260869565217],"Energy":{"Mean":-7.480018571167147,"Sigma":0.10198076764474032,"Taucorr":null},"EnergyVariance":{"Mean":1.7296156168290748,"Sigma":0.10605772004998565,"Taucorr":null},"Iteration":62},
{"Acceptance":[0.0],"Energy":{"Mean":-6.499636484556569,"Sigma":0.0,"Taucorr":null},"EnergyVariance":{"Mean":0.7503677885290582,"Sigma":0.0,"Taucorr":null},"Iteration":63},
{"Acceptance":[0.0],"Energy":{"Mean":-7.499986776913837,"Sigma":0.0,"Taucorr":null},"EnergyVariance":{"Mean":2.749703670498054,"Sigma":0.0,"Taucorr":null},"Iteration":64},
{"Acceptance":[0.0],"Energy":{"Mean":-7.000415730783376,"Sigma":0.0,"Taucorr":null},"EnergyVariance":{"Mean":4.999168716472598,"Sigma":0.0,"Taucorr":null},"Iteration":65},
{"Acceptance":[0.0],"Energy":{"Mean":-6.999620240402173,"Sigma":0.0,"Taucorr":null},"EnergyVariance":{"Mean":5.000775250412379,"Sigma":0.0,"Taucorr":null},"Iteration":66},
{"Acceptance":[0.0010434782608695651],"Energy":{"Mean":-8.497946308823511,"Sigma":0.0,"Taucorr":null},"EnergyVariance":{"Mean":14.760287219941247,"Sigma":0.0,"Taucorr":null},"Iteration":67},
{"Acceptance":[0.0],"Energy":{"Mean":-9.999989001494145,"Sigma":0.0,"Taucorr":null},"EnergyVariance":{"Mean":13.999964927458183,"Sigma":0.0,"Taucorr":null},"Iteration":68},
{"Acceptance":[0.0],"Energy":{"Mean":-10.00000002273399,"Sigma":0.0,"Taucorr":null},"EnergyVariance":{"Mean":13.999999727096279,"Sigma":0.0,"Taucorr":null},"Iteration":69},
{"Acceptance":[0.0],"Energy":{"Mean":-10.000000341879574,"Sigma":0.0,"Taucorr":null},"EnergyVariance":{"Mean":13.999995897507263,"Sigma":0.0,"Taucorr":null},"Iteration":70},
{"Acceptance":[0.0010434782608695651],"Energy":{"Mean":-8.500000541327038,"Sigma":0.0,"Taucorr":null},"EnergyVariance":{"Mean":8.74999592157671,"Sigma":0.0,"Taucorr":null},"Iteration":71},
{"Acceptance":[0.0],"Energy":{"Mean":-8.500000405146016,"Sigma":0.0,"Taucorr":null},"EnergyVariance":{"Mean":8.749996469730116,"Sigma":0.0,"Taucorr":null},"Iteration":72},
{"Acceptance":[0.0],"Energy":{"Mean":-8.500000247887842,"Sigma":0.0,"Taucorr":null},"EnergyVariance":{"Mean":8.749997715381584,"Sigma":0.0,"Taucorr":null},"Iteration":73},
{"Acceptance":[0.0],"Energy":{"Mean":-8.500000081982034,"Sigma":0.0,"Taucorr":null},"EnergyVariance":{"Mean":8.749999204638303,"Sigma":0.0,"Taucorr":null},"Iteration":74},
{"Acceptance":[0.0],"Energy":{"Mean":-8.49999992941856,"Sigma":0.0,"Taucorr":null},"EnergyVariance":{"Mean":8.750000603035051,"Sigma":0.0,"Taucorr":null},"Iteration":75},
{"Acceptance":[0.0],"Energy":{"Mean":-8.499999809148175,"Sigma":0.0,"Taucorr":null},"EnergyVariance":{"Mean":8.75000170377195,"Sigma":0.0,"Taucorr":null},"Iteration":76},
{"Acceptance":[0.0],"Energy":{"Mean":-8.499999731579171,"Sigma":0.0,"Taucorr":null},"EnergyVariance":{"Mean":8.750002410768161,"Sigma":0.0,"Taucorr":null},"Iteration":77},
{"Acceptance":[0.0],"Energy":{"Mean":-8.499999698676827,"Sigma":0.0,"Taucorr":null},"EnergyVariance":{"Mean":8.750002710363695,"Sigma":0.0,"Taucorr":null},"Iteration":78},
{"Acceptance":[0.0],"Energy":{"Mean":-7.499999706393513,"Sigma":0.0,"Taucorr":null},"EnergyVariance":{"Mean":4.750002054861828,"Sigma":0.0,"Taucorr":null},"Iteration":79},
{"Acceptance":[0.0],"Energy":{"Mean":-7.499999747343503,"Sigma":0.0,"Taucorr":null},"EnergyVariance":{"Mean":4.750001768536975,"Sigma":0.0,"Taucorr":null},"Iteration":80},
{"Acceptance":[0.0],"Energy":{"Mean":-7.49999981291851,"Sigma":0.0,"Taucorr":null},"EnergyVariance":{"Mean":4.7500013095821085,"Sigma":0.0,"Taucorr":null},"Iteration":81},
{"Acceptance":[0.0],"Energy":{"Mean":-7.499999894697485,"Sigma":0.0,"Taucorr":null},"EnergyVariance":{"Mean":4.750000737145803,"Sigma":0.0,"Taucorr":null},"Iteration":82},
{"Acceptance":[0.0],"Energy":{"Mean":-6.999999985253965,"Sigma":0.0,"Taucorr":null},"EnergyVariance":{"Mean":3.0000000884877958,"Sigma":0.0,"Taucorr":null},"Iteration":83},
{"Acceptance":[0.0],"Energy":{"Mean":-7.0000000785377114,"Sigma":0.0,"Taucorr":null},"EnergyVariance":{"Mean":2.9999995287803816,"Sigma":0.0,"Taucorr":null},"Iteration":84},
{"Acceptance":[0.0],"Energy":{"Mean":-7.000000169944975,"Sigma":0.0,"Taucorr":null},"EnergyVariance":{"Mean":2.999998980333909,"Sigma":0.0,"Taucorr":null},"Iteration":85},
{"Acceptance":[0.0],"Energy":{"Mean":-7.0000002562257375,"Sigma":0.0,"Taucorr":null},"EnergyVariance":{"Mean":2.9999984626478633,"Sigma":0.0,"Taucorr":null},"Iteration":86},
{"Acceptance":[0.0],"Energy":{"Mean":-7.000000335293458,"Sigma":0.0,"Taucorr":null},"EnergyVariance":{"Mean":2.999997988240812,"Sigma":0.0,"Taucorr":null},"Iteration":87},
{"Acceptance":[0.0],"Energy":{"Mean":-7.000000406001645,"Sigma":0.0,"Taucorr":null},"EnergyVariance":{"Mean":2.99999756399137,"Sigma":0.0,"Taucorr":null},"Iteration":88},
{"Acceptance":[0.0],"Energy":{"Mean":-7.000000467922536,"Sigma":0.0,"Taucorr":null},"EnergyVariance":{"Mean":2.9999971924658952,"Sigma":0.0,"Taucorr":null},"Iteration":89},
{"Acceptance":[0.0],"Energy":{"Mean":-7.000000521148176,"Sigma":0.0,"Taucorr":null},"EnergyVariance":{"Mean":2.9999968731120217,"Sigma":0.0,"Taucorr":null},"Iteration":90},
{"Acceptance":[0.0],"Energy":{"Mean":-7.000000566123076,"Sigma":0.0,"Taucorr":null},"EnergyVariance":{"Mean":2.999996603262647,"Sigma":0.0,"Taucorr":null},"Iteration":91},
{"Acceptance":[0.0],"Energy":{"Mean":-7.000000603510547,"Sigma":0.0,"Taucorr":null},"EnergyVariance":{"Mean":2.99999637893787,"Sigma":0.0,"Taucorr":null},"Iteration":92},
{"Acceptance":[0.0],"Energy":{"Mean":-7.00000063409073,"Sigma":0.0,"Taucorr":null},"EnergyVariance":{"Mean":2.9999961954568426,"Sigma":0.0,"Taucorr":null},"Iteration":93},
{"Acceptance":[0.0],"Energy":{"Mean":-7.000000658686183,"Sigma":0.0,"Taucorr":null},"EnergyVariance":{"Mean":2.9999960478842214,"Sigma":0.0,"Taucorr":null},"Iteration":94},
{"Acceptance":[0.0],"Energy":{"Mean":-7.000000678110186,"Sigma":0.0,"Taucorr":null},"EnergyVariance":{"Mean":2.9999959313402997,"Sigma":0.0,"Taucorr":null},"Iteration":95},
{"Acceptance":[0.0],"Energy":{"Mean":-7.000000693132991,"Sigma":0.0,"Taucorr":null},"EnergyVariance":{"Mean":2.9999958412035514,"Sigma":0.0,"Taucorr":null},"Iteration":96},
{"Acceptance":[0.0],"Energy":{"Mean":-7.000000704461665,"Sigma":0.0,"Taucorr":null},"EnergyVariance":{"Mean":2.99999577323161,"Sigma":0.0,"Taucorr":null},"Iteration":97},
{"Acceptance":[0.0],"Energy":{"Mean":-7.000000712729877,"Sigma":0.0,"Taucorr":null},"EnergyVariance":{"Mean":2.9999957236224453,"Sigma":0.0,"Taucorr":null},"Iteration":98},
{"Acceptance":[0.0],"Energy":{"Mean":-7.000000718494696,"Sigma":0.0,"Taucorr":null},"EnergyVariance":{"Mean":2.999995689033629,"Sigma":0.0,"Taucorr":null},"Iteration":99} 
]}
{"input": {"L": 22, "J": 1, "machine": {"type": "FFNN", "model": ["tanh", 40, 7]}, "sampler": {"type": "MetropolisHop", "d_max": 5}, "optimizer": {"type": "AdaMax", "alpha": 0.001, "beta1": 0.9, "beta2": 0.999, "epscut": 1e-07}, "VMC": {"n_samples": 100, "discarded_samples": 100, "discarded_samples_on_init": 0, "target": "energy", "method": "Gd", "diag_shift": 0.01, "use_iterative": true, "use_cholesky": true}, "n_iter": 100}}
duration: -6.020596027374268