{"Output": [
{"Acceptance":[0.8445217391304348],"Energy":{"Mean":19.012935497009195,"Sigma":0.3755825458971668,"Taucorr":1.1102230246251565e-16},"EnergyVariance":{"Mean":14.21784724661403,"Sigma":1.645594987682776,"Taucorr":0.0},"Iteration":0},
{"Acceptance":[0.7944347826086956],"Energy":{"Mean":17.265102633628857,"Sigma":0.3283542474038889,"Taucorr":-1.1102230246251565e-16},"EnergyVariance":{"Mean":12.364564172459767,"Sigma":1.5210411373653656,"Taucorr":-5.551115123125783e-17},"Iteration":1},
{"Acceptance":[0.7426086956521739],"Energy":{"Mean":16.321563851809817,"Sigma":0.3700219394781806,"Taucorr":2.7755575615628914e-17},"EnergyVariance":{"Mean":17.99457500673136,"Sigma":2.113990261712857,"Taucorr":5.551115123125783e-17},"Iteration":2},
{"Acceptance":[0.6866086956521739],"Energy":{"Mean":15.32538188900962,"Sigma":0.423344477293074,"Taucorr":-5.551115123125783e-17},"EnergyVariance":{"Mean":22.408137503569876,"Sigma":2.3987610985270233,"Taucorr":0.0},"Iteration":3},
{"Acceptance":[0.6222608695652174],"Energy":{"Mean":13.462295011628708,"Sigma":0.4202511491564432,"Taucorr":-2.7755575615628914e-17},"EnergyVariance":{"Mean":23.409457678227422,"Sigma":2.3272214712514874,"Taucorr":0.0},"Iteration":4},
{"Acceptance":[0.5926956521739131],"Energy":{"Mean":12.991932476588358,"Sigma":0.4556231615524249,"Taucorr":5.551115123125783e-17},"EnergyVariance":{"Mean":26.160819090520956,"Sigma":3.1876578162132096,"Taucorr":-5.551115123125783e-17},"Iteration":5},
{"Acceptance":[0.5422608695652174],"Energy":{"Mean":11.773259445209112,"Sigma":0.5020946563493136,"Taucorr":0.0},"EnergyVariance":{"Mean":35.7537521655951,"Sigma":3.5508086359846427,"Taucorr":5.551115123125783e-17},"Iteration":6},
{"Acceptance":[0.5394782608695652],"Energy":{"Mean":9.516625126894347,"Sigma":0.4004605929635013,"Taucorr":0.0},"EnergyVariance":{"Mean":26.046211077029266,"Sigma":2.6598736013148976,"Taucorr":0.0},"Iteration":7},
{"Acceptance":[0.5109565217391304],"Energy":{"Mean":8.848659567268497,"Sigma":0.43460397576659476,"Taucorr":0.0},"EnergyVariance":{"Mean":35.03627789835991,"Sigma":4.791107806927724,"Taucorr":5.551115123125783e-17},"Iteration":8},
{"Acceptance":[0.48243478260869566],"Energy":{"Mean":5.856842015595722,"Sigma":0.39269067178582107,"Taucorr":-5.551115123125783e-17},"EnergyVariance":{"Mean":29.33761608374862,"Sigma":3.4825375921997503,"Taucorr":0.0},"Iteration":9},
{"Acceptance":[0.4747826086956522],"Energy":{"Mean":5.678997884030715,"Sigma":0.3943598928725576,"Taucorr":2.7755575615628914e-17},"EnergyVariance":{"Mean":27.58225818080824,"Sigma":2.5962288173409767,"Taucorr":5.551115123125783e-17},"Iteration":10},
{"Acceptance":[0.41843478260869565],"Energy":{"Mean":3.5729134293862495,"Sigma":0.4585810001853054,"Taucorr":0.0},"EnergyVariance":{"Mean":34.7983197096202,"Sigma":4.1743594222785445,"Taucorr":5.551115123125783e-17},"Iteration":11},
{"Acceptance":[0.3690434782608696],"Energy":{"Mean":1.7264864508863225,"Sigma":0.4385608618067855,"Taucorr":0.0},"EnergyVariance":{"Mean":31.57330851315045,"Sigma":3.857380994635335,"Taucorr":5.551115123125783e-17},"Iteration":12},
{"Acceptance":[0.3794782608695652],"Energy":{"Mean":0.6333884734820872,"Sigma":0.4397993557448575,"Taucorr":1.1102230246251565e-16},"EnergyVariance":{"Mean":31.082383565583726,"Sigma":3.9739647962773588,"Taucorr":0.0},"Iteration":13},
{"Acceptance":[0.3481739130434783],"Energy":{"Mean":0.571215263946887,"Sigma":0.3867698978835824,"Taucorr":5.551115123125783e-17},"EnergyVariance":{"Mean":23.838418163462812,"Sigma":3.089076614365966,"Taucorr":0.0},"Iteration":14},
{"Acceptance":[0.24730434782608696],"Energy":{"Mean":-8.806568589343124,"Sigma":0.24024339781231815,"Taucorr":null},"EnergyVariance":{"Mean":19.14950879657877,"Sigma":3.624259336427701,"Taucorr":null},"Iteration":15},
{"Acceptance":[0.0],"Energy":{"Mean":-7.507007410140329,"Sigma":0.2995243180140003,"Taucorr":null},"EnergyVariance":{"Mean":29.95162331385233,"Sigma":3.4227336879212054,"Taucorr":null},"Iteration":16},
{"Acceptance":[0.020869565217391306],"Energy":{"Mean":-9.031041360895177,"Sigma":0.09182984092215742,"Taucorr":null},"EnergyVariance":{"Mean":2.435466659808623,"Sigma":0.546222361072885,"Taucorr":null},"Iteration":17},
{"Acceptance":[0.0942608695652174],"Energy":{"Mean":-10.002821646634048,"Sigma":0.0,"Taucorr":null},"EnergyVariance":{"Mean":3.9929724422995063,"Sigma":0.0,"Taucorr":null},"Iteration":18},
{"Acceptance":[0.009043478260869564],"Energy":{"Mean":-9.249641667284212,"Sigma":0.0,"Taucorr":null},"EnergyVariance":{"Mean":2.6877506931529833,"Sigma":0.0,"Taucorr":null},"Iteration":19},
{"Acceptance":[0.0010434782608695651],"Energy":{"Mean":-10.76987222491481,"Sigma":0.052440029193087274,"Taucorr":null},"EnergyVariance":{"Mean":4.475694611924316,"Sigma":0.25423578972809346,"Taucorr":null},"Iteration":20},
{"Acceptance":[0.00034782608695652176],"Energy":{"Mean":-11.626538384584752,"Sigma":0.02677827881659855,"Taucorr":null},"EnergyVariance":{"Mean":1.7488781659248291,"Sigma":0.09908049289206243,"Taucorr":null},"Iteration":21},
{"Acceptance":[0.0],"Energy":{"Mean":-11.249890774252997,"Sigma":0.0,"Taucorr":null},"EnergyVariance":{"Mean":0.6888046958231049,"Sigma":0.0,"Taucorr":null},"Iteration":22},
{"Acceptance":[0.003130434782608696],"Energy":{"Mean":-10.000630763802167,"Sigma":0.0,"Taucorr":null},"EnergyVariance":{"Mean":1.4987499456139186,"Sigma":0.0,"Taucorr":null},"Iteration":23},
{"Acceptance":[0.0006956521739130435],"Energy":{"Mean":-10.250344376909378,"Sigma":0.0,"Taucorr":null},"EnergyVariance":{"Mean":2.188205588488395,"Sigma":0.0,"Taucorr":null},"Iteration":24},
{"Acceptance":[0.007304347826086957],"Energy":{"Mean":-10.500000022719991,"Sigma":0.0,"Taucorr":null},"EnergyVariance":{"Mean":2.250000022719999,"Sigma":0.0,"Taucorr":null},"Iteration":25},
{"Acceptance":[0.0010434782608695651],"Energy":{"Mean":-10.750224972485,"Sigma":0.0,"Taucorr":null},"EnergyVariance":{"Mean":1.1876126686655997,"Sigma":0.0,"Taucorr":null},"Iteration":26},
{"Acceptance":[0.0010434782608695651],"Energy":{"Mean":-10.999994621092183,"Sigma":0.0,"Taucorr":null},"EnergyVariance":{"Mean":1.4999705604674682,"Sigma":0.0,"Taucorr":null},"Iteration":27},
{"Acceptance":[0.001391304347826087],"Energy":{"Mean":-9.510144533973842,"Sigma":0.010308092810193124,"Taucorr":null},"EnergyVariance":{"Mean":3.2713549027911553,"Sigma":0.021382471545195077,"Taucorr":null},"Iteration":28},
{"Acceptance":[0.0034782608695652175],"Energy":{"Mean":-11.250015845460709,"Sigma":0.0,"Taucorr":null},"EnergyVariance":{"Mean":3.6875098839053004,"Sigma":0.0,"Taucorr":null},"Iteration":29},
{"Acceptance":[0.006260869565217392],"Energy":{"Mean":-9.749932031294124,"Sigma":0.0,"Taucorr":null},"EnergyVariance":{"Mean":1.187466058432385,"Sigma":0.0,"Taucorr":null},"Iteration":30},
{"Acceptance":[0.016695652173913042],"Energy":{"Mean":-11.458301351917562,"Sigma":0.027689565211443664,"Taucorr":null},"EnergyVariance":{"Mean":1.2927760975227773,"Sigma":0.025381969195009717,"Taucorr":null},"Iteration":31},
{"Acceptance":[0.001391304347826087],"Energy":{"Mean":-11.497011887093947,"Sigma":5.999272946472484e-06,"Taucorr":null},"EnergyVariance":{"Mean":1.2530977672404393,"Sigma":1.8067288565705617e-05,"Taucorr":null},"Iteration":32},
{"Acceptance":[0.0034782608695652175],"Energy":{"Mean":24.185986681198063,"Sigma":0.009796145229565276,"Taucorr":null},"EnergyVariance":{"Mean":13895.32312462635,"Sigma":0.6991030935037633,"Taucorr":null},"Iteration":33},
{"Acceptance":[0.0],"Energy":{"Mean":-11.499997501997477,"Sigma":0.0,"Taucorr":null},"EnergyVariance":{"Mean":2.2500024894314534,"Sigma":0.0,"Taucorr":null},"Iteration":34},
{"Acceptance":[0.00591304347826087],"Energy":{"Mean":-12.252729988599334,"Sigma":0.00017317014459619482,"Taucorr":null},"EnergyVariance":{"Mean":3.691668198880509,"Sigma":0.00026364377821579105,"Taucorr":null},"Iteration":35},
{"Acceptance":[0.002434782608695652],"Energy":{"Mean":-10.49999993422045,"Sigma":0.0,"Taucorr":null},"EnergyVariance":{"Mean":4.250000197338664,"Sigma":0.0,"Taucorr":null},"Iteration":36},
{"Acceptance":[0.007304347826086957],"Energy":{"Mean":-8.600381853451164,"Sigma":0.11459763450900862,"Taucorr":null},"EnergyVariance":{"Mean":1.6406524186699936,"Sigma":0.43554988502585323,"Taucorr":null},"Iteration":37},
{"Acceptance":[0.008347826086956521],"Energy":{"Mean":-8.500000029878587,"Sigma":0.0,"Taucorr":null},"EnergyVariance":{"Mean":1.2499999701213316,"Sigma":0.0,"Taucorr":null},"Iteration":38},
{"Acceptance":[0.0006956521739130435],"Energy":{"Mean":-10.440052297795098,"Sigma":0.033170176548037396,"Taucorr":null},"EnergyVariance":{"Mean":2.9263545147231254,"Sigma":0.09552570293551567,"Taucorr":null},"Iteration":39},
{"Acceptance":[0.014608695652173913],"Energy":{"Mean":-9.00045795413768,"Sigma":0.0,"Taucorr":null},"EnergyVariance":{"Mean":0.9997357505410889,"Sigma":0.0,"Taucorr":null},"Iteration":40},
{"Acceptance":[0.001391304347826087],"Energy":{"Mean":-10.000002118872311,"Sigma":0.0,"Taucorr":null},"EnergyVariance":{"Mean":1.9999985037865557,"Sigma":0.0,"Taucorr":null},"Iteration":41},
{"Acceptance":[0.002434782608695652],"Energy":{"Mean":-8.499997651812372,"Sigma":0.0,"Taucorr":null},"EnergyVariance":{"Mean":8.749992955429718,"Sigma":0.0,"Taucorr":null},"Iteration":42},
{"Acceptance":[0.002434782608695652],"Energy":{"Mean":-8.500629105901261,"Sigma":0.0,"Taucorr":null},"EnergyVariance":{"Mean":4.7544049437305995,"Sigma":0.0,"Taucorr":null},"Iteration":43},
{"Acceptance":[0.0],"Energy":{"Mean":-11.079913684832087,"Sigma":0.03752448874948992,"Taucorr":null},"EnergyVariance":{"Mean":1.8158902387032427,"Sigma":0.14430340162759236,"Taucorr":null},"Iteration":44},
{"Acceptance":[0.010434782608695653],"Energy":{"Mean":-10.000018400098952,"Sigma":0.0,"Taucorr":null},"EnergyVariance":{"Mean":1.4999654643232159,"Sigma":0.0,"Taucorr":null},"Iteration":45},
{"Acceptance":[0.0006956521739130435],"Energy":{"Mean":-9.899399655331187,"Sigma":0.048991383971023136,"Taucorr":null},"EnergyVariance":{"Mean":0.9770063976719086,"Sigma":0.08812246374738952,"Taucorr":null},"Iteration":46},
{"Acceptance":[0.02191304347826087],"Energy":{"Mean":-9.50000108420132,"Sigma":0.0,"Taucorr":null},"EnergyVariance":{"Mean":0.2500008953142471,"Sigma":0.0,"Taucorr":null},"Iteration":47},
{"Acceptance":[0.001391304347826087],"Energy":{"Mean":-8.499870412805368,"Sigma":0.0,"Taucorr":null},"EnergyVariance":{"Mean":0.2501240590269249,"Sigma":0.0,"Taucorr":null},"Iteration":48},
{"Acceptance":[0.00591304347826087],"Energy":{"Mean":-9.00158800155597,"Sigma":0.0,"Taucorr":null},"EnergyVariance":{"Mean":6.51276572052099,"Sigma":0.0,"Taucorr":null},"Iteration":49},
{"Acceptance":[0.011130434782608696],"Energy":{"Mean":-10.581739541573885,"Sigma":0.03719114361257471,"Taucorr":null},"EnergyVariance":{"Mean":5.650526701576869,"Sigma":0.17926327907150594,"Taucorr":null},"Iteration":50},
{"Acceptance":[0.0017391304347826088],"Energy":{"Mean":-10.574386498025149,"Sigma":0.029681528214530354,"Taucorr":null},"EnergyVariance":{"Mean":1.7334244275642194,"Sigma":0.01929421728956978,"Taucorr":null},"Iteration":51},
{"Acceptance":[0.00034782608695652176],"Energy":{"Mean":-11.249877079007838,"Sigma":0.0,"Taucorr":null},"EnergyVariance":{"Mean":3.187081566552508,"Sigma":0.0,"Taucorr":null},"Iteration":52},
{"Acceptance":[0.0],"Energy":{"Mean":-10.499999997625686,"Sigma":0.0,"Taucorr":null},"EnergyVariance":{"Mean":6.249999977636751,"Sigma":0.0,"Taucorr":null},"Iteration":53},
{"Acceptance":[0.002434782608695652],"Energy":{"Mean":-8.989897142906582,"Sigma":0.07144358668573966,"Taucorr":null},"EnergyVariance":{"Mean":1.4701023677848943,"Sigma":0.21574720499306535,"Taucorr":null},"Iteration":54},
{"Acceptance":[0.006608695652173913],"Energy":{"Mean":-8.249994710189927,"Sigma":0.0,"Taucorr":null},"EnergyVariance":{"Mean":0.18749207715395383,"Sigma":0.0,"Taucorr":null},"Iteration":55},
{"Acceptance":[0.006608695652173913],"Energy":{"Mean":-11.000007090925362,"Sigma":0.0,"Taucorr":null},"EnergyVariance":{"Mean":4.500028371718672,"Sigma":0.0,"Taucorr":null},"Iteration":56},
{"Acceptance":[0.0],"Energy":{"Mean":-11.74999964423014,"Sigma":0.0,"Taucorr":null},"EnergyVariance":{"Mean":4.687502521310432,"Sigma":0.0,"Taucorr":null},"Iteration":57},
{"Acceptance":[0.0041739130434782605],"Energy":{"Mean":-11.735581177505708,"Sigma":0.0,"Taucorr":null},"EnergyVariance":{"Mean":2.681366879195497,"Sigma":0.0,"Taucorr":null},"Iteration":58},
{"Acceptance":[0.00034782608695652176],"Energy":{"Mean":-11.055901477471245,"Sigma":0.03383292846976664,"Taucorr":null},"EnergyVariance":{"Mean":8.731226703713357,"Sigma":0.13145504067855796,"Taucorr":null},"Iteration":59},
{"Acceptance":[0.0],"Energy":{"Mean":-10.747114658981559,"Sigma":0.0005995080694284242,"Taucorr":null},"EnergyVariance":{"Mean":8.175331714516492,"Sigma":0.0026073336356698686,"Taucorr":null},"Iteration":60},
{"Acceptance":[0.0017391304347826088],"Energy":{"Mean":-10.750111585172466,"Sigma":0.0,"Taucorr":null},"EnergyVariance":{"Mean":8.188085348623762,"Sigma":0.0,"Taucorr":null},"Iteration":61},
{"Acceptance":[0.0017391304347826088],"Energy":{"Mean":-10.249873171812435,"Sigma":0.0,"Taucorr":null},"EnergyVariance":{"Mean":6.186554901872833,"Sigma":0.0,"Taucorr":null},"Iteration":62},
{"Acceptance":[0.00034782608695652176],"Energy":{"Mean":-10.389239282541698,"Sigma":0.04582628412807234,"Taucorr":null},"EnergyVariance":{"Mean":9.972508611078371,"Sigma":0.4022877536326539,"Taucorr":null},"Iteration":63},
{"Acceptance":[0.003130434782608696],"Energy":{"Mean":-12.000539635403598,"Sigma":0.0,"Taucorr":null},"EnergyVariance":{"Mean":1.501796643119447,"Sigma":0.0,"Taucorr":null},"Iteration":64},
{"Acceptance":[0.0],"Energy":{"Mean":-10.750120852107273,"Sigma":0.0,"Taucorr":null},"EnergyVariance":{"Mean":4.687935301988817,"Sigma":0.0,"Taucorr":null},"Iteration":65},
{"Acceptance":[0.0020869565217391303],"Energy":{"Mean":-10.750030921061775,"Sigma":0.0,"Taucorr":null},"EnergyVariance":{"Mean":4.686890871175702,"Sigma":0.0,"Taucorr":null},"Iteration":66},
{"Acceptance":[0.0],"Energy":{"Mean":-11.001757211796903,"Sigma":0.0,"Taucorr":null},"EnergyVariance":{"Mean":4.499960199248716,"Sigma":0.0,"Taucorr":null},"Iteration":67},
{"Acceptance":[0.004869565217391304],"Energy":{"Mean":-12.230439290244943,"Sigma":0.032170754379837505,"Taucorr":null},"EnergyVariance":{"Mean":5.37602876062255,"Sigma":0.18942940038898506,"Taucorr":null},"Iteration":68},
{"Acceptance":[0.00034782608695652176],"Energy":{"Mean":-10.249924286469486,"Sigma":0.0,"Taucorr":null},"EnergyVariance":{"Mean":8.187538152224729,"Sigma":0.0,"Taucorr":null},"Iteration":69},
{"Acceptance":[0.0],"Energy":{"Mean":-9.000899964517558,"Sigma":0.0,"Taucorr":null},"EnergyVariance":{"Mean":15.50182275211575,"Sigma":0.0,"Taucorr":null},"Iteration":70},
{"Acceptance":[0.002782608695652174],"Energy":{"Mean":-12.252565178948366,"Sigma":0.0,"Taucorr":null},"EnergyVariance":{"Mean":3.186252785628628,"Sigma":0.0,"Taucorr":null},"Iteration":71},
{"Acceptance":[0.0010434782608695651],"Energy":{"Mean":-10.752154734664344,"Sigma":0.0,"Taucorr":null},"EnergyVariance":{"Mean":13.699208085132778,"Sigma":0.0,"Taucorr":null},"Iteration":72},
{"Acceptance":[0.0],"Energy":{"Mean":-10.000517499143783,"Sigma":0.0,"Taucorr":null},"EnergyVariance":{"Mean":18.005102704500622,"Sigma":0.0,"Taucorr":null},"Iteration":73},
{"Acceptance":[0.0],"Energy":{"Mean":-10.500017485682928,"Sigma":1.832307187727422e-06,"Taucorr":null},"EnergyVariance":{"Mean":14.75120824527069,"Sigma":9.162240951016699e-06,"Taucorr":null},"Iteration":74},
{"Acceptance":[0.0],"Energy":{"Mean":-15.029266621098596,"Sigma":2.2809968574291637,"Taucorr":null},"EnergyVariance":{"Mean":7417.722738987765,"Sigma":5119.0041793522405,"Taucorr":null},"Iteration":75},
{"Acceptance":[0.0],"Energy":{"Mean":-11.999735513311961,"Sigma":0.0,"Taucorr":null},"EnergyVariance":{"Mean":11.497936487481482,"Sigma":0.0,"Taucorr":null},"Iteration":76},
{"Acceptance":[0.0],"Energy":{"Mean":-10.750377194143276,"Sigma":0.0,"Taucorr":null},"EnergyVariance":{"Mean":10.685125899053864,"Sigma":0.0,"Taucorr":null},"Iteration":77},
{"Acceptance":[0.0],"Energy":{"Mean":-11.817417540840509,"Sigma":0.04860597873460143,"Taucorr":null},"EnergyVariance":{"Mean":9.440431072232151,"Sigma":0.3200116645352127,"Taucorr":null},"Iteration":78},
{"Acceptance":[0.0],"Energy":{"Mean":-10.250235492540682,"Sigma":0.0,"Taucorr":null},"EnergyVariance":{"Mean":11.18686273443535,"Sigma":0.0,"Taucorr":null},"Iteration":79},
{"Acceptance":[0.0],"Energy":{"Mean":-12.111484081295472,"Sigma":0.0760052511764473,"Taucorr":null},"EnergyVariance":{"Mean":9.42866397875567,"Sigma":0.3965094595502863,"Taucorr":null},"Iteration":80},
{"Acceptance":[0.00034782608695652176],"Energy":{"Mean":-11.845071182238533,"Sigma":0.09803304847811754,"Taucorr":null},"EnergyVariance":{"Mean":13.902626504706811,"Sigma":0.9497401065118837,"Taucorr":null},"Iteration":81},
{"Acceptance":[0.0],"Energy":{"Mean":-11.714005230707889,"Sigma":0.050662256833428315,"Taucorr":null},"EnergyVariance":{"Mean":12.598277087385068,"Sigma":0.17367248257934195,"Taucorr":null},"Iteration":82},
{"Acceptance":[0.001391304347826087],"Energy":{"Mean":-10.986333377984021,"Sigma":0.03371550994318455,"Taucorr":null},"EnergyVariance":{"Mean":3.8674180510617235,"Sigma":0.2232795688371077,"Taucorr":null},"Iteration":83},
{"Acceptance":[0.001391304347826087],"Energy":{"Mean":-11.739823409074859,"Sigma":0.0,"Taucorr":null},"EnergyVariance":{"Mean":6.705109294863837,"Sigma":0.0,"Taucorr":null},"Iteration":84},
{"Acceptance":[0.0],"Energy":{"Mean":-11.24987498448342,"Sigma":0.0,"Taucorr":null},"EnergyVariance":{"Mean":8.189025745673717,"Sigma":0.0,"Taucorr":null},"Iteration":85},
{"Acceptance":[0.0017391304347826088],"Energy":{"Mean":-12.001315249542827,"Sigma":0.0,"Taucorr":null},"EnergyVariance":{"Mean":6.49828923011038,"Sigma":0.0,"Taucorr":null},"Iteration":86},
{"Acceptance":[0.0006956521739130435],"Energy":{"Mean":-13.094925389475792,"Sigma":0.03859511441336841,"Taucorr":null},"EnergyVariance":{"Mean":9.291351820224465,"Sigma":0.08825174165549712,"Taucorr":null},"Iteration":87},
{"Acceptance":[0.0],"Energy":{"Mean":-11.750305137856204,"Sigma":0.0,"Taucorr":null},"EnergyVariance":{"Mean":19.187006453763786,"Sigma":0.0,"Taucorr":null},"Iteration":88},
{"Acceptance":[0.0006956521739130435],"Energy":{"Mean":-12.257219476243735,"Sigma":0.0,"Taucorr":null},"EnergyVariance":{"Mean":6.185126462896964,"Sigma":0.0,"Taucorr":null},"Iteration":89},
{"Acceptance":[0.0017391304347826088],"Energy":{"Mean":-11.716896863597977,"Sigma":0.0,"Taucorr":null},"EnergyVariance":{"Mean":3.557914854676042,"Sigma":0.0,"Taucorr":null},"Iteration":90},
{"Acceptance":[0.0010434782608695651],"Energy":{"Mean":-11.286073174136193,"Sigma":0.08164965807856436,"Taucorr":null},"EnergyVariance":{"Mean":4.502314304195224,"Sigma":0.1165837623929562,"Taucorr":null},"Iteration":91},
{"Acceptance":[0.004869565217391304],"Energy":{"Mean":-10.4967339469197,"Sigma":0.0,"Taucorr":null},"EnergyVariance":{"Mean":8.72717267951,"Sigma":0.0,"Taucorr":null},"Iteration":92},
{"Acceptance":[0.0],"Energy":{"Mean":-12.00000536172562,"Sigma":0.0,"Taucorr":null},"EnergyVariance":{"Mean":1.9999999999861684,"Sigma":0.0,"Taucorr":null},"Iteration":93},
{"Acceptance":[0.00034782608695652176],"Energy":{"Mean":-12.499980439007974,"Sigma":0.0,"Taucorr":null},"EnergyVariance":{"Mean":4.749954631244982,"Sigma":0.0,"Taucorr":null},"Iteration":94},
{"Acceptance":[0.0],"Energy":{"Mean":-11.999868956826637,"Sigma":0.0,"Taucorr":null},"EnergyVariance":{"Mean":8.000025141223231,"Sigma":0.0,"Taucorr":null},"Iteration":95},
{"Acceptance":[0.0006956521739130435],"Energy":{"Mean":-12.99903780740811,"Sigma":0.0,"Taucorr":null},"EnergyVariance":{"Mean":0.997606459506839,"Sigma":0.0,"Taucorr":null},"Iteration":96},
{"Acceptance":[0.00034782608695652176],"Energy":{"Mean":-11.747560341445151,"Sigma":0.0,"Taucorr":null},"EnergyVariance":{"Mean":3.187150488080121,"Sigma":0.0,"Taucorr":null},"Iteration":97},
{"Acceptance":[0.0],"Energy":{"Mean":-11.25000071591495,"Sigma":0.0,"Taucorr":null},"EnergyVariance":{"Mean":3.6874879955195214,"Sigma":0.0,"Taucorr":null},"Iteration":98},
{"Acceptance":[0.0],"Energy":{"Mean":-10.25022400191094,"Sigma":0.0,"Taucorr":null},"EnergyVariance":{"Mean":1.1868549579405607,"Sigma":0.0,"Taucorr":null},"Iteration":99} 
]}
{"input": {"L": 22, "J": 1, "machine": {"type": "FFNN", "model": ["tanh", 41, 8]}, "sampler": {"type": "MetropolisHop", "d_max": 5}, "optimizer": {"type": "AdaMax", "alpha": 0.001, "beta1": 0.9, "beta2": 0.999, "epscut": 1e-07}, "VMC": {"n_samples": 100, "discarded_samples": 100, "discarded_samples_on_init": 0, "target": "energy", "method": "Gd", "diag_shift": 0.01, "use_iterative": true, "use_cholesky": true}, "n_iter": 100}}
duration: -7.124768018722534