{"Output": [
{"Acceptance":[0.8566956521739131],"Energy":{"Mean":18.99532477018134,"Sigma":0.36641030007351566,"Taucorr":-8.326672684688674e-17},"EnergyVariance":{"Mean":14.6575305240607,"Sigma":2.0424885034285443,"Taucorr":0.0},"Iteration":0},
{"Acceptance":[0.8090434782608695],"Energy":{"Mean":17.377968281298322,"Sigma":0.31101779076679237,"Taucorr":-5.551115123125783e-17},"EnergyVariance":{"Mean":13.006064583985307,"Sigma":1.3137926818051813,"Taucorr":5.551115123125783e-17},"Iteration":1},
{"Acceptance":[0.7252173913043478],"Energy":{"Mean":15.358655088212311,"Sigma":0.4282040880827208,"Taucorr":0.0},"EnergyVariance":{"Mean":25.161750690278495,"Sigma":2.867594278434455,"Taucorr":0.0},"Iteration":2},
{"Acceptance":[0.6615652173913044],"Energy":{"Mean":12.884308326942259,"Sigma":0.33268958714743213,"Taucorr":0.0},"EnergyVariance":{"Mean":21.747759888669002,"Sigma":1.8112118367605419,"Taucorr":-2.7755575615628914e-17},"Iteration":3},
{"Acceptance":[0.607304347826087],"Energy":{"Mean":11.116003288012621,"Sigma":0.3884075085204612,"Taucorr":0.0},"EnergyVariance":{"Mean":28.48201081763621,"Sigma":2.8544877897794994,"Taucorr":0.0},"Iteration":4},
{"Acceptance":[0.5579130434782609],"Energy":{"Mean":8.018587053313496,"Sigma":0.41700014873697927,"Taucorr":-2.7755575615628914e-17},"EnergyVariance":{"Mean":28.161040532092215,"Sigma":3.043426049042287,"Taucorr":8.326672684688674e-17},"Iteration":5},
{"Acceptance":[0.5147826086956522],"Energy":{"Mean":6.290775091000082,"Sigma":0.37313641815348864,"Taucorr":2.7755575615628914e-17},"EnergyVariance":{"Mean":33.02333184712378,"Sigma":3.5882472793997757,"Taucorr":-2.7755575615628914e-17},"Iteration":6},
{"Acceptance":[0.43826086956521737],"Energy":{"Mean":4.101427962476376,"Sigma":0.3771168557243014,"Taucorr":-5.551115123125783e-17},"EnergyVariance":{"Mean":30.017735083346793,"Sigma":3.7617976471681605,"Taucorr":2.7755575615628914e-17},"Iteration":7},
{"Acceptance":[0.40869565217391307],"Energy":{"Mean":1.4998122476452476,"Sigma":0.37345719087778867,"Taucorr":5.551115123125783e-17},"EnergyVariance":{"Mean":29.7279627875638,"Sigma":2.503803599871968,"Taucorr":0.0},"Iteration":8},
{"Acceptance":[0.39895652173913043],"Energy":{"Mean":0.17877221073114927,"Sigma":0.37413618611405947,"Taucorr":0.0},"EnergyVariance":{"Mean":28.68547576560711,"Sigma":2.939607818367654,"Taucorr":-2.7755575615628914e-17},"Iteration":9},
{"Acceptance":[0.36834782608695654],"Energy":{"Mean":-2.079125763974904,"Sigma":0.2899158659439753,"Taucorr":0.0},"EnergyVariance":{"Mean":24.984374932774998,"Sigma":2.4199154217859964,"Taucorr":0.0},"Iteration":10},
{"Acceptance":[0.3467826086956522],"Energy":{"Mean":-2.5396893387033606,"Sigma":0.33830604791752955,"Taucorr":5.551115123125783e-17},"EnergyVariance":{"Mean":33.742341171238074,"Sigma":3.955490832866643,"Taucorr":0.0},"Iteration":11},
{"Acceptance":[0.3217391304347826],"Energy":{"Mean":-4.732312403463388,"Sigma":0.314722040384387,"Taucorr":0.0},"EnergyVariance":{"Mean":28.631826938205283,"Sigma":3.8896000960675936,"Taucorr":5.551115123125783e-17},"Iteration":12},
{"Acceptance":[0.3053913043478261],"Energy":{"Mean":-4.960064124187605,"Sigma":0.30830690880778383,"Taucorr":-8.326672684688674e-17},"EnergyVariance":{"Mean":28.807639546196967,"Sigma":3.486770918268501,"Taucorr":-5.551115123125783e-17},"Iteration":13},
{"Acceptance":[0.28208695652173915],"Energy":{"Mean":-7.361445320229059,"Sigma":0.31722709875921146,"Taucorr":5.551115123125783e-17},"EnergyVariance":{"Mean":26.507599399412214,"Sigma":3.7883878009256358,"Taucorr":0.0},"Iteration":14},
{"Acceptance":[0.2584347826086957],"Energy":{"Mean":-7.391206422595001,"Sigma":0.3262118227382519,"Taucorr":-2.7755575615628914e-17},"EnergyVariance":{"Mean":29.740683364704665,"Sigma":3.665899654917961,"Taucorr":0.0},"Iteration":15},
{"Acceptance":[0.2737391304347826],"Energy":{"Mean":-8.139812867405244,"Sigma":0.30067942987405255,"Taucorr":1.1102230246251565e-16},"EnergyVariance":{"Mean":23.0095958268448,"Sigma":3.162114961809652,"Taucorr":1.1102230246251565e-16},"Iteration":16},
{"Acceptance":[0.24417391304347827],"Energy":{"Mean":-8.160547947303865,"Sigma":0.37076047787866867,"Taucorr":-1.1102230246251565e-16},"EnergyVariance":{"Mean":32.15893536386331,"Sigma":4.325278594103701,"Taucorr":8.326672684688674e-17},"Iteration":17},
{"Acceptance":[0.256],"Energy":{"Mean":-9.439854046522681,"Sigma":0.3506885810377998,"Taucorr":-5.551115123125783e-17},"EnergyVariance":{"Mean":24.38301001129982,"Sigma":3.216043937278055,"Taucorr":-5.551115123125783e-17},"Iteration":18},
{"Acceptance":[0.23130434782608697],"Energy":{"Mean":-10.63850602219549,"Sigma":0.29521189072914966,"Taucorr":0.0},"EnergyVariance":{"Mean":18.33711665379828,"Sigma":2.752735147881479,"Taucorr":0.0},"Iteration":19},
{"Acceptance":[0.24139130434782607],"Energy":{"Mean":-11.417753961821134,"Sigma":0.32762185604030736,"Taucorr":0.0},"EnergyVariance":{"Mean":21.9392581521328,"Sigma":2.7451429292537326,"Taucorr":2.7755575615628914e-17},"Iteration":20},
{"Acceptance":[0.224],"Energy":{"Mean":-12.30309304814109,"Sigma":0.3354172067648847,"Taucorr":5.551115123125783e-17},"EnergyVariance":{"Mean":19.11205692089652,"Sigma":2.317966664950226,"Taucorr":0.0},"Iteration":21},
{"Acceptance":[0.22504347826086957],"Energy":{"Mean":-11.683302793366174,"Sigma":0.37311705333997996,"Taucorr":5.551115123125783e-17},"EnergyVariance":{"Mean":31.196765029985535,"Sigma":4.204956375183285,"Taucorr":-5.551115123125783e-17},"Iteration":22},
{"Acceptance":[0.20695652173913043],"Energy":{"Mean":-12.202650411807706,"Sigma":0.3556012119732208,"Taucorr":0.0},"EnergyVariance":{"Mean":18.92781013330876,"Sigma":2.3735778491600112,"Taucorr":0.0},"Iteration":23},
{"Acceptance":[0.2448695652173913],"Energy":{"Mean":-12.5744418290897,"Sigma":0.4091094020187787,"Taucorr":0.0},"EnergyVariance":{"Mean":24.57373003649048,"Sigma":4.150882937347699,"Taucorr":5.551115123125783e-17},"Iteration":24},
{"Acceptance":[0.22191304347826088],"Energy":{"Mean":-13.199956221001294,"Sigma":0.4036998049390719,"Taucorr":0.0},"EnergyVariance":{"Mean":21.493384160847988,"Sigma":3.3324119817240665,"Taucorr":2.7755575615628914e-17},"Iteration":25},
{"Acceptance":[0.22017391304347825],"Energy":{"Mean":-13.303111825051532,"Sigma":0.296721152096357,"Taucorr":-2.7755575615628914e-17},"EnergyVariance":{"Mean":17.930470909669637,"Sigma":2.925177526770767,"Taucorr":0.0},"Iteration":26},
{"Acceptance":[0.23652173913043478],"Energy":{"Mean":-14.007071292554336,"Sigma":0.3290845279395808,"Taucorr":-2.7755575615628914e-17},"EnergyVariance":{"Mean":16.63580058788012,"Sigma":1.8860916244916175,"Taucorr":-5.551115123125783e-17},"Iteration":27},
{"Acceptance":[0.2128695652173913],"Energy":{"Mean":-13.430071617881735,"Sigma":0.44081269904720993,"Taucorr":-5.551115123125783e-17},"EnergyVariance":{"Mean":28.06479455549554,"Sigma":5.568988659849773,"Taucorr":5.551115123125783e-17},"Iteration":28},
{"Acceptance":[0.22260869565217392],"Energy":{"Mean":-14.126995128242406,"Sigma":0.3832744511652798,"Taucorr":0.0},"EnergyVariance":{"Mean":18.091659456605978,"Sigma":3.276993700953102,"Taucorr":5.551115123125783e-17},"Iteration":29},
{"Acceptance":[0.22434782608695653],"Energy":{"Mean":-14.374255074412583,"Sigma":0.34106179291377686,"Taucorr":0.0},"EnergyVariance":{"Mean":14.506934697546964,"Sigma":1.768928142246035,"Taucorr":0.0},"Iteration":30},
{"Acceptance":[0.22782608695652173],"Energy":{"Mean":-14.302302329651269,"Sigma":0.42640039530596535,"Taucorr":0.0},"EnergyVariance":{"Mean":20.767458637790412,"Sigma":5.1707230278763445,"Taucorr":0.0},"Iteration":31},
{"Acceptance":[0.2222608695652174],"Energy":{"Mean":-16.300688168121486,"Sigma":0.44365966805091167,"Taucorr":0.0},"EnergyVariance":{"Mean":23.26996841272636,"Sigma":3.4639322284209917,"Taucorr":-8.326672684688674e-17},"Iteration":32},
{"Acceptance":[0.2128695652173913],"Energy":{"Mean":-14.995278323705904,"Sigma":0.44207091031958284,"Taucorr":1.1102230246251565e-16},"EnergyVariance":{"Mean":21.94208445244371,"Sigma":3.6520316726640476,"Taucorr":-2.7755575615628914e-17},"Iteration":33},
{"Acceptance":[0.21843478260869564],"Energy":{"Mean":-15.051336757312985,"Sigma":0.3435649526823559,"Taucorr":-2.7755575615628914e-17},"EnergyVariance":{"Mean":13.094586972729628,"Sigma":1.671635161601843,"Taucorr":5.551115123125783e-17},"Iteration":34},
{"Acceptance":[0.22121739130434784],"Energy":{"Mean":-15.11097676962952,"Sigma":0.4349562980449431,"Taucorr":-5.551115123125783e-17},"EnergyVariance":{"Mean":24.25543386582912,"Sigma":4.533031073681748,"Taucorr":0.0},"Iteration":35},
{"Acceptance":[0.21565217391304348],"Energy":{"Mean":-15.233672909772329,"Sigma":0.4328441408458818,"Taucorr":-2.7755575615628914e-17},"EnergyVariance":{"Mean":19.883204802472136,"Sigma":3.465370230875431,"Taucorr":5.551115123125783e-17},"Iteration":36},
{"Acceptance":[0.24834782608695652],"Energy":{"Mean":-15.298944070683316,"Sigma":0.37386238650703824,"Taucorr":-2.7755575615628914e-17},"EnergyVariance":{"Mean":19.58759287906468,"Sigma":4.047148462198195,"Taucorr":-8.326672684688674e-17},"Iteration":37},
{"Acceptance":[0.2306086956521739],"Energy":{"Mean":-15.969443645167587,"Sigma":0.40350073787284824,"Taucorr":1.1102230246251565e-16},"EnergyVariance":{"Mean":19.338534515527076,"Sigma":3.513780001568396,"Taucorr":0.0},"Iteration":38},
{"Acceptance":[0.22469565217391305],"Energy":{"Mean":-15.585878047538243,"Sigma":0.3301227192510535,"Taucorr":-5.551115123125783e-17},"EnergyVariance":{"Mean":14.730624115644154,"Sigma":2.0615965146056117,"Taucorr":5.551115123125783e-17},"Iteration":39},
{"Acceptance":[0.24],"Energy":{"Mean":-15.70388568796797,"Sigma":0.4543447545186917,"Taucorr":5.551115123125783e-17},"EnergyVariance":{"Mean":21.721634904234325,"Sigma":3.7617983323515913,"Taucorr":0.0},"Iteration":40},
{"Acceptance":[0.21530434782608696],"Energy":{"Mean":-14.678893757978694,"Sigma":0.42017851939158857,"Taucorr":0.0},"EnergyVariance":{"Mean":19.37900012859268,"Sigma":4.700020506229702,"Taucorr":0.0},"Iteration":41},
{"Acceptance":[0.2253913043478261],"Energy":{"Mean":-16.012483978409815,"Sigma":0.40920184705672746,"Taucorr":2.7755575615628914e-17},"EnergyVariance":{"Mean":20.96282058605499,"Sigma":4.447284044710585,"Taucorr":1.1102230246251565e-16},"Iteration":42},
{"Acceptance":[0.22678260869565217],"Energy":{"Mean":-15.138861823317837,"Sigma":0.37799332896812027,"Taucorr":-2.7755575615628914e-17},"EnergyVariance":{"Mean":18.96922115590501,"Sigma":3.8997718310651734,"Taucorr":0.0},"Iteration":43},
{"Acceptance":[0.2288695652173913],"Energy":{"Mean":-15.606474556517338,"Sigma":0.39311414321744603,"Taucorr":0.0},"EnergyVariance":{"Mean":18.627987766256965,"Sigma":2.850868160605558,"Taucorr":-2.7755575615628914e-17},"Iteration":44},
{"Acceptance":[0.21565217391304348],"Energy":{"Mean":-15.027494124219341,"Sigma":0.41942938429810783,"Taucorr":-2.7755575615628914e-17},"EnergyVariance":{"Mean":19.148632401192415,"Sigma":2.7658744165705715,"Taucorr":0.0},"Iteration":45},
{"Acceptance":[0.22121739130434784],"Energy":{"Mean":-15.09042358159913,"Sigma":0.46693884609272784,"Taucorr":0.0},"EnergyVariance":{"Mean":24.281412571763383,"Sigma":4.8747440591165585,"Taucorr":0.0},"Iteration":46},
{"Acceptance":[0.20521739130434782],"Energy":{"Mean":-15.967085366931983,"Sigma":0.48015797886020306,"Taucorr":2.7755575615628914e-17},"EnergyVariance":{"Mean":27.830277616779586,"Sigma":6.894400590137706,"Taucorr":0.0},"Iteration":47},
{"Acceptance":[0.23791304347826087],"Energy":{"Mean":-15.050278839311062,"Sigma":0.46426435337622224,"Taucorr":-1.1102230246251565e-16},"EnergyVariance":{"Mean":24.85736008158623,"Sigma":3.8006753673810896,"Taucorr":-2.7755575615628914e-17},"Iteration":48},
{"Acceptance":[0.22991304347826086],"Energy":{"Mean":-15.375705600210171,"Sigma":0.46781426008761207,"Taucorr":5.551115123125783e-17},"EnergyVariance":{"Mean":25.864245789190793,"Sigma":6.206339273161261,"Taucorr":5.551115123125783e-17},"Iteration":49},
{"Acceptance":[0.2111304347826087],"Energy":{"Mean":-15.633332039551146,"Sigma":0.37319903515495306,"Taucorr":5.551115123125783e-17},"EnergyVariance":{"Mean":16.082700194421427,"Sigma":2.327389285602478,"Taucorr":-2.7755575615628914e-17},"Iteration":50},
{"Acceptance":[0.24556521739130435],"Energy":{"Mean":-15.278652538072425,"Sigma":0.3726501240154655,"Taucorr":0.0},"EnergyVariance":{"Mean":15.412774816706873,"Sigma":3.033750947803457,"Taucorr":-2.7755575615628914e-17},"Iteration":51},
{"Acceptance":[0.22678260869565217],"Energy":{"Mean":-16.956676694267813,"Sigma":0.5164577042860126,"Taucorr":-5.551115123125783e-17},"EnergyVariance":{"Mean":31.459844827305446,"Sigma":6.19200975660238,"Taucorr":-2.7755575615628914e-17},"Iteration":52},
{"Acceptance":[0.2274782608695652],"Energy":{"Mean":-15.633284527646754,"Sigma":0.47826641549787136,"Taucorr":5.551115123125783e-17},"EnergyVariance":{"Mean":25.83915941207813,"Sigma":10.209497703375511,"Taucorr":-5.551115123125783e-17},"Iteration":53},
{"Acceptance":[0.20452173913043478],"Energy":{"Mean":-16.047269220125663,"Sigma":0.3915442485242535,"Taucorr":0.0},"EnergyVariance":{"Mean":20.833524953963234,"Sigma":6.504614060151675,"Taucorr":0.0},"Iteration":54},
{"Acceptance":[0.2333913043478261],"Energy":{"Mean":-16.068375877287004,"Sigma":0.3773981346054725,"Taucorr":0.0},"EnergyVariance":{"Mean":18.969643958601424,"Sigma":3.4264521366926717,"Taucorr":8.326672684688674e-17},"Iteration":55},
{"Acceptance":[0.23617391304347826],"Energy":{"Mean":-16.122468805772755,"Sigma":0.3851475653883701,"Taucorr":5.551115123125783e-17},"EnergyVariance":{"Mean":17.59938205514432,"Sigma":3.8053502960029344,"Taucorr":-2.7755575615628914e-17},"Iteration":56},
{"Acceptance":[0.21530434782608696],"Energy":{"Mean":-15.926937737904794,"Sigma":0.43690655546658197,"Taucorr":0.0},"EnergyVariance":{"Mean":23.785406386387614,"Sigma":3.2302093285910827,"Taucorr":0.0},"Iteration":57},
{"Acceptance":[0.22504347826086957],"Energy":{"Mean":-15.70683135151302,"Sigma":0.3899767704664889,"Taucorr":0.0},"EnergyVariance":{"Mean":16.91185629847989,"Sigma":3.9441321918004824,"Taucorr":-2.7755575615628914e-17},"Iteration":58},
{"Acceptance":[0.23652173913043478],"Energy":{"Mean":-16.261804876413095,"Sigma":0.4241922498533632,"Taucorr":-2.7755575615628914e-17},"EnergyVariance":{"Mean":23.267347038844335,"Sigma":5.314595140999175,"Taucorr":5.551115123125783e-17},"Iteration":59},
{"Acceptance":[0.2271304347826087],"Energy":{"Mean":-15.35517343578087,"Sigma":0.36510266740984715,"Taucorr":0.0},"EnergyVariance":{"Mean":14.144062802009987,"Sigma":2.1977264405471626,"Taucorr":0.0},"Iteration":60},
{"Acceptance":[0.23547826086956522],"Energy":{"Mean":-14.794636639434433,"Sigma":0.41308504339123187,"Taucorr":1.1102230246251565e-16},"EnergyVariance":{"Mean":19.66372001698135,"Sigma":2.827512014041381,"Taucorr":2.7755575615628914e-17},"Iteration":61},
{"Acceptance":[0.23130434782608697],"Energy":{"Mean":-16.969210198286042,"Sigma":0.5331674843912618,"Taucorr":-2.7755575615628914e-17},"EnergyVariance":{"Mean":32.77349409543954,"Sigma":7.562242792796259,"Taucorr":5.551115123125783e-17},"Iteration":62},
{"Acceptance":[0.23408695652173914],"Energy":{"Mean":-16.264468513078533,"Sigma":0.43223756465164187,"Taucorr":1.6653345369377348e-16},"EnergyVariance":{"Mean":20.967627331046927,"Sigma":4.321906911609719,"Taucorr":-5.551115123125783e-17},"Iteration":63},
{"Acceptance":[0.22643478260869565],"Energy":{"Mean":-16.080335166210354,"Sigma":0.4302079359688685,"Taucorr":0.0},"EnergyVariance":{"Mean":21.17086269259435,"Sigma":2.9767168539201765,"Taucorr":5.551115123125783e-17},"Iteration":64},
{"Acceptance":[0.23373913043478262],"Energy":{"Mean":-15.962664251070063,"Sigma":0.3864330283016635,"Taucorr":2.7755575615628914e-17},"EnergyVariance":{"Mean":17.17683646292231,"Sigma":2.7355640756546054,"Taucorr":0.0},"Iteration":65},
{"Acceptance":[0.22434782608695653],"Energy":{"Mean":-15.509703824773768,"Sigma":0.4117956637739463,"Taucorr":5.551115123125783e-17},"EnergyVariance":{"Mean":18.65302075414162,"Sigma":3.8684502335348814,"Taucorr":0.0},"Iteration":66},
{"Acceptance":[0.2271304347826087],"Energy":{"Mean":-16.646537845290258,"Sigma":0.5116496143134246,"Taucorr":0.0},"EnergyVariance":{"Mean":39.14718040235252,"Sigma":9.878762542874831,"Taucorr":0.0},"Iteration":67},
{"Acceptance":[0.22469565217391305],"Energy":{"Mean":-15.580325919933058,"Sigma":0.4487875857820736,"Taucorr":0.0},"EnergyVariance":{"Mean":21.80937674505071,"Sigma":2.89723778523533,"Taucorr":-5.551115123125783e-17},"Iteration":68},
{"Acceptance":[0.2257391304347826],"Energy":{"Mean":-15.580989424186267,"Sigma":0.4320504358708021,"Taucorr":-5.551115123125783e-17},"EnergyVariance":{"Mean":19.560977706756404,"Sigma":6.777500413865754,"Taucorr":2.7755575615628914e-17},"Iteration":69},
{"Acceptance":[0.2253913043478261],"Energy":{"Mean":-16.439012883464848,"Sigma":0.4424710512760603,"Taucorr":5.551115123125783e-17},"EnergyVariance":{"Mean":22.314736947683393,"Sigma":4.881422268537977,"Taucorr":-2.7755575615628914e-17},"Iteration":70},
{"Acceptance":[0.25356521739130433],"Energy":{"Mean":-15.569423063130618,"Sigma":0.43932406052629225,"Taucorr":-2.7755575615628914e-17},"EnergyVariance":{"Mean":23.174491292511213,"Sigma":5.3243463866851375,"Taucorr":0.0},"Iteration":71},
{"Acceptance":[0.22921739130434782],"Energy":{"Mean":-16.33039472218974,"Sigma":0.4120439609390106,"Taucorr":-5.551115123125783e-17},"EnergyVariance":{"Mean":23.229562892065466,"Sigma":4.876920010217646,"Taucorr":-5.551115123125783e-17},"Iteration":72},
{"Acceptance":[0.24869565217391304],"Energy":{"Mean":-16.51401325950726,"Sigma":0.44548643848815367,"Taucorr":5.551115123125783e-17},"EnergyVariance":{"Mean":20.66338803647213,"Sigma":4.0327880470842095,"Taucorr":-2.7755575615628914e-17},"Iteration":73},
{"Acceptance":[0.2257391304347826],"Energy":{"Mean":-16.0731572889879,"Sigma":0.4016472899770754,"Taucorr":-5.551115123125783e-17},"EnergyVariance":{"Mean":23.40866889458572,"Sigma":4.239564385619843,"Taucorr":0.0},"Iteration":74},
{"Acceptance":[0.23652173913043478],"Energy":{"Mean":-16.47273625209579,"Sigma":0.45349114430946164,"Taucorr":-2.7755575615628914e-17},"EnergyVariance":{"Mean":28.45116401341794,"Sigma":7.671433180396594,"Taucorr":0.0},"Iteration":75},
{"Acceptance":[0.21356521739130435],"Energy":{"Mean":-16.809151218122704,"Sigma":0.3438449706074404,"Taucorr":-2.7755575615628914e-17},"EnergyVariance":{"Mean":12.39089390095053,"Sigma":1.9220955756765974,"Taucorr":-5.551115123125783e-17},"Iteration":76},
{"Acceptance":[0.23234782608695653],"Energy":{"Mean":-16.826696965274216,"Sigma":0.3602060349420428,"Taucorr":-2.7755575615628914e-17},"EnergyVariance":{"Mean":14.64548937716571,"Sigma":2.8480284253012975,"Taucorr":0.0},"Iteration":77},
{"Acceptance":[0.2431304347826087],"Energy":{"Mean":-15.027435021647696,"Sigma":0.4263026295738888,"Taucorr":-2.7755575615628914e-17},"EnergyVariance":{"Mean":21.62550175803273,"Sigma":4.062446150448552,"Taucorr":5.551115123125783e-17},"Iteration":78},
{"Acceptance":[0.23373913043478262],"Energy":{"Mean":-16.698062258795225,"Sigma":0.3469538101152909,"Taucorr":-8.326672684688674e-17},"EnergyVariance":{"Mean":17.211573371282746,"Sigma":3.0006763028938352,"Taucorr":0.0},"Iteration":79},
{"Acceptance":[0.18956521739130436],"Energy":{"Mean":-16.243277111724765,"Sigma":0.3406020860277239,"Taucorr":0.0},"EnergyVariance":{"Mean":15.114227040915317,"Sigma":2.4684537551637744,"Taucorr":-2.7755575615628914e-17},"Iteration":80},
{"Acceptance":[0.21043478260869566],"Energy":{"Mean":-16.16133128193818,"Sigma":0.400563761238812,"Taucorr":0.0},"EnergyVariance":{"Mean":19.831441280141476,"Sigma":3.3573959676361373,"Taucorr":0.0},"Iteration":81},
{"Acceptance":[0.22121739130434784],"Energy":{"Mean":-16.364948817969555,"Sigma":0.45087721166975686,"Taucorr":-8.326672684688674e-17},"EnergyVariance":{"Mean":21.805132304303577,"Sigma":6.804163147467498,"Taucorr":-2.7755575615628914e-17},"Iteration":82},
{"Acceptance":[0.22086956521739132],"Energy":{"Mean":-15.96209930363528,"Sigma":0.43614616526238464,"Taucorr":0.0},"EnergyVariance":{"Mean":21.389380717884553,"Sigma":5.645874417773719,"Taucorr":0.0},"Iteration":83},
{"Acceptance":[0.1986086956521739],"Energy":{"Mean":-16.221728306412523,"Sigma":0.41205440685752526,"Taucorr":0.0},"EnergyVariance":{"Mean":38.59239297856987,"Sigma":11.999636219653627,"Taucorr":-2.7755575615628914e-17},"Iteration":84},
{"Acceptance":[0.19443478260869565],"Energy":{"Mean":-17.131650806460936,"Sigma":0.4470723626699539,"Taucorr":-2.7755575615628914e-17},"EnergyVariance":{"Mean":22.24257704176375,"Sigma":6.885525525289469,"Taucorr":5.551115123125783e-17},"Iteration":85},
{"Acceptance":[0.18434782608695652],"Energy":{"Mean":-17.327473198232273,"Sigma":0.524730922684806,"Taucorr":-2.7755575615628914e-17},"EnergyVariance":{"Mean":32.67327893943254,"Sigma":11.817175002207566,"Taucorr":2.7755575615628914e-17},"Iteration":86},
{"Acceptance":[0.23234782608695653],"Energy":{"Mean":-16.352042145907244,"Sigma":0.41974601324494837,"Taucorr":-5.551115123125783e-17},"EnergyVariance":{"Mean":19.969336283107182,"Sigma":6.669501888063558,"Taucorr":0.0},"Iteration":87},
{"Acceptance":[0.18678260869565216],"Energy":{"Mean":-17.191507621639786,"Sigma":0.42988275690944433,"Taucorr":0.0},"EnergyVariance":{"Mean":20.055173804514176,"Sigma":4.154097519324163,"Taucorr":-2.7755575615628914e-17},"Iteration":88},
{"Acceptance":[0.1565217391304348],"Energy":{"Mean":-16.994692724535785,"Sigma":0.360262303571207,"Taucorr":5.551115123125783e-17},"EnergyVariance":{"Mean":15.999658245080427,"Sigma":3.5011448768521842,"Taucorr":-2.7755575615628914e-17},"Iteration":89},
{"Acceptance":[0.13495652173913045],"Energy":{"Mean":-17.933668565040747,"Sigma":0.30953637379060517,"Taucorr":5.551115123125783e-17},"EnergyVariance":{"Mean":12.367041609523964,"Sigma":3.285172532224993,"Taucorr":5.551115123125783e-17},"Iteration":90},
{"Acceptance":[0.1554782608695652],"Energy":{"Mean":-17.713377400316226,"Sigma":0.4614067013225288,"Taucorr":5.551115123125783e-17},"EnergyVariance":{"Mean":25.024488111495778,"Sigma":8.238125008324483,"Taucorr":-8.326672684688674e-17},"Iteration":91},
{"Acceptance":[0.13843478260869566],"Energy":{"Mean":-17.945918737494008,"Sigma":0.3274676752364125,"Taucorr":5.551115123125783e-17},"EnergyVariance":{"Mean":16.86587218560527,"Sigma":9.538569256126957,"Taucorr":-2.7755575615628914e-17},"Iteration":92},
{"Acceptance":[0.12069565217391304],"Energy":{"Mean":-17.286698629140815,"Sigma":0.3828722458301011,"Taucorr":5.551115123125783e-17},"EnergyVariance":{"Mean":18.00788078251151,"Sigma":3.715734288037286,"Taucorr":1.1102230246251565e-16},"Iteration":93},
{"Acceptance":[0.11304347826086956],"Energy":{"Mean":-17.768018016919445,"Sigma":0.3925232770734256,"Taucorr":5.551115123125783e-17},"EnergyVariance":{"Mean":19.327350669031556,"Sigma":4.81339513018241,"Taucorr":0.0},"Iteration":94},
{"Acceptance":[0.13669565217391305],"Energy":{"Mean":-18.84442126063537,"Sigma":0.4633851866145525,"Taucorr":-2.7755575615628914e-17},"EnergyVariance":{"Mean":21.645254439460274,"Sigma":7.319232696708693,"Taucorr":0.0},"Iteration":95},
{"Acceptance":[0.13878260869565218],"Energy":{"Mean":-18.913174748686338,"Sigma":0.39214951250544783,"Taucorr":0.0},"EnergyVariance":{"Mean":18.6431207094479,"Sigma":4.002325001215599,"Taucorr":5.551115123125783e-17},"Iteration":96},
{"Acceptance":[0.12452173913043478],"Energy":{"Mean":-18.32946680014377,"Sigma":0.2915216655762972,"Taucorr":0.0},"EnergyVariance":{"Mean":9.475602651428986,"Sigma":1.545687697084969,"Taucorr":0.0},"Iteration":97},
{"Acceptance":[0.12173913043478261],"Energy":{"Mean":-17.853609953770974,"Sigma":0.3214879441964854,"Taucorr":-5.551115123125783e-17},"EnergyVariance":{"Mean":11.037657894654384,"Sigma":1.7162380260871015,"Taucorr":-5.551115123125783e-17},"Iteration":98},
{"Acceptance":[0.09217391304347826],"Energy":{"Mean":-18.180263409205992,"Sigma":0.21315903963745034,"Taucorr":-5.551115123125783e-17},"EnergyVariance":{"Mean":4.969753459848105,"Sigma":0.6783742152498832,"Taucorr":0.0},"Iteration":99} 
]}
{"input": {"L": 22, "J": 1, "machine": {"type": "FFNN", "model": ["tanh", 50, 3]}, "sampler": {"type": "MetropolisHop", "d_max": 5}, "optimizer": {"type": "AdaMax", "alpha": 0.001, "beta1": 0.9, "beta2": 0.999, "epscut": 1e-07}, "VMC": {"n_samples": 100, "discarded_samples": 100, "discarded_samples_on_init": 0, "target": "energy", "method": "Gd", "diag_shift": 0.01, "use_iterative": true, "use_cholesky": true}, "n_iter": 100}}
duration: -2.9420740604400635