{"Output": [
{"Acceptance":[0.8017391304347826],"Energy":{"Mean":17.55779676898693,"Sigma":0.31926890931974117,"Taucorr":0.0},"EnergyVariance":{"Mean":12.514951193268086,"Sigma":1.5397613751402608,"Taucorr":0.0},"Iteration":0},
{"Acceptance":[0.7266086956521739],"Energy":{"Mean":16.084922262427696,"Sigma":0.3606267406923769,"Taucorr":-2.7755575615628914e-17},"EnergyVariance":{"Mean":16.77905799108442,"Sigma":1.7847722349357134,"Taucorr":2.7755575615628914e-17},"Iteration":1},
{"Acceptance":[0.6413913043478261],"Energy":{"Mean":13.894544415244763,"Sigma":0.35428903497099873,"Taucorr":5.551115123125783e-17},"EnergyVariance":{"Mean":19.844657528490288,"Sigma":2.0367846668430793,"Taucorr":5.551115123125783e-17},"Iteration":2},
{"Acceptance":[0.5735652173913044],"Energy":{"Mean":10.399518370793317,"Sigma":0.33428514573580426,"Taucorr":5.551115123125783e-17},"EnergyVariance":{"Mean":24.461487499854066,"Sigma":2.5203916021211454,"Taucorr":-5.551115123125783e-17},"Iteration":3},
{"Acceptance":[0.5283478260869565],"Energy":{"Mean":8.494070677961318,"Sigma":0.3773706598950758,"Taucorr":0.0},"EnergyVariance":{"Mean":28.49718782830316,"Sigma":2.7940969230172135,"Taucorr":0.0},"Iteration":4},
{"Acceptance":[0.4723478260869565],"Energy":{"Mean":6.429926240320381,"Sigma":0.3997704489204712,"Taucorr":5.551115123125783e-17},"EnergyVariance":{"Mean":28.783912056140807,"Sigma":2.764538968919287,"Taucorr":-5.551115123125783e-17},"Iteration":5},
{"Acceptance":[0.45460869565217393],"Energy":{"Mean":2.5502775805621773,"Sigma":0.4104430179054723,"Taucorr":-2.7755575615628914e-17},"EnergyVariance":{"Mean":30.88481660296795,"Sigma":2.8628373290101696,"Taucorr":-5.551115123125783e-17},"Iteration":6},
{"Acceptance":[0.38956521739130434],"Energy":{"Mean":0.42829819048390805,"Sigma":0.4253853329559265,"Taucorr":0.0},"EnergyVariance":{"Mean":34.76124052948357,"Sigma":3.8442220650858414,"Taucorr":0.0},"Iteration":7},
{"Acceptance":[0.27060869565217394],"Energy":{"Mean":-3.3209057079475692,"Sigma":0.497898187211196,"Taucorr":5.551115123125783e-17},"EnergyVariance":{"Mean":40.98271343015121,"Sigma":4.937624966132214,"Taucorr":-2.7755575615628914e-17},"Iteration":8},
{"Acceptance":[0.22921739130434782],"Energy":{"Mean":-6.1981578740599925,"Sigma":0.4627754102964433,"Taucorr":-2.7755575615628914e-17},"EnergyVariance":{"Mean":41.86101164778149,"Sigma":5.466465050324718,"Taucorr":0.0},"Iteration":9},
{"Acceptance":[0.14608695652173914],"Energy":{"Mean":-10.244927319052792,"Sigma":0.2975766594319104,"Taucorr":null},"EnergyVariance":{"Mean":14.03377849385871,"Sigma":2.108950875177253,"Taucorr":null},"Iteration":10},
{"Acceptance":[0.11826086956521739],"Energy":{"Mean":-9.725180015208116,"Sigma":0.3088076152478755,"Taucorr":null},"EnergyVariance":{"Mean":20.799365841319503,"Sigma":3.8121013664819507,"Taucorr":null},"Iteration":11},
{"Acceptance":[0.024695652173913042],"Energy":{"Mean":-10.878539930224854,"Sigma":0.28237924528242725,"Taucorr":null},"EnergyVariance":{"Mean":11.840952471014125,"Sigma":5.642441477105669,"Taucorr":null},"Iteration":12},
{"Acceptance":[0.011478260869565217],"Energy":{"Mean":-9.354089368482555,"Sigma":0.25091942873072726,"Taucorr":null},"EnergyVariance":{"Mean":6.23859215348895,"Sigma":0.7972802448665849,"Taucorr":null},"Iteration":13},
{"Acceptance":[0.001391304347826087],"Energy":{"Mean":-8.250409807272918,"Sigma":0.0,"Taucorr":null},"EnergyVariance":{"Mean":3.1889404780959785,"Sigma":0.0,"Taucorr":null},"Iteration":14},
{"Acceptance":[0.010782608695652174],"Energy":{"Mean":-8.227515956679127,"Sigma":0.03031313345025846,"Taucorr":null},"EnergyVariance":{"Mean":0.24370404028136922,"Sigma":0.043148718552287545,"Taucorr":null},"Iteration":15},
{"Acceptance":[0.004869565217391304],"Energy":{"Mean":-13.989937857927618,"Sigma":8.727359537137825e-05,"Taucorr":null},"EnergyVariance":{"Mean":0.00013696662460630865,"Sigma":6.344079703285021e-08,"Taucorr":null},"Iteration":16},
{"Acceptance":[0.0010434782608695651],"Energy":{"Mean":-11.319128158078346,"Sigma":0.056812035109055324,"Taucorr":null},"EnergyVariance":{"Mean":18.197084437048257,"Sigma":0.1947842131882117,"Taucorr":null},"Iteration":17},
{"Acceptance":[0.0041739130434782605],"Energy":{"Mean":-10.120052351676758,"Sigma":0.0683418795138101,"Taucorr":null},"EnergyVariance":{"Mean":0.4659961803954045,"Sigma":0.25707550310754684,"Taucorr":null},"Iteration":18},
{"Acceptance":[0.001391304347826087],"Energy":{"Mean":-9.499999833472861,"Sigma":0.0,"Taucorr":null},"EnergyVariance":{"Mean":4.749999589303184,"Sigma":0.0,"Taucorr":null},"Iteration":19},
{"Acceptance":[0.007304347826086957],"Energy":{"Mean":-11.000000025595607,"Sigma":0.0,"Taucorr":null},"EnergyVariance":{"Mean":9.000000163118942,"Sigma":0.0,"Taucorr":null},"Iteration":20},
{"Acceptance":[0.0],"Energy":{"Mean":-8.000000000021736,"Sigma":0.0,"Taucorr":null},"EnergyVariance":{"Mean":2.4853945693383798e-24,"Sigma":0.0,"Taucorr":null},"Iteration":21},
{"Acceptance":[0.0034782608695652175],"Energy":{"Mean":-12.00000000941375,"Sigma":0.0,"Taucorr":null},"EnergyVariance":{"Mean":8.222276830688236e-17,"Sigma":0.0,"Taucorr":null},"Iteration":22},
{"Acceptance":[0.00591304347826087],"Energy":{"Mean":-10.0800189185331,"Sigma":0.03741819286472244,"Taucorr":null},"EnergyVariance":{"Mean":6.473686322554534,"Sigma":0.218524063034097,"Taucorr":null},"Iteration":23},
{"Acceptance":[0.0010434782608695651],"Energy":{"Mean":-12.999999968337372,"Sigma":0.0,"Taucorr":null},"EnergyVariance":{"Mean":3.000000190095101,"Sigma":0.0,"Taucorr":null},"Iteration":24},
{"Acceptance":[0.003130434782608696],"Energy":{"Mean":-8.749957144588787,"Sigma":0.0,"Taucorr":null},"EnergyVariance":{"Mean":0.6874783339493684,"Sigma":0.0,"Taucorr":null},"Iteration":25},
{"Acceptance":[0.0006956521739130435],"Energy":{"Mean":-7.999999999748278,"Sigma":0.0,"Taucorr":null},"EnergyVariance":{"Mean":1.4930416836191975e-18,"Sigma":0.0,"Taucorr":null},"Iteration":26},
{"Acceptance":[0.0017391304347826088],"Energy":{"Mean":-11.499999998540414,"Sigma":0.0,"Taucorr":null},"EnergyVariance":{"Mean":0.7499999985404231,"Sigma":0.0,"Taucorr":null},"Iteration":27},
{"Acceptance":[0.0017391304347826088],"Energy":{"Mean":-12.50000458568154,"Sigma":0.0,"Taucorr":null},"EnergyVariance":{"Mean":0.7499954143805903,"Sigma":0.0,"Taucorr":null},"Iteration":28},
{"Acceptance":[0.002782608695652174],"Energy":{"Mean":-10.423854603750911,"Sigma":0.06500688494030442,"Taucorr":null},"EnergyVariance":{"Mean":4.929420838011374,"Sigma":0.024826255642154665,"Taucorr":null},"Iteration":29},
{"Acceptance":[0.00034782608695652176],"Energy":{"Mean":-12.500005123836134,"Sigma":0.0,"Taucorr":null},"EnergyVariance":{"Mean":0.7500153716123548,"Sigma":0.0,"Taucorr":null},"Iteration":30},
{"Acceptance":[0.0017391304347826088],"Energy":{"Mean":-12.369986308138726,"Sigma":0.0435889765230267,"Taucorr":null},"EnergyVariance":{"Mean":1.3531385603624404,"Sigma":0.05492332976929029,"Taucorr":null},"Iteration":31},
{"Acceptance":[0.007304347826086957],"Energy":{"Mean":-10.042426357063372,"Sigma":0.1188836175653421,"Taucorr":null},"EnergyVariance":{"Mean":4.4079550038571025,"Sigma":0.36553125023414823,"Taucorr":null},"Iteration":32},
{"Acceptance":[0.003130434782608696],"Energy":{"Mean":-12.500314592829872,"Sigma":0.0,"Taucorr":null},"EnergyVariance":{"Mean":0.2503148826594974,"Sigma":0.0,"Taucorr":null},"Iteration":33},
{"Acceptance":[0.00034782608695652176],"Energy":{"Mean":-11.999980619488626,"Sigma":0.0,"Taucorr":null},"EnergyVariance":{"Mean":1.9999244981964217,"Sigma":0.0,"Taucorr":null},"Iteration":34},
{"Acceptance":[0.0],"Energy":{"Mean":-11.000000394473124,"Sigma":0.0,"Taucorr":null},"EnergyVariance":{"Mean":0.9999992110542598,"Sigma":0.0,"Taucorr":null},"Iteration":35},
{"Acceptance":[0.006260869565217392],"Energy":{"Mean":-12.390570714469014,"Sigma":0.07648590646017912,"Taucorr":null},"EnergyVariance":{"Mean":1.7374958218940701,"Sigma":0.016741181258611484,"Taucorr":null},"Iteration":36},
{"Acceptance":[0.002782608695652174],"Energy":{"Mean":-10.5199797673828,"Sigma":0.020000000575994888,"Taucorr":null},"EnergyVariance":{"Mean":0.7695401134759302,"Sigma":0.019200811009656347,"Taucorr":null},"Iteration":37},
{"Acceptance":[0.003130434782608696],"Energy":{"Mean":-10.499964627504466,"Sigma":0.0,"Taucorr":null},"EnergyVariance":{"Mean":0.749893906554903,"Sigma":0.0,"Taucorr":null},"Iteration":38},
{"Acceptance":[0.0010434782608695651],"Energy":{"Mean":-11.139992817179944,"Sigma":0.045826186097072286,"Taucorr":null},"EnergyVariance":{"Mean":0.9803876394225629,"Sigma":0.01282981460994586,"Taucorr":null},"Iteration":39},
{"Acceptance":[0.0041739130434782605],"Energy":{"Mean":-10.000000003013252,"Sigma":0.0,"Taucorr":null},"EnergyVariance":{"Mean":8.0,"Sigma":0.0,"Taucorr":null},"Iteration":40},
{"Acceptance":[0.0006956521739130435],"Energy":{"Mean":-11.000147206984849,"Sigma":0.0,"Taucorr":null},"EnergyVariance":{"Mean":9.000883367936463,"Sigma":0.0,"Taucorr":null},"Iteration":41},
{"Acceptance":[0.00591304347826087],"Energy":{"Mean":-12.390558940323851,"Sigma":0.04477153443319701,"Taucorr":null},"EnergyVariance":{"Mean":0.6190876010244742,"Sigma":0.12338156296532013,"Taucorr":null},"Iteration":42},
{"Acceptance":[0.0006956521739130435],"Energy":{"Mean":-12.282191514764111,"Sigma":0.05108471650220938,"Taucorr":null},"EnergyVariance":{"Mean":1.9921466770801577,"Sigma":0.07497104509415208,"Taucorr":null},"Iteration":43},
{"Acceptance":[0.01008695652173913],"Energy":{"Mean":-11.339999951965824,"Sigma":0.08164965809281365,"Taucorr":null},"EnergyVariance":{"Mean":2.5644002248034528,"Sigma":0.10777755652654795,"Taucorr":null},"Iteration":44},
{"Acceptance":[0.003130434782608696],"Energy":{"Mean":-11.999999999921187,"Sigma":0.0,"Taucorr":null},"EnergyVariance":{"Mean":1.9999999996645066,"Sigma":0.0,"Taucorr":null},"Iteration":45},
{"Acceptance":[0.001391304347826087],"Energy":{"Mean":-11.749838969496817,"Sigma":0.0,"Taucorr":null},"EnergyVariance":{"Mean":0.18742263496807793,"Sigma":0.0,"Taucorr":null},"Iteration":46},
{"Acceptance":[0.00591304347826087],"Energy":{"Mean":-11.499999954654184,"Sigma":0.0,"Taucorr":null},"EnergyVariance":{"Mean":0.7499999454755573,"Sigma":0.0,"Taucorr":null},"Iteration":47},
{"Acceptance":[0.001391304347826087],"Energy":{"Mean":-10.50000003166768,"Sigma":0.0,"Taucorr":null},"EnergyVariance":{"Mean":2.7500000950030428,"Sigma":0.0,"Taucorr":null},"Iteration":48},
{"Acceptance":[0.001391304347826087],"Energy":{"Mean":-12.500021351377217,"Sigma":0.0,"Taucorr":null},"EnergyVariance":{"Mean":0.7499606957747038,"Sigma":0.0,"Taucorr":null},"Iteration":49},
{"Acceptance":[0.0010434782608695651],"Energy":{"Mean":-12.879013843149819,"Sigma":0.0,"Taucorr":null},"EnergyVariance":{"Mean":26.38681479845123,"Sigma":0.0,"Taucorr":null},"Iteration":50},
{"Acceptance":[0.001391304347826087],"Energy":{"Mean":-10.751710796034367,"Sigma":0.0,"Taucorr":null},"EnergyVariance":{"Mean":1.1815204890179045,"Sigma":0.0,"Taucorr":null},"Iteration":51},
{"Acceptance":[0.0010434782608695651],"Energy":{"Mean":-11.999999995984972,"Sigma":0.0,"Taucorr":null},"EnergyVariance":{"Mean":0.5000000086648424,"Sigma":0.0,"Taucorr":null},"Iteration":52},
{"Acceptance":[0.0038260869565217392],"Energy":{"Mean":-11.29125170452054,"Sigma":0.0,"Taucorr":null},"EnergyVariance":{"Mean":3.757859915009683,"Sigma":0.0,"Taucorr":null},"Iteration":53},
{"Acceptance":[0.0017391304347826088],"Energy":{"Mean":-12.000001502502199,"Sigma":0.0,"Taucorr":null},"EnergyVariance":{"Mean":2.0000000850539266,"Sigma":0.0,"Taucorr":null},"Iteration":54},
{"Acceptance":[0.0017391304347826088],"Energy":{"Mean":-10.770231079695971,"Sigma":0.02023150293100178,"Taucorr":null},"EnergyVariance":{"Mean":2.778600321126689,"Sigma":0.09069204794274374,"Taucorr":null},"Iteration":55},
{"Acceptance":[0.0006956521739130435],"Energy":{"Mean":-11.500000215230928,"Sigma":0.0,"Taucorr":null},"EnergyVariance":{"Mean":2.7500010761558125,"Sigma":0.0,"Taucorr":null},"Iteration":56},
{"Acceptance":[0.002434782608695652],"Energy":{"Mean":-8.749999999836982,"Sigma":0.0,"Taucorr":null},"EnergyVariance":{"Mean":1.6875000002445264,"Sigma":0.0,"Taucorr":null},"Iteration":57},
{"Acceptance":[0.002434782608695652],"Energy":{"Mean":-10.320017045884935,"Sigma":0.04899228178457124,"Taucorr":null},"EnergyVariance":{"Mean":7.817719058242538,"Sigma":0.26260193576829416,"Taucorr":null},"Iteration":58},
{"Acceptance":[0.0020869565217391303],"Energy":{"Mean":-11.709999993273104,"Sigma":0.03999999994108565,"Taucorr":null},"EnergyVariance":{"Mean":3.165899979784791,"Sigma":0.023200000268323927,"Taucorr":null},"Iteration":59},
{"Acceptance":[0.0010434782608695651],"Energy":{"Mean":-9.439995658734926,"Sigma":0.10132456134916672,"Taucorr":null},"EnergyVariance":{"Mean":3.6863757263259567,"Sigma":0.11348438978883303,"Taucorr":null},"Iteration":60},
{"Acceptance":[0.00034782608695652176],"Energy":{"Mean":-9.250003031015193,"Sigma":0.0,"Taucorr":null},"EnergyVariance":{"Mean":0.6875030542715517,"Sigma":0.0,"Taucorr":null},"Iteration":61},
{"Acceptance":[0.0],"Energy":{"Mean":-10.999999999490992,"Sigma":0.0,"Taucorr":null},"EnergyVariance":{"Mean":1.0000000010181207,"Sigma":0.0,"Taucorr":null},"Iteration":62},
{"Acceptance":[0.005565217391304348],"Energy":{"Mean":-9.49960824058623,"Sigma":0.0,"Taucorr":null},"EnergyVariance":{"Mean":14.748042832473168,"Sigma":0.0,"Taucorr":null},"Iteration":63},
{"Acceptance":[0.0],"Energy":{"Mean":-10.49999997822577,"Sigma":0.0,"Taucorr":null},"EnergyVariance":{"Mean":0.7499999346595254,"Sigma":0.0,"Taucorr":null},"Iteration":64},
{"Acceptance":[0.0010434782608695651],"Energy":{"Mean":-11.195821248722858,"Sigma":0.03468047243061918,"Taucorr":null},"EnergyVariance":{"Mean":0.33910522287939426,"Sigma":0.07903411760948699,"Taucorr":null},"Iteration":65},
{"Acceptance":[0.0034782608695652175],"Energy":{"Mean":-3.3015548627718195e+17,"Sigma":1.8250031174312394e+17,"Taucorr":null},"EnergyVariance":{"Mean":3.659821074302272e+36,"Sigma":1.962788738046719e+36,"Taucorr":null},"Iteration":66},
{"Acceptance":[0.0006956521739130435],"Energy":{"Mean":-12.000001989629192,"Sigma":0.0,"Taucorr":null},"EnergyVariance":{"Mean":4.000007958539726,"Sigma":0.0,"Taucorr":null},"Iteration":67},
{"Acceptance":[0.001391304347826087],"Energy":{"Mean":-13.999999589785387,"Sigma":0.0,"Taucorr":null},"EnergyVariance":{"Mean":4.1422262015809856e-14,"Sigma":0.0,"Taucorr":null},"Iteration":68},
{"Acceptance":[0.0],"Energy":{"Mean":-13.999999970410837,"Sigma":1.7392924074552857e-10,"Taucorr":null},"EnergyVariance":{"Mean":9.807360127314157e-18,"Sigma":4.293682247977669e-18,"Taucorr":null},"Iteration":69},
{"Acceptance":[0.0],"Energy":{"Mean":-13.99999999781466,"Sigma":0.0,"Taucorr":null},"EnergyVariance":{"Mean":7.9561707925451e-18,"Sigma":0.0,"Taucorr":null},"Iteration":70},
{"Acceptance":[0.0],"Energy":{"Mean":-14.000000000138373,"Sigma":0.0,"Taucorr":null},"EnergyVariance":{"Mean":7.902967925335905e-20,"Sigma":0.0,"Taucorr":null},"Iteration":71},
{"Acceptance":[0.00034782608695652176],"Energy":{"Mean":-12.5,"Sigma":0.0,"Taucorr":null},"EnergyVariance":{"Mean":0.75,"Sigma":0.0,"Taucorr":null},"Iteration":72},
{"Acceptance":[0.0017391304347826088],"Energy":{"Mean":-13.430000024296238,"Sigma":0.022912870517483596,"Taucorr":null},"EnergyVariance":{"Mean":1.0250998819007864,"Sigma":0.08844367335611654,"Taucorr":null},"Iteration":73},
{"Acceptance":[0.0034782608695652175],"Energy":{"Mean":-12.749959368845877,"Sigma":0.0,"Taucorr":null},"EnergyVariance":{"Mean":1.6876848365145878,"Sigma":0.0,"Taucorr":null},"Iteration":74},
{"Acceptance":[0.0006956521739130435],"Energy":{"Mean":-9.750000000078296,"Sigma":0.0,"Taucorr":null},"EnergyVariance":{"Mean":3.1875000001957403,"Sigma":0.0,"Taucorr":null},"Iteration":75},
{"Acceptance":[0.0020869565217391303],"Energy":{"Mean":-10.000000000000005,"Sigma":0.0,"Taucorr":null},"EnergyVariance":{"Mean":3.4594601755498803e-28,"Sigma":0.0,"Taucorr":null},"Iteration":76},
{"Acceptance":[0.004521739130434782],"Energy":{"Mean":-12.527480405374417,"Sigma":0.0160973529391217,"Taucorr":null},"EnergyVariance":{"Mean":1.359360844626814,"Sigma":0.03177175472995401,"Taucorr":null},"Iteration":77},
{"Acceptance":[0.0006956521739130435],"Energy":{"Mean":-11.623247888062064,"Sigma":0.04358934538779697,"Taucorr":null},"EnergyVariance":{"Mean":0.5915896629461368,"Sigma":0.12002415865010924,"Taucorr":null},"Iteration":78},
{"Acceptance":[0.002782608695652174],"Energy":{"Mean":-11.999999958055296,"Sigma":0.0,"Taucorr":null},"EnergyVariance":{"Mean":5.999999999461263,"Sigma":0.0,"Taucorr":null},"Iteration":79},
{"Acceptance":[0.0],"Energy":{"Mean":-12.999999990057548,"Sigma":0.0,"Taucorr":null},"EnergyVariance":{"Mean":2.9999999801150956,"Sigma":0.0,"Taucorr":null},"Iteration":80},
{"Acceptance":[0.0020869565217391303],"Energy":{"Mean":-8.999999998102547,"Sigma":0.0,"Taucorr":null},"EnergyVariance":{"Mean":0.9999999962050943,"Sigma":0.0,"Taucorr":null},"Iteration":81},
{"Acceptance":[0.0006956521739130435],"Energy":{"Mean":-11.499999661788788,"Sigma":7.800716782593672e-10,"Taucorr":null},"EnergyVariance":{"Mean":6.750013415022856,"Sigma":2.3402144082166996e-09,"Taucorr":null},"Iteration":82},
{"Acceptance":[0.0],"Energy":{"Mean":-11.499999993241163,"Sigma":0.0,"Taucorr":null},"EnergyVariance":{"Mean":6.749999966205824,"Sigma":0.0,"Taucorr":null},"Iteration":83},
{"Acceptance":[0.0052173913043478265],"Energy":{"Mean":-10.750000005183136,"Sigma":0.0,"Taucorr":null},"EnergyVariance":{"Mean":11.68750003343559,"Sigma":0.0,"Taucorr":null},"Iteration":84},
{"Acceptance":[0.004521739130434782],"Energy":{"Mean":-12.500000071717146,"Sigma":0.0,"Taucorr":null},"EnergyVariance":{"Mean":2.749999063925394,"Sigma":0.0,"Taucorr":null},"Iteration":85},
{"Acceptance":[0.00034782608695652176],"Energy":{"Mean":-12.250000477985244,"Sigma":0.0,"Taucorr":null},"EnergyVariance":{"Mean":3.1875014857376716,"Sigma":0.0,"Taucorr":null},"Iteration":86},
{"Acceptance":[0.0],"Energy":{"Mean":-9.250000000007045,"Sigma":0.0,"Taucorr":null},"EnergyVariance":{"Mean":3.687500000024677,"Sigma":0.0,"Taucorr":null},"Iteration":87},
{"Acceptance":[0.0],"Energy":{"Mean":-9.249999999999895,"Sigma":0.0,"Taucorr":null},"EnergyVariance":{"Mean":3.687499999999635,"Sigma":0.0,"Taucorr":null},"Iteration":88},
{"Acceptance":[0.0],"Energy":{"Mean":-9.750000007833478,"Sigma":0.0,"Taucorr":null},"EnergyVariance":{"Mean":5.187500021118076,"Sigma":0.0,"Taucorr":null},"Iteration":89},
{"Acceptance":[0.0],"Energy":{"Mean":-10.250001240027522,"Sigma":0.0,"Taucorr":null},"EnergyVariance":{"Mean":6.187501860045834,"Sigma":0.0,"Taucorr":null},"Iteration":90},
{"Acceptance":[0.003130434782608696],"Energy":{"Mean":-12.0,"Sigma":0.0,"Taucorr":null},"EnergyVariance":{"Mean":2.2079423079979317e-43,"Sigma":0.0,"Taucorr":null},"Iteration":91},
{"Acceptance":[0.0],"Energy":{"Mean":-12.0,"Sigma":0.0,"Taucorr":null},"EnergyVariance":{"Mean":3.3225183888935666e-253,"Sigma":0.0,"Taucorr":null},"Iteration":92},
{"Acceptance":[0.0038260869565217392],"Energy":{"Mean":-6.0,"Sigma":0.0,"Taucorr":null},"EnergyVariance":{"Mean":4.899613895788476e-98,"Sigma":0.0,"Taucorr":null},"Iteration":93},
{"Acceptance":[0.0038260869565217392],"Energy":{"Mean":-10.0,"Sigma":0.0,"Taucorr":null},"EnergyVariance":{"Mean":1.6703601284306566e-30,"Sigma":0.0,"Taucorr":null},"Iteration":94},
{"Acceptance":[0.0],"Energy":{"Mean":-10.0,"Sigma":0.0,"Taucorr":null},"EnergyVariance":{"Mean":6.439398880994306e-43,"Sigma":0.0,"Taucorr":null},"Iteration":95},
{"Acceptance":[0.0],"Energy":{"Mean":-10.0,"Sigma":0.0,"Taucorr":null},"EnergyVariance":{"Mean":9.340951900485983e-69,"Sigma":0.0,"Taucorr":null},"Iteration":96},
{"Acceptance":[0.0006956521739130435],"Energy":{"Mean":-10.250000000000007,"Sigma":0.0,"Taucorr":null},"EnergyVariance":{"Mean":1.187499999999991,"Sigma":0.0,"Taucorr":null},"Iteration":97},
{"Acceptance":[0.0],"Energy":{"Mean":-10.250000000000796,"Sigma":0.0,"Taucorr":null},"EnergyVariance":{"Mean":1.1874999999988576,"Sigma":0.0,"Taucorr":null},"Iteration":98},
{"Acceptance":[0.00034782608695652176],"Energy":{"Mean":-10.75000274165732,"Sigma":0.0,"Taucorr":null},"EnergyVariance":{"Mean":1.6874958838196386,"Sigma":0.0,"Taucorr":null},"Iteration":99} 
]}
{"input": {"L": 22, "J": 1, "machine": {"type": "FFNN", "model": ["tanh", 64, 8]}, "sampler": {"type": "MetropolisHop", "d_max": 5}, "optimizer": {"type": "AdaMax", "alpha": 0.001, "beta1": 0.9, "beta2": 0.999, "epscut": 1e-07}, "VMC": {"n_samples": 100, "discarded_samples": 100, "discarded_samples_on_init": 0, "target": "energy", "method": "Gd", "diag_shift": 0.01, "use_iterative": true, "use_cholesky": true}, "n_iter": 100}}
duration: -10.961222648620605