{"Output": [
{"Acceptance":[0.8052173913043478],"Energy":{"Mean":18.092862299365468,"Sigma":0.3279567660082849,"Taucorr":-2.7755575615628914e-17},"EnergyVariance":{"Mean":12.291822440872302,"Sigma":1.5823872427795218,"Taucorr":5.551115123125783e-17},"Iteration":0},
{"Acceptance":[0.7026086956521739],"Energy":{"Mean":15.831086241312931,"Sigma":0.3777330814871284,"Taucorr":5.551115123125783e-17},"EnergyVariance":{"Mean":18.543460052896044,"Sigma":2.2006235161034096,"Taucorr":0.0},"Iteration":1},
{"Acceptance":[0.5996521739130435],"Energy":{"Mean":12.707773349870287,"Sigma":0.41080707471634015,"Taucorr":-2.7755575615628914e-17},"EnergyVariance":{"Mean":25.738019962256864,"Sigma":2.722381993137795,"Taucorr":2.7755575615628914e-17},"Iteration":2},
{"Acceptance":[0.5311304347826087],"Energy":{"Mean":9.269160957883264,"Sigma":0.46658123611761987,"Taucorr":5.551115123125783e-17},"EnergyVariance":{"Mean":34.28560476329062,"Sigma":3.2819662768835123,"Taucorr":-5.551115123125783e-17},"Iteration":3},
{"Acceptance":[0.4911304347826087],"Energy":{"Mean":6.151650212248498,"Sigma":0.40775635774408825,"Taucorr":5.551115123125783e-17},"EnergyVariance":{"Mean":26.919060842555812,"Sigma":3.082452486171195,"Taucorr":0.0},"Iteration":4},
{"Acceptance":[0.3923478260869565],"Energy":{"Mean":2.4661578648641354,"Sigma":0.3952975849683554,"Taucorr":5.551115123125783e-17},"EnergyVariance":{"Mean":29.205046011080626,"Sigma":3.4515136452105244,"Taucorr":-2.7755575615628914e-17},"Iteration":5},
{"Acceptance":[0.34991304347826085],"Energy":{"Mean":1.1660098007555286,"Sigma":0.49611615909282114,"Taucorr":-2.7755575615628914e-17},"EnergyVariance":{"Mean":41.70701379177469,"Sigma":4.126733808035254,"Taucorr":0.0},"Iteration":6},
{"Acceptance":[0.3022608695652174],"Energy":{"Mean":-2.85311347742943,"Sigma":0.4141471541968934,"Taucorr":-2.7755575615628914e-17},"EnergyVariance":{"Mean":36.4506730753325,"Sigma":4.43557121833751,"Taucorr":-8.326672684688674e-17},"Iteration":7},
{"Acceptance":[0.2688695652173913],"Energy":{"Mean":-4.386146767163943,"Sigma":0.3986679421806407,"Taucorr":0.0},"EnergyVariance":{"Mean":37.612457868163425,"Sigma":6.126040529001501,"Taucorr":0.0},"Iteration":8},
{"Acceptance":[0.22469565217391305],"Energy":{"Mean":-6.261117090389293,"Sigma":0.34262261609362443,"Taucorr":5.551115123125783e-17},"EnergyVariance":{"Mean":29.343130072390558,"Sigma":4.388111610082106,"Taucorr":0.0},"Iteration":9},
{"Acceptance":[0.21495652173913044],"Energy":{"Mean":-6.87895863044582,"Sigma":0.4146369800062512,"Taucorr":2.7755575615628914e-17},"EnergyVariance":{"Mean":38.60904705787586,"Sigma":4.829136252615987,"Taucorr":-5.551115123125783e-17},"Iteration":10},
{"Acceptance":[0.22330434782608696],"Energy":{"Mean":-9.024959602947677,"Sigma":0.3758263378427086,"Taucorr":0.0},"EnergyVariance":{"Mean":29.020413141222726,"Sigma":3.1815008641954496,"Taucorr":-2.7755575615628914e-17},"Iteration":11},
{"Acceptance":[0.19652173913043477],"Energy":{"Mean":-10.158027030893761,"Sigma":0.4083971272869511,"Taucorr":0.0},"EnergyVariance":{"Mean":30.933728281754227,"Sigma":4.727088621141562,"Taucorr":0.0},"Iteration":12},
{"Acceptance":[0.17878260869565218],"Energy":{"Mean":-11.736699819471681,"Sigma":0.36584147382343835,"Taucorr":5.551115123125783e-17},"EnergyVariance":{"Mean":20.509888571437827,"Sigma":2.8095945744904394,"Taucorr":5.551115123125783e-17},"Iteration":13},
{"Acceptance":[0.15721739130434784],"Energy":{"Mean":-11.489148443723401,"Sigma":0.3575926405386971,"Taucorr":0.0},"EnergyVariance":{"Mean":18.0383976469047,"Sigma":2.9652915070810986,"Taucorr":-1.3877787807814457e-16},"Iteration":14},
{"Acceptance":[0.15513043478260868],"Energy":{"Mean":-13.825004414186083,"Sigma":0.34847765547489723,"Taucorr":-2.7755575615628914e-17},"EnergyVariance":{"Mean":21.552767520640135,"Sigma":3.6379875705387312,"Taucorr":-2.7755575615628914e-17},"Iteration":15},
{"Acceptance":[0.15686956521739132],"Energy":{"Mean":-12.867825457408717,"Sigma":0.3573008727445809,"Taucorr":0.0},"EnergyVariance":{"Mean":17.95864553542313,"Sigma":3.560718394256002,"Taucorr":0.0},"Iteration":16},
{"Acceptance":[0.12556521739130436],"Energy":{"Mean":-13.445993928553982,"Sigma":0.3380701323541762,"Taucorr":0.0},"EnergyVariance":{"Mean":15.195448277525808,"Sigma":2.5024738237175446,"Taucorr":-2.7755575615628914e-17},"Iteration":17},
{"Acceptance":[0.12173913043478261],"Energy":{"Mean":-14.131520641368244,"Sigma":0.3225619515899261,"Taucorr":5.551115123125783e-17},"EnergyVariance":{"Mean":14.46366997078999,"Sigma":2.934004285313705,"Taucorr":0.0},"Iteration":18},
{"Acceptance":[0.12765217391304348],"Energy":{"Mean":-15.684855435611361,"Sigma":0.3785125490971168,"Taucorr":-2.7755575615628914e-17},"EnergyVariance":{"Mean":16.696981930291283,"Sigma":2.966772688610317,"Taucorr":0.0},"Iteration":19},
{"Acceptance":[0.10678260869565218],"Energy":{"Mean":-16.15198842083569,"Sigma":0.3912128377404259,"Taucorr":5.551115123125783e-17},"EnergyVariance":{"Mean":18.11458757412684,"Sigma":8.204869588905826,"Taucorr":-2.7755575615628914e-17},"Iteration":20},
{"Acceptance":[0.11826086956521739],"Energy":{"Mean":-15.464884217231539,"Sigma":0.29158661703771394,"Taucorr":-5.551115123125783e-17},"EnergyVariance":{"Mean":11.123743619413442,"Sigma":3.1464111785826456,"Taucorr":5.551115123125783e-17},"Iteration":21},
{"Acceptance":[0.12765217391304348],"Energy":{"Mean":-16.021653781236093,"Sigma":0.2843712946553476,"Taucorr":0.0},"EnergyVariance":{"Mean":9.318780891376322,"Sigma":1.1817778627238218,"Taucorr":5.551115123125783e-17},"Iteration":22},
{"Acceptance":[0.09808695652173913],"Energy":{"Mean":-15.61754965702498,"Sigma":0.25996142316286874,"Taucorr":2.7755575615628914e-17},"EnergyVariance":{"Mean":20.54292260718104,"Sigma":8.418808532611243,"Taucorr":0.0},"Iteration":23},
{"Acceptance":[0.09947826086956522],"Energy":{"Mean":-16.306965103169233,"Sigma":0.28673651319122423,"Taucorr":0.0},"EnergyVariance":{"Mean":10.687932490808139,"Sigma":1.7085438632967076,"Taucorr":0.0},"Iteration":24},
{"Acceptance":[0.08939130434782609],"Energy":{"Mean":-16.586157976560465,"Sigma":0.3054837621354555,"Taucorr":-2.7755575615628914e-17},"EnergyVariance":{"Mean":12.19479713279733,"Sigma":1.7769621891528777,"Taucorr":0.0},"Iteration":25},
{"Acceptance":[0.07339130434782609],"Energy":{"Mean":-17.10655134668114,"Sigma":0.46872014303883414,"Taucorr":-2.7755575615628914e-17},"EnergyVariance":{"Mean":69.69648747983504,"Sigma":56.931738848935865,"Taucorr":-2.7755575615628914e-17},"Iteration":26},
{"Acceptance":[0.06782608695652174],"Energy":{"Mean":-16.90867410018588,"Sigma":0.32380770562915534,"Taucorr":0.0},"EnergyVariance":{"Mean":13.274281560318265,"Sigma":6.919131853689483,"Taucorr":5.551115123125783e-17},"Iteration":27},
{"Acceptance":[0.06434782608695652],"Energy":{"Mean":-16.169984155390658,"Sigma":0.6517123926118015,"Taucorr":5.551115123125783e-17},"EnergyVariance":{"Mean":49.90950410205197,"Sigma":43.88128691988767,"Taucorr":0.0},"Iteration":28},
{"Acceptance":[0.07165217391304347],"Energy":{"Mean":-17.136860521880322,"Sigma":0.29520508500022763,"Taucorr":-2.7755575615628914e-17},"EnergyVariance":{"Mean":12.236364876454054,"Sigma":8.059544487179352,"Taucorr":5.551115123125783e-17},"Iteration":29},
{"Acceptance":[0.03860869565217391],"Energy":{"Mean":-17.86358748986835,"Sigma":0.19001755376327606,"Taucorr":-5.551115123125783e-17},"EnergyVariance":{"Mean":4.800896205376637,"Sigma":1.087748518797461,"Taucorr":-5.551115123125783e-17},"Iteration":30},
{"Acceptance":[0.05008695652173913],"Energy":{"Mean":-19.177377780374044,"Sigma":0.6692989893107867,"Taucorr":0.0},"EnergyVariance":{"Mean":51.829905052180024,"Sigma":24.733306121545194,"Taucorr":0.0},"Iteration":31},
{"Acceptance":[0.04521739130434783],"Energy":{"Mean":-17.25333976199595,"Sigma":0.17041963420223913,"Taucorr":-2.498001805406602e-16},"EnergyVariance":{"Mean":3.638488851320912,"Sigma":0.6827300932989333,"Taucorr":-8.326672684688674e-17},"Iteration":32},
{"Acceptance":[0.048],"Energy":{"Mean":-17.677000628589653,"Sigma":0.3625391454330839,"Taucorr":0.0},"EnergyVariance":{"Mean":17.879747908284195,"Sigma":10.356452782519284,"Taucorr":5.551115123125783e-17},"Iteration":33},
{"Acceptance":[0.03582608695652174],"Energy":{"Mean":-17.413340155517922,"Sigma":0.19830997330910569,"Taucorr":-2.7755575615628914e-17},"EnergyVariance":{"Mean":7.138004044155681,"Sigma":2.228527009454914,"Taucorr":0.0},"Iteration":34},
{"Acceptance":[0.04973913043478261],"Energy":{"Mean":-17.68859274106722,"Sigma":0.20593708445107337,"Taucorr":-2.7755575615628914e-17},"EnergyVariance":{"Mean":5.683649202001657,"Sigma":1.5993720708859869,"Taucorr":0.0},"Iteration":35},
{"Acceptance":[0.04521739130434783],"Energy":{"Mean":-17.184184192444132,"Sigma":0.203079560336799,"Taucorr":0.0},"EnergyVariance":{"Mean":4.902734057995967,"Sigma":0.757162639133426,"Taucorr":5.551115123125783e-17},"Iteration":36},
{"Acceptance":[0.057043478260869564],"Energy":{"Mean":-18.27884244169866,"Sigma":0.45097089088606973,"Taucorr":0.0},"EnergyVariance":{"Mean":34.418823956976524,"Sigma":12.430417698949778,"Taucorr":2.7755575615628914e-17},"Iteration":37},
{"Acceptance":[0.04660869565217391],"Energy":{"Mean":-18.099394197458842,"Sigma":0.4045125728922004,"Taucorr":0.0},"EnergyVariance":{"Mean":22.338410770879968,"Sigma":8.972505133672984,"Taucorr":-2.7755575615628914e-17},"Iteration":38},
{"Acceptance":[0.041391304347826084],"Energy":{"Mean":-18.445777365848038,"Sigma":0.3044107532116605,"Taucorr":0.0},"EnergyVariance":{"Mean":9.352794717955376,"Sigma":4.1264780525898965,"Taucorr":0.0},"Iteration":39},
{"Acceptance":[0.04765217391304348],"Energy":{"Mean":-18.225059414772666,"Sigma":0.20675699660554378,"Taucorr":-2.7755575615628914e-17},"EnergyVariance":{"Mean":4.431414363589948,"Sigma":1.0997766434422513,"Taucorr":0.0},"Iteration":40},
{"Acceptance":[0.04556521739130435],"Energy":{"Mean":-17.945778759574416,"Sigma":0.21842607696379326,"Taucorr":0.0},"EnergyVariance":{"Mean":4.690683072315746,"Sigma":1.8211118733764193,"Taucorr":0.0},"Iteration":41},
{"Acceptance":[0.03234782608695652],"Energy":{"Mean":-18.327352690907876,"Sigma":0.17295348649107103,"Taucorr":-5.551115123125783e-17},"EnergyVariance":{"Mean":3.4585537130322104,"Sigma":1.2016613675395529,"Taucorr":0.0},"Iteration":42},
{"Acceptance":[0.043130434782608695],"Energy":{"Mean":-18.51483931322787,"Sigma":0.23957479913518934,"Taucorr":2.7755575615628914e-17},"EnergyVariance":{"Mean":6.570110391062172,"Sigma":2.3860562592932304,"Taucorr":0.0},"Iteration":43},
{"Acceptance":[0.042434782608695654],"Energy":{"Mean":-18.775349670690943,"Sigma":0.35435604881384225,"Taucorr":-5.551115123125783e-17},"EnergyVariance":{"Mean":16.48127339077687,"Sigma":4.851412743965985,"Taucorr":5.551115123125783e-17},"Iteration":44},
{"Acceptance":[0.03930434782608696],"Energy":{"Mean":-18.520836456475635,"Sigma":0.20230963835779806,"Taucorr":-5.551115123125783e-17},"EnergyVariance":{"Mean":5.433344989978236,"Sigma":1.9264199751404134,"Taucorr":0.0},"Iteration":45},
{"Acceptance":[0.03582608695652174],"Energy":{"Mean":-18.26070977162219,"Sigma":0.12735221661654622,"Taucorr":2.7755575615628914e-17},"EnergyVariance":{"Mean":1.685926707572408,"Sigma":0.21021052328926793,"Taucorr":-5.551115123125783e-17},"Iteration":46},
{"Acceptance":[0.04834782608695652],"Energy":{"Mean":-19.32223197851792,"Sigma":0.5157468587221297,"Taucorr":2.7755575615628914e-17},"EnergyVariance":{"Mean":31.782720445286685,"Sigma":11.472500717391071,"Taucorr":0.0},"Iteration":47},
{"Acceptance":[0.04208695652173913],"Energy":{"Mean":-18.03600198827165,"Sigma":0.17124936838605517,"Taucorr":-2.7755575615628914e-17},"EnergyVariance":{"Mean":3.3786559885682976,"Sigma":0.8626532532199793,"Taucorr":-2.7755575615628914e-17},"Iteration":48},
{"Acceptance":[0.05182608695652174],"Energy":{"Mean":-19.017143512728666,"Sigma":0.28147393482970573,"Taucorr":-1.3877787807814457e-16},"EnergyVariance":{"Mean":12.211636105113637,"Sigma":2.9737064760964236,"Taucorr":0.0},"Iteration":49},
{"Acceptance":[0.03826086956521739],"Energy":{"Mean":-18.45171137695278,"Sigma":0.2385517564042882,"Taucorr":-2.7755575615628914e-17},"EnergyVariance":{"Mean":7.369294866516089,"Sigma":1.7956095476017615,"Taucorr":0.0},"Iteration":50},
{"Acceptance":[0.04382608695652174],"Energy":{"Mean":-18.897608283571095,"Sigma":0.26418621504821427,"Taucorr":8.326672684688674e-17},"EnergyVariance":{"Mean":7.8678312406512845,"Sigma":2.5963562658841153,"Taucorr":5.551115123125783e-17},"Iteration":51},
{"Acceptance":[0.03826086956521739],"Energy":{"Mean":-18.669020756261833,"Sigma":0.1810141483741076,"Taucorr":5.551115123125783e-17},"EnergyVariance":{"Mean":3.7813911768901494,"Sigma":1.6774853281029412,"Taucorr":0.0},"Iteration":52},
{"Acceptance":[0.034782608695652174],"Energy":{"Mean":-19.037359913346137,"Sigma":0.21009011219099213,"Taucorr":0.0},"EnergyVariance":{"Mean":6.081187484883724,"Sigma":1.8444941576353697,"Taucorr":0.0},"Iteration":53},
{"Acceptance":[0.049391304347826084],"Energy":{"Mean":-18.684404775727934,"Sigma":0.2319135473934603,"Taucorr":0.0},"EnergyVariance":{"Mean":6.1255294619279494,"Sigma":1.7201139365585116,"Taucorr":0.0},"Iteration":54},
{"Acceptance":[0.049043478260869564],"Energy":{"Mean":-19.67834229784119,"Sigma":0.8000702721095827,"Taucorr":-1.3877787807814457e-16},"EnergyVariance":{"Mean":118.77385794224247,"Sigma":88.30657266721109,"Taucorr":1.1102230246251565e-16},"Iteration":55},
{"Acceptance":[0.04869565217391304],"Energy":{"Mean":-17.748939564517734,"Sigma":0.20311011276304675,"Taucorr":8.326672684688674e-17},"EnergyVariance":{"Mean":4.766502030942258,"Sigma":1.0000090892570717,"Taucorr":-8.326672684688674e-17},"Iteration":56},
{"Acceptance":[0.042782608695652175],"Energy":{"Mean":-18.71894981027559,"Sigma":0.12300904759485691,"Taucorr":-2.7755575615628914e-17},"EnergyVariance":{"Mean":1.6132951000614975,"Sigma":0.36053941226060005,"Taucorr":0.0},"Iteration":57},
{"Acceptance":[0.04695652173913043],"Energy":{"Mean":-18.396486400773696,"Sigma":0.19175179706269826,"Taucorr":0.0},"EnergyVariance":{"Mean":3.8884757086928916,"Sigma":1.0067412820813382,"Taucorr":0.0},"Iteration":58},
{"Acceptance":[0.049043478260869564],"Energy":{"Mean":-18.485906185489064,"Sigma":0.09283291346692808,"Taucorr":-2.7755575615628914e-17},"EnergyVariance":{"Mean":1.082683418917257,"Sigma":0.23555445959619212,"Taucorr":-5.551115123125783e-17},"Iteration":59},
{"Acceptance":[0.059478260869565217],"Energy":{"Mean":-18.842575358432683,"Sigma":0.26418818978703196,"Taucorr":5.551115123125783e-17},"EnergyVariance":{"Mean":8.692013748594633,"Sigma":2.1115293004699827,"Taucorr":-5.551115123125783e-17},"Iteration":60},
{"Acceptance":[0.03826086956521739],"Energy":{"Mean":-17.88483491262672,"Sigma":0.1796718903641068,"Taucorr":-5.551115123125783e-17},"EnergyVariance":{"Mean":10.952054088166086,"Sigma":5.324728382033683,"Taucorr":0.0},"Iteration":61},
{"Acceptance":[0.03617391304347826],"Energy":{"Mean":-18.51852106015926,"Sigma":0.1989139149996031,"Taucorr":5.551115123125783e-17},"EnergyVariance":{"Mean":4.109664283950731,"Sigma":1.4113238264284855,"Taucorr":0.0},"Iteration":62},
{"Acceptance":[0.05530434782608696],"Energy":{"Mean":-18.27410548134843,"Sigma":0.32220013099945605,"Taucorr":2.7755575615628914e-17},"EnergyVariance":{"Mean":12.197853930014961,"Sigma":4.739642731595411,"Taucorr":-5.551115123125783e-17},"Iteration":63},
{"Acceptance":[0.06226086956521739],"Energy":{"Mean":-18.38332173752547,"Sigma":0.2616786741205533,"Taucorr":8.326672684688674e-17},"EnergyVariance":{"Mean":7.006769315612109,"Sigma":2.984471790958412,"Taucorr":0.0},"Iteration":64},
{"Acceptance":[0.04417391304347826],"Energy":{"Mean":-18.559843956368724,"Sigma":0.18518411351332878,"Taucorr":-5.551115123125783e-17},"EnergyVariance":{"Mean":4.520381460604375,"Sigma":1.3330431284554032,"Taucorr":0.0},"Iteration":65},
{"Acceptance":[0.049043478260869564],"Energy":{"Mean":-18.41588276493532,"Sigma":0.16210594841407355,"Taucorr":2.7755575615628914e-17},"EnergyVariance":{"Mean":2.7794130723104704,"Sigma":0.5698031707905203,"Taucorr":0.0},"Iteration":66},
{"Acceptance":[0.04591304347826087],"Energy":{"Mean":-19.065599416113418,"Sigma":0.26874560046568635,"Taucorr":-2.7755575615628914e-17},"EnergyVariance":{"Mean":11.944147143033337,"Sigma":4.813529736430063,"Taucorr":5.551115123125783e-17},"Iteration":67},
{"Acceptance":[0.052521739130434786],"Energy":{"Mean":-18.55570893591456,"Sigma":0.22837353356753679,"Taucorr":5.551115123125783e-17},"EnergyVariance":{"Mean":5.591056223466641,"Sigma":1.3871598322220833,"Taucorr":0.0},"Iteration":68},
{"Acceptance":[0.03895652173913043],"Energy":{"Mean":-18.349366204330096,"Sigma":0.152992816306929,"Taucorr":0.0},"EnergyVariance":{"Mean":2.8068734360039986,"Sigma":0.6164961334450081,"Taucorr":5.551115123125783e-17},"Iteration":69},
{"Acceptance":[0.05217391304347826],"Energy":{"Mean":-19.011956162349268,"Sigma":0.3283248361905088,"Taucorr":0.0},"EnergyVariance":{"Mean":12.03303314023505,"Sigma":3.3961193836450096,"Taucorr":0.0},"Iteration":70},
{"Acceptance":[0.04973913043478261],"Energy":{"Mean":-18.58327185910828,"Sigma":0.17479016626364707,"Taucorr":2.7755575615628914e-17},"EnergyVariance":{"Mean":3.292648354840586,"Sigma":0.711144405634662,"Taucorr":5.551115123125783e-17},"Iteration":71},
{"Acceptance":[0.04973913043478261],"Energy":{"Mean":-18.75397808392851,"Sigma":0.22150231654588404,"Taucorr":5.551115123125783e-17},"EnergyVariance":{"Mean":5.332689662757021,"Sigma":2.571141798033901,"Taucorr":5.551115123125783e-17},"Iteration":72},
{"Acceptance":[0.04973913043478261],"Energy":{"Mean":-18.56537463488386,"Sigma":0.14963333876677337,"Taucorr":5.551115123125783e-17},"EnergyVariance":{"Mean":2.394264592996879,"Sigma":0.5703426598171284,"Taucorr":-2.7755575615628914e-17},"Iteration":73},
{"Acceptance":[0.04069565217391304],"Energy":{"Mean":-18.55254773238062,"Sigma":0.19931069578065885,"Taucorr":1.1102230246251565e-16},"EnergyVariance":{"Mean":3.919820279130028,"Sigma":2.4280219839905146,"Taucorr":0.0},"Iteration":74},
{"Acceptance":[0.033391304347826084],"Energy":{"Mean":-18.72382044148948,"Sigma":0.13998488007968074,"Taucorr":5.551115123125783e-17},"EnergyVariance":{"Mean":2.3253648344687514,"Sigma":0.45740651697530593,"Taucorr":0.0},"Iteration":75},
{"Acceptance":[0.04208695652173913],"Energy":{"Mean":-19.726900034340122,"Sigma":0.34709382271066597,"Taucorr":1.1102230246251565e-16},"EnergyVariance":{"Mean":13.143911156387203,"Sigma":3.460590278835739,"Taucorr":0.0},"Iteration":76},
{"Acceptance":[0.030260869565217393],"Energy":{"Mean":-18.578778479395957,"Sigma":0.1667271372987195,"Taucorr":8.326672684688674e-17},"EnergyVariance":{"Mean":2.8157081429080084,"Sigma":0.5795977287303723,"Taucorr":0.0},"Iteration":77},
{"Acceptance":[0.05808695652173913],"Energy":{"Mean":-17.185125521080742,"Sigma":1.9529254065843389,"Taucorr":2.7755575615628914e-17},"EnergyVariance":{"Mean":660.384351609319,"Sigma":647.4557268304567,"Taucorr":-5.551115123125783e-17},"Iteration":78},
{"Acceptance":[0.04765217391304348],"Energy":{"Mean":-19.073590573158118,"Sigma":0.34417794050979583,"Taucorr":1.1102230246251565e-16},"EnergyVariance":{"Mean":12.35676822539645,"Sigma":3.2603924972526293,"Taucorr":0.0},"Iteration":79},
{"Acceptance":[0.056],"Energy":{"Mean":-18.791503681405885,"Sigma":0.3059556431192386,"Taucorr":2.7755575615628914e-17},"EnergyVariance":{"Mean":10.554735140330386,"Sigma":4.201648693756787,"Taucorr":0.0},"Iteration":80},
{"Acceptance":[0.056],"Energy":{"Mean":-18.755082823284447,"Sigma":0.1450245838568994,"Taucorr":-2.7755575615628914e-17},"EnergyVariance":{"Mean":2.8566356145405924,"Sigma":0.5004315040819277,"Taucorr":5.551115123125783e-17},"Iteration":81},
{"Acceptance":[0.05008695652173913],"Energy":{"Mean":-18.131896528773485,"Sigma":0.11638107152310183,"Taucorr":-2.7755575615628914e-17},"EnergyVariance":{"Mean":1.4093284132640356,"Sigma":0.20291164622716465,"Taucorr":5.551115123125783e-17},"Iteration":82},
{"Acceptance":[0.04869565217391304],"Energy":{"Mean":-21.015526696507727,"Sigma":1.505902049875752,"Taucorr":-2.7755575615628914e-17},"EnergyVariance":{"Mean":348.28360806722935,"Sigma":187.40905350882767,"Taucorr":5.551115123125783e-17},"Iteration":83},
{"Acceptance":[0.042782608695652175],"Energy":{"Mean":-18.476277891958468,"Sigma":0.18735391903458162,"Taucorr":-5.551115123125783e-17},"EnergyVariance":{"Mean":4.515845374883789,"Sigma":0.8421516951989723,"Taucorr":0.0},"Iteration":84},
{"Acceptance":[0.05530434782608696],"Energy":{"Mean":-18.537915489770803,"Sigma":0.17350687456567815,"Taucorr":-5.551115123125783e-17},"EnergyVariance":{"Mean":3.2051152075751874,"Sigma":0.38398432111572794,"Taucorr":5.551115123125783e-17},"Iteration":85},
{"Acceptance":[0.04556521739130435],"Energy":{"Mean":-19.10935387843842,"Sigma":0.27136246056199964,"Taucorr":1.1102230246251565e-16},"EnergyVariance":{"Mean":13.445248137621746,"Sigma":5.315231407325627,"Taucorr":0.0},"Iteration":86},
{"Acceptance":[0.04],"Energy":{"Mean":-18.717017714468053,"Sigma":0.1313281710056849,"Taucorr":-2.7755575615628914e-17},"EnergyVariance":{"Mean":2.368618572878335,"Sigma":0.2856826185979936,"Taucorr":0.0},"Iteration":87},
{"Acceptance":[0.034782608695652174],"Energy":{"Mean":-17.71836778711963,"Sigma":0.7706254001439625,"Taucorr":-8.326672684688674e-17},"EnergyVariance":{"Mean":237.6499061855541,"Sigma":232.9787754674795,"Taucorr":0.0},"Iteration":88},
{"Acceptance":[0.04069565217391304],"Energy":{"Mean":-18.372825867708613,"Sigma":0.526409531606616,"Taucorr":0.0},"EnergyVariance":{"Mean":30.335876649122532,"Sigma":23.01160186505706,"Taucorr":0.0},"Iteration":89},
{"Acceptance":[0.04869565217391304],"Energy":{"Mean":-19.362195204006674,"Sigma":0.33665015703898055,"Taucorr":-1.1102230246251565e-16},"EnergyVariance":{"Mean":12.246913167608431,"Sigma":4.269872021248855,"Taucorr":0.0},"Iteration":90},
{"Acceptance":[0.0657391304347826],"Energy":{"Mean":-18.99508356657751,"Sigma":0.2581229683706561,"Taucorr":8.326672684688674e-17},"EnergyVariance":{"Mean":11.859305792849263,"Sigma":3.5444484166540366,"Taucorr":2.7755575615628914e-17},"Iteration":91},
{"Acceptance":[0.06191304347826087],"Energy":{"Mean":-19.343122429503406,"Sigma":0.34419431197452477,"Taucorr":-2.7755575615628914e-17},"EnergyVariance":{"Mean":12.344707124736743,"Sigma":6.783184603483357,"Taucorr":-2.7755575615628914e-17},"Iteration":92},
{"Acceptance":[0.041391304347826084],"Energy":{"Mean":-19.57009788704126,"Sigma":0.40613818619919717,"Taucorr":0.0},"EnergyVariance":{"Mean":17.32274436461823,"Sigma":6.619945461258271,"Taucorr":0.0},"Iteration":93},
{"Acceptance":[0.07234782608695652],"Energy":{"Mean":-18.675499255983325,"Sigma":0.18765831462090143,"Taucorr":2.7755575615628914e-17},"EnergyVariance":{"Mean":4.562777338058276,"Sigma":0.81441423334598,"Taucorr":-5.551115123125783e-17},"Iteration":94},
{"Acceptance":[0.051130434782608696],"Energy":{"Mean":-18.773920825549165,"Sigma":0.15630965695772325,"Taucorr":-8.326672684688674e-17},"EnergyVariance":{"Mean":3.1595891463154637,"Sigma":0.8034866350991089,"Taucorr":0.0},"Iteration":95},
{"Acceptance":[0.049043478260869564],"Energy":{"Mean":-19.225063208130194,"Sigma":0.377301706306014,"Taucorr":5.551115123125783e-17},"EnergyVariance":{"Mean":14.160628895473465,"Sigma":4.825894174801999,"Taucorr":5.551115123125783e-17},"Iteration":96},
{"Acceptance":[0.05426086956521739],"Energy":{"Mean":-19.756691432457934,"Sigma":0.4267199728644959,"Taucorr":5.551115123125783e-17},"EnergyVariance":{"Mean":23.792241793268232,"Sigma":7.168441723925997,"Taucorr":5.551115123125783e-17},"Iteration":97},
{"Acceptance":[0.06782608695652174],"Energy":{"Mean":-18.810932484754076,"Sigma":0.21861040295048442,"Taucorr":5.551115123125783e-17},"EnergyVariance":{"Mean":5.202805570974451,"Sigma":1.3167905477487831,"Taucorr":0.0},"Iteration":98},
{"Acceptance":[0.08243478260869565],"Energy":{"Mean":-19.115023919330397,"Sigma":0.15273586721718677,"Taucorr":5.551115123125783e-17},"EnergyVariance":{"Mean":3.0418772341080818,"Sigma":0.7210105750408149,"Taucorr":-2.7755575615628914e-17},"Iteration":99} 
]}
{"input": {"L": 22, "J": 1, "machine": {"type": "FFNN", "model": ["tanh", 67, 3]}, "sampler": {"type": "MetropolisHop", "d_max": 5}, "optimizer": {"type": "AdaMax", "alpha": 0.001, "beta1": 0.9, "beta2": 0.999, "epscut": 1e-07}, "VMC": {"n_samples": 100, "discarded_samples": 100, "discarded_samples_on_init": 0, "target": "energy", "method": "Gd", "diag_shift": 0.01, "use_iterative": true, "use_cholesky": true}, "n_iter": 100}}
duration: -4.1338512897491455