{"Output": [
{"Acceptance":[0.8173913043478261],"Energy":{"Mean":18.658010419842718,"Sigma":0.3331980243238078,"Taucorr":-8.326672684688674e-17},"EnergyVariance":{"Mean":12.455112957612364,"Sigma":1.4921992438699758,"Taucorr":-5.551115123125783e-17},"Iteration":0},
{"Acceptance":[0.6782608695652174],"Energy":{"Mean":15.007058320722475,"Sigma":0.376002444300788,"Taucorr":0.0},"EnergyVariance":{"Mean":17.59810949250859,"Sigma":2.407875750392194,"Taucorr":0.0},"Iteration":1},
{"Acceptance":[0.5749565217391305],"Energy":{"Mean":13.159107893229772,"Sigma":0.36173333530128116,"Taucorr":0.0},"EnergyVariance":{"Mean":19.475134195238176,"Sigma":2.3886676996562564,"Taucorr":0.0},"Iteration":2},
{"Acceptance":[0.5140869565217391],"Energy":{"Mean":10.528634135733432,"Sigma":0.35945000930729576,"Taucorr":5.551115123125783e-17},"EnergyVariance":{"Mean":22.31645054140838,"Sigma":2.217773838894252,"Taucorr":-2.7755575615628914e-17},"Iteration":3},
{"Acceptance":[0.42921739130434783],"Energy":{"Mean":7.903310038771339,"Sigma":0.38869535967776303,"Taucorr":5.551115123125783e-17},"EnergyVariance":{"Mean":25.500354377730485,"Sigma":2.6290520875668433,"Taucorr":1.1102230246251565e-16},"Iteration":4},
{"Acceptance":[0.41356521739130436],"Energy":{"Mean":5.517990699450983,"Sigma":0.35231142925869585,"Taucorr":0.0},"EnergyVariance":{"Mean":30.037311424273387,"Sigma":4.347907175095298,"Taucorr":-8.326672684688674e-17},"Iteration":5},
{"Acceptance":[0.36382608695652174],"Energy":{"Mean":2.7018261264584957,"Sigma":0.34867112814040135,"Taucorr":0.0},"EnergyVariance":{"Mean":25.535243055938,"Sigma":3.0005173492686312,"Taucorr":5.551115123125783e-17},"Iteration":6},
{"Acceptance":[0.3213913043478261],"Energy":{"Mean":1.492571897619409,"Sigma":0.30157692732398034,"Taucorr":-5.551115123125783e-17},"EnergyVariance":{"Mean":21.09055873254181,"Sigma":2.633025028509729,"Taucorr":0.0},"Iteration":7},
{"Acceptance":[0.30678260869565216],"Energy":{"Mean":-0.08133400804646851,"Sigma":0.30164815016465574,"Taucorr":-2.7755575615628914e-17},"EnergyVariance":{"Mean":22.223629915362856,"Sigma":2.8707020688334612,"Taucorr":0.0},"Iteration":8},
{"Acceptance":[0.2946086956521739],"Energy":{"Mean":-0.7300743058632946,"Sigma":0.27754118019390006,"Taucorr":0.0},"EnergyVariance":{"Mean":27.911512836035325,"Sigma":3.9824677779190574,"Taucorr":0.0},"Iteration":9},
{"Acceptance":[0.2866086956521739],"Energy":{"Mean":-2.3060726315938993,"Sigma":0.29939281925385947,"Taucorr":5.551115123125783e-17},"EnergyVariance":{"Mean":24.078041855988214,"Sigma":3.1594374021884772,"Taucorr":2.7755575615628914e-17},"Iteration":10},
{"Acceptance":[0.27095652173913043],"Energy":{"Mean":-3.430230181747566,"Sigma":0.26388000826542535,"Taucorr":-2.7755575615628914e-17},"EnergyVariance":{"Mean":21.28116077525113,"Sigma":3.279751908754576,"Taucorr":0.0},"Iteration":11},
{"Acceptance":[0.26713043478260867],"Energy":{"Mean":-4.410763552503287,"Sigma":0.25490610998126584,"Taucorr":0.0},"EnergyVariance":{"Mean":27.678123622838797,"Sigma":4.246994828314324,"Taucorr":-5.551115123125783e-17},"Iteration":12},
{"Acceptance":[0.2577391304347826],"Energy":{"Mean":-4.477308345745346,"Sigma":0.2706923639744378,"Taucorr":0.0},"EnergyVariance":{"Mean":20.94743699044976,"Sigma":2.445256564395843,"Taucorr":-2.7755575615628914e-17},"Iteration":13},
{"Acceptance":[0.24208695652173914],"Energy":{"Mean":-6.465469740668198,"Sigma":0.27452237775580723,"Taucorr":0.0},"EnergyVariance":{"Mean":15.920317488337641,"Sigma":1.9045348663555042,"Taucorr":-2.7755575615628914e-17},"Iteration":14},
{"Acceptance":[0.2573913043478261],"Energy":{"Mean":-7.208011556696485,"Sigma":0.3180813639179925,"Taucorr":-2.7755575615628914e-17},"EnergyVariance":{"Mean":19.233912960985037,"Sigma":2.3287025015833236,"Taucorr":0.0},"Iteration":15},
{"Acceptance":[0.24939130434782608],"Energy":{"Mean":-8.407042085285187,"Sigma":0.34672685070168363,"Taucorr":-2.7755575615628914e-17},"EnergyVariance":{"Mean":17.7208820636403,"Sigma":2.5397627034739654,"Taucorr":5.551115123125783e-17},"Iteration":16},
{"Acceptance":[0.24104347826086955],"Energy":{"Mean":-8.817008234434544,"Sigma":0.274070625332815,"Taucorr":5.551115123125783e-17},"EnergyVariance":{"Mean":13.070235647458253,"Sigma":2.023686459322306,"Taucorr":0.0},"Iteration":17},
{"Acceptance":[0.25321739130434784],"Energy":{"Mean":-9.496176325818334,"Sigma":0.34065139482289764,"Taucorr":2.7755575615628914e-17},"EnergyVariance":{"Mean":22.365124544194973,"Sigma":4.2441224678554486,"Taucorr":0.0},"Iteration":18},
{"Acceptance":[0.23791304347826087],"Energy":{"Mean":-11.095237903949235,"Sigma":0.3677876730935418,"Taucorr":0.0},"EnergyVariance":{"Mean":27.87579487069189,"Sigma":4.168893365392212,"Taucorr":5.551115123125783e-17},"Iteration":19},
{"Acceptance":[0.26608695652173914],"Energy":{"Mean":-10.606791715621348,"Sigma":0.35159265096026787,"Taucorr":-5.551115123125783e-17},"EnergyVariance":{"Mean":22.484524709216217,"Sigma":3.5944985221952552,"Taucorr":5.551115123125783e-17},"Iteration":20},
{"Acceptance":[0.24660869565217391],"Energy":{"Mean":-11.685652394825961,"Sigma":0.3162142502285776,"Taucorr":5.551115123125783e-17},"EnergyVariance":{"Mean":15.399587459379802,"Sigma":1.9518123289211862,"Taucorr":0.0},"Iteration":21},
{"Acceptance":[0.25669565217391305],"Energy":{"Mean":-12.363846715788004,"Sigma":0.35479911072033704,"Taucorr":5.551115123125783e-17},"EnergyVariance":{"Mean":20.933818710260475,"Sigma":3.5522011943577154,"Taucorr":0.0},"Iteration":22},
{"Acceptance":[0.23721739130434782],"Energy":{"Mean":-11.096383177988344,"Sigma":0.3950473615325221,"Taucorr":null},"EnergyVariance":{"Mean":24.453128411721586,"Sigma":5.804249448963982,"Taucorr":null},"Iteration":23},
{"Acceptance":[0.014608695652173913],"Energy":{"Mean":-11.66874417658107,"Sigma":0.18259345988558295,"Taucorr":null},"EnergyVariance":{"Mean":7.428686786506577,"Sigma":1.6215995444870897,"Taucorr":null},"Iteration":24},
{"Acceptance":[0.04382608695652174],"Energy":{"Mean":-13.350641953572154,"Sigma":0.13963137640853565,"Taucorr":null},"EnergyVariance":{"Mean":3.159152624844703,"Sigma":0.5340466381318435,"Taucorr":null},"Iteration":25},
{"Acceptance":[0.0010434782608695651],"Energy":{"Mean":-11.499989966699435,"Sigma":0.0,"Taucorr":null},"EnergyVariance":{"Mean":0.7500296548331735,"Sigma":0.0,"Taucorr":null},"Iteration":26},
{"Acceptance":[0.04417391304347826],"Energy":{"Mean":-12.99002632993043,"Sigma":0.0,"Taucorr":null},"EnergyVariance":{"Mean":1.020062038352581,"Sigma":0.0,"Taucorr":null},"Iteration":27},
{"Acceptance":[0.008347826086956521],"Energy":{"Mean":-10.980974607361434,"Sigma":0.19265236656424845,"Taucorr":null},"EnergyVariance":{"Mean":13.600165762711557,"Sigma":9.517653378438233,"Taucorr":null},"Iteration":28},
{"Acceptance":[0.03304347826086956],"Energy":{"Mean":-11.25152618572363,"Sigma":0.0008294494981920096,"Taucorr":null},"EnergyVariance":{"Mean":0.6906732947405144,"Sigma":0.0014632301775749845,"Taucorr":null},"Iteration":29},
{"Acceptance":[0.003130434782608696],"Energy":{"Mean":-10.72054621174123,"Sigma":0.017115697869006994,"Taucorr":null},"EnergyVariance":{"Mean":8.568995256740044,"Sigma":0.051066585923790105,"Taucorr":null},"Iteration":30},
{"Acceptance":[0.006956521739130435],"Energy":{"Mean":-12.9765545193818,"Sigma":0.0021570675902506755,"Taucorr":null},"EnergyVariance":{"Mean":0.9607971364631094,"Sigma":0.004105160535831847,"Taucorr":null},"Iteration":31},
{"Acceptance":[0.0010434782608695651],"Energy":{"Mean":-12.529179652282883,"Sigma":0.027693274138084954,"Taucorr":null},"EnergyVariance":{"Mean":2.5982458580551078,"Sigma":0.08468989986397438,"Taucorr":null},"Iteration":32},
{"Acceptance":[0.00034782608695652176],"Energy":{"Mean":-10.999994137277536,"Sigma":0.0,"Taucorr":null},"EnergyVariance":{"Mean":0.9999882757537626,"Sigma":0.0,"Taucorr":null},"Iteration":33},
{"Acceptance":[0.0],"Energy":{"Mean":-11.000011215162788,"Sigma":2.756280905338684e-06,"Taucorr":null},"EnergyVariance":{"Mean":1.0000230083648893,"Sigma":5.51405383746723e-06,"Taucorr":null},"Iteration":34},
{"Acceptance":[0.00591304347826087],"Energy":{"Mean":-12.460003503319676,"Sigma":0.018708217886784315,"Taucorr":null},"EnergyVariance":{"Mean":0.24839283113587898,"Sigma":0.0014964350190722717,"Taucorr":null},"Iteration":35},
{"Acceptance":[0.004869565217391304],"Energy":{"Mean":-12.000000293781707,"Sigma":0.0,"Taucorr":null},"EnergyVariance":{"Mean":3.045576677558928e-13,"Sigma":0.0,"Taucorr":null},"Iteration":36},
{"Acceptance":[0.0],"Energy":{"Mean":-11.11999999687889,"Sigma":0.04358898931393708,"Taucorr":null},"EnergyVariance":{"Mean":0.985599994506847,"Sigma":0.010461357406192199,"Taucorr":null},"Iteration":37},
{"Acceptance":[0.00034782608695652176],"Energy":{"Mean":-10.0,"Sigma":0.0,"Taucorr":null},"EnergyVariance":{"Mean":4.3180887329429414e-85,"Sigma":0.0,"Taucorr":null},"Iteration":38},
{"Acceptance":[0.01008695652173913],"Energy":{"Mean":-12.000000000001158,"Sigma":0.0,"Taucorr":null},"EnergyVariance":{"Mean":2.0000000000066827,"Sigma":0.0,"Taucorr":null},"Iteration":39},
{"Acceptance":[0.0],"Energy":{"Mean":-12.0,"Sigma":0.0,"Taucorr":null},"EnergyVariance":{"Mean":3.737477646547495e-32,"Sigma":0.0,"Taucorr":null},"Iteration":40},
{"Acceptance":[0.00034782608695652176],"Energy":{"Mean":-11.0,"Sigma":0.0,"Taucorr":null},"EnergyVariance":{"Mean":1.0,"Sigma":0.0,"Taucorr":null},"Iteration":41},
{"Acceptance":[0.0010434782608695651],"Energy":{"Mean":-12.000000000031577,"Sigma":0.0,"Taucorr":null},"EnergyVariance":{"Mean":1.999999999871017,"Sigma":0.0,"Taucorr":null},"Iteration":42},
{"Acceptance":[0.0],"Energy":{"Mean":-10.49999999999961,"Sigma":0.0,"Taucorr":null},"EnergyVariance":{"Mean":4.74999999999839,"Sigma":0.0,"Taucorr":null},"Iteration":43},
{"Acceptance":[0.0],"Energy":{"Mean":-11.000000000001023,"Sigma":0.0,"Taucorr":null},"EnergyVariance":{"Mean":2.9999999999982148,"Sigma":0.0,"Taucorr":null},"Iteration":44},
{"Acceptance":[0.001391304347826087],"Energy":{"Mean":-11.000003129843002,"Sigma":0.0,"Taucorr":null},"EnergyVariance":{"Mean":3.000018779175703,"Sigma":0.0,"Taucorr":null},"Iteration":45},
{"Acceptance":[0.0],"Energy":{"Mean":-11.020000950513147,"Sigma":0.019999999867107474,"Taucorr":null},"EnergyVariance":{"Mean":2.9996056655622256,"Sigma":0.0008000382806595144,"Taucorr":null},"Iteration":46},
{"Acceptance":[0.0],"Energy":{"Mean":-12.959999998806484,"Sigma":0.027688746107025916,"Taucorr":null},"EnergyVariance":{"Mean":1.1584000114943125,"Sigma":0.1085398848717621,"Taucorr":null},"Iteration":47},
{"Acceptance":[0.00034782608695652176],"Energy":{"Mean":-11.74999999999979,"Sigma":0.0,"Taucorr":null},"EnergyVariance":{"Mean":1.1874999999998956,"Sigma":0.0,"Taucorr":null},"Iteration":48},
{"Acceptance":[0.003130434782608696],"Energy":{"Mean":-12.17999985465207,"Sigma":0.06538349861375058,"Taucorr":null},"EnergyVariance":{"Mean":1.7876001319454298,"Sigma":0.08892149572605669,"Taucorr":null},"Iteration":49},
{"Acceptance":[0.004521739130434782],"Energy":{"Mean":-12.710000004237486,"Sigma":0.01870828710620904,"Taucorr":null},"EnergyVariance":{"Mean":2.625900010932716,"Sigma":0.02955909364159758,"Taucorr":null},"Iteration":50},
{"Acceptance":[0.003130434782608696],"Energy":{"Mean":-13.748313216821938,"Sigma":0.0,"Taucorr":null},"EnergyVariance":{"Mean":0.1900679954083289,"Sigma":0.0,"Taucorr":null},"Iteration":51},
{"Acceptance":[0.0017391304347826088],"Energy":{"Mean":-13.75,"Sigma":0.0,"Taucorr":null},"EnergyVariance":{"Mean":0.1875,"Sigma":0.0,"Taucorr":null},"Iteration":52},
{"Acceptance":[0.0010434782608695651],"Energy":{"Mean":-11.180000002783471,"Sigma":0.048989794852430546,"Taucorr":null},"EnergyVariance":{"Mean":5.687600015698567,"Sigma":0.17832285298364742,"Taucorr":null},"Iteration":53},
{"Acceptance":[0.001391304347826087],"Energy":{"Mean":-12.999999999999998,"Sigma":0.0,"Taucorr":null},"EnergyVariance":{"Mean":3.000000000000008,"Sigma":0.0,"Taucorr":null},"Iteration":54},
{"Acceptance":[0.002782608695652174],"Energy":{"Mean":-14.000000000250889,"Sigma":0.0,"Taucorr":null},"EnergyVariance":{"Mean":2.3628277545622516e-20,"Sigma":0.0,"Taucorr":null},"Iteration":55},
{"Acceptance":[0.0006956521739130435],"Energy":{"Mean":-12.499999999094907,"Sigma":0.0,"Taucorr":null},"EnergyVariance":{"Mean":0.74999999728472,"Sigma":0.0,"Taucorr":null},"Iteration":56},
{"Acceptance":[0.00034782608695652176],"Energy":{"Mean":-11.750000000000014,"Sigma":0.0,"Taucorr":null},"EnergyVariance":{"Mean":1.687499999999926,"Sigma":0.0,"Taucorr":null},"Iteration":57},
{"Acceptance":[0.0017391304347826088],"Energy":{"Mean":-12.0,"Sigma":0.0,"Taucorr":null},"EnergyVariance":{"Mean":4.0,"Sigma":0.0,"Taucorr":null},"Iteration":58},
{"Acceptance":[0.005565217391304348],"Energy":{"Mean":-11.25,"Sigma":0.0,"Taucorr":null},"EnergyVariance":{"Mean":1.6875,"Sigma":0.0,"Taucorr":null},"Iteration":59},
{"Acceptance":[0.00034782608695652176],"Energy":{"Mean":-13.249999999920625,"Sigma":0.0,"Taucorr":null},"EnergyVariance":{"Mean":0.6875000000396869,"Sigma":0.0,"Taucorr":null},"Iteration":60},
{"Acceptance":[0.0],"Energy":{"Mean":-13.5,"Sigma":0.0,"Taucorr":null},"EnergyVariance":{"Mean":0.75,"Sigma":0.0,"Taucorr":null},"Iteration":61},
{"Acceptance":[0.0],"Energy":{"Mean":-14.0,"Sigma":0.0,"Taucorr":null},"EnergyVariance":{"Mean":3.835726874537172e-52,"Sigma":0.0,"Taucorr":null},"Iteration":62},
{"Acceptance":[0.002782608695652174],"Energy":{"Mean":-12.500000796905537,"Sigma":0.0,"Taucorr":null},"EnergyVariance":{"Mean":2.249996015883219,"Sigma":0.0,"Taucorr":null},"Iteration":63},
{"Acceptance":[0.0010434782608695651],"Energy":{"Mean":-12.0,"Sigma":0.0,"Taucorr":null},"EnergyVariance":{"Mean":12.0,"Sigma":0.0,"Taucorr":null},"Iteration":64},
{"Acceptance":[0.004521739130434782],"Energy":{"Mean":-11.420194207800598,"Sigma":0.0,"Taucorr":null},"EnergyVariance":{"Mean":13.816371663266018,"Sigma":0.0,"Taucorr":null},"Iteration":65},
{"Acceptance":[0.002434782608695652],"Energy":{"Mean":451419.9539968358,"Sigma":0.0,"Taucorr":null},"EnergyVariance":{"Mean":1977045822176.2495,"Sigma":0.0,"Taucorr":null},"Iteration":66},
{"Acceptance":[0.001391304347826087],"Energy":{"Mean":-12.499999999595152,"Sigma":0.0,"Taucorr":null},"EnergyVariance":{"Mean":5.2499999979768015,"Sigma":0.0,"Taucorr":null},"Iteration":67},
{"Acceptance":[0.0038260869565217392],"Energy":{"Mean":-12.000000003073168,"Sigma":0.0,"Taucorr":null},"EnergyVariance":{"Mean":2.000000012292674,"Sigma":0.0,"Taucorr":null},"Iteration":68},
{"Acceptance":[0.0006956521739130435],"Energy":{"Mean":-14.74999999847078,"Sigma":0.0,"Taucorr":null},"EnergyVariance":{"Mean":3.687499990060068,"Sigma":0.0,"Taucorr":null},"Iteration":69},
{"Acceptance":[0.004869565217391304],"Energy":{"Mean":-13.75,"Sigma":0.0,"Taucorr":null},"EnergyVariance":{"Mean":0.1875,"Sigma":0.0,"Taucorr":null},"Iteration":70},
{"Acceptance":[0.005565217391304348],"Energy":{"Mean":-12.250000000023554,"Sigma":0.0,"Taucorr":null},"EnergyVariance":{"Mean":0.1874999999887199,"Sigma":0.0,"Taucorr":null},"Iteration":71},
{"Acceptance":[0.0010434782608695651],"Energy":{"Mean":-12.249999999999986,"Sigma":0.0,"Taucorr":null},"EnergyVariance":{"Mean":2.1874999999999725,"Sigma":0.0,"Taucorr":null},"Iteration":72},
{"Acceptance":[0.008695652173913044],"Energy":{"Mean":-10.749999999967656,"Sigma":0.0,"Taucorr":null},"EnergyVariance":{"Mean":3.6874999998544484,"Sigma":0.0,"Taucorr":null},"Iteration":73},
{"Acceptance":[0.0017391304347826088],"Energy":{"Mean":-8.5,"Sigma":0.0,"Taucorr":null},"EnergyVariance":{"Mean":0.75,"Sigma":0.0,"Taucorr":null},"Iteration":74},
{"Acceptance":[0.0010434782608695651],"Energy":{"Mean":-11.999999999995415,"Sigma":0.0,"Taucorr":null},"EnergyVariance":{"Mean":3.9999999999818314,"Sigma":0.0,"Taucorr":null},"Iteration":75},
{"Acceptance":[0.00034782608695652176],"Energy":{"Mean":-11.99999661895711,"Sigma":5.685307246100359e-07,"Taucorr":null},"EnergyVariance":{"Mean":1.4999864760762105,"Sigma":2.2740835432773644e-06,"Taucorr":null},"Iteration":76},
{"Acceptance":[0.00034782608695652176],"Energy":{"Mean":-11.250000000000023,"Sigma":0.0,"Taucorr":null},"EnergyVariance":{"Mean":5.687500000000128,"Sigma":0.0,"Taucorr":null},"Iteration":77},
{"Acceptance":[0.0010434782608695651],"Energy":{"Mean":-9.499999999999277,"Sigma":0.0,"Taucorr":null},"EnergyVariance":{"Mean":1.2500000000007234,"Sigma":0.0,"Taucorr":null},"Iteration":78},
{"Acceptance":[0.00034782608695652176],"Energy":{"Mean":-12.500000000425217,"Sigma":0.0,"Taucorr":null},"EnergyVariance":{"Mean":3.250000002192307,"Sigma":0.0,"Taucorr":null},"Iteration":79},
{"Acceptance":[0.0010434782608695651],"Energy":{"Mean":-12.55,"Sigma":0.08164965809277261,"Taucorr":null},"EnergyVariance":{"Mean":0.9475000000000005,"Sigma":0.08981462390205,"Taucorr":null},"Iteration":80},
{"Acceptance":[0.0041739130434782605],"Energy":{"Mean":-10.75000000000001,"Sigma":0.0,"Taucorr":null},"EnergyVariance":{"Mean":0.6875000000000255,"Sigma":0.0,"Taucorr":null},"Iteration":81},
{"Acceptance":[0.001391304347826087],"Energy":{"Mean":-10.25623857152505,"Sigma":0.0,"Taucorr":null},"EnergyVariance":{"Mean":1.1845444002489358,"Sigma":0.0,"Taucorr":null},"Iteration":82},
{"Acceptance":[0.0],"Energy":{"Mean":-10.139797962740543,"Sigma":0.0,"Taucorr":null},"EnergyVariance":{"Mean":1.288004471648946,"Sigma":0.0,"Taucorr":null},"Iteration":83},
{"Acceptance":[0.00034782608695652176],"Energy":{"Mean":-9.749999546054491,"Sigma":0.0,"Taucorr":null},"EnergyVariance":{"Mean":0.1874997730285928,"Sigma":0.0,"Taucorr":null},"Iteration":84},
{"Acceptance":[0.00034782608695652176],"Energy":{"Mean":-10.49999999999996,"Sigma":0.0,"Taucorr":null},"EnergyVariance":{"Mean":0.7500000000000404,"Sigma":0.0,"Taucorr":null},"Iteration":85},
{"Acceptance":[0.0010434782608695651],"Energy":{"Mean":-9.999999999994978,"Sigma":0.0,"Taucorr":null},"EnergyVariance":{"Mean":2.064280051723234e-20,"Sigma":0.0,"Taucorr":null},"Iteration":86},
{"Acceptance":[0.0041739130434782605],"Energy":{"Mean":-11.000000123921712,"Sigma":0.0,"Taucorr":null},"EnergyVariance":{"Mean":3.0000008069102373,"Sigma":0.0,"Taucorr":null},"Iteration":87},
{"Acceptance":[0.0],"Energy":{"Mean":-10.999949435878719,"Sigma":0.0,"Taucorr":null},"EnergyVariance":{"Mean":2.999699926909611,"Sigma":0.0,"Taucorr":null},"Iteration":88},
{"Acceptance":[0.0020869565217391303],"Energy":{"Mean":-11.499997973052434,"Sigma":0.0,"Taucorr":null},"EnergyVariance":{"Mean":2.7500060808941122,"Sigma":0.0,"Taucorr":null},"Iteration":89},
{"Acceptance":[0.0],"Energy":{"Mean":-11.499987947788961,"Sigma":0.0,"Taucorr":null},"EnergyVariance":{"Mean":2.7500361571921754,"Sigma":0.0,"Taucorr":null},"Iteration":90},
{"Acceptance":[0.0],"Energy":{"Mean":-11.499951516222968,"Sigma":0.0,"Taucorr":null},"EnergyVariance":{"Mean":2.7501454594810895,"Sigma":0.0,"Taucorr":null},"Iteration":91},
{"Acceptance":[0.0],"Energy":{"Mean":-11.499855184170547,"Sigma":3.782011737922773e-14,"Taucorr":null},"EnergyVariance":{"Mean":2.7504345140528956,"Sigma":1.1344665947335185e-13,"Taucorr":null},"Iteration":92},
{"Acceptance":[0.0],"Energy":{"Mean":-11.0,"Sigma":0.0,"Taucorr":null},"EnergyVariance":{"Mean":1.0,"Sigma":0.0,"Taucorr":null},"Iteration":93},
{"Acceptance":[0.0],"Energy":{"Mean":-10.999999999999998,"Sigma":0.0,"Taucorr":null},"EnergyVariance":{"Mean":1.0000000000000036,"Sigma":0.0,"Taucorr":null},"Iteration":94},
{"Acceptance":[0.0],"Energy":{"Mean":-11.479999931477419,"Sigma":0.019999997156887668,"Taucorr":null},"EnergyVariance":{"Mean":2.6895996546953187,"Sigma":0.06079998836586447,"Taucorr":null},"Iteration":95},
{"Acceptance":[0.0],"Energy":{"Mean":-10.5,"Sigma":0.0,"Taucorr":null},"EnergyVariance":{"Mean":0.75,"Sigma":0.0,"Taucorr":null},"Iteration":96},
{"Acceptance":[0.0],"Energy":{"Mean":-10.99999960919491,"Sigma":0.0,"Taucorr":null},"EnergyVariance":{"Mean":0.9999992183902868,"Sigma":0.0,"Taucorr":null},"Iteration":97},
{"Acceptance":[0.0006956521739130435],"Energy":{"Mean":-10.000000033889341,"Sigma":0.0,"Taucorr":null},"EnergyVariance":{"Mean":3.586699680540417e-15,"Sigma":0.0,"Taucorr":null},"Iteration":98},
{"Acceptance":[0.0],"Energy":{"Mean":-9.999999999999998,"Sigma":0.0,"Taucorr":null},"EnergyVariance":{"Mean":1.3645892443957605e-26,"Sigma":0.0,"Taucorr":null},"Iteration":99} 
]}
{"input": {"L": 22, "J": 1, "machine": {"type": "FFNN", "model": ["tanh", 66, 5]}, "sampler": {"type": "MetropolisHop", "d_max": 5}, "optimizer": {"type": "AdaMax", "alpha": 0.001, "beta1": 0.9, "beta2": 0.999, "epscut": 1e-07}, "VMC": {"n_samples": 100, "discarded_samples": 100, "discarded_samples_on_init": 0, "target": "energy", "method": "Gd", "diag_shift": 0.01, "use_iterative": true, "use_cholesky": true}, "n_iter": 100}}
duration: -6.617933034896851