{"Output": [
{"Acceptance":[0.8128695652173913],"Energy":{"Mean":18.863910972742154,"Sigma":0.2970683033060811,"Taucorr":0.0},"EnergyVariance":{"Mean":10.64938961573604,"Sigma":1.128661402956053,"Taucorr":-2.7755575615628914e-17},"Iteration":0},
{"Acceptance":[0.6980869565217391],"Energy":{"Mean":14.159406616793571,"Sigma":0.424005505698188,"Taucorr":-2.7755575615628914e-17},"EnergyVariance":{"Mean":22.27901619835741,"Sigma":2.314528358909685,"Taucorr":0.0},"Iteration":1},
{"Acceptance":[0.6010434782608696],"Energy":{"Mean":11.303278894880204,"Sigma":0.379042137895112,"Taucorr":1.1102230246251565e-16},"EnergyVariance":{"Mean":24.592275376565606,"Sigma":2.474734112252365,"Taucorr":5.551115123125783e-17},"Iteration":2},
{"Acceptance":[0.5220869565217391],"Energy":{"Mean":7.41294024549034,"Sigma":0.40803773227543644,"Taucorr":5.551115123125783e-17},"EnergyVariance":{"Mean":28.19562299622368,"Sigma":2.9096377040540964,"Taucorr":-2.7755575615628914e-17},"Iteration":3},
{"Acceptance":[0.45182608695652177],"Energy":{"Mean":3.953290538356747,"Sigma":0.43413166654576985,"Taucorr":-2.7755575615628914e-17},"EnergyVariance":{"Mean":33.72995196352194,"Sigma":3.262437987920883,"Taucorr":0.0},"Iteration":4},
{"Acceptance":[0.39617391304347827],"Energy":{"Mean":-0.2223862409694145,"Sigma":0.361631424158074,"Taucorr":-5.551115123125783e-17},"EnergyVariance":{"Mean":29.406544571285707,"Sigma":2.9459637951012128,"Taucorr":-5.551115123125783e-17},"Iteration":5},
{"Acceptance":[0.36278260869565215],"Energy":{"Mean":-2.6768892866137772,"Sigma":0.3905262542723091,"Taucorr":-5.551115123125783e-17},"EnergyVariance":{"Mean":31.79164135996676,"Sigma":3.444102089347639,"Taucorr":-2.7755575615628914e-17},"Iteration":6},
{"Acceptance":[0.3074782608695652],"Energy":{"Mean":-4.47566098140914,"Sigma":0.4110108432788419,"Taucorr":5.551115123125783e-17},"EnergyVariance":{"Mean":31.311433188256004,"Sigma":5.380791608400714,"Taucorr":2.7755575615628914e-17},"Iteration":7},
{"Acceptance":[0.18434782608695652],"Energy":{"Mean":-5.773195871122792,"Sigma":0.2976888763026702,"Taucorr":null},"EnergyVariance":{"Mean":18.81439076150378,"Sigma":2.1776077673696177,"Taucorr":null},"Iteration":8},
{"Acceptance":[0.23547826086956522],"Energy":{"Mean":-7.239982078115528,"Sigma":0.3401331013721516,"Taucorr":5.551115123125783e-17},"EnergyVariance":{"Mean":25.469641597957775,"Sigma":3.092744874157718,"Taucorr":-2.7755575615628914e-17},"Iteration":9},
{"Acceptance":[0.24521739130434783],"Energy":{"Mean":-9.62215876339433,"Sigma":0.26426324787814126,"Taucorr":0.0},"EnergyVariance":{"Mean":17.831885605625164,"Sigma":2.0435253877018016,"Taucorr":-5.551115123125783e-17},"Iteration":10},
{"Acceptance":[0.21704347826086956],"Energy":{"Mean":-10.086364377468616,"Sigma":0.26125777915533166,"Taucorr":5.551115123125783e-17},"EnergyVariance":{"Mean":17.387935864461152,"Sigma":2.8929852245842884,"Taucorr":0.0},"Iteration":11},
{"Acceptance":[0.21043478260869566],"Energy":{"Mean":-10.55502352339438,"Sigma":0.3237852083216003,"Taucorr":-2.7755575615628914e-17},"EnergyVariance":{"Mean":19.598737859996902,"Sigma":4.363174050971719,"Taucorr":-2.7755575615628914e-17},"Iteration":12},
{"Acceptance":[0.21913043478260869],"Energy":{"Mean":-11.341788161281293,"Sigma":0.3878778710385733,"Taucorr":5.551115123125783e-17},"EnergyVariance":{"Mean":27.938606034118994,"Sigma":6.966124242078837,"Taucorr":-2.7755575615628914e-17},"Iteration":13},
{"Acceptance":[0.17321739130434782],"Energy":{"Mean":-10.495653690665723,"Sigma":0.43664818135943245,"Taucorr":-1.1657341758564144e-15},"EnergyVariance":{"Mean":32.61284340172693,"Sigma":7.879180803484597,"Taucorr":1.1102230246251565e-16},"Iteration":14},
{"Acceptance":[0.13008695652173913],"Energy":{"Mean":-10.147131217927345,"Sigma":0.5308466513646164,"Taucorr":null},"EnergyVariance":{"Mean":61.72624576983532,"Sigma":56.6167731264867,"Taucorr":null},"Iteration":15},
{"Acceptance":[0.03165217391304348],"Energy":{"Mean":-8.999986719137894,"Sigma":0.0,"Taucorr":null},"EnergyVariance":{"Mean":6.031261101943183e-07,"Sigma":0.0,"Taucorr":null},"Iteration":16},
{"Acceptance":[0.008695652173913044],"Energy":{"Mean":-7.500007256567685,"Sigma":0.0,"Taucorr":null},"EnergyVariance":{"Mean":6.2500356050967,"Sigma":0.0,"Taucorr":null},"Iteration":17},
{"Acceptance":[0.0010434782608695651],"Energy":{"Mean":-9.499567827123904,"Sigma":0.0,"Taucorr":null},"EnergyVariance":{"Mean":0.24956858415552552,"Sigma":0.0,"Taucorr":null},"Iteration":18},
{"Acceptance":[0.00034782608695652176],"Energy":{"Mean":-8.220000023342205,"Sigma":0.0506622633415176,"Taucorr":null},"EnergyVariance":{"Mean":1.011600527599552,"Sigma":0.1236159594628293,"Taucorr":null},"Iteration":19},
{"Acceptance":[0.012521739130434783],"Energy":{"Mean":-9.50156913203963,"Sigma":0.0,"Taucorr":null},"EnergyVariance":{"Mean":0.25122032956951246,"Sigma":0.0,"Taucorr":null},"Iteration":20},
{"Acceptance":[0.00034782608695652176],"Energy":{"Mean":-7.75000090581364,"Sigma":0.0,"Taucorr":null},"EnergyVariance":{"Mean":2.187498619559867,"Sigma":0.0,"Taucorr":null},"Iteration":21},
{"Acceptance":[0.004521739130434782],"Energy":{"Mean":-8.499999999171887,"Sigma":0.0,"Taucorr":null},"EnergyVariance":{"Mean":0.7500000017107519,"Sigma":0.0,"Taucorr":null},"Iteration":22},
{"Acceptance":[0.002782608695652174],"Energy":{"Mean":-8.999397275817055,"Sigma":9.369035460184485e-06,"Taucorr":null},"EnergyVariance":{"Mean":2.4987950096121483,"Sigma":1.974041309754459e-05,"Taucorr":null},"Iteration":23},
{"Acceptance":[0.008347826086956521],"Energy":{"Mean":-9.999907079956602,"Sigma":8.170414223548446e-05,"Taucorr":8.326672684688674e-15},"EnergyVariance":{"Mean":2.874489583354574e-06,"Sigma":1.9726411415396838e-07,"Taucorr":1.1102230246251565e-16},"Iteration":24},
{"Acceptance":[0.0020869565217391303],"Energy":{"Mean":-8.82001910158284,"Sigma":0.04899093698850218,"Taucorr":null},"EnergyVariance":{"Mean":0.9676451191055557,"Sigma":0.017637148608501838,"Taucorr":null},"Iteration":25},
{"Acceptance":[0.003130434782608696],"Energy":{"Mean":-9.998396000893916,"Sigma":0.0,"Taucorr":null},"EnergyVariance":{"Mean":7.993616062306592e-07,"Sigma":0.0,"Taucorr":null},"Iteration":26},
{"Acceptance":[0.0006956521739130435],"Energy":{"Mean":-7.832620884750153,"Sigma":0.07483314751450872,"Taucorr":null},"EnergyVariance":{"Mean":3.9432353412601686,"Sigma":0.025051011160799795,"Taucorr":null},"Iteration":27},
{"Acceptance":[0.007304347826086957],"Energy":{"Mean":-9.420010917620797,"Sigma":0.037415858289136544,"Taucorr":null},"EnergyVariance":{"Mean":0.823568295616889,"Sigma":0.03142870682002179,"Taucorr":null},"Iteration":28},
{"Acceptance":[0.0010434782608695651],"Energy":{"Mean":-9.000001713126228,"Sigma":0.0,"Taucorr":null},"EnergyVariance":{"Mean":3.0000034262698474,"Sigma":0.0,"Taucorr":null},"Iteration":29},
{"Acceptance":[0.002782608695652174],"Energy":{"Mean":-9.999999234105738,"Sigma":0.0,"Taucorr":null},"EnergyVariance":{"Mean":5.871956560687508e-13,"Sigma":0.0,"Taucorr":null},"Iteration":30},
{"Acceptance":[0.002782608695652174],"Energy":{"Mean":-10.0000050545959,"Sigma":0.0,"Taucorr":null},"EnergyVariance":{"Mean":1.5821380341257134e-10,"Sigma":0.0,"Taucorr":null},"Iteration":31},
{"Acceptance":[0.001391304347826087],"Energy":{"Mean":-9.249997734758406,"Sigma":0.0,"Taucorr":null},"EnergyVariance":{"Mean":1.6874966023566684,"Sigma":0.0,"Taucorr":null},"Iteration":32},
{"Acceptance":[0.002434782608695652],"Energy":{"Mean":-10.00001204043096,"Sigma":0.0,"Taucorr":null},"EnergyVariance":{"Mean":5.74506390737794e-10,"Sigma":0.0,"Taucorr":null},"Iteration":33},
{"Acceptance":[0.007304347826086957],"Energy":{"Mean":-9.000000440138624,"Sigma":0.0,"Taucorr":null},"EnergyVariance":{"Mean":3.0000008803619638,"Sigma":0.0,"Taucorr":null},"Iteration":34},
{"Acceptance":[0.003130434782608696],"Energy":{"Mean":-9.74990904095883,"Sigma":0.0,"Taucorr":null},"EnergyVariance":{"Mean":0.187636463397988,"Sigma":0.0,"Taucorr":null},"Iteration":35},
{"Acceptance":[0.0017391304347826088],"Energy":{"Mean":-8.249999980075371,"Sigma":0.0,"Taucorr":null},"EnergyVariance":{"Mean":1.1874999301518412,"Sigma":0.0,"Taucorr":null},"Iteration":36},
{"Acceptance":[0.0041739130434782605],"Energy":{"Mean":-8.500001468474494,"Sigma":0.0,"Taucorr":null},"EnergyVariance":{"Mean":2.7500044072522516,"Sigma":0.0,"Taucorr":null},"Iteration":37},
{"Acceptance":[0.0],"Energy":{"Mean":-9.003807534754813,"Sigma":0.0,"Taucorr":null},"EnergyVariance":{"Mean":3.007681844437435,"Sigma":0.0,"Taucorr":null},"Iteration":38},
{"Acceptance":[0.0],"Energy":{"Mean":-6.499999997250005,"Sigma":0.0,"Taucorr":null},"EnergyVariance":{"Mean":2.750000002750009,"Sigma":0.0,"Taucorr":null},"Iteration":39},
{"Acceptance":[0.001391304347826087],"Energy":{"Mean":-8.549999999990458,"Sigma":0.020412414519297865,"Taucorr":null},"EnergyVariance":{"Mean":0.8474999999723297,"Sigma":0.03878358758316024,"Taucorr":null},"Iteration":40},
{"Acceptance":[0.0017391304347826088],"Energy":{"Mean":-7.059990187732466,"Sigma":0.03316386734743605,"Taucorr":null},"EnergyVariance":{"Mean":1.2363643341826378,"Sigma":0.12867169917441748,"Taucorr":null},"Iteration":41},
{"Acceptance":[0.002434782608695652],"Energy":{"Mean":-10.99994282056802,"Sigma":0.0,"Taucorr":null},"EnergyVariance":{"Mean":0.5001108671884296,"Sigma":0.0,"Taucorr":null},"Iteration":42},
{"Acceptance":[0.0],"Energy":{"Mean":-8.499999964200363,"Sigma":3.0767402982137023e-16,"Taucorr":null},"EnergyVariance":{"Mean":4.249999749401126,"Sigma":3.074736559610931e-16,"Taucorr":null},"Iteration":43},
{"Acceptance":[0.0010434782608695651],"Energy":{"Mean":-8.980000003013902,"Sigma":0.06831300510639711,"Taucorr":null},"EnergyVariance":{"Mean":1.4595999940927422,"Sigma":0.13935853000527235,"Taucorr":null},"Iteration":44},
{"Acceptance":[0.003130434782608696],"Energy":{"Mean":-8.51999650326217,"Sigma":0.013844526819845071,"Taucorr":null},"EnergyVariance":{"Mean":6.829589796297002,"Sigma":0.05482437080435665,"Taucorr":null},"Iteration":45},
{"Acceptance":[0.006260869565217392],"Energy":{"Mean":-10.000000000000014,"Sigma":0.0,"Taucorr":null},"EnergyVariance":{"Mean":1.5313328443825438e-26,"Sigma":0.0,"Taucorr":null},"Iteration":46},
{"Acceptance":[0.0010434782608695651],"Energy":{"Mean":-8.499999998985913,"Sigma":0.0,"Taucorr":null},"EnergyVariance":{"Mean":1.2500000010130559,"Sigma":0.0,"Taucorr":null},"Iteration":47},
{"Acceptance":[0.0010434782608695651],"Energy":{"Mean":-7.919985465717413,"Sigma":0.055377492419453826,"Taucorr":null},"EnergyVariance":{"Mean":0.973568607033852,"Sigma":0.3234029459853628,"Taucorr":null},"Iteration":48},
{"Acceptance":[0.0006956521739130435],"Energy":{"Mean":-9.250000000230784,"Sigma":0.0,"Taucorr":null},"EnergyVariance":{"Mean":1.6874999989614214,"Sigma":0.0,"Taucorr":null},"Iteration":49},
{"Acceptance":[0.0010434782608695651],"Energy":{"Mean":-9.00000000018119,"Sigma":0.0,"Taucorr":null},"EnergyVariance":{"Mean":0.9999999996375699,"Sigma":0.0,"Taucorr":null},"Iteration":50},
{"Acceptance":[0.002434782608695652],"Energy":{"Mean":-9.660000016047897,"Sigma":0.024494897509896616,"Taucorr":null},"EnergyVariance":{"Mean":0.2244000107962022,"Sigma":0.00783836787554968,"Taucorr":null},"Iteration":51},
{"Acceptance":[0.00034782608695652176],"Energy":{"Mean":-8.830001045442788,"Sigma":0.03741706255372138,"Taucorr":null},"EnergyVariance":{"Mean":0.7211024403844819,"Sigma":0.01272270051410452,"Taucorr":null},"Iteration":52},
{"Acceptance":[0.003130434782608696],"Energy":{"Mean":-8.249172907370156,"Sigma":0.0,"Taucorr":null},"EnergyVariance":{"Mean":3.1878759728957604,"Sigma":0.0,"Taucorr":null},"Iteration":53},
{"Acceptance":[0.0010434782608695651],"Energy":{"Mean":-7.504317245942245,"Sigma":0.0,"Taucorr":null},"EnergyVariance":{"Mean":1.2371354134103332,"Sigma":0.0,"Taucorr":null},"Iteration":54},
{"Acceptance":[0.004869565217391304],"Energy":{"Mean":-8.675665603093046,"Sigma":0.06528156658007916,"Taucorr":null},"EnergyVariance":{"Mean":1.083972869006535,"Sigma":0.24538350570982256,"Taucorr":null},"Iteration":55},
{"Acceptance":[0.003130434782608696],"Energy":{"Mean":-7.75,"Sigma":0.0,"Taucorr":null},"EnergyVariance":{"Mean":0.1875,"Sigma":0.0,"Taucorr":null},"Iteration":56},
{"Acceptance":[0.0],"Energy":{"Mean":-8.750000000000052,"Sigma":0.0,"Taucorr":null},"EnergyVariance":{"Mean":1.6875000000062863,"Sigma":0.0,"Taucorr":null},"Iteration":57},
{"Acceptance":[0.0020869565217391303],"Energy":{"Mean":-9.455396925032307,"Sigma":0.0009974812134206587,"Taucorr":null},"EnergyVariance":{"Mean":1.8552067643755776,"Sigma":0.30246814032716524,"Taucorr":null},"Iteration":58},
{"Acceptance":[0.0006956521739130435],"Energy":{"Mean":-7.999994132616603,"Sigma":0.0,"Taucorr":null},"EnergyVariance":{"Mean":1.9999765310975577,"Sigma":0.0,"Taucorr":null},"Iteration":59},
{"Acceptance":[0.00591304347826087],"Energy":{"Mean":-8.498368524254024,"Sigma":0.0,"Taucorr":null},"EnergyVariance":{"Mean":2.7451820945296768,"Sigma":0.0,"Taucorr":null},"Iteration":60},
{"Acceptance":[0.0020869565217391303],"Energy":{"Mean":-8.000000057167998,"Sigma":0.0,"Taucorr":null},"EnergyVariance":{"Mean":2.0000000000000115,"Sigma":0.0,"Taucorr":null},"Iteration":61},
{"Acceptance":[0.006608695652173913],"Energy":{"Mean":-7.75,"Sigma":0.0,"Taucorr":null},"EnergyVariance":{"Mean":5.1875,"Sigma":0.0,"Taucorr":null},"Iteration":62},
{"Acceptance":[0.0010434782608695651],"Energy":{"Mean":-6.9999824190361615,"Sigma":0.0,"Taucorr":null},"EnergyVariance":{"Mean":1.4999655406844028,"Sigma":0.0,"Taucorr":null},"Iteration":63},
{"Acceptance":[0.001391304347826087],"Energy":{"Mean":-8.000003479402983,"Sigma":0.0,"Taucorr":null},"EnergyVariance":{"Mean":1.5000000043211372,"Sigma":0.0,"Taucorr":null},"Iteration":64},
{"Acceptance":[0.0034782608695652175],"Energy":{"Mean":-9.638826228194308,"Sigma":0.0,"Taucorr":null},"EnergyVariance":{"Mean":1.8283438394094444,"Sigma":0.0,"Taucorr":null},"Iteration":65},
{"Acceptance":[0.001391304347826087],"Energy":{"Mean":-7.000000183042587,"Sigma":0.0,"Taucorr":null},"EnergyVariance":{"Mean":5.000001098255678,"Sigma":0.0,"Taucorr":null},"Iteration":66},
{"Acceptance":[0.0],"Energy":{"Mean":-5.999998888029781,"Sigma":0.0,"Taucorr":null},"EnergyVariance":{"Mean":2.000000164359089,"Sigma":0.0,"Taucorr":null},"Iteration":67},
{"Acceptance":[0.0020869565217391303],"Energy":{"Mean":-8.460000764652609,"Sigma":0.018708318032411488,"Taucorr":null},"EnergyVariance":{"Mean":0.24840082582520118,"Sigma":0.001496667930494414,"Taucorr":null},"Iteration":68},
{"Acceptance":[0.0],"Energy":{"Mean":-7.999999999997463,"Sigma":0.0,"Taucorr":null},"EnergyVariance":{"Mean":2.556562119858052e-23,"Sigma":0.0,"Taucorr":null},"Iteration":69},
{"Acceptance":[0.0],"Energy":{"Mean":-8.000000004207363,"Sigma":0.0,"Taucorr":null},"EnergyVariance":{"Mean":2.0651918710776464e-17,"Sigma":0.0,"Taucorr":null},"Iteration":70},
{"Acceptance":[0.00034782608695652176],"Energy":{"Mean":-9.000000160409549,"Sigma":0.0,"Taucorr":null},"EnergyVariance":{"Mean":9.415841348649934e-16,"Sigma":0.0,"Taucorr":null},"Iteration":71},
{"Acceptance":[0.0],"Energy":{"Mean":-9.000000187456264,"Sigma":0.0,"Taucorr":null},"EnergyVariance":{"Mean":2.2737928602390742e-16,"Sigma":0.0,"Taucorr":null},"Iteration":72},
{"Acceptance":[0.005565217391304348],"Energy":{"Mean":-9.000006039487065,"Sigma":3.6466304250499666e-07,"Taucorr":1.1400602684119576e-11},"EnergyVariance":{"Mean":3.6992563425859284e-09,"Sigma":2.2093524368225866e-10,"Taucorr":0.0},"Iteration":73},
{"Acceptance":[0.0006956521739130435],"Energy":{"Mean":-7.290608497958358,"Sigma":0.08124044440861541,"Taucorr":null},"EnergyVariance":{"Mean":2.2279851210179267,"Sigma":0.224669440155707,"Taucorr":null},"Iteration":74},
{"Acceptance":[0.00591304347826087],"Energy":{"Mean":-9.01014963818334,"Sigma":0.01014970743404146,"Taucorr":null},"EnergyVariance":{"Mean":0.48992776787719816,"Sigma":0.010175387207553876,"Taucorr":null},"Iteration":75},
{"Acceptance":[0.0],"Energy":{"Mean":-9.500000000000032,"Sigma":0.0,"Taucorr":null},"EnergyVariance":{"Mean":0.2499999999999689,"Sigma":0.0,"Taucorr":null},"Iteration":76},
{"Acceptance":[0.00034782608695652176],"Energy":{"Mean":-8.250085887995546,"Sigma":0.0,"Taucorr":null},"EnergyVariance":{"Mean":0.18762887885961538,"Sigma":0.0,"Taucorr":null},"Iteration":77},
{"Acceptance":[0.003130434782608696],"Energy":{"Mean":-9.499999999975692,"Sigma":0.0,"Taucorr":null},"EnergyVariance":{"Mean":2.7500000002336553,"Sigma":0.0,"Taucorr":null},"Iteration":78},
{"Acceptance":[0.006608695652173913],"Energy":{"Mean":-7.250000000038855,"Sigma":0.0,"Taucorr":null},"EnergyVariance":{"Mean":12.687500000116746,"Sigma":0.0,"Taucorr":null},"Iteration":79},
{"Acceptance":[0.0006956521739130435],"Energy":{"Mean":-8.499999737535472,"Sigma":0.0,"Taucorr":null},"EnergyVariance":{"Mean":2.7499994276118036,"Sigma":0.0,"Taucorr":null},"Iteration":80},
{"Acceptance":[0.003130434782608696],"Energy":{"Mean":-9.005219887005744,"Sigma":0.0,"Taucorr":null},"EnergyVariance":{"Mean":1.5209757689361556,"Sigma":0.0,"Taucorr":null},"Iteration":81},
{"Acceptance":[0.00034782608695652176],"Energy":{"Mean":-7.751047827541359,"Sigma":0.0,"Taucorr":null},"EnergyVariance":{"Mean":6.194324377214954,"Sigma":0.0,"Taucorr":null},"Iteration":82},
{"Acceptance":[0.0041739130434782605],"Energy":{"Mean":-9.24960659856539,"Sigma":0.0,"Taucorr":null},"EnergyVariance":{"Mean":2.186123565073992,"Sigma":0.0,"Taucorr":null},"Iteration":83},
{"Acceptance":[0.0020869565217391303],"Energy":{"Mean":-8.219996821634293,"Sigma":0.050662222046049,"Taucorr":null},"EnergyVariance":{"Mean":3.891582836282826,"Sigma":0.07903327150772815,"Taucorr":null},"Iteration":84},
{"Acceptance":[0.0],"Energy":{"Mean":-9.748863961904188,"Sigma":0.0,"Taucorr":null},"EnergyVariance":{"Mean":5.182394089794052,"Sigma":0.0,"Taucorr":null},"Iteration":85},
{"Acceptance":[0.0],"Energy":{"Mean":-10.260004165845361,"Sigma":0.07141486762138884,"Taucorr":null},"EnergyVariance":{"Mean":1.1523978339249081,"Sigma":0.2513791789986713,"Taucorr":null},"Iteration":86},
{"Acceptance":[0.00034782608695652176],"Energy":{"Mean":-9.75000001044079,"Sigma":0.0,"Taucorr":null},"EnergyVariance":{"Mean":2.6874999425727193,"Sigma":0.0,"Taucorr":null},"Iteration":87},
{"Acceptance":[0.004869565217391304],"Energy":{"Mean":-10.250000000000025,"Sigma":0.0,"Taucorr":null},"EnergyVariance":{"Mean":1.687499999999888,"Sigma":0.0,"Taucorr":null},"Iteration":88},
{"Acceptance":[0.0010434782608695651],"Energy":{"Mean":-9.25,"Sigma":0.0,"Taucorr":null},"EnergyVariance":{"Mean":9.1875,"Sigma":0.0,"Taucorr":null},"Iteration":89},
{"Acceptance":[0.005565217391304348],"Energy":{"Mean":-10.25,"Sigma":0.0,"Taucorr":null},"EnergyVariance":{"Mean":1.6875,"Sigma":0.0,"Taucorr":null},"Iteration":90},
{"Acceptance":[0.0],"Energy":{"Mean":-8.749999999999941,"Sigma":0.0,"Taucorr":null},"EnergyVariance":{"Mean":1.6874999999998348,"Sigma":0.0,"Taucorr":null},"Iteration":91},
{"Acceptance":[0.0],"Energy":{"Mean":-8.250000128650944,"Sigma":0.0,"Taucorr":null},"EnergyVariance":{"Mean":2.687499935674583,"Sigma":0.0,"Taucorr":null},"Iteration":92},
{"Acceptance":[0.0017391304347826088],"Energy":{"Mean":-10.500000000001506,"Sigma":0.0,"Taucorr":null},"EnergyVariance":{"Mean":0.749999999995481,"Sigma":0.0,"Taucorr":null},"Iteration":93},
{"Acceptance":[0.0],"Energy":{"Mean":-10.499999826096126,"Sigma":0.0,"Taucorr":null},"EnergyVariance":{"Mean":0.7499999209994623,"Sigma":0.0,"Taucorr":null},"Iteration":94},
{"Acceptance":[0.0],"Energy":{"Mean":-11.000000371708298,"Sigma":0.0,"Taucorr":null},"EnergyVariance":{"Mean":5.3236686849157664e-15,"Sigma":0.0,"Taucorr":null},"Iteration":95},
{"Acceptance":[0.004521739130434782],"Energy":{"Mean":-9.429998582389382,"Sigma":0.02291466020739847,"Taucorr":null},"EnergyVariance":{"Mean":0.6051041880450395,"Sigma":0.049036394403463274,"Taucorr":null},"Iteration":96},
{"Acceptance":[0.0052173913043478265],"Energy":{"Mean":-9.500000343453456,"Sigma":3.825674208993227e-08,"Taucorr":null},"EnergyVariance":{"Mean":2.750001030352997,"Sigma":1.147702917950748e-07,"Taucorr":null},"Iteration":97},
{"Acceptance":[0.0],"Energy":{"Mean":-10.000000040909377,"Sigma":0.0,"Taucorr":null},"EnergyVariance":{"Mean":3.00000008181877,"Sigma":0.0,"Taucorr":null},"Iteration":98},
{"Acceptance":[0.00034782608695652176],"Energy":{"Mean":-7.999996805152598,"Sigma":0.0,"Taucorr":null},"EnergyVariance":{"Mean":4.4999872206206195,"Sigma":0.0,"Taucorr":null},"Iteration":99} 
]}
{"input": {"L": 22, "J": 1, "machine": {"type": "FFNN", "model": ["tanh", 79, 7]}, "sampler": {"type": "MetropolisHop", "d_max": 5}, "optimizer": {"type": "AdaMax", "alpha": 0.001, "beta1": 0.9, "beta2": 0.999, "epscut": 1e-07}, "VMC": {"n_samples": 100, "discarded_samples": 100, "discarded_samples_on_init": 0, "target": "energy", "method": "Gd", "diag_shift": 0.01, "use_iterative": true, "use_cholesky": true}, "n_iter": 100}}
duration: -11.742363452911377