{"Output": [
{"Acceptance":[0.7958260869565218],"Energy":{"Mean":17.81977551364594,"Sigma":0.3492296172755195,"Taucorr":-2.7755575615628914e-17},"EnergyVariance":{"Mean":13.451156774537887,"Sigma":1.4918413626194902,"Taucorr":0.0},"Iteration":0},
{"Acceptance":[0.6553043478260869],"Energy":{"Mean":14.26016836911169,"Sigma":0.39029799825824085,"Taucorr":2.7755575615628914e-17},"EnergyVariance":{"Mean":21.78648329997769,"Sigma":2.363502748416486,"Taucorr":0.0},"Iteration":1},
{"Acceptance":[0.5158260869565218],"Energy":{"Mean":9.309706281934456,"Sigma":0.49500621387296745,"Taucorr":0.0},"EnergyVariance":{"Mean":34.94897256192456,"Sigma":4.58442888424509,"Taucorr":-5.551115123125783e-17},"Iteration":2},
{"Acceptance":[0.4389565217391304],"Energy":{"Mean":5.147060734956877,"Sigma":0.4663654471159885,"Taucorr":-2.7755575615628914e-17},"EnergyVariance":{"Mean":30.718986117186766,"Sigma":3.8139414610792137,"Taucorr":5.551115123125783e-17},"Iteration":3},
{"Acceptance":[0.3808695652173913],"Energy":{"Mean":2.5522109409555966,"Sigma":0.43808286491683374,"Taucorr":-2.7755575615628914e-17},"EnergyVariance":{"Mean":33.357719823383775,"Sigma":3.645552406383143,"Taucorr":-5.551115123125783e-17},"Iteration":4},
{"Acceptance":[0.31582608695652176],"Energy":{"Mean":-1.8783572228328045,"Sigma":0.48693303699954243,"Taucorr":0.0},"EnergyVariance":{"Mean":35.78302192850113,"Sigma":4.49296391948778,"Taucorr":0.0},"Iteration":5},
{"Acceptance":[0.2737391304347826],"Energy":{"Mean":-4.049539910721163,"Sigma":0.4387995693897491,"Taucorr":0.0},"EnergyVariance":{"Mean":30.252088678708965,"Sigma":3.7657314615608506,"Taucorr":5.551115123125783e-17},"Iteration":6},
{"Acceptance":[0.2351304347826087],"Energy":{"Mean":-5.993069548371333,"Sigma":0.44779257385758925,"Taucorr":-5.551115123125783e-17},"EnergyVariance":{"Mean":31.249513432747403,"Sigma":4.253420301463319,"Taucorr":-1.1102230246251565e-16},"Iteration":7},
{"Acceptance":[0.22678260869565217],"Energy":{"Mean":-9.224951414392622,"Sigma":0.3544842075497152,"Taucorr":-8.326672684688674e-17},"EnergyVariance":{"Mean":26.7226538511436,"Sigma":3.510144547896879,"Taucorr":0.0},"Iteration":8},
{"Acceptance":[0.18782608695652173],"Energy":{"Mean":-11.09068507763508,"Sigma":0.39243420329273265,"Taucorr":-2.7755575615628914e-17},"EnergyVariance":{"Mean":19.942571470430316,"Sigma":4.143236704684738,"Taucorr":2.7755575615628914e-17},"Iteration":9},
{"Acceptance":[0.18643478260869564],"Energy":{"Mean":-11.495357018034657,"Sigma":0.4307297037774042,"Taucorr":5.551115123125783e-17},"EnergyVariance":{"Mean":31.7748007007899,"Sigma":5.538298274358417,"Taucorr":0.0},"Iteration":10},
{"Acceptance":[0.17426086956521739],"Energy":{"Mean":-13.326049012940874,"Sigma":0.3536638500337485,"Taucorr":0.0},"EnergyVariance":{"Mean":27.09316332179872,"Sigma":4.698522905719325,"Taucorr":2.7755575615628914e-17},"Iteration":11},
{"Acceptance":[0.17773913043478262],"Energy":{"Mean":-14.109014506307485,"Sigma":0.4480523612842268,"Taucorr":5.551115123125783e-17},"EnergyVariance":{"Mean":26.821660468118854,"Sigma":4.561306928544535,"Taucorr":0.0},"Iteration":12},
{"Acceptance":[0.16626086956521738],"Energy":{"Mean":-13.718602720955754,"Sigma":0.4653021647781708,"Taucorr":2.7755575615628914e-17},"EnergyVariance":{"Mean":29.468319082612968,"Sigma":7.50979624405993,"Taucorr":-5.551115123125783e-17},"Iteration":13},
{"Acceptance":[0.14191304347826086],"Energy":{"Mean":-14.83911242973565,"Sigma":0.25734947371873784,"Taucorr":0.0},"EnergyVariance":{"Mean":10.087705257255482,"Sigma":2.0718633777219555,"Taucorr":-5.551115123125783e-17},"Iteration":14},
{"Acceptance":[0.16556521739130434],"Energy":{"Mean":-15.536924659050289,"Sigma":0.5193445153167969,"Taucorr":8.326672684688674e-17},"EnergyVariance":{"Mean":38.02763477302682,"Sigma":9.643946918435702,"Taucorr":-5.551115123125783e-17},"Iteration":15},
{"Acceptance":[0.13078260869565217],"Energy":{"Mean":-15.07422359823105,"Sigma":0.3196722266829083,"Taucorr":2.7755575615628914e-17},"EnergyVariance":{"Mean":20.464821357564688,"Sigma":5.740486861645867,"Taucorr":0.0},"Iteration":16},
{"Acceptance":[0.17530434782608695],"Energy":{"Mean":-16.38678596871667,"Sigma":0.3642713807495115,"Taucorr":0.0},"EnergyVariance":{"Mean":15.056336246365344,"Sigma":3.2589417846185085,"Taucorr":0.0},"Iteration":17},
{"Acceptance":[0.15165217391304348],"Energy":{"Mean":-16.09277825848904,"Sigma":0.3902991503951767,"Taucorr":-2.7755575615628914e-17},"EnergyVariance":{"Mean":17.22555408022881,"Sigma":3.670612984304344,"Taucorr":0.0},"Iteration":18},
{"Acceptance":[0.12904347826086957],"Energy":{"Mean":-16.83924756827317,"Sigma":0.31862304621527937,"Taucorr":2.7755575615628914e-17},"EnergyVariance":{"Mean":12.230727353561605,"Sigma":1.6602157769437824,"Taucorr":0.0},"Iteration":19},
{"Acceptance":[0.13843478260869566],"Energy":{"Mean":-17.301483419209802,"Sigma":0.4791458533656793,"Taucorr":5.551115123125783e-17},"EnergyVariance":{"Mean":34.94535240048555,"Sigma":8.749480333443913,"Taucorr":-2.7755575615628914e-17},"Iteration":20},
{"Acceptance":[0.12904347826086957],"Energy":{"Mean":-17.09113950940715,"Sigma":0.3784243549733944,"Taucorr":5.551115123125783e-17},"EnergyVariance":{"Mean":32.59325460727764,"Sigma":15.528672741262874,"Taucorr":0.0},"Iteration":21},
{"Acceptance":[0.1373913043478261],"Energy":{"Mean":-17.72886361982469,"Sigma":0.47449001439556376,"Taucorr":-5.551115123125783e-17},"EnergyVariance":{"Mean":30.87549733489875,"Sigma":6.318619761356625,"Taucorr":-2.7755575615628914e-17},"Iteration":22},
{"Acceptance":[0.1231304347826087],"Energy":{"Mean":-17.26981175516136,"Sigma":0.2882874561076364,"Taucorr":-5.551115123125783e-17},"EnergyVariance":{"Mean":12.476789931243081,"Sigma":3.005978910744294,"Taucorr":2.7755575615628914e-17},"Iteration":23},
{"Acceptance":[0.12208695652173913],"Energy":{"Mean":-17.822238051249123,"Sigma":0.34967763415420317,"Taucorr":-5.551115123125783e-17},"EnergyVariance":{"Mean":17.120031803849113,"Sigma":4.0661127341087555,"Taucorr":-2.7755575615628914e-17},"Iteration":24},
{"Acceptance":[0.09704347826086956],"Energy":{"Mean":-17.192282604760543,"Sigma":0.3568317009043071,"Taucorr":0.0},"EnergyVariance":{"Mean":17.107843156974454,"Sigma":5.377962099786529,"Taucorr":0.0},"Iteration":25},
{"Acceptance":[0.11826086956521739],"Energy":{"Mean":-18.380561348647444,"Sigma":0.322561530448532,"Taucorr":-2.7755575615628914e-17},"EnergyVariance":{"Mean":13.267215532326311,"Sigma":3.4197500675980574,"Taucorr":1.1102230246251565e-16},"Iteration":26},
{"Acceptance":[0.10086956521739131],"Energy":{"Mean":-17.85197902348203,"Sigma":0.2662659621640268,"Taucorr":2.7755575615628914e-17},"EnergyVariance":{"Mean":8.863120766916015,"Sigma":1.2427042625131093,"Taucorr":0.0},"Iteration":27},
{"Acceptance":[0.10469565217391304],"Energy":{"Mean":-17.403491368801266,"Sigma":0.3814422502604819,"Taucorr":0.0},"EnergyVariance":{"Mean":19.80597573009998,"Sigma":4.236294020352604,"Taucorr":0.0},"Iteration":28},
{"Acceptance":[0.10121739130434783],"Energy":{"Mean":-18.11068683397037,"Sigma":0.4135205872957578,"Taucorr":-8.326672684688674e-17},"EnergyVariance":{"Mean":21.318829974919005,"Sigma":5.452921064548438,"Taucorr":5.551115123125783e-17},"Iteration":29},
{"Acceptance":[0.09913043478260869],"Energy":{"Mean":-17.139471243581035,"Sigma":0.5066362071195928,"Taucorr":1.1102230246251565e-16},"EnergyVariance":{"Mean":32.69050196354041,"Sigma":11.059404996399605,"Taucorr":-2.7755575615628914e-17},"Iteration":30},
{"Acceptance":[0.09217391304347826],"Energy":{"Mean":-18.280565223795996,"Sigma":0.29887818232399277,"Taucorr":-8.326672684688674e-17},"EnergyVariance":{"Mean":13.520743415603498,"Sigma":5.448055053758046,"Taucorr":0.0},"Iteration":31},
{"Acceptance":[0.10086956521739131],"Energy":{"Mean":-18.02813004703676,"Sigma":0.21031325318955182,"Taucorr":0.0},"EnergyVariance":{"Mean":6.273616334086492,"Sigma":1.60697282922126,"Taucorr":-2.7755575615628914e-17},"Iteration":32},
{"Acceptance":[0.09252173913043478],"Energy":{"Mean":-17.613050198593662,"Sigma":0.2838437087755872,"Taucorr":-8.326672684688674e-17},"EnergyVariance":{"Mean":8.909082578302018,"Sigma":1.7308863019672134,"Taucorr":-5.551115123125783e-17},"Iteration":33},
{"Acceptance":[0.0977391304347826],"Energy":{"Mean":-18.07013889218095,"Sigma":0.3732698267408481,"Taucorr":0.0},"EnergyVariance":{"Mean":20.050504882774614,"Sigma":9.52104268827089,"Taucorr":0.0},"Iteration":34},
{"Acceptance":[0.09878260869565217],"Energy":{"Mean":-18.50640177900334,"Sigma":0.5265599224759139,"Taucorr":-2.7755575615628914e-17},"EnergyVariance":{"Mean":48.47980468728963,"Sigma":17.559746671592567,"Taucorr":0.0},"Iteration":35},
{"Acceptance":[0.0751304347826087],"Energy":{"Mean":-18.257118790119357,"Sigma":0.30096128763660096,"Taucorr":-2.7755575615628914e-17},"EnergyVariance":{"Mean":9.45450607409261,"Sigma":2.758561144069493,"Taucorr":0.0},"Iteration":36},
{"Acceptance":[0.09321739130434782],"Energy":{"Mean":-18.694942923360905,"Sigma":0.5167699940428991,"Taucorr":5.551115123125783e-17},"EnergyVariance":{"Mean":33.4774598483916,"Sigma":10.766503399914509,"Taucorr":-8.326672684688674e-17},"Iteration":37},
{"Acceptance":[0.08626086956521739],"Energy":{"Mean":-18.293156865741757,"Sigma":0.31596593550424185,"Taucorr":5.551115123125783e-17},"EnergyVariance":{"Mean":11.418454869723583,"Sigma":4.2101716980050785,"Taucorr":1.1102230246251565e-16},"Iteration":38},
{"Acceptance":[0.08730434782608695],"Energy":{"Mean":-18.330219108143993,"Sigma":0.23616618318636834,"Taucorr":-2.7755575615628914e-17},"EnergyVariance":{"Mean":6.477693620888571,"Sigma":2.0639104223555873,"Taucorr":0.0},"Iteration":39},
{"Acceptance":[0.09078260869565218],"Energy":{"Mean":-17.952044052860312,"Sigma":0.39429810209957333,"Taucorr":5.551115123125783e-17},"EnergyVariance":{"Mean":18.148933139908333,"Sigma":6.105186041653803,"Taucorr":-1.1102230246251565e-16},"Iteration":40},
{"Acceptance":[0.07165217391304347],"Energy":{"Mean":-18.782633687762967,"Sigma":0.275586906195581,"Taucorr":0.0},"EnergyVariance":{"Mean":10.143124937795992,"Sigma":4.915992426342901,"Taucorr":0.0},"Iteration":41},
{"Acceptance":[0.08730434782608695],"Energy":{"Mean":-18.744315618783567,"Sigma":0.3885450334679088,"Taucorr":1.1102230246251565e-16},"EnergyVariance":{"Mean":16.860523537041217,"Sigma":5.137966382145957,"Taucorr":5.551115123125783e-17},"Iteration":42},
{"Acceptance":[0.08139130434782609],"Energy":{"Mean":-18.878407060638306,"Sigma":0.41467031438937113,"Taucorr":5.551115123125783e-17},"EnergyVariance":{"Mean":23.148370264568786,"Sigma":6.758904150785512,"Taucorr":1.1102230246251565e-16},"Iteration":43},
{"Acceptance":[0.08730434782608695],"Energy":{"Mean":-18.26904165297762,"Sigma":0.23992558593802032,"Taucorr":5.551115123125783e-17},"EnergyVariance":{"Mean":14.936779375580683,"Sigma":8.781160181415393,"Taucorr":0.0},"Iteration":44},
{"Acceptance":[0.08243478260869565],"Energy":{"Mean":-18.158886294122567,"Sigma":0.30223593148556577,"Taucorr":-2.7755575615628914e-17},"EnergyVariance":{"Mean":9.210005076604755,"Sigma":2.3978918776213267,"Taucorr":0.0},"Iteration":45},
{"Acceptance":[0.08278260869565217],"Energy":{"Mean":-18.37252722444383,"Sigma":0.22797930514051468,"Taucorr":0.0},"EnergyVariance":{"Mean":5.254980438870083,"Sigma":1.869423273221935,"Taucorr":0.0},"Iteration":46},
{"Acceptance":[0.07756521739130434],"Energy":{"Mean":-17.57084218988019,"Sigma":0.6756630599581589,"Taucorr":0.0},"EnergyVariance":{"Mean":59.54161990940126,"Sigma":34.672474925579685,"Taucorr":-2.7755575615628914e-17},"Iteration":47},
{"Acceptance":[0.064],"Energy":{"Mean":-19.40320266108673,"Sigma":0.4969236765193619,"Taucorr":-8.326672684688674e-17},"EnergyVariance":{"Mean":27.399651975241753,"Sigma":15.612276874071624,"Taucorr":0.0},"Iteration":48},
{"Acceptance":[0.08904347826086957],"Energy":{"Mean":-18.527076671590425,"Sigma":0.2611747656883187,"Taucorr":-1.1102230246251565e-16},"EnergyVariance":{"Mean":7.017291812813516,"Sigma":2.3833423622068035,"Taucorr":0.0},"Iteration":49},
{"Acceptance":[0.08382608695652174],"Energy":{"Mean":-18.26170298571681,"Sigma":0.23431137377773575,"Taucorr":-2.7755575615628914e-17},"EnergyVariance":{"Mean":5.456075583087536,"Sigma":1.089861632226167,"Taucorr":0.0},"Iteration":50},
{"Acceptance":[0.07408695652173913],"Energy":{"Mean":-18.61050917299692,"Sigma":0.22434479833593637,"Taucorr":0.0},"EnergyVariance":{"Mean":5.543706235246642,"Sigma":0.7041000372537479,"Taucorr":-5.551115123125783e-17},"Iteration":51},
{"Acceptance":[0.06713043478260869],"Energy":{"Mean":-17.822914128589563,"Sigma":0.4926811035018241,"Taucorr":-8.326672684688674e-17},"EnergyVariance":{"Mean":51.82258522772253,"Sigma":25.7480629364802,"Taucorr":0.0},"Iteration":52},
{"Acceptance":[0.0817391304347826],"Energy":{"Mean":-17.982397797046165,"Sigma":0.25168782151220676,"Taucorr":1.1102230246251565e-16},"EnergyVariance":{"Mean":8.892954006911317,"Sigma":2.5327849548754466,"Taucorr":-5.551115123125783e-17},"Iteration":53},
{"Acceptance":[0.07060869565217391],"Energy":{"Mean":-18.90701308738464,"Sigma":0.4680132540898217,"Taucorr":0.0},"EnergyVariance":{"Mean":37.80453923634214,"Sigma":34.61924304804626,"Taucorr":0.0},"Iteration":54},
{"Acceptance":[0.08834782608695652],"Energy":{"Mean":-19.592187332307603,"Sigma":0.49523347315069105,"Taucorr":-5.551115123125783e-17},"EnergyVariance":{"Mean":35.13656447277992,"Sigma":11.370285853368816,"Taucorr":0.0},"Iteration":55},
{"Acceptance":[0.09252173913043478],"Energy":{"Mean":-18.55015575874451,"Sigma":0.322338092638148,"Taucorr":5.551115123125783e-17},"EnergyVariance":{"Mean":10.279730080022416,"Sigma":3.544895108753472,"Taucorr":0.0},"Iteration":56},
{"Acceptance":[0.07721739130434782],"Energy":{"Mean":-19.365397519499602,"Sigma":0.5750240869389447,"Taucorr":1.1102230246251565e-16},"EnergyVariance":{"Mean":41.546836992895685,"Sigma":26.17115378912049,"Taucorr":0.0},"Iteration":57},
{"Acceptance":[0.08139130434782609],"Energy":{"Mean":-18.586150990038178,"Sigma":0.4118256101787583,"Taucorr":1.1102230246251565e-16},"EnergyVariance":{"Mean":19.86257807481647,"Sigma":10.516991007580094,"Taucorr":-2.7755575615628914e-17},"Iteration":58},
{"Acceptance":[0.07478260869565218],"Energy":{"Mean":-18.78750134098868,"Sigma":0.42415792939062485,"Taucorr":-8.326672684688674e-17},"EnergyVariance":{"Mean":23.621006134292944,"Sigma":8.630401537788517,"Taucorr":0.0},"Iteration":59},
{"Acceptance":[0.08626086956521739],"Energy":{"Mean":-18.385856065559988,"Sigma":0.22660217451503756,"Taucorr":5.551115123125783e-17},"EnergyVariance":{"Mean":8.944321540707811,"Sigma":2.95032220346255,"Taucorr":5.551115123125783e-17},"Iteration":60},
{"Acceptance":[0.09391304347826086],"Energy":{"Mean":-18.05596382999022,"Sigma":0.43081699973848353,"Taucorr":-2.7755575615628914e-17},"EnergyVariance":{"Mean":21.31883946882291,"Sigma":9.000856440398888,"Taucorr":0.0},"Iteration":61},
{"Acceptance":[0.07756521739130434],"Energy":{"Mean":-18.660238586867933,"Sigma":0.18968685589999565,"Taucorr":2.7755575615628914e-17},"EnergyVariance":{"Mean":3.57072446791036,"Sigma":0.5056414218748202,"Taucorr":-8.326672684688674e-17},"Iteration":62},
{"Acceptance":[0.09356521739130434],"Energy":{"Mean":-19.501778137113917,"Sigma":0.4669808995307586,"Taucorr":1.6653345369377348e-16},"EnergyVariance":{"Mean":27.919297553297614,"Sigma":10.508175108772832,"Taucorr":0.0},"Iteration":63},
{"Acceptance":[0.0928695652173913],"Energy":{"Mean":-18.073056542518014,"Sigma":0.27541961202455184,"Taucorr":-8.326672684688674e-17},"EnergyVariance":{"Mean":7.7764512057404,"Sigma":1.9236144792527239,"Taucorr":0.0},"Iteration":64},
{"Acceptance":[0.09878260869565217],"Energy":{"Mean":-18.868496210392912,"Sigma":0.428782112597359,"Taucorr":-2.7755575615628914e-17},"EnergyVariance":{"Mean":48.67461951593637,"Sigma":33.02886307537806,"Taucorr":5.551115123125783e-17},"Iteration":65},
{"Acceptance":[0.07965217391304348],"Energy":{"Mean":-18.974592596195535,"Sigma":0.18572675424403937,"Taucorr":5.551115123125783e-17},"EnergyVariance":{"Mean":3.647691493513762,"Sigma":0.5411942222286876,"Taucorr":-2.7755575615628914e-17},"Iteration":66},
{"Acceptance":[0.08765217391304347],"Energy":{"Mean":-19.153079520217634,"Sigma":0.21923120272754013,"Taucorr":5.551115123125783e-17},"EnergyVariance":{"Mean":7.088370309099782,"Sigma":3.0088840226838687,"Taucorr":-5.551115123125783e-17},"Iteration":67},
{"Acceptance":[0.09252173913043478],"Energy":{"Mean":-18.90934550996222,"Sigma":0.23861399263420496,"Taucorr":1.1102230246251565e-16},"EnergyVariance":{"Mean":7.2975127896460705,"Sigma":2.674508938260151,"Taucorr":0.0},"Iteration":68},
{"Acceptance":[0.08243478260869565],"Energy":{"Mean":-18.860737830621417,"Sigma":0.28400066064321455,"Taucorr":-8.326672684688674e-17},"EnergyVariance":{"Mean":11.195559841649384,"Sigma":2.986518964196626,"Taucorr":2.7755575615628914e-17},"Iteration":69},
{"Acceptance":[0.08347826086956522],"Energy":{"Mean":-18.979441255437543,"Sigma":0.21227393452567775,"Taucorr":-2.7755575615628914e-17},"EnergyVariance":{"Mean":4.466266955937046,"Sigma":0.791070524871356,"Taucorr":5.551115123125783e-17},"Iteration":70},
{"Acceptance":[0.0911304347826087],"Energy":{"Mean":-18.827350272212087,"Sigma":0.24329519359319465,"Taucorr":-2.7755575615628914e-17},"EnergyVariance":{"Mean":7.045501230704772,"Sigma":2.8520206934986594,"Taucorr":2.7755575615628914e-17},"Iteration":71},
{"Acceptance":[0.0768695652173913],"Energy":{"Mean":-18.348208733795914,"Sigma":0.2645413975478174,"Taucorr":5.551115123125783e-17},"EnergyVariance":{"Mean":8.376563522986899,"Sigma":3.8618784431378237,"Taucorr":2.7755575615628914e-17},"Iteration":72},
{"Acceptance":[0.07965217391304348],"Energy":{"Mean":-20.039895107250274,"Sigma":0.4838974960765869,"Taucorr":1.1102230246251565e-16},"EnergyVariance":{"Mean":29.594211575093027,"Sigma":7.464061609568345,"Taucorr":0.0},"Iteration":73},
{"Acceptance":[0.08452173913043479],"Energy":{"Mean":-18.802200930703844,"Sigma":0.22218852057656235,"Taucorr":-2.7755575615628914e-17},"EnergyVariance":{"Mean":7.281015057040196,"Sigma":1.5396216898641837,"Taucorr":5.551115123125783e-17},"Iteration":74},
{"Acceptance":[0.08104347826086956],"Energy":{"Mean":-19.135895948155138,"Sigma":0.3378693652683048,"Taucorr":-2.7755575615628914e-17},"EnergyVariance":{"Mean":14.670942914329878,"Sigma":5.064096240645208,"Taucorr":0.0},"Iteration":75},
{"Acceptance":[0.08347826086956522],"Energy":{"Mean":-20.157435735169642,"Sigma":0.494912554150818,"Taucorr":1.1102230246251565e-16},"EnergyVariance":{"Mean":41.50965021906811,"Sigma":16.13397062317854,"Taucorr":0.0},"Iteration":76},
{"Acceptance":[0.08486956521739131],"Energy":{"Mean":-18.44752788744227,"Sigma":0.20288187622437248,"Taucorr":-1.3877787807814457e-16},"EnergyVariance":{"Mean":4.685308280785466,"Sigma":0.7807028664945268,"Taucorr":8.326672684688674e-17},"Iteration":77},
{"Acceptance":[0.09808695652173913],"Energy":{"Mean":-18.981249681397273,"Sigma":0.2881128950869046,"Taucorr":2.7755575615628914e-17},"EnergyVariance":{"Mean":8.452865193109275,"Sigma":3.677745392656443,"Taucorr":-2.7755575615628914e-17},"Iteration":78},
{"Acceptance":[0.07791304347826086],"Energy":{"Mean":-18.3638672173609,"Sigma":0.2778284357776195,"Taucorr":2.7755575615628914e-17},"EnergyVariance":{"Mean":103.91595086371684,"Sigma":67.20292403262115,"Taucorr":0.0},"Iteration":79},
{"Acceptance":[0.0768695652173913],"Energy":{"Mean":-18.63074840868523,"Sigma":0.20495638831133872,"Taucorr":0.0},"EnergyVariance":{"Mean":4.176794780802265,"Sigma":0.649392391365124,"Taucorr":0.0},"Iteration":80},
{"Acceptance":[0.09043478260869565],"Energy":{"Mean":-18.311258593649395,"Sigma":0.4126824536626403,"Taucorr":2.7755575615628914e-17},"EnergyVariance":{"Mean":20.8317263793255,"Sigma":7.212159114730228,"Taucorr":-8.326672684688674e-17},"Iteration":81},
{"Acceptance":[0.09147826086956522],"Energy":{"Mean":-20.359945498866026,"Sigma":0.6447466031000404,"Taucorr":0.0},"EnergyVariance":{"Mean":76.06207425810838,"Sigma":55.13912158952667,"Taucorr":0.0},"Iteration":82},
{"Acceptance":[0.08313043478260869],"Energy":{"Mean":-19.125135172314078,"Sigma":0.1788078203758348,"Taucorr":-2.7755575615628914e-17},"EnergyVariance":{"Mean":3.2626013039628194,"Sigma":0.5254665844503111,"Taucorr":0.0},"Iteration":83},
{"Acceptance":[0.09147826086956522],"Energy":{"Mean":-18.86482028982583,"Sigma":0.19526826765797375,"Taucorr":1.6653345369377348e-16},"EnergyVariance":{"Mean":4.136182486573951,"Sigma":0.582163909798725,"Taucorr":5.551115123125783e-17},"Iteration":84},
{"Acceptance":[0.08660869565217391],"Energy":{"Mean":-19.489596965019082,"Sigma":0.23268191652795941,"Taucorr":0.0},"EnergyVariance":{"Mean":6.886616294443077,"Sigma":3.0979327885908474,"Taucorr":-2.7755575615628914e-17},"Iteration":85},
{"Acceptance":[0.08347826086956522],"Energy":{"Mean":-18.79761048787627,"Sigma":0.23962768105681728,"Taucorr":0.0},"EnergyVariance":{"Mean":5.954050484394337,"Sigma":0.9443177655389918,"Taucorr":0.0},"Iteration":86},
{"Acceptance":[0.08904347826086957],"Energy":{"Mean":-18.838749811362483,"Sigma":0.5121340756655319,"Taucorr":5.551115123125783e-17},"EnergyVariance":{"Mean":30.62331793343584,"Sigma":16.18327090708295,"Taucorr":0.0},"Iteration":87},
{"Acceptance":[0.08243478260869565],"Energy":{"Mean":-18.39195758481036,"Sigma":0.27158793428151534,"Taucorr":-5.551115123125783e-17},"EnergyVariance":{"Mean":13.673889920729453,"Sigma":4.680738158458241,"Taucorr":-2.7755575615628914e-17},"Iteration":88},
{"Acceptance":[0.07269565217391305],"Energy":{"Mean":-19.712616750353796,"Sigma":0.7250075724026966,"Taucorr":-2.7755575615628914e-17},"EnergyVariance":{"Mean":56.81229846659429,"Sigma":45.802177629687975,"Taucorr":-2.7755575615628914e-17},"Iteration":89},
{"Acceptance":[0.08243478260869565],"Energy":{"Mean":-19.353885259292454,"Sigma":0.18162249556407012,"Taucorr":0.0},"EnergyVariance":{"Mean":3.284392992910865,"Sigma":0.5238233042873565,"Taucorr":0.0},"Iteration":90},
{"Acceptance":[0.09182608695652174],"Energy":{"Mean":-19.19135900216576,"Sigma":0.5827007665633294,"Taucorr":-2.7755575615628914e-17},"EnergyVariance":{"Mean":51.457879454144255,"Sigma":20.31178106480785,"Taucorr":-8.326672684688674e-17},"Iteration":91},
{"Acceptance":[0.10017391304347827],"Energy":{"Mean":-18.92726849778974,"Sigma":0.15313076165787862,"Taucorr":-2.7755575615628914e-17},"EnergyVariance":{"Mean":2.313426323860339,"Sigma":0.32422074030025855,"Taucorr":5.551115123125783e-17},"Iteration":92},
{"Acceptance":[0.08278260869565217],"Energy":{"Mean":-21.059114696391255,"Sigma":0.8108337266039365,"Taucorr":-2.7755575615628914e-17},"EnergyVariance":{"Mean":89.15553743481063,"Sigma":28.983772740337677,"Taucorr":0.0},"Iteration":93},
{"Acceptance":[0.07721739130434782],"Energy":{"Mean":-19.052031219439385,"Sigma":0.5430394372574031,"Taucorr":-8.326672684688674e-17},"EnergyVariance":{"Mean":38.484674575639396,"Sigma":24.746017833948528,"Taucorr":5.551115123125783e-17},"Iteration":94},
{"Acceptance":[0.08243478260869565],"Energy":{"Mean":-18.551741979209226,"Sigma":0.3106660528758239,"Taucorr":-8.326672684688674e-17},"EnergyVariance":{"Mean":10.314103777565764,"Sigma":4.310334939445399,"Taucorr":0.0},"Iteration":95},
{"Acceptance":[0.08034782608695652],"Energy":{"Mean":-18.870698900919823,"Sigma":0.18894909931625634,"Taucorr":1.1102230246251565e-16},"EnergyVariance":{"Mean":7.139686212469543,"Sigma":3.7215913717688953,"Taucorr":0.0},"Iteration":96},
{"Acceptance":[0.07652173913043478],"Energy":{"Mean":-19.46579976958796,"Sigma":0.23341901348921246,"Taucorr":1.1102230246251565e-16},"EnergyVariance":{"Mean":8.357886275850216,"Sigma":4.157672411914292,"Taucorr":0.0},"Iteration":97},
{"Acceptance":[0.07860869565217392],"Energy":{"Mean":-19.90706819294248,"Sigma":0.517866012971625,"Taucorr":0.0},"EnergyVariance":{"Mean":26.914053877513755,"Sigma":19.48097515932534,"Taucorr":5.551115123125783e-17},"Iteration":98},
{"Acceptance":[0.07791304347826086],"Energy":{"Mean":-18.93759494284963,"Sigma":0.1971351827125462,"Taucorr":-2.7755575615628914e-17},"EnergyVariance":{"Mean":4.115227192738606,"Sigma":0.6229421232223533,"Taucorr":-2.7755575615628914e-17},"Iteration":99} 
]}
{"input": {"L": 22, "J": 1, "machine": {"type": "FFNN", "model": ["tanh", 89, 2]}, "sampler": {"type": "MetropolisHop", "d_max": 5}, "optimizer": {"type": "AdaMax", "alpha": 0.001, "beta1": 0.9, "beta2": 0.999, "epscut": 1e-07}, "VMC": {"n_samples": 100, "discarded_samples": 100, "discarded_samples_on_init": 0, "target": "energy", "method": "Gd", "diag_shift": 0.01, "use_iterative": true, "use_cholesky": true}, "n_iter": 100}}
duration: -3.1848642826080322