{"Output": [
{"Acceptance":[0.7819130434782608],"Energy":{"Mean":17.664302078663173,"Sigma":0.3625113688728805,"Taucorr":5.551115123125783e-17},"EnergyVariance":{"Mean":14.820983368315936,"Sigma":1.8674321369744893,"Taucorr":-5.551115123125783e-17},"Iteration":0},
{"Acceptance":[0.593391304347826],"Energy":{"Mean":12.076891006830339,"Sigma":0.3814110564195614,"Taucorr":0.0},"EnergyVariance":{"Mean":20.107637973824826,"Sigma":1.8724295288416832,"Taucorr":0.0},"Iteration":1},
{"Acceptance":[0.46052173913043476],"Energy":{"Mean":6.995535719419774,"Sigma":0.4794752764687177,"Taucorr":0.0},"EnergyVariance":{"Mean":33.39579262058814,"Sigma":3.6372460826963127,"Taucorr":0.0},"Iteration":2},
{"Acceptance":[0.40243478260869564],"Energy":{"Mean":3.0884029126622523,"Sigma":0.4968404426678889,"Taucorr":0.0},"EnergyVariance":{"Mean":38.50335518111747,"Sigma":4.796030263184161,"Taucorr":0.0},"Iteration":3},
{"Acceptance":[0.33947826086956523],"Energy":{"Mean":-0.8478530174250439,"Sigma":0.4373393798599071,"Taucorr":-5.551115123125783e-17},"EnergyVariance":{"Mean":36.7434036033323,"Sigma":4.1213742293346,"Taucorr":-5.551115123125783e-17},"Iteration":4},
{"Acceptance":[0.2866086956521739],"Energy":{"Mean":-4.108019626255418,"Sigma":0.37665303279951734,"Taucorr":-5.551115123125783e-17},"EnergyVariance":{"Mean":29.83981014572654,"Sigma":4.633101495449797,"Taucorr":0.0},"Iteration":5},
{"Acceptance":[0.2573913043478261],"Energy":{"Mean":-7.6037274088322615,"Sigma":0.3859399372353706,"Taucorr":5.551115123125783e-17},"EnergyVariance":{"Mean":25.517514315566654,"Sigma":3.125556508747886,"Taucorr":-5.551115123125783e-17},"Iteration":6},
{"Acceptance":[0.22817391304347825],"Energy":{"Mean":-9.141717565338599,"Sigma":0.3602673546678365,"Taucorr":0.0},"EnergyVariance":{"Mean":30.711067270390025,"Sigma":4.022149031426816,"Taucorr":0.0},"Iteration":7},
{"Acceptance":[0.22330434782608696],"Energy":{"Mean":-10.897487124103908,"Sigma":0.35138914318876613,"Taucorr":5.551115123125783e-17},"EnergyVariance":{"Mean":21.190804653795027,"Sigma":2.5395147145922543,"Taucorr":-2.7755575615628914e-17},"Iteration":8},
{"Acceptance":[0.2062608695652174],"Energy":{"Mean":-12.378634946999883,"Sigma":0.45875986475412384,"Taucorr":5.551115123125783e-17},"EnergyVariance":{"Mean":26.26821507356673,"Sigma":3.862643741607556,"Taucorr":0.0},"Iteration":9},
{"Acceptance":[0.16104347826086957],"Energy":{"Mean":-13.355212987261925,"Sigma":0.351557219220835,"Taucorr":0.0},"EnergyVariance":{"Mean":14.937017479546942,"Sigma":2.330004682864591,"Taucorr":0.0},"Iteration":10},
{"Acceptance":[0.18539130434782608],"Energy":{"Mean":-14.576249925203397,"Sigma":0.3752620985889096,"Taucorr":-2.7755575615628914e-17},"EnergyVariance":{"Mean":21.010983600204582,"Sigma":3.0252412842769454,"Taucorr":5.551115123125783e-17},"Iteration":11},
{"Acceptance":[0.1634782608695652],"Energy":{"Mean":-14.895650483098015,"Sigma":0.3547348111030074,"Taucorr":0.0},"EnergyVariance":{"Mean":14.007160704099004,"Sigma":1.8953903230963365,"Taucorr":0.0},"Iteration":12},
{"Acceptance":[0.14991304347826087],"Energy":{"Mean":-14.505848703091146,"Sigma":0.4076324724803159,"Taucorr":5.551115123125783e-17},"EnergyVariance":{"Mean":21.139072426535662,"Sigma":6.764233374752462,"Taucorr":-2.7755575615628914e-17},"Iteration":13},
{"Acceptance":[0.15965217391304348],"Energy":{"Mean":-15.655509295329004,"Sigma":0.382967519179703,"Taucorr":-2.7755575615628914e-17},"EnergyVariance":{"Mean":16.37446175975877,"Sigma":3.391790887056528,"Taucorr":0.0},"Iteration":14},
{"Acceptance":[0.14121739130434782],"Energy":{"Mean":-14.795447827953478,"Sigma":0.43843651225616076,"Taucorr":5.551115123125783e-17},"EnergyVariance":{"Mean":25.434492925457334,"Sigma":7.567044867547319,"Taucorr":5.551115123125783e-17},"Iteration":15},
{"Acceptance":[0.12834782608695652],"Energy":{"Mean":-16.594543811155226,"Sigma":0.3910919813015746,"Taucorr":-2.7755575615628914e-17},"EnergyVariance":{"Mean":19.133475747565853,"Sigma":4.518796642452487,"Taucorr":0.0},"Iteration":16},
{"Acceptance":[0.144],"Energy":{"Mean":-15.556506065822072,"Sigma":0.45546575927416655,"Taucorr":0.0},"EnergyVariance":{"Mean":24.601615258376633,"Sigma":7.631420096373565,"Taucorr":0.0},"Iteration":17},
{"Acceptance":[0.11513043478260869],"Energy":{"Mean":-16.490781065937103,"Sigma":0.42674348837231524,"Taucorr":5.551115123125783e-17},"EnergyVariance":{"Mean":22.142070089437468,"Sigma":6.143212049902202,"Taucorr":5.551115123125783e-17},"Iteration":18},
{"Acceptance":[0.11060869565217392],"Energy":{"Mean":-17.012069785334266,"Sigma":0.5520922612068089,"Taucorr":0.0},"EnergyVariance":{"Mean":31.414133149237614,"Sigma":21.63061110403466,"Taucorr":-5.551115123125783e-17},"Iteration":19},
{"Acceptance":[0.12139130434782609],"Energy":{"Mean":-16.282742037981137,"Sigma":0.40602137757736906,"Taucorr":0.0},"EnergyVariance":{"Mean":18.862648122077793,"Sigma":7.508098255964653,"Taucorr":-5.551115123125783e-17},"Iteration":20},
{"Acceptance":[0.10434782608695652],"Energy":{"Mean":-17.234901164425896,"Sigma":0.3974488897997274,"Taucorr":-8.326672684688674e-17},"EnergyVariance":{"Mean":17.14135425834727,"Sigma":3.696412163156898,"Taucorr":0.0},"Iteration":21},
{"Acceptance":[0.10643478260869565],"Energy":{"Mean":-17.307158447060978,"Sigma":0.3732612208693113,"Taucorr":-5.551115123125783e-17},"EnergyVariance":{"Mean":17.35665717474943,"Sigma":6.074953334939268,"Taucorr":0.0},"Iteration":22},
{"Acceptance":[0.08591304347826087],"Energy":{"Mean":-16.484422144122114,"Sigma":0.5244477858182331,"Taucorr":2.7755575615628914e-17},"EnergyVariance":{"Mean":31.128109980882943,"Sigma":13.743780268169862,"Taucorr":0.0},"Iteration":23},
{"Acceptance":[0.10121739130434783],"Energy":{"Mean":-16.290313053197146,"Sigma":0.47820860559917466,"Taucorr":1.1102230246251565e-16},"EnergyVariance":{"Mean":23.87905958720826,"Sigma":8.757294782020326,"Taucorr":-2.7755575615628914e-17},"Iteration":24},
{"Acceptance":[0.08591304347826087],"Energy":{"Mean":-17.156695663386415,"Sigma":0.2815833697797365,"Taucorr":-5.551115123125783e-17},"EnergyVariance":{"Mean":8.996696589648078,"Sigma":2.4843487033746383,"Taucorr":-2.7755575615628914e-17},"Iteration":25},
{"Acceptance":[0.08278260869565217],"Energy":{"Mean":-18.3336110201882,"Sigma":0.4030600433819582,"Taucorr":0.0},"EnergyVariance":{"Mean":21.05725929987218,"Sigma":6.524303827460632,"Taucorr":2.7755575615628914e-17},"Iteration":26},
{"Acceptance":[0.08730434782608695],"Energy":{"Mean":-17.32924126738232,"Sigma":0.20828351864352618,"Taucorr":-8.326672684688674e-17},"EnergyVariance":{"Mean":5.031588846845727,"Sigma":0.6880674919929546,"Taucorr":0.0},"Iteration":27},
{"Acceptance":[0.07408695652173913],"Energy":{"Mean":-17.915642466022682,"Sigma":0.3943343587814584,"Taucorr":8.326672684688674e-17},"EnergyVariance":{"Mean":17.491945659781873,"Sigma":3.2558893116787457,"Taucorr":0.0},"Iteration":28},
{"Acceptance":[0.07269565217391305],"Energy":{"Mean":-17.82444769858943,"Sigma":0.28035174208812397,"Taucorr":5.551115123125783e-17},"EnergyVariance":{"Mean":8.17289647922727,"Sigma":1.7275508279830414,"Taucorr":-5.551115123125783e-17},"Iteration":29},
{"Acceptance":[0.060521739130434786],"Energy":{"Mean":-18.273832481171823,"Sigma":0.35972174624721487,"Taucorr":5.551115123125783e-17},"EnergyVariance":{"Mean":15.917770694777941,"Sigma":8.6018955302561,"Taucorr":0.0},"Iteration":30},
{"Acceptance":[0.07652173913043478],"Energy":{"Mean":-16.52198124978396,"Sigma":0.797526026485999,"Taucorr":1.1102230246251565e-16},"EnergyVariance":{"Mean":74.2679400279789,"Sigma":25.74256832168282,"Taucorr":0.0},"Iteration":31},
{"Acceptance":[0.06991304347826087],"Energy":{"Mean":-17.611986272255237,"Sigma":0.39085939607803405,"Taucorr":0.0},"EnergyVariance":{"Mean":16.1457368143816,"Sigma":7.018763013615886,"Taucorr":0.0},"Iteration":32},
{"Acceptance":[0.058434782608695654],"Energy":{"Mean":-18.313940889042534,"Sigma":0.3150913637671847,"Taucorr":2.7755575615628914e-17},"EnergyVariance":{"Mean":11.931588431742547,"Sigma":3.357246744074622,"Taucorr":-2.7755575615628914e-17},"Iteration":33},
{"Acceptance":[0.07721739130434782],"Energy":{"Mean":-16.818713864994734,"Sigma":0.2422505150214968,"Taucorr":0.0},"EnergyVariance":{"Mean":6.143089305878593,"Sigma":1.0368951929841483,"Taucorr":0.0},"Iteration":34},
{"Acceptance":[0.07130434782608695],"Energy":{"Mean":-18.760742594997172,"Sigma":0.6620868960123156,"Taucorr":-2.7755575615628914e-17},"EnergyVariance":{"Mean":49.921504658364505,"Sigma":23.00729679284183,"Taucorr":5.551115123125783e-17},"Iteration":35},
{"Acceptance":[0.06921739130434783],"Energy":{"Mean":-18.387636791891254,"Sigma":0.308027071587221,"Taucorr":-2.7755575615628914e-17},"EnergyVariance":{"Mean":10.284053830276875,"Sigma":2.881988164794467,"Taucorr":-8.326672684688674e-17},"Iteration":36},
{"Acceptance":[0.057391304347826085],"Energy":{"Mean":-18.187442293553254,"Sigma":0.24401007756188925,"Taucorr":0.0},"EnergyVariance":{"Mean":7.198897231127093,"Sigma":2.5891554238709378,"Taucorr":0.0},"Iteration":37},
{"Acceptance":[0.07060869565217391],"Energy":{"Mean":-17.809282878270913,"Sigma":0.3002970792885038,"Taucorr":-2.7755575615628914e-17},"EnergyVariance":{"Mean":9.39683656803762,"Sigma":2.466984715544174,"Taucorr":1.1102230246251565e-16},"Iteration":38},
{"Acceptance":[0.060521739130434786],"Energy":{"Mean":-18.088949252972352,"Sigma":0.3571444287578945,"Taucorr":1.1102230246251565e-16},"EnergyVariance":{"Mean":17.004597421243545,"Sigma":5.626214119778528,"Taucorr":-5.551115123125783e-17},"Iteration":39},
{"Acceptance":[0.07478260869565218],"Energy":{"Mean":-18.572630571690684,"Sigma":0.49223293576606286,"Taucorr":0.0},"EnergyVariance":{"Mean":29.175924461282733,"Sigma":6.395638084539935,"Taucorr":0.0},"Iteration":40},
{"Acceptance":[0.06017391304347826],"Energy":{"Mean":-17.931985466927397,"Sigma":0.3099253709984104,"Taucorr":5.551115123125783e-17},"EnergyVariance":{"Mean":10.636624587147757,"Sigma":3.4096698731515382,"Taucorr":0.0},"Iteration":41},
{"Acceptance":[0.057043478260869564],"Energy":{"Mean":-18.89095612636993,"Sigma":0.4008837615859525,"Taucorr":8.326672684688674e-17},"EnergyVariance":{"Mean":19.610091101537204,"Sigma":11.94599046587459,"Taucorr":0.0},"Iteration":42},
{"Acceptance":[0.07060869565217391],"Energy":{"Mean":-18.781988180466918,"Sigma":0.6130751280627382,"Taucorr":2.7755575615628914e-17},"EnergyVariance":{"Mean":48.324424344343555,"Sigma":28.998202569088324,"Taucorr":0.0},"Iteration":43},
{"Acceptance":[0.06782608695652174],"Energy":{"Mean":-18.128123972744078,"Sigma":0.2987508564214418,"Taucorr":2.7755575615628914e-17},"EnergyVariance":{"Mean":9.309791151233007,"Sigma":4.097933248704636,"Taucorr":-5.551115123125783e-17},"Iteration":44},
{"Acceptance":[0.0657391304347826],"Energy":{"Mean":-17.77952807515551,"Sigma":0.3211732749367194,"Taucorr":0.0},"EnergyVariance":{"Mean":11.980920556422227,"Sigma":3.159349383938224,"Taucorr":0.0},"Iteration":45},
{"Acceptance":[0.06956521739130435],"Energy":{"Mean":-17.758980613328337,"Sigma":0.2528753010568705,"Taucorr":-2.7755575615628914e-17},"EnergyVariance":{"Mean":6.419695510137825,"Sigma":1.5698422292601437,"Taucorr":0.0},"Iteration":46},
{"Acceptance":[0.07547826086956522],"Energy":{"Mean":-19.063709251615613,"Sigma":0.6117426482036544,"Taucorr":1.1102230246251565e-16},"EnergyVariance":{"Mean":47.270825970256894,"Sigma":29.646422168966485,"Taucorr":-2.7755575615628914e-17},"Iteration":47},
{"Acceptance":[0.06365217391304348],"Energy":{"Mean":-18.454268133651055,"Sigma":0.26382463067024414,"Taucorr":5.551115123125783e-17},"EnergyVariance":{"Mean":7.408127708703951,"Sigma":3.027510041179534,"Taucorr":5.551115123125783e-17},"Iteration":48},
{"Acceptance":[0.06643478260869565],"Energy":{"Mean":-18.32099343567695,"Sigma":0.15669744592067542,"Taucorr":-1.3877787807814457e-16},"EnergyVariance":{"Mean":3.4665265084132995,"Sigma":0.43487475437165984,"Taucorr":0.0},"Iteration":49},
{"Acceptance":[0.06191304347826087],"Energy":{"Mean":-18.095419865492307,"Sigma":0.5273066987591452,"Taucorr":1.1102230246251565e-16},"EnergyVariance":{"Mean":28.941020865945262,"Sigma":12.998092975498611,"Taucorr":-2.7755575615628914e-17},"Iteration":50},
{"Acceptance":[0.06156521739130435],"Energy":{"Mean":-18.417574468992232,"Sigma":0.32770139802807924,"Taucorr":5.551115123125783e-17},"EnergyVariance":{"Mean":11.514784893989674,"Sigma":4.71971298369007,"Taucorr":-2.7755575615628914e-17},"Iteration":51},
{"Acceptance":[0.07617391304347826],"Energy":{"Mean":-18.75226100552662,"Sigma":0.3357085076252091,"Taucorr":0.0},"EnergyVariance":{"Mean":12.028420546758188,"Sigma":6.045781153936923,"Taucorr":0.0},"Iteration":52},
{"Acceptance":[0.07617391304347826],"Energy":{"Mean":-19.059996722416322,"Sigma":0.5327869075395344,"Taucorr":-2.7755575615628914e-17},"EnergyVariance":{"Mean":31.873651774639395,"Sigma":16.42779409057983,"Taucorr":0.0},"Iteration":53},
{"Acceptance":[0.06504347826086956],"Energy":{"Mean":-18.932211361484274,"Sigma":0.43778667924137965,"Taucorr":0.0},"EnergyVariance":{"Mean":18.74120350119425,"Sigma":6.784977071481718,"Taucorr":0.0},"Iteration":54},
{"Acceptance":[0.06991304347826087],"Energy":{"Mean":-19.164134697044968,"Sigma":0.4705970308109509,"Taucorr":2.7755575615628914e-17},"EnergyVariance":{"Mean":22.826953110723952,"Sigma":7.280482683619664,"Taucorr":0.0},"Iteration":55},
{"Acceptance":[0.06852173913043479],"Energy":{"Mean":-18.17024666690257,"Sigma":0.2853693633547841,"Taucorr":-2.7755575615628914e-17},"EnergyVariance":{"Mean":8.831319983801926,"Sigma":1.2538752276479033,"Taucorr":0.0},"Iteration":56},
{"Acceptance":[0.06539130434782608],"Energy":{"Mean":-18.603468037117835,"Sigma":0.20621944741730325,"Taucorr":0.0},"EnergyVariance":{"Mean":4.628455807820359,"Sigma":1.8560118392631326,"Taucorr":-5.551115123125783e-17},"Iteration":57},
{"Acceptance":[0.06713043478260869],"Energy":{"Mean":-17.881326776195028,"Sigma":0.20947087182866844,"Taucorr":-2.7755575615628914e-17},"EnergyVariance":{"Mean":4.460889516589278,"Sigma":0.8352584693510458,"Taucorr":-2.7755575615628914e-17},"Iteration":58},
{"Acceptance":[0.06991304347826087],"Energy":{"Mean":-19.010538688362317,"Sigma":0.18085395399115403,"Taucorr":-2.7755575615628914e-17},"EnergyVariance":{"Mean":3.536232328061886,"Sigma":0.9007285479323675,"Taucorr":5.551115123125783e-17},"Iteration":59},
{"Acceptance":[0.06539130434782608],"Energy":{"Mean":-18.67350014233362,"Sigma":0.23706185900795887,"Taucorr":2.7755575615628914e-17},"EnergyVariance":{"Mean":5.61003860695107,"Sigma":1.7456941379546103,"Taucorr":2.7755575615628914e-17},"Iteration":60},
{"Acceptance":[0.059130434782608696],"Energy":{"Mean":-18.247187428556394,"Sigma":0.2071719417719165,"Taucorr":-1.1102230246251565e-16},"EnergyVariance":{"Mean":4.800640415095672,"Sigma":1.0981013309303478,"Taucorr":2.7755575615628914e-17},"Iteration":61},
{"Acceptance":[0.06365217391304348],"Energy":{"Mean":-19.068440190728985,"Sigma":0.3212320251866587,"Taucorr":1.1102230246251565e-16},"EnergyVariance":{"Mean":10.470540935407357,"Sigma":2.8040362806282864,"Taucorr":1.1102230246251565e-16},"Iteration":62},
{"Acceptance":[0.06191304347826087],"Energy":{"Mean":-17.28477316718562,"Sigma":0.7130690988491444,"Taucorr":0.0},"EnergyVariance":{"Mean":54.112331624243055,"Sigma":28.17769088322358,"Taucorr":0.0},"Iteration":63},
{"Acceptance":[0.06191304347826087],"Energy":{"Mean":-18.019448309471088,"Sigma":0.379614158239207,"Taucorr":-5.551115123125783e-17},"EnergyVariance":{"Mean":15.108063421521164,"Sigma":5.915606311086164,"Taucorr":5.551115123125783e-17},"Iteration":64},
{"Acceptance":[0.06330434782608696],"Energy":{"Mean":-19.232918343149045,"Sigma":0.4948310057020906,"Taucorr":0.0},"EnergyVariance":{"Mean":25.3999354599457,"Sigma":16.725680821224387,"Taucorr":5.551115123125783e-17},"Iteration":65},
{"Acceptance":[0.056],"Energy":{"Mean":-18.878296357235165,"Sigma":0.48322068421355596,"Taucorr":-2.7755575615628914e-17},"EnergyVariance":{"Mean":26.856822642061026,"Sigma":8.094614878418868,"Taucorr":-5.551115123125783e-17},"Iteration":66},
{"Acceptance":[0.07408695652173913],"Energy":{"Mean":-18.662020169759266,"Sigma":0.20130239034105235,"Taucorr":0.0},"EnergyVariance":{"Mean":4.2460373825889715,"Sigma":0.8728946185344686,"Taucorr":5.551115123125783e-17},"Iteration":67},
{"Acceptance":[0.06295652173913044],"Energy":{"Mean":-19.578937159483644,"Sigma":0.3948577000705456,"Taucorr":-1.1102230246251565e-16},"EnergyVariance":{"Mean":17.373503352327084,"Sigma":9.974704678660936,"Taucorr":-5.551115123125783e-17},"Iteration":68},
{"Acceptance":[0.058434782608695654],"Energy":{"Mean":-18.634041135141302,"Sigma":0.21356131363057237,"Taucorr":0.0},"EnergyVariance":{"Mean":5.35763916282413,"Sigma":1.0178165720181904,"Taucorr":-5.551115123125783e-17},"Iteration":69},
{"Acceptance":[0.057739130434782605],"Energy":{"Mean":-18.221473255566607,"Sigma":0.2792989317801175,"Taucorr":1.1102230246251565e-16},"EnergyVariance":{"Mean":7.713506752094176,"Sigma":2.1936398876469125,"Taucorr":5.551115123125783e-17},"Iteration":70},
{"Acceptance":[0.06191304347826087],"Energy":{"Mean":-18.416196476409702,"Sigma":0.17936415480082216,"Taucorr":2.7755575615628914e-17},"EnergyVariance":{"Mean":3.3847056730404033,"Sigma":0.45787702843791805,"Taucorr":0.0},"Iteration":71},
{"Acceptance":[0.058434782608695654],"Energy":{"Mean":-18.487996228740407,"Sigma":0.21780108116232444,"Taucorr":8.326672684688674e-17},"EnergyVariance":{"Mean":4.800972567833124,"Sigma":0.8182936026938413,"Taucorr":-2.7755575615628914e-17},"Iteration":72},
{"Acceptance":[0.06678260869565217],"Energy":{"Mean":-18.85183955673497,"Sigma":0.2740218976019528,"Taucorr":5.551115123125783e-17},"EnergyVariance":{"Mean":8.014654927384791,"Sigma":1.545034753147591,"Taucorr":-5.551115123125783e-17},"Iteration":73},
{"Acceptance":[0.04556521739130435],"Energy":{"Mean":-18.690280700206266,"Sigma":0.15822106941869196,"Taucorr":-1.1102230246251565e-16},"EnergyVariance":{"Mean":3.040537368874748,"Sigma":0.49224636752811707,"Taucorr":-2.7755575615628914e-17},"Iteration":74},
{"Acceptance":[0.056],"Energy":{"Mean":-18.674631542334218,"Sigma":0.23992790554639892,"Taucorr":1.6653345369377348e-16},"EnergyVariance":{"Mean":6.306600826594742,"Sigma":1.351621566282044,"Taucorr":5.551115123125783e-17},"Iteration":75},
{"Acceptance":[0.057739130434782605],"Energy":{"Mean":-17.752254417024638,"Sigma":0.2100236479208006,"Taucorr":-8.326672684688674e-17},"EnergyVariance":{"Mean":5.3853974531073705,"Sigma":1.3410548350297933,"Taucorr":-8.326672684688674e-17},"Iteration":76},
{"Acceptance":[0.06260869565217392],"Energy":{"Mean":-17.58583645119709,"Sigma":0.2681814256231866,"Taucorr":-5.551115123125783e-17},"EnergyVariance":{"Mean":7.298028678150037,"Sigma":1.5925084881779683,"Taucorr":-5.551115123125783e-17},"Iteration":77},
{"Acceptance":[0.06156521739130435],"Energy":{"Mean":-18.37140406401209,"Sigma":0.2500905638998735,"Taucorr":0.0},"EnergyVariance":{"Mean":6.410823367003759,"Sigma":1.3752466186884915,"Taucorr":0.0},"Iteration":78},
{"Acceptance":[0.05530434782608696],"Energy":{"Mean":-18.574925103009537,"Sigma":0.26180406281561963,"Taucorr":-5.551115123125783e-17},"EnergyVariance":{"Mean":7.283082588342221,"Sigma":1.7036741244366642,"Taucorr":-5.551115123125783e-17},"Iteration":79},
{"Acceptance":[0.05321739130434783],"Energy":{"Mean":-18.44713611611568,"Sigma":0.21354280582099386,"Taucorr":1.1102230246251565e-16},"EnergyVariance":{"Mean":4.981097444506083,"Sigma":1.0915736148936073,"Taucorr":-5.551115123125783e-17},"Iteration":80},
{"Acceptance":[0.06121739130434783],"Energy":{"Mean":-18.28264400772514,"Sigma":0.6200806594085303,"Taucorr":-2.7755575615628914e-17},"EnergyVariance":{"Mean":41.66860994741771,"Sigma":33.98334479199774,"Taucorr":5.551115123125783e-17},"Iteration":81},
{"Acceptance":[0.057739130434782605],"Energy":{"Mean":-18.73070055163926,"Sigma":0.3136548269693246,"Taucorr":1.1102230246251565e-16},"EnergyVariance":{"Mean":10.416375912647617,"Sigma":2.215831603612522,"Taucorr":0.0},"Iteration":82},
{"Acceptance":[0.06817391304347827],"Energy":{"Mean":-18.69706196469898,"Sigma":0.48492716984284157,"Taucorr":5.551115123125783e-17},"EnergyVariance":{"Mean":26.286344394696943,"Sigma":11.895820911359724,"Taucorr":-8.326672684688674e-17},"Iteration":83},
{"Acceptance":[0.06156521739130435],"Energy":{"Mean":-18.371191707892038,"Sigma":0.4433328040440202,"Taucorr":-5.551115123125783e-17},"EnergyVariance":{"Mean":20.024454812840194,"Sigma":7.690546533398953,"Taucorr":-1.6653345369377348e-16},"Iteration":84},
{"Acceptance":[0.0657391304347826],"Energy":{"Mean":-18.5678253750998,"Sigma":0.28483022472127417,"Taucorr":1.1102230246251565e-16},"EnergyVariance":{"Mean":8.529807490178811,"Sigma":1.3809843226383551,"Taucorr":0.0},"Iteration":85},
{"Acceptance":[0.051478260869565216],"Energy":{"Mean":-17.54380261559819,"Sigma":0.6201347973319793,"Taucorr":-5.551115123125783e-17},"EnergyVariance":{"Mean":39.88035033589651,"Sigma":33.671465458940666,"Taucorr":0.0},"Iteration":86},
{"Acceptance":[0.05530434782608696],"Energy":{"Mean":-18.411111199885863,"Sigma":0.2734921791789276,"Taucorr":5.551115123125783e-17},"EnergyVariance":{"Mean":7.503853479237065,"Sigma":1.4014295721587247,"Taucorr":5.551115123125783e-17},"Iteration":87},
{"Acceptance":[0.0657391304347826],"Energy":{"Mean":-18.524499224118173,"Sigma":0.7060923562614659,"Taucorr":-8.326672684688674e-17},"EnergyVariance":{"Mean":50.31872535149073,"Sigma":35.33188933690655,"Taucorr":0.0},"Iteration":88},
{"Acceptance":[0.060521739130434786],"Energy":{"Mean":-18.51320726598091,"Sigma":0.24106205225958557,"Taucorr":0.0},"EnergyVariance":{"Mean":6.732829020118836,"Sigma":1.2179797338393958,"Taucorr":0.0},"Iteration":89},
{"Acceptance":[0.05008695652173913],"Energy":{"Mean":-18.587596525507557,"Sigma":0.29010718046511436,"Taucorr":2.7755575615628914e-17},"EnergyVariance":{"Mean":8.489762519085712,"Sigma":2.90676358571518,"Taucorr":-2.7755575615628914e-17},"Iteration":90},
{"Acceptance":[0.06469565217391304],"Energy":{"Mean":-19.09211990316034,"Sigma":0.3482037893547003,"Taucorr":0.0},"EnergyVariance":{"Mean":12.4886833559061,"Sigma":3.4353576398418597,"Taucorr":1.1102230246251565e-16},"Iteration":91},
{"Acceptance":[0.06817391304347827],"Energy":{"Mean":-18.679634381262513,"Sigma":0.29884664554274387,"Taucorr":-2.7755575615628914e-17},"EnergyVariance":{"Mean":10.662177582550907,"Sigma":6.711443674570046,"Taucorr":2.7755575615628914e-17},"Iteration":92},
{"Acceptance":[0.06886956521739131],"Energy":{"Mean":-19.466275022203906,"Sigma":0.5657087338761161,"Taucorr":-2.7755575615628914e-17},"EnergyVariance":{"Mean":33.92416609386498,"Sigma":17.833130571353475,"Taucorr":5.551115123125783e-17},"Iteration":93},
{"Acceptance":[0.06713043478260869],"Energy":{"Mean":-19.883880723567508,"Sigma":0.7668595519149191,"Taucorr":-5.551115123125783e-17},"EnergyVariance":{"Mean":62.286435465281414,"Sigma":33.367547830058406,"Taucorr":0.0},"Iteration":94},
{"Acceptance":[0.07617391304347826],"Energy":{"Mean":-19.539152475823666,"Sigma":0.5197043752496042,"Taucorr":8.326672684688674e-17},"EnergyVariance":{"Mean":27.832782962012438,"Sigma":11.56659552559596,"Taucorr":-5.551115123125783e-17},"Iteration":95},
{"Acceptance":[0.06504347826086956],"Energy":{"Mean":-18.91566633612223,"Sigma":0.289357386697149,"Taucorr":0.0},"EnergyVariance":{"Mean":9.036180295204144,"Sigma":1.6469885220502902,"Taucorr":0.0},"Iteration":96},
{"Acceptance":[0.07339130434782609],"Energy":{"Mean":-18.913720810030657,"Sigma":0.522339188425412,"Taucorr":-8.326672684688674e-17},"EnergyVariance":{"Mean":28.827769871175867,"Sigma":14.69820981341706,"Taucorr":-2.7755575615628914e-17},"Iteration":97},
{"Acceptance":[0.06434782608695652],"Energy":{"Mean":-18.730965002467368,"Sigma":0.2137047490138641,"Taucorr":0.0},"EnergyVariance":{"Mean":5.125069381314929,"Sigma":0.9302892136889717,"Taucorr":-8.326672684688674e-17},"Iteration":98},
{"Acceptance":[0.07408695652173913],"Energy":{"Mean":-18.35249873414633,"Sigma":0.34267652685528777,"Taucorr":-8.326672684688674e-17},"EnergyVariance":{"Mean":12.102455304833725,"Sigma":3.7151829411294695,"Taucorr":0.0},"Iteration":99} 
]}
{"input": {"L": 22, "J": 1, "machine": {"type": "FFNN", "model": ["tanh", 95, 2]}, "sampler": {"type": "MetropolisHop", "d_max": 5}, "optimizer": {"type": "AdaMax", "alpha": 0.001, "beta1": 0.9, "beta2": 0.999, "epscut": 1e-07}, "VMC": {"n_samples": 100, "discarded_samples": 100, "discarded_samples_on_init": 0, "target": "energy", "method": "Gd", "diag_shift": 0.01, "use_iterative": true, "use_cholesky": true}, "n_iter": 100}}
duration: -3.2392265796661377