{"Output": [
{"Acceptance":[0.7853913043478261],"Energy":{"Mean":17.458818316527328,"Sigma":0.40086360154031603,"Taucorr":-5.551115123125783e-17},"EnergyVariance":{"Mean":17.62095284057897,"Sigma":1.9889943924878644,"Taucorr":5.551115123125783e-17},"Iteration":0},
{"Acceptance":[0.6090434782608696],"Energy":{"Mean":12.35176748054919,"Sigma":0.3781623383275106,"Taucorr":5.551115123125783e-17},"EnergyVariance":{"Mean":19.56957437773633,"Sigma":2.078659378619834,"Taucorr":5.551115123125783e-17},"Iteration":1},
{"Acceptance":[0.4702608695652174],"Energy":{"Mean":7.082629814131524,"Sigma":0.44485767362869194,"Taucorr":-5.551115123125783e-17},"EnergyVariance":{"Mean":30.437676843159174,"Sigma":3.9257030180941226,"Taucorr":5.551115123125783e-17},"Iteration":2},
{"Acceptance":[0.3947826086956522],"Energy":{"Mean":2.722596076387705,"Sigma":0.5301132676779702,"Taucorr":0.0},"EnergyVariance":{"Mean":48.417251939966306,"Sigma":6.120294782938117,"Taucorr":0.0},"Iteration":3},
{"Acceptance":[0.29043478260869565],"Energy":{"Mean":-4.067533202944533,"Sigma":0.45448739038265346,"Taucorr":1.1102230246251565e-16},"EnergyVariance":{"Mean":32.24054977785879,"Sigma":3.4801532332698057,"Taucorr":-2.7755575615628914e-17},"Iteration":4},
{"Acceptance":[0.25530434782608696],"Energy":{"Mean":-6.066201562244152,"Sigma":0.4164057226407262,"Taucorr":0.0},"EnergyVariance":{"Mean":35.24489215823617,"Sigma":4.412763790445367,"Taucorr":-2.7755575615628914e-17},"Iteration":5},
{"Acceptance":[0.23234782608695653],"Energy":{"Mean":-8.636219091055974,"Sigma":0.4787488737310154,"Taucorr":-2.7755575615628914e-17},"EnergyVariance":{"Mean":40.58084105338383,"Sigma":6.539157982408628,"Taucorr":0.0},"Iteration":6},
{"Acceptance":[0.17008695652173914],"Energy":{"Mean":-11.756626868342,"Sigma":0.477298048043844,"Taucorr":-2.7755575615628914e-17},"EnergyVariance":{"Mean":28.803775444728544,"Sigma":4.065636354509248,"Taucorr":-1.1102230246251565e-16},"Iteration":7},
{"Acceptance":[0.1426086956521739],"Energy":{"Mean":-14.26868645086669,"Sigma":0.4776993868532195,"Taucorr":0.0},"EnergyVariance":{"Mean":46.35947045392825,"Sigma":9.437474583301968,"Taucorr":-5.551115123125783e-17},"Iteration":8},
{"Acceptance":[0.15130434782608695],"Energy":{"Mean":-15.341914939000826,"Sigma":0.35338295187800406,"Taucorr":-5.551115123125783e-17},"EnergyVariance":{"Mean":14.47402929972063,"Sigma":1.5866044447277106,"Taucorr":-2.7755575615628914e-17},"Iteration":9},
{"Acceptance":[0.10191304347826087],"Energy":{"Mean":-14.87201240481059,"Sigma":0.5180237989210966,"Taucorr":0.0},"EnergyVariance":{"Mean":33.6441075966604,"Sigma":7.861455123284696,"Taucorr":5.551115123125783e-17},"Iteration":10},
{"Acceptance":[0.08869565217391304],"Energy":{"Mean":-17.17120057044746,"Sigma":0.38467005793119236,"Taucorr":-2.7755575615628914e-17},"EnergyVariance":{"Mean":16.415062564625032,"Sigma":3.9042951662639838,"Taucorr":0.0},"Iteration":11},
{"Acceptance":[0.09391304347826086],"Energy":{"Mean":-17.033807101267307,"Sigma":0.34607268615657527,"Taucorr":-2.7755575615628914e-17},"EnergyVariance":{"Mean":12.18121752824188,"Sigma":2.9952463620424172,"Taucorr":-1.1102230246251565e-16},"Iteration":12},
{"Acceptance":[0.05982608695652174],"Energy":{"Mean":-17.629105246432403,"Sigma":0.3237288299062435,"Taucorr":0.0},"EnergyVariance":{"Mean":16.15937527028527,"Sigma":7.695729789526335,"Taucorr":0.0},"Iteration":13},
{"Acceptance":[0.07373913043478261],"Energy":{"Mean":-17.830149151262617,"Sigma":0.34475525846935046,"Taucorr":-5.551115123125783e-17},"EnergyVariance":{"Mean":13.365224721801688,"Sigma":2.876753678681336,"Taucorr":0.0},"Iteration":14},
{"Acceptance":[0.07165217391304347],"Energy":{"Mean":-18.124336861941224,"Sigma":0.3335669358309611,"Taucorr":-1.3877787807814457e-16},"EnergyVariance":{"Mean":13.34981834783963,"Sigma":2.926872281204858,"Taucorr":-2.7755575615628914e-17},"Iteration":15},
{"Acceptance":[0.072],"Energy":{"Mean":-18.02263150737067,"Sigma":0.15650254848358824,"Taucorr":5.551115123125783e-17},"EnergyVariance":{"Mean":3.815420338852918,"Sigma":0.7452445483422827,"Taucorr":0.0},"Iteration":16},
{"Acceptance":[0.06956521739130435],"Energy":{"Mean":-17.840377456147436,"Sigma":0.2636573797871635,"Taucorr":-8.326672684688674e-17},"EnergyVariance":{"Mean":7.698204974963558,"Sigma":1.8219343920540687,"Taucorr":-2.7755575615628914e-17},"Iteration":17},
{"Acceptance":[0.06643478260869565],"Energy":{"Mean":-18.12848170597616,"Sigma":0.33075434175906315,"Taucorr":0.0},"EnergyVariance":{"Mean":13.472969839051213,"Sigma":4.419478799936491,"Taucorr":0.0},"Iteration":18},
{"Acceptance":[0.058434782608695654],"Energy":{"Mean":-18.340653542723004,"Sigma":0.4239121067340088,"Taucorr":0.0},"EnergyVariance":{"Mean":23.688217416136595,"Sigma":9.346855052463544,"Taucorr":-2.7755575615628914e-17},"Iteration":19},
{"Acceptance":[0.05565217391304348],"Energy":{"Mean":-17.825802572958544,"Sigma":0.20542092856533628,"Taucorr":5.551115123125783e-17},"EnergyVariance":{"Mean":5.003581057989175,"Sigma":1.018852679963549,"Taucorr":-5.551115123125783e-17},"Iteration":20},
{"Acceptance":[0.049043478260869564],"Energy":{"Mean":-17.829719782985048,"Sigma":0.3883263718288737,"Taucorr":-2.7755575615628914e-17},"EnergyVariance":{"Mean":19.642142424649027,"Sigma":14.687652938188014,"Taucorr":2.7755575615628914e-17},"Iteration":21},
{"Acceptance":[0.04521739130434783],"Energy":{"Mean":-17.861972066202213,"Sigma":0.2410911650800192,"Taucorr":5.551115123125783e-17},"EnergyVariance":{"Mean":7.278319290590014,"Sigma":2.967138029960357,"Taucorr":-5.551115123125783e-17},"Iteration":22},
{"Acceptance":[0.05182608695652174],"Energy":{"Mean":-18.907790658886984,"Sigma":0.2723034549371803,"Taucorr":5.551115123125783e-17},"EnergyVariance":{"Mean":20.00199401276866,"Sigma":11.711455609559248,"Taucorr":8.326672684688674e-17},"Iteration":23},
{"Acceptance":[0.06295652173913044],"Energy":{"Mean":-17.88002205040477,"Sigma":0.18105898396167808,"Taucorr":-1.1102230246251565e-16},"EnergyVariance":{"Mean":7.856913430468271,"Sigma":4.961124564095734,"Taucorr":-5.551115123125783e-17},"Iteration":24},
{"Acceptance":[0.048],"Energy":{"Mean":-17.97815599964273,"Sigma":0.19073914614677392,"Taucorr":0.0},"EnergyVariance":{"Mean":7.40182098750884,"Sigma":4.964936341273828,"Taucorr":0.0},"Iteration":25},
{"Acceptance":[0.05182608695652174],"Energy":{"Mean":-19.28537621820996,"Sigma":0.9062307986648561,"Taucorr":-8.326672684688674e-17},"EnergyVariance":{"Mean":83.56060793840093,"Sigma":52.08052642547608,"Taucorr":0.0},"Iteration":26},
{"Acceptance":[0.04173913043478261],"Energy":{"Mean":-19.11394249798125,"Sigma":0.48106561888985017,"Taucorr":0.0},"EnergyVariance":{"Mean":37.040547970665926,"Sigma":20.423926837981746,"Taucorr":0.0},"Iteration":27},
{"Acceptance":[0.04417391304347826],"Energy":{"Mean":-18.03756898291995,"Sigma":0.29490424232248497,"Taucorr":-5.551115123125783e-17},"EnergyVariance":{"Mean":11.566446858714361,"Sigma":6.490941800478582,"Taucorr":5.551115123125783e-17},"Iteration":28},
{"Acceptance":[0.059130434782608696],"Energy":{"Mean":-17.256342701773157,"Sigma":0.5386927693195079,"Taucorr":-5.551115123125783e-17},"EnergyVariance":{"Mean":116.78058181004683,"Sigma":71.74941771675091,"Taucorr":0.0},"Iteration":29},
{"Acceptance":[0.042782608695652175],"Energy":{"Mean":-18.15088786991075,"Sigma":0.2878167475883849,"Taucorr":-2.7755575615628914e-17},"EnergyVariance":{"Mean":118.68705980058067,"Sigma":72.36814003542305,"Taucorr":2.7755575615628914e-17},"Iteration":30},
{"Acceptance":[0.04973913043478261],"Energy":{"Mean":-18.756368876393193,"Sigma":0.16818702767185037,"Taucorr":-1.3877787807814457e-16},"EnergyVariance":{"Mean":2.9857687459265945,"Sigma":1.007615393638754,"Taucorr":0.0},"Iteration":31},
{"Acceptance":[0.044521739130434786],"Energy":{"Mean":-18.20262530942379,"Sigma":0.1850136218741465,"Taucorr":-2.7755575615628914e-17},"EnergyVariance":{"Mean":63.544213529312366,"Sigma":61.56899284691408,"Taucorr":0.0},"Iteration":32},
{"Acceptance":[0.052521739130434786],"Energy":{"Mean":-20.16776898763476,"Sigma":0.9521228429792061,"Taucorr":-8.326672684688674e-17},"EnergyVariance":{"Mean":102.20184585570107,"Sigma":52.77799431117228,"Taucorr":5.551115123125783e-17},"Iteration":33},
{"Acceptance":[0.05565217391304348],"Energy":{"Mean":-18.28309958952635,"Sigma":0.21464720521512567,"Taucorr":5.551115123125783e-17},"EnergyVariance":{"Mean":4.8455746028511495,"Sigma":1.4119270676879008,"Taucorr":0.0},"Iteration":34},
{"Acceptance":[0.051130434782608696],"Energy":{"Mean":-18.44432452109764,"Sigma":0.14807140902975335,"Taucorr":0.0},"EnergyVariance":{"Mean":2.3514816452692324,"Sigma":0.4632363286472924,"Taucorr":5.551115123125783e-17},"Iteration":35},
{"Acceptance":[0.05982608695652174],"Energy":{"Mean":-18.682042687457763,"Sigma":0.27430324454990734,"Taucorr":5.551115123125783e-17},"EnergyVariance":{"Mean":7.777312568022502,"Sigma":4.898658834637277,"Taucorr":0.0},"Iteration":36},
{"Acceptance":[0.048],"Energy":{"Mean":-18.5631575162085,"Sigma":0.14321499782275057,"Taucorr":-2.7755575615628914e-17},"EnergyVariance":{"Mean":2.178804857463788,"Sigma":0.4936096185061676,"Taucorr":0.0},"Iteration":37},
{"Acceptance":[0.05982608695652174],"Energy":{"Mean":-18.446580805533685,"Sigma":0.5132116389158003,"Taucorr":-8.326672684688674e-17},"EnergyVariance":{"Mean":56.06288059832491,"Sigma":28.463504929893855,"Taucorr":0.0},"Iteration":38},
{"Acceptance":[0.06747826086956522],"Energy":{"Mean":-18.61441925777246,"Sigma":0.14062514618207067,"Taucorr":4.440892098500626e-16},"EnergyVariance":{"Mean":2.0897806656102715,"Sigma":0.31256961052061644,"Taucorr":5.551115123125783e-17},"Iteration":39},
{"Acceptance":[0.05530434782608696],"Energy":{"Mean":-18.116334229581934,"Sigma":0.1889274352464547,"Taucorr":8.326672684688674e-17},"EnergyVariance":{"Mean":3.4836273443010737,"Sigma":0.6863036672781834,"Taucorr":2.7755575615628914e-17},"Iteration":40},
{"Acceptance":[0.05286956521739131],"Energy":{"Mean":-18.88632695098285,"Sigma":0.2228706222080349,"Taucorr":-5.551115123125783e-17},"EnergyVariance":{"Mean":5.05360590456215,"Sigma":1.3506103164640775,"Taucorr":0.0},"Iteration":41},
{"Acceptance":[0.05530434782608696],"Energy":{"Mean":-19.46373987943181,"Sigma":0.6092051226599405,"Taucorr":0.0},"EnergyVariance":{"Mean":97.93478825914954,"Sigma":53.73287880264136,"Taucorr":0.0},"Iteration":42},
{"Acceptance":[0.05391304347826087],"Energy":{"Mean":-18.366300281474413,"Sigma":0.26809110827816945,"Taucorr":-2.7755575615628914e-17},"EnergyVariance":{"Mean":7.352827936116466,"Sigma":2.714305168750143,"Taucorr":-1.1102230246251565e-16},"Iteration":43},
{"Acceptance":[0.057043478260869564],"Energy":{"Mean":-18.87198881887873,"Sigma":0.16718427591884735,"Taucorr":-2.7755575615628914e-17},"EnergyVariance":{"Mean":2.8794221458573688,"Sigma":0.4986496495073373,"Taucorr":0.0},"Iteration":44},
{"Acceptance":[0.05495652173913043],"Energy":{"Mean":-19.13519929067082,"Sigma":0.5226228917244673,"Taucorr":-5.551115123125783e-17},"EnergyVariance":{"Mean":29.60874147842322,"Sigma":13.253627041141543,"Taucorr":5.551115123125783e-17},"Iteration":45},
{"Acceptance":[0.05495652173913043],"Energy":{"Mean":-18.64072715257948,"Sigma":0.32159513538007645,"Taucorr":0.0},"EnergyVariance":{"Mean":11.18410649570938,"Sigma":4.946976283572297,"Taucorr":0.0},"Iteration":46},
{"Acceptance":[0.05669565217391304],"Energy":{"Mean":-19.07327583299439,"Sigma":0.4712379206276839,"Taucorr":-1.1102230246251565e-16},"EnergyVariance":{"Mean":39.779405240914436,"Sigma":24.70658159864831,"Taucorr":5.551115123125783e-17},"Iteration":47},
{"Acceptance":[0.049391304347826084],"Energy":{"Mean":-18.260692043825834,"Sigma":0.22900834946615692,"Taucorr":5.551115123125783e-17},"EnergyVariance":{"Mean":14.856366128604586,"Sigma":10.555064759373208,"Taucorr":5.551115123125783e-17},"Iteration":48},
{"Acceptance":[0.056],"Energy":{"Mean":-18.844419446385043,"Sigma":0.25932569881041956,"Taucorr":0.0},"EnergyVariance":{"Mean":6.930204543846597,"Sigma":1.4379317600482868,"Taucorr":-5.551115123125783e-17},"Iteration":49},
{"Acceptance":[0.05217391304347826],"Energy":{"Mean":-18.85181180620978,"Sigma":0.46588173616498463,"Taucorr":1.1102230246251565e-16},"EnergyVariance":{"Mean":24.810064307076857,"Sigma":11.68709573250384,"Taucorr":-5.551115123125783e-17},"Iteration":50},
{"Acceptance":[0.07408695652173913],"Energy":{"Mean":-20.020814948131672,"Sigma":0.5556229964651394,"Taucorr":0.0},"EnergyVariance":{"Mean":80.63761844475091,"Sigma":33.83038030387034,"Taucorr":0.0},"Iteration":51},
{"Acceptance":[0.057391304347826085],"Energy":{"Mean":-18.705421636564438,"Sigma":0.2578284957037575,"Taucorr":-5.551115123125783e-17},"EnergyVariance":{"Mean":7.836699229487404,"Sigma":3.7963055355556894,"Taucorr":1.6653345369377348e-16},"Iteration":52},
{"Acceptance":[0.059478260869565217],"Energy":{"Mean":-18.43916728330233,"Sigma":0.2253163870489797,"Taucorr":1.1102230246251565e-16},"EnergyVariance":{"Mean":5.3219400337462925,"Sigma":0.9777005916411806,"Taucorr":5.551115123125783e-17},"Iteration":53},
{"Acceptance":[0.06121739130434783],"Energy":{"Mean":-18.376365394022436,"Sigma":0.2309652639407386,"Taucorr":-5.551115123125783e-17},"EnergyVariance":{"Mean":5.572817166183581,"Sigma":1.3970953376520623,"Taucorr":0.0},"Iteration":54},
{"Acceptance":[0.06747826086956522],"Energy":{"Mean":-18.177570540106586,"Sigma":0.41367372892160503,"Taucorr":-1.1102230246251565e-16},"EnergyVariance":{"Mean":19.772291197817964,"Sigma":8.617042583626143,"Taucorr":-1.3877787807814457e-16},"Iteration":55},
{"Acceptance":[0.07478260869565218],"Energy":{"Mean":-18.79788782456815,"Sigma":0.16635914123881054,"Taucorr":0.0},"EnergyVariance":{"Mean":2.8596142899310193,"Sigma":0.7187676182798103,"Taucorr":5.551115123125783e-17},"Iteration":56},
{"Acceptance":[0.0768695652173913],"Energy":{"Mean":-18.730124865141306,"Sigma":0.22814098078790196,"Taucorr":-5.551115123125783e-17},"EnergyVariance":{"Mean":34.04101520518614,"Sigma":28.825672092104945,"Taucorr":0.0},"Iteration":57},
{"Acceptance":[0.06156521739130435],"Energy":{"Mean":-18.547242713506193,"Sigma":0.36796163954929817,"Taucorr":0.0},"EnergyVariance":{"Mean":14.27756173457492,"Sigma":6.434563334564305,"Taucorr":0.0},"Iteration":58},
{"Acceptance":[0.06782608695652174],"Energy":{"Mean":-19.220522072859,"Sigma":0.30326250752063355,"Taucorr":-2.7755575615628914e-17},"EnergyVariance":{"Mean":11.562770630078067,"Sigma":6.0174366530211385,"Taucorr":0.0},"Iteration":59},
{"Acceptance":[0.06991304347826087],"Energy":{"Mean":-18.987013964909956,"Sigma":0.40214397025742993,"Taucorr":5.551115123125783e-17},"EnergyVariance":{"Mean":17.044302855706636,"Sigma":9.399432742384048,"Taucorr":0.0},"Iteration":60},
{"Acceptance":[0.06956521739130435],"Energy":{"Mean":-18.06291058480034,"Sigma":0.27005118523682364,"Taucorr":0.0},"EnergyVariance":{"Mean":7.59035431911609,"Sigma":1.3115494140049158,"Taucorr":-2.7755575615628914e-17},"Iteration":61},
{"Acceptance":[0.07652173913043478],"Energy":{"Mean":-19.34745463673402,"Sigma":0.21703785020832594,"Taucorr":0.0},"EnergyVariance":{"Mean":5.061657986752012,"Sigma":0.9616226573727198,"Taucorr":-2.7755575615628914e-17},"Iteration":62},
{"Acceptance":[0.07443478260869565],"Energy":{"Mean":-18.962859010550794,"Sigma":0.25144894480961616,"Taucorr":0.0},"EnergyVariance":{"Mean":6.634006963643651,"Sigma":1.898051277203255,"Taucorr":0.0},"Iteration":63},
{"Acceptance":[0.08660869565217391],"Energy":{"Mean":-18.784437678753708,"Sigma":0.17597755725065753,"Taucorr":-2.7755575615628914e-17},"EnergyVariance":{"Mean":3.0296528764130692,"Sigma":0.657057825687591,"Taucorr":2.7755575615628914e-17},"Iteration":64},
{"Acceptance":[0.072],"Energy":{"Mean":-19.25973914755125,"Sigma":0.34592471566155025,"Taucorr":5.551115123125783e-17},"EnergyVariance":{"Mean":11.775813318119651,"Sigma":8.49269090100883,"Taucorr":5.551115123125783e-17},"Iteration":65},
{"Acceptance":[0.08069565217391304],"Energy":{"Mean":-19.071301053795295,"Sigma":0.13493757189428562,"Taucorr":1.1102230246251565e-16},"EnergyVariance":{"Mean":1.8336331715636107,"Sigma":0.2928372609254058,"Taucorr":5.551115123125783e-17},"Iteration":66},
{"Acceptance":[0.07582608695652174],"Energy":{"Mean":-18.76137178098083,"Sigma":0.38568839819906425,"Taucorr":5.551115123125783e-17},"EnergyVariance":{"Mean":33.888609531893806,"Sigma":18.743064071849204,"Taucorr":-5.551115123125783e-17},"Iteration":67},
{"Acceptance":[0.08104347826086956],"Energy":{"Mean":-19.607347522777765,"Sigma":0.23124002771301574,"Taucorr":-8.326672684688674e-17},"EnergyVariance":{"Mean":5.6476302003373595,"Sigma":3.483908079125488,"Taucorr":0.0},"Iteration":68},
{"Acceptance":[0.07791304347826086],"Energy":{"Mean":-19.103209474739323,"Sigma":0.13117395674188503,"Taucorr":0.0},"EnergyVariance":{"Mean":1.7257453807325467,"Sigma":0.2523230077619856,"Taucorr":-1.1102230246251565e-16},"Iteration":69},
{"Acceptance":[0.0751304347826087],"Energy":{"Mean":-18.882173423533757,"Sigma":0.4617960421277711,"Taucorr":5.551115123125783e-17},"EnergyVariance":{"Mean":21.016802912782985,"Sigma":17.896572914123645,"Taucorr":-2.7755575615628914e-17},"Iteration":70},
{"Acceptance":[0.06469565217391304],"Energy":{"Mean":-18.924409779687014,"Sigma":0.17208606852276556,"Taucorr":0.0},"EnergyVariance":{"Mean":2.9348759701067357,"Sigma":0.8860273343091671,"Taucorr":0.0},"Iteration":71},
{"Acceptance":[0.06539130434782608],"Energy":{"Mean":-18.65512751562474,"Sigma":0.24459867048508674,"Taucorr":1.1102230246251565e-16},"EnergyVariance":{"Mean":7.437326799990277,"Sigma":4.226807286106027,"Taucorr":5.551115123125783e-17},"Iteration":72},
{"Acceptance":[0.06295652173913044],"Energy":{"Mean":-19.835727288578116,"Sigma":0.5415671289496767,"Taucorr":5.551115123125783e-17},"EnergyVariance":{"Mean":62.37110489946006,"Sigma":35.54997613270665,"Taucorr":0.0},"Iteration":73},
{"Acceptance":[0.06643478260869565],"Energy":{"Mean":-18.710261396201336,"Sigma":0.24752494049923832,"Taucorr":-2.7755575615628914e-17},"EnergyVariance":{"Mean":6.727474604558802,"Sigma":1.5495468803856907,"Taucorr":0.0},"Iteration":74},
{"Acceptance":[0.08243478260869565],"Energy":{"Mean":-19.09979600329671,"Sigma":0.2757331753642192,"Taucorr":0.0},"EnergyVariance":{"Mean":7.5705064383139025,"Sigma":3.829773706549898,"Taucorr":-8.326672684688674e-17},"Iteration":75},
{"Acceptance":[0.07060869565217391],"Energy":{"Mean":-18.346511084072734,"Sigma":0.2567479793480645,"Taucorr":-5.551115123125783e-17},"EnergyVariance":{"Mean":7.728196759242019,"Sigma":5.114537605513276,"Taucorr":-5.551115123125783e-17},"Iteration":76},
{"Acceptance":[0.06991304347826087],"Energy":{"Mean":-18.830743546394977,"Sigma":0.20873470101866443,"Taucorr":2.7755575615628914e-17},"EnergyVariance":{"Mean":4.512607980585786,"Sigma":1.138254232550109,"Taucorr":1.1102230246251565e-16},"Iteration":77},
{"Acceptance":[0.07130434782608695],"Energy":{"Mean":-19.6134200331974,"Sigma":0.40097392416423255,"Taucorr":-8.326672684688674e-17},"EnergyVariance":{"Mean":77.13825728054215,"Sigma":51.37768432240756,"Taucorr":-2.7755575615628914e-17},"Iteration":78},
{"Acceptance":[0.06469565217391304],"Energy":{"Mean":-18.98274688469956,"Sigma":0.16765912360869037,"Taucorr":8.326672684688674e-17},"EnergyVariance":{"Mean":2.992114475946333,"Sigma":0.4550574011758339,"Taucorr":0.0},"Iteration":79},
{"Acceptance":[0.08382608695652174],"Energy":{"Mean":-19.065685367149992,"Sigma":0.17789410063803207,"Taucorr":5.551115123125783e-17},"EnergyVariance":{"Mean":3.105561778791963,"Sigma":0.5295797018673382,"Taucorr":0.0},"Iteration":80},
{"Acceptance":[0.06747826086956522],"Energy":{"Mean":-19.033637112853203,"Sigma":0.1711375913060991,"Taucorr":-2.7755575615628914e-17},"EnergyVariance":{"Mean":3.506146210757537,"Sigma":0.43569779909999906,"Taucorr":0.0},"Iteration":81},
{"Acceptance":[0.07060869565217391],"Energy":{"Mean":-18.619542425913917,"Sigma":0.19985186154481727,"Taucorr":-1.6653345369377348e-16},"EnergyVariance":{"Mean":4.86410306828591,"Sigma":0.8442829163927065,"Taucorr":0.0},"Iteration":82},
{"Acceptance":[0.06608695652173913],"Energy":{"Mean":-18.431769532468003,"Sigma":0.4023444521141617,"Taucorr":-8.326672684688674e-17},"EnergyVariance":{"Mean":21.671735869186772,"Sigma":14.182708958169925,"Taucorr":2.7755575615628914e-17},"Iteration":83},
{"Acceptance":[0.07895652173913044],"Energy":{"Mean":-18.319902607875314,"Sigma":1.1163508090873435,"Taucorr":5.551115123125783e-17},"EnergyVariance":{"Mean":143.03702394858442,"Sigma":138.52600274288355,"Taucorr":-2.7755575615628914e-17},"Iteration":84},
{"Acceptance":[0.07791304347826086],"Energy":{"Mean":-18.55455068583641,"Sigma":0.36973185258629926,"Taucorr":-2.7755575615628914e-17},"EnergyVariance":{"Mean":22.239013134389726,"Sigma":9.940191182265856,"Taucorr":5.551115123125783e-17},"Iteration":85},
{"Acceptance":[0.07339130434782609],"Energy":{"Mean":-18.855579289843952,"Sigma":0.2292772167565267,"Taucorr":0.0},"EnergyVariance":{"Mean":5.083126957371785,"Sigma":1.4516593483561027,"Taucorr":0.0},"Iteration":86},
{"Acceptance":[0.07408695652173913],"Energy":{"Mean":-18.64868788283728,"Sigma":0.22295312601014747,"Taucorr":8.326672684688674e-17},"EnergyVariance":{"Mean":4.963564206855066,"Sigma":1.1117775602185842,"Taucorr":0.0},"Iteration":87},
{"Acceptance":[0.06434782608695652],"Energy":{"Mean":-19.223277260928114,"Sigma":0.15591554041554384,"Taucorr":5.551115123125783e-17},"EnergyVariance":{"Mean":2.637986489146987,"Sigma":0.8312353547862349,"Taucorr":0.0},"Iteration":88},
{"Acceptance":[0.07130434782608695],"Energy":{"Mean":-18.94074785683348,"Sigma":0.14483029839622655,"Taucorr":-1.3877787807814457e-16},"EnergyVariance":{"Mean":2.1424055575128054,"Sigma":0.4234318466761638,"Taucorr":8.326672684688674e-17},"Iteration":89},
{"Acceptance":[0.07373913043478261],"Energy":{"Mean":-18.40298520022523,"Sigma":0.226081726779785,"Taucorr":2.7755575615628914e-17},"EnergyVariance":{"Mean":5.120290467874354,"Sigma":0.7794385584301272,"Taucorr":0.0},"Iteration":90},
{"Acceptance":[0.07095652173913043],"Energy":{"Mean":-15.565417144505744,"Sigma":1.9252275607817708,"Taucorr":0.0},"EnergyVariance":{"Mean":636.2385697597485,"Sigma":346.1223181344589,"Taucorr":5.551115123125783e-17},"Iteration":91},
{"Acceptance":[0.08486956521739131],"Energy":{"Mean":-18.965269598694,"Sigma":0.150027754186463,"Taucorr":5.551115123125783e-17},"EnergyVariance":{"Mean":2.2243846986385014,"Sigma":0.3991555974958861,"Taucorr":5.551115123125783e-17},"Iteration":92},
{"Acceptance":[0.08139130434782609],"Energy":{"Mean":-19.25913567131616,"Sigma":0.3132676883883803,"Taucorr":-5.551115123125783e-17},"EnergyVariance":{"Mean":12.892121517159078,"Sigma":10.71740098664145,"Taucorr":0.0},"Iteration":93},
{"Acceptance":[0.07408695652173913],"Energy":{"Mean":-19.1779057550785,"Sigma":0.3465669925381501,"Taucorr":-8.326672684688674e-17},"EnergyVariance":{"Mean":12.469566807776964,"Sigma":3.416150553051028,"Taucorr":-5.551115123125783e-17},"Iteration":94},
{"Acceptance":[0.07930434782608696],"Energy":{"Mean":-19.323393762369275,"Sigma":0.32037708115357355,"Taucorr":-2.7755575615628914e-17},"EnergyVariance":{"Mean":10.491316039381406,"Sigma":5.547044255450907,"Taucorr":2.7755575615628914e-17},"Iteration":95},
{"Acceptance":[0.06191304347826087],"Energy":{"Mean":-18.705677563972614,"Sigma":0.14382377915015815,"Taucorr":1.1102230246251565e-16},"EnergyVariance":{"Mean":2.34309433685145,"Sigma":0.5068404592791551,"Taucorr":5.551115123125783e-17},"Iteration":96},
{"Acceptance":[0.06643478260869565],"Energy":{"Mean":-18.206622907093546,"Sigma":0.45856384414007895,"Taucorr":1.1102230246251565e-16},"EnergyVariance":{"Mean":29.627976654276207,"Sigma":25.88693087288987,"Taucorr":5.551115123125783e-17},"Iteration":97},
{"Acceptance":[0.07547826086956522],"Energy":{"Mean":-19.136933525640963,"Sigma":0.16053386849545467,"Taucorr":2.7755575615628914e-17},"EnergyVariance":{"Mean":3.117466835236716,"Sigma":0.5447013072711095,"Taucorr":0.0},"Iteration":98},
{"Acceptance":[0.06713043478260869],"Energy":{"Mean":-18.96063314915461,"Sigma":0.16903548932200058,"Taucorr":0.0},"EnergyVariance":{"Mean":2.8416579539825064,"Sigma":0.4265653996267702,"Taucorr":5.551115123125783e-17},"Iteration":99} 
]}
{"input": {"L": 22, "J": 1, "machine": {"type": "FFNN", "model": ["tanh", 100, 2]}, "sampler": {"type": "MetropolisHop", "d_max": 5}, "optimizer": {"type": "AdaMax", "alpha": 0.001, "beta1": 0.9, "beta2": 0.999, "epscut": 1e-07}, "VMC": {"n_samples": 100, "discarded_samples": 100, "discarded_samples_on_init": 0, "target": "energy", "method": "Gd", "diag_shift": 0.01, "use_iterative": true, "use_cholesky": true}, "n_iter": 100}}
duration: -3.4094159603118896