{"Output": [
{"Acceptance":[0.7770434782608696],"Energy":{"Mean":16.31191668066701,"Sigma":0.40152058807125474,"Taucorr":-2.7755575615628914e-17},"EnergyVariance":{"Mean":17.93692527835156,"Sigma":2.811545681891669,"Taucorr":8.326672684688674e-17},"Iteration":0},
{"Acceptance":[0.5509565217391305],"Energy":{"Mean":11.353509407027015,"Sigma":0.4192498055827352,"Taucorr":-5.551115123125783e-17},"EnergyVariance":{"Mean":25.078727593458886,"Sigma":2.9768538414563084,"Taucorr":5.551115123125783e-17},"Iteration":1},
{"Acceptance":[0.43582608695652175],"Energy":{"Mean":6.213265404091777,"Sigma":0.41454253952987025,"Taucorr":0.0},"EnergyVariance":{"Mean":29.786628602005894,"Sigma":3.3985193413506294,"Taucorr":-2.7755575615628914e-17},"Iteration":2},
{"Acceptance":[0.3728695652173913],"Energy":{"Mean":2.0129458040701715,"Sigma":0.3658691572966293,"Taucorr":0.0},"EnergyVariance":{"Mean":24.40038811212913,"Sigma":3.0252128270794274,"Taucorr":5.551115123125783e-17},"Iteration":3},
{"Acceptance":[0.3130434782608696],"Energy":{"Mean":-1.0456721168638052,"Sigma":0.4090059308167716,"Taucorr":0.0},"EnergyVariance":{"Mean":32.89492413022254,"Sigma":3.6723358790313263,"Taucorr":-2.7755575615628914e-17},"Iteration":4},
{"Acceptance":[0.2737391304347826],"Energy":{"Mean":-4.418856289549279,"Sigma":0.38822066693235574,"Taucorr":-2.7755575615628914e-17},"EnergyVariance":{"Mean":26.11095473928475,"Sigma":3.895521929917689,"Taucorr":0.0},"Iteration":5},
{"Acceptance":[0.224],"Energy":{"Mean":-7.024155145517649,"Sigma":0.31326346336818184,"Taucorr":5.551115123125783e-17},"EnergyVariance":{"Mean":18.49629592956298,"Sigma":2.028481086705049,"Taucorr":-2.7755575615628914e-17},"Iteration":6},
{"Acceptance":[0.21669565217391304],"Energy":{"Mean":-7.51983185667864,"Sigma":0.47728032871285153,"Taucorr":0.0},"EnergyVariance":{"Mean":33.4761783879927,"Sigma":6.6506982879033805,"Taucorr":5.551115123125783e-17},"Iteration":7},
{"Acceptance":[0.19791304347826086],"Energy":{"Mean":-8.81676149491278,"Sigma":0.31227609622930425,"Taucorr":0.0},"EnergyVariance":{"Mean":16.95048839070816,"Sigma":2.6033422883911754,"Taucorr":-5.551115123125783e-17},"Iteration":8},
{"Acceptance":[0.17078260869565218],"Energy":{"Mean":-9.685567140946505,"Sigma":0.4443105186066495,"Taucorr":5.551115123125783e-17},"EnergyVariance":{"Mean":28.060906481033356,"Sigma":4.7276677226445845,"Taucorr":1.1102230246251565e-16},"Iteration":9},
{"Acceptance":[0.1791304347826087],"Energy":{"Mean":-10.280045119688324,"Sigma":0.32753686832084467,"Taucorr":5.551115123125783e-17},"EnergyVariance":{"Mean":15.805955765433673,"Sigma":2.982894324663299,"Taucorr":-5.551115123125783e-17},"Iteration":10},
{"Acceptance":[0.1554782608695652],"Energy":{"Mean":-11.188162257184535,"Sigma":0.3927477253627724,"Taucorr":5.551115123125783e-17},"EnergyVariance":{"Mean":20.90927205468324,"Sigma":5.075452638261746,"Taucorr":0.0},"Iteration":11},
{"Acceptance":[0.14191304347826086],"Energy":{"Mean":-13.21955402600213,"Sigma":0.5392848269094108,"Taucorr":0.0},"EnergyVariance":{"Mean":47.02907546876578,"Sigma":20.537807262142564,"Taucorr":-5.551115123125783e-17},"Iteration":12},
{"Acceptance":[0.14573913043478262],"Energy":{"Mean":-12.739519091622968,"Sigma":0.37846243657453493,"Taucorr":1.6653345369377348e-16},"EnergyVariance":{"Mean":19.927986955292184,"Sigma":2.7883485770563365,"Taucorr":-2.7755575615628914e-17},"Iteration":13},
{"Acceptance":[0.14469565217391303],"Energy":{"Mean":-13.464595250880253,"Sigma":0.36586279221093354,"Taucorr":1.1102230246251565e-16},"EnergyVariance":{"Mean":19.286130184090005,"Sigma":3.218297100592026,"Taucorr":0.0},"Iteration":14},
{"Acceptance":[0.16069565217391305],"Energy":{"Mean":-13.999499731377945,"Sigma":0.41901870247287365,"Taucorr":0.0},"EnergyVariance":{"Mean":23.664398299294827,"Sigma":5.693169354719226,"Taucorr":5.551115123125783e-17},"Iteration":15},
{"Acceptance":[0.14921739130434783],"Energy":{"Mean":-14.174191795168383,"Sigma":0.450755182562497,"Taucorr":-5.551115123125783e-17},"EnergyVariance":{"Mean":23.63794199342102,"Sigma":8.540698190153128,"Taucorr":-5.551115123125783e-17},"Iteration":16},
{"Acceptance":[0.1666086956521739],"Energy":{"Mean":-14.004316659516657,"Sigma":0.4497728904711755,"Taucorr":0.0},"EnergyVariance":{"Mean":22.46229577649357,"Sigma":5.408214973177835,"Taucorr":0.0},"Iteration":17},
{"Acceptance":[0.13217391304347825],"Energy":{"Mean":-15.12768542757293,"Sigma":0.34115247418898637,"Taucorr":0.0},"EnergyVariance":{"Mean":14.042333500857072,"Sigma":2.6918577141881204,"Taucorr":-2.7755575615628914e-17},"Iteration":18},
{"Acceptance":[0.1502608695652174],"Energy":{"Mean":-14.561347041921916,"Sigma":0.3474018507987498,"Taucorr":5.551115123125783e-17},"EnergyVariance":{"Mean":13.638271737648921,"Sigma":2.8532776636792865,"Taucorr":0.0},"Iteration":19},
{"Acceptance":[0.14504347826086955],"Energy":{"Mean":-14.39799601350545,"Sigma":0.2595444959957516,"Taucorr":2.7755575615628914e-17},"EnergyVariance":{"Mean":7.537470412745957,"Sigma":1.0655741710303863,"Taucorr":0.0},"Iteration":20},
{"Acceptance":[0.14330434782608695],"Energy":{"Mean":-14.491857336230977,"Sigma":0.30474407945964205,"Taucorr":0.0},"EnergyVariance":{"Mean":12.681380738293479,"Sigma":2.1635091587963164,"Taucorr":-2.7755575615628914e-17},"Iteration":21},
{"Acceptance":[0.13008695652173913],"Energy":{"Mean":-16.209250745794762,"Sigma":0.39021931582054864,"Taucorr":-5.551115123125783e-17},"EnergyVariance":{"Mean":17.55758167333679,"Sigma":4.177162839216113,"Taucorr":-5.551115123125783e-17},"Iteration":22},
{"Acceptance":[0.13878260869565218],"Energy":{"Mean":-15.822105362418629,"Sigma":0.45147054444772583,"Taucorr":0.0},"EnergyVariance":{"Mean":28.294366660898305,"Sigma":10.758108217284168,"Taucorr":0.0},"Iteration":23},
{"Acceptance":[0.128],"Energy":{"Mean":-15.776803856042621,"Sigma":0.22603545796843738,"Taucorr":0.0},"EnergyVariance":{"Mean":7.156976671311586,"Sigma":1.4171513020996194,"Taucorr":0.0},"Iteration":24},
{"Acceptance":[0.1391304347826087],"Energy":{"Mean":-15.609351573572056,"Sigma":0.30062978251088884,"Taucorr":1.6653345369377348e-16},"EnergyVariance":{"Mean":12.337492411123247,"Sigma":2.3020963566893693,"Taucorr":0.0},"Iteration":25},
{"Acceptance":[0.15721739130434784],"Energy":{"Mean":-16.06940121660776,"Sigma":0.2856017452247897,"Taucorr":0.0},"EnergyVariance":{"Mean":11.298862751546098,"Sigma":1.775019456940071,"Taucorr":-5.551115123125783e-17},"Iteration":26},
{"Acceptance":[0.14365217391304347],"Energy":{"Mean":-15.57705381246472,"Sigma":0.2544638040105499,"Taucorr":-8.326672684688674e-17},"EnergyVariance":{"Mean":7.9300999223169715,"Sigma":1.4009613101792049,"Taucorr":5.551115123125783e-17},"Iteration":27},
{"Acceptance":[0.13078260869565217],"Energy":{"Mean":-16.340021561133067,"Sigma":0.25150191562095525,"Taucorr":5.551115123125783e-17},"EnergyVariance":{"Mean":9.245738240494994,"Sigma":1.9125497220656449,"Taucorr":0.0},"Iteration":28},
{"Acceptance":[0.1506086956521739],"Energy":{"Mean":-16.06689407770834,"Sigma":0.3508618035936407,"Taucorr":2.7755575615628914e-17},"EnergyVariance":{"Mean":15.004591192631615,"Sigma":3.6963370172688395,"Taucorr":5.551115123125783e-17},"Iteration":29},
{"Acceptance":[0.14504347826086955],"Energy":{"Mean":-16.04606165491733,"Sigma":0.2681283940218028,"Taucorr":2.7755575615628914e-17},"EnergyVariance":{"Mean":10.835698105947351,"Sigma":3.043263089572037,"Taucorr":1.1102230246251565e-16},"Iteration":30},
{"Acceptance":[0.1565217391304348],"Energy":{"Mean":-15.602153672440885,"Sigma":0.2547293972586388,"Taucorr":1.1102230246251565e-16},"EnergyVariance":{"Mean":7.7791306940795675,"Sigma":1.3803191573021336,"Taucorr":0.0},"Iteration":31},
{"Acceptance":[0.13426086956521738],"Energy":{"Mean":-16.565332862216128,"Sigma":0.28734910774260175,"Taucorr":2.7755575615628914e-17},"EnergyVariance":{"Mean":9.120975354704703,"Sigma":2.041195181105848,"Taucorr":-5.551115123125783e-17},"Iteration":32},
{"Acceptance":[0.13043478260869565],"Energy":{"Mean":-16.40403869773416,"Sigma":0.27795044469138547,"Taucorr":0.0},"EnergyVariance":{"Mean":15.046474718454164,"Sigma":4.5613512363166295,"Taucorr":-2.7755575615628914e-17},"Iteration":33},
{"Acceptance":[0.14365217391304347],"Energy":{"Mean":-16.03812752726167,"Sigma":0.3838807125552236,"Taucorr":2.7755575615628914e-17},"EnergyVariance":{"Mean":16.41108200682179,"Sigma":3.108573715398348,"Taucorr":1.1102230246251565e-16},"Iteration":34},
{"Acceptance":[0.15721739130434784],"Energy":{"Mean":-16.31257824941865,"Sigma":0.7175178827767136,"Taucorr":0.0},"EnergyVariance":{"Mean":51.4197811064371,"Sigma":38.77323837317025,"Taucorr":0.0},"Iteration":35},
{"Acceptance":[0.1262608695652174],"Energy":{"Mean":-15.78838815248131,"Sigma":0.3524851273577233,"Taucorr":-8.326672684688674e-17},"EnergyVariance":{"Mean":13.961406709554343,"Sigma":2.631328664782921,"Taucorr":-5.551115123125783e-17},"Iteration":36},
{"Acceptance":[0.1356521739130435],"Energy":{"Mean":-16.029606757631726,"Sigma":0.2967468027821337,"Taucorr":5.551115123125783e-17},"EnergyVariance":{"Mean":17.005417404375756,"Sigma":7.17293460668774,"Taucorr":-2.7755575615628914e-17},"Iteration":37},
{"Acceptance":[0.13773913043478261],"Energy":{"Mean":-16.468014397183005,"Sigma":0.4031763433379331,"Taucorr":-8.326672684688674e-17},"EnergyVariance":{"Mean":19.162330358872694,"Sigma":4.083259567806892,"Taucorr":0.0},"Iteration":38},
{"Acceptance":[0.15095652173913043],"Energy":{"Mean":-16.98166039958832,"Sigma":0.7602795099769182,"Taucorr":5.551115123125783e-17},"EnergyVariance":{"Mean":67.20717757609734,"Sigma":44.85050137464593,"Taucorr":0.0},"Iteration":39},
{"Acceptance":[0.14643478260869566],"Energy":{"Mean":-15.861334640008169,"Sigma":0.27516460727546355,"Taucorr":0.0},"EnergyVariance":{"Mean":10.67974072081046,"Sigma":1.951218149601797,"Taucorr":0.0},"Iteration":40},
{"Acceptance":[0.13843478260869566],"Energy":{"Mean":-15.567327934792255,"Sigma":0.2742321670942193,"Taucorr":5.551115123125783e-17},"EnergyVariance":{"Mean":8.340643979646199,"Sigma":1.2148914211752406,"Taucorr":0.0},"Iteration":41},
{"Acceptance":[0.12],"Energy":{"Mean":-16.23577148923562,"Sigma":0.36438161998598917,"Taucorr":-5.551115123125783e-17},"EnergyVariance":{"Mean":16.296276254123775,"Sigma":3.8817638573114843,"Taucorr":0.0},"Iteration":42},
{"Acceptance":[0.16069565217391305],"Energy":{"Mean":-16.424795294186676,"Sigma":0.3463475185114983,"Taucorr":-2.7755575615628914e-17},"EnergyVariance":{"Mean":13.850828294456814,"Sigma":2.9751935394875906,"Taucorr":0.0},"Iteration":43},
{"Acceptance":[0.12904347826086957],"Energy":{"Mean":-16.69903684832112,"Sigma":0.36630985552081535,"Taucorr":-5.551115123125783e-17},"EnergyVariance":{"Mean":14.604576534305501,"Sigma":3.0325202423503033,"Taucorr":5.551115123125783e-17},"Iteration":44},
{"Acceptance":[0.11791304347826087],"Energy":{"Mean":-16.800148034740708,"Sigma":0.2969240032600681,"Taucorr":0.0},"EnergyVariance":{"Mean":9.869196256756226,"Sigma":2.2014122498285675,"Taucorr":0.0},"Iteration":45},
{"Acceptance":[0.11339130434782609],"Energy":{"Mean":-16.580879319367185,"Sigma":0.31797095267963155,"Taucorr":-2.7755575615628914e-17},"EnergyVariance":{"Mean":11.817386712767538,"Sigma":2.499638819180175,"Taucorr":5.551115123125783e-17},"Iteration":46},
{"Acceptance":[0.12660869565217392],"Energy":{"Mean":-16.374228743039744,"Sigma":0.2955233862082977,"Taucorr":0.0},"EnergyVariance":{"Mean":9.275162646367805,"Sigma":2.7831021978595056,"Taucorr":0.0},"Iteration":47},
{"Acceptance":[0.1408695652173913],"Energy":{"Mean":-17.87816061734378,"Sigma":0.4705945608613467,"Taucorr":1.1102230246251565e-16},"EnergyVariance":{"Mean":26.536388819519328,"Sigma":4.183019911137727,"Taucorr":5.551115123125783e-17},"Iteration":48},
{"Acceptance":[0.1426086956521739],"Energy":{"Mean":-16.38323641074551,"Sigma":0.27660233683904056,"Taucorr":5.551115123125783e-17},"EnergyVariance":{"Mean":9.879592906339075,"Sigma":2.0387246172919116,"Taucorr":-2.7755575615628914e-17},"Iteration":49},
{"Acceptance":[0.12730434782608696],"Energy":{"Mean":-16.569755401455282,"Sigma":0.2808575983345642,"Taucorr":0.0},"EnergyVariance":{"Mean":9.005510671892505,"Sigma":1.7050949673771298,"Taucorr":-5.551115123125783e-17},"Iteration":50},
{"Acceptance":[0.11408695652173913],"Energy":{"Mean":-16.479239310988135,"Sigma":0.5532067450254009,"Taucorr":-1.1102230246251565e-16},"EnergyVariance":{"Mean":54.92476388266912,"Sigma":26.832419280365148,"Taucorr":0.0},"Iteration":51},
{"Acceptance":[0.14817391304347827],"Energy":{"Mean":-18.54189662929722,"Sigma":0.5759616150208076,"Taucorr":2.7755575615628914e-17},"EnergyVariance":{"Mean":35.571936166352714,"Sigma":8.293095468245646,"Taucorr":0.0},"Iteration":52},
{"Acceptance":[0.12869565217391304],"Energy":{"Mean":-17.851101456247804,"Sigma":0.3519386205490888,"Taucorr":5.551115123125783e-17},"EnergyVariance":{"Mean":13.190044418983302,"Sigma":2.0096142993508037,"Taucorr":-5.551115123125783e-17},"Iteration":53},
{"Acceptance":[0.1426086956521739],"Energy":{"Mean":-16.669323820619528,"Sigma":0.3390322132102351,"Taucorr":0.0},"EnergyVariance":{"Mean":12.267148488910756,"Sigma":2.38428324704387,"Taucorr":2.7755575615628914e-17},"Iteration":54},
{"Acceptance":[0.14782608695652175],"Energy":{"Mean":-16.543603743445875,"Sigma":0.3542984216371676,"Taucorr":5.551115123125783e-17},"EnergyVariance":{"Mean":13.924858750825745,"Sigma":2.0592542731244894,"Taucorr":5.551115123125783e-17},"Iteration":55},
{"Acceptance":[0.14921739130434783],"Energy":{"Mean":-17.105900658321485,"Sigma":0.37807974236798586,"Taucorr":5.551115123125783e-17},"EnergyVariance":{"Mean":14.95083177555602,"Sigma":2.1867615923278985,"Taucorr":5.551115123125783e-17},"Iteration":56},
{"Acceptance":[0.14817391304347827],"Energy":{"Mean":-17.908870694573178,"Sigma":0.4179912875831434,"Taucorr":1.1102230246251565e-16},"EnergyVariance":{"Mean":18.260751129441772,"Sigma":4.135182752923182,"Taucorr":0.0},"Iteration":57},
{"Acceptance":[0.1617391304347826],"Energy":{"Mean":-17.55956126785433,"Sigma":0.3920340539583585,"Taucorr":0.0},"EnergyVariance":{"Mean":16.645514873356984,"Sigma":3.478997862687323,"Taucorr":0.0},"Iteration":58},
{"Acceptance":[0.16069565217391305],"Energy":{"Mean":-17.62357756201242,"Sigma":0.44998208410743074,"Taucorr":0.0},"EnergyVariance":{"Mean":21.894145352146737,"Sigma":5.309845536473787,"Taucorr":-5.551115123125783e-17},"Iteration":59},
{"Acceptance":[0.15513043478260868],"Energy":{"Mean":-17.710122219347767,"Sigma":0.31259934286117713,"Taucorr":0.0},"EnergyVariance":{"Mean":9.852394013565151,"Sigma":2.2396981339890782,"Taucorr":0.0},"Iteration":60},
{"Acceptance":[0.1565217391304348],"Energy":{"Mean":-17.91654621916271,"Sigma":0.43733695595617994,"Taucorr":0.0},"EnergyVariance":{"Mean":25.59945881777022,"Sigma":9.231067864934836,"Taucorr":0.0},"Iteration":61},
{"Acceptance":[0.16069565217391305],"Energy":{"Mean":-16.971285929379526,"Sigma":0.41157011703345286,"Taucorr":-2.7755575615628914e-17},"EnergyVariance":{"Mean":51.840125096333665,"Sigma":27.45477158456434,"Taucorr":-2.7755575615628914e-17},"Iteration":62},
{"Acceptance":[0.16104347826086957],"Energy":{"Mean":-16.893042747179713,"Sigma":0.43884331040237484,"Taucorr":-8.326672684688674e-17},"EnergyVariance":{"Mean":19.99443371497026,"Sigma":4.614557896966581,"Taucorr":0.0},"Iteration":63},
{"Acceptance":[0.16904347826086957],"Energy":{"Mean":-17.51796352933864,"Sigma":0.6520078360018889,"Taucorr":0.0},"EnergyVariance":{"Mean":46.15308756386846,"Sigma":34.151039187757966,"Taucorr":-2.7755575615628914e-17},"Iteration":64},
{"Acceptance":[0.1874782608695652],"Energy":{"Mean":-17.487624108186026,"Sigma":0.3265609245831006,"Taucorr":0.0},"EnergyVariance":{"Mean":11.930148853698366,"Sigma":2.078397225357429,"Taucorr":0.0},"Iteration":65},
{"Acceptance":[0.18295652173913043],"Energy":{"Mean":-17.657325797776725,"Sigma":0.3893237201339852,"Taucorr":1.1102230246251565e-16},"EnergyVariance":{"Mean":16.86982529162212,"Sigma":3.276848526366791,"Taucorr":0.0},"Iteration":66},
{"Acceptance":[0.19443478260869565],"Energy":{"Mean":-17.508369802511922,"Sigma":0.3214563293072198,"Taucorr":5.551115123125783e-17},"EnergyVariance":{"Mean":10.266671298702743,"Sigma":1.605659323190655,"Taucorr":0.0},"Iteration":67},
{"Acceptance":[0.19304347826086957],"Energy":{"Mean":-17.432209724963762,"Sigma":0.33008494176625647,"Taucorr":-5.551115123125783e-17},"EnergyVariance":{"Mean":12.281936554433042,"Sigma":2.60967035788625,"Taucorr":5.551115123125783e-17},"Iteration":68},
{"Acceptance":[0.20243478260869566],"Energy":{"Mean":-18.61908993134817,"Sigma":0.3157473471568479,"Taucorr":5.551115123125783e-17},"EnergyVariance":{"Mean":11.123323492071107,"Sigma":1.3792674074804263,"Taucorr":2.7755575615628914e-17},"Iteration":69},
{"Acceptance":[0.20973913043478262],"Energy":{"Mean":-17.744039821250865,"Sigma":0.28254196231481216,"Taucorr":5.551115123125783e-17},"EnergyVariance":{"Mean":8.067812775668106,"Sigma":1.098837634424048,"Taucorr":5.551115123125783e-17},"Iteration":70},
{"Acceptance":[0.20869565217391303],"Energy":{"Mean":-17.906960796800604,"Sigma":0.3198716682547929,"Taucorr":0.0},"EnergyVariance":{"Mean":10.738037620136309,"Sigma":1.3426110107959235,"Taucorr":0.0},"Iteration":71},
{"Acceptance":[0.208],"Energy":{"Mean":-19.162571756426686,"Sigma":0.3684396189027961,"Taucorr":0.0},"EnergyVariance":{"Mean":16.100970756389707,"Sigma":3.0294680173594872,"Taucorr":1.1102230246251565e-16},"Iteration":72},
{"Acceptance":[0.20695652173913043],"Energy":{"Mean":-18.150788428772458,"Sigma":0.39348007087599957,"Taucorr":0.0},"EnergyVariance":{"Mean":16.32314841027469,"Sigma":2.9174297939038136,"Taucorr":-8.326672684688674e-17},"Iteration":73},
{"Acceptance":[0.18330434782608696],"Energy":{"Mean":-18.594695521346654,"Sigma":0.38976674208350803,"Taucorr":-1.1102230246251565e-16},"EnergyVariance":{"Mean":15.582219422977921,"Sigma":3.2831862656668758,"Taucorr":0.0},"Iteration":74},
{"Acceptance":[0.18365217391304348],"Energy":{"Mean":-18.721122228707912,"Sigma":0.40724878035690143,"Taucorr":0.0},"EnergyVariance":{"Mean":16.87014654068402,"Sigma":3.057971421349007,"Taucorr":-5.551115123125783e-17},"Iteration":75},
{"Acceptance":[0.19443478260869565],"Energy":{"Mean":-18.491551974777245,"Sigma":0.35807795012433624,"Taucorr":-2.7755575615628914e-17},"EnergyVariance":{"Mean":13.233706448048629,"Sigma":2.0101752176185794,"Taucorr":0.0},"Iteration":76},
{"Acceptance":[0.1857391304347826],"Energy":{"Mean":-19.27786349916635,"Sigma":0.4783880520413887,"Taucorr":0.0},"EnergyVariance":{"Mean":24.439143811063758,"Sigma":6.278335841018713,"Taucorr":-5.551115123125783e-17},"Iteration":77},
{"Acceptance":[0.17008695652173914],"Energy":{"Mean":-18.58432474953203,"Sigma":0.3092745077911801,"Taucorr":5.551115123125783e-17},"EnergyVariance":{"Mean":9.765850368913963,"Sigma":1.8999773513200118,"Taucorr":0.0},"Iteration":78},
{"Acceptance":[0.16834782608695653],"Energy":{"Mean":-20.13569275079162,"Sigma":0.4348888612790436,"Taucorr":-2.7755575615628914e-17},"EnergyVariance":{"Mean":19.196546136596318,"Sigma":4.2257836515137965,"Taucorr":-2.7755575615628914e-17},"Iteration":79},
{"Acceptance":[0.1763478260869565],"Energy":{"Mean":-19.78265279363741,"Sigma":0.3701329882109772,"Taucorr":1.1102230246251565e-16},"EnergyVariance":{"Mean":14.176475221838693,"Sigma":2.136656606266064,"Taucorr":5.551115123125783e-17},"Iteration":80},
{"Acceptance":[0.1711304347826087],"Energy":{"Mean":-19.745429188933755,"Sigma":0.31820698790810514,"Taucorr":5.551115123125783e-17},"EnergyVariance":{"Mean":11.14790763893712,"Sigma":1.6701136461630377,"Taucorr":0.0},"Iteration":81},
{"Acceptance":[0.15408695652173912],"Energy":{"Mean":-19.56321390517747,"Sigma":0.3773128908556477,"Taucorr":0.0},"EnergyVariance":{"Mean":15.763810599480406,"Sigma":2.59078881477551,"Taucorr":0.0},"Iteration":82},
{"Acceptance":[0.17321739130434782],"Energy":{"Mean":-19.432660770959934,"Sigma":0.5710152051819407,"Taucorr":0.0},"EnergyVariance":{"Mean":48.609794328428066,"Sigma":19.017816224407667,"Taucorr":8.326672684688674e-17},"Iteration":83},
{"Acceptance":[0.18191304347826087],"Energy":{"Mean":-19.33011347435226,"Sigma":0.3209630490726235,"Taucorr":5.551115123125783e-17},"EnergyVariance":{"Mean":10.812070285797084,"Sigma":1.4727977680621813,"Taucorr":0.0},"Iteration":84},
{"Acceptance":[0.1808695652173913],"Energy":{"Mean":-19.343201689862735,"Sigma":0.38284602701572173,"Taucorr":-8.326672684688674e-17},"EnergyVariance":{"Mean":14.466379600250598,"Sigma":1.9574469865678865,"Taucorr":0.0},"Iteration":85},
{"Acceptance":[0.1676521739130435],"Energy":{"Mean":-19.48060847677585,"Sigma":0.4496556515520667,"Taucorr":-8.326672684688674e-17},"EnergyVariance":{"Mean":21.28117875055419,"Sigma":4.427998633250704,"Taucorr":5.551115123125783e-17},"Iteration":86},
{"Acceptance":[0.16208695652173913],"Energy":{"Mean":-20.05808363042285,"Sigma":0.4614782210888311,"Taucorr":-2.7755575615628914e-17},"EnergyVariance":{"Mean":22.000505023576373,"Sigma":3.689677947301093,"Taucorr":0.0},"Iteration":87},
{"Acceptance":[0.15339130434782608],"Energy":{"Mean":-18.82555436118119,"Sigma":0.4013661449717369,"Taucorr":-8.326672684688674e-17},"EnergyVariance":{"Mean":18.351870675779207,"Sigma":3.9090689684571154,"Taucorr":2.7755575615628914e-17},"Iteration":88},
{"Acceptance":[0.1582608695652174],"Energy":{"Mean":-20.000589548740727,"Sigma":0.5592104311117574,"Taucorr":-8.326672684688674e-17},"EnergyVariance":{"Mean":55.88669761379682,"Sigma":21.726179055217035,"Taucorr":2.7755575615628914e-17},"Iteration":89},
{"Acceptance":[0.17147826086956522],"Energy":{"Mean":-18.878394826774155,"Sigma":0.370156201016229,"Taucorr":-2.7755575615628914e-17},"EnergyVariance":{"Mean":14.278813362707712,"Sigma":2.45765716335102,"Taucorr":0.0},"Iteration":90},
{"Acceptance":[0.16],"Energy":{"Mean":-19.70169398633176,"Sigma":0.31030096065715873,"Taucorr":-5.551115123125783e-17},"EnergyVariance":{"Mean":9.889658507420425,"Sigma":1.7620474733781701,"Taucorr":5.551115123125783e-17},"Iteration":91},
{"Acceptance":[0.14817391304347827],"Energy":{"Mean":-19.44865853566309,"Sigma":0.46419837724688523,"Taucorr":5.551115123125783e-17},"EnergyVariance":{"Mean":22.31835347204509,"Sigma":6.066827222187902,"Taucorr":0.0},"Iteration":92},
{"Acceptance":[0.1805217391304348],"Energy":{"Mean":-19.276627663649023,"Sigma":0.3826786811942293,"Taucorr":0.0},"EnergyVariance":{"Mean":15.104086703312008,"Sigma":2.240236896852467,"Taucorr":-2.7755575615628914e-17},"Iteration":93},
{"Acceptance":[0.16],"Energy":{"Mean":-20.267283988264296,"Sigma":0.3824474363374945,"Taucorr":2.7755575615628914e-17},"EnergyVariance":{"Mean":17.039224101402894,"Sigma":3.240232761476781,"Taucorr":0.0},"Iteration":94},
{"Acceptance":[0.17217391304347826],"Energy":{"Mean":-20.22935504185003,"Sigma":0.33263708813762716,"Taucorr":0.0},"EnergyVariance":{"Mean":11.600121935058613,"Sigma":1.9642303720725094,"Taucorr":5.551115123125783e-17},"Iteration":95},
{"Acceptance":[0.1617391304347826],"Energy":{"Mean":-20.581072401438412,"Sigma":0.4618399824619486,"Taucorr":-5.551115123125783e-17},"EnergyVariance":{"Mean":22.1585083431127,"Sigma":6.550618558962931,"Taucorr":-5.551115123125783e-17},"Iteration":96},
{"Acceptance":[0.16417391304347825],"Energy":{"Mean":-20.016982218245204,"Sigma":0.43964909518880535,"Taucorr":8.326672684688674e-17},"EnergyVariance":{"Mean":19.071306637382136,"Sigma":3.3084272186458086,"Taucorr":2.7755575615628914e-17},"Iteration":97},
{"Acceptance":[0.15478260869565216],"Energy":{"Mean":-19.389190007627633,"Sigma":0.36491806301589924,"Taucorr":2.7755575615628914e-17},"EnergyVariance":{"Mean":13.25485988558317,"Sigma":2.8042320090158626,"Taucorr":0.0},"Iteration":98},
{"Acceptance":[0.17008695652173914],"Energy":{"Mean":-19.505704863690212,"Sigma":0.32096372717827976,"Taucorr":-2.7755575615628914e-17},"EnergyVariance":{"Mean":10.384187805680781,"Sigma":1.2854435261337618,"Taucorr":0.0},"Iteration":99} 
]}
{"input": {"L": 22, "J": 1, "machine": {"type": "FFNN", "model": ["tanh", 105, 2]}, "sampler": {"type": "MetropolisHop", "d_max": 5}, "optimizer": {"type": "AdaMax", "alpha": 0.001, "beta1": 0.9, "beta2": 0.999, "epscut": 1e-07}, "VMC": {"n_samples": 100, "discarded_samples": 100, "discarded_samples_on_init": 0, "target": "energy", "method": "Gd", "diag_shift": 0.01, "use_iterative": true, "use_cholesky": true}, "n_iter": 100}}
duration: -3.4940786361694336