{"Output": [
{"Acceptance":[0.7742608695652174],"Energy":{"Mean":17.477843650412034,"Sigma":0.412769580310612,"Taucorr":-2.7755575615628914e-17},"EnergyVariance":{"Mean":19.511071169247508,"Sigma":2.163935556178709,"Taucorr":5.551115123125783e-17},"Iteration":0},
{"Acceptance":[0.5547826086956522],"Energy":{"Mean":9.867222760317699,"Sigma":0.39139836747367474,"Taucorr":2.7755575615628914e-17},"EnergyVariance":{"Mean":20.93579466749176,"Sigma":2.511760241091827,"Taucorr":-5.551115123125783e-17},"Iteration":1},
{"Acceptance":[0.43130434782608695],"Energy":{"Mean":6.030895091504428,"Sigma":0.3812594683878848,"Taucorr":-2.7755575615628914e-17},"EnergyVariance":{"Mean":30.68349557762194,"Sigma":3.269436874579007,"Taucorr":0.0},"Iteration":2},
{"Acceptance":[0.3739130434782609],"Energy":{"Mean":2.0674128289095908,"Sigma":0.4054500499578114,"Taucorr":0.0},"EnergyVariance":{"Mean":32.06825447844196,"Sigma":3.4646091361601696,"Taucorr":5.551115123125783e-17},"Iteration":3},
{"Acceptance":[0.30678260869565216],"Energy":{"Mean":-1.821129899452993,"Sigma":0.40367721211518703,"Taucorr":-2.7755575615628914e-17},"EnergyVariance":{"Mean":29.32640136028956,"Sigma":4.007894187030076,"Taucorr":-8.326672684688674e-17},"Iteration":4},
{"Acceptance":[0.3026086956521739],"Energy":{"Mean":-4.0096879832374634,"Sigma":0.32545145954460547,"Taucorr":-2.7755575615628914e-17},"EnergyVariance":{"Mean":23.70932052731479,"Sigma":2.5327280515870787,"Taucorr":0.0},"Iteration":5},
{"Acceptance":[0.23721739130434782],"Energy":{"Mean":-6.79287907118285,"Sigma":0.38016265580128084,"Taucorr":5.551115123125783e-17},"EnergyVariance":{"Mean":28.24467012997094,"Sigma":3.6726263527328995,"Taucorr":-5.551115123125783e-17},"Iteration":6},
{"Acceptance":[0.24],"Energy":{"Mean":-8.188634078477504,"Sigma":0.3604679236422271,"Taucorr":1.6653345369377348e-16},"EnergyVariance":{"Mean":26.6192889208096,"Sigma":3.9402551656298095,"Taucorr":0.0},"Iteration":7},
{"Acceptance":[0.25565217391304346],"Energy":{"Mean":-10.173316961162541,"Sigma":0.4362222225509686,"Taucorr":-8.326672684688674e-17},"EnergyVariance":{"Mean":25.720576712353473,"Sigma":4.97125901128591,"Taucorr":1.1102230246251565e-16},"Iteration":8},
{"Acceptance":[0.22643478260869565],"Energy":{"Mean":-11.465204818578494,"Sigma":0.3659945507464217,"Taucorr":-8.326672684688674e-17},"EnergyVariance":{"Mean":18.58865933359769,"Sigma":2.5136812437130627,"Taucorr":0.0},"Iteration":9},
{"Acceptance":[0.23130434782608697],"Energy":{"Mean":-12.098975166257821,"Sigma":0.45432365797182556,"Taucorr":-5.551115123125783e-17},"EnergyVariance":{"Mean":35.197950829838526,"Sigma":6.901875408716314,"Taucorr":5.551115123125783e-17},"Iteration":10},
{"Acceptance":[0.21739130434782608],"Energy":{"Mean":-13.325235997925429,"Sigma":0.3718355640173532,"Taucorr":5.551115123125783e-17},"EnergyVariance":{"Mean":16.40669041189031,"Sigma":2.8673021221053148,"Taucorr":0.0},"Iteration":11},
{"Acceptance":[0.2194782608695652],"Energy":{"Mean":-12.866247209565028,"Sigma":0.4295707960991803,"Taucorr":0.0},"EnergyVariance":{"Mean":24.132082197092323,"Sigma":5.137340714967016,"Taucorr":5.551115123125783e-17},"Iteration":12},
{"Acceptance":[0.21634782608695652],"Energy":{"Mean":-13.300846621114793,"Sigma":0.5154250706112616,"Taucorr":-2.7755575615628914e-17},"EnergyVariance":{"Mean":40.79828562289082,"Sigma":13.631622908585264,"Taucorr":0.0},"Iteration":13},
{"Acceptance":[0.22017391304347825],"Energy":{"Mean":-13.35822457380835,"Sigma":0.3551490717940047,"Taucorr":0.0},"EnergyVariance":{"Mean":24.997489253155145,"Sigma":5.00220769039094,"Taucorr":1.6653345369377348e-16},"Iteration":14},
{"Acceptance":[0.22921739130434782],"Energy":{"Mean":-13.969777307339745,"Sigma":0.3335213795878024,"Taucorr":0.0},"EnergyVariance":{"Mean":19.988498458500192,"Sigma":6.611742045251919,"Taucorr":0.0},"Iteration":15},
{"Acceptance":[0.248],"Energy":{"Mean":-14.131128721187654,"Sigma":0.3856972099084496,"Taucorr":0.0},"EnergyVariance":{"Mean":19.176966919318517,"Sigma":3.433948395176679,"Taucorr":-2.7755575615628914e-17},"Iteration":16},
{"Acceptance":[0.24243478260869566],"Energy":{"Mean":-14.74912760858287,"Sigma":0.32817448624193996,"Taucorr":-5.551115123125783e-17},"EnergyVariance":{"Mean":15.896190020157743,"Sigma":1.7709844475688448,"Taucorr":0.0},"Iteration":17},
{"Acceptance":[0.21530434782608696],"Energy":{"Mean":-14.41861375732724,"Sigma":0.3000908618305958,"Taucorr":1.1102230246251565e-16},"EnergyVariance":{"Mean":11.381249586550595,"Sigma":1.8074949663564266,"Taucorr":-2.7755575615628914e-17},"Iteration":18},
{"Acceptance":[0.19756521739130434],"Energy":{"Mean":-15.506900873425549,"Sigma":0.32333742503913965,"Taucorr":2.7755575615628914e-17},"EnergyVariance":{"Mean":12.088268785072657,"Sigma":2.045033888531935,"Taucorr":0.0},"Iteration":19},
{"Acceptance":[0.1874782608695652],"Energy":{"Mean":-15.609026665345933,"Sigma":0.30614973310689614,"Taucorr":-2.7755575615628914e-17},"EnergyVariance":{"Mean":16.352124363023574,"Sigma":4.550656839879886,"Taucorr":5.551115123125783e-17},"Iteration":20},
{"Acceptance":[0.17217391304347826],"Energy":{"Mean":-16.467103162724378,"Sigma":0.3317213152156609,"Taucorr":5.551115123125783e-17},"EnergyVariance":{"Mean":13.717639627262697,"Sigma":1.5385548108286775,"Taucorr":-5.551115123125783e-17},"Iteration":21},
{"Acceptance":[0.17426086956521739],"Energy":{"Mean":-15.815029722264555,"Sigma":0.32886145670983663,"Taucorr":0.0},"EnergyVariance":{"Mean":12.379959062429055,"Sigma":1.9291119731094892,"Taucorr":-2.7755575615628914e-17},"Iteration":22},
{"Acceptance":[0.16034782608695652],"Energy":{"Mean":-17.75256205959926,"Sigma":0.2787146978112531,"Taucorr":5.551115123125783e-17},"EnergyVariance":{"Mean":9.012216997456028,"Sigma":1.8977206642671864,"Taucorr":0.0},"Iteration":23},
{"Acceptance":[0.15721739130434784],"Energy":{"Mean":-16.63444805656087,"Sigma":0.3367718257904038,"Taucorr":0.0},"EnergyVariance":{"Mean":15.46564414369703,"Sigma":3.149497408358103,"Taucorr":5.551115123125783e-17},"Iteration":24},
{"Acceptance":[0.14678260869565218],"Energy":{"Mean":-17.419966682345688,"Sigma":0.35125492192449476,"Taucorr":5.551115123125783e-17},"EnergyVariance":{"Mean":17.63776948849077,"Sigma":5.104017391315039,"Taucorr":0.0},"Iteration":25},
{"Acceptance":[0.12139130434782609],"Energy":{"Mean":-17.68310685175822,"Sigma":0.36472685771545477,"Taucorr":0.0},"EnergyVariance":{"Mean":13.887785025112404,"Sigma":2.0554451076245748,"Taucorr":-2.7755575615628914e-17},"Iteration":26},
{"Acceptance":[0.11652173913043479],"Energy":{"Mean":-18.09628112950358,"Sigma":0.3163158375126359,"Taucorr":5.551115123125783e-17},"EnergyVariance":{"Mean":9.991383334451752,"Sigma":1.5586102760090834,"Taucorr":0.0},"Iteration":27},
{"Acceptance":[0.104],"Energy":{"Mean":-16.91673239606591,"Sigma":0.3921827719360067,"Taucorr":0.0},"EnergyVariance":{"Mean":28.578144421428007,"Sigma":12.066366796740434,"Taucorr":2.7755575615628914e-17},"Iteration":28},
{"Acceptance":[0.10956521739130434],"Energy":{"Mean":-18.69449544772533,"Sigma":0.29941257530910553,"Taucorr":-2.7755575615628914e-17},"EnergyVariance":{"Mean":19.206029442411662,"Sigma":7.8798306791507695,"Taucorr":0.0},"Iteration":29},
{"Acceptance":[0.10817391304347826],"Energy":{"Mean":-18.185937848127203,"Sigma":0.33520725139823926,"Taucorr":1.1102230246251565e-16},"EnergyVariance":{"Mean":11.329843212457387,"Sigma":1.7833588405987575,"Taucorr":0.0},"Iteration":30},
{"Acceptance":[0.09982608695652175],"Energy":{"Mean":-18.009089614464372,"Sigma":0.33888923339301286,"Taucorr":0.0},"EnergyVariance":{"Mean":12.19136934343728,"Sigma":2.118329666730851,"Taucorr":0.0},"Iteration":31},
{"Acceptance":[0.08834782608695652],"Energy":{"Mean":-18.014744141084627,"Sigma":0.32139843593990697,"Taucorr":0.0},"EnergyVariance":{"Mean":10.53049508732915,"Sigma":2.358740843955502,"Taucorr":0.0},"Iteration":32},
{"Acceptance":[0.0911304347826087],"Energy":{"Mean":-18.566108981597125,"Sigma":0.27278354748837796,"Taucorr":0.0},"EnergyVariance":{"Mean":8.403500703528813,"Sigma":1.3842532864468577,"Taucorr":-2.7755575615628914e-17},"Iteration":33},
{"Acceptance":[0.09391304347826086],"Energy":{"Mean":-18.125356084156557,"Sigma":0.3436112520255734,"Taucorr":0.0},"EnergyVariance":{"Mean":12.957197903873613,"Sigma":3.7660772906684405,"Taucorr":-5.551115123125783e-17},"Iteration":34},
{"Acceptance":[0.07443478260869565],"Energy":{"Mean":-18.427605001331578,"Sigma":0.29168408697434733,"Taucorr":5.551115123125783e-17},"EnergyVariance":{"Mean":16.586915657382285,"Sigma":6.046847860699568,"Taucorr":0.0},"Iteration":35},
{"Acceptance":[0.08452173913043479],"Energy":{"Mean":-17.94445827230078,"Sigma":0.2528900073396272,"Taucorr":2.7755575615628914e-17},"EnergyVariance":{"Mean":6.806971340539954,"Sigma":1.0007933788909198,"Taucorr":-2.7755575615628914e-17},"Iteration":36},
{"Acceptance":[0.0751304347826087],"Energy":{"Mean":-17.679833139989174,"Sigma":0.343365698020876,"Taucorr":1.1102230246251565e-16},"EnergyVariance":{"Mean":12.85154401959994,"Sigma":2.0401325254820515,"Taucorr":5.551115123125783e-17},"Iteration":37},
{"Acceptance":[0.07478260869565218],"Energy":{"Mean":-18.143585298643345,"Sigma":0.28628051991126946,"Taucorr":5.551115123125783e-17},"EnergyVariance":{"Mean":8.325822530850784,"Sigma":1.328682320045034,"Taucorr":0.0},"Iteration":38},
{"Acceptance":[0.07895652173913044],"Energy":{"Mean":-18.23607826100277,"Sigma":0.2731775035291154,"Taucorr":2.7755575615628914e-17},"EnergyVariance":{"Mean":8.246369584221425,"Sigma":1.7537568264189651,"Taucorr":0.0},"Iteration":39},
{"Acceptance":[0.07721739130434782],"Energy":{"Mean":-18.097309254458242,"Sigma":0.24310493402094174,"Taucorr":-2.7755575615628914e-17},"EnergyVariance":{"Mean":6.964575815097335,"Sigma":1.2950128090548012,"Taucorr":-8.326672684688674e-17},"Iteration":40},
{"Acceptance":[0.06713043478260869],"Energy":{"Mean":-18.129199154307237,"Sigma":0.3920480272861835,"Taucorr":-2.7755575615628914e-17},"EnergyVariance":{"Mean":102.91756088517874,"Sigma":55.96925059593528,"Taucorr":0.0},"Iteration":41},
{"Acceptance":[0.06921739130434783],"Energy":{"Mean":-18.280619716491124,"Sigma":0.19015801706467697,"Taucorr":-5.551115123125783e-17},"EnergyVariance":{"Mean":4.072837986064202,"Sigma":0.7473993127660304,"Taucorr":0.0},"Iteration":42},
{"Acceptance":[0.06608695652173913],"Energy":{"Mean":-18.739370459201815,"Sigma":0.24194346624013624,"Taucorr":-2.7755575615628914e-17},"EnergyVariance":{"Mean":6.091825583558677,"Sigma":0.9541634090568041,"Taucorr":-2.7755575615628914e-17},"Iteration":43},
{"Acceptance":[0.05669565217391304],"Energy":{"Mean":-18.601005126382788,"Sigma":0.3189565727173852,"Taucorr":5.551115123125783e-17},"EnergyVariance":{"Mean":11.36902052806046,"Sigma":4.987697034452841,"Taucorr":0.0},"Iteration":44},
{"Acceptance":[0.06921739130434783],"Energy":{"Mean":-18.203885366444688,"Sigma":0.28833673175696795,"Taucorr":1.1102230246251565e-16},"EnergyVariance":{"Mean":10.370358133827796,"Sigma":2.683949234820609,"Taucorr":-2.7755575615628914e-17},"Iteration":45},
{"Acceptance":[0.07060869565217391],"Energy":{"Mean":-18.821482177027,"Sigma":0.24473773691088602,"Taucorr":0.0},"EnergyVariance":{"Mean":7.1094539094242,"Sigma":1.8486621480096959,"Taucorr":0.0},"Iteration":46},
{"Acceptance":[0.07026086956521739],"Energy":{"Mean":-18.2864376623506,"Sigma":0.45417365624423717,"Taucorr":0.0},"EnergyVariance":{"Mean":20.52701210565224,"Sigma":6.709743063226143,"Taucorr":0.0},"Iteration":47},
{"Acceptance":[0.06365217391304348],"Energy":{"Mean":-18.25343434118588,"Sigma":0.1789221097805883,"Taucorr":2.7755575615628914e-17},"EnergyVariance":{"Mean":3.5418968131962143,"Sigma":0.4498535917033899,"Taucorr":-5.551115123125783e-17},"Iteration":48},
{"Acceptance":[0.06991304347826087],"Energy":{"Mean":-18.657274614986076,"Sigma":0.25063127650436434,"Taucorr":-5.551115123125783e-17},"EnergyVariance":{"Mean":6.9540829115276255,"Sigma":1.4455784611806293,"Taucorr":-5.551115123125783e-17},"Iteration":49},
{"Acceptance":[0.07269565217391305],"Energy":{"Mean":-19.442170624965534,"Sigma":0.4027336218345678,"Taucorr":1.1102230246251565e-16},"EnergyVariance":{"Mean":52.233024685179075,"Sigma":18.99370966502318,"Taucorr":0.0},"Iteration":50},
{"Acceptance":[0.06365217391304348],"Energy":{"Mean":-18.612693030415684,"Sigma":0.23223834464245194,"Taucorr":5.551115123125783e-17},"EnergyVariance":{"Mean":6.242155924384358,"Sigma":1.9688952813742149,"Taucorr":0.0},"Iteration":51},
{"Acceptance":[0.06191304347826087],"Energy":{"Mean":-19.152627020192575,"Sigma":0.5103042842621415,"Taucorr":1.1102230246251565e-16},"EnergyVariance":{"Mean":27.829714309782144,"Sigma":17.453483101527326,"Taucorr":0.0},"Iteration":52},
{"Acceptance":[0.07060869565217391],"Energy":{"Mean":-18.88053415283941,"Sigma":0.3572228699543675,"Taucorr":2.7755575615628914e-17},"EnergyVariance":{"Mean":13.501031918184726,"Sigma":4.454482066043454,"Taucorr":0.0},"Iteration":53},
{"Acceptance":[0.06678260869565217],"Energy":{"Mean":-19.57943182314282,"Sigma":0.3644504598256377,"Taucorr":1.1102230246251565e-16},"EnergyVariance":{"Mean":13.54394961436562,"Sigma":10.254492927260689,"Taucorr":0.0},"Iteration":54},
{"Acceptance":[0.06086956521739131],"Energy":{"Mean":-18.699524647766548,"Sigma":0.21060293311381825,"Taucorr":1.1102230246251565e-16},"EnergyVariance":{"Mean":4.597587092844063,"Sigma":1.2258747050672953,"Taucorr":-2.7755575615628914e-17},"Iteration":55},
{"Acceptance":[0.05808695652173913],"Energy":{"Mean":-19.054339434807815,"Sigma":0.15859655743369477,"Taucorr":-2.7755575615628914e-17},"EnergyVariance":{"Mean":2.730668521049372,"Sigma":0.5794648768363333,"Taucorr":-2.7755575615628914e-17},"Iteration":56},
{"Acceptance":[0.057739130434782605],"Energy":{"Mean":-18.721187291037523,"Sigma":0.2624329608400916,"Taucorr":2.7755575615628914e-17},"EnergyVariance":{"Mean":9.59119639937221,"Sigma":6.4226963955612115,"Taucorr":-5.551115123125783e-17},"Iteration":57},
{"Acceptance":[0.05356521739130435],"Energy":{"Mean":-18.46176321486357,"Sigma":0.27757808164985853,"Taucorr":2.7755575615628914e-17},"EnergyVariance":{"Mean":8.407605531265215,"Sigma":2.690860641955906,"Taucorr":0.0},"Iteration":58},
{"Acceptance":[0.059478260869565217],"Energy":{"Mean":-18.5502828349363,"Sigma":0.17376950835671978,"Taucorr":2.7755575615628914e-17},"EnergyVariance":{"Mean":3.2646592047064904,"Sigma":0.5202185120684252,"Taucorr":5.551115123125783e-17},"Iteration":59},
{"Acceptance":[0.05634782608695652],"Energy":{"Mean":-19.21340060217041,"Sigma":0.33676877727764404,"Taucorr":-2.7755575615628914e-17},"EnergyVariance":{"Mean":13.139334833973223,"Sigma":6.462524376649257,"Taucorr":0.0},"Iteration":60},
{"Acceptance":[0.05321739130434783],"Energy":{"Mean":-19.303909945986977,"Sigma":0.19992956648954188,"Taucorr":2.7755575615628914e-17},"EnergyVariance":{"Mean":4.427366335093435,"Sigma":1.0496148800489478,"Taucorr":5.551115123125783e-17},"Iteration":61},
{"Acceptance":[0.06191304347826087],"Energy":{"Mean":-19.692751977052637,"Sigma":0.49423828785313245,"Taucorr":0.0},"EnergyVariance":{"Mean":26.062706290310572,"Sigma":9.856206392816057,"Taucorr":-2.7755575615628914e-17},"Iteration":62},
{"Acceptance":[0.07617391304347826],"Energy":{"Mean":-19.515327672788708,"Sigma":0.48984250023730375,"Taucorr":2.7755575615628914e-17},"EnergyVariance":{"Mean":25.61621838105692,"Sigma":9.268202944328065,"Taucorr":0.0},"Iteration":63},
{"Acceptance":[0.05565217391304348],"Energy":{"Mean":-18.83711562390684,"Sigma":0.32337095978431024,"Taucorr":-2.7755575615628914e-17},"EnergyVariance":{"Mean":10.657810378354304,"Sigma":4.795134994488648,"Taucorr":0.0},"Iteration":64},
{"Acceptance":[0.059478260869565217],"Energy":{"Mean":-18.903887740445146,"Sigma":0.16693321886729592,"Taucorr":5.551115123125783e-17},"EnergyVariance":{"Mean":3.365603570201651,"Sigma":0.662756191448875,"Taucorr":-1.1102230246251565e-16},"Iteration":65},
{"Acceptance":[0.05008695652173913],"Energy":{"Mean":-21.1211149913767,"Sigma":1.289722374580798,"Taucorr":-8.326672684688674e-17},"EnergyVariance":{"Mean":178.75097077628544,"Sigma":146.60399895731487,"Taucorr":0.0},"Iteration":66},
{"Acceptance":[0.07721739130434782],"Energy":{"Mean":-18.49634932828895,"Sigma":0.16256189717231864,"Taucorr":-2.7755575615628914e-17},"EnergyVariance":{"Mean":3.2678047483493864,"Sigma":0.38809496958129536,"Taucorr":-5.551115123125783e-17},"Iteration":67},
{"Acceptance":[0.06260869565217392],"Energy":{"Mean":-18.457181918682302,"Sigma":0.3594648318190342,"Taucorr":-8.326672684688674e-17},"EnergyVariance":{"Mean":14.05180172336214,"Sigma":4.031453101200773,"Taucorr":0.0},"Iteration":68},
{"Acceptance":[0.06295652173913044],"Energy":{"Mean":-18.608669548822412,"Sigma":0.19016155310492358,"Taucorr":5.551115123125783e-17},"EnergyVariance":{"Mean":3.5987055532550567,"Sigma":0.5236706146681425,"Taucorr":0.0},"Iteration":69},
{"Acceptance":[0.07234782608695652],"Energy":{"Mean":-18.692522887405687,"Sigma":0.19940295206361117,"Taucorr":1.1102230246251565e-16},"EnergyVariance":{"Mean":4.084710875784898,"Sigma":0.8047824615191773,"Taucorr":5.551115123125783e-17},"Iteration":70},
{"Acceptance":[0.060521739130434786],"Energy":{"Mean":-19.619941230042727,"Sigma":0.4630652475519871,"Taucorr":5.551115123125783e-17},"EnergyVariance":{"Mean":22.163779435561924,"Sigma":11.664169871578526,"Taucorr":0.0},"Iteration":71},
{"Acceptance":[0.06330434782608696],"Energy":{"Mean":-19.389683083093527,"Sigma":0.22768524629992543,"Taucorr":2.7755575615628914e-17},"EnergyVariance":{"Mean":5.996746962544327,"Sigma":1.0910953438682844,"Taucorr":1.1102230246251565e-16},"Iteration":72},
{"Acceptance":[0.057043478260869564],"Energy":{"Mean":-19.576158779350322,"Sigma":0.28346279965744287,"Taucorr":1.1102230246251565e-16},"EnergyVariance":{"Mean":7.838084979791094,"Sigma":5.024197546587716,"Taucorr":0.0},"Iteration":73},
{"Acceptance":[0.07060869565217391],"Energy":{"Mean":-18.737056335037657,"Sigma":0.3222551768035984,"Taucorr":5.551115123125783e-17},"EnergyVariance":{"Mean":11.609458273025588,"Sigma":5.734573787211944,"Taucorr":-5.551115123125783e-17},"Iteration":74},
{"Acceptance":[0.06608695652173913],"Energy":{"Mean":-18.626446524615567,"Sigma":0.1618550836286223,"Taucorr":5.551115123125783e-17},"EnergyVariance":{"Mean":2.7855748777110017,"Sigma":0.5641022630053487,"Taucorr":-5.551115123125783e-17},"Iteration":75},
{"Acceptance":[0.05356521739130435],"Energy":{"Mean":-19.459449702463182,"Sigma":0.3879214994564696,"Taucorr":0.0},"EnergyVariance":{"Mean":15.718248524527937,"Sigma":7.138513487097766,"Taucorr":0.0},"Iteration":76},
{"Acceptance":[0.06086956521739131],"Energy":{"Mean":-18.996767579804576,"Sigma":0.21515050363930682,"Taucorr":8.326672684688674e-17},"EnergyVariance":{"Mean":4.826669241045714,"Sigma":0.8767896367876966,"Taucorr":-2.7755575615628914e-17},"Iteration":77},
{"Acceptance":[0.050434782608695654],"Energy":{"Mean":-19.611676435128125,"Sigma":0.46476132379031676,"Taucorr":2.7755575615628914e-17},"EnergyVariance":{"Mean":23.197875300121257,"Sigma":12.966095571725774,"Taucorr":0.0},"Iteration":78},
{"Acceptance":[0.06817391304347827],"Energy":{"Mean":-19.267812799852525,"Sigma":0.19714813824017216,"Taucorr":8.326672684688674e-17},"EnergyVariance":{"Mean":3.907338269593934,"Sigma":0.7823187352524053,"Taucorr":1.1102230246251565e-16},"Iteration":79},
{"Acceptance":[0.06365217391304348],"Energy":{"Mean":-19.2918852872934,"Sigma":0.2961436460310067,"Taucorr":-8.326672684688674e-17},"EnergyVariance":{"Mean":9.4094268401285,"Sigma":3.702056583386136,"Taucorr":5.551115123125783e-17},"Iteration":80},
{"Acceptance":[0.06260869565217392],"Energy":{"Mean":-18.83203621176309,"Sigma":0.24525853186887397,"Taucorr":2.7755575615628914e-17},"EnergyVariance":{"Mean":6.3449483152941815,"Sigma":1.23865547920813,"Taucorr":2.7755575615628914e-17},"Iteration":81},
{"Acceptance":[0.07965217391304348],"Energy":{"Mean":-18.93343971409788,"Sigma":0.3559230427449161,"Taucorr":-5.551115123125783e-17},"EnergyVariance":{"Mean":13.32427744254873,"Sigma":8.25224693787959,"Taucorr":-2.7755575615628914e-17},"Iteration":82},
{"Acceptance":[0.06713043478260869],"Energy":{"Mean":-19.205606781202192,"Sigma":0.23526057888230137,"Taucorr":5.551115123125783e-17},"EnergyVariance":{"Mean":5.759314644204208,"Sigma":0.8729515750233416,"Taucorr":2.7755575615628914e-17},"Iteration":83},
{"Acceptance":[0.06921739130434783],"Energy":{"Mean":-19.054345075259228,"Sigma":0.2605102309962552,"Taucorr":5.551115123125783e-17},"EnergyVariance":{"Mean":6.782346480612564,"Sigma":1.149922129090629,"Taucorr":-2.7755575615628914e-17},"Iteration":84},
{"Acceptance":[0.0768695652173913],"Energy":{"Mean":-18.996367847870168,"Sigma":0.18343741727205934,"Taucorr":5.551115123125783e-17},"EnergyVariance":{"Mean":4.40176180807205,"Sigma":0.7423275949989849,"Taucorr":-8.326672684688674e-17},"Iteration":85},
{"Acceptance":[0.06817391304347827],"Energy":{"Mean":-18.551858922664834,"Sigma":0.2356785650528677,"Taucorr":2.7755575615628914e-17},"EnergyVariance":{"Mean":5.457396050760938,"Sigma":1.036179892716307,"Taucorr":-2.7755575615628914e-17},"Iteration":86},
{"Acceptance":[0.07060869565217391],"Energy":{"Mean":-17.964281532652436,"Sigma":1.3923867561884045,"Taucorr":2.7755575615628914e-17},"EnergyVariance":{"Mean":227.2735894546445,"Sigma":221.86718052012753,"Taucorr":0.0},"Iteration":87},
{"Acceptance":[0.06782608695652174],"Energy":{"Mean":-19.187754919199513,"Sigma":0.18155913460477724,"Taucorr":0.0},"EnergyVariance":{"Mean":3.478864426297918,"Sigma":0.701231397918887,"Taucorr":0.0},"Iteration":88},
{"Acceptance":[0.06434782608695652],"Energy":{"Mean":-18.100837245310537,"Sigma":0.36110340630221255,"Taucorr":-2.7755575615628914e-17},"EnergyVariance":{"Mean":13.42057958858089,"Sigma":7.04501535578671,"Taucorr":0.0},"Iteration":89},
{"Acceptance":[0.07026086956521739],"Energy":{"Mean":-19.614752511796596,"Sigma":0.31041512703600393,"Taucorr":5.551115123125783e-17},"EnergyVariance":{"Mean":9.943370453714266,"Sigma":5.426113153369042,"Taucorr":-2.7755575615628914e-17},"Iteration":90},
{"Acceptance":[0.05286956521739131],"Energy":{"Mean":-18.829020254982947,"Sigma":0.18104523676359574,"Taucorr":0.0},"EnergyVariance":{"Mean":3.388710803701648,"Sigma":0.5859897859320546,"Taucorr":-5.551115123125783e-17},"Iteration":91},
{"Acceptance":[0.07339130434782609],"Energy":{"Mean":-18.54137507353041,"Sigma":0.2438725880568986,"Taucorr":-2.7755575615628914e-17},"EnergyVariance":{"Mean":5.9890454167780804,"Sigma":0.9295768305531887,"Taucorr":0.0},"Iteration":92},
{"Acceptance":[0.07547826086956522],"Energy":{"Mean":-19.627179062540666,"Sigma":0.4163309873958926,"Taucorr":0.0},"EnergyVariance":{"Mean":17.487993231887422,"Sigma":6.486866532428281,"Taucorr":0.0},"Iteration":93},
{"Acceptance":[0.06434782608695652],"Energy":{"Mean":-19.10163000116493,"Sigma":0.23609784790477928,"Taucorr":5.551115123125783e-17},"EnergyVariance":{"Mean":5.440235675242174,"Sigma":1.0853476984512558,"Taucorr":5.551115123125783e-17},"Iteration":94},
{"Acceptance":[0.07095652173913043],"Energy":{"Mean":-19.350113847931276,"Sigma":0.35994946920742704,"Taucorr":1.1102230246251565e-16},"EnergyVariance":{"Mean":12.821459160853447,"Sigma":7.484812636293163,"Taucorr":2.7755575615628914e-17},"Iteration":95},
{"Acceptance":[0.06643478260869565],"Energy":{"Mean":-19.182870039032927,"Sigma":0.2162735752756276,"Taucorr":5.551115123125783e-17},"EnergyVariance":{"Mean":5.389505281040947,"Sigma":1.10918511598937,"Taucorr":2.7755575615628914e-17},"Iteration":96},
{"Acceptance":[0.05495652173913043],"Energy":{"Mean":-18.908628561615515,"Sigma":0.17420426138132392,"Taucorr":-8.326672684688674e-17},"EnergyVariance":{"Mean":3.504790207668098,"Sigma":0.5612559515596522,"Taucorr":0.0},"Iteration":97},
{"Acceptance":[0.057391304347826085],"Energy":{"Mean":-19.63978019502896,"Sigma":0.6850213112060958,"Taucorr":0.0},"EnergyVariance":{"Mean":50.32261094318798,"Sigma":18.93360085285033,"Taucorr":0.0},"Iteration":98},
{"Acceptance":[0.059130434782608696],"Energy":{"Mean":-19.429779091058386,"Sigma":0.23950276271813006,"Taucorr":8.326672684688674e-17},"EnergyVariance":{"Mean":6.609503180410389,"Sigma":1.145298343989302,"Taucorr":0.0},"Iteration":99} 
]}
{"input": {"L": 22, "J": 1, "machine": {"type": "FFNN", "model": ["tanh", 108, 3]}, "sampler": {"type": "MetropolisHop", "d_max": 5}, "optimizer": {"type": "AdaMax", "alpha": 0.001, "beta1": 0.9, "beta2": 0.999, "epscut": 1e-07}, "VMC": {"n_samples": 100, "discarded_samples": 100, "discarded_samples_on_init": 0, "target": "energy", "method": "Gd", "diag_shift": 0.01, "use_iterative": true, "use_cholesky": true}, "n_iter": 100}}
duration: -6.2929747104644775