{"Output": [
{"Acceptance":[0.7530434782608696],"Energy":{"Mean":17.019778404184404,"Sigma":0.40105850967379675,"Taucorr":-5.551115123125783e-17},"EnergyVariance":{"Mean":19.797799683188618,"Sigma":2.337361345476718,"Taucorr":0.0},"Iteration":0},
{"Acceptance":[0.5116521739130435],"Energy":{"Mean":7.848820057878756,"Sigma":0.42210068763168607,"Taucorr":1.1102230246251565e-16},"EnergyVariance":{"Mean":28.196432030124022,"Sigma":3.085420475655866,"Taucorr":5.551115123125783e-17},"Iteration":1},
{"Acceptance":[0.35582608695652174],"Energy":{"Mean":0.8646850861256433,"Sigma":0.5175612802870326,"Taucorr":0.0},"EnergyVariance":{"Mean":43.89155569227019,"Sigma":6.009640597091947,"Taucorr":0.0},"Iteration":2},
{"Acceptance":[0.24278260869565219],"Energy":{"Mean":-3.9165773803883583,"Sigma":0.39927239783827717,"Taucorr":5.551115123125783e-17},"EnergyVariance":{"Mean":38.455940392576125,"Sigma":5.497005630077838,"Taucorr":0.0},"Iteration":3},
{"Acceptance":[0.18991304347826088],"Energy":{"Mean":-8.02308534050621,"Sigma":0.34928959330933085,"Taucorr":-5.551115123125783e-17},"EnergyVariance":{"Mean":26.384269165163467,"Sigma":3.193943775949709,"Taucorr":-5.551115123125783e-17},"Iteration":4},
{"Acceptance":[0.15269565217391304],"Energy":{"Mean":-10.753663208804673,"Sigma":0.3159368042743395,"Taucorr":-2.7755575615628914e-17},"EnergyVariance":{"Mean":26.98756869397206,"Sigma":5.926578439564993,"Taucorr":0.0},"Iteration":5},
{"Acceptance":[0.13321739130434782],"Energy":{"Mean":-12.166767449634023,"Sigma":0.30156247697586736,"Taucorr":5.551115123125783e-17},"EnergyVariance":{"Mean":20.78213834754596,"Sigma":4.0932804458500565,"Taucorr":-2.7755575615628914e-17},"Iteration":6},
{"Acceptance":[0.09739130434782609],"Energy":{"Mean":-13.55303672887069,"Sigma":0.26064055851631784,"Taucorr":-2.7755575615628914e-17},"EnergyVariance":{"Mean":19.9717113021681,"Sigma":4.930074112254307,"Taucorr":0.0},"Iteration":7},
{"Acceptance":[0.10295652173913043],"Energy":{"Mean":-13.428950068031371,"Sigma":0.5560676372573773,"Taucorr":0.0},"EnergyVariance":{"Mean":66.37054781293477,"Sigma":16.32613481579949,"Taucorr":5.551115123125783e-17},"Iteration":8},
{"Acceptance":[0.10226086956521739],"Energy":{"Mean":-14.012104197131368,"Sigma":0.27723593271006763,"Taucorr":-2.7755575615628914e-17},"EnergyVariance":{"Mean":17.483614162161114,"Sigma":7.857357508615936,"Taucorr":0.0},"Iteration":9},
{"Acceptance":[0.09043478260869565],"Energy":{"Mean":-14.502762332563401,"Sigma":0.3313078825597752,"Taucorr":0.0},"EnergyVariance":{"Mean":22.776550771871374,"Sigma":16.40288657396569,"Taucorr":0.0},"Iteration":10},
{"Acceptance":[0.08660869565217391],"Energy":{"Mean":-14.032443373338001,"Sigma":0.4916318892380837,"Taucorr":-8.326672684688674e-17},"EnergyVariance":{"Mean":41.241017913892,"Sigma":21.358280641969486,"Taucorr":0.0},"Iteration":11},
{"Acceptance":[0.07930434782608696],"Energy":{"Mean":-15.458300657299061,"Sigma":0.5056955763473533,"Taucorr":1.1102230246251565e-16},"EnergyVariance":{"Mean":36.65597113071467,"Sigma":21.288732458715245,"Taucorr":0.0},"Iteration":12},
{"Acceptance":[0.07721739130434782],"Energy":{"Mean":-14.633414709767445,"Sigma":0.13140691222064643,"Taucorr":2.7755575615628914e-17},"EnergyVariance":{"Mean":3.18575732717234,"Sigma":1.1428715040521251,"Taucorr":5.551115123125783e-17},"Iteration":13},
{"Acceptance":[0.05982608695652174],"Energy":{"Mean":-14.67917046586085,"Sigma":0.2181431201695614,"Taucorr":0.0},"EnergyVariance":{"Mean":6.350194466487503,"Sigma":1.7902478484322535,"Taucorr":0.0},"Iteration":14},
{"Acceptance":[0.059130434782608696],"Energy":{"Mean":-14.358806969397532,"Sigma":0.11121763718748996,"Taucorr":-5.551115123125783e-17},"EnergyVariance":{"Mean":1.6030205849573742,"Sigma":0.27921015294407137,"Taucorr":0.0},"Iteration":15},
{"Acceptance":[0.057391304347826085],"Energy":{"Mean":-14.7284445360313,"Sigma":0.18306915406450483,"Taucorr":1.1102230246251565e-16},"EnergyVariance":{"Mean":3.7850910652734444,"Sigma":1.3520897360621293,"Taucorr":-2.7755575615628914e-17},"Iteration":16},
{"Acceptance":[0.06121739130434783],"Energy":{"Mean":-12.345379640840012,"Sigma":1.634482599012798,"Taucorr":-1.1102230246251565e-16},"EnergyVariance":{"Mean":437.14702237259667,"Sigma":296.70041755917276,"Taucorr":-8.326672684688674e-17},"Iteration":17},
{"Acceptance":[0.06504347826086956],"Energy":{"Mean":-14.647848538418334,"Sigma":0.15532283806055505,"Taucorr":1.6653345369377348e-16},"EnergyVariance":{"Mean":2.474094098069008,"Sigma":1.7710509486641763,"Taucorr":-8.326672684688674e-17},"Iteration":18},
{"Acceptance":[0.06539130434782608],"Energy":{"Mean":-14.816066470573176,"Sigma":0.12053112186836744,"Taucorr":2.7755575615628914e-17},"EnergyVariance":{"Mean":3.376095521019365,"Sigma":1.7183585408307014,"Taucorr":2.7755575615628914e-17},"Iteration":19},
{"Acceptance":[0.06817391304347827],"Energy":{"Mean":-13.273092640313948,"Sigma":0.09127502496635309,"Taucorr":null},"EnergyVariance":{"Mean":4.486090747785729,"Sigma":0.1604899937637035,"Taucorr":null},"Iteration":20},
{"Acceptance":[0.05495652173913043],"Energy":{"Mean":-14.703763784330366,"Sigma":0.14582598574897854,"Taucorr":-5.551115123125783e-17},"EnergyVariance":{"Mean":3.563991508568452,"Sigma":0.990723453226176,"Taucorr":0.0},"Iteration":21},
{"Acceptance":[0.06469565217391304],"Energy":{"Mean":-14.316429603819614,"Sigma":0.2719586381143412,"Taucorr":-5.551115123125783e-17},"EnergyVariance":{"Mean":7.5409880960287605,"Sigma":2.7470138045785104,"Taucorr":0.0},"Iteration":22},
{"Acceptance":[0.059478260869565217],"Energy":{"Mean":-14.952104605148183,"Sigma":0.20118319366249293,"Taucorr":-5.551115123125783e-17},"EnergyVariance":{"Mean":4.650149792935265,"Sigma":2.1279482344346596,"Taucorr":0.0},"Iteration":23},
{"Acceptance":[0.052521739130434786],"Energy":{"Mean":-14.5753023824283,"Sigma":0.13848683643840196,"Taucorr":0.0},"EnergyVariance":{"Mean":2.3938747837330974,"Sigma":0.7835786214153367,"Taucorr":-2.7755575615628914e-17},"Iteration":24},
{"Acceptance":[0.057043478260869564],"Energy":{"Mean":-14.600779675837636,"Sigma":0.07078856376427864,"Taucorr":2.7755575615628914e-17},"EnergyVariance":{"Mean":0.5462843618142705,"Sigma":0.09864606085991282,"Taucorr":-2.7755575615628914e-17},"Iteration":25},
{"Acceptance":[0.059130434782608696],"Energy":{"Mean":-15.482276960520675,"Sigma":0.30482737404018073,"Taucorr":1.1102230246251565e-16},"EnergyVariance":{"Mean":9.552727966008115,"Sigma":3.339022484371585,"Taucorr":1.1102230246251565e-16},"Iteration":26},
{"Acceptance":[0.05495652173913043],"Energy":{"Mean":-16.239689618700744,"Sigma":0.6943599687612411,"Taucorr":0.0},"EnergyVariance":{"Mean":62.59171885482607,"Sigma":46.631658304719274,"Taucorr":5.551115123125783e-17},"Iteration":27},
{"Acceptance":[0.064],"Energy":{"Mean":-14.782913146765694,"Sigma":0.1455766582053131,"Taucorr":-2.7755575615628914e-17},"EnergyVariance":{"Mean":3.051587273193357,"Sigma":1.555282530829104,"Taucorr":0.0},"Iteration":28},
{"Acceptance":[0.057391304347826085],"Energy":{"Mean":-15.01479570705747,"Sigma":0.2167955744868424,"Taucorr":-2.7755575615628914e-17},"EnergyVariance":{"Mean":5.535807139503072,"Sigma":1.6349904367642052,"Taucorr":0.0},"Iteration":29},
{"Acceptance":[0.064],"Energy":{"Mean":-15.131764662939958,"Sigma":0.14433965783131197,"Taucorr":-2.7755575615628914e-17},"EnergyVariance":{"Mean":4.534761498750539,"Sigma":1.3777603834913146,"Taucorr":-1.1102230246251565e-16},"Iteration":30},
{"Acceptance":[0.057043478260869564],"Energy":{"Mean":-15.06980254787814,"Sigma":0.1699654546192411,"Taucorr":-2.7755575615628914e-17},"EnergyVariance":{"Mean":3.853585084502094,"Sigma":1.2471376719424074,"Taucorr":0.0},"Iteration":31},
{"Acceptance":[0.057391304347826085],"Energy":{"Mean":-14.910275149071143,"Sigma":0.31674183558707736,"Taucorr":0.0},"EnergyVariance":{"Mean":10.048673046832882,"Sigma":7.2873291724161895,"Taucorr":0.0},"Iteration":32},
{"Acceptance":[0.059478260869565217],"Energy":{"Mean":-15.020317382314818,"Sigma":0.25574421445288825,"Taucorr":0.0},"EnergyVariance":{"Mean":7.893753984301165,"Sigma":4.191840246989249,"Taucorr":0.0},"Iteration":33},
{"Acceptance":[0.05286956521739131],"Energy":{"Mean":-15.696105711124407,"Sigma":0.19415892890304812,"Taucorr":0.0},"EnergyVariance":{"Mean":5.674257660215133,"Sigma":1.3406140771548962,"Taucorr":-5.551115123125783e-17},"Iteration":34},
{"Acceptance":[0.05634782608695652],"Energy":{"Mean":-14.992612809785992,"Sigma":0.16374276000620172,"Taucorr":-5.551115123125783e-17},"EnergyVariance":{"Mean":3.653478272276185,"Sigma":0.990825692752251,"Taucorr":0.0},"Iteration":35},
{"Acceptance":[0.058782608695652175],"Energy":{"Mean":-15.075682883758782,"Sigma":0.08720893344233417,"Taucorr":-2.7755575615628914e-17},"EnergyVariance":{"Mean":1.021331678024001,"Sigma":0.3412426022750073,"Taucorr":-5.551115123125783e-17},"Iteration":36},
{"Acceptance":[0.052521739130434786],"Energy":{"Mean":-16.027374509778248,"Sigma":0.18094315936568442,"Taucorr":5.551115123125783e-17},"EnergyVariance":{"Mean":4.298094018446529,"Sigma":1.0781347939978412,"Taucorr":5.551115123125783e-17},"Iteration":37},
{"Acceptance":[0.06643478260869565],"Energy":{"Mean":-15.22341861658531,"Sigma":0.09797704731259063,"Taucorr":-5.551115123125783e-17},"EnergyVariance":{"Mean":1.0823892529285286,"Sigma":0.2665916798243239,"Taucorr":-2.7755575615628914e-17},"Iteration":38},
{"Acceptance":[0.06121739130434783],"Energy":{"Mean":-15.296550715553153,"Sigma":0.15589807947529022,"Taucorr":-2.7755575615628914e-17},"EnergyVariance":{"Mean":2.710195898615992,"Sigma":0.6363538104295484,"Taucorr":0.0},"Iteration":39},
{"Acceptance":[0.058434782608695654],"Energy":{"Mean":-15.397322771929424,"Sigma":0.24322176860920525,"Taucorr":0.0},"EnergyVariance":{"Mean":6.37260087706707,"Sigma":4.284814869910316,"Taucorr":0.0},"Iteration":40},
{"Acceptance":[0.06782608695652174],"Energy":{"Mean":-15.55477686534049,"Sigma":0.20466501113378083,"Taucorr":-2.7755575615628914e-17},"EnergyVariance":{"Mean":4.6999549088497865,"Sigma":1.2272443847803272,"Taucorr":-5.551115123125783e-17},"Iteration":41},
{"Acceptance":[0.058782608695652175],"Energy":{"Mean":-15.610946469472818,"Sigma":0.16705552884655678,"Taucorr":-5.551115123125783e-17},"EnergyVariance":{"Mean":3.052487193797365,"Sigma":0.6719307237635965,"Taucorr":2.7755575615628914e-17},"Iteration":42},
{"Acceptance":[0.06504347826086956],"Energy":{"Mean":-15.712645241310113,"Sigma":0.19696313978303512,"Taucorr":5.551115123125783e-17},"EnergyVariance":{"Mean":4.94766116581159,"Sigma":0.9172912873491228,"Taucorr":-2.7755575615628914e-17},"Iteration":43},
{"Acceptance":[0.06921739130434783],"Energy":{"Mean":-16.008178867319685,"Sigma":0.3322519014986078,"Taucorr":0.0},"EnergyVariance":{"Mean":12.062987291777427,"Sigma":5.533216209927779,"Taucorr":-5.551115123125783e-17},"Iteration":44},
{"Acceptance":[0.07339130434782609],"Energy":{"Mean":-18.08386473096389,"Sigma":1.2362216510162871,"Taucorr":5.551115123125783e-17},"EnergyVariance":{"Mean":164.22580394018175,"Sigma":87.89218527793437,"Taucorr":0.0},"Iteration":45},
{"Acceptance":[0.07060869565217391],"Energy":{"Mean":-15.722431420440348,"Sigma":0.16068895652867657,"Taucorr":0.0},"EnergyVariance":{"Mean":2.95721753885833,"Sigma":0.5052088539723094,"Taucorr":5.551115123125783e-17},"Iteration":46},
{"Acceptance":[0.07478260869565218],"Energy":{"Mean":-16.03217646295044,"Sigma":0.13752338977057532,"Taucorr":0.0},"EnergyVariance":{"Mean":2.5087110612944996,"Sigma":0.3628823173691668,"Taucorr":1.1102230246251565e-16},"Iteration":47},
{"Acceptance":[0.06713043478260869],"Energy":{"Mean":-15.417490558603564,"Sigma":0.1693152887968096,"Taucorr":0.0},"EnergyVariance":{"Mean":3.0863117254338523,"Sigma":0.5045857722642892,"Taucorr":0.0},"Iteration":48},
{"Acceptance":[0.07165217391304347],"Energy":{"Mean":-17.587599589866727,"Sigma":1.018512056863906,"Taucorr":-5.551115123125783e-17},"EnergyVariance":{"Mean":106.89798839613259,"Sigma":70.35861934362589,"Taucorr":5.551115123125783e-17},"Iteration":49},
{"Acceptance":[0.07547826086956522],"Energy":{"Mean":-16.039362288162803,"Sigma":0.18971881815467717,"Taucorr":5.551115123125783e-17},"EnergyVariance":{"Mean":4.271718625818885,"Sigma":0.6640913886282758,"Taucorr":-2.7755575615628914e-17},"Iteration":50},
{"Acceptance":[0.07965217391304348],"Energy":{"Mean":-15.774866713771452,"Sigma":0.18874259923743986,"Taucorr":0.0},"EnergyVariance":{"Mean":3.7865118933434716,"Sigma":0.6068802007437633,"Taucorr":0.0},"Iteration":51},
{"Acceptance":[0.07478260869565218],"Energy":{"Mean":-16.576769383492383,"Sigma":0.41750185054819017,"Taucorr":-8.326672684688674e-17},"EnergyVariance":{"Mean":18.185563108178535,"Sigma":9.166777744002784,"Taucorr":0.0},"Iteration":52},
{"Acceptance":[0.08765217391304347],"Energy":{"Mean":-16.76400669404137,"Sigma":0.19850659323409983,"Taucorr":2.7755575615628914e-17},"EnergyVariance":{"Mean":4.54828532891595,"Sigma":0.5962176515473195,"Taucorr":-8.326672684688674e-17},"Iteration":53},
{"Acceptance":[0.09217391304347826],"Energy":{"Mean":-16.223216142497257,"Sigma":0.1986527689574004,"Taucorr":1.1102230246251565e-16},"EnergyVariance":{"Mean":4.259872734123699,"Sigma":0.5111647087832547,"Taucorr":-2.7755575615628914e-17},"Iteration":54},
{"Acceptance":[0.08104347826086956],"Energy":{"Mean":-16.285945489266616,"Sigma":0.26584957687745675,"Taucorr":-5.551115123125783e-17},"EnergyVariance":{"Mean":7.556614695612585,"Sigma":3.071458870992338,"Taucorr":0.0},"Iteration":55},
{"Acceptance":[0.0751304347826087],"Energy":{"Mean":-16.649153572293237,"Sigma":0.20445143435254534,"Taucorr":0.0},"EnergyVariance":{"Mean":5.071014131479441,"Sigma":0.7593501283568846,"Taucorr":0.0},"Iteration":56},
{"Acceptance":[0.09669565217391304],"Energy":{"Mean":-15.97805994144425,"Sigma":0.23388265687343365,"Taucorr":-5.551115123125783e-17},"EnergyVariance":{"Mean":5.682450015204135,"Sigma":0.7654653251334321,"Taucorr":0.0},"Iteration":57},
{"Acceptance":[0.08591304347826087],"Energy":{"Mean":-17.233437514228804,"Sigma":0.20331473478460485,"Taucorr":0.0},"EnergyVariance":{"Mean":4.521863476421274,"Sigma":0.5609530622565064,"Taucorr":5.551115123125783e-17},"Iteration":58},
{"Acceptance":[0.07721739130434782],"Energy":{"Mean":-17.173998023486007,"Sigma":0.22168226876345118,"Taucorr":2.7755575615628914e-17},"EnergyVariance":{"Mean":5.710014740649311,"Sigma":0.9726888744031308,"Taucorr":0.0},"Iteration":59},
{"Acceptance":[0.08417391304347827],"Energy":{"Mean":-17.155230172185913,"Sigma":0.1998529597454736,"Taucorr":-5.551115123125783e-17},"EnergyVariance":{"Mean":5.206638585044418,"Sigma":0.6912123867318108,"Taucorr":5.551115123125783e-17},"Iteration":60},
{"Acceptance":[0.06991304347826087],"Energy":{"Mean":-17.68676865037998,"Sigma":0.2207506495283542,"Taucorr":-2.7755575615628914e-17},"EnergyVariance":{"Mean":5.256278344702563,"Sigma":0.6269143525932256,"Taucorr":-2.7755575615628914e-17},"Iteration":61},
{"Acceptance":[0.07269565217391305],"Energy":{"Mean":-17.55278670386494,"Sigma":0.24992805196405798,"Taucorr":2.7755575615628914e-17},"EnergyVariance":{"Mean":7.030995743321565,"Sigma":0.8881415880126102,"Taucorr":0.0},"Iteration":62},
{"Acceptance":[0.05808695652173913],"Energy":{"Mean":-17.470062875831196,"Sigma":0.22506709868894503,"Taucorr":0.0},"EnergyVariance":{"Mean":5.165977120021719,"Sigma":0.8154538033627159,"Taucorr":0.0},"Iteration":63},
{"Acceptance":[0.04173913043478261],"Energy":{"Mean":-18.17300805813367,"Sigma":0.413747194730935,"Taucorr":-5.551115123125783e-17},"EnergyVariance":{"Mean":21.1602477140408,"Sigma":7.985979285955406,"Taucorr":0.0},"Iteration":64},
{"Acceptance":[0.044521739130434786],"Energy":{"Mean":-17.323065708107443,"Sigma":0.19061008375833363,"Taucorr":1.1102230246251565e-16},"EnergyVariance":{"Mean":3.8914027636801425,"Sigma":0.4201739810001469,"Taucorr":1.1102230246251565e-16},"Iteration":65},
{"Acceptance":[0.049043478260869564],"Energy":{"Mean":-16.967404838530037,"Sigma":0.2150227040538815,"Taucorr":5.551115123125783e-17},"EnergyVariance":{"Mean":5.593412042942322,"Sigma":0.7405061921450732,"Taucorr":-5.551115123125783e-17},"Iteration":66},
{"Acceptance":[0.041391304347826084],"Energy":{"Mean":-18.209791354490633,"Sigma":0.36353835056050116,"Taucorr":0.0},"EnergyVariance":{"Mean":16.89569351774883,"Sigma":7.527489184632858,"Taucorr":2.7755575615628914e-17},"Iteration":67},
{"Acceptance":[0.028521739130434782],"Energy":{"Mean":-17.630543524111676,"Sigma":0.22250588496529983,"Taucorr":-2.7755575615628914e-17},"EnergyVariance":{"Mean":5.570428836358524,"Sigma":0.8148263648407124,"Taucorr":0.0},"Iteration":68},
{"Acceptance":[0.026434782608695653],"Energy":{"Mean":-17.741693631897924,"Sigma":0.16291636631970016,"Taucorr":0.0},"EnergyVariance":{"Mean":2.8383514345273273,"Sigma":0.3899174753830067,"Taucorr":5.551115123125783e-17},"Iteration":69},
{"Acceptance":[0.03582608695652174],"Energy":{"Mean":-17.990868376959572,"Sigma":0.27961791438205275,"Taucorr":2.7755575615628914e-17},"EnergyVariance":{"Mean":8.882392956166903,"Sigma":4.192872707042153,"Taucorr":0.0},"Iteration":70},
{"Acceptance":[0.03304347826086956],"Energy":{"Mean":-18.412553484130086,"Sigma":0.1525750022953573,"Taucorr":-2.7755575615628914e-17},"EnergyVariance":{"Mean":2.5858030947765727,"Sigma":0.5338961642122658,"Taucorr":0.0},"Iteration":71},
{"Acceptance":[0.03269565217391304],"Energy":{"Mean":-17.839250442433553,"Sigma":0.24785022203102408,"Taucorr":0.0},"EnergyVariance":{"Mean":6.06135021378024,"Sigma":1.0307943825595705,"Taucorr":-5.551115123125783e-17},"Iteration":72},
{"Acceptance":[0.041391304347826084],"Energy":{"Mean":-17.06046280677668,"Sigma":0.19327419369913207,"Taucorr":-1.6653345369377348e-16},"EnergyVariance":{"Mean":3.7669503944686293,"Sigma":0.6778471959669352,"Taucorr":2.7755575615628914e-17},"Iteration":73},
{"Acceptance":[0.025391304347826087],"Energy":{"Mean":-18.049479804058333,"Sigma":0.15492599070876753,"Taucorr":5.551115123125783e-17},"EnergyVariance":{"Mean":2.399151333431746,"Sigma":0.5341527941498244,"Taucorr":5.551115123125783e-17},"Iteration":74},
{"Acceptance":[0.024695652173913042],"Energy":{"Mean":-18.232839475554123,"Sigma":0.09540268261334085,"Taucorr":-5.551115123125783e-17},"EnergyVariance":{"Mean":0.9297002105443088,"Sigma":0.1971381280960504,"Taucorr":0.0},"Iteration":75},
{"Acceptance":[0.02782608695652174],"Energy":{"Mean":-18.373655939837807,"Sigma":0.24159227606785863,"Taucorr":0.0},"EnergyVariance":{"Mean":6.756603286025237,"Sigma":1.4265138498295067,"Taucorr":-2.7755575615628914e-17},"Iteration":76},
{"Acceptance":[0.02434782608695652],"Energy":{"Mean":-17.89080041146653,"Sigma":0.20374035227630521,"Taucorr":-5.551115123125783e-17},"EnergyVariance":{"Mean":4.291289689917718,"Sigma":1.21753934803144,"Taucorr":0.0},"Iteration":77},
{"Acceptance":[0.02191304347826087],"Energy":{"Mean":-18.711747144601652,"Sigma":0.2364113703203777,"Taucorr":5.551115123125783e-17},"EnergyVariance":{"Mean":6.368978534017177,"Sigma":1.4212909735768642,"Taucorr":0.0},"Iteration":78},
{"Acceptance":[0.023304347826086955],"Energy":{"Mean":-17.627612372662128,"Sigma":0.20117281162621117,"Taucorr":-8.326672684688674e-17},"EnergyVariance":{"Mean":4.04407738445866,"Sigma":1.6048176820807305,"Taucorr":0.0},"Iteration":79},
{"Acceptance":[0.01565217391304348],"Energy":{"Mean":-17.749980026415244,"Sigma":0.14172704349871632,"Taucorr":1.6653345369377348e-16},"EnergyVariance":{"Mean":2.148526097946644,"Sigma":0.8996615955763112,"Taucorr":5.551115123125783e-17},"Iteration":80},
{"Acceptance":[0.01982608695652174],"Energy":{"Mean":-18.138403556771856,"Sigma":0.171250331029602,"Taucorr":-7.216449660063518e-16},"EnergyVariance":{"Mean":3.323690137715016,"Sigma":1.4049816764785126,"Taucorr":2.7755575615628914e-17},"Iteration":81},
{"Acceptance":[0.01565217391304348],"Energy":{"Mean":-19.040714259328574,"Sigma":0.8300271941515296,"Taucorr":1.1102230246251565e-16},"EnergyVariance":{"Mean":135.408554524743,"Sigma":70.21109945844441,"Taucorr":-5.551115123125783e-17},"Iteration":82},
{"Acceptance":[0.01565217391304348],"Energy":{"Mean":-17.893719548009294,"Sigma":0.17902032684177258,"Taucorr":-1.1102230246251565e-16},"EnergyVariance":{"Mean":3.3573632481930114,"Sigma":1.4167386414072616,"Taucorr":0.0},"Iteration":83},
{"Acceptance":[0.02365217391304348],"Energy":{"Mean":-18.788412422915062,"Sigma":0.6368407723965707,"Taucorr":5.551115123125783e-17},"EnergyVariance":{"Mean":39.387412785749675,"Sigma":25.26610419567433,"Taucorr":5.551115123125783e-17},"Iteration":84},
{"Acceptance":[0.01808695652173913],"Energy":{"Mean":-18.251895356380057,"Sigma":0.1417897554641877,"Taucorr":-9.71445146547012e-16},"EnergyVariance":{"Mean":1.9971275468022511,"Sigma":0.5308194144322586,"Taucorr":1.1102230246251565e-16},"Iteration":85},
{"Acceptance":[0.024],"Energy":{"Mean":-18.553678799151715,"Sigma":0.38179855231002474,"Taucorr":5.551115123125783e-17},"EnergyVariance":{"Mean":16.033763195126916,"Sigma":4.473722623068049,"Taucorr":5.551115123125783e-17},"Iteration":86},
{"Acceptance":[0.041391304347826084],"Energy":{"Mean":-17.846921523450295,"Sigma":0.2707801849514148,"Taucorr":5.551115123125783e-17},"EnergyVariance":{"Mean":7.652663544236883,"Sigma":3.491995361342083,"Taucorr":-5.551115123125783e-17},"Iteration":87},
{"Acceptance":[0.01982608695652174],"Energy":{"Mean":-17.888954086569463,"Sigma":0.1472742847046858,"Taucorr":0.0},"EnergyVariance":{"Mean":2.329842972476732,"Sigma":0.8341937775197443,"Taucorr":-8.326672684688674e-17},"Iteration":88},
{"Acceptance":[0.02817391304347826],"Energy":{"Mean":-18.92129240946588,"Sigma":0.5949345957682853,"Taucorr":-2.9976021664879227e-15},"EnergyVariance":{"Mean":36.122623645212926,"Sigma":32.071724936854565,"Taucorr":0.0},"Iteration":89},
{"Acceptance":[0.03234782608695652],"Energy":{"Mean":-18.24650112773064,"Sigma":0.18338854241957872,"Taucorr":-2.7755575615628914e-17},"EnergyVariance":{"Mean":3.325679184777655,"Sigma":1.0417575743410417,"Taucorr":-2.7755575615628914e-17},"Iteration":90},
{"Acceptance":[0.03408695652173913],"Energy":{"Mean":-17.604899007654556,"Sigma":0.14971536356404705,"Taucorr":-2.7755575615628914e-17},"EnergyVariance":{"Mean":2.9136722142593694,"Sigma":0.8375139561276486,"Taucorr":0.0},"Iteration":91},
{"Acceptance":[0.03791304347826087],"Energy":{"Mean":-18.59272254821599,"Sigma":0.21695520172778338,"Taucorr":5.551115123125783e-17},"EnergyVariance":{"Mean":4.7659615995751015,"Sigma":1.0425917309582764,"Taucorr":0.0},"Iteration":92},
{"Acceptance":[0.034782608695652174],"Energy":{"Mean":-18.23086063061439,"Sigma":0.389719799159234,"Taucorr":0.0},"EnergyVariance":{"Mean":16.658937540566328,"Sigma":12.743969869352618,"Taucorr":2.7755575615628914e-17},"Iteration":93},
{"Acceptance":[0.035478260869565216],"Energy":{"Mean":-17.95488792910155,"Sigma":0.2546020752148424,"Taucorr":0.0},"EnergyVariance":{"Mean":6.402544251301181,"Sigma":1.4962948093970072,"Taucorr":5.551115123125783e-17},"Iteration":94},
{"Acceptance":[0.043130434782608695],"Energy":{"Mean":-18.083001798193255,"Sigma":0.38292373979306443,"Taucorr":0.0},"EnergyVariance":{"Mean":15.543579741470287,"Sigma":11.924686035412675,"Taucorr":5.551115123125783e-17},"Iteration":95},
{"Acceptance":[0.04104347826086956],"Energy":{"Mean":-18.663447408351914,"Sigma":0.18857842152351753,"Taucorr":1.1102230246251565e-16},"EnergyVariance":{"Mean":4.229921161700146,"Sigma":0.671198899268555,"Taucorr":0.0},"Iteration":96},
{"Acceptance":[0.048],"Energy":{"Mean":-18.31459052026206,"Sigma":0.24902593302597953,"Taucorr":1.1102230246251565e-16},"EnergyVariance":{"Mean":6.931169426145399,"Sigma":2.9253794096206347,"Taucorr":0.0},"Iteration":97},
{"Acceptance":[0.043478260869565216],"Energy":{"Mean":-17.81256830626029,"Sigma":0.1776848477341307,"Taucorr":1.6653345369377348e-16},"EnergyVariance":{"Mean":3.089716391545859,"Sigma":0.502393564549417,"Taucorr":2.7755575615628914e-17},"Iteration":98},
{"Acceptance":[0.03756521739130435],"Energy":{"Mean":-18.046435746193637,"Sigma":0.2064084271447044,"Taucorr":-2.7755575615628914e-17},"EnergyVariance":{"Mean":4.146756800514835,"Sigma":0.759867485711103,"Taucorr":0.0},"Iteration":99} 
]}
{"input": {"L": 22, "J": 1, "machine": {"type": "FFNN", "model": ["tanh", 127, 5]}, "sampler": {"type": "MetropolisHop", "d_max": 5}, "optimizer": {"type": "AdaMax", "alpha": 0.001, "beta1": 0.9, "beta2": 0.999, "epscut": 1e-07}, "VMC": {"n_samples": 100, "discarded_samples": 100, "discarded_samples_on_init": 0, "target": "energy", "method": "Gd", "diag_shift": 0.01, "use_iterative": true, "use_cholesky": true}, "n_iter": 100}}
duration: -12.307819366455078