{"Output": [
{"Acceptance":[0.9189565217391304],"Energy":{"Mean":19.669571292620567,"Sigma":0.3616023646809433,"Taucorr":1.1102230246251565e-16},"EnergyVariance":{"Mean":12.81931918192582,"Sigma":2.140373486806463,"Taucorr":-2.7755575615628914e-17},"Iteration":0},
{"Acceptance":[0.9151304347826087],"Energy":{"Mean":18.874562324046465,"Sigma":0.3245862197328601,"Taucorr":-1.1102230246251565e-16},"EnergyVariance":{"Mean":10.346806258378038,"Sigma":1.3925245312158947,"Taucorr":-5.551115123125783e-17},"Iteration":1},
{"Acceptance":[0.9043478260869565],"Energy":{"Mean":19.035674854567485,"Sigma":0.3672501983133417,"Taucorr":0.0},"EnergyVariance":{"Mean":13.202535331775875,"Sigma":1.7448686697673557,"Taucorr":0.0},"Iteration":2},
{"Acceptance":[0.912695652173913],"Energy":{"Mean":19.051194989844483,"Sigma":0.3661024829646276,"Taucorr":-2.7755575615628914e-17},"EnergyVariance":{"Mean":14.101002083616759,"Sigma":1.8923498105913703,"Taucorr":-2.7755575615628914e-17},"Iteration":3},
{"Acceptance":[0.8946086956521739],"Energy":{"Mean":19.835685424918562,"Sigma":0.36938544168599313,"Taucorr":5.551115123125783e-17},"EnergyVariance":{"Mean":15.335583144264096,"Sigma":3.510108905993164,"Taucorr":0.0},"Iteration":4},
{"Acceptance":[0.8970434782608696],"Energy":{"Mean":19.478483701329296,"Sigma":0.3816825063685855,"Taucorr":0.0},"EnergyVariance":{"Mean":14.506626906446073,"Sigma":2.0839376647168915,"Taucorr":0.0},"Iteration":5},
{"Acceptance":[0.880695652173913],"Energy":{"Mean":18.794837016013588,"Sigma":0.3347766486849923,"Taucorr":5.551115123125783e-17},"EnergyVariance":{"Mean":12.37371292832975,"Sigma":1.5233827765342842,"Taucorr":5.551115123125783e-17},"Iteration":6},
{"Acceptance":[0.8911304347826087],"Energy":{"Mean":18.715939657372274,"Sigma":0.3703782255585342,"Taucorr":5.551115123125783e-17},"EnergyVariance":{"Mean":14.061863256669664,"Sigma":2.212754920601386,"Taucorr":5.551115123125783e-17},"Iteration":7},
{"Acceptance":[0.8733913043478261],"Energy":{"Mean":18.581532893980054,"Sigma":0.3377686895044553,"Taucorr":0.0},"EnergyVariance":{"Mean":12.924471308302747,"Sigma":1.6879201893813267,"Taucorr":5.551115123125783e-17},"Iteration":8},
{"Acceptance":[0.8706086956521739],"Energy":{"Mean":18.128105851808037,"Sigma":0.3244788435449635,"Taucorr":0.0},"EnergyVariance":{"Mean":11.417776025129438,"Sigma":1.35331120565157,"Taucorr":-2.7755575615628914e-17},"Iteration":9},
{"Acceptance":[0.8546086956521739],"Energy":{"Mean":18.359458042853436,"Sigma":0.34535746242813264,"Taucorr":0.0},"EnergyVariance":{"Mean":13.26572766006634,"Sigma":1.9304733571815829,"Taucorr":0.0},"Iteration":10},
{"Acceptance":[0.8622608695652174],"Energy":{"Mean":18.870584368568217,"Sigma":0.36159387855155173,"Taucorr":0.0},"EnergyVariance":{"Mean":14.008632260388653,"Sigma":1.6668378866710336,"Taucorr":2.7755575615628914e-17},"Iteration":11},
{"Acceptance":[0.8566956521739131],"Energy":{"Mean":18.89883160728654,"Sigma":0.3325401027572886,"Taucorr":-5.551115123125783e-17},"EnergyVariance":{"Mean":12.549887681208222,"Sigma":1.4931694303874332,"Taucorr":-2.7755575615628914e-17},"Iteration":12},
{"Acceptance":[0.8636521739130435],"Energy":{"Mean":18.216460916931112,"Sigma":0.3719754971425041,"Taucorr":5.551115123125783e-17},"EnergyVariance":{"Mean":15.094895815239965,"Sigma":1.7838138869033224,"Taucorr":0.0},"Iteration":13},
{"Acceptance":[0.8382608695652174],"Energy":{"Mean":18.465865976676287,"Sigma":0.34233179917219453,"Taucorr":0.0},"EnergyVariance":{"Mean":13.170411377198164,"Sigma":1.5708714423068775,"Taucorr":0.0},"Iteration":14},
{"Acceptance":[0.8427826086956521],"Energy":{"Mean":18.06919021958894,"Sigma":0.3849520355356282,"Taucorr":5.551115123125783e-17},"EnergyVariance":{"Mean":16.118161473524896,"Sigma":2.201295748499495,"Taucorr":0.0},"Iteration":15},
{"Acceptance":[0.8323478260869566],"Energy":{"Mean":17.68717206375382,"Sigma":0.3699513389506334,"Taucorr":5.551115123125783e-17},"EnergyVariance":{"Mean":15.909710051020173,"Sigma":2.084761858182583,"Taucorr":0.0},"Iteration":16},
{"Acceptance":[0.831304347826087],"Energy":{"Mean":17.10385227681006,"Sigma":0.41283311747860796,"Taucorr":-5.551115123125783e-17},"EnergyVariance":{"Mean":18.80767293330495,"Sigma":2.5035047464852864,"Taucorr":0.0},"Iteration":17},
{"Acceptance":[0.8295652173913044],"Energy":{"Mean":17.932139804570078,"Sigma":0.36905657390562496,"Taucorr":5.551115123125783e-17},"EnergyVariance":{"Mean":15.651956019867301,"Sigma":1.5423660923773632,"Taucorr":-5.551115123125783e-17},"Iteration":18},
{"Acceptance":[0.8010434782608695],"Energy":{"Mean":18.023073310161223,"Sigma":0.38739716819034337,"Taucorr":-5.551115123125783e-17},"EnergyVariance":{"Mean":17.30904390636927,"Sigma":2.146617181951364,"Taucorr":-2.7755575615628914e-17},"Iteration":19},
{"Acceptance":[0.8128695652173913],"Energy":{"Mean":17.768426168176468,"Sigma":0.3215769566119759,"Taucorr":0.0},"EnergyVariance":{"Mean":12.805813684038917,"Sigma":1.5026737796385543,"Taucorr":0.0},"Iteration":20},
{"Acceptance":[0.808695652173913],"Energy":{"Mean":17.53338170394983,"Sigma":0.3775137473458298,"Taucorr":5.551115123125783e-17},"EnergyVariance":{"Mean":18.413267360140402,"Sigma":2.1537586328101903,"Taucorr":5.551115123125783e-17},"Iteration":21},
{"Acceptance":[0.8062608695652174],"Energy":{"Mean":16.588062216916185,"Sigma":0.38479489741535905,"Taucorr":2.7755575615628914e-17},"EnergyVariance":{"Mean":17.49278989859419,"Sigma":1.8835234575256112,"Taucorr":0.0},"Iteration":22},
{"Acceptance":[0.8041739130434783],"Energy":{"Mean":16.97981283432837,"Sigma":0.34695398784539594,"Taucorr":-2.7755575615628914e-17},"EnergyVariance":{"Mean":15.75439138514218,"Sigma":2.0160327069665964,"Taucorr":5.551115123125783e-17},"Iteration":23},
{"Acceptance":[0.7787826086956522],"Energy":{"Mean":16.930234314364665,"Sigma":0.37565409805504824,"Taucorr":2.7755575615628914e-17},"EnergyVariance":{"Mean":16.849549630435682,"Sigma":2.0764342711104513,"Taucorr":5.551115123125783e-17},"Iteration":24},
{"Acceptance":[0.7638260869565218],"Energy":{"Mean":16.26070431619106,"Sigma":0.3670216350141015,"Taucorr":5.551115123125783e-17},"EnergyVariance":{"Mean":16.942180193188833,"Sigma":1.9686633022730091,"Taucorr":-1.3877787807814457e-16},"Iteration":25},
{"Acceptance":[0.7707826086956522],"Energy":{"Mean":16.564560267402335,"Sigma":0.3954367918090269,"Taucorr":-2.7755575615628914e-17},"EnergyVariance":{"Mean":18.81870489547436,"Sigma":2.175335799188511,"Taucorr":-2.7755575615628914e-17},"Iteration":26},
{"Acceptance":[0.7683478260869565],"Energy":{"Mean":16.14777363715669,"Sigma":0.32651185992409376,"Taucorr":2.7755575615628914e-17},"EnergyVariance":{"Mean":15.669344545748181,"Sigma":1.8700355854868709,"Taucorr":-2.7755575615628914e-17},"Iteration":27},
{"Acceptance":[0.7648695652173914],"Energy":{"Mean":16.796364054629706,"Sigma":0.455951858081271,"Taucorr":1.1102230246251565e-16},"EnergyVariance":{"Mean":25.132939130156714,"Sigma":2.892845151041929,"Taucorr":0.0},"Iteration":28},
{"Acceptance":[0.760695652173913],"Energy":{"Mean":15.630912981880492,"Sigma":0.40054224050634096,"Taucorr":-5.551115123125783e-17},"EnergyVariance":{"Mean":19.93325090982544,"Sigma":2.1730628969279864,"Taucorr":0.0},"Iteration":29},
{"Acceptance":[0.7506086956521739],"Energy":{"Mean":16.16964552769534,"Sigma":0.40462353164260056,"Taucorr":0.0},"EnergyVariance":{"Mean":22.22282480713912,"Sigma":2.647365265839439,"Taucorr":2.7755575615628914e-17},"Iteration":30},
{"Acceptance":[0.7373913043478261],"Energy":{"Mean":16.83987790795279,"Sigma":0.3571582622901626,"Taucorr":0.0},"EnergyVariance":{"Mean":18.457552841123515,"Sigma":1.6651574069934343,"Taucorr":-5.551115123125783e-17},"Iteration":31},
{"Acceptance":[0.7443478260869565],"Energy":{"Mean":15.5059607836163,"Sigma":0.4266127393366213,"Taucorr":-2.7755575615628914e-17},"EnergyVariance":{"Mean":22.577142457373597,"Sigma":3.109976901714038,"Taucorr":0.0},"Iteration":32},
{"Acceptance":[0.7394782608695653],"Energy":{"Mean":14.487427875857797,"Sigma":0.4141249245801813,"Taucorr":2.7755575615628914e-17},"EnergyVariance":{"Mean":21.878687086349693,"Sigma":2.495818787062097,"Taucorr":0.0},"Iteration":33},
{"Acceptance":[0.7307826086956521],"Energy":{"Mean":15.047089407567588,"Sigma":0.3760818715763693,"Taucorr":-2.7755575615628914e-17},"EnergyVariance":{"Mean":18.247007325045324,"Sigma":2.3623262091859476,"Taucorr":-5.551115123125783e-17},"Iteration":34},
{"Acceptance":[0.7210434782608696],"Energy":{"Mean":14.856147543544868,"Sigma":0.37275653783292284,"Taucorr":5.551115123125783e-17},"EnergyVariance":{"Mean":19.065560404661788,"Sigma":2.234065754668866,"Taucorr":-8.326672684688674e-17},"Iteration":35},
{"Acceptance":[0.7057391304347826],"Energy":{"Mean":14.282774977571808,"Sigma":0.39653508420206424,"Taucorr":1.1102230246251565e-16},"EnergyVariance":{"Mean":22.22819708158348,"Sigma":2.3630250494867235,"Taucorr":5.551115123125783e-17},"Iteration":36},
{"Acceptance":[0.6914782608695652],"Energy":{"Mean":13.071458671787779,"Sigma":0.4289582084305045,"Taucorr":5.551115123125783e-17},"EnergyVariance":{"Mean":22.862980299878135,"Sigma":2.6840506916770988,"Taucorr":2.7755575615628914e-17},"Iteration":37},
{"Acceptance":[0.7078260869565217],"Energy":{"Mean":14.27581411234254,"Sigma":0.3721700291939539,"Taucorr":-2.7755575615628914e-17},"EnergyVariance":{"Mean":20.491492359911835,"Sigma":2.54586751249397,"Taucorr":5.551115123125783e-17},"Iteration":38},
{"Acceptance":[0.6744347826086956],"Energy":{"Mean":13.804567393269917,"Sigma":0.40679171406166775,"Taucorr":2.7755575615628914e-17},"EnergyVariance":{"Mean":19.61324851608017,"Sigma":2.1580464914371547,"Taucorr":-2.7755575615628914e-17},"Iteration":39},
{"Acceptance":[0.6893913043478261],"Energy":{"Mean":7.99360360800815,"Sigma":0.36264110280903306,"Taucorr":null},"EnergyVariance":{"Mean":152.27587424507317,"Sigma":4.931875683581452,"Taucorr":null},"Iteration":40},
{"Acceptance":[0.5551304347826087],"Energy":{"Mean":40.48315035078443,"Sigma":13.617125954849293,"Taucorr":null},"EnergyVariance":{"Mean":53969.81664398542,"Sigma":15397.328752724387,"Taucorr":null},"Iteration":41},
{"Acceptance":[0.6935652173913044],"Energy":{"Mean":7.527393521037755,"Sigma":0.3453671090778181,"Taucorr":null},"EnergyVariance":{"Mean":144.8322585500164,"Sigma":4.921797365480511,"Taucorr":null},"Iteration":42},
{"Acceptance":[0.7019130434782609],"Energy":{"Mean":7.908674521231386,"Sigma":0.36936187018387645,"Taucorr":null},"EnergyVariance":{"Mean":149.82441087892948,"Sigma":5.75487455246641,"Taucorr":null},"Iteration":43},
{"Acceptance":[0.6893913043478261],"Energy":{"Mean":0.8024711827530306,"Sigma":0.3112116729183668,"Taucorr":-1.059294318928039e-11},"EnergyVariance":{"Mean":169.70784157772204,"Sigma":7.650301567437799,"Taucorr":2.6477153802773046e-12},"Iteration":44},
{"Acceptance":[0.7043478260869566],"Energy":{"Mean":0.6182381490749327,"Sigma":0.2773614839252632,"Taucorr":null},"EnergyVariance":{"Mean":169.70123672191244,"Sigma":7.575388705189089,"Taucorr":null},"Iteration":45},
{"Acceptance":[0.5485217391304348],"Energy":{"Mean":-4.781061901167829,"Sigma":0.13826473351282279,"Taucorr":null},"EnergyVariance":{"Mean":109.22509375641724,"Sigma":5.0057210097627864,"Taucorr":null},"Iteration":46},
{"Acceptance":[0.00034782608695652176],"Energy":{"Mean":-4.8312556407512925,"Sigma":0.1867065344866152,"Taucorr":null},"EnergyVariance":{"Mean":131.7289466675993,"Sigma":7.251067609707149,"Taucorr":null},"Iteration":47},
{"Acceptance":[0.0],"Energy":{"Mean":-4.805347765782461,"Sigma":0.18382098593906826,"Taucorr":null},"EnergyVariance":{"Mean":132.8599650529219,"Sigma":7.1125050192547805,"Taucorr":null},"Iteration":48},
{"Acceptance":[0.0],"Energy":{"Mean":-4.135608164653754,"Sigma":0.24740867211025994,"Taucorr":null},"EnergyVariance":{"Mean":122.34646205152038,"Sigma":10.232702287780366,"Taucorr":null},"Iteration":49},
{"Acceptance":[0.004869565217391304],"Energy":{"Mean":-11.499999835674867,"Sigma":0.0,"Taucorr":null},"EnergyVariance":{"Mean":2.7499992267469797,"Sigma":0.0,"Taucorr":null},"Iteration":50},
{"Acceptance":[0.0020869565217391303],"Energy":{"Mean":-11.500000001191047,"Sigma":0.0,"Taucorr":null},"EnergyVariance":{"Mean":2.7499999964599127,"Sigma":0.0,"Taucorr":null},"Iteration":51},
{"Acceptance":[0.025391304347826087],"Energy":{"Mean":-12.349226498476126,"Sigma":0.024960336814766997,"Taucorr":null},"EnergyVariance":{"Mean":2.828274860513677,"Sigma":0.09235415861844487,"Taucorr":null},"Iteration":52},
{"Acceptance":[0.00034782608695652176],"Energy":{"Mean":-9.999512154907897,"Sigma":0.0,"Taucorr":null},"EnergyVariance":{"Mean":3.9981276436233424,"Sigma":0.0,"Taucorr":null},"Iteration":53},
{"Acceptance":[0.00034782608695652176],"Energy":{"Mean":-12.749702830144347,"Sigma":0.0,"Taucorr":null},"EnergyVariance":{"Mean":0.687491369393681,"Sigma":0.0,"Taucorr":null},"Iteration":54},
{"Acceptance":[0.0],"Energy":{"Mean":-12.500168442295498,"Sigma":0.0,"Taucorr":null},"EnergyVariance":{"Mean":2.7504363734588555,"Sigma":0.0,"Taucorr":null},"Iteration":55},
{"Acceptance":[0.00034782608695652176],"Energy":{"Mean":-13.000004097168862,"Sigma":0.0,"Taucorr":null},"EnergyVariance":{"Mean":0.9999919353332115,"Sigma":0.0,"Taucorr":null},"Iteration":56},
{"Acceptance":[0.0017391304347826088],"Energy":{"Mean":-11.499999750665626,"Sigma":0.0,"Taucorr":null},"EnergyVariance":{"Mean":10.749999750666351,"Sigma":0.0,"Taucorr":null},"Iteration":57},
{"Acceptance":[0.0],"Energy":{"Mean":-11.500000445722444,"Sigma":0.0,"Taucorr":null},"EnergyVariance":{"Mean":10.750000445741593,"Sigma":0.0,"Taucorr":null},"Iteration":58},
{"Acceptance":[0.0006956521739130435],"Energy":{"Mean":-10.499999061607635,"Sigma":0.0,"Taucorr":null},"EnergyVariance":{"Mean":0.7499985890875539,"Sigma":0.0,"Taucorr":null},"Iteration":59},
{"Acceptance":[0.00034782608695652176],"Energy":{"Mean":-9.999998122394583,"Sigma":0.0,"Taucorr":null},"EnergyVariance":{"Mean":1.9999935161209583,"Sigma":0.0,"Taucorr":null},"Iteration":60},
{"Acceptance":[0.0],"Energy":{"Mean":-10.000007172455419,"Sigma":0.0,"Taucorr":null},"EnergyVariance":{"Mean":2.00002467501693,"Sigma":0.0,"Taucorr":null},"Iteration":61},
{"Acceptance":[0.0],"Energy":{"Mean":-12.0000366423759,"Sigma":0.0,"Taucorr":null},"EnergyVariance":{"Mean":6.000008021171567,"Sigma":0.0,"Taucorr":null},"Iteration":62},
{"Acceptance":[0.0],"Energy":{"Mean":-12.000090259768262,"Sigma":0.0,"Taucorr":null},"EnergyVariance":{"Mean":6.000122137668339,"Sigma":0.0,"Taucorr":null},"Iteration":63},
{"Acceptance":[0.00034782608695652176],"Energy":{"Mean":-12.000156570242591,"Sigma":8.952319970859486e-07,"Taucorr":null},"EnergyVariance":{"Mean":6.000374568286512,"Sigma":7.1641086846051325e-06,"Taucorr":null},"Iteration":64},
{"Acceptance":[0.00034782608695652176],"Energy":{"Mean":-12.499120762970014,"Sigma":0.0,"Taucorr":null},"EnergyVariance":{"Mean":2.7556368036417553,"Sigma":0.0,"Taucorr":null},"Iteration":65},
{"Acceptance":[0.0017391304347826088],"Energy":{"Mean":-6.0281679567885815,"Sigma":3.113119776722054,"Taucorr":null},"EnergyVariance":{"Mean":20608.097089181792,"Sigma":13536.785431618357,"Taucorr":null},"Iteration":66},
{"Acceptance":[0.0010434782608695651],"Energy":{"Mean":-12.739117379206151,"Sigma":0.0,"Taucorr":null},"EnergyVariance":{"Mean":1.7042032197482266,"Sigma":0.0,"Taucorr":null},"Iteration":67},
{"Acceptance":[0.0],"Energy":{"Mean":-11.745536318892828,"Sigma":0.03316622798217255,"Taucorr":null},"EnergyVariance":{"Mean":0.32518789001354703,"Sigma":0.08321161704321446,"Taucorr":null},"Iteration":68},
{"Acceptance":[0.00034782608695652176],"Energy":{"Mean":-12.539999789192937,"Sigma":0.07681144190932047,"Taucorr":null},"EnergyVariance":{"Mean":2.7883993844752517,"Sigma":0.07066652780399961,"Taucorr":null},"Iteration":69},
{"Acceptance":[0.0],"Energy":{"Mean":-13.000000048767532,"Sigma":5.5904909190133445e-09,"Taucorr":null},"EnergyVariance":{"Mean":3.0000000975465606,"Sigma":1.1182300303624957e-08,"Taucorr":null},"Iteration":70},
{"Acceptance":[0.0],"Energy":{"Mean":-13.0,"Sigma":0.0,"Taucorr":null},"EnergyVariance":{"Mean":3.0,"Sigma":0.0,"Taucorr":null},"Iteration":71},
{"Acceptance":[0.0],"Energy":{"Mean":-12.000002287887634,"Sigma":0.0,"Taucorr":null},"EnergyVariance":{"Mean":4.000009151616711,"Sigma":0.0,"Taucorr":null},"Iteration":72},
{"Acceptance":[0.00034782608695652176],"Energy":{"Mean":-9.25,"Sigma":0.0,"Taucorr":null},"EnergyVariance":{"Mean":1.6875,"Sigma":0.0,"Taucorr":null},"Iteration":73},
{"Acceptance":[0.0],"Energy":{"Mean":-12.25,"Sigma":0.0,"Taucorr":null},"EnergyVariance":{"Mean":9.1875,"Sigma":0.0,"Taucorr":null},"Iteration":74},
{"Acceptance":[0.0],"Energy":{"Mean":-12.249999999999996,"Sigma":0.0,"Taucorr":null},"EnergyVariance":{"Mean":9.187500000000043,"Sigma":0.0,"Taucorr":null},"Iteration":75},
{"Acceptance":[0.00034782608695652176],"Energy":{"Mean":-12.99999999999956,"Sigma":0.0,"Taucorr":null},"EnergyVariance":{"Mean":3.0000000000037623,"Sigma":0.0,"Taucorr":null},"Iteration":76},
{"Acceptance":[0.0],"Energy":{"Mean":-13.0000000121149,"Sigma":0.0,"Taucorr":null},"EnergyVariance":{"Mean":3.0000000242113902,"Sigma":0.0,"Taucorr":null},"Iteration":77},
{"Acceptance":[0.0],"Energy":{"Mean":-12.999999117673742,"Sigma":0.0,"Taucorr":null},"EnergyVariance":{"Mean":2.9999982351840466,"Sigma":0.0,"Taucorr":null},"Iteration":78},
{"Acceptance":[0.0],"Energy":{"Mean":-12.99999985922627,"Sigma":0.0,"Taucorr":null},"EnergyVariance":{"Mean":2.999999718119599,"Sigma":0.0,"Taucorr":null},"Iteration":79},
{"Acceptance":[0.0],"Energy":{"Mean":-13.000006273842018,"Sigma":0.0,"Taucorr":null},"EnergyVariance":{"Mean":3.000012547933934,"Sigma":0.0,"Taucorr":null},"Iteration":80},
{"Acceptance":[0.0],"Energy":{"Mean":-12.999997425286516,"Sigma":0.0,"Taucorr":null},"EnergyVariance":{"Mean":2.9999948557132625,"Sigma":0.0,"Taucorr":null},"Iteration":81},
{"Acceptance":[0.0],"Energy":{"Mean":-12.999999893154111,"Sigma":0.0,"Taucorr":null},"EnergyVariance":{"Mean":2.9999998102042187,"Sigma":0.0,"Taucorr":null},"Iteration":82},
{"Acceptance":[0.0],"Energy":{"Mean":-12.999999990458308,"Sigma":0.0,"Taucorr":null},"EnergyVariance":{"Mean":3.0000000575059786,"Sigma":0.0,"Taucorr":null},"Iteration":83},
{"Acceptance":[0.0],"Energy":{"Mean":-12.999999974933257,"Sigma":0.0,"Taucorr":null},"EnergyVariance":{"Mean":3.0000001504004654,"Sigma":0.0,"Taucorr":null},"Iteration":84},
{"Acceptance":[0.0],"Energy":{"Mean":-12.999999942750343,"Sigma":0.0,"Taucorr":null},"EnergyVariance":{"Mean":3.0000003434979576,"Sigma":0.0,"Taucorr":null},"Iteration":85},
{"Acceptance":[0.0],"Energy":{"Mean":-12.999999881888417,"Sigma":0.0,"Taucorr":null},"EnergyVariance":{"Mean":3.0000007086695333,"Sigma":0.0,"Taucorr":null},"Iteration":86},
{"Acceptance":[0.0],"Energy":{"Mean":-12.499999774889273,"Sigma":0.0,"Taucorr":null},"EnergyVariance":{"Mean":2.7500011255537573,"Sigma":0.0,"Taucorr":null},"Iteration":87},
{"Acceptance":[0.0],"Energy":{"Mean":-12.999999600416695,"Sigma":0.0,"Taucorr":null},"EnergyVariance":{"Mean":3.0000023975003223,"Sigma":0.0,"Taucorr":null},"Iteration":88},
{"Acceptance":[0.0],"Energy":{"Mean":-12.99999932795971,"Sigma":0.0,"Taucorr":null},"EnergyVariance":{"Mean":3.0000040322431643,"Sigma":0.0,"Taucorr":null},"Iteration":89},
{"Acceptance":[0.0],"Energy":{"Mean":-12.999998920489869,"Sigma":0.0,"Taucorr":null},"EnergyVariance":{"Mean":3.000006477064567,"Sigma":0.0,"Taucorr":null},"Iteration":90},
{"Acceptance":[0.0],"Energy":{"Mean":-12.999998333213878,"Sigma":0.0,"Taucorr":null},"EnergyVariance":{"Mean":3.0000100007260184,"Sigma":0.0,"Taucorr":null},"Iteration":91},
{"Acceptance":[0.0],"Energy":{"Mean":-12.999997512744816,"Sigma":0.0,"Taucorr":null},"EnergyVariance":{"Mean":3.0000149235523335,"Sigma":0.0,"Taucorr":null},"Iteration":92},
{"Acceptance":[0.0],"Energy":{"Mean":-11.580475925405025,"Sigma":0.03739402424409602,"Taucorr":null},"EnergyVariance":{"Mean":0.9840827956627359,"Sigma":0.10624029700153323,"Taucorr":null},"Iteration":93},
{"Acceptance":[0.0],"Energy":{"Mean":-13.90007018458505,"Sigma":0.04082219565730159,"Taucorr":null},"EnergyVariance":{"Mean":6.18996507927075,"Sigma":0.07345730112968862,"Taucorr":null},"Iteration":94},
{"Acceptance":[0.0],"Energy":{"Mean":-12.779928273855823,"Sigma":0.05066498119848614,"Taucorr":null},"EnergyVariance":{"Mean":4.951107948234316,"Sigma":0.022306877263649463,"Taucorr":null},"Iteration":95},
{"Acceptance":[0.0],"Energy":{"Mean":-12.359992996598653,"Sigma":0.04932927515545034,"Taucorr":null},"EnergyVariance":{"Mean":2.5904535280095096,"Sigma":0.06314186948599503,"Taucorr":null},"Iteration":96},
{"Acceptance":[0.0],"Energy":{"Mean":-12.47998533927731,"Sigma":0.02000000821996593,"Taucorr":null},"EnergyVariance":{"Mean":2.729656102084801,"Sigma":0.020800408454872927,"Taucorr":null},"Iteration":97},
{"Acceptance":[0.0],"Energy":{"Mean":-12.239984240001377,"Sigma":0.06164418057140219,"Taucorr":null},"EnergyVariance":{"Mean":2.422475431568109,"Sigma":0.0937012132585346,"Taucorr":null},"Iteration":98},
{"Acceptance":[0.0],"Energy":{"Mean":-11.619978989283652,"Sigma":0.04358896825716231,"Taucorr":null},"EnergyVariance":{"Mean":1.0956675363458337,"Sigma":0.1203073364109302,"Taucorr":null},"Iteration":99} 
]}
{"input": {"L": 22, "J": 1, "machine": {"type": "FFNN", "model": ["tanh", 7, 3]}, "sampler": {"type": "MetropolisHop", "d_max": 5}, "optimizer": {"type": "AdaMax", "alpha": 0.001, "beta1": 0.9, "beta2": 0.999, "epscut": 1e-07}, "VMC": {"n_samples": 100, "discarded_samples": 100, "discarded_samples_on_init": 0, "target": "energy", "method": "Gd", "diag_shift": 0.01, "use_iterative": true, "use_cholesky": true}, "n_iter": 100}}
duration: -1.0588300228118896