{"Output": [
{"Acceptance":[0.8900869565217391],"Energy":{"Mean":18.90420328461572,"Sigma":0.33236176828252,"Taucorr":0.0},"EnergyVariance":{"Mean":10.934307820125904,"Sigma":1.5599545745608336,"Taucorr":-2.7755575615628914e-17},"Iteration":0},
{"Acceptance":[0.8789565217391304],"Energy":{"Mean":19.140093823145612,"Sigma":0.33210302835952654,"Taucorr":0.0},"EnergyVariance":{"Mean":11.329580192895563,"Sigma":1.3504540383846455,"Taucorr":-5.551115123125783e-17},"Iteration":1},
{"Acceptance":[0.8580869565217392],"Energy":{"Mean":18.75872478948885,"Sigma":0.34086008128739914,"Taucorr":1.6653345369377348e-16},"EnergyVariance":{"Mean":12.211686823601454,"Sigma":1.5561152449682523,"Taucorr":2.7755575615628914e-17},"Iteration":2},
{"Acceptance":[0.8403478260869566],"Energy":{"Mean":18.912659614321026,"Sigma":0.3252933064726857,"Taucorr":0.0},"EnergyVariance":{"Mean":11.574263295482762,"Sigma":1.6011053908598536,"Taucorr":-5.551115123125783e-17},"Iteration":3},
{"Acceptance":[0.8198260869565217],"Energy":{"Mean":18.888699640080084,"Sigma":0.34934337337223337,"Taucorr":2.7755575615628914e-17},"EnergyVariance":{"Mean":13.081804843148074,"Sigma":1.9140607419266127,"Taucorr":5.551115123125783e-17},"Iteration":4},
{"Acceptance":[0.7954782608695652],"Energy":{"Mean":17.79559271785125,"Sigma":0.3991542183145133,"Taucorr":1.6653345369377348e-16},"EnergyVariance":{"Mean":17.5415824888386,"Sigma":2.0501127761949443,"Taucorr":-5.551115123125783e-17},"Iteration":5},
{"Acceptance":[0.7975652173913044],"Energy":{"Mean":17.182237540352062,"Sigma":0.38756328701228004,"Taucorr":5.551115123125783e-17},"EnergyVariance":{"Mean":15.974219642754992,"Sigma":2.282986137332738,"Taucorr":0.0},"Iteration":6},
{"Acceptance":[0.7843478260869565],"Energy":{"Mean":17.732781781981835,"Sigma":0.43667217320619356,"Taucorr":-1.6653345369377348e-16},"EnergyVariance":{"Mean":20.567803663014264,"Sigma":2.6323708241332615,"Taucorr":2.7755575615628914e-17},"Iteration":7},
{"Acceptance":[0.7648695652173914],"Energy":{"Mean":16.900887205165002,"Sigma":0.3617439389707343,"Taucorr":-5.551115123125783e-17},"EnergyVariance":{"Mean":15.613767027178397,"Sigma":1.7835721533798263,"Taucorr":5.551115123125783e-17},"Iteration":8},
{"Acceptance":[0.7561739130434783],"Energy":{"Mean":17.067651232628762,"Sigma":0.3711246011222214,"Taucorr":-2.7755575615628914e-17},"EnergyVariance":{"Mean":15.77026117797187,"Sigma":1.7772929370939257,"Taucorr":0.0},"Iteration":9},
{"Acceptance":[0.7318260869565217],"Energy":{"Mean":15.229244562122364,"Sigma":0.41284693998565314,"Taucorr":0.0},"EnergyVariance":{"Mean":20.60286757165011,"Sigma":2.9127739324278066,"Taucorr":5.551115123125783e-17},"Iteration":10},
{"Acceptance":[0.7248695652173913],"Energy":{"Mean":15.905489946424241,"Sigma":0.41965686301294164,"Taucorr":2.7755575615628914e-17},"EnergyVariance":{"Mean":19.876036541807952,"Sigma":2.563685173367417,"Taucorr":-2.7755575615628914e-17},"Iteration":11},
{"Acceptance":[0.6911304347826087],"Energy":{"Mean":15.94261175283832,"Sigma":0.4722913657824128,"Taucorr":-2.7755575615628914e-17},"EnergyVariance":{"Mean":27.260331286207418,"Sigma":2.9090264206255783,"Taucorr":0.0},"Iteration":12},
{"Acceptance":[0.6907826086956522],"Energy":{"Mean":15.22405383438073,"Sigma":0.4599017106185826,"Taucorr":0.0},"EnergyVariance":{"Mean":26.632633050601164,"Sigma":3.17631688708198,"Taucorr":0.0},"Iteration":13},
{"Acceptance":[0.6824347826086956],"Energy":{"Mean":15.277622321256516,"Sigma":0.4255061815681422,"Taucorr":5.551115123125783e-17},"EnergyVariance":{"Mean":22.81288717378865,"Sigma":2.7724336984089057,"Taucorr":-5.551115123125783e-17},"Iteration":14},
{"Acceptance":[0.6518260869565218],"Energy":{"Mean":13.154001163466983,"Sigma":0.537390679202856,"Taucorr":0.0},"EnergyVariance":{"Mean":34.91941180168973,"Sigma":5.024649840925471,"Taucorr":0.0},"Iteration":15},
{"Acceptance":[0.6493913043478261],"Energy":{"Mean":13.415026862984256,"Sigma":0.48438450642708314,"Taucorr":0.0},"EnergyVariance":{"Mean":29.029104041683645,"Sigma":3.105052400610716,"Taucorr":0.0},"Iteration":16},
{"Acceptance":[0.6351304347826087],"Energy":{"Mean":12.530510090102506,"Sigma":0.46392294041872567,"Taucorr":5.551115123125783e-17},"EnergyVariance":{"Mean":26.796432873920946,"Sigma":2.706770926209623,"Taucorr":0.0},"Iteration":17},
{"Acceptance":[0.6208695652173913],"Energy":{"Mean":11.033200905883973,"Sigma":0.5428557828322247,"Taucorr":-2.7755575615628914e-17},"EnergyVariance":{"Mean":35.940180972972925,"Sigma":3.960593193380836,"Taucorr":0.0},"Iteration":18},
{"Acceptance":[0.6135652173913043],"Energy":{"Mean":12.167421779844364,"Sigma":0.5167626311484327,"Taucorr":0.0},"EnergyVariance":{"Mean":33.276805503560624,"Sigma":4.164709661865993,"Taucorr":5.551115123125783e-17},"Iteration":19},
{"Acceptance":[0.5829565217391305],"Energy":{"Mean":10.160100325679785,"Sigma":0.44567194885971667,"Taucorr":0.0},"EnergyVariance":{"Mean":27.50243813466018,"Sigma":3.3999344767199293,"Taucorr":-2.7755575615628914e-17},"Iteration":20},
{"Acceptance":[0.6013913043478261],"Energy":{"Mean":10.798039541792281,"Sigma":0.45662064099774924,"Taucorr":5.551115123125783e-17},"EnergyVariance":{"Mean":31.316168027335927,"Sigma":3.7724660871293123,"Taucorr":-8.326672684688674e-17},"Iteration":21},
{"Acceptance":[0.560695652173913],"Energy":{"Mean":10.553241047608827,"Sigma":0.4894330947851566,"Taucorr":0.0},"EnergyVariance":{"Mean":34.5124594618997,"Sigma":3.7797365688754567,"Taucorr":0.0},"Iteration":22},
{"Acceptance":[0.5596521739130434],"Energy":{"Mean":8.61133454442798,"Sigma":0.5117459020453651,"Taucorr":5.551115123125783e-17},"EnergyVariance":{"Mean":35.53559693821437,"Sigma":3.8526011373332425,"Taucorr":0.0},"Iteration":23},
{"Acceptance":[0.5401739130434783],"Energy":{"Mean":8.051451809818158,"Sigma":0.49338115878558125,"Taucorr":0.0},"EnergyVariance":{"Mean":32.90984144054314,"Sigma":3.51925789758265,"Taucorr":0.0},"Iteration":24},
{"Acceptance":[0.5290434782608696],"Energy":{"Mean":8.197683612964823,"Sigma":0.4964414028725503,"Taucorr":5.551115123125783e-17},"EnergyVariance":{"Mean":33.165209784589614,"Sigma":4.638812399639106,"Taucorr":5.551115123125783e-17},"Iteration":25},
{"Acceptance":[0.5172173913043479],"Energy":{"Mean":7.886955988729329,"Sigma":0.49675705331646847,"Taucorr":2.7755575615628914e-17},"EnergyVariance":{"Mean":38.878432277423144,"Sigma":4.25007373727828,"Taucorr":5.551115123125783e-17},"Iteration":26},
{"Acceptance":[0.5060869565217392],"Energy":{"Mean":6.679352160049625,"Sigma":0.4854353118536056,"Taucorr":2.7755575615628914e-17},"EnergyVariance":{"Mean":35.104997617565786,"Sigma":3.2554636165796698,"Taucorr":0.0},"Iteration":27},
{"Acceptance":[0.47791304347826086],"Energy":{"Mean":8.094149307799718,"Sigma":0.514109695716532,"Taucorr":1.1102230246251565e-16},"EnergyVariance":{"Mean":41.50668634553089,"Sigma":5.243913760668904,"Taucorr":5.551115123125783e-17},"Iteration":28},
{"Acceptance":[0.488],"Energy":{"Mean":5.588298879004304,"Sigma":0.455408373409114,"Taucorr":0.0},"EnergyVariance":{"Mean":35.35789338304241,"Sigma":4.189964868837028,"Taucorr":0.0},"Iteration":29},
{"Acceptance":[0.48139130434782607],"Energy":{"Mean":5.181357917627787,"Sigma":0.5254821246595489,"Taucorr":0.0},"EnergyVariance":{"Mean":39.35384130058763,"Sigma":3.6303366038882428,"Taucorr":-2.7755575615628914e-17},"Iteration":30},
{"Acceptance":[0.4354782608695652],"Energy":{"Mean":3.2300099824910733,"Sigma":0.49378551362316364,"Taucorr":-5.551115123125783e-17},"EnergyVariance":{"Mean":34.91035835196319,"Sigma":3.8180883757891455,"Taucorr":0.0},"Iteration":31},
{"Acceptance":[0.47130434782608693],"Energy":{"Mean":5.003586923330329,"Sigma":0.5208725008798247,"Taucorr":-2.7755575615628914e-17},"EnergyVariance":{"Mean":39.637671886393136,"Sigma":3.310285333324508,"Taucorr":0.0},"Iteration":32},
{"Acceptance":[0.4389565217391304],"Energy":{"Mean":2.4887994797893556,"Sigma":0.5262753748856079,"Taucorr":5.551115123125783e-17},"EnergyVariance":{"Mean":42.86234012637512,"Sigma":4.674512033894546,"Taucorr":0.0},"Iteration":33},
{"Acceptance":[0.4274782608695652],"Energy":{"Mean":2.4786572755538225,"Sigma":0.42794354716649224,"Taucorr":5.551115123125783e-17},"EnergyVariance":{"Mean":33.01349265327137,"Sigma":3.2190364582584983,"Taucorr":0.0},"Iteration":34},
{"Acceptance":[0.4083478260869565],"Energy":{"Mean":2.1613629069750613,"Sigma":0.46929662293644936,"Taucorr":0.0},"EnergyVariance":{"Mean":36.64772676082144,"Sigma":3.840136610624543,"Taucorr":0.0},"Iteration":35},
{"Acceptance":[0.4097391304347826],"Energy":{"Mean":0.6060399224591219,"Sigma":0.49382636102067323,"Taucorr":5.551115123125783e-17},"EnergyVariance":{"Mean":43.67536869859412,"Sigma":4.678421002783968,"Taucorr":-8.326672684688674e-17},"Iteration":36},
{"Acceptance":[0.38782608695652177],"Energy":{"Mean":0.867943430581769,"Sigma":0.4476689253332105,"Taucorr":-2.7755575615628914e-17},"EnergyVariance":{"Mean":38.79867115622705,"Sigma":4.937531521793909,"Taucorr":-2.7755575615628914e-17},"Iteration":37},
{"Acceptance":[0.38365217391304346],"Energy":{"Mean":0.42618919615702966,"Sigma":0.4525423638139229,"Taucorr":-2.7755575615628914e-17},"EnergyVariance":{"Mean":38.32523807444211,"Sigma":3.7731383065863935,"Taucorr":-5.551115123125783e-17},"Iteration":38},
{"Acceptance":[0.37321739130434783],"Energy":{"Mean":-2.116869426130707,"Sigma":0.42053489150455053,"Taucorr":0.0},"EnergyVariance":{"Mean":40.578817082320654,"Sigma":4.825685311570561,"Taucorr":0.0},"Iteration":39},
{"Acceptance":[0.3857391304347826],"Energy":{"Mean":-1.0396866797743287,"Sigma":0.49011332895801984,"Taucorr":0.0},"EnergyVariance":{"Mean":40.61464680900568,"Sigma":3.8270721935200775,"Taucorr":1.1102230246251565e-16},"Iteration":40},
{"Acceptance":[0.3794782608695652],"Energy":{"Mean":-1.6799755008678536,"Sigma":0.4531415362219986,"Taucorr":-2.7755575615628914e-17},"EnergyVariance":{"Mean":42.17130761918011,"Sigma":4.633485478407311,"Taucorr":-5.551115123125783e-17},"Iteration":41},
{"Acceptance":[0.34469565217391307],"Energy":{"Mean":-2.55521815137759,"Sigma":0.49227371357477645,"Taucorr":0.0},"EnergyVariance":{"Mean":48.0311503240673,"Sigma":6.434343106431928,"Taucorr":0.0},"Iteration":42},
{"Acceptance":[0.3318260869565217],"Energy":{"Mean":-3.2278823430321895,"Sigma":0.42765698344039205,"Taucorr":1.1102230246251565e-16},"EnergyVariance":{"Mean":30.669496479725794,"Sigma":3.2852173212145135,"Taucorr":5.551115123125783e-17},"Iteration":43},
{"Acceptance":[0.3245217391304348],"Energy":{"Mean":-3.3017862693554783,"Sigma":0.43407617071651433,"Taucorr":5.551115123125783e-17},"EnergyVariance":{"Mean":38.80146456060726,"Sigma":3.7966570181505754,"Taucorr":0.0},"Iteration":44},
{"Acceptance":[0.34469565217391307],"Energy":{"Mean":-3.3043211475210112,"Sigma":0.45990606795366357,"Taucorr":0.0},"EnergyVariance":{"Mean":36.15929898617667,"Sigma":3.6616084777011597,"Taucorr":0.0},"Iteration":45},
{"Acceptance":[0.32382608695652176],"Energy":{"Mean":-4.397876278172677,"Sigma":0.47644430386622966,"Taucorr":-2.7755575615628914e-17},"EnergyVariance":{"Mean":48.851700928231075,"Sigma":5.3095975438275245,"Taucorr":-2.7755575615628914e-17},"Iteration":46},
{"Acceptance":[0.3332173913043478],"Energy":{"Mean":-4.840686182059165,"Sigma":0.43412112137292336,"Taucorr":5.551115123125783e-17},"EnergyVariance":{"Mean":41.3079596285297,"Sigma":5.520725909206048,"Taucorr":0.0},"Iteration":47},
{"Acceptance":[0.3053913043478261],"Energy":{"Mean":-6.690668282978379,"Sigma":0.3998357097433598,"Taucorr":-2.7755575615628914e-17},"EnergyVariance":{"Mean":35.65014981774878,"Sigma":6.06737000027522,"Taucorr":0.0},"Iteration":48},
{"Acceptance":[0.30191304347826087],"Energy":{"Mean":-4.599239413843654,"Sigma":0.42355871011889945,"Taucorr":5.551115123125783e-17},"EnergyVariance":{"Mean":34.031297707440416,"Sigma":4.012485034786505,"Taucorr":-2.7755575615628914e-17},"Iteration":49},
{"Acceptance":[0.3140869565217391],"Energy":{"Mean":-5.39146602916746,"Sigma":0.5027145998099799,"Taucorr":1.1102230246251565e-16},"EnergyVariance":{"Mean":40.247943331396506,"Sigma":5.334913730864761,"Taucorr":0.0},"Iteration":50},
{"Acceptance":[0.29182608695652174],"Energy":{"Mean":-5.933218739655872,"Sigma":0.43642070748165346,"Taucorr":0.0},"EnergyVariance":{"Mean":32.73268506064797,"Sigma":3.532169794358578,"Taucorr":0.0},"Iteration":51},
{"Acceptance":[0.30295652173913046],"Energy":{"Mean":-7.76116982484425,"Sigma":0.4267250654026943,"Taucorr":1.1102230246251565e-16},"EnergyVariance":{"Mean":43.436410150558864,"Sigma":5.975844971679947,"Taucorr":0.0},"Iteration":52},
{"Acceptance":[0.26713043478260867],"Energy":{"Mean":-5.182307665560838,"Sigma":0.48744349148774563,"Taucorr":0.0},"EnergyVariance":{"Mean":41.219732852932495,"Sigma":5.500321204531176,"Taucorr":5.551115123125783e-17},"Iteration":53},
{"Acceptance":[0.26260869565217393],"Energy":{"Mean":-8.153415294790241,"Sigma":0.38493682571732885,"Taucorr":-2.7755575615628914e-17},"EnergyVariance":{"Mean":36.0051464984387,"Sigma":3.9623202869152845,"Taucorr":0.0},"Iteration":54},
{"Acceptance":[0.2733913043478261],"Energy":{"Mean":-7.156052891729146,"Sigma":0.4857760062092113,"Taucorr":-2.7755575615628914e-17},"EnergyVariance":{"Mean":41.799037786054065,"Sigma":4.272843978575334,"Taucorr":-5.551115123125783e-17},"Iteration":55},
{"Acceptance":[0.2688695652173913],"Energy":{"Mean":-6.707108492798928,"Sigma":0.4282687923111837,"Taucorr":-2.7755575615628914e-17},"EnergyVariance":{"Mean":34.532064274239715,"Sigma":3.203656448634712,"Taucorr":0.0},"Iteration":56},
{"Acceptance":[0.2605217391304348],"Energy":{"Mean":-8.121374230953545,"Sigma":0.505458332404237,"Taucorr":-5.551115123125783e-17},"EnergyVariance":{"Mean":39.6261997944989,"Sigma":4.8793620581630535,"Taucorr":5.551115123125783e-17},"Iteration":57},
{"Acceptance":[0.2403478260869565],"Energy":{"Mean":-8.658808973366162,"Sigma":0.4108434251680219,"Taucorr":2.7755575615628914e-17},"EnergyVariance":{"Mean":38.37892444481872,"Sigma":4.597637408323599,"Taucorr":-5.551115123125783e-17},"Iteration":58},
{"Acceptance":[0.26330434782608697],"Energy":{"Mean":-9.412633432944089,"Sigma":0.4239185708952519,"Taucorr":0.0},"EnergyVariance":{"Mean":35.94274829674508,"Sigma":4.292727576239551,"Taucorr":0.0},"Iteration":59},
{"Acceptance":[0.2403478260869565],"Energy":{"Mean":-9.715672398670637,"Sigma":0.3933074072657815,"Taucorr":2.7755575615628914e-17},"EnergyVariance":{"Mean":33.71840100144536,"Sigma":4.662955469685067,"Taucorr":0.0},"Iteration":60},
{"Acceptance":[0.2528695652173913],"Energy":{"Mean":-10.403649489019205,"Sigma":0.35584772276906745,"Taucorr":-1.1102230246251565e-16},"EnergyVariance":{"Mean":28.75248452005965,"Sigma":3.461578819700326,"Taucorr":0.0},"Iteration":61},
{"Acceptance":[0.2445217391304348],"Energy":{"Mean":-10.227638388635944,"Sigma":0.39076371584940656,"Taucorr":1.1102230246251565e-16},"EnergyVariance":{"Mean":29.856816846916715,"Sigma":2.6938173311883418,"Taucorr":0.0},"Iteration":62},
{"Acceptance":[0.24695652173913044],"Energy":{"Mean":-10.328561079002753,"Sigma":0.44397758237452284,"Taucorr":0.0},"EnergyVariance":{"Mean":45.62867115205732,"Sigma":5.27757498301906,"Taucorr":-2.7755575615628914e-17},"Iteration":63},
{"Acceptance":[0.2333913043478261],"Energy":{"Mean":-11.886319810501268,"Sigma":0.34374754717038775,"Taucorr":5.551115123125783e-17},"EnergyVariance":{"Mean":29.130257299533252,"Sigma":2.8326132174323133,"Taucorr":2.7755575615628914e-17},"Iteration":64},
{"Acceptance":[0.2205217391304348],"Energy":{"Mean":-11.54819924903105,"Sigma":0.3753814456534557,"Taucorr":-8.326672684688674e-17},"EnergyVariance":{"Mean":29.158010179824842,"Sigma":4.119474762349223,"Taucorr":-5.551115123125783e-17},"Iteration":65},
{"Acceptance":[0.20904347826086955],"Energy":{"Mean":-11.029079379807847,"Sigma":0.3492693295522103,"Taucorr":2.7755575615628914e-17},"EnergyVariance":{"Mean":38.21115890427464,"Sigma":3.8637663212783915,"Taucorr":-2.7755575615628914e-17},"Iteration":66},
{"Acceptance":[0.2316521739130435],"Energy":{"Mean":-11.218069256470292,"Sigma":0.390887698449232,"Taucorr":-2.7755575615628914e-17},"EnergyVariance":{"Mean":35.47943884313975,"Sigma":4.520511182181866,"Taucorr":2.7755575615628914e-17},"Iteration":67},
{"Acceptance":[0.20243478260869566],"Energy":{"Mean":-12.632173618891215,"Sigma":0.412480227286467,"Taucorr":0.0},"EnergyVariance":{"Mean":31.537931544538505,"Sigma":4.182902503077958,"Taucorr":0.0},"Iteration":68},
{"Acceptance":[0.1986086956521739],"Energy":{"Mean":-12.087094645040242,"Sigma":0.4362005919736808,"Taucorr":-2.7755575615628914e-17},"EnergyVariance":{"Mean":34.812051939421096,"Sigma":5.263451619015049,"Taucorr":5.551115123125783e-17},"Iteration":69},
{"Acceptance":[0.21982608695652173],"Energy":{"Mean":-12.61776990242789,"Sigma":0.37144861529812967,"Taucorr":-5.551115123125783e-17},"EnergyVariance":{"Mean":34.94776308719655,"Sigma":4.496088898663405,"Taucorr":0.0},"Iteration":70},
{"Acceptance":[0.21008695652173914],"Energy":{"Mean":-12.938707430571702,"Sigma":0.4040547637724483,"Taucorr":-2.7755575615628914e-17},"EnergyVariance":{"Mean":32.88126007986586,"Sigma":5.261096445832766,"Taucorr":-8.326672684688674e-17},"Iteration":71},
{"Acceptance":[0.20452173913043478],"Energy":{"Mean":-13.561588673327067,"Sigma":0.33729996347215957,"Taucorr":-5.551115123125783e-17},"EnergyVariance":{"Mean":25.88360804079322,"Sigma":3.2888792350369713,"Taucorr":-2.7755575615628914e-17},"Iteration":72},
{"Acceptance":[0.21078260869565218],"Energy":{"Mean":-12.853956351357498,"Sigma":0.3644648920193761,"Taucorr":0.0},"EnergyVariance":{"Mean":29.186368484635523,"Sigma":3.9269627140923236,"Taucorr":-2.7755575615628914e-17},"Iteration":73},
{"Acceptance":[0.20765217391304347],"Energy":{"Mean":-13.411677753735217,"Sigma":0.3845726595171423,"Taucorr":-1.1102230246251565e-16},"EnergyVariance":{"Mean":34.216134846582975,"Sigma":5.870931801382918,"Taucorr":-5.551115123125783e-17},"Iteration":74},
{"Acceptance":[0.1951304347826087],"Energy":{"Mean":-13.661609487940751,"Sigma":0.2994288529046466,"Taucorr":5.551115123125783e-17},"EnergyVariance":{"Mean":40.68951767710027,"Sigma":5.680226907585462,"Taucorr":2.7755575615628914e-17},"Iteration":75},
{"Acceptance":[0.19130434782608696],"Energy":{"Mean":-13.572466462247327,"Sigma":0.4411094521576787,"Taucorr":-2.7755575615628914e-17},"EnergyVariance":{"Mean":31.045914360923575,"Sigma":3.976078353244416,"Taucorr":0.0},"Iteration":76},
{"Acceptance":[0.20034782608695653],"Energy":{"Mean":-13.822230706228147,"Sigma":0.4457712603847832,"Taucorr":-5.551115123125783e-17},"EnergyVariance":{"Mean":41.79388243557414,"Sigma":7.394023983177286,"Taucorr":5.551115123125783e-17},"Iteration":77},
{"Acceptance":[0.18295652173913043],"Energy":{"Mean":-15.079663699222966,"Sigma":0.3282082873078227,"Taucorr":0.0},"EnergyVariance":{"Mean":27.827870295759872,"Sigma":4.135196684075684,"Taucorr":-8.326672684688674e-17},"Iteration":78},
{"Acceptance":[0.2111304347826087],"Energy":{"Mean":-13.872426251926013,"Sigma":0.44831757693298496,"Taucorr":5.551115123125783e-17},"EnergyVariance":{"Mean":47.04686755039812,"Sigma":7.536531949674526,"Taucorr":0.0},"Iteration":79},
{"Acceptance":[0.1791304347826087],"Energy":{"Mean":-15.603170190213255,"Sigma":0.290371460907811,"Taucorr":0.0},"EnergyVariance":{"Mean":18.997586417880363,"Sigma":2.828980718484773,"Taucorr":-2.7755575615628914e-17},"Iteration":80},
{"Acceptance":[0.19234782608695652],"Energy":{"Mean":-14.536527708999156,"Sigma":0.39752084749561867,"Taucorr":2.7755575615628914e-17},"EnergyVariance":{"Mean":31.878350295767685,"Sigma":4.5975356092054005,"Taucorr":0.0},"Iteration":81},
{"Acceptance":[0.18817391304347827],"Energy":{"Mean":-15.670900479591792,"Sigma":0.3739433444382097,"Taucorr":0.0},"EnergyVariance":{"Mean":27.367928134370146,"Sigma":3.2220102967891537,"Taucorr":5.551115123125783e-17},"Iteration":82},
{"Acceptance":[0.16904347826086957],"Energy":{"Mean":-15.424988913888432,"Sigma":0.3488480604620338,"Taucorr":-8.326672684688674e-17},"EnergyVariance":{"Mean":24.590537828576736,"Sigma":3.6679048089512665,"Taucorr":2.7755575615628914e-17},"Iteration":83},
{"Acceptance":[0.18365217391304348],"Energy":{"Mean":-14.656108365024153,"Sigma":0.3940664421359669,"Taucorr":0.0},"EnergyVariance":{"Mean":37.17272604874525,"Sigma":5.348984568267929,"Taucorr":5.551115123125783e-17},"Iteration":84},
{"Acceptance":[0.17947826086956523],"Energy":{"Mean":-15.755551048399761,"Sigma":0.3363143640869722,"Taucorr":-5.551115123125783e-17},"EnergyVariance":{"Mean":20.604688661551602,"Sigma":2.5501958039961043,"Taucorr":0.0},"Iteration":85},
{"Acceptance":[0.16695652173913045],"Energy":{"Mean":-15.461055156839958,"Sigma":0.403896278277282,"Taucorr":-2.7755575615628914e-17},"EnergyVariance":{"Mean":33.26373899837262,"Sigma":4.49831203909684,"Taucorr":0.0},"Iteration":86},
{"Acceptance":[0.18365217391304348],"Energy":{"Mean":-14.68429356092168,"Sigma":0.4098538390180131,"Taucorr":-5.551115123125783e-17},"EnergyVariance":{"Mean":28.765842295036855,"Sigma":4.593417750400979,"Taucorr":0.0},"Iteration":87},
{"Acceptance":[0.176],"Energy":{"Mean":-15.7020619620552,"Sigma":0.3262919135972615,"Taucorr":0.0},"EnergyVariance":{"Mean":21.702124628074905,"Sigma":2.5119716277867763,"Taucorr":0.0},"Iteration":88},
{"Acceptance":[0.17182608695652174],"Energy":{"Mean":-15.371993054159768,"Sigma":0.3806801155354906,"Taucorr":0.0},"EnergyVariance":{"Mean":34.01686646060213,"Sigma":4.436906820999216,"Taucorr":1.6653345369377348e-16},"Iteration":89},
{"Acceptance":[0.168],"Energy":{"Mean":-15.739444015755435,"Sigma":0.3433039073699098,"Taucorr":0.0},"EnergyVariance":{"Mean":19.81299390119558,"Sigma":3.7536221268708907,"Taucorr":-2.7755575615628914e-17},"Iteration":90},
{"Acceptance":[0.1648695652173913],"Energy":{"Mean":-16.001815655021815,"Sigma":0.3372951224457063,"Taucorr":0.0},"EnergyVariance":{"Mean":22.47279694878786,"Sigma":4.403619969203369,"Taucorr":-2.7755575615628914e-17},"Iteration":91},
{"Acceptance":[0.16904347826086957],"Energy":{"Mean":-16.267597038355127,"Sigma":0.35873303680389834,"Taucorr":0.0},"EnergyVariance":{"Mean":27.15623278446707,"Sigma":4.093524352751867,"Taucorr":0.0},"Iteration":92},
{"Acceptance":[0.19165217391304348],"Energy":{"Mean":-15.636619175385283,"Sigma":0.4525725167500129,"Taucorr":-2.7755575615628914e-17},"EnergyVariance":{"Mean":37.7732737955635,"Sigma":6.3977418368237915,"Taucorr":0.0},"Iteration":93},
{"Acceptance":[0.17252173913043478],"Energy":{"Mean":-16.685437489311354,"Sigma":0.30602676251421107,"Taucorr":0.0},"EnergyVariance":{"Mean":18.329675847021978,"Sigma":3.6059033720942986,"Taucorr":5.551115123125783e-17},"Iteration":94},
{"Acceptance":[0.15791304347826088],"Energy":{"Mean":-16.577991315219784,"Sigma":0.36736805440810555,"Taucorr":1.1102230246251565e-16},"EnergyVariance":{"Mean":30.32121530268626,"Sigma":7.0185436173158156,"Taucorr":-5.551115123125783e-17},"Iteration":95},
{"Acceptance":[0.15930434782608696],"Energy":{"Mean":-17.334867111091313,"Sigma":0.27551567404814087,"Taucorr":-5.551115123125783e-17},"EnergyVariance":{"Mean":12.856002796475519,"Sigma":2.2653987973132996,"Taucorr":5.551115123125783e-17},"Iteration":96},
{"Acceptance":[0.14991304347826087],"Energy":{"Mean":-15.632230122382758,"Sigma":0.3242569080228634,"Taucorr":5.551115123125783e-17},"EnergyVariance":{"Mean":20.249870112057913,"Sigma":4.771776552025143,"Taucorr":5.551115123125783e-17},"Iteration":97},
{"Acceptance":[0.15269565217391304],"Energy":{"Mean":-16.20384593503627,"Sigma":0.36703957786480157,"Taucorr":5.551115123125783e-17},"EnergyVariance":{"Mean":23.9038341162709,"Sigma":4.3983740594494245,"Taucorr":0.0},"Iteration":98},
{"Acceptance":[0.17356521739130434],"Energy":{"Mean":-16.81669677860666,"Sigma":0.38607726976701273,"Taucorr":-5.551115123125783e-17},"EnergyVariance":{"Mean":23.94312766062564,"Sigma":3.9885167173217364,"Taucorr":-5.551115123125783e-17},"Iteration":99} 
]}
{"input": {"L": 22, "J": 1, "machine": {"type": "FFNN", "model": ["tanh", 14, 1]}, "sampler": {"type": "MetropolisHop", "d_max": 5}, "optimizer": {"type": "AdaMax", "alpha": 0.001, "beta1": 0.9, "beta2": 0.999, "epscut": 1e-07}, "VMC": {"n_samples": 100, "discarded_samples": 100, "discarded_samples_on_init": 0, "target": "energy", "method": "Gd", "diag_shift": 0.01, "use_iterative": true, "use_cholesky": true}, "n_iter": 100}}
duration: -0.4047870635986328