{"Output": [
{"Acceptance":[0.8584347826086957],"Energy":{"Mean":18.53738848462736,"Sigma":0.35312444884958194,"Taucorr":5.551115123125783e-17},"EnergyVariance":{"Mean":13.61012155419489,"Sigma":1.6888735836231892,"Taucorr":-2.7755575615628914e-17},"Iteration":0},
{"Acceptance":[0.8093913043478261],"Energy":{"Mean":18.155818932359715,"Sigma":0.39437091426485543,"Taucorr":5.551115123125783e-17},"EnergyVariance":{"Mean":17.302829541861136,"Sigma":1.9747350322386295,"Taucorr":2.7755575615628914e-17},"Iteration":1},
{"Acceptance":[0.7940869565217391],"Energy":{"Mean":17.84295887048718,"Sigma":0.44968168197434333,"Taucorr":5.551115123125783e-17},"EnergyVariance":{"Mean":23.2079195521357,"Sigma":2.795816512539242,"Taucorr":5.551115123125783e-17},"Iteration":2},
{"Acceptance":[0.7453913043478261],"Energy":{"Mean":16.05878615441241,"Sigma":0.40734739891865285,"Taucorr":5.551115123125783e-17},"EnergyVariance":{"Mean":19.040780961918152,"Sigma":2.2536659253342446,"Taucorr":2.7755575615628914e-17},"Iteration":3},
{"Acceptance":[0.7057391304347826],"Energy":{"Mean":15.341246648666774,"Sigma":0.4387956784767125,"Taucorr":5.551115123125783e-17},"EnergyVariance":{"Mean":24.535610091145244,"Sigma":2.458177983974945,"Taucorr":-5.551115123125783e-17},"Iteration":4},
{"Acceptance":[0.6678260869565218],"Energy":{"Mean":13.60277726678172,"Sigma":0.4741264472214457,"Taucorr":1.1102230246251565e-16},"EnergyVariance":{"Mean":28.76973901537594,"Sigma":3.9864380497837466,"Taucorr":-2.7755575615628914e-17},"Iteration":5},
{"Acceptance":[0.6417391304347826],"Energy":{"Mean":12.97924399389222,"Sigma":0.4883987422267853,"Taucorr":-8.326672684688674e-17},"EnergyVariance":{"Mean":33.07610247384214,"Sigma":3.7579976298644957,"Taucorr":0.0},"Iteration":6},
{"Acceptance":[0.6013913043478261],"Energy":{"Mean":10.212625115889336,"Sigma":0.4477121806444995,"Taucorr":-5.551115123125783e-17},"EnergyVariance":{"Mean":27.527663442981233,"Sigma":3.160925658972496,"Taucorr":-5.551115123125783e-17},"Iteration":7},
{"Acceptance":[0.5899130434782609],"Energy":{"Mean":11.393091272768464,"Sigma":0.41521242709973577,"Taucorr":0.0},"EnergyVariance":{"Mean":25.651329397683913,"Sigma":2.5768703049578363,"Taucorr":0.0},"Iteration":8},
{"Acceptance":[0.5485217391304348],"Energy":{"Mean":8.940998364973721,"Sigma":0.42234445452908476,"Taucorr":0.0},"EnergyVariance":{"Mean":27.41372716126576,"Sigma":2.937796650035931,"Taucorr":5.551115123125783e-17},"Iteration":9},
{"Acceptance":[0.5203478260869565],"Energy":{"Mean":6.805349694783397,"Sigma":0.46376032162321196,"Taucorr":-8.326672684688674e-17},"EnergyVariance":{"Mean":31.162823063430835,"Sigma":3.585433522003951,"Taucorr":0.0},"Iteration":10},
{"Acceptance":[0.49982608695652175],"Energy":{"Mean":6.27733221622754,"Sigma":0.4846674538267355,"Taucorr":0.0},"EnergyVariance":{"Mean":38.00368621715232,"Sigma":4.2795672410172365,"Taucorr":-5.551115123125783e-17},"Iteration":11},
{"Acceptance":[0.4876521739130435],"Energy":{"Mean":5.665614681358342,"Sigma":0.4044814123073742,"Taucorr":0.0},"EnergyVariance":{"Mean":29.300907341532483,"Sigma":3.423578911277064,"Taucorr":-5.551115123125783e-17},"Iteration":12},
{"Acceptance":[0.4643478260869565],"Energy":{"Mean":5.033033732083687,"Sigma":0.4764504204668163,"Taucorr":0.0},"EnergyVariance":{"Mean":34.345294599513785,"Sigma":3.3868720447504588,"Taucorr":1.1102230246251565e-16},"Iteration":13},
{"Acceptance":[0.4274782608695652],"Energy":{"Mean":2.522686721273698,"Sigma":0.4625898401471654,"Taucorr":0.0},"EnergyVariance":{"Mean":32.609787261275216,"Sigma":4.5009524058168084,"Taucorr":0.0},"Iteration":14},
{"Acceptance":[0.4107826086956522],"Energy":{"Mean":1.849122954301567,"Sigma":0.43593471298596753,"Taucorr":0.0},"EnergyVariance":{"Mean":35.458417552714955,"Sigma":4.032597101078259,"Taucorr":0.0},"Iteration":15},
{"Acceptance":[0.3857391304347826],"Energy":{"Mean":0.5544035667506735,"Sigma":0.41972685109456986,"Taucorr":0.0},"EnergyVariance":{"Mean":33.29796474138409,"Sigma":3.036441308567972,"Taucorr":-2.7755575615628914e-17},"Iteration":16},
{"Acceptance":[0.3780869565217391],"Energy":{"Mean":-0.7296627783349181,"Sigma":0.40718427929002765,"Taucorr":0.0},"EnergyVariance":{"Mean":29.275714252514142,"Sigma":3.516551800860073,"Taucorr":0.0},"Iteration":17},
{"Acceptance":[0.33495652173913043],"Energy":{"Mean":-1.5024418465266973,"Sigma":0.4564143423047969,"Taucorr":0.0},"EnergyVariance":{"Mean":38.36358830614734,"Sigma":4.309221305719183,"Taucorr":-2.7755575615628914e-17},"Iteration":18},
{"Acceptance":[0.3453913043478261],"Energy":{"Mean":-2.4622460534011443,"Sigma":0.38458908265163244,"Taucorr":-1.1102230246251565e-16},"EnergyVariance":{"Mean":31.729183819860587,"Sigma":3.453687299955028,"Taucorr":5.551115123125783e-17},"Iteration":19},
{"Acceptance":[0.3036521739130435],"Energy":{"Mean":-1.7323268174655528,"Sigma":0.40380738015483764,"Taucorr":0.0},"EnergyVariance":{"Mean":38.08272946531934,"Sigma":4.375530463329506,"Taucorr":0.0},"Iteration":20},
{"Acceptance":[0.3144347826086957],"Energy":{"Mean":-4.329549844870973,"Sigma":0.4239288746325351,"Taucorr":-2.7755575615628914e-17},"EnergyVariance":{"Mean":33.4527664326263,"Sigma":4.597793414831308,"Taucorr":0.0},"Iteration":21},
{"Acceptance":[0.2900869565217391],"Energy":{"Mean":-5.763318618862615,"Sigma":0.37105296647636443,"Taucorr":5.551115123125783e-17},"EnergyVariance":{"Mean":26.072211773247602,"Sigma":3.760839058516559,"Taucorr":0.0},"Iteration":22},
{"Acceptance":[0.26608695652173914],"Energy":{"Mean":-6.954007382525539,"Sigma":0.3727021386218002,"Taucorr":-1.1102230246251565e-16},"EnergyVariance":{"Mean":36.133655258953475,"Sigma":4.253275138908374,"Taucorr":-1.1102230246251565e-16},"Iteration":23},
{"Acceptance":[0.24730434782608696],"Energy":{"Mean":-6.775774725056113,"Sigma":0.332183396942931,"Taucorr":5.551115123125783e-17},"EnergyVariance":{"Mean":22.00258842810893,"Sigma":2.4081788838444065,"Taucorr":0.0},"Iteration":24},
{"Acceptance":[0.272],"Energy":{"Mean":-6.0341722312173,"Sigma":0.4400040794273217,"Taucorr":0.0},"EnergyVariance":{"Mean":43.05060216467841,"Sigma":5.372631752736106,"Taucorr":2.7755575615628914e-17},"Iteration":25},
{"Acceptance":[0.24939130434782608],"Energy":{"Mean":-8.675644593994921,"Sigma":0.3055643548510749,"Taucorr":-2.7755575615628914e-17},"EnergyVariance":{"Mean":24.38658410705247,"Sigma":3.27645015375532,"Taucorr":5.551115123125783e-17},"Iteration":26},
{"Acceptance":[0.23304347826086957],"Energy":{"Mean":-8.756789248087262,"Sigma":0.3535737319340642,"Taucorr":0.0},"EnergyVariance":{"Mean":29.157459201249047,"Sigma":4.761043472733288,"Taucorr":-2.7755575615628914e-17},"Iteration":27},
{"Acceptance":[0.24591304347826087],"Energy":{"Mean":-9.666071616487413,"Sigma":0.3868222272322077,"Taucorr":2.7755575615628914e-17},"EnergyVariance":{"Mean":34.355911418398776,"Sigma":5.150429738139186,"Taucorr":0.0},"Iteration":28},
{"Acceptance":[0.22434782608695653],"Energy":{"Mean":-9.725078677257969,"Sigma":0.3480677133548464,"Taucorr":0.0},"EnergyVariance":{"Mean":26.55314673191664,"Sigma":3.665488679839207,"Taucorr":0.0},"Iteration":29},
{"Acceptance":[0.2066086956521739],"Energy":{"Mean":-10.42592391733896,"Sigma":0.31134929144724055,"Taucorr":-5.551115123125783e-17},"EnergyVariance":{"Mean":26.094220278667628,"Sigma":5.377146027950741,"Taucorr":0.0},"Iteration":30},
{"Acceptance":[0.18643478260869564],"Energy":{"Mean":-10.686386361094275,"Sigma":0.3507825000549615,"Taucorr":-5.551115123125783e-17},"EnergyVariance":{"Mean":25.140349962362265,"Sigma":4.2645888889611605,"Taucorr":-5.551115123125783e-17},"Iteration":31},
{"Acceptance":[0.21391304347826087],"Energy":{"Mean":-9.843004170816553,"Sigma":0.5237457566363051,"Taucorr":0.0},"EnergyVariance":{"Mean":50.75447741149081,"Sigma":7.699796499728665,"Taucorr":5.551115123125783e-17},"Iteration":32},
{"Acceptance":[0.19304347826086957],"Energy":{"Mean":-10.77360051211901,"Sigma":0.41800742065034524,"Taucorr":0.0},"EnergyVariance":{"Mean":29.8954885598473,"Sigma":4.313831831577216,"Taucorr":-8.326672684688674e-17},"Iteration":33},
{"Acceptance":[0.1826086956521739],"Energy":{"Mean":-12.228158015620732,"Sigma":0.3610781016671839,"Taucorr":5.551115123125783e-17},"EnergyVariance":{"Mean":36.57312740878742,"Sigma":6.172096629869827,"Taucorr":-2.7755575615628914e-17},"Iteration":34},
{"Acceptance":[0.19930434782608697],"Energy":{"Mean":-11.973114161478088,"Sigma":0.315379493515166,"Taucorr":5.551115123125783e-17},"EnergyVariance":{"Mean":24.993762237149927,"Sigma":4.869053507473862,"Taucorr":0.0},"Iteration":35},
{"Acceptance":[0.17321739130434782],"Energy":{"Mean":-11.88129905462753,"Sigma":0.3345230748558984,"Taucorr":0.0},"EnergyVariance":{"Mean":19.97480088837338,"Sigma":3.1032270961545976,"Taucorr":0.0},"Iteration":36},
{"Acceptance":[0.19060869565217392],"Energy":{"Mean":-12.716554271663894,"Sigma":0.34970947229179206,"Taucorr":5.551115123125783e-17},"EnergyVariance":{"Mean":18.7716046854663,"Sigma":2.60294805757182,"Taucorr":-5.551115123125783e-17},"Iteration":37},
{"Acceptance":[0.16521739130434782],"Energy":{"Mean":-12.98250566474509,"Sigma":0.3140924577138595,"Taucorr":-2.7755575615628914e-17},"EnergyVariance":{"Mean":20.148726628125377,"Sigma":4.023772269652622,"Taucorr":5.551115123125783e-17},"Iteration":38},
{"Acceptance":[0.1502608695652174],"Energy":{"Mean":-13.685475734317297,"Sigma":0.3031492111813719,"Taucorr":5.551115123125783e-17},"EnergyVariance":{"Mean":15.293777706840993,"Sigma":2.3679772205533522,"Taucorr":0.0},"Iteration":39},
{"Acceptance":[0.14365217391304347],"Energy":{"Mean":-12.69096699826404,"Sigma":0.4461592697263827,"Taucorr":-2.7755575615628914e-17},"EnergyVariance":{"Mean":26.79636873424029,"Sigma":6.380312964194487,"Taucorr":5.551115123125783e-17},"Iteration":40},
{"Acceptance":[0.17252173913043478],"Energy":{"Mean":-14.139194831019358,"Sigma":0.3317713977010812,"Taucorr":0.0},"EnergyVariance":{"Mean":18.643038324253475,"Sigma":3.1588333014365486,"Taucorr":5.551115123125783e-17},"Iteration":41},
{"Acceptance":[0.17008695652173914],"Energy":{"Mean":-13.960078665243412,"Sigma":0.4039105746102819,"Taucorr":0.0},"EnergyVariance":{"Mean":26.42389271337274,"Sigma":4.318953074520536,"Taucorr":0.0},"Iteration":42},
{"Acceptance":[0.1506086956521739],"Energy":{"Mean":-15.075456303203838,"Sigma":0.3727054609256504,"Taucorr":0.0},"EnergyVariance":{"Mean":31.33867595246471,"Sigma":6.104880638200753,"Taucorr":0.0},"Iteration":43},
{"Acceptance":[0.14956521739130435],"Energy":{"Mean":-14.119996491653959,"Sigma":0.37499810875150874,"Taucorr":0.0},"EnergyVariance":{"Mean":23.80344814155127,"Sigma":4.538911252418978,"Taucorr":0.0},"Iteration":44},
{"Acceptance":[0.16626086956521738],"Energy":{"Mean":-14.297445231902357,"Sigma":0.3755205330387242,"Taucorr":-2.7755575615628914e-17},"EnergyVariance":{"Mean":20.26371252897976,"Sigma":4.259919835033813,"Taucorr":-2.7755575615628914e-17},"Iteration":45},
{"Acceptance":[0.14295652173913043],"Energy":{"Mean":-14.758218037761148,"Sigma":0.3368356254554523,"Taucorr":0.0},"EnergyVariance":{"Mean":16.45691357654963,"Sigma":2.323516227160523,"Taucorr":5.551115123125783e-17},"Iteration":46},
{"Acceptance":[0.11617391304347827],"Energy":{"Mean":-15.608578490585204,"Sigma":0.33610318872483186,"Taucorr":2.7755575615628914e-17},"EnergyVariance":{"Mean":15.612069006417824,"Sigma":2.9399462912603758,"Taucorr":-5.551115123125783e-17},"Iteration":47},
{"Acceptance":[0.15582608695652173],"Energy":{"Mean":-15.26921546081779,"Sigma":0.41316033643852107,"Taucorr":0.0},"EnergyVariance":{"Mean":26.50925040798645,"Sigma":6.8880861160852005,"Taucorr":0.0},"Iteration":48},
{"Acceptance":[0.13321739130434782],"Energy":{"Mean":-15.576117468631754,"Sigma":0.37222569716517845,"Taucorr":-5.551115123125783e-17},"EnergyVariance":{"Mean":29.146729274198112,"Sigma":5.940561683981577,"Taucorr":5.551115123125783e-17},"Iteration":49},
{"Acceptance":[0.15443478260869564],"Energy":{"Mean":-14.872982488944945,"Sigma":0.4660747025401217,"Taucorr":-2.7755575615628914e-17},"EnergyVariance":{"Mean":33.63370108673647,"Sigma":6.760315541687662,"Taucorr":0.0},"Iteration":50},
{"Acceptance":[0.1314782608695652],"Energy":{"Mean":-15.28257115886407,"Sigma":0.3319746174025927,"Taucorr":0.0},"EnergyVariance":{"Mean":14.956281183715372,"Sigma":3.631992766735346,"Taucorr":0.0},"Iteration":51},
{"Acceptance":[0.13530434782608697],"Energy":{"Mean":-16.293069788196213,"Sigma":0.3744256761559975,"Taucorr":-2.7755575615628914e-17},"EnergyVariance":{"Mean":33.2812688311915,"Sigma":5.76452970486522,"Taucorr":5.551115123125783e-17},"Iteration":52},
{"Acceptance":[0.14747826086956523],"Energy":{"Mean":-15.470921907646135,"Sigma":0.3371208165983763,"Taucorr":-5.551115123125783e-17},"EnergyVariance":{"Mean":18.35867350692216,"Sigma":3.6109131066190314,"Taucorr":0.0},"Iteration":53},
{"Acceptance":[0.1488695652173913],"Energy":{"Mean":-16.22943184488937,"Sigma":0.44830954734652134,"Taucorr":5.551115123125783e-17},"EnergyVariance":{"Mean":27.123549650570432,"Sigma":6.004515542177492,"Taucorr":5.551115123125783e-17},"Iteration":54},
{"Acceptance":[0.12173913043478261],"Energy":{"Mean":-16.738832296181116,"Sigma":0.4154256020256272,"Taucorr":2.7755575615628914e-17},"EnergyVariance":{"Mean":23.588750824814014,"Sigma":3.8869309683115274,"Taucorr":0.0},"Iteration":55},
{"Acceptance":[0.1262608695652174],"Energy":{"Mean":-16.822054596858067,"Sigma":0.3669481435097695,"Taucorr":-2.7755575615628914e-17},"EnergyVariance":{"Mean":16.389438321470447,"Sigma":2.357946331921906,"Taucorr":-2.7755575615628914e-17},"Iteration":56},
{"Acceptance":[0.12521739130434784],"Energy":{"Mean":-16.821708954279888,"Sigma":0.47477910759556474,"Taucorr":0.0},"EnergyVariance":{"Mean":24.033721390064155,"Sigma":5.764364561131465,"Taucorr":-2.7755575615628914e-17},"Iteration":57},
{"Acceptance":[0.14191304347826086],"Energy":{"Mean":-17.254099947404384,"Sigma":0.37464280457745447,"Taucorr":1.6653345369377348e-16},"EnergyVariance":{"Mean":17.613106732113614,"Sigma":3.893818892299002,"Taucorr":0.0},"Iteration":58},
{"Acceptance":[0.11930434782608695],"Energy":{"Mean":-17.155751325254847,"Sigma":0.3539093771890154,"Taucorr":-2.7755575615628914e-17},"EnergyVariance":{"Mean":19.383980823019094,"Sigma":3.5863294793258547,"Taucorr":-2.7755575615628914e-17},"Iteration":59},
{"Acceptance":[0.13321739130434782],"Energy":{"Mean":-16.898987464686577,"Sigma":0.5071355696556613,"Taucorr":8.326672684688674e-17},"EnergyVariance":{"Mean":31.714650344279573,"Sigma":10.654891388136095,"Taucorr":-5.551115123125783e-17},"Iteration":60},
{"Acceptance":[0.1248695652173913],"Energy":{"Mean":-16.79208357152747,"Sigma":0.36565990984912294,"Taucorr":-8.326672684688674e-17},"EnergyVariance":{"Mean":16.039441973917942,"Sigma":3.0344513853590076,"Taucorr":0.0},"Iteration":61},
{"Acceptance":[0.11547826086956521],"Energy":{"Mean":-17.898012727881948,"Sigma":0.38522868344834593,"Taucorr":5.551115123125783e-17},"EnergyVariance":{"Mean":16.704061942566813,"Sigma":5.5929717494665345,"Taucorr":0.0},"Iteration":62},
{"Acceptance":[0.12243478260869566],"Energy":{"Mean":-17.18687420714668,"Sigma":0.49120124458591324,"Taucorr":0.0},"EnergyVariance":{"Mean":27.93768618520216,"Sigma":7.634631033816037,"Taucorr":0.0},"Iteration":63},
{"Acceptance":[0.112],"Energy":{"Mean":-16.805173086402377,"Sigma":0.3376642093146807,"Taucorr":5.551115123125783e-17},"EnergyVariance":{"Mean":11.664803698001604,"Sigma":1.5281494700112892,"Taucorr":-5.551115123125783e-17},"Iteration":64},
{"Acceptance":[0.12904347826086957],"Energy":{"Mean":-16.857140379105385,"Sigma":0.3946076869305034,"Taucorr":1.1102230246251565e-16},"EnergyVariance":{"Mean":17.58051436614184,"Sigma":3.691945342345608,"Taucorr":0.0},"Iteration":65},
{"Acceptance":[0.1248695652173913],"Energy":{"Mean":-18.04482573142274,"Sigma":0.328336534239972,"Taucorr":5.551115123125783e-17},"EnergyVariance":{"Mean":27.780035355674013,"Sigma":9.158654175216853,"Taucorr":0.0},"Iteration":66},
{"Acceptance":[0.12243478260869566],"Energy":{"Mean":-16.780852101410154,"Sigma":0.44829059139160177,"Taucorr":0.0},"EnergyVariance":{"Mean":24.452778883757635,"Sigma":6.099318036537258,"Taucorr":0.0},"Iteration":67},
{"Acceptance":[0.12452173913043478],"Energy":{"Mean":-16.993835212475638,"Sigma":0.47917237136398927,"Taucorr":0.0},"EnergyVariance":{"Mean":32.19981696798896,"Sigma":6.838588186478864,"Taucorr":-1.3877787807814457e-16},"Iteration":68},
{"Acceptance":[0.12904347826086957],"Energy":{"Mean":-17.070355650881474,"Sigma":0.3171248236274458,"Taucorr":0.0},"EnergyVariance":{"Mean":11.365713520879813,"Sigma":1.9937576311215173,"Taucorr":5.551115123125783e-17},"Iteration":69},
{"Acceptance":[0.11130434782608696],"Energy":{"Mean":-18.71431539680311,"Sigma":0.39484202154593445,"Taucorr":2.7755575615628914e-17},"EnergyVariance":{"Mean":18.228986736703582,"Sigma":4.532829061321301,"Taucorr":0.0},"Iteration":70},
{"Acceptance":[0.12556521739130436],"Energy":{"Mean":-18.084316474460547,"Sigma":0.3722219683735482,"Taucorr":5.551115123125783e-17},"EnergyVariance":{"Mean":14.804412539423275,"Sigma":2.3173112379536875,"Taucorr":-2.7755575615628914e-17},"Iteration":71},
{"Acceptance":[0.13008695652173913],"Energy":{"Mean":-18.171819477212196,"Sigma":0.351245139256646,"Taucorr":0.0},"EnergyVariance":{"Mean":15.001449167411172,"Sigma":3.07098884716936,"Taucorr":5.551115123125783e-17},"Iteration":72},
{"Acceptance":[0.13391304347826086],"Energy":{"Mean":-17.759707990006248,"Sigma":0.3255281471669087,"Taucorr":0.0},"EnergyVariance":{"Mean":10.682864778444856,"Sigma":3.071135326564251,"Taucorr":0.0},"Iteration":73},
{"Acceptance":[0.11756521739130435],"Energy":{"Mean":-17.646073168040388,"Sigma":0.3831616702513316,"Taucorr":-8.326672684688674e-17},"EnergyVariance":{"Mean":20.538792140513596,"Sigma":6.1245169153650405,"Taucorr":5.551115123125783e-17},"Iteration":74},
{"Acceptance":[0.13217391304347825],"Energy":{"Mean":-17.898519058231084,"Sigma":0.3459987924564638,"Taucorr":2.7755575615628914e-17},"EnergyVariance":{"Mean":16.93732828312845,"Sigma":4.218242876211231,"Taucorr":5.551115123125783e-17},"Iteration":75},
{"Acceptance":[0.12730434782608696],"Energy":{"Mean":-17.545500205622208,"Sigma":0.5399837570777004,"Taucorr":5.551115123125783e-17},"EnergyVariance":{"Mean":40.31929511585899,"Sigma":11.509548737624979,"Taucorr":0.0},"Iteration":76},
{"Acceptance":[0.11060869565217392],"Energy":{"Mean":-17.996218328595457,"Sigma":0.31908339906446814,"Taucorr":0.0},"EnergyVariance":{"Mean":11.092468315390068,"Sigma":1.556033946589764,"Taucorr":0.0},"Iteration":77},
{"Acceptance":[0.1262608695652174],"Energy":{"Mean":-18.666561447251887,"Sigma":0.3460732920810296,"Taucorr":0.0},"EnergyVariance":{"Mean":13.01677763773533,"Sigma":2.8778057269331487,"Taucorr":5.551115123125783e-17},"Iteration":78},
{"Acceptance":[0.11408695652173913],"Energy":{"Mean":-18.551031910588424,"Sigma":0.559130143301289,"Taucorr":0.0},"EnergyVariance":{"Mean":37.676755281296494,"Sigma":8.299947556607963,"Taucorr":-2.7755575615628914e-17},"Iteration":79},
{"Acceptance":[0.12034782608695652],"Energy":{"Mean":-18.1825165840935,"Sigma":0.39493023918201886,"Taucorr":5.551115123125783e-17},"EnergyVariance":{"Mean":17.21064205633064,"Sigma":3.547435761022863,"Taucorr":0.0},"Iteration":80},
{"Acceptance":[0.11756521739130435],"Energy":{"Mean":-18.071708756127148,"Sigma":0.3276779227877919,"Taucorr":5.551115123125783e-17},"EnergyVariance":{"Mean":13.938132682808957,"Sigma":4.382559151450116,"Taucorr":-8.326672684688674e-17},"Iteration":81},
{"Acceptance":[0.12556521739130436],"Energy":{"Mean":-18.35152419664864,"Sigma":0.23067378774083977,"Taucorr":1.1102230246251565e-16},"EnergyVariance":{"Mean":6.979384409770542,"Sigma":1.5370042042909324,"Taucorr":0.0},"Iteration":82},
{"Acceptance":[0.13460869565217393],"Energy":{"Mean":-19.44376894802325,"Sigma":0.466812605462303,"Taucorr":-2.7755575615628914e-17},"EnergyVariance":{"Mean":30.523039630095035,"Sigma":5.782788433748791,"Taucorr":0.0},"Iteration":83},
{"Acceptance":[0.12695652173913044],"Energy":{"Mean":-18.64219312217221,"Sigma":0.47332607089457757,"Taucorr":-5.551115123125783e-17},"EnergyVariance":{"Mean":25.748478048664502,"Sigma":7.76037014132606,"Taucorr":0.0},"Iteration":84},
{"Acceptance":[0.12208695652173913],"Energy":{"Mean":-18.617714968440822,"Sigma":0.39494129469295497,"Taucorr":0.0},"EnergyVariance":{"Mean":19.013860928989995,"Sigma":8.623650198660025,"Taucorr":0.0},"Iteration":85},
{"Acceptance":[0.1262608695652174],"Energy":{"Mean":-18.88254855535698,"Sigma":0.3625923207709073,"Taucorr":5.551115123125783e-17},"EnergyVariance":{"Mean":17.77512393631386,"Sigma":3.9655369993356584,"Taucorr":5.551115123125783e-17},"Iteration":86},
{"Acceptance":[0.11965217391304347],"Energy":{"Mean":-18.068017416874028,"Sigma":0.36992049510220004,"Taucorr":0.0},"EnergyVariance":{"Mean":15.234199343283258,"Sigma":3.4921587631214983,"Taucorr":0.0},"Iteration":87},
{"Acceptance":[0.1137391304347826],"Energy":{"Mean":-18.142295978250147,"Sigma":0.5197012103406748,"Taucorr":-5.551115123125783e-17},"EnergyVariance":{"Mean":28.78112587380559,"Sigma":8.295093200643393,"Taucorr":0.0},"Iteration":88},
{"Acceptance":[0.10365217391304347],"Energy":{"Mean":-18.514155552255872,"Sigma":0.5037462111793608,"Taucorr":2.7755575615628914e-17},"EnergyVariance":{"Mean":27.840562485428904,"Sigma":7.2103772628478655,"Taucorr":0.0},"Iteration":89},
{"Acceptance":[0.13843478260869566],"Energy":{"Mean":-17.960743804718643,"Sigma":0.4196537875393952,"Taucorr":0.0},"EnergyVariance":{"Mean":20.063771880269094,"Sigma":5.234801909539193,"Taucorr":-5.551115123125783e-17},"Iteration":90},
{"Acceptance":[0.1262608695652174],"Energy":{"Mean":-18.501252024390624,"Sigma":0.4715887984900237,"Taucorr":-5.551115123125783e-17},"EnergyVariance":{"Mean":26.85516812514617,"Sigma":5.691359901725719,"Taucorr":0.0},"Iteration":91},
{"Acceptance":[0.104],"Energy":{"Mean":-18.73156311430166,"Sigma":0.3142304287115902,"Taucorr":-2.7755575615628914e-17},"EnergyVariance":{"Mean":12.311759171680926,"Sigma":4.978437056892946,"Taucorr":8.326672684688674e-17},"Iteration":92},
{"Acceptance":[0.11930434782608695],"Energy":{"Mean":-18.237378343175383,"Sigma":0.3835162014565082,"Taucorr":-5.551115123125783e-17},"EnergyVariance":{"Mean":15.719062892495543,"Sigma":3.7098819627549338,"Taucorr":-2.7755575615628914e-17},"Iteration":93},
{"Acceptance":[0.11686956521739131],"Energy":{"Mean":-19.024677071167112,"Sigma":0.48208014097921426,"Taucorr":0.0},"EnergyVariance":{"Mean":25.309906895467684,"Sigma":8.536995107922003,"Taucorr":0.0},"Iteration":94},
{"Acceptance":[0.11547826086956521],"Energy":{"Mean":-18.026231567403784,"Sigma":0.33444394404428684,"Taucorr":-2.7755575615628914e-17},"EnergyVariance":{"Mean":12.470898931065529,"Sigma":2.5675518468728993,"Taucorr":0.0},"Iteration":95},
{"Acceptance":[0.104],"Energy":{"Mean":-18.725241130716366,"Sigma":0.354486804536456,"Taucorr":0.0},"EnergyVariance":{"Mean":15.55949618693694,"Sigma":2.972783949784596,"Taucorr":2.7755575615628914e-17},"Iteration":96},
{"Acceptance":[0.12417391304347826],"Energy":{"Mean":-19.438422848073472,"Sigma":0.39373684266935605,"Taucorr":-5.551115123125783e-17},"EnergyVariance":{"Mean":15.636417552989448,"Sigma":3.4571707972737964,"Taucorr":2.7755575615628914e-17},"Iteration":97},
{"Acceptance":[0.10921739130434782],"Energy":{"Mean":-17.939735106946962,"Sigma":0.4985201989416435,"Taucorr":-5.551115123125783e-17},"EnergyVariance":{"Mean":28.113993054910868,"Sigma":8.824011636005467,"Taucorr":2.7755575615628914e-17},"Iteration":98},
{"Acceptance":[0.12939130434782609],"Energy":{"Mean":-19.184859312038117,"Sigma":0.49504156264717886,"Taucorr":-1.6653345369377348e-16},"EnergyVariance":{"Mean":29.36026398159587,"Sigma":4.714195053067939,"Taucorr":0.0},"Iteration":99} 
]}
{"input": {"L": 22, "J": 1, "machine": {"type": "FFNN", "model": ["tanh", 27, 1]}, "sampler": {"type": "MetropolisHop", "d_max": 5}, "optimizer": {"type": "AdaMax", "alpha": 0.001, "beta1": 0.9, "beta2": 0.999, "epscut": 1e-07}, "VMC": {"n_samples": 100, "discarded_samples": 100, "discarded_samples_on_init": 0, "target": "energy", "method": "Gd", "diag_shift": 0.01, "use_iterative": true, "use_cholesky": true}, "n_iter": 100}}
duration: -0.5041632652282715