{"Output": [
{"Acceptance":[0.8504347826086956],"Energy":{"Mean":19.076411472771042,"Sigma":0.3344798679287379,"Taucorr":-8.326672684688674e-17},"EnergyVariance":{"Mean":12.596626076992756,"Sigma":1.384680311184928,"Taucorr":0.0},"Iteration":0},
{"Acceptance":[0.8194782608695652],"Energy":{"Mean":18.296211285866914,"Sigma":0.29071851132666066,"Taucorr":2.7755575615628914e-17},"EnergyVariance":{"Mean":10.582532970423411,"Sigma":1.3336980511537588,"Taucorr":-2.7755575615628914e-17},"Iteration":1},
{"Acceptance":[0.784695652173913],"Energy":{"Mean":16.76828726344778,"Sigma":0.32079344800880144,"Taucorr":-5.551115123125783e-17},"EnergyVariance":{"Mean":13.435795713439713,"Sigma":1.3899628110486895,"Taucorr":-8.326672684688674e-17},"Iteration":2},
{"Acceptance":[0.752],"Energy":{"Mean":15.883939273899912,"Sigma":0.3896232072752842,"Taucorr":1.1102230246251565e-16},"EnergyVariance":{"Mean":19.97223660007817,"Sigma":2.335757981670631,"Taucorr":5.551115123125783e-17},"Iteration":3},
{"Acceptance":[0.7227826086956521],"Energy":{"Mean":15.419333235795321,"Sigma":0.37716128397124804,"Taucorr":2.7755575615628914e-17},"EnergyVariance":{"Mean":18.94814388513444,"Sigma":1.716865361152169,"Taucorr":0.0},"Iteration":4},
{"Acceptance":[0.688695652173913],"Energy":{"Mean":13.351218674448468,"Sigma":0.39208129652261164,"Taucorr":0.0},"EnergyVariance":{"Mean":21.66956199178197,"Sigma":2.129217257653,"Taucorr":5.551115123125783e-17},"Iteration":5},
{"Acceptance":[0.6716521739130434],"Energy":{"Mean":13.768616918360035,"Sigma":0.39002703565404795,"Taucorr":2.7755575615628914e-17},"EnergyVariance":{"Mean":23.689703945114047,"Sigma":2.5102911968486126,"Taucorr":2.7755575615628914e-17},"Iteration":6},
{"Acceptance":[0.6462608695652174],"Energy":{"Mean":10.431465435875253,"Sigma":0.36203552703991343,"Taucorr":2.7755575615628914e-17},"EnergyVariance":{"Mean":22.078755817517767,"Sigma":2.250992856440712,"Taucorr":0.0},"Iteration":7},
{"Acceptance":[0.6180869565217392],"Energy":{"Mean":10.849514837292592,"Sigma":0.38024794367020676,"Taucorr":-5.551115123125783e-17},"EnergyVariance":{"Mean":25.013384474524635,"Sigma":2.4993142454387294,"Taucorr":0.0},"Iteration":8},
{"Acceptance":[0.5874782608695652],"Energy":{"Mean":9.303266840662008,"Sigma":0.49203469382518483,"Taucorr":5.551115123125783e-17},"EnergyVariance":{"Mean":38.054936853621925,"Sigma":4.32475982174383,"Taucorr":5.551115123125783e-17},"Iteration":9},
{"Acceptance":[0.5690434782608695],"Energy":{"Mean":7.534511236984824,"Sigma":0.4164709614163751,"Taucorr":0.0},"EnergyVariance":{"Mean":29.485386549202598,"Sigma":2.8822425739332385,"Taucorr":5.551115123125783e-17},"Iteration":10},
{"Acceptance":[0.5314782608695652],"Energy":{"Mean":6.285830689043431,"Sigma":0.42474005553280236,"Taucorr":5.551115123125783e-17},"EnergyVariance":{"Mean":33.70371740400408,"Sigma":3.4657936816168826,"Taucorr":-2.7755575615628914e-17},"Iteration":11},
{"Acceptance":[0.5245217391304348],"Energy":{"Mean":5.26713161742467,"Sigma":0.4661079768019633,"Taucorr":0.0},"EnergyVariance":{"Mean":32.386437015377766,"Sigma":3.2129055379696987,"Taucorr":-2.7755575615628914e-17},"Iteration":12},
{"Acceptance":[0.4991304347826087],"Energy":{"Mean":3.622344434356042,"Sigma":0.4472611584593659,"Taucorr":5.551115123125783e-17},"EnergyVariance":{"Mean":32.595906314537814,"Sigma":4.003055604370733,"Taucorr":0.0},"Iteration":13},
{"Acceptance":[0.4507826086956522],"Energy":{"Mean":0.8384295483947091,"Sigma":0.5066907453607837,"Taucorr":-5.551115123125783e-17},"EnergyVariance":{"Mean":39.97015220719477,"Sigma":4.345849728195307,"Taucorr":0.0},"Iteration":14},
{"Acceptance":[0.4424347826086957],"Energy":{"Mean":1.391055199910813,"Sigma":0.41880221938143436,"Taucorr":-2.7755575615628914e-17},"EnergyVariance":{"Mean":33.300770692665516,"Sigma":3.8465346255409516,"Taucorr":-2.7755575615628914e-17},"Iteration":15},
{"Acceptance":[0.4386086956521739],"Energy":{"Mean":-0.015784753798388507,"Sigma":0.4530526295460233,"Taucorr":0.0},"EnergyVariance":{"Mean":42.19911348018659,"Sigma":4.914486977265427,"Taucorr":0.0},"Iteration":16},
{"Acceptance":[0.41739130434782606],"Energy":{"Mean":-0.6919529099485866,"Sigma":0.43997080676801914,"Taucorr":5.551115123125783e-17},"EnergyVariance":{"Mean":42.85451241821632,"Sigma":6.501884892299063,"Taucorr":5.551115123125783e-17},"Iteration":17},
{"Acceptance":[0.4013913043478261],"Energy":{"Mean":-2.686400941991185,"Sigma":0.37452041550915627,"Taucorr":5.551115123125783e-17},"EnergyVariance":{"Mean":27.298866992614048,"Sigma":2.5025023587650175,"Taucorr":0.0},"Iteration":18},
{"Acceptance":[0.3885217391304348],"Energy":{"Mean":-1.8692140518378797,"Sigma":0.46656208930747106,"Taucorr":0.0},"EnergyVariance":{"Mean":36.728293164820215,"Sigma":4.447605643990611,"Taucorr":-5.551115123125783e-17},"Iteration":19},
{"Acceptance":[0.3864347826086956],"Energy":{"Mean":-4.134217903151334,"Sigma":0.416479358592914,"Taucorr":5.551115123125783e-17},"EnergyVariance":{"Mean":30.899970104942998,"Sigma":3.2572801658339636,"Taucorr":0.0},"Iteration":20},
{"Acceptance":[0.35930434782608694],"Energy":{"Mean":-4.407282673235885,"Sigma":0.4158258560735963,"Taucorr":0.0},"EnergyVariance":{"Mean":36.69505865729896,"Sigma":4.935458865510674,"Taucorr":-5.551115123125783e-17},"Iteration":21},
{"Acceptance":[0.36730434782608695],"Energy":{"Mean":-6.253727257268609,"Sigma":0.43177477902921413,"Taucorr":0.0},"EnergyVariance":{"Mean":36.89979624886085,"Sigma":4.61208046302064,"Taucorr":-2.7755575615628914e-17},"Iteration":22},
{"Acceptance":[0.3502608695652174],"Energy":{"Mean":-7.125630518335483,"Sigma":0.39773777451774084,"Taucorr":0.0},"EnergyVariance":{"Mean":34.58311711765077,"Sigma":3.7132560464761726,"Taucorr":-5.551115123125783e-17},"Iteration":23},
{"Acceptance":[0.32104347826086954],"Energy":{"Mean":-7.767103854246079,"Sigma":0.4450657057663605,"Taucorr":0.0},"EnergyVariance":{"Mean":31.059257760960662,"Sigma":3.5069262073224188,"Taucorr":-2.7755575615628914e-17},"Iteration":24},
{"Acceptance":[0.32765217391304347],"Energy":{"Mean":-7.977997710925889,"Sigma":0.42902405072912586,"Taucorr":0.0},"EnergyVariance":{"Mean":30.84726338367969,"Sigma":3.2318759073620567,"Taucorr":0.0},"Iteration":25},
{"Acceptance":[0.2852173913043478],"Energy":{"Mean":-9.275428617402515,"Sigma":0.4266029709467652,"Taucorr":0.0},"EnergyVariance":{"Mean":30.36216517017178,"Sigma":3.5733612811643893,"Taucorr":-5.551115123125783e-17},"Iteration":26},
{"Acceptance":[0.31617391304347825],"Energy":{"Mean":-10.238072334249186,"Sigma":0.39811414753243285,"Taucorr":5.551115123125783e-17},"EnergyVariance":{"Mean":27.204409935796175,"Sigma":3.2193868172593594,"Taucorr":-5.551115123125783e-17},"Iteration":27},
{"Acceptance":[0.2813913043478261],"Energy":{"Mean":-10.40865251668293,"Sigma":0.4104545813897319,"Taucorr":-5.551115123125783e-17},"EnergyVariance":{"Mean":30.299051895224185,"Sigma":4.069188952803025,"Taucorr":5.551115123125783e-17},"Iteration":28},
{"Acceptance":[0.28591304347826085],"Energy":{"Mean":-10.993546255252749,"Sigma":0.38302290886415463,"Taucorr":5.551115123125783e-17},"EnergyVariance":{"Mean":25.678609657162085,"Sigma":3.198543406392482,"Taucorr":2.7755575615628914e-17},"Iteration":29},
{"Acceptance":[0.29495652173913045],"Energy":{"Mean":-12.156614299140632,"Sigma":0.33616827798771404,"Taucorr":0.0},"EnergyVariance":{"Mean":19.785033100902197,"Sigma":2.673637947573559,"Taucorr":-2.7755575615628914e-17},"Iteration":30},
{"Acceptance":[0.2841739130434783],"Energy":{"Mean":-11.652043155819445,"Sigma":0.43740271715131424,"Taucorr":1.1102230246251565e-16},"EnergyVariance":{"Mean":28.70834857220957,"Sigma":4.530175453142402,"Taucorr":5.551115123125783e-17},"Iteration":31},
{"Acceptance":[0.3008695652173913],"Energy":{"Mean":-11.907339561399993,"Sigma":0.40150646445839316,"Taucorr":-2.7755575615628914e-17},"EnergyVariance":{"Mean":28.407420988496142,"Sigma":3.4035456139369846,"Taucorr":-2.7755575615628914e-17},"Iteration":32},
{"Acceptance":[0.27930434782608693],"Energy":{"Mean":-13.447553654890541,"Sigma":0.42545518389347586,"Taucorr":5.551115123125783e-17},"EnergyVariance":{"Mean":28.82651768176245,"Sigma":3.652883543077653,"Taucorr":0.0},"Iteration":33},
{"Acceptance":[0.27408695652173914],"Energy":{"Mean":-13.33767712413518,"Sigma":0.40451459492299363,"Taucorr":5.551115123125783e-17},"EnergyVariance":{"Mean":25.636328799010066,"Sigma":4.410703228803327,"Taucorr":1.1102230246251565e-16},"Iteration":34},
{"Acceptance":[0.2876521739130435],"Energy":{"Mean":-14.57111925223085,"Sigma":0.3150763350118135,"Taucorr":1.6653345369377348e-16},"EnergyVariance":{"Mean":17.315836710476916,"Sigma":1.6118318939955167,"Taucorr":5.551115123125783e-17},"Iteration":35},
{"Acceptance":[0.2876521739130435],"Energy":{"Mean":-13.955290335950028,"Sigma":0.4219147362835449,"Taucorr":5.551115123125783e-17},"EnergyVariance":{"Mean":30.37202975184884,"Sigma":4.556105216373203,"Taucorr":0.0},"Iteration":36},
{"Acceptance":[0.26852173913043476],"Energy":{"Mean":-14.880352634702223,"Sigma":0.39404247153919436,"Taucorr":-2.7755575615628914e-17},"EnergyVariance":{"Mean":26.08472498119294,"Sigma":2.7906021001514443,"Taucorr":-2.7755575615628914e-17},"Iteration":37},
{"Acceptance":[0.26330434782608697],"Energy":{"Mean":-15.449049851932076,"Sigma":0.39561531007885953,"Taucorr":0.0},"EnergyVariance":{"Mean":20.965251658688857,"Sigma":3.5175821861914582,"Taucorr":5.551115123125783e-17},"Iteration":38},
{"Acceptance":[0.2699130434782609],"Energy":{"Mean":-14.30091038667602,"Sigma":0.40977458705808717,"Taucorr":0.0},"EnergyVariance":{"Mean":25.95795141865903,"Sigma":4.170947527024653,"Taucorr":0.0},"Iteration":39},
{"Acceptance":[0.25530434782608696],"Energy":{"Mean":-14.938139328938053,"Sigma":0.3797623144320172,"Taucorr":5.551115123125783e-17},"EnergyVariance":{"Mean":22.361427520521826,"Sigma":3.16406026688529,"Taucorr":5.551115123125783e-17},"Iteration":40},
{"Acceptance":[0.2674782608695652],"Energy":{"Mean":-15.764458706021252,"Sigma":0.4060604118514804,"Taucorr":1.1102230246251565e-16},"EnergyVariance":{"Mean":24.19766663582633,"Sigma":4.958627796635005,"Taucorr":-5.551115123125783e-17},"Iteration":41},
{"Acceptance":[0.24521739130434783],"Energy":{"Mean":-15.806559827267051,"Sigma":0.42866352142801734,"Taucorr":5.551115123125783e-17},"EnergyVariance":{"Mean":22.936123383380092,"Sigma":4.351750758161123,"Taucorr":0.0},"Iteration":42},
{"Acceptance":[0.2514782608695652],"Energy":{"Mean":-16.00407916488492,"Sigma":0.4133506499982255,"Taucorr":-5.551115123125783e-17},"EnergyVariance":{"Mean":22.82032901614598,"Sigma":3.799804219287967,"Taucorr":-2.7755575615628914e-17},"Iteration":43},
{"Acceptance":[0.2772173913043478],"Energy":{"Mean":-16.185886436867698,"Sigma":0.4507732821382361,"Taucorr":0.0},"EnergyVariance":{"Mean":35.619816277560446,"Sigma":5.405881219583693,"Taucorr":-2.7755575615628914e-17},"Iteration":44},
{"Acceptance":[0.272],"Energy":{"Mean":-16.554650212236623,"Sigma":0.44928306261912204,"Taucorr":5.551115123125783e-17},"EnergyVariance":{"Mean":23.111805001462972,"Sigma":3.899314928152522,"Taucorr":0.0},"Iteration":45},
{"Acceptance":[0.25565217391304346],"Energy":{"Mean":-15.138470494302224,"Sigma":0.4914307029483451,"Taucorr":2.7755575615628914e-17},"EnergyVariance":{"Mean":30.752483533422943,"Sigma":4.484073125906119,"Taucorr":2.7755575615628914e-17},"Iteration":46},
{"Acceptance":[0.2539130434782609],"Energy":{"Mean":-15.8765097003891,"Sigma":0.4204886321767103,"Taucorr":1.1102230246251565e-16},"EnergyVariance":{"Mean":23.352344376687576,"Sigma":3.876002508619692,"Taucorr":0.0},"Iteration":47},
{"Acceptance":[0.25321739130434784],"Energy":{"Mean":-16.46806450789684,"Sigma":0.35485457496035294,"Taucorr":5.551115123125783e-17},"EnergyVariance":{"Mean":28.703368504480597,"Sigma":4.971672157798019,"Taucorr":-5.551115123125783e-17},"Iteration":48},
{"Acceptance":[0.24730434782608696],"Energy":{"Mean":-17.1441765547682,"Sigma":0.3864673047031081,"Taucorr":2.7755575615628914e-17},"EnergyVariance":{"Mean":18.144500222903027,"Sigma":3.5509585308300444,"Taucorr":0.0},"Iteration":49},
{"Acceptance":[0.24765217391304348],"Energy":{"Mean":-16.62829964388729,"Sigma":0.38089567778763117,"Taucorr":-2.7755575615628914e-17},"EnergyVariance":{"Mean":21.533853594731685,"Sigma":4.126843482876735,"Taucorr":-2.7755575615628914e-17},"Iteration":50},
{"Acceptance":[0.2577391304347826],"Energy":{"Mean":-17.03227630643409,"Sigma":0.4519326715588751,"Taucorr":2.7755575615628914e-17},"EnergyVariance":{"Mean":29.177710297301793,"Sigma":5.373849278542781,"Taucorr":0.0},"Iteration":51},
{"Acceptance":[0.24834782608695652],"Energy":{"Mean":-15.771365645013729,"Sigma":0.36526496354797866,"Taucorr":-2.7755575615628914e-17},"EnergyVariance":{"Mean":21.502388808462122,"Sigma":3.2809021373486527,"Taucorr":0.0},"Iteration":52},
{"Acceptance":[0.24347826086956523],"Energy":{"Mean":-16.361004740050998,"Sigma":0.3670715669295224,"Taucorr":0.0},"EnergyVariance":{"Mean":18.391908648501023,"Sigma":2.385281131458481,"Taucorr":0.0},"Iteration":53},
{"Acceptance":[0.2306086956521739],"Energy":{"Mean":-16.325657500717266,"Sigma":0.44923405126624383,"Taucorr":0.0},"EnergyVariance":{"Mean":28.75526608812045,"Sigma":4.452724122971225,"Taucorr":0.0},"Iteration":54},
{"Acceptance":[0.2462608695652174],"Energy":{"Mean":-16.561383824629864,"Sigma":0.3596863074878427,"Taucorr":0.0},"EnergyVariance":{"Mean":21.17730136364785,"Sigma":3.1135551911035995,"Taucorr":-2.7755575615628914e-17},"Iteration":55},
{"Acceptance":[0.22817391304347825],"Energy":{"Mean":-16.8895849977913,"Sigma":0.40399410427590843,"Taucorr":0.0},"EnergyVariance":{"Mean":19.679813684173467,"Sigma":2.7051552174582985,"Taucorr":5.551115123125783e-17},"Iteration":56},
{"Acceptance":[0.25078260869565216],"Energy":{"Mean":-17.359268545892014,"Sigma":0.4563592935432513,"Taucorr":0.0},"EnergyVariance":{"Mean":23.774277057890792,"Sigma":2.901249050399981,"Taucorr":0.0},"Iteration":57},
{"Acceptance":[0.2528695652173913],"Energy":{"Mean":-18.418773150325308,"Sigma":0.33234496414767195,"Taucorr":-1.1102230246251565e-16},"EnergyVariance":{"Mean":17.731349828534043,"Sigma":2.7140325125413223,"Taucorr":0.0},"Iteration":58},
{"Acceptance":[0.2511304347826087],"Energy":{"Mean":-15.929621704380967,"Sigma":0.43146909747540924,"Taucorr":2.7755575615628914e-17},"EnergyVariance":{"Mean":24.173068060708225,"Sigma":3.8067035302506436,"Taucorr":0.0},"Iteration":59},
{"Acceptance":[0.2542608695652174],"Energy":{"Mean":-17.147588403539423,"Sigma":0.39291478803125235,"Taucorr":1.1102230246251565e-16},"EnergyVariance":{"Mean":20.591391873756805,"Sigma":3.1758936063855523,"Taucorr":-2.7755575615628914e-17},"Iteration":60},
{"Acceptance":[0.24939130434782608],"Energy":{"Mean":-16.822734447820554,"Sigma":0.45142754917508465,"Taucorr":-5.551115123125783e-17},"EnergyVariance":{"Mean":23.11562614908987,"Sigma":5.346837967177191,"Taucorr":0.0},"Iteration":61},
{"Acceptance":[0.23478260869565218],"Energy":{"Mean":-17.808692556976375,"Sigma":0.34612568068305805,"Taucorr":5.551115123125783e-17},"EnergyVariance":{"Mean":16.121765955651803,"Sigma":2.744619719034102,"Taucorr":-5.551115123125783e-17},"Iteration":62},
{"Acceptance":[0.24591304347826087],"Energy":{"Mean":-16.423809639316836,"Sigma":0.3989946021416933,"Taucorr":0.0},"EnergyVariance":{"Mean":19.945630254044055,"Sigma":2.863762326966182,"Taucorr":-2.7755575615628914e-17},"Iteration":63},
{"Acceptance":[0.2594782608695652],"Energy":{"Mean":-17.464409541796897,"Sigma":0.40991554063953384,"Taucorr":0.0},"EnergyVariance":{"Mean":20.754604576155216,"Sigma":2.893643186692406,"Taucorr":-5.551115123125783e-17},"Iteration":64},
{"Acceptance":[0.2542608695652174],"Energy":{"Mean":-17.44910783656499,"Sigma":0.4866467010777469,"Taucorr":0.0},"EnergyVariance":{"Mean":27.292523471661617,"Sigma":3.959977428969501,"Taucorr":5.551115123125783e-17},"Iteration":65},
{"Acceptance":[0.25321739130434784],"Energy":{"Mean":-17.324418848364246,"Sigma":0.4147981053856562,"Taucorr":0.0},"EnergyVariance":{"Mean":22.8559700183721,"Sigma":3.453682129387775,"Taucorr":0.0},"Iteration":66},
{"Acceptance":[0.26504347826086955],"Energy":{"Mean":-17.316291155372184,"Sigma":0.37416218126336515,"Taucorr":5.551115123125783e-17},"EnergyVariance":{"Mean":15.250639116339894,"Sigma":2.0170929227003014,"Taucorr":0.0},"Iteration":67},
{"Acceptance":[0.2403478260869565],"Energy":{"Mean":-16.886391885535225,"Sigma":0.4436165908356126,"Taucorr":5.551115123125783e-17},"EnergyVariance":{"Mean":23.909555965897706,"Sigma":4.347356683022708,"Taucorr":0.0},"Iteration":68},
{"Acceptance":[0.28382608695652173],"Energy":{"Mean":-17.460181898422505,"Sigma":0.4277709769171853,"Taucorr":-2.7755575615628914e-17},"EnergyVariance":{"Mean":23.170235562654987,"Sigma":3.9765552967827804,"Taucorr":2.7755575615628914e-17},"Iteration":69},
{"Acceptance":[0.2445217391304348],"Energy":{"Mean":-17.330748050393353,"Sigma":0.40497717165989816,"Taucorr":-5.551115123125783e-17},"EnergyVariance":{"Mean":20.290636764380093,"Sigma":2.9043043150285706,"Taucorr":0.0},"Iteration":70},
{"Acceptance":[0.2563478260869565],"Energy":{"Mean":-17.231950267341265,"Sigma":0.46291091968445325,"Taucorr":1.1102230246251565e-16},"EnergyVariance":{"Mean":26.936814242102713,"Sigma":5.621791069011552,"Taucorr":-5.551115123125783e-17},"Iteration":71},
{"Acceptance":[0.23791304347826087],"Energy":{"Mean":-16.704874036257905,"Sigma":0.40705047012034673,"Taucorr":0.0},"EnergyVariance":{"Mean":23.344798250597826,"Sigma":4.143430162477234,"Taucorr":0.0},"Iteration":72},
{"Acceptance":[0.2643478260869565],"Energy":{"Mean":-16.791850291081268,"Sigma":0.399439512520584,"Taucorr":5.551115123125783e-17},"EnergyVariance":{"Mean":22.54739828095572,"Sigma":4.050149633971271,"Taucorr":0.0},"Iteration":73},
{"Acceptance":[0.28695652173913044],"Energy":{"Mean":-17.169008880046533,"Sigma":0.43474768640422706,"Taucorr":-5.551115123125783e-17},"EnergyVariance":{"Mean":25.0892564090357,"Sigma":4.319568694205873,"Taucorr":0.0},"Iteration":74},
{"Acceptance":[0.2782608695652174],"Energy":{"Mean":-17.3571882494942,"Sigma":0.4202142970617622,"Taucorr":8.326672684688674e-17},"EnergyVariance":{"Mean":21.445523573660175,"Sigma":3.735978820941574,"Taucorr":0.0},"Iteration":75},
{"Acceptance":[0.2549565217391304],"Energy":{"Mean":-17.279217288570365,"Sigma":0.34874138964173235,"Taucorr":0.0},"EnergyVariance":{"Mean":15.602119966171575,"Sigma":2.076378911949839,"Taucorr":5.551115123125783e-17},"Iteration":76},
{"Acceptance":[0.2546086956521739],"Energy":{"Mean":-17.858687262091884,"Sigma":0.3537692708993428,"Taucorr":0.0},"EnergyVariance":{"Mean":16.498208061636234,"Sigma":2.2412718916580348,"Taucorr":0.0},"Iteration":77},
{"Acceptance":[0.25530434782608696],"Energy":{"Mean":-17.798825600425758,"Sigma":0.3577795100937883,"Taucorr":-2.7755575615628914e-17},"EnergyVariance":{"Mean":16.742944751511544,"Sigma":2.222147422284834,"Taucorr":5.551115123125783e-17},"Iteration":78},
{"Acceptance":[0.2539130434782609],"Energy":{"Mean":-18.178563550771777,"Sigma":0.34339018325167986,"Taucorr":8.326672684688674e-17},"EnergyVariance":{"Mean":17.73418808863159,"Sigma":2.5940346286292493,"Taucorr":0.0},"Iteration":79},
{"Acceptance":[0.25982608695652176],"Energy":{"Mean":-17.35737734894232,"Sigma":0.4505073352061456,"Taucorr":0.0},"EnergyVariance":{"Mean":23.977095014000234,"Sigma":4.682558969934618,"Taucorr":-2.7755575615628914e-17},"Iteration":80},
{"Acceptance":[0.23478260869565218],"Energy":{"Mean":-17.754189758111856,"Sigma":0.36566194388619405,"Taucorr":2.7755575615628914e-17},"EnergyVariance":{"Mean":18.20446938895749,"Sigma":2.80664764299328,"Taucorr":0.0},"Iteration":81},
{"Acceptance":[0.25321739130434784],"Energy":{"Mean":-18.20922903027696,"Sigma":0.37174888246424154,"Taucorr":2.7755575615628914e-17},"EnergyVariance":{"Mean":18.177096004619305,"Sigma":2.915160981888751,"Taucorr":-5.551115123125783e-17},"Iteration":82},
{"Acceptance":[0.25704347826086954],"Energy":{"Mean":-17.97455618713463,"Sigma":0.39291847003888264,"Taucorr":2.7755575615628914e-17},"EnergyVariance":{"Mean":23.45267686508419,"Sigma":4.580750842332105,"Taucorr":5.551115123125783e-17},"Iteration":83},
{"Acceptance":[0.25182608695652176],"Energy":{"Mean":-17.569534710585657,"Sigma":0.4252433141410895,"Taucorr":5.551115123125783e-17},"EnergyVariance":{"Mean":23.818469326055762,"Sigma":3.6409836400845843,"Taucorr":0.0},"Iteration":84},
{"Acceptance":[0.2573913043478261],"Energy":{"Mean":-18.557348487464047,"Sigma":0.4046818442154889,"Taucorr":0.0},"EnergyVariance":{"Mean":22.35504161160557,"Sigma":3.552869257571035,"Taucorr":0.0},"Iteration":85},
{"Acceptance":[0.23269565217391305],"Energy":{"Mean":-17.709376864157477,"Sigma":0.3668886424159761,"Taucorr":-2.7755575615628914e-17},"EnergyVariance":{"Mean":18.03615941714628,"Sigma":2.293684847116162,"Taucorr":-5.551115123125783e-17},"Iteration":86},
{"Acceptance":[0.2667826086956522],"Energy":{"Mean":-16.983770802917437,"Sigma":0.5139931490702004,"Taucorr":-2.7755575615628914e-17},"EnergyVariance":{"Mean":31.068384088851083,"Sigma":7.288853384872068,"Taucorr":-5.551115123125783e-17},"Iteration":87},
{"Acceptance":[0.2699130434782609],"Energy":{"Mean":-17.77997385463062,"Sigma":0.5307267822313146,"Taucorr":0.0},"EnergyVariance":{"Mean":38.30732286937783,"Sigma":7.22588145321668,"Taucorr":-2.7755575615628914e-17},"Iteration":88},
{"Acceptance":[0.23130434782608697],"Energy":{"Mean":-17.245410180525887,"Sigma":0.5122818297150558,"Taucorr":5.551115123125783e-17},"EnergyVariance":{"Mean":37.08093020511859,"Sigma":6.034268085407361,"Taucorr":0.0},"Iteration":89},
{"Acceptance":[0.2445217391304348],"Energy":{"Mean":-17.251739077965894,"Sigma":0.4052518565873748,"Taucorr":0.0},"EnergyVariance":{"Mean":21.98848260434221,"Sigma":3.268098655743519,"Taucorr":0.0},"Iteration":90},
{"Acceptance":[0.2528695652173913],"Energy":{"Mean":-16.873107545136193,"Sigma":0.38338695006223295,"Taucorr":-2.7755575615628914e-17},"EnergyVariance":{"Mean":19.017095767839987,"Sigma":3.305832863752899,"Taucorr":0.0},"Iteration":91},
{"Acceptance":[0.2500869565217391],"Energy":{"Mean":-17.60122852208587,"Sigma":0.356531767634788,"Taucorr":-1.1102230246251565e-16},"EnergyVariance":{"Mean":15.308111494776856,"Sigma":1.8675598394094097,"Taucorr":2.7755575615628914e-17},"Iteration":92},
{"Acceptance":[0.24208695652173914],"Energy":{"Mean":-17.937466346386444,"Sigma":0.4259149707277709,"Taucorr":-8.326672684688674e-17},"EnergyVariance":{"Mean":25.348087435974442,"Sigma":5.6223188488674065,"Taucorr":0.0},"Iteration":93},
{"Acceptance":[0.2608695652173913],"Energy":{"Mean":-18.771286646881236,"Sigma":0.38913661216251416,"Taucorr":-5.551115123125783e-17},"EnergyVariance":{"Mean":17.986167789338836,"Sigma":2.750258723232662,"Taucorr":0.0},"Iteration":94},
{"Acceptance":[0.23478260869565218],"Energy":{"Mean":-17.64339427167537,"Sigma":0.48738676548381354,"Taucorr":5.551115123125783e-17},"EnergyVariance":{"Mean":30.2140399096029,"Sigma":5.888856424114694,"Taucorr":0.0},"Iteration":95},
{"Acceptance":[0.24139130434782607],"Energy":{"Mean":-17.27328266335174,"Sigma":0.5249786907123386,"Taucorr":0.0},"EnergyVariance":{"Mean":34.90709737312141,"Sigma":7.187731937787719,"Taucorr":0.0},"Iteration":96},
{"Acceptance":[0.2573913043478261],"Energy":{"Mean":-17.284189068380847,"Sigma":0.466973521703791,"Taucorr":-1.1102230246251565e-16},"EnergyVariance":{"Mean":24.708853903315145,"Sigma":4.54082440762535,"Taucorr":-5.551115123125783e-17},"Iteration":97},
{"Acceptance":[0.24521739130434783],"Energy":{"Mean":-18.58523849697239,"Sigma":0.42839179600941457,"Taucorr":1.1102230246251565e-16},"EnergyVariance":{"Mean":21.570744294958637,"Sigma":4.2051439729239055,"Taucorr":-5.551115123125783e-17},"Iteration":98},
{"Acceptance":[0.2253913043478261],"Energy":{"Mean":-17.920261384057447,"Sigma":0.4812323318169464,"Taucorr":0.0},"EnergyVariance":{"Mean":30.460377096927264,"Sigma":6.579756503153857,"Taucorr":-2.7755575615628914e-17},"Iteration":99} 
]}
{"input": {"L": 22, "J": 1, "machine": {"type": "FFNN", "model": ["tanh", 32, 2]}, "sampler": {"type": "MetropolisHop", "d_max": 5}, "optimizer": {"type": "AdaMax", "alpha": 0.001, "beta1": 0.9, "beta2": 0.999, "epscut": 1e-07}, "VMC": {"n_samples": 100, "discarded_samples": 100, "discarded_samples_on_init": 0, "target": "energy", "method": "Gd", "diag_shift": 0.01, "use_iterative": true, "use_cholesky": true}, "n_iter": 100}}
duration: -1.4429538249969482