{"Output": [
{"Acceptance":[0.8532173913043478],"Energy":{"Mean":19.093268605770902,"Sigma":0.3498008130238328,"Taucorr":0.0},"EnergyVariance":{"Mean":12.724889857456677,"Sigma":1.6292862959692904,"Taucorr":5.551115123125783e-17},"Iteration":0},
{"Acceptance":[0.8048695652173913],"Energy":{"Mean":18.147237915600748,"Sigma":0.35173658097422306,"Taucorr":2.7755575615628914e-17},"EnergyVariance":{"Mean":14.489133105682516,"Sigma":1.6364738963646825,"Taucorr":-2.7755575615628914e-17},"Iteration":1},
{"Acceptance":[0.7471304347826087],"Energy":{"Mean":15.92673326001387,"Sigma":0.38669754057981187,"Taucorr":-2.7755575615628914e-17},"EnergyVariance":{"Mean":18.83507431442455,"Sigma":2.15145009431188,"Taucorr":5.551115123125783e-17},"Iteration":2},
{"Acceptance":[0.7026086956521739],"Energy":{"Mean":14.268119672247554,"Sigma":0.45387888463726767,"Taucorr":5.551115123125783e-17},"EnergyVariance":{"Mean":27.619230156939054,"Sigma":3.2832479427934547,"Taucorr":0.0},"Iteration":3},
{"Acceptance":[0.6772173913043478],"Energy":{"Mean":14.665712491400978,"Sigma":0.3906016110975761,"Taucorr":5.551115123125783e-17},"EnergyVariance":{"Mean":21.112829367944816,"Sigma":2.2794496228558145,"Taucorr":0.0},"Iteration":4},
{"Acceptance":[0.6365217391304347],"Energy":{"Mean":13.057421720739901,"Sigma":0.4022018081940943,"Taucorr":0.0},"EnergyVariance":{"Mean":21.08038958500487,"Sigma":2.5359473254365894,"Taucorr":0.0},"Iteration":5},
{"Acceptance":[0.5909565217391304],"Energy":{"Mean":11.89287360697998,"Sigma":0.452633580663774,"Taucorr":0.0},"EnergyVariance":{"Mean":27.342969849905625,"Sigma":2.708237836838775,"Taucorr":0.0},"Iteration":6},
{"Acceptance":[0.5669565217391305],"Energy":{"Mean":10.1470593976454,"Sigma":0.4135925338671646,"Taucorr":-2.7755575615628914e-17},"EnergyVariance":{"Mean":28.740048911803218,"Sigma":3.1161680794925153,"Taucorr":-2.7755575615628914e-17},"Iteration":7},
{"Acceptance":[0.5113043478260869],"Energy":{"Mean":8.423466357790774,"Sigma":0.46409089612324816,"Taucorr":-5.551115123125783e-17},"EnergyVariance":{"Mean":34.01290357254709,"Sigma":3.4567404982581693,"Taucorr":0.0},"Iteration":8},
{"Acceptance":[0.5071304347826087],"Energy":{"Mean":7.731580829274396,"Sigma":0.38705360320732374,"Taucorr":-2.7755575615628914e-17},"EnergyVariance":{"Mean":25.200138900169605,"Sigma":2.2605767121521585,"Taucorr":5.551115123125783e-17},"Iteration":9},
{"Acceptance":[0.46991304347826085],"Energy":{"Mean":6.257191327375654,"Sigma":0.5080486054180288,"Taucorr":0.0},"EnergyVariance":{"Mean":36.55713491190571,"Sigma":3.746738277895235,"Taucorr":-2.7755575615628914e-17},"Iteration":10},
{"Acceptance":[0.44173913043478263],"Energy":{"Mean":5.6034542134317125,"Sigma":0.44146395175854347,"Taucorr":0.0},"EnergyVariance":{"Mean":30.753355301683335,"Sigma":2.677460987870359,"Taucorr":0.0},"Iteration":11},
{"Acceptance":[0.43826086956521737],"Energy":{"Mean":3.627908028215117,"Sigma":0.42921217499672276,"Taucorr":-2.7755575615628914e-17},"EnergyVariance":{"Mean":32.5859515881025,"Sigma":3.80966068884572,"Taucorr":8.326672684688674e-17},"Iteration":12},
{"Acceptance":[0.4226086956521739],"Energy":{"Mean":2.0461146063913267,"Sigma":0.3836686462549898,"Taucorr":-2.7755575615628914e-17},"EnergyVariance":{"Mean":29.110828270281118,"Sigma":3.30760577297605,"Taucorr":5.551115123125783e-17},"Iteration":13},
{"Acceptance":[0.3937391304347826],"Energy":{"Mean":2.0041267830985383,"Sigma":0.4308176703169216,"Taucorr":5.551115123125783e-17},"EnergyVariance":{"Mean":33.385258401874324,"Sigma":4.318674628693294,"Taucorr":0.0},"Iteration":14},
{"Acceptance":[0.3933913043478261],"Energy":{"Mean":0.11711192371724219,"Sigma":0.3866221779414185,"Taucorr":-2.7755575615628914e-17},"EnergyVariance":{"Mean":31.289408060782314,"Sigma":3.5408712770837623,"Taucorr":0.0},"Iteration":15},
{"Acceptance":[0.3631304347826087],"Energy":{"Mean":0.495310166267166,"Sigma":0.41005451027438033,"Taucorr":0.0},"EnergyVariance":{"Mean":33.05575462164707,"Sigma":3.5522635565884726,"Taucorr":5.551115123125783e-17},"Iteration":16},
{"Acceptance":[0.36834782608695654],"Energy":{"Mean":-1.5020277244946652,"Sigma":0.37852274186822826,"Taucorr":0.0},"EnergyVariance":{"Mean":29.56450653334748,"Sigma":3.517693182217486,"Taucorr":5.551115123125783e-17},"Iteration":17},
{"Acceptance":[0.3568695652173913],"Energy":{"Mean":-3.032766523181203,"Sigma":0.3591854376155907,"Taucorr":0.0},"EnergyVariance":{"Mean":23.95940350984925,"Sigma":3.0114276613029083,"Taucorr":-2.7755575615628914e-17},"Iteration":18},
{"Acceptance":[0.3471304347826087],"Energy":{"Mean":-2.2737765483136245,"Sigma":0.39519341263655194,"Taucorr":0.0},"EnergyVariance":{"Mean":28.425017601494595,"Sigma":4.08315861296637,"Taucorr":5.551115123125783e-17},"Iteration":19},
{"Acceptance":[0.34295652173913044],"Energy":{"Mean":-4.091392752402749,"Sigma":0.3678850984499111,"Taucorr":-8.326672684688674e-17},"EnergyVariance":{"Mean":27.27758169992758,"Sigma":4.1365114592201415,"Taucorr":0.0},"Iteration":20},
{"Acceptance":[0.33217391304347826],"Energy":{"Mean":-4.147166115338054,"Sigma":0.36555975372700966,"Taucorr":0.0},"EnergyVariance":{"Mean":25.879765160765185,"Sigma":2.6450595352810424,"Taucorr":0.0},"Iteration":21},
{"Acceptance":[0.30782608695652175],"Energy":{"Mean":-5.946927743697211,"Sigma":0.36770649786322207,"Taucorr":0.0},"EnergyVariance":{"Mean":25.532086707840953,"Sigma":3.186385548050477,"Taucorr":-2.7755575615628914e-17},"Iteration":22},
{"Acceptance":[0.3074782608695652],"Energy":{"Mean":-5.046778980919013,"Sigma":0.33538524750407644,"Taucorr":0.0},"EnergyVariance":{"Mean":29.230869714206534,"Sigma":4.311538652263762,"Taucorr":-8.326672684688674e-17},"Iteration":23},
{"Acceptance":[0.3022608695652174],"Energy":{"Mean":-6.904707517543881,"Sigma":0.32120633967804785,"Taucorr":0.0},"EnergyVariance":{"Mean":17.886069326011608,"Sigma":2.0764186954348838,"Taucorr":-2.7755575615628914e-17},"Iteration":24},
{"Acceptance":[0.296],"Energy":{"Mean":-7.4493880878414345,"Sigma":0.3704858658025041,"Taucorr":0.0},"EnergyVariance":{"Mean":27.303208535441144,"Sigma":3.7213217137078396,"Taucorr":2.7755575615628914e-17},"Iteration":25},
{"Acceptance":[0.28452173913043477],"Energy":{"Mean":-8.403149170028255,"Sigma":0.29331931267588235,"Taucorr":5.551115123125783e-17},"EnergyVariance":{"Mean":18.849564304850823,"Sigma":2.3056630399013733,"Taucorr":-5.551115123125783e-17},"Iteration":26},
{"Acceptance":[0.2883478260869565],"Energy":{"Mean":-9.249535097373226,"Sigma":0.35370785528880233,"Taucorr":-2.7755575615628914e-17},"EnergyVariance":{"Mean":24.83843382823198,"Sigma":3.2012445729423087,"Taucorr":5.551115123125783e-17},"Iteration":27},
{"Acceptance":[0.2817391304347826],"Energy":{"Mean":-9.565444923352736,"Sigma":0.3412176166773296,"Taucorr":0.0},"EnergyVariance":{"Mean":22.444727814263132,"Sigma":2.4955531564446547,"Taucorr":0.0},"Iteration":28},
{"Acceptance":[0.22643478260869565],"Energy":{"Mean":-10.580465178406328,"Sigma":0.3855667098387775,"Taucorr":-1.3877787807814457e-16},"EnergyVariance":{"Mean":25.646380140911514,"Sigma":5.072570439034212,"Taucorr":0.0},"Iteration":29},
{"Acceptance":[0.2403478260869565],"Energy":{"Mean":-11.79144907554922,"Sigma":0.284559789564423,"Taucorr":-8.326672684688674e-17},"EnergyVariance":{"Mean":15.811539287657023,"Sigma":2.01924542865465,"Taucorr":2.7755575615628914e-17},"Iteration":30},
{"Acceptance":[0.136],"Energy":{"Mean":-12.682962963654294,"Sigma":0.2587439406309841,"Taucorr":-8.326672684688674e-17},"EnergyVariance":{"Mean":12.975083302015399,"Sigma":2.8268203256748365,"Taucorr":-2.7755575615628914e-17},"Iteration":31},
{"Acceptance":[0.11652173913043479],"Energy":{"Mean":-12.769925349858296,"Sigma":0.22179355545896812,"Taucorr":1.1102230246251565e-16},"EnergyVariance":{"Mean":6.816712447548918,"Sigma":2.3580032312839414,"Taucorr":0.0},"Iteration":32},
{"Acceptance":[0.06956521739130435],"Energy":{"Mean":-13.62818390799998,"Sigma":0.33294852301810723,"Taucorr":0.0},"EnergyVariance":{"Mean":18.80598827474838,"Sigma":14.986713482313702,"Taucorr":-2.7755575615628914e-17},"Iteration":33},
{"Acceptance":[0.03617391304347826],"Energy":{"Mean":-13.415844616313251,"Sigma":0.08161706964240047,"Taucorr":0.0},"EnergyVariance":{"Mean":0.8596646104010986,"Sigma":0.1012785678069287,"Taucorr":-5.551115123125783e-17},"Iteration":34},
{"Acceptance":[0.021565217391304348],"Energy":{"Mean":-13.939871394011195,"Sigma":0.02116311277138675,"Taucorr":-2.498001805406602e-16},"EnergyVariance":{"Mean":0.04754860402101598,"Sigma":0.041053604148650544,"Taucorr":5.551115123125783e-17},"Iteration":35},
{"Acceptance":[0.010434782608695653],"Energy":{"Mean":-13.99330162867677,"Sigma":0.0017650747438767678,"Taucorr":1.2212453270876722e-15},"EnergyVariance":{"Mean":0.0009629246947086123,"Sigma":0.00018898854201763676,"Taucorr":5.551115123125783e-17},"Iteration":36},
{"Acceptance":[0.011130434782608696],"Energy":{"Mean":-13.941812928257018,"Sigma":0.033199273347535994,"Taucorr":2.0261570199409107e-15},"EnergyVariance":{"Mean":0.11690277177397142,"Sigma":0.06246660859745685,"Taucorr":-5.551115123125783e-17},"Iteration":37},
{"Acceptance":[0.0034782608695652175],"Energy":{"Mean":-14.002355692012657,"Sigma":0.0001717134916494794,"Taucorr":null},"EnergyVariance":{"Mean":9.398225081405956e-06,"Sigma":3.2945579677181704e-07,"Taucorr":null},"Iteration":38},
{"Acceptance":[0.002434782608695652],"Energy":{"Mean":-14.000289364010866,"Sigma":0.0,"Taucorr":null},"EnergyVariance":{"Mean":7.832867801861981e-09,"Sigma":0.0,"Taucorr":null},"Iteration":39},
{"Acceptance":[0.00034782608695652176],"Energy":{"Mean":-12.999954363421375,"Sigma":0.0,"Taucorr":null},"EnergyVariance":{"Mean":6.468745872307313e-09,"Sigma":0.0,"Taucorr":null},"Iteration":40},
{"Acceptance":[0.0],"Energy":{"Mean":-13.0,"Sigma":0.0,"Taucorr":null},"EnergyVariance":{"Mean":3.5710497886263444e-36,"Sigma":0.0,"Taucorr":null},"Iteration":41},
{"Acceptance":[0.00034782608695652176],"Energy":{"Mean":-14.000047594718433,"Sigma":0.0,"Taucorr":null},"EnergyVariance":{"Mean":4.8104201178415875e-11,"Sigma":0.0,"Taucorr":null},"Iteration":42},
{"Acceptance":[0.002434782608695652],"Energy":{"Mean":-14.000005353461141,"Sigma":0.0,"Taucorr":null},"EnergyVariance":{"Mean":9.90125014891753e-11,"Sigma":0.0,"Taucorr":null},"Iteration":43},
{"Acceptance":[0.00034782608695652176],"Energy":{"Mean":-12.000000000041904,"Sigma":0.0,"Taucorr":null},"EnergyVariance":{"Mean":7.921397452440479e-21,"Sigma":0.0,"Taucorr":null},"Iteration":44},
{"Acceptance":[0.00034782608695652176],"Energy":{"Mean":-12.000000000082293,"Sigma":0.0,"Taucorr":null},"EnergyVariance":{"Mean":4.2770848908515516e-19,"Sigma":0.0,"Taucorr":null},"Iteration":45},
{"Acceptance":[0.0],"Energy":{"Mean":-12.0,"Sigma":0.0,"Taucorr":null},"EnergyVariance":{"Mean":4.812216737895486e-34,"Sigma":0.0,"Taucorr":null},"Iteration":46},
{"Acceptance":[0.0],"Energy":{"Mean":-11.99999999982683,"Sigma":0.0,"Taucorr":null},"EnergyVariance":{"Mean":8.670630042246514e-20,"Sigma":0.0,"Taucorr":null},"Iteration":47},
{"Acceptance":[0.0010434782608695651],"Energy":{"Mean":-13.999959053700756,"Sigma":1.619232561009946e-09,"Taucorr":null},"EnergyVariance":{"Mean":6.885522933063599e-08,"Sigma":1.332621152023775e-13,"Taucorr":null},"Iteration":48},
{"Acceptance":[0.0],"Energy":{"Mean":-13.999999993064632,"Sigma":0.0,"Taucorr":null},"EnergyVariance":{"Mean":2.0274863578421788e-16,"Sigma":0.0,"Taucorr":null},"Iteration":49},
{"Acceptance":[0.0],"Energy":{"Mean":-13.999999996462355,"Sigma":0.0,"Taucorr":null},"EnergyVariance":{"Mean":4.1741890643793804e-17,"Sigma":0.0,"Taucorr":null},"Iteration":50},
{"Acceptance":[0.0],"Energy":{"Mean":-13.999999999976458,"Sigma":0.0,"Taucorr":null},"EnergyVariance":{"Mean":7.214073390046677e-21,"Sigma":0.0,"Taucorr":null},"Iteration":51},
{"Acceptance":[0.0],"Energy":{"Mean":-14.000000000036442,"Sigma":0.0,"Taucorr":null},"EnergyVariance":{"Mean":3.397912086854885e-22,"Sigma":0.0,"Taucorr":null},"Iteration":52},
{"Acceptance":[0.00034782608695652176],"Energy":{"Mean":-10.0,"Sigma":0.0,"Taucorr":null},"EnergyVariance":{"Mean":2.1099898692505544e-69,"Sigma":0.0,"Taucorr":null},"Iteration":53},
{"Acceptance":[0.0],"Energy":{"Mean":-10.0,"Sigma":0.0,"Taucorr":null},"EnergyVariance":{"Mean":1.1372209905837157e-39,"Sigma":0.0,"Taucorr":null},"Iteration":54},
{"Acceptance":[0.0020869565217391303],"Energy":{"Mean":-13.00000005096431,"Sigma":1.9394090667254563e-10,"Taucorr":null},"EnergyVariance":{"Mean":1.0000001019286666,"Sigma":3.87881800029586e-10,"Taucorr":null},"Iteration":55},
{"Acceptance":[0.00034782608695652176],"Energy":{"Mean":-12.999999999936454,"Sigma":0.0,"Taucorr":null},"EnergyVariance":{"Mean":1.0000000001266356,"Sigma":0.0,"Taucorr":null},"Iteration":56},
{"Acceptance":[0.00034782608695652176],"Energy":{"Mean":-13.500000046956885,"Sigma":0.0,"Taucorr":null},"EnergyVariance":{"Mean":0.7499991766289806,"Sigma":0.0,"Taucorr":null},"Iteration":57},
{"Acceptance":[0.0020869565217391303],"Energy":{"Mean":-12.750000000348969,"Sigma":0.0,"Taucorr":null},"EnergyVariance":{"Mean":0.6875000001744012,"Sigma":0.0,"Taucorr":null},"Iteration":58},
{"Acceptance":[0.0],"Energy":{"Mean":-12.249999999999893,"Sigma":0.0,"Taucorr":null},"EnergyVariance":{"Mean":1.1874999999998848,"Sigma":0.0,"Taucorr":null},"Iteration":59},
{"Acceptance":[0.00034782608695652176],"Energy":{"Mean":-13.50000000000002,"Sigma":0.0,"Taucorr":null},"EnergyVariance":{"Mean":0.7500000000000195,"Sigma":0.0,"Taucorr":null},"Iteration":60},
{"Acceptance":[0.00034782608695652176],"Energy":{"Mean":-13.999999999997105,"Sigma":1.5094284369168422e-12,"Taucorr":null},"EnergyVariance":{"Mean":1.1489176324657624e-21,"Sigma":6.268247937297177e-22,"Taucorr":null},"Iteration":61},
{"Acceptance":[0.0010434782608695651],"Energy":{"Mean":-14.0,"Sigma":0.0,"Taucorr":null},"EnergyVariance":{"Mean":1.0581268329486435e-32,"Sigma":0.0,"Taucorr":null},"Iteration":62},
{"Acceptance":[0.0],"Energy":{"Mean":-14.0,"Sigma":0.0,"Taucorr":null},"EnergyVariance":{"Mean":6.358144139339338e-31,"Sigma":0.0,"Taucorr":null},"Iteration":63},
{"Acceptance":[0.0],"Energy":{"Mean":-14.0,"Sigma":0.0,"Taucorr":null},"EnergyVariance":{"Mean":4.537842371264259e-34,"Sigma":0.0,"Taucorr":null},"Iteration":64},
{"Acceptance":[0.0],"Energy":{"Mean":-14.0,"Sigma":0.0,"Taucorr":null},"EnergyVariance":{"Mean":3.278808681675515e-52,"Sigma":0.0,"Taucorr":null},"Iteration":65},
{"Acceptance":[0.0],"Energy":{"Mean":-14.0,"Sigma":0.0,"Taucorr":null},"EnergyVariance":{"Mean":1.1975982819470205e-61,"Sigma":0.0,"Taucorr":null},"Iteration":66},
{"Acceptance":[0.0],"Energy":{"Mean":-14.0,"Sigma":0.0,"Taucorr":null},"EnergyVariance":{"Mean":2.955860434519724e-35,"Sigma":0.0,"Taucorr":null},"Iteration":67},
{"Acceptance":[0.00034782608695652176],"Energy":{"Mean":-13.170000000000007,"Sigma":0.02380476142847694,"Taucorr":null},"EnergyVariance":{"Mean":0.14110000000000902,"Sigma":0.015711142542795282,"Taucorr":null},"Iteration":68},
{"Acceptance":[0.00034782608695652176],"Energy":{"Mean":-13.750000000015739,"Sigma":0.0,"Taucorr":null},"EnergyVariance":{"Mean":0.18749999997639222,"Sigma":0.0,"Taucorr":null},"Iteration":69},
{"Acceptance":[0.0],"Energy":{"Mean":-14.0,"Sigma":0.0,"Taucorr":null},"EnergyVariance":{"Mean":3.3673395070658314e-55,"Sigma":0.0,"Taucorr":null},"Iteration":70},
{"Acceptance":[0.0],"Energy":{"Mean":-14.0,"Sigma":0.0,"Taucorr":null},"EnergyVariance":{"Mean":1.2114370633065265e-50,"Sigma":0.0,"Taucorr":null},"Iteration":71},
{"Acceptance":[0.0],"Energy":{"Mean":-14.0,"Sigma":0.0,"Taucorr":null},"EnergyVariance":{"Mean":5.261680456875473e-44,"Sigma":0.0,"Taucorr":null},"Iteration":72},
{"Acceptance":[0.0],"Energy":{"Mean":-14.0,"Sigma":0.0,"Taucorr":null},"EnergyVariance":{"Mean":1.0696406371638051e-42,"Sigma":0.0,"Taucorr":null},"Iteration":73},
{"Acceptance":[0.0],"Energy":{"Mean":-14.0,"Sigma":0.0,"Taucorr":null},"EnergyVariance":{"Mean":5.410321665332501e-45,"Sigma":0.0,"Taucorr":null},"Iteration":74},
{"Acceptance":[0.0],"Energy":{"Mean":-14.0,"Sigma":0.0,"Taucorr":null},"EnergyVariance":{"Mean":2.0198797043660856e-50,"Sigma":0.0,"Taucorr":null},"Iteration":75},
{"Acceptance":[0.0],"Energy":{"Mean":-14.0,"Sigma":0.0,"Taucorr":null},"EnergyVariance":{"Mean":1.104026428176227e-58,"Sigma":0.0,"Taucorr":null},"Iteration":76},
{"Acceptance":[0.00034782608695652176],"Energy":{"Mean":-10.0,"Sigma":0.0,"Taucorr":null},"EnergyVariance":{"Mean":5.1306330852353393e-179,"Sigma":0.0,"Taucorr":null},"Iteration":77},
{"Acceptance":[0.0041739130434782605],"Energy":{"Mean":-12.5,"Sigma":0.0,"Taucorr":null},"EnergyVariance":{"Mean":0.75,"Sigma":0.0,"Taucorr":null},"Iteration":78},
{"Acceptance":[0.001391304347826087],"Energy":{"Mean":-12.48,"Sigma":0.02,"Taucorr":null},"EnergyVariance":{"Mean":0.7296,"Sigma":0.020799999999999985,"Taucorr":null},"Iteration":79},
{"Acceptance":[0.001391304347826087],"Energy":{"Mean":-14.0,"Sigma":0.0,"Taucorr":null},"EnergyVariance":{"Mean":3.350600863585297e-101,"Sigma":0.0,"Taucorr":null},"Iteration":80},
{"Acceptance":[0.0],"Energy":{"Mean":-14.0,"Sigma":0.0,"Taucorr":null},"EnergyVariance":{"Mean":4.378557185198517e-59,"Sigma":0.0,"Taucorr":null},"Iteration":81},
{"Acceptance":[0.0],"Energy":{"Mean":-14.0,"Sigma":0.0,"Taucorr":null},"EnergyVariance":{"Mean":7.704682552701566e-55,"Sigma":0.0,"Taucorr":null},"Iteration":82},
{"Acceptance":[0.0],"Energy":{"Mean":-14.0,"Sigma":0.0,"Taucorr":null},"EnergyVariance":{"Mean":3.1299747028855637e-43,"Sigma":0.0,"Taucorr":null},"Iteration":83},
{"Acceptance":[0.0],"Energy":{"Mean":-13.999999999999998,"Sigma":0.0,"Taucorr":null},"EnergyVariance":{"Mean":7.339757768092075e-29,"Sigma":0.0,"Taucorr":null},"Iteration":84},
{"Acceptance":[0.0017391304347826088],"Energy":{"Mean":-14.000000000001517,"Sigma":3.9779259759227005e-13,"Taucorr":null},"EnergyVariance":{"Mean":1.0938378376252506e-22,"Sigma":2.810088404714975e-23,"Taucorr":null},"Iteration":85},
{"Acceptance":[0.0],"Energy":{"Mean":-14.0,"Sigma":0.0,"Taucorr":null},"EnergyVariance":{"Mean":3.2607561465707604e-33,"Sigma":0.0,"Taucorr":null},"Iteration":86},
{"Acceptance":[0.0],"Energy":{"Mean":-14.0,"Sigma":0.0,"Taucorr":null},"EnergyVariance":{"Mean":1.2157775718224771e-33,"Sigma":0.0,"Taucorr":null},"Iteration":87},
{"Acceptance":[0.0],"Energy":{"Mean":-14.0,"Sigma":0.0,"Taucorr":null},"EnergyVariance":{"Mean":8.452792503754476e-35,"Sigma":0.0,"Taucorr":null},"Iteration":88},
{"Acceptance":[0.0],"Energy":{"Mean":-14.0,"Sigma":0.0,"Taucorr":null},"EnergyVariance":{"Mean":2.3768198025115993e-35,"Sigma":0.0,"Taucorr":null},"Iteration":89},
{"Acceptance":[0.0],"Energy":{"Mean":-14.0,"Sigma":0.0,"Taucorr":null},"EnergyVariance":{"Mean":1.509551290322009e-37,"Sigma":0.0,"Taucorr":null},"Iteration":90},
{"Acceptance":[0.0],"Energy":{"Mean":-14.000000000000043,"Sigma":0.0,"Taucorr":null},"EnergyVariance":{"Mean":4.548870292142067e-28,"Sigma":0.0,"Taucorr":null},"Iteration":91},
{"Acceptance":[0.0],"Energy":{"Mean":-14.000000048791241,"Sigma":0.0,"Taucorr":null},"EnergyVariance":{"Mean":2.9911486428740564e-13,"Sigma":0.0,"Taucorr":null},"Iteration":92},
{"Acceptance":[0.00034782608695652176],"Energy":{"Mean":-850915.3379601178,"Sigma":0.0,"Taucorr":null},"EnergyVariance":{"Mean":49391940135481.695,"Sigma":0.0,"Taucorr":null},"Iteration":93},
{"Acceptance":[0.0010434782608695651],"Energy":{"Mean":-13.5,"Sigma":0.0,"Taucorr":null},"EnergyVariance":{"Mean":0.75,"Sigma":0.0,"Taucorr":null},"Iteration":94},
{"Acceptance":[0.0],"Energy":{"Mean":-13.5,"Sigma":0.0,"Taucorr":null},"EnergyVariance":{"Mean":0.75,"Sigma":0.0,"Taucorr":null},"Iteration":95},
{"Acceptance":[0.0],"Energy":{"Mean":-13.49999998388801,"Sigma":0.0,"Taucorr":null},"EnergyVariance":{"Mean":0.7499999838880104,"Sigma":0.0,"Taucorr":null},"Iteration":96},
{"Acceptance":[0.002434782608695652],"Energy":{"Mean":-12.249999977608297,"Sigma":9.76098805100395e-09,"Taucorr":null},"EnergyVariance":{"Mean":0.1874999664124604,"Sigma":1.464147744725129e-08,"Taucorr":null},"Iteration":97},
{"Acceptance":[0.00034782608695652176],"Energy":{"Mean":-12.00000000015049,"Sigma":0.0,"Taucorr":null},"EnergyVariance":{"Mean":3.852973669186145e-19,"Sigma":0.0,"Taucorr":null},"Iteration":98},
{"Acceptance":[0.002782608695652174],"Energy":{"Mean":-9.049999999602642,"Sigma":0.04999999960264233,"Taucorr":null},"EnergyVariance":{"Mean":3.1474999968608746,"Sigma":0.1449999969006105,"Taucorr":null},"Iteration":99} 
]}
{"input": {"L": 22, "J": 1, "machine": {"type": "FFNN", "model": ["tanh", 33, 3]}, "sampler": {"type": "MetropolisHop", "d_max": 5}, "optimizer": {"type": "AdaMax", "alpha": 0.001, "beta1": 0.9, "beta2": 0.999, "epscut": 1e-07}, "VMC": {"n_samples": 100, "discarded_samples": 100, "discarded_samples_on_init": 0, "target": "energy", "method": "Gd", "diag_shift": 0.01, "use_iterative": true, "use_cholesky": true}, "n_iter": 100}}
duration: -2.222277879714966