{"Output": [
{"Acceptance":[0.8699130434782608],"Energy":{"Mean":18.977390230617154,"Sigma":0.3438451771080152,"Taucorr":5.551115123125783e-17},"EnergyVariance":{"Mean":13.048271946641812,"Sigma":1.748012081269883,"Taucorr":0.0},"Iteration":0},
{"Acceptance":[0.7704347826086957],"Energy":{"Mean":17.33549738530726,"Sigma":0.4088567927555509,"Taucorr":-2.7755575615628914e-17},"EnergyVariance":{"Mean":19.122602102900302,"Sigma":2.2841296647443894,"Taucorr":0.0},"Iteration":1},
{"Acceptance":[0.6907826086956522],"Energy":{"Mean":16.240706396297725,"Sigma":0.34793195934425347,"Taucorr":5.551115123125783e-17},"EnergyVariance":{"Mean":17.84437786765213,"Sigma":1.7406172134428062,"Taucorr":0.0},"Iteration":2},
{"Acceptance":[0.6299130434782608],"Energy":{"Mean":13.210514958898003,"Sigma":0.35287087437242753,"Taucorr":0.0},"EnergyVariance":{"Mean":20.30258523212502,"Sigma":1.8998414363297522,"Taucorr":0.0},"Iteration":3},
{"Acceptance":[0.5596521739130434],"Energy":{"Mean":10.60077982161753,"Sigma":0.45040243742632363,"Taucorr":-2.7755575615628914e-17},"EnergyVariance":{"Mean":27.87386059793486,"Sigma":3.0358386031365483,"Taucorr":0.0},"Iteration":4},
{"Acceptance":[0.5189565217391304],"Energy":{"Mean":9.484938078002449,"Sigma":0.3998635140737379,"Taucorr":-2.7755575615628914e-17},"EnergyVariance":{"Mean":25.2489767690793,"Sigma":2.0450202933535206,"Taucorr":0.0},"Iteration":5},
{"Acceptance":[0.48034782608695653],"Energy":{"Mean":7.626824203378289,"Sigma":0.3621251164389105,"Taucorr":0.0},"EnergyVariance":{"Mean":28.839164773661928,"Sigma":3.552536886434711,"Taucorr":-5.551115123125783e-17},"Iteration":6},
{"Acceptance":[0.4420869565217391],"Energy":{"Mean":5.949814872749977,"Sigma":0.43471125081172146,"Taucorr":-2.7755575615628914e-17},"EnergyVariance":{"Mean":33.53001523585317,"Sigma":2.876794469359058,"Taucorr":-2.7755575615628914e-17},"Iteration":7},
{"Acceptance":[0.4306086956521739],"Energy":{"Mean":3.61860444078223,"Sigma":0.4409986079197353,"Taucorr":0.0},"EnergyVariance":{"Mean":42.41755859352911,"Sigma":4.850978556420401,"Taucorr":0.0},"Iteration":8},
{"Acceptance":[0.3826086956521739],"Energy":{"Mean":-0.30124774657402725,"Sigma":0.35561664339316634,"Taucorr":0.0},"EnergyVariance":{"Mean":28.492239958334267,"Sigma":2.6646533489431534,"Taucorr":5.551115123125783e-17},"Iteration":9},
{"Acceptance":[0.37321739130434783],"Energy":{"Mean":-0.5939137359622855,"Sigma":0.4133344550554875,"Taucorr":0.0},"EnergyVariance":{"Mean":35.537304698671626,"Sigma":4.983178081296252,"Taucorr":-2.7755575615628914e-17},"Iteration":10},
{"Acceptance":[0.3582608695652174],"Energy":{"Mean":-1.5121960018093077,"Sigma":0.3425678149289776,"Taucorr":5.551115123125783e-17},"EnergyVariance":{"Mean":40.81248594115881,"Sigma":4.74201048128307,"Taucorr":0.0},"Iteration":11},
{"Acceptance":[0.3071304347826087],"Energy":{"Mean":-4.172697977195142,"Sigma":0.3535795290808606,"Taucorr":0.0},"EnergyVariance":{"Mean":33.57146535481233,"Sigma":4.1474971963020595,"Taucorr":0.0},"Iteration":12},
{"Acceptance":[0.27547826086956523],"Energy":{"Mean":-5.183254309907467,"Sigma":0.3286449963283586,"Taucorr":0.0},"EnergyVariance":{"Mean":21.610787100274628,"Sigma":2.462632684048106,"Taucorr":0.0},"Iteration":13},
{"Acceptance":[0.28243478260869564],"Energy":{"Mean":-6.711389329348747,"Sigma":0.36098274530448704,"Taucorr":-2.7755575615628914e-17},"EnergyVariance":{"Mean":24.315984671448113,"Sigma":3.0802701761600364,"Taucorr":0.0},"Iteration":14},
{"Acceptance":[0.26469565217391305],"Energy":{"Mean":-6.5806976647525,"Sigma":0.3768928330855025,"Taucorr":5.551115123125783e-17},"EnergyVariance":{"Mean":33.00828212153347,"Sigma":4.446314702100953,"Taucorr":-5.551115123125783e-17},"Iteration":15},
{"Acceptance":[0.2667826086956522],"Energy":{"Mean":-7.222436347700064,"Sigma":0.42929144966437766,"Taucorr":0.0},"EnergyVariance":{"Mean":36.858434720397,"Sigma":4.850142230314594,"Taucorr":0.0},"Iteration":16},
{"Acceptance":[0.24139130434782607],"Energy":{"Mean":-9.313221516269929,"Sigma":0.3840429626648575,"Taucorr":0.0},"EnergyVariance":{"Mean":36.38848627901723,"Sigma":5.433800046708236,"Taucorr":-2.7755575615628914e-17},"Iteration":17},
{"Acceptance":[0.22678260869565217],"Energy":{"Mean":-10.490008485931984,"Sigma":0.3938173434403024,"Taucorr":5.551115123125783e-17},"EnergyVariance":{"Mean":27.032977658430585,"Sigma":3.3472503711050483,"Taucorr":0.0},"Iteration":18},
{"Acceptance":[0.256],"Energy":{"Mean":-10.187379585745003,"Sigma":0.3676069471471371,"Taucorr":0.0},"EnergyVariance":{"Mean":30.908666414980868,"Sigma":4.561209105596156,"Taucorr":-8.326672684688674e-17},"Iteration":19},
{"Acceptance":[0.21321739130434783],"Energy":{"Mean":-11.432378226313872,"Sigma":0.3546501605649313,"Taucorr":0.0},"EnergyVariance":{"Mean":25.48498908245039,"Sigma":5.714108471901375,"Taucorr":5.551115123125783e-17},"Iteration":20},
{"Acceptance":[0.23756521739130435],"Energy":{"Mean":-11.549242986727492,"Sigma":0.4364388650085205,"Taucorr":0.0},"EnergyVariance":{"Mean":36.198653599082526,"Sigma":6.348922896661578,"Taucorr":0.0},"Iteration":21},
{"Acceptance":[0.20591304347826087],"Energy":{"Mean":-13.450090478860025,"Sigma":0.3522577915882588,"Taucorr":-2.7755575615628914e-17},"EnergyVariance":{"Mean":16.05669775629285,"Sigma":2.064625420022395,"Taucorr":0.0},"Iteration":22},
{"Acceptance":[0.18817391304347827],"Energy":{"Mean":-14.27279675556127,"Sigma":0.37610961855345854,"Taucorr":-5.551115123125783e-17},"EnergyVariance":{"Mean":21.115344467373518,"Sigma":3.210793178574241,"Taucorr":-2.7755575615628914e-17},"Iteration":23},
{"Acceptance":[0.1968695652173913],"Energy":{"Mean":-14.186142604404903,"Sigma":0.35655817441872995,"Taucorr":-2.7755575615628914e-17},"EnergyVariance":{"Mean":17.34535613960393,"Sigma":2.4853226074792385,"Taucorr":-2.7755575615628914e-17},"Iteration":24},
{"Acceptance":[0.19895652173913045],"Energy":{"Mean":-14.360146546228705,"Sigma":0.41447387868116825,"Taucorr":0.0},"EnergyVariance":{"Mean":26.594873177845997,"Sigma":6.621413341829462,"Taucorr":5.551115123125783e-17},"Iteration":25},
{"Acceptance":[0.20695652173913043],"Energy":{"Mean":-15.34141765777231,"Sigma":0.4372085211702204,"Taucorr":0.0},"EnergyVariance":{"Mean":24.439414267512827,"Sigma":3.9506351466075573,"Taucorr":0.0},"Iteration":26},
{"Acceptance":[0.19060869565217392],"Energy":{"Mean":-14.499597603886198,"Sigma":0.34639222974796774,"Taucorr":-2.7755575615628914e-17},"EnergyVariance":{"Mean":15.080134907909358,"Sigma":2.9366094306178034,"Taucorr":0.0},"Iteration":27},
{"Acceptance":[0.18504347826086956],"Energy":{"Mean":-14.708800722349828,"Sigma":0.3269099441079183,"Taucorr":-2.7755575615628914e-17},"EnergyVariance":{"Mean":14.814810924894411,"Sigma":2.8422501400083884,"Taucorr":-2.7755575615628914e-17},"Iteration":28},
{"Acceptance":[0.19408695652173913],"Energy":{"Mean":-16.08558336998354,"Sigma":0.41451881530127677,"Taucorr":5.551115123125783e-17},"EnergyVariance":{"Mean":19.733582695570476,"Sigma":3.605802857176481,"Taucorr":-5.551115123125783e-17},"Iteration":29},
{"Acceptance":[0.2111304347826087],"Energy":{"Mean":-16.210839892779553,"Sigma":0.4379646266007534,"Taucorr":5.551115123125783e-17},"EnergyVariance":{"Mean":26.980550805944816,"Sigma":5.877729556071738,"Taucorr":-1.3877787807814457e-16},"Iteration":30},
{"Acceptance":[0.1822608695652174],"Energy":{"Mean":-15.759073676182577,"Sigma":0.43903506256460384,"Taucorr":0.0},"EnergyVariance":{"Mean":22.16538949557827,"Sigma":4.049578155600891,"Taucorr":0.0},"Iteration":31},
{"Acceptance":[0.17947826086956523],"Energy":{"Mean":-15.298069930221295,"Sigma":0.35125137617723323,"Taucorr":5.551115123125783e-17},"EnergyVariance":{"Mean":13.245588433004539,"Sigma":2.058358336499495,"Taucorr":-5.551115123125783e-17},"Iteration":32},
{"Acceptance":[0.17182608695652174],"Energy":{"Mean":-16.38582495297591,"Sigma":0.3803138514514822,"Taucorr":0.0},"EnergyVariance":{"Mean":14.482005291241345,"Sigma":2.465046026914174,"Taucorr":0.0},"Iteration":33},
{"Acceptance":[0.16730434782608697],"Energy":{"Mean":-15.73986077631162,"Sigma":0.3854789726741875,"Taucorr":5.551115123125783e-17},"EnergyVariance":{"Mean":29.137275577775668,"Sigma":9.491146765599819,"Taucorr":0.0},"Iteration":34},
{"Acceptance":[0.16069565217391305],"Energy":{"Mean":-16.60457698523779,"Sigma":0.49415033496118366,"Taucorr":-2.7755575615628914e-17},"EnergyVariance":{"Mean":28.379989261119434,"Sigma":8.852114773009024,"Taucorr":0.0},"Iteration":35},
{"Acceptance":[0.1808695652173913],"Energy":{"Mean":-15.92140867070411,"Sigma":0.3891279827229606,"Taucorr":-2.7755575615628914e-17},"EnergyVariance":{"Mean":16.81842359244868,"Sigma":3.3882807925240317,"Taucorr":0.0},"Iteration":36},
{"Acceptance":[0.17217391304347826],"Energy":{"Mean":-17.12049232344181,"Sigma":0.49485343828752393,"Taucorr":0.0},"EnergyVariance":{"Mean":29.15776147369571,"Sigma":9.551320365879372,"Taucorr":5.551115123125783e-17},"Iteration":37},
{"Acceptance":[0.18156521739130435],"Energy":{"Mean":-16.65262196041433,"Sigma":0.394493296064892,"Taucorr":5.551115123125783e-17},"EnergyVariance":{"Mean":17.833319994523926,"Sigma":2.356121083739006,"Taucorr":-2.7755575615628914e-17},"Iteration":38},
{"Acceptance":[0.1648695652173913],"Energy":{"Mean":-16.682464055255082,"Sigma":0.45340658917637505,"Taucorr":0.0},"EnergyVariance":{"Mean":21.998550949952342,"Sigma":5.287839956367413,"Taucorr":-2.7755575615628914e-17},"Iteration":39},
{"Acceptance":[0.1453913043478261],"Energy":{"Mean":-17.720383342326347,"Sigma":0.3638451921684214,"Taucorr":2.7755575615628914e-17},"EnergyVariance":{"Mean":14.28447527620268,"Sigma":2.160477707592811,"Taucorr":-2.7755575615628914e-17},"Iteration":40},
{"Acceptance":[0.1666086956521739],"Energy":{"Mean":-17.19298624404758,"Sigma":0.5628251354752448,"Taucorr":-5.551115123125783e-17},"EnergyVariance":{"Mean":36.26310583061003,"Sigma":10.109574209442707,"Taucorr":1.6653345369377348e-16},"Iteration":41},
{"Acceptance":[0.1311304347826087],"Energy":{"Mean":-17.361939816469192,"Sigma":0.4452025623195059,"Taucorr":-8.326672684688674e-17},"EnergyVariance":{"Mean":23.707081593057474,"Sigma":5.158386930721057,"Taucorr":-5.551115123125783e-17},"Iteration":42},
{"Acceptance":[0.15304347826086956],"Energy":{"Mean":-17.105237720321007,"Sigma":0.4517600489514259,"Taucorr":1.6653345369377348e-16},"EnergyVariance":{"Mean":22.561238486702116,"Sigma":3.901999196166965,"Taucorr":0.0},"Iteration":43},
{"Acceptance":[0.136],"Energy":{"Mean":-17.850851393034507,"Sigma":0.4994588286375963,"Taucorr":0.0},"EnergyVariance":{"Mean":30.381559175639,"Sigma":9.561347615761273,"Taucorr":5.551115123125783e-17},"Iteration":44},
{"Acceptance":[0.12417391304347826],"Energy":{"Mean":-17.554047247602252,"Sigma":0.512530657646308,"Taucorr":0.0},"EnergyVariance":{"Mean":29.835471015735443,"Sigma":7.449472606105312,"Taucorr":-2.7755575615628914e-17},"Iteration":45},
{"Acceptance":[0.14295652173913043],"Energy":{"Mean":-17.5964035536066,"Sigma":0.36062121398411273,"Taucorr":0.0},"EnergyVariance":{"Mean":15.936941828180263,"Sigma":2.5129574976182596,"Taucorr":0.0},"Iteration":46},
{"Acceptance":[0.16069565217391305],"Energy":{"Mean":-17.76044646409531,"Sigma":0.44947866946398185,"Taucorr":0.0},"EnergyVariance":{"Mean":23.734989782718053,"Sigma":5.307760647274578,"Taucorr":0.0},"Iteration":47},
{"Acceptance":[0.14817391304347827],"Energy":{"Mean":-18.547094875332725,"Sigma":0.8624172452497657,"Taucorr":0.0},"EnergyVariance":{"Mean":86.49172668244304,"Sigma":30.185356741572132,"Taucorr":5.551115123125783e-17},"Iteration":48},
{"Acceptance":[0.14017391304347826],"Energy":{"Mean":-17.555024728675242,"Sigma":0.36079866839284874,"Taucorr":0.0},"EnergyVariance":{"Mean":14.813937260578477,"Sigma":2.6970200321189504,"Taucorr":-2.7755575615628914e-17},"Iteration":49},
{"Acceptance":[0.13391304347826086],"Energy":{"Mean":-18.321209369699815,"Sigma":0.40705895190507974,"Taucorr":-5.551115123125783e-17},"EnergyVariance":{"Mean":21.196909500222066,"Sigma":5.696316445818377,"Taucorr":5.551115123125783e-17},"Iteration":50},
{"Acceptance":[0.12417391304347826],"Energy":{"Mean":-17.774722360164674,"Sigma":0.3360008803164733,"Taucorr":2.7755575615628914e-17},"EnergyVariance":{"Mean":14.331092766996914,"Sigma":3.2421734638428923,"Taucorr":5.551115123125783e-17},"Iteration":51},
{"Acceptance":[0.12521739130434784],"Energy":{"Mean":-17.91852112174473,"Sigma":0.45544812918394545,"Taucorr":-2.7755575615628914e-17},"EnergyVariance":{"Mean":26.717813023753916,"Sigma":5.798184851333648,"Taucorr":0.0},"Iteration":52},
{"Acceptance":[0.104],"Energy":{"Mean":-16.844607970092223,"Sigma":0.7143905490209757,"Taucorr":-5.551115123125783e-17},"EnergyVariance":{"Mean":80.94627465365173,"Sigma":30.89839164550074,"Taucorr":0.0},"Iteration":53},
{"Acceptance":[0.10017391304347827],"Energy":{"Mean":-16.880655024731837,"Sigma":0.33277726975121874,"Taucorr":0.0},"EnergyVariance":{"Mean":14.03069309332212,"Sigma":3.4270606440411364,"Taucorr":2.7755575615628914e-17},"Iteration":54},
{"Acceptance":[0.11791304347826087],"Energy":{"Mean":-17.886289920261937,"Sigma":0.4453683820428087,"Taucorr":2.7755575615628914e-17},"EnergyVariance":{"Mean":23.754067798678992,"Sigma":6.389204197998896,"Taucorr":0.0},"Iteration":55},
{"Acceptance":[0.11721739130434783],"Energy":{"Mean":-18.42887141702735,"Sigma":0.49538363491674275,"Taucorr":-2.7755575615628914e-17},"EnergyVariance":{"Mean":27.310598635036534,"Sigma":6.007089493865209,"Taucorr":0.0},"Iteration":56},
{"Acceptance":[0.11686956521739131],"Energy":{"Mean":-18.90324009112774,"Sigma":0.3724273408712264,"Taucorr":5.551115123125783e-17},"EnergyVariance":{"Mean":16.971127429138377,"Sigma":3.620177068575885,"Taucorr":5.551115123125783e-17},"Iteration":57},
{"Acceptance":[0.11860869565217391],"Energy":{"Mean":-19.12836587804358,"Sigma":0.5090259746439608,"Taucorr":-2.7755575615628914e-17},"EnergyVariance":{"Mean":118.53878235455599,"Sigma":41.630988367012925,"Taucorr":5.551115123125783e-17},"Iteration":58},
{"Acceptance":[0.11721739130434783],"Energy":{"Mean":-18.445923152470517,"Sigma":0.31899735632721016,"Taucorr":5.551115123125783e-17},"EnergyVariance":{"Mean":12.12281833712513,"Sigma":2.870357765323276,"Taucorr":0.0},"Iteration":59},
{"Acceptance":[0.09913043478260869],"Energy":{"Mean":-17.822458008355337,"Sigma":0.5300254898705936,"Taucorr":5.551115123125783e-17},"EnergyVariance":{"Mean":70.34990630575852,"Sigma":32.554573396523374,"Taucorr":0.0},"Iteration":60},
{"Acceptance":[0.11721739130434783],"Energy":{"Mean":-18.277768699771464,"Sigma":0.33415274271484885,"Taucorr":5.551115123125783e-17},"EnergyVariance":{"Mean":11.722681327661203,"Sigma":2.738674824217706,"Taucorr":5.551115123125783e-17},"Iteration":61},
{"Acceptance":[0.12104347826086957],"Energy":{"Mean":-18.364868798595275,"Sigma":0.3869531221545279,"Taucorr":0.0},"EnergyVariance":{"Mean":15.78269556972981,"Sigma":3.740815503679389,"Taucorr":-2.7755575615628914e-17},"Iteration":62},
{"Acceptance":[0.11547826086956521],"Energy":{"Mean":-17.946404450035903,"Sigma":0.4643385475292006,"Taucorr":0.0},"EnergyVariance":{"Mean":24.156356263668375,"Sigma":6.813434357656825,"Taucorr":0.0},"Iteration":63},
{"Acceptance":[0.11582608695652175],"Energy":{"Mean":-19.56478853684386,"Sigma":0.6473896601900564,"Taucorr":0.0},"EnergyVariance":{"Mean":47.395623482619975,"Sigma":27.161999156975313,"Taucorr":0.0},"Iteration":64},
{"Acceptance":[0.11895652173913043],"Energy":{"Mean":-18.341597746122567,"Sigma":0.34772444409659437,"Taucorr":0.0},"EnergyVariance":{"Mean":13.664113941038973,"Sigma":3.9526005817255205,"Taucorr":0.0},"Iteration":65},
{"Acceptance":[0.11234782608695652],"Energy":{"Mean":-18.46859351425457,"Sigma":0.36538713212212137,"Taucorr":-2.7755575615628914e-17},"EnergyVariance":{"Mean":13.264112199246387,"Sigma":3.450430245453848,"Taucorr":-1.1102230246251565e-16},"Iteration":66},
{"Acceptance":[0.10956521739130434],"Energy":{"Mean":-18.990230770886164,"Sigma":0.442252246574114,"Taucorr":1.1102230246251565e-16},"EnergyVariance":{"Mean":26.76396881925968,"Sigma":4.888258068100605,"Taucorr":2.7755575615628914e-17},"Iteration":67},
{"Acceptance":[0.11443478260869565],"Energy":{"Mean":-18.737149902624417,"Sigma":0.5453096786313253,"Taucorr":1.1102230246251565e-16},"EnergyVariance":{"Mean":47.409366944841814,"Sigma":21.323202025224354,"Taucorr":0.0},"Iteration":68},
{"Acceptance":[0.11895652173913043],"Energy":{"Mean":-19.200421278572488,"Sigma":0.5572340314187617,"Taucorr":-5.551115123125783e-17},"EnergyVariance":{"Mean":31.923202594821152,"Sigma":8.54113135135742,"Taucorr":-5.551115123125783e-17},"Iteration":69},
{"Acceptance":[0.128],"Energy":{"Mean":-18.468397644511043,"Sigma":0.4512055572315197,"Taucorr":0.0},"EnergyVariance":{"Mean":28.390107404332625,"Sigma":6.276434859035776,"Taucorr":0.0},"Iteration":70},
{"Acceptance":[0.10573913043478261],"Energy":{"Mean":-18.36056461574124,"Sigma":0.3370005884165588,"Taucorr":0.0},"EnergyVariance":{"Mean":15.093469567040353,"Sigma":4.94237144274428,"Taucorr":5.551115123125783e-17},"Iteration":71},
{"Acceptance":[0.10921739130434782],"Energy":{"Mean":-19.648259136192387,"Sigma":0.5037752948144548,"Taucorr":1.1102230246251565e-16},"EnergyVariance":{"Mean":25.027695389240392,"Sigma":6.332611600655631,"Taucorr":1.1102230246251565e-16},"Iteration":72},
{"Acceptance":[0.10539130434782609],"Energy":{"Mean":-18.00255094873406,"Sigma":0.36573682750682235,"Taucorr":-5.551115123125783e-17},"EnergyVariance":{"Mean":13.224481038178336,"Sigma":2.6484074244915945,"Taucorr":5.551115123125783e-17},"Iteration":73},
{"Acceptance":[0.11234782608695652],"Energy":{"Mean":-18.06569277716853,"Sigma":0.37082673399654376,"Taucorr":5.551115123125783e-17},"EnergyVariance":{"Mean":13.889246758995093,"Sigma":3.486110434774922,"Taucorr":1.1102230246251565e-16},"Iteration":74},
{"Acceptance":[0.12591304347826088],"Energy":{"Mean":-18.521482108593393,"Sigma":0.40857734608575713,"Taucorr":0.0},"EnergyVariance":{"Mean":17.07461669806883,"Sigma":3.457652466487281,"Taucorr":-2.7755575615628914e-17},"Iteration":75},
{"Acceptance":[0.112],"Energy":{"Mean":-19.398638370712387,"Sigma":0.3000135368798509,"Taucorr":5.551115123125783e-17},"EnergyVariance":{"Mean":9.006346835834254,"Sigma":1.7213813232287793,"Taucorr":5.551115123125783e-17},"Iteration":76},
{"Acceptance":[0.13008695652173913],"Energy":{"Mean":-18.910727140830218,"Sigma":0.41111714020522655,"Taucorr":-5.551115123125783e-17},"EnergyVariance":{"Mean":20.138479664482816,"Sigma":5.212951726295916,"Taucorr":0.0},"Iteration":77},
{"Acceptance":[0.11130434782608696],"Energy":{"Mean":-20.10527941558128,"Sigma":0.45886267387745255,"Taucorr":-2.7755575615628914e-17},"EnergyVariance":{"Mean":26.16007322160136,"Sigma":6.774051827007447,"Taucorr":0.0},"Iteration":78},
{"Acceptance":[0.11826086956521739],"Energy":{"Mean":-19.07476770051575,"Sigma":0.6417345785118936,"Taucorr":0.0},"EnergyVariance":{"Mean":44.05948020152548,"Sigma":11.612129410993807,"Taucorr":5.551115123125783e-17},"Iteration":79},
{"Acceptance":[0.10956521739130434],"Energy":{"Mean":-18.289649638329855,"Sigma":0.4311719402893516,"Taucorr":-2.7755575615628914e-17},"EnergyVariance":{"Mean":21.827760974307758,"Sigma":7.83083632627305,"Taucorr":-2.7755575615628914e-17},"Iteration":80},
{"Acceptance":[0.10156521739130435],"Energy":{"Mean":-19.03888644513929,"Sigma":0.44516716998834516,"Taucorr":-5.551115123125783e-17},"EnergyVariance":{"Mean":23.16103046996927,"Sigma":5.666450748252527,"Taucorr":0.0},"Iteration":81},
{"Acceptance":[0.11617391304347827],"Energy":{"Mean":-18.43819777861972,"Sigma":0.4037232537232093,"Taucorr":0.0},"EnergyVariance":{"Mean":18.07492698290378,"Sigma":6.773284009639314,"Taucorr":-2.7755575615628914e-17},"Iteration":82},
{"Acceptance":[0.12452173913043478],"Energy":{"Mean":-18.75554043624633,"Sigma":0.46113478308210637,"Taucorr":5.551115123125783e-17},"EnergyVariance":{"Mean":27.2559617430721,"Sigma":7.3712364305787315,"Taucorr":0.0},"Iteration":83},
{"Acceptance":[0.10017391304347827],"Energy":{"Mean":-21.873527467572472,"Sigma":0.6550900486072982,"Taucorr":0.0},"EnergyVariance":{"Mean":46.499100729057986,"Sigma":9.310506764727133,"Taucorr":-2.7755575615628914e-17},"Iteration":84},
{"Acceptance":[0.10052173913043479],"Energy":{"Mean":-18.57733224806141,"Sigma":0.37728975174723717,"Taucorr":0.0},"EnergyVariance":{"Mean":19.045036903615813,"Sigma":5.344891074709195,"Taucorr":5.551115123125783e-17},"Iteration":85},
{"Acceptance":[0.12869565217391304],"Energy":{"Mean":-19.241035160440372,"Sigma":0.39873488322780504,"Taucorr":-5.551115123125783e-17},"EnergyVariance":{"Mean":20.90825246087951,"Sigma":4.414151614040246,"Taucorr":0.0},"Iteration":86},
{"Acceptance":[0.10330434782608695],"Energy":{"Mean":-18.728320291985472,"Sigma":0.45046790889439614,"Taucorr":0.0},"EnergyVariance":{"Mean":21.432813903673864,"Sigma":6.077233054098801,"Taucorr":1.1102230246251565e-16},"Iteration":87},
{"Acceptance":[0.10608695652173913],"Energy":{"Mean":-18.806263931442643,"Sigma":0.3465093920530334,"Taucorr":5.551115123125783e-17},"EnergyVariance":{"Mean":12.058975088771932,"Sigma":2.660882323161774,"Taucorr":2.7755575615628914e-17},"Iteration":88},
{"Acceptance":[0.10504347826086957],"Energy":{"Mean":-18.429026204977056,"Sigma":0.49621775139019925,"Taucorr":-2.7755575615628914e-17},"EnergyVariance":{"Mean":39.73311831795456,"Sigma":13.606119639402843,"Taucorr":0.0},"Iteration":89},
{"Acceptance":[0.10504347826086957],"Energy":{"Mean":-19.544600738020087,"Sigma":0.29327969452330166,"Taucorr":-2.7755575615628914e-17},"EnergyVariance":{"Mean":8.557857668988714,"Sigma":1.889416276642531,"Taucorr":0.0},"Iteration":90},
{"Acceptance":[0.11930434782608695],"Energy":{"Mean":-19.237742140362062,"Sigma":0.4802887766906268,"Taucorr":5.551115123125783e-17},"EnergyVariance":{"Mean":24.027467940988977,"Sigma":6.417567599089934,"Taucorr":0.0},"Iteration":91},
{"Acceptance":[0.11269565217391304],"Energy":{"Mean":-18.996690910152054,"Sigma":0.41740008894862124,"Taucorr":-5.551115123125783e-17},"EnergyVariance":{"Mean":19.827048911103294,"Sigma":4.032042853123173,"Taucorr":5.551115123125783e-17},"Iteration":92},
{"Acceptance":[0.12765217391304348],"Energy":{"Mean":-19.15801953404663,"Sigma":0.3722126010760428,"Taucorr":0.0},"EnergyVariance":{"Mean":15.764910605050105,"Sigma":3.7954503379926643,"Taucorr":0.0},"Iteration":93},
{"Acceptance":[0.10052173913043479],"Energy":{"Mean":-19.239762304815628,"Sigma":0.33047763421456355,"Taucorr":5.551115123125783e-17},"EnergyVariance":{"Mean":10.759608931003427,"Sigma":2.0299476872826134,"Taucorr":0.0},"Iteration":94},
{"Acceptance":[0.12521739130434784],"Energy":{"Mean":-19.27487622772645,"Sigma":0.3147818175985926,"Taucorr":-8.326672684688674e-17},"EnergyVariance":{"Mean":10.085683495141911,"Sigma":2.48239357853431,"Taucorr":-5.551115123125783e-17},"Iteration":95},
{"Acceptance":[0.13008695652173913],"Energy":{"Mean":-19.260317601030735,"Sigma":0.4577861456343011,"Taucorr":0.0},"EnergyVariance":{"Mean":30.416410416165515,"Sigma":5.314250919905679,"Taucorr":-5.551115123125783e-17},"Iteration":96},
{"Acceptance":[0.10608695652173913],"Energy":{"Mean":-20.844076894007898,"Sigma":0.4837534367792483,"Taucorr":0.0},"EnergyVariance":{"Mean":23.209527286112863,"Sigma":5.537776946567258,"Taucorr":0.0},"Iteration":97},
{"Acceptance":[0.12069565217391304],"Energy":{"Mean":-20.358335661500817,"Sigma":0.42158556922153395,"Taucorr":-8.326672684688674e-17},"EnergyVariance":{"Mean":19.201480407525924,"Sigma":7.815161214273328,"Taucorr":-5.551115123125783e-17},"Iteration":98},
{"Acceptance":[0.12521739130434784],"Energy":{"Mean":-19.4927808774941,"Sigma":0.3842013252189352,"Taucorr":5.551115123125783e-17},"EnergyVariance":{"Mean":15.24504729571116,"Sigma":2.5899191713379315,"Taucorr":0.0},"Iteration":99} 
]}
{"input": {"L": 22, "J": 1, "machine": {"type": "FFNN", "model": ["tanh", 47, 1]}, "sampler": {"type": "MetropolisHop", "d_max": 5}, "optimizer": {"type": "AdaMax", "alpha": 0.001, "beta1": 0.9, "beta2": 0.999, "epscut": 1e-07}, "VMC": {"n_samples": 100, "discarded_samples": 100, "discarded_samples_on_init": 0, "target": "energy", "method": "Gd", "diag_shift": 0.01, "use_iterative": true, "use_cholesky": true}, "n_iter": 100}}
duration: -0.5192036628723145