{"Output": [
{"Acceptance":[0.839304347826087],"Energy":{"Mean":18.273888308386354,"Sigma":0.2980916525524813,"Taucorr":-8.326672684688674e-17},"EnergyVariance":{"Mean":10.476721840278724,"Sigma":1.40158873267844,"Taucorr":-2.7755575615628914e-17},"Iteration":0},
{"Acceptance":[0.7575652173913043],"Energy":{"Mean":16.26201565951283,"Sigma":0.3703778727373921,"Taucorr":5.551115123125783e-17},"EnergyVariance":{"Mean":19.580448906443614,"Sigma":2.1031744129937344,"Taucorr":-1.1102230246251565e-16},"Iteration":1},
{"Acceptance":[0.6594782608695652],"Energy":{"Mean":14.403525674802124,"Sigma":0.3378146472415408,"Taucorr":5.551115123125783e-17},"EnergyVariance":{"Mean":18.418116056578178,"Sigma":1.445305570291218,"Taucorr":5.551115123125783e-17},"Iteration":2},
{"Acceptance":[0.5902608695652174],"Energy":{"Mean":10.820187301182404,"Sigma":0.41349000228837246,"Taucorr":0.0},"EnergyVariance":{"Mean":25.675584232902573,"Sigma":2.6344964967335205,"Taucorr":5.551115123125783e-17},"Iteration":3},
{"Acceptance":[0.534608695652174],"Energy":{"Mean":9.171782553297191,"Sigma":0.3427810512958065,"Taucorr":0.0},"EnergyVariance":{"Mean":22.21008961005367,"Sigma":2.018683816016776,"Taucorr":-5.551115123125783e-17},"Iteration":4},
{"Acceptance":[0.4653913043478261],"Energy":{"Mean":5.906340710258224,"Sigma":0.38240628744802674,"Taucorr":0.0},"EnergyVariance":{"Mean":23.09646407452277,"Sigma":2.611362450029866,"Taucorr":-5.551115123125783e-17},"Iteration":5},
{"Acceptance":[0.4226086956521739],"Energy":{"Mean":3.5518360088837304,"Sigma":0.35515287011223284,"Taucorr":0.0},"EnergyVariance":{"Mean":25.246597618708762,"Sigma":2.4801065543745118,"Taucorr":0.0},"Iteration":6},
{"Acceptance":[0.37530434782608696],"Energy":{"Mean":0.44958811637179624,"Sigma":0.35574688334879745,"Taucorr":0.0},"EnergyVariance":{"Mean":26.186737232443186,"Sigma":2.748167713342424,"Taucorr":-2.7755575615628914e-17},"Iteration":7},
{"Acceptance":[0.36278260869565215],"Energy":{"Mean":-0.5696586630379364,"Sigma":0.35730890342874677,"Taucorr":0.0},"EnergyVariance":{"Mean":29.763872362923173,"Sigma":3.6669177910237623,"Taucorr":0.0},"Iteration":8},
{"Acceptance":[0.3088695652173913],"Energy":{"Mean":-2.146490552568148,"Sigma":0.36478118771312285,"Taucorr":5.551115123125783e-17},"EnergyVariance":{"Mean":33.005796756897986,"Sigma":4.279228531529998,"Taucorr":0.0},"Iteration":9},
{"Acceptance":[0.2747826086956522],"Energy":{"Mean":-4.414184648280585,"Sigma":0.33156895934301084,"Taucorr":0.0},"EnergyVariance":{"Mean":22.63807145355636,"Sigma":2.5799050289475636,"Taucorr":-5.551115123125783e-17},"Iteration":10},
{"Acceptance":[0.23965217391304347],"Energy":{"Mean":-5.338829332084986,"Sigma":0.33296193069337,"Taucorr":-2.7755575615628914e-17},"EnergyVariance":{"Mean":23.507179754545312,"Sigma":3.464965132466662,"Taucorr":5.551115123125783e-17},"Iteration":11},
{"Acceptance":[0.24208695652173914],"Energy":{"Mean":-5.275202436095162,"Sigma":0.3611085913802299,"Taucorr":-2.7755575615628914e-17},"EnergyVariance":{"Mean":27.414603748134645,"Sigma":4.410732067211779,"Taucorr":0.0},"Iteration":12},
{"Acceptance":[0.2511304347826087],"Energy":{"Mean":-7.49477434287348,"Sigma":0.29372443979424007,"Taucorr":0.0},"EnergyVariance":{"Mean":21.296902930062785,"Sigma":3.33801176389674,"Taucorr":0.0},"Iteration":13},
{"Acceptance":[0.2111304347826087],"Energy":{"Mean":-7.432307129944712,"Sigma":0.42554916180470803,"Taucorr":-1.3877787807814457e-16},"EnergyVariance":{"Mean":31.679960279848324,"Sigma":4.499548229885095,"Taucorr":0.0},"Iteration":14},
{"Acceptance":[0.22191304347826088],"Energy":{"Mean":-9.244279218906454,"Sigma":0.38825708843511775,"Taucorr":-2.7755575615628914e-17},"EnergyVariance":{"Mean":24.11968317789526,"Sigma":3.509556039867307,"Taucorr":0.0},"Iteration":15},
{"Acceptance":[0.22086956521739132],"Energy":{"Mean":-9.453349558172196,"Sigma":0.39181944205732655,"Taucorr":2.7755575615628914e-17},"EnergyVariance":{"Mean":23.98404455374443,"Sigma":3.629656056532996,"Taucorr":2.7755575615628914e-17},"Iteration":16},
{"Acceptance":[0.21391304347826087],"Energy":{"Mean":-9.441022749005253,"Sigma":0.3399094758792859,"Taucorr":-2.7755575615628914e-17},"EnergyVariance":{"Mean":18.998210261697885,"Sigma":2.2196573509345146,"Taucorr":0.0},"Iteration":17},
{"Acceptance":[0.2013913043478261],"Energy":{"Mean":-9.797765219801622,"Sigma":0.42178370688328476,"Taucorr":-2.7755575615628914e-17},"EnergyVariance":{"Mean":22.215100051411348,"Sigma":3.5578326270772656,"Taucorr":0.0},"Iteration":18},
{"Acceptance":[0.20973913043478262],"Energy":{"Mean":-11.82354159873022,"Sigma":0.45662925697684337,"Taucorr":-2.7755575615628914e-17},"EnergyVariance":{"Mean":26.854307303889613,"Sigma":3.803759652051383,"Taucorr":5.551115123125783e-17},"Iteration":19},
{"Acceptance":[0.208],"Energy":{"Mean":-11.953372888872304,"Sigma":0.38584826757645657,"Taucorr":0.0},"EnergyVariance":{"Mean":20.420950029501732,"Sigma":4.311805702202388,"Taucorr":0.0},"Iteration":20},
{"Acceptance":[0.19304347826086957],"Energy":{"Mean":-12.24913199059884,"Sigma":0.38649996918867446,"Taucorr":0.0},"EnergyVariance":{"Mean":18.66774745139114,"Sigma":3.5968072147013594,"Taucorr":-2.7755575615628914e-17},"Iteration":21},
{"Acceptance":[0.18156521739130435],"Energy":{"Mean":-12.557458842860722,"Sigma":0.3673286795888771,"Taucorr":-2.7755575615628914e-17},"EnergyVariance":{"Mean":16.895513276103163,"Sigma":3.1489317019726975,"Taucorr":5.551115123125783e-17},"Iteration":22},
{"Acceptance":[0.18330434782608696],"Energy":{"Mean":-12.335647016615745,"Sigma":0.37761881714466605,"Taucorr":0.0},"EnergyVariance":{"Mean":17.71777692954207,"Sigma":3.269274692112185,"Taucorr":5.551115123125783e-17},"Iteration":23},
{"Acceptance":[0.17982608695652175],"Energy":{"Mean":-14.042563235670666,"Sigma":0.4577287031782927,"Taucorr":-2.7755575615628914e-17},"EnergyVariance":{"Mean":25.198047772023067,"Sigma":4.609765634599698,"Taucorr":0.0},"Iteration":24},
{"Acceptance":[0.19443478260869565],"Energy":{"Mean":-13.710237151373356,"Sigma":0.4143838851059529,"Taucorr":5.551115123125783e-17},"EnergyVariance":{"Mean":23.506515179714903,"Sigma":3.448882453061588,"Taucorr":0.0},"Iteration":25},
{"Acceptance":[0.168],"Energy":{"Mean":-13.43049846281632,"Sigma":0.39579866466034747,"Taucorr":5.551115123125783e-17},"EnergyVariance":{"Mean":21.51961146772191,"Sigma":4.7915017419981885,"Taucorr":5.551115123125783e-17},"Iteration":26},
{"Acceptance":[0.19791304347826086],"Energy":{"Mean":-14.109114258314731,"Sigma":0.41931945646049584,"Taucorr":-2.7755575615628914e-17},"EnergyVariance":{"Mean":19.62607816491878,"Sigma":3.8380123260449523,"Taucorr":0.0},"Iteration":27},
{"Acceptance":[0.1968695652173913],"Energy":{"Mean":-14.448483203029067,"Sigma":0.4309803520783954,"Taucorr":0.0},"EnergyVariance":{"Mean":21.596364559840886,"Sigma":3.363357193884434,"Taucorr":-8.326672684688674e-17},"Iteration":28},
{"Acceptance":[0.17878260869565218],"Energy":{"Mean":-14.800198585753538,"Sigma":0.482929638708166,"Taucorr":-5.551115123125783e-17},"EnergyVariance":{"Mean":26.07637888417413,"Sigma":8.185313167335824,"Taucorr":-2.7755575615628914e-17},"Iteration":29},
{"Acceptance":[0.1728695652173913],"Energy":{"Mean":-14.164260078454086,"Sigma":0.4178203281810167,"Taucorr":0.0},"EnergyVariance":{"Mean":27.500384079746432,"Sigma":6.146684477734842,"Taucorr":0.0},"Iteration":30},
{"Acceptance":[0.16382608695652173],"Energy":{"Mean":-15.863014713289905,"Sigma":0.5145523414352886,"Taucorr":0.0},"EnergyVariance":{"Mean":27.753160835687467,"Sigma":9.747569711869863,"Taucorr":-1.1102230246251565e-16},"Iteration":31},
{"Acceptance":[0.1808695652173913],"Energy":{"Mean":-15.092566735834001,"Sigma":0.41847747968863686,"Taucorr":5.551115123125783e-17},"EnergyVariance":{"Mean":24.154982083001464,"Sigma":5.592554233689079,"Taucorr":0.0},"Iteration":32},
{"Acceptance":[0.16382608695652173],"Energy":{"Mean":-15.536041524475733,"Sigma":0.3659454581608993,"Taucorr":0.0},"EnergyVariance":{"Mean":14.998346031649731,"Sigma":2.2892291375857345,"Taucorr":5.551115123125783e-17},"Iteration":33},
{"Acceptance":[0.17495652173913043],"Energy":{"Mean":-15.05606083333138,"Sigma":0.3298327376544149,"Taucorr":-2.7755575615628914e-17},"EnergyVariance":{"Mean":14.024830067350065,"Sigma":1.735657205837394,"Taucorr":0.0},"Iteration":34},
{"Acceptance":[0.17669565217391303],"Energy":{"Mean":-15.624742046970518,"Sigma":0.2915225908963041,"Taucorr":2.7755575615628914e-17},"EnergyVariance":{"Mean":16.789857056075462,"Sigma":5.530610215677935,"Taucorr":5.551115123125783e-17},"Iteration":35},
{"Acceptance":[0.18365217391304348],"Energy":{"Mean":-15.157683754021852,"Sigma":0.29739213290528815,"Taucorr":-2.7755575615628914e-17},"EnergyVariance":{"Mean":12.456203695261934,"Sigma":1.5593141459630109,"Taucorr":0.0},"Iteration":36},
{"Acceptance":[0.184],"Energy":{"Mean":-15.062511573785105,"Sigma":0.6226334998866436,"Taucorr":-2.7755575615628914e-17},"EnergyVariance":{"Mean":44.94578218448997,"Sigma":12.38072066167779,"Taucorr":0.0},"Iteration":37},
{"Acceptance":[0.1746086956521739],"Energy":{"Mean":-15.416013231291467,"Sigma":0.3728634140687543,"Taucorr":2.7755575615628914e-17},"EnergyVariance":{"Mean":17.047827051784584,"Sigma":4.984334941538197,"Taucorr":0.0},"Iteration":38},
{"Acceptance":[0.17878260869565218],"Energy":{"Mean":-15.969782575246471,"Sigma":0.37176149439446815,"Taucorr":5.551115123125783e-17},"EnergyVariance":{"Mean":23.713432284936363,"Sigma":5.1371926193204525,"Taucorr":1.1102230246251565e-16},"Iteration":39},
{"Acceptance":[0.18434782608695652],"Energy":{"Mean":-16.07905225016945,"Sigma":0.30559843994584257,"Taucorr":0.0},"EnergyVariance":{"Mean":10.25299347790818,"Sigma":1.4511026196919783,"Taucorr":0.0},"Iteration":40},
{"Acceptance":[0.19304347826086957],"Energy":{"Mean":-15.49151436136379,"Sigma":0.40681070033673783,"Taucorr":0.0},"EnergyVariance":{"Mean":24.467377075806837,"Sigma":7.332098877965821,"Taucorr":2.7755575615628914e-17},"Iteration":41},
{"Acceptance":[0.20243478260869566],"Energy":{"Mean":-16.47140856503612,"Sigma":0.3664994419060954,"Taucorr":-8.326672684688674e-17},"EnergyVariance":{"Mean":15.473418561985383,"Sigma":2.363139593993698,"Taucorr":0.0},"Iteration":42},
{"Acceptance":[0.18921739130434784],"Energy":{"Mean":-16.32839259029702,"Sigma":0.29152251412319535,"Taucorr":5.551115123125783e-17},"EnergyVariance":{"Mean":10.511256247717057,"Sigma":1.7821719584769584,"Taucorr":0.0},"Iteration":43},
{"Acceptance":[0.1791304347826087],"Energy":{"Mean":-16.538107064744892,"Sigma":0.33554139707769076,"Taucorr":-5.551115123125783e-17},"EnergyVariance":{"Mean":12.369249849658473,"Sigma":1.8631701858462428,"Taucorr":-2.7755575615628914e-17},"Iteration":44},
{"Acceptance":[0.19095652173913044],"Energy":{"Mean":-17.665507232814786,"Sigma":0.3207453523208622,"Taucorr":5.551115123125783e-17},"EnergyVariance":{"Mean":12.075143564422135,"Sigma":2.045407989094479,"Taucorr":0.0},"Iteration":45},
{"Acceptance":[0.19060869565217392],"Energy":{"Mean":-16.927364257953577,"Sigma":0.4296812210907696,"Taucorr":0.0},"EnergyVariance":{"Mean":22.351462147104122,"Sigma":5.83718150630638,"Taucorr":5.551115123125783e-17},"Iteration":46},
{"Acceptance":[0.17808695652173914],"Energy":{"Mean":-15.70951279841861,"Sigma":0.29665746697747986,"Taucorr":2.7755575615628914e-17},"EnergyVariance":{"Mean":14.950030595953905,"Sigma":3.255295650469247,"Taucorr":0.0},"Iteration":47},
{"Acceptance":[0.19408695652173913],"Energy":{"Mean":-16.77086024781647,"Sigma":0.24622473929751493,"Taucorr":0.0},"EnergyVariance":{"Mean":9.009087061985358,"Sigma":1.4056164721697892,"Taucorr":0.0},"Iteration":48},
{"Acceptance":[0.19234782608695652],"Energy":{"Mean":-17.301278357999294,"Sigma":0.32615725718281785,"Taucorr":0.0},"EnergyVariance":{"Mean":13.892208729940222,"Sigma":2.548844124025054,"Taucorr":5.551115123125783e-17},"Iteration":49},
{"Acceptance":[0.18608695652173912],"Energy":{"Mean":-17.223766194930327,"Sigma":0.42265246735264317,"Taucorr":1.1102230246251565e-16},"EnergyVariance":{"Mean":21.554086342782547,"Sigma":4.916100354768245,"Taucorr":2.7755575615628914e-17},"Iteration":50},
{"Acceptance":[0.20695652173913043],"Energy":{"Mean":-16.95611427936029,"Sigma":0.4477931075384197,"Taucorr":0.0},"EnergyVariance":{"Mean":22.65655855367852,"Sigma":6.237212609265175,"Taucorr":0.0},"Iteration":51},
{"Acceptance":[0.1986086956521739],"Energy":{"Mean":-18.3281903582612,"Sigma":0.3667168015602377,"Taucorr":0.0},"EnergyVariance":{"Mean":16.32091285625483,"Sigma":2.767280475260151,"Taucorr":0.0},"Iteration":52},
{"Acceptance":[0.18991304347826088],"Energy":{"Mean":-17.378584925871635,"Sigma":0.2944085042169577,"Taucorr":-2.7755575615628914e-17},"EnergyVariance":{"Mean":9.71874428106708,"Sigma":1.4344410921097184,"Taucorr":-5.551115123125783e-17},"Iteration":53},
{"Acceptance":[0.19721739130434782],"Energy":{"Mean":-16.812236040843853,"Sigma":0.3552570020037895,"Taucorr":1.1102230246251565e-16},"EnergyVariance":{"Mean":14.760559614754904,"Sigma":2.513387950677623,"Taucorr":-5.551115123125783e-17},"Iteration":54},
{"Acceptance":[0.19791304347826086],"Energy":{"Mean":-17.37833878497794,"Sigma":0.31358912790625504,"Taucorr":0.0},"EnergyVariance":{"Mean":15.07119221754689,"Sigma":3.9196274721017916,"Taucorr":0.0},"Iteration":55},
{"Acceptance":[0.21008695652173914],"Energy":{"Mean":-18.29278400168286,"Sigma":0.30688856446735274,"Taucorr":-5.551115123125783e-17},"EnergyVariance":{"Mean":12.359184425040509,"Sigma":1.7824846695249295,"Taucorr":0.0},"Iteration":56},
{"Acceptance":[0.19721739130434782],"Energy":{"Mean":-17.394737871363947,"Sigma":0.5099110788152742,"Taucorr":-2.7755575615628914e-17},"EnergyVariance":{"Mean":30.377592746979722,"Sigma":10.85579221494927,"Taucorr":-5.551115123125783e-17},"Iteration":57},
{"Acceptance":[0.19826086956521738],"Energy":{"Mean":-17.370243278096453,"Sigma":0.3087317138530917,"Taucorr":-2.7755575615628914e-17},"EnergyVariance":{"Mean":11.87526307221268,"Sigma":1.891984150499817,"Taucorr":5.551115123125783e-17},"Iteration":58},
{"Acceptance":[0.21043478260869566],"Energy":{"Mean":-17.623940582838163,"Sigma":0.5125276265270344,"Taucorr":0.0},"EnergyVariance":{"Mean":33.234478323385794,"Sigma":8.846103162531849,"Taucorr":0.0},"Iteration":59},
{"Acceptance":[0.208],"Energy":{"Mean":-18.035856357659554,"Sigma":0.3712726610671906,"Taucorr":0.0},"EnergyVariance":{"Mean":35.2114122301311,"Sigma":15.400246335079135,"Taucorr":0.0},"Iteration":60},
{"Acceptance":[0.21460869565217391],"Energy":{"Mean":-18.62149191269667,"Sigma":0.432376920859036,"Taucorr":0.0},"EnergyVariance":{"Mean":20.8025546500486,"Sigma":6.200606492792975,"Taucorr":-2.7755575615628914e-17},"Iteration":61},
{"Acceptance":[0.1986086956521739],"Energy":{"Mean":-18.536005935926887,"Sigma":0.38081126006033955,"Taucorr":-5.551115123125783e-17},"EnergyVariance":{"Mean":16.562189443753525,"Sigma":2.7204223339798275,"Taucorr":5.551115123125783e-17},"Iteration":62},
{"Acceptance":[0.20278260869565218],"Energy":{"Mean":-18.48167422037561,"Sigma":0.3663048016783467,"Taucorr":0.0},"EnergyVariance":{"Mean":15.74302348323583,"Sigma":3.1497548292336965,"Taucorr":-2.7755575615628914e-17},"Iteration":63},
{"Acceptance":[0.21391304347826087],"Energy":{"Mean":-17.291389932004382,"Sigma":0.3249611649110517,"Taucorr":1.1102230246251565e-16},"EnergyVariance":{"Mean":12.595358517201111,"Sigma":1.8085935527567791,"Taucorr":5.551115123125783e-17},"Iteration":64},
{"Acceptance":[0.20730434782608695],"Energy":{"Mean":-18.292196105961878,"Sigma":0.372301719995901,"Taucorr":1.1102230246251565e-16},"EnergyVariance":{"Mean":14.507538605948818,"Sigma":2.4037568535414646,"Taucorr":0.0},"Iteration":65},
{"Acceptance":[0.21321739130434783],"Energy":{"Mean":-17.734925580888977,"Sigma":0.32631195127787677,"Taucorr":0.0},"EnergyVariance":{"Mean":12.60952548117045,"Sigma":1.643336524209351,"Taucorr":5.551115123125783e-17},"Iteration":66},
{"Acceptance":[0.1933913043478261],"Energy":{"Mean":-19.024367827625056,"Sigma":0.34031849616797555,"Taucorr":0.0},"EnergyVariance":{"Mean":34.24413867596844,"Sigma":12.414641415671534,"Taucorr":0.0},"Iteration":67},
{"Acceptance":[0.1902608695652174],"Energy":{"Mean":-18.54481739343322,"Sigma":0.37232765502481474,"Taucorr":0.0},"EnergyVariance":{"Mean":19.447642043185013,"Sigma":2.831438311557325,"Taucorr":0.0},"Iteration":68},
{"Acceptance":[0.20347826086956522],"Energy":{"Mean":-17.267248498923447,"Sigma":0.3001626513539196,"Taucorr":0.0},"EnergyVariance":{"Mean":13.370620912413475,"Sigma":3.156387551957119,"Taucorr":0.0},"Iteration":69},
{"Acceptance":[0.19304347826086957],"Energy":{"Mean":-18.116693581857348,"Sigma":0.40354038267846515,"Taucorr":1.1102230246251565e-16},"EnergyVariance":{"Mean":18.214020147879584,"Sigma":2.53767608330449,"Taucorr":5.551115123125783e-17},"Iteration":70},
{"Acceptance":[0.18539130434782608],"Energy":{"Mean":-19.035311173807223,"Sigma":0.36187041610516185,"Taucorr":-5.551115123125783e-17},"EnergyVariance":{"Mean":14.288283554778673,"Sigma":1.878882155344315,"Taucorr":-8.326672684688674e-17},"Iteration":71},
{"Acceptance":[0.18191304347826087],"Energy":{"Mean":-18.863248285416788,"Sigma":0.4651848709790425,"Taucorr":-5.551115123125783e-17},"EnergyVariance":{"Mean":34.660529846970036,"Sigma":13.450441483173044,"Taucorr":0.0},"Iteration":72},
{"Acceptance":[0.20034782608695653],"Energy":{"Mean":-18.14509887274121,"Sigma":0.4180618973978598,"Taucorr":5.551115123125783e-17},"EnergyVariance":{"Mean":20.62078503181977,"Sigma":2.9882414058236875,"Taucorr":2.7755575615628914e-17},"Iteration":73},
{"Acceptance":[0.18121739130434783],"Energy":{"Mean":-17.237075786956957,"Sigma":0.6574670179407985,"Taucorr":0.0},"EnergyVariance":{"Mean":58.711418713112934,"Sigma":27.622949190991783,"Taucorr":5.551115123125783e-17},"Iteration":74},
{"Acceptance":[0.18469565217391304],"Energy":{"Mean":-19.260410853016555,"Sigma":0.4740659976211546,"Taucorr":2.7755575615628914e-17},"EnergyVariance":{"Mean":33.984245535498765,"Sigma":8.438441574806838,"Taucorr":-2.7755575615628914e-17},"Iteration":75},
{"Acceptance":[0.1822608695652174],"Energy":{"Mean":-17.017847670419663,"Sigma":0.37639506748409857,"Taucorr":0.0},"EnergyVariance":{"Mean":21.4567848386801,"Sigma":4.316113155421472,"Taucorr":5.551115123125783e-17},"Iteration":76},
{"Acceptance":[0.1711304347826087],"Energy":{"Mean":-18.089949908110782,"Sigma":0.3168746340174255,"Taucorr":-8.326672684688674e-17},"EnergyVariance":{"Mean":11.838437554943638,"Sigma":2.316880251485049,"Taucorr":0.0},"Iteration":77},
{"Acceptance":[0.1613913043478261],"Energy":{"Mean":-18.917960996936024,"Sigma":0.30496173165255863,"Taucorr":2.7755575615628914e-17},"EnergyVariance":{"Mean":12.407565026292701,"Sigma":2.9524535565009375,"Taucorr":-5.551115123125783e-17},"Iteration":78},
{"Acceptance":[0.17530434782608695],"Energy":{"Mean":-19.090346161386623,"Sigma":0.3886106248584474,"Taucorr":0.0},"EnergyVariance":{"Mean":20.367320897324262,"Sigma":4.861341259954107,"Taucorr":5.551115123125783e-17},"Iteration":79},
{"Acceptance":[0.16869565217391305],"Energy":{"Mean":-18.901270620758808,"Sigma":0.3484120442666276,"Taucorr":5.551115123125783e-17},"EnergyVariance":{"Mean":20.02138162588943,"Sigma":8.085295376120746,"Taucorr":0.0},"Iteration":80},
{"Acceptance":[0.16730434782608697],"Energy":{"Mean":-17.65538532666784,"Sigma":0.46146461558339785,"Taucorr":-8.326672684688674e-17},"EnergyVariance":{"Mean":31.341619572668378,"Sigma":8.38554004855576,"Taucorr":0.0},"Iteration":81},
{"Acceptance":[0.1634782608695652],"Energy":{"Mean":-19.03849088484436,"Sigma":0.3709830143805369,"Taucorr":-8.326672684688674e-17},"EnergyVariance":{"Mean":14.966829405642342,"Sigma":3.014449169230864,"Taucorr":-5.551115123125783e-17},"Iteration":82},
{"Acceptance":[0.16973913043478261],"Energy":{"Mean":-18.938217185876315,"Sigma":0.30803828129599287,"Taucorr":-8.326672684688674e-17},"EnergyVariance":{"Mean":11.142658845370057,"Sigma":1.9584765369280004,"Taucorr":0.0},"Iteration":83},
{"Acceptance":[0.144],"Energy":{"Mean":-18.370223820913647,"Sigma":0.4214824672807423,"Taucorr":-5.551115123125783e-17},"EnergyVariance":{"Mean":20.734163321423253,"Sigma":4.16639303235612,"Taucorr":5.551115123125783e-17},"Iteration":84},
{"Acceptance":[0.1488695652173913],"Energy":{"Mean":-19.040335114527302,"Sigma":0.27680070815846103,"Taucorr":-8.326672684688674e-17},"EnergyVariance":{"Mean":8.96151196643399,"Sigma":1.484835351656999,"Taucorr":0.0},"Iteration":85},
{"Acceptance":[0.15930434782608696],"Energy":{"Mean":-18.134329391169928,"Sigma":0.28267853541653976,"Taucorr":-1.3877787807814457e-16},"EnergyVariance":{"Mean":13.788592909251555,"Sigma":2.34964152731189,"Taucorr":5.551115123125783e-17},"Iteration":86},
{"Acceptance":[0.152],"Energy":{"Mean":-18.89422261916784,"Sigma":0.33216489913467495,"Taucorr":-2.7755575615628914e-17},"EnergyVariance":{"Mean":15.444501039762885,"Sigma":5.387716985156782,"Taucorr":-8.326672684688674e-17},"Iteration":87},
{"Acceptance":[0.1453913043478261],"Energy":{"Mean":-19.404076414336267,"Sigma":0.48342577196891867,"Taucorr":0.0},"EnergyVariance":{"Mean":33.42014603739626,"Sigma":9.314531201764588,"Taucorr":0.0},"Iteration":88},
{"Acceptance":[0.14573913043478262],"Energy":{"Mean":-19.2454383167815,"Sigma":0.4154900814613081,"Taucorr":-5.551115123125783e-17},"EnergyVariance":{"Mean":19.808963456945648,"Sigma":5.046726022438065,"Taucorr":-5.551115123125783e-17},"Iteration":89},
{"Acceptance":[0.1488695652173913],"Energy":{"Mean":-18.652893392363602,"Sigma":0.45105507762734853,"Taucorr":1.6653345369377348e-16},"EnergyVariance":{"Mean":24.737502257997654,"Sigma":5.400649790335272,"Taucorr":-5.551115123125783e-17},"Iteration":90},
{"Acceptance":[0.13669565217391305],"Energy":{"Mean":-19.750298743467653,"Sigma":0.30092403979341303,"Taucorr":-1.1102230246251565e-16},"EnergyVariance":{"Mean":10.587177888051444,"Sigma":1.8884883154303045,"Taucorr":0.0},"Iteration":91},
{"Acceptance":[0.144],"Energy":{"Mean":-18.641324370581465,"Sigma":0.34630047455854174,"Taucorr":-2.7755575615628914e-17},"EnergyVariance":{"Mean":22.04813083742809,"Sigma":9.509789582399499,"Taucorr":0.0},"Iteration":92},
{"Acceptance":[0.14330434782608695],"Energy":{"Mean":-19.87170787981041,"Sigma":0.38400418314721685,"Taucorr":0.0},"EnergyVariance":{"Mean":16.180215662003782,"Sigma":3.0990311355544478,"Taucorr":0.0},"Iteration":93},
{"Acceptance":[0.1634782608695652],"Energy":{"Mean":-18.95009211963211,"Sigma":0.3897763330853732,"Taucorr":5.551115123125783e-17},"EnergyVariance":{"Mean":27.425232477791738,"Sigma":8.090965410628241,"Taucorr":5.551115123125783e-17},"Iteration":94},
{"Acceptance":[0.16208695652173913],"Energy":{"Mean":-18.21442030364981,"Sigma":0.29594443070535104,"Taucorr":-1.3877787807814457e-16},"EnergyVariance":{"Mean":10.420221911524926,"Sigma":1.5411676661790799,"Taucorr":2.7755575615628914e-17},"Iteration":95},
{"Acceptance":[0.1443478260869565],"Energy":{"Mean":-19.33524518279313,"Sigma":0.3739993774795349,"Taucorr":0.0},"EnergyVariance":{"Mean":20.041231882280137,"Sigma":4.59131702862901,"Taucorr":0.0},"Iteration":96},
{"Acceptance":[0.1506086956521739],"Energy":{"Mean":-19.5608227228618,"Sigma":0.364033937666477,"Taucorr":-1.1102230246251565e-16},"EnergyVariance":{"Mean":17.61480309905695,"Sigma":7.857642558480334,"Taucorr":-2.7755575615628914e-17},"Iteration":97},
{"Acceptance":[0.14747826086956523],"Energy":{"Mean":-18.32113691136542,"Sigma":0.31915209898213115,"Taucorr":5.551115123125783e-17},"EnergyVariance":{"Mean":10.59596047682371,"Sigma":1.2722720448976184,"Taucorr":5.551115123125783e-17},"Iteration":98},
{"Acceptance":[0.15095652173913043],"Energy":{"Mean":-19.228472865673364,"Sigma":0.2993613235811756,"Taucorr":-5.551115123125783e-17},"EnergyVariance":{"Mean":10.444971196769803,"Sigma":2.002798170477861,"Taucorr":5.551115123125783e-17},"Iteration":99} 
]}
{"input": {"L": 22, "J": 1, "machine": {"type": "FFNN", "model": ["tanh", 59, 2]}, "sampler": {"type": "MetropolisHop", "d_max": 5}, "optimizer": {"type": "AdaMax", "alpha": 0.001, "beta1": 0.9, "beta2": 0.999, "epscut": 1e-07}, "VMC": {"n_samples": 100, "discarded_samples": 100, "discarded_samples_on_init": 0, "target": "energy", "method": "Gd", "diag_shift": 0.01, "use_iterative": true, "use_cholesky": true}, "n_iter": 100}}
duration: -2.219813585281372