{"Output": [
{"Acceptance":[0.8696666666666667],"Energy":{"Mean":11.942489556184178,"Sigma":0.3284413128132004,"Taucorr":0.0856172071500424},"EnergyVariance":{"Mean":8.844303132314117,"Sigma":1.1126444029050642,"Taucorr":-0.02384700794973499},"Iteration":0},
{"Acceptance":[0.8566666666666667],"Energy":{"Mean":11.737427934266169,"Sigma":0.35280845962643725,"Taucorr":0.13031040643821779},"EnergyVariance":{"Mean":9.689548321754497,"Sigma":1.1593695097684622,"Taucorr":-0.033700371474209345},"Iteration":1},
{"Acceptance":[0.8026666666666666],"Energy":{"Mean":11.448098225082925,"Sigma":0.3281183550478206,"Taucorr":0.18141782327406863},"EnergyVariance":{"Mean":7.999763164089822,"Sigma":1.0886698467880163,"Taucorr":0.05622577098607029},"Iteration":2},
{"Acceptance":[0.791],"Energy":{"Mean":11.490268885877162,"Sigma":0.3027416602048585,"Taucorr":-0.0676487765994565},"EnergyVariance":{"Mean":11.044304213856345,"Sigma":1.7126856184218688,"Taucorr":0.1645021414825375},"Iteration":3},
{"Acceptance":[0.7666666666666667],"Energy":{"Mean":10.96743412623957,"Sigma":0.36903728593314294,"Taucorr":0.2900267211693053},"EnergyVariance":{"Mean":9.94533578735341,"Sigma":1.884277810860364,"Taucorr":0.20815957272219143},"Iteration":4},
{"Acceptance":[0.734],"Energy":{"Mean":10.438625516658224,"Sigma":0.39083035468519967,"Taucorr":0.2205117899057647},"EnergyVariance":{"Mean":11.494055257571253,"Sigma":1.3579777200160936,"Taucorr":0.052353374005862596},"Iteration":5},
{"Acceptance":[0.73],"Energy":{"Mean":10.276664713224253,"Sigma":0.3423690166412544,"Taucorr":0.046080939643180496},"EnergyVariance":{"Mean":11.822141261915991,"Sigma":1.2698619323527156,"Taucorr":-0.07862764743950496},"Iteration":6},
{"Acceptance":[0.7013333333333334],"Energy":{"Mean":10.3438071479386,"Sigma":0.5350095919054169,"Taucorr":0.3696061317278372},"EnergyVariance":{"Mean":18.26562832920311,"Sigma":3.4116759473113505,"Taucorr":0.4108882754662859},"Iteration":7},
{"Acceptance":[0.6843333333333333],"Energy":{"Mean":9.311349195076547,"Sigma":0.31301649217440625,"Taucorr":-0.10185956276118802},"EnergyVariance":{"Mean":14.887750018406436,"Sigma":1.506024188148077,"Taucorr":-0.034425044975937014},"Iteration":8},
{"Acceptance":[0.6506666666666666],"Energy":{"Mean":8.282451768512344,"Sigma":0.35999741039358674,"Taucorr":0.04421133793262577},"EnergyVariance":{"Mean":15.172526008478632,"Sigma":1.818174144435102,"Taucorr":0.01107231757738747},"Iteration":9},
{"Acceptance":[0.6503333333333333],"Energy":{"Mean":9.262654817896909,"Sigma":0.4403063436574319,"Taucorr":0.1449674861575605},"EnergyVariance":{"Mean":19.75065286845372,"Sigma":2.4932849826972867,"Taucorr":0.024526677356981996},"Iteration":10},
{"Acceptance":[0.6176666666666667],"Energy":{"Mean":8.2486151021395,"Sigma":0.3643681006268305,"Taucorr":0.13761005959964723},"EnergyVariance":{"Mean":14.67786150737845,"Sigma":1.954185872645927,"Taucorr":0.24904049599512845},"Iteration":11},
{"Acceptance":[0.6076666666666667],"Energy":{"Mean":7.596049727072526,"Sigma":0.4354427960232555,"Taucorr":0.23101860006067687},"EnergyVariance":{"Mean":17.039651743824784,"Sigma":2.2112234973061646,"Taucorr":-0.027008861806826046},"Iteration":12},
{"Acceptance":[0.5873333333333334],"Energy":{"Mean":7.130349663724716,"Sigma":0.6197213506839272,"Taucorr":0.6962509208880194},"EnergyVariance":{"Mean":20.79245352724421,"Sigma":3.355761927546629,"Taucorr":0.224198574425019},"Iteration":13},
{"Acceptance":[0.549],"Energy":{"Mean":6.178933015381588,"Sigma":0.6013074300649045,"Taucorr":0.4166253003307955},"EnergyVariance":{"Mean":23.31611080063703,"Sigma":2.089116771479723,"Taucorr":-0.11706554545468673},"Iteration":14},
{"Acceptance":[0.561],"Energy":{"Mean":6.0215167204048665,"Sigma":0.5252950947842228,"Taucorr":0.440959229883114},"EnergyVariance":{"Mean":18.82344974910117,"Sigma":2.647698235631545,"Taucorr":0.19454822470246058},"Iteration":15},
{"Acceptance":[0.5206666666666667],"Energy":{"Mean":5.66796175973086,"Sigma":0.45611853847967837,"Taucorr":0.13904646214222227},"EnergyVariance":{"Mean":22.442209069606964,"Sigma":2.6575563901426937,"Taucorr":-0.05608538703846566},"Iteration":16},
{"Acceptance":[0.5293333333333333],"Energy":{"Mean":5.702282004457918,"Sigma":0.5203799884347383,"Taucorr":0.34831373683423195},"EnergyVariance":{"Mean":23.598676622384477,"Sigma":3.1251594298688308,"Taucorr":0.005889206606998099},"Iteration":17},
{"Acceptance":[0.483],"Energy":{"Mean":3.6231770649392256,"Sigma":0.5440494214451229,"Taucorr":0.3824209155124296},"EnergyVariance":{"Mean":23.601501352835538,"Sigma":3.791239051479933,"Taucorr":0.3822991806210463},"Iteration":18},
{"Acceptance":[0.4806666666666667],"Energy":{"Mean":3.378868527033526,"Sigma":0.4545265640222458,"Taucorr":0.40989853769839835},"EnergyVariance":{"Mean":17.01204447149749,"Sigma":1.93056554329687,"Taucorr":-0.09207186044787163},"Iteration":19},
{"Acceptance":[0.44233333333333336],"Energy":{"Mean":3.005723361312071,"Sigma":0.6634851314727764,"Taucorr":0.5949760225327023},"EnergyVariance":{"Mean":27.408424984895575,"Sigma":3.7513111957706204,"Taucorr":0.045754816484128824},"Iteration":20},
{"Acceptance":[0.452],"Energy":{"Mean":2.991446222536727,"Sigma":0.5139118338360419,"Taucorr":0.33424347126270404},"EnergyVariance":{"Mean":23.891635407845612,"Sigma":3.5458526333577254,"Taucorr":0.2881124461440776},"Iteration":21},
{"Acceptance":[0.4236666666666667],"Energy":{"Mean":2.355130720273001,"Sigma":0.6522000767589073,"Taucorr":0.7160818246777418},"EnergyVariance":{"Mean":24.56193879499823,"Sigma":3.199622833925846,"Taucorr":0.2187249788600525},"Iteration":22},
{"Acceptance":[0.4066666666666667],"Energy":{"Mean":0.5902007379211968,"Sigma":0.39650945348737027,"Taucorr":0.11712606312769924},"EnergyVariance":{"Mean":20.8692925700076,"Sigma":3.2404876484480143,"Taucorr":0.07663273261154058},"Iteration":23},
{"Acceptance":[0.41433333333333333],"Energy":{"Mean":0.3501519611215196,"Sigma":0.5091673595958669,"Taucorr":0.31253240225664847},"EnergyVariance":{"Mean":27.184499666918256,"Sigma":4.050061187004495,"Taucorr":0.11488961006727616},"Iteration":24},
{"Acceptance":[0.377],"Energy":{"Mean":-0.9532623610465888,"Sigma":0.47843619660733533,"Taucorr":0.4837022237284573},"EnergyVariance":{"Mean":18.307671836028323,"Sigma":2.2490522948529863,"Taucorr":0.022637398603228553},"Iteration":25},
{"Acceptance":[0.3606666666666667],"Energy":{"Mean":-0.9376698999967419,"Sigma":0.5409201197080417,"Taucorr":0.6701665076867767},"EnergyVariance":{"Mean":19.728615553179424,"Sigma":2.942912132322685,"Taucorr":0.1569592297207839},"Iteration":26},
{"Acceptance":[0.374],"Energy":{"Mean":-1.6740816823093432,"Sigma":0.4652003924943848,"Taucorr":0.2267589839640225},"EnergyVariance":{"Mean":23.664362855738638,"Sigma":2.803181320229819,"Taucorr":0.10211269234101417},"Iteration":27},
{"Acceptance":[0.3323333333333333],"Energy":{"Mean":-1.9001163340835974,"Sigma":0.6438165271914238,"Taucorr":0.7848903708876802},"EnergyVariance":{"Mean":23.78017012252389,"Sigma":2.7511269783066954,"Taucorr":0.08162039880407168},"Iteration":28},
{"Acceptance":[0.31566666666666665],"Energy":{"Mean":-2.0922123308080343,"Sigma":0.7171754575448477,"Taucorr":0.6652055537306003},"EnergyVariance":{"Mean":31.352418723603645,"Sigma":4.689634091759585,"Taucorr":0.258503698063402},"Iteration":29},
{"Acceptance":[0.27066666666666667],"Energy":{"Mean":-4.602191548498775,"Sigma":0.670732830594321,"Taucorr":0.7476351145184816},"EnergyVariance":{"Mean":28.968606895227317,"Sigma":7.896136180482522,"Taucorr":0.11025609883369725},"Iteration":30},
{"Acceptance":[0.259],"Energy":{"Mean":-4.586346001321259,"Sigma":0.6101494970516516,"Taucorr":0.7344529227402685},"EnergyVariance":{"Mean":20.404581225219577,"Sigma":2.9652366723409997,"Taucorr":0.35996180249808807},"Iteration":31},
{"Acceptance":[0.21766666666666667],"Energy":{"Mean":-7.044414471806143,"Sigma":0.6041835233514744,"Taucorr":0.8295911113415697},"EnergyVariance":{"Mean":16.96020090315186,"Sigma":3.2617046686036084,"Taucorr":0.3357837667428748},"Iteration":32},
{"Acceptance":[0.205],"Energy":{"Mean":-6.152142907817555,"Sigma":0.5183645613383576,"Taucorr":0.5751299535824206},"EnergyVariance":{"Mean":17.93834657918183,"Sigma":4.595077274635199,"Taucorr":0.5982918294807509},"Iteration":33},
{"Acceptance":[0.13833333333333334],"Energy":{"Mean":-8.964450351354314,"Sigma":0.5569873452778796,"Taucorr":0.8287503309542228},"EnergyVariance":{"Mean":14.590654408063571,"Sigma":3.4418565196760174,"Taucorr":0.6496613864380953},"Iteration":34},
{"Acceptance":[0.18566666666666667],"Energy":{"Mean":-6.4948457871148015,"Sigma":0.5110819793535323,"Taucorr":0.23445149731745218},"EnergyVariance":{"Mean":25.014252664877056,"Sigma":5.931322137754583,"Taucorr":0.012730670049350468},"Iteration":35},
{"Acceptance":[0.12033333333333333],"Energy":{"Mean":-8.40890447844579,"Sigma":0.763071076435784,"Taucorr":0.7927744561553876},"EnergyVariance":{"Mean":32.71256754748458,"Sigma":14.507326358379265,"Taucorr":0.8191931673648063},"Iteration":36},
{"Acceptance":[0.10633333333333334],"Energy":{"Mean":-9.135669614095807,"Sigma":0.6295454443954592,"Taucorr":0.5748295403907848},"EnergyVariance":{"Mean":25.160318892492196,"Sigma":9.483776045103138,"Taucorr":0.0755122456438394},"Iteration":37},
{"Acceptance":[0.09866666666666667],"Energy":{"Mean":-9.962976547801404,"Sigma":0.5872103122969662,"Taucorr":0.43961392704294977},"EnergyVariance":{"Mean":27.950208734473023,"Sigma":12.845777599232118,"Taucorr":-0.0020013926481851074},"Iteration":38},
{"Acceptance":[0.07566666666666666],"Energy":{"Mean":-9.28949669444835,"Sigma":0.7485176073269141,"Taucorr":0.452966860987175},"EnergyVariance":{"Mean":35.18591726304912,"Sigma":9.693118354600923,"Taucorr":0.008806006735642247},"Iteration":39},
{"Acceptance":[0.06366666666666666],"Energy":{"Mean":-10.056891546602115,"Sigma":0.6937500340881109,"Taucorr":0.25310894043239085},"EnergyVariance":{"Mean":37.260430921495484,"Sigma":12.649928625492745,"Taucorr":0.014759456604011678},"Iteration":40},
{"Acceptance":[0.05633333333333333],"Energy":{"Mean":-10.573428796576659,"Sigma":0.476951337707695,"Taucorr":0.5238493234131796},"EnergyVariance":{"Mean":14.804396765876383,"Sigma":7.65088827330835,"Taucorr":0.04081907072926594},"Iteration":41},
{"Acceptance":[0.04666666666666667],"Energy":{"Mean":-11.500245918051608,"Sigma":0.3050779239032981,"Taucorr":0.45876325922100936},"EnergyVariance":{"Mean":5.127198294998572,"Sigma":2.2321013491674213,"Taucorr":-0.03297923377158413},"Iteration":42},
{"Acceptance":[0.03833333333333333],"Energy":{"Mean":-11.546041551947718,"Sigma":0.6351517460671735,"Taucorr":0.9190483867556329},"EnergyVariance":{"Mean":19.63162157661903,"Sigma":11.593681638595779,"Taucorr":0.8850944257744544},"Iteration":43},
{"Acceptance":[0.027666666666666666],"Energy":{"Mean":-12.870682897635849,"Sigma":0.20812375881427622,"Taucorr":0.8219152787890327},"EnergyVariance":{"Mean":1.585060416096476,"Sigma":0.366269767276369,"Taucorr":0.8477935646792576},"Iteration":44},
{"Acceptance":[0.02266666666666667],"Energy":{"Mean":-12.717269626035451,"Sigma":0.24700633133460587,"Taucorr":1.07551019901256},"EnergyVariance":{"Mean":1.8617133471687661,"Sigma":0.40450930731440343,"Taucorr":0.4920622765717134},"Iteration":45},
{"Acceptance":[0.02266666666666667],"Energy":{"Mean":-13.479020023007752,"Sigma":0.12576213633435376,"Taucorr":0.42655562547211934},"EnergyVariance":{"Mean":9.680378488922289,"Sigma":6.242865175467159,"Taucorr":0.0030968020296320287},"Iteration":46},
{"Acceptance":[0.016666666666666666],"Energy":{"Mean":-13.668034531507685,"Sigma":0.14271515602645413,"Taucorr":0.7395003026190798},"EnergyVariance":{"Mean":0.7975782962227931,"Sigma":0.4354371078694263,"Taucorr":0.9376853138598271},"Iteration":47},
{"Acceptance":[0.009666666666666667],"Energy":{"Mean":-13.637501030440971,"Sigma":0.13291913835571625,"Taucorr":0.8591216641423423},"EnergyVariance":{"Mean":0.6275814225732776,"Sigma":0.17546366613044564,"Taucorr":0.8511939252348004},"Iteration":48},
{"Acceptance":[0.008333333333333333],"Energy":{"Mean":-13.657628190138364,"Sigma":0.1435522416333113,"Taucorr":0.8883807663048169},"EnergyVariance":{"Mean":0.7111735563687662,"Sigma":0.23609714328466103,"Taucorr":0.43967065893259993},"Iteration":49},
{"Acceptance":[0.009666666666666667],"Energy":{"Mean":-13.753210888729186,"Sigma":0.12728726096305407,"Taucorr":1.0609066912050853},"EnergyVariance":{"Mean":0.4960498795107929,"Sigma":0.1903350876711326,"Taucorr":1.062270053881753},"Iteration":50},
{"Acceptance":[0.015],"Energy":{"Mean":-13.647170138498204,"Sigma":0.13539621715726322,"Taucorr":0.8598602291977766},"EnergyVariance":{"Mean":0.6416120199346846,"Sigma":0.17347838018170658,"Taucorr":0.8609937974055297},"Iteration":51},
{"Acceptance":[0.010333333333333333],"Energy":{"Mean":-13.45047497391793,"Sigma":0.177985977222609,"Taucorr":0.9743416819130946},"EnergyVariance":{"Mean":1.021306544598624,"Sigma":0.2498353621766154,"Taucorr":0.4196585825032596},"Iteration":52},
{"Acceptance":[0.009666666666666667],"Energy":{"Mean":-13.786171714623563,"Sigma":0.14009570947871494,"Taucorr":1.0734754553282957},"EnergyVariance":{"Mean":0.5927928069652011,"Sigma":0.3753390353752458,"Taucorr":0.8993864048898315},"Iteration":53},
{"Acceptance":[0.0013333333333333333],"Energy":{"Mean":-13.993054320626419,"Sigma":0.021130398748664393,"Taucorr":1.1102230246251565e-15},"EnergyVariance":{"Mean":0.04252734302242428,"Sigma":0.041969563329581384,"Taucorr":2.220446049250313e-16},"Iteration":54},
{"Acceptance":[0.0026666666666666666],"Energy":{"Mean":-13.904814445817342,"Sigma":0.08570529236967363,"Taucorr":1.2384137601528906},"EnergyVariance":{"Mean":0.20075443169093124,"Sigma":0.15480077826879104,"Taucorr":1.2384137601528902},"Iteration":55},
{"Acceptance":[0.002],"Energy":{"Mean":-13.964660949024447,"Sigma":0.028964576787811953,"Taucorr":-0.016651238981914396},"EnergyVariance":{"Mean":0.08247507359412048,"Sigma":0.05580306460895895,"Taucorr":-0.016651207605438423},"Iteration":56},
{"Acceptance":[0.0026666666666666666],"Energy":{"Mean":-13.961788177758791,"Sigma":0.02937461584828124,"Taucorr":-0.016651248843658817},"EnergyVariance":{"Mean":0.0848156209542753,"Sigma":0.05739444282407277,"Taucorr":-0.016651248843663202},"Iteration":57},
{"Acceptance":[0.0],"Energy":{"Mean":-14.002702760368093,"Sigma":0.0,"Taucorr":null},"EnergyVariance":{"Mean":1.2957172799419135e-05,"Sigma":0.0,"Taucorr":null},"Iteration":58},
{"Acceptance":[0.0006666666666666666],"Energy":{"Mean":-14.001657224449936,"Sigma":0.0,"Taucorr":null},"EnergyVariance":{"Mean":9.252862732944187e-06,"Sigma":0.0,"Taucorr":null},"Iteration":59},
{"Acceptance":[0.0],"Energy":{"Mean":-14.000941805030546,"Sigma":0.0,"Taucorr":null},"EnergyVariance":{"Mean":6.874836961369068e-06,"Sigma":0.0,"Taucorr":null},"Iteration":60},
{"Acceptance":[0.0],"Energy":{"Mean":-14.000440723276249,"Sigma":0.0,"Taucorr":null},"EnergyVariance":{"Mean":5.2613689525551905e-06,"Sigma":0.0,"Taucorr":null},"Iteration":61},
{"Acceptance":[0.0],"Energy":{"Mean":-14.000081322514825,"Sigma":0.0,"Taucorr":null},"EnergyVariance":{"Mean":4.125012727014258e-06,"Sigma":0.0,"Taucorr":null},"Iteration":62},
{"Acceptance":[0.0],"Energy":{"Mean":-13.999817429836051,"Sigma":0.0,"Taucorr":null},"EnergyVariance":{"Mean":3.3037372766311695e-06,"Sigma":0.0,"Taucorr":null},"Iteration":63},
{"Acceptance":[0.0],"Energy":{"Mean":-13.999619233514153,"Sigma":0.0,"Taucorr":null},"EnergyVariance":{"Mean":2.698974906561601e-06,"Sigma":0.0,"Taucorr":null},"Iteration":64},
{"Acceptance":[0.0],"Energy":{"Mean":-13.999467164826015,"Sigma":0.0,"Taucorr":null},"EnergyVariance":{"Mean":2.2472877431721423e-06,"Sigma":0.0,"Taucorr":null},"Iteration":65},
{"Acceptance":[0.0006666666666666666],"Energy":{"Mean":-13.999348171519577,"Sigma":0.0,"Taucorr":null},"EnergyVariance":{"Mean":1.9061457170830666e-06,"Sigma":0.0,"Taucorr":null},"Iteration":66},
{"Acceptance":[0.001],"Energy":{"Mean":-13.957781867885204,"Sigma":0.04147154507305575,"Taucorr":0.5106382978723383},"EnergyVariance":{"Mean":0.08083724005094156,"Sigma":0.07911570483385395,"Taucorr":0.5106382978723405},"Iteration":67},
{"Acceptance":[0.0],"Energy":{"Mean":-13.999199888175657,"Sigma":0.0,"Taucorr":null},"EnergyVariance":{"Mean":1.209222389784299e-06,"Sigma":0.0,"Taucorr":null},"Iteration":68},
{"Acceptance":[0.0],"Energy":{"Mean":-13.999162488105679,"Sigma":0.0,"Taucorr":null},"EnergyVariance":{"Mean":8.944709698576562e-07,"Sigma":0.0,"Taucorr":null},"Iteration":69},
{"Acceptance":[0.0],"Energy":{"Mean":-13.99913668082194,"Sigma":0.0,"Taucorr":null},"EnergyVariance":{"Mean":6.651544215588428e-07,"Sigma":0.0,"Taucorr":null},"Iteration":70},
{"Acceptance":[0.0006666666666666666],"Energy":{"Mean":-13.999119214565539,"Sigma":0.0,"Taucorr":null},"EnergyVariance":{"Mean":4.964990245871059e-07,"Sigma":0.0,"Taucorr":null},"Iteration":71},
{"Acceptance":[0.0],"Energy":{"Mean":-13.999107744946768,"Sigma":0.0,"Taucorr":null},"EnergyVariance":{"Mean":3.7148976576571365e-07,"Sigma":0.0,"Taucorr":null},"Iteration":72},
{"Acceptance":[0.0],"Energy":{"Mean":-13.999100574841789,"Sigma":0.0,"Taucorr":null},"EnergyVariance":{"Mean":2.782453988420817e-07,"Sigma":0.0,"Taucorr":null},"Iteration":73},
{"Acceptance":[0.0],"Energy":{"Mean":-13.999096471761733,"Sigma":0.0,"Taucorr":null},"EnergyVariance":{"Mean":2.083478143138268e-07,"Sigma":0.0,"Taucorr":null},"Iteration":74},
{"Acceptance":[0.0],"Energy":{"Mean":-13.999094538707402,"Sigma":0.0,"Taucorr":null},"EnergyVariance":{"Mean":1.5575556189940892e-07,"Sigma":0.0,"Taucorr":null},"Iteration":75},
{"Acceptance":[0.0],"Energy":{"Mean":-13.99909412218157,"Sigma":0.0,"Taucorr":null},"EnergyVariance":{"Mean":1.1608346266665104e-07,"Sigma":0.0,"Taucorr":null},"Iteration":76},
{"Acceptance":[0.0],"Energy":{"Mean":-13.999094746207168,"Sigma":0.0,"Taucorr":null},"EnergyVariance":{"Mean":8.611656597504694e-08,"Sigma":0.0,"Taucorr":null},"Iteration":77},
{"Acceptance":[0.0],"Energy":{"Mean":-13.999096064690434,"Sigma":0.0,"Taucorr":null},"EnergyVariance":{"Mean":6.347701585005354e-08,"Sigma":0.0,"Taucorr":null},"Iteration":78},
{"Acceptance":[0.0],"Energy":{"Mean":-13.99909782682709,"Sigma":0.0,"Taucorr":null},"EnergyVariance":{"Mean":4.639243682022241e-08,"Sigma":0.0,"Taucorr":null},"Iteration":79},
{"Acceptance":[0.0],"Energy":{"Mean":-13.999099851852009,"Sigma":0.0,"Taucorr":null},"EnergyVariance":{"Mean":3.353279506800456e-08,"Sigma":0.0,"Taucorr":null},"Iteration":80},
{"Acceptance":[0.0],"Energy":{"Mean":-13.999102010528889,"Sigma":0.0,"Taucorr":null},"EnergyVariance":{"Mean":2.3894120696576557e-08,"Sigma":0.0,"Taucorr":null},"Iteration":81},
{"Acceptance":[0.0],"Energy":{"Mean":-13.999104211532096,"Sigma":0.0,"Taucorr":null},"EnergyVariance":{"Mean":1.671472980502818e-08,"Sigma":0.0,"Taucorr":null},"Iteration":82},
{"Acceptance":[0.0],"Energy":{"Mean":-13.999106391399124,"Sigma":0.0,"Taucorr":null},"EnergyVariance":{"Mean":1.1414265131581808e-08,"Sigma":0.0,"Taucorr":null},"Iteration":83},
{"Acceptance":[0.0],"Energy":{"Mean":-13.999108507101173,"Sigma":0.0,"Taucorr":null},"EnergyVariance":{"Mean":7.548940816748271e-09,"Sigma":0.0,"Taucorr":null},"Iteration":84},
{"Acceptance":[0.0],"Energy":{"Mean":-13.999110530541339,"Sigma":0.0,"Taucorr":null},"EnergyVariance":{"Mean":4.778415362634276e-09,"Sigma":0.0,"Taucorr":null},"Iteration":85},
{"Acceptance":[0.0],"Energy":{"Mean":-13.999112444476639,"Sigma":0.0,"Taucorr":null},"EnergyVariance":{"Mean":2.841090048906345e-09,"Sigma":0.0,"Taucorr":null},"Iteration":86},
{"Acceptance":[0.0],"Energy":{"Mean":-13.999114239494657,"Sigma":0.0,"Taucorr":null},"EnergyVariance":{"Mean":1.5355666824740786e-09,"Sigma":0.0,"Taucorr":null},"Iteration":87},
{"Acceptance":[0.0],"Energy":{"Mean":-13.999115911773238,"Sigma":0.0,"Taucorr":null},"EnergyVariance":{"Mean":7.066449461412925e-10,"Sigma":0.0,"Taucorr":null},"Iteration":88},
{"Acceptance":[0.0],"Energy":{"Mean":-13.99911746142238,"Sigma":0.0,"Taucorr":null},"EnergyVariance":{"Mean":2.346906621675446e-10,"Sigma":0.0,"Taucorr":null},"Iteration":89},
{"Acceptance":[0.0013333333333333333],"Energy":{"Mean":-13.83264008600391,"Sigma":0.1026861179397461,"Taucorr":1.1428821228062462},"EnergyVariance":{"Mean":0.30486928411807823,"Sigma":0.17095805670811914,"Taucorr":1.1429980039702443},"Iteration":90},
{"Acceptance":[0.0],"Energy":{"Mean":-13.99934173324623,"Sigma":0.0,"Taucorr":null},"EnergyVariance":{"Mean":5.198961774748159e-10,"Sigma":0.0,"Taucorr":null},"Iteration":91},
{"Acceptance":[0.0],"Energy":{"Mean":-13.999499027984838,"Sigma":0.0,"Taucorr":null},"EnergyVariance":{"Mean":7.675588739568605e-10,"Sigma":0.0,"Taucorr":null},"Iteration":92},
{"Acceptance":[0.0],"Energy":{"Mean":-13.999610548478172,"Sigma":0.0,"Taucorr":null},"EnergyVariance":{"Mean":5.332964327218685e-10,"Sigma":0.0,"Taucorr":null},"Iteration":93},
{"Acceptance":[0.0],"Energy":{"Mean":-13.999690509944655,"Sigma":0.0,"Taucorr":null},"EnergyVariance":{"Mean":2.38936042992347e-10,"Sigma":0.0,"Taucorr":null},"Iteration":94},
{"Acceptance":[0.0],"Energy":{"Mean":-13.99974872509356,"Sigma":0.0,"Taucorr":null},"EnergyVariance":{"Mean":5.83764459215875e-11,"Sigma":0.0,"Taucorr":null},"Iteration":95},
{"Acceptance":[0.0],"Energy":{"Mean":-13.999791843028238,"Sigma":0.0,"Taucorr":null},"EnergyVariance":{"Mean":5.240872448337937e-13,"Sigma":0.0,"Taucorr":null},"Iteration":96},
{"Acceptance":[0.0],"Energy":{"Mean":-13.9998243483587,"Sigma":0.0,"Taucorr":null},"EnergyVariance":{"Mean":2.507816498813957e-11,"Sigma":0.0,"Taucorr":null},"Iteration":97},
{"Acceptance":[0.0],"Energy":{"Mean":-13.99984927879632,"Sigma":0.0,"Taucorr":null},"EnergyVariance":{"Mean":9.21836619785297e-11,"Sigma":0.0,"Taucorr":null},"Iteration":98},
{"Acceptance":[0.0],"Energy":{"Mean":-13.999868712388029,"Sigma":0.0,"Taucorr":null},"EnergyVariance":{"Mean":1.7469605126940567e-10,"Sigma":0.0,"Taucorr":null},"Iteration":99} 
]}
{"input": {"L": 14, "J": 1, "machine": {"type": "FFNN", "model": ["lncosh", 20, 3]}, "sampler": {"type": "MetropolisHop", "d_max": 5}, "optimizer": {"type": "AdaMax", "alpha": 0.001, "beta1": 0.9, "beta2": 0.999, "epscut": 1e-07}, "VMC": {"n_samples": 100, "discarded_samples": 100, "discarded_samples_on_init": 0, "target": "energy", "method": "Gd", "diag_shift": 0.01, "use_iterative": true, "use_cholesky": true}, "n_iter": 100}}
duration: -1.554626226425171