{"Output": [
{"Acceptance":[0.8126923076923077],"Energy":{"Mean":9.823762874568787,"Sigma":0.23196279388020644,"Taucorr":-0.0017419063705694793},"EnergyVariance":{"Mean":5.444671620576248,"Sigma":0.6591219943128045,"Taucorr":-0.09747647350276539},"Iteration":0},
{"Acceptance":[0.7773076923076923],"Energy":{"Mean":10.007342506157613,"Sigma":0.23843446719241665,"Taucorr":-0.055600581331296584},"EnergyVariance":{"Mean":7.00079533296649,"Sigma":0.8500193889868789,"Taucorr":0.03660527830108862},"Iteration":1},
{"Acceptance":[0.7253846153846154],"Energy":{"Mean":9.530970086496106,"Sigma":0.37176658577999305,"Taucorr":0.2935218081759813},"EnergyVariance":{"Mean":9.37641739521173,"Sigma":1.4495926837471065,"Taucorr":0.16004395349061906},"Iteration":2},
{"Acceptance":[0.6811538461538461],"Energy":{"Mean":9.141842676732708,"Sigma":0.27282404450456077,"Taucorr":-0.04015128199205348},"EnergyVariance":{"Mean":11.463056117404381,"Sigma":1.1613895777423628,"Taucorr":-0.02834156073872446},"Iteration":3},
{"Acceptance":[0.6380769230769231],"Energy":{"Mean":7.305142183754283,"Sigma":0.3343951458641794,"Taucorr":0.257757169965359},"EnergyVariance":{"Mean":10.073442208464305,"Sigma":0.9563959650034923,"Taucorr":-0.14229104619443494},"Iteration":4},
{"Acceptance":[0.5834615384615385],"Energy":{"Mean":7.577637735643684,"Sigma":0.490600862843957,"Taucorr":0.4422559198731578},"EnergyVariance":{"Mean":15.525236017264124,"Sigma":1.7063777073551871,"Taucorr":-0.013957717175884787},"Iteration":5},
{"Acceptance":[0.5342307692307692],"Energy":{"Mean":5.367758639529448,"Sigma":0.4064388780902304,"Taucorr":0.1954400386120394},"EnergyVariance":{"Mean":15.032316254791384,"Sigma":1.2381444263848167,"Taucorr":-0.13637555610445845},"Iteration":6},
{"Acceptance":[0.5042307692307693],"Energy":{"Mean":6.052221285782735,"Sigma":0.43307967433809036,"Taucorr":0.37767235626638906},"EnergyVariance":{"Mean":16.289831197209676,"Sigma":2.165056627440743,"Taucorr":0.2228682259960345},"Iteration":7},
{"Acceptance":[0.5015384615384615],"Energy":{"Mean":4.606257587501432,"Sigma":0.3060404954993943,"Taucorr":0.07160519043448044},"EnergyVariance":{"Mean":13.707268516805382,"Sigma":1.834117645253243,"Taucorr":0.037719858788466176},"Iteration":8},
{"Acceptance":[0.465],"Energy":{"Mean":4.88738765104472,"Sigma":0.38903708242243057,"Taucorr":0.3381131057765253},"EnergyVariance":{"Mean":17.773048908186407,"Sigma":2.070706810378954,"Taucorr":-0.01361474965440157},"Iteration":9},
{"Acceptance":[0.40923076923076923],"Energy":{"Mean":3.06876985456924,"Sigma":0.47949247696210273,"Taucorr":0.45125281930643146},"EnergyVariance":{"Mean":18.00383893059283,"Sigma":2.4593719516388384,"Taucorr":0.05534448146119941},"Iteration":10},
{"Acceptance":[0.3946153846153846],"Energy":{"Mean":1.4812445790589757,"Sigma":0.4169156313315464,"Taucorr":0.6658523772395191},"EnergyVariance":{"Mean":14.92418505193329,"Sigma":2.4330855623673893,"Taucorr":0.33508486008991045},"Iteration":11},
{"Acceptance":[0.3926923076923077],"Energy":{"Mean":1.2860207722853447,"Sigma":0.4070164626125725,"Taucorr":0.2794841116642661},"EnergyVariance":{"Mean":18.130806235784842,"Sigma":2.441873442376705,"Taucorr":-0.060921642333473136},"Iteration":12},
{"Acceptance":[0.37153846153846154],"Energy":{"Mean":1.1247999812753007,"Sigma":0.3933343472076355,"Taucorr":0.3251673199920735},"EnergyVariance":{"Mean":24.00889770820317,"Sigma":3.596065209668791,"Taucorr":0.07743717171618913},"Iteration":13},
{"Acceptance":[0.3126923076923077],"Energy":{"Mean":-1.2074595189303199,"Sigma":0.3677366996278485,"Taucorr":0.32246729317492406},"EnergyVariance":{"Mean":18.972010478128826,"Sigma":2.7775802815105872,"Taucorr":0.05514739987484818},"Iteration":14},
{"Acceptance":[0.3161538461538462],"Energy":{"Mean":-1.376206549091765,"Sigma":0.280205692947937,"Taucorr":0.002469356640871445},"EnergyVariance":{"Mean":12.567584877626146,"Sigma":2.207853963569559,"Taucorr":0.1590916645953313},"Iteration":15},
{"Acceptance":[0.31],"Energy":{"Mean":-1.6893635105025673,"Sigma":0.26274899273530283,"Taucorr":-0.015467714618194628},"EnergyVariance":{"Mean":15.097355543460253,"Sigma":3.0265969628821057,"Taucorr":0.48530606265921794},"Iteration":16},
{"Acceptance":[0.28115384615384614],"Energy":{"Mean":-2.3586963632661653,"Sigma":0.3458422415943731,"Taucorr":0.19710715235298137},"EnergyVariance":{"Mean":20.746975101737352,"Sigma":3.8862087064811126,"Taucorr":0.4067716886583288},"Iteration":17},
{"Acceptance":[0.28115384615384614],"Energy":{"Mean":-2.0869768507272757,"Sigma":0.4368891526578173,"Taucorr":0.4965041682522119},"EnergyVariance":{"Mean":21.42070412891414,"Sigma":7.850942873732641,"Taucorr":0.798353143654601},"Iteration":18},
{"Acceptance":[0.2573076923076923],"Energy":{"Mean":-3.4123810721062515,"Sigma":0.30956582125469656,"Taucorr":0.12729970840064941},"EnergyVariance":{"Mean":16.452757319275893,"Sigma":2.6565472027253376,"Taucorr":-0.038911891612177896},"Iteration":19},
{"Acceptance":[0.24807692307692308],"Energy":{"Mean":-3.887561373513902,"Sigma":0.3207740368254916,"Taucorr":0.3023182397322316},"EnergyVariance":{"Mean":16.656054090093285,"Sigma":3.5125067359267397,"Taucorr":0.314681555296622},"Iteration":20},
{"Acceptance":[0.2561538461538462],"Energy":{"Mean":-3.666354038778069,"Sigma":0.292499401683121,"Taucorr":0.12699673678074241},"EnergyVariance":{"Mean":12.513914670696915,"Sigma":2.2372073461946993,"Taucorr":0.16334086923745084},"Iteration":21},
{"Acceptance":[0.25],"Energy":{"Mean":-4.506789637158077,"Sigma":0.40274614831901073,"Taucorr":0.2864920726278889},"EnergyVariance":{"Mean":16.654884056437563,"Sigma":3.555689282422948,"Taucorr":0.13723085895467135},"Iteration":22},
{"Acceptance":[0.24923076923076923],"Energy":{"Mean":-3.9766980738975843,"Sigma":0.35002244047272624,"Taucorr":0.08535554434137238},"EnergyVariance":{"Mean":19.116819356842,"Sigma":3.363887403769085,"Taucorr":0.2192871919721554},"Iteration":23},
{"Acceptance":[0.21],"Energy":{"Mean":-5.198736879328104,"Sigma":0.30469273559345134,"Taucorr":0.27294159202422685},"EnergyVariance":{"Mean":9.88411858587263,"Sigma":1.4495801571126943,"Taucorr":0.1975106302591879},"Iteration":24},
{"Acceptance":[0.23923076923076922],"Energy":{"Mean":-4.803281347795766,"Sigma":0.38949231012884544,"Taucorr":0.27652538908704005},"EnergyVariance":{"Mean":14.960219563785303,"Sigma":2.6084515715914582,"Taucorr":-0.025181281248519483},"Iteration":25},
{"Acceptance":[0.2376923076923077],"Energy":{"Mean":-5.898455392590204,"Sigma":0.2862315249993082,"Taucorr":0.14532574934119702},"EnergyVariance":{"Mean":10.508528966667441,"Sigma":1.6358755861962029,"Taucorr":0.22128560485258886},"Iteration":26},
{"Acceptance":[0.2296153846153846],"Energy":{"Mean":-6.126484626171177,"Sigma":0.2764441534572041,"Taucorr":0.09131157667287038},"EnergyVariance":{"Mean":12.016992561430879,"Sigma":3.923368549573337,"Taucorr":0.31552523473431926},"Iteration":27},
{"Acceptance":[0.21153846153846154],"Energy":{"Mean":-5.3659681573657485,"Sigma":0.42422234411259235,"Taucorr":0.35171859643876546},"EnergyVariance":{"Mean":16.20723954146157,"Sigma":2.5340112341142826,"Taucorr":0.14580298124135704},"Iteration":28},
{"Acceptance":[0.1996153846153846],"Energy":{"Mean":-6.562385316236879,"Sigma":0.3237815675721052,"Taucorr":0.18395883855362105},"EnergyVariance":{"Mean":11.408298265957301,"Sigma":2.172672823439679,"Taucorr":0.08621042794383527},"Iteration":29},
{"Acceptance":[0.215],"Energy":{"Mean":-7.110303320784567,"Sigma":0.38983211273784935,"Taucorr":0.27775215918972396},"EnergyVariance":{"Mean":12.766175325609884,"Sigma":1.8347053495396777,"Taucorr":-0.0758679137436265},"Iteration":30},
{"Acceptance":[0.205],"Energy":{"Mean":-7.144258295751404,"Sigma":0.3471590353119326,"Taucorr":0.26373364479276773},"EnergyVariance":{"Mean":9.636899077219232,"Sigma":0.9151186800715373,"Taucorr":-0.21900885816964732},"Iteration":31},
{"Acceptance":[0.19230769230769232],"Energy":{"Mean":-7.579182944198538,"Sigma":0.3971764084522032,"Taucorr":0.4797993356522515},"EnergyVariance":{"Mean":9.309456605778648,"Sigma":1.5656754559515746,"Taucorr":0.10861507552706928},"Iteration":32},
{"Acceptance":[0.1926923076923077],"Energy":{"Mean":-7.458545101781201,"Sigma":0.2697720410096246,"Taucorr":-0.19714591362897854},"EnergyVariance":{"Mean":14.947315684065602,"Sigma":4.273231910681445,"Taucorr":0.41356996794921785},"Iteration":33},
{"Acceptance":[0.1996153846153846],"Energy":{"Mean":-8.175293299954733,"Sigma":0.5397335976179759,"Taucorr":0.37121430880229556},"EnergyVariance":{"Mean":31.39627278639486,"Sigma":12.366311892141969,"Taucorr":0.31031717324238706},"Iteration":34},
{"Acceptance":[0.21115384615384616],"Energy":{"Mean":-8.267524124578681,"Sigma":0.37698309357756854,"Taucorr":0.15598339641689174},"EnergyVariance":{"Mean":13.593051385928671,"Sigma":4.472412151005422,"Taucorr":0.5954994837980898},"Iteration":35},
{"Acceptance":[0.19615384615384615],"Energy":{"Mean":-7.418026890630743,"Sigma":0.3222673806155833,"Taucorr":0.2350176991993722},"EnergyVariance":{"Mean":8.099071003557587,"Sigma":1.3651409585224439,"Taucorr":0.142983215923284},"Iteration":36},
{"Acceptance":[0.20115384615384616],"Energy":{"Mean":-7.996039364637549,"Sigma":0.28009723835651823,"Taucorr":-0.00039692186692824594},"EnergyVariance":{"Mean":16.259660675504495,"Sigma":9.381299407990737,"Taucorr":0.4668397376550216},"Iteration":37},
{"Acceptance":[0.225],"Energy":{"Mean":-8.011573771737318,"Sigma":0.4664906122396114,"Taucorr":0.35743275985321143},"EnergyVariance":{"Mean":18.384066075719126,"Sigma":3.40817904947804,"Taucorr":0.13068732160663088},"Iteration":38},
{"Acceptance":[0.21653846153846154],"Energy":{"Mean":-8.66209154791631,"Sigma":0.34610065604076806,"Taucorr":0.017791390316776567},"EnergyVariance":{"Mean":18.757877500832663,"Sigma":6.141059341590569,"Taucorr":-0.04693966071632455},"Iteration":39},
{"Acceptance":[0.19576923076923078],"Energy":{"Mean":-8.367441145235995,"Sigma":0.3497496925017504,"Taucorr":0.27236421441370895},"EnergyVariance":{"Mean":8.712863225368586,"Sigma":1.6275165976065245,"Taucorr":0.39279403816732394},"Iteration":40},
{"Acceptance":[0.2026923076923077],"Energy":{"Mean":-8.703128273137066,"Sigma":0.31717510501322016,"Taucorr":0.174795964321942},"EnergyVariance":{"Mean":9.01559842318655,"Sigma":1.9111863474802173,"Taucorr":-0.040137136043731314},"Iteration":41},
{"Acceptance":[0.21076923076923076],"Energy":{"Mean":-8.125559648007824,"Sigma":0.3193388647046136,"Taucorr":0.208612636426585},"EnergyVariance":{"Mean":7.9954887648074155,"Sigma":1.06253316315633,"Taucorr":0.12008886274288744},"Iteration":42},
{"Acceptance":[0.24269230769230768],"Energy":{"Mean":-9.026949967086441,"Sigma":0.3413429242492633,"Taucorr":0.07436476804667957},"EnergyVariance":{"Mean":12.603898155725744,"Sigma":2.351889105119357,"Taucorr":-0.004099945578138864},"Iteration":43},
{"Acceptance":[0.2023076923076923],"Energy":{"Mean":-8.881649804379782,"Sigma":0.44731718588863845,"Taucorr":0.5331184502207618},"EnergyVariance":{"Mean":12.56514344830055,"Sigma":2.6174928551759935,"Taucorr":0.25203560744383124},"Iteration":44},
{"Acceptance":[0.2153846153846154],"Energy":{"Mean":-8.527962906959214,"Sigma":0.42869961623112085,"Taucorr":0.22376773435856945},"EnergyVariance":{"Mean":13.655073431323679,"Sigma":4.9089325132974535,"Taucorr":0.683341668885366},"Iteration":45},
{"Acceptance":[0.21653846153846154],"Energy":{"Mean":-9.04899973984256,"Sigma":0.2920983184279322,"Taucorr":-0.11708897947977559},"EnergyVariance":{"Mean":18.860682076177238,"Sigma":10.732318802877966,"Taucorr":0.004280608038359723},"Iteration":46},
{"Acceptance":[0.2230769230769231],"Energy":{"Mean":-8.998719982400976,"Sigma":0.35943743407037754,"Taucorr":0.20800378107530904},"EnergyVariance":{"Mean":10.054737425567458,"Sigma":1.5772767306987132,"Taucorr":0.061799068946400304},"Iteration":47},
{"Acceptance":[0.19692307692307692],"Energy":{"Mean":-9.576439534027342,"Sigma":0.44110203346419014,"Taucorr":0.080520858572656},"EnergyVariance":{"Mean":22.54643374005778,"Sigma":7.213636946538014,"Taucorr":0.045292446511250306},"Iteration":48},
{"Acceptance":[0.22115384615384615],"Energy":{"Mean":-9.45457585291279,"Sigma":0.4302041703190611,"Taucorr":0.047573925344061685},"EnergyVariance":{"Mean":18.824817438889603,"Sigma":5.110189592303198,"Taucorr":0.3790328338059219},"Iteration":49},
{"Acceptance":[0.22576923076923078],"Energy":{"Mean":-9.393359796673167,"Sigma":0.4275664308363735,"Taucorr":0.27496860329111683},"EnergyVariance":{"Mean":12.925352911004445,"Sigma":2.0212161995662368,"Taucorr":-0.1134869679528045},"Iteration":50},
{"Acceptance":[0.22],"Energy":{"Mean":-9.095897761886063,"Sigma":0.24644231893057167,"Taucorr":0.09941096370889368},"EnergyVariance":{"Mean":6.07372368685403,"Sigma":1.145158370064773,"Taucorr":0.028567490429789233},"Iteration":51},
{"Acceptance":[0.2226923076923077],"Energy":{"Mean":-9.190443324805925,"Sigma":0.45703379545190526,"Taucorr":0.41062701473345264},"EnergyVariance":{"Mean":13.733251368762179,"Sigma":2.2607000698858797,"Taucorr":-0.06036170351239656},"Iteration":52},
{"Acceptance":[0.2276923076923077],"Energy":{"Mean":-9.967616524022441,"Sigma":0.3415212704678492,"Taucorr":0.2507518561856814},"EnergyVariance":{"Mean":13.435877338014578,"Sigma":5.237399120952591,"Taucorr":0.07650311074736316},"Iteration":53},
{"Acceptance":[0.2273076923076923],"Energy":{"Mean":-10.134343678809998,"Sigma":0.3698069238746095,"Taucorr":0.26109244996539616},"EnergyVariance":{"Mean":9.60805925286449,"Sigma":1.359546863267716,"Taucorr":0.06496113831922223},"Iteration":54},
{"Acceptance":[0.22576923076923078],"Energy":{"Mean":-8.724051160970914,"Sigma":0.6147503042839905,"Taucorr":0.6649938315622301},"EnergyVariance":{"Mean":20.995759112466203,"Sigma":8.270454733398381,"Taucorr":0.2310207552007012},"Iteration":55},
{"Acceptance":[0.23384615384615384],"Energy":{"Mean":-9.950387120595776,"Sigma":0.4578920937338654,"Taucorr":0.25555180195161864},"EnergyVariance":{"Mean":16.033773778676128,"Sigma":2.684267593826897,"Taucorr":-0.016399390586228024},"Iteration":56},
{"Acceptance":[0.23961538461538462],"Energy":{"Mean":-9.888986708166824,"Sigma":0.35425637558573964,"Taucorr":0.13127017618625403},"EnergyVariance":{"Mean":10.739181174129673,"Sigma":2.2620817688258836,"Taucorr":0.17795411786163973},"Iteration":57},
{"Acceptance":[0.21923076923076923],"Energy":{"Mean":-9.928935443371373,"Sigma":0.5580818773581054,"Taucorr":0.5846403033948382},"EnergyVariance":{"Mean":33.69068869338744,"Sigma":13.446424478365879,"Taucorr":0.4839643338765103},"Iteration":58},
{"Acceptance":[0.2326923076923077],"Energy":{"Mean":-10.553781599596004,"Sigma":0.38465147671851874,"Taucorr":0.2436387350425453},"EnergyVariance":{"Mean":10.259785385304546,"Sigma":1.9413243353465832,"Taucorr":0.16855482207770434},"Iteration":59},
{"Acceptance":[0.225],"Energy":{"Mean":-9.682264683244993,"Sigma":0.488718581101474,"Taucorr":0.34664133287592047},"EnergyVariance":{"Mean":17.132986470255414,"Sigma":5.1930487709096855,"Taucorr":0.012346845044653443},"Iteration":60},
{"Acceptance":[0.22],"Energy":{"Mean":-10.202991218932922,"Sigma":0.3129181455689837,"Taucorr":-0.026973016688938478},"EnergyVariance":{"Mean":10.914416176126458,"Sigma":2.47581983569845,"Taucorr":0.010614187705772937},"Iteration":61},
{"Acceptance":[0.20961538461538462],"Energy":{"Mean":-10.12951038988626,"Sigma":0.43951162683581774,"Taucorr":0.5868224522710486},"EnergyVariance":{"Mean":9.669526514655383,"Sigma":1.815820183686709,"Taucorr":0.3643030199594708},"Iteration":62},
{"Acceptance":[0.22384615384615383],"Energy":{"Mean":-9.73106328775115,"Sigma":0.3567039068903593,"Taucorr":0.12077534389238409},"EnergyVariance":{"Mean":14.558155824906784,"Sigma":3.459244992105226,"Taucorr":-0.01869610340146921},"Iteration":63},
{"Acceptance":[0.20884615384615385],"Energy":{"Mean":-10.06131715272736,"Sigma":0.3231016937386992,"Taucorr":0.21252432130770993},"EnergyVariance":{"Mean":8.247012517550614,"Sigma":1.614731575992151,"Taucorr":0.024632121578722854},"Iteration":64},
{"Acceptance":[0.2026923076923077],"Energy":{"Mean":-9.968057315841508,"Sigma":0.3187329946076981,"Taucorr":0.03297640717229755},"EnergyVariance":{"Mean":10.488574635527982,"Sigma":1.7652037514780792,"Taucorr":0.06117764218587807},"Iteration":65},
{"Acceptance":[0.17807692307692308],"Energy":{"Mean":-10.20408015671128,"Sigma":0.4235324481279474,"Taucorr":0.3568943207808526},"EnergyVariance":{"Mean":14.503038617508205,"Sigma":4.742303261379297,"Taucorr":0.6140653608117475},"Iteration":66},
{"Acceptance":[0.19346153846153846],"Energy":{"Mean":-10.267324247717276,"Sigma":0.46410094341156277,"Taucorr":0.37589470529729985},"EnergyVariance":{"Mean":15.256582755535524,"Sigma":5.091923423715615,"Taucorr":0.3629753724456034},"Iteration":67},
{"Acceptance":[0.19384615384615383],"Energy":{"Mean":-9.85159046994952,"Sigma":0.3668863993270754,"Taucorr":0.18572085766499424},"EnergyVariance":{"Mean":10.756501425193516,"Sigma":1.7592196188220748,"Taucorr":-0.02263355517760829},"Iteration":68},
{"Acceptance":[0.19038461538461537],"Energy":{"Mean":-9.899549765159342,"Sigma":0.3461429987264675,"Taucorr":0.20003507115965402},"EnergyVariance":{"Mean":10.105086210647542,"Sigma":2.846187444672656,"Taucorr":0.37463995411744067},"Iteration":69},
{"Acceptance":[0.19384615384615383],"Energy":{"Mean":-11.03531716386155,"Sigma":0.6103263477689665,"Taucorr":0.47463924465475693},"EnergyVariance":{"Mean":24.44860546614175,"Sigma":8.713536191737463,"Taucorr":0.39466383665132476},"Iteration":70},
{"Acceptance":[0.1996153846153846],"Energy":{"Mean":-10.432116469159698,"Sigma":0.33358737037220393,"Taucorr":0.20375778154190727},"EnergyVariance":{"Mean":9.392510022634598,"Sigma":1.4437237096491073,"Taucorr":0.15223261941085686},"Iteration":71},
{"Acceptance":[0.18153846153846154],"Energy":{"Mean":-10.569288300267441,"Sigma":0.40197676480011296,"Taucorr":0.34950303030617946},"EnergyVariance":{"Mean":14.736708103617365,"Sigma":4.756073393500474,"Taucorr":-0.018021455996427738},"Iteration":72},
{"Acceptance":[0.17923076923076922],"Energy":{"Mean":-10.589610231511697,"Sigma":0.5046603427831599,"Taucorr":0.44486855716489804},"EnergyVariance":{"Mean":23.625551331243813,"Sigma":7.611114664617236,"Taucorr":0.6666631973512176},"Iteration":73},
{"Acceptance":[0.175],"Energy":{"Mean":-10.67049003574755,"Sigma":0.2571851004798051,"Taucorr":-0.07717746388968683},"EnergyVariance":{"Mean":12.940526802299733,"Sigma":5.751539783769144,"Taucorr":-0.010069998454198426},"Iteration":74},
{"Acceptance":[0.175],"Energy":{"Mean":-10.722078325077675,"Sigma":0.3056626037921753,"Taucorr":0.1515862845410424},"EnergyVariance":{"Mean":9.733469198236012,"Sigma":2.0093321019261525,"Taucorr":0.4136888297883957},"Iteration":75},
{"Acceptance":[0.1926923076923077],"Energy":{"Mean":-10.573739681943508,"Sigma":0.633271971713929,"Taucorr":0.5484672212198058},"EnergyVariance":{"Mean":22.57261748498843,"Sigma":8.930919551922667,"Taucorr":0.3852078227164595},"Iteration":76},
{"Acceptance":[0.1803846153846154],"Energy":{"Mean":-10.186566183230736,"Sigma":0.4738132895968614,"Taucorr":0.17887452358345957},"EnergyVariance":{"Mean":21.351863971577984,"Sigma":6.724308700936028,"Taucorr":0.09248544129955572},"Iteration":77},
{"Acceptance":[0.19423076923076923],"Energy":{"Mean":-9.980214013950578,"Sigma":0.42813163506690516,"Taucorr":0.3349544896957728},"EnergyVariance":{"Mean":14.869317369175777,"Sigma":3.8868284497202774,"Taucorr":0.6889380396233877},"Iteration":78},
{"Acceptance":[0.1723076923076923],"Energy":{"Mean":-10.469585919769699,"Sigma":0.4767802599120446,"Taucorr":0.2126051285959697},"EnergyVariance":{"Mean":18.603527279251576,"Sigma":5.076136751068557,"Taucorr":-0.004015722895512885},"Iteration":79},
{"Acceptance":[0.17923076923076922],"Energy":{"Mean":-10.721430540157142,"Sigma":0.38275088718931954,"Taucorr":0.3810497442141194},"EnergyVariance":{"Mean":9.207497149854413,"Sigma":2.613098866813713,"Taucorr":0.3151500396860534},"Iteration":80},
{"Acceptance":[0.18576923076923077],"Energy":{"Mean":-10.698623553738845,"Sigma":0.36407749546610946,"Taucorr":0.08965360663197597},"EnergyVariance":{"Mean":13.560162079359309,"Sigma":2.9205311939447016,"Taucorr":0.1946626083736226},"Iteration":81},
{"Acceptance":[0.15692307692307692],"Energy":{"Mean":-11.332565109864094,"Sigma":0.3481714004790851,"Taucorr":0.04025493836548255},"EnergyVariance":{"Mean":15.618780018213426,"Sigma":4.9193295899320075,"Taucorr":0.0997241394189563},"Iteration":82},
{"Acceptance":[0.15730769230769232],"Energy":{"Mean":-11.324007719225207,"Sigma":0.5082606849255779,"Taucorr":0.6787735367988057},"EnergyVariance":{"Mean":12.810069185195193,"Sigma":3.439723924122915,"Taucorr":0.7039307441749993},"Iteration":83},
{"Acceptance":[0.16230769230769232],"Energy":{"Mean":-10.518572165646278,"Sigma":0.42205520349953407,"Taucorr":0.40281659430192174},"EnergyVariance":{"Mean":10.718310355894754,"Sigma":2.0905394133640702,"Taucorr":0.6377220648035635},"Iteration":84},
{"Acceptance":[0.15076923076923077],"Energy":{"Mean":-10.880810023867545,"Sigma":0.357194098268202,"Taucorr":0.38428871548378796},"EnergyVariance":{"Mean":7.928508638217351,"Sigma":1.4841720650899302,"Taucorr":0.03388835727550077},"Iteration":85},
{"Acceptance":[0.17],"Energy":{"Mean":-11.080703995241416,"Sigma":0.4044738747603564,"Taucorr":-0.0017364505963380905},"EnergyVariance":{"Mean":19.834634037468184,"Sigma":5.581322678190101,"Taucorr":0.24242321122787058},"Iteration":86},
{"Acceptance":[0.15461538461538463],"Energy":{"Mean":-11.604262241363614,"Sigma":0.2985945219443097,"Taucorr":0.29505413678664383},"EnergyVariance":{"Mean":5.9697101644603965,"Sigma":1.2260570021933315,"Taucorr":0.20677885007803232},"Iteration":87},
{"Acceptance":[0.15576923076923077],"Energy":{"Mean":-11.176104893913513,"Sigma":0.4453901947358651,"Taucorr":0.502341125236643},"EnergyVariance":{"Mean":10.068386403853857,"Sigma":1.560644631747142,"Taucorr":-0.0017279841200478763},"Iteration":88},
{"Acceptance":[0.14307692307692307],"Energy":{"Mean":-10.66618287037512,"Sigma":0.3458777534748255,"Taucorr":0.1725572616792077},"EnergyVariance":{"Mean":11.918937537449946,"Sigma":2.825836365909133,"Taucorr":-0.03792980023393505},"Iteration":89},
{"Acceptance":[0.14884615384615385],"Energy":{"Mean":-10.01558219094104,"Sigma":0.45022064276219187,"Taucorr":0.39562005418475754},"EnergyVariance":{"Mean":12.964117661890867,"Sigma":4.167520165405094,"Taucorr":0.04345306043890196},"Iteration":90},
{"Acceptance":[0.15923076923076923],"Energy":{"Mean":-11.543975372654506,"Sigma":0.42637689538065965,"Taucorr":0.11667611035834535},"EnergyVariance":{"Mean":18.32033867501063,"Sigma":5.87416051915156,"Taucorr":0.011041126678614566},"Iteration":91},
{"Acceptance":[0.16192307692307692],"Energy":{"Mean":-10.227446940584583,"Sigma":0.39222083231343075,"Taucorr":0.050309379033527724},"EnergyVariance":{"Mean":30.215694331550793,"Sigma":11.243859056236028,"Taucorr":0.15444420009303972},"Iteration":92},
{"Acceptance":[0.13846153846153847],"Energy":{"Mean":-11.326981129393094,"Sigma":0.30490278780757846,"Taucorr":0.15215670823981853},"EnergyVariance":{"Mean":7.63988486848573,"Sigma":1.179282388995482,"Taucorr":0.1247524015605912},"Iteration":93},
{"Acceptance":[0.15615384615384614],"Energy":{"Mean":-10.67986275556415,"Sigma":0.45644094388709766,"Taucorr":0.18425874701163858},"EnergyVariance":{"Mean":16.67241553562031,"Sigma":5.1377284167617505,"Taucorr":0.4927431009143928},"Iteration":94},
{"Acceptance":[0.15846153846153846],"Energy":{"Mean":-10.946665333663825,"Sigma":0.5082519887272808,"Taucorr":0.5216207858205375},"EnergyVariance":{"Mean":14.606355525354516,"Sigma":4.440174197411565,"Taucorr":0.17780643944269525},"Iteration":95},
{"Acceptance":[0.14461538461538462],"Energy":{"Mean":-10.306352147505558,"Sigma":0.3562307508615238,"Taucorr":0.19055693676947139},"EnergyVariance":{"Mean":10.624690412678703,"Sigma":2.518373756899668,"Taucorr":0.0005266786893870501},"Iteration":96},
{"Acceptance":[0.1646153846153846],"Energy":{"Mean":-10.267976632094657,"Sigma":0.4511041585127571,"Taucorr":0.27458572860492525},"EnergyVariance":{"Mean":18.18945414723907,"Sigma":5.8129106127408505,"Taucorr":0.08120116906055719},"Iteration":97},
{"Acceptance":[0.1473076923076923],"Energy":{"Mean":-10.894657967202773,"Sigma":0.3670119007576029,"Taucorr":0.2547238735300209},"EnergyVariance":{"Mean":9.974497866992298,"Sigma":1.6842824777064587,"Taucorr":0.008896265735628517},"Iteration":98},
{"Acceptance":[0.1326923076923077],"Energy":{"Mean":-10.828139028818416,"Sigma":0.33935395959716497,"Taucorr":0.037113251613910436},"EnergyVariance":{"Mean":11.828058038112138,"Sigma":3.612163993782653,"Taucorr":-0.035727704350094536},"Iteration":99} 
]}
{"input": {"L": 12, "J": 1, "machine": {"type": "FFNN", "model": ["lncosh", 37, 4]}, "sampler": {"type": "MetropolisHop", "d_max": 5}, "optimizer": {"type": "AdaMax", "alpha": 0.001, "beta1": 0.9, "beta2": 0.999, "epscut": 1e-07}, "VMC": {"n_samples": 100, "discarded_samples": 100, "discarded_samples_on_init": 0, "target": "energy", "method": "Gd", "diag_shift": 0.01, "use_iterative": true, "use_cholesky": true}, "n_iter": 100}}
duration: -3.5200281143188477