{"Output": [
{"Acceptance":[0.7876923076923077],"Energy":{"Mean":10.255506450642775,"Sigma":0.26784550472055474,"Taucorr":0.044531034061149555},"EnergyVariance":{"Mean":6.392002925415303,"Sigma":0.7176606987098179,"Taucorr":-0.07014003550548703},"Iteration":0},
{"Acceptance":[0.6823076923076923],"Energy":{"Mean":9.836190218697311,"Sigma":0.2952974486875343,"Taucorr":0.15145362222280678},"EnergyVariance":{"Mean":7.2336132734668155,"Sigma":0.8874511778568733,"Taucorr":0.021466186823686728},"Iteration":1},
{"Acceptance":[0.6292307692307693],"Energy":{"Mean":8.423703955695725,"Sigma":0.2911566341784994,"Taucorr":-0.044326438121265355},"EnergyVariance":{"Mean":10.322067578443619,"Sigma":1.3545918847072091,"Taucorr":0.025066024188951097},"Iteration":2},
{"Acceptance":[0.5757692307692308],"Energy":{"Mean":7.792694387670242,"Sigma":0.2605144683361102,"Taucorr":-0.06795185643887713},"EnergyVariance":{"Mean":9.450816671205835,"Sigma":0.9751168793576638,"Taucorr":-0.022345686565729106},"Iteration":3},
{"Acceptance":[0.5176923076923077],"Energy":{"Mean":6.222456610325764,"Sigma":0.3716411538408179,"Taucorr":0.21117513157557422},"EnergyVariance":{"Mean":13.180863029162786,"Sigma":1.1955831787872526,"Taucorr":-0.05489285659663434},"Iteration":4},
{"Acceptance":[0.46692307692307694],"Energy":{"Mean":4.391866249034928,"Sigma":0.5104904539975764,"Taucorr":0.3601787033810141},"EnergyVariance":{"Mean":17.53169110219197,"Sigma":1.8948272890804805,"Taucorr":-0.14388951902331748},"Iteration":5},
{"Acceptance":[0.4096153846153846],"Energy":{"Mean":3.3529477716546383,"Sigma":0.3933676836251734,"Taucorr":0.16320114858025336},"EnergyVariance":{"Mean":16.180825984281427,"Sigma":1.7944201335613126,"Taucorr":-0.028765344257434933},"Iteration":6},
{"Acceptance":[0.38],"Energy":{"Mean":2.6564812926769394,"Sigma":0.6713427756416928,"Taucorr":0.5983890989920104},"EnergyVariance":{"Mean":28.63170436983636,"Sigma":4.0871041982491265,"Taucorr":0.109276730941262},"Iteration":7},
{"Acceptance":[0.3446153846153846],"Energy":{"Mean":1.623320251106512,"Sigma":0.4222686450606167,"Taucorr":0.2120157008420095},"EnergyVariance":{"Mean":17.442763312938112,"Sigma":2.003576605715675,"Taucorr":0.19439838476149685},"Iteration":8},
{"Acceptance":[0.32884615384615384],"Energy":{"Mean":-0.2843991589375966,"Sigma":0.31875532469992046,"Taucorr":0.10822411852414315},"EnergyVariance":{"Mean":18.293628263033717,"Sigma":3.0995050401301754,"Taucorr":0.15712627720831707},"Iteration":9},
{"Acceptance":[0.2746153846153846],"Energy":{"Mean":-1.1134698153515075,"Sigma":0.4835715227700128,"Taucorr":0.6117499275043619},"EnergyVariance":{"Mean":22.63184473329131,"Sigma":7.357320132282412,"Taucorr":1.0055140818141288},"Iteration":10},
{"Acceptance":[0.2823076923076923],"Energy":{"Mean":-1.8047631242160667,"Sigma":0.3986766005757846,"Taucorr":0.34829100956965897},"EnergyVariance":{"Mean":14.778396296993488,"Sigma":2.466852279594026,"Taucorr":0.321217312455073},"Iteration":11},
{"Acceptance":[0.23692307692307693],"Energy":{"Mean":-3.107518423965559,"Sigma":0.35936079881366784,"Taucorr":0.171970302625448},"EnergyVariance":{"Mean":14.108238367304583,"Sigma":2.082529287115474,"Taucorr":0.041913175697291805},"Iteration":12},
{"Acceptance":[0.21423076923076922],"Energy":{"Mean":-3.196066150932835,"Sigma":0.4139855266628821,"Taucorr":0.44900941053777177},"EnergyVariance":{"Mean":16.422417042478227,"Sigma":2.5443587300632338,"Taucorr":0.31516724391207795},"Iteration":13},
{"Acceptance":[0.20076923076923076],"Energy":{"Mean":-3.924845959973693,"Sigma":0.32970045459775205,"Taucorr":0.25273036294075835},"EnergyVariance":{"Mean":13.446628909486119,"Sigma":2.082186683553278,"Taucorr":0.060553926803198044},"Iteration":14},
{"Acceptance":[0.17038461538461538],"Energy":{"Mean":-4.520954713643321,"Sigma":0.44895703741001575,"Taucorr":0.7456364662306882},"EnergyVariance":{"Mean":10.252170191268792,"Sigma":2.8601572495891183,"Taucorr":0.48382695563299927},"Iteration":15},
{"Acceptance":[0.1946153846153846],"Energy":{"Mean":-4.627117964003868,"Sigma":0.32569178359444967,"Taucorr":0.17190947162090287},"EnergyVariance":{"Mean":12.323237379550523,"Sigma":2.0046680143736353,"Taucorr":-0.04426711929972171},"Iteration":16},
{"Acceptance":[0.16423076923076924],"Energy":{"Mean":-5.599443283965181,"Sigma":0.3596479318803005,"Taucorr":0.4250736787364957},"EnergyVariance":{"Mean":11.923291017225877,"Sigma":2.0410257557270106,"Taucorr":0.2153570596693053},"Iteration":17},
{"Acceptance":[0.1676923076923077],"Energy":{"Mean":-5.9376585987044175,"Sigma":0.3924456639357009,"Taucorr":0.8225417850896544},"EnergyVariance":{"Mean":7.546441051021594,"Sigma":1.5546560319703322,"Taucorr":0.7912383367550697},"Iteration":18},
{"Acceptance":[0.17846153846153845],"Energy":{"Mean":-6.297291129344991,"Sigma":0.29128624260455555,"Taucorr":0.11762925915354994},"EnergyVariance":{"Mean":13.446000716613948,"Sigma":3.1474709372849725,"Taucorr":0.2800456160656112},"Iteration":19},
{"Acceptance":[0.15307692307692308],"Energy":{"Mean":-6.835002731626259,"Sigma":0.3239217998183129,"Taucorr":0.4438281619696378},"EnergyVariance":{"Mean":13.379062103919486,"Sigma":4.381623391952737,"Taucorr":0.3551176248104918},"Iteration":20},
{"Acceptance":[0.15076923076923077],"Energy":{"Mean":-5.643755672358482,"Sigma":0.4862438524581243,"Taucorr":0.6198423885474178},"EnergyVariance":{"Mean":14.94136921056022,"Sigma":3.2521810354346186,"Taucorr":0.5019635117956511},"Iteration":21},
{"Acceptance":[0.13384615384615384],"Energy":{"Mean":-7.4018132859184576,"Sigma":0.19214943941066773,"Taucorr":-0.01626651311046462},"EnergyVariance":{"Mean":5.530340117714662,"Sigma":1.166798235301372,"Taucorr":0.07866972498612201},"Iteration":22},
{"Acceptance":[0.1423076923076923],"Energy":{"Mean":-6.478298405434545,"Sigma":0.365730468350741,"Taucorr":0.30964979171929086},"EnergyVariance":{"Mean":10.085895404072659,"Sigma":2.577790002528357,"Taucorr":0.47140000168683993},"Iteration":23},
{"Acceptance":[0.14115384615384616],"Energy":{"Mean":-7.012280707491802,"Sigma":0.34159700987340175,"Taucorr":0.325518013951567},"EnergyVariance":{"Mean":10.543797799096534,"Sigma":3.741946653301166,"Taucorr":0.3508909574934034},"Iteration":24},
{"Acceptance":[0.12884615384615383],"Energy":{"Mean":-7.237419279041527,"Sigma":0.3997065679461794,"Taucorr":0.511587465283289},"EnergyVariance":{"Mean":10.93700750342376,"Sigma":2.747446888329216,"Taucorr":0.07544461912176681},"Iteration":25},
{"Acceptance":[0.14384615384615385],"Energy":{"Mean":-7.1635056172529215,"Sigma":0.27034100458799304,"Taucorr":0.12866008234505943},"EnergyVariance":{"Mean":14.780634113264286,"Sigma":4.58388851381596,"Taucorr":0.4744522082851592},"Iteration":26},
{"Acceptance":[0.12230769230769231],"Energy":{"Mean":-7.190969929062644,"Sigma":0.3793069756035759,"Taucorr":0.5152651604542815},"EnergyVariance":{"Mean":9.214440529549442,"Sigma":2.805495455374951,"Taucorr":0.27816075612785574},"Iteration":27},
{"Acceptance":[0.12038461538461538],"Energy":{"Mean":-7.571621278319302,"Sigma":0.3251298055746085,"Taucorr":0.02486288406292203},"EnergyVariance":{"Mean":13.699881123242772,"Sigma":4.467559227556147,"Taucorr":0.2630507346942035},"Iteration":28},
{"Acceptance":[0.12615384615384614],"Energy":{"Mean":-7.424987639414869,"Sigma":0.3596742960958045,"Taucorr":-0.04645353331348484},"EnergyVariance":{"Mean":16.476143141179218,"Sigma":7.828360237706903,"Taucorr":0.869170321283729},"Iteration":29},
{"Acceptance":[0.11538461538461539],"Energy":{"Mean":-7.577270529435453,"Sigma":0.22623770024339865,"Taucorr":0.1742547064437694},"EnergyVariance":{"Mean":7.126668308694486,"Sigma":3.868870504071348,"Taucorr":0.5206289476000296},"Iteration":30},
{"Acceptance":[0.10461538461538461],"Energy":{"Mean":-7.5215868088499445,"Sigma":0.24903397576770664,"Taucorr":0.30494112756095704},"EnergyVariance":{"Mean":4.353883987682288,"Sigma":1.1270797116912958,"Taucorr":0.564845619238824},"Iteration":31},
{"Acceptance":[0.11423076923076923],"Energy":{"Mean":-7.6902618438178045,"Sigma":0.36601064349694934,"Taucorr":0.33424859647740635},"EnergyVariance":{"Mean":13.098416041910657,"Sigma":3.8870884495464093,"Taucorr":0.04196260729034962},"Iteration":32},
{"Acceptance":[0.11461538461538462],"Energy":{"Mean":-7.528996827861169,"Sigma":0.4900426615021961,"Taucorr":0.3713498806621788},"EnergyVariance":{"Mean":15.48925587483714,"Sigma":5.705247728895657,"Taucorr":0.3107858265216713},"Iteration":33},
{"Acceptance":[0.11576923076923076],"Energy":{"Mean":-7.532326050869559,"Sigma":0.2296554558568061,"Taucorr":0.18199792103888734},"EnergyVariance":{"Mean":4.412316755799057,"Sigma":2.22337740394291,"Taucorr":-0.009927167899577316},"Iteration":34},
{"Acceptance":[0.11807692307692308],"Energy":{"Mean":-7.697289896357794,"Sigma":0.3930528922999639,"Taucorr":0.425753770842797},"EnergyVariance":{"Mean":10.787663303366642,"Sigma":3.7790542465085983,"Taucorr":0.3117618290882652},"Iteration":35},
{"Acceptance":[0.1226923076923077],"Energy":{"Mean":-7.3485207298146396,"Sigma":0.46279761420737525,"Taucorr":0.28381602525363814},"EnergyVariance":{"Mean":21.965146879984815,"Sigma":8.021537009882747,"Taucorr":0.43670007988665316},"Iteration":36},
{"Acceptance":[0.11615384615384615],"Energy":{"Mean":-8.432801053495817,"Sigma":0.6089746126465831,"Taucorr":0.7769717334704966},"EnergyVariance":{"Mean":19.90480910982775,"Sigma":12.130100048650387,"Taucorr":1.0258336693098666},"Iteration":37},
{"Acceptance":[0.11],"Energy":{"Mean":-7.318610958333211,"Sigma":0.42339522994023426,"Taucorr":0.4524797110138383},"EnergyVariance":{"Mean":17.01014975595561,"Sigma":6.274040798764835,"Taucorr":0.1963910292104325},"Iteration":38},
{"Acceptance":[0.10076923076923076],"Energy":{"Mean":-7.230783650895566,"Sigma":0.4154501624551758,"Taucorr":0.5835100362758776},"EnergyVariance":{"Mean":12.065983584676514,"Sigma":6.666582190291639,"Taucorr":0.46266242442941663},"Iteration":39},
{"Acceptance":[0.10076923076923076],"Energy":{"Mean":-8.373982014650734,"Sigma":0.26452701927972894,"Taucorr":0.10503109616705408},"EnergyVariance":{"Mean":7.339563763409999,"Sigma":2.061645548139411,"Taucorr":0.13297363708386656},"Iteration":40},
{"Acceptance":[0.11692307692307692],"Energy":{"Mean":-8.051969823066221,"Sigma":0.40486750715776276,"Taucorr":0.2826039008983534},"EnergyVariance":{"Mean":13.213140227809765,"Sigma":3.681818063719778,"Taucorr":0.08845452132929266},"Iteration":41},
{"Acceptance":[0.10961538461538461],"Energy":{"Mean":-7.1212884364166005,"Sigma":0.42800484766081115,"Taucorr":0.27190386350159346},"EnergyVariance":{"Mean":16.11336604887254,"Sigma":5.066530095083029,"Taucorr":0.25920340689255406},"Iteration":42},
{"Acceptance":[0.105],"Energy":{"Mean":-7.919451341332745,"Sigma":0.2387313158544639,"Taucorr":0.08103826946407255},"EnergyVariance":{"Mean":5.509373775307047,"Sigma":1.811940653339955,"Taucorr":0.0058019518412771864},"Iteration":43},
{"Acceptance":[0.11653846153846154],"Energy":{"Mean":-7.885151934170194,"Sigma":0.282714523746405,"Taucorr":0.050235533824565914},"EnergyVariance":{"Mean":7.8537520016817455,"Sigma":3.0205955272461997,"Taucorr":0.2899184204805598},"Iteration":44},
{"Acceptance":[0.10923076923076923],"Energy":{"Mean":-7.4132975652007325,"Sigma":0.27279387374025926,"Taucorr":0.13241019668429643},"EnergyVariance":{"Mean":5.657046045589584,"Sigma":1.9467652000220366,"Taucorr":-0.027200723712146824},"Iteration":45},
{"Acceptance":[0.125],"Energy":{"Mean":-7.740097542186148,"Sigma":0.33269259853883903,"Taucorr":0.6882455068512432},"EnergyVariance":{"Mean":8.228663516735653,"Sigma":3.7383605325724494,"Taucorr":0.8154401240242508},"Iteration":46},
{"Acceptance":[0.11538461538461539],"Energy":{"Mean":-7.529329358834584,"Sigma":0.37442577424855,"Taucorr":0.25563119575022597},"EnergyVariance":{"Mean":12.133630226904915,"Sigma":4.083568686174632,"Taucorr":0.3410064235924447},"Iteration":47},
{"Acceptance":[0.11538461538461539],"Energy":{"Mean":-7.689223411378555,"Sigma":0.41284775091237247,"Taucorr":0.038345705828380705},"EnergyVariance":{"Mean":23.306849120713643,"Sigma":9.13964333205437,"Taucorr":0.08644428467304943},"Iteration":48},
{"Acceptance":[0.1123076923076923],"Energy":{"Mean":-8.433179613307717,"Sigma":0.2518904795367116,"Taucorr":-0.07260372008204069},"EnergyVariance":{"Mean":8.805137136512577,"Sigma":3.169368467674221,"Taucorr":0.1296224733477801},"Iteration":49},
{"Acceptance":[0.11],"Energy":{"Mean":-8.949632554108542,"Sigma":0.351333801660334,"Taucorr":0.5507873313868965},"EnergyVariance":{"Mean":8.227750505224707,"Sigma":3.4497080570565686,"Taucorr":0.5055188708966263},"Iteration":50},
{"Acceptance":[0.11307692307692307],"Energy":{"Mean":-8.503886910848749,"Sigma":0.3084437200087232,"Taucorr":0.03611150577792055},"EnergyVariance":{"Mean":12.503286139347614,"Sigma":4.368260371681179,"Taucorr":0.18218650543357373},"Iteration":51},
{"Acceptance":[0.11269230769230769],"Energy":{"Mean":-8.241830592206714,"Sigma":0.49943350132504416,"Taucorr":0.5452565724021714},"EnergyVariance":{"Mean":12.612934298995533,"Sigma":4.660112999428603,"Taucorr":0.49702604728615907},"Iteration":52},
{"Acceptance":[0.09769230769230769],"Energy":{"Mean":-8.578424045749918,"Sigma":0.3416958339251004,"Taucorr":0.15643768271512737},"EnergyVariance":{"Mean":9.059231027135283,"Sigma":3.649330446013667,"Taucorr":0.11057070846138395},"Iteration":53},
{"Acceptance":[0.1176923076923077],"Energy":{"Mean":-8.229436284888365,"Sigma":0.33233788743544734,"Taucorr":0.3538067575471172},"EnergyVariance":{"Mean":7.943458406701047,"Sigma":2.4999127362885836,"Taucorr":0.010393561756218417},"Iteration":54},
{"Acceptance":[0.11653846153846154],"Energy":{"Mean":-8.5630043441455,"Sigma":0.6212300764709472,"Taucorr":0.5356833065623738},"EnergyVariance":{"Mean":30.628382196670188,"Sigma":10.34350044306539,"Taucorr":0.6479704295767901},"Iteration":55},
{"Acceptance":[0.11153846153846154],"Energy":{"Mean":-7.492428861583106,"Sigma":0.39780580999947657,"Taucorr":0.46938683548010307},"EnergyVariance":{"Mean":14.745705162189026,"Sigma":8.529834706916878,"Taucorr":0.562253998931521},"Iteration":56},
{"Acceptance":[0.11153846153846154],"Energy":{"Mean":-8.774024763416575,"Sigma":0.24830132894418885,"Taucorr":0.22213201901690016},"EnergyVariance":{"Mean":6.843045343140575,"Sigma":4.260764674732431,"Taucorr":-0.006273947562313809},"Iteration":57},
{"Acceptance":[0.11307692307692307],"Energy":{"Mean":-8.32482346708651,"Sigma":0.19191537009880166,"Taucorr":-0.08498881682229847},"EnergyVariance":{"Mean":4.567297724462358,"Sigma":1.966134181459313,"Taucorr":0.07294320148189815},"Iteration":58},
{"Acceptance":[0.11115384615384616],"Energy":{"Mean":-8.213781271351394,"Sigma":0.29189773761738474,"Taucorr":0.21769916749077656},"EnergyVariance":{"Mean":9.974315584081783,"Sigma":5.723154239427728,"Taucorr":-0.002066795019993184},"Iteration":59},
{"Acceptance":[0.11076923076923077],"Energy":{"Mean":-8.348204193404316,"Sigma":0.1938451774592991,"Taucorr":-0.023278221178208547},"EnergyVariance":{"Mean":5.905507329976459,"Sigma":3.0293143656507477,"Taucorr":0.10873674109432274},"Iteration":60},
{"Acceptance":[0.11153846153846154],"Energy":{"Mean":-7.17325719957749,"Sigma":0.42203043124677964,"Taucorr":0.5568781098106281},"EnergyVariance":{"Mean":15.109169768101458,"Sigma":6.577755005062229,"Taucorr":0.6656975686656685},"Iteration":61},
{"Acceptance":[0.11307692307692307],"Energy":{"Mean":-8.122374897657872,"Sigma":0.200962269209212,"Taucorr":0.15249094990708967},"EnergyVariance":{"Mean":4.658905630309618,"Sigma":2.626387092609688,"Taucorr":0.6474361995346267},"Iteration":62},
{"Acceptance":[0.11269230769230769],"Energy":{"Mean":-7.830054356197455,"Sigma":0.21026855174316417,"Taucorr":-0.03091437840644673},"EnergyVariance":{"Mean":4.636125196512558,"Sigma":1.4427542289000304,"Taucorr":0.30387117093728455},"Iteration":63},
{"Acceptance":[0.11615384615384615],"Energy":{"Mean":-7.96536267145793,"Sigma":0.37037764777372695,"Taucorr":0.36815167907572166},"EnergyVariance":{"Mean":9.662062745759203,"Sigma":3.4416857297253785,"Taucorr":0.37125382113762495},"Iteration":64},
{"Acceptance":[0.1076923076923077],"Energy":{"Mean":-8.115758096179775,"Sigma":0.3159741291495881,"Taucorr":0.2024226730416061},"EnergyVariance":{"Mean":7.109926401776603,"Sigma":4.149050871212733,"Taucorr":-0.010563794725740261},"Iteration":65},
{"Acceptance":[0.11961538461538461],"Energy":{"Mean":-7.909084774723877,"Sigma":0.3123449358479879,"Taucorr":0.6075314238632004},"EnergyVariance":{"Mean":5.385070194617709,"Sigma":2.2000245518303423,"Taucorr":0.32115814352670147},"Iteration":66},
{"Acceptance":[0.12307692307692308],"Energy":{"Mean":-8.421495807513375,"Sigma":0.21562929660422017,"Taucorr":0.3015001577484817},"EnergyVariance":{"Mean":4.6757178159329635,"Sigma":1.6017834122351815,"Taucorr":0.15069254872733284},"Iteration":67},
{"Acceptance":[0.10923076923076923],"Energy":{"Mean":-8.407081106164533,"Sigma":0.26421967792166884,"Taucorr":-0.25214873360629864},"EnergyVariance":{"Mean":20.440121477473557,"Sigma":12.032337226302904,"Taucorr":0.15754660346660754},"Iteration":68},
{"Acceptance":[0.11846153846153847],"Energy":{"Mean":-8.114675546028273,"Sigma":0.37135293547378034,"Taucorr":0.28825384568521506},"EnergyVariance":{"Mean":12.863615581221042,"Sigma":4.711954657167038,"Taucorr":0.05369350988167798},"Iteration":69},
{"Acceptance":[0.09692307692307692],"Energy":{"Mean":-9.031935115079907,"Sigma":0.41770693060387193,"Taucorr":0.24364922065860406},"EnergyVariance":{"Mean":19.98324052356017,"Sigma":8.008155153982257,"Taucorr":0.094045684790943},"Iteration":70},
{"Acceptance":[0.11076923076923077],"Energy":{"Mean":-8.660462274219181,"Sigma":0.13753723049760827,"Taucorr":0.01873549076402481},"EnergyVariance":{"Mean":1.8665438221712396,"Sigma":0.4384846364923448,"Taucorr":-0.07056226390631504},"Iteration":71},
{"Acceptance":[0.10423076923076922],"Energy":{"Mean":-8.318858660098769,"Sigma":0.2549033405712011,"Taucorr":0.31958650235325015},"EnergyVariance":{"Mean":6.4789053744866205,"Sigma":4.098488845027085,"Taucorr":0.9534172142411461},"Iteration":72},
{"Acceptance":[0.11],"Energy":{"Mean":-8.426909443105338,"Sigma":0.46913012788499847,"Taucorr":0.30819997420377065},"EnergyVariance":{"Mean":16.691306412905302,"Sigma":9.825373409061978,"Taucorr":0.2892866038915147},"Iteration":73},
{"Acceptance":[0.11307692307692307],"Energy":{"Mean":-9.048096208804544,"Sigma":0.6281345488563504,"Taucorr":0.8101194544918995},"EnergyVariance":{"Mean":18.0535239358551,"Sigma":7.329931187313983,"Taucorr":0.5810303567250903},"Iteration":74},
{"Acceptance":[0.10192307692307692],"Energy":{"Mean":-8.961922554094176,"Sigma":0.3740596372392272,"Taucorr":0.032602696428559064},"EnergyVariance":{"Mean":14.701503207577012,"Sigma":9.52008268883991,"Taucorr":-0.0027407440661595395},"Iteration":75},
{"Acceptance":[0.11307692307692307],"Energy":{"Mean":-8.250896080825337,"Sigma":0.35804078392823063,"Taucorr":0.27061068854880355},"EnergyVariance":{"Mean":12.50760708039579,"Sigma":4.817302858640827,"Taucorr":0.017480766755425314},"Iteration":76},
{"Acceptance":[0.11423076923076923],"Energy":{"Mean":-8.238482988788016,"Sigma":0.3682570363499655,"Taucorr":0.06796724202410886},"EnergyVariance":{"Mean":20.672601042923745,"Sigma":9.126594103179174,"Taucorr":-0.01352091154813001},"Iteration":77},
{"Acceptance":[0.11307692307692307],"Energy":{"Mean":-9.056100885055493,"Sigma":0.3950084944534599,"Taucorr":0.43311642454005406},"EnergyVariance":{"Mean":9.07566331371468,"Sigma":5.964553619025584,"Taucorr":0.18804077419193865},"Iteration":78},
{"Acceptance":[0.115],"Energy":{"Mean":-9.01819355115074,"Sigma":0.1960696819066397,"Taucorr":-0.01883027015109595},"EnergyVariance":{"Mean":3.9623498082329607,"Sigma":2.1866996150997084,"Taucorr":0.9437935563745392},"Iteration":79},
{"Acceptance":[0.12038461538461538],"Energy":{"Mean":-8.520456252087433,"Sigma":0.17089831194133842,"Taucorr":0.46952127675808775},"EnergyVariance":{"Mean":1.4946968612767055,"Sigma":0.26348461775830156,"Taucorr":0.08430779880423611},"Iteration":80},
{"Acceptance":[0.12884615384615383],"Energy":{"Mean":-8.573677727230837,"Sigma":0.17215112882122158,"Taucorr":0.010238931206393964},"EnergyVariance":{"Mean":3.961219732370293,"Sigma":1.2271001870768323,"Taucorr":0.08871412848309879},"Iteration":81},
{"Acceptance":[0.12423076923076923],"Energy":{"Mean":-8.61210614964177,"Sigma":0.21338727741628233,"Taucorr":0.05280573721897408},"EnergyVariance":{"Mean":5.6423900757714796,"Sigma":2.1254592395771335,"Taucorr":0.054888544870664635},"Iteration":82},
{"Acceptance":[0.11576923076923076],"Energy":{"Mean":-8.71309194883547,"Sigma":0.21316429001409687,"Taucorr":0.4453572803034763},"EnergyVariance":{"Mean":9.907279638850392,"Sigma":5.672059825030193,"Taucorr":0.02268703041306519},"Iteration":83},
{"Acceptance":[0.1226923076923077],"Energy":{"Mean":-7.909416282948368,"Sigma":0.22483111408629872,"Taucorr":0.10924340040727021},"EnergyVariance":{"Mean":5.718690795465783,"Sigma":1.6598033291462855,"Taucorr":0.3344479981726518},"Iteration":84},
{"Acceptance":[0.12192307692307693],"Energy":{"Mean":-8.792219191911837,"Sigma":0.25620313436017467,"Taucorr":0.10501609517608979},"EnergyVariance":{"Mean":13.248789486295504,"Sigma":5.774970370493358,"Taucorr":-0.02528747470355419},"Iteration":85},
{"Acceptance":[0.13884615384615384],"Energy":{"Mean":-8.714689611415766,"Sigma":0.37763690140957434,"Taucorr":0.6142989570383899},"EnergyVariance":{"Mean":14.689818563520639,"Sigma":6.598367167790423,"Taucorr":0.0012708112883520473},"Iteration":86},
{"Acceptance":[0.1326923076923077],"Energy":{"Mean":-8.517067325375082,"Sigma":0.23870834833176954,"Taucorr":0.5156347767800717},"EnergyVariance":{"Mean":3.6523808132393385,"Sigma":1.3183080764682649,"Taucorr":0.31468040344315495},"Iteration":87},
{"Acceptance":[0.13807692307692307],"Energy":{"Mean":-8.53753022279393,"Sigma":0.19781853598882582,"Taucorr":0.06476293349608475},"EnergyVariance":{"Mean":5.359520788773234,"Sigma":2.3547105377488298,"Taucorr":0.6308467233274702},"Iteration":88},
{"Acceptance":[0.12576923076923077],"Energy":{"Mean":-8.744590104527592,"Sigma":0.27522341738557055,"Taucorr":-0.08511342266424976},"EnergyVariance":{"Mean":17.99279284340574,"Sigma":11.15917600373417,"Taucorr":0.031049546531391137},"Iteration":89},
{"Acceptance":[0.12576923076923077],"Energy":{"Mean":-8.446945676143802,"Sigma":0.2969486965394416,"Taucorr":0.4327654942617112},"EnergyVariance":{"Mean":6.368537260864021,"Sigma":2.2649341392972002,"Taucorr":0.14222734552914873},"Iteration":90},
{"Acceptance":[0.11961538461538461],"Energy":{"Mean":-8.301007129077776,"Sigma":0.23102907038956022,"Taucorr":0.5043134250055905},"EnergyVariance":{"Mean":4.725721424182978,"Sigma":2.476284506437486,"Taucorr":0.4599165125675846},"Iteration":91},
{"Acceptance":[0.14423076923076922],"Energy":{"Mean":-8.565576653834775,"Sigma":0.3740780398637182,"Taucorr":0.459572700316245},"EnergyVariance":{"Mean":8.423825006913104,"Sigma":3.4151556509189835,"Taucorr":0.3519105226300083},"Iteration":92},
{"Acceptance":[0.14076923076923076],"Energy":{"Mean":-8.816663512847716,"Sigma":0.25310692707717336,"Taucorr":0.41164433557457625},"EnergyVariance":{"Mean":9.048321225584429,"Sigma":5.755794309474244,"Taucorr":0.7202980937814507},"Iteration":93},
{"Acceptance":[0.13884615384615384],"Energy":{"Mean":-8.60806719941015,"Sigma":0.2346295869658722,"Taucorr":-0.12931055654660267},"EnergyVariance":{"Mean":13.873998411507376,"Sigma":6.45258713312818,"Taucorr":0.3626954451261146},"Iteration":94},
{"Acceptance":[0.13230769230769232],"Energy":{"Mean":-8.409237951043878,"Sigma":0.3214523434967705,"Taucorr":0.5354287350453588},"EnergyVariance":{"Mean":11.542069053473464,"Sigma":4.085962981389681,"Taucorr":0.6181104186215522},"Iteration":95},
{"Acceptance":[0.1453846153846154],"Energy":{"Mean":-8.58724359567957,"Sigma":0.39969502776626686,"Taucorr":0.09197864613363638},"EnergyVariance":{"Mean":18.86239859896877,"Sigma":13.476636266219296,"Taucorr":0.0020771334237723593},"Iteration":96},
{"Acceptance":[0.1396153846153846],"Energy":{"Mean":-8.541942017562148,"Sigma":0.33344902805566173,"Taucorr":0.07634587644580737},"EnergyVariance":{"Mean":13.645385427041903,"Sigma":5.7012706097795425,"Taucorr":0.15886462766642317},"Iteration":97},
{"Acceptance":[0.14346153846153847],"Energy":{"Mean":-8.324402169146728,"Sigma":0.3821567636032747,"Taucorr":0.3185887576394897},"EnergyVariance":{"Mean":13.371101435928095,"Sigma":5.281036380418685,"Taucorr":0.37891861439819596},"Iteration":98},
{"Acceptance":[0.14653846153846153],"Energy":{"Mean":-8.763407672082009,"Sigma":0.3154142434407985,"Taucorr":0.2496675767717631},"EnergyVariance":{"Mean":8.42452127773818,"Sigma":2.983229823978269,"Taucorr":0.36325507507906274},"Iteration":99} 
]}
{"input": {"L": 12, "J": 1, "machine": {"type": "FFNN", "model": ["lncosh", 54, 4]}, "sampler": {"type": "MetropolisHop", "d_max": 5}, "optimizer": {"type": "AdaMax", "alpha": 0.001, "beta1": 0.9, "beta2": 0.999, "epscut": 1e-07}, "VMC": {"n_samples": 100, "discarded_samples": 100, "discarded_samples_on_init": 0, "target": "energy", "method": "Gd", "diag_shift": 0.01, "use_iterative": true, "use_cholesky": true}, "n_iter": 100}}
duration: -5.775088787078857