{"Output": [
{"Acceptance":[0.9158260869565218],"Energy":{"Mean":19.717491976778117,"Sigma":0.3592753231309382,"Taucorr":0.0},"EnergyVariance":{"Mean":12.786360012340811,"Sigma":2.0273503219886337,"Taucorr":-2.7755575615628914e-17},"Iteration":0},
{"Acceptance":[0.9033043478260869],"Energy":{"Mean":19.539123090673073,"Sigma":0.31861415634313167,"Taucorr":-2.7755575615628914e-17},"EnergyVariance":{"Mean":10.259972482636986,"Sigma":1.2732446335272856,"Taucorr":0.0},"Iteration":1},
{"Acceptance":[0.9036521739130435],"Energy":{"Mean":19.304829758425406,"Sigma":0.328088148572765,"Taucorr":2.7755575615628914e-17},"EnergyVariance":{"Mean":10.9300075059366,"Sigma":1.3070031372135125,"Taucorr":0.0},"Iteration":2},
{"Acceptance":[0.8953043478260869],"Energy":{"Mean":18.665198368664555,"Sigma":0.3625094266685636,"Taucorr":0.0},"EnergyVariance":{"Mean":13.380612167421813,"Sigma":1.5523700650186496,"Taucorr":0.0},"Iteration":3},
{"Acceptance":[0.888695652173913],"Energy":{"Mean":19.22249620242566,"Sigma":0.310698556479843,"Taucorr":5.551115123125783e-17},"EnergyVariance":{"Mean":10.142713881075679,"Sigma":1.184131747317643,"Taucorr":0.0},"Iteration":4},
{"Acceptance":[0.8772173913043478],"Energy":{"Mean":18.39364127601102,"Sigma":0.3597624160724337,"Taucorr":0.0},"EnergyVariance":{"Mean":13.373961538888135,"Sigma":1.6714179913763803,"Taucorr":2.7755575615628914e-17},"Iteration":5},
{"Acceptance":[0.8643478260869565],"Energy":{"Mean":18.472253039579535,"Sigma":0.3524219621073663,"Taucorr":1.1102230246251565e-16},"EnergyVariance":{"Mean":13.62499496288278,"Sigma":1.5108230711456119,"Taucorr":0.0},"Iteration":6},
{"Acceptance":[0.8646956521739131],"Energy":{"Mean":17.561583015450836,"Sigma":0.341143886105077,"Taucorr":0.0},"EnergyVariance":{"Mean":13.312107271350538,"Sigma":1.6665372517969057,"Taucorr":0.0},"Iteration":7},
{"Acceptance":[0.8643478260869565],"Energy":{"Mean":18.50835368318201,"Sigma":0.3862643811380646,"Taucorr":2.7755575615628914e-17},"EnergyVariance":{"Mean":16.111612861696678,"Sigma":2.057928285347231,"Taucorr":-2.7755575615628914e-17},"Iteration":8},
{"Acceptance":[0.8525217391304348],"Energy":{"Mean":18.850576321318634,"Sigma":0.3413418507253828,"Taucorr":-5.551115123125783e-17},"EnergyVariance":{"Mean":13.047696994264719,"Sigma":2.0688151655254994,"Taucorr":0.0},"Iteration":9},
{"Acceptance":[0.8486956521739131],"Energy":{"Mean":17.814155946604874,"Sigma":0.363055411845352,"Taucorr":-2.7755575615628914e-17},"EnergyVariance":{"Mean":15.177318681484616,"Sigma":1.744917588870008,"Taucorr":5.551115123125783e-17},"Iteration":10},
{"Acceptance":[0.8281739130434783],"Energy":{"Mean":18.74922050515893,"Sigma":0.38338657959804817,"Taucorr":2.7755575615628914e-17},"EnergyVariance":{"Mean":16.15323364517912,"Sigma":2.5431354972350313,"Taucorr":0.0},"Iteration":11},
{"Acceptance":[0.8187826086956522],"Energy":{"Mean":17.976065770403046,"Sigma":0.39701290670176903,"Taucorr":2.7755575615628914e-17},"EnergyVariance":{"Mean":17.345053609461097,"Sigma":2.0154728545498255,"Taucorr":0.0},"Iteration":12},
{"Acceptance":[0.8215652173913044],"Energy":{"Mean":17.208686182646748,"Sigma":0.33688068674628313,"Taucorr":-2.7755575615628914e-17},"EnergyVariance":{"Mean":12.706860955486905,"Sigma":2.0151837682803917,"Taucorr":0.0},"Iteration":13},
{"Acceptance":[0.8118260869565217],"Energy":{"Mean":17.697571644832784,"Sigma":0.40908300649786344,"Taucorr":5.551115123125783e-17},"EnergyVariance":{"Mean":19.866683693911277,"Sigma":2.987311762087565,"Taucorr":5.551115123125783e-17},"Iteration":14},
{"Acceptance":[0.8083478260869565],"Energy":{"Mean":17.729367767336775,"Sigma":0.3523853952802149,"Taucorr":-2.7755575615628914e-17},"EnergyVariance":{"Mean":14.287412265956451,"Sigma":1.9177914917429044,"Taucorr":0.0},"Iteration":15},
{"Acceptance":[0.8003478260869565],"Energy":{"Mean":17.325551095047544,"Sigma":0.34115102693291055,"Taucorr":-2.7755575615628914e-17},"EnergyVariance":{"Mean":14.509268856513055,"Sigma":1.5675951778121302,"Taucorr":-5.551115123125783e-17},"Iteration":16},
{"Acceptance":[0.7867826086956522],"Energy":{"Mean":17.328088233513725,"Sigma":0.3816876079424107,"Taucorr":0.0},"EnergyVariance":{"Mean":17.015416694612316,"Sigma":2.186838186316014,"Taucorr":1.1102230246251565e-16},"Iteration":17},
{"Acceptance":[0.784695652173913],"Energy":{"Mean":16.053361492226166,"Sigma":0.36263083183451905,"Taucorr":5.551115123125783e-17},"EnergyVariance":{"Mean":16.53487405454638,"Sigma":1.9959605005820829,"Taucorr":-2.7755575615628914e-17},"Iteration":18},
{"Acceptance":[0.7909565217391304],"Energy":{"Mean":17.05686679221198,"Sigma":0.3700620648970465,"Taucorr":0.0},"EnergyVariance":{"Mean":16.68127892314528,"Sigma":1.8106816259952745,"Taucorr":2.7755575615628914e-17},"Iteration":19},
{"Acceptance":[0.7683478260869565],"Energy":{"Mean":16.058890713325084,"Sigma":0.41964967267224806,"Taucorr":-2.7755575615628914e-17},"EnergyVariance":{"Mean":19.765514974054522,"Sigma":2.2365505437442628,"Taucorr":0.0},"Iteration":20},
{"Acceptance":[0.7659130434782608],"Energy":{"Mean":16.62418696701863,"Sigma":0.4082183421005244,"Taucorr":0.0},"EnergyVariance":{"Mean":19.485939374186152,"Sigma":2.1675708554384987,"Taucorr":-5.551115123125783e-17},"Iteration":21},
{"Acceptance":[0.7568695652173913],"Energy":{"Mean":16.20828020335416,"Sigma":0.41964229442882567,"Taucorr":-2.7755575615628914e-17},"EnergyVariance":{"Mean":21.309946616155123,"Sigma":2.5205300442351133,"Taucorr":5.551115123125783e-17},"Iteration":22},
{"Acceptance":[0.760695652173913],"Energy":{"Mean":16.729206658649847,"Sigma":0.39184861992901554,"Taucorr":-2.7755575615628914e-17},"EnergyVariance":{"Mean":19.529315705535122,"Sigma":2.411687962423985,"Taucorr":0.0},"Iteration":23},
{"Acceptance":[0.7457391304347826],"Energy":{"Mean":14.882526684251438,"Sigma":0.4245320112072197,"Taucorr":0.0},"EnergyVariance":{"Mean":22.406778511349614,"Sigma":3.1793451322228905,"Taucorr":-5.551115123125783e-17},"Iteration":24},
{"Acceptance":[0.7286956521739131],"Energy":{"Mean":15.638051805732673,"Sigma":0.38631785441615496,"Taucorr":-8.326672684688674e-17},"EnergyVariance":{"Mean":20.546963599297015,"Sigma":2.162928589425322,"Taucorr":0.0},"Iteration":25},
{"Acceptance":[0.7126956521739131],"Energy":{"Mean":15.653874811549912,"Sigma":0.3902716514540997,"Taucorr":5.551115123125783e-17},"EnergyVariance":{"Mean":19.520765790332447,"Sigma":1.957264393349522,"Taucorr":2.7755575615628914e-17},"Iteration":26},
{"Acceptance":[0.719304347826087],"Energy":{"Mean":14.421135320241895,"Sigma":0.3627739000124225,"Taucorr":5.551115123125783e-17},"EnergyVariance":{"Mean":16.747379189013525,"Sigma":1.9502303572246595,"Taucorr":0.0},"Iteration":27},
{"Acceptance":[0.7078260869565217],"Energy":{"Mean":15.04589194339525,"Sigma":0.3957919742197125,"Taucorr":0.0},"EnergyVariance":{"Mean":23.126150788870945,"Sigma":2.1903877777011274,"Taucorr":0.0},"Iteration":28},
{"Acceptance":[0.6900869565217391],"Energy":{"Mean":13.793777224227766,"Sigma":0.4492579162046908,"Taucorr":2.7755575615628914e-17},"EnergyVariance":{"Mean":23.954575811331985,"Sigma":2.7536770930157712,"Taucorr":-2.7755575615628914e-17},"Iteration":29},
{"Acceptance":[0.7046956521739131],"Energy":{"Mean":14.00881703794607,"Sigma":0.45933596375656105,"Taucorr":0.0},"EnergyVariance":{"Mean":29.224753666641273,"Sigma":3.5621479769417315,"Taucorr":-2.7755575615628914e-17},"Iteration":30},
{"Acceptance":[0.6935652173913044],"Energy":{"Mean":13.01085958390221,"Sigma":0.4315583956783223,"Taucorr":-5.551115123125783e-17},"EnergyVariance":{"Mean":22.912933992613105,"Sigma":2.752914047556136,"Taucorr":-5.551115123125783e-17},"Iteration":31},
{"Acceptance":[0.679304347826087],"Energy":{"Mean":13.749266010148613,"Sigma":0.447029022960589,"Taucorr":0.0},"EnergyVariance":{"Mean":24.62470332119831,"Sigma":2.7640108086286896,"Taucorr":0.0},"Iteration":32},
{"Acceptance":[0.687304347826087],"Energy":{"Mean":14.216476112273243,"Sigma":0.4942188055818861,"Taucorr":-5.551115123125783e-17},"EnergyVariance":{"Mean":31.04417036664769,"Sigma":3.172241260927301,"Taucorr":0.0},"Iteration":33},
{"Acceptance":[0.656],"Energy":{"Mean":13.232717330764572,"Sigma":0.45600906155849014,"Taucorr":0.0},"EnergyVariance":{"Mean":26.429750578519847,"Sigma":2.833489893886968,"Taucorr":-2.7755575615628914e-17},"Iteration":34},
{"Acceptance":[0.6775652173913044],"Energy":{"Mean":13.251138723167582,"Sigma":0.3597603806674053,"Taucorr":8.326672684688674e-17},"EnergyVariance":{"Mean":18.97522365255302,"Sigma":1.7951501491642223,"Taucorr":0.0},"Iteration":35},
{"Acceptance":[0.6549565217391304],"Energy":{"Mean":12.956868411057293,"Sigma":0.36322745007073,"Taucorr":2.7755575615628914e-17},"EnergyVariance":{"Mean":19.834016518388147,"Sigma":2.073759542838432,"Taucorr":-1.1102230246251565e-16},"Iteration":36},
{"Acceptance":[0.6549565217391304],"Energy":{"Mean":12.738034526257646,"Sigma":0.48108021699730535,"Taucorr":0.0},"EnergyVariance":{"Mean":33.879920568851304,"Sigma":3.4302119273451845,"Taucorr":5.551115123125783e-17},"Iteration":37},
{"Acceptance":[0.6459130434782608],"Energy":{"Mean":12.039177037211942,"Sigma":0.4596509119549107,"Taucorr":5.551115123125783e-17},"EnergyVariance":{"Mean":28.780495775107084,"Sigma":3.7623203007644883,"Taucorr":0.0},"Iteration":38},
{"Acceptance":[0.6288695652173913],"Energy":{"Mean":11.454593730554024,"Sigma":0.4422718944624972,"Taucorr":1.1102230246251565e-16},"EnergyVariance":{"Mean":25.989783647091954,"Sigma":3.213424689648891,"Taucorr":-2.7755575615628914e-17},"Iteration":39},
{"Acceptance":[0.6424347826086957],"Energy":{"Mean":11.06805044351626,"Sigma":0.44145319795158783,"Taucorr":-5.551115123125783e-17},"EnergyVariance":{"Mean":26.80882889483503,"Sigma":2.734134028405596,"Taucorr":5.551115123125783e-17},"Iteration":40},
{"Acceptance":[0.6149565217391304],"Energy":{"Mean":10.792705877969894,"Sigma":0.4988852981161052,"Taucorr":0.0},"EnergyVariance":{"Mean":34.98004115586701,"Sigma":4.9892260505101556,"Taucorr":-2.7755575615628914e-17},"Iteration":41},
{"Acceptance":[0.6278260869565218],"Energy":{"Mean":11.123063724367356,"Sigma":0.45132003000537585,"Taucorr":0.0},"EnergyVariance":{"Mean":24.962675757768984,"Sigma":2.6644676575407105,"Taucorr":0.0},"Iteration":42},
{"Acceptance":[0.6062608695652174],"Energy":{"Mean":10.841261358808659,"Sigma":0.43877830106333526,"Taucorr":5.551115123125783e-17},"EnergyVariance":{"Mean":28.44928479670466,"Sigma":3.1195874976948796,"Taucorr":-5.551115123125783e-17},"Iteration":43},
{"Acceptance":[0.584],"Energy":{"Mean":10.29791702275422,"Sigma":0.488565067463018,"Taucorr":0.0},"EnergyVariance":{"Mean":31.430190707278648,"Sigma":3.9456627390204715,"Taucorr":0.0},"Iteration":44},
{"Acceptance":[0.5937391304347827],"Energy":{"Mean":9.786556000647787,"Sigma":0.4683424620666949,"Taucorr":-2.7755575615628914e-17},"EnergyVariance":{"Mean":30.779391734280324,"Sigma":4.165547571312959,"Taucorr":5.551115123125783e-17},"Iteration":45},
{"Acceptance":[0.6083478260869565],"Energy":{"Mean":10.042977936410267,"Sigma":0.441199505318516,"Taucorr":0.0},"EnergyVariance":{"Mean":29.717504790964966,"Sigma":3.618182794416238,"Taucorr":-2.7755575615628914e-17},"Iteration":46},
{"Acceptance":[0.5819130434782609],"Energy":{"Mean":9.93571897571289,"Sigma":0.4058272309380294,"Taucorr":-8.326672684688674e-17},"EnergyVariance":{"Mean":26.30478637397384,"Sigma":3.025114715514327,"Taucorr":5.551115123125783e-17},"Iteration":47},
{"Acceptance":[0.5878260869565217],"Energy":{"Mean":9.431982465176468,"Sigma":0.5024069989528115,"Taucorr":0.0},"EnergyVariance":{"Mean":30.054885294614657,"Sigma":3.447397530078184,"Taucorr":0.0},"Iteration":48},
{"Acceptance":[0.5683478260869566],"Energy":{"Mean":9.250707290034494,"Sigma":0.44983721874062454,"Taucorr":5.551115123125783e-17},"EnergyVariance":{"Mean":33.36828549957954,"Sigma":4.5918373903563845,"Taucorr":0.0},"Iteration":49},
{"Acceptance":[0.5610434782608695],"Energy":{"Mean":8.72821375199617,"Sigma":0.5779254077798628,"Taucorr":-8.326672684688674e-17},"EnergyVariance":{"Mean":50.07998696555702,"Sigma":13.158576725496223,"Taucorr":-1.1102230246251565e-16},"Iteration":50},
{"Acceptance":[0.5516521739130434],"Energy":{"Mean":8.386034311384218,"Sigma":0.47879572287790634,"Taucorr":0.0},"EnergyVariance":{"Mean":34.42510376338458,"Sigma":6.490096849299599,"Taucorr":0.0},"Iteration":51},
{"Acceptance":[0.5283478260869565],"Energy":{"Mean":7.544699510064717,"Sigma":0.49729128736471645,"Taucorr":0.0},"EnergyVariance":{"Mean":32.18419645860463,"Sigma":3.719971043199724,"Taucorr":1.1102230246251565e-16},"Iteration":52},
{"Acceptance":[0.504695652173913],"Energy":{"Mean":4.95933005746659,"Sigma":0.7405004663206625,"Taucorr":0.0},"EnergyVariance":{"Mean":71.46326997575684,"Sigma":9.970559876001548,"Taucorr":5.551115123125783e-17},"Iteration":53},
{"Acceptance":[0.5092173913043478],"Energy":{"Mean":6.274923206708526,"Sigma":0.569158356948433,"Taucorr":5.551115123125783e-17},"EnergyVariance":{"Mean":47.531101707257406,"Sigma":6.050034360422194,"Taucorr":0.0},"Iteration":54},
{"Acceptance":[0.5154782608695652],"Energy":{"Mean":4.2488914801255815,"Sigma":0.5600243091981654,"Taucorr":0.0},"EnergyVariance":{"Mean":45.27607229862225,"Sigma":5.639241449771714,"Taucorr":-5.551115123125783e-17},"Iteration":55},
{"Acceptance":[0.5318260869565218],"Energy":{"Mean":5.682965544235829,"Sigma":0.6755565356812179,"Taucorr":0.0},"EnergyVariance":{"Mean":61.94354218184694,"Sigma":9.087762911097288,"Taucorr":0.0},"Iteration":56},
{"Acceptance":[0.5133913043478261],"Energy":{"Mean":4.065291187466382,"Sigma":0.6851904626977195,"Taucorr":-8.326672684688674e-17},"EnergyVariance":{"Mean":67.600697668301,"Sigma":8.827609387767096,"Taucorr":-2.7755575615628914e-17},"Iteration":57},
{"Acceptance":[0.4128695652173913],"Energy":{"Mean":4.491723762106674,"Sigma":0.6883810394779378,"Taucorr":0.0},"EnergyVariance":{"Mean":60.76685826348517,"Sigma":9.021037795272814,"Taucorr":-2.7755575615628914e-17},"Iteration":58},
{"Acceptance":[0.4337391304347826],"Energy":{"Mean":0.3030916791097862,"Sigma":0.6421736469524514,"Taucorr":1.1102230246251565e-16},"EnergyVariance":{"Mean":60.49198595255572,"Sigma":7.182486273423232,"Taucorr":0.0},"Iteration":59},
{"Acceptance":[0.26643478260869563],"Energy":{"Mean":-3.3511414822266024,"Sigma":0.897342663881513,"Taucorr":5.551115123125783e-17},"EnergyVariance":{"Mean":128.78648239545095,"Sigma":8.22845978618614,"Taucorr":-5.551115123125783e-17},"Iteration":60},
{"Acceptance":[0.16834782608695653],"Energy":{"Mean":-11.180629457621638,"Sigma":0.6468903135953028,"Taucorr":-5.551115123125783e-17},"EnergyVariance":{"Mean":78.2909459502767,"Sigma":10.541252591900324,"Taucorr":-5.551115123125783e-17},"Iteration":61},
{"Acceptance":[0.20034782608695653],"Energy":{"Mean":-8.022778470515252,"Sigma":0.4558569888041372,"Taucorr":5.551115123125783e-17},"EnergyVariance":{"Mean":101.54006825664845,"Sigma":7.42683529178439,"Taucorr":0.0},"Iteration":62},
{"Acceptance":[0.16904347826086957],"Energy":{"Mean":-10.056936872377005,"Sigma":0.5987598970623815,"Taucorr":0.0},"EnergyVariance":{"Mean":66.99864967108459,"Sigma":8.806183971880882,"Taucorr":-2.7755575615628914e-17},"Iteration":63},
{"Acceptance":[0.10573913043478261],"Energy":{"Mean":-14.602574613342444,"Sigma":0.20743940290403956,"Taucorr":0.0},"EnergyVariance":{"Mean":4.88356526553377,"Sigma":1.8878032991400098,"Taucorr":0.0},"Iteration":64},
{"Acceptance":[0.15095652173913043],"Energy":{"Mean":-13.25789900546237,"Sigma":0.4166418089593233,"Taucorr":2.7755575615628914e-17},"EnergyVariance":{"Mean":23.621040165249603,"Sigma":7.225064473703612,"Taucorr":-2.7755575615628914e-17},"Iteration":65},
{"Acceptance":[0.05321739130434783],"Energy":{"Mean":-14.690847860349145,"Sigma":0.21399055394985841,"Taucorr":-2.7755575615628914e-17},"EnergyVariance":{"Mean":13.765973957356078,"Sigma":11.579295782317732,"Taucorr":-2.7755575615628914e-17},"Iteration":66},
{"Acceptance":[0.041391304347826084],"Energy":{"Mean":-14.494740119541998,"Sigma":0.14580943500115295,"Taucorr":2.7755575615628914e-17},"EnergyVariance":{"Mean":2.4192055716320406,"Sigma":0.5716819110226867,"Taucorr":0.0},"Iteration":67},
{"Acceptance":[0.029565217391304348],"Energy":{"Mean":-14.76973773309744,"Sigma":0.0969528486494228,"Taucorr":1.6653345369377348e-16},"EnergyVariance":{"Mean":1.3282287883327535,"Sigma":0.16814140231381627,"Taucorr":0.0},"Iteration":68},
{"Acceptance":[0.02191304347826087],"Energy":{"Mean":-15.053537942374422,"Sigma":0.08923584678274532,"Taucorr":2.7755575615628914e-17},"EnergyVariance":{"Mean":1.138772754423496,"Sigma":0.14935889233178595,"Taucorr":0.0},"Iteration":69},
{"Acceptance":[0.018782608695652174],"Energy":{"Mean":-14.742204330203997,"Sigma":0.09127334225457225,"Taucorr":-1.1102230246251565e-16},"EnergyVariance":{"Mean":0.8279663343870484,"Sigma":0.0742516714409792,"Taucorr":-2.7755575615628914e-17},"Iteration":70},
{"Acceptance":[0.03165217391304348],"Energy":{"Mean":-14.645779040231702,"Sigma":0.09678423214838448,"Taucorr":1.1102230246251565e-16},"EnergyVariance":{"Mean":2.8188651454410194,"Sigma":1.5152971812831768,"Taucorr":0.0},"Iteration":71},
{"Acceptance":[0.015304347826086957],"Energy":{"Mean":-15.168652389200947,"Sigma":0.0975789306576909,"Taucorr":-2.7755575615628914e-17},"EnergyVariance":{"Mean":1.3290231416940856,"Sigma":0.20778348475855915,"Taucorr":0.0},"Iteration":72},
{"Acceptance":[0.01634782608695652],"Energy":{"Mean":-15.97640400222983,"Sigma":0.14586651402539366,"Taucorr":-2.220446049250313e-16},"EnergyVariance":{"Mean":3.6426122705938893,"Sigma":2.708802047592533,"Taucorr":5.551115123125783e-17},"Iteration":73},
{"Acceptance":[0.004521739130434782],"Energy":{"Mean":-15.883580086307076,"Sigma":0.05206723491063706,"Taucorr":null},"EnergyVariance":{"Mean":0.30252120995200676,"Sigma":0.15623949572857318,"Taucorr":null},"Iteration":74},
{"Acceptance":[0.0006956521739130435],"Energy":{"Mean":-16.021834915096637,"Sigma":0.02068292827924558,"Taucorr":null},"EnergyVariance":{"Mean":0.04374923992931652,"Sigma":0.04332145066941639,"Taucorr":null},"Iteration":75},
{"Acceptance":[0.0],"Energy":{"Mean":-16.019909675387197,"Sigma":0.019362599871284903,"Taucorr":null},"EnergyVariance":{"Mean":0.03714435432234166,"Sigma":0.036769238278383166,"Taucorr":null},"Iteration":76},
{"Acceptance":[0.0020869565217391303],"Energy":{"Mean":-16.020070805786865,"Sigma":0.019868294012348995,"Taucorr":null},"EnergyVariance":{"Mean":0.039093342481252166,"Sigma":0.03869831960030049,"Taucorr":null},"Iteration":77},
{"Acceptance":[0.004521739130434782],"Energy":{"Mean":-16.15997215106784,"Sigma":0.055025284908443585,"Taucorr":-1.942890293094024e-16},"EnergyVariance":{"Mean":0.29385527787814075,"Sigma":0.09235575230007544,"Taucorr":-8.326672684688674e-17},"Iteration":78},
{"Acceptance":[0.012869565217391304],"Energy":{"Mean":-16.859648629327292,"Sigma":0.09998862694226042,"Taucorr":-1.1102230246251565e-16},"EnergyVariance":{"Mean":0.9801663465086843,"Sigma":0.027992398182140086,"Taucorr":-2.7755575615628914e-17},"Iteration":79},
{"Acceptance":[0.0],"Energy":{"Mean":-17.999848727269345,"Sigma":4.307036452723437e-05,"Taucorr":null},"EnergyVariance":{"Mean":5.788775811941269e-06,"Sigma":2.3553213600151675e-06,"Taucorr":null},"Iteration":80},
{"Acceptance":[0.0006956521739130435],"Energy":{"Mean":-17.999888147343565,"Sigma":0.0,"Taucorr":null},"EnergyVariance":{"Mean":1.5868639424400007e-08,"Sigma":0.0,"Taucorr":null},"Iteration":81},
{"Acceptance":[0.0],"Energy":{"Mean":-17.999987291599933,"Sigma":0.0,"Taucorr":null},"EnergyVariance":{"Mean":1.3617823011253024e-08,"Sigma":0.0,"Taucorr":null},"Iteration":82},
{"Acceptance":[0.0],"Energy":{"Mean":-18.000051401276483,"Sigma":0.0,"Taucorr":null},"EnergyVariance":{"Mean":5.768206812045912e-09,"Sigma":0.0,"Taucorr":null},"Iteration":83},
{"Acceptance":[0.0],"Energy":{"Mean":-18.000077929817873,"Sigma":0.0,"Taucorr":null},"EnergyVariance":{"Mean":3.206697174130689e-10,"Sigma":0.0,"Taucorr":null},"Iteration":84},
{"Acceptance":[0.0],"Energy":{"Mean":-18.000066555273673,"Sigma":0.0,"Taucorr":null},"EnergyVariance":{"Mean":1.5509655028588403e-09,"Sigma":0.0,"Taucorr":null},"Iteration":85},
{"Acceptance":[0.0],"Energy":{"Mean":-18.000023917201148,"Sigma":0.0,"Taucorr":null},"EnergyVariance":{"Mean":6.173947379145422e-09,"Sigma":0.0,"Taucorr":null},"Iteration":86},
{"Acceptance":[0.0],"Energy":{"Mean":-17.999962809832674,"Sigma":0.0,"Taucorr":null},"EnergyVariance":{"Mean":7.54295636634854e-09,"Sigma":0.0,"Taucorr":null},"Iteration":87},
{"Acceptance":[0.0],"Energy":{"Mean":-17.99989956907794,"Sigma":0.0,"Taucorr":null},"EnergyVariance":{"Mean":3.3299986499729945e-09,"Sigma":0.0,"Taucorr":null},"Iteration":88},
{"Acceptance":[0.0],"Energy":{"Mean":-17.999851397381754,"Sigma":0.0,"Taucorr":null},"EnergyVariance":{"Mean":7.918746663556935e-11,"Sigma":0.0,"Taucorr":null},"Iteration":89},
{"Acceptance":[0.0],"Energy":{"Mean":-17.999834276910942,"Sigma":0.0,"Taucorr":null},"EnergyVariance":{"Mean":1.1537043565897193e-08,"Sigma":0.0,"Taucorr":null},"Iteration":90},
{"Acceptance":[0.0],"Energy":{"Mean":-17.99986161683096,"Sigma":0.0,"Taucorr":null},"EnergyVariance":{"Mean":5.201028004180979e-08,"Sigma":0.0,"Taucorr":null},"Iteration":91},
{"Acceptance":[0.0],"Energy":{"Mean":-17.999943568041424,"Sigma":0.0,"Taucorr":null},"EnergyVariance":{"Mean":1.2844728078306134e-07,"Sigma":0.0,"Taucorr":null},"Iteration":92},
{"Acceptance":[0.0],"Energy":{"Mean":-18.000086860114404,"Sigma":0.0,"Taucorr":null},"EnergyVariance":{"Mean":2.3504172749742906e-07,"Sigma":0.0,"Taucorr":null},"Iteration":93},
{"Acceptance":[0.0],"Energy":{"Mean":-18.000294997360708,"Sigma":0.0,"Taucorr":null},"EnergyVariance":{"Mean":3.526691881444534e-07,"Sigma":0.0,"Taucorr":null},"Iteration":94},
{"Acceptance":[0.0],"Energy":{"Mean":-18.000568662859237,"Sigma":0.0,"Taucorr":null},"EnergyVariance":{"Mean":4.534185753556033e-07,"Sigma":0.0,"Taucorr":null},"Iteration":95},
{"Acceptance":[0.0],"Energy":{"Mean":-18.000906207393964,"Sigma":0.0,"Taucorr":null},"EnergyVariance":{"Mean":5.08707156225608e-07,"Sigma":0.0,"Taucorr":null},"Iteration":96},
{"Acceptance":[0.0],"Energy":{"Mean":-18.00130413656496,"Sigma":0.0,"Taucorr":null},"EnergyVariance":{"Mean":4.984632112785313e-07,"Sigma":0.0,"Taucorr":null},"Iteration":97},
{"Acceptance":[0.0],"Energy":{"Mean":-18.001757546782247,"Sigma":0.0,"Taucorr":null},"EnergyVariance":{"Mean":4.1877009415862445e-07,"Sigma":0.0,"Taucorr":null},"Iteration":98},
{"Acceptance":[0.0],"Energy":{"Mean":-18.002260492857648,"Sigma":0.0,"Taucorr":null},"EnergyVariance":{"Mean":2.8604552178457274e-07,"Sigma":0.0,"Taucorr":null},"Iteration":99} 
]}
{"input": {"L": 22, "J": 1, "machine": {"type": "FFNN", "model": ["tanh", 8, 2]}, "sampler": {"type": "MetropolisHop", "d_max": 5}, "optimizer": {"type": "AdaMax", "alpha": 0.001, "beta1": 0.9, "beta2": 0.999, "epscut": 1e-07}, "VMC": {"n_samples": 100, "discarded_samples": 100, "discarded_samples_on_init": 0, "target": "energy", "method": "Gd", "diag_shift": 0.01, "use_iterative": true, "use_cholesky": true}, "n_iter": 100}}
duration: -0.48368191719055176