{"Output": [
{"Acceptance":[0.9196521739130434],"Energy":{"Mean":19.706827884849563,"Sigma":0.34489063033268247,"Taucorr":8.326672684688674e-17},"EnergyVariance":{"Mean":11.817114922224347,"Sigma":1.5692223280186095,"Taucorr":-2.7755575615628914e-17},"Iteration":0},
{"Acceptance":[0.918608695652174],"Energy":{"Mean":19.486057035652138,"Sigma":0.34977705254300406,"Taucorr":0.0},"EnergyVariance":{"Mean":12.386008686218831,"Sigma":1.7256931432730023,"Taucorr":-5.551115123125783e-17},"Iteration":1},
{"Acceptance":[0.9203478260869565],"Energy":{"Mean":19.016323707244865,"Sigma":0.343912609808194,"Taucorr":-2.7755575615628914e-17},"EnergyVariance":{"Mean":12.001301141962733,"Sigma":1.7105214881898783,"Taucorr":0.0},"Iteration":2},
{"Acceptance":[0.9165217391304348],"Energy":{"Mean":18.832960605235357,"Sigma":0.30814110556727425,"Taucorr":-5.551115123125783e-17},"EnergyVariance":{"Mean":9.574348572195252,"Sigma":1.0322180403951327,"Taucorr":0.0},"Iteration":3},
{"Acceptance":[0.9071304347826087],"Energy":{"Mean":18.501248191001363,"Sigma":0.285479836585476,"Taucorr":0.0},"EnergyVariance":{"Mean":8.205610552415589,"Sigma":0.9590848699286589,"Taucorr":0.0},"Iteration":4},
{"Acceptance":[0.9036521739130435],"Energy":{"Mean":19.3582321710724,"Sigma":0.30304871377022,"Taucorr":5.551115123125783e-17},"EnergyVariance":{"Mean":9.55017703723813,"Sigma":1.1905799725090571,"Taucorr":0.0},"Iteration":5},
{"Acceptance":[0.8911304347826087],"Energy":{"Mean":18.940065397932656,"Sigma":0.2948893471109745,"Taucorr":-5.551115123125783e-17},"EnergyVariance":{"Mean":9.049014004880949,"Sigma":1.1651680394275385,"Taucorr":-5.551115123125783e-17},"Iteration":6},
{"Acceptance":[0.8963478260869565],"Energy":{"Mean":18.24052537513198,"Sigma":0.35296447430132094,"Taucorr":0.0},"EnergyVariance":{"Mean":12.644747462228905,"Sigma":1.8319335259639342,"Taucorr":5.551115123125783e-17},"Iteration":7},
{"Acceptance":[0.8918260869565218],"Energy":{"Mean":18.867516582765916,"Sigma":0.3533861402541818,"Taucorr":5.551115123125783e-17},"EnergyVariance":{"Mean":13.655475883954841,"Sigma":1.9365925570795173,"Taucorr":5.551115123125783e-17},"Iteration":8},
{"Acceptance":[0.8855652173913043],"Energy":{"Mean":19.474287482482367,"Sigma":0.2920208362247748,"Taucorr":5.551115123125783e-17},"EnergyVariance":{"Mean":8.834361603813996,"Sigma":1.0374464642899686,"Taucorr":-2.7755575615628914e-17},"Iteration":9},
{"Acceptance":[0.8852173913043478],"Energy":{"Mean":19.043470349055458,"Sigma":0.352143947973243,"Taucorr":0.0},"EnergyVariance":{"Mean":13.233778744360244,"Sigma":1.4729797854330111,"Taucorr":-2.7755575615628914e-17},"Iteration":10},
{"Acceptance":[0.8803478260869565],"Energy":{"Mean":18.73037774841501,"Sigma":0.4104190792783291,"Taucorr":-2.7755575615628914e-17},"EnergyVariance":{"Mean":16.841922541365197,"Sigma":2.1594043395102154,"Taucorr":2.7755575615628914e-17},"Iteration":11},
{"Acceptance":[0.8699130434782608],"Energy":{"Mean":19.16895439825418,"Sigma":0.35138894281855254,"Taucorr":0.0},"EnergyVariance":{"Mean":12.800767532330042,"Sigma":1.6498778023710758,"Taucorr":-2.7755575615628914e-17},"Iteration":12},
{"Acceptance":[0.8751304347826087],"Energy":{"Mean":18.043892000530917,"Sigma":0.3433519853357897,"Taucorr":-5.551115123125783e-17},"EnergyVariance":{"Mean":13.434062215903547,"Sigma":1.7969168907212996,"Taucorr":2.7755575615628914e-17},"Iteration":13},
{"Acceptance":[0.8643478260869565],"Energy":{"Mean":18.369253904867612,"Sigma":0.4003360048728433,"Taucorr":0.0},"EnergyVariance":{"Mean":16.65347751127013,"Sigma":2.690707649503882,"Taucorr":0.0},"Iteration":14},
{"Acceptance":[0.863304347826087],"Energy":{"Mean":18.26222189849764,"Sigma":0.3509807250095301,"Taucorr":-1.1102230246251565e-16},"EnergyVariance":{"Mean":12.914283459261755,"Sigma":1.6920063743961493,"Taucorr":2.7755575615628914e-17},"Iteration":15},
{"Acceptance":[0.8730434782608696],"Energy":{"Mean":18.366759787285066,"Sigma":0.40152953297065413,"Taucorr":2.7755575615628914e-17},"EnergyVariance":{"Mean":17.6704079136836,"Sigma":1.98432192696188,"Taucorr":5.551115123125783e-17},"Iteration":16},
{"Acceptance":[0.8587826086956521],"Energy":{"Mean":18.43739646295524,"Sigma":0.3317609663167229,"Taucorr":5.551115123125783e-17},"EnergyVariance":{"Mean":12.23169420644824,"Sigma":1.4526482155511138,"Taucorr":0.0},"Iteration":17},
{"Acceptance":[0.8594782608695652],"Energy":{"Mean":18.76421989066765,"Sigma":0.3747636873660874,"Taucorr":0.0},"EnergyVariance":{"Mean":15.135325350091366,"Sigma":1.8478612598107667,"Taucorr":0.0},"Iteration":18},
{"Acceptance":[0.8490434782608696],"Energy":{"Mean":17.654624382654163,"Sigma":0.35253680522470443,"Taucorr":0.0},"EnergyVariance":{"Mean":14.204101227616302,"Sigma":1.7608518027976738,"Taucorr":1.1102230246251565e-16},"Iteration":19},
{"Acceptance":[0.8532173913043478],"Energy":{"Mean":18.986704559079744,"Sigma":0.37135825032766806,"Taucorr":2.7755575615628914e-17},"EnergyVariance":{"Mean":16.645547642171834,"Sigma":2.022836946101281,"Taucorr":2.7755575615628914e-17},"Iteration":20},
{"Acceptance":[0.8340869565217391],"Energy":{"Mean":18.77212534795963,"Sigma":0.3431664107903035,"Taucorr":-5.551115123125783e-17},"EnergyVariance":{"Mean":12.954652379310335,"Sigma":1.5663022920651617,"Taucorr":5.551115123125783e-17},"Iteration":21},
{"Acceptance":[0.8455652173913043],"Energy":{"Mean":17.749951373944782,"Sigma":0.32367736218533544,"Taucorr":0.0},"EnergyVariance":{"Mean":12.396303373488536,"Sigma":1.7798793135209614,"Taucorr":1.1102230246251565e-16},"Iteration":22},
{"Acceptance":[0.8445217391304348],"Energy":{"Mean":17.67433021572676,"Sigma":0.3100688492525485,"Taucorr":-5.551115123125783e-17},"EnergyVariance":{"Mean":11.717741512340925,"Sigma":1.5724940037211745,"Taucorr":0.0},"Iteration":23},
{"Acceptance":[0.8375652173913043],"Energy":{"Mean":18.154022578831267,"Sigma":0.40649202604090423,"Taucorr":2.7755575615628914e-17},"EnergyVariance":{"Mean":18.43989501240657,"Sigma":2.2676722013892445,"Taucorr":0.0},"Iteration":24},
{"Acceptance":[0.8191304347826087],"Energy":{"Mean":17.769107567883886,"Sigma":0.3648755434861942,"Taucorr":0.0},"EnergyVariance":{"Mean":16.103160852184978,"Sigma":1.9879382987428036,"Taucorr":-5.551115123125783e-17},"Iteration":25},
{"Acceptance":[0.847304347826087],"Energy":{"Mean":18.515922119245808,"Sigma":0.3613483347327073,"Taucorr":0.0},"EnergyVariance":{"Mean":15.24481795773066,"Sigma":2.3255720998586455,"Taucorr":0.0},"Iteration":26},
{"Acceptance":[0.816695652173913],"Energy":{"Mean":16.63178262527887,"Sigma":0.3984743268239029,"Taucorr":1.1102230246251565e-16},"EnergyVariance":{"Mean":18.1914416391046,"Sigma":2.239798403978493,"Taucorr":-5.551115123125783e-17},"Iteration":27},
{"Acceptance":[0.8156521739130435],"Energy":{"Mean":17.470198694641272,"Sigma":0.3756207468015158,"Taucorr":2.7755575615628914e-17},"EnergyVariance":{"Mean":16.146819113963044,"Sigma":2.025019375689051,"Taucorr":0.0},"Iteration":28},
{"Acceptance":[0.8045217391304348],"Energy":{"Mean":17.178747475479675,"Sigma":0.37387517645983503,"Taucorr":-5.551115123125783e-17},"EnergyVariance":{"Mean":16.563839347799796,"Sigma":2.1188243303398795,"Taucorr":0.0},"Iteration":29},
{"Acceptance":[0.7979130434782609],"Energy":{"Mean":16.99074412287233,"Sigma":0.33381138741395855,"Taucorr":5.551115123125783e-17},"EnergyVariance":{"Mean":13.908095663120053,"Sigma":1.415589081787978,"Taucorr":5.551115123125783e-17},"Iteration":30},
{"Acceptance":[0.8055652173913044],"Energy":{"Mean":16.995948105718433,"Sigma":0.41049568907603856,"Taucorr":-1.1102230246251565e-16},"EnergyVariance":{"Mean":19.862529178954617,"Sigma":2.740720695585773,"Taucorr":1.1102230246251565e-16},"Iteration":31},
{"Acceptance":[0.792],"Energy":{"Mean":17.461440388455568,"Sigma":0.32940328402875585,"Taucorr":0.0},"EnergyVariance":{"Mean":14.934887910533742,"Sigma":1.796351084509676,"Taucorr":2.7755575615628914e-17},"Iteration":32},
{"Acceptance":[0.7982608695652174],"Energy":{"Mean":16.133407120064867,"Sigma":0.3721721184638728,"Taucorr":5.551115123125783e-17},"EnergyVariance":{"Mean":17.619633480035453,"Sigma":1.918851874799712,"Taucorr":0.0},"Iteration":33},
{"Acceptance":[0.7836521739130434],"Energy":{"Mean":16.697750556025373,"Sigma":0.32685548273193965,"Taucorr":2.7755575615628914e-17},"EnergyVariance":{"Mean":15.933311301269331,"Sigma":1.7870219262470868,"Taucorr":0.0},"Iteration":34},
{"Acceptance":[0.784695652173913],"Energy":{"Mean":17.00860361200031,"Sigma":0.349789832569589,"Taucorr":-2.7755575615628914e-17},"EnergyVariance":{"Mean":16.389012011660135,"Sigma":1.7548038269517447,"Taucorr":-2.7755575615628914e-17},"Iteration":35},
{"Acceptance":[0.784],"Energy":{"Mean":17.324547118923668,"Sigma":0.3448760687918272,"Taucorr":0.0},"EnergyVariance":{"Mean":16.30971777550728,"Sigma":1.7939677324275924,"Taucorr":0.0},"Iteration":36},
{"Acceptance":[0.7930434782608695],"Energy":{"Mean":16.617174496132414,"Sigma":0.36980878156065905,"Taucorr":0.0},"EnergyVariance":{"Mean":17.315837597339183,"Sigma":1.873534146181373,"Taucorr":-5.551115123125783e-17},"Iteration":37},
{"Acceptance":[0.776695652173913],"Energy":{"Mean":16.58240968068249,"Sigma":0.42584194489185123,"Taucorr":-2.7755575615628914e-17},"EnergyVariance":{"Mean":22.494291687143075,"Sigma":2.5567178395193446,"Taucorr":0.0},"Iteration":38},
{"Acceptance":[0.7815652173913044],"Energy":{"Mean":15.811616894819043,"Sigma":0.3701706345865688,"Taucorr":0.0},"EnergyVariance":{"Mean":18.8489302937118,"Sigma":2.214606639213584,"Taucorr":0.0},"Iteration":39},
{"Acceptance":[0.7718260869565218],"Energy":{"Mean":15.711710507799626,"Sigma":0.4043280675790826,"Taucorr":-5.551115123125783e-17},"EnergyVariance":{"Mean":21.516656463070333,"Sigma":2.2397481753646686,"Taucorr":0.0},"Iteration":40},
{"Acceptance":[0.7711304347826087],"Energy":{"Mean":15.927144285244765,"Sigma":0.4210526665751071,"Taucorr":5.551115123125783e-17},"EnergyVariance":{"Mean":23.362055944449015,"Sigma":2.709423407266736,"Taucorr":-2.7755575615628914e-17},"Iteration":41},
{"Acceptance":[0.7641739130434783],"Energy":{"Mean":15.721400457906446,"Sigma":0.41281322310292046,"Taucorr":0.0},"EnergyVariance":{"Mean":20.493616109274242,"Sigma":2.2707212675944297,"Taucorr":0.0},"Iteration":42},
{"Acceptance":[0.7568695652173913],"Energy":{"Mean":15.567214271502626,"Sigma":0.3805366436952943,"Taucorr":5.551115123125783e-17},"EnergyVariance":{"Mean":18.546874852029475,"Sigma":2.081129833104485,"Taucorr":-2.7755575615628914e-17},"Iteration":43},
{"Acceptance":[0.743304347826087],"Energy":{"Mean":14.994566619710767,"Sigma":0.3999691571414405,"Taucorr":5.551115123125783e-17},"EnergyVariance":{"Mean":21.04475669085658,"Sigma":2.5077196176626932,"Taucorr":-2.7755575615628914e-17},"Iteration":44},
{"Acceptance":[0.7467826086956522],"Energy":{"Mean":15.320073236544081,"Sigma":0.39476286266604277,"Taucorr":5.551115123125783e-17},"EnergyVariance":{"Mean":21.15747975960299,"Sigma":2.4025078093623935,"Taucorr":-2.7755575615628914e-17},"Iteration":45},
{"Acceptance":[0.7391304347826086],"Energy":{"Mean":16.314482960812963,"Sigma":0.3785712566313861,"Taucorr":-2.7755575615628914e-17},"EnergyVariance":{"Mean":19.8383800250308,"Sigma":2.7549686981589696,"Taucorr":0.0},"Iteration":46},
{"Acceptance":[0.7575652173913043],"Energy":{"Mean":14.667653326824688,"Sigma":0.4198221163937989,"Taucorr":2.7755575615628914e-17},"EnergyVariance":{"Mean":23.255777312197896,"Sigma":2.5114814136985824,"Taucorr":0.0},"Iteration":47},
{"Acceptance":[0.7513043478260869],"Energy":{"Mean":14.359797350865842,"Sigma":0.37624137373889444,"Taucorr":5.551115123125783e-17},"EnergyVariance":{"Mean":18.568052131792776,"Sigma":2.402791865943605,"Taucorr":0.0},"Iteration":48},
{"Acceptance":[0.728],"Energy":{"Mean":14.711073663918263,"Sigma":0.36308366011871873,"Taucorr":5.551115123125783e-17},"EnergyVariance":{"Mean":19.92588758797956,"Sigma":2.6138620109840858,"Taucorr":0.0},"Iteration":49},
{"Acceptance":[0.7060869565217391],"Energy":{"Mean":13.887025457611976,"Sigma":0.3883075461329648,"Taucorr":0.0},"EnergyVariance":{"Mean":20.78162821366361,"Sigma":2.0032151412684462,"Taucorr":-5.551115123125783e-17},"Iteration":50},
{"Acceptance":[0.728],"Energy":{"Mean":14.000918843518654,"Sigma":0.4087223589459914,"Taucorr":-2.7755575615628914e-17},"EnergyVariance":{"Mean":21.979794085277035,"Sigma":3.826661273019315,"Taucorr":5.551115123125783e-17},"Iteration":51},
{"Acceptance":[0.7307826086956521],"Energy":{"Mean":13.394020518269329,"Sigma":0.5236046285718867,"Taucorr":-5.551115123125783e-17},"EnergyVariance":{"Mean":40.03237172394026,"Sigma":8.404579312457914,"Taucorr":5.551115123125783e-17},"Iteration":52},
{"Acceptance":[0.7186086956521739],"Energy":{"Mean":13.628877304264131,"Sigma":0.466873705852045,"Taucorr":0.0},"EnergyVariance":{"Mean":27.253963455883866,"Sigma":3.4801384454923365,"Taucorr":-2.7755575615628914e-17},"Iteration":53},
{"Acceptance":[0.7008695652173913],"Energy":{"Mean":13.428194099789998,"Sigma":0.5223907075870388,"Taucorr":0.0},"EnergyVariance":{"Mean":35.878565313699006,"Sigma":9.398283994567135,"Taucorr":-2.7755575615628914e-17},"Iteration":54},
{"Acceptance":[0.7151304347826087],"Energy":{"Mean":13.190703280073212,"Sigma":0.3706339094974786,"Taucorr":0.0},"EnergyVariance":{"Mean":19.966754968095067,"Sigma":2.203649309214614,"Taucorr":0.0},"Iteration":55},
{"Acceptance":[0.5697391304347826],"Energy":{"Mean":12.715883301983663,"Sigma":0.397433470079652,"Taucorr":5.551115123125783e-17},"EnergyVariance":{"Mean":21.77034571626334,"Sigma":2.1237171733744606,"Taucorr":5.551115123125783e-17},"Iteration":56},
{"Acceptance":[0.6942608695652174],"Energy":{"Mean":12.91569317361478,"Sigma":0.5232725430772049,"Taucorr":-5.551115123125783e-17},"EnergyVariance":{"Mean":31.83483501698694,"Sigma":3.912543607606816,"Taucorr":0.0},"Iteration":57},
{"Acceptance":[0.7144347826086956],"Energy":{"Mean":13.945696660046059,"Sigma":0.5142995226912381,"Taucorr":5.551115123125783e-17},"EnergyVariance":{"Mean":35.40469786241631,"Sigma":5.97341474880283,"Taucorr":-2.7755575615628914e-17},"Iteration":58},
{"Acceptance":[0.6403478260869565],"Energy":{"Mean":10.162417363062115,"Sigma":0.6152564960972374,"Taucorr":2.7755575615628914e-17},"EnergyVariance":{"Mean":48.80980107078814,"Sigma":8.815472669386786,"Taucorr":0.0},"Iteration":59},
{"Acceptance":[0.6657391304347826],"Energy":{"Mean":10.068899602519066,"Sigma":0.8305791130367884,"Taucorr":0.0},"EnergyVariance":{"Mean":88.8852794111547,"Sigma":14.929475678220278,"Taucorr":5.551115123125783e-17},"Iteration":60},
{"Acceptance":[0.4841739130434783],"Energy":{"Mean":6.223094026891831,"Sigma":0.4322516066937296,"Taucorr":0.0},"EnergyVariance":{"Mean":177.15176280357613,"Sigma":7.445759617127844,"Taucorr":-1.1102230246251565e-16},"Iteration":61},
{"Acceptance":[0.051130434782608696],"Energy":{"Mean":-1.3734236836422427,"Sigma":0.4218365897751804,"Taucorr":5.551115123125783e-17},"EnergyVariance":{"Mean":238.82174323050737,"Sigma":10.960211189909153,"Taucorr":0.0},"Iteration":62},
{"Acceptance":[0.05634782608695652],"Energy":{"Mean":-15.401849329846744,"Sigma":0.17594738597964368,"Taucorr":-5.551115123125783e-17},"EnergyVariance":{"Mean":3.2234145935061336,"Sigma":0.5041794746723894,"Taucorr":5.551115123125783e-17},"Iteration":63},
{"Acceptance":[0.042434782608695654],"Energy":{"Mean":-15.921087649651346,"Sigma":0.18011648466074107,"Taucorr":2.7755575615628914e-17},"EnergyVariance":{"Mean":3.1718995081705446,"Sigma":0.2909233234798919,"Taucorr":0.0},"Iteration":64},
{"Acceptance":[0.034782608695652174],"Energy":{"Mean":-15.602145874707487,"Sigma":0.15536119289273317,"Taucorr":-5.551115123125783e-17},"EnergyVariance":{"Mean":3.536545726398878,"Sigma":0.8527876300338298,"Taucorr":2.7755575615628914e-17},"Iteration":65},
{"Acceptance":[0.04417391304347826],"Energy":{"Mean":-15.488180922316662,"Sigma":0.18402813697449438,"Taucorr":-2.7755575615628914e-17},"EnergyVariance":{"Mean":3.766153550114549,"Sigma":0.46170714030704585,"Taucorr":0.0},"Iteration":66},
{"Acceptance":[0.03791304347826087],"Energy":{"Mean":-15.364808871877376,"Sigma":0.1389243178470879,"Taucorr":-1.1102230246251565e-16},"EnergyVariance":{"Mean":1.8922011026212922,"Sigma":0.21191555474777893,"Taucorr":0.0},"Iteration":67},
{"Acceptance":[0.030956521739130435],"Energy":{"Mean":-15.450314534971659,"Sigma":0.14071961721568224,"Taucorr":5.551115123125783e-17},"EnergyVariance":{"Mean":2.191497558467775,"Sigma":0.2729620403330384,"Taucorr":0.0},"Iteration":68},
{"Acceptance":[0.033391304347826084],"Energy":{"Mean":-8.186300366990906,"Sigma":0.5515694529880636,"Taucorr":-2.7755575615628914e-17},"EnergyVariance":{"Mean":179.5978914112216,"Sigma":16.89570981729382,"Taucorr":5.551115123125783e-17},"Iteration":69},
{"Acceptance":[0.03165217391304348],"Energy":{"Mean":-15.162888074622398,"Sigma":0.17346138623224516,"Taucorr":5.551115123125783e-17},"EnergyVariance":{"Mean":3.196442855179087,"Sigma":0.9260036363127261,"Taucorr":-5.551115123125783e-17},"Iteration":70},
{"Acceptance":[0.02608695652173913],"Energy":{"Mean":-15.31320787148289,"Sigma":0.13740174752995438,"Taucorr":5.551115123125783e-17},"EnergyVariance":{"Mean":1.8746601445806925,"Sigma":0.21218353040826327,"Taucorr":0.0},"Iteration":71},
{"Acceptance":[0.026782608695652174],"Energy":{"Mean":-15.79509838286299,"Sigma":0.11263771634091604,"Taucorr":-1.1102230246251565e-16},"EnergyVariance":{"Mean":1.738601213749845,"Sigma":0.19887408405049958,"Taucorr":-1.1102230246251565e-16},"Iteration":72},
{"Acceptance":[0.017043478260869566],"Energy":{"Mean":-15.695826859360718,"Sigma":0.1583146329900452,"Taucorr":0.0},"EnergyVariance":{"Mean":2.4553462753321416,"Sigma":0.2111357195302688,"Taucorr":0.0},"Iteration":73},
{"Acceptance":[0.021565217391304348],"Energy":{"Mean":-15.873560315396983,"Sigma":0.23239078126000892,"Taucorr":5.551115123125783e-17},"EnergyVariance":{"Mean":26.001908107904708,"Sigma":10.514006640539874,"Taucorr":0.0},"Iteration":74},
{"Acceptance":[0.017391304347826087],"Energy":{"Mean":-15.628355803396795,"Sigma":0.14115057229262165,"Taucorr":-2.7755575615628914e-17},"EnergyVariance":{"Mean":2.2613696338262876,"Sigma":0.19540017935242915,"Taucorr":0.0},"Iteration":75},
{"Acceptance":[0.016],"Energy":{"Mean":-15.381435032416517,"Sigma":0.11771620140964413,"Taucorr":1.1102230246251565e-16},"EnergyVariance":{"Mean":1.5043163964531352,"Sigma":0.17654003405016372,"Taucorr":5.551115123125783e-17},"Iteration":76},
{"Acceptance":[0.021565217391304348],"Energy":{"Mean":-15.941714916726141,"Sigma":0.12052804839319516,"Taucorr":-2.7755575615628914e-17},"EnergyVariance":{"Mean":1.475037903688174,"Sigma":0.19164322539233536,"Taucorr":-8.326672684688674e-17},"Iteration":77},
{"Acceptance":[0.019478260869565216],"Energy":{"Mean":-15.600544248423665,"Sigma":0.14410944088626101,"Taucorr":1.1102230246251565e-16},"EnergyVariance":{"Mean":2.162881757562348,"Sigma":0.20253447644958592,"Taucorr":5.551115123125783e-17},"Iteration":78},
{"Acceptance":[0.017391304347826087],"Energy":{"Mean":-16.280824358231115,"Sigma":0.12886829230242716,"Taucorr":1.1102230246251565e-16},"EnergyVariance":{"Mean":1.679426963686363,"Sigma":0.1865853598490807,"Taucorr":0.0},"Iteration":79},
{"Acceptance":[0.019478260869565216],"Energy":{"Mean":-16.58137339733172,"Sigma":0.11696084939298966,"Taucorr":8.326672684688674e-17},"EnergyVariance":{"Mean":1.3813512982303902,"Sigma":0.15992121240865886,"Taucorr":0.0},"Iteration":80},
{"Acceptance":[0.013565217391304348],"Energy":{"Mean":-17.039198119804478,"Sigma":0.11596631092216017,"Taucorr":1.1102230246251565e-16},"EnergyVariance":{"Mean":1.635758719922824,"Sigma":0.1967847162868502,"Taucorr":-2.7755575615628914e-17},"Iteration":81},
{"Acceptance":[0.008347826086956521],"Energy":{"Mean":-17.10097918368972,"Sigma":0.10027505689137581,"Taucorr":-2.7755575615628914e-17},"EnergyVariance":{"Mean":0.9888699099724074,"Sigma":0.020042936871898873,"Taucorr":5.551115123125783e-17},"Iteration":82},
{"Acceptance":[0.006260869565217392],"Energy":{"Mean":-17.48089321171777,"Sigma":0.08058478786607304,"Taucorr":null},"EnergyVariance":{"Mean":0.7688839470449578,"Sigma":0.07732513750226484,"Taucorr":null},"Iteration":83},
{"Acceptance":[0.0020869565217391303],"Energy":{"Mean":-17.480468297066285,"Sigma":0.07834529287501373,"Taucorr":0.0},"EnergyVariance":{"Mean":0.7701855107358478,"Sigma":0.07524003008350069,"Taucorr":5.551115123125783e-17},"Iteration":84},
{"Acceptance":[0.0],"Energy":{"Mean":-18.000530534707973,"Sigma":0.0,"Taucorr":null},"EnergyVariance":{"Mean":2.381577217110419e-07,"Sigma":0.0,"Taucorr":null},"Iteration":85},
{"Acceptance":[0.0],"Energy":{"Mean":-18.000347052102182,"Sigma":0.0,"Taucorr":null},"EnergyVariance":{"Mean":1.2006796018658514e-08,"Sigma":0.0,"Taucorr":null},"Iteration":86},
{"Acceptance":[0.0],"Energy":{"Mean":-18.000185884569078,"Sigma":0.0,"Taucorr":null},"EnergyVariance":{"Mean":1.8147068944970777e-09,"Sigma":0.0,"Taucorr":null},"Iteration":87},
{"Acceptance":[0.0],"Energy":{"Mean":-18.000071121564616,"Sigma":0.0,"Taucorr":null},"EnergyVariance":{"Mean":6.259300977399743e-09,"Sigma":0.0,"Taucorr":null},"Iteration":88},
{"Acceptance":[0.0],"Energy":{"Mean":-18.000003492780408,"Sigma":0.0,"Taucorr":null},"EnergyVariance":{"Mean":4.12710574718496e-09,"Sigma":0.0,"Taucorr":null},"Iteration":89},
{"Acceptance":[0.0],"Energy":{"Mean":-17.9999736049633,"Sigma":0.0,"Taucorr":null},"EnergyVariance":{"Mean":1.1218481714108512e-09,"Sigma":0.0,"Taucorr":null},"Iteration":90},
{"Acceptance":[0.0],"Energy":{"Mean":-17.999969288065202,"Sigma":0.0,"Taucorr":null},"EnergyVariance":{"Mean":2.4410433741226218e-11,"Sigma":0.0,"Taucorr":null},"Iteration":91},
{"Acceptance":[0.0],"Energy":{"Mean":-17.99997923399366,"Sigma":0.0,"Taucorr":null},"EnergyVariance":{"Mean":1.9005049612130977e-10,"Sigma":0.0,"Taucorr":null},"Iteration":92},
{"Acceptance":[0.0],"Energy":{"Mean":-17.999994496290682,"Sigma":0.0,"Taucorr":null},"EnergyVariance":{"Mean":4.4478308997014235e-10,"Sigma":0.0,"Taucorr":null},"Iteration":93},
{"Acceptance":[0.0],"Energy":{"Mean":-18.00000884428395,"Sigma":0.0,"Taucorr":null},"EnergyVariance":{"Mean":3.460212865615022e-10,"Sigma":0.0,"Taucorr":null},"Iteration":94},
{"Acceptance":[0.0],"Energy":{"Mean":-18.000018548350827,"Sigma":0.0,"Taucorr":null},"EnergyVariance":{"Mean":8.819644798743446e-11,"Sigma":0.0,"Taucorr":null},"Iteration":95},
{"Acceptance":[0.0],"Energy":{"Mean":-18.00002191915914,"Sigma":0.0,"Taucorr":null},"EnergyVariance":{"Mean":9.826158954425999e-12,"Sigma":0.0,"Taucorr":null},"Iteration":96},
{"Acceptance":[0.0],"Energy":{"Mean":-18.0000187785675,"Sigma":0.0,"Taucorr":null},"EnergyVariance":{"Mean":2.519101996084564e-10,"Sigma":0.0,"Taucorr":null},"Iteration":97},
{"Acceptance":[0.0],"Energy":{"Mean":-18.000009957069043,"Sigma":0.0,"Taucorr":null},"EnergyVariance":{"Mean":6.937586697898186e-10,"Sigma":0.0,"Taucorr":null},"Iteration":98},
{"Acceptance":[0.0],"Energy":{"Mean":-17.999996864401652,"Sigma":0.0,"Taucorr":null},"EnergyVariance":{"Mean":1.0754379973677073e-09,"Sigma":0.0,"Taucorr":null},"Iteration":99} 
]}
{"input": {"L": 22, "J": 1, "machine": {"type": "FFNN", "model": ["tanh", 5, 2]}, "sampler": {"type": "MetropolisHop", "d_max": 5}, "optimizer": {"type": "AdaMax", "alpha": 0.001, "beta1": 0.9, "beta2": 0.999, "epscut": 1e-07}, "VMC": {"n_samples": 100, "discarded_samples": 100, "discarded_samples_on_init": 0, "target": "energy", "method": "Gd", "diag_shift": 0.01, "use_iterative": true, "use_cholesky": true}, "n_iter": 100}}
duration: -0.7094869613647461