{"Output": [
{"Acceptance":[0.9074782608695652],"Energy":{"Mean":19.447147925711874,"Sigma":0.3960673277767804,"Taucorr":-5.551115123125783e-17},"EnergyVariance":{"Mean":15.637074033812507,"Sigma":2.218081289280786,"Taucorr":0.0},"Iteration":0},
{"Acceptance":[0.8702608695652174],"Energy":{"Mean":19.254342778775282,"Sigma":0.3680222138863495,"Taucorr":5.551115123125783e-17},"EnergyVariance":{"Mean":13.636009854099322,"Sigma":2.1525390623279437,"Taucorr":0.0},"Iteration":1},
{"Acceptance":[0.8584347826086957],"Energy":{"Mean":18.17335077233392,"Sigma":0.376420698353937,"Taucorr":5.551115123125783e-17},"EnergyVariance":{"Mean":15.352439322584516,"Sigma":2.1817879424469933,"Taucorr":-2.7755575615628914e-17},"Iteration":2},
{"Acceptance":[0.847304347826087],"Energy":{"Mean":18.654428553213975,"Sigma":0.36179711566364736,"Taucorr":2.7755575615628914e-17},"EnergyVariance":{"Mean":14.178660367545477,"Sigma":1.5826720040364106,"Taucorr":-2.7755575615628914e-17},"Iteration":3},
{"Acceptance":[0.8173913043478261],"Energy":{"Mean":17.773540699217904,"Sigma":0.3643841246934461,"Taucorr":1.1102230246251565e-16},"EnergyVariance":{"Mean":14.414769041679747,"Sigma":1.9974728991851416,"Taucorr":0.0},"Iteration":4},
{"Acceptance":[0.8003478260869565],"Energy":{"Mean":17.67092519181317,"Sigma":0.35794254408230775,"Taucorr":-5.551115123125783e-17},"EnergyVariance":{"Mean":14.792504032812337,"Sigma":2.004299130355881,"Taucorr":-5.551115123125783e-17},"Iteration":5},
{"Acceptance":[0.7947826086956522],"Energy":{"Mean":17.648530855735068,"Sigma":0.36240220085472036,"Taucorr":2.7755575615628914e-17},"EnergyVariance":{"Mean":15.881425692542416,"Sigma":2.114271525605636,"Taucorr":0.0},"Iteration":6},
{"Acceptance":[0.76],"Energy":{"Mean":15.814481155436738,"Sigma":0.3688361151606253,"Taucorr":-2.7755575615628914e-17},"EnergyVariance":{"Mean":16.88060171524689,"Sigma":2.113662300623377,"Taucorr":0.0},"Iteration":7},
{"Acceptance":[0.7499130434782608],"Energy":{"Mean":16.185742778017833,"Sigma":0.4620570886140905,"Taucorr":-2.7755575615628914e-17},"EnergyVariance":{"Mean":24.080479887359964,"Sigma":2.4088568926460177,"Taucorr":-2.7755575615628914e-17},"Iteration":8},
{"Acceptance":[0.7349565217391304],"Energy":{"Mean":15.991359550426125,"Sigma":0.4201727404217932,"Taucorr":5.551115123125783e-17},"EnergyVariance":{"Mean":20.420323802810014,"Sigma":2.915051176988803,"Taucorr":-8.326672684688674e-17},"Iteration":9},
{"Acceptance":[0.7140869565217391],"Energy":{"Mean":15.441976859683365,"Sigma":0.38970973185923957,"Taucorr":-5.551115123125783e-17},"EnergyVariance":{"Mean":18.815054640148958,"Sigma":2.2058519708503055,"Taucorr":0.0},"Iteration":10},
{"Acceptance":[0.7238260869565217],"Energy":{"Mean":14.863200780127471,"Sigma":0.405641230515718,"Taucorr":5.551115123125783e-17},"EnergyVariance":{"Mean":20.700083223744876,"Sigma":2.0959780749442745,"Taucorr":5.551115123125783e-17},"Iteration":11},
{"Acceptance":[0.6688695652173913],"Energy":{"Mean":14.453234777398539,"Sigma":0.4474400411930873,"Taucorr":0.0},"EnergyVariance":{"Mean":24.685401435888522,"Sigma":2.9383441995853725,"Taucorr":0.0},"Iteration":12},
{"Acceptance":[0.6681739130434783],"Energy":{"Mean":13.211590775568675,"Sigma":0.406471123587299,"Taucorr":-2.7755575615628914e-17},"EnergyVariance":{"Mean":21.4828121781078,"Sigma":2.333125907104911,"Taucorr":0.0},"Iteration":13},
{"Acceptance":[0.6493913043478261],"Energy":{"Mean":13.786895815650036,"Sigma":0.42181801390293033,"Taucorr":-5.551115123125783e-17},"EnergyVariance":{"Mean":22.986281001168955,"Sigma":2.580176082400598,"Taucorr":5.551115123125783e-17},"Iteration":14},
{"Acceptance":[0.6528695652173913],"Energy":{"Mean":12.82489507172043,"Sigma":0.41424783522435626,"Taucorr":-2.7755575615628914e-17},"EnergyVariance":{"Mean":23.755782426453337,"Sigma":2.506891655147422,"Taucorr":0.0},"Iteration":15},
{"Acceptance":[0.6219130434782608],"Energy":{"Mean":12.243643059026375,"Sigma":0.3627989662171055,"Taucorr":-2.7755575615628914e-17},"EnergyVariance":{"Mean":21.94550508702799,"Sigma":2.1153184265282046,"Taucorr":-5.551115123125783e-17},"Iteration":16},
{"Acceptance":[0.608],"Energy":{"Mean":10.157479729612808,"Sigma":0.4277278503877848,"Taucorr":0.0},"EnergyVariance":{"Mean":26.522753707200238,"Sigma":2.6954561786140316,"Taucorr":-2.7755575615628914e-17},"Iteration":17},
{"Acceptance":[0.5975652173913043],"Energy":{"Mean":11.097700715807818,"Sigma":0.45259538280100386,"Taucorr":0.0},"EnergyVariance":{"Mean":28.932071335630894,"Sigma":2.998658884863441,"Taucorr":1.1102230246251565e-16},"Iteration":18},
{"Acceptance":[0.5885217391304348],"Energy":{"Mean":10.919928132009758,"Sigma":0.4079719595962653,"Taucorr":0.0},"EnergyVariance":{"Mean":25.34742920215175,"Sigma":2.7387707746578167,"Taucorr":0.0},"Iteration":19},
{"Acceptance":[0.5791304347826087],"Energy":{"Mean":9.366174169530982,"Sigma":0.4639316174709389,"Taucorr":2.7755575615628914e-17},"EnergyVariance":{"Mean":30.597358134019764,"Sigma":3.2598296522192625,"Taucorr":-1.1102230246251565e-16},"Iteration":20},
{"Acceptance":[0.5433043478260869],"Energy":{"Mean":9.353957128168421,"Sigma":0.43981448466032264,"Taucorr":0.0},"EnergyVariance":{"Mean":28.825691113005014,"Sigma":2.866834281211701,"Taucorr":0.0},"Iteration":21},
{"Acceptance":[0.5318260869565218],"Energy":{"Mean":7.946807500366338,"Sigma":0.5250711820703364,"Taucorr":-5.551115123125783e-17},"EnergyVariance":{"Mean":35.82955979751715,"Sigma":3.865689223203994,"Taucorr":0.0},"Iteration":22},
{"Acceptance":[0.5467826086956522],"Energy":{"Mean":7.721819117414576,"Sigma":0.4063436545598122,"Taucorr":0.0},"EnergyVariance":{"Mean":23.907688380732502,"Sigma":2.956347467023186,"Taucorr":0.0},"Iteration":23},
{"Acceptance":[0.5088695652173914],"Energy":{"Mean":7.5654326721917755,"Sigma":0.4787452135931202,"Taucorr":-2.7755575615628914e-17},"EnergyVariance":{"Mean":32.36734341097173,"Sigma":3.874482724963583,"Taucorr":0.0},"Iteration":24},
{"Acceptance":[0.4893913043478261],"Energy":{"Mean":6.338328166558547,"Sigma":0.4249767934067651,"Taucorr":0.0},"EnergyVariance":{"Mean":24.44085541536743,"Sigma":3.234765399079154,"Taucorr":0.0},"Iteration":25},
{"Acceptance":[0.43756521739130433],"Energy":{"Mean":5.544652078043893,"Sigma":0.4106642446488607,"Taucorr":5.551115123125783e-17},"EnergyVariance":{"Mean":23.03874547522571,"Sigma":2.8809757633196527,"Taucorr":0.0},"Iteration":26},
{"Acceptance":[0.47895652173913045],"Energy":{"Mean":5.433628839588217,"Sigma":0.4950702483121146,"Taucorr":2.7755575615628914e-17},"EnergyVariance":{"Mean":34.453806370260224,"Sigma":4.5475945417088806,"Taucorr":-8.326672684688674e-17},"Iteration":27},
{"Acceptance":[0.47408695652173916],"Energy":{"Mean":4.38693352814011,"Sigma":0.4646835314293899,"Taucorr":-2.7755575615628914e-17},"EnergyVariance":{"Mean":27.02610137186231,"Sigma":3.0155945270827136,"Taucorr":0.0},"Iteration":28},
{"Acceptance":[0.43965217391304345],"Energy":{"Mean":5.1317808435411845,"Sigma":0.4948605789983829,"Taucorr":0.0},"EnergyVariance":{"Mean":34.60366226954791,"Sigma":3.873667257833804,"Taucorr":-8.326672684688674e-17},"Iteration":29},
{"Acceptance":[0.40556521739130436],"Energy":{"Mean":2.8834117524300193,"Sigma":0.5146788174195401,"Taucorr":-2.7755575615628914e-17},"EnergyVariance":{"Mean":39.533794169418215,"Sigma":4.151135361285543,"Taucorr":2.7755575615628914e-17},"Iteration":30},
{"Acceptance":[0.3561739130434783],"Energy":{"Mean":2.207397708099165,"Sigma":0.4612452225708323,"Taucorr":5.551115123125783e-17},"EnergyVariance":{"Mean":31.557298912572648,"Sigma":4.1845514201060094,"Taucorr":-2.7755575615628914e-17},"Iteration":31},
{"Acceptance":[0.1885217391304348],"Energy":{"Mean":-4.8261014608895945,"Sigma":0.5830367836389547,"Taucorr":-2.7755575615628914e-17},"EnergyVariance":{"Mean":37.251945891192754,"Sigma":4.170500605282084,"Taucorr":2.7755575615628914e-17},"Iteration":32},
{"Acceptance":[0.23756521739130435],"Energy":{"Mean":-5.178253195353831,"Sigma":0.5829756545156068,"Taucorr":0.0},"EnergyVariance":{"Mean":48.99919760971363,"Sigma":5.546132985846696,"Taucorr":-2.7755575615628914e-17},"Iteration":33},
{"Acceptance":[0.22434782608695653],"Energy":{"Mean":-4.266804819497356,"Sigma":0.41886732423981854,"Taucorr":0.0},"EnergyVariance":{"Mean":45.286663619345276,"Sigma":5.0435624799079175,"Taucorr":2.7755575615628914e-17},"Iteration":34},
{"Acceptance":[0.08139130434782609],"Energy":{"Mean":-8.807870355837101,"Sigma":0.2823743776101843,"Taucorr":-8.326672684688674e-17},"EnergyVariance":{"Mean":12.518579898718848,"Sigma":3.4491366273965878,"Taucorr":5.551115123125783e-17},"Iteration":35},
{"Acceptance":[0.03130434782608696],"Energy":{"Mean":-10.02019048146923,"Sigma":0.14592573139411616,"Taucorr":-2.7755575615628914e-17},"EnergyVariance":{"Mean":3.1316599555057634,"Sigma":0.7565442459443894,"Taucorr":0.0},"Iteration":36},
{"Acceptance":[0.016],"Energy":{"Mean":-8.994924262993683,"Sigma":0.06194659066606056,"Taucorr":null},"EnergyVariance":{"Mean":3.4282445908505834,"Sigma":0.11418809465427661,"Taucorr":null},"Iteration":37},
{"Acceptance":[0.0],"Energy":{"Mean":-9.23789559429543,"Sigma":0.07479272776001804,"Taucorr":null},"EnergyVariance":{"Mean":1.5082112678826511,"Sigma":0.22748318944168155,"Taucorr":null},"Iteration":38},
{"Acceptance":[0.0],"Energy":{"Mean":-10.000022137178311,"Sigma":0.0,"Taucorr":null},"EnergyVariance":{"Mean":2.290827890201811e-10,"Sigma":0.0,"Taucorr":null},"Iteration":39},
{"Acceptance":[0.0006956521739130435],"Energy":{"Mean":-7.239999680776886,"Sigma":0.11224971611827249,"Taucorr":null},"EnergyVariance":{"Mean":8.942401618128587,"Sigma":0.05387996245523769,"Taucorr":null},"Iteration":40},
{"Acceptance":[0.0],"Energy":{"Mean":-7.0,"Sigma":0.0,"Taucorr":null},"EnergyVariance":{"Mean":9.000000000000002,"Sigma":0.0,"Taucorr":null},"Iteration":41},
{"Acceptance":[0.008347826086956521],"Energy":{"Mean":-8.999999999714195,"Sigma":0.0,"Taucorr":null},"EnergyVariance":{"Mean":3.0000000017151107,"Sigma":0.0,"Taucorr":null},"Iteration":42},
{"Acceptance":[0.0017391304347826088],"Energy":{"Mean":-9.500000000000057,"Sigma":2.7194799110210365e-16,"Taucorr":null},"EnergyVariance":{"Mean":0.7499999999998125,"Sigma":2.1757812562601378e-16,"Taucorr":null},"Iteration":43},
{"Acceptance":[0.0],"Energy":{"Mean":-9.5,"Sigma":0.0,"Taucorr":null},"EnergyVariance":{"Mean":0.75,"Sigma":0.0,"Taucorr":null},"Iteration":44},
{"Acceptance":[0.00034782608695652176],"Energy":{"Mean":-8.749999986536313,"Sigma":0.0,"Taucorr":null},"EnergyVariance":{"Mean":0.6875000202772749,"Sigma":0.0,"Taucorr":null},"Iteration":45},
{"Acceptance":[0.0010434782608695651],"Energy":{"Mean":-8.25,"Sigma":0.0,"Taucorr":null},"EnergyVariance":{"Mean":0.1875,"Sigma":0.0,"Taucorr":null},"Iteration":46},
{"Acceptance":[0.00034782608695652176],"Energy":{"Mean":-9.25,"Sigma":0.0,"Taucorr":null},"EnergyVariance":{"Mean":0.6875,"Sigma":0.0,"Taucorr":null},"Iteration":47},
{"Acceptance":[0.009739130434782608],"Energy":{"Mean":-9.000000030835727,"Sigma":0.0,"Taucorr":null},"EnergyVariance":{"Mean":10.999999934135126,"Sigma":0.0,"Taucorr":null},"Iteration":48},
{"Acceptance":[0.0],"Energy":{"Mean":-9.75,"Sigma":0.0,"Taucorr":null},"EnergyVariance":{"Mean":5.1875,"Sigma":0.0,"Taucorr":null},"Iteration":49},
{"Acceptance":[0.0],"Energy":{"Mean":-9.75,"Sigma":0.0,"Taucorr":null},"EnergyVariance":{"Mean":5.1875,"Sigma":0.0,"Taucorr":null},"Iteration":50},
{"Acceptance":[0.00034782608695652176],"Energy":{"Mean":-9.2500000010765,"Sigma":0.0,"Taucorr":null},"EnergyVariance":{"Mean":3.187499997816847,"Sigma":0.0,"Taucorr":null},"Iteration":51},
{"Acceptance":[0.0],"Energy":{"Mean":-9.249999759403702,"Sigma":0.0,"Taucorr":null},"EnergyVariance":{"Mean":3.187500865128108,"Sigma":0.0,"Taucorr":null},"Iteration":52},
{"Acceptance":[0.00034782608695652176],"Energy":{"Mean":-6.44000001027986,"Sigma":0.06000000056250816,"Taucorr":null},"EnergyVariance":{"Mean":11.066400113074796,"Sigma":0.18720000389642252,"Taucorr":null},"Iteration":53},
{"Acceptance":[0.0],"Energy":{"Mean":-5.499999999999763,"Sigma":0.0,"Taucorr":null},"EnergyVariance":{"Mean":8.250000000001661,"Sigma":0.0,"Taucorr":null},"Iteration":54},
{"Acceptance":[0.0],"Energy":{"Mean":-5.499999999999057,"Sigma":0.0,"Taucorr":null},"EnergyVariance":{"Mean":8.250000000006604,"Sigma":0.0,"Taucorr":null},"Iteration":55},
{"Acceptance":[0.0],"Energy":{"Mean":-4.999999999866293,"Sigma":0.0,"Taucorr":null},"EnergyVariance":{"Mean":4.499999996092673,"Sigma":0.0,"Taucorr":null},"Iteration":56},
{"Acceptance":[0.0],"Energy":{"Mean":-4.250000005035262,"Sigma":0.0,"Taucorr":null},"EnergyVariance":{"Mean":1.6874999773449457,"Sigma":0.0,"Taucorr":null},"Iteration":57},
{"Acceptance":[0.0],"Energy":{"Mean":-4.729999256214204,"Sigma":0.1019802226948994,"Taucorr":null},"EnergyVariance":{"Mean":1.2170979237207724,"Sigma":0.14889160704706747,"Taucorr":null},"Iteration":58},
{"Acceptance":[0.0],"Energy":{"Mean":-4.650000304714371,"Sigma":0.10000001709559658,"Taucorr":null},"EnergyVariance":{"Mean":1.3274996885167836,"Sigma":0.12999982577092997,"Taucorr":null},"Iteration":59},
{"Acceptance":[0.0],"Energy":{"Mean":-5.250000004281537,"Sigma":0.0,"Taucorr":null},"EnergyVariance":{"Mean":0.1875000063590528,"Sigma":0.0,"Taucorr":null},"Iteration":60},
{"Acceptance":[0.0],"Energy":{"Mean":-5.250000017159113,"Sigma":0.0,"Taucorr":null},"EnergyVariance":{"Mean":0.18750003030798643,"Sigma":0.0,"Taucorr":null},"Iteration":61},
{"Acceptance":[0.0],"Energy":{"Mean":-5.249999984711024,"Sigma":0.0,"Taucorr":null},"EnergyVariance":{"Mean":0.18749997087467757,"Sigma":0.0,"Taucorr":null},"Iteration":62},
{"Acceptance":[0.0],"Energy":{"Mean":-5.249999867909347,"Sigma":0.0,"Taucorr":null},"EnergyVariance":{"Mean":0.1874997253070975,"Sigma":0.0,"Taucorr":null},"Iteration":63},
{"Acceptance":[0.0],"Energy":{"Mean":-5.249999623542961,"Sigma":0.0,"Taucorr":null},"EnergyVariance":{"Mean":0.18749940243111668,"Sigma":0.0,"Taucorr":null},"Iteration":64},
{"Acceptance":[0.0],"Energy":{"Mean":-5.249999191686374,"Sigma":0.0,"Taucorr":null},"EnergyVariance":{"Mean":0.1874994298050619,"Sigma":0.0,"Taucorr":null},"Iteration":65},
{"Acceptance":[0.0],"Energy":{"Mean":-5.249999102676511,"Sigma":0.0,"Taucorr":null},"EnergyVariance":{"Mean":0.18750016839056946,"Sigma":0.0,"Taucorr":null},"Iteration":66},
{"Acceptance":[0.0],"Energy":{"Mean":-5.250001263677682,"Sigma":0.0,"Taucorr":null},"EnergyVariance":{"Mean":0.18750132374953832,"Sigma":0.0,"Taucorr":null},"Iteration":67},
{"Acceptance":[0.0],"Energy":{"Mean":-5.250006839330995,"Sigma":0.0,"Taucorr":null},"EnergyVariance":{"Mean":0.18750281086525442,"Sigma":0.0,"Taucorr":null},"Iteration":68},
{"Acceptance":[0.0],"Energy":{"Mean":-5.250011419465029,"Sigma":0.0,"Taucorr":null},"EnergyVariance":{"Mean":0.18750705296424383,"Sigma":0.0,"Taucorr":null},"Iteration":69},
{"Acceptance":[0.0],"Energy":{"Mean":-5.931217917940872,"Sigma":0.08475975859458121,"Taucorr":null},"EnergyVariance":{"Mean":3.2926289573346823,"Sigma":0.7353770736755263,"Taucorr":null},"Iteration":70},
{"Acceptance":[0.0],"Energy":{"Mean":-8.25107163479392,"Sigma":0.0,"Taucorr":null},"EnergyVariance":{"Mean":13.689152890821058,"Sigma":0.0,"Taucorr":null},"Iteration":71},
{"Acceptance":[0.0006956521739130435],"Energy":{"Mean":-10.099999868620422,"Sigma":0.04082482904638627,"Taucorr":null},"EnergyVariance":{"Mean":2.5900005517950477,"Sigma":0.23678401919613812,"Taucorr":null},"Iteration":72},
{"Acceptance":[0.0017391304347826088],"Energy":{"Mean":-11.000000002260652,"Sigma":0.0,"Taucorr":null},"EnergyVariance":{"Mean":1.0000000045080384,"Sigma":0.0,"Taucorr":null},"Iteration":73},
{"Acceptance":[0.00034782608695652176],"Energy":{"Mean":-9.250000052706122,"Sigma":3.897822107574569e-12,"Taucorr":null},"EnergyVariance":{"Mean":0.6874998613736023,"Sigma":5.846730559323797e-12,"Taucorr":null},"Iteration":74},
{"Acceptance":[0.0],"Energy":{"Mean":-10.000000089721608,"Sigma":0.0,"Taucorr":null},"EnergyVariance":{"Mean":1.5000003588878468,"Sigma":0.0,"Taucorr":null},"Iteration":75},
{"Acceptance":[0.0006956521739130435],"Energy":{"Mean":-9.209999999106856,"Sigma":0.027688746113664904,"Taucorr":null},"EnergyVariance":{"Mean":1.7058999983671086,"Sigma":0.01162927335692326,"Taucorr":null},"Iteration":76},
{"Acceptance":[0.009391304347826087],"Energy":{"Mean":-8.75,"Sigma":0.0,"Taucorr":null},"EnergyVariance":{"Mean":1.6875,"Sigma":0.0,"Taucorr":null},"Iteration":77},
{"Acceptance":[0.0],"Energy":{"Mean":-8.750000000000014,"Sigma":0.0,"Taucorr":null},"EnergyVariance":{"Mean":1.6874999999999525,"Sigma":0.0,"Taucorr":null},"Iteration":78},
{"Acceptance":[0.003130434782608696],"Energy":{"Mean":-9.750000038975223,"Sigma":0.0,"Taucorr":null},"EnergyVariance":{"Mean":5.187500138452874,"Sigma":0.0,"Taucorr":null},"Iteration":79},
{"Acceptance":[0.0],"Energy":{"Mean":-9.719999999999892,"Sigma":0.050662280511872514,"Taucorr":null},"EnergyVariance":{"Mean":3.3615999999994606,"Sigma":0.1296954381103536,"Taucorr":null},"Iteration":80},
{"Acceptance":[0.006260869565217392],"Energy":{"Mean":-10.250000017517769,"Sigma":0.0,"Taucorr":null},"EnergyVariance":{"Mean":0.1874999912411166,"Sigma":0.0,"Taucorr":null},"Iteration":81},
{"Acceptance":[0.0006956521739130435],"Energy":{"Mean":-9.2500000001897,"Sigma":0.0,"Taucorr":null},"EnergyVariance":{"Mean":10.687500000284553,"Sigma":0.0,"Taucorr":null},"Iteration":82},
{"Acceptance":[0.00034782608695652176],"Energy":{"Mean":-9.74999999386224,"Sigma":0.0,"Taucorr":null},"EnergyVariance":{"Mean":6.187499996931121,"Sigma":0.0,"Taucorr":null},"Iteration":83},
{"Acceptance":[0.003130434782608696],"Energy":{"Mean":-10.75,"Sigma":0.0,"Taucorr":null},"EnergyVariance":{"Mean":1.6875,"Sigma":0.0,"Taucorr":null},"Iteration":84},
{"Acceptance":[0.0],"Energy":{"Mean":-10.750000000965656,"Sigma":0.0,"Taucorr":null},"EnergyVariance":{"Mean":1.6874999985514254,"Sigma":0.0,"Taucorr":null},"Iteration":85},
{"Acceptance":[0.0],"Energy":{"Mean":-10.249999999969297,"Sigma":0.0,"Taucorr":null},"EnergyVariance":{"Mean":3.1875000000252927,"Sigma":0.0,"Taucorr":null},"Iteration":86},
{"Acceptance":[0.0],"Energy":{"Mean":-10.27999998988462,"Sigma":0.036285899155363656,"Taucorr":null},"EnergyVariance":{"Mean":3.301599985038621,"Sigma":0.029914990352756465,"Taucorr":null},"Iteration":87},
{"Acceptance":[0.0],"Energy":{"Mean":-10.249999999986649,"Sigma":0.0,"Taucorr":null},"EnergyVariance":{"Mean":3.1874999999458655,"Sigma":0.0,"Taucorr":null},"Iteration":88},
{"Acceptance":[0.00034782608695652176],"Energy":{"Mean":-8.499999999999837,"Sigma":0.0,"Taucorr":null},"EnergyVariance":{"Mean":0.7500000000001639,"Sigma":0.0,"Taucorr":null},"Iteration":89},
{"Acceptance":[0.0],"Energy":{"Mean":-8.5,"Sigma":0.0,"Taucorr":null},"EnergyVariance":{"Mean":0.75,"Sigma":0.0,"Taucorr":null},"Iteration":90},
{"Acceptance":[0.0006956521739130435],"Energy":{"Mean":-10.499999999979353,"Sigma":0.0,"Taucorr":null},"EnergyVariance":{"Mean":4.749999999855471,"Sigma":0.0,"Taucorr":null},"Iteration":91},
{"Acceptance":[0.00034782608695652176],"Energy":{"Mean":-12.5,"Sigma":0.0,"Taucorr":null},"EnergyVariance":{"Mean":0.75,"Sigma":0.0,"Taucorr":null},"Iteration":92},
{"Acceptance":[0.019130434782608695],"Energy":{"Mean":-11.500000000000078,"Sigma":0.0,"Taucorr":null},"EnergyVariance":{"Mean":2.7500000000000773,"Sigma":0.0,"Taucorr":null},"Iteration":93},
{"Acceptance":[0.0],"Energy":{"Mean":-11.750000000056556,"Sigma":0.0,"Taucorr":null},"EnergyVariance":{"Mean":3.1875000001413913,"Sigma":0.0,"Taucorr":null},"Iteration":94},
{"Acceptance":[0.00034782608695652176],"Energy":{"Mean":-11.49999999999979,"Sigma":0.0,"Taucorr":null},"EnergyVariance":{"Mean":2.7499999999963487,"Sigma":0.0,"Taucorr":null},"Iteration":95},
{"Acceptance":[0.0006956521739130435],"Energy":{"Mean":-11.5,"Sigma":0.0,"Taucorr":null},"EnergyVariance":{"Mean":2.7499999999999973,"Sigma":0.0,"Taucorr":null},"Iteration":96},
{"Acceptance":[0.00034782608695652176],"Energy":{"Mean":-11.0,"Sigma":0.0,"Taucorr":null},"EnergyVariance":{"Mean":5.0,"Sigma":0.0,"Taucorr":null},"Iteration":97},
{"Acceptance":[0.0],"Energy":{"Mean":-11.0,"Sigma":0.0,"Taucorr":null},"EnergyVariance":{"Mean":4.999999999999997,"Sigma":0.0,"Taucorr":null},"Iteration":98},
{"Acceptance":[0.001391304347826087],"Energy":{"Mean":-11.000000000000224,"Sigma":0.0,"Taucorr":null},"EnergyVariance":{"Mean":4.999999999998654,"Sigma":0.0,"Taucorr":null},"Iteration":99} 
]}
{"input": {"L": 22, "J": 1, "machine": {"type": "FFNN", "model": ["tanh", 16, 3]}, "sampler": {"type": "MetropolisHop", "d_max": 5}, "optimizer": {"type": "AdaMax", "alpha": 0.001, "beta1": 0.9, "beta2": 0.999, "epscut": 1e-07}, "VMC": {"n_samples": 100, "discarded_samples": 100, "discarded_samples_on_init": 0, "target": "energy", "method": "Gd", "diag_shift": 0.01, "use_iterative": true, "use_cholesky": true}, "n_iter": 100}}
duration: -1.1256306171417236