{"Output": [
{"Acceptance":[0.8973913043478261],"Energy":{"Mean":19.46156192836695,"Sigma":0.36580866221112157,"Taucorr":0.0},"EnergyVariance":{"Mean":13.743844058213064,"Sigma":1.6975128151161327,"Taucorr":0.0},"Iteration":0},
{"Acceptance":[0.8904347826086957],"Energy":{"Mean":18.835755074110644,"Sigma":0.34017747153821004,"Taucorr":0.0},"EnergyVariance":{"Mean":11.97985745843393,"Sigma":1.6967357836995416,"Taucorr":0.0},"Iteration":1},
{"Acceptance":[0.8511304347826087],"Energy":{"Mean":19.22296703478817,"Sigma":0.36759368189827396,"Taucorr":0.0},"EnergyVariance":{"Mean":13.879714258821446,"Sigma":1.779917141052526,"Taucorr":-2.7755575615628914e-17},"Iteration":2},
{"Acceptance":[0.8493913043478261],"Energy":{"Mean":18.783272197809012,"Sigma":0.38989512260387293,"Taucorr":-2.7755575615628914e-17},"EnergyVariance":{"Mean":15.808193352800334,"Sigma":2.2256900698396667,"Taucorr":0.0},"Iteration":3},
{"Acceptance":[0.8295652173913044],"Energy":{"Mean":18.471886420963248,"Sigma":0.3541006270984793,"Taucorr":-2.7755575615628914e-17},"EnergyVariance":{"Mean":13.29442361312256,"Sigma":1.7012796074328198,"Taucorr":0.0},"Iteration":4},
{"Acceptance":[0.8034782608695652],"Energy":{"Mean":18.298290421780834,"Sigma":0.3922903356157822,"Taucorr":2.7755575615628914e-17},"EnergyVariance":{"Mean":16.387249209302293,"Sigma":2.3329047754325933,"Taucorr":2.7755575615628914e-17},"Iteration":5},
{"Acceptance":[0.7895652173913044],"Energy":{"Mean":17.533236870811393,"Sigma":0.397210543616633,"Taucorr":0.0},"EnergyVariance":{"Mean":16.822244481617627,"Sigma":2.4722244327146763,"Taucorr":5.551115123125783e-17},"Iteration":6},
{"Acceptance":[0.7791304347826087],"Energy":{"Mean":17.682304264022335,"Sigma":0.4215550657943662,"Taucorr":-5.551115123125783e-17},"EnergyVariance":{"Mean":19.185079575275143,"Sigma":2.2061281790680765,"Taucorr":5.551115123125783e-17},"Iteration":7},
{"Acceptance":[0.7648695652173914],"Energy":{"Mean":17.97771303163045,"Sigma":0.445726310347325,"Taucorr":1.1102230246251565e-16},"EnergyVariance":{"Mean":21.953867016137686,"Sigma":2.6165581937087814,"Taucorr":0.0},"Iteration":8},
{"Acceptance":[0.7551304347826087],"Energy":{"Mean":17.686555699192226,"Sigma":0.41478954785958067,"Taucorr":-5.551115123125783e-17},"EnergyVariance":{"Mean":18.543566921763514,"Sigma":1.9919219797089938,"Taucorr":0.0},"Iteration":9},
{"Acceptance":[0.7106086956521739],"Energy":{"Mean":16.417178369534195,"Sigma":0.4198604928562766,"Taucorr":2.7755575615628914e-17},"EnergyVariance":{"Mean":20.61863104551535,"Sigma":2.63344201329688,"Taucorr":-5.551115123125783e-17},"Iteration":10},
{"Acceptance":[0.7314782608695652],"Energy":{"Mean":16.13546629558254,"Sigma":0.38600069470921855,"Taucorr":-8.326672684688674e-17},"EnergyVariance":{"Mean":18.268143572257245,"Sigma":2.117130548535792,"Taucorr":0.0},"Iteration":11},
{"Acceptance":[0.7123478260869566],"Energy":{"Mean":15.768670097797783,"Sigma":0.3963326834663301,"Taucorr":5.551115123125783e-17},"EnergyVariance":{"Mean":18.784333439369227,"Sigma":2.4232936159694605,"Taucorr":-2.7755575615628914e-17},"Iteration":12},
{"Acceptance":[0.6740869565217391],"Energy":{"Mean":14.818219619844996,"Sigma":0.4961948446031842,"Taucorr":2.7755575615628914e-17},"EnergyVariance":{"Mean":28.666177184602013,"Sigma":3.65425871272623,"Taucorr":0.0},"Iteration":13},
{"Acceptance":[0.68],"Energy":{"Mean":15.035753180960809,"Sigma":0.4248231977509406,"Taucorr":-8.326672684688674e-17},"EnergyVariance":{"Mean":22.913882705948335,"Sigma":2.5614152180959144,"Taucorr":-5.551115123125783e-17},"Iteration":14},
{"Acceptance":[0.6660869565217391],"Energy":{"Mean":14.3117385520019,"Sigma":0.4725451608815588,"Taucorr":0.0},"EnergyVariance":{"Mean":26.079943181343477,"Sigma":4.0126256853625675,"Taucorr":0.0},"Iteration":15},
{"Acceptance":[0.6549565217391304],"Energy":{"Mean":13.912911190825481,"Sigma":0.45747961748172306,"Taucorr":2.7755575615628914e-17},"EnergyVariance":{"Mean":25.766532105791477,"Sigma":2.5947925747184284,"Taucorr":0.0},"Iteration":16},
{"Acceptance":[0.6528695652173913],"Energy":{"Mean":13.490438452501584,"Sigma":0.4445835333877915,"Taucorr":0.0},"EnergyVariance":{"Mean":24.492008422560723,"Sigma":2.350667977221342,"Taucorr":-5.551115123125783e-17},"Iteration":17},
{"Acceptance":[0.6128695652173913],"Energy":{"Mean":12.626253032298074,"Sigma":0.4593694121560259,"Taucorr":-2.7755575615628914e-17},"EnergyVariance":{"Mean":28.069047238583124,"Sigma":3.2358016203976,"Taucorr":-5.551115123125783e-17},"Iteration":18},
{"Acceptance":[0.632695652173913],"Energy":{"Mean":12.79000054275367,"Sigma":0.4687686044924904,"Taucorr":-2.7755575615628914e-17},"EnergyVariance":{"Mean":28.923438641354306,"Sigma":3.3276622071048116,"Taucorr":0.0},"Iteration":19},
{"Acceptance":[0.5954782608695652],"Energy":{"Mean":11.841366715434148,"Sigma":0.4926737085480087,"Taucorr":-5.551115123125783e-17},"EnergyVariance":{"Mean":30.601864039471252,"Sigma":3.203591423186605,"Taucorr":-2.7755575615628914e-17},"Iteration":20},
{"Acceptance":[0.5902608695652174],"Energy":{"Mean":10.805938895988259,"Sigma":0.4695262437044004,"Taucorr":5.551115123125783e-17},"EnergyVariance":{"Mean":29.061454582696896,"Sigma":3.151573778439938,"Taucorr":0.0},"Iteration":21},
{"Acceptance":[0.5721739130434783],"Energy":{"Mean":11.548690516195984,"Sigma":0.5559586536412404,"Taucorr":0.0},"EnergyVariance":{"Mean":40.508735119989346,"Sigma":4.188870128093923,"Taucorr":0.0},"Iteration":22},
{"Acceptance":[0.5565217391304348],"Energy":{"Mean":11.730977279508199,"Sigma":0.48249354281407675,"Taucorr":0.0},"EnergyVariance":{"Mean":33.560154089570474,"Sigma":3.4791399713716755,"Taucorr":-2.7755575615628914e-17},"Iteration":23},
{"Acceptance":[0.5558260869565217],"Energy":{"Mean":10.379153136933384,"Sigma":0.4968543959495982,"Taucorr":0.0},"EnergyVariance":{"Mean":35.15777674247214,"Sigma":3.670719111222335,"Taucorr":-5.551115123125783e-17},"Iteration":24},
{"Acceptance":[0.5537391304347826],"Energy":{"Mean":10.650746153399654,"Sigma":0.4998422062283409,"Taucorr":-2.7755575615628914e-17},"EnergyVariance":{"Mean":34.844938750687284,"Sigma":3.530567499560302,"Taucorr":0.0},"Iteration":25},
{"Acceptance":[0.5356521739130434],"Energy":{"Mean":9.789195155844308,"Sigma":0.5386543503583502,"Taucorr":-2.7755575615628914e-17},"EnergyVariance":{"Mean":35.774555447858425,"Sigma":4.570068316764158,"Taucorr":0.0},"Iteration":26},
{"Acceptance":[0.5154782608695652],"Energy":{"Mean":9.557286368071829,"Sigma":0.5293644632806466,"Taucorr":-5.551115123125783e-17},"EnergyVariance":{"Mean":41.02823984750151,"Sigma":4.581239049449133,"Taucorr":0.0},"Iteration":27},
{"Acceptance":[0.4994782608695652],"Energy":{"Mean":7.47963237207917,"Sigma":0.5113922509607758,"Taucorr":5.551115123125783e-17},"EnergyVariance":{"Mean":38.206915108050424,"Sigma":5.110160164630927,"Taucorr":2.7755575615628914e-17},"Iteration":28},
{"Acceptance":[0.4841739130434783],"Energy":{"Mean":7.043408492896213,"Sigma":0.47931482599861475,"Taucorr":0.0},"EnergyVariance":{"Mean":32.61153179192141,"Sigma":3.450410004343697,"Taucorr":-2.7755575615628914e-17},"Iteration":29},
{"Acceptance":[0.46469565217391307],"Energy":{"Mean":6.497883625780961,"Sigma":0.45255675753469077,"Taucorr":0.0},"EnergyVariance":{"Mean":34.93577920554534,"Sigma":3.969520105155068,"Taucorr":-5.551115123125783e-17},"Iteration":30},
{"Acceptance":[0.4817391304347826],"Energy":{"Mean":8.250012721588243,"Sigma":0.5470333924542624,"Taucorr":0.0},"EnergyVariance":{"Mean":44.123134015536806,"Sigma":5.077912749503041,"Taucorr":0.0},"Iteration":31},
{"Acceptance":[0.4539130434782609],"Energy":{"Mean":5.016457093472245,"Sigma":0.46429461352947193,"Taucorr":-8.326672684688674e-17},"EnergyVariance":{"Mean":34.65373985257255,"Sigma":3.4212791633263264,"Taucorr":5.551115123125783e-17},"Iteration":32},
{"Acceptance":[0.4636521739130435],"Energy":{"Mean":6.151783841688208,"Sigma":0.5486081152247749,"Taucorr":0.0},"EnergyVariance":{"Mean":39.61436315028952,"Sigma":4.634324541192401,"Taucorr":-2.7755575615628914e-17},"Iteration":33},
{"Acceptance":[0.43269565217391304],"Energy":{"Mean":3.3910135014884313,"Sigma":0.532594827428009,"Taucorr":-8.326672684688674e-17},"EnergyVariance":{"Mean":38.02611224879114,"Sigma":4.501591573865124,"Taucorr":0.0},"Iteration":34},
{"Acceptance":[0.4156521739130435],"Energy":{"Mean":4.486014851956046,"Sigma":0.5943708388195587,"Taucorr":-5.551115123125783e-17},"EnergyVariance":{"Mean":51.45187193004757,"Sigma":5.277238820244355,"Taucorr":0.0},"Iteration":35},
{"Acceptance":[0.42921739130434783],"Energy":{"Mean":3.581126157161286,"Sigma":0.5140393003257179,"Taucorr":5.551115123125783e-17},"EnergyVariance":{"Mean":38.7633870072766,"Sigma":4.923009891869526,"Taucorr":5.551115123125783e-17},"Iteration":36},
{"Acceptance":[0.40695652173913044],"Energy":{"Mean":4.803882514256229,"Sigma":0.5097697288474942,"Taucorr":-2.7755575615628914e-17},"EnergyVariance":{"Mean":37.76401875042404,"Sigma":3.261179939015523,"Taucorr":0.0},"Iteration":37},
{"Acceptance":[0.3958260869565217],"Energy":{"Mean":2.6215291083098133,"Sigma":0.553767639959385,"Taucorr":0.0},"EnergyVariance":{"Mean":43.44671711801722,"Sigma":4.087050484193725,"Taucorr":0.0},"Iteration":38},
{"Acceptance":[0.37669565217391304],"Energy":{"Mean":2.9653881273992377,"Sigma":0.6038614406080272,"Taucorr":0.0},"EnergyVariance":{"Mean":58.107616143585396,"Sigma":6.7384798051948325,"Taucorr":0.0},"Iteration":39},
{"Acceptance":[0.37878260869565217],"Energy":{"Mean":1.6289236404788017,"Sigma":0.5042892710631668,"Taucorr":0.0},"EnergyVariance":{"Mean":42.41856672048117,"Sigma":4.598697813133832,"Taucorr":5.551115123125783e-17},"Iteration":40},
{"Acceptance":[0.3662608695652174],"Energy":{"Mean":2.353073559900847,"Sigma":0.5156385040033638,"Taucorr":-2.7755575615628914e-17},"EnergyVariance":{"Mean":46.62034697256315,"Sigma":5.019546487078141,"Taucorr":-2.7755575615628914e-17},"Iteration":41},
{"Acceptance":[0.3652173913043478],"Energy":{"Mean":1.4793767574665009,"Sigma":0.44476476962959044,"Taucorr":-5.551115123125783e-17},"EnergyVariance":{"Mean":41.07529174979162,"Sigma":4.614057515445353,"Taucorr":-5.551115123125783e-17},"Iteration":42},
{"Acceptance":[0.3565217391304348],"Energy":{"Mean":-0.04306950005379617,"Sigma":0.5011826590976797,"Taucorr":-2.7755575615628914e-17},"EnergyVariance":{"Mean":37.76050641692138,"Sigma":4.52314436043166,"Taucorr":-8.326672684688674e-17},"Iteration":43},
{"Acceptance":[0.3634782608695652],"Energy":{"Mean":-0.6006750646940175,"Sigma":0.44442983081244414,"Taucorr":0.0},"EnergyVariance":{"Mean":33.863722051090605,"Sigma":3.797951395404699,"Taucorr":-2.7755575615628914e-17},"Iteration":44},
{"Acceptance":[0.35547826086956524],"Energy":{"Mean":-0.17526770444933754,"Sigma":0.44833877044474507,"Taucorr":0.0},"EnergyVariance":{"Mean":49.94185939408386,"Sigma":5.674741244125149,"Taucorr":0.0},"Iteration":45},
{"Acceptance":[0.33565217391304347],"Energy":{"Mean":-1.9171442450237557,"Sigma":0.3797039068016748,"Taucorr":-5.551115123125783e-17},"EnergyVariance":{"Mean":36.354076940616245,"Sigma":4.013733364313575,"Taucorr":0.0},"Iteration":46},
{"Acceptance":[0.312],"Energy":{"Mean":-1.6271905425438797,"Sigma":0.5027717409398244,"Taucorr":0.0},"EnergyVariance":{"Mean":47.64449602144772,"Sigma":8.12672491707124,"Taucorr":5.551115123125783e-17},"Iteration":47},
{"Acceptance":[0.3133913043478261],"Energy":{"Mean":-2.485727227555059,"Sigma":0.48994675989594105,"Taucorr":0.0},"EnergyVariance":{"Mean":40.61841902795639,"Sigma":4.77462522643874,"Taucorr":0.0},"Iteration":48},
{"Acceptance":[0.3109565217391304],"Energy":{"Mean":-4.889131534749184,"Sigma":0.40438354416293115,"Taucorr":-2.7755575615628914e-17},"EnergyVariance":{"Mean":29.09930459705621,"Sigma":3.761666293154625,"Taucorr":0.0},"Iteration":49},
{"Acceptance":[0.28939130434782606],"Energy":{"Mean":-3.225804035431052,"Sigma":0.5283605298116548,"Taucorr":0.0},"EnergyVariance":{"Mean":44.92051885663078,"Sigma":6.46047829085962,"Taucorr":0.0},"Iteration":50},
{"Acceptance":[0.31478260869565217],"Energy":{"Mean":-2.224859781997009,"Sigma":0.4788771532839642,"Taucorr":-1.1102230246251565e-16},"EnergyVariance":{"Mean":41.499776910212795,"Sigma":5.605323827769534,"Taucorr":-2.7755575615628914e-17},"Iteration":51},
{"Acceptance":[0.28243478260869564],"Energy":{"Mean":-4.7213204348632,"Sigma":0.49146689855927306,"Taucorr":0.0},"EnergyVariance":{"Mean":43.10889513619842,"Sigma":3.611808830731979,"Taucorr":0.0},"Iteration":52},
{"Acceptance":[0.2699130434782609],"Energy":{"Mean":-5.016782406049506,"Sigma":0.3662927851660934,"Taucorr":2.7755575615628914e-17},"EnergyVariance":{"Mean":27.811039411699483,"Sigma":3.2616051595067224,"Taucorr":0.0},"Iteration":53},
{"Acceptance":[0.25669565217391305],"Energy":{"Mean":-4.872028956955471,"Sigma":0.3988050883334556,"Taucorr":5.551115123125783e-17},"EnergyVariance":{"Mean":38.58761254285263,"Sigma":6.427912630603888,"Taucorr":-5.551115123125783e-17},"Iteration":54},
{"Acceptance":[0.2549565217391304],"Energy":{"Mean":-5.401319682832739,"Sigma":0.4009239299614051,"Taucorr":1.6653345369377348e-16},"EnergyVariance":{"Mean":34.62880878911619,"Sigma":4.718833899390567,"Taucorr":-1.1102230246251565e-16},"Iteration":55},
{"Acceptance":[0.2796521739130435],"Energy":{"Mean":-5.081442279582291,"Sigma":0.42231345063820425,"Taucorr":5.551115123125783e-17},"EnergyVariance":{"Mean":37.64332378148451,"Sigma":4.493053985909571,"Taucorr":-5.551115123125783e-17},"Iteration":56},
{"Acceptance":[0.2921739130434783],"Energy":{"Mean":-6.5085751279309605,"Sigma":0.43428699052667297,"Taucorr":5.551115123125783e-17},"EnergyVariance":{"Mean":32.94633062039681,"Sigma":4.150716696946752,"Taucorr":-5.551115123125783e-17},"Iteration":57},
{"Acceptance":[0.25565217391304346],"Energy":{"Mean":-5.710316153615368,"Sigma":0.47793111211809675,"Taucorr":-5.551115123125783e-17},"EnergyVariance":{"Mean":57.69655348948784,"Sigma":7.910685398399648,"Taucorr":0.0},"Iteration":58},
{"Acceptance":[0.23478260869565218],"Energy":{"Mean":-6.046433611793242,"Sigma":0.4186055410795989,"Taucorr":2.7755575615628914e-17},"EnergyVariance":{"Mean":37.83844005458454,"Sigma":4.125235529107676,"Taucorr":0.0},"Iteration":59},
{"Acceptance":[0.2497391304347826],"Energy":{"Mean":-6.893742517062906,"Sigma":0.38990906580545226,"Taucorr":0.0},"EnergyVariance":{"Mean":36.24745214722931,"Sigma":4.723011496627653,"Taucorr":5.551115123125783e-17},"Iteration":60},
{"Acceptance":[0.2733913043478261],"Energy":{"Mean":-6.460965105034115,"Sigma":0.4443719209261174,"Taucorr":0.0},"EnergyVariance":{"Mean":41.47122608052653,"Sigma":4.399193826215855,"Taucorr":5.551115123125783e-17},"Iteration":61},
{"Acceptance":[0.23756521739130435],"Energy":{"Mean":-7.714325407503111,"Sigma":0.4587077404022333,"Taucorr":0.0},"EnergyVariance":{"Mean":39.64740988863816,"Sigma":4.7040816600929585,"Taucorr":-5.551115123125783e-17},"Iteration":62},
{"Acceptance":[0.24417391304347827],"Energy":{"Mean":-8.473967265755984,"Sigma":0.42882174031873077,"Taucorr":-2.7755575615628914e-17},"EnergyVariance":{"Mean":37.05058073744094,"Sigma":4.318276924357572,"Taucorr":-8.326672684688674e-17},"Iteration":63},
{"Acceptance":[0.21878260869565216],"Energy":{"Mean":-8.64647403664832,"Sigma":0.4653580872428464,"Taucorr":0.0},"EnergyVariance":{"Mean":41.06571063777462,"Sigma":5.41685327344177,"Taucorr":0.0},"Iteration":64},
{"Acceptance":[0.2288695652173913],"Energy":{"Mean":-9.589974503222336,"Sigma":0.4020905489278548,"Taucorr":0.0},"EnergyVariance":{"Mean":34.22211017862432,"Sigma":4.684924009852341,"Taucorr":-1.1102230246251565e-16},"Iteration":65},
{"Acceptance":[0.21669565217391304],"Energy":{"Mean":-8.028996109634527,"Sigma":0.35408658261322257,"Taucorr":5.551115123125783e-17},"EnergyVariance":{"Mean":29.50238317018713,"Sigma":3.567504271823712,"Taucorr":2.7755575615628914e-17},"Iteration":66},
{"Acceptance":[0.20730434782608695],"Energy":{"Mean":-8.295934279501036,"Sigma":0.37475740412445774,"Taucorr":-2.7755575615628914e-17},"EnergyVariance":{"Mean":36.30471561942407,"Sigma":4.82646878343832,"Taucorr":0.0},"Iteration":67},
{"Acceptance":[0.21634782608695652],"Energy":{"Mean":-8.35126191872743,"Sigma":0.4640955729241648,"Taucorr":-2.7755575615628914e-17},"EnergyVariance":{"Mean":49.76262533670637,"Sigma":7.045663061185488,"Taucorr":1.1102230246251565e-16},"Iteration":68},
{"Acceptance":[0.20104347826086957],"Energy":{"Mean":-8.095085537412888,"Sigma":0.4143882970613523,"Taucorr":5.551115123125783e-17},"EnergyVariance":{"Mean":37.534260926183805,"Sigma":4.6845503591611735,"Taucorr":-5.551115123125783e-17},"Iteration":69},
{"Acceptance":[0.19617391304347825],"Energy":{"Mean":-8.859308970835384,"Sigma":0.36583117827664713,"Taucorr":-2.7755575615628914e-17},"EnergyVariance":{"Mean":32.5327696020732,"Sigma":3.9939568929601976,"Taucorr":-2.7755575615628914e-17},"Iteration":70},
{"Acceptance":[0.1996521739130435],"Energy":{"Mean":-10.490343629704636,"Sigma":0.37974307482258063,"Taucorr":0.0},"EnergyVariance":{"Mean":34.209737377379085,"Sigma":4.958247302646653,"Taucorr":0.0},"Iteration":71},
{"Acceptance":[0.20243478260869566],"Energy":{"Mean":-10.912388890401708,"Sigma":0.3366937234346733,"Taucorr":-2.7755575615628914e-17},"EnergyVariance":{"Mean":24.698465968579253,"Sigma":3.4867558068408275,"Taucorr":0.0},"Iteration":72},
{"Acceptance":[0.19826086956521738],"Energy":{"Mean":-10.649901129984599,"Sigma":0.4287270897286464,"Taucorr":0.0},"EnergyVariance":{"Mean":34.76080103564162,"Sigma":6.096113543058761,"Taucorr":0.0},"Iteration":73},
{"Acceptance":[0.19443478260869565],"Energy":{"Mean":-10.456612198418405,"Sigma":0.31183113906987275,"Taucorr":-5.551115123125783e-17},"EnergyVariance":{"Mean":20.419022743345163,"Sigma":2.2208504899964634,"Taucorr":-5.551115123125783e-17},"Iteration":74},
{"Acceptance":[0.19408695652173913],"Energy":{"Mean":-11.631867190975928,"Sigma":0.35661502224956765,"Taucorr":2.7755575615628914e-17},"EnergyVariance":{"Mean":27.23649594336332,"Sigma":4.128169962161195,"Taucorr":-2.7755575615628914e-17},"Iteration":75},
{"Acceptance":[0.18782608695652173],"Energy":{"Mean":-9.619185026974254,"Sigma":0.4063372737204814,"Taucorr":5.551115123125783e-17},"EnergyVariance":{"Mean":50.5080818017353,"Sigma":6.790868057022059,"Taucorr":0.0},"Iteration":76},
{"Acceptance":[0.1791304347826087],"Energy":{"Mean":-11.481638354549265,"Sigma":0.3604814483479478,"Taucorr":1.1102230246251565e-16},"EnergyVariance":{"Mean":31.11111167107538,"Sigma":3.9096287418405185,"Taucorr":-8.326672684688674e-17},"Iteration":77},
{"Acceptance":[0.18608695652173912],"Energy":{"Mean":-10.629087358956923,"Sigma":0.3807102233412087,"Taucorr":0.0},"EnergyVariance":{"Mean":36.83159323082009,"Sigma":5.993304789814596,"Taucorr":-8.326672684688674e-17},"Iteration":78},
{"Acceptance":[0.21704347826086956],"Energy":{"Mean":-10.419688657673008,"Sigma":0.4002099807969189,"Taucorr":-2.7755575615628914e-17},"EnergyVariance":{"Mean":34.646447882164416,"Sigma":4.756382659890571,"Taucorr":0.0},"Iteration":79},
{"Acceptance":[0.2013913043478261],"Energy":{"Mean":-10.647626100471797,"Sigma":0.3564615163556155,"Taucorr":0.0},"EnergyVariance":{"Mean":34.02560755842683,"Sigma":4.216570411186688,"Taucorr":-5.551115123125783e-17},"Iteration":80},
{"Acceptance":[0.18608695652173912],"Energy":{"Mean":-11.625319079035439,"Sigma":0.3633330525500003,"Taucorr":-2.7755575615628914e-17},"EnergyVariance":{"Mean":34.92344726105545,"Sigma":5.999618037698937,"Taucorr":0.0},"Iteration":81},
{"Acceptance":[0.20208695652173914],"Energy":{"Mean":-11.594717614620789,"Sigma":0.3911206463297709,"Taucorr":-5.551115123125783e-17},"EnergyVariance":{"Mean":32.77995797895265,"Sigma":4.74003582836574,"Taucorr":0.0},"Iteration":82},
{"Acceptance":[0.184],"Energy":{"Mean":-12.161809703434098,"Sigma":0.3450192357681462,"Taucorr":-5.551115123125783e-17},"EnergyVariance":{"Mean":33.8553986714449,"Sigma":4.401560638103631,"Taucorr":0.0},"Iteration":83},
{"Acceptance":[0.1728695652173913],"Energy":{"Mean":-12.993251363458754,"Sigma":0.28430408337005864,"Taucorr":5.551115123125783e-17},"EnergyVariance":{"Mean":22.897313073621746,"Sigma":3.4669791549541706,"Taucorr":0.0},"Iteration":84},
{"Acceptance":[0.17704347826086955],"Energy":{"Mean":-12.416140702408686,"Sigma":0.3464062635140161,"Taucorr":-2.7755575615628914e-17},"EnergyVariance":{"Mean":28.522241421348546,"Sigma":3.847998215315694,"Taucorr":-2.7755575615628914e-17},"Iteration":85},
{"Acceptance":[0.17008695652173914],"Energy":{"Mean":-11.859077786418187,"Sigma":0.3861609033742363,"Taucorr":1.6653345369377348e-16},"EnergyVariance":{"Mean":32.30185758926288,"Sigma":4.327753996726784,"Taucorr":0.0},"Iteration":86},
{"Acceptance":[0.18782608695652173],"Energy":{"Mean":-12.84563894281553,"Sigma":0.35028222034582884,"Taucorr":8.326672684688674e-17},"EnergyVariance":{"Mean":49.10613663222064,"Sigma":10.457323412041509,"Taucorr":2.7755575615628914e-17},"Iteration":87},
{"Acceptance":[0.16869565217391305],"Energy":{"Mean":-12.61167476999043,"Sigma":0.38187948528961974,"Taucorr":0.0},"EnergyVariance":{"Mean":25.954590412139954,"Sigma":3.2476917117147894,"Taucorr":0.0},"Iteration":88},
{"Acceptance":[0.16521739130434782],"Energy":{"Mean":-12.997451974952774,"Sigma":0.29362799232108355,"Taucorr":1.1102230246251565e-16},"EnergyVariance":{"Mean":23.384329638609515,"Sigma":3.5183597218075864,"Taucorr":5.551115123125783e-17},"Iteration":89},
{"Acceptance":[0.16904347826086957],"Energy":{"Mean":-13.435339117891392,"Sigma":0.38591886760385874,"Taucorr":-1.1102230246251565e-16},"EnergyVariance":{"Mean":36.603881982767945,"Sigma":5.297267750410597,"Taucorr":0.0},"Iteration":90},
{"Acceptance":[0.1711304347826087],"Energy":{"Mean":-13.462906056483916,"Sigma":0.33366261348125753,"Taucorr":-2.7755575615628914e-17},"EnergyVariance":{"Mean":22.719982414942624,"Sigma":2.754711653752798,"Taucorr":-2.7755575615628914e-17},"Iteration":91},
{"Acceptance":[0.1502608695652174],"Energy":{"Mean":-12.59243305738494,"Sigma":0.43982171340667586,"Taucorr":-5.551115123125783e-17},"EnergyVariance":{"Mean":35.90888459506023,"Sigma":6.703430650352478,"Taucorr":2.7755575615628914e-17},"Iteration":92},
{"Acceptance":[0.15095652173913043],"Energy":{"Mean":-13.250893888384601,"Sigma":0.32706912560894236,"Taucorr":5.551115123125783e-17},"EnergyVariance":{"Mean":31.22005713307758,"Sigma":5.782338961597125,"Taucorr":5.551115123125783e-17},"Iteration":93},
{"Acceptance":[0.1485217391304348],"Energy":{"Mean":-13.008471886587627,"Sigma":0.33184811324599567,"Taucorr":0.0},"EnergyVariance":{"Mean":36.651235292805616,"Sigma":7.333424167730562,"Taucorr":5.551115123125783e-17},"Iteration":94},
{"Acceptance":[0.1506086956521739],"Energy":{"Mean":-12.112737139498908,"Sigma":0.41524601768924374,"Taucorr":0.0},"EnergyVariance":{"Mean":38.21565012369303,"Sigma":7.3470361528234545,"Taucorr":-2.7755575615628914e-17},"Iteration":95},
{"Acceptance":[0.1582608695652174],"Energy":{"Mean":-13.89180212050369,"Sigma":0.31477272266414114,"Taucorr":-2.7755575615628914e-17},"EnergyVariance":{"Mean":29.478860160298254,"Sigma":3.817744962902031,"Taucorr":-5.551115123125783e-17},"Iteration":96},
{"Acceptance":[0.17495652173913043],"Energy":{"Mean":-14.001835527589137,"Sigma":0.3191610188417384,"Taucorr":0.0},"EnergyVariance":{"Mean":26.679271527086115,"Sigma":4.629424526665253,"Taucorr":-2.7755575615628914e-17},"Iteration":97},
{"Acceptance":[0.17356521739130434],"Energy":{"Mean":-14.290203018437577,"Sigma":0.3210208694736919,"Taucorr":1.1102230246251565e-16},"EnergyVariance":{"Mean":22.44608137428333,"Sigma":4.623405222149764,"Taucorr":0.0},"Iteration":98},
{"Acceptance":[0.15756521739130436],"Energy":{"Mean":-13.981898418370774,"Sigma":0.3505944676132582,"Taucorr":2.7755575615628914e-17},"EnergyVariance":{"Mean":21.80775971033406,"Sigma":3.0671310387184936,"Taucorr":0.0},"Iteration":99} 
]}
{"input": {"L": 22, "J": 1, "machine": {"type": "FFNN", "model": ["tanh", 12, 1]}, "sampler": {"type": "MetropolisHop", "d_max": 5}, "optimizer": {"type": "AdaMax", "alpha": 0.001, "beta1": 0.9, "beta2": 0.999, "epscut": 1e-07}, "VMC": {"n_samples": 100, "discarded_samples": 100, "discarded_samples_on_init": 0, "target": "energy", "method": "Gd", "diag_shift": 0.01, "use_iterative": true, "use_cholesky": true}, "n_iter": 100}}
duration: -0.3770768642425537