{"Output": [
{"Acceptance":[0.8848695652173914],"Energy":{"Mean":19.773892028622868,"Sigma":0.35156407118563,"Taucorr":0.0},"EnergyVariance":{"Mean":12.89863534806894,"Sigma":1.7458828075903248,"Taucorr":-2.7755575615628914e-17},"Iteration":0},
{"Acceptance":[0.8852173913043478],"Energy":{"Mean":18.87980465787069,"Sigma":0.3586847594598691,"Taucorr":0.0},"EnergyVariance":{"Mean":13.45693410979381,"Sigma":1.6825608320941,"Taucorr":0.0},"Iteration":1},
{"Acceptance":[0.855304347826087],"Energy":{"Mean":18.139388208885443,"Sigma":0.33569333492711184,"Taucorr":1.1102230246251565e-16},"EnergyVariance":{"Mean":12.286147466654079,"Sigma":1.4430207452727197,"Taucorr":5.551115123125783e-17},"Iteration":2},
{"Acceptance":[0.8347826086956521],"Energy":{"Mean":18.352619095969295,"Sigma":0.3742418421865751,"Taucorr":5.551115123125783e-17},"EnergyVariance":{"Mean":17.14017223938817,"Sigma":1.9880997404175116,"Taucorr":5.551115123125783e-17},"Iteration":3},
{"Acceptance":[0.7989565217391305],"Energy":{"Mean":17.58886631018671,"Sigma":0.371576541654633,"Taucorr":-5.551115123125783e-17},"EnergyVariance":{"Mean":16.184329121538248,"Sigma":3.0407032313861575,"Taucorr":-2.7755575615628914e-17},"Iteration":4},
{"Acceptance":[0.7996521739130434],"Energy":{"Mean":17.054099112335713,"Sigma":0.3865006437260472,"Taucorr":-1.1102230246251565e-16},"EnergyVariance":{"Mean":18.2540360773983,"Sigma":2.7158757508538907,"Taucorr":-2.7755575615628914e-17},"Iteration":5},
{"Acceptance":[0.7819130434782608],"Energy":{"Mean":16.925602460044352,"Sigma":0.4284037124070451,"Taucorr":-5.551115123125783e-17},"EnergyVariance":{"Mean":22.440870903498475,"Sigma":2.795622221963412,"Taucorr":-5.551115123125783e-17},"Iteration":6},
{"Acceptance":[0.7638260869565218],"Energy":{"Mean":15.732191661828868,"Sigma":0.47331968661204105,"Taucorr":-2.7755575615628914e-17},"EnergyVariance":{"Mean":26.293574296974214,"Sigma":2.993738453207227,"Taucorr":-5.551115123125783e-17},"Iteration":7},
{"Acceptance":[0.7415652173913043],"Energy":{"Mean":15.836278928638109,"Sigma":0.47113898905659174,"Taucorr":-2.7755575615628914e-17},"EnergyVariance":{"Mean":28.266033964842634,"Sigma":2.8403960487800544,"Taucorr":-5.551115123125783e-17},"Iteration":8},
{"Acceptance":[0.7325217391304348],"Energy":{"Mean":14.997923064767178,"Sigma":0.4181746322276363,"Taucorr":0.0},"EnergyVariance":{"Mean":24.47701664608107,"Sigma":2.4812083617815297,"Taucorr":0.0},"Iteration":9},
{"Acceptance":[0.7106086956521739],"Energy":{"Mean":14.528052948254762,"Sigma":0.41640600891796764,"Taucorr":-2.7755575615628914e-17},"EnergyVariance":{"Mean":23.88466505499323,"Sigma":2.881062959056721,"Taucorr":-5.551115123125783e-17},"Iteration":10},
{"Acceptance":[0.6980869565217391],"Energy":{"Mean":15.166717361511019,"Sigma":0.46957689083945225,"Taucorr":-2.7755575615628914e-17},"EnergyVariance":{"Mean":29.40248749309145,"Sigma":3.532512882559537,"Taucorr":-5.551115123125783e-17},"Iteration":11},
{"Acceptance":[0.6587826086956522],"Energy":{"Mean":13.39810544413801,"Sigma":0.4370879621352344,"Taucorr":2.7755575615628914e-17},"EnergyVariance":{"Mean":24.855794384918358,"Sigma":2.6261615008882226,"Taucorr":0.0},"Iteration":12},
{"Acceptance":[0.648695652173913],"Energy":{"Mean":12.847161377071469,"Sigma":0.41568117544479205,"Taucorr":-2.7755575615628914e-17},"EnergyVariance":{"Mean":22.951039456285503,"Sigma":2.77062091000264,"Taucorr":5.551115123125783e-17},"Iteration":13},
{"Acceptance":[0.6438260869565218],"Energy":{"Mean":12.557218502362442,"Sigma":0.3693329434797089,"Taucorr":-2.7755575615628914e-17},"EnergyVariance":{"Mean":21.39115063763721,"Sigma":2.392844495513457,"Taucorr":0.0},"Iteration":14},
{"Acceptance":[0.6323478260869565],"Energy":{"Mean":11.383966723639443,"Sigma":0.48593171001554203,"Taucorr":-2.7755575615628914e-17},"EnergyVariance":{"Mean":36.49208837558298,"Sigma":3.7515781237377968,"Taucorr":2.7755575615628914e-17},"Iteration":15},
{"Acceptance":[0.6097391304347826],"Energy":{"Mean":10.433805166736487,"Sigma":0.44002577681940136,"Taucorr":0.0},"EnergyVariance":{"Mean":29.30846858614425,"Sigma":3.1584357987120217,"Taucorr":0.0},"Iteration":16},
{"Acceptance":[0.5843478260869566],"Energy":{"Mean":9.132977598116637,"Sigma":0.49568808924157515,"Taucorr":-5.551115123125783e-17},"EnergyVariance":{"Mean":34.99447293589491,"Sigma":3.193697410919339,"Taucorr":5.551115123125783e-17},"Iteration":17},
{"Acceptance":[0.5714782608695652],"Energy":{"Mean":8.810576815705701,"Sigma":0.45291180078279064,"Taucorr":0.0},"EnergyVariance":{"Mean":31.362185128460276,"Sigma":4.646217812627901,"Taucorr":-2.7755575615628914e-17},"Iteration":18},
{"Acceptance":[0.5460869565217391],"Energy":{"Mean":7.4150085005061595,"Sigma":0.4878406566082646,"Taucorr":0.0},"EnergyVariance":{"Mean":34.36674010572133,"Sigma":3.6528500174348775,"Taucorr":2.7755575615628914e-17},"Iteration":19},
{"Acceptance":[0.5450434782608695],"Energy":{"Mean":7.277016983509168,"Sigma":0.4124874294463341,"Taucorr":0.0},"EnergyVariance":{"Mean":28.057953947376998,"Sigma":2.7691045281851823,"Taucorr":0.0},"Iteration":20},
{"Acceptance":[0.5405217391304348],"Energy":{"Mean":6.94544332549514,"Sigma":0.4278394614787884,"Taucorr":0.0},"EnergyVariance":{"Mean":33.326360793556084,"Sigma":2.935688720662794,"Taucorr":-2.7755575615628914e-17},"Iteration":21},
{"Acceptance":[0.5189565217391304],"Energy":{"Mean":5.923583037154661,"Sigma":0.4429165228706711,"Taucorr":-5.551115123125783e-17},"EnergyVariance":{"Mean":33.69376455999582,"Sigma":3.7227356537715535,"Taucorr":0.0},"Iteration":22},
{"Acceptance":[0.5172173913043479],"Energy":{"Mean":5.114606136605369,"Sigma":0.4756147496377115,"Taucorr":-2.7755575615628914e-17},"EnergyVariance":{"Mean":34.05899535495632,"Sigma":3.2767217929855015,"Taucorr":-2.7755575615628914e-17},"Iteration":23},
{"Acceptance":[0.5015652173913043],"Energy":{"Mean":4.190074710331552,"Sigma":0.43475540054143025,"Taucorr":0.0},"EnergyVariance":{"Mean":30.76187674016068,"Sigma":2.987797355938207,"Taucorr":0.0},"Iteration":24},
{"Acceptance":[0.49043478260869566],"Energy":{"Mean":4.057344215383713,"Sigma":0.43376608395840477,"Taucorr":-5.551115123125783e-17},"EnergyVariance":{"Mean":31.41974772177678,"Sigma":3.775382432810905,"Taucorr":0.0},"Iteration":25},
{"Acceptance":[0.5019130434782608],"Energy":{"Mean":3.6759655924657215,"Sigma":0.430538987415976,"Taucorr":-2.7755575615628914e-17},"EnergyVariance":{"Mean":33.671317965861235,"Sigma":3.1213734590808007,"Taucorr":0.0},"Iteration":26},
{"Acceptance":[0.47130434782608693],"Energy":{"Mean":2.503388526522188,"Sigma":0.423773334584701,"Taucorr":0.0},"EnergyVariance":{"Mean":33.6960289410174,"Sigma":3.7391991872877526,"Taucorr":0.0},"Iteration":27},
{"Acceptance":[0.46747826086956523],"Energy":{"Mean":2.5281647070247937,"Sigma":0.44649252160065817,"Taucorr":-2.7755575615628914e-17},"EnergyVariance":{"Mean":36.40729903771102,"Sigma":3.5578390497478862,"Taucorr":0.0},"Iteration":28},
{"Acceptance":[0.45669565217391306],"Energy":{"Mean":0.9870525785656121,"Sigma":0.40739075261638447,"Taucorr":-2.7755575615628914e-17},"EnergyVariance":{"Mean":30.673901870738163,"Sigma":3.2044395091200366,"Taucorr":0.0},"Iteration":29},
{"Acceptance":[0.4636521739130435],"Energy":{"Mean":2.21333180042334,"Sigma":0.43405641881316237,"Taucorr":0.0},"EnergyVariance":{"Mean":34.373291590678676,"Sigma":4.02325999130637,"Taucorr":-5.551115123125783e-17},"Iteration":30},
{"Acceptance":[0.4598260869565217],"Energy":{"Mean":-0.6787966259836826,"Sigma":0.3534015238752809,"Taucorr":5.551115123125783e-17},"EnergyVariance":{"Mean":25.968223832917097,"Sigma":2.606827243120634,"Taucorr":5.551115123125783e-17},"Iteration":31},
{"Acceptance":[0.4368695652173913],"Energy":{"Mean":-0.0510820105853796,"Sigma":0.43982609058936506,"Taucorr":0.0},"EnergyVariance":{"Mean":31.25892572636126,"Sigma":3.002385185338183,"Taucorr":0.0},"Iteration":32},
{"Acceptance":[0.42991304347826087],"Energy":{"Mean":-1.2469619120505464,"Sigma":0.4606720011868255,"Taucorr":-2.7755575615628914e-17},"EnergyVariance":{"Mean":33.48340398228857,"Sigma":3.038450329548444,"Taucorr":-2.7755575615628914e-17},"Iteration":33},
{"Acceptance":[0.4093913043478261],"Energy":{"Mean":-1.4518200310101168,"Sigma":0.4041507100718713,"Taucorr":0.0},"EnergyVariance":{"Mean":30.06217797357344,"Sigma":3.3843525690063836,"Taucorr":-2.7755575615628914e-17},"Iteration":34},
{"Acceptance":[0.38330434782608697],"Energy":{"Mean":-1.0048228792477578,"Sigma":0.3902212674456682,"Taucorr":0.0},"EnergyVariance":{"Mean":26.4565521244698,"Sigma":2.5706412264867624,"Taucorr":5.551115123125783e-17},"Iteration":35},
{"Acceptance":[0.4132173913043478],"Energy":{"Mean":-2.2286876153232127,"Sigma":0.3812342010474919,"Taucorr":-2.7755575615628914e-17},"EnergyVariance":{"Mean":28.48489681603089,"Sigma":3.7029803686752083,"Taucorr":-2.7755575615628914e-17},"Iteration":36},
{"Acceptance":[0.3947826086956522],"Energy":{"Mean":-2.870922032236315,"Sigma":0.3396828563958822,"Taucorr":0.0},"EnergyVariance":{"Mean":23.343414078914854,"Sigma":2.906779039294094,"Taucorr":5.551115123125783e-17},"Iteration":37},
{"Acceptance":[0.3739130434782609],"Energy":{"Mean":-4.337878555760823,"Sigma":0.4203765188160242,"Taucorr":-2.7755575615628914e-17},"EnergyVariance":{"Mean":32.00065719809817,"Sigma":3.636752877736552,"Taucorr":0.0},"Iteration":38},
{"Acceptance":[0.3909565217391304],"Energy":{"Mean":-4.896021974718316,"Sigma":0.39351882815186207,"Taucorr":0.0},"EnergyVariance":{"Mean":32.3950571491053,"Sigma":3.8794292982232674,"Taucorr":0.0},"Iteration":39},
{"Acceptance":[0.34643478260869565],"Energy":{"Mean":-5.972676576472717,"Sigma":0.5300935888471723,"Taucorr":0.0},"EnergyVariance":{"Mean":41.598207952507174,"Sigma":4.392318359976625,"Taucorr":0.0},"Iteration":40},
{"Acceptance":[0.36],"Energy":{"Mean":-6.687103054713045,"Sigma":0.47165216345764865,"Taucorr":0.0},"EnergyVariance":{"Mean":37.270523156411116,"Sigma":4.4888102900564,"Taucorr":-5.551115123125783e-17},"Iteration":41},
{"Acceptance":[0.3453913043478261],"Energy":{"Mean":-8.127649062028741,"Sigma":0.4331204046360023,"Taucorr":0.0},"EnergyVariance":{"Mean":27.397757048440397,"Sigma":3.2096293551767507,"Taucorr":0.0},"Iteration":42},
{"Acceptance":[0.2733913043478261],"Energy":{"Mean":-10.40923907389081,"Sigma":0.4680337127997194,"Taucorr":0.0},"EnergyVariance":{"Mean":39.216362430248815,"Sigma":3.933913314653569,"Taucorr":0.0},"Iteration":43},
{"Acceptance":[0.27269565217391306],"Energy":{"Mean":-11.403191403325632,"Sigma":0.44814745788008375,"Taucorr":5.551115123125783e-17},"EnergyVariance":{"Mean":32.727792793275995,"Sigma":4.858915045352659,"Taucorr":-5.551115123125783e-17},"Iteration":44},
{"Acceptance":[0.21217391304347827],"Energy":{"Mean":-10.823398949256315,"Sigma":0.5926692339582139,"Taucorr":0.0},"EnergyVariance":{"Mean":49.388895248777914,"Sigma":10.316954714958445,"Taucorr":-2.7755575615628914e-17},"Iteration":45},
{"Acceptance":[0.15304347826086956],"Energy":{"Mean":-13.79245644156216,"Sigma":0.27403824321529524,"Taucorr":0.0},"EnergyVariance":{"Mean":11.054006770580921,"Sigma":1.9153087011146528,"Taucorr":-2.7755575615628914e-17},"Iteration":46},
{"Acceptance":[0.10956521739130434],"Energy":{"Mean":-13.737248357231675,"Sigma":0.3607336940798649,"Taucorr":-5.551115123125783e-17},"EnergyVariance":{"Mean":25.93201178289005,"Sigma":7.926675725603196,"Taucorr":-2.7755575615628914e-17},"Iteration":47},
{"Acceptance":[0.06643478260869565],"Energy":{"Mean":-14.429865769638434,"Sigma":0.2132232250856757,"Taucorr":0.0},"EnergyVariance":{"Mean":5.4962852852023065,"Sigma":1.6754080510498583,"Taucorr":-2.7755575615628914e-17},"Iteration":48},
{"Acceptance":[0.08486956521739131],"Energy":{"Mean":-13.738160544117617,"Sigma":0.3298814142090697,"Taucorr":1.6653345369377348e-16},"EnergyVariance":{"Mean":13.884027798939057,"Sigma":3.735275600741748,"Taucorr":1.1102230246251565e-16},"Iteration":49},
{"Acceptance":[0.04591304347826087],"Energy":{"Mean":-14.637910030576567,"Sigma":0.24281219611067206,"Taucorr":0.0},"EnergyVariance":{"Mean":8.729131711221305,"Sigma":2.1137390841423427,"Taucorr":-5.551115123125783e-17},"Iteration":50},
{"Acceptance":[0.026782608695652174],"Energy":{"Mean":-14.167024866373483,"Sigma":0.10722305469517085,"Taucorr":-2.7755575615628914e-17},"EnergyVariance":{"Mean":1.977714050746492,"Sigma":1.1159953127036009,"Taucorr":-2.7755575615628914e-17},"Iteration":51},
{"Acceptance":[0.036869565217391306],"Energy":{"Mean":-14.190497507912532,"Sigma":0.18561675878458034,"Taucorr":1.6653345369377348e-16},"EnergyVariance":{"Mean":4.066224712978725,"Sigma":3.054069020634469,"Taucorr":-5.551115123125783e-17},"Iteration":52},
{"Acceptance":[0.030260869565217393],"Energy":{"Mean":-13.962097246840484,"Sigma":0.020649864041057904,"Taucorr":-2.7755575615628914e-17},"EnergyVariance":{"Mean":0.23520162746956333,"Sigma":0.08047104191211754,"Taucorr":-5.551115123125783e-17},"Iteration":53},
{"Acceptance":[0.03165217391304348],"Energy":{"Mean":-13.958046971234102,"Sigma":0.033020858032338146,"Taucorr":-2.7755575615628914e-17},"EnergyVariance":{"Mean":0.6384717496975773,"Sigma":0.3115202924612696,"Taucorr":-2.7755575615628914e-17},"Iteration":54},
{"Acceptance":[0.03165217391304348],"Energy":{"Mean":-13.911612173719261,"Sigma":0.054033654326694415,"Taucorr":5.551115123125783e-17},"EnergyVariance":{"Mean":0.33009647999404135,"Sigma":0.1919840728067713,"Taucorr":-8.326672684688674e-17},"Iteration":55},
{"Acceptance":[0.029565217391304348],"Energy":{"Mean":-13.86017911317918,"Sigma":0.10862208695369938,"Taucorr":0.0},"EnergyVariance":{"Mean":2.195774519503156,"Sigma":0.6499948781482285,"Taucorr":-2.7755575615628914e-17},"Iteration":56},
{"Acceptance":[0.03130434782608696],"Energy":{"Mean":-13.975127479364819,"Sigma":0.05896723055410798,"Taucorr":-8.326672684688674e-17},"EnergyVariance":{"Mean":1.6914655588024736,"Sigma":0.6502669862079208,"Taucorr":0.0},"Iteration":57},
{"Acceptance":[0.03130434782608696],"Energy":{"Mean":-13.752638126742829,"Sigma":0.056404529610483325,"Taucorr":5.551115123125783e-17},"EnergyVariance":{"Mean":1.2282902426740427,"Sigma":0.4949647969380781,"Taucorr":0.0},"Iteration":58},
{"Acceptance":[0.030260869565217393],"Energy":{"Mean":-13.962245094250443,"Sigma":0.03189290154617112,"Taucorr":4.996003610813204e-16},"EnergyVariance":{"Mean":0.4974285244546117,"Sigma":0.38294267630823103,"Taucorr":-2.7755575615628914e-17},"Iteration":59},
{"Acceptance":[0.02608695652173913],"Energy":{"Mean":-14.19183023648238,"Sigma":0.08069461749086412,"Taucorr":1.6653345369377348e-16},"EnergyVariance":{"Mean":1.9310989969325267,"Sigma":0.8310921997458189,"Taucorr":0.0},"Iteration":60},
{"Acceptance":[0.02817391304347826],"Energy":{"Mean":-13.90633367721071,"Sigma":0.13868983536954146,"Taucorr":-1.6653345369377348e-16},"EnergyVariance":{"Mean":3.8701460616103827,"Sigma":2.1385720838994136,"Taucorr":0.0},"Iteration":61},
{"Acceptance":[0.030608695652173914],"Energy":{"Mean":-14.033935245698421,"Sigma":0.007177441903806766,"Taucorr":-6.38378239159465e-16},"EnergyVariance":{"Mean":0.028437300326259542,"Sigma":0.002799449005900882,"Taucorr":-2.7755575615628914e-17},"Iteration":62},
{"Acceptance":[0.02991304347826087],"Energy":{"Mean":-13.995813738807188,"Sigma":0.04815906202019449,"Taucorr":5.551115123125783e-16},"EnergyVariance":{"Mean":2.4450504339187,"Sigma":0.8526813809227484,"Taucorr":-8.326672684688674e-17},"Iteration":63},
{"Acceptance":[0.02991304347826087],"Energy":{"Mean":-14.066526492670942,"Sigma":0.06688896151698948,"Taucorr":-3.608224830031759e-16},"EnergyVariance":{"Mean":0.9645007208456016,"Sigma":0.5326269068361829,"Taucorr":5.551115123125783e-17},"Iteration":64},
{"Acceptance":[0.027478260869565216],"Energy":{"Mean":-14.133309009107194,"Sigma":0.05022811762092993,"Taucorr":1.6653345369377348e-16},"EnergyVariance":{"Mean":0.7732027328899425,"Sigma":0.349664719014061,"Taucorr":5.551115123125783e-17},"Iteration":65},
{"Acceptance":[0.03269565217391304],"Energy":{"Mean":-14.147242469465468,"Sigma":0.057835501443519406,"Taucorr":1.3877787807814457e-16},"EnergyVariance":{"Mean":0.5680343952832974,"Sigma":0.38527927049255795,"Taucorr":-5.551115123125783e-17},"Iteration":66},
{"Acceptance":[0.030260869565217393],"Energy":{"Mean":-14.047036219625019,"Sigma":0.03167223764460875,"Taucorr":6.661338147750939e-16},"EnergyVariance":{"Mean":0.6956290695988128,"Sigma":0.4014849873064045,"Taucorr":0.0},"Iteration":67},
{"Acceptance":[0.02991304347826087],"Energy":{"Mean":-14.133881121776916,"Sigma":0.008933839053000367,"Taucorr":-6.38378239159465e-16},"EnergyVariance":{"Mean":0.037509117082703866,"Sigma":0.0049000358325106946,"Taucorr":-2.7755575615628914e-17},"Iteration":68},
{"Acceptance":[0.02817391304347826],"Energy":{"Mean":-14.138971299570734,"Sigma":0.0079295187929121,"Taucorr":-4.718447854656915e-16},"EnergyVariance":{"Mean":0.18285255215120144,"Sigma":0.15034972720148038,"Taucorr":5.551115123125783e-17},"Iteration":69},
{"Acceptance":[0.029565217391304348],"Energy":{"Mean":-14.152644023243468,"Sigma":0.006941092110661237,"Taucorr":-8.881784197001252e-16},"EnergyVariance":{"Mean":0.03858330797540166,"Sigma":0.0035046847651829093,"Taucorr":0.0},"Iteration":70},
{"Acceptance":[0.036521739130434785],"Energy":{"Mean":-14.688304243619221,"Sigma":0.48020337287166254,"Taucorr":1.1102230246251565e-16},"EnergyVariance":{"Mean":26.29071893018754,"Sigma":22.535353889495727,"Taucorr":0.0},"Iteration":71},
{"Acceptance":[0.022956521739130435],"Energy":{"Mean":-14.138630541359703,"Sigma":0.008084317156301637,"Taucorr":4.718447854656915e-16},"EnergyVariance":{"Mean":0.04196022194435339,"Sigma":0.0042355174604916225,"Taucorr":5.551115123125783e-17},"Iteration":72},
{"Acceptance":[0.034434782608695653],"Energy":{"Mean":-14.285262075926912,"Sigma":0.09919039186313937,"Taucorr":0.0},"EnergyVariance":{"Mean":3.1850367313799617,"Sigma":1.3704176145697102,"Taucorr":-2.7755575615628914e-17},"Iteration":73},
{"Acceptance":[0.024695652173913042],"Energy":{"Mean":-14.455494435479796,"Sigma":0.0722794429915887,"Taucorr":0.0},"EnergyVariance":{"Mean":1.3324759733375873,"Sigma":0.5169347304499132,"Taucorr":-8.326672684688674e-17},"Iteration":74},
{"Acceptance":[0.03234782608695652],"Energy":{"Mean":-14.427200039741294,"Sigma":0.07679203217364164,"Taucorr":5.551115123125783e-17},"EnergyVariance":{"Mean":0.8390039295306754,"Sigma":0.28288753188668014,"Taucorr":0.0},"Iteration":75},
{"Acceptance":[0.03582608695652174],"Energy":{"Mean":-14.80643726581501,"Sigma":0.21750509562047962,"Taucorr":1.1102230246251565e-16},"EnergyVariance":{"Mean":6.060207162941865,"Sigma":2.5158145878636553,"Taucorr":0.0},"Iteration":76},
{"Acceptance":[0.04382608695652174],"Energy":{"Mean":-14.13199512865808,"Sigma":0.07627816919905472,"Taucorr":8.326672684688674e-17},"EnergyVariance":{"Mean":1.0060683829911372,"Sigma":0.45039346980392775,"Taucorr":0.0},"Iteration":77},
{"Acceptance":[0.03373913043478261],"Energy":{"Mean":-14.388694249153975,"Sigma":0.05254297326683758,"Taucorr":8.326672684688674e-17},"EnergyVariance":{"Mean":1.5089806890932462,"Sigma":0.7022631228042117,"Taucorr":5.551115123125783e-17},"Iteration":78},
{"Acceptance":[0.03617391304347826],"Energy":{"Mean":-14.324447395551326,"Sigma":0.04692471732010354,"Taucorr":0.0},"EnergyVariance":{"Mean":0.31442791330341485,"Sigma":0.09341492381528635,"Taucorr":0.0},"Iteration":79},
{"Acceptance":[0.03791304347826087],"Energy":{"Mean":-15.240162132850758,"Sigma":0.20115597875188157,"Taucorr":-1.1102230246251565e-16},"EnergyVariance":{"Mean":4.888612311118888,"Sigma":2.429959187501237,"Taucorr":2.7755575615628914e-17},"Iteration":80},
{"Acceptance":[0.04591304347826087],"Energy":{"Mean":-14.712493215714325,"Sigma":0.21489403286970193,"Taucorr":1.1102230246251565e-16},"EnergyVariance":{"Mean":8.179445279497237,"Sigma":3.139208873604549,"Taucorr":5.551115123125783e-17},"Iteration":81},
{"Acceptance":[0.04208695652173913],"Energy":{"Mean":-15.007730355500826,"Sigma":0.2503186154124438,"Taucorr":-1.1102230246251565e-16},"EnergyVariance":{"Mean":7.464796488754875,"Sigma":2.6494474396787826,"Taucorr":-5.551115123125783e-17},"Iteration":82},
{"Acceptance":[0.050434782608695654],"Energy":{"Mean":-14.583117374060599,"Sigma":0.26078227793641673,"Taucorr":-2.7755575615628914e-17},"EnergyVariance":{"Mean":7.0465218108158005,"Sigma":6.069522343316324,"Taucorr":-8.326672684688674e-17},"Iteration":83},
{"Acceptance":[0.043130434782608695],"Energy":{"Mean":-15.37428205277961,"Sigma":0.4476986724856179,"Taucorr":0.0},"EnergyVariance":{"Mean":23.2601885301224,"Sigma":10.658957216734935,"Taucorr":5.551115123125783e-17},"Iteration":84},
{"Acceptance":[0.04834782608695652],"Energy":{"Mean":-14.631475790360124,"Sigma":0.15872714483123895,"Taucorr":2.220446049250313e-16},"EnergyVariance":{"Mean":3.7898583650288074,"Sigma":2.4537486499881256,"Taucorr":0.0},"Iteration":85},
{"Acceptance":[0.05426086956521739],"Energy":{"Mean":-14.62750511556282,"Sigma":0.15806674015910943,"Taucorr":-2.7755575615628914e-17},"EnergyVariance":{"Mean":2.95818832553527,"Sigma":1.0381730657425237,"Taucorr":5.551115123125783e-17},"Iteration":86},
{"Acceptance":[0.042782608695652175],"Energy":{"Mean":-14.552747934986385,"Sigma":0.06492825878443029,"Taucorr":2.7755575615628914e-17},"EnergyVariance":{"Mean":0.5769652384478478,"Sigma":0.1262105502600806,"Taucorr":-2.7755575615628914e-17},"Iteration":87},
{"Acceptance":[0.05808695652173913],"Energy":{"Mean":-14.48399506408329,"Sigma":0.12314127473827233,"Taucorr":-5.551115123125783e-17},"EnergyVariance":{"Mean":2.8077908308551427,"Sigma":1.2881547092259837,"Taucorr":0.0},"Iteration":88},
{"Acceptance":[0.057391304347826085],"Energy":{"Mean":-14.441664307166555,"Sigma":0.22087600278027844,"Taucorr":0.0},"EnergyVariance":{"Mean":11.666913851570332,"Sigma":5.192708124396157,"Taucorr":-5.551115123125783e-17},"Iteration":89},
{"Acceptance":[0.05217391304347826],"Energy":{"Mean":-14.392944348350149,"Sigma":0.11865989217985631,"Taucorr":-2.7755575615628914e-17},"EnergyVariance":{"Mean":4.696360917549406,"Sigma":2.7467172641313686,"Taucorr":0.0},"Iteration":90},
{"Acceptance":[0.06434782608695652],"Energy":{"Mean":-14.752952794274622,"Sigma":0.14290542414310442,"Taucorr":8.326672684688674e-17},"EnergyVariance":{"Mean":7.691470001250602,"Sigma":5.10705534457029,"Taucorr":0.0},"Iteration":91},
{"Acceptance":[0.049043478260869564],"Energy":{"Mean":-14.350247800896652,"Sigma":0.09036084681060053,"Taucorr":-5.551115123125783e-17},"EnergyVariance":{"Mean":1.0532081102713984,"Sigma":0.26695034969717946,"Taucorr":0.0},"Iteration":92},
{"Acceptance":[0.051130434782608696],"Energy":{"Mean":-14.277870748893065,"Sigma":0.09273928571053375,"Taucorr":5.551115123125783e-17},"EnergyVariance":{"Mean":1.048984044835533,"Sigma":0.22621179823317145,"Taucorr":-2.7755575615628914e-17},"Iteration":93},
{"Acceptance":[0.04591304347826087],"Energy":{"Mean":-14.613832599262512,"Sigma":0.12159715963779708,"Taucorr":-5.551115123125783e-17},"EnergyVariance":{"Mean":2.102578413777284,"Sigma":0.5873923587027823,"Taucorr":-2.7755575615628914e-17},"Iteration":94},
{"Acceptance":[0.06086956521739131],"Energy":{"Mean":-14.842750964790477,"Sigma":0.15160599618601817,"Taucorr":-1.3877787807814457e-16},"EnergyVariance":{"Mean":2.7087401194984757,"Sigma":0.9866525158730018,"Taucorr":0.0},"Iteration":95},
{"Acceptance":[0.05982608695652174],"Energy":{"Mean":-15.600797100878399,"Sigma":0.2946713361398159,"Taucorr":1.6653345369377348e-16},"EnergyVariance":{"Mean":16.120797249638912,"Sigma":3.8135435773309343,"Taucorr":5.551115123125783e-17},"Iteration":96},
{"Acceptance":[0.0657391304347826],"Energy":{"Mean":-14.823301720684862,"Sigma":0.20945636128036096,"Taucorr":-5.551115123125783e-17},"EnergyVariance":{"Mean":7.8178301658539695,"Sigma":2.758123729746416,"Taucorr":0.0},"Iteration":97},
{"Acceptance":[0.057043478260869564],"Energy":{"Mean":-14.379425233864374,"Sigma":0.0919811962220622,"Taucorr":-2.7755575615628914e-17},"EnergyVariance":{"Mean":1.3305915021865473,"Sigma":0.3708044652799241,"Taucorr":-2.7755575615628914e-17},"Iteration":98},
{"Acceptance":[0.058782608695652175],"Energy":{"Mean":-14.740345708915774,"Sigma":0.17027726968202642,"Taucorr":0.0},"EnergyVariance":{"Mean":8.071713812249149,"Sigma":3.7649483543223963,"Taucorr":0.0},"Iteration":99} 
]}
{"input": {"L": 22, "J": 1, "machine": {"type": "FFNN", "model": ["tanh", 18, 2]}, "sampler": {"type": "MetropolisHop", "d_max": 5}, "optimizer": {"type": "AdaMax", "alpha": 0.001, "beta1": 0.9, "beta2": 0.999, "epscut": 1e-07}, "VMC": {"n_samples": 100, "discarded_samples": 100, "discarded_samples_on_init": 0, "target": "energy", "method": "Gd", "diag_shift": 0.01, "use_iterative": true, "use_cholesky": true}, "n_iter": 100}}
duration: -1.1534523963928223