{"Output": [
{"Acceptance":[0.790608695652174],"Energy":{"Mean":18.389211536099044,"Sigma":0.2953403370470721,"Taucorr":5.551115123125783e-17},"EnergyVariance":{"Mean":10.375943223566157,"Sigma":1.1668218317773542,"Taucorr":0.0},"Iteration":0},
{"Acceptance":[0.6535652173913044],"Energy":{"Mean":15.04567895844326,"Sigma":0.351492872254302,"Taucorr":-2.7755575615628914e-17},"EnergyVariance":{"Mean":16.589830055686846,"Sigma":2.0471835999118246,"Taucorr":0.0},"Iteration":1},
{"Acceptance":[0.5655652173913044],"Energy":{"Mean":12.402735036520616,"Sigma":0.37132737981732633,"Taucorr":5.551115123125783e-17},"EnergyVariance":{"Mean":21.60435093323005,"Sigma":2.2857659211137755,"Taucorr":-2.7755575615628914e-17},"Iteration":2},
{"Acceptance":[0.4834782608695652],"Energy":{"Mean":10.332346383341246,"Sigma":0.4039209469885842,"Taucorr":0.0},"EnergyVariance":{"Mean":28.553871314334806,"Sigma":2.9860498315575787,"Taucorr":8.326672684688674e-17},"Iteration":3},
{"Acceptance":[0.4587826086956522],"Energy":{"Mean":7.3039632215185915,"Sigma":0.4032753681051739,"Taucorr":0.0},"EnergyVariance":{"Mean":31.389544904795954,"Sigma":3.464955295287781,"Taucorr":-2.7755575615628914e-17},"Iteration":4},
{"Acceptance":[0.40730434782608693],"Energy":{"Mean":4.327235070419555,"Sigma":0.3527564932819637,"Taucorr":-2.7755575615628914e-17},"EnergyVariance":{"Mean":22.758993884267348,"Sigma":2.5421054455493093,"Taucorr":0.0},"Iteration":5},
{"Acceptance":[0.34295652173913044],"Energy":{"Mean":1.1074195456432918,"Sigma":0.3130614168076064,"Taucorr":-5.551115123125783e-17},"EnergyVariance":{"Mean":22.10697009927184,"Sigma":2.53256353325876,"Taucorr":0.0},"Iteration":6},
{"Acceptance":[0.31026086956521737],"Energy":{"Mean":-0.18198002918436573,"Sigma":0.35485912311910006,"Taucorr":5.551115123125783e-17},"EnergyVariance":{"Mean":25.264436342437293,"Sigma":2.7900826104162726,"Taucorr":2.7755575615628914e-17},"Iteration":7},
{"Acceptance":[0.3085217391304348],"Energy":{"Mean":-2.1422267116276696,"Sigma":0.3737289827248429,"Taucorr":0.0},"EnergyVariance":{"Mean":37.78469196272374,"Sigma":3.8887198696677228,"Taucorr":0.0},"Iteration":8},
{"Acceptance":[0.2817391304347826],"Energy":{"Mean":-3.2648146556930624,"Sigma":0.38042997604450973,"Taucorr":1.3877787807814457e-16},"EnergyVariance":{"Mean":35.06227982740714,"Sigma":4.598681974070037,"Taucorr":2.7755575615628914e-17},"Iteration":9},
{"Acceptance":[0.23582608695652174],"Energy":{"Mean":-5.4278300762023495,"Sigma":0.32889397338756676,"Taucorr":0.0},"EnergyVariance":{"Mean":24.5370402563522,"Sigma":3.702471195078312,"Taucorr":0.0},"Iteration":10},
{"Acceptance":[0.20556521739130434],"Energy":{"Mean":-6.53073077460974,"Sigma":0.3715995526963374,"Taucorr":-5.551115123125783e-17},"EnergyVariance":{"Mean":27.228544334208237,"Sigma":6.813784119720367,"Taucorr":5.551115123125783e-17},"Iteration":11},
{"Acceptance":[0.2013913043478261],"Energy":{"Mean":-7.825201912335023,"Sigma":0.33067497377039584,"Taucorr":-1.1102230246251565e-16},"EnergyVariance":{"Mean":19.75242881625101,"Sigma":2.480223228487864,"Taucorr":0.0},"Iteration":12},
{"Acceptance":[0.18678260869565216],"Energy":{"Mean":-8.611237819462632,"Sigma":0.3664265411116243,"Taucorr":0.0},"EnergyVariance":{"Mean":30.89662713025735,"Sigma":4.951311396202972,"Taucorr":0.0},"Iteration":13},
{"Acceptance":[0.16104347826086957],"Energy":{"Mean":-9.593791492001404,"Sigma":0.3100280980351433,"Taucorr":0.0},"EnergyVariance":{"Mean":16.755285140850468,"Sigma":2.9526483379768913,"Taucorr":0.0},"Iteration":14},
{"Acceptance":[0.1565217391304348],"Energy":{"Mean":-10.175313152373814,"Sigma":0.2712118905905206,"Taucorr":-5.551115123125783e-17},"EnergyVariance":{"Mean":10.9339070322626,"Sigma":2.504684954708754,"Taucorr":-2.7755575615628914e-17},"Iteration":15},
{"Acceptance":[0.13495652173913045],"Energy":{"Mean":-10.534190137134738,"Sigma":0.2385763205824747,"Taucorr":0.0},"EnergyVariance":{"Mean":12.398710865068356,"Sigma":1.975428040617116,"Taucorr":-2.7755575615628914e-17},"Iteration":16},
{"Acceptance":[0.11895652173913043],"Energy":{"Mean":-11.485941633974116,"Sigma":0.31555763756090083,"Taucorr":-2.7755575615628914e-17},"EnergyVariance":{"Mean":12.529755657803062,"Sigma":2.598518135166484,"Taucorr":0.0},"Iteration":17},
{"Acceptance":[0.088],"Energy":{"Mean":-10.47238395876252,"Sigma":0.4124011836507087,"Taucorr":-2.7755575615628914e-17},"EnergyVariance":{"Mean":31.24867466448341,"Sigma":24.125088295836385,"Taucorr":-2.7755575615628914e-17},"Iteration":18},
{"Acceptance":[0.08417391304347827],"Energy":{"Mean":-10.45836756180117,"Sigma":0.4151726472784967,"Taucorr":0.0},"EnergyVariance":{"Mean":18.956701607387256,"Sigma":6.998828787766882,"Taucorr":5.551115123125783e-17},"Iteration":19},
{"Acceptance":[0.06121739130434783],"Energy":{"Mean":-10.608913095608164,"Sigma":0.15104532385943967,"Taucorr":-8.326672684688674e-17},"EnergyVariance":{"Mean":3.072180797178614,"Sigma":1.4965632304188277,"Taucorr":0.0},"Iteration":20},
{"Acceptance":[0.04695652173913043],"Energy":{"Mean":-10.60271649125453,"Sigma":0.12610337621160045,"Taucorr":1.6653345369377348e-16},"EnergyVariance":{"Mean":2.2676616677584818,"Sigma":0.8860398758653845,"Taucorr":2.7755575615628914e-17},"Iteration":21},
{"Acceptance":[0.04765217391304348],"Energy":{"Mean":-10.613941839124795,"Sigma":0.1415625564681949,"Taucorr":-2.7755575615628914e-17},"EnergyVariance":{"Mean":2.956008061323577,"Sigma":0.8607247762762202,"Taucorr":0.0},"Iteration":22},
{"Acceptance":[0.04869565217391304],"Energy":{"Mean":-10.741574339395932,"Sigma":0.17239636169551348,"Taucorr":5.551115123125783e-17},"EnergyVariance":{"Mean":3.5125661321837924,"Sigma":1.894178495967606,"Taucorr":-5.551115123125783e-17},"Iteration":23},
{"Acceptance":[0.04695652173913043],"Energy":{"Mean":-10.554912707586556,"Sigma":0.08593700925389719,"Taucorr":-2.7755575615628914e-17},"EnergyVariance":{"Mean":1.7387709135644953,"Sigma":0.94396366354323,"Taucorr":0.0},"Iteration":24},
{"Acceptance":[0.05530434782608696],"Energy":{"Mean":-10.95324086963762,"Sigma":0.2262283523473228,"Taucorr":1.1102230246251565e-16},"EnergyVariance":{"Mean":8.54087508558304,"Sigma":3.0697505603040045,"Taucorr":0.0},"Iteration":25},
{"Acceptance":[0.05321739130434783],"Energy":{"Mean":-11.86136647621578,"Sigma":0.3079487494668415,"Taucorr":5.551115123125783e-17},"EnergyVariance":{"Mean":12.847790679063657,"Sigma":4.17139703611088,"Taucorr":0.0},"Iteration":26},
{"Acceptance":[0.056],"Energy":{"Mean":-11.02979170972226,"Sigma":0.18715596916072066,"Taucorr":0.0},"EnergyVariance":{"Mean":10.851946660940678,"Sigma":4.092114221102497,"Taucorr":2.7755575615628914e-17},"Iteration":27},
{"Acceptance":[0.051130434782608696],"Energy":{"Mean":-11.451014232625019,"Sigma":0.19983661939351344,"Taucorr":1.1102230246251565e-16},"EnergyVariance":{"Mean":4.33219267240252,"Sigma":0.7705889594298334,"Taucorr":-2.7755575615628914e-17},"Iteration":28},
{"Acceptance":[0.059130434782608696],"Energy":{"Mean":-12.2622882481818,"Sigma":0.1434880125594911,"Taucorr":null},"EnergyVariance":{"Mean":2.3458201586615415,"Sigma":0.3179838093238447,"Taucorr":null},"Iteration":29},
{"Acceptance":[0.06121739130434783],"Energy":{"Mean":-11.449661320578455,"Sigma":0.14334395649912599,"Taucorr":null},"EnergyVariance":{"Mean":2.932188413384232,"Sigma":0.3099319066466689,"Taucorr":null},"Iteration":30},
{"Acceptance":[0.06782608695652174],"Energy":{"Mean":-12.940503618035123,"Sigma":0.43398236483429803,"Taucorr":null},"EnergyVariance":{"Mean":24.01176458227611,"Sigma":9.942265094060105,"Taucorr":null},"Iteration":31},
{"Acceptance":[0.06330434782608696],"Energy":{"Mean":-12.68215559060635,"Sigma":0.23231100432682095,"Taucorr":null},"EnergyVariance":{"Mean":8.434545201410465,"Sigma":1.878568035964256,"Taucorr":null},"Iteration":32},
{"Acceptance":[0.059478260869565217],"Energy":{"Mean":-12.342717564345017,"Sigma":0.14273738739641587,"Taucorr":null},"EnergyVariance":{"Mean":4.442611703048485,"Sigma":0.44801785807095873,"Taucorr":null},"Iteration":33},
{"Acceptance":[0.051130434782608696],"Energy":{"Mean":-15.028964913520541,"Sigma":0.40697878500899937,"Taucorr":-1.1102230246251565e-16},"EnergyVariance":{"Mean":19.302067163049404,"Sigma":7.329921606056305,"Taucorr":1.1102230246251565e-16},"Iteration":34},
{"Acceptance":[0.050434782608695654],"Energy":{"Mean":-14.249506824428423,"Sigma":0.12796079069783142,"Taucorr":-2.7755575615628914e-17},"EnergyVariance":{"Mean":6.704051990025269,"Sigma":4.482770408250011,"Taucorr":-5.551115123125783e-17},"Iteration":35},
{"Acceptance":[0.042782608695652175],"Energy":{"Mean":-14.118094393519062,"Sigma":0.07036607522794106,"Taucorr":7.216449660063518e-16},"EnergyVariance":{"Mean":0.5345104372727763,"Sigma":0.2287517116822989,"Taucorr":0.0},"Iteration":36},
{"Acceptance":[0.04104347826086956],"Energy":{"Mean":-14.300188350307764,"Sigma":0.1422245132071839,"Taucorr":-2.7755575615628914e-17},"EnergyVariance":{"Mean":2.9587847563514122,"Sigma":2.208208277535556,"Taucorr":1.1102230246251565e-16},"Iteration":37},
{"Acceptance":[0.024695652173913042],"Energy":{"Mean":-14.235776982013846,"Sigma":0.09516218257805406,"Taucorr":5.551115123125783e-17},"EnergyVariance":{"Mean":2.1262002605514376,"Sigma":0.41042286795290456,"Taucorr":1.1102230246251565e-16},"Iteration":38},
{"Acceptance":[0.049043478260869564],"Energy":{"Mean":-14.488392198624505,"Sigma":0.22192917622534467,"Taucorr":8.326672684688674e-17},"EnergyVariance":{"Mean":5.15398439518466,"Sigma":2.9611714577396824,"Taucorr":0.0},"Iteration":39},
{"Acceptance":[0.03930434782608696],"Energy":{"Mean":-13.04073523100865,"Sigma":0.047993961505557174,"Taucorr":null},"EnergyVariance":{"Mean":3.9121246973109347,"Sigma":0.4407809063644641,"Taucorr":null},"Iteration":40},
{"Acceptance":[0.030956521739130435],"Energy":{"Mean":-12.187723160270389,"Sigma":0.04390818802730155,"Taucorr":null},"EnergyVariance":{"Mean":6.522400358689117,"Sigma":0.08300067782003473,"Taucorr":null},"Iteration":41},
{"Acceptance":[0.022956521739130435],"Energy":{"Mean":-14.1143440550121,"Sigma":0.03368976971193039,"Taucorr":8.326672684688674e-17},"EnergyVariance":{"Mean":0.2626270893741779,"Sigma":0.15596756008033844,"Taucorr":0.0},"Iteration":42},
{"Acceptance":[0.018434782608695653],"Energy":{"Mean":-14.184817757135104,"Sigma":0.06019310730755945,"Taucorr":-1.1102230246251565e-16},"EnergyVariance":{"Mean":0.45376420720533717,"Sigma":0.19155091473273092,"Taucorr":0.0},"Iteration":43},
{"Acceptance":[0.02191304347826087],"Energy":{"Mean":-13.567394947581844,"Sigma":0.1367570138687887,"Taucorr":-4.718447854656915e-16},"EnergyVariance":{"Mean":5.251371824085745,"Sigma":1.4915165819093015,"Taucorr":0.0},"Iteration":44},
{"Acceptance":[0.029217391304347827],"Energy":{"Mean":-14.303662773757992,"Sigma":0.5696016412803483,"Taucorr":0.0},"EnergyVariance":{"Mean":43.702073011039296,"Sigma":29.579032427763426,"Taucorr":-2.7755575615628914e-17},"Iteration":45},
{"Acceptance":[0.04173913043478261],"Energy":{"Mean":-14.323505830317888,"Sigma":0.09237942887911392,"Taucorr":-4.163336342344337e-16},"EnergyVariance":{"Mean":1.043545233009874,"Sigma":0.39466717834445514,"Taucorr":0.0},"Iteration":46},
{"Acceptance":[0.035130434782608695],"Energy":{"Mean":-11.088974699523916,"Sigma":0.04979459354814135,"Taucorr":null},"EnergyVariance":{"Mean":13.397708712641201,"Sigma":2.0773043444361012,"Taucorr":null},"Iteration":47},
{"Acceptance":[0.022956521739130435],"Energy":{"Mean":-10.283092755967724,"Sigma":0.0046925863458714395,"Taucorr":null},"EnergyVariance":{"Mean":4.943067608275055,"Sigma":0.03669868106869567,"Taucorr":null},"Iteration":48},
{"Acceptance":[0.006956521739130435],"Energy":{"Mean":-739.5106370261374,"Sigma":196.96137226756383,"Taucorr":-8.326672684688674e-17},"EnergyVariance":{"Mean":8814283.950763399,"Sigma":2249833.5047664777,"Taucorr":-9.908740494779522e-15},"Iteration":49},
{"Acceptance":[0.017391304347826087],"Energy":{"Mean":3.4838976494602205,"Sigma":10.042729873876263,"Taucorr":null},"EnergyVariance":{"Mean":358409.9008481096,"Sigma":247950.13966643266,"Taucorr":null},"Iteration":50},
{"Acceptance":[0.0],"Energy":{"Mean":-9.999987260924792,"Sigma":0.0,"Taucorr":null},"EnergyVariance":{"Mean":2.1971887445403298e-10,"Sigma":0.0,"Taucorr":null},"Iteration":51},
{"Acceptance":[0.022956521739130435],"Energy":{"Mean":-12.557447697046111,"Sigma":0.01730367331488103,"Taucorr":null},"EnergyVariance":{"Mean":6.96013808258474,"Sigma":0.030521143488622678,"Taucorr":null},"Iteration":52},
{"Acceptance":[0.017739130434782608],"Energy":{"Mean":-13.9707042500897,"Sigma":0.0451139998432637,"Taucorr":1.3877787807814457e-16},"EnergyVariance":{"Mean":0.6090940017885531,"Sigma":0.286064654946254,"Taucorr":0.0},"Iteration":53},
{"Acceptance":[0.017739130434782608],"Energy":{"Mean":-13.53565514046071,"Sigma":0.15093993216386228,"Taucorr":-9.159339953157541e-16},"EnergyVariance":{"Mean":3.0839197974783708,"Sigma":0.7423348690308698,"Taucorr":-2.7755575615628914e-17},"Iteration":54},
{"Acceptance":[0.00034782608695652176],"Energy":{"Mean":-10.3180219060684,"Sigma":0.06875136832982721,"Taucorr":null},"EnergyVariance":{"Mean":14.601245107733737,"Sigma":0.5249651327883641,"Taucorr":null},"Iteration":55},
{"Acceptance":[0.0],"Energy":{"Mean":-10.804047652913969,"Sigma":0.007130254699175342,"Taucorr":null},"EnergyVariance":{"Mean":14.049735310068987,"Sigma":0.04834417896881105,"Taucorr":null},"Iteration":56},
{"Acceptance":[0.019478260869565216],"Energy":{"Mean":-14.059300481910245,"Sigma":0.021871139389605422,"Taucorr":1.609823385706477e-15},"EnergyVariance":{"Mean":0.0584707565378125,"Sigma":0.03402214193828981,"Taucorr":0.0},"Iteration":57},
{"Acceptance":[0.019130434782608695],"Energy":{"Mean":-14.007298685689939,"Sigma":0.03641932256495244,"Taucorr":6.106226635438361e-16},"EnergyVariance":{"Mean":1.3196383093728146,"Sigma":1.18376161485249,"Taucorr":0.0},"Iteration":58},
{"Acceptance":[0.017739130434782608],"Energy":{"Mean":-14.070017794933154,"Sigma":0.04432091734586598,"Taucorr":-8.326672684688674e-17},"EnergyVariance":{"Mean":1.788772619729416,"Sigma":1.4900838471560507,"Taucorr":-5.551115123125783e-17},"Iteration":59},
{"Acceptance":[0.018782608695652174],"Energy":{"Mean":-14.039952640250824,"Sigma":0.006231486729045314,"Taucorr":-4.996003610813204e-16},"EnergyVariance":{"Mean":0.012279842122811645,"Sigma":0.0019250906328279272,"Taucorr":0.0},"Iteration":60},
{"Acceptance":[0.014260869565217391],"Energy":{"Mean":-12.966151795852225,"Sigma":0.027737303504266637,"Taucorr":null},"EnergyVariance":{"Mean":1.0149772931375267,"Sigma":0.007194123276209498,"Taucorr":null},"Iteration":61},
{"Acceptance":[0.006608695652173913],"Energy":{"Mean":-12.266643187558255,"Sigma":0.05232099553348634,"Taucorr":null},"EnergyVariance":{"Mean":0.4772384574593155,"Sigma":0.07988603444961087,"Taucorr":null},"Iteration":62},
{"Acceptance":[0.005565217391304348],"Energy":{"Mean":-12.000000033399399,"Sigma":0.0,"Taucorr":null},"EnergyVariance":{"Mean":7.787147495716728e-14,"Sigma":0.0,"Taucorr":null},"Iteration":63},
{"Acceptance":[0.0],"Energy":{"Mean":-12.00000000651047,"Sigma":0.0,"Taucorr":null},"EnergyVariance":{"Mean":1.6903653737143196e-16,"Sigma":0.0,"Taucorr":null},"Iteration":64},
{"Acceptance":[0.03130434782608696],"Energy":{"Mean":-13.099332240544985,"Sigma":0.044396959730083854,"Taucorr":4.996003610813204e-16},"EnergyVariance":{"Mean":0.9924559682735185,"Sigma":0.010299586769992987,"Taucorr":1.1102230246251565e-16},"Iteration":65},
{"Acceptance":[0.014956521739130434],"Energy":{"Mean":-13.82449900798964,"Sigma":0.04931038778945951,"Taucorr":-1.942890293094024e-16},"EnergyVariance":{"Mean":0.3374792335872908,"Sigma":0.08080403225837561,"Taucorr":5.551115123125783e-17},"Iteration":66},
{"Acceptance":[0.02052173913043478],"Energy":{"Mean":-13.962568243500485,"Sigma":0.029569201703945034,"Taucorr":1.6653345369377348e-16},"EnergyVariance":{"Mean":0.09064138872840678,"Sigma":0.052848727121279956,"Taucorr":2.7755575615628914e-17},"Iteration":67},
{"Acceptance":[0.018782608695652174],"Energy":{"Mean":-13.995470623680465,"Sigma":0.007599718109160801,"Taucorr":3.0531133177191805e-16},"EnergyVariance":{"Mean":0.008909435158535262,"Sigma":0.002214365345007889,"Taucorr":-8.326672684688674e-17},"Iteration":68},
{"Acceptance":[0.0076521739130434785],"Energy":{"Mean":-13.010561121348557,"Sigma":0.005021762221695312,"Taucorr":null},"EnergyVariance":{"Mean":1.0259289270452894,"Sigma":0.01103146304418921,"Taucorr":null},"Iteration":69},
{"Acceptance":[0.0],"Energy":{"Mean":-13.10373283461443,"Sigma":0.39168582053369455,"Taucorr":null},"EnergyVariance":{"Mean":24.2103550514806,"Sigma":11.74465158961133,"Taucorr":null},"Iteration":70},
{"Acceptance":[0.0],"Energy":{"Mean":-11.987977735689462,"Sigma":0.018254813925808976,"Taucorr":null},"EnergyVariance":{"Mean":1.9855558063533472,"Sigma":0.04450400863176591,"Taucorr":null},"Iteration":71},
{"Acceptance":[0.0],"Energy":{"Mean":-11.500000000000012,"Sigma":0.0,"Taucorr":null},"EnergyVariance":{"Mean":0.7499999999999614,"Sigma":0.0,"Taucorr":null},"Iteration":72},
{"Acceptance":[0.0],"Energy":{"Mean":-11.5,"Sigma":0.0,"Taucorr":null},"EnergyVariance":{"Mean":0.75,"Sigma":0.0,"Taucorr":null},"Iteration":73},
{"Acceptance":[0.0],"Energy":{"Mean":-11.5,"Sigma":0.0,"Taucorr":null},"EnergyVariance":{"Mean":0.75,"Sigma":0.0,"Taucorr":null},"Iteration":74},
{"Acceptance":[0.022608695652173914],"Energy":{"Mean":-12.893859492131405,"Sigma":0.03726588324755923,"Taucorr":null},"EnergyVariance":{"Mean":2.9398405220924824,"Sigma":0.010141735233397352,"Taucorr":null},"Iteration":75},
{"Acceptance":[0.027478260869565216],"Energy":{"Mean":-12.733294456595775,"Sigma":0.06420581201929708,"Taucorr":null},"EnergyVariance":{"Mean":2.925935751060092,"Sigma":0.04430831019331595,"Taucorr":null},"Iteration":76},
{"Acceptance":[0.015304347826086957],"Energy":{"Mean":-13.323580621397285,"Sigma":0.07964396543104536,"Taucorr":2.7755575615628914e-17},"EnergyVariance":{"Mean":1.0212791739367202,"Sigma":0.04866820334896727,"Taucorr":-2.7755575615628914e-17},"Iteration":77},
{"Acceptance":[0.028521739130434782],"Energy":{"Mean":-13.954416054226819,"Sigma":0.03576238075227397,"Taucorr":-5.551115123125783e-16},"EnergyVariance":{"Mean":0.12865923271485202,"Sigma":0.06595694741901231,"Taucorr":0.0},"Iteration":78},
{"Acceptance":[0.02191304347826087],"Energy":{"Mean":-13.167073831397122,"Sigma":0.08455744670177635,"Taucorr":-2.7755575615628914e-17},"EnergyVariance":{"Mean":1.3560838156781816,"Sigma":0.2503698942394,"Taucorr":0.0},"Iteration":79},
{"Acceptance":[0.02365217391304348],"Energy":{"Mean":-13.554285577797188,"Sigma":0.2178913413803246,"Taucorr":8.326672684688674e-17},"EnergyVariance":{"Mean":6.853836105473242,"Sigma":5.863897737054611,"Taucorr":0.0},"Iteration":80},
{"Acceptance":[0.024],"Energy":{"Mean":-13.003000555261867,"Sigma":0.06913708866882089,"Taucorr":null},"EnergyVariance":{"Mean":1.0127254077333812,"Sigma":0.014085498527089664,"Taucorr":null},"Iteration":81},
{"Acceptance":[0.027478260869565216],"Energy":{"Mean":-13.816421629545292,"Sigma":0.05217314454747874,"Taucorr":8.049116928532385e-16},"EnergyVariance":{"Mean":0.3375035498234443,"Sigma":0.08425532697295414,"Taucorr":2.7755575615628914e-17},"Iteration":82},
{"Acceptance":[0.02782608695652174],"Energy":{"Mean":-13.668510515021962,"Sigma":0.07059335855236298,"Taucorr":1.1102230246251565e-16},"EnergyVariance":{"Mean":0.5376509895908183,"Sigma":0.09600345667949786,"Taucorr":0.0},"Iteration":83},
{"Acceptance":[0.03234782608695652],"Energy":{"Mean":-13.83390448782033,"Sigma":0.05162087649309856,"Taucorr":2.7755575615628914e-17},"EnergyVariance":{"Mean":0.2979525070009762,"Sigma":0.08678839456794556,"Taucorr":1.1102230246251565e-16},"Iteration":84},
{"Acceptance":[0.021565217391304348],"Energy":{"Mean":-13.763282154776384,"Sigma":0.06069733638519547,"Taucorr":-2.220446049250313e-16},"EnergyVariance":{"Mean":0.3890233957209438,"Sigma":0.09342006536591745,"Taucorr":0.0},"Iteration":85},
{"Acceptance":[0.014260869565217391],"Energy":{"Mean":-12.87705804052689,"Sigma":0.068248425814392,"Taucorr":null},"EnergyVariance":{"Mean":1.0789530625830768,"Sigma":0.029507170532916443,"Taucorr":null},"Iteration":86},
{"Acceptance":[0.019130434782608695],"Energy":{"Mean":-13.471095508886071,"Sigma":0.07991353241107031,"Taucorr":0.0},"EnergyVariance":{"Mean":0.7775646757849821,"Sigma":0.07411606179075252,"Taucorr":5.551115123125783e-17},"Iteration":87},
{"Acceptance":[0.02817391304347826],"Energy":{"Mean":-13.74711666956996,"Sigma":0.06934637587986758,"Taucorr":0.0},"EnergyVariance":{"Mean":2.0072803365909198,"Sigma":0.8092297468634938,"Taucorr":0.0},"Iteration":88},
{"Acceptance":[0.027130434782608695],"Energy":{"Mean":-13.511392823731775,"Sigma":0.09727964599884194,"Taucorr":-5.551115123125783e-17},"EnergyVariance":{"Mean":1.949281618466338,"Sigma":0.9622446343190131,"Taucorr":-5.551115123125783e-17},"Iteration":89},
{"Acceptance":[0.04104347826086956],"Energy":{"Mean":-13.678757606867986,"Sigma":0.07027116255347031,"Taucorr":-1.1102230246251565e-16},"EnergyVariance":{"Mean":0.5445125792217427,"Sigma":0.09593664313153602,"Taucorr":0.0},"Iteration":90},
{"Acceptance":[0.02817391304347826],"Energy":{"Mean":-13.547271111850387,"Sigma":0.08039078128861574,"Taucorr":0.0},"EnergyVariance":{"Mean":0.6793096630643334,"Sigma":0.08918806295029663,"Taucorr":5.551115123125783e-17},"Iteration":91},
{"Acceptance":[0.024695652173913042],"Energy":{"Mean":-13.841978317341788,"Sigma":0.06862448559424186,"Taucorr":3.608224830031759e-16},"EnergyVariance":{"Mean":1.7906722368699781,"Sigma":1.4847976415391706,"Taucorr":0.0},"Iteration":92},
{"Acceptance":[0.027478260869565216],"Energy":{"Mean":-13.74771355830054,"Sigma":0.05090265302641256,"Taucorr":1.6653345369377348e-16},"EnergyVariance":{"Mean":0.4206962070820458,"Sigma":0.07638704581609544,"Taucorr":0.0},"Iteration":93},
{"Acceptance":[0.029565217391304348],"Energy":{"Mean":-13.835002893323423,"Sigma":0.07544022210129105,"Taucorr":1.1102230246251565e-16},"EnergyVariance":{"Mean":0.6276018007339849,"Sigma":0.22425288982705863,"Taucorr":0.0},"Iteration":94},
{"Acceptance":[0.03269565217391304],"Energy":{"Mean":-13.969774780712672,"Sigma":0.034458953187030995,"Taucorr":-1.942890293094024e-16},"EnergyVariance":{"Mean":0.14047847683639114,"Sigma":0.0644680532343393,"Taucorr":5.551115123125783e-17},"Iteration":95},
{"Acceptance":[0.021565217391304348],"Energy":{"Mean":-13.974584899935156,"Sigma":0.027016451248853345,"Taucorr":-2.220446049250313e-16},"EnergyVariance":{"Mean":0.0751620249739403,"Sigma":0.04597227790894977,"Taucorr":5.551115123125783e-17},"Iteration":96},
{"Acceptance":[0.023304347826086955],"Energy":{"Mean":-13.92197258813699,"Sigma":0.03713452787550028,"Taucorr":-5.828670879282072e-16},"EnergyVariance":{"Mean":0.1431336807541068,"Sigma":0.06424116574723208,"Taucorr":1.1102230246251565e-16},"Iteration":97},
{"Acceptance":[0.02782608695652174],"Energy":{"Mean":-13.954873023194665,"Sigma":0.02814174216659539,"Taucorr":-8.881784197001252e-16},"EnergyVariance":{"Mean":0.08540708699432926,"Sigma":0.052902765479289855,"Taucorr":-8.326672684688674e-17},"Iteration":98},
{"Acceptance":[0.022956521739130435],"Energy":{"Mean":-13.928132919049801,"Sigma":0.03946676879042215,"Taucorr":4.996003610813204e-16},"EnergyVariance":{"Mean":0.16565070946142962,"Sigma":0.08507883114984212,"Taucorr":1.1102230246251565e-16},"Iteration":99} 
]}
{"input": {"L": 22, "J": 1, "machine": {"type": "FFNN", "model": ["tanh", 76, 5]}, "sampler": {"type": "MetropolisHop", "d_max": 5}, "optimizer": {"type": "AdaMax", "alpha": 0.001, "beta1": 0.9, "beta2": 0.999, "epscut": 1e-07}, "VMC": {"n_samples": 100, "discarded_samples": 100, "discarded_samples_on_init": 0, "target": "energy", "method": "Gd", "diag_shift": 0.01, "use_iterative": true, "use_cholesky": true}, "n_iter": 100}}
duration: -7.507569074630737