{"Output": [
{"Acceptance":[0.7965217391304348],"Energy":{"Mean":17.97315812250879,"Sigma":0.33650355543956734,"Taucorr":2.7755575615628914e-17},"EnergyVariance":{"Mean":13.673208855269014,"Sigma":1.5377289398434717,"Taucorr":0.0},"Iteration":0},
{"Acceptance":[0.6215652173913043],"Energy":{"Mean":14.126798513881726,"Sigma":0.4321419733468067,"Taucorr":0.0},"EnergyVariance":{"Mean":23.192823049885313,"Sigma":2.3835401113232924,"Taucorr":0.0},"Iteration":1},
{"Acceptance":[0.5241739130434783],"Energy":{"Mean":10.129769402729801,"Sigma":0.388006938638106,"Taucorr":5.551115123125783e-17},"EnergyVariance":{"Mean":21.858116563528657,"Sigma":2.7113766742083008,"Taucorr":-2.7755575615628914e-17},"Iteration":2},
{"Acceptance":[0.4594782608695652],"Energy":{"Mean":5.710418334939561,"Sigma":0.41206137748908117,"Taucorr":5.551115123125783e-17},"EnergyVariance":{"Mean":29.38634703321953,"Sigma":3.8309552432259637,"Taucorr":0.0},"Iteration":3},
{"Acceptance":[0.4003478260869565],"Energy":{"Mean":1.7294285622622323,"Sigma":0.3258062141839923,"Taucorr":0.0},"EnergyVariance":{"Mean":24.893111851937384,"Sigma":3.1172521133341795,"Taucorr":-5.551115123125783e-17},"Iteration":4},
{"Acceptance":[0.3561739130434783],"Energy":{"Mean":-0.36979458512443775,"Sigma":0.3958743232716566,"Taucorr":5.551115123125783e-17},"EnergyVariance":{"Mean":26.394188312673386,"Sigma":3.135873757315194,"Taucorr":-5.551115123125783e-17},"Iteration":5},
{"Acceptance":[0.31026086956521737],"Energy":{"Mean":-2.816618934470276,"Sigma":0.3580790758047357,"Taucorr":5.551115123125783e-17},"EnergyVariance":{"Mean":31.02537240916948,"Sigma":4.130027761967637,"Taucorr":-8.326672684688674e-17},"Iteration":6},
{"Acceptance":[0.23895652173913043],"Energy":{"Mean":-5.114961370435668,"Sigma":0.392382455683515,"Taucorr":-2.7755575615628914e-17},"EnergyVariance":{"Mean":36.0647471236064,"Sigma":5.164507595037298,"Taucorr":0.0},"Iteration":7},
{"Acceptance":[0.25043478260869567],"Energy":{"Mean":-6.733438290530938,"Sigma":0.38092262636623375,"Taucorr":1.1102230246251565e-16},"EnergyVariance":{"Mean":27.820764310326055,"Sigma":4.66748553658532,"Taucorr":0.0},"Iteration":8},
{"Acceptance":[0.19652173913043477],"Energy":{"Mean":-9.860091888565659,"Sigma":0.2959879506932263,"Taucorr":0.0},"EnergyVariance":{"Mean":22.648745689704235,"Sigma":4.706670102565465,"Taucorr":0.0},"Iteration":9},
{"Acceptance":[0.1471304347826087],"Energy":{"Mean":-10.925179994565873,"Sigma":0.5125931269422679,"Taucorr":0.0},"EnergyVariance":{"Mean":47.793612909957346,"Sigma":14.84717365704253,"Taucorr":0.0},"Iteration":10},
{"Acceptance":[0.05808695652173913],"Energy":{"Mean":-11.824635351168713,"Sigma":0.24917401509474127,"Taucorr":null},"EnergyVariance":{"Mean":10.203323424713844,"Sigma":1.7141857199885053,"Taucorr":null},"Iteration":11},
{"Acceptance":[0.06191304347826087],"Energy":{"Mean":-13.882358962492365,"Sigma":0.12662644812762458,"Taucorr":null},"EnergyVariance":{"Mean":2.70952986871152,"Sigma":0.519724861874563,"Taucorr":null},"Iteration":12},
{"Acceptance":[0.014608695652173913],"Energy":{"Mean":-13.165348831892386,"Sigma":0.1513932300515908,"Taucorr":null},"EnergyVariance":{"Mean":5.047143152919874,"Sigma":0.7116575922166541,"Taucorr":null},"Iteration":13},
{"Acceptance":[0.0],"Energy":{"Mean":-13.000991064763394,"Sigma":0.0,"Taucorr":null},"EnergyVariance":{"Mean":0.4995494816632018,"Sigma":0.0,"Taucorr":null},"Iteration":14},
{"Acceptance":[0.0],"Energy":{"Mean":-13.67356178277915,"Sigma":0.06853540952838194,"Taucorr":null},"EnergyVariance":{"Mean":0.8705796530327444,"Sigma":0.3110765461221107,"Taucorr":null},"Iteration":15},
{"Acceptance":[0.008],"Energy":{"Mean":-16.00000578451191,"Sigma":0.0,"Taucorr":null},"EnergyVariance":{"Mean":1.0232063599000328e-11,"Sigma":0.0,"Taucorr":null},"Iteration":16},
{"Acceptance":[0.0052173913043478265],"Energy":{"Mean":-16.55998958157403,"Sigma":0.10420472168103316,"Taucorr":null},"EnergyVariance":{"Mean":3.3622672524249126,"Sigma":0.11188437278475061,"Taucorr":null},"Iteration":17},
{"Acceptance":[0.0010434782608695651],"Energy":{"Mean":-17.998287883651976,"Sigma":0.0,"Taucorr":null},"EnergyVariance":{"Mean":8.60475588291598e-06,"Sigma":0.0,"Taucorr":null},"Iteration":18},
{"Acceptance":[0.002434782608695652],"Energy":{"Mean":-16.999715640884205,"Sigma":0.000409879116205641,"Taucorr":null},"EnergyVariance":{"Mean":3.0001772448731074,"Sigma":0.0008525356605632904,"Taucorr":null},"Iteration":19},
{"Acceptance":[0.0],"Energy":{"Mean":-18.00004567288968,"Sigma":0.0,"Taucorr":null},"EnergyVariance":{"Mean":3.117408271906576e-11,"Sigma":0.0,"Taucorr":null},"Iteration":20},
{"Acceptance":[0.004521739130434782],"Energy":{"Mean":-15.000039837827327,"Sigma":0.0,"Taucorr":null},"EnergyVariance":{"Mean":3.0002065099116293,"Sigma":0.0,"Taucorr":null},"Iteration":21},
{"Acceptance":[0.0034782608695652175],"Energy":{"Mean":-16.000000000780872,"Sigma":0.0,"Taucorr":null},"EnergyVariance":{"Mean":4.700764632071677e-19,"Sigma":0.0,"Taucorr":null},"Iteration":22},
{"Acceptance":[0.003130434782608696],"Energy":{"Mean":-17.999423792697613,"Sigma":0.00018773167724666452,"Taucorr":null},"EnergyVariance":{"Mean":5.64093855626921e-06,"Sigma":5.012405020631439e-06,"Taucorr":null},"Iteration":23},
{"Acceptance":[0.0],"Energy":{"Mean":-17.99999001323634,"Sigma":0.0,"Taucorr":null},"EnergyVariance":{"Mean":1.2497636988587899e-10,"Sigma":0.0,"Taucorr":null},"Iteration":24},
{"Acceptance":[0.0],"Energy":{"Mean":-17.999999997919492,"Sigma":0.0,"Taucorr":null},"EnergyVariance":{"Mean":4.257259618532208e-16,"Sigma":0.0,"Taucorr":null},"Iteration":25},
{"Acceptance":[0.0017391304347826088],"Energy":{"Mean":-16.75000001421806,"Sigma":0.0,"Taucorr":null},"EnergyVariance":{"Mean":0.18750000705399456,"Sigma":0.0,"Taucorr":null},"Iteration":26},
{"Acceptance":[0.0],"Energy":{"Mean":-17.250000002152362,"Sigma":0.0,"Taucorr":null},"EnergyVariance":{"Mean":0.1874999889855525,"Sigma":0.0,"Taucorr":null},"Iteration":27},
{"Acceptance":[0.006956521739130435],"Energy":{"Mean":-16.700028051215824,"Sigma":0.06298152916013952,"Taucorr":null},"EnergyVariance":{"Mean":0.9099616825335618,"Sigma":0.03778536905445823,"Taucorr":null},"Iteration":28},
{"Acceptance":[0.0],"Energy":{"Mean":-12.500000923888894,"Sigma":0.0,"Taucorr":null},"EnergyVariance":{"Mean":30.250010162778878,"Sigma":0.0,"Taucorr":null},"Iteration":29},
{"Acceptance":[0.0006956521739130435],"Energy":{"Mean":-15.751552506569267,"Sigma":0.0,"Taucorr":null},"EnergyVariance":{"Mean":5.179018458030697,"Sigma":0.0,"Taucorr":null},"Iteration":30},
{"Acceptance":[0.00591304347826087],"Energy":{"Mean":-16.251395302925967,"Sigma":0.0,"Taucorr":null},"EnergyVariance":{"Mean":9.17308433886059,"Sigma":0.0,"Taucorr":null},"Iteration":31},
{"Acceptance":[0.001391304347826087],"Energy":{"Mean":-11.499999966094563,"Sigma":0.0,"Taucorr":null},"EnergyVariance":{"Mean":6.749999694851089,"Sigma":0.0,"Taucorr":null},"Iteration":32},
{"Acceptance":[0.005565217391304348],"Energy":{"Mean":-15.319986523269561,"Sigma":0.09521807356020484,"Taucorr":null},"EnergyVariance":{"Mean":3.5375277650971055,"Sigma":0.1294952579325758,"Taucorr":null},"Iteration":33},
{"Acceptance":[0.0010434782608695651],"Energy":{"Mean":-15.99999999999983,"Sigma":0.0,"Taucorr":null},"EnergyVariance":{"Mean":4.394738484567658e-29,"Sigma":0.0,"Taucorr":null},"Iteration":34},
{"Acceptance":[0.0034782608695652175],"Energy":{"Mean":-13.520004669170794,"Sigma":0.02000454207954711,"Taucorr":null},"EnergyVariance":{"Mean":6.889641358547528,"Sigma":0.13924054142690567,"Taucorr":null},"Iteration":35},
{"Acceptance":[0.0020869565217391303],"Energy":{"Mean":-15.239922109074943,"Sigma":0.07139110734726699,"Taucorr":null},"EnergyVariance":{"Mean":0.6619721583692558,"Sigma":0.17984788619455788,"Taucorr":null},"Iteration":36},
{"Acceptance":[0.0020869565217391303],"Energy":{"Mean":-10.500000000002284,"Sigma":0.0,"Taucorr":null},"EnergyVariance":{"Mean":0.7500000000126033,"Sigma":0.0,"Taucorr":null},"Iteration":37},
{"Acceptance":[0.01008695652173913],"Energy":{"Mean":-16.75996648981208,"Sigma":0.06164079659460382,"Taucorr":null},"EnergyVariance":{"Mean":2.9423175635533783,"Sigma":0.02958519391349045,"Taucorr":null},"Iteration":38},
{"Acceptance":[0.00034782608695652176],"Energy":{"Mean":-18.0,"Sigma":0.0,"Taucorr":null},"EnergyVariance":{"Mean":8.989190518296792e-41,"Sigma":0.0,"Taucorr":null},"Iteration":39},
{"Acceptance":[0.0],"Energy":{"Mean":-17.999987541266425,"Sigma":0.0,"Taucorr":null},"EnergyVariance":{"Mean":3.111412927027508e-12,"Sigma":0.0,"Taucorr":null},"Iteration":40},
{"Acceptance":[0.0010434782608695651],"Energy":{"Mean":-12.499999997798353,"Sigma":0.0,"Taucorr":null},"EnergyVariance":{"Mean":6.749999984588475,"Sigma":0.0,"Taucorr":null},"Iteration":41},
{"Acceptance":[0.0020869565217391303],"Energy":{"Mean":-12.999999961216268,"Sigma":0.0,"Taucorr":null},"EnergyVariance":{"Mean":4.499999767297651,"Sigma":0.0,"Taucorr":null},"Iteration":42},
{"Acceptance":[0.002434782608695652],"Energy":{"Mean":-14.000000000290164,"Sigma":0.0,"Taucorr":null},"EnergyVariance":{"Mean":1.0545445464868647e-18,"Sigma":0.0,"Taucorr":null},"Iteration":43},
{"Acceptance":[0.0006956521739130435],"Energy":{"Mean":-15.839998667747267,"Sigma":0.04760931776032681,"Taucorr":null},"EnergyVariance":{"Mean":0.2943977500439581,"Sigma":0.07998339452313655,"Taucorr":null},"Iteration":44},
{"Acceptance":[0.0010434782608695651],"Energy":{"Mean":11.104035775328706,"Sigma":1.5562111839881876,"Taucorr":null},"EnergyVariance":{"Mean":20453.750626686804,"Sigma":1190.8356162016844,"Taucorr":null},"Iteration":45},
{"Acceptance":[0.0034782608695652175],"Energy":{"Mean":-14.031902063188415,"Sigma":0.027688719633483426,"Taucorr":null},"EnergyVariance":{"Mean":3.8874358755928333,"Sigma":0.057144146851981215,"Taucorr":null},"Iteration":46},
{"Acceptance":[0.00034782608695652176],"Energy":{"Mean":-14.499628815627775,"Sigma":0.0,"Taucorr":null},"EnergyVariance":{"Mean":4.251113722943396,"Sigma":0.0,"Taucorr":null},"Iteration":47},
{"Acceptance":[0.002782608695652174],"Energy":{"Mean":-16.500016053317104,"Sigma":0.0,"Taucorr":null},"EnergyVariance":{"Mean":2.7500481587442414,"Sigma":0.0,"Taucorr":null},"Iteration":48},
{"Acceptance":[0.0006956521739130435],"Energy":{"Mean":-14.999999996788521,"Sigma":0.0,"Taucorr":null},"EnergyVariance":{"Mean":0.9999999935770486,"Sigma":0.0,"Taucorr":null},"Iteration":49},
{"Acceptance":[0.0038260869565217392],"Energy":{"Mean":-13.030002071191674,"Sigma":0.08000062840387297,"Taucorr":null},"EnergyVariance":{"Mean":22.42912058574004,"Sigma":0.4965134406045955,"Taucorr":null},"Iteration":50},
{"Acceptance":[0.002434782608695652],"Energy":{"Mean":-12.879201727584247,"Sigma":0.04349103646267787,"Taucorr":null},"EnergyVariance":{"Mean":1.7253592935936077,"Sigma":0.07665071827219473,"Taucorr":null},"Iteration":51},
{"Acceptance":[0.0006956521739130435],"Energy":{"Mean":-11.5000000172621,"Sigma":0.0,"Taucorr":null},"EnergyVariance":{"Mean":6.2500000863111325,"Sigma":0.0,"Taucorr":null},"Iteration":52},
{"Acceptance":[0.009043478260869564],"Energy":{"Mean":-14.369981133975003,"Sigma":0.043582071777055184,"Taucorr":null},"EnergyVariance":{"Mean":2.353037081547137,"Sigma":0.054901223490269165,"Taucorr":null},"Iteration":53},
{"Acceptance":[0.003130434782608696],"Energy":{"Mean":-16.260004905147976,"Sigma":0.05446746403944496,"Taucorr":null},"EnergyVariance":{"Mean":0.4324071832676323,"Sigma":0.028322917181256003,"Taucorr":null},"Iteration":54},
{"Acceptance":[0.00591304347826087],"Energy":{"Mean":-13.74914787846691,"Sigma":1.766003060083343e-05,"Taucorr":null},"EnergyVariance":{"Mean":4.6853754590698315,"Sigma":4.394073805119354e-05,"Taucorr":null},"Iteration":55},
{"Acceptance":[0.003130434782608696],"Energy":{"Mean":-13.500000003131095,"Sigma":0.0,"Taucorr":null},"EnergyVariance":{"Mean":0.2500000027596789,"Sigma":0.0,"Taucorr":null},"Iteration":56},
{"Acceptance":[0.0006956521739130435],"Energy":{"Mean":-15.7485012317427,"Sigma":0.0,"Taucorr":null},"EnergyVariance":{"Mean":1.1867455046754611,"Sigma":0.0,"Taucorr":null},"Iteration":57},
{"Acceptance":[0.0006956521739130435],"Energy":{"Mean":-15.080000019051568,"Sigma":0.03741658250764364,"Taucorr":null},"EnergyVariance":{"Mean":0.9936000331040237,"Sigma":0.005986637173302361,"Taucorr":null},"Iteration":58},
{"Acceptance":[0.002782608695652174],"Energy":{"Mean":-13.49999999442418,"Sigma":0.0,"Taucorr":null},"EnergyVariance":{"Mean":6.750000016727465,"Sigma":0.0,"Taucorr":null},"Iteration":59},
{"Acceptance":[0.004521739130434782],"Energy":{"Mean":-14.000000329801749,"Sigma":0.0,"Taucorr":null},"EnergyVariance":{"Mean":5.999997450291847,"Sigma":0.0,"Taucorr":null},"Iteration":60},
{"Acceptance":[0.002434782608695652],"Energy":{"Mean":-12.000000048670927,"Sigma":5.964521856752319e-10,"Taucorr":null},"EnergyVariance":{"Mean":1.9999998535465067,"Sigma":2.3858102816104376e-09,"Taucorr":null},"Iteration":61},
{"Acceptance":[0.0041739130434782605],"Energy":{"Mean":-12.159960199182173,"Sigma":0.13101946157352032,"Taucorr":null},"EnergyVariance":{"Mean":6.054102050453585,"Sigma":0.8526867210791852,"Taucorr":null},"Iteration":62},
{"Acceptance":[0.0038260869565217392],"Energy":{"Mean":-12.660390720678533,"Sigma":0.04760956292151944,"Taucorr":null},"EnergyVariance":{"Mean":4.426229703319304,"Sigma":0.25331998852024906,"Taucorr":null},"Iteration":63},
{"Acceptance":[0.00034782608695652176],"Energy":{"Mean":-10.000000329738691,"Sigma":0.0,"Taucorr":null},"EnergyVariance":{"Mean":10.000002468996286,"Sigma":0.0,"Taucorr":null},"Iteration":64},
{"Acceptance":[0.0052173913043478265],"Energy":{"Mean":-2764512854.2275357,"Sigma":904899239.6963042,"Taucorr":null},"EnergyVariance":{"Mean":2.4140626352878394e+20,"Sigma":7.651714270712416e+19,"Taucorr":null},"Iteration":65},
{"Acceptance":[0.00034782608695652176],"Energy":{"Mean":-13.50000000247141,"Sigma":0.0,"Taucorr":null},"EnergyVariance":{"Mean":0.7499999925857694,"Sigma":0.0,"Taucorr":null},"Iteration":66},
{"Acceptance":[0.0006956521739130435],"Energy":{"Mean":-12.939582748238767,"Sigma":0.033396607412410836,"Taucorr":null},"EnergyVariance":{"Mean":6.914876189145291,"Sigma":2.162012092830511,"Taucorr":null},"Iteration":67},
{"Acceptance":[0.0020869565217391303],"Energy":{"Mean":-12.010751518196404,"Sigma":0.05115832266278986,"Taucorr":null},"EnergyVariance":{"Mean":2.7731448295375207,"Sigma":0.1015197293366625,"Taucorr":null},"Iteration":68},
{"Acceptance":[0.004869565217391304],"Energy":{"Mean":-12.159978672469865,"Sigma":0.08660390243113704,"Taucorr":null},"EnergyVariance":{"Mean":2.6944054110968185,"Sigma":0.2558252832930376,"Taucorr":null},"Iteration":69},
{"Acceptance":[0.003130434782608696],"Energy":{"Mean":-13.258112813288314,"Sigma":0.0,"Taucorr":null},"EnergyVariance":{"Mean":3.699855271995408,"Sigma":0.0,"Taucorr":null},"Iteration":70},
{"Acceptance":[0.00034782608695652176],"Energy":{"Mean":-12.619993180780211,"Sigma":0.08306107933697647,"Taucorr":null},"EnergyVariance":{"Mean":6.875581609748379,"Sigma":0.2691477071999618,"Taucorr":null},"Iteration":71},
{"Acceptance":[0.001391304347826087],"Energy":{"Mean":-11.750000000000004,"Sigma":0.0,"Taucorr":null},"EnergyVariance":{"Mean":0.18750000000000577,"Sigma":0.0,"Taucorr":null},"Iteration":72},
{"Acceptance":[0.006956521739130435],"Energy":{"Mean":-12.500000010676247,"Sigma":0.0,"Taucorr":null},"EnergyVariance":{"Mean":0.7499999949004477,"Sigma":0.0,"Taucorr":null},"Iteration":73},
{"Acceptance":[0.002434782608695652],"Energy":{"Mean":-9.000736917862014,"Sigma":0.0,"Taucorr":null},"EnergyVariance":{"Mean":13.00737155866432,"Sigma":0.0,"Taucorr":null},"Iteration":74},
{"Acceptance":[0.0],"Energy":{"Mean":-10.500000019046851,"Sigma":0.0,"Taucorr":null},"EnergyVariance":{"Mean":18.750000219284377,"Sigma":0.0,"Taucorr":null},"Iteration":75},
{"Acceptance":[0.008],"Energy":{"Mean":-13.840028078619405,"Sigma":0.04760950350865717,"Taucorr":null},"EnergyVariance":{"Mean":4.9345263331089715,"Sigma":0.2704249310275682,"Taucorr":null},"Iteration":76},
{"Acceptance":[0.003130434782608696],"Energy":{"Mean":-15.749991362078335,"Sigma":0.5148849499449848,"Taucorr":null},"EnergyVariance":{"Mean":42.65521902067515,"Sigma":22.888064164874148,"Taucorr":null},"Iteration":77},
{"Acceptance":[0.00034782608695652176],"Energy":{"Mean":-14.499999990017,"Sigma":0.0,"Taucorr":null},"EnergyVariance":{"Mean":6.75000014700189,"Sigma":0.0,"Taucorr":null},"Iteration":78},
{"Acceptance":[0.0010434782608695651],"Energy":{"Mean":-14.553399450312824,"Sigma":0.02305843442709424,"Taucorr":null},"EnergyVariance":{"Mean":9.185967373852645,"Sigma":0.11998854300660419,"Taucorr":null},"Iteration":79},
{"Acceptance":[0.004521739130434782],"Energy":{"Mean":-14.039997439148403,"Sigma":0.027686729330507306,"Taucorr":null},"EnergyVariance":{"Mean":0.07838866364561527,"Sigma":0.053154706830441815,"Taucorr":null},"Iteration":80},
{"Acceptance":[0.00034782608695652176],"Energy":{"Mean":-14.1111231937807,"Sigma":0.0,"Taucorr":null},"EnergyVariance":{"Mean":14.189780203366853,"Sigma":0.0,"Taucorr":null},"Iteration":81},
{"Acceptance":[0.0],"Energy":{"Mean":-14.021748576440945,"Sigma":0.0,"Taucorr":null},"EnergyVariance":{"Mean":13.632675858796551,"Sigma":0.0,"Taucorr":null},"Iteration":82},
{"Acceptance":[0.0],"Energy":{"Mean":-14.454533599071981,"Sigma":0.1126695881102175,"Taucorr":null},"EnergyVariance":{"Mean":95.41856728274563,"Sigma":45.15333069841765,"Taucorr":null},"Iteration":83},
{"Acceptance":[0.0034782608695652175],"Energy":{"Mean":-11.518910381065533,"Sigma":2.328269454560687,"Taucorr":null},"EnergyVariance":{"Mean":1469.7100755044564,"Sigma":675.4533928672063,"Taucorr":null},"Iteration":84},
{"Acceptance":[0.0],"Energy":{"Mean":-16.998655366920914,"Sigma":0.0,"Taucorr":null},"EnergyVariance":{"Mean":7.585834006447127e-11,"Sigma":0.0,"Taucorr":null},"Iteration":85},
{"Acceptance":[0.0],"Energy":{"Mean":-16.999843304481058,"Sigma":0.0,"Taucorr":null},"EnergyVariance":{"Mean":1.2468572068308432e-07,"Sigma":0.0,"Taucorr":null},"Iteration":86},
{"Acceptance":[0.0],"Energy":{"Mean":-17.000111192595245,"Sigma":0.0,"Taucorr":null},"EnergyVariance":{"Mean":5.0263044928318556e-09,"Sigma":0.0,"Taucorr":null},"Iteration":87},
{"Acceptance":[0.0],"Energy":{"Mean":-17.000027027887207,"Sigma":0.0,"Taucorr":null},"EnergyVariance":{"Mean":2.616974730086455e-09,"Sigma":0.0,"Taucorr":null},"Iteration":88},
{"Acceptance":[0.0],"Energy":{"Mean":-16.999966299205898,"Sigma":0.0,"Taucorr":null},"EnergyVariance":{"Mean":7.249785898963926e-11,"Sigma":0.0,"Taucorr":null},"Iteration":89},
{"Acceptance":[0.0],"Energy":{"Mean":-17.000001515986966,"Sigma":0.0,"Taucorr":null},"EnergyVariance":{"Mean":8.708847199256333e-10,"Sigma":0.0,"Taucorr":null},"Iteration":90},
{"Acceptance":[0.0],"Energy":{"Mean":-17.000033679248695,"Sigma":0.0,"Taucorr":null},"EnergyVariance":{"Mean":1.148418515524018e-10,"Sigma":0.0,"Taucorr":null},"Iteration":91},
{"Acceptance":[0.0],"Energy":{"Mean":-16.999976041263853,"Sigma":0.0,"Taucorr":null},"EnergyVariance":{"Mean":2.6807791670513366e-09,"Sigma":0.0,"Taucorr":null},"Iteration":92},
{"Acceptance":[0.0],"Energy":{"Mean":-16.99989127514858,"Sigma":0.0,"Taucorr":null},"EnergyVariance":{"Mean":1.7170568392950124e-09,"Sigma":0.0,"Taucorr":null},"Iteration":93},
{"Acceptance":[0.0],"Energy":{"Mean":-17.000018825052624,"Sigma":0.0,"Taucorr":null},"EnergyVariance":{"Mean":7.698222044699326e-08,"Sigma":0.0,"Taucorr":null},"Iteration":94},
{"Acceptance":[0.0],"Energy":{"Mean":-17.000649654252427,"Sigma":0.0,"Taucorr":null},"EnergyVariance":{"Mean":1.0403841429073609e-07,"Sigma":0.0,"Taucorr":null},"Iteration":95},
{"Acceptance":[0.0],"Energy":{"Mean":-17.001818278185993,"Sigma":0.0,"Taucorr":null},"EnergyVariance":{"Mean":4.795312099281435e-07,"Sigma":0.0,"Taucorr":null},"Iteration":96},
{"Acceptance":[0.0],"Energy":{"Mean":-17.002787260045558,"Sigma":0.0,"Taucorr":null},"EnergyVariance":{"Mean":1.861609405069475e-05,"Sigma":0.0,"Taucorr":null},"Iteration":97},
{"Acceptance":[0.0],"Energy":{"Mean":-17.001306504214387,"Sigma":0.0,"Taucorr":null},"EnergyVariance":{"Mean":0.00016619388839290527,"Sigma":0.0,"Taucorr":null},"Iteration":98},
{"Acceptance":[0.0],"Energy":{"Mean":-16.99267156558557,"Sigma":0.0,"Taucorr":null},"EnergyVariance":{"Mean":0.0008882947553190597,"Sigma":0.0,"Taucorr":null},"Iteration":99} 
]}
{"input": {"L": 22, "J": 1, "machine": {"type": "FFNN", "model": ["tanh", 89, 8]}, "sampler": {"type": "MetropolisHop", "d_max": 5}, "optimizer": {"type": "AdaMax", "alpha": 0.001, "beta1": 0.9, "beta2": 0.999, "epscut": 1e-07}, "VMC": {"n_samples": 100, "discarded_samples": 100, "discarded_samples_on_init": 0, "target": "energy", "method": "Gd", "diag_shift": 0.01, "use_iterative": true, "use_cholesky": true}, "n_iter": 100}}
duration: -14.942431688308716