{"Output": [
{"Acceptance":[0.7892173913043479],"Energy":{"Mean":17.838498088385357,"Sigma":0.41798908374309457,"Taucorr":1.1102230246251565e-16},"EnergyVariance":{"Mean":18.945465666120167,"Sigma":2.4717533176749544,"Taucorr":5.551115123125783e-17},"Iteration":0},
{"Acceptance":[0.5846956521739131],"Energy":{"Mean":12.636554779888582,"Sigma":0.4176382109388695,"Taucorr":0.0},"EnergyVariance":{"Mean":24.94192168773498,"Sigma":2.593352895156469,"Taucorr":0.0},"Iteration":1},
{"Acceptance":[0.4681739130434783],"Energy":{"Mean":7.421453921243415,"Sigma":0.48465615622227254,"Taucorr":0.0},"EnergyVariance":{"Mean":42.01108475683475,"Sigma":5.622658385261008,"Taucorr":-2.7755575615628914e-17},"Iteration":2},
{"Acceptance":[0.37634782608695655],"Energy":{"Mean":2.791973761049916,"Sigma":0.3418616744195186,"Taucorr":0.0},"EnergyVariance":{"Mean":33.25715163158344,"Sigma":4.11479388871848,"Taucorr":5.551115123125783e-17},"Iteration":3},
{"Acceptance":[0.3133913043478261],"Energy":{"Mean":-0.6156478869630169,"Sigma":0.3469996393733824,"Taucorr":-5.551115123125783e-17},"EnergyVariance":{"Mean":34.8791569086586,"Sigma":3.4951156559257712,"Taucorr":0.0},"Iteration":4},
{"Acceptance":[0.30017391304347824],"Energy":{"Mean":-4.5919640428334985,"Sigma":0.366614394221482,"Taucorr":-8.326672684688674e-17},"EnergyVariance":{"Mean":29.554172738606074,"Sigma":5.14100011152407,"Taucorr":-2.7755575615628914e-17},"Iteration":5},
{"Acceptance":[0.2591304347826087],"Energy":{"Mean":-7.11051117876241,"Sigma":0.3649002888222104,"Taucorr":0.0},"EnergyVariance":{"Mean":29.06692585142631,"Sigma":4.839882735780925,"Taucorr":0.0},"Iteration":6},
{"Acceptance":[0.23965217391304347],"Energy":{"Mean":-9.611878219140074,"Sigma":0.33399290419296307,"Taucorr":0.0},"EnergyVariance":{"Mean":19.904261991238425,"Sigma":2.4527525710734257,"Taucorr":-1.3877787807814457e-16},"Iteration":7},
{"Acceptance":[0.2368695652173913],"Energy":{"Mean":-10.993494812207924,"Sigma":0.4296678732138905,"Taucorr":-2.7755575615628914e-17},"EnergyVariance":{"Mean":33.62973037464056,"Sigma":6.335537461345738,"Taucorr":0.0},"Iteration":8},
{"Acceptance":[0.20939130434782607],"Energy":{"Mean":-11.76682790433785,"Sigma":0.38734053879840086,"Taucorr":5.551115123125783e-17},"EnergyVariance":{"Mean":25.457255186143072,"Sigma":3.4059223216722065,"Taucorr":5.551115123125783e-17},"Iteration":9},
{"Acceptance":[0.19895652173913045],"Energy":{"Mean":-13.318156840230111,"Sigma":0.3590141309101429,"Taucorr":0.0},"EnergyVariance":{"Mean":25.77139933667422,"Sigma":6.2098102432152995,"Taucorr":5.551115123125783e-17},"Iteration":10},
{"Acceptance":[0.18121739130434783],"Energy":{"Mean":-13.14729670934264,"Sigma":0.30359186513414327,"Taucorr":0.0},"EnergyVariance":{"Mean":13.993412836529654,"Sigma":3.315262230290287,"Taucorr":0.0},"Iteration":11},
{"Acceptance":[0.15408695652173912],"Energy":{"Mean":-15.25354827509366,"Sigma":0.3445548430112595,"Taucorr":2.7755575615628914e-17},"EnergyVariance":{"Mean":17.640829420529272,"Sigma":3.6393147349435937,"Taucorr":0.0},"Iteration":12},
{"Acceptance":[0.15339130434782608],"Energy":{"Mean":-15.077575172047364,"Sigma":0.349945441089377,"Taucorr":0.0},"EnergyVariance":{"Mean":20.493945013545705,"Sigma":5.466429081847475,"Taucorr":-2.7755575615628914e-17},"Iteration":13},
{"Acceptance":[0.16417391304347825],"Energy":{"Mean":-16.106436161021346,"Sigma":0.34766943667918193,"Taucorr":-8.326672684688674e-17},"EnergyVariance":{"Mean":17.538376892160763,"Sigma":2.8975967936681566,"Taucorr":0.0},"Iteration":14},
{"Acceptance":[0.13808695652173913],"Energy":{"Mean":-15.39135535438033,"Sigma":0.3982259528189866,"Taucorr":8.326672684688674e-17},"EnergyVariance":{"Mean":22.32886816403166,"Sigma":7.228365383817251,"Taucorr":-2.7755575615628914e-17},"Iteration":15},
{"Acceptance":[0.14608695652173914],"Energy":{"Mean":-15.791370755646954,"Sigma":0.32740714086328826,"Taucorr":-5.551115123125783e-17},"EnergyVariance":{"Mean":16.404283968063538,"Sigma":5.156610611124079,"Taucorr":0.0},"Iteration":16},
{"Acceptance":[0.1102608695652174],"Energy":{"Mean":-16.13991175377999,"Sigma":0.4037653423755709,"Taucorr":2.7755575615628914e-17},"EnergyVariance":{"Mean":19.605486752529295,"Sigma":9.171675088094206,"Taucorr":0.0},"Iteration":17},
{"Acceptance":[0.10747826086956522],"Energy":{"Mean":-17.051234246325762,"Sigma":0.23560213552551257,"Taucorr":5.551115123125783e-17},"EnergyVariance":{"Mean":7.9003847582217235,"Sigma":0.9095850557457036,"Taucorr":0.0},"Iteration":18},
{"Acceptance":[0.07965217391304348],"Energy":{"Mean":-16.70820075799826,"Sigma":0.2036178958824994,"Taucorr":1.1102230246251565e-16},"EnergyVariance":{"Mean":6.497573417949031,"Sigma":0.6568168558699633,"Taucorr":-2.7755575615628914e-17},"Iteration":19},
{"Acceptance":[0.0768695652173913],"Energy":{"Mean":-16.97200180350564,"Sigma":0.2400829945567434,"Taucorr":-1.1102230246251565e-16},"EnergyVariance":{"Mean":6.991368482783743,"Sigma":1.0918398317890865,"Taucorr":0.0},"Iteration":20},
{"Acceptance":[0.06643478260869565],"Energy":{"Mean":-17.973242334107812,"Sigma":0.5342741516300985,"Taucorr":8.326672684688674e-17},"EnergyVariance":{"Mean":30.978029389474706,"Sigma":17.0780588489882,"Taucorr":0.0},"Iteration":21},
{"Acceptance":[0.07130434782608695],"Energy":{"Mean":-17.349938883449973,"Sigma":0.359430711696368,"Taucorr":5.551115123125783e-17},"EnergyVariance":{"Mean":20.990917104630107,"Sigma":11.53219245461353,"Taucorr":1.1102230246251565e-16},"Iteration":22},
{"Acceptance":[0.06156521739130435],"Energy":{"Mean":-18.091622018167712,"Sigma":0.24436953579590576,"Taucorr":-2.7755575615628914e-17},"EnergyVariance":{"Mean":8.306943313059119,"Sigma":2.9637548870709347,"Taucorr":-5.551115123125783e-17},"Iteration":23},
{"Acceptance":[0.058434782608695654],"Energy":{"Mean":-17.746162587892083,"Sigma":0.24515455653721963,"Taucorr":2.7755575615628914e-17},"EnergyVariance":{"Mean":7.229918720567787,"Sigma":1.9581783996740876,"Taucorr":0.0},"Iteration":24},
{"Acceptance":[0.05182608695652174],"Energy":{"Mean":-17.98241343534269,"Sigma":0.1662306456697201,"Taucorr":2.7755575615628914e-17},"EnergyVariance":{"Mean":4.051007965898144,"Sigma":0.6516885921918214,"Taucorr":0.0},"Iteration":25},
{"Acceptance":[0.050782608695652175],"Energy":{"Mean":-19.133790284415266,"Sigma":0.5793917747289734,"Taucorr":8.326672684688674e-17},"EnergyVariance":{"Mean":38.14861609752894,"Sigma":15.476371705503185,"Taucorr":5.551115123125783e-17},"Iteration":26},
{"Acceptance":[0.04660869565217391],"Energy":{"Mean":-18.921033941110878,"Sigma":0.39817550923104034,"Taucorr":2.7755575615628914e-17},"EnergyVariance":{"Mean":19.140865318065334,"Sigma":8.586494493436613,"Taucorr":0.0},"Iteration":27},
{"Acceptance":[0.03756521739130435],"Energy":{"Mean":-17.471036392503137,"Sigma":0.384651836561097,"Taucorr":-1.3877787807814457e-16},"EnergyVariance":{"Mean":193.31104691313658,"Sigma":139.8581987229394,"Taucorr":-5.551115123125783e-17},"Iteration":28},
{"Acceptance":[0.04104347826086956],"Energy":{"Mean":-18.770158589415608,"Sigma":0.34334699173685446,"Taucorr":-2.7755575615628914e-17},"EnergyVariance":{"Mean":12.31915992851838,"Sigma":6.7293949446458186,"Taucorr":0.0},"Iteration":29},
{"Acceptance":[0.04591304347826087],"Energy":{"Mean":-18.401364609519206,"Sigma":0.1533110422313036,"Taucorr":1.3877787807814457e-16},"EnergyVariance":{"Mean":3.339581288621582,"Sigma":1.9920455702444912,"Taucorr":-5.551115123125783e-17},"Iteration":30},
{"Acceptance":[0.029217391304347827],"Energy":{"Mean":-18.054907426978964,"Sigma":0.23369411201685347,"Taucorr":5.551115123125783e-17},"EnergyVariance":{"Mean":5.543253521460931,"Sigma":1.9699835637987697,"Taucorr":5.551115123125783e-17},"Iteration":31},
{"Acceptance":[0.04973913043478261],"Energy":{"Mean":-18.551884473889878,"Sigma":0.3326391888858853,"Taucorr":5.551115123125783e-17},"EnergyVariance":{"Mean":12.394478309385931,"Sigma":7.530362982513993,"Taucorr":-2.7755575615628914e-17},"Iteration":32},
{"Acceptance":[0.051130434782608696],"Energy":{"Mean":-17.881808538918012,"Sigma":0.13068813377322064,"Taucorr":2.7755575615628914e-17},"EnergyVariance":{"Mean":2.203573933018234,"Sigma":0.34059920088671963,"Taucorr":0.0},"Iteration":33},
{"Acceptance":[0.036869565217391306],"Energy":{"Mean":-18.79311117082824,"Sigma":0.1176956862158401,"Taucorr":0.0},"EnergyVariance":{"Mean":1.7379837225418253,"Sigma":0.35950718429025813,"Taucorr":-5.551115123125783e-17},"Iteration":34},
{"Acceptance":[0.03895652173913043],"Energy":{"Mean":-18.182244387440072,"Sigma":0.10125532103658706,"Taucorr":5.551115123125783e-17},"EnergyVariance":{"Mean":1.766160512992003,"Sigma":0.36342213532823103,"Taucorr":0.0},"Iteration":35},
{"Acceptance":[0.03930434782608696],"Energy":{"Mean":-18.126313817801453,"Sigma":0.15584254833741104,"Taucorr":1.1102230246251565e-16},"EnergyVariance":{"Mean":2.810241181563895,"Sigma":0.7874103628534193,"Taucorr":-5.551115123125783e-17},"Iteration":36},
{"Acceptance":[0.036521739130434785],"Energy":{"Mean":-18.406815173589987,"Sigma":0.1936346981397543,"Taucorr":5.551115123125783e-17},"EnergyVariance":{"Mean":4.50801751319643,"Sigma":2.538567583731355,"Taucorr":-5.551115123125783e-17},"Iteration":37},
{"Acceptance":[0.03930434782608696],"Energy":{"Mean":-17.77714575587975,"Sigma":0.15441140573447099,"Taucorr":1.3877787807814457e-16},"EnergyVariance":{"Mean":67.1202486760495,"Sigma":35.44080761711176,"Taucorr":-8.326672684688674e-17},"Iteration":38},
{"Acceptance":[0.03304347826086956],"Energy":{"Mean":-18.37956982390216,"Sigma":0.10301973086319492,"Taucorr":0.0},"EnergyVariance":{"Mean":1.1480272322228575,"Sigma":0.16116304346287855,"Taucorr":0.0},"Iteration":39},
{"Acceptance":[0.04104347826086956],"Energy":{"Mean":-18.65714295395739,"Sigma":0.21402140127939168,"Taucorr":1.1102230246251565e-16},"EnergyVariance":{"Mean":5.935308854647079,"Sigma":4.206463314473919,"Taucorr":0.0},"Iteration":40},
{"Acceptance":[0.044869565217391306],"Energy":{"Mean":-19.30914509461688,"Sigma":0.7441452611749798,"Taucorr":-2.7755575615628914e-17},"EnergyVariance":{"Mean":63.27208374542243,"Sigma":37.15300915163754,"Taucorr":-2.7755575615628914e-17},"Iteration":41},
{"Acceptance":[0.042782608695652175],"Energy":{"Mean":-18.875292574774093,"Sigma":0.41320405439081676,"Taucorr":1.1102230246251565e-16},"EnergyVariance":{"Mean":18.985992058640463,"Sigma":17.427065597111504,"Taucorr":0.0},"Iteration":42},
{"Acceptance":[0.05286956521739131],"Energy":{"Mean":-18.324242996058835,"Sigma":0.11403008393845666,"Taucorr":-1.1102230246251565e-16},"EnergyVariance":{"Mean":1.425659286202118,"Sigma":0.2856857847525352,"Taucorr":5.551115123125783e-17},"Iteration":43},
{"Acceptance":[0.034782608695652174],"Energy":{"Mean":-18.932939717791324,"Sigma":0.11417095454714715,"Taucorr":5.551115123125783e-17},"EnergyVariance":{"Mean":1.4530216768503763,"Sigma":0.22304592073699103,"Taucorr":-5.551115123125783e-17},"Iteration":44},
{"Acceptance":[0.041391304347826084],"Energy":{"Mean":-18.66106507613939,"Sigma":0.45706854227150634,"Taucorr":-5.551115123125783e-17},"EnergyVariance":{"Mean":43.355851926860524,"Sigma":19.212581632889584,"Taucorr":1.1102230246251565e-16},"Iteration":45},
{"Acceptance":[0.04765217391304348],"Energy":{"Mean":-18.74152857090194,"Sigma":0.34147653513399273,"Taucorr":-2.7755575615628914e-17},"EnergyVariance":{"Mean":15.563738021959923,"Sigma":8.82171874602359,"Taucorr":0.0},"Iteration":46},
{"Acceptance":[0.048],"Energy":{"Mean":-18.48407753936589,"Sigma":0.13715465998468884,"Taucorr":-1.1102230246251565e-16},"EnergyVariance":{"Mean":2.142144252179254,"Sigma":0.4919400801107859,"Taucorr":0.0},"Iteration":47},
{"Acceptance":[0.057391304347826085],"Energy":{"Mean":-18.500253576553895,"Sigma":0.10288311966142662,"Taucorr":2.7755575615628914e-17},"EnergyVariance":{"Mean":1.2271308455359615,"Sigma":0.21523803990097873,"Taucorr":0.0},"Iteration":48},
{"Acceptance":[0.056],"Energy":{"Mean":-18.47173223587181,"Sigma":0.22561068609007706,"Taucorr":1.1102230246251565e-16},"EnergyVariance":{"Mean":12.971210474155058,"Sigma":5.544530735631881,"Taucorr":-2.7755575615628914e-17},"Iteration":49},
{"Acceptance":[0.058782608695652175],"Energy":{"Mean":-18.713263777010823,"Sigma":0.1778952108744359,"Taucorr":5.551115123125783e-17},"EnergyVariance":{"Mean":3.4985330058245823,"Sigma":2.1421262114803774,"Taucorr":-1.1102230246251565e-16},"Iteration":50},
{"Acceptance":[0.057043478260869564],"Energy":{"Mean":-18.62975819584229,"Sigma":0.2715920871171275,"Taucorr":2.7755575615628914e-17},"EnergyVariance":{"Mean":34.262137494719155,"Sigma":29.025695764392374,"Taucorr":5.551115123125783e-17},"Iteration":51},
{"Acceptance":[0.051478260869565216],"Energy":{"Mean":-19.021940317492334,"Sigma":0.204214493048771,"Taucorr":1.942890293094024e-16},"EnergyVariance":{"Mean":8.958491054574711,"Sigma":4.42619092220107,"Taucorr":-8.326672684688674e-17},"Iteration":52},
{"Acceptance":[0.05426086956521739],"Energy":{"Mean":-18.622580577381946,"Sigma":0.12412739782798476,"Taucorr":5.551115123125783e-17},"EnergyVariance":{"Mean":1.729377558579786,"Sigma":0.3480263840779469,"Taucorr":0.0},"Iteration":53},
{"Acceptance":[0.051130434782608696],"Energy":{"Mean":-18.93681061164698,"Sigma":0.19092850873514267,"Taucorr":2.7755575615628914e-17},"EnergyVariance":{"Mean":3.8163863992474045,"Sigma":2.6706327318334995,"Taucorr":5.551115123125783e-17},"Iteration":54},
{"Acceptance":[0.05321739130434783],"Energy":{"Mean":-20.803199264947736,"Sigma":0.9781397507272906,"Taucorr":-5.551115123125783e-17},"EnergyVariance":{"Mean":106.78978965265023,"Sigma":51.853436270617046,"Taucorr":0.0},"Iteration":55},
{"Acceptance":[0.05286956521739131],"Energy":{"Mean":-18.49732059266887,"Sigma":0.12793090946082117,"Taucorr":-1.942890293094024e-16},"EnergyVariance":{"Mean":1.7387468703179016,"Sigma":0.36378732971942457,"Taucorr":-2.7755575615628914e-17},"Iteration":56},
{"Acceptance":[0.04973913043478261],"Energy":{"Mean":-18.824723744079943,"Sigma":0.19235890142043788,"Taucorr":5.551115123125783e-17},"EnergyVariance":{"Mean":3.7810450625982566,"Sigma":2.413171117154922,"Taucorr":5.551115123125783e-17},"Iteration":57},
{"Acceptance":[0.0768695652173913],"Energy":{"Mean":-18.901689669034624,"Sigma":0.12714393768852947,"Taucorr":-1.1102230246251565e-16},"EnergyVariance":{"Mean":1.7743039023422191,"Sigma":0.3285068174633981,"Taucorr":0.0},"Iteration":58},
{"Acceptance":[0.06782608695652174],"Energy":{"Mean":-18.67440014781711,"Sigma":0.12752650205932958,"Taucorr":-5.551115123125783e-17},"EnergyVariance":{"Mean":1.7985455462174769,"Sigma":0.33389461199175013,"Taucorr":5.551115123125783e-17},"Iteration":59},
{"Acceptance":[0.06017391304347826],"Energy":{"Mean":-19.37673711034925,"Sigma":0.43476030096492385,"Taucorr":5.551115123125783e-17},"EnergyVariance":{"Mean":18.766669370304903,"Sigma":11.44796245572937,"Taucorr":-5.551115123125783e-17},"Iteration":60},
{"Acceptance":[0.052521739130434786],"Energy":{"Mean":-18.828594328804034,"Sigma":0.11304291732881737,"Taucorr":0.0},"EnergyVariance":{"Mean":1.4261093615509697,"Sigma":0.2383212183178626,"Taucorr":0.0},"Iteration":61},
{"Acceptance":[0.0657391304347826],"Energy":{"Mean":-19.15314363465533,"Sigma":0.3761732801768595,"Taucorr":-2.7755575615628914e-17},"EnergyVariance":{"Mean":15.223601412719745,"Sigma":4.875764179755461,"Taucorr":5.551115123125783e-17},"Iteration":62},
{"Acceptance":[0.0768695652173913],"Energy":{"Mean":-19.526354192228432,"Sigma":0.4577026149756812,"Taucorr":5.551115123125783e-17},"EnergyVariance":{"Mean":23.944354466816158,"Sigma":9.48521128951299,"Taucorr":-2.7755575615628914e-17},"Iteration":63},
{"Acceptance":[0.06886956521739131],"Energy":{"Mean":-19.115213288377703,"Sigma":0.19043931722009347,"Taucorr":-8.326672684688674e-17},"EnergyVariance":{"Mean":4.186681441142758,"Sigma":1.7296111501395446,"Taucorr":2.7755575615628914e-17},"Iteration":64},
{"Acceptance":[0.06643478260869565],"Energy":{"Mean":-18.018836435958104,"Sigma":1.1041979684312573,"Taucorr":1.1102230246251565e-16},"EnergyVariance":{"Mean":157.244750833893,"Sigma":150.240055574147,"Taucorr":5.551115123125783e-17},"Iteration":65},
{"Acceptance":[0.06469565217391304],"Energy":{"Mean":-18.937066484581614,"Sigma":0.20667361324924188,"Taucorr":5.551115123125783e-17},"EnergyVariance":{"Mean":5.495847158361556,"Sigma":1.9726412416805896,"Taucorr":5.551115123125783e-17},"Iteration":66},
{"Acceptance":[0.05982608695652174],"Energy":{"Mean":-18.978497035554902,"Sigma":0.13471227702383018,"Taucorr":-2.7755575615628914e-17},"EnergyVariance":{"Mean":1.8832070270009726,"Sigma":0.35244605228071374,"Taucorr":0.0},"Iteration":67},
{"Acceptance":[0.064],"Energy":{"Mean":-18.47621460036082,"Sigma":0.15363393612898044,"Taucorr":-5.551115123125783e-17},"EnergyVariance":{"Mean":2.459049533865465,"Sigma":0.3486917390491178,"Taucorr":0.0},"Iteration":68},
{"Acceptance":[0.0657391304347826],"Energy":{"Mean":-18.640347748710486,"Sigma":0.16632537348776485,"Taucorr":-5.551115123125783e-17},"EnergyVariance":{"Mean":3.1746648340186376,"Sigma":0.7802575418464991,"Taucorr":0.0},"Iteration":69},
{"Acceptance":[0.07269565217391305],"Energy":{"Mean":-18.9093391552624,"Sigma":0.16924180944506037,"Taucorr":5.551115123125783e-17},"EnergyVariance":{"Mean":2.9212342847659842,"Sigma":0.5204393377338511,"Taucorr":0.0},"Iteration":70},
{"Acceptance":[0.07234782608695652],"Energy":{"Mean":-23.616788395339128,"Sigma":1.3162206264508276,"Taucorr":0.0},"EnergyVariance":{"Mean":219.88230132289334,"Sigma":55.26517824760118,"Taucorr":0.0},"Iteration":71},
{"Acceptance":[0.07582608695652174],"Energy":{"Mean":-19.55830536272117,"Sigma":0.40702253849685643,"Taucorr":-5.551115123125783e-17},"EnergyVariance":{"Mean":17.883782061519586,"Sigma":10.508380204825109,"Taucorr":0.0},"Iteration":72},
{"Acceptance":[0.08243478260869565],"Energy":{"Mean":-19.255818628485667,"Sigma":0.31615920244917595,"Taucorr":5.551115123125783e-17},"EnergyVariance":{"Mean":14.400535803029136,"Sigma":4.2402801183430086,"Taucorr":0.0},"Iteration":73},
{"Acceptance":[0.08],"Energy":{"Mean":-18.599526547204626,"Sigma":0.16478775724630243,"Taucorr":0.0},"EnergyVariance":{"Mean":4.499465198007228,"Sigma":1.8958906771616415,"Taucorr":0.0},"Iteration":74},
{"Acceptance":[0.07304347826086957],"Energy":{"Mean":-17.991761889131787,"Sigma":0.23190709448081345,"Taucorr":1.1102230246251565e-16},"EnergyVariance":{"Mean":5.540672852411248,"Sigma":0.8397318587486061,"Taucorr":0.0},"Iteration":75},
{"Acceptance":[0.07130434782608695],"Energy":{"Mean":-18.77934368019361,"Sigma":0.20978555919599776,"Taucorr":1.1102230246251565e-16},"EnergyVariance":{"Mean":4.689801217757708,"Sigma":1.8137208525235455,"Taucorr":-2.7755575615628914e-17},"Iteration":76},
{"Acceptance":[0.059478260869565217],"Energy":{"Mean":-18.939316689057073,"Sigma":0.1537258567796738,"Taucorr":5.551115123125783e-17},"EnergyVariance":{"Mean":2.3109248080687537,"Sigma":0.5685901079526849,"Taucorr":8.326672684688674e-17},"Iteration":77},
{"Acceptance":[0.07304347826086957],"Energy":{"Mean":-18.63650710781931,"Sigma":0.41232999546399424,"Taucorr":-2.7755575615628914e-17},"EnergyVariance":{"Mean":17.65336732876683,"Sigma":14.117929642570195,"Taucorr":0.0},"Iteration":78},
{"Acceptance":[0.07617391304347826],"Energy":{"Mean":-19.759417064551727,"Sigma":0.4312678061311598,"Taucorr":-8.326672684688674e-17},"EnergyVariance":{"Mean":19.609833342949813,"Sigma":9.023147645867583,"Taucorr":-2.7755575615628914e-17},"Iteration":79},
{"Acceptance":[0.07304347826086957],"Energy":{"Mean":-19.087111830809615,"Sigma":0.1696051728900291,"Taucorr":1.1102230246251565e-16},"EnergyVariance":{"Mean":3.380388984372995,"Sigma":0.8549036833332432,"Taucorr":-2.7755575615628914e-17},"Iteration":80},
{"Acceptance":[0.0657391304347826],"Energy":{"Mean":-18.976236239458437,"Sigma":0.13664525663958363,"Taucorr":-5.551115123125783e-17},"EnergyVariance":{"Mean":2.023185767254094,"Sigma":0.5920849097151408,"Taucorr":-5.551115123125783e-17},"Iteration":81},
{"Acceptance":[0.057391304347826085],"Energy":{"Mean":-19.44455625411153,"Sigma":0.3805112281680851,"Taucorr":5.551115123125783e-17},"EnergyVariance":{"Mean":16.82255490343756,"Sigma":10.38697838713677,"Taucorr":5.551115123125783e-17},"Iteration":82},
{"Acceptance":[0.06121739130434783],"Energy":{"Mean":-19.27423574772959,"Sigma":0.23880377121350962,"Taucorr":5.551115123125783e-17},"EnergyVariance":{"Mean":8.070752703433989,"Sigma":3.389483091704178,"Taucorr":5.551115123125783e-17},"Iteration":83},
{"Acceptance":[0.043130434782608695],"Energy":{"Mean":-18.263531679018083,"Sigma":0.11254141902089727,"Taucorr":0.0},"EnergyVariance":{"Mean":1.4685585006535247,"Sigma":0.2726713077538801,"Taucorr":0.0},"Iteration":84},
{"Acceptance":[0.060521739130434786],"Energy":{"Mean":-20.447759466991837,"Sigma":0.5122642023630904,"Taucorr":2.7755575615628914e-17},"EnergyVariance":{"Mean":29.629690635683502,"Sigma":12.854950152510373,"Taucorr":5.551115123125783e-17},"Iteration":85},
{"Acceptance":[0.064],"Energy":{"Mean":-18.288719330945007,"Sigma":0.16975363466740928,"Taucorr":5.551115123125783e-17},"EnergyVariance":{"Mean":3.649978182078842,"Sigma":0.4938066187566609,"Taucorr":-2.7755575615628914e-17},"Iteration":86},
{"Acceptance":[0.06260869565217392],"Energy":{"Mean":-19.153911468062326,"Sigma":0.21322279918127207,"Taucorr":-1.3877787807814457e-16},"EnergyVariance":{"Mean":8.402614783098805,"Sigma":3.0678338230458917,"Taucorr":-5.551115123125783e-17},"Iteration":87},
{"Acceptance":[0.051130434782608696],"Energy":{"Mean":-19.01152903623387,"Sigma":0.28533357430461687,"Taucorr":0.0},"EnergyVariance":{"Mean":8.152490682578566,"Sigma":2.866210938777387,"Taucorr":-2.7755575615628914e-17},"Iteration":88},
{"Acceptance":[0.05982608695652174],"Energy":{"Mean":-19.027181057759584,"Sigma":0.1932439807298017,"Taucorr":2.7755575615628914e-17},"EnergyVariance":{"Mean":3.765601450416143,"Sigma":1.4837192226984337,"Taucorr":2.7755575615628914e-17},"Iteration":89},
{"Acceptance":[0.058782608695652175],"Energy":{"Mean":-18.77498003032473,"Sigma":0.23580878827681692,"Taucorr":-5.551115123125783e-17},"EnergyVariance":{"Mean":6.106466941703998,"Sigma":2.0568505961306602,"Taucorr":-5.551115123125783e-17},"Iteration":90},
{"Acceptance":[0.06713043478260869],"Energy":{"Mean":-18.84513043778918,"Sigma":0.34355018172230106,"Taucorr":5.551115123125783e-17},"EnergyVariance":{"Mean":21.568665972500085,"Sigma":13.103090832251931,"Taucorr":-2.7755575615628914e-17},"Iteration":91},
{"Acceptance":[0.07617391304347826],"Energy":{"Mean":-19.446309265917144,"Sigma":0.3852450837014591,"Taucorr":-2.7755575615628914e-17},"EnergyVariance":{"Mean":15.133756799374567,"Sigma":6.7682289629743115,"Taucorr":5.551115123125783e-17},"Iteration":92},
{"Acceptance":[0.06226086956521739],"Energy":{"Mean":-18.757104897133114,"Sigma":0.19835407804883817,"Taucorr":-2.7755575615628914e-17},"EnergyVariance":{"Mean":5.586827740750342,"Sigma":2.0979353929607063,"Taucorr":0.0},"Iteration":93},
{"Acceptance":[0.05808695652173913],"Energy":{"Mean":-18.917600415684667,"Sigma":0.24730153293840978,"Taucorr":-1.1102230246251565e-16},"EnergyVariance":{"Mean":7.978108636930095,"Sigma":2.759223989548323,"Taucorr":0.0},"Iteration":94},
{"Acceptance":[0.06852173913043479],"Energy":{"Mean":-20.915634554461597,"Sigma":1.21633128718219,"Taucorr":0.0},"EnergyVariance":{"Mean":173.66206189668134,"Sigma":114.73420957785447,"Taucorr":5.551115123125783e-17},"Iteration":95},
{"Acceptance":[0.07095652173913043],"Energy":{"Mean":-19.36044865200388,"Sigma":0.24813295365898438,"Taucorr":5.551115123125783e-17},"EnergyVariance":{"Mean":7.495087030279682,"Sigma":2.0590139047127973,"Taucorr":0.0},"Iteration":96},
{"Acceptance":[0.06886956521739131],"Energy":{"Mean":-19.433772086310157,"Sigma":0.39929451741133276,"Taucorr":5.551115123125783e-17},"EnergyVariance":{"Mean":16.970446657137238,"Sigma":5.400078857513799,"Taucorr":0.0},"Iteration":97},
{"Acceptance":[0.06330434782608696],"Energy":{"Mean":-18.88624774557767,"Sigma":0.40227275772146254,"Taucorr":2.7755575615628914e-17},"EnergyVariance":{"Mean":15.839597968445458,"Sigma":12.729941169180295,"Taucorr":-2.7755575615628914e-17},"Iteration":98},
{"Acceptance":[0.06678260869565217],"Energy":{"Mean":-18.681228588401396,"Sigma":0.16397535838509014,"Taucorr":2.7755575615628914e-17},"EnergyVariance":{"Mean":2.7285742420022743,"Sigma":0.5143634025572499,"Taucorr":5.551115123125783e-17},"Iteration":99} 
]}
{"input": {"L": 22, "J": 1, "machine": {"type": "FFNN", "model": ["tanh", 99, 3]}, "sampler": {"type": "MetropolisHop", "d_max": 5}, "optimizer": {"type": "AdaMax", "alpha": 0.001, "beta1": 0.9, "beta2": 0.999, "epscut": 1e-07}, "VMC": {"n_samples": 100, "discarded_samples": 100, "discarded_samples_on_init": 0, "target": "energy", "method": "Gd", "diag_shift": 0.01, "use_iterative": true, "use_cholesky": true}, "n_iter": 100}}
duration: -5.731796503067017