{"Output": [
{"Acceptance":[0.7822608695652173],"Energy":{"Mean":17.527402032329235,"Sigma":0.38425032357246913,"Taucorr":-5.551115123125783e-17},"EnergyVariance":{"Mean":16.828410742186932,"Sigma":1.7230658793012998,"Taucorr":0.0},"Iteration":0},
{"Acceptance":[0.5467826086956522],"Energy":{"Mean":12.48208048361478,"Sigma":0.48361253633801593,"Taucorr":0.0},"EnergyVariance":{"Mean":35.45335232186357,"Sigma":3.906260121849207,"Taucorr":-2.7755575615628914e-17},"Iteration":1},
{"Acceptance":[0.4577391304347826],"Energy":{"Mean":4.887760240739836,"Sigma":0.4344868742961452,"Taucorr":0.0},"EnergyVariance":{"Mean":31.955601375038366,"Sigma":3.2963799226707593,"Taucorr":0.0},"Iteration":2},
{"Acceptance":[0.37426086956521737],"Energy":{"Mean":1.5322551709041103,"Sigma":0.4412167114485633,"Taucorr":1.1102230246251565e-16},"EnergyVariance":{"Mean":38.41108997685754,"Sigma":4.53710246367653,"Taucorr":-2.7755575615628914e-17},"Iteration":3},
{"Acceptance":[0.2848695652173913],"Energy":{"Mean":-3.3276931681898643,"Sigma":0.386444290206816,"Taucorr":0.0},"EnergyVariance":{"Mean":29.005309818470185,"Sigma":3.2272102681548733,"Taucorr":0.0},"Iteration":4},
{"Acceptance":[0.25321739130434784],"Energy":{"Mean":-6.9435781870374385,"Sigma":0.432183461662432,"Taucorr":0.0},"EnergyVariance":{"Mean":31.72081418144934,"Sigma":3.8788824957514247,"Taucorr":0.0},"Iteration":5},
{"Acceptance":[0.2177391304347826],"Energy":{"Mean":-10.556984811021099,"Sigma":0.3383616697699764,"Taucorr":-5.551115123125783e-17},"EnergyVariance":{"Mean":20.845395365912896,"Sigma":2.5986753864630066,"Taucorr":0.0},"Iteration":6},
{"Acceptance":[0.16973913043478261],"Energy":{"Mean":-12.564130031409121,"Sigma":0.4098485514170438,"Taucorr":5.551115123125783e-17},"EnergyVariance":{"Mean":25.683105386202783,"Sigma":2.9720304532914676,"Taucorr":-5.551115123125783e-17},"Iteration":7},
{"Acceptance":[0.15860869565217392],"Energy":{"Mean":-12.96568947980721,"Sigma":0.41207754859542084,"Taucorr":-5.551115123125783e-17},"EnergyVariance":{"Mean":28.877593580645858,"Sigma":10.470348576140038,"Taucorr":5.551115123125783e-17},"Iteration":8},
{"Acceptance":[0.14469565217391303],"Energy":{"Mean":-12.620964747064647,"Sigma":0.47989151866469437,"Taucorr":5.551115123125783e-17},"EnergyVariance":{"Mean":32.99544874303375,"Sigma":6.9212478684640795,"Taucorr":-2.7755575615628914e-17},"Iteration":9},
{"Acceptance":[0.13391304347826086],"Energy":{"Mean":-13.774011228903241,"Sigma":0.3678373926298154,"Taucorr":5.551115123125783e-17},"EnergyVariance":{"Mean":14.29118754409684,"Sigma":2.091197522623288,"Taucorr":2.7755575615628914e-17},"Iteration":10},
{"Acceptance":[0.13878260869565218],"Energy":{"Mean":-14.803398801656154,"Sigma":0.3144573605850973,"Taucorr":1.1102230246251565e-16},"EnergyVariance":{"Mean":14.083478580111171,"Sigma":5.133112897777287,"Taucorr":5.551115123125783e-17},"Iteration":11},
{"Acceptance":[0.11339130434782609],"Energy":{"Mean":-14.88210520766744,"Sigma":0.4070555051331021,"Taucorr":-5.551115123125783e-17},"EnergyVariance":{"Mean":19.075497576510315,"Sigma":4.74154622920281,"Taucorr":0.0},"Iteration":12},
{"Acceptance":[0.10817391304347826],"Energy":{"Mean":-15.411511880489314,"Sigma":0.3696802963427156,"Taucorr":0.0},"EnergyVariance":{"Mean":15.788009524698634,"Sigma":3.3125303878046095,"Taucorr":-5.551115123125783e-17},"Iteration":13},
{"Acceptance":[0.12452173913043478],"Energy":{"Mean":-13.74206507674218,"Sigma":0.5743097411013922,"Taucorr":5.551115123125783e-17},"EnergyVariance":{"Mean":53.59518818966841,"Sigma":35.70466554068398,"Taucorr":-5.551115123125783e-17},"Iteration":14},
{"Acceptance":[0.12904347826086957],"Energy":{"Mean":-14.320003453260949,"Sigma":0.4402705806342228,"Taucorr":0.0},"EnergyVariance":{"Mean":20.980072265117393,"Sigma":5.804367607816847,"Taucorr":2.7755575615628914e-17},"Iteration":15},
{"Acceptance":[0.10156521739130435],"Energy":{"Mean":-15.519135992158686,"Sigma":0.313310692096695,"Taucorr":5.551115123125783e-17},"EnergyVariance":{"Mean":11.222863344071348,"Sigma":2.4224925911177544,"Taucorr":0.0},"Iteration":16},
{"Acceptance":[0.11791304347826087],"Energy":{"Mean":-15.70237298906494,"Sigma":0.45719585747970054,"Taucorr":5.551115123125783e-17},"EnergyVariance":{"Mean":28.154251540310835,"Sigma":9.578091737926531,"Taucorr":-8.326672684688674e-17},"Iteration":17},
{"Acceptance":[0.104],"Energy":{"Mean":-15.186023475969826,"Sigma":0.28904102493162276,"Taucorr":1.1102230246251565e-16},"EnergyVariance":{"Mean":10.645949219421057,"Sigma":2.6114246409472504,"Taucorr":0.0},"Iteration":18},
{"Acceptance":[0.11478260869565217],"Energy":{"Mean":-14.415876020998487,"Sigma":0.4345278400331417,"Taucorr":0.0},"EnergyVariance":{"Mean":24.39623676368018,"Sigma":5.338454307604715,"Taucorr":5.551115123125783e-17},"Iteration":19},
{"Acceptance":[0.12452173913043478],"Energy":{"Mean":-14.453124998806812,"Sigma":0.31348027922594407,"Taucorr":0.0},"EnergyVariance":{"Mean":13.990823761698142,"Sigma":3.4645832178699387,"Taucorr":-2.7755575615628914e-17},"Iteration":20},
{"Acceptance":[0.10469565217391304],"Energy":{"Mean":-15.959560610212018,"Sigma":0.26506466843125204,"Taucorr":-2.7755575615628914e-17},"EnergyVariance":{"Mean":10.64307781550877,"Sigma":1.9923607980647393,"Taucorr":0.0},"Iteration":21},
{"Acceptance":[0.11269565217391304],"Energy":{"Mean":-15.246870952019915,"Sigma":0.2715605912788125,"Taucorr":2.7755575615628914e-17},"EnergyVariance":{"Mean":8.550110788701879,"Sigma":2.060387326986092,"Taucorr":0.0},"Iteration":22},
{"Acceptance":[0.12243478260869566],"Energy":{"Mean":-15.252837196379463,"Sigma":0.2392795041929622,"Taucorr":2.7755575615628914e-17},"EnergyVariance":{"Mean":8.830674199675004,"Sigma":2.141756027918476,"Taucorr":0.0},"Iteration":23},
{"Acceptance":[0.12243478260869566],"Energy":{"Mean":-15.438600692752368,"Sigma":0.21506628083649929,"Taucorr":-2.7755575615628914e-17},"EnergyVariance":{"Mean":6.921292422188416,"Sigma":0.8740270485426909,"Taucorr":1.1102230246251565e-16},"Iteration":24},
{"Acceptance":[0.13217391304347825],"Energy":{"Mean":-15.593615728731987,"Sigma":0.44511857141254924,"Taucorr":5.551115123125783e-17},"EnergyVariance":{"Mean":24.351240837945298,"Sigma":8.430886614272717,"Taucorr":-5.551115123125783e-17},"Iteration":25},
{"Acceptance":[0.11721739130434783],"Energy":{"Mean":-15.842301954146087,"Sigma":0.26671808152797466,"Taucorr":1.1102230246251565e-16},"EnergyVariance":{"Mean":7.8324269607385215,"Sigma":2.4667984336151427,"Taucorr":0.0},"Iteration":26},
{"Acceptance":[0.11895652173913043],"Energy":{"Mean":-15.662943944436279,"Sigma":0.5266190870657893,"Taucorr":0.0},"EnergyVariance":{"Mean":37.48000321918576,"Sigma":20.19394329831337,"Taucorr":-5.551115123125783e-17},"Iteration":27},
{"Acceptance":[0.12278260869565218],"Energy":{"Mean":-15.188621858679403,"Sigma":0.20378616855542117,"Taucorr":0.0},"EnergyVariance":{"Mean":4.379067201574116,"Sigma":0.886013477985488,"Taucorr":-2.7755575615628914e-17},"Iteration":28},
{"Acceptance":[0.1262608695652174],"Energy":{"Mean":-15.786404747683342,"Sigma":0.6291245791559522,"Taucorr":-5.551115123125783e-17},"EnergyVariance":{"Mean":52.19586511385741,"Sigma":13.202823794234313,"Taucorr":5.551115123125783e-17},"Iteration":29},
{"Acceptance":[0.11756521739130435],"Energy":{"Mean":-16.347834056113662,"Sigma":0.30488132852123045,"Taucorr":0.0},"EnergyVariance":{"Mean":14.513444825335592,"Sigma":4.059535213455331,"Taucorr":0.0},"Iteration":30},
{"Acceptance":[0.11721739130434783],"Energy":{"Mean":-14.967631227487537,"Sigma":0.24400156803766046,"Taucorr":-5.551115123125783e-17},"EnergyVariance":{"Mean":23.369112659266804,"Sigma":8.37539045398415,"Taucorr":5.551115123125783e-17},"Iteration":31},
{"Acceptance":[0.11269565217391304],"Energy":{"Mean":-16.05614890997078,"Sigma":0.36344644739787824,"Taucorr":-5.551115123125783e-17},"EnergyVariance":{"Mean":13.77952405206456,"Sigma":5.752423426784302,"Taucorr":0.0},"Iteration":32},
{"Acceptance":[0.11582608695652175],"Energy":{"Mean":-16.059212532413063,"Sigma":0.3319285372137614,"Taucorr":-2.7755575615628914e-17},"EnergyVariance":{"Mean":13.69454199067847,"Sigma":5.418663804743193,"Taucorr":-5.551115123125783e-17},"Iteration":33},
{"Acceptance":[0.10608695652173913],"Energy":{"Mean":-15.852916981650768,"Sigma":0.35985057985284397,"Taucorr":2.7755575615628914e-17},"EnergyVariance":{"Mean":14.03873093765243,"Sigma":4.187118985395913,"Taucorr":5.551115123125783e-17},"Iteration":34},
{"Acceptance":[0.10365217391304347],"Energy":{"Mean":-15.41407382558071,"Sigma":0.29619888341690115,"Taucorr":-5.551115123125783e-17},"EnergyVariance":{"Mean":9.95577961406071,"Sigma":3.806780379159524,"Taucorr":5.551115123125783e-17},"Iteration":35},
{"Acceptance":[0.12278260869565218],"Energy":{"Mean":-15.957077161041939,"Sigma":0.30221157647259256,"Taucorr":0.0},"EnergyVariance":{"Mean":9.054741779468804,"Sigma":3.3932254166306226,"Taucorr":-5.551115123125783e-17},"Iteration":36},
{"Acceptance":[0.1071304347826087],"Energy":{"Mean":-16.738161284169657,"Sigma":0.3783204040658986,"Taucorr":5.551115123125783e-17},"EnergyVariance":{"Mean":21.602327063387,"Sigma":7.472593357639662,"Taucorr":1.1102230246251565e-16},"Iteration":37},
{"Acceptance":[0.12],"Energy":{"Mean":-16.15904378881364,"Sigma":0.5346988576171864,"Taucorr":0.0},"EnergyVariance":{"Mean":31.170779942761207,"Sigma":16.78643938686163,"Taucorr":1.6653345369377348e-16},"Iteration":38},
{"Acceptance":[0.11860869565217391],"Energy":{"Mean":-16.277542320824168,"Sigma":0.5115033587096715,"Taucorr":-2.7755575615628914e-17},"EnergyVariance":{"Mean":28.876187924708425,"Sigma":13.602557907699056,"Taucorr":0.0},"Iteration":39},
{"Acceptance":[0.11234782608695652],"Energy":{"Mean":-16.529558980122278,"Sigma":0.5020706740497524,"Taucorr":-2.7755575615628914e-17},"EnergyVariance":{"Mean":25.709346342187445,"Sigma":12.333600427218794,"Taucorr":5.551115123125783e-17},"Iteration":40},
{"Acceptance":[0.10991304347826086],"Energy":{"Mean":-15.818303103599836,"Sigma":0.2633757167663451,"Taucorr":0.0},"EnergyVariance":{"Mean":159.58355617225936,"Sigma":83.33116450331234,"Taucorr":-2.7755575615628914e-17},"Iteration":41},
{"Acceptance":[0.12034782608695652],"Energy":{"Mean":-16.308152767818964,"Sigma":0.3908625916497937,"Taucorr":5.551115123125783e-17},"EnergyVariance":{"Mean":15.355135198329663,"Sigma":5.042724148065677,"Taucorr":0.0},"Iteration":42},
{"Acceptance":[0.10782608695652174],"Energy":{"Mean":-14.87478335788141,"Sigma":0.5955395204891399,"Taucorr":2.7755575615628914e-17},"EnergyVariance":{"Mean":49.25495950376451,"Sigma":25.675484855176514,"Taucorr":-2.7755575615628914e-17},"Iteration":43},
{"Acceptance":[0.12660869565217392],"Energy":{"Mean":-15.808927263112986,"Sigma":0.2660804101574248,"Taucorr":-2.7755575615628914e-17},"EnergyVariance":{"Mean":24.445134315389716,"Sigma":8.563395800928056,"Taucorr":0.0},"Iteration":44},
{"Acceptance":[0.13704347826086957],"Energy":{"Mean":-16.907358433466396,"Sigma":0.30148332028248326,"Taucorr":5.551115123125783e-17},"EnergyVariance":{"Mean":9.214160062811501,"Sigma":1.970579306571435,"Taucorr":-8.326672684688674e-17},"Iteration":45},
{"Acceptance":[0.10434782608695652],"Energy":{"Mean":-16.796863000814895,"Sigma":0.5618828129152953,"Taucorr":0.0},"EnergyVariance":{"Mean":32.70064454789914,"Sigma":11.446649510936611,"Taucorr":5.551115123125783e-17},"Iteration":46},
{"Acceptance":[0.11791304347826087],"Energy":{"Mean":-15.863344473845524,"Sigma":0.24602980559974105,"Taucorr":2.7755575615628914e-17},"EnergyVariance":{"Mean":6.941133243153011,"Sigma":1.156329843249784,"Taucorr":-5.551115123125783e-17},"Iteration":47},
{"Acceptance":[0.128],"Energy":{"Mean":-15.943278529264948,"Sigma":0.43134354593248825,"Taucorr":-5.551115123125783e-17},"EnergyVariance":{"Mean":19.216180021047226,"Sigma":9.21954524717221,"Taucorr":-5.551115123125783e-17},"Iteration":48},
{"Acceptance":[0.11895652173913043],"Energy":{"Mean":-16.37473983256226,"Sigma":0.3828267549433478,"Taucorr":5.551115123125783e-17},"EnergyVariance":{"Mean":17.175987448944063,"Sigma":6.6343280179066415,"Taucorr":5.551115123125783e-17},"Iteration":49},
{"Acceptance":[0.11721739130434783],"Energy":{"Mean":-15.508580325417077,"Sigma":0.23943326774217769,"Taucorr":5.551115123125783e-17},"EnergyVariance":{"Mean":5.893781187727811,"Sigma":1.2293469144341822,"Taucorr":0.0},"Iteration":50},
{"Acceptance":[0.11860869565217391],"Energy":{"Mean":-15.456675092651395,"Sigma":0.30926307502227923,"Taucorr":5.551115123125783e-17},"EnergyVariance":{"Mean":9.791506846990362,"Sigma":1.7776687829932132,"Taucorr":-2.7755575615628914e-17},"Iteration":51},
{"Acceptance":[0.12382608695652174],"Energy":{"Mean":-16.036366499563314,"Sigma":0.3850335930283953,"Taucorr":1.1102230246251565e-16},"EnergyVariance":{"Mean":14.910845777047768,"Sigma":4.21673480837654,"Taucorr":5.551115123125783e-17},"Iteration":52},
{"Acceptance":[0.11130434782608696],"Energy":{"Mean":-17.862362217242648,"Sigma":0.4285714118145973,"Taucorr":1.6653345369377348e-16},"EnergyVariance":{"Mean":30.259150974108685,"Sigma":12.368778891836207,"Taucorr":5.551115123125783e-17},"Iteration":53},
{"Acceptance":[0.10678260869565218],"Energy":{"Mean":-16.84788320309073,"Sigma":0.41778945186726313,"Taucorr":0.0},"EnergyVariance":{"Mean":18.095703017335893,"Sigma":8.875292546536068,"Taucorr":5.551115123125783e-17},"Iteration":54},
{"Acceptance":[0.1408695652173913],"Energy":{"Mean":-16.353247386423106,"Sigma":0.2894387733704196,"Taucorr":5.551115123125783e-17},"EnergyVariance":{"Mean":8.39837512236231,"Sigma":1.5380473661662646,"Taucorr":-2.7755575615628914e-17},"Iteration":55},
{"Acceptance":[0.10643478260869565],"Energy":{"Mean":-16.36710884374403,"Sigma":0.21537056121394405,"Taucorr":0.0},"EnergyVariance":{"Mean":4.742898491158781,"Sigma":1.0177917263307397,"Taucorr":0.0},"Iteration":56},
{"Acceptance":[0.11130434782608696],"Energy":{"Mean":-16.005089925400345,"Sigma":0.23278176481295879,"Taucorr":0.0},"EnergyVariance":{"Mean":5.5526835395469245,"Sigma":1.5000439828871663,"Taucorr":0.0},"Iteration":57},
{"Acceptance":[0.11686956521739131],"Energy":{"Mean":-16.089516800844677,"Sigma":0.28120971236991327,"Taucorr":5.551115123125783e-17},"EnergyVariance":{"Mean":9.500787426318613,"Sigma":1.535858953082271,"Taucorr":0.0},"Iteration":58},
{"Acceptance":[0.1314782608695652],"Energy":{"Mean":-16.280023524049902,"Sigma":0.40502589610450807,"Taucorr":0.0},"EnergyVariance":{"Mean":16.384451639789585,"Sigma":3.103086908185051,"Taucorr":-2.7755575615628914e-17},"Iteration":59},
{"Acceptance":[0.10226086956521739],"Energy":{"Mean":-16.474409135371594,"Sigma":0.3219177548490939,"Taucorr":1.1102230246251565e-16},"EnergyVariance":{"Mean":12.193268180029293,"Sigma":2.879107776888895,"Taucorr":5.551115123125783e-17},"Iteration":60},
{"Acceptance":[0.1297391304347826],"Energy":{"Mean":-16.17304289350423,"Sigma":0.29874200289415614,"Taucorr":0.0},"EnergyVariance":{"Mean":9.947841879848141,"Sigma":2.7453541587557457,"Taucorr":0.0},"Iteration":61},
{"Acceptance":[0.1297391304347826],"Energy":{"Mean":-16.206429590677075,"Sigma":0.49151236311451635,"Taucorr":0.0},"EnergyVariance":{"Mean":25.111929594365023,"Sigma":14.242840904822021,"Taucorr":5.551115123125783e-17},"Iteration":62},
{"Acceptance":[0.12869565217391304],"Energy":{"Mean":-15.522892534027427,"Sigma":0.2733181397244084,"Taucorr":5.551115123125783e-17},"EnergyVariance":{"Mean":7.818725971266391,"Sigma":1.1982818882828696,"Taucorr":-5.551115123125783e-17},"Iteration":63},
{"Acceptance":[0.12173913043478261],"Energy":{"Mean":-16.19744817632823,"Sigma":0.32754775635015293,"Taucorr":0.0},"EnergyVariance":{"Mean":12.080253736514369,"Sigma":4.298966235565296,"Taucorr":0.0},"Iteration":64},
{"Acceptance":[0.14156521739130434],"Energy":{"Mean":-16.185738362701066,"Sigma":0.27140355297344143,"Taucorr":0.0},"EnergyVariance":{"Mean":7.739125089298507,"Sigma":1.3468278362166113,"Taucorr":0.0},"Iteration":65},
{"Acceptance":[0.13217391304347825],"Energy":{"Mean":-16.577086238428556,"Sigma":0.24258649709826308,"Taucorr":1.1102230246251565e-16},"EnergyVariance":{"Mean":6.138458514148094,"Sigma":0.9702693746300065,"Taucorr":0.0},"Iteration":66},
{"Acceptance":[0.12208695652173913],"Energy":{"Mean":-16.674503776060384,"Sigma":0.3297154563279294,"Taucorr":-8.326672684688674e-17},"EnergyVariance":{"Mean":11.667838928344672,"Sigma":3.9301522343143764,"Taucorr":-5.551115123125783e-17},"Iteration":67},
{"Acceptance":[0.1248695652173913],"Energy":{"Mean":-16.456915186034784,"Sigma":0.36876622300460293,"Taucorr":0.0},"EnergyVariance":{"Mean":15.642858030095226,"Sigma":4.228063246944532,"Taucorr":-5.551115123125783e-17},"Iteration":68},
{"Acceptance":[0.13391304347826086],"Energy":{"Mean":-16.826042007600158,"Sigma":0.2865370282561495,"Taucorr":2.7755575615628914e-17},"EnergyVariance":{"Mean":28.668325306095646,"Sigma":19.207331303522086,"Taucorr":0.0},"Iteration":69},
{"Acceptance":[0.1262608695652174],"Energy":{"Mean":-16.52086365788582,"Sigma":0.4211348449609618,"Taucorr":-2.7755575615628914e-17},"EnergyVariance":{"Mean":53.7889435063094,"Sigma":25.38851725308905,"Taucorr":0.0},"Iteration":70},
{"Acceptance":[0.13391304347826086],"Energy":{"Mean":-16.89776412731905,"Sigma":0.3984373760284346,"Taucorr":-2.7755575615628914e-17},"EnergyVariance":{"Mean":17.59367163400407,"Sigma":4.300732925296222,"Taucorr":0.0},"Iteration":71},
{"Acceptance":[0.13391304347826086],"Energy":{"Mean":-15.976413729255777,"Sigma":0.4297838870973866,"Taucorr":-2.7755575615628914e-17},"EnergyVariance":{"Mean":18.490755883918798,"Sigma":8.532305757945084,"Taucorr":0.0},"Iteration":72},
{"Acceptance":[0.1262608695652174],"Energy":{"Mean":-16.351366413639248,"Sigma":0.3661077899656783,"Taucorr":-5.551115123125783e-17},"EnergyVariance":{"Mean":14.031011903206505,"Sigma":4.164625295067366,"Taucorr":0.0},"Iteration":73},
{"Acceptance":[0.13217391304347825],"Energy":{"Mean":-15.931558018180635,"Sigma":0.3596767477882022,"Taucorr":1.1102230246251565e-16},"EnergyVariance":{"Mean":12.72067961914273,"Sigma":4.025577966510441,"Taucorr":0.0},"Iteration":74},
{"Acceptance":[0.1554782608695652],"Energy":{"Mean":-16.325358653648863,"Sigma":0.3185222274364486,"Taucorr":-8.326672684688674e-17},"EnergyVariance":{"Mean":10.2961196010434,"Sigma":1.5001385906477471,"Taucorr":1.1102230246251565e-16},"Iteration":75},
{"Acceptance":[0.13008695652173913],"Energy":{"Mean":-18.98502141751542,"Sigma":1.8119876732817093,"Taucorr":0.0},"EnergyVariance":{"Mean":345.1278094490871,"Sigma":228.00362437790912,"Taucorr":-5.551115123125783e-17},"Iteration":76},
{"Acceptance":[0.13773913043478261],"Energy":{"Mean":-16.106901401306263,"Sigma":0.347424740464313,"Taucorr":5.551115123125783e-17},"EnergyVariance":{"Mean":12.357409941164462,"Sigma":4.273094197543279,"Taucorr":0.0},"Iteration":77},
{"Acceptance":[0.15165217391304348],"Energy":{"Mean":-15.664037639014849,"Sigma":0.24277634597676254,"Taucorr":-2.7755575615628914e-17},"EnergyVariance":{"Mean":5.966807068448633,"Sigma":1.035470041792695,"Taucorr":-2.7755575615628914e-17},"Iteration":78},
{"Acceptance":[0.13217391304347825],"Energy":{"Mean":-17.01695103230987,"Sigma":0.381967400486866,"Taucorr":1.1102230246251565e-16},"EnergyVariance":{"Mean":14.482791039692344,"Sigma":3.501186414046814,"Taucorr":2.7755575615628914e-17},"Iteration":79},
{"Acceptance":[0.12417391304347826],"Energy":{"Mean":-16.525793192992424,"Sigma":0.2917139902560179,"Taucorr":0.0},"EnergyVariance":{"Mean":9.151826403372212,"Sigma":1.5077824588252338,"Taucorr":0.0},"Iteration":80},
{"Acceptance":[0.1297391304347826],"Energy":{"Mean":-16.94375527666679,"Sigma":0.3591474978753128,"Taucorr":-5.551115123125783e-17},"EnergyVariance":{"Mean":14.115788808463353,"Sigma":2.6701523815370285,"Taucorr":2.7755575615628914e-17},"Iteration":81},
{"Acceptance":[0.13669565217391305],"Energy":{"Mean":-16.20581012619148,"Sigma":0.3804401935627123,"Taucorr":5.551115123125783e-17},"EnergyVariance":{"Mean":14.578004307111584,"Sigma":3.3767410458153306,"Taucorr":5.551115123125783e-17},"Iteration":82},
{"Acceptance":[0.14956521739130435],"Energy":{"Mean":-17.220617806232735,"Sigma":0.31709928249532515,"Taucorr":-2.7755575615628914e-17},"EnergyVariance":{"Mean":12.172713195363542,"Sigma":2.4777015499924393,"Taucorr":2.7755575615628914e-17},"Iteration":83},
{"Acceptance":[0.1426086956521739],"Energy":{"Mean":-16.996962592121495,"Sigma":0.34996588809678497,"Taucorr":0.0},"EnergyVariance":{"Mean":12.227049711156939,"Sigma":4.866741513225599,"Taucorr":1.1102230246251565e-16},"Iteration":84},
{"Acceptance":[0.1314782608695652],"Energy":{"Mean":-17.794491777109624,"Sigma":0.5580157422873947,"Taucorr":-5.551115123125783e-17},"EnergyVariance":{"Mean":50.90433239586597,"Sigma":34.08401081649121,"Taucorr":-5.551115123125783e-17},"Iteration":85},
{"Acceptance":[0.1537391304347826],"Energy":{"Mean":-17.184813787734385,"Sigma":0.3826902483190855,"Taucorr":-2.7755575615628914e-17},"EnergyVariance":{"Mean":16.592851281721593,"Sigma":3.9913984451136364,"Taucorr":-2.7755575615628914e-17},"Iteration":86},
{"Acceptance":[0.13182608695652173],"Energy":{"Mean":-16.422407286550854,"Sigma":0.24001459663707447,"Taucorr":-5.551115123125783e-17},"EnergyVariance":{"Mean":5.756354119980122,"Sigma":0.941349462557441,"Taucorr":0.0},"Iteration":87},
{"Acceptance":[0.13530434782608697],"Energy":{"Mean":-16.99197194514573,"Sigma":0.20222425254295934,"Taucorr":0.0},"EnergyVariance":{"Mean":4.787328974735727,"Sigma":0.6914384051234868,"Taucorr":0.0},"Iteration":88},
{"Acceptance":[0.14921739130434783],"Energy":{"Mean":-16.50655840802755,"Sigma":0.6257689222239102,"Taucorr":-5.551115123125783e-17},"EnergyVariance":{"Mean":39.49398267866174,"Sigma":31.24862464560965,"Taucorr":-2.7755575615628914e-17},"Iteration":89},
{"Acceptance":[0.14608695652173914],"Energy":{"Mean":-16.492639808295507,"Sigma":0.3957202981594139,"Taucorr":1.1102230246251565e-16},"EnergyVariance":{"Mean":15.911507932274624,"Sigma":6.648895367060453,"Taucorr":-2.7755575615628914e-17},"Iteration":90},
{"Acceptance":[0.14817391304347827],"Energy":{"Mean":-17.132014213880606,"Sigma":0.4621814113469696,"Taucorr":5.551115123125783e-17},"EnergyVariance":{"Mean":20.93791604164906,"Sigma":13.722458170808975,"Taucorr":-8.326672684688674e-17},"Iteration":91},
{"Acceptance":[0.14573913043478262],"Energy":{"Mean":-16.40562887679143,"Sigma":0.35488145081071615,"Taucorr":5.551115123125783e-17},"EnergyVariance":{"Mean":12.890066076438059,"Sigma":4.136687972906769,"Taucorr":0.0},"Iteration":92},
{"Acceptance":[0.16591304347826086],"Energy":{"Mean":-17.059982547258862,"Sigma":0.3867028109528657,"Taucorr":5.551115123125783e-17},"EnergyVariance":{"Mean":15.734587297809682,"Sigma":4.974475388095557,"Taucorr":0.0},"Iteration":93},
{"Acceptance":[0.13391304347826086],"Energy":{"Mean":-17.139626127349576,"Sigma":0.2652592303143433,"Taucorr":5.551115123125783e-17},"EnergyVariance":{"Mean":8.485786467425154,"Sigma":1.708995072361002,"Taucorr":5.551115123125783e-17},"Iteration":94},
{"Acceptance":[0.14330434782608695],"Energy":{"Mean":-17.142621727095907,"Sigma":0.22136571540895544,"Taucorr":1.1102230246251565e-16},"EnergyVariance":{"Mean":5.323752644105321,"Sigma":0.8813005254737482,"Taucorr":-2.7755575615628914e-17},"Iteration":95},
{"Acceptance":[0.14295652173913043],"Energy":{"Mean":-18.123914913417273,"Sigma":0.5166483612499351,"Taucorr":-5.551115123125783e-17},"EnergyVariance":{"Mean":29.335808112730604,"Sigma":12.052937833596545,"Taucorr":0.0},"Iteration":96},
{"Acceptance":[0.14782608695652175],"Energy":{"Mean":-16.556884245038034,"Sigma":0.42748914003850313,"Taucorr":-5.551115123125783e-17},"EnergyVariance":{"Mean":20.142332542520688,"Sigma":12.411990556286526,"Taucorr":-5.551115123125783e-17},"Iteration":97},
{"Acceptance":[0.16695652173913045],"Energy":{"Mean":-18.231186632721904,"Sigma":0.5105600590480562,"Taucorr":0.0},"EnergyVariance":{"Mean":29.062437066117543,"Sigma":7.084790615030763,"Taucorr":-5.551115123125783e-17},"Iteration":98},
{"Acceptance":[0.15965217391304348],"Energy":{"Mean":-16.78104597029361,"Sigma":0.35284737258000015,"Taucorr":5.551115123125783e-17},"EnergyVariance":{"Mean":12.310278053748078,"Sigma":3.2470149266985757,"Taucorr":0.0},"Iteration":99} 
]}
{"input": {"L": 22, "J": 1, "machine": {"type": "FFNN", "model": ["tanh", 106, 2]}, "sampler": {"type": "MetropolisHop", "d_max": 5}, "optimizer": {"type": "AdaMax", "alpha": 0.001, "beta1": 0.9, "beta2": 0.999, "epscut": 1e-07}, "VMC": {"n_samples": 100, "discarded_samples": 100, "discarded_samples_on_init": 0, "target": "energy", "method": "Gd", "diag_shift": 0.01, "use_iterative": true, "use_cholesky": true}, "n_iter": 100}}
duration: -3.554165840148926