{"Output": [
{"Acceptance":[0.7662608695652174],"Energy":{"Mean":17.290857233081333,"Sigma":0.36386653418898834,"Taucorr":2.7755575615628914e-17},"EnergyVariance":{"Mean":16.03465458932118,"Sigma":1.859472362085022,"Taucorr":1.1102230246251565e-16},"Iteration":0},
{"Acceptance":[0.5836521739130435],"Energy":{"Mean":11.635896939717094,"Sigma":0.3856835195865493,"Taucorr":5.551115123125783e-17},"EnergyVariance":{"Mean":22.057715742743834,"Sigma":2.327418765838837,"Taucorr":-2.7755575615628914e-17},"Iteration":1},
{"Acceptance":[0.5001739130434782],"Energy":{"Mean":6.157957756102537,"Sigma":0.37798684509814034,"Taucorr":0.0},"EnergyVariance":{"Mean":23.592644467174477,"Sigma":2.854261036612526,"Taucorr":0.0},"Iteration":2},
{"Acceptance":[0.45565217391304347],"Energy":{"Mean":1.9528607864007017,"Sigma":0.37225672833821294,"Taucorr":0.0},"EnergyVariance":{"Mean":23.576154139343906,"Sigma":3.5245849154139988,"Taucorr":-2.7755575615628914e-17},"Iteration":3},
{"Acceptance":[0.3822608695652174],"Energy":{"Mean":-2.295101837214526,"Sigma":0.47485862537185597,"Taucorr":0.0},"EnergyVariance":{"Mean":43.28588367373398,"Sigma":7.490703167945738,"Taucorr":5.551115123125783e-17},"Iteration":4},
{"Acceptance":[0.3189565217391304],"Energy":{"Mean":-7.865750666104023,"Sigma":0.36929131000628057,"Taucorr":-2.7755575615628914e-17},"EnergyVariance":{"Mean":22.579427779060506,"Sigma":2.5297967922825335,"Taucorr":0.0},"Iteration":5},
{"Acceptance":[0.2629565217391304],"Energy":{"Mean":-9.344879201947661,"Sigma":0.35357399553230245,"Taucorr":0.0},"EnergyVariance":{"Mean":23.678611470353687,"Sigma":4.970422902067424,"Taucorr":-5.551115123125783e-17},"Iteration":6},
{"Acceptance":[0.25043478260869567],"Energy":{"Mean":-11.325304513477246,"Sigma":0.41197311612798,"Taucorr":0.0},"EnergyVariance":{"Mean":25.188412416526837,"Sigma":4.482025295660366,"Taucorr":0.0},"Iteration":7},
{"Acceptance":[0.18608695652173912],"Energy":{"Mean":-12.665745917360361,"Sigma":0.346249540936031,"Taucorr":5.551115123125783e-17},"EnergyVariance":{"Mean":14.825435591835003,"Sigma":1.9017762569019976,"Taucorr":0.0},"Iteration":8},
{"Acceptance":[0.1805217391304348],"Energy":{"Mean":-13.38070232020903,"Sigma":0.366612681684438,"Taucorr":1.1102230246251565e-16},"EnergyVariance":{"Mean":16.98298670350279,"Sigma":2.3864073596649447,"Taucorr":5.551115123125783e-17},"Iteration":9},
{"Acceptance":[0.144],"Energy":{"Mean":-14.776972723969724,"Sigma":0.375721078656802,"Taucorr":0.0},"EnergyVariance":{"Mean":15.034181101422908,"Sigma":2.829928776972688,"Taucorr":0.0},"Iteration":10},
{"Acceptance":[0.11234782608695652],"Energy":{"Mean":-15.81832879475578,"Sigma":0.2959622835236026,"Taucorr":-8.326672684688674e-17},"EnergyVariance":{"Mean":26.70302051469597,"Sigma":18.892985312091668,"Taucorr":-8.326672684688674e-17},"Iteration":11},
{"Acceptance":[0.08208695652173913],"Energy":{"Mean":-16.157302287345225,"Sigma":0.3568434509798804,"Taucorr":0.0},"EnergyVariance":{"Mean":16.38115874469978,"Sigma":4.960728731515248,"Taucorr":5.551115123125783e-17},"Iteration":12},
{"Acceptance":[0.07026086956521739],"Energy":{"Mean":-16.216404596449614,"Sigma":0.3615255041796609,"Taucorr":5.551115123125783e-17},"EnergyVariance":{"Mean":17.17012355522772,"Sigma":3.5663989806648893,"Taucorr":-5.551115123125783e-17},"Iteration":13},
{"Acceptance":[0.04208695652173913],"Energy":{"Mean":-16.21252402546247,"Sigma":0.33137559343983164,"Taucorr":0.0},"EnergyVariance":{"Mean":16.90794248238311,"Sigma":4.986236238281367,"Taucorr":-5.551115123125783e-17},"Iteration":14},
{"Acceptance":[0.04104347826086956],"Energy":{"Mean":-17.552605942739458,"Sigma":0.3472612315389199,"Taucorr":-2.7755575615628914e-17},"EnergyVariance":{"Mean":21.822131457089185,"Sigma":8.126241832612005,"Taucorr":-2.7755575615628914e-17},"Iteration":15},
{"Acceptance":[0.04556521739130435],"Energy":{"Mean":-17.09094849395335,"Sigma":0.15486670993996807,"Taucorr":0.0},"EnergyVariance":{"Mean":3.147810470306382,"Sigma":0.5018324600615273,"Taucorr":-2.7755575615628914e-17},"Iteration":16},
{"Acceptance":[0.03826086956521739],"Energy":{"Mean":-17.730661646622643,"Sigma":0.19931286643775264,"Taucorr":-1.1102230246251565e-16},"EnergyVariance":{"Mean":5.505808981158806,"Sigma":2.37263214858361,"Taucorr":-1.1102230246251565e-16},"Iteration":17},
{"Acceptance":[0.009391304347826087],"Energy":{"Mean":-11.665009753337914,"Sigma":0.04909467593345093,"Taucorr":null},"EnergyVariance":{"Mean":8.625633481548688,"Sigma":0.5523343481652826,"Taucorr":null},"Iteration":18},
{"Acceptance":[0.034434782608695653],"Energy":{"Mean":-17.833877979529042,"Sigma":0.13617658183793677,"Taucorr":2.7755575615628914e-16},"EnergyVariance":{"Mean":2.184933392867095,"Sigma":0.35486326290303066,"Taucorr":0.0},"Iteration":19},
{"Acceptance":[0.00034782608695652176],"Energy":{"Mean":-11.585748124972914,"Sigma":0.16984087350484461,"Taucorr":null},"EnergyVariance":{"Mean":10.369251013471828,"Sigma":1.0947980787936442,"Taucorr":null},"Iteration":20},
{"Acceptance":[0.022956521739130435],"Energy":{"Mean":-17.95280061695347,"Sigma":0.30002803043322185,"Taucorr":8.326672684688674e-17},"EnergyVariance":{"Mean":10.242470184246486,"Sigma":3.5827638545856066,"Taucorr":-2.7755575615628914e-17},"Iteration":21},
{"Acceptance":[0.03234782608695652],"Energy":{"Mean":-17.924651625293134,"Sigma":0.14388527527196748,"Taucorr":2.7755575615628914e-17},"EnergyVariance":{"Mean":2.9712753239388485,"Sigma":0.7145441769695219,"Taucorr":5.551115123125783e-17},"Iteration":22},
{"Acceptance":[0.025739130434782608],"Energy":{"Mean":-17.146288052702282,"Sigma":0.15223778180156597,"Taucorr":1.1102230246251565e-16},"EnergyVariance":{"Mean":5.198991409292707,"Sigma":1.811791347232622,"Taucorr":5.551115123125783e-17},"Iteration":23},
{"Acceptance":[0.027478260869565216],"Energy":{"Mean":-17.938091998753542,"Sigma":0.11270753943369792,"Taucorr":0.0},"EnergyVariance":{"Mean":1.5032047304142404,"Sigma":0.326279189177906,"Taucorr":-5.551115123125783e-17},"Iteration":24},
{"Acceptance":[0.026434782608695653],"Energy":{"Mean":-17.928540422468153,"Sigma":0.22835828345640416,"Taucorr":-5.551115123125783e-17},"EnergyVariance":{"Mean":12.599464011614208,"Sigma":5.325453040510609,"Taucorr":0.0},"Iteration":25},
{"Acceptance":[0.015304347826086957],"Energy":{"Mean":-17.826352167943398,"Sigma":0.10998672986738597,"Taucorr":1.6653345369377348e-16},"EnergyVariance":{"Mean":1.3388623220360476,"Sigma":0.29060053710393063,"Taucorr":0.0},"Iteration":26},
{"Acceptance":[0.023304347826086955],"Energy":{"Mean":-17.82422469008946,"Sigma":0.10365499523765973,"Taucorr":8.326672684688674e-17},"EnergyVariance":{"Mean":1.303576629607626,"Sigma":0.28746690991320295,"Taucorr":0.0},"Iteration":27},
{"Acceptance":[0.036869565217391306],"Energy":{"Mean":-20.354937136437783,"Sigma":1.3880974598804636,"Taucorr":0.0},"EnergyVariance":{"Mean":225.32030682445256,"Sigma":120.52022085409618,"Taucorr":0.0},"Iteration":28},
{"Acceptance":[0.029217391304347827],"Energy":{"Mean":-18.962916499257933,"Sigma":0.25553420473210153,"Taucorr":-1.1102230246251565e-16},"EnergyVariance":{"Mean":11.034908797008969,"Sigma":5.790875029468966,"Taucorr":-2.7755575615628914e-17},"Iteration":29},
{"Acceptance":[0.04417391304347826],"Energy":{"Mean":-18.11552672426635,"Sigma":0.2846126742906954,"Taucorr":-2.7755575615628914e-17},"EnergyVariance":{"Mean":11.246850670307659,"Sigma":6.991145894469508,"Taucorr":5.551115123125783e-17},"Iteration":30},
{"Acceptance":[0.03130434782608696],"Energy":{"Mean":-15.895466090337964,"Sigma":0.0824180987851078,"Taucorr":null},"EnergyVariance":{"Mean":12.60940112457936,"Sigma":0.226975611796189,"Taucorr":null},"Iteration":31},
{"Acceptance":[0.044521739130434786],"Energy":{"Mean":-18.429042141839446,"Sigma":0.37688091946861685,"Taucorr":-2.7755575615628914e-17},"EnergyVariance":{"Mean":14.422880034118634,"Sigma":12.63186092317089,"Taucorr":5.551115123125783e-17},"Iteration":32},
{"Acceptance":[0.04104347826086956],"Energy":{"Mean":-18.440207788011108,"Sigma":0.3109066099300092,"Taucorr":1.1102230246251565e-16},"EnergyVariance":{"Mean":241.0448673821963,"Sigma":239.82103346643356,"Taucorr":0.0},"Iteration":33},
{"Acceptance":[0.033391304347826084],"Energy":{"Mean":-17.679119666094245,"Sigma":0.10380928738553404,"Taucorr":-5.551115123125783e-17},"EnergyVariance":{"Mean":1.8716385985190265,"Sigma":0.33143916171424065,"Taucorr":0.0},"Iteration":34},
{"Acceptance":[0.02365217391304348],"Energy":{"Mean":-18.123447509052202,"Sigma":0.08572191236485989,"Taucorr":-5.551115123125783e-17},"EnergyVariance":{"Mean":0.7631764457743315,"Sigma":0.19518043924445477,"Taucorr":0.0},"Iteration":35},
{"Acceptance":[0.024695652173913042],"Energy":{"Mean":-18.278103323232262,"Sigma":0.09234894659924603,"Taucorr":2.220446049250313e-16},"EnergyVariance":{"Mean":1.0698014753294542,"Sigma":0.21021853972069116,"Taucorr":-2.7755575615628914e-17},"Iteration":36},
{"Acceptance":[0.024695652173913042],"Energy":{"Mean":-16.57317079139407,"Sigma":0.24033238636885906,"Taucorr":null},"EnergyVariance":{"Mean":20.472364492241027,"Sigma":6.6070796922840485,"Taucorr":null},"Iteration":37},
{"Acceptance":[0.02052173913043478],"Energy":{"Mean":-18.08283471184371,"Sigma":0.08615839424585772,"Taucorr":-2.7755575615628914e-17},"EnergyVariance":{"Mean":0.8074372649272525,"Sigma":0.15266142941411648,"Taucorr":-1.1102230246251565e-16},"Iteration":38},
{"Acceptance":[0.026434782608695653],"Energy":{"Mean":-18.160586552300295,"Sigma":0.09151726277186116,"Taucorr":2.220446049250313e-16},"EnergyVariance":{"Mean":0.8976329263156542,"Sigma":0.19996684955351685,"Taucorr":-5.551115123125783e-17},"Iteration":39},
{"Acceptance":[0.0038260869565217392],"Energy":{"Mean":-17.59726800687343,"Sigma":0.09016496582977142,"Taucorr":null},"EnergyVariance":{"Mean":3.3604605158456806,"Sigma":0.1826292784381707,"Taucorr":null},"Iteration":40},
{"Acceptance":[0.01008695652173913],"Energy":{"Mean":-12.020987816861382,"Sigma":0.039290392564561384,"Taucorr":null},"EnergyVariance":{"Mean":12.402967404561085,"Sigma":0.41076123135209824,"Taucorr":null},"Iteration":41},
{"Acceptance":[0.0020869565217391303],"Energy":{"Mean":-15.112248266295673,"Sigma":0.10313302088798446,"Taucorr":null},"EnergyVariance":{"Mean":39.23296389070364,"Sigma":6.179064029004287,"Taucorr":null},"Iteration":42},
{"Acceptance":[0.0],"Energy":{"Mean":-14.73821025421183,"Sigma":0.0,"Taucorr":null},"EnergyVariance":{"Mean":0.09771419121900568,"Sigma":0.0,"Taucorr":null},"Iteration":43},
{"Acceptance":[0.005565217391304348],"Energy":{"Mean":-12.500001703852668,"Sigma":0.0,"Taucorr":null},"EnergyVariance":{"Mean":0.7499901474952542,"Sigma":0.0,"Taucorr":null},"Iteration":44},
{"Acceptance":[0.01391304347826087],"Energy":{"Mean":-13.522524331751981,"Sigma":0.03478446931680238,"Taucorr":null},"EnergyVariance":{"Mean":13.072143742455133,"Sigma":0.33509562856481256,"Taucorr":null},"Iteration":45},
{"Acceptance":[0.0006956521739130435],"Energy":{"Mean":-13.999999990910158,"Sigma":0.0,"Taucorr":null},"EnergyVariance":{"Mean":4.584848140746302e-17,"Sigma":0.0,"Taucorr":null},"Iteration":46},
{"Acceptance":[0.0],"Energy":{"Mean":-13.780000151003797,"Sigma":0.05066228075501599,"Taucorr":null},"EnergyVariance":{"Mean":0.39160000375842,"Sigma":0.0790331583570816,"Taucorr":null},"Iteration":47},
{"Acceptance":[0.0],"Energy":{"Mean":-14.00001137218675,"Sigma":0.0,"Taucorr":null},"EnergyVariance":{"Mean":7.807340913496387e-11,"Sigma":0.0,"Taucorr":null},"Iteration":48},
{"Acceptance":[0.0052173913043478265],"Energy":{"Mean":-12.500372133116027,"Sigma":0.0,"Taucorr":null},"EnergyVariance":{"Mean":0.749669234053322,"Sigma":0.0,"Taucorr":null},"Iteration":49},
{"Acceptance":[0.0041739130434782605],"Energy":{"Mean":-13.775927440373561,"Sigma":0.10484007900223945,"Taucorr":null},"EnergyVariance":{"Mean":15.430003824774463,"Sigma":0.5389324991177851,"Taucorr":null},"Iteration":50},
{"Acceptance":[0.022956521739130435],"Energy":{"Mean":-17.82258735449813,"Sigma":0.12900471500930188,"Taucorr":8.326672684688674e-17},"EnergyVariance":{"Mean":1.9329189911245428,"Sigma":0.31165344935619155,"Taucorr":8.326672684688674e-17},"Iteration":51},
{"Acceptance":[0.021217391304347827],"Energy":{"Mean":-18.872110519206068,"Sigma":0.5343048157634158,"Taucorr":-5.551115123125783e-17},"EnergyVariance":{"Mean":34.2960151093782,"Sigma":32.7387223976621,"Taucorr":0.0},"Iteration":52},
{"Acceptance":[0.015304347826086957],"Energy":{"Mean":-18.179390172375097,"Sigma":0.05317666672011995,"Taucorr":-1.1102230246251565e-15},"EnergyVariance":{"Mean":0.3209497214381943,"Sigma":0.13479065947652474,"Taucorr":0.0},"Iteration":53},
{"Acceptance":[0.024],"Energy":{"Mean":-17.71824312347628,"Sigma":0.08499238668948703,"Taucorr":-8.326672684688674e-17},"EnergyVariance":{"Mean":0.7560745186172664,"Sigma":0.1060401377106618,"Taucorr":-8.326672684688674e-17},"Iteration":54},
{"Acceptance":[0.014956521739130434],"Energy":{"Mean":-17.962828561896448,"Sigma":0.05693846045277681,"Taucorr":-5.551115123125783e-17},"EnergyVariance":{"Mean":0.4465140976799713,"Sigma":0.09428516843815632,"Taucorr":5.551115123125783e-17},"Iteration":55},
{"Acceptance":[0.018782608695652174],"Energy":{"Mean":-17.640458798095985,"Sigma":0.08745890514745956,"Taucorr":2.220446049250313e-16},"EnergyVariance":{"Mean":1.2961119437645607,"Sigma":0.28203158220774044,"Taucorr":0.0},"Iteration":56},
{"Acceptance":[0.0],"Energy":{"Mean":-15.402448830131945,"Sigma":0.10035222449325042,"Taucorr":null},"EnergyVariance":{"Mean":3.8306527362919462,"Sigma":0.13212094183700596,"Taucorr":null},"Iteration":57},
{"Acceptance":[0.018782608695652174],"Energy":{"Mean":-17.57919638620027,"Sigma":0.12698804032283226,"Taucorr":1.4432899320127035e-15},"EnergyVariance":{"Mean":2.1475110023134323,"Sigma":0.5911570293277159,"Taucorr":5.551115123125783e-17},"Iteration":58},
{"Acceptance":[0.01391304347826087],"Energy":{"Mean":-18.34618343188746,"Sigma":0.11290260198403271,"Taucorr":-2.7755575615628914e-17},"EnergyVariance":{"Mean":2.390431371923635,"Sigma":0.7080728812314805,"Taucorr":-5.551115123125783e-17},"Iteration":59},
{"Acceptance":[0.004869565217391304],"Energy":{"Mean":-13.510908758767199,"Sigma":0.0019084607364757101,"Taucorr":null},"EnergyVariance":{"Mean":6.8495628247125255,"Sigma":0.01752314502771332,"Taucorr":null},"Iteration":60},
{"Acceptance":[0.006956521739130435],"Energy":{"Mean":-16.5029058114239,"Sigma":0.00019442248893441377,"Taucorr":null},"EnergyVariance":{"Mean":0.7589755186457758,"Sigma":0.0006212377054439157,"Taucorr":null},"Iteration":61},
{"Acceptance":[0.002434782608695652],"Energy":{"Mean":-17.99665343879945,"Sigma":0.0,"Taucorr":null},"EnergyVariance":{"Mean":1.0964664015503812e-05,"Sigma":0.0,"Taucorr":null},"Iteration":62},
{"Acceptance":[0.0],"Energy":{"Mean":-18.000000000195104,"Sigma":0.0,"Taucorr":null},"EnergyVariance":{"Mean":4.404841775890535e-19,"Sigma":0.0,"Taucorr":null},"Iteration":63},
{"Acceptance":[0.002434782608695652],"Energy":{"Mean":-14.910144261664653,"Sigma":0.0,"Taucorr":null},"EnergyVariance":{"Mean":3.991921568153378,"Sigma":0.0,"Taucorr":null},"Iteration":64},
{"Acceptance":[0.002434782608695652],"Energy":{"Mean":-15.999845343309278,"Sigma":0.0,"Taucorr":null},"EnergyVariance":{"Mean":2.3299711716058424e-07,"Sigma":0.0,"Taucorr":null},"Iteration":65},
{"Acceptance":[0.004521739130434782],"Energy":{"Mean":-16.500019131729008,"Sigma":0.0,"Taucorr":null},"EnergyVariance":{"Mean":0.7500574104930662,"Sigma":0.0,"Taucorr":null},"Iteration":66},
{"Acceptance":[0.0020869565217391303],"Energy":{"Mean":-16.25000000021729,"Sigma":0.0,"Taucorr":null},"EnergyVariance":{"Mean":1.6875000003259353,"Sigma":0.0,"Taucorr":null},"Iteration":67},
{"Acceptance":[0.0006956521739130435],"Energy":{"Mean":-18.00063623536662,"Sigma":0.0,"Taucorr":null},"EnergyVariance":{"Mean":3.7091355956015567e-07,"Sigma":0.0,"Taucorr":null},"Iteration":68},
{"Acceptance":[0.0010434782608695651],"Energy":{"Mean":-16.500577734093483,"Sigma":0.0,"Taucorr":null},"EnergyVariance":{"Mean":0.7517322232199388,"Sigma":0.0,"Taucorr":null},"Iteration":69},
{"Acceptance":[0.0020869565217391303],"Energy":{"Mean":-17.902977167200124,"Sigma":0.040890954629809,"Taucorr":null},"EnergyVariance":{"Mean":0.1906188416739003,"Sigma":0.07372287642486651,"Taucorr":null},"Iteration":70},
{"Acceptance":[0.001391304347826087],"Energy":{"Mean":-13.500886229706236,"Sigma":3.382662808708122e-05,"Taucorr":null},"EnergyVariance":{"Mean":6.757981247133159,"Sigma":0.0003046243311070702,"Taucorr":null},"Iteration":71},
{"Acceptance":[0.003130434782608696],"Energy":{"Mean":-16.280633202663246,"Sigma":0.05813716323516593,"Taucorr":null},"EnergyVariance":{"Mean":0.4835618050181819,"Sigma":0.08388588769608502,"Taucorr":null},"Iteration":72},
{"Acceptance":[0.0006956521739130435],"Energy":{"Mean":-15.00090652204308,"Sigma":0.0,"Taucorr":null},"EnergyVariance":{"Mean":3.005445631701865,"Sigma":0.0,"Taucorr":null},"Iteration":73},
{"Acceptance":[0.002782608695652174],"Energy":{"Mean":-12.773523550010475,"Sigma":1.226476449993853,"Taucorr":null},"EnergyVariance":{"Mean":370.156070783624,"Sigma":368.6518263012344,"Taucorr":null},"Iteration":74},
{"Acceptance":[0.002434782608695652],"Energy":{"Mean":-16.24995904837851,"Sigma":1.3460710324051272e-12,"Taucorr":null},"EnergyVariance":{"Mean":1.6874385751600367,"Sigma":6.057197973888858e-12,"Taucorr":null},"Iteration":75},
{"Acceptance":[0.0],"Energy":{"Mean":-16.750104324090334,"Sigma":0.0,"Taucorr":null},"EnergyVariance":{"Mean":0.18755219518272936,"Sigma":0.0,"Taucorr":null},"Iteration":76},
{"Acceptance":[0.0],"Energy":{"Mean":-17.00044802292206,"Sigma":0.0,"Taucorr":null},"EnergyVariance":{"Mean":1.3706866716572903e-06,"Sigma":0.0,"Taucorr":null},"Iteration":77},
{"Acceptance":[0.0],"Energy":{"Mean":-16.998880541502885,"Sigma":0.0,"Taucorr":null},"EnergyVariance":{"Mean":4.2305735120707637e-07,"Sigma":0.0,"Taucorr":null},"Iteration":78},
{"Acceptance":[0.0],"Energy":{"Mean":-16.997010249264275,"Sigma":0.0,"Taucorr":null},"EnergyVariance":{"Mean":0.00020509473661591373,"Sigma":0.0,"Taucorr":null},"Iteration":79},
{"Acceptance":[0.007304347826086957],"Energy":{"Mean":-2.860205280864641e+18,"Sigma":2.574478995763967e+17,"Taucorr":null},"EnergyVariance":{"Mean":3.2712692162634476e+37,"Sigma":2.208124983818429e+36,"Taucorr":null},"Iteration":80},
{"Acceptance":[0.0010434782608695651],"Energy":{"Mean":-17.999716355100546,"Sigma":0.0,"Taucorr":null},"EnergyVariance":{"Mean":1.7082376599985082e-08,"Sigma":0.0,"Taucorr":null},"Iteration":81},
{"Acceptance":[0.0],"Energy":{"Mean":-16.500002442158294,"Sigma":0.0,"Taucorr":null},"EnergyVariance":{"Mean":0.750007326514642,"Sigma":0.0,"Taucorr":null},"Iteration":82},
{"Acceptance":[0.00034782608695652176],"Energy":{"Mean":-15.379997955561734,"Sigma":0.17962909041918249,"Taucorr":null},"EnergyVariance":{"Mean":7.495589207134087,"Sigma":0.20278668271680408,"Taucorr":null},"Iteration":83},
{"Acceptance":[0.0020869565217391303],"Energy":{"Mean":-18.000044221991757,"Sigma":2.5944265230153854e-06,"Taucorr":null},"EnergyVariance":{"Mean":2.974596224064328e-09,"Sigma":1.9644134588330222e-09,"Taucorr":null},"Iteration":84},
{"Acceptance":[0.00034782608695652176],"Energy":{"Mean":-17.99999999819083,"Sigma":0.0,"Taucorr":null},"EnergyVariance":{"Mean":2.4485660606557668e-18,"Sigma":0.0,"Taucorr":null},"Iteration":85},
{"Acceptance":[0.0010434782608695651],"Energy":{"Mean":-15.249999887823197,"Sigma":0.0,"Taucorr":null},"EnergyVariance":{"Mean":0.18749996638532168,"Sigma":0.0,"Taucorr":null},"Iteration":86},
{"Acceptance":[0.0010434782608695651],"Energy":{"Mean":-16.00000000000867,"Sigma":0.0,"Taucorr":null},"EnergyVariance":{"Mean":3.220161855346288e-22,"Sigma":0.0,"Taucorr":null},"Iteration":87},
{"Acceptance":[0.0],"Energy":{"Mean":-16.000000000000004,"Sigma":0.0,"Taucorr":null},"EnergyVariance":{"Mean":2.035133109457366e-30,"Sigma":0.0,"Taucorr":null},"Iteration":88},
{"Acceptance":[0.0010434782608695651],"Energy":{"Mean":-17.999877615853883,"Sigma":0.0,"Taucorr":null},"EnergyVariance":{"Mean":5.8265960843250886e-08,"Sigma":0.0,"Taucorr":null},"Iteration":89},
{"Acceptance":[0.0],"Energy":{"Mean":-17.999481753164396,"Sigma":0.0,"Taucorr":null},"EnergyVariance":{"Mean":1.4676783324396271e-08,"Sigma":0.0,"Taucorr":null},"Iteration":90},
{"Acceptance":[0.00034782608695652176],"Energy":{"Mean":-15.749750294587491,"Sigma":0.0,"Taucorr":null},"EnergyVariance":{"Mean":1.6863765490680138,"Sigma":0.0,"Taucorr":null},"Iteration":91},
{"Acceptance":[0.002782608695652174],"Energy":{"Mean":-16.23982811784253,"Sigma":0.05095367743548566,"Taucorr":null},"EnergyVariance":{"Mean":0.4217954135353986,"Sigma":0.07739416890192806,"Taucorr":null},"Iteration":92},
{"Acceptance":[0.0],"Energy":{"Mean":-16.999599241738373,"Sigma":0.0002884116223580713,"Taucorr":null},"EnergyVariance":{"Mean":0.9992156856952952,"Sigma":0.000588494001354197,"Taucorr":null},"Iteration":93},
{"Acceptance":[0.004521739130434782],"Energy":{"Mean":-18.08950504227822,"Sigma":0.0628124469816989,"Taucorr":-2.220446049250313e-16},"EnergyVariance":{"Mean":0.6510193613992358,"Sigma":0.6441306044756219,"Taucorr":0.0},"Iteration":94},
{"Acceptance":[0.0010434782608695651],"Energy":{"Mean":-17.00981385047401,"Sigma":0.02236289720334418,"Taucorr":null},"EnergyVariance":{"Mean":3.1373231746770855,"Sigma":0.04732736421516591,"Taucorr":null},"Iteration":95},
{"Acceptance":[0.00034782608695652176],"Energy":{"Mean":-14.307842640638984,"Sigma":0.16858504242868422,"Taucorr":null},"EnergyVariance":{"Mean":16.37320491406261,"Sigma":1.1131580215692163,"Taucorr":null},"Iteration":96},
{"Acceptance":[0.0020869565217391303],"Energy":{"Mean":-17.46273720416967,"Sigma":0.0,"Taucorr":null},"EnergyVariance":{"Mean":0.2893790912293157,"Sigma":0.0,"Taucorr":null},"Iteration":97},
{"Acceptance":[0.0],"Energy":{"Mean":-16.258739432210582,"Sigma":0.0,"Taucorr":null},"EnergyVariance":{"Mean":6.200844414853629,"Sigma":0.0,"Taucorr":null},"Iteration":98},
{"Acceptance":[0.00034782608695652176],"Energy":{"Mean":-15.238795742508739,"Sigma":0.0,"Taucorr":null},"EnergyVariance":{"Mean":5.648674382265723,"Sigma":0.0,"Taucorr":null},"Iteration":99} 
]}
{"input": {"L": 22, "J": 1, "machine": {"type": "FFNN", "model": ["tanh", 117, 7]}, "sampler": {"type": "MetropolisHop", "d_max": 5}, "optimizer": {"type": "AdaMax", "alpha": 0.001, "beta1": 0.9, "beta2": 0.999, "epscut": 1e-07}, "VMC": {"n_samples": 100, "discarded_samples": 100, "discarded_samples_on_init": 0, "target": "energy", "method": "Gd", "diag_shift": 0.01, "use_iterative": true, "use_cholesky": true}, "n_iter": 100}}
duration: -16.07100200653076