{"Output": [
{"Acceptance":[0.9222222222222223],"Energy":{"Mean":6.881862688517393,"Sigma":0.18376425907822322,"Taucorr":-0.17775653558024468},"EnergyVariance":{"Mean":5.05255240223098,"Sigma":0.6522333831796079,"Taucorr":0.005470302407087568},"Iteration":0},
{"Acceptance":[0.8911111111111111],"Energy":{"Mean":7.030155712150522,"Sigma":0.2522094837561412,"Taucorr":0.09010518175891724},"EnergyVariance":{"Mean":5.210481484488721,"Sigma":0.8138444891772563,"Taucorr":0.12735698717018096},"Iteration":1},
{"Acceptance":[0.8927777777777778],"Energy":{"Mean":6.8315827436335335,"Sigma":0.2608506308019326,"Taucorr":0.15739955951977602},"EnergyVariance":{"Mean":5.046351520468893,"Sigma":0.5772725690321675,"Taucorr":-0.014673530687747127},"Iteration":2},
{"Acceptance":[0.8794444444444445],"Energy":{"Mean":7.232887228398269,"Sigma":0.22480539951769335,"Taucorr":0.04433582991956708},"EnergyVariance":{"Mean":4.633182315630003,"Sigma":0.6656462565849909,"Taucorr":-0.044789871064593534},"Iteration":3},
{"Acceptance":[0.8661111111111112],"Energy":{"Mean":7.110162319803263,"Sigma":0.18761620031690165,"Taucorr":-0.08121681255211849},"EnergyVariance":{"Mean":4.214496529075012,"Sigma":0.48476589370560424,"Taucorr":-0.08591983219612054},"Iteration":4},
{"Acceptance":[0.865],"Energy":{"Mean":6.752203094573614,"Sigma":0.1650769390386133,"Taucorr":-0.0631933874756076},"EnergyVariance":{"Mean":3.2151629362804712,"Sigma":0.49304675432666384,"Taucorr":0.03060269918296532},"Iteration":5},
{"Acceptance":[0.8455555555555555],"Energy":{"Mean":6.6071706708357185,"Sigma":0.24735123113494922,"Taucorr":0.005279198045116007},"EnergyVariance":{"Mean":6.144915910185642,"Sigma":0.7878752161669539,"Taucorr":-0.033206647480805984},"Iteration":6},
{"Acceptance":[0.85],"Energy":{"Mean":6.524438130503196,"Sigma":0.18787431552142383,"Taucorr":0.09878182922558554},"EnergyVariance":{"Mean":3.1906057918861417,"Sigma":0.3731560529425316,"Taucorr":0.037897645795633594},"Iteration":7},
{"Acceptance":[0.8327777777777777],"Energy":{"Mean":6.613921531147546,"Sigma":0.24480513027019324,"Taucorr":0.1688722544793515},"EnergyVariance":{"Mean":4.720967318746507,"Sigma":0.5675582776192079,"Taucorr":0.004102106254676552},"Iteration":8},
{"Acceptance":[0.84],"Energy":{"Mean":6.981143709584129,"Sigma":0.19706453555094766,"Taucorr":-0.05403523126270132},"EnergyVariance":{"Mean":4.592035559670489,"Sigma":0.6581475329365738,"Taucorr":0.050284228242696405},"Iteration":9},
{"Acceptance":[0.8311111111111111],"Energy":{"Mean":6.734217233564614,"Sigma":0.2314522451187978,"Taucorr":0.17085436169808166},"EnergyVariance":{"Mean":4.398831628749448,"Sigma":0.5360210033470729,"Taucorr":-0.07847695671732019},"Iteration":10},
{"Acceptance":[0.8205555555555556],"Energy":{"Mean":6.186887337654863,"Sigma":0.2607514041541609,"Taucorr":0.02884115514847707},"EnergyVariance":{"Mean":6.674469297588027,"Sigma":0.9773377370943349,"Taucorr":0.04698064151490622},"Iteration":11},
{"Acceptance":[0.8266666666666667],"Energy":{"Mean":7.0029517666216226,"Sigma":0.24366898869959602,"Taucorr":0.08516706189019696},"EnergyVariance":{"Mean":5.863786858903441,"Sigma":0.6403599737617338,"Taucorr":0.0353230072384243},"Iteration":12},
{"Acceptance":[0.7922222222222223],"Energy":{"Mean":6.027804768827187,"Sigma":0.2638943231766583,"Taucorr":0.1106200136067178},"EnergyVariance":{"Mean":6.439595216486993,"Sigma":0.8664510986273473,"Taucorr":0.08713652571995611},"Iteration":13},
{"Acceptance":[0.7911111111111111],"Energy":{"Mean":6.192345623588249,"Sigma":0.2162705652273662,"Taucorr":0.08828661272618576},"EnergyVariance":{"Mean":4.771017096647592,"Sigma":0.6010281882015962,"Taucorr":0.2764999463962995},"Iteration":14},
{"Acceptance":[0.8038888888888889],"Energy":{"Mean":6.745391861428907,"Sigma":0.21997869063046802,"Taucorr":-0.0031090273804544877},"EnergyVariance":{"Mean":5.535860179586319,"Sigma":0.7722587980685796,"Taucorr":0.13361389914968824},"Iteration":15},
{"Acceptance":[0.8],"Energy":{"Mean":6.284527049466349,"Sigma":0.2573715011121976,"Taucorr":0.009724122808842384},"EnergyVariance":{"Mean":7.029751300385393,"Sigma":0.7022587660386521,"Taucorr":-0.14183488598956673},"Iteration":16},
{"Acceptance":[0.7666666666666667],"Energy":{"Mean":6.671852852472892,"Sigma":0.18935136978630845,"Taucorr":-0.07827652302713622},"EnergyVariance":{"Mean":5.277734114576802,"Sigma":0.6224344233006296,"Taucorr":0.005107280290527871},"Iteration":17},
{"Acceptance":[0.7916666666666666],"Energy":{"Mean":5.9950047868845555,"Sigma":0.19397051728350956,"Taucorr":-0.09719855795673504},"EnergyVariance":{"Mean":5.802083817620022,"Sigma":0.5697155914724922,"Taucorr":0.0494486837236654},"Iteration":18},
{"Acceptance":[0.7583333333333333],"Energy":{"Mean":5.710433682381256,"Sigma":0.2717223473607748,"Taucorr":0.2174801251056484},"EnergyVariance":{"Mean":6.0157200202256895,"Sigma":0.6257434957289075,"Taucorr":-0.053850496804732584},"Iteration":19},
{"Acceptance":[0.7527777777777778],"Energy":{"Mean":6.1005750306152375,"Sigma":0.19799249058656324,"Taucorr":-0.18191537007530934},"EnergyVariance":{"Mean":7.484002839788301,"Sigma":0.8211958027947173,"Taucorr":-0.028396296111350916},"Iteration":20},
{"Acceptance":[0.7472222222222222],"Energy":{"Mean":6.328325404627824,"Sigma":0.27027548725882056,"Taucorr":0.2463051033170588},"EnergyVariance":{"Mean":6.629662598729778,"Sigma":0.7792755400693177,"Taucorr":0.0011609167939784504},"Iteration":21},
{"Acceptance":[0.7266666666666667],"Energy":{"Mean":5.515573818230559,"Sigma":0.296372309420641,"Taucorr":0.25179832557812587},"EnergyVariance":{"Mean":7.086548345626887,"Sigma":0.77147873189348,"Taucorr":-0.07442653512939662},"Iteration":22},
{"Acceptance":[0.73],"Energy":{"Mean":5.8164686104516035,"Sigma":0.3485853586779785,"Taucorr":0.30537649666979305},"EnergyVariance":{"Mean":8.861456377520678,"Sigma":0.9307250714623964,"Taucorr":0.035100343708164394},"Iteration":23},
{"Acceptance":[0.7344444444444445],"Energy":{"Mean":5.745043152953251,"Sigma":0.31603838679391427,"Taucorr":0.21314259057038543},"EnergyVariance":{"Mean":8.487199106002718,"Sigma":0.9355928700095809,"Taucorr":0.047283591165967254},"Iteration":24},
{"Acceptance":[0.7194444444444444],"Energy":{"Mean":5.524825383063964,"Sigma":0.3067137563793579,"Taucorr":0.2900525131885544},"EnergyVariance":{"Mean":8.024130956294702,"Sigma":0.8561690956886098,"Taucorr":0.041399663091579164},"Iteration":25},
{"Acceptance":[0.725],"Energy":{"Mean":5.228182466486535,"Sigma":0.19935660052618404,"Taucorr":-0.05859508531724672},"EnergyVariance":{"Mean":5.83852194460574,"Sigma":0.7604001137612189,"Taucorr":0.22560968284267957},"Iteration":26},
{"Acceptance":[0.67],"Energy":{"Mean":5.719505541841978,"Sigma":0.28230077587157104,"Taucorr":0.2535788866788824},"EnergyVariance":{"Mean":7.382698713651598,"Sigma":0.6317591657274559,"Taucorr":-0.006932903050990036},"Iteration":27},
{"Acceptance":[0.6894444444444444],"Energy":{"Mean":5.5268288598253745,"Sigma":0.23144871002095746,"Taucorr":0.05480905969314298},"EnergyVariance":{"Mean":6.714322256144267,"Sigma":0.8884004051308855,"Taucorr":0.26641183415351866},"Iteration":28},
{"Acceptance":[0.6972222222222222],"Energy":{"Mean":5.105491767899199,"Sigma":0.2777619864975454,"Taucorr":0.12922030580162713},"EnergyVariance":{"Mean":7.863781288311878,"Sigma":0.7691769154002379,"Taucorr":0.001769897388511854},"Iteration":29},
{"Acceptance":[0.6833333333333333],"Energy":{"Mean":4.921497521538122,"Sigma":0.24294214408460027,"Taucorr":0.05839175296242349},"EnergyVariance":{"Mean":7.850059375541907,"Sigma":0.9044789121370025,"Taucorr":0.04846211691184055},"Iteration":30},
{"Acceptance":[0.6683333333333333],"Energy":{"Mean":4.853120819935015,"Sigma":0.28463639493034254,"Taucorr":0.2509054476248599},"EnergyVariance":{"Mean":7.790189677946442,"Sigma":0.6248927944541145,"Taucorr":-0.13971694750314045},"Iteration":31},
{"Acceptance":[0.6672222222222223],"Energy":{"Mean":5.098509625153581,"Sigma":0.2742786003708568,"Taucorr":0.15728292771657226},"EnergyVariance":{"Mean":8.815470978882308,"Sigma":0.8969548244372342,"Taucorr":0.033073254334494706},"Iteration":32},
{"Acceptance":[0.6511111111111111],"Energy":{"Mean":4.580150582342259,"Sigma":0.23160780320449317,"Taucorr":-0.03183705636245021},"EnergyVariance":{"Mean":8.85891444901368,"Sigma":0.8680424902318685,"Taucorr":-0.07214495216030653},"Iteration":33},
{"Acceptance":[0.6338888888888888],"Energy":{"Mean":4.671968546919026,"Sigma":0.20623864522725216,"Taucorr":-0.0620183800155098},"EnergyVariance":{"Mean":7.707648321952778,"Sigma":0.8344110695394054,"Taucorr":-0.0007490598714487429},"Iteration":34},
{"Acceptance":[0.6411111111111111],"Energy":{"Mean":4.6430821853219095,"Sigma":0.3007038565982357,"Taucorr":0.33004519226568263},"EnergyVariance":{"Mean":9.1233845841847,"Sigma":1.1581103913957451,"Taucorr":0.3149043036621252},"Iteration":35},
{"Acceptance":[0.6183333333333333],"Energy":{"Mean":4.617206661252461,"Sigma":0.2917845836810522,"Taucorr":0.09834045204922215},"EnergyVariance":{"Mean":11.08843079823038,"Sigma":1.0308134897567736,"Taucorr":0.04861806544809},"Iteration":36},
{"Acceptance":[0.6033333333333334],"Energy":{"Mean":4.104225890408692,"Sigma":0.30841100411251504,"Taucorr":0.33684223341799546},"EnergyVariance":{"Mean":8.52263408670515,"Sigma":0.8358112007572663,"Taucorr":-0.06472644182186699},"Iteration":37},
{"Acceptance":[0.6272222222222222],"Energy":{"Mean":4.224927343484725,"Sigma":0.2803365362618893,"Taucorr":0.11304044651423162},"EnergyVariance":{"Mean":10.021098221391577,"Sigma":0.9089104697410608,"Taucorr":0.026581799685589824},"Iteration":38},
{"Acceptance":[0.6183333333333333],"Energy":{"Mean":4.143898641353905,"Sigma":0.2768593644155444,"Taucorr":0.13314022658067748},"EnergyVariance":{"Mean":10.296664248975599,"Sigma":1.1728165658212035,"Taucorr":0.1715924879960411},"Iteration":39},
{"Acceptance":[0.5877777777777777],"Energy":{"Mean":3.994396755024471,"Sigma":0.31199201404688726,"Taucorr":0.13862027153176937},"EnergyVariance":{"Mean":11.718486346240608,"Sigma":1.3012897468992726,"Taucorr":0.053072500072834705},"Iteration":40},
{"Acceptance":[0.5738888888888889],"Energy":{"Mean":3.834826483364559,"Sigma":0.26158275473839276,"Taucorr":0.018000772523749098},"EnergyVariance":{"Mean":9.597585030611828,"Sigma":1.212311709556345,"Taucorr":-0.04071050434182405},"Iteration":41},
{"Acceptance":[0.5877777777777777],"Energy":{"Mean":3.348105382635258,"Sigma":0.2917484301097798,"Taucorr":0.20311985588641768},"EnergyVariance":{"Mean":10.799621345776902,"Sigma":1.2122798601526825,"Taucorr":-0.009973827055887619},"Iteration":42},
{"Acceptance":[0.5816666666666667],"Energy":{"Mean":3.6278591820142685,"Sigma":0.2588205445150212,"Taucorr":0.10568951660875103},"EnergyVariance":{"Mean":10.963895167152291,"Sigma":1.45426957980078,"Taucorr":0.11840240880143227},"Iteration":43},
{"Acceptance":[0.5866666666666667],"Energy":{"Mean":3.4750518544605904,"Sigma":0.30650452798225614,"Taucorr":0.2533681054083533},"EnergyVariance":{"Mean":11.740468801075574,"Sigma":1.82440565909482,"Taucorr":0.09244218614013866},"Iteration":44},
{"Acceptance":[0.5522222222222222],"Energy":{"Mean":3.0324768451667636,"Sigma":0.3165758413273384,"Taucorr":0.4070765492938814},"EnergyVariance":{"Mean":9.582452130558874,"Sigma":0.9057604867912805,"Taucorr":-0.2086291235298452},"Iteration":45},
{"Acceptance":[0.5694444444444444],"Energy":{"Mean":3.320307151048981,"Sigma":0.20009042232383994,"Taucorr":-0.0683750508919641},"EnergyVariance":{"Mean":9.70888275271763,"Sigma":1.2943677237983402,"Taucorr":0.06916559470660133},"Iteration":46},
{"Acceptance":[0.5438888888888889],"Energy":{"Mean":3.022937458214805,"Sigma":0.3533976105728807,"Taucorr":0.40582778508236683},"EnergyVariance":{"Mean":10.53959538543141,"Sigma":1.2899748254721537,"Taucorr":0.12127346486813473},"Iteration":47},
{"Acceptance":[0.5677777777777778],"Energy":{"Mean":3.158233098010234,"Sigma":0.28647086689222206,"Taucorr":0.10579679685567},"EnergyVariance":{"Mean":11.9680484436395,"Sigma":1.1810869497094119,"Taucorr":-0.07766728804488093},"Iteration":48},
{"Acceptance":[0.5494444444444444],"Energy":{"Mean":3.362325064086562,"Sigma":0.30317855058052456,"Taucorr":0.2827945386041605},"EnergyVariance":{"Mean":9.580508572477347,"Sigma":1.2399520453831567,"Taucorr":0.11264423263415113},"Iteration":49},
{"Acceptance":[0.5438888888888889],"Energy":{"Mean":2.853595258788118,"Sigma":0.2946307025657529,"Taucorr":0.30534626082704275},"EnergyVariance":{"Mean":11.620553871344121,"Sigma":1.2799418118255879,"Taucorr":-0.018689835382173114},"Iteration":50},
{"Acceptance":[0.5288888888888889],"Energy":{"Mean":2.287251900995008,"Sigma":0.22152590886551454,"Taucorr":0.07422045606622862},"EnergyVariance":{"Mean":8.930389260678286,"Sigma":1.3778589431494492,"Taucorr":0.23841194034791835},"Iteration":51},
{"Acceptance":[0.5433333333333333],"Energy":{"Mean":2.2805584807670183,"Sigma":0.18918504969170352,"Taucorr":-0.1362745496966064},"EnergyVariance":{"Mean":9.522416935156818,"Sigma":1.4544645630240163,"Taucorr":0.18991397504393825},"Iteration":52},
{"Acceptance":[0.49277777777777776],"Energy":{"Mean":2.604684960276024,"Sigma":0.30325591096967813,"Taucorr":0.24669296669068652},"EnergyVariance":{"Mean":13.771189811674324,"Sigma":2.7962288136955387,"Taucorr":0.5730179867682654},"Iteration":53},
{"Acceptance":[0.4822222222222222],"Energy":{"Mean":1.7247998792521884,"Sigma":0.27923339813224934,"Taucorr":0.1104510522176444},"EnergyVariance":{"Mean":9.912120427630118,"Sigma":1.6648204610090696,"Taucorr":0.367409657557932},"Iteration":54},
{"Acceptance":[0.4961111111111111],"Energy":{"Mean":1.535840871724652,"Sigma":0.30237010174280765,"Taucorr":0.15697062148859064},"EnergyVariance":{"Mean":13.500765109410327,"Sigma":3.114099394042623,"Taucorr":0.11016310079663028},"Iteration":55},
{"Acceptance":[0.53],"Energy":{"Mean":2.710848077968574,"Sigma":0.290575541999788,"Taucorr":0.025870904983210097},"EnergyVariance":{"Mean":15.263791633797362,"Sigma":2.644816644799968,"Taucorr":0.3181509471243078},"Iteration":56},
{"Acceptance":[0.5066666666666667],"Energy":{"Mean":1.7220371937764236,"Sigma":0.29312666234353923,"Taucorr":0.20686707726002496},"EnergyVariance":{"Mean":11.941376982877124,"Sigma":1.6382294059752107,"Taucorr":0.1233878220955631},"Iteration":57},
{"Acceptance":[0.505],"Energy":{"Mean":1.7229443014164318,"Sigma":0.21237440726532256,"Taucorr":-0.051970809692217734},"EnergyVariance":{"Mean":10.042592122273941,"Sigma":1.5535341342581237,"Taucorr":0.3913951889238241},"Iteration":58},
{"Acceptance":[0.48833333333333334],"Energy":{"Mean":1.5277870706768797,"Sigma":0.2552115509843915,"Taucorr":0.19250204667487347},"EnergyVariance":{"Mean":8.472800213865742,"Sigma":1.1096903982299349,"Taucorr":0.00022407692862658202},"Iteration":59},
{"Acceptance":[0.49277777777777776],"Energy":{"Mean":1.1100348931044033,"Sigma":0.22699217203559124,"Taucorr":-0.034517788662341675},"EnergyVariance":{"Mean":12.970891647931078,"Sigma":1.8279116919602068,"Taucorr":0.06717786374580059},"Iteration":60},
{"Acceptance":[0.45111111111111113],"Energy":{"Mean":0.7290191989636942,"Sigma":0.26816937669921437,"Taucorr":0.09743567710486867},"EnergyVariance":{"Mean":13.242832620387567,"Sigma":2.6066501539951754,"Taucorr":0.25666269255344043},"Iteration":61},
{"Acceptance":[0.45444444444444443],"Energy":{"Mean":1.2357778120362637,"Sigma":0.25939874978760097,"Taucorr":0.09694358003868475},"EnergyVariance":{"Mean":11.72982689440208,"Sigma":1.3509675017608185,"Taucorr":0.02648844629362679},"Iteration":62},
{"Acceptance":[0.46444444444444444],"Energy":{"Mean":1.257540467974802,"Sigma":0.3453130812963318,"Taucorr":0.3232273411518911},"EnergyVariance":{"Mean":14.570157218941036,"Sigma":2.5826448979944323,"Taucorr":0.21530547293519375},"Iteration":63},
{"Acceptance":[0.4583333333333333],"Energy":{"Mean":1.232374241019526,"Sigma":0.32741832913239916,"Taucorr":0.3494779462797305},"EnergyVariance":{"Mean":13.15581653187495,"Sigma":2.0518547326428513,"Taucorr":0.3490318065011553},"Iteration":64},
{"Acceptance":[0.465],"Energy":{"Mean":0.9815317061841431,"Sigma":0.1926200341978998,"Taucorr":-0.12821150129421305},"EnergyVariance":{"Mean":9.708286308497918,"Sigma":1.4893706265584725,"Taucorr":0.11679035139829508},"Iteration":65},
{"Acceptance":[0.4477777777777778],"Energy":{"Mean":0.5996812752879676,"Sigma":0.24507780420172212,"Taucorr":0.11822266670744108},"EnergyVariance":{"Mean":11.422478955446197,"Sigma":1.6745769078802513,"Taucorr":-0.060702641006215585},"Iteration":66},
{"Acceptance":[0.45611111111111113],"Energy":{"Mean":0.44528598882067433,"Sigma":0.3605022266020123,"Taucorr":0.3320431895124457},"EnergyVariance":{"Mean":14.095979309516222,"Sigma":3.247766126619622,"Taucorr":0.2193143136489536},"Iteration":67},
{"Acceptance":[0.45055555555555554],"Energy":{"Mean":0.18184486865994653,"Sigma":0.2884747842149461,"Taucorr":0.20517023888166308},"EnergyVariance":{"Mean":12.926141493019735,"Sigma":2.331063291249565,"Taucorr":0.18177406781535377},"Iteration":68},
{"Acceptance":[0.4577777777777778],"Energy":{"Mean":0.24152446890895968,"Sigma":0.3635609942920006,"Taucorr":0.3757211377313576},"EnergyVariance":{"Mean":13.90391926404776,"Sigma":1.7620125351490223,"Taucorr":-0.002072870947015304},"Iteration":69},
{"Acceptance":[0.45111111111111113],"Energy":{"Mean":0.09765978186545339,"Sigma":0.2806371209835839,"Taucorr":0.05419412367629817},"EnergyVariance":{"Mean":12.365417448155581,"Sigma":1.593770440688758,"Taucorr":-0.07980891617739222},"Iteration":70},
{"Acceptance":[0.45],"Energy":{"Mean":-0.09568071370028133,"Sigma":0.24563499416558646,"Taucorr":0.13871034054784148},"EnergyVariance":{"Mean":10.242108196457027,"Sigma":1.3144750281882256,"Taucorr":-0.09181889081987243},"Iteration":71},
{"Acceptance":[0.43666666666666665],"Energy":{"Mean":-0.29933022509868384,"Sigma":0.3324654531758149,"Taucorr":0.30075212834691667},"EnergyVariance":{"Mean":16.73849937278629,"Sigma":5.4495941080449635,"Taucorr":0.25106299296544166},"Iteration":72},
{"Acceptance":[0.42777777777777776],"Energy":{"Mean":0.10017338589024952,"Sigma":0.35581580118765715,"Taucorr":0.4419840324998341},"EnergyVariance":{"Mean":11.752018965288396,"Sigma":2.2317072381211407,"Taucorr":0.2025209759298735},"Iteration":73},
{"Acceptance":[0.45222222222222225],"Energy":{"Mean":-0.30463952582499154,"Sigma":0.2777455991501311,"Taucorr":0.08550499111410625},"EnergyVariance":{"Mean":16.224885516955855,"Sigma":3.3202844064756096,"Taucorr":0.3854447691989996},"Iteration":74},
{"Acceptance":[0.4027777777777778],"Energy":{"Mean":-0.6879660368739732,"Sigma":0.3486661879007675,"Taucorr":0.28167025012476943},"EnergyVariance":{"Mean":15.52554441602232,"Sigma":2.809565619025396,"Taucorr":0.14296555634260355},"Iteration":75},
{"Acceptance":[0.4161111111111111],"Energy":{"Mean":-0.8178522708434214,"Sigma":0.37467643323687955,"Taucorr":0.41770309232580194},"EnergyVariance":{"Mean":12.088485363504574,"Sigma":2.17575376362044,"Taucorr":0.18344716252292448},"Iteration":76},
{"Acceptance":[0.4288888888888889],"Energy":{"Mean":-0.5563096138501378,"Sigma":0.3141507399739014,"Taucorr":0.28184908168673073},"EnergyVariance":{"Mean":14.453892209391965,"Sigma":2.1316812421526996,"Taucorr":-0.05374622900964887},"Iteration":77},
{"Acceptance":[0.3894444444444444],"Energy":{"Mean":-2.0786048680558378,"Sigma":0.3636823530920724,"Taucorr":0.5286426387846155},"EnergyVariance":{"Mean":10.151499479914037,"Sigma":1.3229172983066169,"Taucorr":0.14878616813409118},"Iteration":78},
{"Acceptance":[0.4061111111111111],"Energy":{"Mean":-1.8662722950289656,"Sigma":0.4377142382114873,"Taucorr":0.4741810652273265},"EnergyVariance":{"Mean":22.3300521219456,"Sigma":3.4849914368822605,"Taucorr":0.1529360572841959},"Iteration":79},
{"Acceptance":[0.4066666666666667],"Energy":{"Mean":-1.3492797567411174,"Sigma":0.3853339489107513,"Taucorr":0.3317408387907531},"EnergyVariance":{"Mean":15.196408465454141,"Sigma":2.3752993014908705,"Taucorr":0.08982754631147338},"Iteration":80},
{"Acceptance":[0.3338888888888889],"Energy":{"Mean":-3.5511696014619965,"Sigma":0.38408300596296646,"Taucorr":0.22890775302737432},"EnergyVariance":{"Mean":18.88983457581805,"Sigma":4.3438060661639195,"Taucorr":0.16549259707819264},"Iteration":81},
{"Acceptance":[0.30666666666666664],"Energy":{"Mean":-2.5734763431306664,"Sigma":0.39722683646446266,"Taucorr":0.5636441326441484},"EnergyVariance":{"Mean":12.790291207751627,"Sigma":1.388941560501603,"Taucorr":0.0965202870808276},"Iteration":82},
{"Acceptance":[0.33611111111111114],"Energy":{"Mean":-1.8153727288712134,"Sigma":0.4290940750820755,"Taucorr":0.5026514175069667},"EnergyVariance":{"Mean":17.835782433612376,"Sigma":2.660435253391095,"Taucorr":0.008836003018122818},"Iteration":83},
{"Acceptance":[0.28944444444444445],"Energy":{"Mean":-2.4896139785388347,"Sigma":0.39138800419461905,"Taucorr":0.47409488993677806},"EnergyVariance":{"Mean":13.936243981450554,"Sigma":1.741747558468869,"Taucorr":0.06448169651056579},"Iteration":84},
{"Acceptance":[0.205],"Energy":{"Mean":-4.612416710867312,"Sigma":0.33228647597972394,"Taucorr":0.24810631969479413},"EnergyVariance":{"Mean":29.834382929626088,"Sigma":17.933989462026215,"Taucorr":0.03742249975984735},"Iteration":85},
{"Acceptance":[0.21833333333333332],"Energy":{"Mean":-3.6275871631412384,"Sigma":0.3303900138569999,"Taucorr":0.47893770460055773},"EnergyVariance":{"Mean":11.169770148459758,"Sigma":1.9886753117920657,"Taucorr":0.21638919331754447},"Iteration":86},
{"Acceptance":[0.18888888888888888],"Energy":{"Mean":-4.814652033075139,"Sigma":0.3633948392152239,"Taucorr":0.701963201732291},"EnergyVariance":{"Mean":8.045055493363273,"Sigma":2.228892522981513,"Taucorr":0.7076611660151431},"Iteration":87},
{"Acceptance":[0.12555555555555556],"Energy":{"Mean":-4.661887418033287,"Sigma":0.37127709821722205,"Taucorr":0.3895190225853383},"EnergyVariance":{"Mean":14.643922897319333,"Sigma":7.220788854880691,"Taucorr":0.18317563411522142},"Iteration":88},
{"Acceptance":[0.03722222222222222],"Energy":{"Mean":-7.331254311364106,"Sigma":0.16508518626972685,"Taucorr":0.5541993569909678},"EnergyVariance":{"Mean":2.914811538577611,"Sigma":1.8494696269319093,"Taucorr":0.9440223998496675},"Iteration":89},
{"Acceptance":[0.0038888888888888888],"Energy":{"Mean":-7.923422213900432,"Sigma":0.08155080927941458,"Taucorr":1.2384137601528906},"EnergyVariance":{"Mean":0.19311047367971343,"Sigma":0.14343749099177242,"Taucorr":1.2384137601528915},"Iteration":90},
{"Acceptance":[0.0022222222222222222],"Energy":{"Mean":-7.8951722411683125,"Sigma":0.08217394530837191,"Taucorr":1.0144927536231878},"EnergyVariance":{"Mean":0.21557280703908632,"Sigma":0.13880703551380633,"Taucorr":1.0144927536231885},"Iteration":91},
{"Acceptance":[0.0],"Energy":{"Mean":-8.00757429867328,"Sigma":0.0,"Taucorr":null},"EnergyVariance":{"Mean":5.174205847111291e-05,"Sigma":0.0,"Taucorr":null},"Iteration":92},
{"Acceptance":[0.0],"Energy":{"Mean":-8.003899922675748,"Sigma":0.0,"Taucorr":null},"EnergyVariance":{"Mean":1.3529488447961508e-06,"Sigma":0.0,"Taucorr":null},"Iteration":93},
{"Acceptance":[0.0],"Energy":{"Mean":-8.001774492667385,"Sigma":0.0,"Taucorr":null},"EnergyVariance":{"Mean":2.3706849175873235e-07,"Sigma":0.0,"Taucorr":null},"Iteration":94},
{"Acceptance":[0.0],"Energy":{"Mean":-8.000623402694739,"Sigma":0.0,"Taucorr":null},"EnergyVariance":{"Mean":5.445002555997422e-07,"Sigma":0.0,"Taucorr":null},"Iteration":95},
{"Acceptance":[0.0],"Energy":{"Mean":-8.000053602541007,"Sigma":0.0,"Taucorr":null},"EnergyVariance":{"Mean":3.355794120842549e-07,"Sigma":0.0,"Taucorr":null},"Iteration":96},
{"Acceptance":[0.0],"Energy":{"Mean":-7.999811358091901,"Sigma":0.0,"Taucorr":null},"EnergyVariance":{"Mean":1.1999651932696373e-07,"Sigma":0.0,"Taucorr":null},"Iteration":97},
{"Acceptance":[0.0],"Energy":{"Mean":-7.999743525988511,"Sigma":0.0,"Taucorr":null},"EnergyVariance":{"Mean":2.114949627350656e-08,"Sigma":0.0,"Taucorr":null},"Iteration":98},
{"Acceptance":[0.0],"Energy":{"Mean":-7.999761814009201,"Sigma":0.0,"Taucorr":null},"EnergyVariance":{"Mean":4.4856305071226693e-13,"Sigma":0.0,"Taucorr":null},"Iteration":99} 
]}
{"input": {"L": 8, "J": 1, "machine": {"type": "FFNN", "model": ["relu", 7, 3]}, "sampler": {"type": "MetropolisHop", "d_max": 5}, "optimizer": {"type": "AdaMax", "alpha": 0.001, "beta1": 0.9, "beta2": 0.999, "epscut": 1e-07}, "VMC": {"n_samples": 100, "discarded_samples": 100, "discarded_samples_on_init": 0, "target": "energy", "method": "Gd", "diag_shift": 0.01, "use_iterative": true, "use_cholesky": true}, "n_iter": 100}}
duration: -0.7915439605712891