{"Output": [
{"Acceptance":[0.8588888888888889],"Energy":{"Mean":6.791072788058088,"Sigma":0.20751723821880527,"Taucorr":-0.025563917261876568},"EnergyVariance":{"Mean":4.438926123796095,"Sigma":0.5314374133010199,"Taucorr":-0.05006754036080319},"Iteration":0},
{"Acceptance":[0.7927777777777778],"Energy":{"Mean":6.853682926946313,"Sigma":0.31169904912526364,"Taucorr":0.3499521472600253},"EnergyVariance":{"Mean":5.742726483705691,"Sigma":0.7710033656097869,"Taucorr":-0.08447825305836937},"Iteration":1},
{"Acceptance":[0.725],"Energy":{"Mean":6.1486900153612,"Sigma":0.2400009842294166,"Taucorr":0.0868732207613706},"EnergyVariance":{"Mean":4.9666973857420835,"Sigma":0.604613820492543,"Taucorr":-0.09359863341144814},"Iteration":2},
{"Acceptance":[0.665],"Energy":{"Mean":5.5800340751632955,"Sigma":0.24094822242094,"Taucorr":-0.009671137681059983},"EnergyVariance":{"Mean":6.06990638888938,"Sigma":0.6622317507183335,"Taucorr":-0.17363619453226053},"Iteration":3},
{"Acceptance":[0.66],"Energy":{"Mean":5.805151768885759,"Sigma":0.29252828361606525,"Taucorr":0.2246903746336164},"EnergyVariance":{"Mean":6.2978434005977935,"Sigma":0.7316169846940387,"Taucorr":-0.07629437054402305},"Iteration":4},
{"Acceptance":[0.6111111111111112],"Energy":{"Mean":5.273556942109387,"Sigma":0.33621231877992785,"Taucorr":0.25597397475153894},"EnergyVariance":{"Mean":8.090046310729761,"Sigma":1.0172451192913983,"Taucorr":0.11120234206453339},"Iteration":5},
{"Acceptance":[0.5877777777777777],"Energy":{"Mean":4.805462082777563,"Sigma":0.26029394223088237,"Taucorr":0.06825908432754346},"EnergyVariance":{"Mean":6.852671865610971,"Sigma":1.153192300055526,"Taucorr":0.183629189267294},"Iteration":6},
{"Acceptance":[0.5294444444444445],"Energy":{"Mean":4.5683596673084494,"Sigma":0.32630851307643066,"Taucorr":0.1651405103739979},"EnergyVariance":{"Mean":8.945636054439664,"Sigma":1.1550283121848404,"Taucorr":-0.14588448838447665},"Iteration":7},
{"Acceptance":[0.5205555555555555],"Energy":{"Mean":4.36692211659715,"Sigma":0.42525151892184226,"Taucorr":0.3228752215413857},"EnergyVariance":{"Mean":11.822563262766698,"Sigma":1.5484597544372194,"Taucorr":-0.04641572893714008},"Iteration":8},
{"Acceptance":[0.4638888888888889],"Energy":{"Mean":3.6716913701984253,"Sigma":0.36809921081396096,"Taucorr":0.3621514058422024},"EnergyVariance":{"Mean":8.975698556843202,"Sigma":1.0924580190033657,"Taucorr":0.09900076402840152},"Iteration":9},
{"Acceptance":[0.4266666666666667],"Energy":{"Mean":3.087925812840705,"Sigma":0.39228747646870227,"Taucorr":0.28267678707467747},"EnergyVariance":{"Mean":10.6730466556536,"Sigma":1.6910140912494374,"Taucorr":0.17818402053891869},"Iteration":10},
{"Acceptance":[0.4088888888888889],"Energy":{"Mean":2.5377124460150693,"Sigma":0.32976592607716176,"Taucorr":0.22450361169026178},"EnergyVariance":{"Mean":9.320753889196663,"Sigma":0.9423020157883416,"Taucorr":-0.007998610095251546},"Iteration":11},
{"Acceptance":[0.39666666666666667],"Energy":{"Mean":2.9165040512346394,"Sigma":0.4384464326681553,"Taucorr":0.459382612780431},"EnergyVariance":{"Mean":11.919445453306174,"Sigma":1.798764846953414,"Taucorr":0.0926506573167375},"Iteration":12},
{"Acceptance":[0.3477777777777778],"Energy":{"Mean":2.573320893880183,"Sigma":0.36520215563991293,"Taucorr":0.4592239271280171},"EnergyVariance":{"Mean":9.743189385689314,"Sigma":1.3996061512370344,"Taucorr":0.305085287098796},"Iteration":13},
{"Acceptance":[0.35333333333333333],"Energy":{"Mean":2.0745809404394207,"Sigma":0.3245019510155978,"Taucorr":0.12096000783162064},"EnergyVariance":{"Mean":11.547388213110118,"Sigma":1.3675587326327752,"Taucorr":-0.04966554323543032},"Iteration":14},
{"Acceptance":[0.32944444444444443],"Energy":{"Mean":1.1418169650547219,"Sigma":0.37578052251631305,"Taucorr":0.4420935851206038},"EnergyVariance":{"Mean":9.75331328315818,"Sigma":3.5005041637767773,"Taucorr":0.46805899190545597},"Iteration":15},
{"Acceptance":[0.2872222222222222],"Energy":{"Mean":1.162078267153427,"Sigma":0.40676687758964297,"Taucorr":0.6202859928183617},"EnergyVariance":{"Mean":9.511847717569756,"Sigma":2.0526243474887886,"Taucorr":0.29057672657122424},"Iteration":16},
{"Acceptance":[0.3061111111111111],"Energy":{"Mean":0.9614928152779365,"Sigma":0.3262632577485115,"Taucorr":0.323498214584542},"EnergyVariance":{"Mean":9.563624885590785,"Sigma":1.562627342029446,"Taucorr":0.055386645988541816},"Iteration":17},
{"Acceptance":[0.29333333333333333],"Energy":{"Mean":0.8142240943595831,"Sigma":0.45218608340859023,"Taucorr":0.6928640738811891},"EnergyVariance":{"Mean":10.448243366992624,"Sigma":3.0091722391383127,"Taucorr":0.5489564186160432},"Iteration":18},
{"Acceptance":[0.2727777777777778],"Energy":{"Mean":0.2709660789012327,"Sigma":0.2940344735089896,"Taucorr":0.09021711179233183},"EnergyVariance":{"Mean":11.476251634241047,"Sigma":2.0926269092231524,"Taucorr":-0.07061475199623041},"Iteration":19},
{"Acceptance":[0.25222222222222224],"Energy":{"Mean":0.38917827413150424,"Sigma":0.3753449038015522,"Taucorr":0.29765786493583735},"EnergyVariance":{"Mean":12.475458518953893,"Sigma":3.109271863865284,"Taucorr":0.07410985395236902},"Iteration":20},
{"Acceptance":[0.2561111111111111],"Energy":{"Mean":-0.13484989007105458,"Sigma":0.2831806657029653,"Taucorr":0.24908192441265165},"EnergyVariance":{"Mean":7.7458627818131705,"Sigma":0.8940762627521781,"Taucorr":-0.10273886579691927},"Iteration":21},
{"Acceptance":[0.25333333333333335],"Energy":{"Mean":0.9079930006124912,"Sigma":0.421314181372385,"Taucorr":0.5248253323106835},"EnergyVariance":{"Mean":15.099770300293821,"Sigma":2.9770657943359757,"Taucorr":0.20168812746670894},"Iteration":22},
{"Acceptance":[0.2238888888888889],"Energy":{"Mean":-0.4137624452116629,"Sigma":0.41251800052980225,"Taucorr":0.5867869642138419},"EnergyVariance":{"Mean":13.23610494267223,"Sigma":3.2844275134621124,"Taucorr":0.728295303198131},"Iteration":23},
{"Acceptance":[0.21944444444444444],"Energy":{"Mean":-0.9789884939240915,"Sigma":0.32244417685958265,"Taucorr":0.4546422709434097},"EnergyVariance":{"Mean":7.0826552438228445,"Sigma":1.4477240599162386,"Taucorr":0.207211960883945},"Iteration":24},
{"Acceptance":[0.22],"Energy":{"Mean":-0.8500882098143053,"Sigma":0.37346889390378835,"Taucorr":0.6178493090815482},"EnergyVariance":{"Mean":8.283505844130682,"Sigma":1.983078284082975,"Taucorr":0.32148261409922996},"Iteration":25},
{"Acceptance":[0.20777777777777778],"Energy":{"Mean":-1.0652813799989718,"Sigma":0.29692191438879617,"Taucorr":0.37306991819685464},"EnergyVariance":{"Mean":7.644393006028142,"Sigma":2.0509413892914465,"Taucorr":0.10097607673706865},"Iteration":26},
{"Acceptance":[0.20333333333333334],"Energy":{"Mean":-0.7855491298110363,"Sigma":0.4295552802467085,"Taucorr":0.8001029876336896},"EnergyVariance":{"Mean":15.754561151251457,"Sigma":4.250323682379109,"Taucorr":0.20080807695704173},"Iteration":27},
{"Acceptance":[0.21777777777777776],"Energy":{"Mean":-0.03001624497096511,"Sigma":0.48312982253385367,"Taucorr":0.5033491075870191},"EnergyVariance":{"Mean":15.141932132310615,"Sigma":3.1694150020729133,"Taucorr":0.1896275609100495},"Iteration":28},
{"Acceptance":[0.1688888888888889],"Energy":{"Mean":-1.225698647484561,"Sigma":0.3697610317690201,"Taucorr":0.47899756621973766},"EnergyVariance":{"Mean":11.110778375623278,"Sigma":2.7371664841215844,"Taucorr":0.23426650761635115},"Iteration":29},
{"Acceptance":[0.18388888888888888],"Energy":{"Mean":-1.9447612852749514,"Sigma":0.20799710075564795,"Taucorr":0.14866300156890278},"EnergyVariance":{"Mean":5.770060698079372,"Sigma":1.9934796173365277,"Taucorr":0.09670088871729288},"Iteration":30},
{"Acceptance":[0.18777777777777777],"Energy":{"Mean":-1.284622352311321,"Sigma":0.26625010752204215,"Taucorr":0.41439453067246335},"EnergyVariance":{"Mean":8.349636727323935,"Sigma":2.109919737255214,"Taucorr":0.14181069518234057},"Iteration":31},
{"Acceptance":[0.17444444444444446],"Energy":{"Mean":-1.7668498769962713,"Sigma":0.3928112725303772,"Taucorr":0.6310578091840173},"EnergyVariance":{"Mean":9.371175550492897,"Sigma":2.751847125651796,"Taucorr":0.3697596306421922},"Iteration":32},
{"Acceptance":[0.165],"Energy":{"Mean":-2.0184916242022135,"Sigma":0.22616835527571652,"Taucorr":0.3332580460515574},"EnergyVariance":{"Mean":4.863170383889262,"Sigma":1.1247452042187742,"Taucorr":0.03715924146940297},"Iteration":33},
{"Acceptance":[0.16555555555555557],"Energy":{"Mean":-2.165002472196623,"Sigma":0.21080618556886996,"Taucorr":0.22392356991158657},"EnergyVariance":{"Mean":5.865595135130511,"Sigma":1.2778623613218787,"Taucorr":0.09445919577111173},"Iteration":34},
{"Acceptance":[0.17055555555555554],"Energy":{"Mean":-1.846546442633771,"Sigma":0.2491402184594425,"Taucorr":0.44628995022635276},"EnergyVariance":{"Mean":4.486583210103171,"Sigma":1.0704820663910486,"Taucorr":0.10050304688865708},"Iteration":35},
{"Acceptance":[0.1661111111111111],"Energy":{"Mean":-1.3921153484604405,"Sigma":0.373378585573569,"Taucorr":0.4083243724247857},"EnergyVariance":{"Mean":10.696214980000907,"Sigma":3.2046848938131083,"Taucorr":0.10863022916678533},"Iteration":36},
{"Acceptance":[0.14444444444444443],"Energy":{"Mean":-2.255729077375615,"Sigma":0.1821072096986707,"Taucorr":0.17360296037023804},"EnergyVariance":{"Mean":5.488346610821646,"Sigma":1.4980137915038556,"Taucorr":0.06870448715217148},"Iteration":37},
{"Acceptance":[0.15],"Energy":{"Mean":-1.8991353701102849,"Sigma":0.28542355614247256,"Taucorr":0.653990712156546},"EnergyVariance":{"Mean":7.832716281993003,"Sigma":2.4727646149699862,"Taucorr":0.5454738681993636},"Iteration":38},
{"Acceptance":[0.14277777777777778],"Energy":{"Mean":-2.2887551051049866,"Sigma":0.23183437184498362,"Taucorr":0.3605432416775495},"EnergyVariance":{"Mean":6.4380160479502955,"Sigma":2.0826575346008624,"Taucorr":0.22950599920063097},"Iteration":39},
{"Acceptance":[0.145],"Energy":{"Mean":-1.9017510744716277,"Sigma":0.29378427870698176,"Taucorr":0.23742426906622605},"EnergyVariance":{"Mean":11.77482724123907,"Sigma":3.044012471559071,"Taucorr":0.07743442673301415},"Iteration":40},
{"Acceptance":[0.13333333333333333],"Energy":{"Mean":-2.2208077522823224,"Sigma":0.24855458816058412,"Taucorr":0.33633920772954806},"EnergyVariance":{"Mean":7.3848380567213265,"Sigma":2.0349130228774754,"Taucorr":0.18794941224900374},"Iteration":41},
{"Acceptance":[0.14666666666666667],"Energy":{"Mean":-2.4867668763685034,"Sigma":0.23910350087882626,"Taucorr":0.5229869777285123},"EnergyVariance":{"Mean":4.32578438932788,"Sigma":1.1868989628479807,"Taucorr":0.17752940745446166},"Iteration":42},
{"Acceptance":[0.12166666666666667],"Energy":{"Mean":-2.0320409739374488,"Sigma":0.21004589893504821,"Taucorr":0.1601036633034234},"EnergyVariance":{"Mean":5.099560300251036,"Sigma":1.3100070627819902,"Taucorr":0.048871325935157306},"Iteration":43},
{"Acceptance":[0.15166666666666667],"Energy":{"Mean":-2.386745850923847,"Sigma":0.280319669963829,"Taucorr":0.5500921825897931},"EnergyVariance":{"Mean":3.9916405722178667,"Sigma":1.7435645665117034,"Taucorr":0.10604694565093131},"Iteration":44},
{"Acceptance":[0.14],"Energy":{"Mean":-2.1717773399132234,"Sigma":0.21647677728382025,"Taucorr":0.04334236562540272},"EnergyVariance":{"Mean":6.513573873508435,"Sigma":2.6275643914220823,"Taucorr":0.7372228786945179},"Iteration":45},
{"Acceptance":[0.13833333333333334],"Energy":{"Mean":-2.2116868259960505,"Sigma":0.29406691035979104,"Taucorr":0.7362313129681433},"EnergyVariance":{"Mean":4.27328174190297,"Sigma":1.2823300459681404,"Taucorr":0.10036363616740607},"Iteration":46},
{"Acceptance":[0.14555555555555555],"Energy":{"Mean":-2.6696023413065255,"Sigma":0.24859708269652564,"Taucorr":0.28318697720364483},"EnergyVariance":{"Mean":8.191363144797913,"Sigma":2.833772422123555,"Taucorr":0.2688698852105992},"Iteration":47},
{"Acceptance":[0.12277777777777778],"Energy":{"Mean":-2.7212891243285013,"Sigma":0.19332461355501748,"Taucorr":0.2227903195627382},"EnergyVariance":{"Mean":4.120172663050675,"Sigma":1.5709177696468128,"Taucorr":0.024703640354039935},"Iteration":48},
{"Acceptance":[0.10833333333333334],"Energy":{"Mean":-3.052535712351938,"Sigma":0.16457134130944256,"Taucorr":0.2675349359309034},"EnergyVariance":{"Mean":2.1940273590650006,"Sigma":0.8258126177668955,"Taucorr":-0.019021079266205942},"Iteration":49},
{"Acceptance":[0.1272222222222222],"Energy":{"Mean":-2.809909718418947,"Sigma":0.15611673656922362,"Taucorr":0.011880051722985785},"EnergyVariance":{"Mean":3.34644728641263,"Sigma":1.300114127737891,"Taucorr":-0.01265990790075433},"Iteration":50},
{"Acceptance":[0.125],"Energy":{"Mean":-2.6620845121541716,"Sigma":0.30357193031721735,"Taucorr":0.2586217678151135},"EnergyVariance":{"Mean":10.062135784621596,"Sigma":3.010604885099073,"Taucorr":0.025716738352558388},"Iteration":51},
{"Acceptance":[0.11666666666666667],"Energy":{"Mean":-2.910101142939511,"Sigma":0.2020963309863156,"Taucorr":0.32116575369071887},"EnergyVariance":{"Mean":4.048000428240383,"Sigma":0.8615488752118338,"Taucorr":-0.02688043202132767},"Iteration":52},
{"Acceptance":[0.10944444444444444],"Energy":{"Mean":-2.575090390511326,"Sigma":0.3524156156119364,"Taucorr":0.19710899916593638},"EnergyVariance":{"Mean":12.251675538692531,"Sigma":4.271069264923247,"Taucorr":0.02488050784398288},"Iteration":53},
{"Acceptance":[0.12944444444444445],"Energy":{"Mean":-2.7824338968258577,"Sigma":0.2732211940928354,"Taucorr":0.2167952142845444},"EnergyVariance":{"Mean":8.88613380264485,"Sigma":3.086931115763715,"Taucorr":0.021745476767064842},"Iteration":54},
{"Acceptance":[0.13277777777777777],"Energy":{"Mean":-2.1356495997841587,"Sigma":0.28415600394611706,"Taucorr":0.13163283655626645},"EnergyVariance":{"Mean":13.411728150048818,"Sigma":3.5855571595089373,"Taucorr":0.2725942810769968},"Iteration":55},
{"Acceptance":[0.1238888888888889],"Energy":{"Mean":-2.755994912931219,"Sigma":0.2934499291315842,"Taucorr":0.3551345195317719},"EnergyVariance":{"Mean":5.686883235595944,"Sigma":2.801312947420288,"Taucorr":0.04891085150783436},"Iteration":56},
{"Acceptance":[0.12777777777777777],"Energy":{"Mean":-2.809754740797898,"Sigma":0.23756846798241435,"Taucorr":0.18004906829358114},"EnergyVariance":{"Mean":6.790079968748003,"Sigma":2.835326233985013,"Taucorr":0.06555972884633632},"Iteration":57},
{"Acceptance":[0.12833333333333333],"Energy":{"Mean":-2.9842776581915853,"Sigma":0.3019544704018251,"Taucorr":0.11911461963185854},"EnergyVariance":{"Mean":12.711200036178885,"Sigma":4.210650757768679,"Taucorr":0.21182012603662237},"Iteration":58},
{"Acceptance":[0.11277777777777778],"Energy":{"Mean":-2.518254459620479,"Sigma":0.4236237487891321,"Taucorr":0.7777144237806142},"EnergyVariance":{"Mean":9.418696152984005,"Sigma":5.071800476815331,"Taucorr":0.5625732552313181},"Iteration":59},
{"Acceptance":[0.1361111111111111],"Energy":{"Mean":-2.6163114975559854,"Sigma":0.21116416066651253,"Taucorr":0.2829510974442361},"EnergyVariance":{"Mean":7.839130953376403,"Sigma":3.248588483756799,"Taucorr":0.4753244273839733},"Iteration":60},
{"Acceptance":[0.10055555555555555],"Energy":{"Mean":-2.9419795846152748,"Sigma":0.1660784159207568,"Taucorr":0.23575407377136837},"EnergyVariance":{"Mean":4.0606862479161885,"Sigma":1.555971258020528,"Taucorr":-0.04193274994705126},"Iteration":61},
{"Acceptance":[0.10388888888888889],"Energy":{"Mean":-3.007215427683878,"Sigma":0.1825652474167051,"Taucorr":0.21496316086814837},"EnergyVariance":{"Mean":5.293007047925724,"Sigma":1.606069355199926,"Taucorr":0.5143824607391949},"Iteration":62},
{"Acceptance":[0.13555555555555557],"Energy":{"Mean":-2.3295850583625914,"Sigma":0.24634825492820903,"Taucorr":0.2863593981267303},"EnergyVariance":{"Mean":6.157165849139457,"Sigma":2.0079198778004455,"Taucorr":0.17338327924776498},"Iteration":63},
{"Acceptance":[0.125],"Energy":{"Mean":-2.342724286222326,"Sigma":0.4058807266050948,"Taucorr":0.5620468118829309},"EnergyVariance":{"Mean":10.309447870030064,"Sigma":4.615409958985968,"Taucorr":0.22106905180248726},"Iteration":64},
{"Acceptance":[0.12333333333333334],"Energy":{"Mean":-2.611787896083722,"Sigma":0.2999694091381623,"Taucorr":0.47285127001235594},"EnergyVariance":{"Mean":9.127579607013027,"Sigma":2.6233210990850826,"Taucorr":0.1705483361620509},"Iteration":65},
{"Acceptance":[0.10944444444444444],"Energy":{"Mean":-2.847370528395083,"Sigma":0.2803605571677002,"Taucorr":0.7703718016974732},"EnergyVariance":{"Mean":5.150157957619877,"Sigma":1.178877938795873,"Taucorr":0.079332205648455},"Iteration":66},
{"Acceptance":[0.11777777777777777],"Energy":{"Mean":-2.8910968824937897,"Sigma":0.22768095167048658,"Taucorr":0.3426334040478569},"EnergyVariance":{"Mean":5.483773253257636,"Sigma":1.586591824097664,"Taucorr":0.03821093238336637},"Iteration":67},
{"Acceptance":[0.10611111111111111],"Energy":{"Mean":-3.186110931226415,"Sigma":0.30349231485110423,"Taucorr":0.49919605654232846},"EnergyVariance":{"Mean":10.614147012484969,"Sigma":3.9825211971829764,"Taucorr":0.32257835955633885},"Iteration":68},
{"Acceptance":[0.12611111111111112],"Energy":{"Mean":-2.74730513605291,"Sigma":0.24444385845312427,"Taucorr":0.2574997220613655},"EnergyVariance":{"Mean":5.8135973576776525,"Sigma":1.8698910666563402,"Taucorr":0.0027967546031030244},"Iteration":69},
{"Acceptance":[0.11444444444444445],"Energy":{"Mean":-3.0961451681692553,"Sigma":0.20042441897761215,"Taucorr":0.4070877707591637},"EnergyVariance":{"Mean":5.2302489076546195,"Sigma":1.7798116244580375,"Taucorr":0.050150485570312986},"Iteration":70},
{"Acceptance":[0.11222222222222222],"Energy":{"Mean":-2.9870605746446257,"Sigma":0.12149771294511076,"Taucorr":0.003220628204242515},"EnergyVariance":{"Mean":3.210437697773736,"Sigma":1.4963501964460462,"Taucorr":0.449139260934039},"Iteration":71},
{"Acceptance":[0.10222222222222223],"Energy":{"Mean":-2.267388119129977,"Sigma":0.5435075308393945,"Taucorr":0.8022266064041785},"EnergyVariance":{"Mean":13.58433206709122,"Sigma":9.042480845860359,"Taucorr":0.9540622753130958},"Iteration":72},
{"Acceptance":[0.11944444444444445],"Energy":{"Mean":-2.5870482741976266,"Sigma":0.2742238936898213,"Taucorr":0.2789449682821331},"EnergyVariance":{"Mean":7.755857118947638,"Sigma":3.0739748092634778,"Taucorr":0.23521060100061664},"Iteration":73},
{"Acceptance":[0.08611111111111111],"Energy":{"Mean":-3.0216807037547193,"Sigma":0.23277351342565306,"Taucorr":0.4078991383283328},"EnergyVariance":{"Mean":5.48388993616186,"Sigma":2.406987987415312,"Taucorr":0.3779613418024199},"Iteration":74},
{"Acceptance":[0.09333333333333334],"Energy":{"Mean":-3.014822244854052,"Sigma":0.20946040528213,"Taucorr":0.5267175293502036},"EnergyVariance":{"Mean":2.3180464822891067,"Sigma":0.32725684929530807,"Taucorr":0.1301601190676599},"Iteration":75},
{"Acceptance":[0.09944444444444445],"Energy":{"Mean":-2.5534978330193927,"Sigma":0.3331408573044853,"Taucorr":0.26436426367910804},"EnergyVariance":{"Mean":10.237962387969324,"Sigma":4.718216058100074,"Taucorr":0.06772185147065157},"Iteration":76},
{"Acceptance":[0.11333333333333333],"Energy":{"Mean":-3.1848263148567835,"Sigma":0.18861306195519983,"Taucorr":0.2745787206294322},"EnergyVariance":{"Mean":3.3163810682935333,"Sigma":1.136244947523,"Taucorr":-0.03022015518941029},"Iteration":77},
{"Acceptance":[0.11222222222222222],"Energy":{"Mean":-2.6179207298501908,"Sigma":0.30178362129767905,"Taucorr":0.46154834916219023},"EnergyVariance":{"Mean":5.648906253529375,"Sigma":2.2242584934808693,"Taucorr":0.34629180912719126},"Iteration":78},
{"Acceptance":[0.11833333333333333],"Energy":{"Mean":-2.8887232901330293,"Sigma":0.3818201361601405,"Taucorr":0.09415607205423826},"EnergyVariance":{"Mean":15.239996283072905,"Sigma":4.802197595967381,"Taucorr":0.0515049023520433},"Iteration":79},
{"Acceptance":[0.06388888888888888],"Energy":{"Mean":-3.782538633461197,"Sigma":0.13856522015559833,"Taucorr":0.3208832707794187},"EnergyVariance":{"Mean":1.94361865393179,"Sigma":0.9356085648004943,"Taucorr":0.12846680425809442},"Iteration":80},
{"Acceptance":[0.10555555555555556],"Energy":{"Mean":-3.486960252320585,"Sigma":0.20103938279758812,"Taucorr":0.34525678343973765},"EnergyVariance":{"Mean":3.20730421605713,"Sigma":1.1952807440983162,"Taucorr":0.48172579855733744},"Iteration":81},
{"Acceptance":[0.10611111111111111],"Energy":{"Mean":-2.931413260290147,"Sigma":0.3720159611543742,"Taucorr":0.6529830058141313},"EnergyVariance":{"Mean":9.400385861836336,"Sigma":5.8440180658382515,"Taucorr":0.49486198170768725},"Iteration":82},
{"Acceptance":[0.09944444444444445],"Energy":{"Mean":-3.333821771110538,"Sigma":0.22073004112953776,"Taucorr":0.5926400491563246},"EnergyVariance":{"Mean":3.9089671285702514,"Sigma":1.1157419657457017,"Taucorr":-0.057838611737076606},"Iteration":83},
{"Acceptance":[0.12055555555555555],"Energy":{"Mean":-3.002840532829317,"Sigma":0.20904973012335928,"Taucorr":-0.04228979226469276},"EnergyVariance":{"Mean":5.435874744189361,"Sigma":2.9656931190134177,"Taucorr":0.24473765921032997},"Iteration":84},
{"Acceptance":[0.14055555555555554],"Energy":{"Mean":-2.5777686828040296,"Sigma":0.30707151002021166,"Taucorr":0.3753236009379637},"EnergyVariance":{"Mean":6.933343344640468,"Sigma":1.6067515130193617,"Taucorr":0.22933838380949345},"Iteration":85},
{"Acceptance":[0.09277777777777778],"Energy":{"Mean":-2.9520573111830566,"Sigma":0.2659743465018492,"Taucorr":-0.03833994755378528},"EnergyVariance":{"Mean":9.528029236696975,"Sigma":4.822157121822837,"Taucorr":0.13836197987179666},"Iteration":86},
{"Acceptance":[0.09944444444444445],"Energy":{"Mean":-3.2769878120640903,"Sigma":0.2059336184008798,"Taucorr":0.21442563634621858},"EnergyVariance":{"Mean":3.8508597292556836,"Sigma":1.3618394595370105,"Taucorr":0.07222407185769508},"Iteration":87},
{"Acceptance":[0.10277777777777777],"Energy":{"Mean":-3.188006695359727,"Sigma":0.22232808950881908,"Taucorr":0.5598573924508627},"EnergyVariance":{"Mean":6.685193404563965,"Sigma":2.9929169118056773,"Taucorr":0.10537909659730815},"Iteration":88},
{"Acceptance":[0.10777777777777778],"Energy":{"Mean":-3.212735641055909,"Sigma":0.25143368556248785,"Taucorr":0.23974089352047756},"EnergyVariance":{"Mean":6.477829147184538,"Sigma":1.482825649069378,"Taucorr":0.16447847510308078},"Iteration":89},
{"Acceptance":[0.11277777777777778],"Energy":{"Mean":-3.45897173602976,"Sigma":0.2903991074593426,"Taucorr":0.20850006867711268},"EnergyVariance":{"Mean":8.489986178377366,"Sigma":3.728248206233464,"Taucorr":0.08978543857118304},"Iteration":90},
{"Acceptance":[0.11333333333333333],"Energy":{"Mean":-3.2189122257965472,"Sigma":0.23935970543666166,"Taucorr":-0.09783516118964464},"EnergyVariance":{"Mean":9.92551462308412,"Sigma":4.615884569145141,"Taucorr":0.23529319780167668},"Iteration":91},
{"Acceptance":[0.10833333333333334],"Energy":{"Mean":-3.6330374173440205,"Sigma":0.2101498387805285,"Taucorr":0.22673362655980378},"EnergyVariance":{"Mean":4.130757244363141,"Sigma":1.088479315518253,"Taucorr":0.19860661417736925},"Iteration":92},
{"Acceptance":[0.10277777777777777],"Energy":{"Mean":-3.923733505706186,"Sigma":0.3525499126065746,"Taucorr":0.7450337913629903},"EnergyVariance":{"Mean":6.240563011120992,"Sigma":2.1493275323112577,"Taucorr":0.6300513087173951},"Iteration":93},
{"Acceptance":[0.09333333333333334],"Energy":{"Mean":-3.6057600950091224,"Sigma":0.13211877876474634,"Taucorr":0.06863197559490908},"EnergyVariance":{"Mean":2.1212799587099305,"Sigma":0.6745629276312091,"Taucorr":-0.008695633708954265},"Iteration":94},
{"Acceptance":[0.11222222222222222],"Energy":{"Mean":-3.8872127472049236,"Sigma":0.21842263067120074,"Taucorr":0.2893475821287802},"EnergyVariance":{"Mean":5.019105281416456,"Sigma":1.7736365051295948,"Taucorr":0.5218282212683669},"Iteration":95},
{"Acceptance":[0.09777777777777778],"Energy":{"Mean":-3.6148091255931822,"Sigma":0.174905884845212,"Taucorr":0.3209415431492785},"EnergyVariance":{"Mean":2.459532816665965,"Sigma":0.6816941865368196,"Taucorr":0.06930919815218972},"Iteration":96},
{"Acceptance":[0.10111111111111111],"Energy":{"Mean":-2.5285849598384287,"Sigma":0.689875936665538,"Taucorr":0.5734947721616677},"EnergyVariance":{"Mean":32.518824729824374,"Sigma":18.698544002893602,"Taucorr":0.3481642390226205},"Iteration":97},
{"Acceptance":[0.11777777777777777],"Energy":{"Mean":-3.6756269334166185,"Sigma":0.40094545441823776,"Taucorr":0.5587246124120588},"EnergyVariance":{"Mean":10.445210005522485,"Sigma":4.709363506937421,"Taucorr":0.11811501802039848},"Iteration":98},
{"Acceptance":[0.11666666666666667],"Energy":{"Mean":-3.784482516234271,"Sigma":0.44315541429807453,"Taucorr":0.3647615881366195},"EnergyVariance":{"Mean":15.72442474540878,"Sigma":8.010477239108521,"Taucorr":0.4829156655294644},"Iteration":99} 
]}
{"input": {"L": 8, "J": 1, "machine": {"type": "FFNN", "model": ["relu", 25, 4]}, "sampler": {"type": "MetropolisHop", "d_max": 5}, "optimizer": {"type": "AdaMax", "alpha": 0.001, "beta1": 0.9, "beta2": 0.999, "epscut": 1e-07}, "VMC": {"n_samples": 100, "discarded_samples": 100, "discarded_samples_on_init": 0, "target": "energy", "method": "Gd", "diag_shift": 0.01, "use_iterative": true, "use_cholesky": true}, "n_iter": 100}}
duration: -1.4756526947021484