{"Output": [
{"Acceptance":[0.865],"Energy":{"Mean":6.6910788456280645,"Sigma":0.2233439450392926,"Taucorr":0.13037520566090566},"EnergyVariance":{"Mean":3.924751816969038,"Sigma":0.4719783644370814,"Taucorr":0.02727060289986627},"Iteration":0},
{"Acceptance":[0.8183333333333334],"Energy":{"Mean":6.286410549699822,"Sigma":0.2176781747859444,"Taucorr":-0.07329894022449768},"EnergyVariance":{"Mean":5.597446218156204,"Sigma":0.5594920571764043,"Taucorr":-0.18680794592159983},"Iteration":1},
{"Acceptance":[0.7788888888888889],"Energy":{"Mean":6.679492194363117,"Sigma":0.3341484306145118,"Taucorr":0.24831805650941374},"EnergyVariance":{"Mean":7.553189917279167,"Sigma":0.8974221466465464,"Taucorr":-0.05631952013366587},"Iteration":2},
{"Acceptance":[0.7422222222222222],"Energy":{"Mean":6.121098128125913,"Sigma":0.266530586045561,"Taucorr":0.0313281611352596},"EnergyVariance":{"Mean":7.239146553230179,"Sigma":0.7497775382859682,"Taucorr":-0.026211656574144426},"Iteration":3},
{"Acceptance":[0.6911111111111111],"Energy":{"Mean":5.5150138737096155,"Sigma":0.257744354389954,"Taucorr":0.045582248474707376},"EnergyVariance":{"Mean":6.901988046514027,"Sigma":0.9044099122696062,"Taucorr":0.00014584840267806154},"Iteration":4},
{"Acceptance":[0.6483333333333333],"Energy":{"Mean":5.284643239420503,"Sigma":0.27764674652954296,"Taucorr":0.15064919843176483},"EnergyVariance":{"Mean":6.791059770671837,"Sigma":0.9682813671303869,"Taucorr":-0.027962081914436},"Iteration":5},
{"Acceptance":[0.6038888888888889],"Energy":{"Mean":5.017162947125278,"Sigma":0.3203752594533254,"Taucorr":0.29619819913600165},"EnergyVariance":{"Mean":7.949902869701766,"Sigma":0.848500306425308,"Taucorr":-0.045888036395958454},"Iteration":6},
{"Acceptance":[0.5955555555555555],"Energy":{"Mean":4.681979890422537,"Sigma":0.3262555604135822,"Taucorr":0.23069374227946027},"EnergyVariance":{"Mean":9.108232205150138,"Sigma":1.3229220437840241,"Taucorr":-0.03984587685043639},"Iteration":7},
{"Acceptance":[0.5561111111111111],"Energy":{"Mean":3.724424001705302,"Sigma":0.3464109871779982,"Taucorr":0.27144366338457016},"EnergyVariance":{"Mean":9.608230559138693,"Sigma":1.304533963241722,"Taucorr":0.14446448470580764},"Iteration":8},
{"Acceptance":[0.56],"Energy":{"Mean":4.282006719956249,"Sigma":0.3832138457415841,"Taucorr":0.22979064532667126},"EnergyVariance":{"Mean":12.355927823189106,"Sigma":1.1746875247255442,"Taucorr":-0.08462378143794103},"Iteration":9},
{"Acceptance":[0.5366666666666666],"Energy":{"Mean":3.8981123622610516,"Sigma":0.34125576095666876,"Taucorr":0.22063165463236134},"EnergyVariance":{"Mean":12.504733835077106,"Sigma":1.8793632190635117,"Taucorr":0.1408989780001325},"Iteration":10},
{"Acceptance":[0.47333333333333333],"Energy":{"Mean":2.1792913597044934,"Sigma":0.2795720407920536,"Taucorr":0.21818777969675285},"EnergyVariance":{"Mean":7.321921570893706,"Sigma":1.1857991812935476,"Taucorr":0.19186105138060516},"Iteration":11},
{"Acceptance":[0.4461111111111111],"Energy":{"Mean":2.055530931175435,"Sigma":0.29506421397028826,"Taucorr":0.1237110644597399},"EnergyVariance":{"Mean":9.47697974953017,"Sigma":0.8557136613664096,"Taucorr":-0.14840734974153835},"Iteration":12},
{"Acceptance":[0.43777777777777777],"Energy":{"Mean":2.501716863687715,"Sigma":0.4223948009601068,"Taucorr":0.41893443615993087},"EnergyVariance":{"Mean":13.447129463715955,"Sigma":2.0792692247707287,"Taucorr":0.18194443159742935},"Iteration":13},
{"Acceptance":[0.42055555555555557],"Energy":{"Mean":1.659907037647092,"Sigma":0.40981188648757516,"Taucorr":0.525441285415043},"EnergyVariance":{"Mean":10.51817034964798,"Sigma":1.8076736927719959,"Taucorr":0.16755675455681707},"Iteration":14},
{"Acceptance":[0.3894444444444444],"Energy":{"Mean":1.7840049910506945,"Sigma":0.3572534162781222,"Taucorr":0.2850223830575709},"EnergyVariance":{"Mean":13.66850692713776,"Sigma":2.601282535625874,"Taucorr":0.09936423910409253},"Iteration":15},
{"Acceptance":[0.3638888888888889],"Energy":{"Mean":0.9351709726044645,"Sigma":0.3284150767589309,"Taucorr":0.298518630836311},"EnergyVariance":{"Mean":10.931278356599272,"Sigma":1.4113477419318945,"Taucorr":-0.133043712499734},"Iteration":16},
{"Acceptance":[0.3383333333333333],"Energy":{"Mean":0.5213520753360589,"Sigma":0.30881789563512574,"Taucorr":0.3969020579879351},"EnergyVariance":{"Mean":8.080826037161497,"Sigma":1.071463608401249,"Taucorr":0.05341810641870559},"Iteration":17},
{"Acceptance":[0.34833333333333333],"Energy":{"Mean":0.34974459467712476,"Sigma":0.3222908776659954,"Taucorr":0.3064091940344684},"EnergyVariance":{"Mean":9.250717067784882,"Sigma":1.4909453712048506,"Taucorr":0.03594053051661028},"Iteration":18},
{"Acceptance":[0.3388888888888889],"Energy":{"Mean":-0.3502670413414496,"Sigma":0.32186572935187413,"Taucorr":0.6086979711856384},"EnergyVariance":{"Mean":9.254656866829716,"Sigma":1.3227180594156143,"Taucorr":0.004753567382060786},"Iteration":19},
{"Acceptance":[0.31555555555555553],"Energy":{"Mean":0.004558070009875473,"Sigma":0.3655838494706104,"Taucorr":0.5085407428340585},"EnergyVariance":{"Mean":14.88709963419765,"Sigma":5.498257106833528,"Taucorr":0.4444190559214489},"Iteration":20},
{"Acceptance":[0.2877777777777778],"Energy":{"Mean":-0.4743669114500157,"Sigma":0.4012195786617332,"Taucorr":0.6445592305259293},"EnergyVariance":{"Mean":12.290311492684522,"Sigma":4.0913568896522134,"Taucorr":0.207705566450475},"Iteration":21},
{"Acceptance":[0.3038888888888889],"Energy":{"Mean":0.05147986551422004,"Sigma":0.3741660819896097,"Taucorr":0.48154041174488327},"EnergyVariance":{"Mean":17.72509270064745,"Sigma":3.4400119257560937,"Taucorr":0.19750073749574915},"Iteration":22},
{"Acceptance":[0.2427777777777778],"Energy":{"Mean":-1.2239881544160953,"Sigma":0.36914459429250085,"Taucorr":0.5177112298234654},"EnergyVariance":{"Mean":9.666980805507427,"Sigma":1.9384453044056598,"Taucorr":0.1496926638876913},"Iteration":23},
{"Acceptance":[0.24722222222222223],"Energy":{"Mean":-1.6829356590955393,"Sigma":0.279365923014567,"Taucorr":0.30409942109867927},"EnergyVariance":{"Mean":9.939129169480525,"Sigma":2.8776901276695086,"Taucorr":0.5051032886402989},"Iteration":24},
{"Acceptance":[0.26],"Energy":{"Mean":-1.6861176250701506,"Sigma":0.2857993451515244,"Taucorr":0.33032777263908164},"EnergyVariance":{"Mean":9.464331376974414,"Sigma":2.1648073638790444,"Taucorr":0.3969501989638702},"Iteration":25},
{"Acceptance":[0.2338888888888889],"Energy":{"Mean":-2.036210034934218,"Sigma":0.2490016292024417,"Taucorr":0.389398358923582},"EnergyVariance":{"Mean":6.9985427673548894,"Sigma":1.1189661029615414,"Taucorr":-0.10452052045962668},"Iteration":26},
{"Acceptance":[0.22666666666666666],"Energy":{"Mean":-1.6307806170459347,"Sigma":0.2818651197389452,"Taucorr":0.2545434319238661},"EnergyVariance":{"Mean":10.461683333714257,"Sigma":3.103856899644866,"Taucorr":0.2922175755829375},"Iteration":27},
{"Acceptance":[0.2311111111111111],"Energy":{"Mean":-2.3793818588282374,"Sigma":0.26205133930378405,"Taucorr":0.33506723819445494},"EnergyVariance":{"Mean":8.263819205636889,"Sigma":2.2702965077664383,"Taucorr":0.606062638061355},"Iteration":28},
{"Acceptance":[0.2361111111111111],"Energy":{"Mean":-1.8188070354181234,"Sigma":0.3799414009249221,"Taucorr":0.6142613678560469},"EnergyVariance":{"Mean":14.772597006386778,"Sigma":4.179188631355501,"Taucorr":0.2843768251721158},"Iteration":29},
{"Acceptance":[0.21166666666666667],"Energy":{"Mean":-2.66847902296997,"Sigma":0.2778663598895953,"Taucorr":0.4758595674046905},"EnergyVariance":{"Mean":7.74830721399431,"Sigma":2.4523244970774916,"Taucorr":0.3339007351295121},"Iteration":30},
{"Acceptance":[0.2477777777777778],"Energy":{"Mean":-2.4744428381793364,"Sigma":0.33980618581185745,"Taucorr":0.38745794091490926},"EnergyVariance":{"Mean":8.743473399372485,"Sigma":2.344674377054388,"Taucorr":0.06592537482720728},"Iteration":31},
{"Acceptance":[0.21166666666666667],"Energy":{"Mean":-3.274740301482896,"Sigma":0.22158083515009933,"Taucorr":0.2037869430045508},"EnergyVariance":{"Mean":8.475592715177143,"Sigma":2.0569087786770024,"Taucorr":0.606738641631279},"Iteration":32},
{"Acceptance":[0.21166666666666667],"Energy":{"Mean":-3.057618486961716,"Sigma":0.19505768035357576,"Taucorr":0.2080790751518089},"EnergyVariance":{"Mean":4.104077452337607,"Sigma":0.8519782415072283,"Taucorr":0.17273785882125003},"Iteration":33},
{"Acceptance":[0.21833333333333332],"Energy":{"Mean":-2.9364354379975843,"Sigma":0.20446667004343527,"Taucorr":0.06973308777451548},"EnergyVariance":{"Mean":4.9949185287438285,"Sigma":0.9977966235397858,"Taucorr":-0.06876404214795384},"Iteration":34},
{"Acceptance":[0.19666666666666666],"Energy":{"Mean":-3.541447769066785,"Sigma":0.1926110259901885,"Taucorr":0.20109268570200045},"EnergyVariance":{"Mean":5.095090537139329,"Sigma":1.6619193307850315,"Taucorr":-0.006887135565076308},"Iteration":35},
{"Acceptance":[0.205],"Energy":{"Mean":-3.3544015842982087,"Sigma":0.2575605820316758,"Taucorr":0.4420129308910278},"EnergyVariance":{"Mean":7.453060116783596,"Sigma":2.327790236859793,"Taucorr":0.08802829845616267},"Iteration":36},
{"Acceptance":[0.20277777777777778],"Energy":{"Mean":-3.972736884520705,"Sigma":0.21107076271327685,"Taucorr":0.4104650728807525},"EnergyVariance":{"Mean":5.437912612943443,"Sigma":1.7383681276710727,"Taucorr":0.08491366226218211},"Iteration":37},
{"Acceptance":[0.195],"Energy":{"Mean":-3.5266529386177763,"Sigma":0.24985470048728567,"Taucorr":0.22142717218495334},"EnergyVariance":{"Mean":8.075339334635464,"Sigma":3.1830341045385873,"Taucorr":-0.0061095042718485315},"Iteration":38},
{"Acceptance":[0.19611111111111112],"Energy":{"Mean":-3.5743084621615426,"Sigma":0.21506553641178622,"Taucorr":0.14300533689495265},"EnergyVariance":{"Mean":5.3991123220913835,"Sigma":1.7922394881073944,"Taucorr":0.0076328333200100795},"Iteration":39},
{"Acceptance":[0.18888888888888888],"Energy":{"Mean":-3.31769395392819,"Sigma":0.23407258808812662,"Taucorr":0.12566284603966027},"EnergyVariance":{"Mean":13.694833275705754,"Sigma":8.228498687690422,"Taucorr":0.4787007378419462},"Iteration":40},
{"Acceptance":[0.185],"Energy":{"Mean":-3.805057958075686,"Sigma":0.20923555267266747,"Taucorr":0.047927931558883086},"EnergyVariance":{"Mean":5.239133304662509,"Sigma":2.148721192516317,"Taucorr":0.1624198671999293},"Iteration":41},
{"Acceptance":[0.17833333333333334],"Energy":{"Mean":-4.01997350822986,"Sigma":0.1939362061096501,"Taucorr":0.1397571088242746},"EnergyVariance":{"Mean":9.117383553376603,"Sigma":3.362160431301075,"Taucorr":0.176083535932976},"Iteration":42},
{"Acceptance":[0.1661111111111111],"Energy":{"Mean":-4.0086863182529235,"Sigma":0.2064704449995526,"Taucorr":0.2152211990849492},"EnergyVariance":{"Mean":8.944994766588865,"Sigma":3.1595028819031326,"Taucorr":0.009362166511480585},"Iteration":43},
{"Acceptance":[0.16722222222222222],"Energy":{"Mean":-4.063890417714553,"Sigma":0.16296663466526803,"Taucorr":0.08333406855897285},"EnergyVariance":{"Mean":3.0418625705844624,"Sigma":1.0275734571736463,"Taucorr":0.39520177091409325},"Iteration":44},
{"Acceptance":[0.1661111111111111],"Energy":{"Mean":-3.8591367961229457,"Sigma":0.35569824521577736,"Taucorr":0.20240159580033823},"EnergyVariance":{"Mean":24.721303295150015,"Sigma":14.305254189851949,"Taucorr":-0.009246456267986314},"Iteration":45},
{"Acceptance":[0.16],"Energy":{"Mean":-4.452719581916712,"Sigma":0.3071970401303063,"Taucorr":0.28279648705933036},"EnergyVariance":{"Mean":11.923327000904058,"Sigma":5.79644733277509,"Taucorr":-0.01072941798755317},"Iteration":46},
{"Acceptance":[0.1661111111111111],"Energy":{"Mean":-4.195841683182176,"Sigma":0.2743136736651427,"Taucorr":0.4029597219204102},"EnergyVariance":{"Mean":5.954619448312663,"Sigma":2.0892481713769575,"Taucorr":0.7816058415303933},"Iteration":47},
{"Acceptance":[0.1411111111111111],"Energy":{"Mean":-3.6056570153265755,"Sigma":0.4200255281942306,"Taucorr":0.33492954451764934},"EnergyVariance":{"Mean":14.231996891194218,"Sigma":5.844276226351663,"Taucorr":0.06776632105964975},"Iteration":48},
{"Acceptance":[0.1338888888888889],"Energy":{"Mean":-4.1351802611481565,"Sigma":0.24519682843647123,"Taucorr":0.10729807326196716},"EnergyVariance":{"Mean":6.076735181342831,"Sigma":3.1179956782642524,"Taucorr":-0.017367927241437875},"Iteration":49},
{"Acceptance":[0.1411111111111111],"Energy":{"Mean":-4.3082284754025775,"Sigma":0.2530547337424366,"Taucorr":0.4295042580071513},"EnergyVariance":{"Mean":4.301190870765605,"Sigma":1.5228775740175184,"Taucorr":0.3219115472962648},"Iteration":50},
{"Acceptance":[0.14944444444444444],"Energy":{"Mean":-4.566715777858926,"Sigma":0.1791640628184162,"Taucorr":0.18245756010220482},"EnergyVariance":{"Mean":4.356647916644409,"Sigma":2.061031958345334,"Taucorr":0.08240118106836458},"Iteration":51},
{"Acceptance":[0.12833333333333333],"Energy":{"Mean":-4.761553725292801,"Sigma":0.16793194161718286,"Taucorr":-0.10799340395637463},"EnergyVariance":{"Mean":8.424385419033563,"Sigma":6.075459803001699,"Taucorr":0.009095817869569478},"Iteration":52},
{"Acceptance":[0.1438888888888889],"Energy":{"Mean":-4.733083600212099,"Sigma":0.25826053087760364,"Taucorr":0.5288812631080166},"EnergyVariance":{"Mean":6.26456264034735,"Sigma":2.4297408040380835,"Taucorr":0.08200754915186814},"Iteration":53},
{"Acceptance":[0.11],"Energy":{"Mean":-4.012182338794835,"Sigma":0.14773881709589384,"Taucorr":0.2263185868109221},"EnergyVariance":{"Mean":1.627354824781563,"Sigma":0.41033707243117057,"Taucorr":0.028790026933941393},"Iteration":54},
{"Acceptance":[0.11166666666666666],"Energy":{"Mean":-4.446682856815454,"Sigma":0.2786682931774465,"Taucorr":0.1738603847067709},"EnergyVariance":{"Mean":7.630984831459747,"Sigma":3.7095709209445036,"Taucorr":0.1700129269163828},"Iteration":55},
{"Acceptance":[0.11444444444444445],"Energy":{"Mean":-4.2193176612748395,"Sigma":0.20292458860613016,"Taucorr":0.23230952174967212},"EnergyVariance":{"Mean":3.178578655153868,"Sigma":1.0079976634140924,"Taucorr":0.05274904320458318},"Iteration":56},
{"Acceptance":[0.10611111111111111],"Energy":{"Mean":-4.437791703252509,"Sigma":0.1462888139093794,"Taucorr":-0.15704555214882587},"EnergyVariance":{"Mean":3.458203623413094,"Sigma":1.2800615884712983,"Taucorr":0.011018410703042325},"Iteration":57},
{"Acceptance":[0.10222222222222223],"Energy":{"Mean":-4.498854685350246,"Sigma":0.09618103451785957,"Taucorr":0.05858587277422189},"EnergyVariance":{"Mean":5.683836009515754,"Sigma":4.857448166999678,"Taucorr":-0.004911644370450274},"Iteration":58},
{"Acceptance":[0.09555555555555556],"Energy":{"Mean":-4.622524710690952,"Sigma":0.2472199319330522,"Taucorr":0.7019257067684368},"EnergyVariance":{"Mean":2.6775604971935634,"Sigma":1.761433890589849,"Taucorr":0.5628657033655167},"Iteration":59},
{"Acceptance":[0.1322222222222222],"Energy":{"Mean":-4.898835060595072,"Sigma":0.2173115767229645,"Taucorr":-0.057266812011740664},"EnergyVariance":{"Mean":8.637674396862721,"Sigma":3.600268129960355,"Taucorr":0.006183696290788299},"Iteration":60},
{"Acceptance":[0.1322222222222222],"Energy":{"Mean":-4.379495800549287,"Sigma":0.21163130897718674,"Taucorr":0.4323851951587103},"EnergyVariance":{"Mean":5.508048519558663,"Sigma":3.8698235732040045,"Taucorr":0.11627442965412071},"Iteration":61},
{"Acceptance":[0.1238888888888889],"Energy":{"Mean":-4.098156672471911,"Sigma":0.24370165807425198,"Taucorr":0.022390374527430423},"EnergyVariance":{"Mean":6.272048397398503,"Sigma":2.1759874749106025,"Taucorr":0.2572864113171195},"Iteration":62},
{"Acceptance":[0.085],"Energy":{"Mean":-4.652457184804482,"Sigma":0.12381688000534222,"Taucorr":0.0038213368373447576},"EnergyVariance":{"Mean":1.9120933087450858,"Sigma":0.9313388032094215,"Taucorr":0.9700296218198483},"Iteration":63},
{"Acceptance":[0.115],"Energy":{"Mean":-5.0764609125313225,"Sigma":0.6528567792323111,"Taucorr":-0.05515162308391525},"EnergyVariance":{"Mean":77.76934008196805,"Sigma":65.48846052444215,"Taucorr":-0.003988027345117329},"Iteration":64},
{"Acceptance":[0.1111111111111111],"Energy":{"Mean":-4.754416796219243,"Sigma":0.1444942209090023,"Taucorr":-0.07859568509335413},"EnergyVariance":{"Mean":2.681901907195779,"Sigma":0.9756927597442991,"Taucorr":0.14824226474793856},"Iteration":65},
{"Acceptance":[0.11166666666666666],"Energy":{"Mean":-4.626680581078041,"Sigma":0.12462787691785811,"Taucorr":0.015241820327790312},"EnergyVariance":{"Mean":1.8273785762860197,"Sigma":0.7168556669684814,"Taucorr":0.11430294933010043},"Iteration":66},
{"Acceptance":[0.10944444444444444],"Energy":{"Mean":-4.4832461119514155,"Sigma":0.16074015348168122,"Taucorr":0.1637883721720954},"EnergyVariance":{"Mean":2.480364380790437,"Sigma":0.9010644929806021,"Taucorr":0.21825693846266914},"Iteration":67},
{"Acceptance":[0.12833333333333333],"Energy":{"Mean":-4.670941149979831,"Sigma":0.1931364885379719,"Taucorr":0.29809327965766863},"EnergyVariance":{"Mean":2.4924786578848304,"Sigma":0.7399681938565161,"Taucorr":0.3250779145383056},"Iteration":68},
{"Acceptance":[0.14555555555555555],"Energy":{"Mean":-4.577898297845889,"Sigma":0.24987611778593716,"Taucorr":-0.07213608359849355},"EnergyVariance":{"Mean":13.955960108318124,"Sigma":7.660719418716956,"Taucorr":0.03617723574397058},"Iteration":69},
{"Acceptance":[0.12666666666666668],"Energy":{"Mean":-4.893364298120846,"Sigma":0.2805386510975379,"Taucorr":0.33017450678231064},"EnergyVariance":{"Mean":5.109095331642217,"Sigma":1.341111015057235,"Taucorr":0.2997999116176663},"Iteration":70},
{"Acceptance":[0.13055555555555556],"Energy":{"Mean":-5.0403562758024645,"Sigma":0.18354442337556065,"Taucorr":0.10663194362049444},"EnergyVariance":{"Mean":3.3304518566830095,"Sigma":0.7880027011179204,"Taucorr":0.19661129391675125},"Iteration":71},
{"Acceptance":[0.1238888888888889],"Energy":{"Mean":-4.061217254698312,"Sigma":0.2288090935373355,"Taucorr":0.09097843183139886},"EnergyVariance":{"Mean":15.013606526368147,"Sigma":7.635650402332019,"Taucorr":-0.002253787468211088},"Iteration":72},
{"Acceptance":[0.10277777777777777],"Energy":{"Mean":-4.593416558831494,"Sigma":0.17326919880511663,"Taucorr":0.4578799664810693},"EnergyVariance":{"Mean":1.6878959070945831,"Sigma":0.5256474794266232,"Taucorr":-0.022375767636998167},"Iteration":73},
{"Acceptance":[0.14722222222222223],"Energy":{"Mean":-4.847938785610216,"Sigma":0.2935596792801538,"Taucorr":0.36693551084696985},"EnergyVariance":{"Mean":13.432201605893715,"Sigma":7.406254113598547,"Taucorr":0.4042097476922897},"Iteration":74},
{"Acceptance":[0.125],"Energy":{"Mean":-4.598178032069044,"Sigma":0.2065595082222711,"Taucorr":-0.01656971672943086},"EnergyVariance":{"Mean":5.045211699074203,"Sigma":2.2556239092795454,"Taucorr":-0.01255418238008682},"Iteration":75},
{"Acceptance":[0.13555555555555557],"Energy":{"Mean":-4.901040875485035,"Sigma":0.2668078630092959,"Taucorr":0.23428054699423717},"EnergyVariance":{"Mean":7.911547509994705,"Sigma":2.8480798814280655,"Taucorr":-0.009311586549727968},"Iteration":76},
{"Acceptance":[0.11722222222222223],"Energy":{"Mean":-4.508596516122346,"Sigma":0.09636561372839825,"Taucorr":0.30293718363739885},"EnergyVariance":{"Mean":0.6878780899416662,"Sigma":0.12302478536011807,"Taucorr":0.16719828697727424},"Iteration":77},
{"Acceptance":[0.14888888888888888],"Energy":{"Mean":-4.661824695137746,"Sigma":0.27204401068059414,"Taucorr":0.33921107208352275},"EnergyVariance":{"Mean":5.852976978870041,"Sigma":3.8090441853236237,"Taucorr":0.046711666028582566},"Iteration":78},
{"Acceptance":[0.1622222222222222],"Energy":{"Mean":-5.004967164371523,"Sigma":0.21190833044288077,"Taucorr":-0.11684448923595092},"EnergyVariance":{"Mean":7.81283363441933,"Sigma":5.603118606511889,"Taucorr":0.04654789204264176},"Iteration":79},
{"Acceptance":[0.15333333333333332],"Energy":{"Mean":-4.7674561353691445,"Sigma":0.2992290513567414,"Taucorr":-0.02867986160212066},"EnergyVariance":{"Mean":16.40370307571524,"Sigma":8.496850985112877,"Taucorr":0.05414773222265723},"Iteration":80},
{"Acceptance":[0.16666666666666666],"Energy":{"Mean":-4.838948671774037,"Sigma":0.21095295542705228,"Taucorr":0.24742694244294994},"EnergyVariance":{"Mean":3.3351692937673763,"Sigma":1.044621750994199,"Taucorr":0.20698391374284497},"Iteration":81},
{"Acceptance":[0.15833333333333333],"Energy":{"Mean":-4.495788843988998,"Sigma":0.15933626234232395,"Taucorr":0.21968949336682775},"EnergyVariance":{"Mean":1.8683704013718,"Sigma":0.42685983380179315,"Taucorr":0.1695894938252902},"Iteration":82},
{"Acceptance":[0.18888888888888888],"Energy":{"Mean":-5.354138734492596,"Sigma":0.2255047800209565,"Taucorr":0.12681019555373463},"EnergyVariance":{"Mean":5.328249610216824,"Sigma":1.6388130162133283,"Taucorr":0.0639491931853744},"Iteration":83},
{"Acceptance":[0.18055555555555555],"Energy":{"Mean":-4.765388875912536,"Sigma":0.2370431568480165,"Taucorr":0.28744351493868214},"EnergyVariance":{"Mean":4.179023850882012,"Sigma":1.7493868116693614,"Taucorr":0.022191642420388846},"Iteration":84},
{"Acceptance":[0.18055555555555555],"Energy":{"Mean":-4.875076366095123,"Sigma":0.1735705732382311,"Taucorr":0.4252185335174383},"EnergyVariance":{"Mean":1.8790535045773267,"Sigma":0.55356803652677,"Taucorr":0.4270507955900612},"Iteration":85},
{"Acceptance":[0.19444444444444445],"Energy":{"Mean":-4.718508236386474,"Sigma":0.21647085192413457,"Taucorr":0.2151549153678114},"EnergyVariance":{"Mean":3.390624984045912,"Sigma":1.360468107079421,"Taucorr":0.6372960478486704},"Iteration":86},
{"Acceptance":[0.16944444444444445],"Energy":{"Mean":-5.066442713480437,"Sigma":0.20665755516956902,"Taucorr":0.11550561526498349},"EnergyVariance":{"Mean":4.452692766458502,"Sigma":1.5260355979746316,"Taucorr":0.2759497554912972},"Iteration":87},
{"Acceptance":[0.22333333333333333],"Energy":{"Mean":-4.421490275293013,"Sigma":0.2377985533041111,"Taucorr":0.11405103624555246},"EnergyVariance":{"Mean":5.509478245741177,"Sigma":1.160479987410351,"Taucorr":0.10901856571296231},"Iteration":88},
{"Acceptance":[0.19611111111111112],"Energy":{"Mean":-5.039614134470007,"Sigma":0.1785901277735692,"Taucorr":-0.23432757553473915},"EnergyVariance":{"Mean":7.061478622653586,"Sigma":2.0405958040663186,"Taucorr":0.3302374099336782},"Iteration":89},
{"Acceptance":[0.2088888888888889],"Energy":{"Mean":-5.1941231019603125,"Sigma":0.21763748096118704,"Taucorr":-0.10249330262732281},"EnergyVariance":{"Mean":6.853736927811797,"Sigma":2.0108182328844215,"Taucorr":0.16892915797403585},"Iteration":90},
{"Acceptance":[0.19277777777777777],"Energy":{"Mean":-5.056702543425572,"Sigma":0.1637511110655668,"Taucorr":0.17637835657478762},"EnergyVariance":{"Mean":2.5963944699963184,"Sigma":0.7460856494477243,"Taucorr":0.24384031122272465},"Iteration":91},
{"Acceptance":[0.21555555555555556],"Energy":{"Mean":-5.49022170688657,"Sigma":0.16905673745102784,"Taucorr":-0.0863969559968833},"EnergyVariance":{"Mean":5.439675622864915,"Sigma":3.081759640173714,"Taucorr":-0.007954910363036638},"Iteration":92},
{"Acceptance":[0.21944444444444444],"Energy":{"Mean":-5.406337679882239,"Sigma":0.26167980053905276,"Taucorr":0.0825959104469074},"EnergyVariance":{"Mean":7.776665868174701,"Sigma":3.4063768029712382,"Taucorr":0.3137634969897266},"Iteration":93},
{"Acceptance":[0.22666666666666666],"Energy":{"Mean":-4.905645645436489,"Sigma":0.37706328134724765,"Taucorr":0.26757436358133646},"EnergyVariance":{"Mean":15.766490248171566,"Sigma":7.075881238614762,"Taucorr":0.4067560455939193},"Iteration":94},
{"Acceptance":[0.21722222222222223],"Energy":{"Mean":-5.211692909731846,"Sigma":0.20558537676207056,"Taucorr":0.24271563187506662},"EnergyVariance":{"Mean":3.1071164711046944,"Sigma":0.7057850518696435,"Taucorr":0.1668002884220008},"Iteration":95},
{"Acceptance":[0.2111111111111111],"Energy":{"Mean":-5.300627081249643,"Sigma":0.23579400684100882,"Taucorr":0.21899160206377732},"EnergyVariance":{"Mean":4.208262519893477,"Sigma":1.3835347829698386,"Taucorr":0.20657307392248692},"Iteration":96},
{"Acceptance":[0.2338888888888889],"Energy":{"Mean":-5.166237511363857,"Sigma":0.3848187042774413,"Taucorr":0.20963477953296006},"EnergyVariance":{"Mean":12.393389603066858,"Sigma":3.582651941875027,"Taucorr":0.1585304602677423},"Iteration":97},
{"Acceptance":[0.2222222222222222],"Energy":{"Mean":-4.8203518769826825,"Sigma":0.24272211061612065,"Taucorr":0.22869790461176354},"EnergyVariance":{"Mean":5.287871422029846,"Sigma":2.157396220149579,"Taucorr":0.1615186146463624},"Iteration":98},
{"Acceptance":[0.22111111111111112],"Energy":{"Mean":-5.14462404254604,"Sigma":0.23788553088160977,"Taucorr":0.15691307722258108},"EnergyVariance":{"Mean":5.335104730917333,"Sigma":1.52039602856869,"Taucorr":0.10521000919740486},"Iteration":99} 
]}
{"input": {"L": 8, "J": 1, "machine": {"type": "FFNN", "model": ["relu", 26, 4]}, "sampler": {"type": "MetropolisHop", "d_max": 5}, "optimizer": {"type": "AdaMax", "alpha": 0.001, "beta1": 0.9, "beta2": 0.999, "epscut": 1e-07}, "VMC": {"n_samples": 100, "discarded_samples": 100, "discarded_samples_on_init": 0, "target": "energy", "method": "Gd", "diag_shift": 0.01, "use_iterative": true, "use_cholesky": true}, "n_iter": 100}}
duration: -2.6887118816375732