{"Output": [
{"Acceptance":[0.8472222222222222],"Energy":{"Mean":7.271817744416306,"Sigma":0.2922790811975181,"Taucorr":0.35388724679880146},"EnergyVariance":{"Mean":4.937791060663944,"Sigma":0.6604021831418302,"Taucorr":-0.0332499231550088},"Iteration":0},
{"Acceptance":[0.7816666666666666],"Energy":{"Mean":6.54441425478376,"Sigma":0.2649307147552487,"Taucorr":0.1099421075481003},"EnergyVariance":{"Mean":5.846156086786851,"Sigma":0.6335352892840832,"Taucorr":-0.21493062288902554},"Iteration":1},
{"Acceptance":[0.72],"Energy":{"Mean":6.127417518147042,"Sigma":0.22975439466988995,"Taucorr":0.017134295640650832},"EnergyVariance":{"Mean":5.649488336861945,"Sigma":0.8011384529105644,"Taucorr":0.003079616881804359},"Iteration":2},
{"Acceptance":[0.6927777777777778],"Energy":{"Mean":5.4828941527234525,"Sigma":0.2485440256701334,"Taucorr":0.0521407440417605},"EnergyVariance":{"Mean":6.620339132647333,"Sigma":0.9945051104475151,"Taucorr":0.061480171632434355},"Iteration":3},
{"Acceptance":[0.6655555555555556],"Energy":{"Mean":4.992705825032336,"Sigma":0.32308437163265047,"Taucorr":0.241379998349176},"EnergyVariance":{"Mean":7.761288551965607,"Sigma":0.891723475613623,"Taucorr":0.0827359767282212},"Iteration":4},
{"Acceptance":[0.6388888888888888],"Energy":{"Mean":4.476644973614096,"Sigma":0.2836940295571518,"Taucorr":-0.02125540104465723},"EnergyVariance":{"Mean":10.25297019414651,"Sigma":1.5343194898196364,"Taucorr":0.05696506440111038},"Iteration":5},
{"Acceptance":[0.59],"Energy":{"Mean":3.5987563059938177,"Sigma":0.3611682785114865,"Taucorr":0.33353164387481926},"EnergyVariance":{"Mean":10.207583265380592,"Sigma":1.4096669596865623,"Taucorr":0.07444365724764856},"Iteration":6},
{"Acceptance":[0.5277777777777778],"Energy":{"Mean":2.5284924159765048,"Sigma":0.36602775173147384,"Taucorr":0.24317716057045669},"EnergyVariance":{"Mean":11.464349606156349,"Sigma":1.5225713884324263,"Taucorr":0.05355620604087885},"Iteration":7},
{"Acceptance":[0.5],"Energy":{"Mean":2.069259875671307,"Sigma":0.4617721363684477,"Taucorr":0.5551070330286243},"EnergyVariance":{"Mean":13.313325875027248,"Sigma":2.720531427784283,"Taucorr":0.03419501949200987},"Iteration":8},
{"Acceptance":[0.4711111111111111],"Energy":{"Mean":1.4543283918119,"Sigma":0.4221879805148334,"Taucorr":0.4404535269668213},"EnergyVariance":{"Mean":13.68055259127724,"Sigma":2.145150008776225,"Taucorr":0.05027100462502754},"Iteration":9},
{"Acceptance":[0.445],"Energy":{"Mean":1.3933469590011511,"Sigma":0.28031757034388094,"Taucorr":0.03123736876663208},"EnergyVariance":{"Mean":11.35950438946316,"Sigma":1.5586250320783577,"Taucorr":-0.008952734523715589},"Iteration":10},
{"Acceptance":[0.4088888888888889],"Energy":{"Mean":0.5289694726629074,"Sigma":0.4277539491944656,"Taucorr":0.4080672530553142},"EnergyVariance":{"Mean":13.88256128732561,"Sigma":1.3120567950831994,"Taucorr":-0.08397452006544898},"Iteration":11},
{"Acceptance":[0.3844444444444444],"Energy":{"Mean":-0.9779523750520716,"Sigma":0.47566423272212316,"Taucorr":0.580659177473426},"EnergyVariance":{"Mean":15.342384446384314,"Sigma":3.5075264293260835,"Taucorr":0.2909604527550338},"Iteration":12},
{"Acceptance":[0.31444444444444447],"Energy":{"Mean":-0.7978938079716751,"Sigma":0.44564444606096265,"Taucorr":0.395056685936907},"EnergyVariance":{"Mean":16.191670275116792,"Sigma":1.9653114300269625,"Taucorr":0.09174479924865375},"Iteration":13},
{"Acceptance":[0.295],"Energy":{"Mean":-2.251902767879933,"Sigma":0.35775672244209317,"Taucorr":0.4109801259761561},"EnergyVariance":{"Mean":10.66382498999831,"Sigma":1.5231899972740373,"Taucorr":-0.08146727311815977},"Iteration":14},
{"Acceptance":[0.27166666666666667],"Energy":{"Mean":-3.3424125007317036,"Sigma":0.32456311699568297,"Taucorr":0.2813383265640548},"EnergyVariance":{"Mean":9.500645741560788,"Sigma":1.8409608006004168,"Taucorr":0.1729847717719526},"Iteration":15},
{"Acceptance":[0.2738888888888889],"Energy":{"Mean":-3.118892313503544,"Sigma":0.3304603264629925,"Taucorr":0.38266123191154466},"EnergyVariance":{"Mean":10.000653972038009,"Sigma":2.284103879572993,"Taucorr":0.48904768295533707},"Iteration":16},
{"Acceptance":[0.22277777777777777],"Energy":{"Mean":-3.1299812815737265,"Sigma":0.30558920119235883,"Taucorr":0.233575050703568},"EnergyVariance":{"Mean":9.490128667700246,"Sigma":1.1649525308434083,"Taucorr":0.17104461170152985},"Iteration":17},
{"Acceptance":[0.2111111111111111],"Energy":{"Mean":-4.047616411509878,"Sigma":0.3430652334667723,"Taucorr":0.49470989531981935},"EnergyVariance":{"Mean":9.266635507135703,"Sigma":1.4137988836164586,"Taucorr":0.1764227473426474},"Iteration":18},
{"Acceptance":[0.18055555555555555],"Energy":{"Mean":-4.345787859734362,"Sigma":0.4010358670914223,"Taucorr":0.6020300671146019},"EnergyVariance":{"Mean":8.982553220260199,"Sigma":1.96350489002225,"Taucorr":0.3667386573287965},"Iteration":19},
{"Acceptance":[0.21333333333333335],"Energy":{"Mean":-4.852442288660525,"Sigma":0.29697549349746893,"Taucorr":0.34587024296752},"EnergyVariance":{"Mean":10.184858319494555,"Sigma":2.514375633837127,"Taucorr":0.03223947235134561},"Iteration":20},
{"Acceptance":[0.17722222222222223],"Energy":{"Mean":-4.420888080011265,"Sigma":0.3851032785853802,"Taucorr":0.43759405287283104},"EnergyVariance":{"Mean":14.625750707349018,"Sigma":3.492990012932864,"Taucorr":0.19256647820402606},"Iteration":21},
{"Acceptance":[0.1761111111111111],"Energy":{"Mean":-5.302509846328319,"Sigma":0.25614367471807675,"Taucorr":0.10347407825043364},"EnergyVariance":{"Mean":8.996896632914147,"Sigma":1.5575217361273204,"Taucorr":-0.012876378547218514},"Iteration":22},
{"Acceptance":[0.13333333333333333],"Energy":{"Mean":-5.813031281218386,"Sigma":0.29141804456218995,"Taucorr":0.2867789041405948},"EnergyVariance":{"Mean":7.76308357251491,"Sigma":1.9334642300192748,"Taucorr":0.6132124137042638},"Iteration":23},
{"Acceptance":[0.1322222222222222],"Energy":{"Mean":-6.013667234216049,"Sigma":0.2881084938506234,"Taucorr":0.3703557872322524},"EnergyVariance":{"Mean":6.378607675338148,"Sigma":1.3003074636331142,"Taucorr":0.007625513646271065},"Iteration":24},
{"Acceptance":[0.13277777777777777],"Energy":{"Mean":-5.779521315816326,"Sigma":0.28424163485518605,"Taucorr":0.17119935251273166},"EnergyVariance":{"Mean":16.97175097175943,"Sigma":5.560819126484303,"Taucorr":0.28251940870403514},"Iteration":25},
{"Acceptance":[0.14833333333333334],"Energy":{"Mean":-5.5410701596725085,"Sigma":0.3971805970409951,"Taucorr":0.6900756827808563},"EnergyVariance":{"Mean":7.976562610124397,"Sigma":2.316211982256449,"Taucorr":0.2812950922910715},"Iteration":26},
{"Acceptance":[0.11],"Energy":{"Mean":-6.513392619981683,"Sigma":0.3039399165052866,"Taucorr":0.47946698712568336},"EnergyVariance":{"Mean":9.022798585927312,"Sigma":3.7536814641022564,"Taucorr":0.5776890447963596},"Iteration":27},
{"Acceptance":[0.11444444444444445],"Energy":{"Mean":-6.336101399651497,"Sigma":0.3299679523991525,"Taucorr":0.5964194805357403},"EnergyVariance":{"Mean":6.31445548331015,"Sigma":1.700570709370813,"Taucorr":0.2733176166647513},"Iteration":28},
{"Acceptance":[0.0961111111111111],"Energy":{"Mean":-6.4719902021776745,"Sigma":0.2674536346634808,"Taucorr":0.21248659062828268},"EnergyVariance":{"Mean":5.303694925820496,"Sigma":1.4543586139585278,"Taucorr":0.36387299316639066},"Iteration":29},
{"Acceptance":[0.10166666666666667],"Energy":{"Mean":-6.866043955667084,"Sigma":0.23094367828881934,"Taucorr":0.47166617176263625},"EnergyVariance":{"Mean":2.6317355900629735,"Sigma":0.28331957971246835,"Taucorr":-0.09851245157945537},"Iteration":30},
{"Acceptance":[0.09777777777777778],"Energy":{"Mean":-6.184534439961409,"Sigma":0.345808570936648,"Taucorr":0.38841931695975385},"EnergyVariance":{"Mean":9.412855389455343,"Sigma":3.059331868603312,"Taucorr":0.4770572782787036},"Iteration":31},
{"Acceptance":[0.08611111111111111],"Energy":{"Mean":-6.843718796599699,"Sigma":0.23774562605652994,"Taucorr":0.4844632639249229},"EnergyVariance":{"Mean":4.748356469347452,"Sigma":1.648772154717028,"Taucorr":-0.03299222341935587},"Iteration":32},
{"Acceptance":[0.08944444444444444],"Energy":{"Mean":-6.871639425537163,"Sigma":0.34449456135471956,"Taucorr":0.5897668491984169},"EnergyVariance":{"Mean":6.353676991260704,"Sigma":2.9272668629350678,"Taucorr":0.2614216517335287},"Iteration":33},
{"Acceptance":[0.08444444444444445],"Energy":{"Mean":-6.692913354818225,"Sigma":0.33171922746577936,"Taucorr":0.266227624976332},"EnergyVariance":{"Mean":7.4781887168881465,"Sigma":2.5067299521758057,"Taucorr":0.0028837016053653297},"Iteration":34},
{"Acceptance":[0.08666666666666667],"Energy":{"Mean":-6.5277884669668005,"Sigma":0.5075102121924088,"Taucorr":0.8507778676439215},"EnergyVariance":{"Mean":12.641547815283166,"Sigma":5.605322542576428,"Taucorr":0.7572864922263127},"Iteration":35},
{"Acceptance":[0.07],"Energy":{"Mean":-7.34800681771266,"Sigma":0.22526471176643692,"Taucorr":0.522300486322131},"EnergyVariance":{"Mean":5.515872564203612,"Sigma":3.357955434339059,"Taucorr":-0.006081564800515138},"Iteration":36},
{"Acceptance":[0.08444444444444445],"Energy":{"Mean":-6.77314103017091,"Sigma":0.2832316867214351,"Taucorr":-0.30576291107015424},"EnergyVariance":{"Mean":41.050387101624324,"Sigma":27.70524396560053,"Taucorr":0.19525343963078556},"Iteration":37},
{"Acceptance":[0.08],"Energy":{"Mean":-6.725694294150051,"Sigma":0.316102435290664,"Taucorr":0.3353150358672802},"EnergyVariance":{"Mean":14.708227681223828,"Sigma":5.995481741425897,"Taucorr":0.3346060333603317},"Iteration":38},
{"Acceptance":[0.08833333333333333],"Energy":{"Mean":-6.5670559075778305,"Sigma":0.26802094267299376,"Taucorr":-0.04043682994990483},"EnergyVariance":{"Mean":15.203222530607448,"Sigma":5.943724900473041,"Taucorr":0.2709245778201621},"Iteration":39},
{"Acceptance":[0.07111111111111111],"Energy":{"Mean":-6.919394662879594,"Sigma":0.2558239450218521,"Taucorr":0.6413944501769764},"EnergyVariance":{"Mean":3.9712277086492542,"Sigma":1.5466745912674644,"Taucorr":0.07701999921852132},"Iteration":40},
{"Acceptance":[0.09],"Energy":{"Mean":-7.085180193866627,"Sigma":0.26654117136212346,"Taucorr":0.34925955743948833},"EnergyVariance":{"Mean":13.763083472395465,"Sigma":6.574547483169328,"Taucorr":0.21156352316883498},"Iteration":41},
{"Acceptance":[0.059444444444444446],"Energy":{"Mean":-7.074991835804839,"Sigma":0.2608064046889536,"Taucorr":0.8388772536023061},"EnergyVariance":{"Mean":2.4291780551271005,"Sigma":0.45955383845112446,"Taucorr":0.4364806349952446},"Iteration":42},
{"Acceptance":[0.06166666666666667],"Energy":{"Mean":-7.309141575026035,"Sigma":0.18546733364300078,"Taucorr":0.24310141958590392},"EnergyVariance":{"Mean":4.207901214195872,"Sigma":2.405832362390316,"Taucorr":0.0633855093390241},"Iteration":43},
{"Acceptance":[0.06444444444444444],"Energy":{"Mean":-7.377338325368564,"Sigma":0.2661202683867917,"Taucorr":0.5470405019953193},"EnergyVariance":{"Mean":7.346474689184627,"Sigma":3.335300121437565,"Taucorr":-0.02893374540977539},"Iteration":44},
{"Acceptance":[0.07055555555555555],"Energy":{"Mean":-6.971568356475582,"Sigma":0.3159691223104609,"Taucorr":0.5225833831382638},"EnergyVariance":{"Mean":9.399069104946905,"Sigma":4.266354659305923,"Taucorr":0.07801340351710317},"Iteration":45},
{"Acceptance":[0.06888888888888889],"Energy":{"Mean":-7.557463188146741,"Sigma":0.22410192406715046,"Taucorr":0.048090691988655454},"EnergyVariance":{"Mean":8.551797603024708,"Sigma":3.9287011634823212,"Taucorr":0.1374411786230797},"Iteration":46},
{"Acceptance":[0.05388888888888889],"Energy":{"Mean":-8.021309736600145,"Sigma":0.7645974753303834,"Taucorr":0.6270838536295673},"EnergyVariance":{"Mean":42.772409376279604,"Sigma":27.279970116585492,"Taucorr":0.5091464245722683},"Iteration":47},
{"Acceptance":[0.04],"Energy":{"Mean":-7.483423552153108,"Sigma":0.17877535383437848,"Taucorr":0.7272413233054704},"EnergyVariance":{"Mean":1.2518242837925893,"Sigma":0.23812890792070382,"Taucorr":0.4153040563069993},"Iteration":48},
{"Acceptance":[0.051111111111111114],"Energy":{"Mean":-7.7545879662992245,"Sigma":0.16385445073501606,"Taucorr":0.40433653464945407},"EnergyVariance":{"Mean":1.4253121411079772,"Sigma":0.5219550705701501,"Taucorr":0.34696319172228673},"Iteration":49},
{"Acceptance":[0.06055555555555556],"Energy":{"Mean":-7.3256841682135025,"Sigma":0.22663714207110747,"Taucorr":0.22400260759837598},"EnergyVariance":{"Mean":3.8654477995173635,"Sigma":1.3563667723045383,"Taucorr":1.1152170085768505},"Iteration":50},
{"Acceptance":[0.07277777777777777],"Energy":{"Mean":-7.106223535021086,"Sigma":0.400010843106819,"Taucorr":0.30195483133977363},"EnergyVariance":{"Mean":22.6951424902236,"Sigma":10.294447580165645,"Taucorr":0.29959670627334745},"Iteration":51},
{"Acceptance":[0.06222222222222222],"Energy":{"Mean":-7.422205996545877,"Sigma":0.25037588703771607,"Taucorr":0.10838417465826722},"EnergyVariance":{"Mean":7.192471665423525,"Sigma":2.7032851116386594,"Taucorr":0.13176017711031607},"Iteration":52},
{"Acceptance":[0.06666666666666667],"Energy":{"Mean":-7.385326144701369,"Sigma":0.19554489752906667,"Taucorr":0.30536091955636424},"EnergyVariance":{"Mean":2.8621383121794075,"Sigma":0.9834326077081131,"Taucorr":0.3552657568055777},"Iteration":53},
{"Acceptance":[0.06388888888888888],"Energy":{"Mean":-6.333457489810534,"Sigma":0.4012474844039215,"Taucorr":0.6591140424226638},"EnergyVariance":{"Mean":11.342872336754864,"Sigma":5.217293077687491,"Taucorr":0.02297766387779354},"Iteration":54},
{"Acceptance":[0.042777777777777776],"Energy":{"Mean":-7.967955795437039,"Sigma":0.26871354224984395,"Taucorr":0.33709587030973254},"EnergyVariance":{"Mean":5.023472019774916,"Sigma":2.6641113996963592,"Taucorr":0.3534493553763426},"Iteration":55},
{"Acceptance":[0.06944444444444445],"Energy":{"Mean":-7.2695033466841625,"Sigma":0.23445097376285043,"Taucorr":0.19388411108143977},"EnergyVariance":{"Mean":4.031208353425682,"Sigma":1.280275352718284,"Taucorr":0.21550978685026778},"Iteration":56},
{"Acceptance":[0.06944444444444445],"Energy":{"Mean":-6.322608753877653,"Sigma":0.19891743244796756,"Taucorr":0.35826039672040744},"EnergyVariance":{"Mean":2.1965992807983006,"Sigma":0.38457132224787605,"Taucorr":0.3276502714358628},"Iteration":57},
{"Acceptance":[0.06444444444444444],"Energy":{"Mean":-6.95749414678726,"Sigma":0.26165330646375895,"Taucorr":0.516448315923135},"EnergyVariance":{"Mean":7.687575652602939,"Sigma":4.691515064577919,"Taucorr":0.46228308847788646},"Iteration":58},
{"Acceptance":[0.04611111111111111],"Energy":{"Mean":-7.667310469257481,"Sigma":0.16175194806030171,"Taucorr":0.06374781290972009},"EnergyVariance":{"Mean":2.214633717650674,"Sigma":1.0288551755722466,"Taucorr":0.16491840352970977},"Iteration":59},
{"Acceptance":[0.06277777777777778],"Energy":{"Mean":-7.97703842392703,"Sigma":0.4043551319439258,"Taucorr":0.361066834960458},"EnergyVariance":{"Mean":14.941974535737168,"Sigma":5.683073461468626,"Taucorr":0.25537867210029075},"Iteration":60},
{"Acceptance":[0.06166666666666667],"Energy":{"Mean":-7.5145703526830046,"Sigma":0.35412706075554223,"Taucorr":0.37859079953660324},"EnergyVariance":{"Mean":8.830883858663983,"Sigma":3.950720960264088,"Taucorr":0.12431992635373157},"Iteration":61},
{"Acceptance":[0.03722222222222222],"Energy":{"Mean":-7.452232844058412,"Sigma":0.20167659559943388,"Taucorr":1.1278100622872456},"EnergyVariance":{"Mean":1.1951027111000452,"Sigma":0.22781434213045196,"Taucorr":0.6523316309475957},"Iteration":62},
{"Acceptance":[0.05333333333333334],"Energy":{"Mean":-7.498320357004037,"Sigma":0.42813096705608084,"Taucorr":0.72935382852318},"EnergyVariance":{"Mean":12.613702319377241,"Sigma":6.3007703251380125,"Taucorr":0.4329463908584822},"Iteration":63},
{"Acceptance":[0.05277777777777778],"Energy":{"Mean":-7.040681074057545,"Sigma":0.28821325995523,"Taucorr":0.12536535003828964},"EnergyVariance":{"Mean":13.652072848476216,"Sigma":6.875954381309329,"Taucorr":-0.018256609692613668},"Iteration":64},
{"Acceptance":[0.04722222222222222],"Energy":{"Mean":-7.229228705207526,"Sigma":0.2797101188378938,"Taucorr":-0.11742159766889942},"EnergyVariance":{"Mean":13.674105364381116,"Sigma":8.084817100150774,"Taucorr":0.19567931526196525},"Iteration":65},
{"Acceptance":[0.041666666666666664],"Energy":{"Mean":-8.005735828638066,"Sigma":0.14091579116426642,"Taucorr":-0.15910783034046178},"EnergyVariance":{"Mean":5.09372177556055,"Sigma":3.3884548181287197,"Taucorr":0.043704310269790714},"Iteration":66},
{"Acceptance":[0.03666666666666667],"Energy":{"Mean":-7.929676851402586,"Sigma":0.1343000287615936,"Taucorr":0.015242445124298065},"EnergyVariance":{"Mean":4.047497676861864,"Sigma":3.355013737597125,"Taucorr":0.05530861410760435},"Iteration":67},
{"Acceptance":[0.06111111111111111],"Energy":{"Mean":-7.7371640727814786,"Sigma":0.16958744162186265,"Taucorr":0.9310575016817901},"EnergyVariance":{"Mean":0.9611516527540926,"Sigma":0.25129523363982015,"Taucorr":0.4368278908126091},"Iteration":68},
{"Acceptance":[0.06055555555555556],"Energy":{"Mean":-7.226181838176614,"Sigma":0.2142624238657299,"Taucorr":-0.03928509558083265},"EnergyVariance":{"Mean":4.756397435999677,"Sigma":2.2808758652358474,"Taucorr":0.7316531009093088},"Iteration":69},
{"Acceptance":[0.03666666666666667],"Energy":{"Mean":-8.203839906227234,"Sigma":0.4186290792598607,"Taucorr":0.49831989730176784},"EnergyVariance":{"Mean":13.471195653566392,"Sigma":7.438227113202625,"Taucorr":0.5539372198187931},"Iteration":70},
{"Acceptance":[0.04055555555555555],"Energy":{"Mean":-7.171132515235888,"Sigma":0.5019936727472338,"Taucorr":0.5975385057968974},"EnergyVariance":{"Mean":15.649899470214164,"Sigma":12.710734664751506,"Taucorr":0.48265783017761377},"Iteration":71},
{"Acceptance":[0.043333333333333335],"Energy":{"Mean":-6.953455913947742,"Sigma":0.371623381083097,"Taucorr":0.7739270945564838},"EnergyVariance":{"Mean":8.164270648216425,"Sigma":5.95620724469677,"Taucorr":0.03497015872286835},"Iteration":72},
{"Acceptance":[0.051111111111111114],"Energy":{"Mean":-7.251557675433898,"Sigma":0.27849867570859244,"Taucorr":0.3800783746068944},"EnergyVariance":{"Mean":11.45998701681533,"Sigma":7.425518407291098,"Taucorr":0.4417944564498206},"Iteration":73},
{"Acceptance":[0.04388888888888889],"Energy":{"Mean":-7.734361204273216,"Sigma":0.2125940710803916,"Taucorr":0.049543713568874215},"EnergyVariance":{"Mean":4.540010272038426,"Sigma":2.248521453490719,"Taucorr":0.032937906227417435},"Iteration":74},
{"Acceptance":[0.03277777777777778],"Energy":{"Mean":-8.077338628624966,"Sigma":0.15369357015108023,"Taucorr":-0.12083936831562558},"EnergyVariance":{"Mean":5.68272364478127,"Sigma":4.137031172656973,"Taucorr":0.07701182157641195},"Iteration":75},
{"Acceptance":[0.04055555555555555],"Energy":{"Mean":-7.551854385045009,"Sigma":0.16305409022653664,"Taucorr":0.6456263895443406},"EnergyVariance":{"Mean":1.1066163842801409,"Sigma":0.17505403386012433,"Taucorr":0.11148347892151034},"Iteration":76},
{"Acceptance":[0.04],"Energy":{"Mean":-8.058825131193126,"Sigma":0.4001880017773647,"Taucorr":0.44747907144509935},"EnergyVariance":{"Mean":13.11387493173951,"Sigma":5.505200850647816,"Taucorr":0.11223738948224682},"Iteration":77},
{"Acceptance":[0.04611111111111111],"Energy":{"Mean":-7.736409800253103,"Sigma":0.15109191802013527,"Taucorr":0.6250495381229331},"EnergyVariance":{"Mean":0.968240884977922,"Sigma":0.22960016172974093,"Taucorr":0.22826124232320022},"Iteration":78},
{"Acceptance":[0.044444444444444446],"Energy":{"Mean":-7.370512705686289,"Sigma":0.167600145713196,"Taucorr":0.7431221252775797},"EnergyVariance":{"Mean":1.0764996789974584,"Sigma":0.10705952035371033,"Taucorr":0.06089003499737344},"Iteration":79},
{"Acceptance":[0.042222222222222223],"Energy":{"Mean":-7.09658601739384,"Sigma":0.302144491569477,"Taucorr":0.512420321709069},"EnergyVariance":{"Mean":4.791387324625379,"Sigma":2.0473405730366343,"Taucorr":0.03465250068973835},"Iteration":80},
{"Acceptance":[0.029444444444444443],"Energy":{"Mean":-7.570196705354185,"Sigma":0.17785551795462268,"Taucorr":0.5481222824675651},"EnergyVariance":{"Mean":1.437125389959195,"Sigma":0.3998894976498243,"Taucorr":0.13745995476948503},"Iteration":81},
{"Acceptance":[0.03944444444444444],"Energy":{"Mean":-7.760847522873815,"Sigma":0.2339293302172387,"Taucorr":0.2202287181169058},"EnergyVariance":{"Mean":6.880933474688686,"Sigma":4.296809791224442,"Taucorr":-0.01138544954534726},"Iteration":82},
{"Acceptance":[0.055],"Energy":{"Mean":-7.77099645156791,"Sigma":0.2937909007425399,"Taucorr":-0.03927302195387622},"EnergyVariance":{"Mean":15.7079542466786,"Sigma":8.418167595086551,"Taucorr":0.3915783241709866},"Iteration":83},
{"Acceptance":[0.03166666666666667],"Energy":{"Mean":-7.334837656331413,"Sigma":0.4180568271633472,"Taucorr":0.36823475410083595},"EnergyVariance":{"Mean":23.748522886780904,"Sigma":16.08701741883302,"Taucorr":0.23063291507947914},"Iteration":84},
{"Acceptance":[0.04833333333333333],"Energy":{"Mean":-7.079146706008057,"Sigma":0.336742268156782,"Taucorr":0.13328589196467944},"EnergyVariance":{"Mean":9.304305816823224,"Sigma":5.290747375857091,"Taucorr":0.4247852100578954},"Iteration":85},
{"Acceptance":[0.06277777777777778],"Energy":{"Mean":-7.92445696667091,"Sigma":0.3702375633377283,"Taucorr":0.020783143973311713},"EnergyVariance":{"Mean":15.48840137766869,"Sigma":6.635568696805047,"Taucorr":0.24860764906121524},"Iteration":86},
{"Acceptance":[0.03888888888888889],"Energy":{"Mean":-7.050330870077926,"Sigma":0.25450955728680935,"Taucorr":0.1307976470583293},"EnergyVariance":{"Mean":5.320786805828244,"Sigma":2.373399201741368,"Taucorr":-0.002481274499324726},"Iteration":87},
{"Acceptance":[0.04111111111111111],"Energy":{"Mean":-8.032201495702969,"Sigma":0.2339732382872166,"Taucorr":-0.0699293500905605},"EnergyVariance":{"Mean":6.9522742156436195,"Sigma":3.4872426503577936,"Taucorr":0.19186744757336516},"Iteration":88},
{"Acceptance":[0.03666666666666667],"Energy":{"Mean":-7.754435358332223,"Sigma":0.1506080791071654,"Taucorr":0.939937391582176},"EnergyVariance":{"Mean":0.750808717915283,"Sigma":0.15135942616114045,"Taucorr":0.9495170405591586},"Iteration":89},
{"Acceptance":[0.03722222222222222],"Energy":{"Mean":-7.481086681448992,"Sigma":0.20135714332341362,"Taucorr":0.7370692207980749},"EnergyVariance":{"Mean":6.843641664510856,"Sigma":5.863867649081209,"Taucorr":0.003301331816963571},"Iteration":90},
{"Acceptance":[0.035],"Energy":{"Mean":-7.5707044840855495,"Sigma":0.1695499572284197,"Taucorr":0.8967334233459028},"EnergyVariance":{"Mean":0.9797377268927144,"Sigma":0.17264483693291352,"Taucorr":0.4105261018151588},"Iteration":91},
{"Acceptance":[0.04055555555555555],"Energy":{"Mean":-7.59835962644103,"Sigma":0.343004179906547,"Taucorr":0.27816779381979895},"EnergyVariance":{"Mean":9.122089286996985,"Sigma":6.1074307204013465,"Taucorr":0.5246039874007271},"Iteration":92},
{"Acceptance":[0.04666666666666667],"Energy":{"Mean":-7.8753249995571295,"Sigma":0.38015559258086035,"Taucorr":0.047933133883893086},"EnergyVariance":{"Mean":32.75907300324485,"Sigma":14.939257856907389,"Taucorr":0.21869642193576955},"Iteration":93},
{"Acceptance":[0.03],"Energy":{"Mean":-7.673214400656318,"Sigma":0.1719331887053444,"Taucorr":0.9503444359846516},"EnergyVariance":{"Mean":0.9703498120364984,"Sigma":0.22251315078118852,"Taucorr":0.3760072159042427},"Iteration":94},
{"Acceptance":[0.041666666666666664],"Energy":{"Mean":-7.720829448355879,"Sigma":0.24021818651041835,"Taucorr":0.21856282963562734},"EnergyVariance":{"Mean":9.421549924267781,"Sigma":8.078431303064388,"Taucorr":0.0009927670984269943},"Iteration":95},
{"Acceptance":[0.02666666666666667],"Energy":{"Mean":-8.174018347706545,"Sigma":0.20360373626445735,"Taucorr":-0.039333362744353007},"EnergyVariance":{"Mean":5.373064466832511,"Sigma":3.5277614340774495,"Taucorr":0.03686846920217213},"Iteration":96},
{"Acceptance":[0.025555555555555557],"Energy":{"Mean":-8.012540960806344,"Sigma":0.1150887092916381,"Taucorr":0.23199630088738787},"EnergyVariance":{"Mean":1.0455929809769307,"Sigma":0.5307856282689888,"Taucorr":0.06831933381718924},"Iteration":97},
{"Acceptance":[0.03833333333333333],"Energy":{"Mean":-7.378764906933676,"Sigma":0.23460756395071508,"Taucorr":-0.053984627197559476},"EnergyVariance":{"Mean":6.014390427614455,"Sigma":3.3624584914811972,"Taucorr":0.15286447723947139},"Iteration":98},
{"Acceptance":[0.034444444444444444],"Energy":{"Mean":-7.829612252665806,"Sigma":0.3960485270051875,"Taucorr":0.5058118387605426},"EnergyVariance":{"Mean":13.784891963608537,"Sigma":9.418139858466912,"Taucorr":0.4996561957687621},"Iteration":99} 
]}
{"input": {"L": 8, "J": 1, "machine": {"type": "FFNN", "model": ["relu", 39, 4]}, "sampler": {"type": "MetropolisHop", "d_max": 5}, "optimizer": {"type": "AdaMax", "alpha": 0.001, "beta1": 0.9, "beta2": 0.999, "epscut": 1e-07}, "VMC": {"n_samples": 100, "discarded_samples": 100, "discarded_samples_on_init": 0, "target": "energy", "method": "Gd", "diag_shift": 0.01, "use_iterative": true, "use_cholesky": true}, "n_iter": 100}}
duration: -3.770190715789795