{"Output": [
{"Acceptance":[0.7966666666666666],"Energy":{"Mean":6.407475244478448,"Sigma":0.26725215941105984,"Taucorr":0.09289769228965095},"EnergyVariance":{"Mean":6.089777804677316,"Sigma":0.9070489415814136,"Taucorr":-0.0010101034365491701},"Iteration":0},
{"Acceptance":[0.7061111111111111],"Energy":{"Mean":5.653549457094494,"Sigma":0.2421761697398826,"Taucorr":-0.02958918239192121},"EnergyVariance":{"Mean":6.887968285969866,"Sigma":0.9260597611793252,"Taucorr":-0.08000704093378547},"Iteration":1},
{"Acceptance":[0.6072222222222222],"Energy":{"Mean":4.659631863714826,"Sigma":0.3259990509437925,"Taucorr":0.2097413651381601},"EnergyVariance":{"Mean":8.929051803141556,"Sigma":1.2139202320929376,"Taucorr":0.09820429964764577},"Iteration":2},
{"Acceptance":[0.5661111111111111],"Energy":{"Mean":3.637477388656623,"Sigma":0.4815240837440008,"Taucorr":0.5622322986406341},"EnergyVariance":{"Mean":13.34280058813362,"Sigma":1.6466793337524332,"Taucorr":0.04246809532974827},"Iteration":3},
{"Acceptance":[0.5016666666666667],"Energy":{"Mean":2.7567076476897476,"Sigma":0.3392661739125107,"Taucorr":0.20799187820370946},"EnergyVariance":{"Mean":11.897064095913723,"Sigma":1.385441492807773,"Taucorr":0.10024772390187353},"Iteration":4},
{"Acceptance":[0.4638888888888889],"Energy":{"Mean":1.3775701932684714,"Sigma":0.4390812379499031,"Taucorr":0.4081487385606478},"EnergyVariance":{"Mean":13.462269294757172,"Sigma":1.8794889050923227,"Taucorr":0.3344523823647064},"Iteration":5},
{"Acceptance":[0.4],"Energy":{"Mean":0.8423327671334827,"Sigma":0.4329957676413307,"Taucorr":0.3296467527823176},"EnergyVariance":{"Mean":15.351879485657733,"Sigma":2.488269014728112,"Taucorr":0.2709836447247974},"Iteration":6},
{"Acceptance":[0.3672222222222222],"Energy":{"Mean":-0.8782613587600369,"Sigma":0.31695337830564463,"Taucorr":0.011229984386582514},"EnergyVariance":{"Mean":14.768046707941087,"Sigma":3.8032361606655405,"Taucorr":0.2218442471180575},"Iteration":7},
{"Acceptance":[0.3322222222222222],"Energy":{"Mean":-1.401361335644867,"Sigma":0.4224022576585676,"Taucorr":0.6603984241465224},"EnergyVariance":{"Mean":11.79898115475416,"Sigma":2.0479454402115125,"Taucorr":0.5343597369093946},"Iteration":8},
{"Acceptance":[0.28888888888888886],"Energy":{"Mean":-1.2197866220738618,"Sigma":0.41331038266950837,"Taucorr":0.3475722362341477},"EnergyVariance":{"Mean":15.692409572836178,"Sigma":2.6961085895426358,"Taucorr":0.341918254477657},"Iteration":9},
{"Acceptance":[0.235],"Energy":{"Mean":-3.448481425992152,"Sigma":0.44565645591805453,"Taucorr":0.5832615884848762},"EnergyVariance":{"Mean":12.566461999683908,"Sigma":1.8513981997248226,"Taucorr":-0.05722623603849197},"Iteration":10},
{"Acceptance":[0.23333333333333334],"Energy":{"Mean":-3.3047557524570648,"Sigma":0.3448413145273851,"Taucorr":0.4155507013540167},"EnergyVariance":{"Mean":11.071040951270545,"Sigma":1.8524185965154591,"Taucorr":0.08735539099754408},"Iteration":11},
{"Acceptance":[0.20944444444444443],"Energy":{"Mean":-3.6340732956325272,"Sigma":0.33075269218611514,"Taucorr":0.08902549380009273},"EnergyVariance":{"Mean":13.236793359843375,"Sigma":2.860065758971957,"Taucorr":0.013124175482437495},"Iteration":12},
{"Acceptance":[0.17666666666666667],"Energy":{"Mean":-3.7462555047946657,"Sigma":0.4483835126755507,"Taucorr":0.7429926953216088},"EnergyVariance":{"Mean":11.77080803867076,"Sigma":2.818092521934073,"Taucorr":0.704894869551685},"Iteration":13},
{"Acceptance":[0.14555555555555555],"Energy":{"Mean":-5.354845033483707,"Sigma":0.2538257277502675,"Taucorr":0.32805396282371113},"EnergyVariance":{"Mean":6.34222956288498,"Sigma":1.3968880312586154,"Taucorr":0.334217993218741},"Iteration":14},
{"Acceptance":[0.15222222222222223],"Energy":{"Mean":-5.261256313128697,"Sigma":0.38684899646242954,"Taucorr":0.5774489145058896},"EnergyVariance":{"Mean":17.549344323611038,"Sigma":4.912350194904917,"Taucorr":0.49452486881556046},"Iteration":15},
{"Acceptance":[0.135],"Energy":{"Mean":-5.9543491620629885,"Sigma":0.27017460350209543,"Taucorr":0.3092435433241242},"EnergyVariance":{"Mean":9.264782848168135,"Sigma":1.9230440886155253,"Taucorr":0.3821504919930804},"Iteration":16},
{"Acceptance":[0.1238888888888889],"Energy":{"Mean":-5.566599964259715,"Sigma":0.2829426087327563,"Taucorr":0.21676734967926203},"EnergyVariance":{"Mean":9.201455307498048,"Sigma":2.488467286149608,"Taucorr":0.25059025827845094},"Iteration":17},
{"Acceptance":[0.14833333333333334],"Energy":{"Mean":-5.180634259168636,"Sigma":0.3968676454912425,"Taucorr":0.4447525777304332},"EnergyVariance":{"Mean":13.099177881514002,"Sigma":3.867276788845349,"Taucorr":0.004700855745668364},"Iteration":18},
{"Acceptance":[0.10388888888888889],"Energy":{"Mean":-6.1427311414800245,"Sigma":0.3499915104163957,"Taucorr":0.42424689383716885},"EnergyVariance":{"Mean":8.532731700534674,"Sigma":2.0805327560288376,"Taucorr":0.11925315252624524},"Iteration":19},
{"Acceptance":[0.10722222222222222],"Energy":{"Mean":-6.268861383752765,"Sigma":0.30779239259663393,"Taucorr":0.3579421188334423},"EnergyVariance":{"Mean":9.238612323365656,"Sigma":3.230073940942373,"Taucorr":0.7842494462379506},"Iteration":20},
{"Acceptance":[0.115],"Energy":{"Mean":-6.56908239615858,"Sigma":0.5406155832029387,"Taucorr":0.603040498147168},"EnergyVariance":{"Mean":16.11254192561776,"Sigma":8.032152719271137,"Taucorr":0.3175120382202786},"Iteration":21},
{"Acceptance":[0.085],"Energy":{"Mean":-6.772711426506626,"Sigma":0.2675181551542067,"Taucorr":0.36435156516169387},"EnergyVariance":{"Mean":4.6435963173086,"Sigma":1.9465477223412866,"Taucorr":-0.010240733662934598},"Iteration":22},
{"Acceptance":[0.08388888888888889],"Energy":{"Mean":-7.248529403678893,"Sigma":0.30454990984787766,"Taucorr":0.08805091567037526},"EnergyVariance":{"Mean":14.633071893790211,"Sigma":5.230015880793082,"Taucorr":0.536333061601562},"Iteration":23},
{"Acceptance":[0.0961111111111111],"Energy":{"Mean":-6.195153071935967,"Sigma":0.2451132372600322,"Taucorr":0.24848511536072004},"EnergyVariance":{"Mean":8.209320087322336,"Sigma":2.9891875308885463,"Taucorr":0.4171723325012755},"Iteration":24},
{"Acceptance":[0.09055555555555556],"Energy":{"Mean":-6.763028899749972,"Sigma":0.3734551464018941,"Taucorr":0.16994429579652182},"EnergyVariance":{"Mean":13.005940107842598,"Sigma":5.326649101158096,"Taucorr":0.22897603344165507},"Iteration":25},
{"Acceptance":[0.07111111111111111],"Energy":{"Mean":-7.447049745617228,"Sigma":0.24196147961798153,"Taucorr":0.5831716377108622},"EnergyVariance":{"Mean":4.432306296080148,"Sigma":1.725241897667012,"Taucorr":0.10346056991048835},"Iteration":26},
{"Acceptance":[0.08],"Energy":{"Mean":-6.7567785374600176,"Sigma":0.31117763275569765,"Taucorr":-0.2465651394506359},"EnergyVariance":{"Mean":21.26093233601047,"Sigma":12.00360857385423,"Taucorr":0.2605263245572056},"Iteration":27},
{"Acceptance":[0.07666666666666666],"Energy":{"Mean":-7.579327211539755,"Sigma":0.25773024791726207,"Taucorr":0.46846271864865263},"EnergyVariance":{"Mean":3.9452684413555805,"Sigma":1.7248648701303053,"Taucorr":0.5328498199529714},"Iteration":28},
{"Acceptance":[0.06944444444444445],"Energy":{"Mean":-6.788530218690315,"Sigma":0.22408267148727534,"Taucorr":0.021134290234840036},"EnergyVariance":{"Mean":7.464102571227971,"Sigma":3.7517154101335506,"Taucorr":0.3730485865418742},"Iteration":29},
{"Acceptance":[0.09],"Energy":{"Mean":-7.320465127779117,"Sigma":0.3508367967742997,"Taucorr":0.2627295280932216},"EnergyVariance":{"Mean":10.513399472620685,"Sigma":3.5426963442719868,"Taucorr":0.19267774772547797},"Iteration":30},
{"Acceptance":[0.06888888888888889],"Energy":{"Mean":-7.73413401979425,"Sigma":0.39352483101556507,"Taucorr":0.213313807361163},"EnergyVariance":{"Mean":11.621303697596527,"Sigma":5.212698497574597,"Taucorr":0.4966127843040945},"Iteration":31},
{"Acceptance":[0.06888888888888889],"Energy":{"Mean":-7.284958571174597,"Sigma":0.23727807718669883,"Taucorr":0.18993875121539738},"EnergyVariance":{"Mean":3.935543035838931,"Sigma":1.2426587787644945,"Taucorr":0.6620991597024726},"Iteration":32},
{"Acceptance":[0.08833333333333333],"Energy":{"Mean":-6.935090508597324,"Sigma":0.3611933377928391,"Taucorr":0.21375138599802157},"EnergyVariance":{"Mean":9.407356119134509,"Sigma":5.4308369002179075,"Taucorr":0.018448430753393863},"Iteration":33},
{"Acceptance":[0.051666666666666666],"Energy":{"Mean":-7.8550789084613655,"Sigma":0.2742963994469094,"Taucorr":0.32381178399397004},"EnergyVariance":{"Mean":4.572584841489093,"Sigma":1.954888910582195,"Taucorr":0.7897478285848785},"Iteration":34},
{"Acceptance":[0.075],"Energy":{"Mean":-6.326231315358388,"Sigma":0.38591333942474176,"Taucorr":0.6914991128669072},"EnergyVariance":{"Mean":11.502225992014834,"Sigma":4.1550391361955965,"Taucorr":-0.001617298327471206},"Iteration":35},
{"Acceptance":[0.065],"Energy":{"Mean":-6.577856919060719,"Sigma":0.8301992444355926,"Taucorr":1.0128014939553731},"EnergyVariance":{"Mean":25.96812696981201,"Sigma":17.622727940328197,"Taucorr":0.9423743498462542},"Iteration":36},
{"Acceptance":[0.06777777777777778],"Energy":{"Mean":-7.573513554440251,"Sigma":0.20480607425276398,"Taucorr":0.6009002225153259},"EnergyVariance":{"Mean":2.847046437495793,"Sigma":1.4082213078770824,"Taucorr":0.2249876032027891},"Iteration":37},
{"Acceptance":[0.05277777777777778],"Energy":{"Mean":-7.35690167132752,"Sigma":0.2436486921863814,"Taucorr":0.273492901749689},"EnergyVariance":{"Mean":6.26304989145061,"Sigma":3.128280182944294,"Taucorr":0.019874854744433068},"Iteration":38},
{"Acceptance":[0.06277777777777778],"Energy":{"Mean":-6.645238186403956,"Sigma":0.2835256610164328,"Taucorr":0.3361801276834684},"EnergyVariance":{"Mean":8.095919468198968,"Sigma":4.725739403142145,"Taucorr":0.34788157817212373},"Iteration":39},
{"Acceptance":[0.049444444444444444],"Energy":{"Mean":-7.238572400379134,"Sigma":0.21673459446106338,"Taucorr":0.4840934271917292},"EnergyVariance":{"Mean":4.813734806466322,"Sigma":2.8197372769228615,"Taucorr":0.0909695524995513},"Iteration":40},
{"Acceptance":[0.05722222222222222],"Energy":{"Mean":-7.417259430405796,"Sigma":0.26718931512711647,"Taucorr":0.5473191266317086},"EnergyVariance":{"Mean":10.033310656056146,"Sigma":5.746533767790715,"Taucorr":0.30379429081945997},"Iteration":41},
{"Acceptance":[0.05555555555555555],"Energy":{"Mean":-7.168193581975168,"Sigma":0.1904207270820427,"Taucorr":0.3170877527403092},"EnergyVariance":{"Mean":2.193300596708421,"Sigma":0.5260210708182228,"Taucorr":0.0085879211439841},"Iteration":42},
{"Acceptance":[0.05611111111111111],"Energy":{"Mean":-7.390410886204725,"Sigma":0.16399553023928023,"Taucorr":0.3196434239334952},"EnergyVariance":{"Mean":1.5626590960373274,"Sigma":0.25064910487852,"Taucorr":0.10375182065045974},"Iteration":43},
{"Acceptance":[0.06],"Energy":{"Mean":-7.5206282560142395,"Sigma":0.28228105465221814,"Taucorr":0.9083632852133441},"EnergyVariance":{"Mean":3.4116762201776614,"Sigma":1.7895875455562587,"Taucorr":1.457121821015205},"Iteration":44},
{"Acceptance":[0.04111111111111111],"Energy":{"Mean":-7.36378016016548,"Sigma":0.2771893622025966,"Taucorr":0.7709270770222949},"EnergyVariance":{"Mean":2.875358963449631,"Sigma":0.8972256221680864,"Taucorr":0.33970456389145154},"Iteration":45},
{"Acceptance":[0.05],"Energy":{"Mean":-7.365090321040794,"Sigma":0.19167054871101125,"Taucorr":0.6985292823509037},"EnergyVariance":{"Mean":1.4603507672716787,"Sigma":0.2937395585762224,"Taucorr":0.6139396645687027},"Iteration":46},
{"Acceptance":[0.04888888888888889],"Energy":{"Mean":-6.562703951486618,"Sigma":0.7164730775093567,"Taucorr":1.0111217828640764},"EnergyVariance":{"Mean":17.082747004937286,"Sigma":14.060247204125467,"Taucorr":0.8363177399301749},"Iteration":47},
{"Acceptance":[0.045],"Energy":{"Mean":-8.040027940773234,"Sigma":0.4862577322102994,"Taucorr":0.5341311975961394},"EnergyVariance":{"Mean":12.835271695352162,"Sigma":7.213738448677864,"Taucorr":0.9503126554572066},"Iteration":48},
{"Acceptance":[0.065],"Energy":{"Mean":-7.819263300066377,"Sigma":0.19865045381946866,"Taucorr":-0.10531986322377196},"EnergyVariance":{"Mean":5.594283412135352,"Sigma":3.18062730397558,"Taucorr":0.09622173459572769},"Iteration":49},
{"Acceptance":[0.055],"Energy":{"Mean":-7.619909998374483,"Sigma":0.17799363224767975,"Taucorr":0.017203271416907473},"EnergyVariance":{"Mean":3.0964991375328634,"Sigma":1.3695973566195714,"Taucorr":0.14052356115995235},"Iteration":50},
{"Acceptance":[0.03833333333333333],"Energy":{"Mean":-7.343871370031536,"Sigma":0.3721775059319299,"Taucorr":0.251978076386806},"EnergyVariance":{"Mean":8.87352091155895,"Sigma":7.342228776390377,"Taucorr":0.011880074119676398},"Iteration":51},
{"Acceptance":[0.04611111111111111],"Energy":{"Mean":-7.623292659855395,"Sigma":0.1988638603798613,"Taucorr":0.8709436811667648},"EnergyVariance":{"Mean":1.373355956520745,"Sigma":0.37270011165026495,"Taucorr":0.528732738690427},"Iteration":52},
{"Acceptance":[0.04555555555555556],"Energy":{"Mean":-7.571372353936121,"Sigma":0.4041180101339578,"Taucorr":0.6238074212133182},"EnergyVariance":{"Mean":25.639369165610447,"Sigma":17.84984160133233,"Taucorr":1.2392471003900964},"Iteration":53},
{"Acceptance":[0.04555555555555556],"Energy":{"Mean":-7.273476840045602,"Sigma":0.44787190159192275,"Taucorr":0.07176842848338061},"EnergyVariance":{"Mean":17.21639262932863,"Sigma":8.712858704620116,"Taucorr":0.005240491908099942},"Iteration":54},
{"Acceptance":[0.05722222222222222],"Energy":{"Mean":-7.135056152388851,"Sigma":0.20742161077430427,"Taucorr":-0.20355119538400418},"EnergyVariance":{"Mean":8.179652191867017,"Sigma":6.002413256552471,"Taucorr":0.0522594358717815},"Iteration":55},
{"Acceptance":[0.05722222222222222],"Energy":{"Mean":-8.14498115578997,"Sigma":0.4862581573197217,"Taucorr":0.22121328027206022},"EnergyVariance":{"Mean":29.45208335607038,"Sigma":11.216762135937687,"Taucorr":0.3539935496475266},"Iteration":56},
{"Acceptance":[0.042777777777777776],"Energy":{"Mean":-7.879218237276146,"Sigma":0.5513066445222622,"Taucorr":0.8690092756406274},"EnergyVariance":{"Mean":11.250765566210202,"Sigma":7.452245226500657,"Taucorr":0.9315061625100607},"Iteration":57},
{"Acceptance":[0.042777777777777776],"Energy":{"Mean":-7.42630008933489,"Sigma":0.43974254015555886,"Taucorr":0.983334532200125},"EnergyVariance":{"Mean":7.059523949976,"Sigma":3.708419068613226,"Taucorr":1.0659785994063218},"Iteration":58},
{"Acceptance":[0.05277777777777778],"Energy":{"Mean":-7.253994714559578,"Sigma":0.3610136423873729,"Taucorr":0.23650545672155177},"EnergyVariance":{"Mean":9.481720130024998,"Sigma":3.9331276552256536,"Taucorr":-0.03685990805159517},"Iteration":59},
{"Acceptance":[0.04666666666666667],"Energy":{"Mean":-7.635010094442186,"Sigma":0.3228948944538581,"Taucorr":0.29419077280595973},"EnergyVariance":{"Mean":6.87071423770433,"Sigma":4.297084298559185,"Taucorr":0.1913148208044423},"Iteration":60},
{"Acceptance":[0.05333333333333334],"Energy":{"Mean":-7.052953117774808,"Sigma":0.27884222084957216,"Taucorr":0.8212248480189714},"EnergyVariance":{"Mean":2.797268818733862,"Sigma":0.6277926417545859,"Taucorr":0.48661462118173615},"Iteration":61},
{"Acceptance":[0.04722222222222222],"Energy":{"Mean":-7.491050208973835,"Sigma":0.24246403869263347,"Taucorr":1.0389311928866314},"EnergyVariance":{"Mean":1.8165279208717133,"Sigma":0.5077305590124812,"Taucorr":0.8443473824078944},"Iteration":62},
{"Acceptance":[0.04055555555555555],"Energy":{"Mean":-7.626848704679744,"Sigma":0.17797161450930996,"Taucorr":0.04400101697034975},"EnergyVariance":{"Mean":2.7823254461027997,"Sigma":1.5227910139975982,"Taucorr":0.1962052613398373},"Iteration":63},
{"Acceptance":[0.03333333333333333],"Energy":{"Mean":-8.14060654631445,"Sigma":0.3698799702773063,"Taucorr":0.6609821648706748},"EnergyVariance":{"Mean":5.867680265783097,"Sigma":3.6519248970113365,"Taucorr":0.8162048656406349},"Iteration":64},
{"Acceptance":[0.04111111111111111],"Energy":{"Mean":-7.62414418091127,"Sigma":0.3575067123681735,"Taucorr":0.3473882190863381},"EnergyVariance":{"Mean":14.660647204733475,"Sigma":8.80819025235465,"Taucorr":0.033804369663539724},"Iteration":65},
{"Acceptance":[0.043333333333333335],"Energy":{"Mean":-7.6140080445739144,"Sigma":0.21291772022893174,"Taucorr":0.13696199181544044},"EnergyVariance":{"Mean":3.410438830178982,"Sigma":2.1858550848587157,"Taucorr":0.062284443119580146},"Iteration":66},
{"Acceptance":[0.03888888888888889],"Energy":{"Mean":-7.872501333691128,"Sigma":0.14950206797827856,"Taucorr":0.6164877664051791},"EnergyVariance":{"Mean":0.9524461534678197,"Sigma":0.34814819035370664,"Taucorr":0.48661300388131334},"Iteration":67},
{"Acceptance":[0.04888888888888889],"Energy":{"Mean":-7.810491291464689,"Sigma":0.31519038604890165,"Taucorr":0.4524965870273979},"EnergyVariance":{"Mean":4.9590168150689236,"Sigma":3.4199444206030645,"Taucorr":0.5203200751120194},"Iteration":68},
{"Acceptance":[0.04055555555555555],"Energy":{"Mean":-7.003073191008409,"Sigma":0.19569441580411306,"Taucorr":-0.0014584155080634154},"EnergyVariance":{"Mean":3.65237738608701,"Sigma":2.1032961513334127,"Taucorr":0.10926801817120368},"Iteration":69},
{"Acceptance":[0.03611111111111111],"Energy":{"Mean":-7.657949017105361,"Sigma":0.23165541703971748,"Taucorr":0.3860586319004783},"EnergyVariance":{"Mean":2.8806246930106836,"Sigma":1.7089689649562019,"Taucorr":-0.0026317048917662844},"Iteration":70},
{"Acceptance":[0.021666666666666667],"Energy":{"Mean":-8.037964572022265,"Sigma":0.11052558991060688,"Taucorr":0.7774097296185494},"EnergyVariance":{"Mean":0.4556185336207993,"Sigma":0.16894242704165832,"Taucorr":0.7759673147105044},"Iteration":71},
{"Acceptance":[0.03777777777777778],"Energy":{"Mean":-7.750873751936088,"Sigma":0.36573162977025275,"Taucorr":0.37370556528882326},"EnergyVariance":{"Mean":7.331014305874471,"Sigma":4.328396010630312,"Taucorr":0.336607519251535},"Iteration":72},
{"Acceptance":[0.035555555555555556],"Energy":{"Mean":-8.868817124900339,"Sigma":0.9714367034879154,"Taucorr":0.7724640478906184},"EnergyVariance":{"Mean":36.88761162590755,"Sigma":31.02657881156545,"Taucorr":0.8224055012640787},"Iteration":73},
{"Acceptance":[0.041666666666666664],"Energy":{"Mean":-7.488518553522208,"Sigma":0.14610401342771157,"Taucorr":0.5303157334312203},"EnergyVariance":{"Mean":0.9853401362850268,"Sigma":0.06180610934787807,"Taucorr":0.5284980966264166},"Iteration":74},
{"Acceptance":[0.03611111111111111],"Energy":{"Mean":-7.815975119248878,"Sigma":0.2508099941367403,"Taucorr":0.18814459630610414},"EnergyVariance":{"Mean":4.632779251320571,"Sigma":3.598544506649999,"Taucorr":0.00034686919150761497},"Iteration":75},
{"Acceptance":[0.03611111111111111],"Energy":{"Mean":-8.069206356601224,"Sigma":0.22015201724250857,"Taucorr":0.1282360754544244},"EnergyVariance":{"Mean":4.77683126975402,"Sigma":2.930966851180881,"Taucorr":0.39933894634588596},"Iteration":76},
{"Acceptance":[0.03777777777777778],"Energy":{"Mean":-7.717468097063898,"Sigma":0.27295474569062467,"Taucorr":0.3840439092799176},"EnergyVariance":{"Mean":9.45775344125324,"Sigma":5.757388757438115,"Taucorr":0.07335161473332874},"Iteration":77},
{"Acceptance":[0.04111111111111111],"Energy":{"Mean":-8.216575529207088,"Sigma":0.29490939118790516,"Taucorr":0.1453825103776739},"EnergyVariance":{"Mean":6.886620643373918,"Sigma":2.520613177378907,"Taucorr":-0.058670563848559065},"Iteration":78},
{"Acceptance":[0.045],"Energy":{"Mean":-7.914041489403459,"Sigma":0.34737221571447574,"Taucorr":0.7540614817152878},"EnergyVariance":{"Mean":10.649737203164763,"Sigma":6.467910817248517,"Taucorr":0.19299979851314297},"Iteration":79},
{"Acceptance":[0.05],"Energy":{"Mean":-7.3468358200336175,"Sigma":0.22317322751048788,"Taucorr":0.26315769416754253},"EnergyVariance":{"Mean":3.316640122627619,"Sigma":1.5093217169801818,"Taucorr":-0.015311630095011353},"Iteration":80},
{"Acceptance":[0.04388888888888889],"Energy":{"Mean":-7.08317526863787,"Sigma":0.2524830888514795,"Taucorr":0.048982766655305654},"EnergyVariance":{"Mean":10.520036970168947,"Sigma":5.9040611161485,"Taucorr":0.07137436741635172},"Iteration":81},
{"Acceptance":[0.04611111111111111],"Energy":{"Mean":-7.685654279890352,"Sigma":0.2626429924086272,"Taucorr":0.4267348208608821},"EnergyVariance":{"Mean":3.9182601511176527,"Sigma":2.806364683277444,"Taucorr":0.5240536151316468},"Iteration":82},
{"Acceptance":[0.04833333333333333],"Energy":{"Mean":-7.931957782006358,"Sigma":0.3295440460446598,"Taucorr":0.4000209734747858},"EnergyVariance":{"Mean":6.203897429013279,"Sigma":5.067924645302075,"Taucorr":0.331532594662144},"Iteration":83},
{"Acceptance":[0.03777777777777778],"Energy":{"Mean":-7.5070260913466145,"Sigma":0.22863024421964098,"Taucorr":0.7105479057265818},"EnergyVariance":{"Mean":2.051806699295223,"Sigma":0.5684814044398748,"Taucorr":0.42547493982383966},"Iteration":84},
{"Acceptance":[0.05444444444444444],"Energy":{"Mean":-7.707307934730585,"Sigma":0.26262946364359413,"Taucorr":0.1670816064633991},"EnergyVariance":{"Mean":16.2974246209993,"Sigma":11.059271275422057,"Taucorr":0.484270239222803},"Iteration":85},
{"Acceptance":[0.052222222222222225],"Energy":{"Mean":-7.337411487749807,"Sigma":0.24350828304603706,"Taucorr":0.26981416847041406},"EnergyVariance":{"Mean":8.990636658441323,"Sigma":5.6829913032370305,"Taucorr":-0.013239424773557718},"Iteration":86},
{"Acceptance":[0.043333333333333335],"Energy":{"Mean":-8.618758740512876,"Sigma":0.36364348749720177,"Taucorr":-0.049617228285235904},"EnergyVariance":{"Mean":38.38586890116351,"Sigma":23.517252038533194,"Taucorr":0.5426893930933403},"Iteration":87},
{"Acceptance":[0.041666666666666664],"Energy":{"Mean":-7.051091110401587,"Sigma":0.18784103932005938,"Taucorr":0.86547652526154},"EnergyVariance":{"Mean":1.228087069968574,"Sigma":0.1600344386907674,"Taucorr":0.2509327010664104},"Iteration":88},
{"Acceptance":[0.03666666666666667],"Energy":{"Mean":-7.682649952077302,"Sigma":0.143461715036172,"Taucorr":0.6227135677199507},"EnergyVariance":{"Mean":0.8713249198802028,"Sigma":0.11570480034436713,"Taucorr":0.6260270748257879},"Iteration":89},
{"Acceptance":[0.03722222222222222],"Energy":{"Mean":-7.3581014917316985,"Sigma":0.2553238271744793,"Taucorr":0.39738568234136307},"EnergyVariance":{"Mean":3.452840824276394,"Sigma":1.7327058064393104,"Taucorr":0.061017684847532117},"Iteration":90},
{"Acceptance":[0.04111111111111111],"Energy":{"Mean":-8.039900711580787,"Sigma":0.3159453415079142,"Taucorr":0.6212956984317526},"EnergyVariance":{"Mean":4.230989695624383,"Sigma":3.1151761332415258,"Taucorr":0.4943896890793452},"Iteration":91},
{"Acceptance":[0.03944444444444444],"Energy":{"Mean":-7.788170542877985,"Sigma":0.12990165834350945,"Taucorr":0.4239262771817699},"EnergyVariance":{"Mean":0.8679453169606102,"Sigma":0.17492129214274263,"Taucorr":0.09953669378522345},"Iteration":92},
{"Acceptance":[0.03944444444444444],"Energy":{"Mean":-7.321595338792031,"Sigma":0.20682485941973064,"Taucorr":0.11138797591899408},"EnergyVariance":{"Mean":3.3277315990570724,"Sigma":2.0288132938446357,"Taucorr":0.14470982952395395},"Iteration":93},
{"Acceptance":[0.044444444444444446],"Energy":{"Mean":-7.749337990685586,"Sigma":0.20594463358392084,"Taucorr":-0.3746304347105449},"EnergyVariance":{"Mean":16.653304425919124,"Sigma":15.813890284335665,"Taucorr":0.2487948500113325},"Iteration":94},
{"Acceptance":[0.04],"Energy":{"Mean":-7.448988011287685,"Sigma":0.21177740894413066,"Taucorr":0.9819342954027577},"EnergyVariance":{"Mean":1.438162358554266,"Sigma":0.41051535554233665,"Taucorr":1.2637280490928575},"Iteration":95},
{"Acceptance":[0.041666666666666664],"Energy":{"Mean":-7.749775423689971,"Sigma":0.2352831079829776,"Taucorr":0.37886591502441913},"EnergyVariance":{"Mean":3.0271590491812974,"Sigma":1.8472589068655594,"Taucorr":0.005118254351436646},"Iteration":96},
{"Acceptance":[0.044444444444444446],"Energy":{"Mean":-7.535669938301542,"Sigma":0.22020611713858704,"Taucorr":0.1855328451056626},"EnergyVariance":{"Mean":3.3951279935984697,"Sigma":1.9245476687329923,"Taucorr":0.0030159616946187073},"Iteration":97},
{"Acceptance":[0.03888888888888889],"Energy":{"Mean":-7.7335205588193,"Sigma":0.16810057812482257,"Taucorr":0.0910607943449544},"EnergyVariance":{"Mean":2.3921083327371804,"Sigma":1.3644499881459209,"Taucorr":0.20813174981049165},"Iteration":98},
{"Acceptance":[0.035],"Energy":{"Mean":-7.4124454788702865,"Sigma":0.2693192045933543,"Taucorr":-0.37645292950261117},"EnergyVariance":{"Mean":35.55482550052311,"Sigma":27.903000045356634,"Taucorr":0.40874637101171296},"Iteration":99} 
]}
{"input": {"L": 8, "J": 1, "machine": {"type": "FFNN", "model": ["relu", 49, 4]}, "sampler": {"type": "MetropolisHop", "d_max": 5}, "optimizer": {"type": "AdaMax", "alpha": 0.001, "beta1": 0.9, "beta2": 0.999, "epscut": 1e-07}, "VMC": {"n_samples": 100, "discarded_samples": 100, "discarded_samples_on_init": 0, "target": "energy", "method": "Gd", "diag_shift": 0.01, "use_iterative": true, "use_cholesky": true}, "n_iter": 100}}
duration: -3.166382074356079