{"Output": [
{"Acceptance":[0.785],"Energy":{"Mean":6.532813696631043,"Sigma":0.2762797910740279,"Taucorr":0.3580826364591667},"EnergyVariance":{"Mean":4.518267490246683,"Sigma":0.5363872870596053,"Taucorr":-0.03248066997119575},"Iteration":0},
{"Acceptance":[0.6783333333333333],"Energy":{"Mean":5.811157042135833,"Sigma":0.20944847062665017,"Taucorr":0.10400489361501841},"EnergyVariance":{"Mean":4.483801292433239,"Sigma":0.8001175868428225,"Taucorr":0.07016466237288144},"Iteration":1},
{"Acceptance":[0.55],"Energy":{"Mean":5.287608255885843,"Sigma":0.2769378289503546,"Taucorr":0.21556407505342334},"EnergyVariance":{"Mean":6.971742122010988,"Sigma":1.3489174705507936,"Taucorr":0.1360981865138493},"Iteration":2},
{"Acceptance":[0.4961111111111111],"Energy":{"Mean":4.318618970637797,"Sigma":0.24706009720657365,"Taucorr":0.3586997691535797},"EnergyVariance":{"Mean":6.594949681762661,"Sigma":0.5932900176096633,"Taucorr":-0.1397326301092412},"Iteration":3},
{"Acceptance":[0.44277777777777777],"Energy":{"Mean":3.4507366150468797,"Sigma":0.17892612780720227,"Taucorr":0.05666030513250764},"EnergyVariance":{"Mean":5.320169256298442,"Sigma":0.6075817526455186,"Taucorr":-0.0988898389735941},"Iteration":4},
{"Acceptance":[0.3655555555555556],"Energy":{"Mean":2.983178843357951,"Sigma":0.20017478702039132,"Taucorr":0.17737589923218722},"EnergyVariance":{"Mean":6.781717668187381,"Sigma":0.8516691252149357,"Taucorr":-0.033281781756228146},"Iteration":5},
{"Acceptance":[0.3372222222222222],"Energy":{"Mean":2.3051497873190088,"Sigma":0.19915439287178838,"Taucorr":0.2785503646596318},"EnergyVariance":{"Mean":6.622188579211614,"Sigma":1.017443608069131,"Taucorr":0.0881015029706802},"Iteration":6},
{"Acceptance":[0.265],"Energy":{"Mean":1.282671026336491,"Sigma":0.1369161436440288,"Taucorr":0.20136528480017735},"EnergyVariance":{"Mean":4.633802031923081,"Sigma":1.1708484320416674,"Taucorr":0.19088655105784003},"Iteration":7},
{"Acceptance":[0.2644444444444444],"Energy":{"Mean":1.0233675113614864,"Sigma":0.13228949711090845,"Taucorr":0.2976923404302634},"EnergyVariance":{"Mean":3.884925504164089,"Sigma":0.8306049837039344,"Taucorr":0.15431132082182564},"Iteration":8},
{"Acceptance":[0.24333333333333335],"Energy":{"Mean":0.628875512824085,"Sigma":0.14724156557499693,"Taucorr":0.3663202090919413},"EnergyVariance":{"Mean":5.560321070948596,"Sigma":1.2483367709070892,"Taucorr":0.26984384499711656},"Iteration":9},
{"Acceptance":[0.22111111111111112],"Energy":{"Mean":0.17361641794274543,"Sigma":0.09361687941845133,"Taucorr":0.09594465972252242},"EnergyVariance":{"Mean":2.7969616920994076,"Sigma":0.6482964499778261,"Taucorr":0.3324144168316824},"Iteration":10},
{"Acceptance":[0.23222222222222222],"Energy":{"Mean":-0.3298400371353479,"Sigma":0.18286747912526635,"Taucorr":0.21230857154862648},"EnergyVariance":{"Mean":7.369571294836199,"Sigma":1.2332742270374193,"Taucorr":0.18568142891019357},"Iteration":11},
{"Acceptance":[0.21777777777777776],"Energy":{"Mean":-0.48822518898078704,"Sigma":0.14105262810841743,"Taucorr":0.0069748767730267724},"EnergyVariance":{"Mean":4.351550919210057,"Sigma":0.7929003413790496,"Taucorr":0.12530984364276576},"Iteration":12},
{"Acceptance":[0.23444444444444446],"Energy":{"Mean":-0.5703256498942667,"Sigma":0.24939481926719545,"Taucorr":0.5872366898046648},"EnergyVariance":{"Mean":4.659698816389081,"Sigma":1.059034871281354,"Taucorr":0.5470756522487021},"Iteration":13},
{"Acceptance":[0.2],"Energy":{"Mean":-1.0976267235604709,"Sigma":0.12892302154531665,"Taucorr":-0.0779926291734509},"EnergyVariance":{"Mean":3.3188812387022413,"Sigma":0.7979592759421114,"Taucorr":0.551281751528802},"Iteration":14},
{"Acceptance":[0.20777777777777778],"Energy":{"Mean":-0.6140894923829981,"Sigma":0.16732749663735166,"Taucorr":-0.05748006961687935},"EnergyVariance":{"Mean":3.919040754192612,"Sigma":0.9224630079188751,"Taucorr":-0.05785418958832833},"Iteration":15},
{"Acceptance":[0.2011111111111111],"Energy":{"Mean":-1.4926709253322343,"Sigma":0.19092290898888425,"Taucorr":0.17112010823546253},"EnergyVariance":{"Mean":3.355495281004087,"Sigma":0.7175674155966402,"Taucorr":0.36413504161176735},"Iteration":16},
{"Acceptance":[0.19833333333333333],"Energy":{"Mean":-1.5241159478109987,"Sigma":0.17442502440661545,"Taucorr":0.07439305192523549},"EnergyVariance":{"Mean":3.1850808308811183,"Sigma":0.5892192983139096,"Taucorr":0.5697452624902111},"Iteration":17},
{"Acceptance":[0.21444444444444444],"Energy":{"Mean":-1.8810749609720039,"Sigma":0.19851146345431822,"Taucorr":0.15939635622589288},"EnergyVariance":{"Mean":3.482237415309391,"Sigma":0.49158866954466846,"Taucorr":0.021179296904845213},"Iteration":18},
{"Acceptance":[0.22833333333333333],"Energy":{"Mean":-1.4030684132075042,"Sigma":0.23927784286923307,"Taucorr":0.26015862316169314},"EnergyVariance":{"Mean":4.001169306007507,"Sigma":1.0090782388978419,"Taucorr":0.660955804629747},"Iteration":19},
{"Acceptance":[0.22944444444444445],"Energy":{"Mean":-1.8621826402753643,"Sigma":0.2679217833283806,"Taucorr":0.37677935750382696},"EnergyVariance":{"Mean":4.023641024239507,"Sigma":0.5899927642559485,"Taucorr":0.23110334499993024},"Iteration":20},
{"Acceptance":[0.23444444444444446],"Energy":{"Mean":-1.853933505929471,"Sigma":0.22655467272106433,"Taucorr":0.19334484774527982},"EnergyVariance":{"Mean":3.8246141072004898,"Sigma":0.8311887402324296,"Taucorr":0.02401694724555581},"Iteration":21},
{"Acceptance":[0.27166666666666667],"Energy":{"Mean":-2.3427595303360946,"Sigma":0.2515889955857829,"Taucorr":-0.040201934868142886},"EnergyVariance":{"Mean":6.8345555798965805,"Sigma":3.24350355181198,"Taucorr":0.21804034204705092},"Iteration":22},
{"Acceptance":[0.2838888888888889],"Energy":{"Mean":-3.0686061573818844,"Sigma":0.3360380484680112,"Taucorr":0.353497040961116},"EnergyVariance":{"Mean":6.486774185454014,"Sigma":2.1063607235441038,"Taucorr":0.014741293151961932},"Iteration":23},
{"Acceptance":[0.27055555555555555],"Energy":{"Mean":-2.375770425961505,"Sigma":0.24088780950395616,"Taucorr":0.10177774778769366},"EnergyVariance":{"Mean":4.701325950402713,"Sigma":2.3610219018275758,"Taucorr":0.009101743591303113},"Iteration":24},
{"Acceptance":[0.245],"Energy":{"Mean":-2.7427260633832686,"Sigma":0.2420083420829046,"Taucorr":0.14718136850675922},"EnergyVariance":{"Mean":4.380351259945157,"Sigma":0.9035159539415317,"Taucorr":0.3679099701028541},"Iteration":25},
{"Acceptance":[0.23333333333333334],"Energy":{"Mean":-2.9835284443646977,"Sigma":0.2448114690824754,"Taucorr":0.29761243860597697},"EnergyVariance":{"Mean":4.009290204189287,"Sigma":0.7411601738815632,"Taucorr":0.14909194654626878},"Iteration":26},
{"Acceptance":[0.2633333333333333],"Energy":{"Mean":-2.8827765739767686,"Sigma":0.29395831455580695,"Taucorr":0.2626473736527416},"EnergyVariance":{"Mean":5.803749993905906,"Sigma":1.409357330311729,"Taucorr":0.027710635356053226},"Iteration":27},
{"Acceptance":[0.25],"Energy":{"Mean":-2.9401798569415267,"Sigma":0.24964193781875169,"Taucorr":0.06788989794695421},"EnergyVariance":{"Mean":5.7507914799595525,"Sigma":1.8445618223944096,"Taucorr":0.06204759593965514},"Iteration":28},
{"Acceptance":[0.235],"Energy":{"Mean":-3.0972397059235623,"Sigma":0.2627604770426061,"Taucorr":0.09027749944499763},"EnergyVariance":{"Mean":6.548814957027727,"Sigma":1.7389455397694085,"Taucorr":0.16977705340591387},"Iteration":29},
{"Acceptance":[0.21888888888888888],"Energy":{"Mean":-4.343265250831086,"Sigma":0.5929462154525483,"Taucorr":0.7500220800007324},"EnergyVariance":{"Mean":14.546223622706837,"Sigma":6.723137948262882,"Taucorr":0.6397399593934414},"Iteration":30},
{"Acceptance":[0.2088888888888889],"Energy":{"Mean":-3.5098845659685836,"Sigma":0.3021113221664631,"Taucorr":0.18270001322432372},"EnergyVariance":{"Mean":7.992823863378775,"Sigma":2.3108532192399274,"Taucorr":0.1061539034183474},"Iteration":31},
{"Acceptance":[0.19555555555555557],"Energy":{"Mean":-3.771397573709807,"Sigma":0.2625588863065458,"Taucorr":0.04340739885599032},"EnergyVariance":{"Mean":6.411958055729766,"Sigma":1.716596511020765,"Taucorr":0.024515318071913872},"Iteration":32},
{"Acceptance":[0.17722222222222223],"Energy":{"Mean":-3.842918991711521,"Sigma":0.19149511931789195,"Taucorr":0.07556563832222862},"EnergyVariance":{"Mean":3.3921304910481127,"Sigma":1.2827716179172148,"Taucorr":0.22813807660310115},"Iteration":33},
{"Acceptance":[0.165],"Energy":{"Mean":-3.6040629933922914,"Sigma":0.24145686342572337,"Taucorr":0.10188272132914711},"EnergyVariance":{"Mean":5.25704534482558,"Sigma":1.099089225298631,"Taucorr":0.1664075051112056},"Iteration":34},
{"Acceptance":[0.1761111111111111],"Energy":{"Mean":-3.414116659674246,"Sigma":0.21421261203004877,"Taucorr":-0.022928604567160782},"EnergyVariance":{"Mean":5.79417095697408,"Sigma":1.6259662647743394,"Taucorr":0.02067575706574254},"Iteration":35},
{"Acceptance":[0.17444444444444446],"Energy":{"Mean":-4.206363575580017,"Sigma":0.2545545441771477,"Taucorr":0.11728696175126663},"EnergyVariance":{"Mean":5.410117464790992,"Sigma":1.3356763061043935,"Taucorr":0.28294375926055737},"Iteration":36},
{"Acceptance":[0.15944444444444444],"Energy":{"Mean":-4.225554157134515,"Sigma":0.24107593978594102,"Taucorr":0.4135735215175774},"EnergyVariance":{"Mean":3.274252708604235,"Sigma":0.7412804921649373,"Taucorr":0.24693616720075895},"Iteration":37},
{"Acceptance":[0.14666666666666667],"Energy":{"Mean":-3.8149472195693823,"Sigma":0.1801163385518873,"Taucorr":0.22157609265774925},"EnergyVariance":{"Mean":2.339447473449892,"Sigma":0.41572469273636115,"Taucorr":0.2697387419448377},"Iteration":38},
{"Acceptance":[0.16111111111111112],"Energy":{"Mean":-3.8819146701925376,"Sigma":0.189929159468464,"Taucorr":-0.013489236335308297},"EnergyVariance":{"Mean":4.316925160045332,"Sigma":1.6566422050300222,"Taucorr":-0.016553635065505334},"Iteration":39},
{"Acceptance":[0.15611111111111112],"Energy":{"Mean":-4.710366732741514,"Sigma":0.23110413323109277,"Taucorr":-0.21240224469823998},"EnergyVariance":{"Mean":9.631496791595485,"Sigma":4.353763389582885,"Taucorr":0.09886798997681923},"Iteration":40},
{"Acceptance":[0.16111111111111112],"Energy":{"Mean":-5.030672589726979,"Sigma":0.21644489989493187,"Taucorr":-0.07750072649371931},"EnergyVariance":{"Mean":6.604852725687234,"Sigma":1.5151339891584987,"Taucorr":0.1492457563386932},"Iteration":41},
{"Acceptance":[0.15],"Energy":{"Mean":-4.628765927181417,"Sigma":0.16882553853633048,"Taucorr":-0.1951656542929232},"EnergyVariance":{"Mean":4.61830676587994,"Sigma":1.1311665384970377,"Taucorr":0.15523046846772204},"Iteration":42},
{"Acceptance":[0.16444444444444445],"Energy":{"Mean":-5.035027675996226,"Sigma":0.36506059813561426,"Taucorr":0.19691913215497114},"EnergyVariance":{"Mean":10.35914046750499,"Sigma":2.353682776790703,"Taucorr":0.31182186175451876},"Iteration":43},
{"Acceptance":[0.1411111111111111],"Energy":{"Mean":-4.585826016614413,"Sigma":0.19311816616488445,"Taucorr":0.3038732354612076},"EnergyVariance":{"Mean":2.3043438091654203,"Sigma":0.5910852599528539,"Taucorr":0.03842853914597244},"Iteration":44},
{"Acceptance":[0.14888888888888888],"Energy":{"Mean":-4.597062164784567,"Sigma":0.1378817441350267,"Taucorr":0.005778426782416801},"EnergyVariance":{"Mean":1.880621149566663,"Sigma":0.8124744393176935,"Taucorr":0.4897149978119154},"Iteration":45},
{"Acceptance":[0.15055555555555555],"Energy":{"Mean":-5.264890661561586,"Sigma":0.4232994347666854,"Taucorr":0.5424611568603905},"EnergyVariance":{"Mean":8.83008288499082,"Sigma":3.2012935887046323,"Taucorr":0.18549986536246754},"Iteration":46},
{"Acceptance":[0.15055555555555555],"Energy":{"Mean":-4.754413074301368,"Sigma":0.18110072315338546,"Taucorr":0.1015803119778379},"EnergyVariance":{"Mean":3.147295946695009,"Sigma":0.944439128904541,"Taucorr":0.14899390439942994},"Iteration":47},
{"Acceptance":[0.15722222222222224],"Energy":{"Mean":-5.235176425188469,"Sigma":0.38861431932373897,"Taucorr":0.29556346032391023},"EnergyVariance":{"Mean":9.207865475196444,"Sigma":2.328951009230358,"Taucorr":0.3261388576679004},"Iteration":48},
{"Acceptance":[0.17666666666666667],"Energy":{"Mean":-4.495013434163343,"Sigma":0.17759048547968756,"Taucorr":-0.09373659210164353},"EnergyVariance":{"Mean":4.603102000660186,"Sigma":2.218620888315657,"Taucorr":0.06409786314738108},"Iteration":49},
{"Acceptance":[0.17277777777777778],"Energy":{"Mean":-4.272600034643115,"Sigma":0.26524750480502773,"Taucorr":0.2878459904100904},"EnergyVariance":{"Mean":5.2732744752348,"Sigma":2.0719035996689046,"Taucorr":0.42804722589595534},"Iteration":50},
{"Acceptance":[0.16055555555555556],"Energy":{"Mean":-4.764828082010633,"Sigma":0.28109296908288545,"Taucorr":0.6386395532564539},"EnergyVariance":{"Mean":3.3269318887526276,"Sigma":1.0074667310697243,"Taucorr":0.5393804287538451},"Iteration":51},
{"Acceptance":[0.1511111111111111],"Energy":{"Mean":-4.843595448428224,"Sigma":0.18741992243495426,"Taucorr":-0.07587405324412627},"EnergyVariance":{"Mean":4.063165852739267,"Sigma":1.3357194617555186,"Taucorr":0.02188278774743202},"Iteration":52},
{"Acceptance":[0.13444444444444445],"Energy":{"Mean":-4.576762199755292,"Sigma":0.25246274287798937,"Taucorr":0.24197738001737057},"EnergyVariance":{"Mean":4.14052837869548,"Sigma":1.2607923234972838,"Taucorr":0.05227138566264855},"Iteration":53},
{"Acceptance":[0.17444444444444446],"Energy":{"Mean":-4.940163607912629,"Sigma":0.2905007826455491,"Taucorr":-0.0361913555594342},"EnergyVariance":{"Mean":9.941304203068896,"Sigma":4.155819785813568,"Taucorr":-0.0014316062453454403},"Iteration":54},
{"Acceptance":[0.15611111111111112],"Energy":{"Mean":-4.693725668208927,"Sigma":0.16083695542592602,"Taucorr":0.04944472164896341},"EnergyVariance":{"Mean":2.2521776825394517,"Sigma":0.5213856306087173,"Taucorr":0.3675143763739346},"Iteration":55},
{"Acceptance":[0.1711111111111111],"Energy":{"Mean":-5.198384684611431,"Sigma":0.38334997460120596,"Taucorr":0.4773222769355767},"EnergyVariance":{"Mean":7.516919242295777,"Sigma":4.011025515117544,"Taucorr":0.7960836278202916},"Iteration":56},
{"Acceptance":[0.1922222222222222],"Energy":{"Mean":-4.4583422027572555,"Sigma":0.4035394030751893,"Taucorr":0.21876038585541335},"EnergyVariance":{"Mean":13.554450282318337,"Sigma":5.519023031600215,"Taucorr":0.018381521596319006},"Iteration":57},
{"Acceptance":[0.19833333333333333],"Energy":{"Mean":-5.056708710943506,"Sigma":0.23705019271062883,"Taucorr":-0.20840136114196162},"EnergyVariance":{"Mean":11.345505185400953,"Sigma":5.688099556475825,"Taucorr":0.14667140153104385},"Iteration":58},
{"Acceptance":[0.17166666666666666],"Energy":{"Mean":-5.118689690051279,"Sigma":0.33922921750382323,"Taucorr":0.16322076520714124},"EnergyVariance":{"Mean":10.342192635544912,"Sigma":3.7474535690835173,"Taucorr":-0.004626579234353445},"Iteration":59},
{"Acceptance":[0.18055555555555555],"Energy":{"Mean":-5.173129944054464,"Sigma":0.21301616742416724,"Taucorr":-0.03944849906531911},"EnergyVariance":{"Mean":4.700314547784508,"Sigma":2.0422993404126686,"Taucorr":0.011845065354061934},"Iteration":60},
{"Acceptance":[0.20222222222222222],"Energy":{"Mean":-4.930661910607362,"Sigma":0.2246730778662233,"Taucorr":0.10987231587214774},"EnergyVariance":{"Mean":3.954693246195367,"Sigma":1.3446033929493624,"Taucorr":0.15817979752124756},"Iteration":61},
{"Acceptance":[0.20055555555555554],"Energy":{"Mean":-4.715501070130117,"Sigma":0.17040347812589995,"Taucorr":-0.19331829529696082},"EnergyVariance":{"Mean":4.993695825256422,"Sigma":1.0603748009868146,"Taucorr":0.012423794099695074},"Iteration":62},
{"Acceptance":[0.19833333333333333],"Energy":{"Mean":-4.937096091452089,"Sigma":0.19201508824812744,"Taucorr":-0.017480451149290366},"EnergyVariance":{"Mean":3.6482384829495857,"Sigma":0.9432403791840088,"Taucorr":0.3308990202207388},"Iteration":63},
{"Acceptance":[0.19055555555555556],"Energy":{"Mean":-4.733018177741363,"Sigma":0.286127848773201,"Taucorr":0.4816924930448151},"EnergyVariance":{"Mean":3.9914757608431666,"Sigma":0.9473438330122332,"Taucorr":0.25866004234198015},"Iteration":64},
{"Acceptance":[0.1922222222222222],"Energy":{"Mean":-5.202241298411601,"Sigma":0.24720005569972514,"Taucorr":0.3721859394274556},"EnergyVariance":{"Mean":3.349886900821263,"Sigma":1.3124564548950495,"Taucorr":0.7492618591112361},"Iteration":65},
{"Acceptance":[0.19277777777777777],"Energy":{"Mean":-4.956976162804753,"Sigma":0.29408948193151135,"Taucorr":0.0767099116195411},"EnergyVariance":{"Mean":10.446836459715016,"Sigma":7.310655416095027,"Taucorr":0.022426879892227136},"Iteration":66},
{"Acceptance":[0.19833333333333333],"Energy":{"Mean":-5.2099536308164165,"Sigma":0.16368943201717306,"Taucorr":-0.08378658665788064},"EnergyVariance":{"Mean":3.4622273174765303,"Sigma":0.9666421375925894,"Taucorr":-0.012151863222484238},"Iteration":67},
{"Acceptance":[0.18666666666666668],"Energy":{"Mean":-5.222091455542311,"Sigma":0.14881850517615988,"Taucorr":-0.12057783203700312},"EnergyVariance":{"Mean":2.7819805895046716,"Sigma":0.6137689714353152,"Taucorr":0.23031762785181575},"Iteration":68},
{"Acceptance":[0.21222222222222223],"Energy":{"Mean":-4.672210806437528,"Sigma":0.22376039485657825,"Taucorr":0.05988831138238604},"EnergyVariance":{"Mean":4.767863155763883,"Sigma":1.6752303687041972,"Taucorr":0.07925821154992185},"Iteration":69},
{"Acceptance":[0.20555555555555555],"Energy":{"Mean":-5.299192287131363,"Sigma":0.1805987104718887,"Taucorr":0.07245520899572111},"EnergyVariance":{"Mean":2.727057073419869,"Sigma":0.7784253409685252,"Taucorr":0.5684028083789885},"Iteration":70},
{"Acceptance":[0.20333333333333334],"Energy":{"Mean":-5.028837650042854,"Sigma":0.23296238381197382,"Taucorr":0.014754042569633863},"EnergyVariance":{"Mean":5.029857535037906,"Sigma":1.699558882535135,"Taucorr":-0.016588122705667008},"Iteration":71},
{"Acceptance":[0.22277777777777777],"Energy":{"Mean":-4.555186258378585,"Sigma":0.27557748106745533,"Taucorr":-0.0032034145687014903},"EnergyVariance":{"Mean":12.49604074403665,"Sigma":7.671125231559478,"Taucorr":-0.008014629402919582},"Iteration":72},
{"Acceptance":[0.21],"Energy":{"Mean":-5.036226537406872,"Sigma":0.13764508529502478,"Taucorr":-0.20106643182778666},"EnergyVariance":{"Mean":3.0233028772792174,"Sigma":0.9314328588187246,"Taucorr":0.14883572640072618},"Iteration":73},
{"Acceptance":[0.21944444444444444],"Energy":{"Mean":-5.186508477584186,"Sigma":0.31501149097651954,"Taucorr":0.34317541209804425},"EnergyVariance":{"Mean":7.281519970647613,"Sigma":2.8173642818227065,"Taucorr":0.8378315339093756},"Iteration":74},
{"Acceptance":[0.21833333333333332],"Energy":{"Mean":-5.115371715862298,"Sigma":0.13720565196200935,"Taucorr":-0.07552814258576812},"EnergyVariance":{"Mean":2.629478622276971,"Sigma":0.8181689426863759,"Taucorr":0.29919394974503444},"Iteration":75},
{"Acceptance":[0.20333333333333334],"Energy":{"Mean":-5.196903773853056,"Sigma":0.20064727599390877,"Taucorr":0.06203752179434574},"EnergyVariance":{"Mean":4.468575429812785,"Sigma":1.343325867542545,"Taucorr":0.1293582068498046},"Iteration":76},
{"Acceptance":[0.18833333333333332],"Energy":{"Mean":-5.048080342174076,"Sigma":0.1689625818938332,"Taucorr":0.005866928553703299},"EnergyVariance":{"Mean":4.033638234618185,"Sigma":2.075775180895378,"Taucorr":0.5201425631707042},"Iteration":77},
{"Acceptance":[0.2061111111111111],"Energy":{"Mean":-5.207294135670569,"Sigma":0.19278331884879202,"Taucorr":0.26631830995047157},"EnergyVariance":{"Mean":3.4775246877765147,"Sigma":1.2076942554408587,"Taucorr":0.41704876281273673},"Iteration":78},
{"Acceptance":[0.20777777777777778],"Energy":{"Mean":-5.353908895215774,"Sigma":0.1443598990204622,"Taucorr":-0.09674736130453071},"EnergyVariance":{"Mean":2.4951674322767206,"Sigma":0.6019297432471357,"Taucorr":0.12250456051936043},"Iteration":79},
{"Acceptance":[0.2],"Energy":{"Mean":-5.094595329869943,"Sigma":0.22650559193970635,"Taucorr":0.35091019929391865},"EnergyVariance":{"Mean":2.885716607695385,"Sigma":0.7279189953272412,"Taucorr":0.20694481446904556},"Iteration":80},
{"Acceptance":[0.22611111111111112],"Energy":{"Mean":-4.970454375982086,"Sigma":0.2485410972931612,"Taucorr":0.2048531066720234},"EnergyVariance":{"Mean":8.337595453622363,"Sigma":5.382788717643617,"Taucorr":0.008854424971047714},"Iteration":81},
{"Acceptance":[0.18888888888888888],"Energy":{"Mean":-5.166698067130356,"Sigma":0.19450018999443763,"Taucorr":0.4790447088592775},"EnergyVariance":{"Mean":1.8387035348095155,"Sigma":0.49694224275904353,"Taucorr":0.6270453596609284},"Iteration":82},
{"Acceptance":[0.21388888888888888],"Energy":{"Mean":-5.597790507150445,"Sigma":0.46371344994266545,"Taucorr":0.15328899957876496},"EnergyVariance":{"Mean":22.803496262552176,"Sigma":12.572009482011245,"Taucorr":0.3296469166886197},"Iteration":83},
{"Acceptance":[0.19833333333333333],"Energy":{"Mean":-5.028920462004471,"Sigma":0.17593800613465288,"Taucorr":0.329070021383861},"EnergyVariance":{"Mean":1.7921107331772064,"Sigma":0.3057988024717669,"Taucorr":0.1950718020025437},"Iteration":84},
{"Acceptance":[0.20222222222222222],"Energy":{"Mean":-5.041207943036627,"Sigma":0.2457668720891153,"Taucorr":0.2724096076351852},"EnergyVariance":{"Mean":3.7404387637662846,"Sigma":0.8913845720113399,"Taucorr":0.04476231600491298},"Iteration":85},
{"Acceptance":[0.2222222222222222],"Energy":{"Mean":-5.526351447782952,"Sigma":0.41694045919049105,"Taucorr":0.32843559342543915},"EnergyVariance":{"Mean":12.752364981942213,"Sigma":3.829660285193154,"Taucorr":0.26362406014654005},"Iteration":86},
{"Acceptance":[0.22333333333333333],"Energy":{"Mean":-5.4266809932562845,"Sigma":0.15542647520485642,"Taucorr":-0.07349470953638959},"EnergyVariance":{"Mean":4.274261756283004,"Sigma":1.464465913978301,"Taucorr":0.20050714721170537},"Iteration":87},
{"Acceptance":[0.20722222222222222],"Energy":{"Mean":-4.7854865579431625,"Sigma":0.14834432741700768,"Taucorr":0.4408594028783427},"EnergyVariance":{"Mean":1.1224775525065973,"Sigma":0.31096430145469206,"Taucorr":0.22486429216584836},"Iteration":88},
{"Acceptance":[0.24055555555555555],"Energy":{"Mean":-5.294429400651283,"Sigma":0.21901953472876515,"Taucorr":0.06581876540802534},"EnergyVariance":{"Mean":4.062322873307331,"Sigma":1.0343587909960261,"Taucorr":0.10398372295392311},"Iteration":89},
{"Acceptance":[0.2011111111111111],"Energy":{"Mean":-5.521383415129796,"Sigma":0.2225552291394578,"Taucorr":-0.02507975698285353},"EnergyVariance":{"Mean":5.012402487065501,"Sigma":1.0786182978343637,"Taucorr":0.07373289598857646},"Iteration":90},
{"Acceptance":[0.18666666666666668],"Energy":{"Mean":-5.209938723344403,"Sigma":0.2371659484139325,"Taucorr":0.24839984522037795},"EnergyVariance":{"Mean":13.799106796649177,"Sigma":11.359632922753951,"Taucorr":0.5180792480654248},"Iteration":91},
{"Acceptance":[0.23333333333333334],"Energy":{"Mean":-5.822362867409882,"Sigma":0.4086500866377055,"Taucorr":0.02125905758564728},"EnergyVariance":{"Mean":16.67634601199302,"Sigma":10.809048161142362,"Taucorr":0.02225355596346601},"Iteration":92},
{"Acceptance":[0.22944444444444445],"Energy":{"Mean":-5.387063821310121,"Sigma":0.25226748192962506,"Taucorr":0.20545597718781672},"EnergyVariance":{"Mean":8.735117485432117,"Sigma":5.616773739337054,"Taucorr":-0.002020514988700206},"Iteration":93},
{"Acceptance":[0.215],"Energy":{"Mean":-5.5594431414471615,"Sigma":0.20787308322943662,"Taucorr":0.07317616757413303},"EnergyVariance":{"Mean":5.184251218979675,"Sigma":2.283160783408244,"Taucorr":0.8207071276814171},"Iteration":94},
{"Acceptance":[0.21055555555555555],"Energy":{"Mean":-5.228397871525974,"Sigma":0.194349594773833,"Taucorr":0.21341026726049883},"EnergyVariance":{"Mean":2.5337395260000477,"Sigma":0.6301900629408421,"Taucorr":0.17125841998955105},"Iteration":95},
{"Acceptance":[0.21166666666666667],"Energy":{"Mean":-5.241842931450793,"Sigma":0.230583415971615,"Taucorr":0.26211132064707265},"EnergyVariance":{"Mean":5.123272842937299,"Sigma":2.2646206886544205,"Taucorr":0.4517603414572874},"Iteration":96},
{"Acceptance":[0.2127777777777778],"Energy":{"Mean":-5.396301308325831,"Sigma":0.22373942285903753,"Taucorr":-0.01333121645008617},"EnergyVariance":{"Mean":6.837303491538974,"Sigma":2.584127615718378,"Taucorr":0.04589670308627347},"Iteration":97},
{"Acceptance":[0.235],"Energy":{"Mean":-5.259745741711964,"Sigma":0.21936787292194576,"Taucorr":0.42651816535103626},"EnergyVariance":{"Mean":2.4995924703518377,"Sigma":0.5549222287648496,"Taucorr":0.127170567684615},"Iteration":98},
{"Acceptance":[0.26222222222222225],"Energy":{"Mean":-5.53297692372857,"Sigma":0.309938389826174,"Taucorr":0.16634765329005297},"EnergyVariance":{"Mean":13.206952180767038,"Sigma":5.5686800760659265,"Taucorr":0.0073011430854332815},"Iteration":99} 
]}
{"input": {"L": 8, "J": 1, "machine": {"type": "FFNN", "model": ["relu", 55, 2]}, "sampler": {"type": "MetropolisHop", "d_max": 5}, "optimizer": {"type": "AdaMax", "alpha": 0.001, "beta1": 0.9, "beta2": 0.999, "epscut": 1e-07}, "VMC": {"n_samples": 100, "discarded_samples": 100, "discarded_samples_on_init": 0, "target": "energy", "method": "Gd", "diag_shift": 0.01, "use_iterative": true, "use_cholesky": true}, "n_iter": 100}}
duration: -2.0577170848846436