{"Output": [
{"Acceptance":[0.9346153846153846],"Energy":{"Mean":10.886660968980278,"Sigma":0.32232167923757243,"Taucorr":0.17117369616418443},"EnergyVariance":{"Mean":7.422252737515088,"Sigma":0.9148837607907787,"Taucorr":-0.13978805124937027},"Iteration":0},
{"Acceptance":[0.9165384615384615],"Energy":{"Mean":10.651136733015676,"Sigma":0.2741123202225687,"Taucorr":-0.008655738300747451},"EnergyVariance":{"Mean":7.3473114179052015,"Sigma":0.9662205106624947,"Taucorr":-0.05477592427882322},"Iteration":1},
{"Acceptance":[0.9038461538461539],"Energy":{"Mean":10.464525130461771,"Sigma":0.30475922486942475,"Taucorr":0.2660762470851713},"EnergyVariance":{"Mean":5.893551384872795,"Sigma":0.9975022065331102,"Taucorr":0.17751272422703712},"Iteration":2},
{"Acceptance":[0.9046153846153846],"Energy":{"Mean":10.521629348843481,"Sigma":0.3491327019316312,"Taucorr":0.2093387050622335},"EnergyVariance":{"Mean":8.375381920962914,"Sigma":1.0152937338188497,"Taucorr":-0.0662386599753999},"Iteration":3},
{"Acceptance":[0.9034615384615384],"Energy":{"Mean":10.343714560994254,"Sigma":0.329883466771819,"Taucorr":0.08846445927380342},"EnergyVariance":{"Mean":9.096291123150218,"Sigma":1.008945520720149,"Taucorr":0.018575783475311303},"Iteration":4},
{"Acceptance":[0.8946153846153846],"Energy":{"Mean":10.520129751417437,"Sigma":0.32257220312064006,"Taucorr":0.2675650946738075},"EnergyVariance":{"Mean":6.80940180672146,"Sigma":0.9943026720481334,"Taucorr":-0.013661867184392607},"Iteration":5},
{"Acceptance":[0.8738461538461538],"Energy":{"Mean":10.589488179482576,"Sigma":0.3315940748193502,"Taucorr":0.1692811421311815},"EnergyVariance":{"Mean":8.22367742861316,"Sigma":0.9633788745413033,"Taucorr":0.022368106478067862},"Iteration":6},
{"Acceptance":[0.8576923076923076],"Energy":{"Mean":10.197272365382696,"Sigma":0.30561855752952416,"Taucorr":0.13438775999399455},"EnergyVariance":{"Mean":7.415663546124932,"Sigma":0.7315453097490836,"Taucorr":-0.11544230937387656},"Iteration":7},
{"Acceptance":[0.8553846153846154],"Energy":{"Mean":10.09112376973949,"Sigma":0.3123368983023291,"Taucorr":0.035099457576784454},"EnergyVariance":{"Mean":9.292820535010005,"Sigma":1.4564353070650173,"Taucorr":0.2604676265780125},"Iteration":8},
{"Acceptance":[0.8492307692307692],"Energy":{"Mean":9.963704441277118,"Sigma":0.3294260215475678,"Taucorr":0.1993870451811679},"EnergyVariance":{"Mean":8.130160060023044,"Sigma":1.1307660177577532,"Taucorr":0.05044147190377912},"Iteration":9},
{"Acceptance":[0.8473076923076923],"Energy":{"Mean":10.013349713539109,"Sigma":0.30514699222008435,"Taucorr":0.06478657862843584},"EnergyVariance":{"Mean":8.565263105098671,"Sigma":1.3754392054389968,"Taucorr":0.023600734774343324},"Iteration":10},
{"Acceptance":[0.8338461538461538],"Energy":{"Mean":10.183318939672382,"Sigma":0.2953747703753746,"Taucorr":0.06897900342363217},"EnergyVariance":{"Mean":7.941346016281113,"Sigma":0.9073629650801278,"Taucorr":-0.10923503848347488},"Iteration":11},
{"Acceptance":[0.8161538461538461],"Energy":{"Mean":9.60129638470346,"Sigma":0.29524557734657425,"Taucorr":-0.03764935359550742},"EnergyVariance":{"Mean":9.682413030312484,"Sigma":1.494141279295788,"Taucorr":0.2203769876669296},"Iteration":12},
{"Acceptance":[0.7876923076923077],"Energy":{"Mean":9.301565850794871,"Sigma":0.2559145257021639,"Taucorr":-0.008464440856832511},"EnergyVariance":{"Mean":7.323797587138839,"Sigma":0.6750925346060918,"Taucorr":-0.21061304249178997},"Iteration":13},
{"Acceptance":[0.8],"Energy":{"Mean":9.595735630221585,"Sigma":0.36188293207684774,"Taucorr":0.14544986050534137},"EnergyVariance":{"Mean":10.678505743947504,"Sigma":1.6010064101483812,"Taucorr":0.0620818379301058},"Iteration":14},
{"Acceptance":[0.7838461538461539],"Energy":{"Mean":9.401154600431282,"Sigma":0.3246909849986532,"Taucorr":0.0709795751986595},"EnergyVariance":{"Mean":9.880305433895387,"Sigma":1.336777292041023,"Taucorr":-0.0025518064530618},"Iteration":15},
{"Acceptance":[0.765],"Energy":{"Mean":8.769953489186063,"Sigma":0.32706939561690307,"Taucorr":0.11579916475517316},"EnergyVariance":{"Mean":9.391470947843974,"Sigma":1.1745678630208112,"Taucorr":-0.016976210547248738},"Iteration":16},
{"Acceptance":[0.78],"Energy":{"Mean":9.183210637485768,"Sigma":0.2738336550933845,"Taucorr":-0.013001648217314699},"EnergyVariance":{"Mean":8.805339983094948,"Sigma":1.4329498398339522,"Taucorr":0.0712033015431125},"Iteration":17},
{"Acceptance":[0.7719230769230769],"Energy":{"Mean":8.926637183872398,"Sigma":0.3441772386556382,"Taucorr":0.21042708607075478},"EnergyVariance":{"Mean":9.470017089037299,"Sigma":1.1690482676147813,"Taucorr":-0.018690422802648043},"Iteration":18},
{"Acceptance":[0.7530769230769231],"Energy":{"Mean":8.966709139495517,"Sigma":0.338229514783804,"Taucorr":0.19437130729158802},"EnergyVariance":{"Mean":9.164913852845826,"Sigma":0.8100658521119076,"Taucorr":-0.12902155483623712},"Iteration":19},
{"Acceptance":[0.7234615384615385],"Energy":{"Mean":9.26750601211504,"Sigma":0.3553078224667904,"Taucorr":0.13814267761219734},"EnergyVariance":{"Mean":11.487388943976544,"Sigma":1.3399997376227273,"Taucorr":-0.027507135652324044},"Iteration":20},
{"Acceptance":[0.7373076923076923],"Energy":{"Mean":9.57096247934062,"Sigma":0.3200867377500297,"Taucorr":-0.010297332405353299},"EnergyVariance":{"Mean":11.907333621506314,"Sigma":2.0168401116113803,"Taucorr":0.11320682583842845},"Iteration":21},
{"Acceptance":[0.6965384615384616],"Energy":{"Mean":7.917792352293358,"Sigma":0.32933499313445425,"Taucorr":0.08969918014259559},"EnergyVariance":{"Mean":10.081941736737573,"Sigma":1.167248558669899,"Taucorr":-0.04858951160462177},"Iteration":22},
{"Acceptance":[0.6965384615384616],"Energy":{"Mean":7.993108279646655,"Sigma":0.4648003790245237,"Taucorr":0.2897918860309444},"EnergyVariance":{"Mean":15.00126497298629,"Sigma":1.7915592306894645,"Taucorr":-0.10452461824290793},"Iteration":23},
{"Acceptance":[0.6946153846153846],"Energy":{"Mean":8.363306415972572,"Sigma":0.4313725500499556,"Taucorr":0.2710116033010298},"EnergyVariance":{"Mean":13.069998900475985,"Sigma":2.3253158843641137,"Taucorr":0.21714466895869988},"Iteration":24},
{"Acceptance":[0.68],"Energy":{"Mean":7.464854458336863,"Sigma":0.4230230962142883,"Taucorr":0.2677513484512737},"EnergyVariance":{"Mean":13.010029329923908,"Sigma":1.7481895272085533,"Taucorr":0.006195679135796328},"Iteration":25},
{"Acceptance":[0.6726923076923077],"Energy":{"Mean":8.593676585026607,"Sigma":0.40963113539724844,"Taucorr":0.421449037939712},"EnergyVariance":{"Mean":10.986113043464151,"Sigma":1.5184136283589798,"Taucorr":0.18706271292411092},"Iteration":26},
{"Acceptance":[0.6334615384615384],"Energy":{"Mean":7.817735879196019,"Sigma":0.3465941621330483,"Taucorr":-0.011518951157787838},"EnergyVariance":{"Mean":13.74100998707972,"Sigma":2.0168947039686196,"Taucorr":0.16943173506403264},"Iteration":27},
{"Acceptance":[0.64],"Energy":{"Mean":7.960537353956635,"Sigma":0.44810934561612553,"Taucorr":0.14641428179690508},"EnergyVariance":{"Mean":18.394660313375944,"Sigma":2.543201392183086,"Taucorr":-0.00261138932903604},"Iteration":28},
{"Acceptance":[0.6257692307692307],"Energy":{"Mean":6.9750721475501285,"Sigma":0.3903758915997766,"Taucorr":0.09824079969105548},"EnergyVariance":{"Mean":14.293085940509668,"Sigma":2.145073578418609,"Taucorr":0.18989601057784322},"Iteration":29},
{"Acceptance":[0.6019230769230769],"Energy":{"Mean":6.90768057640149,"Sigma":0.43749723426595044,"Taucorr":0.21353115254535893},"EnergyVariance":{"Mean":14.544532747117849,"Sigma":1.5026553708506045,"Taucorr":-0.16066734458178233},"Iteration":30},
{"Acceptance":[0.5842307692307692],"Energy":{"Mean":6.387227000941034,"Sigma":0.4552803424217876,"Taucorr":0.3828811247776719},"EnergyVariance":{"Mean":12.837021624799442,"Sigma":1.9277916432254156,"Taucorr":0.2886495742578016},"Iteration":31},
{"Acceptance":[0.5946153846153847],"Energy":{"Mean":6.721442038100772,"Sigma":0.46277094833977284,"Taucorr":0.13907527749948068},"EnergyVariance":{"Mean":19.513398046466417,"Sigma":2.81881868399923,"Taucorr":-0.07150849139039406},"Iteration":32},
{"Acceptance":[0.5588461538461539],"Energy":{"Mean":6.827309072350392,"Sigma":0.4629443868369121,"Taucorr":0.24921075464127695},"EnergyVariance":{"Mean":16.228081349357808,"Sigma":2.3015692298835595,"Taucorr":0.0701590321538913},"Iteration":33},
{"Acceptance":[0.5438461538461539],"Energy":{"Mean":6.024795916593251,"Sigma":0.36401451993658235,"Taucorr":0.07197905039618058},"EnergyVariance":{"Mean":13.28686965655109,"Sigma":1.3570234818749827,"Taucorr":-0.15216996475617728},"Iteration":34},
{"Acceptance":[0.5046153846153846],"Energy":{"Mean":5.664922147232126,"Sigma":0.4650929556029151,"Taucorr":0.23083793951883547},"EnergyVariance":{"Mean":16.48927860034004,"Sigma":1.9059570602698255,"Taucorr":0.026758315920277886},"Iteration":35},
{"Acceptance":[0.5257692307692308],"Energy":{"Mean":5.364007043949884,"Sigma":0.48570430944075227,"Taucorr":0.19222195230888073},"EnergyVariance":{"Mean":18.888610714463063,"Sigma":2.9342431628681735,"Taucorr":0.22895436413625303},"Iteration":36},
{"Acceptance":[0.5238461538461539],"Energy":{"Mean":5.210371309482339,"Sigma":0.5048866925420274,"Taucorr":0.37434534171011347},"EnergyVariance":{"Mean":15.794033002275587,"Sigma":2.1520210367910666,"Taucorr":0.05970879349237912},"Iteration":37},
{"Acceptance":[0.5046153846153846],"Energy":{"Mean":5.114923226348034,"Sigma":0.42019919482390655,"Taucorr":0.15128991594669172},"EnergyVariance":{"Mean":16.2795101918072,"Sigma":2.1215702340815934,"Taucorr":0.03535796238364819},"Iteration":38},
{"Acceptance":[0.49653846153846154],"Energy":{"Mean":5.1659257516416695,"Sigma":0.5256683751059478,"Taucorr":0.3029384304026881},"EnergyVariance":{"Mean":19.231362238840486,"Sigma":2.2506899754860314,"Taucorr":-0.0054316738112235585},"Iteration":39},
{"Acceptance":[0.47192307692307695],"Energy":{"Mean":3.7147642489728576,"Sigma":0.5978297799518616,"Taucorr":0.4644103501382183},"EnergyVariance":{"Mean":21.02432467675517,"Sigma":3.05809164246062,"Taucorr":0.3353326901653396},"Iteration":40},
{"Acceptance":[0.48384615384615387],"Energy":{"Mean":5.77213707530403,"Sigma":0.5325890241188547,"Taucorr":0.38665363130434816},"EnergyVariance":{"Mean":19.064850118015112,"Sigma":2.470214464538221,"Taucorr":-0.07462695754511661},"Iteration":41},
{"Acceptance":[0.43],"Energy":{"Mean":3.9511470560195865,"Sigma":0.6677573256184776,"Taucorr":0.5106213719174302},"EnergyVariance":{"Mean":24.986513867072123,"Sigma":3.46415648254224,"Taucorr":0.08271973063688909},"Iteration":42},
{"Acceptance":[0.4426923076923077],"Energy":{"Mean":3.6017703856128738,"Sigma":0.6707359594668051,"Taucorr":0.6651493699500333},"EnergyVariance":{"Mean":20.39666913116872,"Sigma":2.2867546113527832,"Taucorr":0.051690557949436555},"Iteration":43},
{"Acceptance":[0.40115384615384614],"Energy":{"Mean":2.986550260389726,"Sigma":0.4071369375825003,"Taucorr":0.06776645425749162},"EnergyVariance":{"Mean":15.382949382628503,"Sigma":1.6965274132702028,"Taucorr":0.11247088353938839},"Iteration":44},
{"Acceptance":[0.4411538461538462],"Energy":{"Mean":2.669655969271736,"Sigma":0.6272504186959194,"Taucorr":0.529290134966933},"EnergyVariance":{"Mean":22.981627286133847,"Sigma":4.795843126984131,"Taucorr":0.2705754951316417},"Iteration":45},
{"Acceptance":[0.41884615384615387],"Energy":{"Mean":1.96319196604767,"Sigma":0.4409681631049612,"Taucorr":0.11762362293435191},"EnergyVariance":{"Mean":16.57915453418505,"Sigma":2.1362226512842826,"Taucorr":0.15746804539531434},"Iteration":46},
{"Acceptance":[0.4238461538461539],"Energy":{"Mean":2.294112527490796,"Sigma":0.5813229565366518,"Taucorr":0.5169609390802186},"EnergyVariance":{"Mean":19.469194741199388,"Sigma":3.3342867079538343,"Taucorr":-0.05141068033940338},"Iteration":47},
{"Acceptance":[0.39115384615384613],"Energy":{"Mean":3.4573159124558575,"Sigma":0.5981386574707326,"Taucorr":0.3428369345185609},"EnergyVariance":{"Mean":24.942855501547644,"Sigma":3.1411980794310894,"Taucorr":0.06777470275782393},"Iteration":48},
{"Acceptance":[0.37],"Energy":{"Mean":2.306069771500881,"Sigma":0.4856673565210062,"Taucorr":0.2710937784673083},"EnergyVariance":{"Mean":19.054675960768325,"Sigma":3.1003628692390945,"Taucorr":0.13969052219988742},"Iteration":49},
{"Acceptance":[0.37346153846153846],"Energy":{"Mean":2.2745230631175524,"Sigma":0.5866920710695043,"Taucorr":0.37703585131631223},"EnergyVariance":{"Mean":22.4535822470625,"Sigma":2.995336118950263,"Taucorr":0.24348269289327185},"Iteration":50},
{"Acceptance":[0.33576923076923076],"Energy":{"Mean":2.0601967341003196,"Sigma":0.7102036387549246,"Taucorr":0.6395650722456137},"EnergyVariance":{"Mean":26.617265178417412,"Sigma":4.204434484033963,"Taucorr":0.3375852797419834},"Iteration":51},
{"Acceptance":[0.3130769230769231],"Energy":{"Mean":1.1926180654786993,"Sigma":0.49464341308046983,"Taucorr":0.2961264998430787},"EnergyVariance":{"Mean":18.396232441800954,"Sigma":2.6239580389876735,"Taucorr":0.047176808729184616},"Iteration":52},
{"Acceptance":[0.30846153846153845],"Energy":{"Mean":0.44566170859148896,"Sigma":0.45447616462151824,"Taucorr":0.33071505220433517},"EnergyVariance":{"Mean":17.69712386440888,"Sigma":3.4461113888184967,"Taucorr":0.13806851467482517},"Iteration":53},
{"Acceptance":[0.31384615384615383],"Energy":{"Mean":2.067546518233483,"Sigma":0.67900706914379,"Taucorr":0.24681422769080796},"EnergyVariance":{"Mean":40.42113442154548,"Sigma":8.253366190095253,"Taucorr":-0.03746587256488376},"Iteration":54},
{"Acceptance":[0.2988461538461539],"Energy":{"Mean":-0.26720900215137944,"Sigma":0.49187650078896394,"Taucorr":0.3499023061710508},"EnergyVariance":{"Mean":21.846749839766197,"Sigma":5.911029976493719,"Taucorr":0.1766461930460096},"Iteration":55},
{"Acceptance":[0.27692307692307694],"Energy":{"Mean":-0.5788596024438943,"Sigma":0.6271804977846698,"Taucorr":0.7533508987065733},"EnergyVariance":{"Mean":20.16854907557152,"Sigma":4.180021149649713,"Taucorr":0.5552502840779965},"Iteration":56},
{"Acceptance":[0.25346153846153846],"Energy":{"Mean":-1.2430536705789295,"Sigma":0.4307947010222291,"Taucorr":0.22284373085900955},"EnergyVariance":{"Mean":17.138043114418604,"Sigma":4.922451211201555,"Taucorr":0.07560062112294108},"Iteration":57},
{"Acceptance":[0.2376923076923077],"Energy":{"Mean":-1.9550054407426591,"Sigma":0.39111424582810583,"Taucorr":0.5222128759278684},"EnergyVariance":{"Mean":11.879567679874988,"Sigma":2.816536732127088,"Taucorr":0.42209049934797394},"Iteration":58},
{"Acceptance":[0.23038461538461538],"Energy":{"Mean":-2.386108491583421,"Sigma":0.4237899320534993,"Taucorr":-0.09333668300002601},"EnergyVariance":{"Mean":46.39051970653603,"Sigma":19.159144045297197,"Taucorr":-0.004597110878702404},"Iteration":59},
{"Acceptance":[0.24961538461538463],"Energy":{"Mean":-0.8993465799989084,"Sigma":0.6277929778041469,"Taucorr":0.31976002216365085},"EnergyVariance":{"Mean":31.129804928397228,"Sigma":5.918557759638283,"Taucorr":-0.05018791015450369},"Iteration":60},
{"Acceptance":[0.23615384615384616],"Energy":{"Mean":-2.900660826332508,"Sigma":0.5654752651120771,"Taucorr":0.3002253302820116},"EnergyVariance":{"Mean":26.321300030739817,"Sigma":15.77188716605025,"Taucorr":0.12724215776459213},"Iteration":61},
{"Acceptance":[0.20307692307692307],"Energy":{"Mean":-3.490786883170541,"Sigma":0.259066254151032,"Taucorr":0.04428483931750393},"EnergyVariance":{"Mean":25.14886545256387,"Sigma":13.933871920651676,"Taucorr":-0.003391698469985327},"Iteration":62},
{"Acceptance":[0.18769230769230769],"Energy":{"Mean":-3.5495985546719786,"Sigma":0.5441212023862303,"Taucorr":0.5135255591337904},"EnergyVariance":{"Mean":26.23478935263616,"Sigma":6.2413230768022805,"Taucorr":-0.018633840044344374},"Iteration":63},
{"Acceptance":[0.18076923076923077],"Energy":{"Mean":-3.743500592764622,"Sigma":0.40434699037464006,"Taucorr":0.6060215345994642},"EnergyVariance":{"Mean":10.850432644979747,"Sigma":2.141707120035089,"Taucorr":0.01447926104885433},"Iteration":64},
{"Acceptance":[0.14384615384615385],"Energy":{"Mean":-3.9964281105390578,"Sigma":0.27952936801515854,"Taucorr":0.42757556150280474},"EnergyVariance":{"Mean":7.206797579504987,"Sigma":1.2445145863964904,"Taucorr":-0.029094367090044815},"Iteration":65},
{"Acceptance":[0.17038461538461538],"Energy":{"Mean":-4.023025988668566,"Sigma":0.3094221385449671,"Taucorr":-0.26403572031052913},"EnergyVariance":{"Mean":706.7881450384408,"Sigma":698.9162692897073,"Taucorr":0.020761163162267837},"Iteration":66},
{"Acceptance":[0.11423076923076923],"Energy":{"Mean":-4.615851736018561,"Sigma":0.27781728781194087,"Taucorr":0.39920498762172396},"EnergyVariance":{"Mean":7.503787206387396,"Sigma":2.12678359576782,"Taucorr":0.020342164974973764},"Iteration":67},
{"Acceptance":[0.0],"Energy":{"Mean":-5.031130423497247,"Sigma":0.0,"Taucorr":null},"EnergyVariance":{"Mean":0.00022840469120604678,"Sigma":0.0,"Taucorr":null},"Iteration":68},
{"Acceptance":[0.0],"Energy":{"Mean":-5.00059386490225,"Sigma":0.0,"Taucorr":null},"EnergyVariance":{"Mean":3.1488160652523356e-05,"Sigma":0.0,"Taucorr":null},"Iteration":69},
{"Acceptance":[0.0],"Energy":{"Mean":-4.999766943192484,"Sigma":0.0,"Taucorr":null},"EnergyVariance":{"Mean":2.5251612950135123e-08,"Sigma":0.0,"Taucorr":null},"Iteration":70},
{"Acceptance":[0.0],"Energy":{"Mean":-4.999999766814644,"Sigma":0.0,"Taucorr":null},"EnergyVariance":{"Mean":6.01868360438594e-12,"Sigma":0.0,"Taucorr":null},"Iteration":71},
{"Acceptance":[0.007307692307692308],"Energy":{"Mean":-4.004909821599634,"Sigma":0.0018273516510495707,"Taucorr":0.32164562879850456},"EnergyVariance":{"Mean":0.00025144889836547634,"Sigma":0.00017298298839216677,"Taucorr":0.3216456287985042},"Iteration":72},
{"Acceptance":[0.0015384615384615385],"Energy":{"Mean":-7.999996632632516,"Sigma":0.0,"Taucorr":null},"EnergyVariance":{"Mean":3.526628958117111e-13,"Sigma":0.0,"Taucorr":null},"Iteration":73},
{"Acceptance":[0.0],"Energy":{"Mean":-8.000000000083398,"Sigma":0.0,"Taucorr":null},"EnergyVariance":{"Mean":3.0207763901976257e-21,"Sigma":0.0,"Taucorr":null},"Iteration":74},
{"Acceptance":[0.0],"Energy":{"Mean":-8.0,"Sigma":0.0,"Taucorr":null},"EnergyVariance":{"Mean":5.3898276341108403e-79,"Sigma":0.0,"Taucorr":null},"Iteration":75},
{"Acceptance":[0.022307692307692306],"Energy":{"Mean":-3.9999999997517572,"Sigma":0.0,"Taucorr":null},"EnergyVariance":{"Mean":2.1890642778396947e-18,"Sigma":0.0,"Taucorr":null},"Iteration":76},
{"Acceptance":[0.0],"Energy":{"Mean":-4.0,"Sigma":0.0,"Taucorr":null},"EnergyVariance":{"Mean":1.1557706324060278e-34,"Sigma":0.0,"Taucorr":null},"Iteration":77},
{"Acceptance":[0.0],"Energy":{"Mean":-4.0,"Sigma":0.0,"Taucorr":null},"EnergyVariance":{"Mean":7.077879856269374e-158,"Sigma":0.0,"Taucorr":null},"Iteration":78},
{"Acceptance":[0.011923076923076923],"Energy":{"Mean":-4.999690368215987,"Sigma":0.0,"Taucorr":null},"EnergyVariance":{"Mean":2.14523844486996e-11,"Sigma":0.0,"Taucorr":null},"Iteration":79},
{"Acceptance":[0.0],"Energy":{"Mean":-4.9999444777102235,"Sigma":0.0,"Taucorr":null},"EnergyVariance":{"Mean":5.531877696156457e-09,"Sigma":0.0,"Taucorr":null},"Iteration":80},
{"Acceptance":[0.0],"Energy":{"Mean":-5.0000152456706815,"Sigma":0.0,"Taucorr":null},"EnergyVariance":{"Mean":4.438767003523146e-10,"Sigma":0.0,"Taucorr":null},"Iteration":81},
{"Acceptance":[0.0],"Energy":{"Mean":-5.000005257976032,"Sigma":0.0,"Taucorr":null},"EnergyVariance":{"Mean":2.7803495186989953e-11,"Sigma":0.0,"Taucorr":null},"Iteration":82},
{"Acceptance":[0.0],"Energy":{"Mean":-4.999997420690711,"Sigma":0.0,"Taucorr":null},"EnergyVariance":{"Mean":2.2184711288235604e-14,"Sigma":0.0,"Taucorr":null},"Iteration":83},
{"Acceptance":[0.0],"Energy":{"Mean":-5.0000013630636815,"Sigma":0.0,"Taucorr":null},"EnergyVariance":{"Mean":1.7919708079001116e-13,"Sigma":0.0,"Taucorr":null},"Iteration":84},
{"Acceptance":[0.0],"Energy":{"Mean":-4.999998225780898,"Sigma":0.0,"Taucorr":null},"EnergyVariance":{"Mean":1.6379864177139686e-14,"Sigma":0.0,"Taucorr":null},"Iteration":85},
{"Acceptance":[0.0],"Energy":{"Mean":-5.000006502781277,"Sigma":0.0,"Taucorr":null},"EnergyVariance":{"Mean":2.8698067525389497e-12,"Sigma":0.0,"Taucorr":null},"Iteration":86},
{"Acceptance":[0.0],"Energy":{"Mean":-4.9999209589229645,"Sigma":0.0,"Taucorr":null},"EnergyVariance":{"Mean":7.641312721733055e-11,"Sigma":0.0,"Taucorr":null},"Iteration":87},
{"Acceptance":[0.0007692307692307692],"Energy":{"Mean":-4.114607754904893,"Sigma":0.06388394536747032,"Taucorr":1.4061846082306435},"EnergyVariance":{"Mean":0.10169832866358317,"Sigma":0.0493032394708024,"Taucorr":1.4061846082306435},"Iteration":88},
{"Acceptance":[0.0],"Energy":{"Mean":-4.999999953875682,"Sigma":0.0,"Taucorr":null},"EnergyVariance":{"Mean":1.0499673614983838e-15,"Sigma":0.0,"Taucorr":null},"Iteration":89},
{"Acceptance":[0.0],"Energy":{"Mean":-5.000000000002852,"Sigma":0.0,"Taucorr":null},"EnergyVariance":{"Mean":1.2064729771050776e-20,"Sigma":0.0,"Taucorr":null},"Iteration":90},
{"Acceptance":[0.0],"Energy":{"Mean":-5.000000000181431,"Sigma":0.0,"Taucorr":null},"EnergyVariance":{"Mean":4.458202723227811e-22,"Sigma":0.0,"Taucorr":null},"Iteration":91},
{"Acceptance":[0.0],"Energy":{"Mean":-4.999999999604646,"Sigma":0.0,"Taucorr":null},"EnergyVariance":{"Mean":9.333972732344352e-18,"Sigma":0.0,"Taucorr":null},"Iteration":92},
{"Acceptance":[0.0],"Energy":{"Mean":-5.000000041610504,"Sigma":0.0,"Taucorr":null},"EnergyVariance":{"Mean":4.452557852967056e-16,"Sigma":0.0,"Taucorr":null},"Iteration":93},
{"Acceptance":[0.0],"Energy":{"Mean":-5.000000030392387,"Sigma":0.0,"Taucorr":null},"EnergyVariance":{"Mean":1.5415940683333851e-13,"Sigma":0.0,"Taucorr":null},"Iteration":94},
{"Acceptance":[0.0],"Energy":{"Mean":-4.999999236338629,"Sigma":0.0,"Taucorr":null},"EnergyVariance":{"Mean":3.2853064487660556e-12,"Sigma":0.0,"Taucorr":null},"Iteration":95},
{"Acceptance":[0.0],"Energy":{"Mean":-4.99999621835691,"Sigma":0.0,"Taucorr":null},"EnergyVariance":{"Mean":2.969782471070865e-11,"Sigma":0.0,"Taucorr":null},"Iteration":96},
{"Acceptance":[0.0],"Energy":{"Mean":-4.99998940844272,"Sigma":0.0,"Taucorr":null},"EnergyVariance":{"Mean":1.717080675323887e-10,"Sigma":0.0,"Taucorr":null},"Iteration":97},
{"Acceptance":[0.0],"Energy":{"Mean":-4.999977969359129,"Sigma":0.0,"Taucorr":null},"EnergyVariance":{"Mean":7.299426891190151e-10,"Sigma":0.0,"Taucorr":null},"Iteration":98},
{"Acceptance":[0.0],"Energy":{"Mean":-4.999962283758442,"Sigma":0.0,"Taucorr":null},"EnergyVariance":{"Mean":2.4265542281271354e-09,"Sigma":0.0,"Taucorr":null},"Iteration":99} 
]}
{"input": {"L": 12, "J": 1, "machine": {"type": "FFNN", "model": ["tanh", 8, 4]}, "sampler": {"type": "MetropolisHop", "d_max": 5}, "optimizer": {"type": "AdaMax", "alpha": 0.001, "beta1": 0.9, "beta2": 0.999, "epscut": 1e-07}, "VMC": {"n_samples": 100, "discarded_samples": 100, "discarded_samples_on_init": 0, "target": "energy", "method": "Gd", "diag_shift": 0.01, "use_iterative": true, "use_cholesky": true}, "n_iter": 100}}
duration: -1.5913238525390625