{"Output": [
{"Acceptance":[0.7903846153846154],"Energy":{"Mean":9.94172611322444,"Sigma":0.26370434107642327,"Taucorr":0.03970094544141145},"EnergyVariance":{"Mean":6.356146980500773,"Sigma":1.0715960870442665,"Taucorr":0.0580929275788602},"Iteration":0},
{"Acceptance":[0.8161538461538461],"Energy":{"Mean":9.383982906387246,"Sigma":0.27225507389676123,"Taucorr":0.022235737643316655},"EnergyVariance":{"Mean":7.556468295183441,"Sigma":0.9268422049815008,"Taucorr":-0.11800048603575303},"Iteration":1},
{"Acceptance":[0.7465384615384615],"Energy":{"Mean":8.676337736787916,"Sigma":0.3200827259592855,"Taucorr":0.04318728286045703},"EnergyVariance":{"Mean":10.22303461441124,"Sigma":1.255547864306009,"Taucorr":0.060200612758483873},"Iteration":2},
{"Acceptance":[0.6961538461538461],"Energy":{"Mean":7.952436282333005,"Sigma":0.34924040809743667,"Taucorr":0.17950290142213565},"EnergyVariance":{"Mean":10.384662764704123,"Sigma":1.207696071335238,"Taucorr":-0.07309358275851763},"Iteration":3},
{"Acceptance":[0.6911538461538461],"Energy":{"Mean":7.745223888115278,"Sigma":0.39632109691032785,"Taucorr":0.2643378691775552},"EnergyVariance":{"Mean":12.461355112573345,"Sigma":1.4884838541577583,"Taucorr":-0.058103905415403945},"Iteration":4},
{"Acceptance":[0.6146153846153846],"Energy":{"Mean":7.112975116970381,"Sigma":0.4558158677868107,"Taucorr":0.25802059046505876},"EnergyVariance":{"Mean":16.234385813947064,"Sigma":1.7323084583310102,"Taucorr":-0.07774329477507563},"Iteration":5},
{"Acceptance":[0.5803846153846154],"Energy":{"Mean":6.338438007783345,"Sigma":0.37907505265848884,"Taucorr":0.056630937250954694},"EnergyVariance":{"Mean":17.019364349119893,"Sigma":2.030413499019993,"Taucorr":0.1916667844487956},"Iteration":6},
{"Acceptance":[0.556923076923077],"Energy":{"Mean":6.027609884106658,"Sigma":0.4901020380065176,"Taucorr":0.36038210795938275},"EnergyVariance":{"Mean":17.53304782127759,"Sigma":2.166237275956628,"Taucorr":0.022531699911349068},"Iteration":7},
{"Acceptance":[0.5080769230769231],"Energy":{"Mean":4.531478035345199,"Sigma":0.37960652507756715,"Taucorr":0.10908765705991752},"EnergyVariance":{"Mean":16.970427000784706,"Sigma":2.095847208362026,"Taucorr":0.10674325199825663},"Iteration":8},
{"Acceptance":[0.47884615384615387],"Energy":{"Mean":3.2171895081791564,"Sigma":0.37194498984157826,"Taucorr":0.10364698381178683},"EnergyVariance":{"Mean":15.792364926260658,"Sigma":1.6892110341345035,"Taucorr":-0.009439347540931953},"Iteration":9},
{"Acceptance":[0.46192307692307694],"Energy":{"Mean":3.137503894978596,"Sigma":0.447612208951531,"Taucorr":0.13941067470268254},"EnergyVariance":{"Mean":22.765175336509735,"Sigma":3.349213599966789,"Taucorr":-0.01915868522158437},"Iteration":10},
{"Acceptance":[0.40615384615384614],"Energy":{"Mean":1.46169481489911,"Sigma":0.5660192764043841,"Taucorr":0.6381564693156709},"EnergyVariance":{"Mean":18.50806335752652,"Sigma":3.085712671893785,"Taucorr":0.5081683266421411},"Iteration":11},
{"Acceptance":[0.40923076923076923],"Energy":{"Mean":1.0009516369543077,"Sigma":0.44330561954533165,"Taucorr":0.3913835767912335},"EnergyVariance":{"Mean":18.420050205422317,"Sigma":2.8759458996262586,"Taucorr":0.09813108590849173},"Iteration":12},
{"Acceptance":[0.33615384615384614],"Energy":{"Mean":-0.026472689182557917,"Sigma":0.3858611773397285,"Taucorr":0.32152993545374653},"EnergyVariance":{"Mean":20.358719006901534,"Sigma":3.5168861566196274,"Taucorr":0.0015903816736632104},"Iteration":13},
{"Acceptance":[0.3346153846153846],"Energy":{"Mean":-0.06191031297744591,"Sigma":0.42096550610927,"Taucorr":0.23881358739295433},"EnergyVariance":{"Mean":18.75819222768822,"Sigma":2.7921745446164294,"Taucorr":-0.06010055345526971},"Iteration":14},
{"Acceptance":[0.32269230769230767],"Energy":{"Mean":-0.6122341984159136,"Sigma":0.575894506405957,"Taucorr":0.6756499485853864},"EnergyVariance":{"Mean":25.92963973447004,"Sigma":3.672439929283321,"Taucorr":0.10848300429120061},"Iteration":15},
{"Acceptance":[0.3123076923076923],"Energy":{"Mean":-1.7221269438372102,"Sigma":0.36994269736732505,"Taucorr":0.2561247881145885},"EnergyVariance":{"Mean":14.93902580155392,"Sigma":2.700616029746593,"Taucorr":0.03241193168007128},"Iteration":16},
{"Acceptance":[0.27884615384615385],"Energy":{"Mean":-1.3620276880094748,"Sigma":0.47004149156514163,"Taucorr":0.4887058374842844},"EnergyVariance":{"Mean":15.71559647424444,"Sigma":2.635544919250981,"Taucorr":0.07377531055593367},"Iteration":17},
{"Acceptance":[0.2865384615384615],"Energy":{"Mean":-2.691275014387518,"Sigma":0.347702211092789,"Taucorr":0.21401129109893746},"EnergyVariance":{"Mean":15.163334975551079,"Sigma":2.843907286806438,"Taucorr":0.23421436956955055},"Iteration":18},
{"Acceptance":[0.27807692307692305],"Energy":{"Mean":-2.040409614340809,"Sigma":0.3834969906735438,"Taucorr":0.3780657855554117},"EnergyVariance":{"Mean":14.210370852951314,"Sigma":2.6752822286841957,"Taucorr":0.24353595192185362},"Iteration":19},
{"Acceptance":[0.27076923076923076],"Energy":{"Mean":-2.781156010683629,"Sigma":0.40064884625163694,"Taucorr":0.33994195689202644},"EnergyVariance":{"Mean":24.730947321090422,"Sigma":5.493102580911607,"Taucorr":0.20320147205966999},"Iteration":20},
{"Acceptance":[0.23346153846153847],"Energy":{"Mean":-3.2768195282738657,"Sigma":0.4737584200135589,"Taucorr":0.37118525900353094},"EnergyVariance":{"Mean":19.48821001693858,"Sigma":4.091892858934401,"Taucorr":-0.022349266990777272},"Iteration":21},
{"Acceptance":[0.25576923076923075],"Energy":{"Mean":-3.04633906970072,"Sigma":0.42389810149564316,"Taucorr":0.3294546149042039},"EnergyVariance":{"Mean":21.124648403306296,"Sigma":2.3696176656668118,"Taucorr":0.03198012550334506},"Iteration":22},
{"Acceptance":[0.22653846153846155],"Energy":{"Mean":-4.5703069417535405,"Sigma":0.3467571953644118,"Taucorr":0.30065204683650093},"EnergyVariance":{"Mean":13.553937971320654,"Sigma":2.7279674385211643,"Taucorr":0.15659727231369758},"Iteration":23},
{"Acceptance":[0.2073076923076923],"Energy":{"Mean":-5.326303523987866,"Sigma":0.3432420523645871,"Taucorr":0.38710856305068797},"EnergyVariance":{"Mean":13.419209381655085,"Sigma":3.83584073802489,"Taucorr":0.4171732998683648},"Iteration":24},
{"Acceptance":[0.2296153846153846],"Energy":{"Mean":-4.598948001558798,"Sigma":0.39945325049155933,"Taucorr":0.32877233167257447},"EnergyVariance":{"Mean":21.422997191129184,"Sigma":6.596644740627347,"Taucorr":0.2913140614374282},"Iteration":25},
{"Acceptance":[0.22038461538461537],"Energy":{"Mean":-4.60337689854071,"Sigma":0.4698081399271736,"Taucorr":0.6278478391709204},"EnergyVariance":{"Mean":16.905232431537847,"Sigma":3.8128281037095735,"Taucorr":0.562700179529817},"Iteration":26},
{"Acceptance":[0.2],"Energy":{"Mean":-5.56303674824467,"Sigma":0.38042545033344344,"Taucorr":0.45920117268210514},"EnergyVariance":{"Mean":14.262971274919629,"Sigma":3.3590661696768906,"Taucorr":0.21675842499275066},"Iteration":27},
{"Acceptance":[0.1973076923076923],"Energy":{"Mean":-5.322813301553365,"Sigma":0.30776355336675437,"Taucorr":0.2827316969480683},"EnergyVariance":{"Mean":10.118571228983294,"Sigma":2.2950355610641533,"Taucorr":0.32468580250426726},"Iteration":28},
{"Acceptance":[0.19923076923076924],"Energy":{"Mean":-5.338239724025333,"Sigma":0.3863594695476566,"Taucorr":0.5671586224249721},"EnergyVariance":{"Mean":12.348109971211105,"Sigma":5.763689245463234,"Taucorr":0.3619848540442899},"Iteration":29},
{"Acceptance":[0.20038461538461538],"Energy":{"Mean":-6.386279959562445,"Sigma":0.28016137379008216,"Taucorr":0.011783005522067902},"EnergyVariance":{"Mean":12.25325151436677,"Sigma":3.184161808394977,"Taucorr":0.04595243846956443},"Iteration":30},
{"Acceptance":[0.20884615384615385],"Energy":{"Mean":-5.853457685113966,"Sigma":0.3515418127585487,"Taucorr":0.30896563153578527},"EnergyVariance":{"Mean":12.282664322013604,"Sigma":2.554876611887369,"Taucorr":0.05993010164911472},"Iteration":31},
{"Acceptance":[0.1946153846153846],"Energy":{"Mean":-6.667092023341602,"Sigma":0.27274879233008986,"Taucorr":0.2465892254922969},"EnergyVariance":{"Mean":9.677302479108926,"Sigma":2.4267392724206025,"Taucorr":0.2835347186260847},"Iteration":32},
{"Acceptance":[0.20923076923076922],"Energy":{"Mean":-6.385977243871912,"Sigma":0.3809748262004415,"Taucorr":0.063050424787233},"EnergyVariance":{"Mean":22.174836962357737,"Sigma":7.408756480249338,"Taucorr":0.08739538993405671},"Iteration":33},
{"Acceptance":[0.19653846153846155],"Energy":{"Mean":-6.377764147291799,"Sigma":0.24302700601770602,"Taucorr":0.08273579871241876},"EnergyVariance":{"Mean":8.63319775360815,"Sigma":1.6346972827925421,"Taucorr":-0.0209726631971342},"Iteration":34},
{"Acceptance":[0.19153846153846155],"Energy":{"Mean":-6.9632150741160865,"Sigma":0.4037677409589087,"Taucorr":0.07180962651388356},"EnergyVariance":{"Mean":20.109423513261618,"Sigma":4.992145823032739,"Taucorr":-0.014945960162258687},"Iteration":35},
{"Acceptance":[0.17807692307692308],"Energy":{"Mean":-6.811510265792217,"Sigma":0.29566549365766776,"Taucorr":0.1508980286199615},"EnergyVariance":{"Mean":9.713376547694132,"Sigma":2.151776598170894,"Taucorr":0.12714104504978108},"Iteration":36},
{"Acceptance":[0.1823076923076923],"Energy":{"Mean":-7.01500862955156,"Sigma":0.339838385927951,"Taucorr":0.34965234266353973},"EnergyVariance":{"Mean":15.087386478578448,"Sigma":5.380904976412624,"Taucorr":0.018742133535541328},"Iteration":37},
{"Acceptance":[0.17923076923076922],"Energy":{"Mean":-7.369640558905822,"Sigma":0.3560086971275136,"Taucorr":0.7593320054129296},"EnergyVariance":{"Mean":8.662001712642411,"Sigma":2.556161314781263,"Taucorr":0.5401975701212178},"Iteration":38},
{"Acceptance":[0.19230769230769232],"Energy":{"Mean":-7.756382004611515,"Sigma":0.30994638918810263,"Taucorr":0.34467248268168416},"EnergyVariance":{"Mean":8.421079182601611,"Sigma":1.4465498582341134,"Taucorr":0.350916932064005},"Iteration":39},
{"Acceptance":[0.2023076923076923],"Energy":{"Mean":-6.887108958935007,"Sigma":0.27332195095978173,"Taucorr":0.0969213092916188},"EnergyVariance":{"Mean":9.278699883111367,"Sigma":2.6711865317640973,"Taucorr":-0.015765794942314504},"Iteration":40},
{"Acceptance":[0.1930769230769231],"Energy":{"Mean":-6.764174710649959,"Sigma":0.3362396964160966,"Taucorr":0.20805864377821093},"EnergyVariance":{"Mean":11.843067889491303,"Sigma":2.725433217933249,"Taucorr":0.0616087948353895},"Iteration":41},
{"Acceptance":[0.18076923076923077],"Energy":{"Mean":-8.042374626164417,"Sigma":0.4426332364206615,"Taucorr":0.44583499086130185},"EnergyVariance":{"Mean":13.108054643615722,"Sigma":3.617144400415329,"Taucorr":0.48011348965924894},"Iteration":42},
{"Acceptance":[0.1996153846153846],"Energy":{"Mean":-7.523183807747844,"Sigma":0.4124398358246308,"Taucorr":0.2635856527184667},"EnergyVariance":{"Mean":16.32083051376278,"Sigma":4.207501382510927,"Taucorr":0.03410873987346563},"Iteration":43},
{"Acceptance":[0.19076923076923077],"Energy":{"Mean":-7.496045086436392,"Sigma":0.3124221133873422,"Taucorr":0.34823461316220505},"EnergyVariance":{"Mean":7.188074688889618,"Sigma":1.6011211901892697,"Taucorr":0.28294873503507345},"Iteration":44},
{"Acceptance":[0.18807692307692309],"Energy":{"Mean":-7.744262814380615,"Sigma":0.34016030349301046,"Taucorr":0.2974921548094368},"EnergyVariance":{"Mean":10.272432957705357,"Sigma":2.3360337281858476,"Taucorr":0.3320512893509012},"Iteration":45},
{"Acceptance":[0.19076923076923077],"Energy":{"Mean":-7.905784008961484,"Sigma":0.32719024434598143,"Taucorr":0.20779463021842381},"EnergyVariance":{"Mean":12.491817005285451,"Sigma":3.8117066539614037,"Taucorr":0.3165442800928273},"Iteration":46},
{"Acceptance":[0.18807692307692309],"Energy":{"Mean":-7.7427232271373985,"Sigma":0.33669909203291803,"Taucorr":0.18570886394345298},"EnergyVariance":{"Mean":8.979087350390454,"Sigma":1.8137276661350965,"Taucorr":0.04061298738673713},"Iteration":47},
{"Acceptance":[0.19384615384615383],"Energy":{"Mean":-8.02193002591179,"Sigma":0.389337485915335,"Taucorr":0.3402251809550094},"EnergyVariance":{"Mean":13.004590174391046,"Sigma":4.036155001555438,"Taucorr":0.238312209137179},"Iteration":48},
{"Acceptance":[0.1853846153846154],"Energy":{"Mean":-7.4278656374849925,"Sigma":0.4354223574334027,"Taucorr":0.3567841885394608},"EnergyVariance":{"Mean":19.224335839961512,"Sigma":6.549371891354398,"Taucorr":0.31402452902399125},"Iteration":49},
{"Acceptance":[0.1853846153846154],"Energy":{"Mean":-7.662634317019821,"Sigma":0.2882321715581612,"Taucorr":0.016128386413660767},"EnergyVariance":{"Mean":9.293363617291856,"Sigma":3.010909442027536,"Taucorr":0.42765672054895576},"Iteration":50},
{"Acceptance":[0.20653846153846153],"Energy":{"Mean":-7.932844691673961,"Sigma":0.4446127659551108,"Taucorr":0.6250590887252438},"EnergyVariance":{"Mean":10.623657199556947,"Sigma":3.5209748478337466,"Taucorr":0.3705434061771541},"Iteration":51},
{"Acceptance":[0.16653846153846155],"Energy":{"Mean":-8.706044504574693,"Sigma":0.31940323908067453,"Taucorr":0.1877033262481711},"EnergyVariance":{"Mean":9.034895614128159,"Sigma":2.305132482582996,"Taucorr":0.28534959382060887},"Iteration":52},
{"Acceptance":[0.17884615384615385],"Energy":{"Mean":-8.697960919287107,"Sigma":0.2517822050929423,"Taucorr":-0.1306535850881892},"EnergyVariance":{"Mean":9.582829253994097,"Sigma":2.3379156473269567,"Taucorr":0.26628128185755917},"Iteration":53},
{"Acceptance":[0.20038461538461538],"Energy":{"Mean":-8.80845067199033,"Sigma":0.5546673860854949,"Taucorr":0.47423042135867266},"EnergyVariance":{"Mean":20.222753397463958,"Sigma":6.196401595193877,"Taucorr":0.017928131599665442},"Iteration":54},
{"Acceptance":[0.1996153846153846],"Energy":{"Mean":-8.0236068655042,"Sigma":0.3118715943079678,"Taucorr":0.16967410882639855},"EnergyVariance":{"Mean":8.237207249190538,"Sigma":2.593433029643218,"Taucorr":0.047186427818983634},"Iteration":55},
{"Acceptance":[0.1926923076923077],"Energy":{"Mean":-9.127152859868183,"Sigma":0.4508211691496305,"Taucorr":0.5638544997788961},"EnergyVariance":{"Mean":11.349659698050706,"Sigma":2.192879648963112,"Taucorr":0.3063913237110173},"Iteration":56},
{"Acceptance":[0.19423076923076923],"Energy":{"Mean":-8.306404221961927,"Sigma":0.25435604666671474,"Taucorr":0.04671166450188036},"EnergyVariance":{"Mean":7.374471148075099,"Sigma":1.339675761828024,"Taucorr":0.0413987082608549},"Iteration":57},
{"Acceptance":[0.1973076923076923],"Energy":{"Mean":-8.604897853429165,"Sigma":0.4992533584862809,"Taucorr":0.5917136266899965},"EnergyVariance":{"Mean":13.280730579641528,"Sigma":4.563319012120384,"Taucorr":0.2254152783690705},"Iteration":58},
{"Acceptance":[0.20192307692307693],"Energy":{"Mean":-8.257737597350054,"Sigma":0.3633516903716811,"Taucorr":0.08022565312834562},"EnergyVariance":{"Mean":20.02929173042603,"Sigma":7.891983431058444,"Taucorr":0.1454597822565713},"Iteration":59},
{"Acceptance":[0.18076923076923077],"Energy":{"Mean":-9.034003374327193,"Sigma":0.31858179254002505,"Taucorr":0.29617843294593493},"EnergyVariance":{"Mean":9.50014311829759,"Sigma":3.7314688239060643,"Taucorr":0.49129074452732413},"Iteration":60},
{"Acceptance":[0.1996153846153846],"Energy":{"Mean":-8.99300810366748,"Sigma":0.3119386518147815,"Taucorr":0.2766218866448473},"EnergyVariance":{"Mean":7.129901004018442,"Sigma":1.2850250164513335,"Taucorr":0.023236010259261475},"Iteration":61},
{"Acceptance":[0.2053846153846154],"Energy":{"Mean":-8.718583180008594,"Sigma":0.26952467332729774,"Taucorr":-0.1314871950562611},"EnergyVariance":{"Mean":25.34055439753422,"Sigma":10.079280786650605,"Taucorr":0.05038921320255707},"Iteration":62},
{"Acceptance":[0.1853846153846154],"Energy":{"Mean":-8.718692374687901,"Sigma":0.25007213148325014,"Taucorr":-0.1685833833240592},"EnergyVariance":{"Mean":10.610217111629497,"Sigma":3.825097084795677,"Taucorr":0.16170165611304166},"Iteration":63},
{"Acceptance":[0.18153846153846154],"Energy":{"Mean":-8.795749689751828,"Sigma":0.3133973494027934,"Taucorr":0.18319807448324166},"EnergyVariance":{"Mean":8.537649931377256,"Sigma":2.1308528662930595,"Taucorr":-0.058487999814132774},"Iteration":64},
{"Acceptance":[0.1930769230769231],"Energy":{"Mean":-8.796774233059914,"Sigma":0.3219293474584915,"Taucorr":0.2712612195468852},"EnergyVariance":{"Mean":7.0169119727987965,"Sigma":0.9723798759355974,"Taucorr":-0.08260579717095118},"Iteration":65},
{"Acceptance":[0.19076923076923077],"Energy":{"Mean":-8.511091870112727,"Sigma":0.453621937249655,"Taucorr":0.4753413118788946},"EnergyVariance":{"Mean":13.439697548538467,"Sigma":4.428430084913197,"Taucorr":0.007792425136748937},"Iteration":66},
{"Acceptance":[0.21115384615384616],"Energy":{"Mean":-8.870738570523987,"Sigma":0.32324785016924545,"Taucorr":0.06163341290277469},"EnergyVariance":{"Mean":10.390076986261983,"Sigma":2.1940429356226026,"Taucorr":0.25565683630079183},"Iteration":67},
{"Acceptance":[0.1823076923076923],"Energy":{"Mean":-8.612366067624516,"Sigma":0.22565589952549442,"Taucorr":0.03848166443029266},"EnergyVariance":{"Mean":6.889970055673313,"Sigma":1.9873609036059303,"Taucorr":0.27570905484326913},"Iteration":68},
{"Acceptance":[0.1819230769230769],"Energy":{"Mean":-9.293416207954685,"Sigma":0.4054973515236546,"Taucorr":0.3631300452125116},"EnergyVariance":{"Mean":15.501581023590191,"Sigma":8.513634434846484,"Taucorr":0.20562792002544172},"Iteration":69},
{"Acceptance":[0.18846153846153846],"Energy":{"Mean":-8.30627216588921,"Sigma":0.36937201223814237,"Taucorr":0.23787924441793684},"EnergyVariance":{"Mean":16.68592399514268,"Sigma":8.042398446134943,"Taucorr":0.8813708340957365},"Iteration":70},
{"Acceptance":[0.1930769230769231],"Energy":{"Mean":-8.618578194282508,"Sigma":0.24568167697931723,"Taucorr":0.02493337799864248},"EnergyVariance":{"Mean":7.1590537096080595,"Sigma":2.1085144670029323,"Taucorr":-0.0021183425156481306},"Iteration":71},
{"Acceptance":[0.20884615384615385],"Energy":{"Mean":-9.274724096546775,"Sigma":0.29880696769290066,"Taucorr":0.026538411051999944},"EnergyVariance":{"Mean":10.405719883108237,"Sigma":2.739728230419273,"Taucorr":0.28938281904701546},"Iteration":72},
{"Acceptance":[0.2173076923076923],"Energy":{"Mean":-9.311151784447555,"Sigma":0.41422377017262324,"Taucorr":0.17515654979743955},"EnergyVariance":{"Mean":16.749578869998228,"Sigma":4.817217927826087,"Taucorr":0.15590475351331268},"Iteration":73},
{"Acceptance":[0.195],"Energy":{"Mean":-8.653764167935563,"Sigma":0.340155244593562,"Taucorr":0.22432720040212994},"EnergyVariance":{"Mean":9.640734432535787,"Sigma":2.4820942785526583,"Taucorr":0.48408586709849766},"Iteration":74},
{"Acceptance":[0.19653846153846155],"Energy":{"Mean":-8.568740241032543,"Sigma":0.35705175651500776,"Taucorr":0.598644307617022},"EnergyVariance":{"Mean":6.270534169553401,"Sigma":1.3179323997227173,"Taucorr":0.5510516715739051},"Iteration":75},
{"Acceptance":[0.2103846153846154],"Energy":{"Mean":-8.490239023107259,"Sigma":0.38364629557559937,"Taucorr":0.41530685401906287},"EnergyVariance":{"Mean":13.821273233245407,"Sigma":5.280423392833221,"Taucorr":0.0597558453275262},"Iteration":76},
{"Acceptance":[0.18307692307692308],"Energy":{"Mean":-9.409597201094265,"Sigma":0.33941715709397247,"Taucorr":0.039711147622278564},"EnergyVariance":{"Mean":11.422047161947857,"Sigma":2.375660807036319,"Taucorr":0.1940437797143345},"Iteration":77},
{"Acceptance":[0.19692307692307692],"Energy":{"Mean":-9.190801504271576,"Sigma":0.3497235193424452,"Taucorr":0.2965730238967329},"EnergyVariance":{"Mean":9.196301976136573,"Sigma":2.65795451335411,"Taucorr":0.17673653760423824},"Iteration":78},
{"Acceptance":[0.18153846153846154],"Energy":{"Mean":-9.129257522712834,"Sigma":0.22277086347240527,"Taucorr":-0.0817334838120305},"EnergyVariance":{"Mean":8.118647630972909,"Sigma":2.156444904449227,"Taucorr":0.01822922993025844},"Iteration":79},
{"Acceptance":[0.21076923076923076],"Energy":{"Mean":-9.54673473222453,"Sigma":0.2510499139899409,"Taucorr":-0.0165628890643586},"EnergyVariance":{"Mean":8.595552312993807,"Sigma":1.5203747148396123,"Taucorr":0.048491343670601816},"Iteration":80},
{"Acceptance":[0.1930769230769231],"Energy":{"Mean":-9.584991109190344,"Sigma":0.344874597710333,"Taucorr":0.32182020059646466},"EnergyVariance":{"Mean":13.051530118445266,"Sigma":4.2169516507564335,"Taucorr":0.07284746377998907},"Iteration":81},
{"Acceptance":[0.20692307692307693],"Energy":{"Mean":-10.173964525509076,"Sigma":0.3777631237496164,"Taucorr":0.21844094714333206},"EnergyVariance":{"Mean":16.85506138213588,"Sigma":5.392185534058416,"Taucorr":0.08598521116849567},"Iteration":82},
{"Acceptance":[0.215],"Energy":{"Mean":-8.723691754617233,"Sigma":0.3128063761474576,"Taucorr":-0.12054509479875641},"EnergyVariance":{"Mean":17.650669689730368,"Sigma":7.483951715972921,"Taucorr":0.3523887554267},"Iteration":83},
{"Acceptance":[0.2103846153846154],"Energy":{"Mean":-9.16226156172424,"Sigma":0.35240448733078045,"Taucorr":0.23003831646889306},"EnergyVariance":{"Mean":10.863958367867141,"Sigma":2.809762182138635,"Taucorr":0.08405681811285959},"Iteration":84},
{"Acceptance":[0.2103846153846154],"Energy":{"Mean":-9.546004933167987,"Sigma":0.29685414258253273,"Taucorr":0.030970477717405576},"EnergyVariance":{"Mean":8.97376836281206,"Sigma":1.7870008351353508,"Taucorr":-0.00649408588264061},"Iteration":85},
{"Acceptance":[0.20923076923076922],"Energy":{"Mean":-9.645288798410775,"Sigma":0.2659168731411689,"Taucorr":0.05014743947537137},"EnergyVariance":{"Mean":10.316742898402541,"Sigma":4.225320439016529,"Taucorr":0.05848133641267439},"Iteration":86},
{"Acceptance":[0.21192307692307694],"Energy":{"Mean":-9.398940294544257,"Sigma":0.3707124936389625,"Taucorr":0.4113453616662298},"EnergyVariance":{"Mean":13.530206146970327,"Sigma":3.999081181861418,"Taucorr":-0.010980666502520608},"Iteration":87},
{"Acceptance":[0.21115384615384616],"Energy":{"Mean":-9.863580730402973,"Sigma":0.48813295924569516,"Taucorr":0.41170156144440295},"EnergyVariance":{"Mean":22.004656047056873,"Sigma":9.120009410588949,"Taucorr":0.26840281004515365},"Iteration":88},
{"Acceptance":[0.22692307692307692],"Energy":{"Mean":-9.7680604625716,"Sigma":0.28270521367609946,"Taucorr":-0.13328902309525875},"EnergyVariance":{"Mean":13.594371489117973,"Sigma":3.7361670769936626,"Taucorr":0.27816702113870906},"Iteration":89},
{"Acceptance":[0.2023076923076923],"Energy":{"Mean":-9.722412386424185,"Sigma":0.32414163095001697,"Taucorr":0.18605983679549543},"EnergyVariance":{"Mean":10.441307097088309,"Sigma":4.778676187263996,"Taucorr":0.0328329385161692},"Iteration":90},
{"Acceptance":[0.22653846153846155],"Energy":{"Mean":-9.89211915734641,"Sigma":0.47959805422177476,"Taucorr":0.28922030740023785},"EnergyVariance":{"Mean":17.39943458279676,"Sigma":4.502428836736767,"Taucorr":0.030863490382893488},"Iteration":91},
{"Acceptance":[0.21115384615384616],"Energy":{"Mean":-10.207786020904024,"Sigma":0.23824726052444775,"Taucorr":0.1805933109004828},"EnergyVariance":{"Mean":4.664786020760399,"Sigma":0.6130756085185531,"Taucorr":0.08200512325131637},"Iteration":92},
{"Acceptance":[0.21807692307692308],"Energy":{"Mean":-9.751363196270935,"Sigma":0.35175586473511505,"Taucorr":0.27168738438832674},"EnergyVariance":{"Mean":8.655142271414826,"Sigma":2.167751720927613,"Taucorr":0.2290601669336071},"Iteration":93},
{"Acceptance":[0.22230769230769232],"Energy":{"Mean":-10.138036813625394,"Sigma":0.4044237044525804,"Taucorr":0.1804485823815577},"EnergyVariance":{"Mean":13.457762081047308,"Sigma":3.9225205758541097,"Taucorr":0.2553361200236406},"Iteration":94},
{"Acceptance":[0.2103846153846154],"Energy":{"Mean":-9.9220844668415,"Sigma":0.33271717922262006,"Taucorr":-0.04691363042057667},"EnergyVariance":{"Mean":24.19601418839916,"Sigma":8.67212751203003,"Taucorr":0.3970883749907974},"Iteration":95},
{"Acceptance":[0.20653846153846153],"Energy":{"Mean":-9.947456759882822,"Sigma":0.3485923208772594,"Taucorr":0.28171564981205754},"EnergyVariance":{"Mean":9.35745832504646,"Sigma":2.7545533798854396,"Taucorr":0.30654916244733277},"Iteration":96},
{"Acceptance":[0.1896153846153846],"Energy":{"Mean":-10.139941426276822,"Sigma":0.3101395576190583,"Taucorr":0.16593908606854102},"EnergyVariance":{"Mean":7.942154330247445,"Sigma":1.2924858622305901,"Taucorr":0.19041844164947708},"Iteration":97},
{"Acceptance":[0.21153846153846154],"Energy":{"Mean":-9.744764051495563,"Sigma":0.46027985992043374,"Taucorr":0.29583072008754774},"EnergyVariance":{"Mean":14.73178237656252,"Sigma":5.16450265239241,"Taucorr":0.07380528187049962},"Iteration":98},
{"Acceptance":[0.18076923076923077],"Energy":{"Mean":-10.271646442478445,"Sigma":0.6077672510917671,"Taucorr":0.5606576405442267},"EnergyVariance":{"Mean":20.34710476545183,"Sigma":9.212374581971439,"Taucorr":0.9563718924431317},"Iteration":99} 
]}
{"input": {"L": 12, "J": 1, "machine": {"type": "FFNN", "model": ["tanh", 33, 3]}, "sampler": {"type": "MetropolisHop", "d_max": 5}, "optimizer": {"type": "AdaMax", "alpha": 0.001, "beta1": 0.9, "beta2": 0.999, "epscut": 1e-07}, "VMC": {"n_samples": 100, "discarded_samples": 100, "discarded_samples_on_init": 0, "target": "energy", "method": "Gd", "diag_shift": 0.01, "use_iterative": true, "use_cholesky": true}, "n_iter": 100}}
duration: -2.325291633605957