{"Output": [
{"Acceptance":[0.9361904761904762],"Energy":{"Mean":5.261652260143988,"Sigma":0.1019964885751503,"Taucorr":-0.20807228130254668},"EnergyVariance":{"Mean":3.414681659607325,"Sigma":0.3552568751637316,"Taucorr":-0.06568897755403313},"Iteration":0},
{"Acceptance":[0.9161904761904762],"Energy":{"Mean":5.071508916453155,"Sigma":0.13865448985107093,"Taucorr":0.152663797466153},"EnergyVariance":{"Mean":2.8308525953021375,"Sigma":0.33780674734277144,"Taucorr":0.32192677209594966},"Iteration":1},
{"Acceptance":[0.9066666666666666],"Energy":{"Mean":5.1736841384038765,"Sigma":0.15588252730262586,"Taucorr":0.20656066005327578},"EnergyVariance":{"Mean":3.3137743474658077,"Sigma":0.3624643887108643,"Taucorr":0.20271332557661748},"Iteration":2},
{"Acceptance":[0.9123809523809524],"Energy":{"Mean":5.163333244719001,"Sigma":0.12607588542266238,"Taucorr":-0.04660847056544226},"EnergyVariance":{"Mean":3.3901966585498737,"Sigma":0.36147002450261423,"Taucorr":0.0730007516350949},"Iteration":3},
{"Acceptance":[0.9085714285714286],"Energy":{"Mean":5.186127821954626,"Sigma":0.11325246650981378,"Taucorr":-0.15770295769131176},"EnergyVariance":{"Mean":3.630668229519584,"Sigma":0.4581978077900054,"Taucorr":0.07078295626005415},"Iteration":4},
{"Acceptance":[0.888095238095238],"Energy":{"Mean":5.000299048981682,"Sigma":0.1353383673828857,"Taucorr":0.023656463632647062},"EnergyVariance":{"Mean":3.406700702099205,"Sigma":0.44133517692009866,"Taucorr":0.20390816457126237},"Iteration":5},
{"Acceptance":[0.8857142857142857],"Energy":{"Mean":5.174765585059713,"Sigma":0.1226012171011433,"Taucorr":0.010100677657140511},"EnergyVariance":{"Mean":2.8952580254896247,"Sigma":0.2596170092230775,"Taucorr":-0.011485429137218783},"Iteration":6},
{"Acceptance":[0.8852380952380953],"Energy":{"Mean":5.078703795871813,"Sigma":0.15091384760614038,"Taucorr":0.1714440266971341},"EnergyVariance":{"Mean":3.35431836812011,"Sigma":0.30793778630719204,"Taucorr":-0.05792999517198966},"Iteration":7},
{"Acceptance":[0.8809523809523809],"Energy":{"Mean":5.414396322175411,"Sigma":0.1607245108057106,"Taucorr":0.41022306754606297},"EnergyVariance":{"Mean":2.8552994569885386,"Sigma":0.3436913139782142,"Taucorr":0.256941963465531},"Iteration":8},
{"Acceptance":[0.8666666666666667],"Energy":{"Mean":4.996548664992711,"Sigma":0.12553356080049133,"Taucorr":-0.039962254758747096},"EnergyVariance":{"Mean":3.3955317149045148,"Sigma":0.38236349848933143,"Taucorr":0.13157223110034866},"Iteration":9},
{"Acceptance":[0.8671428571428571],"Energy":{"Mean":5.4621218999287295,"Sigma":0.1489643028429362,"Taucorr":0.11600857749812854},"EnergyVariance":{"Mean":3.5940500555987236,"Sigma":0.31184391830257,"Taucorr":-0.08658251312836046},"Iteration":10},
{"Acceptance":[0.8661904761904762],"Energy":{"Mean":5.206103523421981,"Sigma":0.12617028237994282,"Taucorr":-0.07270035906561306},"EnergyVariance":{"Mean":3.745278541570954,"Sigma":0.3710303162408867,"Taucorr":-0.0668235510981462},"Iteration":11},
{"Acceptance":[0.85],"Energy":{"Mean":4.816071500698802,"Sigma":0.12539510962743952,"Taucorr":-0.019843602846881025},"EnergyVariance":{"Mean":3.338147836296906,"Sigma":0.34394815076380614,"Taucorr":0.13029530302109738},"Iteration":12},
{"Acceptance":[0.8471428571428572],"Energy":{"Mean":5.044786060473122,"Sigma":0.1362048047141518,"Taucorr":0.04783089278504449},"EnergyVariance":{"Mean":3.490917364997074,"Sigma":0.3578854699654565,"Taucorr":0.10978107862993813},"Iteration":13},
{"Acceptance":[0.8376190476190476],"Energy":{"Mean":4.933836566101392,"Sigma":0.11309724430103772,"Taucorr":-0.16407006196599716},"EnergyVariance":{"Mean":3.9536497293816075,"Sigma":0.3038095297267862,"Taucorr":-0.15406380517732654},"Iteration":14},
{"Acceptance":[0.8323809523809523],"Energy":{"Mean":5.130539004825242,"Sigma":0.18211515479434423,"Taucorr":0.38298969530199434},"EnergyVariance":{"Mean":3.8811171303690246,"Sigma":0.3549135440320756,"Taucorr":-0.09480452326357863},"Iteration":15},
{"Acceptance":[0.83],"Energy":{"Mean":5.068408613216999,"Sigma":0.16342010250982358,"Taucorr":0.06877835473944027},"EnergyVariance":{"Mean":4.813200735175603,"Sigma":0.427456847325338,"Taucorr":-0.07993812188097293},"Iteration":16},
{"Acceptance":[0.8133333333333334],"Energy":{"Mean":4.852048931814756,"Sigma":0.1709009630117262,"Taucorr":0.15150743693202628},"EnergyVariance":{"Mean":4.635113812399182,"Sigma":0.5716942554019517,"Taucorr":0.22688664185420215},"Iteration":17},
{"Acceptance":[0.8123809523809524],"Energy":{"Mean":4.67030063225715,"Sigma":0.17566938319053269,"Taucorr":0.20217756769556705},"EnergyVariance":{"Mean":4.613879556756061,"Sigma":0.5594446782743894,"Taucorr":0.18032914759360397},"Iteration":18},
{"Acceptance":[0.8014285714285714],"Energy":{"Mean":4.822896407687763,"Sigma":0.14586876430732004,"Taucorr":0.024586274992269508},"EnergyVariance":{"Mean":4.313154410045596,"Sigma":0.4550723086480853,"Taucorr":0.14180309840470773},"Iteration":19},
{"Acceptance":[0.820952380952381],"Energy":{"Mean":4.732847049832333,"Sigma":0.14422420175901127,"Taucorr":0.11152863423356163},"EnergyVariance":{"Mean":3.6835482716483363,"Sigma":0.38202188343491084,"Taucorr":0.10937735967393714},"Iteration":20},
{"Acceptance":[0.809047619047619],"Energy":{"Mean":4.651028570924533,"Sigma":0.15920592815240106,"Taucorr":0.17366077887686382},"EnergyVariance":{"Mean":4.203395247269584,"Sigma":0.3162772357274143,"Taucorr":-0.15164768261365796},"Iteration":21},
{"Acceptance":[0.8047619047619048],"Energy":{"Mean":4.460871596231169,"Sigma":0.1405644589412552,"Taucorr":-0.0734328701129785},"EnergyVariance":{"Mean":4.97431145388732,"Sigma":0.4653093728450777,"Taucorr":-0.07239166358681864},"Iteration":22},
{"Acceptance":[0.7871428571428571],"Energy":{"Mean":4.669203204187264,"Sigma":0.13801354810776084,"Taucorr":-0.0033365105012324037},"EnergyVariance":{"Mean":4.216592740680657,"Sigma":0.2991723623680097,"Taucorr":-0.18954435794208324},"Iteration":23},
{"Acceptance":[0.7609523809523809],"Energy":{"Mean":4.792008410708795,"Sigma":0.11065531546818333,"Taucorr":-0.03210277317209792},"EnergyVariance":{"Mean":3.0093057727535912,"Sigma":0.19844971629600563,"Taucorr":-0.1827066870380255},"Iteration":24},
{"Acceptance":[0.7619047619047619],"Energy":{"Mean":4.884865798483175,"Sigma":0.12168006175262802,"Taucorr":-0.05846816649831782},"EnergyVariance":{"Mean":3.8346811415948934,"Sigma":0.34816268445187093,"Taucorr":-0.0806456584180727},"Iteration":25},
{"Acceptance":[0.7561904761904762],"Energy":{"Mean":4.8520001096826055,"Sigma":0.19089890977740812,"Taucorr":0.27858538152303147},"EnergyVariance":{"Mean":5.226967615281929,"Sigma":0.35172418404468775,"Taucorr":-0.17758596977174612},"Iteration":26},
{"Acceptance":[0.7342857142857143],"Energy":{"Mean":4.2897577205777315,"Sigma":0.1600044152660861,"Taucorr":0.03805518164734556},"EnergyVariance":{"Mean":5.319609338249746,"Sigma":0.39721187743269815,"Taucorr":0.035183102959928436},"Iteration":27},
{"Acceptance":[0.7557142857142857],"Energy":{"Mean":4.674359736669548,"Sigma":0.1190711136589156,"Taucorr":-0.11514637327756516},"EnergyVariance":{"Mean":4.382249031278412,"Sigma":0.47100214049597844,"Taucorr":0.27294736284642196},"Iteration":28},
{"Acceptance":[0.7380952380952381],"Energy":{"Mean":4.514494107826483,"Sigma":0.18240858010428138,"Taucorr":0.16671406710465586},"EnergyVariance":{"Mean":5.746663465728159,"Sigma":0.5475236460709023,"Taucorr":0.0006288338211132283},"Iteration":29},
{"Acceptance":[0.7266666666666667],"Energy":{"Mean":4.498160410850814,"Sigma":0.1657052538004933,"Taucorr":0.19363134095471435},"EnergyVariance":{"Mean":4.570313656670117,"Sigma":0.44899986527354807,"Taucorr":0.08720703620783088},"Iteration":30},
{"Acceptance":[0.7252380952380952],"Energy":{"Mean":4.434920149873227,"Sigma":0.18059712641874123,"Taucorr":0.16051924293997288},"EnergyVariance":{"Mean":5.529750598460926,"Sigma":0.4267945624753629,"Taucorr":-0.014142304895971292},"Iteration":31},
{"Acceptance":[0.7404761904761905],"Energy":{"Mean":4.073404842705429,"Sigma":0.18491249980173133,"Taucorr":0.27494795408541517},"EnergyVariance":{"Mean":5.197627491008083,"Sigma":0.38163293332824744,"Taucorr":-0.08278936911441104},"Iteration":32},
{"Acceptance":[0.7295238095238096],"Energy":{"Mean":4.447698004459164,"Sigma":0.22264888716365774,"Taucorr":0.5036397657712555},"EnergyVariance":{"Mean":5.6998956412235735,"Sigma":0.4270138095872339,"Taucorr":-0.1593523630522709},"Iteration":33},
{"Acceptance":[0.7080952380952381],"Energy":{"Mean":4.282587586933435,"Sigma":0.2014161510032209,"Taucorr":0.23543461204733163},"EnergyVariance":{"Mean":6.365276617145832,"Sigma":0.4182729094218076,"Taucorr":-0.2672427056761315},"Iteration":34},
{"Acceptance":[0.709047619047619],"Energy":{"Mean":4.353809342611811,"Sigma":0.15143744066531525,"Taucorr":0.1122696981389556},"EnergyVariance":{"Mean":4.697468901602315,"Sigma":0.32395055443220155,"Taucorr":-0.15584141620185998},"Iteration":35},
{"Acceptance":[0.7119047619047619],"Energy":{"Mean":4.081925838586721,"Sigma":0.18613675829917564,"Taucorr":0.15028338525539275},"EnergyVariance":{"Mean":6.361658717681756,"Sigma":0.5696165651765056,"Taucorr":0.12154776038776338},"Iteration":36},
{"Acceptance":[0.7023809523809523],"Energy":{"Mean":4.197178476221173,"Sigma":0.14860245275197498,"Taucorr":0.007935576374296205},"EnergyVariance":{"Mean":5.476038916952568,"Sigma":0.615904093962276,"Taucorr":0.3402143131674269},"Iteration":37},
{"Acceptance":[0.6947619047619048],"Energy":{"Mean":4.186124809777708,"Sigma":0.1612007758850055,"Taucorr":0.1029173009199299},"EnergyVariance":{"Mean":5.437044257787216,"Sigma":0.5437185591325997,"Taucorr":0.09998629260622105},"Iteration":38},
{"Acceptance":[0.689047619047619],"Energy":{"Mean":3.9793410903238273,"Sigma":0.17326532113764928,"Taucorr":0.26205720348994965},"EnergyVariance":{"Mean":5.158201403322436,"Sigma":0.43913147424807786,"Taucorr":0.051336337387749564},"Iteration":39},
{"Acceptance":[0.6923809523809524],"Energy":{"Mean":4.237420840976037,"Sigma":0.1967284199520285,"Taucorr":0.1759917624870727},"EnergyVariance":{"Mean":6.894950732133666,"Sigma":0.5243683438724558,"Taucorr":0.006115443200822246},"Iteration":40},
{"Acceptance":[0.6785714285714286],"Energy":{"Mean":3.736702532198674,"Sigma":0.20661527728592377,"Taucorr":0.28336234776411307},"EnergyVariance":{"Mean":6.796214748939386,"Sigma":0.5401319676690094,"Taucorr":0.024879827218832085},"Iteration":41},
{"Acceptance":[0.6742857142857143],"Energy":{"Mean":3.861841198183241,"Sigma":0.15818243364006881,"Taucorr":-0.07793194544372456},"EnergyVariance":{"Mean":7.00485698828343,"Sigma":0.8250570371614762,"Taucorr":0.3135369145481448},"Iteration":42},
{"Acceptance":[0.6666666666666666],"Energy":{"Mean":3.965913846742085,"Sigma":0.1974935391392432,"Taucorr":0.1282333367539531},"EnergyVariance":{"Mean":7.622776798969396,"Sigma":0.6594781939177571,"Taucorr":-0.02044591994753936},"Iteration":43},
{"Acceptance":[0.6585714285714286],"Energy":{"Mean":4.304188986754693,"Sigma":0.24181328425822265,"Taucorr":0.7364464710178134},"EnergyVariance":{"Mean":6.289817655944834,"Sigma":0.6246200732268984,"Taucorr":0.027282265573789766},"Iteration":44},
{"Acceptance":[0.6366666666666667],"Energy":{"Mean":3.6804898340645416,"Sigma":0.21919975793631533,"Taucorr":0.3329826481722187},"EnergyVariance":{"Mean":7.155044093317644,"Sigma":0.6636119386238137,"Taucorr":0.031247796081496304},"Iteration":45},
{"Acceptance":[0.659047619047619],"Energy":{"Mean":3.8633960147324866,"Sigma":0.1520276067416925,"Taucorr":-0.035097983564012},"EnergyVariance":{"Mean":6.732970085615645,"Sigma":0.553795212200116,"Taucorr":-0.05056960454428633},"Iteration":46},
{"Acceptance":[0.6328571428571429],"Energy":{"Mean":3.282304638224217,"Sigma":0.19083292605660576,"Taucorr":0.13686528794797503},"EnergyVariance":{"Mean":7.483232749862811,"Sigma":0.8515886292953678,"Taucorr":0.2631535464957838},"Iteration":47},
{"Acceptance":[0.6285714285714286],"Energy":{"Mean":3.578924884358047,"Sigma":0.2654628224167981,"Taucorr":0.4737194748559005},"EnergyVariance":{"Mean":8.995419009451064,"Sigma":1.0755301020415655,"Taucorr":0.3338117496609495},"Iteration":48},
{"Acceptance":[0.6195238095238095],"Energy":{"Mean":3.484590081591458,"Sigma":0.20461559209775562,"Taucorr":0.31983115339973467},"EnergyVariance":{"Mean":6.88290457324214,"Sigma":0.659023990403066,"Taucorr":0.19286035740110552},"Iteration":49},
{"Acceptance":[0.63],"Energy":{"Mean":3.5978679059061314,"Sigma":0.14519861732964848,"Taucorr":-0.1900536810778034},"EnergyVariance":{"Mean":8.578427268914522,"Sigma":0.8447432602030859,"Taucorr":0.10763350128726135},"Iteration":50},
{"Acceptance":[0.6038095238095238],"Energy":{"Mean":3.5494942078525584,"Sigma":0.16475925117887427,"Taucorr":-0.020607483343404565},"EnergyVariance":{"Mean":7.550247960434743,"Sigma":0.6969451078897547,"Taucorr":0.05045148741803018},"Iteration":51},
{"Acceptance":[0.6447619047619048],"Energy":{"Mean":3.668217831506566,"Sigma":0.20008714751127019,"Taucorr":0.3160385584513391},"EnergyVariance":{"Mean":6.727742318335814,"Sigma":0.5394968923842959,"Taucorr":-0.03470333994106073},"Iteration":52},
{"Acceptance":[0.5933333333333334],"Energy":{"Mean":2.869652018267309,"Sigma":0.25591577929773296,"Taucorr":0.39841741697292943},"EnergyVariance":{"Mean":8.700507663498854,"Sigma":0.8688398067129185,"Taucorr":0.011339314611639173},"Iteration":53},
{"Acceptance":[0.5919047619047619],"Energy":{"Mean":2.7040143865802,"Sigma":0.2765159940487623,"Taucorr":0.4110450040761906},"EnergyVariance":{"Mean":10.528548763015095,"Sigma":1.189276153205822,"Taucorr":0.24316449632225146},"Iteration":54},
{"Acceptance":[0.5804761904761905],"Energy":{"Mean":3.0990146721528933,"Sigma":0.23010148023765759,"Taucorr":0.25044078517440993},"EnergyVariance":{"Mean":8.436475241145402,"Sigma":0.9654292117593725,"Taucorr":0.1761641338772767},"Iteration":55},
{"Acceptance":[0.5438095238095239],"Energy":{"Mean":2.36954108301137,"Sigma":0.2618617503492555,"Taucorr":0.4780032240535218},"EnergyVariance":{"Mean":8.261835787029819,"Sigma":0.832055969845108,"Taucorr":0.05621635435672012},"Iteration":56},
{"Acceptance":[0.5904761904761905],"Energy":{"Mean":3.296988371690502,"Sigma":0.22202865696399704,"Taucorr":0.2125805039590173},"EnergyVariance":{"Mean":8.99569732644037,"Sigma":0.8818898372589928,"Taucorr":0.05102938466722695},"Iteration":57},
{"Acceptance":[0.5571428571428572],"Energy":{"Mean":2.7402939467782756,"Sigma":0.26381616717412165,"Taucorr":0.29655330289346427},"EnergyVariance":{"Mean":10.523867095564958,"Sigma":1.2058213442141086,"Taucorr":0.22291732437432266},"Iteration":58},
{"Acceptance":[0.5414285714285715],"Energy":{"Mean":2.37606959037369,"Sigma":0.2582867139778054,"Taucorr":0.35461100454573113},"EnergyVariance":{"Mean":10.025869861741445,"Sigma":1.0014480386268572,"Taucorr":0.060105859840120845},"Iteration":59},
{"Acceptance":[0.5719047619047619],"Energy":{"Mean":2.611325968258574,"Sigma":0.3289160669329913,"Taucorr":0.7600921099281366},"EnergyVariance":{"Mean":10.337202267551326,"Sigma":1.0294822081471688,"Taucorr":0.1466181579543373},"Iteration":60},
{"Acceptance":[0.5266666666666666],"Energy":{"Mean":2.135779102834991,"Sigma":0.3576461659459637,"Taucorr":0.8569196516988176},"EnergyVariance":{"Mean":11.042653988066565,"Sigma":0.9766675847644364,"Taucorr":-0.01654642392749034},"Iteration":61},
{"Acceptance":[0.5347619047619048],"Energy":{"Mean":2.171466148539761,"Sigma":0.24710808364938341,"Taucorr":0.22863507949238282},"EnergyVariance":{"Mean":9.47683041340417,"Sigma":1.0349982125793054,"Taucorr":0.25077555510893934},"Iteration":62},
{"Acceptance":[0.5552380952380952],"Energy":{"Mean":2.631441622356825,"Sigma":0.27427412140772983,"Taucorr":0.3570085994416865},"EnergyVariance":{"Mean":10.536587108011016,"Sigma":0.8580465252575301,"Taucorr":-0.04651131285029597},"Iteration":63},
{"Acceptance":[0.4990476190476191],"Energy":{"Mean":1.4141239911810037,"Sigma":0.3290010234067583,"Taucorr":0.7178437526168127},"EnergyVariance":{"Mean":10.113838185132181,"Sigma":1.0383393858129808,"Taucorr":0.17574215026559314},"Iteration":64},
{"Acceptance":[0.5071428571428571],"Energy":{"Mean":1.9742123698006235,"Sigma":0.2834156307072008,"Taucorr":0.258458434225996},"EnergyVariance":{"Mean":12.734147075864424,"Sigma":1.0939006353650385,"Taucorr":-0.06572852332283119},"Iteration":65},
{"Acceptance":[0.4980952380952381],"Energy":{"Mean":2.3867991816537986,"Sigma":0.4147843513352674,"Taucorr":0.967494923398226},"EnergyVariance":{"Mean":14.18695348108149,"Sigma":1.4259967794320922,"Taucorr":0.12392592128562674},"Iteration":66},
{"Acceptance":[0.48714285714285716],"Energy":{"Mean":2.239502529529155,"Sigma":0.3107729448035554,"Taucorr":0.5170288016570956},"EnergyVariance":{"Mean":11.442154294345329,"Sigma":1.3437101756257204,"Taucorr":0.4814140016294678},"Iteration":67},
{"Acceptance":[0.5276190476190477],"Energy":{"Mean":2.217863602513695,"Sigma":0.39966353616385025,"Taucorr":1.0451959376694449},"EnergyVariance":{"Mean":12.797312488218783,"Sigma":1.5677801047074311,"Taucorr":0.30243117526315366},"Iteration":68},
{"Acceptance":[0.4857142857142857],"Energy":{"Mean":1.9015641412210396,"Sigma":0.36776165833945995,"Taucorr":0.8732573747995951},"EnergyVariance":{"Mean":11.880714532008296,"Sigma":1.2379600900103733,"Taucorr":0.16635081190038326},"Iteration":69},
{"Acceptance":[0.43476190476190474],"Energy":{"Mean":0.6996366482913838,"Sigma":0.2975079792035191,"Taucorr":0.5058865729639674},"EnergyVariance":{"Mean":9.861118004844128,"Sigma":0.8043525185449655,"Taucorr":-0.11802170764725373},"Iteration":70},
{"Acceptance":[0.44047619047619047],"Energy":{"Mean":1.2512632393729681,"Sigma":0.25994937401692875,"Taucorr":0.1925245687970185},"EnergyVariance":{"Mean":11.841403828772417,"Sigma":1.2672697954376135,"Taucorr":0.10920107822888314},"Iteration":71},
{"Acceptance":[0.3823809523809524],"Energy":{"Mean":0.8133765058299306,"Sigma":0.34496714576953863,"Taucorr":0.7265001476331161},"EnergyVariance":{"Mean":10.874982975339616,"Sigma":1.0763904512859293,"Taucorr":0.4666416913298004},"Iteration":72},
{"Acceptance":[0.4642857142857143],"Energy":{"Mean":1.5371610196406138,"Sigma":0.29968071469060187,"Taucorr":0.5062850507104824},"EnergyVariance":{"Mean":10.283501299460102,"Sigma":0.914819200279382,"Taucorr":0.006868512097828794},"Iteration":73},
{"Acceptance":[0.3838095238095238],"Energy":{"Mean":0.5397659378443327,"Sigma":0.3597049879659739,"Taucorr":0.957999787944324},"EnergyVariance":{"Mean":10.595034903635888,"Sigma":0.7202284494654531,"Taucorr":-0.1758558968344448},"Iteration":74},
{"Acceptance":[0.4452380952380952],"Energy":{"Mean":1.704192395265733,"Sigma":0.34221646333537253,"Taucorr":0.7759743627096636},"EnergyVariance":{"Mean":11.802398860782613,"Sigma":1.165537693230638,"Taucorr":0.07860564588685437},"Iteration":75},
{"Acceptance":[0.3761904761904762],"Energy":{"Mean":0.3634562678485141,"Sigma":0.35093150841665,"Taucorr":0.6012709606701909},"EnergyVariance":{"Mean":12.830501976922399,"Sigma":0.9524912313158227,"Taucorr":-0.12117471216360104},"Iteration":76},
{"Acceptance":[0.3738095238095238],"Energy":{"Mean":0.3420567400304818,"Sigma":0.4527297148220846,"Taucorr":1.2865499320407687},"EnergyVariance":{"Mean":12.876902691037053,"Sigma":1.2519511440395843,"Taucorr":0.12466799934768158},"Iteration":77},
{"Acceptance":[0.37285714285714283],"Energy":{"Mean":0.08355048584311914,"Sigma":0.36615721368262644,"Taucorr":0.7499233579887246},"EnergyVariance":{"Mean":12.988902297827371,"Sigma":1.2870003526589584,"Taucorr":-0.029288098361048953},"Iteration":78},
{"Acceptance":[0.3566666666666667],"Energy":{"Mean":0.3264633019642161,"Sigma":0.32727337754981484,"Taucorr":0.3360312118610014},"EnergyVariance":{"Mean":14.8134609956963,"Sigma":1.36167431519261,"Taucorr":0.1603244087744593},"Iteration":79},
{"Acceptance":[0.34476190476190477],"Energy":{"Mean":0.07903077149833869,"Sigma":0.4343887888875736,"Taucorr":1.059563236180542},"EnergyVariance":{"Mean":14.67808911572286,"Sigma":1.720296867692379,"Taucorr":0.35599522396487693},"Iteration":80},
{"Acceptance":[0.33380952380952383],"Energy":{"Mean":-0.023692410531869285,"Sigma":0.3743132467220534,"Taucorr":0.5795621036859953},"EnergyVariance":{"Mean":14.46481931235325,"Sigma":1.1330741731035896,"Taucorr":0.17954374442808474},"Iteration":81},
{"Acceptance":[0.2571428571428571],"Energy":{"Mean":-1.2303409210068637,"Sigma":0.40823633951006916,"Taucorr":0.9340122846144745},"EnergyVariance":{"Mean":13.610849987452612,"Sigma":1.8025826923373478,"Taucorr":0.08458775469374691},"Iteration":82},
{"Acceptance":[0.29428571428571426],"Energy":{"Mean":-1.0935472308794965,"Sigma":0.4251556516410074,"Taucorr":1.1048561640007317},"EnergyVariance":{"Mean":13.892235357889174,"Sigma":3.451072877609776,"Taucorr":1.6048801311863095},"Iteration":83},
{"Acceptance":[0.2819047619047619],"Energy":{"Mean":-0.7285019989008453,"Sigma":0.4853868935740505,"Taucorr":0.9089432366897414},"EnergyVariance":{"Mean":18.130419503632766,"Sigma":4.006291192783079,"Taucorr":0.08803696264824601},"Iteration":84},
{"Acceptance":[0.3],"Energy":{"Mean":-0.626856124076362,"Sigma":0.44703903244505017,"Taucorr":0.7562264678399981},"EnergyVariance":{"Mean":18.35950183570042,"Sigma":4.795926171288823,"Taucorr":0.07146071192249082},"Iteration":85},
{"Acceptance":[0.2280952380952381],"Energy":{"Mean":-2.10641019581034,"Sigma":0.39515031441340936,"Taucorr":1.2468171483625246},"EnergyVariance":{"Mean":11.10113195207514,"Sigma":3.2210036367216452,"Taucorr":1.0083367059378288},"Iteration":86},
{"Acceptance":[0.2195238095238095],"Energy":{"Mean":-2.3431097190745604,"Sigma":0.3746580851764699,"Taucorr":0.9851179432349402},"EnergyVariance":{"Mean":11.14868839833672,"Sigma":1.8326251961397322,"Taucorr":0.30312502569580857},"Iteration":87},
{"Acceptance":[0.27904761904761904],"Energy":{"Mean":-1.3720214991717135,"Sigma":0.5509866162850531,"Taucorr":1.808695803168694},"EnergyVariance":{"Mean":16.17621265719086,"Sigma":3.1311817684045606,"Taucorr":1.1039525064313251},"Iteration":88},
{"Acceptance":[0.21761904761904763],"Energy":{"Mean":-2.1777088270979794,"Sigma":0.42742352515357385,"Taucorr":1.2073317497160088},"EnergyVariance":{"Mean":12.701200408432905,"Sigma":2.126930784634855,"Taucorr":0.8717194353043305},"Iteration":89},
{"Acceptance":[0.21619047619047618],"Energy":{"Mean":-1.9893329309664896,"Sigma":0.44894921233109353,"Taucorr":1.0197996903150726},"EnergyVariance":{"Mean":14.44273159642393,"Sigma":2.8387012208201456,"Taucorr":0.34305901151053153},"Iteration":90},
{"Acceptance":[0.18476190476190477],"Energy":{"Mean":-2.373913486584274,"Sigma":0.45684484500764827,"Taucorr":1.5563776591165976},"EnergyVariance":{"Mean":13.032329274224304,"Sigma":3.1535267604165593,"Taucorr":0.9496984911531325},"Iteration":91},
{"Acceptance":[0.15476190476190477],"Energy":{"Mean":-3.3220868482095733,"Sigma":0.3255096437896604,"Taucorr":1.4255669097402253},"EnergyVariance":{"Mean":6.57707550573723,"Sigma":2.0010439246328042,"Taucorr":0.6936410502553294},"Iteration":92},
{"Acceptance":[0.15047619047619049],"Energy":{"Mean":-2.3306727470177475,"Sigma":0.5138641196029472,"Taucorr":0.8819228535813568},"EnergyVariance":{"Mean":21.901150831675093,"Sigma":7.148208081738568,"Taucorr":0.07093513886524028},"Iteration":93},
{"Acceptance":[0.1138095238095238],"Energy":{"Mean":-2.880124324373601,"Sigma":0.31789666692435714,"Taucorr":0.4133993014284857},"EnergyVariance":{"Mean":13.337294414122326,"Sigma":3.467686923275755,"Taucorr":-0.01965884964469583},"Iteration":94},
{"Acceptance":[0.09571428571428571],"Energy":{"Mean":-3.7326040855271208,"Sigma":0.14175831902414335,"Taucorr":-0.06755552570492135},"EnergyVariance":{"Mean":4.665067110630715,"Sigma":2.724927748028224,"Taucorr":-0.022894057706812854},"Iteration":95},
{"Acceptance":[0.08904761904761904],"Energy":{"Mean":-3.723707151781246,"Sigma":0.1655706705683623,"Taucorr":1.0228640290051245},"EnergyVariance":{"Mean":2.456200990541159,"Sigma":1.0014359893189677,"Taucorr":1.0828264192848893},"Iteration":96},
{"Acceptance":[0.04428571428571428],"Energy":{"Mean":-3.7641166070215024,"Sigma":0.1288388179637418,"Taucorr":0.9833729929541464},"EnergyVariance":{"Mean":1.4936727533631282,"Sigma":0.9045832023761349,"Taucorr":0.7276228624494143},"Iteration":97},
{"Acceptance":[0.06619047619047619],"Energy":{"Mean":-3.7263902988818463,"Sigma":0.12636731005179638,"Taucorr":0.4707638221553002},"EnergyVariance":{"Mean":2.134681043625121,"Sigma":0.9229514127642037,"Taucorr":0.1240169402677952},"Iteration":98},
{"Acceptance":[0.06761904761904762],"Energy":{"Mean":-3.9336891468003765,"Sigma":0.0578217268661133,"Taucorr":0.14020046434143263},"EnergyVariance":{"Mean":0.7173837139339442,"Sigma":0.24649514633577643,"Taucorr":0.1483429354430087},"Iteration":99} 
]}
{"input": {"L": 6, "J": 1, "machine": {"type": "FFNN", "model": ["tanh", 4, 4]}, "sampler": {"type": "MetropolisHop", "d_max": 5}, "optimizer": {"type": "AdaMax", "alpha": 0.001, "beta1": 0.9, "beta2": 0.999, "epscut": 1e-07}, "VMC": {"n_samples": 200, "discarded_samples": 100, "discarded_samples_on_init": 0, "target": "energy", "method": "Gd", "diag_shift": 0.01, "use_iterative": false, "use_cholesky": false}, "n_iter": 100}}
duration: -0.5808992385864258