{"Output": [
{"Acceptance":[0.9261904761904762],"Energy":{"Mean":5.464985811571993,"Sigma":0.13894012149510812,"Taucorr":0.0036899743979135202},"EnergyVariance":{"Mean":3.754971341932884,"Sigma":0.27884661932514093,"Taucorr":-0.2241237115968357},"Iteration":0},
{"Acceptance":[0.8861904761904762],"Energy":{"Mean":5.029639413048797,"Sigma":0.11899465495984252,"Taucorr":0.014902897784683455},"EnergyVariance":{"Mean":2.8796686114078893,"Sigma":0.25956074238990723,"Taucorr":-0.022213986855507073},"Iteration":1},
{"Acceptance":[0.8133333333333334],"Energy":{"Mean":5.114315240127336,"Sigma":0.17161780174679758,"Taucorr":0.18278622519328835},"EnergyVariance":{"Mean":4.516700851891498,"Sigma":0.3844384336764823,"Taucorr":-0.02256904501134399},"Iteration":2},
{"Acceptance":[0.7719047619047619],"Energy":{"Mean":4.62881174998199,"Sigma":0.13375042196447187,"Taucorr":-0.0007958043174733365},"EnergyVariance":{"Mean":3.8877498699900555,"Sigma":0.37995063337179663,"Taucorr":0.11023083784746113},"Iteration":3},
{"Acceptance":[0.7447619047619047],"Energy":{"Mean":4.63687931174997,"Sigma":0.1174940760306619,"Taucorr":-0.15366457603313416},"EnergyVariance":{"Mean":4.488949205449587,"Sigma":0.3736286951833979,"Taucorr":0.01766080461159214},"Iteration":4},
{"Acceptance":[0.6938095238095238],"Energy":{"Mean":4.222476325137501,"Sigma":0.13135590154272436,"Taucorr":-0.08293292351071935},"EnergyVariance":{"Mean":5.040630444772116,"Sigma":0.3377323751194913,"Taucorr":-0.032757445957346754},"Iteration":5},
{"Acceptance":[0.6704761904761904],"Energy":{"Mean":4.03060541065397,"Sigma":0.19027055104833657,"Taucorr":0.4160496687056753},"EnergyVariance":{"Mean":5.087766201814161,"Sigma":0.37918008935985387,"Taucorr":0.05463294558469556},"Iteration":6},
{"Acceptance":[0.6261904761904762],"Energy":{"Mean":3.4117820077989753,"Sigma":0.18669971355509118,"Taucorr":0.3879998089055491},"EnergyVariance":{"Mean":4.793659128694176,"Sigma":0.4052576327706247,"Taucorr":0.20563279117367406},"Iteration":7},
{"Acceptance":[0.5976190476190476],"Energy":{"Mean":3.3752826229695927,"Sigma":0.13097710726849265,"Taucorr":-0.11136304149826509},"EnergyVariance":{"Mean":6.013245019611353,"Sigma":0.4915500982756839,"Taucorr":0.008221604480356803},"Iteration":8},
{"Acceptance":[0.5247619047619048],"Energy":{"Mean":2.9023020924038474,"Sigma":0.18874018847370005,"Taucorr":0.2556227198719452},"EnergyVariance":{"Mean":6.052923395361033,"Sigma":0.5238421099090864,"Taucorr":0.14407911862064038},"Iteration":9},
{"Acceptance":[0.5166666666666667],"Energy":{"Mean":3.0960419731212063,"Sigma":0.18790285393626663,"Taucorr":0.26254771255916176},"EnergyVariance":{"Mean":6.587836434516463,"Sigma":0.5522888881742402,"Taucorr":0.013686605177324007},"Iteration":10},
{"Acceptance":[0.430952380952381],"Energy":{"Mean":2.4345419346609356,"Sigma":0.2520828063988918,"Taucorr":0.7898487630600133},"EnergyVariance":{"Mean":7.5420654976391655,"Sigma":0.5764009989070796,"Taucorr":0.01639222549992958},"Iteration":11},
{"Acceptance":[0.4471428571428571],"Energy":{"Mean":2.3202516401681246,"Sigma":0.22838648212094032,"Taucorr":0.44129753228096735},"EnergyVariance":{"Mean":8.176033682973454,"Sigma":0.7056013441051696,"Taucorr":0.007731683847061355},"Iteration":12},
{"Acceptance":[0.4085714285714286],"Energy":{"Mean":1.983559998018688,"Sigma":0.17822244963732073,"Taucorr":0.15795792212897175},"EnergyVariance":{"Mean":8.06498958222435,"Sigma":0.5450654695717454,"Taucorr":-0.130901424261459},"Iteration":13},
{"Acceptance":[0.4033333333333333],"Energy":{"Mean":1.6725741990304164,"Sigma":0.21726810047298503,"Taucorr":0.49071447005308155},"EnergyVariance":{"Mean":8.115575914225879,"Sigma":1.0906877150722785,"Taucorr":0.39361529819334695},"Iteration":14},
{"Acceptance":[0.3442857142857143],"Energy":{"Mean":1.0750483553293813,"Sigma":0.16415309308633858,"Taucorr":0.18372169917009373},"EnergyVariance":{"Mean":6.5358791705677355,"Sigma":0.7479088197085264,"Taucorr":0.06469034813927654},"Iteration":15},
{"Acceptance":[0.34714285714285714],"Energy":{"Mean":0.9961641791005157,"Sigma":0.18170034731994186,"Taucorr":0.4782871809150916},"EnergyVariance":{"Mean":6.894719077085434,"Sigma":0.8128186047715003,"Taucorr":0.3007309233178811},"Iteration":16},
{"Acceptance":[0.3028571428571429],"Energy":{"Mean":0.45073526030806216,"Sigma":0.192842367788764,"Taucorr":0.5327268464087807},"EnergyVariance":{"Mean":6.367193425430968,"Sigma":1.2280138379318288,"Taucorr":0.6558558543873338},"Iteration":17},
{"Acceptance":[0.29333333333333333],"Energy":{"Mean":0.8717431781100994,"Sigma":0.21462948324372808,"Taucorr":0.41549504089036815},"EnergyVariance":{"Mean":9.825216214309076,"Sigma":1.547734060304568,"Taucorr":0.5016722468672632},"Iteration":18},
{"Acceptance":[0.2638095238095238],"Energy":{"Mean":0.17532254450046408,"Sigma":0.1836404578224096,"Taucorr":0.6112882801162971},"EnergyVariance":{"Mean":6.270677956811501,"Sigma":1.1865223386739285,"Taucorr":0.2509018592706066},"Iteration":19},
{"Acceptance":[0.27285714285714285],"Energy":{"Mean":0.12444011716281082,"Sigma":0.1539315146118353,"Taucorr":0.20965858902740264},"EnergyVariance":{"Mean":8.112069682273377,"Sigma":1.1449786965604969,"Taucorr":0.18492521132929418},"Iteration":20},
{"Acceptance":[0.25],"Energy":{"Mean":-0.4582714498714524,"Sigma":0.18604639844072962,"Taucorr":0.7771614539466616},"EnergyVariance":{"Mean":6.123839659256512,"Sigma":1.5666251303340504,"Taucorr":0.7977240363988249},"Iteration":21},
{"Acceptance":[0.24523809523809523],"Energy":{"Mean":-0.17775147852835343,"Sigma":0.21265517549885962,"Taucorr":0.6053159222997462},"EnergyVariance":{"Mean":7.474838260636442,"Sigma":1.0583321831899222,"Taucorr":-0.0390820441561156},"Iteration":22},
{"Acceptance":[0.21428571428571427],"Energy":{"Mean":-0.7738911113114991,"Sigma":0.17470884502595416,"Taucorr":0.38721268317617275},"EnergyVariance":{"Mean":7.398210702728698,"Sigma":1.648928007101273,"Taucorr":0.4349350322570581},"Iteration":23},
{"Acceptance":[0.22428571428571428],"Energy":{"Mean":-0.6030997992181167,"Sigma":0.17055057277995092,"Taucorr":0.4510106628597641},"EnergyVariance":{"Mean":8.909800606442387,"Sigma":2.5675432315744278,"Taucorr":0.9620383708296485},"Iteration":24},
{"Acceptance":[0.20333333333333334],"Energy":{"Mean":-0.9161466163200933,"Sigma":0.15449233854611744,"Taucorr":0.6167930891488933},"EnergyVariance":{"Mean":4.018529756002675,"Sigma":0.9465101032390547,"Taucorr":0.339228179318245},"Iteration":25},
{"Acceptance":[0.20047619047619047],"Energy":{"Mean":-1.111363498904224,"Sigma":0.15325075343183728,"Taucorr":0.2818179759980278},"EnergyVariance":{"Mean":9.280021433861751,"Sigma":1.622325238676882,"Taucorr":0.1100818107381758},"Iteration":26},
{"Acceptance":[0.17904761904761904],"Energy":{"Mean":-1.1763362394936785,"Sigma":0.19334075558605646,"Taucorr":0.7146463755770365},"EnergyVariance":{"Mean":8.390311642396224,"Sigma":1.816331843821202,"Taucorr":0.2828503428002759},"Iteration":27},
{"Acceptance":[0.16857142857142857],"Energy":{"Mean":-1.3415096434867995,"Sigma":0.16642564099454107,"Taucorr":0.1626979493005677},"EnergyVariance":{"Mean":7.6540313477579005,"Sigma":1.9751749397372778,"Taucorr":0.3801523171087462},"Iteration":28},
{"Acceptance":[0.1761904761904762],"Energy":{"Mean":-1.3074134565587554,"Sigma":0.2558855176697058,"Taucorr":0.83825819921229},"EnergyVariance":{"Mean":9.215326043951272,"Sigma":3.0747821137857287,"Taucorr":1.1022701211985195},"Iteration":29},
{"Acceptance":[0.1961904761904762],"Energy":{"Mean":-1.399036552919557,"Sigma":0.21910749492444373,"Taucorr":0.5539940459922852},"EnergyVariance":{"Mean":9.77843404661297,"Sigma":2.223778408739719,"Taucorr":0.13343867829444134},"Iteration":30},
{"Acceptance":[0.14333333333333334],"Energy":{"Mean":-1.5902608022222449,"Sigma":0.1296827200372739,"Taucorr":0.7684532458545541},"EnergyVariance":{"Mean":2.963309268665299,"Sigma":0.6553985668925291,"Taucorr":0.31231630881907857},"Iteration":31},
{"Acceptance":[0.18619047619047618],"Energy":{"Mean":-1.8960312498954515,"Sigma":0.17224867551475948,"Taucorr":0.20022166037805667},"EnergyVariance":{"Mean":7.410285308637783,"Sigma":1.3606299451589434,"Taucorr":0.09522985704540954},"Iteration":32},
{"Acceptance":[0.16142857142857142],"Energy":{"Mean":-1.7904205926346197,"Sigma":0.15548193843088845,"Taucorr":0.5939139378525351},"EnergyVariance":{"Mean":4.350861258968386,"Sigma":1.3717788189756577,"Taucorr":0.252896777154224},"Iteration":33},
{"Acceptance":[0.1538095238095238],"Energy":{"Mean":-1.966297040207365,"Sigma":0.12222776062773671,"Taucorr":0.41933543818690655},"EnergyVariance":{"Mean":4.185522987349523,"Sigma":1.6534127127043003,"Taucorr":0.6811690548636082},"Iteration":34},
{"Acceptance":[0.16666666666666666],"Energy":{"Mean":-1.7574616880426344,"Sigma":0.19720067778702507,"Taucorr":0.35301262201588424},"EnergyVariance":{"Mean":8.326782814097518,"Sigma":2.5814560255702994,"Taucorr":0.28282979953156784},"Iteration":35},
{"Acceptance":[0.19],"Energy":{"Mean":-2.1927334031060504,"Sigma":0.14054157650136756,"Taucorr":0.14911710749204743},"EnergyVariance":{"Mean":6.1182516778223945,"Sigma":1.918801601185193,"Taucorr":0.2581293307487379},"Iteration":36},
{"Acceptance":[0.16523809523809524],"Energy":{"Mean":-2.1120625394045947,"Sigma":0.0972379383545457,"Taucorr":-0.026467571912113297},"EnergyVariance":{"Mean":4.5388924405021935,"Sigma":1.1012844731139113,"Taucorr":0.20739828032564434},"Iteration":37},
{"Acceptance":[0.14333333333333334],"Energy":{"Mean":-2.097724170419095,"Sigma":0.08125908060100916,"Taucorr":-0.1116752608775965},"EnergyVariance":{"Mean":2.378540077392126,"Sigma":0.7363259787893017,"Taucorr":0.5386271649314378},"Iteration":38},
{"Acceptance":[0.15095238095238095],"Energy":{"Mean":-2.312252024566257,"Sigma":0.12960283907850223,"Taucorr":0.19982007938991542},"EnergyVariance":{"Mean":4.266150855086338,"Sigma":1.2350810433792874,"Taucorr":0.15682389659500307},"Iteration":39},
{"Acceptance":[0.16238095238095238],"Energy":{"Mean":-2.179556788318954,"Sigma":0.27753215718622515,"Taucorr":0.6551246417186483},"EnergyVariance":{"Mean":10.340071269156788,"Sigma":3.2464825224621587,"Taucorr":0.17466581512986712},"Iteration":40},
{"Acceptance":[0.15476190476190477],"Energy":{"Mean":-2.364338357515294,"Sigma":0.14070681534619262,"Taucorr":0.2710035444551584},"EnergyVariance":{"Mean":3.8753879635710726,"Sigma":1.2563789982766997,"Taucorr":0.3803958537892863},"Iteration":41},
{"Acceptance":[0.14476190476190476],"Energy":{"Mean":-2.641431979327142,"Sigma":0.11073334735462309,"Taucorr":-0.03398006520412927},"EnergyVariance":{"Mean":4.9851353711552315,"Sigma":1.5116642292081302,"Taucorr":0.09111877238683685},"Iteration":42},
{"Acceptance":[0.14714285714285713],"Energy":{"Mean":-2.325870041052708,"Sigma":0.1586814360060304,"Taucorr":0.6559796875038912},"EnergyVariance":{"Mean":3.734675323900979,"Sigma":1.9772107383034945,"Taucorr":0.48880518714875},"Iteration":43},
{"Acceptance":[0.15333333333333332],"Energy":{"Mean":-2.571452581151995,"Sigma":0.13728669585913375,"Taucorr":0.42914087912668764},"EnergyVariance":{"Mean":2.6744852822597025,"Sigma":0.4963952112859566,"Taucorr":-0.014205272678675662},"Iteration":44},
{"Acceptance":[0.16333333333333333],"Energy":{"Mean":-2.7107385302111378,"Sigma":0.1533097697525659,"Taucorr":-0.02686516347639739},"EnergyVariance":{"Mean":7.457554856589999,"Sigma":2.507385353153049,"Taucorr":0.1898419298141628},"Iteration":45},
{"Acceptance":[0.17095238095238094],"Energy":{"Mean":-2.4493901684621426,"Sigma":0.14729847524839243,"Taucorr":-0.08534648946020806},"EnergyVariance":{"Mean":9.477495693561188,"Sigma":2.6746211764219403,"Taucorr":0.04857799290748466},"Iteration":46},
{"Acceptance":[0.14952380952380953],"Energy":{"Mean":-2.588213677533005,"Sigma":0.17453588939217962,"Taucorr":0.335124010127564},"EnergyVariance":{"Mean":5.7587869912517915,"Sigma":3.079475558782877,"Taucorr":0.5950671909433463},"Iteration":47},
{"Acceptance":[0.16523809523809524],"Energy":{"Mean":-2.8118651577737244,"Sigma":0.04025356243632824,"Taucorr":-0.41412583479564863},"EnergyVariance":{"Mean":2.1948040196602854,"Sigma":0.7846944921756396,"Taucorr":0.8230116069783737},"Iteration":48},
{"Acceptance":[0.18],"Energy":{"Mean":-2.911411878254616,"Sigma":0.16543596421168455,"Taucorr":0.32829685475352655},"EnergyVariance":{"Mean":4.624760372997368,"Sigma":1.778085417545599,"Taucorr":0.07075764950496477},"Iteration":49},
{"Acceptance":[0.16523809523809524],"Energy":{"Mean":-2.82053780638298,"Sigma":0.11174210879679242,"Taucorr":0.07378619400435882},"EnergyVariance":{"Mean":2.267567874293152,"Sigma":0.5881162729751278,"Taucorr":0.6568458341167787},"Iteration":50},
{"Acceptance":[0.1761904761904762],"Energy":{"Mean":-2.7933940955028835,"Sigma":0.17826417455538654,"Taucorr":0.47985308219733436},"EnergyVariance":{"Mean":3.4956603091819627,"Sigma":1.0144576374381207,"Taucorr":0.07941997002813672},"Iteration":51},
{"Acceptance":[0.1742857142857143],"Energy":{"Mean":-2.960493201404971,"Sigma":0.2506623882207278,"Taucorr":0.7902379326905153},"EnergyVariance":{"Mean":5.8385646501543595,"Sigma":2.5076380040113837,"Taucorr":0.6998799848945574},"Iteration":52},
{"Acceptance":[0.1738095238095238],"Energy":{"Mean":-2.8522306414215555,"Sigma":0.12315843176590813,"Taucorr":-0.027176855930434785},"EnergyVariance":{"Mean":5.18996202956204,"Sigma":2.774087369897509,"Taucorr":0.2535811596196691},"Iteration":53},
{"Acceptance":[0.19],"Energy":{"Mean":-2.7876455277803425,"Sigma":0.13559216514073538,"Taucorr":0.18345392416466744},"EnergyVariance":{"Mean":7.184475526673027,"Sigma":3.169056548706541,"Taucorr":0.2975008727172639},"Iteration":54},
{"Acceptance":[0.19666666666666666],"Energy":{"Mean":-3.0700986845892877,"Sigma":0.15961852237081653,"Taucorr":0.3372068504021015},"EnergyVariance":{"Mean":4.670866173686704,"Sigma":1.8431512807275083,"Taucorr":0.04262001075947086},"Iteration":55},
{"Acceptance":[0.21],"Energy":{"Mean":-3.0163633284743403,"Sigma":0.11579921963963007,"Taucorr":-0.16761354436790776},"EnergyVariance":{"Mean":6.021150565962561,"Sigma":2.150582174531408,"Taucorr":-0.012269352645143283},"Iteration":56},
{"Acceptance":[0.19285714285714287],"Energy":{"Mean":-2.870210768692432,"Sigma":0.15313342805912886,"Taucorr":0.1498553335955809},"EnergyVariance":{"Mean":6.147686158968676,"Sigma":2.1753872400180043,"Taucorr":0.037071607796789086},"Iteration":57},
{"Acceptance":[0.19380952380952382],"Energy":{"Mean":-2.882792951146049,"Sigma":0.0955691574144752,"Taucorr":-0.27581056651674307},"EnergyVariance":{"Mean":7.58610202866973,"Sigma":2.7950896806451477,"Taucorr":-0.005724618782356028},"Iteration":58},
{"Acceptance":[0.16428571428571428],"Energy":{"Mean":-2.835959237837498,"Sigma":0.08377105020525491,"Taucorr":0.029911689383151918},"EnergyVariance":{"Mean":3.451534769696041,"Sigma":2.0422573368185777,"Taucorr":-0.010860006223694929},"Iteration":59},
{"Acceptance":[0.19238095238095237],"Energy":{"Mean":-2.9228507548881595,"Sigma":0.11548229581441947,"Taucorr":-0.048653964844089403},"EnergyVariance":{"Mean":6.548799351588997,"Sigma":3.595602690649649,"Taucorr":0.5003144931766357},"Iteration":60},
{"Acceptance":[0.1961904761904762],"Energy":{"Mean":-2.7693291642857245,"Sigma":0.1409233441942483,"Taucorr":0.2636589780868088},"EnergyVariance":{"Mean":2.780125460729438,"Sigma":0.4270876087239189,"Taucorr":0.046783032879215924},"Iteration":61},
{"Acceptance":[0.19380952380952382],"Energy":{"Mean":-3.323161599105116,"Sigma":0.20898016309002235,"Taucorr":0.19902953096553566},"EnergyVariance":{"Mean":10.257645082738046,"Sigma":3.315237292196844,"Taucorr":0.10633836644544215},"Iteration":62},
{"Acceptance":[0.19],"Energy":{"Mean":-2.915642669787887,"Sigma":0.15048974999462902,"Taucorr":0.2084855422975047},"EnergyVariance":{"Mean":3.4804493723278562,"Sigma":1.0104638794662717,"Taucorr":0.24762262932275747},"Iteration":63},
{"Acceptance":[0.18047619047619048],"Energy":{"Mean":-2.860630498937524,"Sigma":0.1159752659628859,"Taucorr":0.29572219218220286},"EnergyVariance":{"Mean":1.7799422549730468,"Sigma":0.4205578915372031,"Taucorr":0.42516290494514986},"Iteration":64},
{"Acceptance":[0.19714285714285715],"Energy":{"Mean":-2.9917398091477914,"Sigma":0.21968238552179503,"Taucorr":0.5773316266697628},"EnergyVariance":{"Mean":4.701587655630754,"Sigma":1.479650503695915,"Taucorr":0.7369461043946073},"Iteration":65},
{"Acceptance":[0.18476190476190477],"Energy":{"Mean":-3.100329927012276,"Sigma":0.1669764185021454,"Taucorr":0.13080851596430565},"EnergyVariance":{"Mean":6.5163558604422755,"Sigma":2.4928516895874893,"Taucorr":0.1377215217348795},"Iteration":66},
{"Acceptance":[0.19142857142857142],"Energy":{"Mean":-3.1775424202605755,"Sigma":0.11896071371609093,"Taucorr":-0.08855776663345821},"EnergyVariance":{"Mean":3.5331777055768545,"Sigma":0.8628805361737807,"Taucorr":0.0818698518990959},"Iteration":67},
{"Acceptance":[0.1823809523809524],"Energy":{"Mean":-2.928698250411057,"Sigma":0.12328828331690701,"Taucorr":0.05528299443508289},"EnergyVariance":{"Mean":5.142219880430573,"Sigma":3.324971247432521,"Taucorr":0.005725406108531117},"Iteration":68},
{"Acceptance":[0.2042857142857143],"Energy":{"Mean":-2.9859636031929986,"Sigma":0.1757922668620219,"Taucorr":0.1071397004435991},"EnergyVariance":{"Mean":8.936397220636572,"Sigma":4.531128136528884,"Taucorr":0.471152570304179},"Iteration":69},
{"Acceptance":[0.1880952380952381],"Energy":{"Mean":-3.0975784474144152,"Sigma":0.14011199442398722,"Taucorr":0.20059171100896456},"EnergyVariance":{"Mean":2.7765216492131777,"Sigma":0.8893352002497965,"Taucorr":0.06911846204721084},"Iteration":70},
{"Acceptance":[0.19285714285714287],"Energy":{"Mean":-3.180191315488724,"Sigma":0.12590705664840984,"Taucorr":0.039255106023958986},"EnergyVariance":{"Mean":3.230080959523936,"Sigma":1.0153090539063483,"Taucorr":0.09283091875639748},"Iteration":71},
{"Acceptance":[0.19857142857142857],"Energy":{"Mean":-2.957004596904984,"Sigma":0.18556971339506972,"Taucorr":0.12765608460494338},"EnergyVariance":{"Mean":5.80542383063855,"Sigma":1.0760670861444703,"Taucorr":-0.00836370034794004},"Iteration":72},
{"Acceptance":[0.20761904761904762],"Energy":{"Mean":-2.960773208539292,"Sigma":0.12639567453262185,"Taucorr":-0.12588350446241797},"EnergyVariance":{"Mean":4.414522897614847,"Sigma":1.2914089225270768,"Taucorr":0.13849002479529382},"Iteration":73},
{"Acceptance":[0.2019047619047619],"Energy":{"Mean":-3.071983772716115,"Sigma":0.07742019772038676,"Taucorr":-0.1751561559210979},"EnergyVariance":{"Mean":2.118519599895013,"Sigma":0.482569294404637,"Taucorr":0.32745276163534054},"Iteration":74},
{"Acceptance":[0.18476190476190477],"Energy":{"Mean":-3.521128989326068,"Sigma":0.19017375444364473,"Taucorr":0.02726297949885459},"EnergyVariance":{"Mean":7.661801064144617,"Sigma":2.776998081304532,"Taucorr":-0.012328157302406828},"Iteration":75},
{"Acceptance":[0.20095238095238097],"Energy":{"Mean":-3.341240099156774,"Sigma":0.18306788532985332,"Taucorr":0.09473044040499934},"EnergyVariance":{"Mean":6.298499337070172,"Sigma":2.8886818419395968,"Taucorr":-0.0025906244636804687},"Iteration":76},
{"Acceptance":[0.20142857142857143],"Energy":{"Mean":-3.193310979618354,"Sigma":0.12725647725406605,"Taucorr":0.20255994707400782},"EnergyVariance":{"Mean":2.3431975987235374,"Sigma":0.8535990524018836,"Taucorr":0.5268800777273515},"Iteration":77},
{"Acceptance":[0.19952380952380952],"Energy":{"Mean":-3.127789245203463,"Sigma":0.13393659479436365,"Taucorr":-0.009700570724610336},"EnergyVariance":{"Mean":3.8269412005118153,"Sigma":0.8516390106503454,"Taucorr":0.2676413822246301},"Iteration":78},
{"Acceptance":[0.19380952380952382],"Energy":{"Mean":-3.1849479021515252,"Sigma":0.24339435825658842,"Taucorr":0.6235187905040525},"EnergyVariance":{"Mean":5.312907451241766,"Sigma":1.568592585451867,"Taucorr":0.3420885959825609},"Iteration":79},
{"Acceptance":[0.20333333333333334],"Energy":{"Mean":-3.044792947697444,"Sigma":0.10344908421811931,"Taucorr":-0.08287169488310703},"EnergyVariance":{"Mean":2.6954661535700923,"Sigma":0.6426118656961958,"Taucorr":0.16320091431033745},"Iteration":80},
{"Acceptance":[0.2038095238095238],"Energy":{"Mean":-3.5952418333050984,"Sigma":0.2944899906986149,"Taucorr":0.4816002756472175},"EnergyVariance":{"Mean":14.878338548080537,"Sigma":7.160218394002854,"Taucorr":0.6527784318064673},"Iteration":81},
{"Acceptance":[0.19142857142857142],"Energy":{"Mean":-3.197960453275046,"Sigma":0.14547832324322177,"Taucorr":0.050889239770608996},"EnergyVariance":{"Mean":3.969619023019857,"Sigma":1.273265561719238,"Taucorr":0.4197184196221202},"Iteration":82},
{"Acceptance":[0.20476190476190476],"Energy":{"Mean":-3.1825225145349743,"Sigma":0.18903583781952046,"Taucorr":0.4815499404845289},"EnergyVariance":{"Mean":3.6915876389782896,"Sigma":1.1579534768606914,"Taucorr":0.6000115954950884},"Iteration":83},
{"Acceptance":[0.20142857142857143],"Energy":{"Mean":-3.3601281973463033,"Sigma":0.16923120654374268,"Taucorr":0.028077759974812877},"EnergyVariance":{"Mean":6.945396356340567,"Sigma":2.7263058123342714,"Taucorr":-0.003543124751787363},"Iteration":84},
{"Acceptance":[0.1961904761904762],"Energy":{"Mean":-3.302299762337891,"Sigma":0.1680607402652019,"Taucorr":0.10203645580474685},"EnergyVariance":{"Mean":6.371296090949436,"Sigma":2.4670163148852264,"Taucorr":0.11294386198266926},"Iteration":85},
{"Acceptance":[0.21095238095238095],"Energy":{"Mean":-3.340895137394335,"Sigma":0.21619128979346477,"Taucorr":0.21744141040013842},"EnergyVariance":{"Mean":8.117489224223394,"Sigma":3.3555447966915284,"Taucorr":-0.0008015826316918884},"Iteration":86},
{"Acceptance":[0.19952380952380952],"Energy":{"Mean":-3.5832575660200665,"Sigma":0.21465410216403444,"Taucorr":0.38496923188605403},"EnergyVariance":{"Mean":5.298733937523456,"Sigma":1.226995910298549,"Taucorr":0.3715007090646478},"Iteration":87},
{"Acceptance":[0.23],"Energy":{"Mean":-3.575642684169619,"Sigma":0.14367267603799166,"Taucorr":-0.056733076070720145},"EnergyVariance":{"Mean":4.945634576666499,"Sigma":1.5479753693734297,"Taucorr":0.10670918610198721},"Iteration":88},
{"Acceptance":[0.2119047619047619],"Energy":{"Mean":-3.3791509965254773,"Sigma":0.120204314607428,"Taucorr":-0.0012417487678829109},"EnergyVariance":{"Mean":5.166689804354923,"Sigma":2.780845269896055,"Taucorr":-0.01479972040360239},"Iteration":89},
{"Acceptance":[0.2195238095238095],"Energy":{"Mean":-3.462861497670465,"Sigma":0.1329290925370578,"Taucorr":-0.14442007068563073},"EnergyVariance":{"Mean":5.751610560244478,"Sigma":2.7600350860460487,"Taucorr":0.045592143973299915},"Iteration":90},
{"Acceptance":[0.24095238095238095],"Energy":{"Mean":-3.493389967180406,"Sigma":0.20316671782561366,"Taucorr":0.16300106794922486},"EnergyVariance":{"Mean":6.460269451305617,"Sigma":1.5887760605072787,"Taucorr":0.03188175776401836},"Iteration":91},
{"Acceptance":[0.23333333333333334],"Energy":{"Mean":-3.4804717487252304,"Sigma":0.197700290197731,"Taucorr":0.08105965103456059},"EnergyVariance":{"Mean":7.209553126478842,"Sigma":4.470728336035071,"Taucorr":0.013765103640056453},"Iteration":92},
{"Acceptance":[0.22095238095238096],"Energy":{"Mean":-3.339996772019016,"Sigma":0.2055866789018397,"Taucorr":0.43269354330880705},"EnergyVariance":{"Mean":6.03297971292689,"Sigma":2.108709959027036,"Taucorr":0.03129886589501418},"Iteration":93},
{"Acceptance":[0.23809523809523808],"Energy":{"Mean":-3.6342358257028895,"Sigma":0.16779741744314502,"Taucorr":0.057520426278663495},"EnergyVariance":{"Mean":5.204394425409945,"Sigma":1.1108412515515025,"Taucorr":0.3527224864527655},"Iteration":94},
{"Acceptance":[0.2319047619047619],"Energy":{"Mean":-3.878587521170714,"Sigma":0.25597460064231303,"Taucorr":0.3388266023180736},"EnergyVariance":{"Mean":13.637791561266512,"Sigma":6.110077770538424,"Taucorr":0.4030467825980639},"Iteration":95},
{"Acceptance":[0.24619047619047618],"Energy":{"Mean":-3.881477903481357,"Sigma":0.18319477757846175,"Taucorr":0.16877994853650125},"EnergyVariance":{"Mean":5.1175009996805665,"Sigma":0.9787822092788145,"Taucorr":0.4218602660449161},"Iteration":96},
{"Acceptance":[0.26142857142857145],"Energy":{"Mean":-3.559236946527489,"Sigma":0.18939957605764204,"Taucorr":0.06888997914679129},"EnergyVariance":{"Mean":7.086698023460802,"Sigma":2.999233278318992,"Taucorr":0.0907646588443698},"Iteration":97},
{"Acceptance":[0.24142857142857144],"Energy":{"Mean":-3.3216207128207635,"Sigma":0.16070223402211029,"Taucorr":0.1453975496654034},"EnergyVariance":{"Mean":4.219756139527264,"Sigma":0.7341380218981168,"Taucorr":0.1590986902358783},"Iteration":98},
{"Acceptance":[0.2561904761904762],"Energy":{"Mean":-3.6073392295367754,"Sigma":0.12654192813509413,"Taucorr":-0.08176655669233823},"EnergyVariance":{"Mean":3.947013260174381,"Sigma":0.7768707108330793,"Taucorr":0.18088714680529794},"Iteration":99} 
]}
{"input": {"L": 6, "J": 1, "machine": {"type": "FFNN", "model": ["tanh", 25, 3]}, "sampler": {"type": "MetropolisHop", "d_max": 5}, "optimizer": {"type": "AdaMax", "alpha": 0.001, "beta1": 0.9, "beta2": 0.999, "epscut": 1e-07}, "VMC": {"n_samples": 200, "discarded_samples": 100, "discarded_samples_on_init": 0, "target": "energy", "method": "Gd", "diag_shift": 0.01, "use_iterative": false, "use_cholesky": false}, "n_iter": 100}}
duration: -2.086042642593384