{"Output": [
{"Acceptance":[0.8809523809523809],"Energy":{"Mean":5.175122994082029,"Sigma":0.11623755942414876,"Taucorr":-0.14587818517235368},"EnergyVariance":{"Mean":3.780652369014885,"Sigma":0.3852300939503583,"Taucorr":-0.050961344153390986},"Iteration":0},
{"Acceptance":[0.7880952380952381],"Energy":{"Mean":4.6431367928941185,"Sigma":0.16313745145082093,"Taucorr":0.1582019533415161},"EnergyVariance":{"Mean":4.248072708486326,"Sigma":0.46812977585419857,"Taucorr":0.11496655470883621},"Iteration":1},
{"Acceptance":[0.7257142857142858],"Energy":{"Mean":4.334393108410799,"Sigma":0.16555289228115663,"Taucorr":0.08124701311466997},"EnergyVariance":{"Mean":5.124254717479581,"Sigma":0.521977139381165,"Taucorr":0.14249717313908183},"Iteration":2},
{"Acceptance":[0.6776190476190476],"Energy":{"Mean":4.225212115686572,"Sigma":0.18490231124283457,"Taucorr":0.142353091207568},"EnergyVariance":{"Mean":5.981563882650537,"Sigma":0.7030379135509354,"Taucorr":0.36828345297342213},"Iteration":3},
{"Acceptance":[0.6019047619047619],"Energy":{"Mean":3.9241617964747704,"Sigma":0.22874678493291442,"Taucorr":0.4155198536879561},"EnergyVariance":{"Mean":6.6276737998458835,"Sigma":0.6285162092997194,"Taucorr":0.07030053354018595},"Iteration":4},
{"Acceptance":[0.5657142857142857],"Energy":{"Mean":3.3325865432471833,"Sigma":0.14618608887557327,"Taucorr":-0.002450844850194478},"EnergyVariance":{"Mean":5.7150185996205405,"Sigma":0.4441126206140916,"Taucorr":0.014849198474857439},"Iteration":5},
{"Acceptance":[0.51],"Energy":{"Mean":2.8694384782725906,"Sigma":0.1696785133252065,"Taucorr":0.1729905910900046},"EnergyVariance":{"Mean":5.959601634360212,"Sigma":0.4775650705539466,"Taucorr":-0.011030684426425574},"Iteration":6},
{"Acceptance":[0.47],"Energy":{"Mean":2.349825592256797,"Sigma":0.2389018956072111,"Taucorr":0.517855268626009},"EnergyVariance":{"Mean":7.356402202455175,"Sigma":0.8365242982694929,"Taucorr":0.3362049334713444},"Iteration":7},
{"Acceptance":[0.4266666666666667],"Energy":{"Mean":2.0049774488634857,"Sigma":0.24699021334191157,"Taucorr":0.5067104829969917},"EnergyVariance":{"Mean":8.475052788521968,"Sigma":0.8282300328773922,"Taucorr":0.16364688923766457},"Iteration":8},
{"Acceptance":[0.37761904761904763],"Energy":{"Mean":1.3012428602583095,"Sigma":0.15029416416225305,"Taucorr":-0.06775341043269523},"EnergyVariance":{"Mean":8.353174055495225,"Sigma":0.8003988050550135,"Taucorr":-0.08846226810718316},"Iteration":9},
{"Acceptance":[0.37714285714285717],"Energy":{"Mean":0.9636895254984088,"Sigma":0.17850885659583698,"Taucorr":0.13994413512211223},"EnergyVariance":{"Mean":8.730242866241658,"Sigma":0.9632770336150628,"Taucorr":0.1480549740887499},"Iteration":10},
{"Acceptance":[0.33],"Energy":{"Mean":0.3912635246447499,"Sigma":0.25425924942085865,"Taucorr":0.6585260025468969},"EnergyVariance":{"Mean":9.036126969345494,"Sigma":1.7874284442083057,"Taucorr":0.6191842218043793},"Iteration":11},
{"Acceptance":[0.32047619047619047],"Energy":{"Mean":0.4833855654769769,"Sigma":0.24597783177430213,"Taucorr":0.5269816048715705},"EnergyVariance":{"Mean":10.72147258067248,"Sigma":1.57514830035054,"Taucorr":0.18961053210897705},"Iteration":12},
{"Acceptance":[0.27380952380952384],"Energy":{"Mean":-0.1768911740794671,"Sigma":0.26499218772698296,"Taucorr":0.6785616920080735},"EnergyVariance":{"Mean":9.306545231397841,"Sigma":1.9843262717729166,"Taucorr":0.5286636469329389},"Iteration":13},
{"Acceptance":[0.26904761904761904],"Energy":{"Mean":-0.20271647938283216,"Sigma":0.2409697876753921,"Taucorr":0.29973334249002825},"EnergyVariance":{"Mean":10.006139463861748,"Sigma":1.5787202269831575,"Taucorr":0.1680953921414956},"Iteration":14},
{"Acceptance":[0.2633333333333333],"Energy":{"Mean":-1.0097742994355725,"Sigma":0.1359070579301003,"Taucorr":0.11983464005849609},"EnergyVariance":{"Mean":6.844802874279734,"Sigma":0.9532791789966838,"Taucorr":0.03704055192459943},"Iteration":15},
{"Acceptance":[0.24476190476190476],"Energy":{"Mean":-1.0575133262328889,"Sigma":0.27178315943007814,"Taucorr":0.5638406844575485},"EnergyVariance":{"Mean":10.834112000476836,"Sigma":2.211571580649832,"Taucorr":0.4083462464505315},"Iteration":16},
{"Acceptance":[0.21],"Energy":{"Mean":-1.5580478924400856,"Sigma":0.2602528646643076,"Taucorr":0.7167209484202501},"EnergyVariance":{"Mean":9.972514831577818,"Sigma":3.1774323137587595,"Taucorr":0.7570033727610657},"Iteration":17},
{"Acceptance":[0.22285714285714286],"Energy":{"Mean":-1.7881986651158615,"Sigma":0.21367166506073837,"Taucorr":0.3054814739848898},"EnergyVariance":{"Mean":9.933391881410857,"Sigma":2.034569777547496,"Taucorr":0.31092269068289236},"Iteration":18},
{"Acceptance":[0.20142857142857143],"Energy":{"Mean":-2.1806637994615063,"Sigma":0.2599730641373432,"Taucorr":0.8683330754779406},"EnergyVariance":{"Mean":9.29677519431246,"Sigma":1.9641144093606253,"Taucorr":0.4318675666958215},"Iteration":19},
{"Acceptance":[0.19095238095238096],"Energy":{"Mean":-2.5454680727944825,"Sigma":0.2052608052376134,"Taucorr":0.31189293232397297},"EnergyVariance":{"Mean":8.823830947050114,"Sigma":1.668990808540761,"Taucorr":0.1640825934584339},"Iteration":20},
{"Acceptance":[0.17476190476190476],"Energy":{"Mean":-3.120388680664542,"Sigma":0.1829403235475986,"Taucorr":0.19835588501497714},"EnergyVariance":{"Mean":8.022698191228807,"Sigma":1.5749893346778574,"Taucorr":0.1030941175102128},"Iteration":21},
{"Acceptance":[0.1838095238095238],"Energy":{"Mean":-2.8552303751674915,"Sigma":0.1947851117208715,"Taucorr":0.33275988176113713},"EnergyVariance":{"Mean":7.394583036745538,"Sigma":1.6340511024653384,"Taucorr":0.28172063055088314},"Iteration":22},
{"Acceptance":[0.18333333333333332],"Energy":{"Mean":-3.2861855611802895,"Sigma":0.22998874479047846,"Taucorr":0.47171441530785463},"EnergyVariance":{"Mean":7.5868012746774545,"Sigma":1.4840147630057805,"Taucorr":0.11286037711523289},"Iteration":23},
{"Acceptance":[0.17095238095238094],"Energy":{"Mean":-3.442807670912228,"Sigma":0.23207900124434136,"Taucorr":0.46688690328854887},"EnergyVariance":{"Mean":8.079043309605208,"Sigma":2.2348941673676506,"Taucorr":0.07918889825378927},"Iteration":24},
{"Acceptance":[0.19],"Energy":{"Mean":-3.722595026756229,"Sigma":0.3510213781945544,"Taucorr":0.701982629009043},"EnergyVariance":{"Mean":13.608072067684752,"Sigma":4.703799105980167,"Taucorr":0.5373382195433483},"Iteration":25},
{"Acceptance":[0.16666666666666666],"Energy":{"Mean":-4.355065026460962,"Sigma":0.22313624061847412,"Taucorr":0.4857299132263133},"EnergyVariance":{"Mean":5.954233609509166,"Sigma":0.5824278720491377,"Taucorr":0.13310117014087197},"Iteration":26},
{"Acceptance":[0.15666666666666668],"Energy":{"Mean":-3.9059912525572043,"Sigma":0.1780104221160397,"Taucorr":0.17294231824545248},"EnergyVariance":{"Mean":5.431595471279841,"Sigma":0.7549275650859725,"Taucorr":0.3903155588126488},"Iteration":27},
{"Acceptance":[0.14904761904761904],"Energy":{"Mean":-4.19568192206223,"Sigma":0.18445186955352127,"Taucorr":0.055871054461966274},"EnergyVariance":{"Mean":7.226588681256076,"Sigma":1.9750007298171146,"Taucorr":0.5211890854825434},"Iteration":28},
{"Acceptance":[0.1676190476190476],"Energy":{"Mean":-3.8013546234623563,"Sigma":0.23058702903023087,"Taucorr":0.4275800153862894},"EnergyVariance":{"Mean":7.36142519817516,"Sigma":1.469396743627171,"Taucorr":0.035253486453455385},"Iteration":29},
{"Acceptance":[0.1742857142857143],"Energy":{"Mean":-4.601576816281345,"Sigma":0.18828821537666524,"Taucorr":0.12518715271229075},"EnergyVariance":{"Mean":7.266844322658997,"Sigma":1.5259533512104175,"Taucorr":-0.01957451492719897},"Iteration":30},
{"Acceptance":[0.15571428571428572],"Energy":{"Mean":-4.153050595118521,"Sigma":0.24187119110834943,"Taucorr":0.7054615371544888},"EnergyVariance":{"Mean":4.788525951645062,"Sigma":0.6096196983235755,"Taucorr":0.48762313495115006},"Iteration":31},
{"Acceptance":[0.16285714285714287],"Energy":{"Mean":-4.563631318282384,"Sigma":0.2823192753127853,"Taucorr":0.678824859140821},"EnergyVariance":{"Mean":6.586837656175327,"Sigma":2.300750475041243,"Taucorr":0.13673636318097204},"Iteration":32},
{"Acceptance":[0.15904761904761905],"Energy":{"Mean":-4.926357638344486,"Sigma":0.2592255498992435,"Taucorr":0.6336765294781772},"EnergyVariance":{"Mean":7.382902646000875,"Sigma":3.280215183067148,"Taucorr":-0.0029781690887356604},"Iteration":33},
{"Acceptance":[0.16714285714285715],"Energy":{"Mean":-4.7431938677480225,"Sigma":0.292287964942806,"Taucorr":0.7130480955278695},"EnergyVariance":{"Mean":8.775721930473928,"Sigma":2.258335837001436,"Taucorr":0.10431816922010761},"Iteration":34},
{"Acceptance":[0.13666666666666666],"Energy":{"Mean":-5.1584185795045485,"Sigma":0.2845229533604675,"Taucorr":0.3925444093254379},"EnergyVariance":{"Mean":8.695600683113431,"Sigma":4.2985176694136475,"Taucorr":0.5502405177534806},"Iteration":35},
{"Acceptance":[0.13095238095238096],"Energy":{"Mean":-5.265379117200393,"Sigma":0.18865134496120187,"Taucorr":0.4634351541776167},"EnergyVariance":{"Mean":3.5532990492903607,"Sigma":0.5883924382263925,"Taucorr":0.264816049380464},"Iteration":36},
{"Acceptance":[0.1261904761904762],"Energy":{"Mean":-5.521924290713602,"Sigma":0.19145096485619872,"Taucorr":-0.0966346111416646},"EnergyVariance":{"Mean":8.729912034571434,"Sigma":4.736569650590802,"Taucorr":0.6373616633129413},"Iteration":37},
{"Acceptance":[0.11],"Energy":{"Mean":-5.435507232362023,"Sigma":0.17683837168204672,"Taucorr":0.37279080427646594},"EnergyVariance":{"Mean":6.049437117039711,"Sigma":3.638851890655323,"Taucorr":0.03895857219155785},"Iteration":38},
{"Acceptance":[0.13523809523809524],"Energy":{"Mean":-5.51590587574517,"Sigma":0.2960439506455738,"Taucorr":0.41612542738609315},"EnergyVariance":{"Mean":13.452212835430569,"Sigma":5.363251889131907,"Taucorr":0.0644764070591336},"Iteration":39},
{"Acceptance":[0.10333333333333333],"Energy":{"Mean":-5.160200325062732,"Sigma":0.17755455189173522,"Taucorr":0.38545455355693437},"EnergyVariance":{"Mean":4.671403139658913,"Sigma":1.5634805599314803,"Taucorr":0.23321689235503273},"Iteration":40},
{"Acceptance":[0.11047619047619048],"Energy":{"Mean":-5.39750562615838,"Sigma":0.19346931355139607,"Taucorr":0.708969194215822},"EnergyVariance":{"Mean":3.011462676740356,"Sigma":0.47022925816364897,"Taucorr":0.31788413874751364},"Iteration":41},
{"Acceptance":[0.12095238095238095],"Energy":{"Mean":-5.472589147130665,"Sigma":0.1831717541405192,"Taucorr":0.4773164885355391},"EnergyVariance":{"Mean":3.3785977665599662,"Sigma":0.60862284745507,"Taucorr":0.526351328012697},"Iteration":42},
{"Acceptance":[0.10809523809523809],"Energy":{"Mean":-5.548912274162274,"Sigma":0.15883088560895642,"Taucorr":0.32694389327564943},"EnergyVariance":{"Mean":4.771080692073954,"Sigma":1.8596102141044728,"Taucorr":0.015380094336141847},"Iteration":43},
{"Acceptance":[0.10095238095238095],"Energy":{"Mean":-5.597893635033293,"Sigma":0.23831944575154648,"Taucorr":0.2884303456213462},"EnergyVariance":{"Mean":7.287894957881292,"Sigma":2.664599484976777,"Taucorr":0.2477749258209072},"Iteration":44},
{"Acceptance":[0.11904761904761904],"Energy":{"Mean":-5.5869413524879805,"Sigma":0.20177963753911832,"Taucorr":0.08121331743681581},"EnergyVariance":{"Mean":7.094372610047119,"Sigma":1.7561576282148257,"Taucorr":-0.011065917716887808},"Iteration":45},
{"Acceptance":[0.0980952380952381],"Energy":{"Mean":-5.721458039181676,"Sigma":0.2791179209506323,"Taucorr":0.5928512776554005},"EnergyVariance":{"Mean":8.620897692871967,"Sigma":3.13997790016589,"Taucorr":0.2401980810743567},"Iteration":46},
{"Acceptance":[0.0980952380952381],"Energy":{"Mean":-5.461196428392359,"Sigma":0.19642571052991778,"Taucorr":0.3499433210561056},"EnergyVariance":{"Mean":10.952559165405603,"Sigma":5.4791026940157055,"Taucorr":-0.012673661065827124},"Iteration":47},
{"Acceptance":[0.10428571428571429],"Energy":{"Mean":-5.4474050924927795,"Sigma":0.17114507155384934,"Taucorr":0.5304484277105552},"EnergyVariance":{"Mean":4.7286883157606345,"Sigma":1.9628644673699958,"Taucorr":-0.0068703982324376245},"Iteration":48},
{"Acceptance":[0.07904761904761905],"Energy":{"Mean":-5.7637606578178495,"Sigma":0.15048259348123996,"Taucorr":0.38888591161399577},"EnergyVariance":{"Mean":2.603777387299161,"Sigma":0.7847882019492087,"Taucorr":0.5213226241317914},"Iteration":49},
{"Acceptance":[0.08857142857142856],"Energy":{"Mean":-5.410339975181672,"Sigma":0.15245569573134876,"Taucorr":0.34172268181569465},"EnergyVariance":{"Mean":2.6926521366420233,"Sigma":0.43642145511441205,"Taucorr":0.3682810849353857},"Iteration":50},
{"Acceptance":[0.10761904761904761],"Energy":{"Mean":-5.113304933556758,"Sigma":0.19447899614053993,"Taucorr":0.6466409940462066},"EnergyVariance":{"Mean":3.2363401339779516,"Sigma":0.562821135126501,"Taucorr":0.053453161100834534},"Iteration":51},
{"Acceptance":[0.07857142857142857],"Energy":{"Mean":-5.85476889291015,"Sigma":0.17117737840575092,"Taucorr":0.4108823999394634},"EnergyVariance":{"Mean":3.4584834022449855,"Sigma":0.8286445862468287,"Taucorr":0.9437232732096434},"Iteration":52},
{"Acceptance":[0.07476190476190477],"Energy":{"Mean":-5.645890960517279,"Sigma":0.16581717630335668,"Taucorr":0.498207760012343},"EnergyVariance":{"Mean":2.7976514142110394,"Sigma":0.5568101175831685,"Taucorr":0.3576784790130837},"Iteration":53},
{"Acceptance":[0.08238095238095237],"Energy":{"Mean":-5.517948399021024,"Sigma":0.3519852548659695,"Taucorr":1.133752479485505},"EnergyVariance":{"Mean":7.863452685714125,"Sigma":3.040785170083685,"Taucorr":0.6859409109621879},"Iteration":54},
{"Acceptance":[0.0761904761904762],"Energy":{"Mean":-5.718579712515669,"Sigma":0.16024541919621746,"Taucorr":0.011175172992150872},"EnergyVariance":{"Mean":10.745752508180772,"Sigma":8.220920200749328,"Taucorr":0.39906181011800135},"Iteration":55},
{"Acceptance":[0.09666666666666666],"Energy":{"Mean":-5.885461570700161,"Sigma":0.30785655074016643,"Taucorr":0.4105066998267797},"EnergyVariance":{"Mean":13.318398224393153,"Sigma":6.710164110024941,"Taucorr":0.6517179981420054},"Iteration":56},
{"Acceptance":[0.06952380952380953],"Energy":{"Mean":-5.975062056864635,"Sigma":0.15372054322008177,"Taucorr":0.1291089328767243},"EnergyVariance":{"Mean":4.191338356135489,"Sigma":1.2012317802163592,"Taucorr":0.3886499743163627},"Iteration":57},
{"Acceptance":[0.0838095238095238],"Energy":{"Mean":-5.708715160506356,"Sigma":0.1746135434777771,"Taucorr":0.12267243415905837},"EnergyVariance":{"Mean":5.104628507006138,"Sigma":1.6444677901454534,"Taucorr":0.6281878291063763},"Iteration":58},
{"Acceptance":[0.06333333333333334],"Energy":{"Mean":-5.850016592980502,"Sigma":0.1187833481083051,"Taucorr":0.22320724788866375},"EnergyVariance":{"Mean":24.758511532417273,"Sigma":23.477570447635784,"Taucorr":0.36456779810290774},"Iteration":59},
{"Acceptance":[0.06619047619047619],"Energy":{"Mean":-5.9032489058588,"Sigma":0.16610263437638412,"Taucorr":0.49405179947677047},"EnergyVariance":{"Mean":2.768893476932344,"Sigma":0.5615993996692006,"Taucorr":0.2722290541668275},"Iteration":60},
{"Acceptance":[0.08285714285714285],"Energy":{"Mean":-5.813705598856883,"Sigma":0.1579108174607446,"Taucorr":-0.15361345164485973},"EnergyVariance":{"Mean":7.1717523824600065,"Sigma":3.107541793138876,"Taucorr":0.09805066222662762},"Iteration":61},
{"Acceptance":[0.055714285714285716],"Energy":{"Mean":-5.737190189335135,"Sigma":0.22439531844051375,"Taucorr":0.5147248936879694},"EnergyVariance":{"Mean":10.462316946581735,"Sigma":3.7986828744884056,"Taucorr":-0.05392476063772361},"Iteration":62},
{"Acceptance":[0.06285714285714286],"Energy":{"Mean":-5.646937829953211,"Sigma":0.15016391508256885,"Taucorr":0.3384087721633845},"EnergyVariance":{"Mean":2.8155328788248086,"Sigma":0.8481740925862155,"Taucorr":0.5301454439862789},"Iteration":63},
{"Acceptance":[0.062380952380952384],"Energy":{"Mean":-5.70102601757096,"Sigma":0.1667310619811866,"Taucorr":0.9481810798133123},"EnergyVariance":{"Mean":4.6187153355439445,"Sigma":2.8063887052532084,"Taucorr":-0.009555523695003787},"Iteration":64},
{"Acceptance":[0.07047619047619047],"Energy":{"Mean":-5.8400207657496175,"Sigma":0.21215978929643697,"Taucorr":0.6092726459217273},"EnergyVariance":{"Mean":4.137236967386059,"Sigma":1.7098285336023622,"Taucorr":0.4596013841842034},"Iteration":65},
{"Acceptance":[0.05],"Energy":{"Mean":-6.103819255231612,"Sigma":0.1395966651694492,"Taucorr":0.07464617657551786},"EnergyVariance":{"Mean":3.4634093312368397,"Sigma":1.3758547361531743,"Taucorr":0.058643944518362634},"Iteration":66},
{"Acceptance":[0.055714285714285716],"Energy":{"Mean":-6.021236651238693,"Sigma":0.20411431795752644,"Taucorr":0.16390923523976053},"EnergyVariance":{"Mean":6.324273213739645,"Sigma":2.786427843382442,"Taucorr":0.6825374733485421},"Iteration":67},
{"Acceptance":[0.06857142857142857],"Energy":{"Mean":-5.535572495540392,"Sigma":0.1797708693691097,"Taucorr":0.4068366491501141},"EnergyVariance":{"Mean":6.489175620961602,"Sigma":3.574648241464583,"Taucorr":0.09524861073293489},"Iteration":68},
{"Acceptance":[0.056666666666666664],"Energy":{"Mean":-5.841311704061776,"Sigma":0.09520943587272794,"Taucorr":-0.08525045938930331},"EnergyVariance":{"Mean":2.175679424291258,"Sigma":0.7560877017211192,"Taucorr":0.5723110233119131},"Iteration":69},
{"Acceptance":[0.051904761904761905],"Energy":{"Mean":-5.898372136757121,"Sigma":0.1407345904179855,"Taucorr":0.09857223690827166},"EnergyVariance":{"Mean":3.243835269221309,"Sigma":1.6534476416634674,"Taucorr":0.2581631628265232},"Iteration":70},
{"Acceptance":[0.07095238095238095],"Energy":{"Mean":-6.179011824987931,"Sigma":0.2401368338462428,"Taucorr":0.24619108625877928},"EnergyVariance":{"Mean":10.80524208200678,"Sigma":4.435756218173015,"Taucorr":0.1923577823613799},"Iteration":71},
{"Acceptance":[0.06190476190476191],"Energy":{"Mean":-6.084457537683321,"Sigma":0.2174171526458807,"Taucorr":1.1492448985017285},"EnergyVariance":{"Mean":2.886941564205133,"Sigma":1.7000515826302205,"Taucorr":2.4538812575564903},"Iteration":72},
{"Acceptance":[0.07238095238095238],"Energy":{"Mean":-5.723617028590517,"Sigma":0.23388011056187463,"Taucorr":0.33783957539747644},"EnergyVariance":{"Mean":6.540392344252921,"Sigma":3.0092539289612406,"Taucorr":0.641113920765888},"Iteration":73},
{"Acceptance":[0.05619047619047619],"Energy":{"Mean":-5.568074247645426,"Sigma":0.1613299815828733,"Taucorr":1.3923459739654689},"EnergyVariance":{"Mean":1.3135276920269747,"Sigma":0.2011544217050026,"Taucorr":0.4429748965165512},"Iteration":74},
{"Acceptance":[0.04523809523809524],"Energy":{"Mean":-5.969068864307582,"Sigma":0.08693335725366481,"Taucorr":-0.04748137206973063},"EnergyVariance":{"Mean":1.7786432879583958,"Sigma":0.7086237457089263,"Taucorr":0.1271568862423592},"Iteration":75},
{"Acceptance":[0.05],"Energy":{"Mean":-5.705265965235141,"Sigma":0.23475990607269012,"Taucorr":0.8959099453467718},"EnergyVariance":{"Mean":7.2855563435921145,"Sigma":4.733894573365899,"Taucorr":0.16679328280577121},"Iteration":76},
{"Acceptance":[0.04619047619047619],"Energy":{"Mean":-6.037479239861904,"Sigma":0.2861092935408526,"Taucorr":0.7533376876122566},"EnergyVariance":{"Mean":6.847392713751407,"Sigma":3.0862937087628155,"Taucorr":0.6759718343763883},"Iteration":77},
{"Acceptance":[0.04285714285714286],"Energy":{"Mean":-5.824989444881297,"Sigma":0.14944865399366894,"Taucorr":0.8504208817176384},"EnergyVariance":{"Mean":1.5798543052820495,"Sigma":0.586151068373486,"Taucorr":0.7946079141515474},"Iteration":78},
{"Acceptance":[0.05714285714285714],"Energy":{"Mean":-5.526979884534079,"Sigma":0.15123404837348098,"Taucorr":1.0874200850733058},"EnergyVariance":{"Mean":1.37606880638575,"Sigma":0.18715653511917296,"Taucorr":0.2299566841590931},"Iteration":79},
{"Acceptance":[0.04904761904761905],"Energy":{"Mean":-5.723534424212219,"Sigma":0.16060871041765706,"Taucorr":0.668202530028269},"EnergyVariance":{"Mean":2.1091809754380626,"Sigma":0.5494463448400995,"Taucorr":0.18254850624161545},"Iteration":80},
{"Acceptance":[0.05476190476190476],"Energy":{"Mean":-5.933234433589799,"Sigma":0.15698369008993404,"Taucorr":0.36716004576204275},"EnergyVariance":{"Mean":2.902303781932658,"Sigma":1.1109303653174447,"Taucorr":0.2397229692536329},"Iteration":81},
{"Acceptance":[0.049523809523809526],"Energy":{"Mean":-6.164923234727024,"Sigma":0.2716494504560988,"Taucorr":0.4442089763183976},"EnergyVariance":{"Mean":8.058138069761654,"Sigma":3.1174606217886174,"Taucorr":0.5296397089892442},"Iteration":82},
{"Acceptance":[0.056666666666666664],"Energy":{"Mean":-6.099915047919007,"Sigma":0.17519434638310652,"Taucorr":-0.174632067497964},"EnergyVariance":{"Mean":9.146758685141265,"Sigma":3.359219441782874,"Taucorr":0.11695524560347126},"Iteration":83},
{"Acceptance":[0.05476190476190476],"Energy":{"Mean":-5.567088633378806,"Sigma":0.2423940828586123,"Taucorr":0.9139141365509735},"EnergyVariance":{"Mean":4.032741847811419,"Sigma":2.430768413150367,"Taucorr":0.5060618300089958},"Iteration":84},
{"Acceptance":[0.06190476190476191],"Energy":{"Mean":-5.8434350199445255,"Sigma":0.1538940488266203,"Taucorr":-0.23476957781967217},"EnergyVariance":{"Mean":8.801448672326362,"Sigma":2.9977528061536214,"Taucorr":0.029075336622499393},"Iteration":85},
{"Acceptance":[0.055714285714285716],"Energy":{"Mean":-5.328401676577761,"Sigma":0.20524497044261103,"Taucorr":0.6262021483496618},"EnergyVariance":{"Mean":3.824445921325915,"Sigma":1.466075966603536,"Taucorr":0.5476565847746484},"Iteration":86},
{"Acceptance":[0.04476190476190476],"Energy":{"Mean":-5.863221845251184,"Sigma":0.15554810591275042,"Taucorr":0.35604375299640756},"EnergyVariance":{"Mean":2.7120318204105547,"Sigma":1.0370184029308427,"Taucorr":0.38461705759699627},"Iteration":87},
{"Acceptance":[0.041428571428571426],"Energy":{"Mean":-5.725068892840057,"Sigma":0.13879743471571407,"Taucorr":1.2230753236137084},"EnergyVariance":{"Mean":1.0681215199421341,"Sigma":0.24695767593938717,"Taucorr":0.9609961251086021},"Iteration":88},
{"Acceptance":[0.04904761904761905],"Energy":{"Mean":-5.672949437829654,"Sigma":0.1299233602689689,"Taucorr":0.26750307578462484},"EnergyVariance":{"Mean":2.111482186014809,"Sigma":0.7172319750380879,"Taucorr":0.01805020474209873},"Iteration":89},
{"Acceptance":[0.054285714285714284],"Energy":{"Mean":-5.9664271041005,"Sigma":0.22443867424912806,"Taucorr":0.4214513071538333},"EnergyVariance":{"Mean":5.250438748620128,"Sigma":1.9496687301407412,"Taucorr":0.9570134345722769},"Iteration":90},
{"Acceptance":[0.0380952380952381],"Energy":{"Mean":-5.663656541459802,"Sigma":0.10570534353766597,"Taucorr":0.15191866565736556},"EnergyVariance":{"Mean":1.6420317927701897,"Sigma":0.5673351765417332,"Taucorr":0.08704891340371201},"Iteration":91},
{"Acceptance":[0.04238095238095238],"Energy":{"Mean":-6.049317639727577,"Sigma":0.19476870647215652,"Taucorr":0.56631869494988},"EnergyVariance":{"Mean":3.4198602607985826,"Sigma":1.6422856664542802,"Taucorr":0.8156956643727162},"Iteration":92},
{"Acceptance":[0.04238095238095238],"Energy":{"Mean":-5.725395523447983,"Sigma":0.12625667156604065,"Taucorr":0.9414888172636695},"EnergyVariance":{"Mean":1.056661801866304,"Sigma":0.19810127224035703,"Taucorr":0.440854717944544},"Iteration":93},
{"Acceptance":[0.055714285714285716],"Energy":{"Mean":-5.810866453556807,"Sigma":0.18099558473057836,"Taucorr":0.033464509167129175},"EnergyVariance":{"Mean":18.417981834953025,"Sigma":10.458703132222468,"Taucorr":0.06260156900536351},"Iteration":94},
{"Acceptance":[0.05095238095238095],"Energy":{"Mean":-5.604071107301367,"Sigma":0.14998784665340884,"Taucorr":0.8358900709747412},"EnergyVariance":{"Mean":1.6100826173718186,"Sigma":0.4518179700122619,"Taucorr":0.186196080379331},"Iteration":95},
{"Acceptance":[0.048095238095238094],"Energy":{"Mean":-5.899205545047283,"Sigma":0.14467535354453903,"Taucorr":0.23530384599293186},"EnergyVariance":{"Mean":2.728480027205527,"Sigma":0.8926234774027063,"Taucorr":0.016893992632955546},"Iteration":96},
{"Acceptance":[0.04238095238095238],"Energy":{"Mean":-6.01647860982782,"Sigma":0.30269331389966575,"Taucorr":0.7036908374604138},"EnergyVariance":{"Mean":7.314973147835389,"Sigma":6.091765557209001,"Taucorr":1.0672408530708788},"Iteration":97},
{"Acceptance":[0.047619047619047616],"Energy":{"Mean":-5.985026722456756,"Sigma":0.2856354454351384,"Taucorr":0.27341581844170426},"EnergyVariance":{"Mean":19.020632364750846,"Sigma":8.71137347267115,"Taucorr":0.07545472334673542},"Iteration":98},
{"Acceptance":[0.0419047619047619],"Energy":{"Mean":-5.752973273287915,"Sigma":0.16024764666948949,"Taucorr":0.36159478568682357},"EnergyVariance":{"Mean":2.8537475869988254,"Sigma":0.8420787164673227,"Taucorr":0.006862145899617089},"Iteration":99} 
]}
{"input": {"L": 6, "J": 1, "machine": {"type": "FFNN", "model": ["tanh", 36, 1]}, "sampler": {"type": "MetropolisHop", "d_max": 5}, "optimizer": {"type": "AdaMax", "alpha": 0.001, "beta1": 0.9, "beta2": 0.999, "epscut": 1e-07}, "VMC": {"n_samples": 200, "discarded_samples": 100, "discarded_samples_on_init": 0, "target": "energy", "method": "Gd", "diag_shift": 0.01, "use_iterative": false, "use_cholesky": false}, "n_iter": 100}}
duration: -0.3251783847808838