{"Output": [
{"Acceptance":[0.8866666666666667],"Energy":{"Mean":6.3666419424118486,"Sigma":0.21913539504759968,"Taucorr":0.07071487915289498},"EnergyVariance":{"Mean":4.068462513104692,"Sigma":0.6778544978757767,"Taucorr":0.006832589662409405},"Iteration":0},
{"Acceptance":[0.8766666666666667],"Energy":{"Mean":6.738691499074721,"Sigma":0.22305807801207725,"Taucorr":0.05195045433595613},"EnergyVariance":{"Mean":4.452490962482297,"Sigma":0.5796231223705747,"Taucorr":-0.056356950370931747},"Iteration":1},
{"Acceptance":[0.8572222222222222],"Energy":{"Mean":7.122878774494545,"Sigma":0.2553232579689547,"Taucorr":0.004686846123841182},"EnergyVariance":{"Mean":6.424717177850577,"Sigma":1.0516952843686853,"Taucorr":-0.04765960943007891},"Iteration":2},
{"Acceptance":[0.8172222222222222],"Energy":{"Mean":6.5222145509625795,"Sigma":0.18637037616056165,"Taucorr":-0.07178626796829463},"EnergyVariance":{"Mean":4.291113516362797,"Sigma":0.5573520447491577,"Taucorr":-0.08118879451496952},"Iteration":3},
{"Acceptance":[0.8144444444444444],"Energy":{"Mean":6.428365287408374,"Sigma":0.20349131414094335,"Taucorr":-0.048869105957519476},"EnergyVariance":{"Mean":4.9171207979110845,"Sigma":0.7048420529459273,"Taucorr":0.15961284319732627},"Iteration":4},
{"Acceptance":[0.7905555555555556],"Energy":{"Mean":6.822411969010588,"Sigma":0.2854579497379635,"Taucorr":0.1372890811469728},"EnergyVariance":{"Mean":6.916402975618055,"Sigma":0.8602628992009653,"Taucorr":-0.059255372200987366},"Iteration":5},
{"Acceptance":[0.7766666666666666],"Energy":{"Mean":6.427364287761913,"Sigma":0.32591251208867655,"Taucorr":0.29057998646591676},"EnergyVariance":{"Mean":7.526196768210398,"Sigma":0.7877153639972639,"Taucorr":-0.1874682054074397},"Iteration":6},
{"Acceptance":[0.7733333333333333],"Energy":{"Mean":6.199104863553382,"Sigma":0.25399529865918635,"Taucorr":0.06441930167677412},"EnergyVariance":{"Mean":6.91896479648938,"Sigma":0.8032024907241511,"Taucorr":-0.012764593334695984},"Iteration":7},
{"Acceptance":[0.7488888888888889],"Energy":{"Mean":6.067309276520576,"Sigma":0.33684833016656535,"Taucorr":0.4986199552498194},"EnergyVariance":{"Mean":6.556218163174989,"Sigma":0.968633926295576,"Taucorr":0.23993169043756846},"Iteration":8},
{"Acceptance":[0.7188888888888889],"Energy":{"Mean":5.817483101476811,"Sigma":0.29945159812699956,"Taucorr":0.2378432762088658},"EnergyVariance":{"Mean":7.272943695874497,"Sigma":0.9201402372084434,"Taucorr":0.11795313160655818},"Iteration":9},
{"Acceptance":[0.6966666666666667],"Energy":{"Mean":5.732673600670909,"Sigma":0.24115931988576908,"Taucorr":-0.046934392077868314},"EnergyVariance":{"Mean":8.149655867557524,"Sigma":0.6605531576838919,"Taucorr":-0.1776604056793491},"Iteration":10},
{"Acceptance":[0.7244444444444444],"Energy":{"Mean":6.185315088222888,"Sigma":0.3794683068176937,"Taucorr":0.41256629704591585},"EnergyVariance":{"Mean":9.453541451385831,"Sigma":1.107776680046615,"Taucorr":0.021063480464243778},"Iteration":11},
{"Acceptance":[0.6805555555555556],"Energy":{"Mean":4.470269081442075,"Sigma":0.2502817533817373,"Taucorr":0.006594031075375595},"EnergyVariance":{"Mean":8.171487227611813,"Sigma":1.164670945221907,"Taucorr":0.22348957932465618},"Iteration":12},
{"Acceptance":[0.6755555555555556],"Energy":{"Mean":4.795923915499194,"Sigma":0.3131994396761741,"Taucorr":0.2546005608652758},"EnergyVariance":{"Mean":8.448874492540895,"Sigma":0.7523252544140472,"Taucorr":-0.03477731871269729},"Iteration":13},
{"Acceptance":[0.6738888888888889],"Energy":{"Mean":4.928354295331416,"Sigma":0.39402098079784253,"Taucorr":0.3712112398114611},"EnergyVariance":{"Mean":11.507373048630427,"Sigma":1.3092543807376307,"Taucorr":0.04085209878660945},"Iteration":14},
{"Acceptance":[0.6266666666666667],"Energy":{"Mean":4.682599136654856,"Sigma":0.3096454334688247,"Taucorr":0.259983351369098},"EnergyVariance":{"Mean":9.03033071271849,"Sigma":1.2273516499469141,"Taucorr":0.3236007176572002},"Iteration":15},
{"Acceptance":[0.6266666666666667],"Energy":{"Mean":5.017339292982168,"Sigma":0.25864041297558304,"Taucorr":-0.0025451708825571795},"EnergyVariance":{"Mean":10.026934164132406,"Sigma":1.0753866390481241,"Taucorr":-0.07853055928866276},"Iteration":16},
{"Acceptance":[0.6011111111111112],"Energy":{"Mean":4.4784211005706105,"Sigma":0.2626807492889009,"Taucorr":-0.04133657835390847},"EnergyVariance":{"Mean":10.378854169084502,"Sigma":1.1274674387611883,"Taucorr":-0.0019390117791240336},"Iteration":17},
{"Acceptance":[0.6],"Energy":{"Mean":4.506083539741367,"Sigma":0.2653116101732753,"Taucorr":-0.04390628880501851},"EnergyVariance":{"Mean":10.802018415776354,"Sigma":1.2312294321189667,"Taucorr":0.06108618025376711},"Iteration":18},
{"Acceptance":[0.5894444444444444],"Energy":{"Mean":4.145781774214537,"Sigma":0.28176766199634734,"Taucorr":0.07741557981299707},"EnergyVariance":{"Mean":11.323944372723458,"Sigma":1.3238303638289999,"Taucorr":0.15903597086995502},"Iteration":19},
{"Acceptance":[0.5555555555555556],"Energy":{"Mean":3.0314066447675954,"Sigma":0.26907514452371,"Taucorr":-0.05828724161843851},"EnergyVariance":{"Mean":12.585588812942982,"Sigma":1.6463540561668304,"Taucorr":0.0932726617805465},"Iteration":20},
{"Acceptance":[0.5466666666666666],"Energy":{"Mean":3.5074007736410304,"Sigma":0.38024862281401656,"Taucorr":0.32112499967041397},"EnergyVariance":{"Mean":13.92369222418267,"Sigma":1.8611384523344228,"Taucorr":0.05230942344428002},"Iteration":21},
{"Acceptance":[0.5166666666666667],"Energy":{"Mean":2.4853776487807835,"Sigma":0.3217394621319032,"Taucorr":0.3383649480675507},"EnergyVariance":{"Mean":10.016242274545148,"Sigma":1.6587463115788135,"Taucorr":0.18281936716854486},"Iteration":22},
{"Acceptance":[0.52],"Energy":{"Mean":2.660814401149127,"Sigma":0.3508390421226467,"Taucorr":0.37609677241102435},"EnergyVariance":{"Mean":11.495335491135428,"Sigma":1.5358499576041358,"Taucorr":0.004972810481283396},"Iteration":23},
{"Acceptance":[0.5011111111111111],"Energy":{"Mean":1.6626745840246642,"Sigma":0.34857631601051714,"Taucorr":0.15013863579474362},"EnergyVariance":{"Mean":13.290977836597945,"Sigma":1.747109413435021,"Taucorr":0.06919894676404381},"Iteration":24},
{"Acceptance":[0.48277777777777775],"Energy":{"Mean":1.8926610656268845,"Sigma":0.4099061739270816,"Taucorr":0.41295870935503654},"EnergyVariance":{"Mean":13.722142555390203,"Sigma":1.865346820664358,"Taucorr":0.11130224826144508},"Iteration":25},
{"Acceptance":[0.5077777777777778],"Energy":{"Mean":2.340276633572647,"Sigma":0.3106896186850027,"Taucorr":0.07347209599270765},"EnergyVariance":{"Mean":15.129582035356993,"Sigma":2.03926252079236,"Taucorr":0.16656385967949228},"Iteration":26},
{"Acceptance":[0.47944444444444445],"Energy":{"Mean":1.7855726864945782,"Sigma":0.4395767604319127,"Taucorr":0.4291974985544329},"EnergyVariance":{"Mean":15.69726248941399,"Sigma":2.4984211782248362,"Taucorr":0.31762068900373097},"Iteration":27},
{"Acceptance":[0.4172222222222222],"Energy":{"Mean":1.0622620581148692,"Sigma":0.34175342427155386,"Taucorr":0.3288822095307896},"EnergyVariance":{"Mean":12.068740785926371,"Sigma":1.419414817354048,"Taucorr":0.09999155119258119},"Iteration":28},
{"Acceptance":[0.43333333333333335],"Energy":{"Mean":0.6725221235188319,"Sigma":0.32609382682235133,"Taucorr":0.24982172977295003},"EnergyVariance":{"Mean":13.343648650508518,"Sigma":2.2215332288493923,"Taucorr":0.12570106328881214},"Iteration":29},
{"Acceptance":[0.4272222222222222],"Energy":{"Mean":0.6946071024965781,"Sigma":0.3280450550876557,"Taucorr":0.1582101151332831},"EnergyVariance":{"Mean":14.251375162125177,"Sigma":2.0666923821671994,"Taucorr":-0.07311210686901526},"Iteration":30},
{"Acceptance":[0.4066666666666667],"Energy":{"Mean":-0.057164682023244706,"Sigma":0.32668990241777474,"Taucorr":0.08709878208388666},"EnergyVariance":{"Mean":15.136223126077708,"Sigma":2.0708449898569334,"Taucorr":0.14543936875377572},"Iteration":31},
{"Acceptance":[0.4022222222222222],"Energy":{"Mean":-0.05926884199010761,"Sigma":0.36877259798739476,"Taucorr":0.5018607368213075},"EnergyVariance":{"Mean":11.538461674847607,"Sigma":1.5368876866528967,"Taucorr":0.03937826758987073},"Iteration":32},
{"Acceptance":[0.37722222222222224],"Energy":{"Mean":-0.6024146959384755,"Sigma":0.39299743132278264,"Taucorr":0.3651652786059134},"EnergyVariance":{"Mean":15.232619075456642,"Sigma":2.4873224563278216,"Taucorr":0.10330466678312766},"Iteration":33},
{"Acceptance":[0.3288888888888889],"Energy":{"Mean":-1.5288477528383857,"Sigma":0.3658716638208186,"Taucorr":0.33526822202874573},"EnergyVariance":{"Mean":11.726333875700373,"Sigma":1.4175071109251414,"Taucorr":-0.021081112590685513},"Iteration":34},
{"Acceptance":[0.31777777777777777],"Energy":{"Mean":-1.1125001327026631,"Sigma":0.49199597667641976,"Taucorr":0.634259627137447},"EnergyVariance":{"Mean":16.162263552925964,"Sigma":2.2066669180686107,"Taucorr":-0.03698008255588098},"Iteration":35},
{"Acceptance":[0.3061111111111111],"Energy":{"Mean":-2.485539439574553,"Sigma":0.4378658500747057,"Taucorr":0.6386416494558007},"EnergyVariance":{"Mean":12.318317754691353,"Sigma":2.2028022527934494,"Taucorr":0.43993761733297565},"Iteration":36},
{"Acceptance":[0.2811111111111111],"Energy":{"Mean":-2.618832440880783,"Sigma":0.432394308969781,"Taucorr":0.5983952862325512},"EnergyVariance":{"Mean":12.866635736022582,"Sigma":1.9182187414989889,"Taucorr":0.12816321635051264},"Iteration":37},
{"Acceptance":[0.26944444444444443],"Energy":{"Mean":-2.4716620640187004,"Sigma":0.3810421205245775,"Taucorr":0.49136541160556757},"EnergyVariance":{"Mean":10.093620901764059,"Sigma":1.5614235678329427,"Taucorr":0.15476806843227164},"Iteration":38},
{"Acceptance":[0.2816666666666667],"Energy":{"Mean":-2.1310323416153527,"Sigma":0.5943308343374661,"Taucorr":0.8298631759719246},"EnergyVariance":{"Mean":21.69630406755121,"Sigma":4.294983682709379,"Taucorr":0.33406617140980754},"Iteration":39},
{"Acceptance":[0.2588888888888889],"Energy":{"Mean":-2.470925017782773,"Sigma":0.4547092481117992,"Taucorr":0.49713707757066905},"EnergyVariance":{"Mean":15.315175186386885,"Sigma":2.3337128928065227,"Taucorr":-0.014052218824320506},"Iteration":40},
{"Acceptance":[0.22944444444444445],"Energy":{"Mean":-2.483843055554641,"Sigma":0.4151026334936568,"Taucorr":0.5657994534502953},"EnergyVariance":{"Mean":14.57689659506135,"Sigma":2.507898435628858,"Taucorr":0.17658630860044078},"Iteration":41},
{"Acceptance":[0.2061111111111111],"Energy":{"Mean":-2.8864378469560967,"Sigma":0.5569562536364548,"Taucorr":0.6704885021723053},"EnergyVariance":{"Mean":19.930546539985144,"Sigma":3.731965402558539,"Taucorr":0.10176603251497929},"Iteration":42},
{"Acceptance":[0.17944444444444443],"Energy":{"Mean":-3.9120048227695516,"Sigma":0.6394190373638037,"Taucorr":1.238442230363809},"EnergyVariance":{"Mean":16.480038539916883,"Sigma":3.510564807869684,"Taucorr":0.3336866924002526},"Iteration":43},
{"Acceptance":[0.15555555555555556],"Energy":{"Mean":-4.75852828326461,"Sigma":0.4358317985864651,"Taucorr":0.7198986312609614},"EnergyVariance":{"Mean":10.88198748655969,"Sigma":3.512818349634909,"Taucorr":0.4041775165512913},"Iteration":44},
{"Acceptance":[0.1111111111111111],"Energy":{"Mean":-5.654765124174188,"Sigma":0.3586146859556125,"Taucorr":0.6482696160004386},"EnergyVariance":{"Mean":6.776275335642981,"Sigma":1.4695571960314058,"Taucorr":0.11502568573686234},"Iteration":45},
{"Acceptance":[0.13111111111111112],"Energy":{"Mean":-5.0733261801222005,"Sigma":0.5955998357107253,"Taucorr":0.7805026067695939},"EnergyVariance":{"Mean":19.727094941973586,"Sigma":6.324873511018576,"Taucorr":0.4712986717603165},"Iteration":46},
{"Acceptance":[0.09666666666666666],"Energy":{"Mean":-5.6925576651043155,"Sigma":0.42084647777400624,"Taucorr":0.5454764814053907},"EnergyVariance":{"Mean":10.255139288350968,"Sigma":3.967063247586539,"Taucorr":0.1415420022691205},"Iteration":47},
{"Acceptance":[0.10666666666666667],"Energy":{"Mean":-5.0620933425583905,"Sigma":0.3991566824013848,"Taucorr":0.8233348889900911},"EnergyVariance":{"Mean":11.909592647193612,"Sigma":2.8226528019153068,"Taucorr":0.1862804763005944},"Iteration":48},
{"Acceptance":[0.06111111111111111],"Energy":{"Mean":-6.192682502998461,"Sigma":0.3815963679178941,"Taucorr":0.8517790114938739},"EnergyVariance":{"Mean":8.173787172998676,"Sigma":3.11578011536647,"Taucorr":0.1718242702001025},"Iteration":49},
{"Acceptance":[0.07777777777777778],"Energy":{"Mean":-6.580496767690643,"Sigma":0.3366130213777582,"Taucorr":0.41512324593436456},"EnergyVariance":{"Mean":6.9942139765348434,"Sigma":3.0286568564125975,"Taucorr":0.04741575623685612},"Iteration":50},
{"Acceptance":[0.052222222222222225],"Energy":{"Mean":-6.353945578907152,"Sigma":0.49499153657367784,"Taucorr":0.7777514704538739},"EnergyVariance":{"Mean":10.278832294472766,"Sigma":6.914900644580345,"Taucorr":0.5157187030860222},"Iteration":51},
{"Acceptance":[0.027777777777777776],"Energy":{"Mean":-6.791536322301346,"Sigma":0.2408552514537936,"Taucorr":0.9466868298479905},"EnergyVariance":{"Mean":2.1016612008452475,"Sigma":0.7511739686641711,"Taucorr":0.3885727968800161},"Iteration":52},
{"Acceptance":[0.022222222222222223],"Energy":{"Mean":-7.50446189336538,"Sigma":0.1489285577686662,"Taucorr":0.8076561004988503},"EnergyVariance":{"Mean":0.8422557329394816,"Sigma":0.6678568190316181,"Taucorr":0.6789240985398741},"Iteration":53},
{"Acceptance":[0.05277777777777778],"Energy":{"Mean":-6.898958238802443,"Sigma":0.37358763954031016,"Taucorr":0.2963408901829693},"EnergyVariance":{"Mean":8.479003709642114,"Sigma":7.151013417657043,"Taucorr":0.007148482610284668},"Iteration":54},
{"Acceptance":[0.042777777777777776],"Energy":{"Mean":-6.343636950786351,"Sigma":0.43213413449078086,"Taucorr":0.2727504016107668},"EnergyVariance":{"Mean":15.16737680417441,"Sigma":9.727894062458248,"Taucorr":0.05785023256448674},"Iteration":55},
{"Acceptance":[0.03722222222222222],"Energy":{"Mean":-5.777776995308581,"Sigma":1.1265122358477435,"Taucorr":0.5149941079508327},"EnergyVariance":{"Mean":149.2086328260014,"Sigma":126.36195814742224,"Taucorr":0.4983473609084573},"Iteration":56},
{"Acceptance":[0.021666666666666667],"Energy":{"Mean":-7.188751541119144,"Sigma":0.3533011069234205,"Taucorr":0.25833285126700567},"EnergyVariance":{"Mean":12.753920684660564,"Sigma":12.140371328154531,"Taucorr":0.014467631740317954},"Iteration":57},
{"Acceptance":[0.012222222222222223],"Energy":{"Mean":-7.651592074286921,"Sigma":0.09464262018380443,"Taucorr":0.7246907298556846},"EnergyVariance":{"Mean":0.35653777793035646,"Sigma":0.14754585936446735,"Taucorr":0.6794952336530655},"Iteration":58},
{"Acceptance":[0.020555555555555556],"Energy":{"Mean":-7.729336258832262,"Sigma":0.0670645849469437,"Taucorr":0.3694700437755819},"EnergyVariance":{"Mean":0.25310145769578307,"Sigma":0.11256738672878522,"Taucorr":0.36418125290044134},"Iteration":59},
{"Acceptance":[0.01611111111111111],"Energy":{"Mean":-7.055783505693568,"Sigma":0.20681546771703216,"Taucorr":0.8526607586677819},"EnergyVariance":{"Mean":1.5472702136075986,"Sigma":0.35627794493872017,"Taucorr":0.2723288063985301},"Iteration":60},
{"Acceptance":[0.02388888888888889],"Energy":{"Mean":-7.476612773906111,"Sigma":0.15248608771181651,"Taucorr":0.7707268037375399},"EnergyVariance":{"Mean":0.8827278445261887,"Sigma":0.28129980981557423,"Taucorr":0.24489098283092536},"Iteration":61},
{"Acceptance":[0.008888888888888889],"Energy":{"Mean":-7.863766567575622,"Sigma":0.04287135797604491,"Taucorr":0.5106382978723405},"EnergyVariance":{"Mean":0.08783205963649568,"Sigma":0.08595962911695455,"Taucorr":0.5106382978723403},"Iteration":62},
{"Acceptance":[0.01888888888888889],"Energy":{"Mean":-7.5249875059262035,"Sigma":0.31060806081189585,"Taucorr":-0.009131230360110376},"EnergyVariance":{"Mean":14.288073092233525,"Sigma":14.039026099780127,"Taucorr":-0.00021576411436208254},"Iteration":63},
{"Acceptance":[0.0044444444444444444],"Energy":{"Mean":-7.925518579965378,"Sigma":0.0,"Taucorr":null},"EnergyVariance":{"Mean":0.00016102249601880812,"Sigma":0.0,"Taucorr":null},"Iteration":64},
{"Acceptance":[0.008888888888888889],"Energy":{"Mean":-7.594925158410877,"Sigma":0.1306207678294037,"Taucorr":1.023956549896519},"EnergyVariance":{"Mean":0.5357842184703029,"Sigma":0.1640667082375866,"Taucorr":1.046387260815165},"Iteration":65},
{"Acceptance":[0.013888888888888888],"Energy":{"Mean":-7.555315544210052,"Sigma":0.13744041047748082,"Taucorr":0.9952712071536032},"EnergyVariance":{"Mean":0.6046785628191192,"Sigma":0.16423059173046697,"Taucorr":0.9988474765125468},"Iteration":66},
{"Acceptance":[0.01],"Energy":{"Mean":-7.785979037368974,"Sigma":0.08505358509026745,"Taucorr":0.7235492904774825},"EnergyVariance":{"Mean":0.28257270549607016,"Sigma":0.13706310974864655,"Taucorr":0.7282740952294167},"Iteration":67},
{"Acceptance":[0.005555555555555556],"Energy":{"Mean":-7.891136231087621,"Sigma":0.04372008355181228,"Taucorr":0.321645628798504},"EnergyVariance":{"Mean":0.11114158529873044,"Sigma":0.07856769731339891,"Taucorr":0.321645628798504},"Iteration":68},
{"Acceptance":[0.006666666666666667],"Energy":{"Mean":-7.835643800393599,"Sigma":0.0720015393437967,"Taucorr":0.6476949119222801},"EnergyVariance":{"Mean":0.2152864693410347,"Sigma":0.12085302308009403,"Taucorr":0.6482585953386557},"Iteration":69},
{"Acceptance":[0.005],"Energy":{"Mean":-7.9390670052333405,"Sigma":0.019951890998094687,"Taucorr":-3.3306690738754696e-16},"EnergyVariance":{"Mean":0.03814372664356454,"Sigma":0.03746523027014003,"Taucorr":0.0},"Iteration":70},
{"Acceptance":[0.006111111111111111],"Energy":{"Mean":-7.5504637786200375,"Sigma":0.31139286257746907,"Taucorr":0.240284066137868},"EnergyVariance":{"Mean":314.35425234300044,"Sigma":314.06962142641146,"Taucorr":0.00020088447414423616},"Iteration":71},
{"Acceptance":[0.009444444444444445],"Energy":{"Mean":-7.667797021601571,"Sigma":0.13035797493858511,"Taucorr":0.9802966485006541},"EnergyVariance":{"Mean":0.5475370684304454,"Sigma":0.22129381276817814,"Taucorr":0.7573353984729989},"Iteration":72},
{"Acceptance":[0.0],"Energy":{"Mean":-7.968806268524663,"Sigma":0.0,"Taucorr":null},"EnergyVariance":{"Mean":0.0002955603117135816,"Sigma":0.0,"Taucorr":null},"Iteration":73},
{"Acceptance":[0.010555555555555556],"Energy":{"Mean":-7.849525879144174,"Sigma":0.07331047777793166,"Taucorr":0.6438921067521597},"EnergyVariance":{"Mean":0.22383885698815914,"Sigma":0.1252654502557157,"Taucorr":0.6385796321795953},"Iteration":74},
{"Acceptance":[0.0],"Energy":{"Mean":-7.973818884706587,"Sigma":0.0,"Taucorr":null},"EnergyVariance":{"Mean":0.00029265874286440454,"Sigma":0.0,"Taucorr":null},"Iteration":75},
{"Acceptance":[0.0038888888888888888],"Energy":{"Mean":-7.975835610101419,"Sigma":0.0,"Taucorr":null},"EnergyVariance":{"Mean":0.00028703071493471686,"Sigma":0.0,"Taucorr":null},"Iteration":76},
{"Acceptance":[0.006666666666666667],"Energy":{"Mean":-7.694518452642009,"Sigma":0.10895251553775807,"Taucorr":0.7015139499372347},"EnergyVariance":{"Mean":0.46982655902538173,"Sigma":0.14987779928344558,"Taucorr":0.701244049400964},"Iteration":77},
{"Acceptance":[0.005],"Energy":{"Mean":-7.938673348230313,"Sigma":0.04045068437653631,"Taucorr":0.5106382978723418},"EnergyVariance":{"Mean":0.07723479047006136,"Sigma":0.07533104713301697,"Taucorr":0.5106382978723405},"Iteration":78},
{"Acceptance":[0.006666666666666667],"Energy":{"Mean":-7.7971994396781295,"Sigma":0.08249240003170794,"Taucorr":0.4954559323324853},"EnergyVariance":{"Mean":0.32548154370195964,"Sigma":0.13189577748418577,"Taucorr":0.5045786049206265},"Iteration":79},
{"Acceptance":[0.0022222222222222222],"Energy":{"Mean":-7.961509081499623,"Sigma":0.020167388481540358,"Taucorr":6.661338147750939e-16},"EnergyVariance":{"Mean":0.038898480377243694,"Sigma":0.03825336655455744,"Taucorr":0.0},"Iteration":80},
{"Acceptance":[0.0016666666666666668],"Energy":{"Mean":-7.921810054673365,"Sigma":0.060912337459590515,"Taucorr":1.0322580624383075},"EnergyVariance":{"Mean":0.11527333636968418,"Sigma":0.11133905614842117,"Taucorr":1.0322580628615403},"Iteration":81},
{"Acceptance":[0.0044444444444444444],"Energy":{"Mean":-7.922412217423937,"Sigma":0.04474297427266583,"Taucorr":0.31840463758365467},"EnergyVariance":{"Mean":0.11653968307515752,"Sigma":0.08207889963261063,"Taucorr":0.3142610553973889},"Iteration":82},
{"Acceptance":[0.0022222222222222222],"Energy":{"Mean":-7.984433923250431,"Sigma":0.0,"Taucorr":null},"EnergyVariance":{"Mean":0.00019681265678851633,"Sigma":0.0,"Taucorr":null},"Iteration":83},
{"Acceptance":[0.0033333333333333335],"Energy":{"Mean":-7.9648326343213,"Sigma":0.020298561632353516,"Taucorr":-6.661338147750939e-16},"EnergyVariance":{"Mean":0.03933999372743975,"Sigma":0.03874253113740029,"Taucorr":4.440892098500626e-16},"Iteration":84},
{"Acceptance":[0.005],"Energy":{"Mean":-7.8435919463327,"Sigma":0.06209808799768267,"Taucorr":0.21294842704423833},"EnergyVariance":{"Mean":0.2571745492207945,"Sigma":0.10345838896235389,"Taucorr":0.21317519845300636},"Iteration":85},
{"Acceptance":[0.007222222222222222],"Energy":{"Mean":-7.841839249535431,"Sigma":0.09164182515222509,"Taucorr":1.0031164245327917},"EnergyVariance":{"Mean":0.26617264476473707,"Sigma":0.15525131405237477,"Taucorr":0.9963820438658793},"Iteration":86},
{"Acceptance":[0.0022222222222222222],"Energy":{"Mean":-7.986820134653423,"Sigma":0.0,"Taucorr":null},"EnergyVariance":{"Mean":0.00015184302058486487,"Sigma":0.0,"Taucorr":null},"Iteration":87},
{"Acceptance":[0.0022222222222222222],"Energy":{"Mean":-7.885697658283321,"Sigma":0.07176599191654259,"Taucorr":0.802675585284282},"EnergyVariance":{"Mean":0.1879828030554466,"Sigma":0.12541809184092995,"Taucorr":0.8026755852842808},"Iteration":88},
{"Acceptance":[0.0011111111111111111],"Energy":{"Mean":-7.90624220937251,"Sigma":0.06354810372293149,"Taucorr":0.7570888468809072},"EnergyVariance":{"Mean":0.15273902817754478,"Sigma":0.1138866931644484,"Taucorr":0.7570888468809074},"Iteration":89},
{"Acceptance":[0.0011111111111111111],"Energy":{"Mean":-7.988062167950265,"Sigma":0.0,"Taucorr":null},"EnergyVariance":{"Mean":0.00012146733837968187,"Sigma":0.0,"Taucorr":null},"Iteration":90},
{"Acceptance":[0.0022222222222222222],"Energy":{"Mean":-7.905585463053142,"Sigma":0.08280094415088565,"Taucorr":1.5646272243507533},"EnergyVariance":{"Mean":0.15811760496456054,"Sigma":0.15114858491900438,"Taucorr":1.56239728023426},"Iteration":91},
{"Acceptance":[0.002777777777777778],"Energy":{"Mean":-7.907225756630372,"Sigma":0.0635678974916572,"Taucorr":0.7570888468809067},"EnergyVariance":{"Mean":0.15280297124016443,"Sigma":0.11395445192185003,"Taucorr":0.7570888468809072},"Iteration":92},
{"Acceptance":[0.0016666666666666668],"Energy":{"Mean":-7.988986796690181,"Sigma":0.0,"Taucorr":null},"EnergyVariance":{"Mean":9.603779428618378e-05,"Sigma":0.0,"Taucorr":null},"Iteration":93},
{"Acceptance":[0.0],"Energy":{"Mean":-7.9892382501991905,"Sigma":0.0,"Taucorr":null},"EnergyVariance":{"Mean":8.897085685510217e-05,"Sigma":0.0,"Taucorr":null},"Iteration":94},
{"Acceptance":[0.0011111111111111111],"Energy":{"Mean":-7.968472769474096,"Sigma":0.02098882715463413,"Taucorr":-3.3306690738754696e-16},"EnergyVariance":{"Mean":0.04205896542372918,"Sigma":0.041535456483721436,"Taucorr":0.0},"Iteration":95},
{"Acceptance":[0.0077777777777777776],"Energy":{"Mean":-7.866899731861206,"Sigma":0.07378481217131704,"Taucorr":0.6436777349285066},"EnergyVariance":{"Mean":0.22651195577274977,"Sigma":0.1267674686153768,"Taucorr":0.6382706909365419},"Iteration":96},
{"Acceptance":[0.0038888888888888888],"Energy":{"Mean":-7.908521481155406,"Sigma":0.06350484104805523,"Taucorr":0.7581902149929545},"EnergyVariance":{"Mean":0.15233814507209614,"Sigma":0.11373378530718332,"Taucorr":0.7593244083985904},"Iteration":97},
{"Acceptance":[0.0022222222222222222],"Energy":{"Mean":-7.807207788035129,"Sigma":0.1129790195086711,"Taucorr":1.3754021788385433},"EnergyVariance":{"Mean":0.32338990998137157,"Sigma":0.17908953507017816,"Taucorr":1.3755094334745526},"Iteration":98},
{"Acceptance":[0.0],"Energy":{"Mean":-7.990296531575076,"Sigma":0.0,"Taucorr":null},"EnergyVariance":{"Mean":5.900607862274956e-05,"Sigma":0.0,"Taucorr":null},"Iteration":99} 
]}
{"input": {"L": 8, "J": 1, "machine": {"type": "FFNN", "model": ["tanh", 13, 4]}, "sampler": {"type": "MetropolisHop", "d_max": 5}, "optimizer": {"type": "AdaMax", "alpha": 0.001, "beta1": 0.9, "beta2": 0.999, "epscut": 1e-07}, "VMC": {"n_samples": 100, "discarded_samples": 100, "discarded_samples_on_init": 0, "target": "energy", "method": "Gd", "diag_shift": 0.01, "use_iterative": true, "use_cholesky": true}, "n_iter": 100}}
duration: -1.2727317810058594