{"Output": [
{"Acceptance":[0.8255555555555556],"Energy":{"Mean":6.608303333628716,"Sigma":0.25651834158857534,"Taucorr":0.2251134273300217},"EnergyVariance":{"Mean":4.50672951027954,"Sigma":0.6301085252939168,"Taucorr":0.0161603216214129},"Iteration":0},
{"Acceptance":[0.7344444444444445],"Energy":{"Mean":6.315550834992554,"Sigma":0.33327326612946906,"Taucorr":0.1701535276514765},"EnergyVariance":{"Mean":8.3482327971757,"Sigma":1.1830891817896008,"Taucorr":0.05677239897918829},"Iteration":1},
{"Acceptance":[0.6822222222222222],"Energy":{"Mean":5.84721024509231,"Sigma":0.3351339245995921,"Taucorr":0.3710121889733323},"EnergyVariance":{"Mean":7.0678434913813994,"Sigma":0.7730961176175323,"Taucorr":-0.03666337915139106},"Iteration":2},
{"Acceptance":[0.6433333333333333],"Energy":{"Mean":5.507329564843138,"Sigma":0.26359916792510396,"Taucorr":0.030493301938460893},"EnergyVariance":{"Mean":7.4571487855935,"Sigma":0.7942115030732504,"Taucorr":-0.16428093901565866},"Iteration":3},
{"Acceptance":[0.5927777777777777],"Energy":{"Mean":4.208541594867162,"Sigma":0.3890855199872287,"Taucorr":0.283217587974977},"EnergyVariance":{"Mean":10.822837733564551,"Sigma":1.3978296704172946,"Taucorr":0.01424609362368745},"Iteration":4},
{"Acceptance":[0.5572222222222222],"Energy":{"Mean":3.6287463531331854,"Sigma":0.31620215143834834,"Taucorr":0.15771448030551916},"EnergyVariance":{"Mean":9.095318744357712,"Sigma":1.1500462551349508,"Taucorr":0.07167578172905709},"Iteration":5},
{"Acceptance":[0.4761111111111111],"Energy":{"Mean":3.633543492966176,"Sigma":0.3160532105966964,"Taucorr":0.09662202759272964},"EnergyVariance":{"Mean":10.95218534738653,"Sigma":1.458289147819316,"Taucorr":0.05480316124705875},"Iteration":6},
{"Acceptance":[0.49166666666666664],"Energy":{"Mean":3.320915432498165,"Sigma":0.4069176356603555,"Taucorr":0.5596246089253765},"EnergyVariance":{"Mean":10.926796666361007,"Sigma":1.9510957888857052,"Taucorr":0.08327176846249118},"Iteration":7},
{"Acceptance":[0.4261111111111111],"Energy":{"Mean":2.3177470787997962,"Sigma":0.36973628843419876,"Taucorr":0.4316750155312018},"EnergyVariance":{"Mean":9.221516497398676,"Sigma":1.1407115783623027,"Taucorr":0.2354248818380381},"Iteration":8},
{"Acceptance":[0.38666666666666666],"Energy":{"Mean":2.316805796766651,"Sigma":0.37191862898920336,"Taucorr":0.2415550726108755},"EnergyVariance":{"Mean":14.385106398928052,"Sigma":2.363157149111456,"Taucorr":-0.08936144310072952},"Iteration":9},
{"Acceptance":[0.3433333333333333],"Energy":{"Mean":1.0417779923212476,"Sigma":0.355841988658295,"Taucorr":0.49539197958100323},"EnergyVariance":{"Mean":9.01643658948549,"Sigma":1.0218234678875675,"Taucorr":0.08806302694356605},"Iteration":10},
{"Acceptance":[0.3472222222222222],"Energy":{"Mean":0.9211219947062548,"Sigma":0.3181029019922658,"Taucorr":0.3246510587468997},"EnergyVariance":{"Mean":9.165164406795814,"Sigma":1.5932458747960756,"Taucorr":0.09034516169954132},"Iteration":11},
{"Acceptance":[0.2611111111111111],"Energy":{"Mean":-0.21441552904678268,"Sigma":0.3408162232681174,"Taucorr":0.5976512182381042},"EnergyVariance":{"Mean":9.443052907079295,"Sigma":1.8957371225746833,"Taucorr":0.20430549365045125},"Iteration":12},
{"Acceptance":[0.2683333333333333],"Energy":{"Mean":-0.0910575057800482,"Sigma":0.3309444937425234,"Taucorr":0.3320208996112679},"EnergyVariance":{"Mean":9.496059639559755,"Sigma":1.17141703511928,"Taucorr":0.08097190105347019},"Iteration":13},
{"Acceptance":[0.25222222222222224],"Energy":{"Mean":-0.37061296770726293,"Sigma":0.3627819052584212,"Taucorr":0.5194202885426074},"EnergyVariance":{"Mean":12.425237415038518,"Sigma":4.189417767625926,"Taucorr":0.21938358402400526},"Iteration":14},
{"Acceptance":[0.2633333333333333],"Energy":{"Mean":-0.5425455996702342,"Sigma":0.31409141053340994,"Taucorr":0.3999714619776993},"EnergyVariance":{"Mean":12.717201722844619,"Sigma":3.0565564321311376,"Taucorr":0.3335637928279661},"Iteration":15},
{"Acceptance":[0.22277777777777777],"Energy":{"Mean":-0.9864710770720229,"Sigma":0.2761230611375239,"Taucorr":0.280271113665978},"EnergyVariance":{"Mean":9.231707234815495,"Sigma":1.922457046497017,"Taucorr":0.5408890065141121},"Iteration":16},
{"Acceptance":[0.195],"Energy":{"Mean":-1.18616685700037,"Sigma":0.3218017849768953,"Taucorr":0.5332625839944565},"EnergyVariance":{"Mean":9.38525173627934,"Sigma":2.708005393004633,"Taucorr":0.6123978802358807},"Iteration":17},
{"Acceptance":[0.19166666666666668],"Energy":{"Mean":-1.8735632012168195,"Sigma":0.3243517472280359,"Taucorr":0.768485425439575},"EnergyVariance":{"Mean":6.520553285760521,"Sigma":1.2974487123479903,"Taucorr":0.1100238851584483},"Iteration":18},
{"Acceptance":[0.18222222222222223],"Energy":{"Mean":-1.932348460756828,"Sigma":0.2377831566799988,"Taucorr":0.5754295748674743},"EnergyVariance":{"Mean":5.679860373222351,"Sigma":1.4817965364078196,"Taucorr":0.45294258563735423},"Iteration":19},
{"Acceptance":[0.17666666666666667],"Energy":{"Mean":-1.765403546860448,"Sigma":0.29644667577760797,"Taucorr":0.4493538290818715},"EnergyVariance":{"Mean":11.02643560026935,"Sigma":3.2620562176492602,"Taucorr":0.2925661796294532},"Iteration":20},
{"Acceptance":[0.18944444444444444],"Energy":{"Mean":-1.8294071161455727,"Sigma":0.28859280126818665,"Taucorr":0.47003240379076094},"EnergyVariance":{"Mean":9.506585846303654,"Sigma":1.997790721151886,"Taucorr":0.2906465827277457},"Iteration":21},
{"Acceptance":[0.16777777777777778],"Energy":{"Mean":-2.0677460869994975,"Sigma":0.29098839131684606,"Taucorr":0.5287926301939951},"EnergyVariance":{"Mean":8.975419081339275,"Sigma":2.4849220567496113,"Taucorr":0.1444764599096212},"Iteration":22},
{"Acceptance":[0.1638888888888889],"Energy":{"Mean":-2.1595030559253665,"Sigma":0.3337737503637913,"Taucorr":0.6713222349523538},"EnergyVariance":{"Mean":8.06751186283825,"Sigma":2.1939663838867802,"Taucorr":0.4635388768823673},"Iteration":23},
{"Acceptance":[0.15],"Energy":{"Mean":-3.083897094506445,"Sigma":0.1520190188868778,"Taucorr":0.40807252059245813},"EnergyVariance":{"Mean":3.6082037022566107,"Sigma":1.110431758730021,"Taucorr":-0.003015412512876847},"Iteration":24},
{"Acceptance":[0.14222222222222222],"Energy":{"Mean":-3.15144182247213,"Sigma":0.2518002924051441,"Taucorr":0.662156428998824},"EnergyVariance":{"Mean":4.353636243242805,"Sigma":1.6007445230960984,"Taucorr":0.4417039781759615},"Iteration":25},
{"Acceptance":[0.13],"Energy":{"Mean":-2.954707558075839,"Sigma":0.2358944067431802,"Taucorr":0.43260931530638},"EnergyVariance":{"Mean":7.600033727724756,"Sigma":2.3886389605432785,"Taucorr":0.26653309204012043},"Iteration":26},
{"Acceptance":[0.15722222222222224],"Energy":{"Mean":-2.5587748076808206,"Sigma":0.3937757050979698,"Taucorr":0.8509305143419883},"EnergyVariance":{"Mean":16.45019979606106,"Sigma":6.814031083435512,"Taucorr":0.7723213764848165},"Iteration":27},
{"Acceptance":[0.12111111111111111],"Energy":{"Mean":-3.1559185943753465,"Sigma":0.24783865059229743,"Taucorr":0.7511506752253236},"EnergyVariance":{"Mean":5.03968037430967,"Sigma":1.4979976939404294,"Taucorr":0.11699464266508963},"Iteration":28},
{"Acceptance":[0.13722222222222222],"Energy":{"Mean":-3.3182142178938685,"Sigma":0.14698834437584402,"Taucorr":-0.10944170255318625},"EnergyVariance":{"Mean":4.915563337366534,"Sigma":1.5932790949200764,"Taucorr":-0.028500156239023633},"Iteration":29},
{"Acceptance":[0.12944444444444445],"Energy":{"Mean":-3.5883636595354544,"Sigma":0.10416215312512019,"Taucorr":-0.020320219996605382},"EnergyVariance":{"Mean":1.8028811708689663,"Sigma":0.5412980881930186,"Taucorr":0.024016738708695584},"Iteration":30},
{"Acceptance":[0.1338888888888889],"Energy":{"Mean":-3.2831895793631105,"Sigma":0.19461419637943905,"Taucorr":0.054298184160793794},"EnergyVariance":{"Mean":11.326436192424925,"Sigma":4.193208873697804,"Taucorr":0.4427400826921075},"Iteration":31},
{"Acceptance":[0.10166666666666667],"Energy":{"Mean":-3.3395313906943795,"Sigma":0.2895852242874901,"Taucorr":0.5817371782190794},"EnergyVariance":{"Mean":5.3982933056357565,"Sigma":2.5860554142220185,"Taucorr":0.7498798695096875},"Iteration":32},
{"Acceptance":[0.13555555555555557],"Energy":{"Mean":-3.1127804529761045,"Sigma":0.2889243899086493,"Taucorr":0.5506462584873157},"EnergyVariance":{"Mean":12.36740288950192,"Sigma":4.123816219108173,"Taucorr":0.48024066137554833},"Iteration":33},
{"Acceptance":[0.12777777777777777],"Energy":{"Mean":-3.328599531383268,"Sigma":0.19197169939112985,"Taucorr":0.19881955689963204},"EnergyVariance":{"Mean":6.340754365521373,"Sigma":2.3663592656568158,"Taucorr":0.3036110679151802},"Iteration":34},
{"Acceptance":[0.11055555555555556],"Energy":{"Mean":-3.921216369022274,"Sigma":0.12100145321611024,"Taucorr":0.166340492559095},"EnergyVariance":{"Mean":2.6998778612418888,"Sigma":1.1332944134296148,"Taucorr":0.04067953125185275},"Iteration":35},
{"Acceptance":[0.10722222222222222],"Energy":{"Mean":-3.22679271386339,"Sigma":0.22070732164527582,"Taucorr":-0.026455801577921545},"EnergyVariance":{"Mean":6.793823011398525,"Sigma":2.534735912976154,"Taucorr":0.1514317511046882},"Iteration":36},
{"Acceptance":[0.11666666666666667],"Energy":{"Mean":-3.6565223925980077,"Sigma":0.1761211717376948,"Taucorr":-0.14159682703923226},"EnergyVariance":{"Mean":10.350824428765193,"Sigma":5.35725257850869,"Taucorr":0.4415219292533389},"Iteration":37},
{"Acceptance":[0.10277777777777777],"Energy":{"Mean":-3.46426948940647,"Sigma":0.2990534585101215,"Taucorr":0.5730050686774613},"EnergyVariance":{"Mean":8.48348108028598,"Sigma":3.0953250673938593,"Taucorr":0.21692293522803507},"Iteration":38},
{"Acceptance":[0.10055555555555555],"Energy":{"Mean":-3.748910990751518,"Sigma":0.14977562009058784,"Taucorr":0.26926070883013753},"EnergyVariance":{"Mean":1.7459940452730571,"Sigma":0.4766496570762135,"Taucorr":0.019184530612557205},"Iteration":39},
{"Acceptance":[0.08222222222222222],"Energy":{"Mean":-3.891396861478355,"Sigma":0.1205463994041544,"Taucorr":0.4213821463290215},"EnergyVariance":{"Mean":2.2757083356357843,"Sigma":1.3702803112471544,"Taucorr":0.008880885467945077},"Iteration":40},
{"Acceptance":[0.08888888888888889],"Energy":{"Mean":-3.8882890136863475,"Sigma":0.12511041920641583,"Taucorr":0.2955730178046907},"EnergyVariance":{"Mean":3.73402036364899,"Sigma":2.8982234965432685,"Taucorr":0.9092867442712875},"Iteration":41},
{"Acceptance":[0.11944444444444445],"Energy":{"Mean":-4.170606888696431,"Sigma":0.26150769188560374,"Taucorr":0.37887337147092826},"EnergyVariance":{"Mean":7.752594890757604,"Sigma":3.345179345205907,"Taucorr":0.140157110759763},"Iteration":42},
{"Acceptance":[0.11722222222222223],"Energy":{"Mean":-3.9171962389393693,"Sigma":0.22059398197961055,"Taucorr":0.28918417436665},"EnergyVariance":{"Mean":9.055281935318261,"Sigma":3.7305419301485063,"Taucorr":0.3650593730193177},"Iteration":43},
{"Acceptance":[0.10722222222222222],"Energy":{"Mean":-4.446554385117533,"Sigma":0.21882113933663142,"Taucorr":0.6216012212618931},"EnergyVariance":{"Mean":2.938512534297648,"Sigma":0.7774782557406535,"Taucorr":0.01965639048944945},"Iteration":44},
{"Acceptance":[0.09944444444444445],"Energy":{"Mean":-3.638747894300017,"Sigma":0.15537446013602024,"Taucorr":0.5607385249702834},"EnergyVariance":{"Mean":2.45457064040815,"Sigma":1.5034042093947548,"Taucorr":0.48465893865237497},"Iteration":45},
{"Acceptance":[0.10277777777777777],"Energy":{"Mean":-4.226619657514164,"Sigma":0.12188723760275429,"Taucorr":-0.26525504119831134},"EnergyVariance":{"Mean":6.8225315839752945,"Sigma":3.4067481688421024,"Taucorr":0.30548718494479465},"Iteration":46},
{"Acceptance":[0.10055555555555555],"Energy":{"Mean":-4.3864533446474745,"Sigma":0.22251926292269883,"Taucorr":0.015129476258450847},"EnergyVariance":{"Mean":10.730693537650897,"Sigma":7.751287055751525,"Taucorr":0.41250316104527807},"Iteration":47},
{"Acceptance":[0.10888888888888888],"Energy":{"Mean":-3.9411583954230163,"Sigma":0.23642951856729222,"Taucorr":0.011560534945444623},"EnergyVariance":{"Mean":8.736009139481359,"Sigma":5.985833698824718,"Taucorr":0.6624863817912401},"Iteration":48},
{"Acceptance":[0.08277777777777778],"Energy":{"Mean":-4.129471083625594,"Sigma":0.1022135630744588,"Taucorr":-0.31035939972115484},"EnergyVariance":{"Mean":2.791616573419457,"Sigma":2.0680207041213867,"Taucorr":0.07967981125023837},"Iteration":49},
{"Acceptance":[0.11166666666666666],"Energy":{"Mean":-4.0329308668925545,"Sigma":0.18694088518958143,"Taucorr":0.3967895900658738},"EnergyVariance":{"Mean":4.857029533938013,"Sigma":2.739248400739451,"Taucorr":0.5174812886750753},"Iteration":50},
{"Acceptance":[0.10111111111111111],"Energy":{"Mean":-4.2128397031392515,"Sigma":0.22418961438901064,"Taucorr":0.2522650200423595},"EnergyVariance":{"Mean":3.332523031046583,"Sigma":2.2012326173417076,"Taucorr":0.12287227726338068},"Iteration":51},
{"Acceptance":[0.11888888888888889],"Energy":{"Mean":-4.315197321158317,"Sigma":0.2488660337131414,"Taucorr":0.2933609708764391},"EnergyVariance":{"Mean":5.282096142288234,"Sigma":3.1138593245035127,"Taucorr":0.5253769797361953},"Iteration":52},
{"Acceptance":[0.11055555555555556],"Energy":{"Mean":-4.2165951665527714,"Sigma":0.16692953211840045,"Taucorr":0.5059981644249727},"EnergyVariance":{"Mean":1.3457569786965875,"Sigma":0.4445620085294591,"Taucorr":0.5680700709098601},"Iteration":53},
{"Acceptance":[0.1],"Energy":{"Mean":-4.29641906249028,"Sigma":0.1353707485676608,"Taucorr":0.19971892538936253},"EnergyVariance":{"Mean":1.4116940145167358,"Sigma":0.7182203101584184,"Taucorr":0.7321305298877767},"Iteration":54},
{"Acceptance":[0.105],"Energy":{"Mean":-4.392212067627925,"Sigma":0.11058931652799107,"Taucorr":0.18784466047364334},"EnergyVariance":{"Mean":0.8948367248836823,"Sigma":0.22027044735149154,"Taucorr":0.369833526014136},"Iteration":55},
{"Acceptance":[0.10222222222222223],"Energy":{"Mean":-4.587226349033077,"Sigma":0.11279379450034215,"Taucorr":0.03488325665158487},"EnergyVariance":{"Mean":1.9724146641709854,"Sigma":1.229570434424862,"Taucorr":0.0044244721377192375},"Iteration":56},
{"Acceptance":[0.11388888888888889],"Energy":{"Mean":-4.325142074976511,"Sigma":0.1983380285832495,"Taucorr":0.38734144244026636},"EnergyVariance":{"Mean":2.2364568259523327,"Sigma":0.554057964590422,"Taucorr":0.60058193675205},"Iteration":57},
{"Acceptance":[0.10166666666666667],"Energy":{"Mean":-3.9204260388182592,"Sigma":0.11344976580212611,"Taucorr":0.31335714937792514},"EnergyVariance":{"Mean":0.7756813945564058,"Sigma":0.23716444991068875,"Taucorr":0.47482980942052655},"Iteration":58},
{"Acceptance":[0.105],"Energy":{"Mean":-4.562854005647692,"Sigma":0.15024989814043407,"Taucorr":0.12222602411365724},"EnergyVariance":{"Mean":2.8913533171765957,"Sigma":1.133812435450411,"Taucorr":0.02145662081323696},"Iteration":59},
{"Acceptance":[0.10666666666666667],"Energy":{"Mean":-3.7637265186495474,"Sigma":0.15727149356457926,"Taucorr":0.5594786006995431},"EnergyVariance":{"Mean":1.1270579315005353,"Sigma":0.2852505864009737,"Taucorr":0.31236886217010496},"Iteration":60},
{"Acceptance":[0.12333333333333334],"Energy":{"Mean":-4.317716311824803,"Sigma":0.22211453559948938,"Taucorr":-0.008199302098878036},"EnergyVariance":{"Mean":5.048293798504497,"Sigma":2.244268310616987,"Taucorr":-0.02209990471333545},"Iteration":61},
{"Acceptance":[0.11],"Energy":{"Mean":-4.528155259545669,"Sigma":0.14192009512945783,"Taucorr":0.1071989822245325},"EnergyVariance":{"Mean":3.0714848189109785,"Sigma":1.4959881565711215,"Taucorr":0.14700025415630258},"Iteration":62},
{"Acceptance":[0.12333333333333334],"Energy":{"Mean":-4.413725755164587,"Sigma":0.08904716195451648,"Taucorr":-0.1370707869515202},"EnergyVariance":{"Mean":1.860449365791464,"Sigma":0.8753240832992788,"Taucorr":0.013983100061251252},"Iteration":63},
{"Acceptance":[0.11777777777777777],"Energy":{"Mean":-5.278030972612714,"Sigma":1.030024217134088,"Taucorr":0.240061876141334},"EnergyVariance":{"Mean":101.0313668420386,"Sigma":99.30486583109732,"Taucorr":0.3266194793259305},"Iteration":64},
{"Acceptance":[0.11166666666666666],"Energy":{"Mean":-4.415706695528563,"Sigma":0.12839226287786926,"Taucorr":0.11179559569190789},"EnergyVariance":{"Mean":1.8502376371146358,"Sigma":1.133483396266633,"Taucorr":0.037039645185031334},"Iteration":65},
{"Acceptance":[0.11333333333333333],"Energy":{"Mean":-4.347093953020846,"Sigma":0.11427549485732828,"Taucorr":0.23622472498909108},"EnergyVariance":{"Mean":0.9270238344315832,"Sigma":0.22046257646934814,"Taucorr":0.08067837631727481},"Iteration":66},
{"Acceptance":[0.10277777777777777],"Energy":{"Mean":-3.8535057662739067,"Sigma":0.2984399664182354,"Taucorr":0.17776210434480533},"EnergyVariance":{"Mean":10.041514812502191,"Sigma":5.295263316743729,"Taucorr":0.7352246389806572},"Iteration":67},
{"Acceptance":[0.10722222222222222],"Energy":{"Mean":-4.364787990224736,"Sigma":0.12224899516305616,"Taucorr":0.5169906173822889},"EnergyVariance":{"Mean":0.7268279692177232,"Sigma":0.29545308931095254,"Taucorr":0.51255197879964},"Iteration":68},
{"Acceptance":[0.11222222222222222],"Energy":{"Mean":-4.1824770118091115,"Sigma":0.23434340019539113,"Taucorr":0.35908781059542083},"EnergyVariance":{"Mean":5.528838669117339,"Sigma":4.451740764795976,"Taucorr":-0.0051582385173654655},"Iteration":69},
{"Acceptance":[0.10555555555555556],"Energy":{"Mean":-5.270636003750907,"Sigma":0.8804533525471934,"Taucorr":0.8463411050279117},"EnergyVariance":{"Mean":39.490714630433345,"Sigma":37.28219144372248,"Taucorr":0.5915973417726927},"Iteration":70},
{"Acceptance":[0.12666666666666668],"Energy":{"Mean":-4.997406736474386,"Sigma":0.32149646173550356,"Taucorr":-0.07556512569210894},"EnergyVariance":{"Mean":18.304103894487678,"Sigma":9.21576132005429,"Taucorr":-0.031966170390104076},"Iteration":71},
{"Acceptance":[0.11222222222222222],"Energy":{"Mean":-4.328591951101427,"Sigma":0.07244688555379714,"Taucorr":0.050086612692100685},"EnergyVariance":{"Mean":0.49225646508360615,"Sigma":0.16298804662490757,"Taucorr":0.6345536484248255},"Iteration":72},
{"Acceptance":[0.1111111111111111],"Energy":{"Mean":-4.421604958305117,"Sigma":0.13732074516287118,"Taucorr":-0.03137437432933643},"EnergyVariance":{"Mean":2.15190203849022,"Sigma":1.5949367754464496,"Taucorr":-0.005676058207414791},"Iteration":73},
{"Acceptance":[0.11166666666666666],"Energy":{"Mean":-4.451699661465772,"Sigma":0.1568616414132975,"Taucorr":-0.09831958987409145},"EnergyVariance":{"Mean":4.549666869665681,"Sigma":2.3604669000644796,"Taucorr":-0.007205253564722014},"Iteration":74},
{"Acceptance":[0.14],"Energy":{"Mean":-4.097420255118788,"Sigma":0.2676417891764696,"Taucorr":0.20367085786945727},"EnergyVariance":{"Mean":5.236068013602566,"Sigma":2.5217197616249947,"Taucorr":0.4010800694823776},"Iteration":75},
{"Acceptance":[0.1338888888888889],"Energy":{"Mean":-4.490852760165853,"Sigma":0.16689035827658522,"Taucorr":0.2767817751380144},"EnergyVariance":{"Mean":4.879007194949029,"Sigma":2.475057641113343,"Taucorr":0.4217951590927447},"Iteration":76},
{"Acceptance":[0.12555555555555556],"Energy":{"Mean":-4.29308898705422,"Sigma":0.24082795494684103,"Taucorr":0.25758628167852504},"EnergyVariance":{"Mean":5.170710311662406,"Sigma":1.7067350576288725,"Taucorr":0.06497732843903703},"Iteration":77},
{"Acceptance":[0.12277777777777778],"Energy":{"Mean":-4.502159512548165,"Sigma":0.2628321537735425,"Taucorr":0.3928501852636419},"EnergyVariance":{"Mean":4.391309980366648,"Sigma":1.9238734116865912,"Taucorr":-0.003462692931471334},"Iteration":78},
{"Acceptance":[0.10722222222222222],"Energy":{"Mean":-4.620079073203098,"Sigma":0.10995815162060014,"Taucorr":-0.07902064789500485},"EnergyVariance":{"Mean":1.6300092246222873,"Sigma":0.7594068494917318,"Taucorr":0.06264624687035014},"Iteration":79},
{"Acceptance":[0.11666666666666667],"Energy":{"Mean":-4.887524751729587,"Sigma":0.19669963323791456,"Taucorr":-0.030862665377392573},"EnergyVariance":{"Mean":4.710886503553042,"Sigma":2.956073788888857,"Taucorr":0.06620279066244439},"Iteration":80},
{"Acceptance":[0.13666666666666666],"Energy":{"Mean":-4.729539431551045,"Sigma":0.10047879047200291,"Taucorr":0.13669184745270135},"EnergyVariance":{"Mean":0.87979869490712,"Sigma":0.30447929106281707,"Taucorr":0.43096465334581824},"Iteration":81},
{"Acceptance":[0.125],"Energy":{"Mean":-4.645541642706664,"Sigma":0.09502046039669959,"Taucorr":-0.33728151829006686},"EnergyVariance":{"Mean":2.7970598059509806,"Sigma":2.027764897990826,"Taucorr":0.2751320294631361},"Iteration":82},
{"Acceptance":[0.14888888888888888],"Energy":{"Mean":-4.416575462319465,"Sigma":0.2835514214964154,"Taucorr":0.4506618208184131},"EnergyVariance":{"Mean":5.4374744073397085,"Sigma":2.3953856478413043,"Taucorr":0.2476189734826355},"Iteration":83},
{"Acceptance":[0.1511111111111111],"Energy":{"Mean":-4.625746019095032,"Sigma":0.22651842629620295,"Taucorr":-0.22547190112890708},"EnergyVariance":{"Mean":15.965146126032026,"Sigma":8.523142012646826,"Taucorr":-0.005638135556357948},"Iteration":84},
{"Acceptance":[0.125],"Energy":{"Mean":-4.9032335942293575,"Sigma":0.3063538831880447,"Taucorr":0.5486416188409462},"EnergyVariance":{"Mean":5.15819609948123,"Sigma":2.498169678396471,"Taucorr":0.2668893452009635},"Iteration":85},
{"Acceptance":[0.1511111111111111],"Energy":{"Mean":-4.426238469660811,"Sigma":0.12335099319270747,"Taucorr":0.6730516782735116},"EnergyVariance":{"Mean":6.127430271537761,"Sigma":3.9750574881889187,"Taucorr":1.0947377100944755},"Iteration":86},
{"Acceptance":[0.14666666666666667],"Energy":{"Mean":-4.432299506318759,"Sigma":0.34903215267668924,"Taucorr":0.47717244999995556},"EnergyVariance":{"Mean":6.3091105711709465,"Sigma":4.309713069775796,"Taucorr":0.44194182471273336},"Iteration":87},
{"Acceptance":[0.145],"Energy":{"Mean":-4.83376238194012,"Sigma":0.27237105770895287,"Taucorr":0.005592765383746423},"EnergyVariance":{"Mean":7.4480179587347655,"Sigma":6.230725826268802,"Taucorr":0.049317060333866514},"Iteration":88},
{"Acceptance":[0.13166666666666665],"Energy":{"Mean":-4.351737664633568,"Sigma":0.1838683228482418,"Taucorr":0.4521565444220276},"EnergyVariance":{"Mean":3.3021662538007783,"Sigma":1.7162526903827087,"Taucorr":0.4660348976163341},"Iteration":89},
{"Acceptance":[0.14222222222222222],"Energy":{"Mean":-4.726765206649256,"Sigma":0.0858654012863017,"Taucorr":-0.014936498921667984},"EnergyVariance":{"Mean":0.7996011669986292,"Sigma":0.18943572928983796,"Taucorr":0.26533524260147234},"Iteration":90},
{"Acceptance":[0.15055555555555555],"Energy":{"Mean":-5.186771190406655,"Sigma":0.32857566005819455,"Taucorr":0.6155670548828889},"EnergyVariance":{"Mean":5.115824458280333,"Sigma":2.1736568154565123,"Taucorr":0.7507638073346907},"Iteration":91},
{"Acceptance":[0.13111111111111112],"Energy":{"Mean":-4.917403510021002,"Sigma":0.42705545634353825,"Taucorr":0.4512749884352467},"EnergyVariance":{"Mean":9.511596485494206,"Sigma":8.314371950306974,"Taucorr":0.3429351124835448},"Iteration":92},
{"Acceptance":[0.14333333333333334],"Energy":{"Mean":-5.001808024122907,"Sigma":0.26423263002356634,"Taucorr":0.4955848769682025},"EnergyVariance":{"Mean":3.504377889107669,"Sigma":2.2358370837911914,"Taucorr":0.8369451542855422},"Iteration":93},
{"Acceptance":[0.14222222222222222],"Energy":{"Mean":-4.690166772554245,"Sigma":0.1664881577960619,"Taucorr":-0.13368656366604037},"EnergyVariance":{"Mean":3.9388619663369133,"Sigma":2.394167482271741,"Taucorr":0.037572357926629385},"Iteration":94},
{"Acceptance":[0.17],"Energy":{"Mean":-4.939675488828555,"Sigma":0.16786638988680092,"Taucorr":0.04933465364448941},"EnergyVariance":{"Mean":3.164344062541789,"Sigma":1.2247686252169656,"Taucorr":0.4129288590891179},"Iteration":95},
{"Acceptance":[0.1338888888888889],"Energy":{"Mean":-4.61698093668645,"Sigma":0.1126540762396308,"Taucorr":0.050242882502187225},"EnergyVariance":{"Mean":1.9662909281365546,"Sigma":0.8141820724918036,"Taucorr":-0.01140876674360014},"Iteration":96},
{"Acceptance":[0.1411111111111111],"Energy":{"Mean":-4.787140691161565,"Sigma":0.12171253409596487,"Taucorr":0.37507051363442434},"EnergyVariance":{"Mean":0.9485581312347302,"Sigma":0.1913899530758703,"Taucorr":0.26788001996646027},"Iteration":97},
{"Acceptance":[0.15666666666666668],"Energy":{"Mean":-4.35424474261682,"Sigma":0.19610445372072566,"Taucorr":0.12604185878262442},"EnergyVariance":{"Mean":4.5236405946289135,"Sigma":1.36172070646714,"Taucorr":0.06474287742342932},"Iteration":98},
{"Acceptance":[0.16],"Energy":{"Mean":-4.928297903544962,"Sigma":0.157223851719972,"Taucorr":0.12497936422967049},"EnergyVariance":{"Mean":3.024817095274064,"Sigma":1.1715083361358425,"Taucorr":0.10641225648844843},"Iteration":99} 
]}
{"input": {"L": 8, "J": 1, "machine": {"type": "FFNN", "model": ["tanh", 32, 4]}, "sampler": {"type": "MetropolisHop", "d_max": 5}, "optimizer": {"type": "AdaMax", "alpha": 0.001, "beta1": 0.9, "beta2": 0.999, "epscut": 1e-07}, "VMC": {"n_samples": 100, "discarded_samples": 100, "discarded_samples_on_init": 0, "target": "energy", "method": "Gd", "diag_shift": 0.01, "use_iterative": true, "use_cholesky": true}, "n_iter": 100}}
duration: -1.8868296146392822