{"Output": [
{"Acceptance":[0.8183333333333334],"Energy":{"Mean":6.7362914395150035,"Sigma":0.19216772118198505,"Taucorr":-0.018530815098438458},"EnergyVariance":{"Mean":3.8061287660050547,"Sigma":0.4689334907039419,"Taucorr":-0.1391718894802617},"Iteration":0},
{"Acceptance":[0.7438888888888889],"Energy":{"Mean":6.141538924686968,"Sigma":0.2685047568136535,"Taucorr":0.12120848677903162},"EnergyVariance":{"Mean":5.9346205251035995,"Sigma":0.7713396856137894,"Taucorr":-0.014648057116746827},"Iteration":1},
{"Acceptance":[0.6838888888888889],"Energy":{"Mean":5.770238943711418,"Sigma":0.2753905556202643,"Taucorr":0.10844548158975054},"EnergyVariance":{"Mean":6.582639028555833,"Sigma":1.1598623836102027,"Taucorr":0.2610057134687124},"Iteration":2},
{"Acceptance":[0.6055555555555555],"Energy":{"Mean":5.23585724832686,"Sigma":0.23020526607128472,"Taucorr":-0.071817097941628},"EnergyVariance":{"Mean":6.713294095912872,"Sigma":0.6274007237632624,"Taucorr":-0.22130332683312748},"Iteration":3},
{"Acceptance":[0.56],"Energy":{"Mean":4.431497824684701,"Sigma":0.35527320585852656,"Taucorr":0.08503283550123397},"EnergyVariance":{"Mean":11.276220881951408,"Sigma":0.9578378942348644,"Taucorr":-0.15610958779527978},"Iteration":4},
{"Acceptance":[0.54],"Energy":{"Mean":3.729330369451924,"Sigma":0.3125533631646311,"Taucorr":0.26126923898419285},"EnergyVariance":{"Mean":7.535961112139251,"Sigma":0.9060117497384711,"Taucorr":0.056252311544011446},"Iteration":5},
{"Acceptance":[0.4638888888888889],"Energy":{"Mean":3.7135376724365754,"Sigma":0.3029699432769583,"Taucorr":0.16368721502905503},"EnergyVariance":{"Mean":8.2070894145561,"Sigma":0.9419419031384209,"Taucorr":0.012468374189688491},"Iteration":6},
{"Acceptance":[0.4255555555555556],"Energy":{"Mean":2.8433470111729657,"Sigma":0.3729165484742597,"Taucorr":0.2985914388461046},"EnergyVariance":{"Mean":11.131797084303988,"Sigma":1.0527778388198687,"Taucorr":-0.20823061255517838},"Iteration":7},
{"Acceptance":[0.37166666666666665],"Energy":{"Mean":2.0812998590624847,"Sigma":0.3504057439427673,"Taucorr":0.3196683547270437},"EnergyVariance":{"Mean":9.397269139426026,"Sigma":1.156233024447242,"Taucorr":0.1138254303468188},"Iteration":8},
{"Acceptance":[0.35777777777777775],"Energy":{"Mean":1.452859634207667,"Sigma":0.3274793680518459,"Taucorr":0.30786385414699324},"EnergyVariance":{"Mean":8.896396982560338,"Sigma":1.158948563638041,"Taucorr":0.023057330786707353},"Iteration":9},
{"Acceptance":[0.3461111111111111],"Energy":{"Mean":1.6059859702065586,"Sigma":0.4133461466949046,"Taucorr":0.5453026050719918},"EnergyVariance":{"Mean":11.39682434934727,"Sigma":1.5374741458881855,"Taucorr":0.2882339471515052},"Iteration":10},
{"Acceptance":[0.2966666666666667],"Energy":{"Mean":0.8438282385084894,"Sigma":0.34006645337520586,"Taucorr":0.24563904222245736},"EnergyVariance":{"Mean":10.53320130621056,"Sigma":1.6676810697570577,"Taucorr":-0.09218643419275258},"Iteration":11},
{"Acceptance":[0.2594444444444444],"Energy":{"Mean":0.11821224508721181,"Sigma":0.2643687792861693,"Taucorr":0.10487404235985998},"EnergyVariance":{"Mean":8.712665948158895,"Sigma":1.2021206960248079,"Taucorr":0.047151158391074866},"Iteration":12},
{"Acceptance":[0.23555555555555555],"Energy":{"Mean":-0.012781637961712576,"Sigma":0.33274380524491226,"Taucorr":0.33916128817316815},"EnergyVariance":{"Mean":10.765892641855597,"Sigma":1.7757789536535609,"Taucorr":0.13237119164339728},"Iteration":13},
{"Acceptance":[0.24166666666666667],"Energy":{"Mean":-0.8607458766584091,"Sigma":0.40371486437484266,"Taucorr":0.45996343214342483},"EnergyVariance":{"Mean":11.74036512465375,"Sigma":2.3595532282286453,"Taucorr":0.058130707599293285},"Iteration":14},
{"Acceptance":[0.22444444444444445],"Energy":{"Mean":-1.28078301507163,"Sigma":0.32548198482632945,"Taucorr":0.4421196188960239},"EnergyVariance":{"Mean":11.44446124811929,"Sigma":2.6490890570986565,"Taucorr":0.2311149701447146},"Iteration":15},
{"Acceptance":[0.22611111111111112],"Energy":{"Mean":-1.6812532332755399,"Sigma":0.3113913329988961,"Taucorr":0.6657644076213713},"EnergyVariance":{"Mean":6.858397450760209,"Sigma":1.5848822673010723,"Taucorr":0.17755305638464236},"Iteration":16},
{"Acceptance":[0.2038888888888889],"Energy":{"Mean":-1.4092042377777099,"Sigma":0.3362823515721829,"Taucorr":0.32471376636940363},"EnergyVariance":{"Mean":9.479748845338436,"Sigma":2.2479139635034335,"Taucorr":0.21003896721298265},"Iteration":17},
{"Acceptance":[0.19111111111111112],"Energy":{"Mean":-1.5434637819160564,"Sigma":0.4154951918027693,"Taucorr":0.7550228337884},"EnergyVariance":{"Mean":10.587552390847838,"Sigma":2.8932314989391767,"Taucorr":0.5051807631639649},"Iteration":18},
{"Acceptance":[0.16],"Energy":{"Mean":-1.771497614808077,"Sigma":0.4451738006022069,"Taucorr":0.7106819884331121},"EnergyVariance":{"Mean":12.508677612913333,"Sigma":3.504165885645391,"Taucorr":0.006017145610739849},"Iteration":19},
{"Acceptance":[0.165],"Energy":{"Mean":-2.5304520108765765,"Sigma":0.17282386265728453,"Taucorr":0.12878744395684494},"EnergyVariance":{"Mean":4.520563450431615,"Sigma":1.3656066337158264,"Taucorr":0.24606350694151313},"Iteration":20},
{"Acceptance":[0.15888888888888889],"Energy":{"Mean":-2.57872212801217,"Sigma":0.18880710313327292,"Taucorr":0.3947743990052376},"EnergyVariance":{"Mean":2.8273472766472225,"Sigma":0.6267314046063903,"Taucorr":0.1629433344025778},"Iteration":21},
{"Acceptance":[0.13666666666666666],"Energy":{"Mean":-2.6198144573205475,"Sigma":0.4330042839455368,"Taucorr":0.7250076812502104},"EnergyVariance":{"Mean":9.095956750046014,"Sigma":4.93359706956857,"Taucorr":0.31285251284540205},"Iteration":22},
{"Acceptance":[0.12222222222222222],"Energy":{"Mean":-3.3322388686539153,"Sigma":0.19218732995987797,"Taucorr":0.0628584471080228},"EnergyVariance":{"Mean":6.39308724511037,"Sigma":2.3094532347109014,"Taucorr":0.17514107086023678},"Iteration":23},
{"Acceptance":[0.12944444444444445],"Energy":{"Mean":-2.981835014415255,"Sigma":0.3415237034526328,"Taucorr":0.5340415461377397},"EnergyVariance":{"Mean":8.288832756355632,"Sigma":3.7864613089266914,"Taucorr":0.388164263073278},"Iteration":24},
{"Acceptance":[0.12333333333333334],"Energy":{"Mean":-3.080853271034479,"Sigma":0.2940354710165416,"Taucorr":0.5284035407552283},"EnergyVariance":{"Mean":5.141506286096458,"Sigma":2.5853005876671125,"Taucorr":0.2696971942732366},"Iteration":25},
{"Acceptance":[0.11833333333333333],"Energy":{"Mean":-3.4288261215389975,"Sigma":0.24290574163611806,"Taucorr":0.5337031843947639},"EnergyVariance":{"Mean":4.1446023311866185,"Sigma":1.8660055693199054,"Taucorr":0.234767558525236},"Iteration":26},
{"Acceptance":[0.1272222222222222],"Energy":{"Mean":-3.1319127817214887,"Sigma":0.2217190119094198,"Taucorr":0.2964772142933728},"EnergyVariance":{"Mean":9.76040857334977,"Sigma":2.653107300601711,"Taucorr":0.24947608239209884},"Iteration":27},
{"Acceptance":[0.12277777777777778],"Energy":{"Mean":-3.108002303239992,"Sigma":0.3758990757574624,"Taucorr":0.31896559067697183},"EnergyVariance":{"Mean":17.641688835882174,"Sigma":5.742473520029615,"Taucorr":0.31855890732227243},"Iteration":28},
{"Acceptance":[0.10611111111111111],"Energy":{"Mean":-3.2571577646222143,"Sigma":0.27131399823174707,"Taucorr":0.24449282949998608},"EnergyVariance":{"Mean":8.039833753449749,"Sigma":3.8889912679634184,"Taucorr":0.2215932034635928},"Iteration":29},
{"Acceptance":[0.115],"Energy":{"Mean":-3.4743174040812654,"Sigma":0.3944840047457659,"Taucorr":0.623798381941137},"EnergyVariance":{"Mean":8.401276750551284,"Sigma":3.3112280080315175,"Taucorr":0.13691898958168602},"Iteration":30},
{"Acceptance":[0.11666666666666667],"Energy":{"Mean":-3.3151679158912146,"Sigma":0.3323761434133967,"Taucorr":0.08446794777790223},"EnergyVariance":{"Mean":14.790384257371434,"Sigma":4.134400929172097,"Taucorr":-0.07992181330090681},"Iteration":31},
{"Acceptance":[0.09833333333333333],"Energy":{"Mean":-3.8651629978031936,"Sigma":0.16682727671368705,"Taucorr":0.3621409954378427},"EnergyVariance":{"Mean":4.929567976320424,"Sigma":3.3369726453775392,"Taucorr":0.5811127814382855},"Iteration":32},
{"Acceptance":[0.11333333333333333],"Energy":{"Mean":-3.747179752000765,"Sigma":0.2728163497811939,"Taucorr":0.1618253238829097},"EnergyVariance":{"Mean":8.725312440340472,"Sigma":3.6935614102332397,"Taucorr":-0.025392189540609678},"Iteration":33},
{"Acceptance":[0.09722222222222222],"Energy":{"Mean":-3.9658506861020912,"Sigma":0.29763734728161645,"Taucorr":0.7155620694377831},"EnergyVariance":{"Mean":7.233421497652755,"Sigma":4.438185835358633,"Taucorr":0.3966128769085163},"Iteration":34},
{"Acceptance":[0.09722222222222222],"Energy":{"Mean":-3.915700322382726,"Sigma":0.2040793147607393,"Taucorr":0.8160055803660176},"EnergyVariance":{"Mean":3.882935647649943,"Sigma":1.5612193877857707,"Taucorr":0.011124572765773055},"Iteration":35},
{"Acceptance":[0.12111111111111111],"Energy":{"Mean":-3.613674448987183,"Sigma":0.2598826184358109,"Taucorr":0.08559111813995801},"EnergyVariance":{"Mean":7.341462515914432,"Sigma":3.809574071221605,"Taucorr":-0.0205877364446026},"Iteration":36},
{"Acceptance":[0.08555555555555555],"Energy":{"Mean":-4.015582585687594,"Sigma":0.23202535724098775,"Taucorr":0.8091868637861119},"EnergyVariance":{"Mean":5.14023870224697,"Sigma":3.7753436896877446,"Taucorr":0.49538782440582674},"Iteration":37},
{"Acceptance":[0.09055555555555556],"Energy":{"Mean":-4.239567431559964,"Sigma":0.15795323563511765,"Taucorr":0.05534624563379753},"EnergyVariance":{"Mean":2.2915336305169296,"Sigma":1.114159153897941,"Taucorr":0.1478933895251554},"Iteration":38},
{"Acceptance":[0.09333333333333334],"Energy":{"Mean":-4.105686014577717,"Sigma":0.2676083906674416,"Taucorr":0.02171430612625891},"EnergyVariance":{"Mean":8.440471450442761,"Sigma":4.7076828429610265,"Taucorr":-0.00743615758692745},"Iteration":39},
{"Acceptance":[0.10333333333333333],"Energy":{"Mean":-3.978392474101083,"Sigma":0.2950880308480449,"Taucorr":0.187072414845864},"EnergyVariance":{"Mean":8.78910474979587,"Sigma":5.239714858399626,"Taucorr":-0.004638052380382507},"Iteration":40},
{"Acceptance":[0.09944444444444445],"Energy":{"Mean":-4.280981722512847,"Sigma":0.19888598843645708,"Taucorr":0.2377339852201199},"EnergyVariance":{"Mean":4.454513824519811,"Sigma":2.1672630748742616,"Taucorr":-0.011289680429563853},"Iteration":41},
{"Acceptance":[0.11666666666666667],"Energy":{"Mean":-4.240874629528876,"Sigma":0.2054085948704559,"Taucorr":0.07713813500156874},"EnergyVariance":{"Mean":6.449582170479404,"Sigma":2.6163003660307136,"Taucorr":-0.00636851197179833},"Iteration":42},
{"Acceptance":[0.08777777777777777],"Energy":{"Mean":-4.153344475526612,"Sigma":0.16981579016964854,"Taucorr":0.6319716702119502},"EnergyVariance":{"Mean":3.760176292390246,"Sigma":2.453426257396479,"Taucorr":0.5130369446653822},"Iteration":43},
{"Acceptance":[0.10333333333333333],"Energy":{"Mean":-4.72311101102022,"Sigma":0.17033605688695666,"Taucorr":-0.039604052319079985},"EnergyVariance":{"Mean":4.360094175439568,"Sigma":2.0190815748138022,"Taucorr":0.01483656059293792},"Iteration":44},
{"Acceptance":[0.09666666666666666],"Energy":{"Mean":-4.5220047836146495,"Sigma":0.1751130499321564,"Taucorr":0.48324249114614104},"EnergyVariance":{"Mean":3.7228611202443718,"Sigma":1.7267298462508789,"Taucorr":-0.008810010499755938},"Iteration":45},
{"Acceptance":[0.12833333333333333],"Energy":{"Mean":-4.553575880842602,"Sigma":0.23832573522056158,"Taucorr":0.2686783367050386},"EnergyVariance":{"Mean":5.23709492649276,"Sigma":2.55492848107754,"Taucorr":0.03835839505890537},"Iteration":46},
{"Acceptance":[0.10666666666666667],"Energy":{"Mean":-4.161137213785535,"Sigma":0.23374217116217783,"Taucorr":-0.13984253950473602},"EnergyVariance":{"Mean":9.46976131564149,"Sigma":5.769021721839371,"Taucorr":0.04286632441666027},"Iteration":47},
{"Acceptance":[0.09333333333333334],"Energy":{"Mean":-4.491440600431104,"Sigma":0.2371032261933221,"Taucorr":0.39635896868923814},"EnergyVariance":{"Mean":4.132570003608966,"Sigma":1.9153227519143203,"Taucorr":0.0032261886546828267},"Iteration":48},
{"Acceptance":[0.10888888888888888],"Energy":{"Mean":-4.503452049837302,"Sigma":0.1648604252710745,"Taucorr":0.27520833647082854},"EnergyVariance":{"Mean":2.9198385650684258,"Sigma":1.239477558456817,"Taucorr":0.013917264965093268},"Iteration":49},
{"Acceptance":[0.11388888888888889],"Energy":{"Mean":-4.509051194836082,"Sigma":0.147941148693656,"Taucorr":0.18307236575054875},"EnergyVariance":{"Mean":1.7309596370451468,"Sigma":0.6198695680140061,"Taucorr":0.5953013740478978},"Iteration":50},
{"Acceptance":[0.12],"Energy":{"Mean":-4.592659047983535,"Sigma":0.24045341049483812,"Taucorr":-0.14884591869081393},"EnergyVariance":{"Mean":12.911496990084688,"Sigma":6.933172658905474,"Taucorr":0.08681614596004583},"Iteration":51},
{"Acceptance":[0.11666666666666667],"Energy":{"Mean":-4.715698888182118,"Sigma":0.2205660004396368,"Taucorr":-0.046380391381280195},"EnergyVariance":{"Mean":6.170214939597063,"Sigma":2.51110599540476,"Taucorr":0.010102572546998423},"Iteration":52},
{"Acceptance":[0.125],"Energy":{"Mean":-4.3274952102452975,"Sigma":0.1822232793433648,"Taucorr":0.17541757324918916},"EnergyVariance":{"Mean":2.656043999816332,"Sigma":0.8146008556549434,"Taucorr":0.40760324547400706},"Iteration":53},
{"Acceptance":[0.10555555555555556],"Energy":{"Mean":-4.539142692783118,"Sigma":0.22013724915346672,"Taucorr":-0.10898893882296062},"EnergyVariance":{"Mean":9.223799699056283,"Sigma":5.095123938750481,"Taucorr":0.5769042017655375},"Iteration":54},
{"Acceptance":[0.12611111111111112],"Energy":{"Mean":-4.524555229742058,"Sigma":0.30879335551503956,"Taucorr":0.0380641090891094},"EnergyVariance":{"Mean":13.208697147399382,"Sigma":6.425701992013494,"Taucorr":0.03551122387045802},"Iteration":55},
{"Acceptance":[0.11666666666666667],"Energy":{"Mean":-4.928469017905654,"Sigma":0.3611537367974092,"Taucorr":0.34118697459306313},"EnergyVariance":{"Mean":11.494742268698378,"Sigma":5.843410909418356,"Taucorr":0.34469199306216003},"Iteration":56},
{"Acceptance":[0.13166666666666665],"Energy":{"Mean":-5.257169358568324,"Sigma":0.5723833384514612,"Taucorr":1.4591072410586436},"EnergyVariance":{"Mean":14.916709631765462,"Sigma":12.378433518610317,"Taucorr":1.4432809416138201},"Iteration":57},
{"Acceptance":[0.10666666666666667],"Energy":{"Mean":-4.542754663001519,"Sigma":0.13910684723830602,"Taucorr":0.08661176353984812},"EnergyVariance":{"Mean":3.027691855436228,"Sigma":1.911421211627403,"Taucorr":0.496074920628643},"Iteration":58},
{"Acceptance":[0.12166666666666667],"Energy":{"Mean":-4.61982073817686,"Sigma":0.19745021870672955,"Taucorr":0.024578220393817296},"EnergyVariance":{"Mean":4.900043076572503,"Sigma":1.4789235903667672,"Taucorr":0.23122292748732431},"Iteration":59},
{"Acceptance":[0.11388888888888889],"Energy":{"Mean":-4.480390173842698,"Sigma":0.12818047467593066,"Taucorr":0.29888808436341974},"EnergyVariance":{"Mean":1.0857280743594373,"Sigma":0.3515713557187291,"Taucorr":0.39107118123777607},"Iteration":60},
{"Acceptance":[0.10888888888888888],"Energy":{"Mean":-4.686618935408567,"Sigma":0.16208564793214855,"Taucorr":0.2069237327516743},"EnergyVariance":{"Mean":3.73570285350673,"Sigma":1.6876289161022806,"Taucorr":0.26485777005908573},"Iteration":61},
{"Acceptance":[0.10444444444444445],"Energy":{"Mean":-4.732145030893156,"Sigma":0.14162410296735964,"Taucorr":0.08073465597882812},"EnergyVariance":{"Mean":2.687589760733275,"Sigma":1.1119968414580819,"Taucorr":-0.019854000021506057},"Iteration":62},
{"Acceptance":[0.11666666666666667],"Energy":{"Mean":-4.452272035784136,"Sigma":0.13684594145702234,"Taucorr":-0.09812009381634412},"EnergyVariance":{"Mean":2.3621183744396457,"Sigma":0.6313530847631048,"Taucorr":0.004859126279137427},"Iteration":63},
{"Acceptance":[0.13055555555555556],"Energy":{"Mean":-4.569918109842887,"Sigma":0.3094282551191073,"Taucorr":0.5653522026781554},"EnergyVariance":{"Mean":5.531616384940252,"Sigma":2.367756244707527,"Taucorr":0.8538851783715249},"Iteration":64},
{"Acceptance":[0.12944444444444445],"Energy":{"Mean":-5.3260833591945405,"Sigma":0.3551945060790784,"Taucorr":-0.07137047916274442},"EnergyVariance":{"Mean":14.975699042976332,"Sigma":7.032200344416699,"Taucorr":-0.028146496203740268},"Iteration":65},
{"Acceptance":[0.1288888888888889],"Energy":{"Mean":-4.935511253665102,"Sigma":0.17456433474681238,"Taucorr":0.03373119684103165},"EnergyVariance":{"Mean":3.4643212622202677,"Sigma":1.697705162432909,"Taucorr":0.5119605997047356},"Iteration":66},
{"Acceptance":[0.13166666666666665],"Energy":{"Mean":-4.411524615587449,"Sigma":0.22443285876579225,"Taucorr":-0.007153923874588242},"EnergyVariance":{"Mean":5.000863400483336,"Sigma":3.0518294116723164,"Taucorr":0.10655182907015759},"Iteration":67},
{"Acceptance":[0.13277777777777777],"Energy":{"Mean":-5.00170229229077,"Sigma":0.18912661290588856,"Taucorr":0.3901455676913751},"EnergyVariance":{"Mean":3.7278868771587,"Sigma":1.9268509048085292,"Taucorr":0.6991899327864077},"Iteration":68},
{"Acceptance":[0.13555555555555557],"Energy":{"Mean":-4.644519464268906,"Sigma":0.1822697942173405,"Taucorr":0.26065116756398743},"EnergyVariance":{"Mean":2.742809522579309,"Sigma":0.996932480373234,"Taucorr":-0.0468175366621445},"Iteration":69},
{"Acceptance":[0.1338888888888889],"Energy":{"Mean":-4.306453206301437,"Sigma":0.47078533827687763,"Taucorr":0.418813411274344},"EnergyVariance":{"Mean":13.84434077405897,"Sigma":10.841447603164413,"Taucorr":0.488838284184253},"Iteration":70},
{"Acceptance":[0.11944444444444445],"Energy":{"Mean":-4.996324299617306,"Sigma":0.2755539138288528,"Taucorr":0.44663339167774196},"EnergyVariance":{"Mean":4.256348704334808,"Sigma":1.0908411242223328,"Taucorr":0.27881661571059724},"Iteration":71},
{"Acceptance":[0.13333333333333333],"Energy":{"Mean":-4.886244473434468,"Sigma":0.491199286820043,"Taucorr":0.24745410561335146},"EnergyVariance":{"Mean":18.04049345096864,"Sigma":11.024588302740797,"Taucorr":-0.007552085578845791},"Iteration":72},
{"Acceptance":[0.11666666666666667],"Energy":{"Mean":-4.822971698728747,"Sigma":0.23310139512495234,"Taucorr":0.5178679156571091},"EnergyVariance":{"Mean":3.194272654026902,"Sigma":1.6741336662793915,"Taucorr":0.36740372041018454},"Iteration":73},
{"Acceptance":[0.15388888888888888],"Energy":{"Mean":-5.335474608362884,"Sigma":0.4103989129220829,"Taucorr":0.5285098597326296},"EnergyVariance":{"Mean":10.555499299188767,"Sigma":3.6341403287439147,"Taucorr":0.17375610334893943},"Iteration":74},
{"Acceptance":[0.14666666666666667],"Energy":{"Mean":-4.645275451061231,"Sigma":0.22770908952969723,"Taucorr":0.5524544106902762},"EnergyVariance":{"Mean":2.8755228891251248,"Sigma":1.0489674875574209,"Taucorr":0.33460090099808504},"Iteration":75},
{"Acceptance":[0.14333333333333334],"Energy":{"Mean":-5.009166273436593,"Sigma":0.3224487716076821,"Taucorr":0.13166706940947037},"EnergyVariance":{"Mean":8.632566841753427,"Sigma":3.7285711694032555,"Taucorr":-0.011640100479623938},"Iteration":76},
{"Acceptance":[0.1238888888888889],"Energy":{"Mean":-5.523250429426771,"Sigma":0.307181678843373,"Taucorr":0.037798485038614826},"EnergyVariance":{"Mean":9.033478148139924,"Sigma":4.768166564766477,"Taucorr":0.5548447227028281},"Iteration":77},
{"Acceptance":[0.1411111111111111],"Energy":{"Mean":-5.569019809160782,"Sigma":0.2991029992633646,"Taucorr":0.06063783575069592},"EnergyVariance":{"Mean":8.260956855936207,"Sigma":4.537708243748781,"Taucorr":-0.008075631522914961},"Iteration":78},
{"Acceptance":[0.12611111111111112],"Energy":{"Mean":-5.187384553740536,"Sigma":0.13132392155050399,"Taucorr":-0.15701223430464661},"EnergyVariance":{"Mean":2.7420549347711987,"Sigma":0.874843624321042,"Taucorr":0.10127985024370967},"Iteration":79},
{"Acceptance":[0.12611111111111112],"Energy":{"Mean":-5.2284302713668716,"Sigma":0.33180244864172803,"Taucorr":0.7819178402674323},"EnergyVariance":{"Mean":4.76046551335427,"Sigma":1.8452476896549508,"Taucorr":0.7683211390978351},"Iteration":80},
{"Acceptance":[0.12833333333333333],"Energy":{"Mean":-5.057143959976082,"Sigma":0.2608604939449447,"Taucorr":0.5859845363696654},"EnergyVariance":{"Mean":3.2877369812280626,"Sigma":1.2065012643485544,"Taucorr":0.3996544460284813},"Iteration":81},
{"Acceptance":[0.12944444444444445],"Energy":{"Mean":-5.026210716036154,"Sigma":0.14054365652605244,"Taucorr":0.1187776794854285},"EnergyVariance":{"Mean":1.8716489019871092,"Sigma":0.6961279167673342,"Taucorr":0.2438210618991543},"Iteration":82},
{"Acceptance":[0.13333333333333333],"Energy":{"Mean":-5.169296628498941,"Sigma":0.16154504244757448,"Taucorr":0.09272515679319615},"EnergyVariance":{"Mean":2.3616783932634497,"Sigma":0.9280179754909256,"Taucorr":0.5711526409758503},"Iteration":83},
{"Acceptance":[0.1411111111111111],"Energy":{"Mean":-4.715226957523668,"Sigma":0.22637492737315046,"Taucorr":0.36888887507830315},"EnergyVariance":{"Mean":2.9866342750185835,"Sigma":0.8098886964309828,"Taucorr":0.15462304547280648},"Iteration":84},
{"Acceptance":[0.15055555555555555],"Energy":{"Mean":-5.013407071268631,"Sigma":0.3620046101397186,"Taucorr":0.04788248499101133},"EnergyVariance":{"Mean":12.992617826276685,"Sigma":7.284572639880062,"Taucorr":-0.009707330762067035},"Iteration":85},
{"Acceptance":[0.12666666666666668],"Energy":{"Mean":-5.455179234924962,"Sigma":0.24662267096432144,"Taucorr":0.19377902398735325},"EnergyVariance":{"Mean":4.5913579372981514,"Sigma":1.229483426539029,"Taucorr":0.5759373955146909},"Iteration":86},
{"Acceptance":[0.11055555555555556],"Energy":{"Mean":-5.062435279358354,"Sigma":0.15958542949143353,"Taucorr":0.21407882886672713},"EnergyVariance":{"Mean":1.8333525140540918,"Sigma":0.568516991042329,"Taucorr":0.02526323741488168},"Iteration":87},
{"Acceptance":[0.15444444444444444],"Energy":{"Mean":-4.521991458433386,"Sigma":0.35744283348850087,"Taucorr":0.2758102872013568},"EnergyVariance":{"Mean":8.412104707092672,"Sigma":3.9079780562483983,"Taucorr":-0.01795929875834773},"Iteration":88},
{"Acceptance":[0.14444444444444443],"Energy":{"Mean":-5.300700445381887,"Sigma":0.2228900368770206,"Taucorr":0.21487530069971428},"EnergyVariance":{"Mean":3.5108993347025805,"Sigma":0.9306150976919911,"Taucorr":0.12559771478055815},"Iteration":89},
{"Acceptance":[0.15222222222222223],"Energy":{"Mean":-5.6069855133870075,"Sigma":0.30462253616353824,"Taucorr":0.26943980803295264},"EnergyVariance":{"Mean":5.881432449896145,"Sigma":2.6743519624538235,"Taucorr":0.09070928154687474},"Iteration":90},
{"Acceptance":[0.12222222222222222],"Energy":{"Mean":-5.164978574807634,"Sigma":0.3415112932417624,"Taucorr":-0.004634573918552931},"EnergyVariance":{"Mean":12.503901321828248,"Sigma":6.543224510871893,"Taucorr":0.028614338296087283},"Iteration":91},
{"Acceptance":[0.13777777777777778],"Energy":{"Mean":-5.9297992222421225,"Sigma":0.2587220538076357,"Taucorr":0.5466968300754469},"EnergyVariance":{"Mean":3.18443875199303,"Sigma":1.0333393092392205,"Taucorr":0.5792410778532324},"Iteration":92},
{"Acceptance":[0.145],"Energy":{"Mean":-5.362390608291792,"Sigma":0.2605196970919772,"Taucorr":0.37508137163185407},"EnergyVariance":{"Mean":3.80855656706261,"Sigma":0.9910120211937121,"Taucorr":0.1720437520180469},"Iteration":93},
{"Acceptance":[0.15055555555555555],"Energy":{"Mean":-5.868313301393205,"Sigma":0.4312198894083689,"Taucorr":0.42379373756317984},"EnergyVariance":{"Mean":9.745708534712113,"Sigma":3.427860232233242,"Taucorr":0.04565264360923926},"Iteration":94},
{"Acceptance":[0.1411111111111111],"Energy":{"Mean":-5.2704655567884595,"Sigma":0.20053601024477802,"Taucorr":-0.056461483108631194},"EnergyVariance":{"Mean":4.383750004998926,"Sigma":1.023447257492402,"Taucorr":0.0955043589633342},"Iteration":95},
{"Acceptance":[0.16055555555555556],"Energy":{"Mean":-6.250833456074757,"Sigma":0.3036555098518747,"Taucorr":0.4162944056578659},"EnergyVariance":{"Mean":4.847531840494776,"Sigma":0.9077749455377019,"Taucorr":0.4310291296722464},"Iteration":96},
{"Acceptance":[0.1711111111111111],"Energy":{"Mean":-6.32650313228887,"Sigma":0.41449912550767165,"Taucorr":0.26374358031927514},"EnergyVariance":{"Mean":10.99599756655031,"Sigma":4.424011897557233,"Taucorr":0.4221819488724139},"Iteration":97},
{"Acceptance":[0.16666666666666666],"Energy":{"Mean":-5.723866159475786,"Sigma":0.25040522856196995,"Taucorr":0.10051546521357324},"EnergyVariance":{"Mean":5.167547820976723,"Sigma":1.8872538470407871,"Taucorr":0.284678151625573},"Iteration":98},
{"Acceptance":[0.1638888888888889],"Energy":{"Mean":-5.81835457736364,"Sigma":0.3078100032161348,"Taucorr":-0.03259024662706844},"EnergyVariance":{"Mean":9.922690955199027,"Sigma":7.316468178656435,"Taucorr":-0.009969029518404282},"Iteration":99} 
]}
{"input": {"L": 8, "J": 1, "machine": {"type": "FFNN", "model": ["tanh", 36, 2]}, "sampler": {"type": "MetropolisHop", "d_max": 5}, "optimizer": {"type": "AdaMax", "alpha": 0.001, "beta1": 0.9, "beta2": 0.999, "epscut": 1e-07}, "VMC": {"n_samples": 100, "discarded_samples": 100, "discarded_samples_on_init": 0, "target": "energy", "method": "Gd", "diag_shift": 0.01, "use_iterative": true, "use_cholesky": true}, "n_iter": 100}}
duration: -0.8728795051574707