{"Output": [
{"Acceptance":[0.7811111111111111],"Energy":{"Mean":6.864159145188006,"Sigma":0.20715115433174808,"Taucorr":0.005914254740479685},"EnergyVariance":{"Mean":4.401131596331977,"Sigma":0.5105763552280281,"Taucorr":0.023577016671449735},"Iteration":0},
{"Acceptance":[0.6511111111111111],"Energy":{"Mean":5.905798540820357,"Sigma":0.2974552456965537,"Taucorr":0.31534219033113},"EnergyVariance":{"Mean":6.4041839903389395,"Sigma":0.96830775200122,"Taucorr":0.26123208879179716},"Iteration":1},
{"Acceptance":[0.5855555555555556],"Energy":{"Mean":5.410733309414127,"Sigma":0.20411493294709376,"Taucorr":-0.019304667153730914},"EnergyVariance":{"Mean":5.882851132413009,"Sigma":0.658581110427587,"Taucorr":0.04185111017949694},"Iteration":2},
{"Acceptance":[0.5422222222222223],"Energy":{"Mean":4.2094707538738785,"Sigma":0.286047415357758,"Taucorr":0.14458104172929542},"EnergyVariance":{"Mean":9.40791127440143,"Sigma":1.5244379258473655,"Taucorr":0.08023751977054816},"Iteration":3},
{"Acceptance":[0.4488888888888889],"Energy":{"Mean":2.709289632214181,"Sigma":0.279325938246064,"Taucorr":0.1778875283064607},"EnergyVariance":{"Mean":8.850105633163938,"Sigma":0.9288459510448563,"Taucorr":-0.08325633928029047},"Iteration":4},
{"Acceptance":[0.4488888888888889],"Energy":{"Mean":2.183929502250743,"Sigma":0.2835676647819665,"Taucorr":0.18579171860402632},"EnergyVariance":{"Mean":10.539705380421308,"Sigma":1.6139734770797758,"Taucorr":0.24482989845742997},"Iteration":5},
{"Acceptance":[0.36277777777777775],"Energy":{"Mean":1.2175677854775022,"Sigma":0.3696598476889068,"Taucorr":0.4699780052810558},"EnergyVariance":{"Mean":14.778664135390807,"Sigma":4.55733651209577,"Taucorr":0.31869851080206235},"Iteration":6},
{"Acceptance":[0.30833333333333335],"Energy":{"Mean":0.2200049753106768,"Sigma":0.26565210755315305,"Taucorr":0.2653497311190762},"EnergyVariance":{"Mean":8.076856990041952,"Sigma":0.7171884841430415,"Taucorr":0.11983277443228646},"Iteration":7},
{"Acceptance":[0.28888888888888886],"Energy":{"Mean":-0.36104991219904115,"Sigma":0.27303079580900796,"Taucorr":0.3939773873666099},"EnergyVariance":{"Mean":10.113003805061764,"Sigma":1.8647041576189742,"Taucorr":0.020433188633062982},"Iteration":8},
{"Acceptance":[0.2827777777777778],"Energy":{"Mean":-0.7106112942024713,"Sigma":0.2681838384158906,"Taucorr":0.337217637007833},"EnergyVariance":{"Mean":11.99420045737323,"Sigma":3.2554171178975557,"Taucorr":0.4728420382212344},"Iteration":9},
{"Acceptance":[0.22666666666666666],"Energy":{"Mean":-1.4492279206144445,"Sigma":0.2981795279603161,"Taucorr":0.5600015353461274},"EnergyVariance":{"Mean":12.057068018083518,"Sigma":2.674783033322091,"Taucorr":0.21195516817039006},"Iteration":10},
{"Acceptance":[0.215],"Energy":{"Mean":-1.9532525845615063,"Sigma":0.24553400564720224,"Taucorr":0.43610330936848474},"EnergyVariance":{"Mean":5.4029934161994735,"Sigma":0.8773360015480045,"Taucorr":0.11446443203999013},"Iteration":11},
{"Acceptance":[0.17444444444444446],"Energy":{"Mean":-2.478443975375562,"Sigma":0.23954754802763326,"Taucorr":0.11389277587627655},"EnergyVariance":{"Mean":6.722221160343231,"Sigma":1.4004031198192204,"Taucorr":0.2337107153829595},"Iteration":12},
{"Acceptance":[0.15722222222222224],"Energy":{"Mean":-2.880296626066145,"Sigma":0.2555600595860813,"Taucorr":0.49446480614198807},"EnergyVariance":{"Mean":5.87957928369565,"Sigma":1.67945103166161,"Taucorr":0.3982530897389509},"Iteration":13},
{"Acceptance":[0.14833333333333334],"Energy":{"Mean":-3.1945913453642403,"Sigma":0.24472289622519597,"Taucorr":0.3353040894030326},"EnergyVariance":{"Mean":5.490495092932282,"Sigma":1.4986007742035983,"Taucorr":0.09114073750592033},"Iteration":14},
{"Acceptance":[0.13055555555555556],"Energy":{"Mean":-2.9625568412398637,"Sigma":0.2690924250787613,"Taucorr":0.5545380624959657},"EnergyVariance":{"Mean":4.911577947610346,"Sigma":1.1753342306836971,"Taucorr":0.4349252968311047},"Iteration":15},
{"Acceptance":[0.1361111111111111],"Energy":{"Mean":-3.2103639245066162,"Sigma":0.3562012182270939,"Taucorr":0.7119004589027054},"EnergyVariance":{"Mean":7.905139939031199,"Sigma":2.4512427048201944,"Taucorr":0.06572262936553253},"Iteration":16},
{"Acceptance":[0.15555555555555556],"Energy":{"Mean":-3.5874570735352487,"Sigma":0.22464914192138116,"Taucorr":0.06477930230125717},"EnergyVariance":{"Mean":5.922349245941113,"Sigma":1.5745143786699924,"Taucorr":0.08129692974018288},"Iteration":17},
{"Acceptance":[0.105],"Energy":{"Mean":-3.8420586378249095,"Sigma":0.25792133488680813,"Taucorr":0.10865661477545197},"EnergyVariance":{"Mean":6.382372968923728,"Sigma":2.476335507070255,"Taucorr":0.1442339195533212},"Iteration":18},
{"Acceptance":[0.11944444444444445],"Energy":{"Mean":-4.909265759180861,"Sigma":0.48540503611432934,"Taucorr":0.32251786533668125},"EnergyVariance":{"Mean":17.689268427222252,"Sigma":8.020764052531629,"Taucorr":0.42541778584003387},"Iteration":19},
{"Acceptance":[0.11833333333333333],"Energy":{"Mean":-3.8430974995643807,"Sigma":0.25939660048426666,"Taucorr":0.3046177169161609},"EnergyVariance":{"Mean":5.477788824535736,"Sigma":1.8758999567032533,"Taucorr":0.36081111469323135},"Iteration":20},
{"Acceptance":[0.11777777777777777],"Energy":{"Mean":-3.966787512567822,"Sigma":0.30661854820565876,"Taucorr":0.7518903480446324},"EnergyVariance":{"Mean":4.654528425753185,"Sigma":1.7786177264876832,"Taucorr":0.4997781489108698},"Iteration":21},
{"Acceptance":[0.10555555555555556],"Energy":{"Mean":-3.4616582360304893,"Sigma":0.2407307064588112,"Taucorr":0.20630588197221833},"EnergyVariance":{"Mean":4.444949095610543,"Sigma":1.3017692862531418,"Taucorr":0.19274274001051805},"Iteration":22},
{"Acceptance":[0.10777777777777778],"Energy":{"Mean":-4.154366064112042,"Sigma":0.15420464839665718,"Taucorr":-0.28627807372678227},"EnergyVariance":{"Mean":5.929350608334731,"Sigma":2.8886385991164105,"Taucorr":0.2467995323797073},"Iteration":23},
{"Acceptance":[0.11777777777777777],"Energy":{"Mean":-4.581869220136559,"Sigma":0.3497350697305052,"Taucorr":0.029108881358881233},"EnergyVariance":{"Mean":11.576870499650795,"Sigma":4.284760788855938,"Taucorr":0.006744189086244967},"Iteration":24},
{"Acceptance":[0.11555555555555555],"Energy":{"Mean":-5.377115418871794,"Sigma":0.6264021076382638,"Taucorr":0.7211671555843755},"EnergyVariance":{"Mean":15.861843239106772,"Sigma":6.368138968546456,"Taucorr":0.5710398604342433},"Iteration":25},
{"Acceptance":[0.10166666666666667],"Energy":{"Mean":-4.838905463670667,"Sigma":0.34146576324612204,"Taucorr":0.3546664626680932},"EnergyVariance":{"Mean":6.692035043699344,"Sigma":4.1265777472359595,"Taucorr":0.5299862659117849},"Iteration":26},
{"Acceptance":[0.10333333333333333],"Energy":{"Mean":-4.261761801378495,"Sigma":0.1571743792695672,"Taucorr":0.14672933171928004},"EnergyVariance":{"Mean":1.9374042961326268,"Sigma":0.7341759076822014,"Taucorr":0.2782171313278592},"Iteration":27},
{"Acceptance":[0.10722222222222222],"Energy":{"Mean":-4.3789512787081115,"Sigma":0.10870628895700739,"Taucorr":0.13778230446089357},"EnergyVariance":{"Mean":0.9600692989232128,"Sigma":0.21788984145199528,"Taucorr":-0.01559052634920366},"Iteration":28},
{"Acceptance":[0.11],"Energy":{"Mean":-4.494124623460213,"Sigma":0.19759043508103538,"Taucorr":-0.009104782910039355},"EnergyVariance":{"Mean":4.6349643355251064,"Sigma":3.1949725366573083,"Taucorr":0.6065012917710833},"Iteration":29},
{"Acceptance":[0.10055555555555555],"Energy":{"Mean":-3.7473043932488093,"Sigma":0.2594924560964681,"Taucorr":0.2402748781684415},"EnergyVariance":{"Mean":4.905183611486762,"Sigma":1.988955165254329,"Taucorr":0.045450207786353114},"Iteration":30},
{"Acceptance":[0.1111111111111111],"Energy":{"Mean":-4.60305436712456,"Sigma":0.30144881853812705,"Taucorr":-0.05130351611875761},"EnergyVariance":{"Mean":9.952777904414203,"Sigma":5.437163036892769,"Taucorr":0.0066579317826390705},"Iteration":31},
{"Acceptance":[0.12111111111111111],"Energy":{"Mean":-4.539792250366802,"Sigma":0.28464546677640273,"Taucorr":0.576277334379796},"EnergyVariance":{"Mean":3.732028637737907,"Sigma":2.3278220228755337,"Taucorr":0.46810532627815504},"Iteration":32},
{"Acceptance":[0.12777777777777777],"Energy":{"Mean":-4.188646835947042,"Sigma":0.2806357577886701,"Taucorr":0.5735915330429096},"EnergyVariance":{"Mean":4.135016035776873,"Sigma":1.9043492695453477,"Taucorr":0.34694164226547075},"Iteration":33},
{"Acceptance":[0.12555555555555556],"Energy":{"Mean":-4.346289177538416,"Sigma":0.4034868957241101,"Taucorr":0.2432872769504666},"EnergyVariance":{"Mean":11.731764832924085,"Sigma":5.040895952036433,"Taucorr":0.2608059946975506},"Iteration":34},
{"Acceptance":[0.12166666666666667],"Energy":{"Mean":-4.662073062341278,"Sigma":0.29352384156892897,"Taucorr":0.3492030553960791},"EnergyVariance":{"Mean":5.031661664362252,"Sigma":2.738923902164536,"Taucorr":0.30242689712594717},"Iteration":35},
{"Acceptance":[0.15],"Energy":{"Mean":-4.2302929681351875,"Sigma":0.2642059075796437,"Taucorr":0.4129940376491338},"EnergyVariance":{"Mean":4.30193860771685,"Sigma":2.1821116440075814,"Taucorr":0.10760588558768958},"Iteration":36},
{"Acceptance":[0.115],"Energy":{"Mean":-4.6802926250487555,"Sigma":0.287842731544042,"Taucorr":0.11196540190635651},"EnergyVariance":{"Mean":6.956469158376382,"Sigma":3.7093211589645136,"Taucorr":0.424594278275347},"Iteration":37},
{"Acceptance":[0.14833333333333334],"Energy":{"Mean":-5.152936934335868,"Sigma":0.42009355917269997,"Taucorr":0.6873628795741906},"EnergyVariance":{"Mean":7.376399108501012,"Sigma":2.933459210293128,"Taucorr":0.4472971592210231},"Iteration":38},
{"Acceptance":[0.14444444444444443],"Energy":{"Mean":-4.9052855162413955,"Sigma":0.6099530161324334,"Taucorr":0.7753934729247374},"EnergyVariance":{"Mean":15.221972199744707,"Sigma":10.992006681316496,"Taucorr":0.9927611244160444},"Iteration":39},
{"Acceptance":[0.16111111111111112],"Energy":{"Mean":-4.80015224977066,"Sigma":0.3873527080046004,"Taucorr":0.3791866409958068},"EnergyVariance":{"Mean":8.768592459025442,"Sigma":3.003876291613085,"Taucorr":-0.001860317372955278},"Iteration":40},
{"Acceptance":[0.13],"Energy":{"Mean":-4.879827312004965,"Sigma":0.23166501963116679,"Taucorr":0.023918042586986488},"EnergyVariance":{"Mean":5.271642069516359,"Sigma":3.2811478415510815,"Taucorr":0.034860128820826564},"Iteration":41},
{"Acceptance":[0.1361111111111111],"Energy":{"Mean":-4.23812761670758,"Sigma":0.312201815354422,"Taucorr":0.37303926625393935},"EnergyVariance":{"Mean":6.214618794850122,"Sigma":3.2870056726252272,"Taucorr":0.2626800376616043},"Iteration":42},
{"Acceptance":[0.17555555555555555],"Energy":{"Mean":-5.018966107641839,"Sigma":0.21310439301906414,"Taucorr":-0.08512810346931704},"EnergyVariance":{"Mean":5.743566608201558,"Sigma":2.234297286898677,"Taucorr":0.14383664712045274},"Iteration":43},
{"Acceptance":[0.1461111111111111],"Energy":{"Mean":-4.765062060223977,"Sigma":0.1769714948257284,"Taucorr":0.1946736790771625},"EnergyVariance":{"Mean":2.261501256014218,"Sigma":0.4090581628966292,"Taucorr":-0.10818174040912715},"Iteration":44},
{"Acceptance":[0.16166666666666665],"Energy":{"Mean":-4.210343250565246,"Sigma":0.2934359666548074,"Taucorr":-0.17273153097460175},"EnergyVariance":{"Mean":13.43644857591239,"Sigma":9.256406128090795,"Taucorr":0.6867958187361025},"Iteration":45},
{"Acceptance":[0.16722222222222222],"Energy":{"Mean":-4.512098411232203,"Sigma":0.2432321915212613,"Taucorr":0.3598120021992214},"EnergyVariance":{"Mean":3.535808710224724,"Sigma":1.3245919756667643,"Taucorr":0.014398435198426762},"Iteration":46},
{"Acceptance":[0.15611111111111112],"Energy":{"Mean":-5.443388158100004,"Sigma":0.34367558874234594,"Taucorr":0.09476798730833491},"EnergyVariance":{"Mean":10.435154041610252,"Sigma":6.320608641410729,"Taucorr":0.2475021321151034},"Iteration":47},
{"Acceptance":[0.16055555555555556],"Energy":{"Mean":-5.356954549357279,"Sigma":0.2336314325350807,"Taucorr":-0.10636985063700244},"EnergyVariance":{"Mean":8.809799199373868,"Sigma":6.664293264488569,"Taucorr":0.013518003707074677},"Iteration":48},
{"Acceptance":[0.1761111111111111],"Energy":{"Mean":-4.691249187023673,"Sigma":0.2261551743906842,"Taucorr":0.4614332649506582},"EnergyVariance":{"Mean":2.937192520691223,"Sigma":0.9628221415784148,"Taucorr":0.3902580631085064},"Iteration":49},
{"Acceptance":[0.1811111111111111],"Energy":{"Mean":-5.023517407537788,"Sigma":0.20113543748837437,"Taucorr":0.18605749892418588},"EnergyVariance":{"Mean":2.8310238817614293,"Sigma":0.7914130663388376,"Taucorr":0.12964758859665826},"Iteration":50},
{"Acceptance":[0.18],"Energy":{"Mean":-5.987803159348152,"Sigma":0.7069869294036892,"Taucorr":0.8359912158556688},"EnergyVariance":{"Mean":18.96910951128105,"Sigma":15.842320062255043,"Taucorr":1.0486109421456924},"Iteration":51},
{"Acceptance":[0.1661111111111111],"Energy":{"Mean":-4.569101429195263,"Sigma":0.5265643143888482,"Taucorr":0.5864131418829279},"EnergyVariance":{"Mean":13.34945357492813,"Sigma":5.204887828227211,"Taucorr":0.40123043991046015},"Iteration":52},
{"Acceptance":[0.19166666666666668],"Energy":{"Mean":-5.463709250880792,"Sigma":0.28693363970106456,"Taucorr":0.4731163500084985},"EnergyVariance":{"Mean":4.134875483840478,"Sigma":0.9318739973957179,"Taucorr":0.1515271628528414},"Iteration":53},
{"Acceptance":[0.18888888888888888],"Energy":{"Mean":-4.6977076576370465,"Sigma":0.42220625930181366,"Taucorr":0.5543971397622489},"EnergyVariance":{"Mean":8.339966045150648,"Sigma":1.755905897912105,"Taucorr":0.2961616192298858},"Iteration":54},
{"Acceptance":[0.19111111111111112],"Energy":{"Mean":-5.375836246774557,"Sigma":0.1902053999139169,"Taucorr":0.14972620121146385},"EnergyVariance":{"Mean":2.6816851454103734,"Sigma":0.5756486681516252,"Taucorr":0.09220317641558518},"Iteration":55},
{"Acceptance":[0.19166666666666668],"Energy":{"Mean":-5.003535899355246,"Sigma":0.25475069558010405,"Taucorr":-0.21002400486557848},"EnergyVariance":{"Mean":11.916200304254083,"Sigma":5.830794614970753,"Taucorr":0.15000174890280749},"Iteration":56},
{"Acceptance":[0.22111111111111112],"Energy":{"Mean":-5.545547959718316,"Sigma":0.37700075987087495,"Taucorr":0.2874775468494657},"EnergyVariance":{"Mean":9.51570872043839,"Sigma":2.1986424451594657,"Taucorr":0.1067070182023373},"Iteration":57},
{"Acceptance":[0.19055555555555556],"Energy":{"Mean":-5.240506612400429,"Sigma":0.33896720993477814,"Taucorr":0.3909286259142022},"EnergyVariance":{"Mean":6.997278462879476,"Sigma":2.24319430826247,"Taucorr":-0.018075024496044034},"Iteration":58},
{"Acceptance":[0.1922222222222222],"Energy":{"Mean":-5.341160125481697,"Sigma":0.1985653965169341,"Taucorr":0.07387708490130107},"EnergyVariance":{"Mean":3.3070408392016617,"Sigma":0.6171022479431963,"Taucorr":-0.010508666323195193},"Iteration":59},
{"Acceptance":[0.19555555555555557],"Energy":{"Mean":-5.180101819869987,"Sigma":0.1865786308361936,"Taucorr":0.012024458503706814},"EnergyVariance":{"Mean":3.260548506733994,"Sigma":0.5337398918900057,"Taucorr":-0.00331869858359235},"Iteration":60},
{"Acceptance":[0.22111111111111112],"Energy":{"Mean":-4.917370812945217,"Sigma":0.20864589139732823,"Taucorr":-0.09318648899424009},"EnergyVariance":{"Mean":6.072617549083172,"Sigma":2.4862194314909347,"Taucorr":0.33315490920956436},"Iteration":61},
{"Acceptance":[0.23],"Energy":{"Mean":-6.020498776873909,"Sigma":0.5802812868502477,"Taucorr":0.526627983572592},"EnergyVariance":{"Mean":16.647742130553382,"Sigma":12.915330059804715,"Taucorr":0.5146864606689079},"Iteration":62},
{"Acceptance":[0.2361111111111111],"Energy":{"Mean":-5.53567500654882,"Sigma":0.37018427080920757,"Taucorr":0.39612896056017777},"EnergyVariance":{"Mean":8.544819803097862,"Sigma":2.159226882281159,"Taucorr":0.21916564079606038},"Iteration":63},
{"Acceptance":[0.25666666666666665],"Energy":{"Mean":-5.590068691526705,"Sigma":0.33803707081815065,"Taucorr":0.34756238713984877},"EnergyVariance":{"Mean":7.305739216130101,"Sigma":2.2168350246748902,"Taucorr":0.10526231527955077},"Iteration":64},
{"Acceptance":[0.24888888888888888],"Energy":{"Mean":-5.681311936273175,"Sigma":0.35181377637042743,"Taucorr":0.33610343933848064},"EnergyVariance":{"Mean":8.348482349005277,"Sigma":2.8521525752516026,"Taucorr":0.6937065611423361},"Iteration":65},
{"Acceptance":[0.24166666666666667],"Energy":{"Mean":-5.611200618375611,"Sigma":0.3642407735457192,"Taucorr":0.31799134791725747},"EnergyVariance":{"Mean":9.594030607479183,"Sigma":2.2471648543841503,"Taucorr":0.2026131567999393},"Iteration":66},
{"Acceptance":[0.2511111111111111],"Energy":{"Mean":-5.592089635668943,"Sigma":0.28550683696588336,"Taucorr":0.30364772863888023},"EnergyVariance":{"Mean":4.840714103455026,"Sigma":0.8337566368355874,"Taucorr":0.086503077822777},"Iteration":67},
{"Acceptance":[0.24833333333333332],"Energy":{"Mean":-5.698267194991443,"Sigma":0.3229731180309539,"Taucorr":0.3070996587868775},"EnergyVariance":{"Mean":6.155821844987807,"Sigma":1.0159499081985353,"Taucorr":0.07141092399045568},"Iteration":68},
{"Acceptance":[0.21],"Energy":{"Mean":-6.195482426472315,"Sigma":0.3359740128899975,"Taucorr":0.037778834936182504},"EnergyVariance":{"Mean":11.802194527513915,"Sigma":4.774841398058006,"Taucorr":0.0031788737400901823},"Iteration":69},
{"Acceptance":[0.2427777777777778],"Energy":{"Mean":-5.9967807883908115,"Sigma":0.4499219943311696,"Taucorr":0.3012864836663751},"EnergyVariance":{"Mean":13.313187902078885,"Sigma":6.1288649619161815,"Taucorr":-0.014786273643891457},"Iteration":70},
{"Acceptance":[0.25833333333333336],"Energy":{"Mean":-6.714561429204514,"Sigma":0.1858611900700477,"Taucorr":0.007755849688782401},"EnergyVariance":{"Mean":3.2504654304087723,"Sigma":0.4547482652294695,"Taucorr":0.12274699566351621},"Iteration":71},
{"Acceptance":[0.2111111111111111],"Energy":{"Mean":-6.670163198854036,"Sigma":0.4049229900732667,"Taucorr":-0.09218426793766787},"EnergyVariance":{"Mean":23.56907605482302,"Sigma":10.536839470992632,"Taucorr":0.03319722388374624},"Iteration":72},
{"Acceptance":[0.18833333333333332],"Energy":{"Mean":-6.902580561422436,"Sigma":0.2950297678244917,"Taucorr":0.14837492106148942},"EnergyVariance":{"Mean":8.799937736788467,"Sigma":4.007250232307684,"Taucorr":-0.010403572743487466},"Iteration":73},
{"Acceptance":[0.1922222222222222],"Energy":{"Mean":-6.868223755114016,"Sigma":0.6207715602035009,"Taucorr":0.5834735257028258},"EnergyVariance":{"Mean":17.958709008401666,"Sigma":13.497543227789114,"Taucorr":0.49105723435565385},"Iteration":74},
{"Acceptance":[0.17833333333333334],"Energy":{"Mean":-6.026970993671841,"Sigma":0.3419474592869612,"Taucorr":0.4041247273224836},"EnergyVariance":{"Mean":6.156687626882474,"Sigma":0.8464831632491059,"Taucorr":0.2656021526050375},"Iteration":75},
{"Acceptance":[0.17555555555555555],"Energy":{"Mean":-6.28170776051127,"Sigma":0.3298660420639253,"Taucorr":0.3601404361029972},"EnergyVariance":{"Mean":6.034398789196162,"Sigma":1.7213189872561354,"Taucorr":0.26899819086756516},"Iteration":76},
{"Acceptance":[0.16277777777777777],"Energy":{"Mean":-6.934041046560989,"Sigma":0.29008877317114734,"Taucorr":0.26538757498554966},"EnergyVariance":{"Mean":5.260398813217273,"Sigma":1.1106416035659685,"Taucorr":0.7121184193898047},"Iteration":77},
{"Acceptance":[0.15444444444444444],"Energy":{"Mean":-7.019847817043084,"Sigma":0.2385885167838236,"Taucorr":0.21937340726869436},"EnergyVariance":{"Mean":3.7767231471566407,"Sigma":0.42171141645812177,"Taucorr":-0.07600294245299455},"Iteration":78},
{"Acceptance":[0.15444444444444444],"Energy":{"Mean":-7.4819143458626876,"Sigma":0.6398042777668055,"Taucorr":0.531463620398805},"EnergyVariance":{"Mean":21.497067106975162,"Sigma":14.204378389516513,"Taucorr":0.4376927050717371},"Iteration":79},
{"Acceptance":[0.14888888888888888],"Energy":{"Mean":-6.683828101093238,"Sigma":0.4671437346793829,"Taucorr":0.4162147308290062},"EnergyVariance":{"Mean":19.149357992006298,"Sigma":11.324728222374867,"Taucorr":0.8615587089442418},"Iteration":80},
{"Acceptance":[0.1361111111111111],"Energy":{"Mean":-7.556127930511567,"Sigma":0.23211724203362902,"Taucorr":0.3845970532960701},"EnergyVariance":{"Mean":2.9340373078377944,"Sigma":0.42201688528706083,"Taucorr":0.007578773044753295},"Iteration":81},
{"Acceptance":[0.12666666666666668],"Energy":{"Mean":-6.71729340625431,"Sigma":0.23081108605298137,"Taucorr":0.14871738746839291},"EnergyVariance":{"Mean":3.924780250383834,"Sigma":0.577833426846401,"Taucorr":-0.07831866873488924},"Iteration":82},
{"Acceptance":[0.11944444444444445],"Energy":{"Mean":-6.879717980569083,"Sigma":0.3883097635505948,"Taucorr":0.5789358570268801},"EnergyVariance":{"Mean":11.758255649908314,"Sigma":8.965149651688677,"Taucorr":0.4917698840677591},"Iteration":83},
{"Acceptance":[0.09944444444444445],"Energy":{"Mean":-7.246771114248543,"Sigma":0.28444659845589954,"Taucorr":0.27915925319306767},"EnergyVariance":{"Mean":4.98417969270917,"Sigma":0.7881903303012561,"Taucorr":0.03029035253650192},"Iteration":84},
{"Acceptance":[0.09777777777777778],"Energy":{"Mean":-7.266763661209089,"Sigma":0.2783626628167538,"Taucorr":0.5038020934939393},"EnergyVariance":{"Mean":3.6943245367964104,"Sigma":0.7872664224155581,"Taucorr":0.4589659374074513},"Iteration":85},
{"Acceptance":[0.08277777777777778],"Energy":{"Mean":-7.674598531935889,"Sigma":0.20654928327916997,"Taucorr":0.10621820215927436},"EnergyVariance":{"Mean":3.3622698345622446,"Sigma":0.8249340362923882,"Taucorr":0.03052280763878057},"Iteration":86},
{"Acceptance":[0.10944444444444444],"Energy":{"Mean":-7.284531937282601,"Sigma":0.33608589210369716,"Taucorr":0.7613130741008978},"EnergyVariance":{"Mean":4.280069947876735,"Sigma":0.8550184601607561,"Taucorr":0.43038050615094214},"Iteration":87},
{"Acceptance":[0.08833333333333333],"Energy":{"Mean":-7.000774567638847,"Sigma":0.2317723036663697,"Taucorr":0.33631218579749655},"EnergyVariance":{"Mean":3.069691172092641,"Sigma":0.5388268090649105,"Taucorr":0.4558981516898474},"Iteration":88},
{"Acceptance":[0.07277777777777777],"Energy":{"Mean":-7.813470539333528,"Sigma":0.1878717786859157,"Taucorr":0.2799135514151615},"EnergyVariance":{"Mean":2.1852043524917244,"Sigma":0.3679896919202723,"Taucorr":0.12991811017165267},"Iteration":89},
{"Acceptance":[0.08333333333333333],"Energy":{"Mean":-7.863400973058081,"Sigma":0.19606631057010376,"Taucorr":0.13319144073440214},"EnergyVariance":{"Mean":2.9095780841611303,"Sigma":0.7806034997475205,"Taucorr":0.17634711450503338},"Iteration":90},
{"Acceptance":[0.07444444444444444],"Energy":{"Mean":-7.5499513720548235,"Sigma":0.20324568509946533,"Taucorr":0.29919502408435006},"EnergyVariance":{"Mean":2.476048988610969,"Sigma":0.4454938726888729,"Taucorr":0.24310577837033753},"Iteration":91},
{"Acceptance":[0.09277777777777778],"Energy":{"Mean":-6.878591704270575,"Sigma":0.30626222359633093,"Taucorr":0.28196221503662444},"EnergyVariance":{"Mean":18.509032235619387,"Sigma":8.069996195897822,"Taucorr":-0.006421464000757049},"Iteration":92},
{"Acceptance":[0.07666666666666666],"Energy":{"Mean":-7.131902319859098,"Sigma":0.2678778315019815,"Taucorr":0.08426010570229248},"EnergyVariance":{"Mean":5.924519878769045,"Sigma":1.6246563285563227,"Taucorr":0.4517820841843505},"Iteration":93},
{"Acceptance":[0.08],"Energy":{"Mean":-7.16274353570026,"Sigma":0.25593705390768684,"Taucorr":0.18755797265077034},"EnergyVariance":{"Mean":4.610188879880852,"Sigma":1.082606613473913,"Taucorr":0.8874346914372699},"Iteration":94},
{"Acceptance":[0.07666666666666666],"Energy":{"Mean":-7.471143220867731,"Sigma":0.2651129359530174,"Taucorr":0.2932047289292252},"EnergyVariance":{"Mean":4.257831039226209,"Sigma":1.1162435025638147,"Taucorr":0.1262687773464769},"Iteration":95},
{"Acceptance":[0.06833333333333333],"Energy":{"Mean":-7.466134556963389,"Sigma":0.38040860622602585,"Taucorr":0.5687182971198081},"EnergyVariance":{"Mean":18.943071226543182,"Sigma":12.795437382643678,"Taucorr":0.004395957915438675},"Iteration":96},
{"Acceptance":[0.07055555555555555],"Energy":{"Mean":-8.133490441818674,"Sigma":0.4640362356488254,"Taucorr":-0.03144374245728687},"EnergyVariance":{"Mean":22.574606214109618,"Sigma":11.613030891989299,"Taucorr":-0.01853703500659193},"Iteration":97},
{"Acceptance":[0.06333333333333334],"Energy":{"Mean":-7.66994558422828,"Sigma":0.28987045855214594,"Taucorr":0.19182882114288446},"EnergyVariance":{"Mean":5.856278121770221,"Sigma":1.5448361195169822,"Taucorr":0.27081716828086755},"Iteration":98},
{"Acceptance":[0.06111111111111111],"Energy":{"Mean":-7.39703868658089,"Sigma":0.22699130590256786,"Taucorr":0.18295492360176957},"EnergyVariance":{"Mean":3.6804914656207823,"Sigma":0.9616272788982339,"Taucorr":0.17103710018100993},"Iteration":99} 
]}
{"input": {"L": 8, "J": 1, "machine": {"type": "FFNN", "model": ["tanh", 56, 1]}, "sampler": {"type": "MetropolisHop", "d_max": 5}, "optimizer": {"type": "AdaMax", "alpha": 0.001, "beta1": 0.9, "beta2": 0.999, "epscut": 1e-07}, "VMC": {"n_samples": 100, "discarded_samples": 100, "discarded_samples_on_init": 0, "target": "energy", "method": "Gd", "diag_shift": 0.01, "use_iterative": true, "use_cholesky": true}, "n_iter": 100}}
duration: -0.34926366806030273