{"Output": [
{"Acceptance":[0.7683333333333333],"Energy":{"Mean":6.47874965953963,"Sigma":0.1812936614738544,"Taucorr":-0.04345691096727966},"EnergyVariance":{"Mean":3.827982428371587,"Sigma":0.41345575762463865,"Taucorr":0.028778874358539874},"Iteration":0},
{"Acceptance":[0.6533333333333333],"Energy":{"Mean":6.320998097888859,"Sigma":0.21480506437519162,"Taucorr":0.03045500347670993},"EnergyVariance":{"Mean":5.836120160021992,"Sigma":0.744831298249863,"Taucorr":0.14491228829215086},"Iteration":1},
{"Acceptance":[0.5172222222222222],"Energy":{"Mean":4.43264969266864,"Sigma":0.21771876391667197,"Taucorr":0.07039294600527479},"EnergyVariance":{"Mean":6.158848013858563,"Sigma":0.5751158040281188,"Taucorr":-0.04984011053017112},"Iteration":2},
{"Acceptance":[0.4811111111111111],"Energy":{"Mean":3.4916442752645294,"Sigma":0.2601332107862331,"Taucorr":0.186387894480878},"EnergyVariance":{"Mean":7.869834622463596,"Sigma":1.1132011195287526,"Taucorr":0.0951624038873139},"Iteration":3},
{"Acceptance":[0.4116666666666667],"Energy":{"Mean":2.6324131517296254,"Sigma":0.29120152195834004,"Taucorr":0.35668611850357534},"EnergyVariance":{"Mean":8.437588074395528,"Sigma":0.8536966631264081,"Taucorr":-0.07435529570240496},"Iteration":4},
{"Acceptance":[0.3616666666666667],"Energy":{"Mean":1.2920315980035086,"Sigma":0.21625903516825218,"Taucorr":0.029973610369003145},"EnergyVariance":{"Mean":8.676965117959488,"Sigma":1.7322439660524596,"Taucorr":-0.013051915821032656},"Iteration":5},
{"Acceptance":[0.3433333333333333],"Energy":{"Mean":0.7997387826933723,"Sigma":0.2886426050798412,"Taucorr":0.5399044467118663},"EnergyVariance":{"Mean":11.567200943905299,"Sigma":2.715906675091801,"Taucorr":0.033855431858966556},"Iteration":6},
{"Acceptance":[0.32555555555555554],"Energy":{"Mean":-0.39492790357837554,"Sigma":0.19739406538123336,"Taucorr":-0.03313568370347436},"EnergyVariance":{"Mean":8.567056960461098,"Sigma":1.3442895662034984,"Taucorr":0.26401486295885745},"Iteration":7},
{"Acceptance":[0.28944444444444445],"Energy":{"Mean":-1.149149222703551,"Sigma":0.2737736358726632,"Taucorr":0.40127949162982546},"EnergyVariance":{"Mean":9.660828124725994,"Sigma":1.9535292720191018,"Taucorr":0.03868003968539557},"Iteration":8},
{"Acceptance":[0.26166666666666666],"Energy":{"Mean":-1.5920695703694832,"Sigma":0.37603103636876534,"Taucorr":0.777171400524894},"EnergyVariance":{"Mean":9.898885935796917,"Sigma":3.1738795210793405,"Taucorr":0.8158690076429918},"Iteration":9},
{"Acceptance":[0.2],"Energy":{"Mean":-2.130266050727694,"Sigma":0.260140314984879,"Taucorr":0.3558158581521802},"EnergyVariance":{"Mean":6.2512083658947,"Sigma":1.002012295495777,"Taucorr":0.020089287653753174},"Iteration":10},
{"Acceptance":[0.21055555555555555],"Energy":{"Mean":-2.5367015410810545,"Sigma":0.22943002986742214,"Taucorr":0.3971581453789681},"EnergyVariance":{"Mean":5.104797707224604,"Sigma":0.8053574003145356,"Taucorr":0.2178227877064951},"Iteration":11},
{"Acceptance":[0.1922222222222222],"Energy":{"Mean":-3.419107346145266,"Sigma":0.21915726423440965,"Taucorr":0.009043627184016523},"EnergyVariance":{"Mean":15.335381676656707,"Sigma":5.3852106749092075,"Taucorr":0.14671297829227792},"Iteration":12},
{"Acceptance":[0.17666666666666667],"Energy":{"Mean":-3.531374851296036,"Sigma":0.20793870888957636,"Taucorr":0.15220012972531283},"EnergyVariance":{"Mean":5.055365828862279,"Sigma":1.3578696055346013,"Taucorr":0.18192052731933517},"Iteration":13},
{"Acceptance":[0.15388888888888888],"Energy":{"Mean":-3.802516831355771,"Sigma":0.2965344883691973,"Taucorr":0.29696112224613536},"EnergyVariance":{"Mean":10.347169671710814,"Sigma":3.537200108539374,"Taucorr":0.26106962140916656},"Iteration":14},
{"Acceptance":[0.145],"Energy":{"Mean":-3.916494209132312,"Sigma":0.1948499526384764,"Taucorr":0.14884092530521742},"EnergyVariance":{"Mean":4.770625530990435,"Sigma":1.4280461590132756,"Taucorr":0.0354401128359374},"Iteration":15},
{"Acceptance":[0.12],"Energy":{"Mean":-3.667212340046961,"Sigma":0.2859052031375365,"Taucorr":0.841735162615622},"EnergyVariance":{"Mean":4.3985171925442,"Sigma":1.5540392479749732,"Taucorr":0.19225848008615443},"Iteration":16},
{"Acceptance":[0.11944444444444445],"Energy":{"Mean":-4.009258174535948,"Sigma":0.29146977061026413,"Taucorr":0.36356331223504135},"EnergyVariance":{"Mean":5.437470078194521,"Sigma":1.7463388031703067,"Taucorr":0.48998575072660633},"Iteration":17},
{"Acceptance":[0.12944444444444445],"Energy":{"Mean":-4.0268063273540164,"Sigma":0.24205239960441755,"Taucorr":0.23882518238117323},"EnergyVariance":{"Mean":4.6670170222478955,"Sigma":1.8332530851095798,"Taucorr":0.05300847480661908},"Iteration":18},
{"Acceptance":[0.12444444444444444],"Energy":{"Mean":-4.198550976378528,"Sigma":0.24793347681482888,"Taucorr":0.13960082619922376},"EnergyVariance":{"Mean":5.304831622719689,"Sigma":2.1854239614964195,"Taucorr":0.06161093250327787},"Iteration":19},
{"Acceptance":[0.09333333333333334],"Energy":{"Mean":-4.180748599535873,"Sigma":0.17006539760487624,"Taucorr":0.023666741516128686},"EnergyVariance":{"Mean":2.929963093488918,"Sigma":1.4524776553024048,"Taucorr":0.03885771527728632},"Iteration":20},
{"Acceptance":[0.09333333333333334],"Energy":{"Mean":-3.986795992073554,"Sigma":0.2757279114977344,"Taucorr":0.5118672446738355},"EnergyVariance":{"Mean":3.694281834293491,"Sigma":1.0179075471192434,"Taucorr":0.5833284197032884},"Iteration":21},
{"Acceptance":[0.10333333333333333],"Energy":{"Mean":-4.428673057081287,"Sigma":0.20577009142703923,"Taucorr":0.22434112921023053},"EnergyVariance":{"Mean":3.008523773265818,"Sigma":1.164665457544359,"Taucorr":0.07052429145571504},"Iteration":22},
{"Acceptance":[0.07944444444444444],"Energy":{"Mean":-4.5628275337054545,"Sigma":0.12033113880578915,"Taucorr":-0.018237467299894894},"EnergyVariance":{"Mean":2.400995173318893,"Sigma":1.6897996343782953,"Taucorr":0.03996552934997155},"Iteration":23},
{"Acceptance":[0.09555555555555556],"Energy":{"Mean":-4.271801810498126,"Sigma":0.10588913959197317,"Taucorr":0.12375379619121119},"EnergyVariance":{"Mean":0.8655815099129472,"Sigma":0.2697751004079579,"Taucorr":0.4810328182334982},"Iteration":24},
{"Acceptance":[0.10611111111111111],"Energy":{"Mean":-5.349312231864351,"Sigma":0.5818972323671516,"Taucorr":0.6690398530383512},"EnergyVariance":{"Mean":17.54965469935942,"Sigma":7.183404824977574,"Taucorr":0.7604010118570077},"Iteration":25},
{"Acceptance":[0.09555555555555556],"Energy":{"Mean":-4.747864309247502,"Sigma":0.3155737014418516,"Taucorr":0.14350156907302092},"EnergyVariance":{"Mean":7.931209624051861,"Sigma":3.515668370496441,"Taucorr":0.03022965460512428},"Iteration":26},
{"Acceptance":[0.11666666666666667],"Energy":{"Mean":-4.425191633525904,"Sigma":0.4731855814976684,"Taucorr":0.7837339986040304},"EnergyVariance":{"Mean":11.735667442786308,"Sigma":7.800425358659041,"Taucorr":0.551281847228432},"Iteration":27},
{"Acceptance":[0.10611111111111111],"Energy":{"Mean":-4.726994574545457,"Sigma":0.21285014044312286,"Taucorr":0.18689410610332835},"EnergyVariance":{"Mean":3.715137215705136,"Sigma":0.9919521950953805,"Taucorr":0.17916838119483647},"Iteration":28},
{"Acceptance":[0.10944444444444444],"Energy":{"Mean":-3.7546174106727523,"Sigma":0.27556247146982066,"Taucorr":0.22250827135406814},"EnergyVariance":{"Mean":5.649781501393628,"Sigma":1.9357695071405123,"Taucorr":0.029722681873538992},"Iteration":29},
{"Acceptance":[0.09666666666666666],"Energy":{"Mean":-4.597716008763779,"Sigma":0.3598196320765293,"Taucorr":0.5512587282294519},"EnergyVariance":{"Mean":6.351734189947053,"Sigma":3.13851965590457,"Taucorr":0.37417724682591813},"Iteration":30},
{"Acceptance":[0.10722222222222222],"Energy":{"Mean":-4.477534001160335,"Sigma":0.09293156502675089,"Taucorr":0.025553165949531498},"EnergyVariance":{"Mean":0.9533891724668649,"Sigma":0.2455825991266264,"Taucorr":0.1969210260270231},"Iteration":31},
{"Acceptance":[0.08277777777777778],"Energy":{"Mean":-4.4611573358373855,"Sigma":0.13464058968332548,"Taucorr":0.2295284291404739},"EnergyVariance":{"Mean":1.341585345048842,"Sigma":0.43967188108039235,"Taucorr":0.6729770115614087},"Iteration":32},
{"Acceptance":[0.10277777777777777],"Energy":{"Mean":-4.3009296433033315,"Sigma":0.31052355942594057,"Taucorr":0.38398072366537506},"EnergyVariance":{"Mean":7.744669396923473,"Sigma":6.551804142367563,"Taucorr":0.012564940045620143},"Iteration":33},
{"Acceptance":[0.08944444444444444],"Energy":{"Mean":-3.9577768663578676,"Sigma":0.42275757979650597,"Taucorr":0.5510811608500874},"EnergyVariance":{"Mean":13.218275196491867,"Sigma":10.767493019623622,"Taucorr":0.4989139555248653},"Iteration":34},
{"Acceptance":[0.09444444444444444],"Energy":{"Mean":-4.495449741046215,"Sigma":0.19765511851301848,"Taucorr":-0.06922187855302364},"EnergyVariance":{"Mean":5.213996555456346,"Sigma":3.5133769901103062,"Taucorr":0.00806749511418503},"Iteration":35},
{"Acceptance":[0.105],"Energy":{"Mean":-4.786990537312116,"Sigma":0.2898955475714367,"Taucorr":0.6632780289759195},"EnergyVariance":{"Mean":3.756494318845487,"Sigma":1.926743385903921,"Taucorr":0.5928559602850254},"Iteration":36},
{"Acceptance":[0.0961111111111111],"Energy":{"Mean":-4.769370370385123,"Sigma":0.2252669593495531,"Taucorr":-0.07957975353949248},"EnergyVariance":{"Mean":5.991159467793823,"Sigma":4.380295535891144,"Taucorr":0.014746738062812792},"Iteration":37},
{"Acceptance":[0.10222222222222223],"Energy":{"Mean":-5.315144125611798,"Sigma":0.2845776782139711,"Taucorr":0.2178575544319712},"EnergyVariance":{"Mean":5.782800700238725,"Sigma":1.5849821384849776,"Taucorr":0.27239093720815133},"Iteration":38},
{"Acceptance":[0.08611111111111111],"Energy":{"Mean":-5.1117160784979845,"Sigma":0.25310675854453735,"Taucorr":0.56401144022508},"EnergyVariance":{"Mean":3.1507156808819885,"Sigma":0.904470230785309,"Taucorr":0.19295346490676224},"Iteration":39},
{"Acceptance":[0.10777777777777778],"Energy":{"Mean":-4.629049891576624,"Sigma":0.24903913251073684,"Taucorr":0.2529304835652012},"EnergyVariance":{"Mean":4.169308101398979,"Sigma":1.3992219742582177,"Taucorr":0.08733823382798522},"Iteration":40},
{"Acceptance":[0.10722222222222222],"Energy":{"Mean":-5.038900440664428,"Sigma":0.3617788452587684,"Taucorr":0.5350152751149311},"EnergyVariance":{"Mean":6.342622473137874,"Sigma":1.9974185531843127,"Taucorr":0.6223164232461273},"Iteration":41},
{"Acceptance":[0.09777777777777778],"Energy":{"Mean":-4.999076167515523,"Sigma":0.2387252268027368,"Taucorr":0.47755381822710663},"EnergyVariance":{"Mean":3.013358246761615,"Sigma":1.6033647895067111,"Taucorr":1.0646458992944434},"Iteration":42},
{"Acceptance":[0.09722222222222222],"Energy":{"Mean":-4.707448842221945,"Sigma":0.14248485987791454,"Taucorr":-0.1887657599171111},"EnergyVariance":{"Mean":3.327514973722299,"Sigma":1.072687946870555,"Taucorr":0.23425300929919302},"Iteration":43},
{"Acceptance":[0.0961111111111111],"Energy":{"Mean":-4.25086323640696,"Sigma":0.289353122119125,"Taucorr":0.22160760327858042},"EnergyVariance":{"Mean":9.78147670473678,"Sigma":5.462495038717752,"Taucorr":0.01817615542029627},"Iteration":44},
{"Acceptance":[0.10055555555555555],"Energy":{"Mean":-4.947840052644777,"Sigma":0.2777081190093392,"Taucorr":0.27465220788014966},"EnergyVariance":{"Mean":4.945771673123671,"Sigma":1.4240912220887534,"Taucorr":0.17368214789835856},"Iteration":45},
{"Acceptance":[0.10333333333333333],"Energy":{"Mean":-4.5847406175347984,"Sigma":0.2036905317947086,"Taucorr":0.42377451301766733},"EnergyVariance":{"Mean":2.2116324125231412,"Sigma":0.727052691596326,"Taucorr":0.2880619516026769},"Iteration":46},
{"Acceptance":[0.12833333333333333],"Energy":{"Mean":-4.983847869559557,"Sigma":0.28026936875084785,"Taucorr":0.37681626200506746},"EnergyVariance":{"Mean":4.409877648783988,"Sigma":0.9806438188778633,"Taucorr":0.16829507702685043},"Iteration":47},
{"Acceptance":[0.10222222222222223],"Energy":{"Mean":-4.718060662225291,"Sigma":0.162336642311368,"Taucorr":0.25003320450761957},"EnergyVariance":{"Mean":1.7511394294051352,"Sigma":0.5620736568338919,"Taucorr":0.10342828767305812},"Iteration":48},
{"Acceptance":[0.10888888888888888],"Energy":{"Mean":-5.478697921802146,"Sigma":0.3862803672895092,"Taucorr":0.561440906821622},"EnergyVariance":{"Mean":6.910504972216644,"Sigma":1.7894587539328846,"Taucorr":0.42461031249538683},"Iteration":49},
{"Acceptance":[0.11777777777777777],"Energy":{"Mean":-4.929118216957334,"Sigma":0.238878849376189,"Taucorr":0.4336826887899359},"EnergyVariance":{"Mean":3.0363757981900044,"Sigma":0.9580706011587993,"Taucorr":0.5358261672362552},"Iteration":50},
{"Acceptance":[0.11],"Energy":{"Mean":-5.336766095970208,"Sigma":0.23458079271712312,"Taucorr":0.4066905751444536},"EnergyVariance":{"Mean":2.988335595890589,"Sigma":0.9471705878365382,"Taucorr":0.5576953341508897},"Iteration":51},
{"Acceptance":[0.11055555555555556],"Energy":{"Mean":-4.63998261020446,"Sigma":0.42773647802808373,"Taucorr":0.47160165750082816},"EnergyVariance":{"Mean":20.187925696697235,"Sigma":19.091814083248227,"Taucorr":0.5092053064657427},"Iteration":52},
{"Acceptance":[0.12055555555555555],"Energy":{"Mean":-4.967103597199307,"Sigma":0.27014776139716085,"Taucorr":-0.12559549205095333},"EnergyVariance":{"Mean":14.292942402660776,"Sigma":8.24447147426544,"Taucorr":0.04100865730394598},"Iteration":53},
{"Acceptance":[0.115],"Energy":{"Mean":-4.647249154884264,"Sigma":0.2707087141960779,"Taucorr":0.5291826313707484},"EnergyVariance":{"Mean":3.44182627503054,"Sigma":0.8775747684974535,"Taucorr":0.2594592278688457},"Iteration":54},
{"Acceptance":[0.13944444444444445],"Energy":{"Mean":-5.470663059355778,"Sigma":0.29439106961655126,"Taucorr":0.5489105613822343},"EnergyVariance":{"Mean":4.202872224103865,"Sigma":1.0378275762358526,"Taucorr":0.5104792025168876},"Iteration":55},
{"Acceptance":[0.13444444444444445],"Energy":{"Mean":-5.516085058549014,"Sigma":0.3062445910964257,"Taucorr":0.41703347345649167},"EnergyVariance":{"Mean":5.186317569727352,"Sigma":0.8584485601030302,"Taucorr":0.4337265036757628},"Iteration":56},
{"Acceptance":[0.13833333333333334],"Energy":{"Mean":-5.037708286488897,"Sigma":0.3781720349085065,"Taucorr":0.01197876011677923},"EnergyVariance":{"Mean":13.8203209733978,"Sigma":9.625830339981759,"Taucorr":0.016544094263078457},"Iteration":57},
{"Acceptance":[0.14222222222222222],"Energy":{"Mean":-5.298084753784677,"Sigma":0.27051430110021096,"Taucorr":0.379709052532505},"EnergyVariance":{"Mean":4.068004004504538,"Sigma":0.9900660707735852,"Taucorr":0.4361143028237583},"Iteration":58},
{"Acceptance":[0.1272222222222222],"Energy":{"Mean":-5.271121721230411,"Sigma":0.17471542694814024,"Taucorr":-0.06148181434498928},"EnergyVariance":{"Mean":3.3788723488197796,"Sigma":0.8413991195266673,"Taucorr":0.24021646341825897},"Iteration":59},
{"Acceptance":[0.15055555555555555],"Energy":{"Mean":-5.2458372409545415,"Sigma":0.31305429667505486,"Taucorr":0.49763831190023844},"EnergyVariance":{"Mean":10.637205691121457,"Sigma":7.3429097539464205,"Taucorr":0.018359662952500133},"Iteration":60},
{"Acceptance":[0.1622222222222222],"Energy":{"Mean":-5.62220542254696,"Sigma":0.1826585125873612,"Taucorr":-0.05677354510230126},"EnergyVariance":{"Mean":3.631333496326737,"Sigma":0.7606478883911723,"Taucorr":0.1936121720369004},"Iteration":61},
{"Acceptance":[0.175],"Energy":{"Mean":-5.209166125963535,"Sigma":0.34929645210109217,"Taucorr":0.5207351215371756},"EnergyVariance":{"Mean":5.9136665650919475,"Sigma":1.5431465131289483,"Taucorr":0.24202204491490198},"Iteration":62},
{"Acceptance":[0.15444444444444444],"Energy":{"Mean":-5.4959617309940105,"Sigma":0.2699075924680927,"Taucorr":0.33674816215704406},"EnergyVariance":{"Mean":4.240787642277288,"Sigma":0.9575720556154043,"Taucorr":0.1470525676706137},"Iteration":63},
{"Acceptance":[0.17444444444444446],"Energy":{"Mean":-5.9084915211427695,"Sigma":0.21280534589946956,"Taucorr":0.013953197893586733},"EnergyVariance":{"Mean":4.3395581129036005,"Sigma":1.0652432039254796,"Taucorr":0.11154381249110301},"Iteration":64},
{"Acceptance":[0.18],"Energy":{"Mean":-6.398371864692788,"Sigma":0.7997821590283691,"Taucorr":0.5904227224923997},"EnergyVariance":{"Mean":29.17896660780539,"Sigma":24.796048985380036,"Taucorr":0.47602249278893016},"Iteration":65},
{"Acceptance":[0.18611111111111112],"Energy":{"Mean":-5.379238578009508,"Sigma":0.3220025752968387,"Taucorr":0.4573391247217581},"EnergyVariance":{"Mean":5.314093660192642,"Sigma":1.0460122154848306,"Taucorr":0.13738926152633202},"Iteration":66},
{"Acceptance":[0.195],"Energy":{"Mean":-4.942664075912438,"Sigma":0.4279520650162329,"Taucorr":0.31204544081544605},"EnergyVariance":{"Mean":17.13557675101306,"Sigma":8.172652175817815,"Taucorr":0.04086840633536182},"Iteration":67},
{"Acceptance":[0.18388888888888888],"Energy":{"Mean":-5.860947889740797,"Sigma":0.3607327579967223,"Taucorr":-0.02839056953619018},"EnergyVariance":{"Mean":21.973240545652718,"Sigma":18.081081556833368,"Taucorr":-0.0011414299138667872},"Iteration":68},
{"Acceptance":[0.1922222222222222],"Energy":{"Mean":-5.960166659472351,"Sigma":0.2989807044771683,"Taucorr":0.42428754329928886},"EnergyVariance":{"Mean":4.660571313681814,"Sigma":1.3007493539270467,"Taucorr":0.5326576767382154},"Iteration":69},
{"Acceptance":[0.2061111111111111],"Energy":{"Mean":-6.0535205417226745,"Sigma":0.23868402464436902,"Taucorr":0.4459394967424266},"EnergyVariance":{"Mean":2.9329027525363793,"Sigma":0.39958483291539576,"Taucorr":-0.08043477638204344},"Iteration":70},
{"Acceptance":[0.22111111111111112],"Energy":{"Mean":-6.403398126261565,"Sigma":0.19787951407443338,"Taucorr":0.009548914779937356},"EnergyVariance":{"Mean":3.6770203983088097,"Sigma":0.6300646908171954,"Taucorr":-0.024552065710171767},"Iteration":71},
{"Acceptance":[0.21666666666666667],"Energy":{"Mean":-6.6346808008372955,"Sigma":0.28308862585097944,"Taucorr":-0.026335384921520322},"EnergyVariance":{"Mean":8.200894734897476,"Sigma":5.147351802241718,"Taucorr":0.008774665301351403},"Iteration":72},
{"Acceptance":[0.22777777777777777],"Energy":{"Mean":-6.084065648268754,"Sigma":0.37326277336848923,"Taucorr":0.2867623664561334},"EnergyVariance":{"Mean":8.65324281215927,"Sigma":3.410061791093338,"Taucorr":0.3964273384288316},"Iteration":73},
{"Acceptance":[0.20722222222222222],"Energy":{"Mean":-6.598625805013048,"Sigma":0.28926462145279136,"Taucorr":0.44199609919062777},"EnergyVariance":{"Mean":4.376796079327809,"Sigma":0.8223613137857857,"Taucorr":0.29674550999360205},"Iteration":74},
{"Acceptance":[0.195],"Energy":{"Mean":-6.678740472587648,"Sigma":0.311798768520329,"Taucorr":0.3048659200085234},"EnergyVariance":{"Mean":5.862881991411864,"Sigma":2.1184318785814025,"Taucorr":0.023352889083909978},"Iteration":75},
{"Acceptance":[0.17333333333333334],"Energy":{"Mean":-6.776705770057606,"Sigma":0.6082258891177753,"Taucorr":0.07323678623703045},"EnergyVariance":{"Mean":31.70185721013477,"Sigma":23.28440442789646,"Taucorr":0.002488870385049302},"Iteration":76},
{"Acceptance":[0.165],"Energy":{"Mean":-7.194156839963995,"Sigma":0.2212246050807412,"Taucorr":0.15968749048425745},"EnergyVariance":{"Mean":3.582799690724083,"Sigma":0.4669954248603319,"Taucorr":-0.03528258494197284},"Iteration":77},
{"Acceptance":[0.16944444444444445],"Energy":{"Mean":-6.518961082557459,"Sigma":0.25835624250877576,"Taucorr":0.13126643890589385},"EnergyVariance":{"Mean":9.366163856079648,"Sigma":5.778651071638542,"Taucorr":0.0006093948344143563},"Iteration":78},
{"Acceptance":[0.1461111111111111],"Energy":{"Mean":-7.00036054268924,"Sigma":0.31569998707273483,"Taucorr":0.44291693491041184},"EnergyVariance":{"Mean":9.118436118699751,"Sigma":4.995333865562865,"Taucorr":-0.001480244758644611},"Iteration":79},
{"Acceptance":[0.14833333333333334],"Energy":{"Mean":-5.79248812218694,"Sigma":0.4473293003908271,"Taucorr":0.08953589237494697},"EnergyVariance":{"Mean":28.74745828694255,"Sigma":9.806860198703479,"Taucorr":-0.05800058917784817},"Iteration":80},
{"Acceptance":[0.1338888888888889],"Energy":{"Mean":-7.472989607426124,"Sigma":0.2275844780063088,"Taucorr":0.4144870004973936},"EnergyVariance":{"Mean":2.815337543212511,"Sigma":0.4969864675188229,"Taucorr":0.24485551794131177},"Iteration":81},
{"Acceptance":[0.13555555555555557],"Energy":{"Mean":-7.0847909614321924,"Sigma":0.25111613999554916,"Taucorr":0.43233534450938016},"EnergyVariance":{"Mean":3.3258141586053727,"Sigma":0.7058171340089825,"Taucorr":0.36516902801686923},"Iteration":82},
{"Acceptance":[0.10277777777777777],"Energy":{"Mean":-7.287256685297186,"Sigma":0.2906204090555711,"Taucorr":0.6693171447157804},"EnergyVariance":{"Mean":3.44775369951689,"Sigma":0.8018460041727213,"Taucorr":0.45605528820118046},"Iteration":83},
{"Acceptance":[0.10666666666666667],"Energy":{"Mean":-6.768201174750064,"Sigma":0.2264528957063836,"Taucorr":0.45100317900250364},"EnergyVariance":{"Mean":2.668122529254158,"Sigma":0.4422136453743308,"Taucorr":0.1911175759459286},"Iteration":84},
{"Acceptance":[0.10666666666666667],"Energy":{"Mean":-6.929291016334549,"Sigma":0.2540968081922151,"Taucorr":0.22273161397977026},"EnergyVariance":{"Mean":4.386533215364274,"Sigma":1.0021496127741951,"Taucorr":0.6370925143225912},"Iteration":85},
{"Acceptance":[0.08444444444444445],"Energy":{"Mean":-7.593446025434202,"Sigma":0.18600121402071945,"Taucorr":0.2274082960566497},"EnergyVariance":{"Mean":2.263188538642068,"Sigma":0.3709557397838971,"Taucorr":0.11397686270702068},"Iteration":86},
{"Acceptance":[0.08222222222222222],"Energy":{"Mean":-7.289688133786971,"Sigma":0.28616221359328237,"Taucorr":0.7940243857715614},"EnergyVariance":{"Mean":3.0617625508875155,"Sigma":0.5521864245327114,"Taucorr":0.5571052079273071},"Iteration":87},
{"Acceptance":[0.10722222222222222],"Energy":{"Mean":-7.363462628038997,"Sigma":0.31247596380982,"Taucorr":0.19106754814878868},"EnergyVariance":{"Mean":6.890285055235833,"Sigma":2.165105428402615,"Taucorr":0.7681675818160356},"Iteration":88},
{"Acceptance":[0.08222222222222222],"Energy":{"Mean":-7.5054730146461734,"Sigma":0.22373420828321025,"Taucorr":0.3884422433789605},"EnergyVariance":{"Mean":2.781660712110443,"Sigma":0.515110563228716,"Taucorr":-0.025230349055927637},"Iteration":89},
{"Acceptance":[0.07333333333333333],"Energy":{"Mean":-8.168276905518724,"Sigma":0.37190703480367177,"Taucorr":0.5218861993966755},"EnergyVariance":{"Mean":6.634502403672587,"Sigma":1.8447715736990666,"Taucorr":0.8433552132413913},"Iteration":90},
{"Acceptance":[0.057777777777777775],"Energy":{"Mean":-7.941044386013337,"Sigma":0.23300579639628224,"Taucorr":-0.0816373664459864},"EnergyVariance":{"Mean":12.489023005892417,"Sigma":10.827468465981,"Taucorr":0.010091401574105152},"Iteration":91},
{"Acceptance":[0.06777777777777778],"Energy":{"Mean":-7.373354076628439,"Sigma":0.3497356781781686,"Taucorr":0.708153382653238},"EnergyVariance":{"Mean":4.980815628919531,"Sigma":1.312190900185535,"Taucorr":0.5311313772514363},"Iteration":92},
{"Acceptance":[0.07166666666666667],"Energy":{"Mean":-7.778802560359169,"Sigma":0.33058754194335715,"Taucorr":0.5755535347721779},"EnergyVariance":{"Mean":4.946627030613612,"Sigma":1.3052607416243696,"Taucorr":0.3649912400091214},"Iteration":93},
{"Acceptance":[0.06888888888888889],"Energy":{"Mean":-7.4743933345120865,"Sigma":0.4682368865106871,"Taucorr":0.36521068574401516},"EnergyVariance":{"Mean":12.456058953606325,"Sigma":7.87095756068347,"Taucorr":0.5134431271768309},"Iteration":94},
{"Acceptance":[0.08888888888888889],"Energy":{"Mean":-7.7572515663040225,"Sigma":0.6781334305679171,"Taucorr":0.42720024037166926},"EnergyVariance":{"Mean":39.20415043249187,"Sigma":20.004728223120313,"Taucorr":0.26530277094505716},"Iteration":95},
{"Acceptance":[0.05277777777777778],"Energy":{"Mean":-7.340609219553373,"Sigma":0.19813526360244973,"Taucorr":0.20777445753507218},"EnergyVariance":{"Mean":2.644440021222959,"Sigma":0.699196508658128,"Taucorr":0.46108258655463863},"Iteration":96},
{"Acceptance":[0.05444444444444444],"Energy":{"Mean":-7.6740189606654505,"Sigma":0.2445163147466707,"Taucorr":0.2888383319855383},"EnergyVariance":{"Mean":3.615802302928547,"Sigma":1.0310728573180907,"Taucorr":0.47856456466404396},"Iteration":97},
{"Acceptance":[0.04388888888888889],"Energy":{"Mean":-7.725681885380345,"Sigma":0.21521072443236106,"Taucorr":0.4612166177060848},"EnergyVariance":{"Mean":2.2965298991672474,"Sigma":0.6250501802177467,"Taucorr":0.21788216724081755},"Iteration":98},
{"Acceptance":[0.041666666666666664],"Energy":{"Mean":-7.638637893266235,"Sigma":0.25445123656549057,"Taucorr":0.3906556432630359},"EnergyVariance":{"Mean":3.5786552844762056,"Sigma":0.7740217265830828,"Taucorr":0.19551921211267465},"Iteration":99} 
]}
{"input": {"L": 8, "J": 1, "machine": {"type": "FFNN", "model": ["tanh", 63, 4]}, "sampler": {"type": "MetropolisHop", "d_max": 5}, "optimizer": {"type": "AdaMax", "alpha": 0.001, "beta1": 0.9, "beta2": 0.999, "epscut": 1e-07}, "VMC": {"n_samples": 100, "discarded_samples": 100, "discarded_samples_on_init": 0, "target": "energy", "method": "Gd", "diag_shift": 0.01, "use_iterative": true, "use_cholesky": true}, "n_iter": 100}}
duration: -3.4123101234436035