{"Output": [
{"Acceptance":[0.8726666666666667],"Energy":{"Mean":11.936248473743627,"Sigma":0.24378267482755064,"Taucorr":-0.09538029444817991},"EnergyVariance":{"Mean":7.030573252769203,"Sigma":0.6929965761028,"Taucorr":-0.13119964409358104},"Iteration":0},
{"Acceptance":[0.8456666666666667],"Energy":{"Mean":12.33712227772934,"Sigma":0.3135234135559512,"Taucorr":0.17258838522774533},"EnergyVariance":{"Mean":7.143615286414724,"Sigma":0.8124589375817886,"Taucorr":-0.09833169080367343},"Iteration":1},
{"Acceptance":[0.834],"Energy":{"Mean":11.209607647144255,"Sigma":0.316522937294425,"Taucorr":0.1624413949589779},"EnergyVariance":{"Mean":7.506993509681934,"Sigma":1.0970287461825203,"Taucorr":0.04236058763406447},"Iteration":2},
{"Acceptance":[0.8416666666666667],"Energy":{"Mean":11.651995441603658,"Sigma":0.28107425648983386,"Taucorr":-0.007921737105687887},"EnergyVariance":{"Mean":8.012638589692118,"Sigma":0.8757871703180378,"Taucorr":-0.13618488100192666},"Iteration":3},
{"Acceptance":[0.829],"Energy":{"Mean":11.77698862301264,"Sigma":0.3541242499459459,"Taucorr":0.10482207556703671},"EnergyVariance":{"Mean":10.439914001663787,"Sigma":2.2045751554056827,"Taucorr":0.0036223443177534342},"Iteration":4},
{"Acceptance":[0.8216666666666667],"Energy":{"Mean":11.644790711640098,"Sigma":0.338782301383838,"Taucorr":0.0348158398332572},"EnergyVariance":{"Mean":11.206287506200221,"Sigma":1.5534082588825566,"Taucorr":0.08620195421051147},"Iteration":5},
{"Acceptance":[0.7993333333333333],"Energy":{"Mean":12.0782600578306,"Sigma":0.2176463825943845,"Taucorr":-0.22127456166173964},"EnergyVariance":{"Mean":9.157889933727047,"Sigma":1.4016194907056183,"Taucorr":0.03483207908383856},"Iteration":6},
{"Acceptance":[0.7943333333333333],"Energy":{"Mean":10.627325617857025,"Sigma":0.29569563456711007,"Taucorr":-0.008920628163560373},"EnergyVariance":{"Mean":9.826775150781751,"Sigma":1.1817976275283524,"Taucorr":-0.04995354757616055},"Iteration":7},
{"Acceptance":[0.7653333333333333],"Energy":{"Mean":10.641505456195334,"Sigma":0.37613389254699325,"Taucorr":0.04178134347667739},"EnergyVariance":{"Mean":13.98571711747166,"Sigma":1.9960912009315601,"Taucorr":0.13906783621945895},"Iteration":8},
{"Acceptance":[0.7796666666666666],"Energy":{"Mean":10.298394985114808,"Sigma":0.3383547895570903,"Taucorr":-0.027866857543690726},"EnergyVariance":{"Mean":13.164216306719927,"Sigma":1.639733990491598,"Taucorr":-0.03650986632225922},"Iteration":9},
{"Acceptance":[0.758],"Energy":{"Mean":10.799462379433276,"Sigma":0.44142367444519093,"Taucorr":0.3957258374457234},"EnergyVariance":{"Mean":12.427263928601443,"Sigma":1.2559545562353303,"Taucorr":-0.12372522848100614},"Iteration":10},
{"Acceptance":[0.7216666666666667],"Energy":{"Mean":9.853404053538522,"Sigma":0.37185569705983657,"Taucorr":0.16307350929771902},"EnergyVariance":{"Mean":11.898299005207146,"Sigma":1.1449251472112962,"Taucorr":-0.029419566321770674},"Iteration":11},
{"Acceptance":[0.713],"Energy":{"Mean":9.81962836533034,"Sigma":0.224260546609516,"Taucorr":-0.18888840210337182},"EnergyVariance":{"Mean":10.056158868848527,"Sigma":1.374567960294629,"Taucorr":0.034227219545850285},"Iteration":12},
{"Acceptance":[0.7193333333333334],"Energy":{"Mean":9.453837202985433,"Sigma":0.43350334008201086,"Taucorr":0.2661569175869295},"EnergyVariance":{"Mean":14.901630229741631,"Sigma":1.5907503194112336,"Taucorr":-0.010086569880833562},"Iteration":13},
{"Acceptance":[0.698],"Energy":{"Mean":8.597911235632623,"Sigma":0.37494726575976817,"Taucorr":0.23998479755749702},"EnergyVariance":{"Mean":12.216285228073765,"Sigma":1.112401404828568,"Taucorr":-0.16585325910130572},"Iteration":14},
{"Acceptance":[0.704],"Energy":{"Mean":9.522384690390082,"Sigma":0.41149509523110833,"Taucorr":0.11446268816270011},"EnergyVariance":{"Mean":17.38754864747385,"Sigma":1.8725166896308327,"Taucorr":-0.002913228727968842},"Iteration":15},
{"Acceptance":[0.666],"Energy":{"Mean":8.47934081622026,"Sigma":0.38395684488342313,"Taucorr":0.24442712102304032},"EnergyVariance":{"Mean":12.711491668712293,"Sigma":1.1866900893156056,"Taucorr":-0.08410008999030333},"Iteration":16},
{"Acceptance":[0.6696666666666666],"Energy":{"Mean":8.13012548668372,"Sigma":0.30901051316607786,"Taucorr":0.15223717144183424},"EnergyVariance":{"Mean":11.49838926399422,"Sigma":1.30855607011644,"Taucorr":-0.07057084260155982},"Iteration":17},
{"Acceptance":[0.64],"Energy":{"Mean":8.24908418921931,"Sigma":0.3123696624199914,"Taucorr":0.004910049904457203},"EnergyVariance":{"Mean":13.878819949992215,"Sigma":1.339338155873122,"Taucorr":0.01386535529082944},"Iteration":18},
{"Acceptance":[0.6356666666666667],"Energy":{"Mean":8.426859974819815,"Sigma":0.43367972327477844,"Taucorr":0.23245586129311258},"EnergyVariance":{"Mean":17.50460201363844,"Sigma":2.182154097237461,"Taucorr":0.15501130200131008},"Iteration":19},
{"Acceptance":[0.6376666666666667],"Energy":{"Mean":7.384556089006532,"Sigma":0.4779870267831295,"Taucorr":0.48632594199598045},"EnergyVariance":{"Mean":15.701518226666746,"Sigma":1.872459948562762,"Taucorr":0.21483610227006233},"Iteration":20},
{"Acceptance":[0.6116666666666667],"Energy":{"Mean":7.563603758456492,"Sigma":0.46172864648365985,"Taucorr":0.1845377313614357},"EnergyVariance":{"Mean":20.42692485358586,"Sigma":2.023067911719158,"Taucorr":-0.03540562759319654},"Iteration":21},
{"Acceptance":[0.608],"Energy":{"Mean":6.84249783966907,"Sigma":0.37468534378690865,"Taucorr":0.1856179820857644},"EnergyVariance":{"Mean":15.509502194943144,"Sigma":1.5794683922772208,"Taucorr":-0.010179359021944001},"Iteration":22},
{"Acceptance":[0.5996666666666667],"Energy":{"Mean":6.485517260365013,"Sigma":0.33699946847837214,"Taucorr":0.14014030564854874},"EnergyVariance":{"Mean":13.603939653654926,"Sigma":1.8282869885918753,"Taucorr":0.06695986369169427},"Iteration":23},
{"Acceptance":[0.5896666666666667],"Energy":{"Mean":6.282533579217457,"Sigma":0.5094930697754532,"Taucorr":0.4086641877825016},"EnergyVariance":{"Mean":19.885285197878407,"Sigma":2.713324375599174,"Taucorr":0.21514100950675596},"Iteration":24},
{"Acceptance":[0.565],"Energy":{"Mean":5.55677608890393,"Sigma":0.38546516197857966,"Taucorr":0.273420313193089},"EnergyVariance":{"Mean":15.918414296762267,"Sigma":1.8453229369468171,"Taucorr":-0.003802177900171788},"Iteration":25},
{"Acceptance":[0.5723333333333334],"Energy":{"Mean":5.816335721898753,"Sigma":0.37379488741405537,"Taucorr":0.007894303421763338},"EnergyVariance":{"Mean":21.84138087407603,"Sigma":1.5485296943042084,"Taucorr":-0.12996206049204562},"Iteration":26},
{"Acceptance":[0.554],"Energy":{"Mean":5.160961401251564,"Sigma":0.41573762626428445,"Taucorr":0.19986508771004696},"EnergyVariance":{"Mean":20.16411845323889,"Sigma":2.2003693682067786,"Taucorr":-0.007879365535078231},"Iteration":27},
{"Acceptance":[0.5506666666666666],"Energy":{"Mean":4.658269486183259,"Sigma":0.49650420635317344,"Taucorr":0.5181925120413027},"EnergyVariance":{"Mean":17.16546024471465,"Sigma":2.240816852149326,"Taucorr":0.27910855363414655},"Iteration":28},
{"Acceptance":[0.541],"Energy":{"Mean":3.449506362757328,"Sigma":0.3429333006416038,"Taucorr":0.1529036813405369},"EnergyVariance":{"Mean":15.218378205058686,"Sigma":2.317014591259187,"Taucorr":0.5537297397673768},"Iteration":29},
{"Acceptance":[0.5186666666666667],"Energy":{"Mean":4.356826374291693,"Sigma":0.357375618080193,"Taucorr":0.2505642897073669},"EnergyVariance":{"Mean":15.843790894952294,"Sigma":1.6320065456924973,"Taucorr":-0.034758423159049534},"Iteration":30},
{"Acceptance":[0.5336666666666666],"Energy":{"Mean":4.247117470102401,"Sigma":0.32524970585329466,"Taucorr":0.18416885530964122},"EnergyVariance":{"Mean":15.266935482039761,"Sigma":1.4755583579530969,"Taucorr":-0.19296035481621732},"Iteration":31},
{"Acceptance":[0.5066666666666667],"Energy":{"Mean":3.5576634278481265,"Sigma":0.42285932253828745,"Taucorr":0.26368551046095734},"EnergyVariance":{"Mean":17.847235650103936,"Sigma":2.4514720419561606,"Taucorr":0.1847181594760473},"Iteration":32},
{"Acceptance":[0.511],"Energy":{"Mean":3.6839247970218745,"Sigma":0.5096277826031624,"Taucorr":0.4998801494420412},"EnergyVariance":{"Mean":21.39394170762175,"Sigma":2.905572929380291,"Taucorr":0.03436613819620937},"Iteration":33},
{"Acceptance":[0.5056666666666667],"Energy":{"Mean":3.514234169853272,"Sigma":0.38153596085829494,"Taucorr":0.11677197041778242},"EnergyVariance":{"Mean":19.826833622020768,"Sigma":2.2051148130476466,"Taucorr":0.03966293997760706},"Iteration":34},
{"Acceptance":[0.5016666666666667],"Energy":{"Mean":2.837791969860983,"Sigma":0.4341642690066562,"Taucorr":0.31020880646071103},"EnergyVariance":{"Mean":20.72219754788956,"Sigma":2.5440577010237213,"Taucorr":0.053268962787363594},"Iteration":35},
{"Acceptance":[0.5093333333333333],"Energy":{"Mean":2.7003254842604445,"Sigma":0.34365601725267486,"Taucorr":0.14121806311814566},"EnergyVariance":{"Mean":16.35065522598123,"Sigma":2.0442422762418007,"Taucorr":0.1312345123815558},"Iteration":36},
{"Acceptance":[0.49133333333333334],"Energy":{"Mean":2.107223695525785,"Sigma":0.33947513897517406,"Taucorr":0.027967966776332953},"EnergyVariance":{"Mean":22.568823165153145,"Sigma":3.1911474755041462,"Taucorr":-0.1683847715131872},"Iteration":37},
{"Acceptance":[0.49433333333333335],"Energy":{"Mean":2.0453683580122504,"Sigma":0.4028972589933122,"Taucorr":0.11282263922824165},"EnergyVariance":{"Mean":20.94752485395077,"Sigma":2.1219816131778733,"Taucorr":-0.053103097993179915},"Iteration":38},
{"Acceptance":[0.489],"Energy":{"Mean":1.833427455719981,"Sigma":0.46824161471245196,"Taucorr":0.4257541509356271},"EnergyVariance":{"Mean":19.044304386025377,"Sigma":3.223517913949716,"Taucorr":0.20838962868782063},"Iteration":39},
{"Acceptance":[0.47333333333333333],"Energy":{"Mean":1.0835829096587817,"Sigma":0.37135938702682514,"Taucorr":0.09072439915615615},"EnergyVariance":{"Mean":18.22933424118685,"Sigma":2.5810254781659956,"Taucorr":0.01652796476470042},"Iteration":40},
{"Acceptance":[0.4736666666666667],"Energy":{"Mean":0.8753564731818819,"Sigma":0.3410687852472647,"Taucorr":0.10295088861925361},"EnergyVariance":{"Mean":18.821269398908274,"Sigma":2.444397438645461,"Taucorr":0.04677688421383197},"Iteration":41},
{"Acceptance":[0.449],"Energy":{"Mean":-0.09639249937178627,"Sigma":0.352459081049832,"Taucorr":0.17060079592898758},"EnergyVariance":{"Mean":14.985293909768203,"Sigma":1.626011016259713,"Taucorr":-0.03551951340832399},"Iteration":42},
{"Acceptance":[0.4666666666666667],"Energy":{"Mean":0.39122603388564176,"Sigma":0.39361864399610585,"Taucorr":0.2864942124183335},"EnergyVariance":{"Mean":18.5705692626777,"Sigma":4.561368358153675,"Taucorr":0.005507105626232023},"Iteration":43},
{"Acceptance":[0.431],"Energy":{"Mean":-0.5310931385012312,"Sigma":0.5686213314329073,"Taucorr":0.614401001176685},"EnergyVariance":{"Mean":24.453527019667067,"Sigma":3.2043372585079277,"Taucorr":-0.011437133233334174},"Iteration":44},
{"Acceptance":[0.44266666666666665],"Energy":{"Mean":-0.8559789282818226,"Sigma":0.4053909633471709,"Taucorr":0.277901797448322},"EnergyVariance":{"Mean":23.906837519870574,"Sigma":3.6553116956240284,"Taucorr":-0.00584874246464917},"Iteration":45},
{"Acceptance":[0.444],"Energy":{"Mean":-0.7804168237990248,"Sigma":0.5475945797016922,"Taucorr":0.6025367488427826},"EnergyVariance":{"Mean":21.42871179811993,"Sigma":3.793957244767547,"Taucorr":0.47357347242116776},"Iteration":46},
{"Acceptance":[0.44566666666666666],"Energy":{"Mean":-1.4324064382395547,"Sigma":0.4636566842565548,"Taucorr":0.37674035397890426},"EnergyVariance":{"Mean":22.04269350238641,"Sigma":2.870058508834897,"Taucorr":0.11876175151569301},"Iteration":47},
{"Acceptance":[0.44],"Energy":{"Mean":-1.1199566789771187,"Sigma":0.3868286616467348,"Taucorr":0.33315874179476435},"EnergyVariance":{"Mean":15.721739698467445,"Sigma":2.1361710516937933,"Taucorr":-0.03830525917761779},"Iteration":48},
{"Acceptance":[0.399],"Energy":{"Mean":-2.0519803704777027,"Sigma":0.6424188084574944,"Taucorr":0.7033122024249121},"EnergyVariance":{"Mean":24.94313084309749,"Sigma":3.4630092958510645,"Taucorr":0.28587467183059434},"Iteration":49},
{"Acceptance":[0.41333333333333333],"Energy":{"Mean":-3.32060271748213,"Sigma":0.6921963454402256,"Taucorr":0.8457694394427},"EnergyVariance":{"Mean":24.355265957231197,"Sigma":3.135324892637056,"Taucorr":0.13710661532118484},"Iteration":50},
{"Acceptance":[0.39066666666666666],"Energy":{"Mean":-3.933880745227746,"Sigma":0.7547430017132865,"Taucorr":0.972746190208025},"EnergyVariance":{"Mean":28.234386639676977,"Sigma":3.6771493475171813,"Taucorr":0.3633328981043581},"Iteration":51},
{"Acceptance":[0.3963333333333333],"Energy":{"Mean":-3.962815348636139,"Sigma":0.645826802593205,"Taucorr":0.7866513090927463},"EnergyVariance":{"Mean":26.105553315094973,"Sigma":2.806080281032508,"Taucorr":0.11071166306752589},"Iteration":52},
{"Acceptance":[0.3636666666666667],"Energy":{"Mean":-3.044557861738247,"Sigma":0.5874848100507327,"Taucorr":0.42067585375189354},"EnergyVariance":{"Mean":24.94370270211621,"Sigma":5.356014196405403,"Taucorr":0.19949165374662503},"Iteration":53},
{"Acceptance":[0.22666666666666666],"Energy":{"Mean":-9.820084085754806,"Sigma":0.3825661961380902,"Taucorr":0.8264087906671702},"EnergyVariance":{"Mean":12.238030733400148,"Sigma":3.7150351479231953,"Taucorr":0.4151961159681655},"Iteration":54},
{"Acceptance":[0.182],"Energy":{"Mean":-4.331577805970919,"Sigma":0.585674607303872,"Taucorr":0.6487023555593039},"EnergyVariance":{"Mean":19.878421254878543,"Sigma":2.6373545537402547,"Taucorr":0.337212420363295},"Iteration":55},
{"Acceptance":[0.017333333333333333],"Energy":{"Mean":-11.250923803899244,"Sigma":0.27211138453819256,"Taucorr":0.6858644695074532},"EnergyVariance":{"Mean":3.657584863636979,"Sigma":1.0368490618306916,"Taucorr":1.0687469555463516},"Iteration":56},
{"Acceptance":[0.010666666666666666],"Energy":{"Mean":-11.17306126259956,"Sigma":0.16860354143679399,"Taucorr":0.6986926117360903},"EnergyVariance":{"Mean":1.1284219506343132,"Sigma":0.029878037186434194,"Taucorr":0.6986926117360903},"Iteration":57},
{"Acceptance":[0.0006666666666666666],"Energy":{"Mean":-12.044240508616259,"Sigma":0.0,"Taucorr":null},"EnergyVariance":{"Mean":4.577542884893432e-05,"Sigma":0.0,"Taucorr":null},"Iteration":58},
{"Acceptance":[0.0],"Energy":{"Mean":-12.012087805193147,"Sigma":0.0,"Taucorr":null},"EnergyVariance":{"Mean":3.0518440232563705e-06,"Sigma":0.0,"Taucorr":null},"Iteration":59},
{"Acceptance":[0.0],"Energy":{"Mean":-12.0030777054757,"Sigma":0.0,"Taucorr":null},"EnergyVariance":{"Mean":8.219367774865853e-07,"Sigma":0.0,"Taucorr":null},"Iteration":60},
{"Acceptance":[0.0006666666666666666],"Energy":{"Mean":-12.000674621458106,"Sigma":0.0,"Taucorr":null},"EnergyVariance":{"Mean":2.0763610022629506e-07,"Sigma":0.0,"Taucorr":null},"Iteration":61},
{"Acceptance":[0.0],"Energy":{"Mean":-12.000092232600286,"Sigma":0.0,"Taucorr":null},"EnergyVariance":{"Mean":3.189453772352342e-08,"Sigma":0.0,"Taucorr":null},"Iteration":62},
{"Acceptance":[0.0],"Energy":{"Mean":-11.999987400563976,"Sigma":0.0,"Taucorr":null},"EnergyVariance":{"Mean":2.288348248992705e-09,"Sigma":0.0,"Taucorr":null},"Iteration":63},
{"Acceptance":[0.0],"Energy":{"Mean":-11.999987743705638,"Sigma":0.0,"Taucorr":null},"EnergyVariance":{"Mean":1.423927752845783e-11,"Sigma":0.0,"Taucorr":null},"Iteration":64},
{"Acceptance":[0.0],"Energy":{"Mean":-11.999997997399385,"Sigma":0.0,"Taucorr":null},"EnergyVariance":{"Mean":1.0821281697398242e-11,"Sigma":0.0,"Taucorr":null},"Iteration":65},
{"Acceptance":[0.0],"Energy":{"Mean":-12.000001325688249,"Sigma":0.0,"Taucorr":null},"EnergyVariance":{"Mean":5.489569952838735e-13,"Sigma":0.0,"Taucorr":null},"Iteration":66},
{"Acceptance":[0.0],"Energy":{"Mean":-12.000000247431295,"Sigma":0.0,"Taucorr":null},"EnergyVariance":{"Mean":7.225286254073429e-13,"Sigma":0.0,"Taucorr":null},"Iteration":67},
{"Acceptance":[0.0],"Energy":{"Mean":-11.999999190779251,"Sigma":0.0,"Taucorr":null},"EnergyVariance":{"Mean":4.537531272292214e-16,"Sigma":0.0,"Taucorr":null},"Iteration":68},
{"Acceptance":[0.0],"Energy":{"Mean":-12.000000101914011,"Sigma":0.0,"Taucorr":null},"EnergyVariance":{"Mean":1.254884330038239e-12,"Sigma":0.0,"Taucorr":null},"Iteration":69},
{"Acceptance":[0.0003333333333333333],"Energy":{"Mean":-11.999999907874743,"Sigma":0.0,"Taucorr":null},"EnergyVariance":{"Mean":2.752208781010975e-15,"Sigma":0.0,"Taucorr":null},"Iteration":70},
{"Acceptance":[0.0],"Energy":{"Mean":-12.00000000292721,"Sigma":0.0,"Taucorr":null},"EnergyVariance":{"Mean":4.35332233874776e-19,"Sigma":0.0,"Taucorr":null},"Iteration":71},
{"Acceptance":[0.0],"Energy":{"Mean":-11.999999999980163,"Sigma":0.0,"Taucorr":null},"EnergyVariance":{"Mean":5.2680662151267386e-23,"Sigma":0.0,"Taucorr":null},"Iteration":72},
{"Acceptance":[0.0],"Energy":{"Mean":-12.000000000000014,"Sigma":0.0,"Taucorr":null},"EnergyVariance":{"Mean":1.0832544142317646e-29,"Sigma":0.0,"Taucorr":null},"Iteration":73},
{"Acceptance":[0.0],"Energy":{"Mean":-12.0,"Sigma":0.0,"Taucorr":null},"EnergyVariance":{"Mean":1.8828262254729828e-38,"Sigma":0.0,"Taucorr":null},"Iteration":74},
{"Acceptance":[0.0],"Energy":{"Mean":-12.0,"Sigma":0.0,"Taucorr":null},"EnergyVariance":{"Mean":1.2534645730542498e-55,"Sigma":0.0,"Taucorr":null},"Iteration":75},
{"Acceptance":[0.0],"Energy":{"Mean":-12.0,"Sigma":0.0,"Taucorr":null},"EnergyVariance":{"Mean":1.0584079695546053e-86,"Sigma":0.0,"Taucorr":null},"Iteration":76},
{"Acceptance":[0.0],"Energy":{"Mean":-12.0,"Sigma":0.0,"Taucorr":null},"EnergyVariance":{"Mean":1.6673605789808694e-128,"Sigma":0.0,"Taucorr":null},"Iteration":77},
{"Acceptance":[0.0],"Energy":{"Mean":-12.0,"Sigma":0.0,"Taucorr":null},"EnergyVariance":{"Mean":3.9803244817648915e-95,"Sigma":0.0,"Taucorr":null},"Iteration":78},
{"Acceptance":[0.0],"Energy":{"Mean":-11.999999999999751,"Sigma":0.0,"Taucorr":null},"EnergyVariance":{"Mean":1.849197194832847e-26,"Sigma":0.0,"Taucorr":null},"Iteration":79},
{"Acceptance":[0.0006666666666666666],"Energy":{"Mean":-14.000163562119011,"Sigma":0.0,"Taucorr":null},"EnergyVariance":{"Mean":8.536371444127623e-08,"Sigma":0.0,"Taucorr":null},"Iteration":80},
{"Acceptance":[0.0],"Energy":{"Mean":-14.000075768495464,"Sigma":0.0,"Taucorr":null},"EnergyVariance":{"Mean":9.471872653318469e-08,"Sigma":0.0,"Taucorr":null},"Iteration":81},
{"Acceptance":[0.0],"Energy":{"Mean":-13.999998160106959,"Sigma":0.0,"Taucorr":null},"EnergyVariance":{"Mean":9.178765475837052e-08,"Sigma":0.0,"Taucorr":null},"Iteration":82},
{"Acceptance":[0.0],"Energy":{"Mean":-13.999932272564902,"Sigma":0.0,"Taucorr":null},"EnergyVariance":{"Mean":8.067733255647579e-08,"Sigma":0.0,"Taucorr":null},"Iteration":83},
{"Acceptance":[0.0],"Energy":{"Mean":-13.999878166839023,"Sigma":0.0,"Taucorr":null},"EnergyVariance":{"Mean":6.548745173885264e-08,"Sigma":0.0,"Taucorr":null},"Iteration":84},
{"Acceptance":[0.0],"Energy":{"Mean":-13.99983507134247,"Sigma":0.0,"Taucorr":null},"EnergyVariance":{"Mean":4.941941937320895e-08,"Sigma":0.0,"Taucorr":null},"Iteration":85},
{"Acceptance":[0.0],"Energy":{"Mean":-13.999801796474854,"Sigma":0.0,"Taucorr":null},"EnergyVariance":{"Mean":3.459142264165762e-08,"Sigma":0.0,"Taucorr":null},"Iteration":86},
{"Acceptance":[0.0],"Energy":{"Mean":-13.9997769944347,"Sigma":0.0,"Taucorr":null},"EnergyVariance":{"Mean":2.217631915040955e-08,"Sigma":0.0,"Taucorr":null},"Iteration":87},
{"Acceptance":[0.0],"Energy":{"Mean":-13.999759315470014,"Sigma":0.0,"Taucorr":null},"EnergyVariance":{"Mean":1.2643894302383695e-08,"Sigma":0.0,"Taucorr":null},"Iteration":88},
{"Acceptance":[0.0],"Energy":{"Mean":-13.99974749600068,"Sigma":0.0,"Taucorr":null},"EnergyVariance":{"Mean":6.000131597355756e-09,"Sigma":0.0,"Taucorr":null},"Iteration":89},
{"Acceptance":[0.0],"Energy":{"Mean":-13.999740402860443,"Sigma":0.0,"Taucorr":null},"EnergyVariance":{"Mean":1.9811375168621815e-09,"Sigma":0.0,"Taucorr":null},"Iteration":90},
{"Acceptance":[0.0],"Energy":{"Mean":-13.99973705005979,"Sigma":0.0,"Taucorr":null},"EnergyVariance":{"Mean":1.9298747012602898e-10,"Sigma":0.0,"Taucorr":null},"Iteration":91},
{"Acceptance":[0.0],"Energy":{"Mean":-13.999736599019853,"Sigma":0.0,"Taucorr":null},"EnergyVariance":{"Mean":2.0363018389222468e-10,"Sigma":0.0,"Taucorr":null},"Iteration":92},
{"Acceptance":[0.0],"Energy":{"Mean":-13.999738349472716,"Sigma":0.0,"Taucorr":null},"EnergyVariance":{"Mean":1.5977769674940119e-09,"Sigma":0.0,"Taucorr":null},"Iteration":93},
{"Acceptance":[0.0],"Energy":{"Mean":-13.999741725660492,"Sigma":0.0,"Taucorr":null},"EnergyVariance":{"Mean":4.005690101624959e-09,"Sigma":0.0,"Taucorr":null},"Iteration":94},
{"Acceptance":[0.0],"Energy":{"Mean":-13.999746260733891,"Sigma":0.0,"Taucorr":null},"EnergyVariance":{"Mean":7.114896134034395e-09,"Sigma":0.0,"Taucorr":null},"Iteration":95},
{"Acceptance":[0.0],"Energy":{"Mean":-13.999751581095888,"Sigma":0.0,"Taucorr":null},"EnergyVariance":{"Mean":1.0671552305946098e-08,"Sigma":0.0,"Taucorr":null},"Iteration":96},
{"Acceptance":[0.0],"Energy":{"Mean":-13.999757391677663,"Sigma":0.0,"Taucorr":null},"EnergyVariance":{"Mean":1.4476127690113813e-08,"Sigma":0.0,"Taucorr":null},"Iteration":97},
{"Acceptance":[0.0006666666666666666],"Energy":{"Mean":-13.916441438479904,"Sigma":0.0833220241659427,"Taucorr":1.5652173913043463},"EnergyVariance":{"Mean":0.1596788911901405,"Sigma":0.15273631310259658,"Taucorr":1.5652173913043472},"Iteration":98},
{"Acceptance":[0.0],"Energy":{"Mean":-13.999874461758921,"Sigma":0.0,"Taucorr":null},"EnergyVariance":{"Mean":1.4538051806403056e-09,"Sigma":0.0,"Taucorr":null},"Iteration":99} 
]}
{"input": {"L": 14, "J": 1, "machine": {"type": "FFNN", "model": ["relu", 13, 3]}, "sampler": {"type": "MetropolisHop", "d_max": 5}, "optimizer": {"type": "AdaMax", "alpha": 0.001, "beta1": 0.9, "beta2": 0.999, "epscut": 1e-07}, "VMC": {"n_samples": 100, "discarded_samples": 100, "discarded_samples_on_init": 0, "target": "energy", "method": "Gd", "diag_shift": 0.01, "use_iterative": true, "use_cholesky": true}, "n_iter": 100}}
duration: -1.1505885124206543