{"Output": [
{"Acceptance":[0.9555882352941176],"Energy":{"Mean":14.019512687450868,"Sigma":0.22653098710092384,"Taucorr":-0.0667247647119108},"EnergyVariance":{"Mean":5.676051439188737,"Sigma":0.7327863934615788,"Taucorr":-0.03891138213630757},"Iteration":0},
{"Acceptance":[0.9579411764705882],"Energy":{"Mean":14.331393033891514,"Sigma":0.2768180540695143,"Taucorr":0.12754505184849707},"EnergyVariance":{"Mean":5.864760638067243,"Sigma":0.7576501018107956,"Taucorr":-0.04751935775862415},"Iteration":1},
{"Acceptance":[0.9505882352941176],"Energy":{"Mean":14.413772500218029,"Sigma":0.4139262823602409,"Taucorr":0.2777950892817672},"EnergyVariance":{"Mean":10.527988702008127,"Sigma":1.2643026574393492,"Taucorr":-0.09128544962571095},"Iteration":2},
{"Acceptance":[0.9544117647058824],"Energy":{"Mean":14.004375895934391,"Sigma":0.22966415701614035,"Taucorr":-0.21927508130613832},"EnergyVariance":{"Mean":9.01891702235898,"Sigma":0.8638698665993351,"Taucorr":-0.07784422212577596},"Iteration":3},
{"Acceptance":[0.9452941176470588],"Energy":{"Mean":13.930861248971247,"Sigma":0.28443943037109204,"Taucorr":-0.06154880090619663},"EnergyVariance":{"Mean":8.866904163861342,"Sigma":1.1984622207412368,"Taucorr":-0.015002374148726294},"Iteration":4},
{"Acceptance":[0.9426470588235294],"Energy":{"Mean":14.416942643208765,"Sigma":0.36703420374619006,"Taucorr":0.1892839978468479},"EnergyVariance":{"Mean":9.40129077144074,"Sigma":1.1640806534216215,"Taucorr":-0.023895327353716966},"Iteration":5},
{"Acceptance":[0.9479411764705883],"Energy":{"Mean":13.992807004998674,"Sigma":0.31917074211894614,"Taucorr":0.0320951049272995},"EnergyVariance":{"Mean":9.248123885411893,"Sigma":1.2549760376703663,"Taucorr":-0.1229907017447836},"Iteration":6},
{"Acceptance":[0.9494117647058824],"Energy":{"Mean":13.934822384993105,"Sigma":0.285136620027766,"Taucorr":0.043580044336573476},"EnergyVariance":{"Mean":7.283615387854647,"Sigma":0.8511744654141244,"Taucorr":-0.07449886886237916},"Iteration":7},
{"Acceptance":[0.9420588235294117],"Energy":{"Mean":13.799310021621025,"Sigma":0.35731310187616727,"Taucorr":0.20457744127057143},"EnergyVariance":{"Mean":8.795914019592486,"Sigma":1.3601351821776981,"Taucorr":-0.04743583829334197},"Iteration":8},
{"Acceptance":[0.9458823529411765],"Energy":{"Mean":14.268266599765658,"Sigma":0.4020109191077752,"Taucorr":0.2568360398664207},"EnergyVariance":{"Mean":10.314986957332742,"Sigma":1.3623322362810066,"Taucorr":-0.003058517249589998},"Iteration":9},
{"Acceptance":[0.9379411764705883],"Energy":{"Mean":14.245487641309055,"Sigma":0.27562767429683943,"Taucorr":0.01591629008334483},"EnergyVariance":{"Mean":7.223535466396719,"Sigma":0.8636191999121969,"Taucorr":-0.10910626404590612},"Iteration":10},
{"Acceptance":[0.9452941176470588],"Energy":{"Mean":13.91789770838478,"Sigma":0.3115818523390344,"Taucorr":0.036096106995497146},"EnergyVariance":{"Mean":8.88811469182507,"Sigma":1.2150534725519795,"Taucorr":0.0638037751446241},"Iteration":11},
{"Acceptance":[0.9352941176470588],"Energy":{"Mean":13.503700468294152,"Sigma":0.29981255791609707,"Taucorr":0.019821187020341524},"EnergyVariance":{"Mean":8.491792021345425,"Sigma":0.9615789042685009,"Taucorr":-0.15523117309009343},"Iteration":12},
{"Acceptance":[0.9388235294117647],"Energy":{"Mean":14.288221521425648,"Sigma":0.20296257354173933,"Taucorr":-0.2138322331615481},"EnergyVariance":{"Mean":7.205693076943281,"Sigma":1.046976224125063,"Taucorr":0.18103722114669274},"Iteration":13},
{"Acceptance":[0.94],"Energy":{"Mean":14.119040542011014,"Sigma":0.26802161954319154,"Taucorr":-0.12236776728221299},"EnergyVariance":{"Mean":9.362669070533764,"Sigma":1.1442662801990613,"Taucorr":-0.1640193912909394},"Iteration":14},
{"Acceptance":[0.9385294117647058],"Energy":{"Mean":13.615958764885939,"Sigma":0.33672657543371537,"Taucorr":0.07917572906452941},"EnergyVariance":{"Mean":9.633984854893654,"Sigma":1.2065306791089643,"Taucorr":-0.05058188968165006},"Iteration":15},
{"Acceptance":[0.94],"Energy":{"Mean":14.15443285256729,"Sigma":0.32878796994138365,"Taucorr":0.3041114783254395},"EnergyVariance":{"Mean":6.788429737532234,"Sigma":0.8582866259243604,"Taucorr":0.002640542510735422},"Iteration":16},
{"Acceptance":[0.9402941176470588],"Energy":{"Mean":13.882514801024637,"Sigma":0.31992995753995884,"Taucorr":0.11335649715816054},"EnergyVariance":{"Mean":8.247647672303021,"Sigma":1.0569199477551556,"Taucorr":-0.12679479325331644},"Iteration":17},
{"Acceptance":[0.9323529411764706],"Energy":{"Mean":14.175718272108762,"Sigma":0.323960948719317,"Taucorr":0.09820725373061023},"EnergyVariance":{"Mean":8.752865740642836,"Sigma":1.3802362760471047,"Taucorr":-0.023588752249284306},"Iteration":18},
{"Acceptance":[0.9294117647058824],"Energy":{"Mean":14.033872277498443,"Sigma":0.273696013490932,"Taucorr":-0.06565327326626114},"EnergyVariance":{"Mean":8.68943017525294,"Sigma":0.890112310493185,"Taucorr":-0.12423642186891087},"Iteration":19},
{"Acceptance":[0.9370588235294117],"Energy":{"Mean":13.361435590111164,"Sigma":0.2324429024871369,"Taucorr":-0.11011189185963605},"EnergyVariance":{"Mean":7.0799663496902046,"Sigma":0.6573463969060005,"Taucorr":-0.07714459966698461},"Iteration":20},
{"Acceptance":[0.935],"Energy":{"Mean":13.661541888810696,"Sigma":0.3071583030778921,"Taucorr":0.11845938866586125},"EnergyVariance":{"Mean":7.6717122376728675,"Sigma":1.0895469566523441,"Taucorr":0.01475101368745979},"Iteration":21},
{"Acceptance":[0.9308823529411765],"Energy":{"Mean":14.073305401527431,"Sigma":0.2752639083311844,"Taucorr":-0.09209924421505156},"EnergyVariance":{"Mean":9.461780234313252,"Sigma":0.9531290446464487,"Taucorr":-0.15042439067434454},"Iteration":22},
{"Acceptance":[0.9305882352941176],"Energy":{"Mean":14.353471393119532,"Sigma":0.343043701359289,"Taucorr":0.14714127255366793},"EnergyVariance":{"Mean":9.17921474557923,"Sigma":1.4604278892096414,"Taucorr":0.07819507749361276},"Iteration":23},
{"Acceptance":[0.9279411764705883],"Energy":{"Mean":13.60322744796343,"Sigma":0.30391644854081407,"Taucorr":0.08725564685632614},"EnergyVariance":{"Mean":8.137648212467608,"Sigma":1.0887996634091133,"Taucorr":0.09597906077772789},"Iteration":24},
{"Acceptance":[0.9255882352941176],"Energy":{"Mean":13.876257370392914,"Sigma":0.29156237155391523,"Taucorr":-0.049736535930909154},"EnergyVariance":{"Mean":9.590490226666812,"Sigma":1.1191915714108351,"Taucorr":-0.11302505238606192},"Iteration":25},
{"Acceptance":[0.9311764705882353],"Energy":{"Mean":13.751118549231975,"Sigma":0.2777086347747685,"Taucorr":-0.12660505180571224},"EnergyVariance":{"Mean":10.399222965903965,"Sigma":1.8901578056034056,"Taucorr":0.04397638109936197},"Iteration":26},
{"Acceptance":[0.9258823529411765],"Energy":{"Mean":13.634464783517776,"Sigma":0.38606209062921554,"Taucorr":0.2869811296454957},"EnergyVariance":{"Mean":9.716122605355723,"Sigma":1.1334021437718018,"Taucorr":-0.07806387326881564},"Iteration":27},
{"Acceptance":[0.9288235294117647],"Energy":{"Mean":13.925991460106022,"Sigma":0.3107971607272669,"Taucorr":0.055685674317417444},"EnergyVariance":{"Mean":9.057236033804193,"Sigma":1.0404257758633626,"Taucorr":-0.07604833028960944},"Iteration":28},
{"Acceptance":[0.93],"Energy":{"Mean":13.140179819322567,"Sigma":0.3315637132102887,"Taucorr":0.014954828773950823},"EnergyVariance":{"Mean":10.899588514061689,"Sigma":1.3476797343767046,"Taucorr":-0.08049428098669442},"Iteration":29},
{"Acceptance":[0.9220588235294118],"Energy":{"Mean":13.902899320899612,"Sigma":0.3465166250409573,"Taucorr":0.1906583153252388},"EnergyVariance":{"Mean":9.054912131188273,"Sigma":1.382947426951549,"Taucorr":0.0841103771700058},"Iteration":30},
{"Acceptance":[0.9205882352941176],"Energy":{"Mean":13.979440575662426,"Sigma":0.30220910782520055,"Taucorr":0.10200457591921164},"EnergyVariance":{"Mean":8.07575859942544,"Sigma":1.2249579451719166,"Taucorr":0.22872757158654444},"Iteration":31},
{"Acceptance":[0.9273529411764706],"Energy":{"Mean":13.834890041739676,"Sigma":0.2940384172349551,"Taucorr":0.1061944970356985},"EnergyVariance":{"Mean":7.7926343389824915,"Sigma":0.5941063857692672,"Taucorr":-0.21214838164141953},"Iteration":32},
{"Acceptance":[0.9202941176470588],"Energy":{"Mean":13.709022441735897,"Sigma":0.2798480575004963,"Taucorr":-0.04828764426519366},"EnergyVariance":{"Mean":9.415609137555958,"Sigma":1.3446122915885197,"Taucorr":0.0746709182578088},"Iteration":33},
{"Acceptance":[0.9126470588235294],"Energy":{"Mean":14.018116988150519,"Sigma":0.35786803234207604,"Taucorr":0.050624658184375115},"EnergyVariance":{"Mean":11.960129726482243,"Sigma":1.8460161527924879,"Taucorr":-0.11595910233571227},"Iteration":34},
{"Acceptance":[0.9094117647058824],"Energy":{"Mean":13.710424975061343,"Sigma":0.3207009349378471,"Taucorr":0.14406032974259442},"EnergyVariance":{"Mean":8.801898115401292,"Sigma":0.8479625424719194,"Taucorr":-0.14623427907310987},"Iteration":35},
{"Acceptance":[0.9217647058823529],"Energy":{"Mean":13.591407186000621,"Sigma":0.28524607592976786,"Taucorr":-0.016969612156114144},"EnergyVariance":{"Mean":9.153075373622833,"Sigma":0.8010579303850748,"Taucorr":-0.19630414948048724},"Iteration":36},
{"Acceptance":[0.918235294117647],"Energy":{"Mean":13.624786871944389,"Sigma":0.2964480055746005,"Taucorr":0.005485187193347563},"EnergyVariance":{"Mean":9.50355582748267,"Sigma":0.9397234423006043,"Taucorr":-0.16378708403390602},"Iteration":37},
{"Acceptance":[0.9094117647058824],"Energy":{"Mean":14.348203505536947,"Sigma":0.35337328146177266,"Taucorr":0.29014016493468786},"EnergyVariance":{"Mean":8.560333414679796,"Sigma":1.081024654645032,"Taucorr":0.016787659043992265},"Iteration":38},
{"Acceptance":[0.9108823529411765],"Energy":{"Mean":13.139076929698255,"Sigma":0.19527595670651177,"Taucorr":-0.27077301273243953},"EnergyVariance":{"Mean":9.009630602214047,"Sigma":1.1596067864081614,"Taucorr":-0.009288324351303334},"Iteration":39},
{"Acceptance":[0.913235294117647],"Energy":{"Mean":13.271413015792753,"Sigma":0.44574508558567627,"Taucorr":0.5443311573080869},"EnergyVariance":{"Mean":10.062850616474515,"Sigma":1.5128257087691643,"Taucorr":0.14630047270668545},"Iteration":40},
{"Acceptance":[0.9014705882352941],"Energy":{"Mean":13.624755450023924,"Sigma":0.26208764919217215,"Taucorr":-0.04804269692759483},"EnergyVariance":{"Mean":8.580656534440228,"Sigma":1.105836863977429,"Taucorr":0.03351712180312427},"Iteration":41},
{"Acceptance":[0.9047058823529411],"Energy":{"Mean":13.749184643304124,"Sigma":0.3126514413373437,"Taucorr":-0.014729999850043474},"EnergyVariance":{"Mean":10.967182538324705,"Sigma":1.2044473819451942,"Taucorr":-0.06221041026961227},"Iteration":42},
{"Acceptance":[0.9108823529411765],"Energy":{"Mean":13.673803877680424,"Sigma":0.3133172888377373,"Taucorr":0.11525109714146575},"EnergyVariance":{"Mean":8.659055907666225,"Sigma":0.9674447069628477,"Taucorr":-0.14415107443238723},"Iteration":43},
{"Acceptance":[0.9076470588235294],"Energy":{"Mean":14.152141040272676,"Sigma":0.26816770988549243,"Taucorr":0.026458897490731825},"EnergyVariance":{"Mean":8.046863227110991,"Sigma":0.7478910499380715,"Taucorr":-0.07705435853888987},"Iteration":44},
{"Acceptance":[0.8955882352941177],"Energy":{"Mean":13.118963999208752,"Sigma":0.325240947335162,"Taucorr":0.026559801396331295},"EnergyVariance":{"Mean":11.282738146248443,"Sigma":1.240209626824501,"Taucorr":-0.08297352647645717},"Iteration":45},
{"Acceptance":[0.9064705882352941],"Energy":{"Mean":13.240371665722526,"Sigma":0.3230677855629242,"Taucorr":0.0911304428199099},"EnergyVariance":{"Mean":9.688639178850948,"Sigma":1.0871910253819383,"Taucorr":-0.06508447739721906},"Iteration":46},
{"Acceptance":[0.9038235294117647],"Energy":{"Mean":12.490066563820614,"Sigma":0.3510901241503395,"Taucorr":0.24574957846574141},"EnergyVariance":{"Mean":9.66339537837773,"Sigma":1.2257155466308136,"Taucorr":-0.017091808323035307},"Iteration":47},
{"Acceptance":[0.8991176470588236],"Energy":{"Mean":12.833035813794652,"Sigma":0.33095909556852204,"Taucorr":0.07205807176127543},"EnergyVariance":{"Mean":10.91198254524219,"Sigma":1.153196139753338,"Taucorr":-0.05985407782111796},"Iteration":48},
{"Acceptance":[0.8917647058823529],"Energy":{"Mean":12.642841299535128,"Sigma":0.2898757167135842,"Taucorr":-0.08175589455686993},"EnergyVariance":{"Mean":11.795393133734567,"Sigma":1.633822521272308,"Taucorr":0.06440129754877055},"Iteration":49},
{"Acceptance":[0.8908823529411765],"Energy":{"Mean":13.774220137466331,"Sigma":0.32430059715162834,"Taucorr":0.02110247498047302},"EnergyVariance":{"Mean":11.349423256046077,"Sigma":1.152036592554504,"Taucorr":-0.1596178865994709},"Iteration":50},
{"Acceptance":[0.9052941176470588],"Energy":{"Mean":13.541298025080701,"Sigma":0.2272215935654289,"Taucorr":-0.18860581113198266},"EnergyVariance":{"Mean":10.18563823045265,"Sigma":1.2615075450167077,"Taucorr":0.03123742740198121},"Iteration":51},
{"Acceptance":[0.893235294117647],"Energy":{"Mean":13.294852656161382,"Sigma":0.26744188487084564,"Taucorr":-0.020675244866700526},"EnergyVariance":{"Mean":9.04344303436053,"Sigma":1.0717183560973471,"Taucorr":0.06327372758998495},"Iteration":52},
{"Acceptance":[0.8773529411764706],"Energy":{"Mean":12.931934588223077,"Sigma":0.23446045012059305,"Taucorr":-0.16954504460839348},"EnergyVariance":{"Mean":9.848759118859112,"Sigma":1.0318088307586653,"Taucorr":0.14465422975147424},"Iteration":53},
{"Acceptance":[0.8838235294117647],"Energy":{"Mean":12.812452007080955,"Sigma":0.3089054351828269,"Taucorr":0.016849934755298057},"EnergyVariance":{"Mean":10.600683418521538,"Sigma":1.1927170254728465,"Taucorr":0.00704101537147217},"Iteration":54},
{"Acceptance":[0.8835294117647059],"Energy":{"Mean":13.15890578035016,"Sigma":0.305486441063385,"Taucorr":0.06353085726781127},"EnergyVariance":{"Mean":9.941013934404408,"Sigma":1.2314324063133817,"Taucorr":-0.03897621851684924},"Iteration":55},
{"Acceptance":[0.8788235294117647],"Energy":{"Mean":13.701601374844419,"Sigma":0.32363574810508955,"Taucorr":0.03168302666526379},"EnergyVariance":{"Mean":11.83771162946157,"Sigma":1.6025024858501138,"Taucorr":0.15194974109190307},"Iteration":56},
{"Acceptance":[0.8805882352941177],"Energy":{"Mean":12.658174753647927,"Sigma":0.3638487534563244,"Taucorr":0.26793875781348486},"EnergyVariance":{"Mean":10.261450428511441,"Sigma":1.3737333924691033,"Taucorr":0.08879839224991837},"Iteration":57},
{"Acceptance":[0.8817647058823529],"Energy":{"Mean":13.42279339700103,"Sigma":0.27300890157231816,"Taucorr":-0.11984532290806749},"EnergyVariance":{"Mean":12.56318208724322,"Sigma":1.402893778063082,"Taucorr":0.04267293920935267},"Iteration":58},
{"Acceptance":[0.8711764705882353],"Energy":{"Mean":12.097987086777012,"Sigma":0.27518308181241347,"Taucorr":-0.07576186222215947},"EnergyVariance":{"Mean":10.963145516649861,"Sigma":1.1185408942337978,"Taucorr":-0.06011613367854041},"Iteration":59},
{"Acceptance":[0.8679411764705882],"Energy":{"Mean":12.617307927396563,"Sigma":0.3888785154292093,"Taucorr":0.2834100369704535},"EnergyVariance":{"Mean":11.833728402556684,"Sigma":1.562013534588625,"Taucorr":0.051708600994712306},"Iteration":60},
{"Acceptance":[0.8738235294117647],"Energy":{"Mean":12.312802024481252,"Sigma":0.30676900616064673,"Taucorr":0.01785246105011573},"EnergyVariance":{"Mean":11.158828689158065,"Sigma":1.1546345703978458,"Taucorr":-0.0245514732312892},"Iteration":61},
{"Acceptance":[0.8685294117647059],"Energy":{"Mean":12.679238440799647,"Sigma":0.3136795787647997,"Taucorr":0.14534174885632656},"EnergyVariance":{"Mean":10.09378075135318,"Sigma":1.516192737509894,"Taucorr":0.2237861936516451},"Iteration":62},
{"Acceptance":[0.8658823529411764],"Energy":{"Mean":12.958573670355355,"Sigma":0.23790120483300004,"Taucorr":-0.16014312896832356},"EnergyVariance":{"Mean":10.640942600873064,"Sigma":1.066736447338465,"Taucorr":0.0508819659664016},"Iteration":63},
{"Acceptance":[0.861764705882353],"Energy":{"Mean":12.947904063081142,"Sigma":0.321202152475773,"Taucorr":0.1075371811602085},"EnergyVariance":{"Mean":11.532626851301675,"Sigma":1.2893298726469782,"Taucorr":-0.05523106722582494},"Iteration":64},
{"Acceptance":[0.8529411764705882],"Energy":{"Mean":12.145233879979164,"Sigma":0.33441830725837873,"Taucorr":0.20455127285097763},"EnergyVariance":{"Mean":10.466794318145222,"Sigma":1.1860873669840102,"Taucorr":0.1370436341183725},"Iteration":65},
{"Acceptance":[0.8676470588235294],"Energy":{"Mean":12.17079464720127,"Sigma":0.3391505793612919,"Taucorr":0.09463322653783557},"EnergyVariance":{"Mean":12.593821612886334,"Sigma":1.517722216284021,"Taucorr":-0.09419731074671644},"Iteration":66},
{"Acceptance":[0.8544117647058823],"Energy":{"Mean":12.338833306211695,"Sigma":0.3756746378394155,"Taucorr":0.053373675210896976},"EnergyVariance":{"Mean":16.151398284464978,"Sigma":2.190142498863606,"Taucorr":0.1991515971126021},"Iteration":67},
{"Acceptance":[0.8558823529411764],"Energy":{"Mean":12.6156714241306,"Sigma":0.28022884249704344,"Taucorr":-0.10166411485558813},"EnergyVariance":{"Mean":12.557777094910287,"Sigma":1.404234491702239,"Taucorr":-0.12789405697473638},"Iteration":68},
{"Acceptance":[0.8458823529411764],"Energy":{"Mean":12.553313089666446,"Sigma":0.2817856946975581,"Taucorr":0.031455014825698346},"EnergyVariance":{"Mean":10.39121825151203,"Sigma":1.28939451398226,"Taucorr":0.039211392344044804},"Iteration":69},
{"Acceptance":[0.8626470588235294],"Energy":{"Mean":12.690403250189053,"Sigma":0.28927444093751903,"Taucorr":0.027926489726281756},"EnergyVariance":{"Mean":10.710220812257333,"Sigma":1.2698816783291706,"Taucorr":-0.00016749984292541154},"Iteration":70},
{"Acceptance":[0.8476470588235294],"Energy":{"Mean":12.032319426638324,"Sigma":0.33034799985519747,"Taucorr":0.16560834127275625},"EnergyVariance":{"Mean":10.714908763498528,"Sigma":1.31140907183471,"Taucorr":0.11332269241464443},"Iteration":71},
{"Acceptance":[0.8452941176470589],"Energy":{"Mean":12.185700469005285,"Sigma":0.326987776683874,"Taucorr":0.08415722162738426},"EnergyVariance":{"Mean":12.823945091653236,"Sigma":1.162057654909992,"Taucorr":0.014098435700441225},"Iteration":72},
{"Acceptance":[0.8476470588235294],"Energy":{"Mean":11.783896410008046,"Sigma":0.3765343871766768,"Taucorr":0.1546357479980962},"EnergyVariance":{"Mean":14.102393304683922,"Sigma":1.4695344658405258,"Taucorr":-0.04311939645459434},"Iteration":73},
{"Acceptance":[0.8344117647058824],"Energy":{"Mean":12.044378229410835,"Sigma":0.3107484474596894,"Taucorr":0.056713463153303056},"EnergyVariance":{"Mean":11.733770522063898,"Sigma":1.0910964539959689,"Taucorr":0.023513215652009256},"Iteration":74},
{"Acceptance":[0.8461764705882353],"Energy":{"Mean":12.402776623664401,"Sigma":0.4092565811213711,"Taucorr":0.3329018033509964},"EnergyVariance":{"Mean":13.455065221634417,"Sigma":1.721275102982527,"Taucorr":0.13425129735736963},"Iteration":75},
{"Acceptance":[0.8264705882352941],"Energy":{"Mean":11.402709842349608,"Sigma":0.3536346572541732,"Taucorr":0.021052621780988434},"EnergyVariance":{"Mean":15.076524396760266,"Sigma":1.3071949828248073,"Taucorr":-0.19862291565400875},"Iteration":76},
{"Acceptance":[0.8270588235294117],"Energy":{"Mean":12.124535027546607,"Sigma":0.35314406943362825,"Taucorr":0.13032040715200532},"EnergyVariance":{"Mean":12.994062920845126,"Sigma":1.4739326549160994,"Taucorr":0.028384314486191053},"Iteration":77},
{"Acceptance":[0.8347058823529412],"Energy":{"Mean":11.447632554353685,"Sigma":0.3215015515312786,"Taucorr":-0.0035201113623610225},"EnergyVariance":{"Mean":14.372671497645797,"Sigma":1.4842650391003798,"Taucorr":-0.018976947156553958},"Iteration":78},
{"Acceptance":[0.8208823529411765],"Energy":{"Mean":11.836762290865707,"Sigma":0.44294094110386933,"Taucorr":0.44658229628365087},"EnergyVariance":{"Mean":14.198610985445784,"Sigma":1.5264205390470136,"Taucorr":-0.02690919191585317},"Iteration":79},
{"Acceptance":[0.8220588235294117],"Energy":{"Mean":11.94133155853278,"Sigma":0.32489371831077707,"Taucorr":0.1335433391640185},"EnergyVariance":{"Mean":10.373380328468947,"Sigma":1.466357365911042,"Taucorr":0.2305435657678907},"Iteration":80},
{"Acceptance":[0.8238235294117647],"Energy":{"Mean":11.695137364595908,"Sigma":0.35457255147526817,"Taucorr":0.008320776628900517},"EnergyVariance":{"Mean":16.04184155889536,"Sigma":1.51272142034994,"Taucorr":-0.09558828516739831},"Iteration":81},
{"Acceptance":[0.82],"Energy":{"Mean":11.22762888099042,"Sigma":0.29304387905451795,"Taucorr":0.047890768954643725},"EnergyVariance":{"Mean":10.986323124571838,"Sigma":1.059028151426352,"Taucorr":-0.05945213986701442},"Iteration":82},
{"Acceptance":[0.82],"Energy":{"Mean":11.347114418776732,"Sigma":0.36858598472869497,"Taucorr":0.2501412092824121},"EnergyVariance":{"Mean":13.888341212365738,"Sigma":1.3026197479968602,"Taucorr":0.0433999856327939},"Iteration":83},
{"Acceptance":[0.8176470588235294],"Energy":{"Mean":12.205200804532872,"Sigma":0.3911270783857387,"Taucorr":0.20709829556351123},"EnergyVariance":{"Mean":14.037447125803336,"Sigma":1.4402095385604863,"Taucorr":-0.02670176386900258},"Iteration":84},
{"Acceptance":[0.8073529411764706],"Energy":{"Mean":11.764631540155223,"Sigma":0.4788452079701395,"Taucorr":0.2984959670635402},"EnergyVariance":{"Mean":17.654539950647475,"Sigma":1.576306455040913,"Taucorr":-0.15938536462527758},"Iteration":85},
{"Acceptance":[0.8005882352941176],"Energy":{"Mean":11.61546923286635,"Sigma":0.4352762399663012,"Taucorr":0.2864037964102334},"EnergyVariance":{"Mean":16.809645792050024,"Sigma":2.421799786061515,"Taucorr":0.3132460358587117},"Iteration":86},
{"Acceptance":[0.8079411764705883],"Energy":{"Mean":11.1188665613965,"Sigma":0.3137923996294937,"Taucorr":0.12815385451236616},"EnergyVariance":{"Mean":11.540395120517871,"Sigma":1.245444497302175,"Taucorr":0.12549332487051035},"Iteration":87},
{"Acceptance":[0.8035294117647059],"Energy":{"Mean":11.424879391709055,"Sigma":0.36807548895339565,"Taucorr":0.1535665753053791},"EnergyVariance":{"Mean":14.018700576947474,"Sigma":1.7350272835264073,"Taucorr":0.18411527924998472},"Iteration":88},
{"Acceptance":[0.8070588235294117],"Energy":{"Mean":11.04516602489182,"Sigma":0.4170423956205818,"Taucorr":0.3380066934384599},"EnergyVariance":{"Mean":14.351881983077293,"Sigma":1.941771291060537,"Taucorr":0.04625571186887223},"Iteration":89},
{"Acceptance":[0.7752941176470588],"Energy":{"Mean":11.05444261309545,"Sigma":0.3895696055543669,"Taucorr":0.13070571879374082},"EnergyVariance":{"Mean":15.501250531327026,"Sigma":1.3715334997492121,"Taucorr":-0.08856640023557932},"Iteration":90},
{"Acceptance":[0.793235294117647],"Energy":{"Mean":10.970338675382694,"Sigma":0.4203171644210763,"Taucorr":0.42297989937989267},"EnergyVariance":{"Mean":14.969930273614985,"Sigma":1.4887993186568262,"Taucorr":-0.019691771015742432},"Iteration":91},
{"Acceptance":[0.7844117647058824],"Energy":{"Mean":11.663421222094886,"Sigma":0.4302146266612419,"Taucorr":0.28151548116985303},"EnergyVariance":{"Mean":17.035524732359224,"Sigma":1.6757214048746205,"Taucorr":0.006029262253263945},"Iteration":92},
{"Acceptance":[0.7773529411764706],"Energy":{"Mean":11.216004253784863,"Sigma":0.348125967353652,"Taucorr":0.03587942104791941},"EnergyVariance":{"Mean":16.67095923919008,"Sigma":1.6274426685497683,"Taucorr":-0.04066706893669375},"Iteration":93},
{"Acceptance":[0.7761764705882352],"Energy":{"Mean":11.304101319140495,"Sigma":0.4093899302563414,"Taucorr":0.24803421397169723},"EnergyVariance":{"Mean":15.114785456419176,"Sigma":1.8377696892963116,"Taucorr":0.1460059099164508},"Iteration":94},
{"Acceptance":[0.7752941176470588],"Energy":{"Mean":10.962607403980472,"Sigma":0.2637853678770438,"Taucorr":-0.12152929730335088},"EnergyVariance":{"Mean":13.654179646390606,"Sigma":1.1626898302105269,"Taucorr":-0.20146188055582376},"Iteration":95},
{"Acceptance":[0.7579411764705882],"Energy":{"Mean":10.760954224723928,"Sigma":0.2533799714089199,"Taucorr":-0.022605495494878003},"EnergyVariance":{"Mean":12.986757036786143,"Sigma":1.1036494874050704,"Taucorr":-0.03732535189951536},"Iteration":96},
{"Acceptance":[0.7714705882352941],"Energy":{"Mean":10.410867670367574,"Sigma":0.476889568556809,"Taucorr":0.32997957421012203},"EnergyVariance":{"Mean":19.051027215542426,"Sigma":2.539656976733564,"Taucorr":0.2432330377583899},"Iteration":97},
{"Acceptance":[0.7664705882352941],"Energy":{"Mean":10.505508178914969,"Sigma":0.40625399013625024,"Taucorr":0.23138252802703452},"EnergyVariance":{"Mean":15.336433693383656,"Sigma":1.5177487408299135,"Taucorr":0.009597544339334019},"Iteration":98},
{"Acceptance":[0.7723529411764706],"Energy":{"Mean":11.214955253051327,"Sigma":0.4269740375649769,"Taucorr":0.4223925131552967},"EnergyVariance":{"Mean":14.069550058915189,"Sigma":1.818921189157748,"Taucorr":0.20664472586590854},"Iteration":99} 
]}
{"input": {"L": 16, "J": 1, "machine": {"type": "FFNN", "model": ["tanh", 3, 1]}, "sampler": {"type": "MetropolisHop", "d_max": 5}, "optimizer": {"type": "AdaMax", "alpha": 0.001, "beta1": 0.9, "beta2": 0.999, "epscut": 1e-07}, "VMC": {"n_samples": 100, "discarded_samples": 100, "discarded_samples_on_init": 0, "target": "energy", "method": "Gd", "diag_shift": 0.01, "use_iterative": true, "use_cholesky": true}, "n_iter": 100}}
duration: -0.24573683738708496