{"Output": [
{"Acceptance":[0.8885294117647059],"Energy":{"Mean":14.289821198862118,"Sigma":0.3586487392146829,"Taucorr":0.13900561042261383},"EnergyVariance":{"Mean":10.033552365009909,"Sigma":1.5873749392747336,"Taucorr":0.1167861817748439},"Iteration":0},
{"Acceptance":[0.8485294117647059],"Energy":{"Mean":13.490884040135176,"Sigma":0.2928620062893956,"Taucorr":0.1589172028915039},"EnergyVariance":{"Mean":7.242528337818455,"Sigma":0.9985257087205548,"Taucorr":0.18118206235671352},"Iteration":1},
{"Acceptance":[0.8102941176470588],"Energy":{"Mean":12.499275340005576,"Sigma":0.3988304584159807,"Taucorr":0.2999859344515179},"EnergyVariance":{"Mean":11.013870931060636,"Sigma":1.2537029168586171,"Taucorr":-0.030086152769766727},"Iteration":2},
{"Acceptance":[0.7811764705882352],"Energy":{"Mean":12.265249928608357,"Sigma":0.4265566221667385,"Taucorr":0.34256707395470176},"EnergyVariance":{"Mean":12.593019680690219,"Sigma":1.7185921657010619,"Taucorr":0.14504237828012978},"Iteration":3},
{"Acceptance":[0.7329411764705882],"Energy":{"Mean":11.359322931634237,"Sigma":0.4481826858520406,"Taucorr":0.21321170750238538},"EnergyVariance":{"Mean":16.956354884320607,"Sigma":1.913401088676018,"Taucorr":-0.04032437376744119},"Iteration":4},
{"Acceptance":[0.6858823529411765],"Energy":{"Mean":9.740468412405374,"Sigma":0.36554670286943286,"Taucorr":0.05335143420674637},"EnergyVariance":{"Mean":14.88407120344036,"Sigma":1.7094539521644025,"Taucorr":-0.12162841370980909},"Iteration":5},
{"Acceptance":[0.6444117647058824],"Energy":{"Mean":9.921890405724051,"Sigma":0.44804730738596416,"Taucorr":0.19056509367787267},"EnergyVariance":{"Mean":19.127563627179676,"Sigma":1.4897296756100746,"Taucorr":-0.2275449957448008},"Iteration":6},
{"Acceptance":[0.6297058823529412],"Energy":{"Mean":8.936371086694143,"Sigma":0.36508344923430863,"Taucorr":0.08424747920195452},"EnergyVariance":{"Mean":15.572787248605136,"Sigma":1.4538115013614743,"Taucorr":-0.10691346223947357},"Iteration":7},
{"Acceptance":[0.6058823529411764],"Energy":{"Mean":7.051790274138925,"Sigma":0.4710223046840119,"Taucorr":0.3299491060426051},"EnergyVariance":{"Mean":19.591083356790946,"Sigma":2.2013044563116533,"Taucorr":0.03470100936240239},"Iteration":8},
{"Acceptance":[0.5720588235294117],"Energy":{"Mean":6.804604308516806,"Sigma":0.28363725102804394,"Taucorr":-0.11676546484965072},"EnergyVariance":{"Mean":17.327980809346784,"Sigma":1.9114609331517243,"Taucorr":0.13573733480147043},"Iteration":9},
{"Acceptance":[0.5435294117647059],"Energy":{"Mean":7.0320569730067986,"Sigma":0.45348843529285415,"Taucorr":0.2410960370366334},"EnergyVariance":{"Mean":20.51547692989617,"Sigma":2.1411183639677787,"Taucorr":-0.10589523380877741},"Iteration":10},
{"Acceptance":[0.523235294117647],"Energy":{"Mean":6.350164114100939,"Sigma":0.4234826161362131,"Taucorr":0.17171043491560756},"EnergyVariance":{"Mean":21.716827388703123,"Sigma":2.679272388234953,"Taucorr":0.0810912997609684},"Iteration":11},
{"Acceptance":[0.48],"Energy":{"Mean":4.025990391504273,"Sigma":0.43157696171230625,"Taucorr":0.09389183847588534},"EnergyVariance":{"Mean":21.85427767206808,"Sigma":2.630064426703455,"Taucorr":-0.014168154664797261},"Iteration":12},
{"Acceptance":[0.44735294117647056],"Energy":{"Mean":3.483872359466389,"Sigma":0.4352977965794935,"Taucorr":0.13588319269733307},"EnergyVariance":{"Mean":23.342292881485214,"Sigma":2.065215113044514,"Taucorr":-0.03153566516428913},"Iteration":13},
{"Acceptance":[0.42823529411764705],"Energy":{"Mean":1.938958181949862,"Sigma":0.6036825196678112,"Taucorr":0.553577355843458},"EnergyVariance":{"Mean":24.624186855028544,"Sigma":3.2081840283076923,"Taucorr":0.2498022403807666},"Iteration":14},
{"Acceptance":[0.42705882352941177],"Energy":{"Mean":2.370496703273722,"Sigma":0.45538159066160083,"Taucorr":0.30220592900154},"EnergyVariance":{"Mean":24.81603755579261,"Sigma":2.581324848982253,"Taucorr":-0.033238078656504966},"Iteration":15},
{"Acceptance":[0.3870588235294118],"Energy":{"Mean":0.5830185785383439,"Sigma":0.5247797495382737,"Taucorr":0.22803739424637226},"EnergyVariance":{"Mean":26.642909624843114,"Sigma":3.577597041229024,"Taucorr":0.028015535467295627},"Iteration":16},
{"Acceptance":[0.3664705882352941],"Energy":{"Mean":0.09182070506845377,"Sigma":0.5275533857650855,"Taucorr":0.4529383204775178},"EnergyVariance":{"Mean":21.239723336343914,"Sigma":3.2418276733482787,"Taucorr":0.1018054598066861},"Iteration":17},
{"Acceptance":[0.35823529411764704],"Energy":{"Mean":-0.736266470428252,"Sigma":0.6834743868422517,"Taucorr":0.6313322552707774},"EnergyVariance":{"Mean":27.801151759545657,"Sigma":2.475736005851869,"Taucorr":-0.12063936342376264},"Iteration":18},
{"Acceptance":[0.35911764705882354],"Energy":{"Mean":-0.5431828918878825,"Sigma":0.4688495535285697,"Taucorr":0.265326381551923},"EnergyVariance":{"Mean":26.581904661963573,"Sigma":2.818483594046881,"Taucorr":-0.014392113912396587},"Iteration":19},
{"Acceptance":[0.32382352941176473],"Energy":{"Mean":-3.3192048026898715,"Sigma":0.48497220250418077,"Taucorr":0.3764599389728237},"EnergyVariance":{"Mean":23.162101969362716,"Sigma":4.363166380705408,"Taucorr":0.740376273459082},"Iteration":20},
{"Acceptance":[0.31529411764705884],"Energy":{"Mean":-3.386211012086012,"Sigma":0.3987116717023886,"Taucorr":0.26493956930722606},"EnergyVariance":{"Mean":20.756733311724354,"Sigma":2.9113271906699554,"Taucorr":-0.03052192710643392},"Iteration":21},
{"Acceptance":[0.29911764705882354],"Energy":{"Mean":-3.681682266742788,"Sigma":0.5098358390564737,"Taucorr":0.42490091362090443},"EnergyVariance":{"Mean":21.6895534447606,"Sigma":2.9780117179116017,"Taucorr":0.25622819390112506},"Iteration":22},
{"Acceptance":[0.27176470588235296],"Energy":{"Mean":-4.302583390494597,"Sigma":0.5038157283112659,"Taucorr":0.43528991539263007},"EnergyVariance":{"Mean":22.907237445071296,"Sigma":3.098692209540176,"Taucorr":0.12018806126641968},"Iteration":23},
{"Acceptance":[0.2826470588235294],"Energy":{"Mean":-4.879309717834573,"Sigma":0.3516120047975453,"Taucorr":0.23384378731197564},"EnergyVariance":{"Mean":21.144455597657636,"Sigma":3.3791359973879014,"Taucorr":0.16037162957050521},"Iteration":24},
{"Acceptance":[0.2791176470588235],"Energy":{"Mean":-5.375710266107886,"Sigma":0.45907354507604,"Taucorr":0.6390409386544071},"EnergyVariance":{"Mean":25.36858746595821,"Sigma":4.029622033058003,"Taucorr":0.175462699737441},"Iteration":25},
{"Acceptance":[0.26029411764705884],"Energy":{"Mean":-5.360572199388816,"Sigma":0.5360645371097056,"Taucorr":0.40253891645623585},"EnergyVariance":{"Mean":28.69301513395944,"Sigma":5.932714327174844,"Taucorr":0.27394490461791654},"Iteration":26},
{"Acceptance":[0.26941176470588235],"Energy":{"Mean":-5.999770231696841,"Sigma":0.4440329034795536,"Taucorr":0.5817421690853544},"EnergyVariance":{"Mean":18.85057545850841,"Sigma":3.2712641831955844,"Taucorr":0.30363061991942886},"Iteration":27},
{"Acceptance":[0.2485294117647059],"Energy":{"Mean":-6.757035725348469,"Sigma":0.5202643136919827,"Taucorr":0.47122988871460547},"EnergyVariance":{"Mean":25.805848323632052,"Sigma":3.494814331182976,"Taucorr":0.18780975230141805},"Iteration":28},
{"Acceptance":[0.2252941176470588],"Energy":{"Mean":-7.235911785785456,"Sigma":0.4423788957547149,"Taucorr":0.5267274801907909},"EnergyVariance":{"Mean":17.99829304914595,"Sigma":2.3179370143107887,"Taucorr":0.023502095774705967},"Iteration":29},
{"Acceptance":[0.23470588235294118],"Energy":{"Mean":-7.652883486541186,"Sigma":0.3895476724641799,"Taucorr":0.2747478932912131},"EnergyVariance":{"Mean":19.0970174998088,"Sigma":3.4065358707557487,"Taucorr":0.1902869412283592},"Iteration":30},
{"Acceptance":[0.23529411764705882],"Energy":{"Mean":-8.164942703535504,"Sigma":0.36622730534714876,"Taucorr":0.3003129972141846},"EnergyVariance":{"Mean":17.893745214261944,"Sigma":3.1888536384411914,"Taucorr":0.007360565810651365},"Iteration":31},
{"Acceptance":[0.22617647058823528],"Energy":{"Mean":-7.024295099876777,"Sigma":0.5126525608814914,"Taucorr":0.4811111319015702},"EnergyVariance":{"Mean":25.64061715541932,"Sigma":3.870159693706233,"Taucorr":0.24672885348079876},"Iteration":32},
{"Acceptance":[0.21323529411764705],"Energy":{"Mean":-8.512850879379725,"Sigma":0.42040677814435873,"Taucorr":0.40695927107028107},"EnergyVariance":{"Mean":20.726032835244187,"Sigma":3.679393852489315,"Taucorr":0.1836600123773695},"Iteration":33},
{"Acceptance":[0.20205882352941176],"Energy":{"Mean":-8.228743298860993,"Sigma":0.45071724984757194,"Taucorr":0.28270100706856793},"EnergyVariance":{"Mean":22.539296437675482,"Sigma":4.061927706791915,"Taucorr":0.0464284469442372},"Iteration":34},
{"Acceptance":[0.2088235294117647],"Energy":{"Mean":-9.628987263655798,"Sigma":0.3841262257064361,"Taucorr":0.35135754131070174},"EnergyVariance":{"Mean":23.7825250340515,"Sigma":6.348032948905904,"Taucorr":0.35656780348192296},"Iteration":35},
{"Acceptance":[0.21764705882352942],"Energy":{"Mean":-8.7424335720401,"Sigma":0.4591955381427444,"Taucorr":0.5975311529282814},"EnergyVariance":{"Mean":14.526393318042203,"Sigma":1.9990920991879855,"Taucorr":0.07836341207598063},"Iteration":36},
{"Acceptance":[0.21441176470588236],"Energy":{"Mean":-9.404921553719658,"Sigma":0.35219142006603427,"Taucorr":0.12162690999541093},"EnergyVariance":{"Mean":17.576439268732067,"Sigma":3.7708932005011353,"Taucorr":0.362893925855578},"Iteration":37},
{"Acceptance":[0.20911764705882352],"Energy":{"Mean":-9.980155855870715,"Sigma":0.537618694823632,"Taucorr":0.5482287711411837},"EnergyVariance":{"Mean":19.193073281812374,"Sigma":3.9589328188405966,"Taucorr":0.5425368389556637},"Iteration":38},
{"Acceptance":[0.19117647058823528],"Energy":{"Mean":-9.1928120209526,"Sigma":0.4366432287858404,"Taucorr":0.4041705434613949},"EnergyVariance":{"Mean":17.249993359184547,"Sigma":3.0830433154687453,"Taucorr":0.201609013482983},"Iteration":39},
{"Acceptance":[0.17529411764705882],"Energy":{"Mean":-9.737874994359004,"Sigma":0.3407343523704059,"Taucorr":0.08784344180556802},"EnergyVariance":{"Mean":16.73353258512786,"Sigma":3.5299947490879644,"Taucorr":0.27375292657154626},"Iteration":40},
{"Acceptance":[0.19],"Energy":{"Mean":-9.416704505350165,"Sigma":0.40858213819973443,"Taucorr":0.21347368000516576},"EnergyVariance":{"Mean":21.50558859721772,"Sigma":3.936316027934284,"Taucorr":0.20281156370080444},"Iteration":41},
{"Acceptance":[0.1711764705882353],"Energy":{"Mean":-10.742074778316903,"Sigma":0.3690747217546448,"Taucorr":0.3437137143281853},"EnergyVariance":{"Mean":12.368015723049522,"Sigma":2.0661516424590705,"Taucorr":0.051514328844026847},"Iteration":42},
{"Acceptance":[0.19794117647058823],"Energy":{"Mean":-9.606269905964735,"Sigma":0.5920018495091847,"Taucorr":0.3446722763559025},"EnergyVariance":{"Mean":32.73979295571243,"Sigma":8.427731395848756,"Taucorr":0.1815751677103895},"Iteration":43},
{"Acceptance":[0.19176470588235295],"Energy":{"Mean":-11.052120406006726,"Sigma":0.4789731621578114,"Taucorr":0.3360549453915954},"EnergyVariance":{"Mean":21.25602884874061,"Sigma":6.110615162241554,"Taucorr":0.2144878832991448},"Iteration":44},
{"Acceptance":[0.19176470588235295],"Energy":{"Mean":-11.263402001417862,"Sigma":0.4107958110085525,"Taucorr":0.13922114253850526},"EnergyVariance":{"Mean":16.639230755536182,"Sigma":3.9643703316715215,"Taucorr":0.29414363050166037},"Iteration":45},
{"Acceptance":[0.18058823529411766],"Energy":{"Mean":-11.2507641977805,"Sigma":0.38692857928680935,"Taucorr":0.3152411293295154},"EnergyVariance":{"Mean":11.824603239570925,"Sigma":1.9265229530977088,"Taucorr":0.13077537068113154},"Iteration":46},
{"Acceptance":[0.18676470588235294],"Energy":{"Mean":-10.974045983750688,"Sigma":0.40995221693562245,"Taucorr":0.2664335231949565},"EnergyVariance":{"Mean":18.665027922398767,"Sigma":4.927187953001046,"Taucorr":0.6587139113499023},"Iteration":47},
{"Acceptance":[0.17558823529411766],"Energy":{"Mean":-11.810346149125513,"Sigma":0.3540283326745841,"Taucorr":-0.04528874440017594},"EnergyVariance":{"Mean":16.5525513145048,"Sigma":4.191369738868654,"Taucorr":0.16084805377542089},"Iteration":48},
{"Acceptance":[0.1773529411764706],"Energy":{"Mean":-12.494591685064004,"Sigma":0.26987941640509294,"Taucorr":0.11092106557076387},"EnergyVariance":{"Mean":9.510005868508914,"Sigma":2.278180211427213,"Taucorr":-0.0032719636276811737},"Iteration":49},
{"Acceptance":[0.17647058823529413],"Energy":{"Mean":-11.233627976004543,"Sigma":0.3992065840538882,"Taucorr":0.43692232526311403},"EnergyVariance":{"Mean":14.364841589759612,"Sigma":3.486183794942857,"Taucorr":0.12538051254932125},"Iteration":50},
{"Acceptance":[0.16176470588235295],"Energy":{"Mean":-11.59734232522831,"Sigma":0.5006970635286898,"Taucorr":0.3296328692856998},"EnergyVariance":{"Mean":22.099919008093728,"Sigma":5.842004927726463,"Taucorr":0.15183064974678884},"Iteration":51},
{"Acceptance":[0.16264705882352942],"Energy":{"Mean":-12.30939090605905,"Sigma":0.3955277334839693,"Taucorr":0.25213159330186663},"EnergyVariance":{"Mean":17.334087708314655,"Sigma":4.018703309526262,"Taucorr":0.1654425538891201},"Iteration":52},
{"Acceptance":[0.1761764705882353],"Energy":{"Mean":-11.247455602218343,"Sigma":0.5021352108587661,"Taucorr":0.38621867531794296},"EnergyVariance":{"Mean":33.01760193858433,"Sigma":7.388401732184146,"Taucorr":0.10012875526383402},"Iteration":53},
{"Acceptance":[0.1585294117647059],"Energy":{"Mean":-12.149228785808281,"Sigma":0.3036370298891069,"Taucorr":0.2871626389299312},"EnergyVariance":{"Mean":9.197659772659275,"Sigma":1.9524630117420407,"Taucorr":0.023851068199752468},"Iteration":54},
{"Acceptance":[0.1652941176470588],"Energy":{"Mean":-12.29811943563628,"Sigma":0.3051497108223449,"Taucorr":0.206925588381227},"EnergyVariance":{"Mean":8.210799093040736,"Sigma":1.8976617975746324,"Taucorr":0.7235466476110402},"Iteration":55},
{"Acceptance":[0.1638235294117647],"Energy":{"Mean":-12.661076425271231,"Sigma":0.3315569996942507,"Taucorr":0.300078589419399},"EnergyVariance":{"Mean":9.221910594645191,"Sigma":1.9101362895608103,"Taucorr":0.24146994958352985},"Iteration":56},
{"Acceptance":[0.16558823529411765],"Energy":{"Mean":-11.607222718401268,"Sigma":0.5322061878158107,"Taucorr":0.24608510999276945},"EnergyVariance":{"Mean":31.091533657230325,"Sigma":6.951163060370017,"Taucorr":0.12759279912778554},"Iteration":57},
{"Acceptance":[0.16470588235294117],"Energy":{"Mean":-12.564413603818055,"Sigma":0.386968064221081,"Taucorr":0.5935315038668649},"EnergyVariance":{"Mean":8.853663834569183,"Sigma":2.6955461542290897,"Taucorr":0.25181312249032983},"Iteration":58},
{"Acceptance":[0.1561764705882353],"Energy":{"Mean":-12.723087698988847,"Sigma":0.26168258990822857,"Taucorr":-0.16952772815514727},"EnergyVariance":{"Mean":13.082632256494213,"Sigma":4.163256648794446,"Taucorr":0.07458347867363446},"Iteration":59},
{"Acceptance":[0.13294117647058823],"Energy":{"Mean":-12.969140688777548,"Sigma":0.3368255816006855,"Taucorr":0.27132639117188273},"EnergyVariance":{"Mean":19.120496819188247,"Sigma":7.68387477033456,"Taucorr":0.29449313097792973},"Iteration":60},
{"Acceptance":[0.15588235294117647],"Energy":{"Mean":-11.579458159846032,"Sigma":0.36469969455174106,"Taucorr":0.32728597634030676},"EnergyVariance":{"Mean":10.415485099271756,"Sigma":1.9433311405126323,"Taucorr":0.2854697530644881},"Iteration":61},
{"Acceptance":[0.1561764705882353],"Energy":{"Mean":-12.065894278068697,"Sigma":0.3877316685595087,"Taucorr":0.4010214332506834},"EnergyVariance":{"Mean":13.528612437251825,"Sigma":4.696200694917768,"Taucorr":0.06092931112259703},"Iteration":62},
{"Acceptance":[0.1426470588235294],"Energy":{"Mean":-12.674955986711835,"Sigma":0.27178324529382636,"Taucorr":0.2328880743781777},"EnergyVariance":{"Mean":10.973076214670627,"Sigma":4.35791653438067,"Taucorr":0.09264087402459198},"Iteration":63},
{"Acceptance":[0.14352941176470588],"Energy":{"Mean":-12.42911948164477,"Sigma":0.489058062421176,"Taucorr":0.4625901684718521},"EnergyVariance":{"Mean":31.66872396289284,"Sigma":14.52784211087839,"Taucorr":0.03952189345973056},"Iteration":64},
{"Acceptance":[0.15],"Energy":{"Mean":-12.867934278607144,"Sigma":0.45685569403835247,"Taucorr":0.29302723865256},"EnergyVariance":{"Mean":15.542335143164747,"Sigma":9.22445493875103,"Taucorr":0.5180872092415225},"Iteration":65},
{"Acceptance":[0.14676470588235294],"Energy":{"Mean":-13.097132698950535,"Sigma":0.2713050315687066,"Taucorr":0.22886844746171264},"EnergyVariance":{"Mean":6.2724196060814625,"Sigma":1.133425637551134,"Taucorr":0.20024558819710914},"Iteration":66},
{"Acceptance":[0.1373529411764706],"Energy":{"Mean":-12.729935344516448,"Sigma":0.2833971565224485,"Taucorr":0.12148263414670313},"EnergyVariance":{"Mean":8.790525108786076,"Sigma":3.429719623458524,"Taucorr":-0.03070153114548435},"Iteration":67},
{"Acceptance":[0.14705882352941177],"Energy":{"Mean":-13.644002450224004,"Sigma":0.5173362129106849,"Taucorr":0.4707490030375774},"EnergyVariance":{"Mean":19.058864204279562,"Sigma":7.529324051189676,"Taucorr":0.6622992238498813},"Iteration":68},
{"Acceptance":[0.14588235294117646],"Energy":{"Mean":-12.335145071710528,"Sigma":0.3016550656888106,"Taucorr":0.03780702563831995},"EnergyVariance":{"Mean":11.221381041483292,"Sigma":3.145448383251421,"Taucorr":0.137364251239531},"Iteration":69},
{"Acceptance":[0.1223529411764706],"Energy":{"Mean":-12.727044723034934,"Sigma":0.3010427645782303,"Taucorr":0.3636236929789126},"EnergyVariance":{"Mean":5.8313180930788455,"Sigma":1.1709117796198305,"Taucorr":0.17094056370402},"Iteration":70},
{"Acceptance":[0.15058823529411763],"Energy":{"Mean":-13.171038316232362,"Sigma":0.32979442143497345,"Taucorr":0.12959383426781002},"EnergyVariance":{"Mean":13.691233681913715,"Sigma":5.7459548835926055,"Taucorr":0.10502482942240066},"Iteration":71},
{"Acceptance":[0.15176470588235294],"Energy":{"Mean":-12.966425002528352,"Sigma":0.41598508425757974,"Taucorr":0.2862997885636005},"EnergyVariance":{"Mean":36.05158756928815,"Sigma":14.038664094003174,"Taucorr":0.06728640608805847},"Iteration":72},
{"Acceptance":[0.12911764705882353],"Energy":{"Mean":-12.982494406446715,"Sigma":0.31490027565092965,"Taucorr":0.09352464193448329},"EnergyVariance":{"Mean":12.79887169813431,"Sigma":4.693662171660887,"Taucorr":0.2959550486886263},"Iteration":73},
{"Acceptance":[0.15470588235294117],"Energy":{"Mean":-12.757063310722256,"Sigma":0.3737265851615167,"Taucorr":-0.17039756230908132},"EnergyVariance":{"Mean":33.9999582984569,"Sigma":21.171773110226553,"Taucorr":0.9263539389912707},"Iteration":74},
{"Acceptance":[0.14176470588235293],"Energy":{"Mean":-13.162492249610885,"Sigma":0.3236202841779185,"Taucorr":0.2789216575821173},"EnergyVariance":{"Mean":11.112135906855865,"Sigma":4.118663682082984,"Taucorr":0.5593377737781784},"Iteration":75},
{"Acceptance":[0.14147058823529413],"Energy":{"Mean":-12.985344840719558,"Sigma":0.4914800345069641,"Taucorr":0.15733373877147905},"EnergyVariance":{"Mean":24.782563342614498,"Sigma":10.622829018798802,"Taucorr":0.21590427937426748},"Iteration":76},
{"Acceptance":[0.13705882352941176],"Energy":{"Mean":-13.751305841795531,"Sigma":0.40658713216792625,"Taucorr":0.26802370407148557},"EnergyVariance":{"Mean":17.6017985010132,"Sigma":9.047904813912043,"Taucorr":0.013531085486772954},"Iteration":77},
{"Acceptance":[0.1373529411764706],"Energy":{"Mean":-13.700175450914807,"Sigma":0.4093220061083407,"Taucorr":0.24457744791673497},"EnergyVariance":{"Mean":13.337374973034704,"Sigma":4.267226917011495,"Taucorr":0.3046623574381754},"Iteration":78},
{"Acceptance":[0.16147058823529412],"Energy":{"Mean":-12.749734906494666,"Sigma":0.49509701506987436,"Taucorr":0.28162574338991153},"EnergyVariance":{"Mean":19.24010004201958,"Sigma":5.002580389295315,"Taucorr":-0.03602665073572814},"Iteration":79},
{"Acceptance":[0.15529411764705883],"Energy":{"Mean":-12.646793363375583,"Sigma":0.2489335879611642,"Taucorr":0.08756230205538262},"EnergyVariance":{"Mean":6.129054556665808,"Sigma":1.298936911504264,"Taucorr":0.06258540554122016},"Iteration":80},
{"Acceptance":[0.14088235294117646],"Energy":{"Mean":-13.281604018176758,"Sigma":0.369529980460753,"Taucorr":0.4911573140239428},"EnergyVariance":{"Mean":7.715076222824976,"Sigma":1.650365407217605,"Taucorr":0.5067533605648711},"Iteration":81},
{"Acceptance":[0.11647058823529412],"Energy":{"Mean":-13.84070437284646,"Sigma":0.3051095408418391,"Taucorr":0.11307167786643602},"EnergyVariance":{"Mean":8.777407303396599,"Sigma":2.0944459037208687,"Taucorr":0.16765838323228188},"Iteration":82},
{"Acceptance":[0.13],"Energy":{"Mean":-13.719676061254406,"Sigma":0.5389863155100504,"Taucorr":0.4652496839491067},"EnergyVariance":{"Mean":26.82621582512471,"Sigma":20.823078077522656,"Taucorr":0.5366524643432573},"Iteration":83},
{"Acceptance":[0.14147058823529413],"Energy":{"Mean":-13.541740504486768,"Sigma":0.3381145835538639,"Taucorr":0.20039889533270505},"EnergyVariance":{"Mean":13.078195763231516,"Sigma":3.6718428011143893,"Taucorr":-0.04905491397590239},"Iteration":84},
{"Acceptance":[0.15029411764705883],"Energy":{"Mean":-13.547499029322758,"Sigma":0.2934027005586694,"Taucorr":0.24665489963680942},"EnergyVariance":{"Mean":8.814452045864916,"Sigma":2.528460297126434,"Taucorr":0.0350186809684917},"Iteration":85},
{"Acceptance":[0.14647058823529413],"Energy":{"Mean":-13.554832761060421,"Sigma":0.31882980518846293,"Taucorr":0.08862253302900225},"EnergyVariance":{"Mean":14.436443652157413,"Sigma":4.180642768558107,"Taucorr":0.0975569594793656},"Iteration":86},
{"Acceptance":[0.1288235294117647],"Energy":{"Mean":-13.767774696626018,"Sigma":0.2133920285205843,"Taucorr":0.26298544275423075},"EnergyVariance":{"Mean":3.936434711048656,"Sigma":1.2155134080852137,"Taucorr":0.052124328721252944},"Iteration":87},
{"Acceptance":[0.15970588235294117],"Energy":{"Mean":-13.45281470531119,"Sigma":0.3777646097942622,"Taucorr":0.19717023615224094},"EnergyVariance":{"Mean":12.864458309623581,"Sigma":3.08386829236819,"Taucorr":-0.00034656920873804564},"Iteration":88},
{"Acceptance":[0.16147058823529412],"Energy":{"Mean":-13.73400569670383,"Sigma":0.35783505457263465,"Taucorr":0.13623252968831812},"EnergyVariance":{"Mean":11.911665693945293,"Sigma":2.0273380539564787,"Taucorr":0.16732541435627912},"Iteration":89},
{"Acceptance":[0.13470588235294118],"Energy":{"Mean":-13.703692385392195,"Sigma":0.29689280098759413,"Taucorr":0.09440778696060093},"EnergyVariance":{"Mean":8.818090888308932,"Sigma":2.9773921905930423,"Taucorr":0.4253711512878354},"Iteration":90},
{"Acceptance":[0.15323529411764705],"Energy":{"Mean":-14.162146202320864,"Sigma":0.4019418647079034,"Taucorr":0.2642321195568986},"EnergyVariance":{"Mean":12.879544043845563,"Sigma":4.349149358230108,"Taucorr":-0.0039613344189131094},"Iteration":91},
{"Acceptance":[0.1514705882352941],"Energy":{"Mean":-13.617614560594493,"Sigma":0.24042410310129447,"Taucorr":-0.031186272853128028},"EnergyVariance":{"Mean":12.96232389945856,"Sigma":7.171283069233122,"Taucorr":0.8450285020152182},"Iteration":92},
{"Acceptance":[0.14058823529411765],"Energy":{"Mean":-13.311167763652637,"Sigma":0.33918315413971717,"Taucorr":0.3426688444636288},"EnergyVariance":{"Mean":6.948013621836776,"Sigma":1.5246221890491642,"Taucorr":0.19868593806622759},"Iteration":93},
{"Acceptance":[0.13911764705882354],"Energy":{"Mean":-12.315003368504172,"Sigma":0.7036627425553155,"Taucorr":0.43256783811466093},"EnergyVariance":{"Mean":52.53333244152871,"Sigma":22.230882549160974,"Taucorr":0.3561980342576422},"Iteration":94},
{"Acceptance":[0.12941176470588237],"Energy":{"Mean":-14.245795595849197,"Sigma":0.42740516880126395,"Taucorr":0.6544131497049492},"EnergyVariance":{"Mean":9.30952508305806,"Sigma":2.2594856535815575,"Taucorr":0.391635368957043},"Iteration":95},
{"Acceptance":[0.1423529411764706],"Energy":{"Mean":-14.467954042268158,"Sigma":0.5299418900828263,"Taucorr":0.5556306591545961},"EnergyVariance":{"Mean":44.299757193257825,"Sigma":21.21004926410005,"Taucorr":0.15707139419737837},"Iteration":96},
{"Acceptance":[0.13676470588235295],"Energy":{"Mean":-13.297382306783785,"Sigma":0.314513399359558,"Taucorr":0.5153215774208},"EnergyVariance":{"Mean":8.296037030003326,"Sigma":3.1687982552902687,"Taucorr":0.037037580264336456},"Iteration":97},
{"Acceptance":[0.14352941176470588],"Energy":{"Mean":-13.586241193232269,"Sigma":0.6694912914285595,"Taucorr":0.7829400037212537},"EnergyVariance":{"Mean":24.139964748288534,"Sigma":12.027862068403074,"Taucorr":0.3986797652223081},"Iteration":98},
{"Acceptance":[0.15470588235294117],"Energy":{"Mean":-13.972135030403638,"Sigma":0.4666507699154024,"Taucorr":0.430538261831098},"EnergyVariance":{"Mean":13.565616415615429,"Sigma":3.0725134476497873,"Taucorr":0.006055013041281532},"Iteration":99} 
]}
{"input": {"L": 16, "J": 1, "machine": {"type": "FFNN", "model": ["tanh", 29, 2]}, "sampler": {"type": "MetropolisHop", "d_max": 5}, "optimizer": {"type": "AdaMax", "alpha": 0.001, "beta1": 0.9, "beta2": 0.999, "epscut": 1e-07}, "VMC": {"n_samples": 100, "discarded_samples": 100, "discarded_samples_on_init": 0, "target": "energy", "method": "Gd", "diag_shift": 0.01, "use_iterative": true, "use_cholesky": true}, "n_iter": 100}}
duration: -1.418830156326294