{"Output": [
{"Acceptance":[0.8655882352941177],"Energy":{"Mean":14.052454372776435,"Sigma":0.36850970315562026,"Taucorr":0.19560784608054171},"EnergyVariance":{"Mean":10.100491339917191,"Sigma":1.3020755598048224,"Taucorr":0.15238972652664085},"Iteration":0},
{"Acceptance":[0.7817647058823529],"Energy":{"Mean":12.45511459080236,"Sigma":0.40408825510739277,"Taucorr":0.2798205123319395},"EnergyVariance":{"Mean":12.00813656814835,"Sigma":1.4068851588110132,"Taucorr":0.06502889241852527},"Iteration":1},
{"Acceptance":[0.7173529411764706],"Energy":{"Mean":12.269906491443162,"Sigma":0.4336291142009251,"Taucorr":0.25164928927561836},"EnergyVariance":{"Mean":14.97225779743879,"Sigma":1.7918916325324459,"Taucorr":0.20155904937728497},"Iteration":2},
{"Acceptance":[0.6541176470588236],"Energy":{"Mean":10.558259333392446,"Sigma":0.44155211467199174,"Taucorr":0.343115329073575},"EnergyVariance":{"Mean":15.646216253049111,"Sigma":1.700344865568219,"Taucorr":-0.010077318708929861},"Iteration":3},
{"Acceptance":[0.6011764705882353],"Energy":{"Mean":8.342980123163978,"Sigma":0.4075310950185948,"Taucorr":0.08670044085332451},"EnergyVariance":{"Mean":19.136665178595532,"Sigma":1.6702601490394513,"Taucorr":-0.13347511751536806},"Iteration":4},
{"Acceptance":[0.5447058823529412],"Energy":{"Mean":7.518710177239788,"Sigma":0.37209661432481994,"Taucorr":0.14580636631042443},"EnergyVariance":{"Mean":17.093332914196797,"Sigma":2.671502464197709,"Taucorr":0.3183189732989111},"Iteration":5},
{"Acceptance":[0.5041176470588236],"Energy":{"Mean":5.711214670332898,"Sigma":0.45011870017681876,"Taucorr":0.49165793639221933},"EnergyVariance":{"Mean":18.40035218797575,"Sigma":2.1262636884078123,"Taucorr":-0.11324690132955867},"Iteration":6},
{"Acceptance":[0.48470588235294115],"Energy":{"Mean":5.716768994106124,"Sigma":0.471864770785338,"Taucorr":0.470539110351056},"EnergyVariance":{"Mean":26.40695227772735,"Sigma":3.4059166457995387,"Taucorr":0.23776728172098738},"Iteration":7},
{"Acceptance":[0.4385294117647059],"Energy":{"Mean":3.012088420441374,"Sigma":0.36988339866257414,"Taucorr":0.24393568525326037},"EnergyVariance":{"Mean":18.712709942189598,"Sigma":2.0570124608731497,"Taucorr":0.19923355064050918},"Iteration":8},
{"Acceptance":[0.4067647058823529],"Energy":{"Mean":3.1643427687555428,"Sigma":0.368083643972692,"Taucorr":0.2459612845728446},"EnergyVariance":{"Mean":20.120882849939537,"Sigma":2.105817756834577,"Taucorr":0.020236047370175925},"Iteration":9},
{"Acceptance":[0.3811764705882353],"Energy":{"Mean":1.2592470334895554,"Sigma":0.40910659845882263,"Taucorr":0.3153793335003372},"EnergyVariance":{"Mean":22.465596079153194,"Sigma":2.402310249093738,"Taucorr":0.030545226789123303},"Iteration":10},
{"Acceptance":[0.3644117647058824],"Energy":{"Mean":1.2398902235639802,"Sigma":0.46035093114074765,"Taucorr":0.47639552181267864},"EnergyVariance":{"Mean":23.35474298563401,"Sigma":3.0319599177702257,"Taucorr":0.1745031667455047},"Iteration":11},
{"Acceptance":[0.3502941176470588],"Energy":{"Mean":-0.541231456712571,"Sigma":0.28952894805535767,"Taucorr":0.17850573699969607},"EnergyVariance":{"Mean":14.057412995840533,"Sigma":1.4468452926204876,"Taucorr":-0.012332127238910862},"Iteration":12},
{"Acceptance":[0.3255882352941176],"Energy":{"Mean":-1.8914536851076527,"Sigma":0.42166847882531233,"Taucorr":0.39009701892405835},"EnergyVariance":{"Mean":22.814982138948906,"Sigma":3.137969025241585,"Taucorr":-0.06396572550635266},"Iteration":13},
{"Acceptance":[0.3008823529411765],"Energy":{"Mean":-2.171683617044635,"Sigma":0.3553027119638373,"Taucorr":0.28030523126133655},"EnergyVariance":{"Mean":18.471435458862974,"Sigma":2.7260644211878464,"Taucorr":0.2325595184728435},"Iteration":14},
{"Acceptance":[0.2911764705882353],"Energy":{"Mean":-2.4242931994900614,"Sigma":0.39257746427804413,"Taucorr":0.36413775667257486},"EnergyVariance":{"Mean":20.000887081006717,"Sigma":3.0750976867992423,"Taucorr":0.4090288080557992},"Iteration":15},
{"Acceptance":[0.2788235294117647],"Energy":{"Mean":-3.3517730655137488,"Sigma":0.2976148662039614,"Taucorr":0.22560564916915127},"EnergyVariance":{"Mean":18.88849578640071,"Sigma":2.8346488628596243,"Taucorr":-0.0665738396752647},"Iteration":16},
{"Acceptance":[0.26794117647058824],"Energy":{"Mean":-3.8985289731453543,"Sigma":0.4616599297735541,"Taucorr":0.5701173451985775},"EnergyVariance":{"Mean":21.254589401911957,"Sigma":4.65551449373237,"Taucorr":0.35008485908359244},"Iteration":17},
{"Acceptance":[0.25941176470588234],"Energy":{"Mean":-4.6505079199178025,"Sigma":0.2898928238918808,"Taucorr":0.1390602447515521},"EnergyVariance":{"Mean":17.768989154554028,"Sigma":2.809514080303374,"Taucorr":0.1733562079472648},"Iteration":18},
{"Acceptance":[0.26529411764705885],"Energy":{"Mean":-5.4880705702666,"Sigma":0.33835594105228034,"Taucorr":0.22781284459978457},"EnergyVariance":{"Mean":15.937933425688572,"Sigma":2.479831620624337,"Taucorr":0.45319653227232937},"Iteration":19},
{"Acceptance":[0.24676470588235294],"Energy":{"Mean":-6.483391367697098,"Sigma":0.4337597537659249,"Taucorr":0.16909086386479588},"EnergyVariance":{"Mean":29.650975178815408,"Sigma":6.912602472887181,"Taucorr":0.21538571465842715},"Iteration":20},
{"Acceptance":[0.25588235294117645],"Energy":{"Mean":-7.181840603708345,"Sigma":0.3446592266295055,"Taucorr":0.31148433887263793},"EnergyVariance":{"Mean":16.417879557180733,"Sigma":2.502631361137665,"Taucorr":-0.012892277055984003},"Iteration":21},
{"Acceptance":[0.2561764705882353],"Energy":{"Mean":-7.563939741686595,"Sigma":0.38747462413407097,"Taucorr":0.3373486792993552},"EnergyVariance":{"Mean":18.57206316023929,"Sigma":2.789379883280252,"Taucorr":0.16624362649776747},"Iteration":22},
{"Acceptance":[0.24676470588235294],"Energy":{"Mean":-7.759490200068827,"Sigma":0.39104416529756225,"Taucorr":0.2729586560215591},"EnergyVariance":{"Mean":26.309419548938987,"Sigma":7.075200962106011,"Taucorr":0.4797677445211702},"Iteration":23},
{"Acceptance":[0.24588235294117647],"Energy":{"Mean":-8.627735332794348,"Sigma":0.5115843698644896,"Taucorr":0.3599998522162243},"EnergyVariance":{"Mean":22.61246741387687,"Sigma":5.540219268872124,"Taucorr":0.23347867787299348},"Iteration":24},
{"Acceptance":[0.23176470588235293],"Energy":{"Mean":-9.434922392558361,"Sigma":0.2995426217875638,"Taucorr":-0.11356637118226842},"EnergyVariance":{"Mean":18.677872290023124,"Sigma":3.452600177890131,"Taucorr":0.1890543148741195},"Iteration":25},
{"Acceptance":[0.24764705882352941],"Energy":{"Mean":-9.49556714628123,"Sigma":0.3501564791963351,"Taucorr":0.08702595167814386},"EnergyVariance":{"Mean":12.570931549458862,"Sigma":3.2519114430325686,"Taucorr":0.008940020656389547},"Iteration":26},
{"Acceptance":[0.2388235294117647],"Energy":{"Mean":-9.45832030710923,"Sigma":0.5047311368865739,"Taucorr":0.42698802244936396},"EnergyVariance":{"Mean":16.476552473957405,"Sigma":3.2900236779205576,"Taucorr":0.3263260937082094},"Iteration":27},
{"Acceptance":[0.25735294117647056],"Energy":{"Mean":-10.158227775101347,"Sigma":0.4898581219618854,"Taucorr":0.2503211357708244},"EnergyVariance":{"Mean":19.207536116934953,"Sigma":7.3699051787187955,"Taucorr":0.3770882219391164},"Iteration":28},
{"Acceptance":[0.23852941176470588],"Energy":{"Mean":-10.352172463172733,"Sigma":0.28096992775513685,"Taucorr":0.10015568224287719},"EnergyVariance":{"Mean":11.305417391263198,"Sigma":4.8632893977877165,"Taucorr":0.791428022334739},"Iteration":29},
{"Acceptance":[0.23911764705882352],"Energy":{"Mean":-11.650599543850356,"Sigma":0.4552730855294804,"Taucorr":0.37287963828836657},"EnergyVariance":{"Mean":12.593607167691157,"Sigma":3.8524068096223174,"Taucorr":0.07348258285324294},"Iteration":30},
{"Acceptance":[0.18705882352941178],"Energy":{"Mean":-11.25277121558624,"Sigma":0.37095837455938,"Taucorr":0.2206766006277463},"EnergyVariance":{"Mean":11.874883936053754,"Sigma":3.8011027173300316,"Taucorr":0.40173348569647005},"Iteration":31},
{"Acceptance":[0.18794117647058822],"Energy":{"Mean":-11.633733633248646,"Sigma":0.5130875156637908,"Taucorr":0.2498494604607523},"EnergyVariance":{"Mean":23.163942940434325,"Sigma":8.887435553968668,"Taucorr":0.0602009242776832},"Iteration":32},
{"Acceptance":[0.14294117647058824],"Energy":{"Mean":-11.109301614345343,"Sigma":0.23739592263098847,"Taucorr":-0.03582134677626869},"EnergyVariance":{"Mean":8.000206080819773,"Sigma":2.0725108607087703,"Taucorr":0.031669868817832514},"Iteration":33},
{"Acceptance":[0.07735294117647058],"Energy":{"Mean":-11.56139693253821,"Sigma":0.19073506794692272,"Taucorr":0.4625027352347252},"EnergyVariance":{"Mean":2.7256615421099424,"Sigma":0.718876812359653,"Taucorr":0.7608395976137818},"Iteration":34},
{"Acceptance":[0.06088235294117647],"Energy":{"Mean":-11.936718018837084,"Sigma":0.08259374040638057,"Taucorr":0.2368859018542615},"EnergyVariance":{"Mean":0.7424622553788235,"Sigma":0.17208153614033342,"Taucorr":-0.03716228095805474},"Iteration":35},
{"Acceptance":[0.08029411764705882],"Energy":{"Mean":-11.794425247977,"Sigma":0.5107377961483528,"Taucorr":0.002533453304186417},"EnergyVariance":{"Mean":36.64338850681641,"Sigma":32.91012354549043,"Taucorr":0.00925778351326112},"Iteration":36},
{"Acceptance":[0.08911764705882352],"Energy":{"Mean":-11.106175529636426,"Sigma":0.2565735915569403,"Taucorr":0.46220112592583806},"EnergyVariance":{"Mean":4.531575818680068,"Sigma":0.9402886775879885,"Taucorr":0.2597825591431425},"Iteration":37},
{"Acceptance":[0.07705882352941176],"Energy":{"Mean":-11.473567398497131,"Sigma":0.19333353956134391,"Taucorr":0.13600572277673284},"EnergyVariance":{"Mean":4.345868420088109,"Sigma":1.4765804296927445,"Taucorr":0.9600187954590005},"Iteration":38},
{"Acceptance":[0.06235294117647059],"Energy":{"Mean":-12.01931158046422,"Sigma":0.1288852754734327,"Taucorr":0.1258986206512931},"EnergyVariance":{"Mean":10.550555285840703,"Sigma":9.74393343234397,"Taucorr":0.004273296836469265},"Iteration":39},
{"Acceptance":[0.07588235294117647],"Energy":{"Mean":-11.45431403931963,"Sigma":0.28746703526347855,"Taucorr":0.9563281994480428},"EnergyVariance":{"Mean":3.3565666298388153,"Sigma":0.9614945580601607,"Taucorr":0.24292242605576242},"Iteration":40},
{"Acceptance":[0.046764705882352944],"Energy":{"Mean":-12.371264099760063,"Sigma":0.09079576940003359,"Taucorr":-0.04889199316592929},"EnergyVariance":{"Mean":1.4436431707057598,"Sigma":0.4378725088257618,"Taucorr":0.12178989365500925},"Iteration":41},
{"Acceptance":[0.05176470588235294],"Energy":{"Mean":-11.871455955835295,"Sigma":0.19826202572519336,"Taucorr":1.157050112718576},"EnergyVariance":{"Mean":1.3746275362640312,"Sigma":0.4939534604942782,"Taucorr":1.131617517868223},"Iteration":42},
{"Acceptance":[0.052647058823529415],"Energy":{"Mean":-13.144959353155226,"Sigma":0.5102865812816227,"Taucorr":0.22326832261944873},"EnergyVariance":{"Mean":29.928609463458027,"Sigma":11.714718657664687,"Taucorr":0.4566523444500029},"Iteration":43},
{"Acceptance":[0.04588235294117647],"Energy":{"Mean":-12.134459317005742,"Sigma":0.1786902615741368,"Taucorr":0.731798548935247},"EnergyVariance":{"Mean":1.7959868551295557,"Sigma":0.5747034487883276,"Taucorr":0.40678836423346254},"Iteration":44},
{"Acceptance":[0.04176470588235294],"Energy":{"Mean":-12.341013795288648,"Sigma":0.10292873500649576,"Taucorr":0.6566439521845793},"EnergyVariance":{"Mean":0.8429047673508707,"Sigma":0.4089674519238882,"Taucorr":1.0440542698523971},"Iteration":45},
{"Acceptance":[0.06647058823529411],"Energy":{"Mean":-12.121690888075674,"Sigma":0.21317904861214565,"Taucorr":0.4650126400540575},"EnergyVariance":{"Mean":3.2297944527347484,"Sigma":1.3069042901767955,"Taucorr":0.09201700184599126},"Iteration":46},
{"Acceptance":[0.054705882352941174],"Energy":{"Mean":-12.848679678740991,"Sigma":0.5796514597401958,"Taucorr":1.2675002655961876},"EnergyVariance":{"Mean":10.387771705681734,"Sigma":8.01137843411409,"Taucorr":1.4567546623009373},"Iteration":47},
{"Acceptance":[0.04823529411764706],"Energy":{"Mean":-12.296140371024737,"Sigma":0.18622080376823433,"Taucorr":0.7972514949659586},"EnergyVariance":{"Mean":1.4771400734541777,"Sigma":0.4431960077678351,"Taucorr":0.8783120260943222},"Iteration":48},
{"Acceptance":[0.04205882352941177],"Energy":{"Mean":-12.558584066774884,"Sigma":0.3549232638196562,"Taucorr":0.6040081021393662},"EnergyVariance":{"Mean":9.312806822942132,"Sigma":4.741524015023558,"Taucorr":0.4829555669467027},"Iteration":49},
{"Acceptance":[0.06441176470588235],"Energy":{"Mean":-12.268982065551743,"Sigma":0.280290747813871,"Taucorr":0.7963043637878899},"EnergyVariance":{"Mean":4.015279610943217,"Sigma":2.406165092935322,"Taucorr":0.6486913273027339},"Iteration":50},
{"Acceptance":[0.04],"Energy":{"Mean":-12.08847582234791,"Sigma":0.21671727138418712,"Taucorr":0.9290324840817188},"EnergyVariance":{"Mean":1.734648249371871,"Sigma":0.3577359054170391,"Taucorr":0.5010473752504683},"Iteration":51},
{"Acceptance":[0.04264705882352941],"Energy":{"Mean":-12.51648594415044,"Sigma":0.170617392445974,"Taucorr":0.2475910849847257},"EnergyVariance":{"Mean":2.683918474322606,"Sigma":0.9520367816210229,"Taucorr":-0.04189846310058176},"Iteration":52},
{"Acceptance":[0.04823529411764706],"Energy":{"Mean":-12.500508298558868,"Sigma":0.32339057342627114,"Taucorr":-0.03455253666233943},"EnergyVariance":{"Mean":11.024865811700554,"Sigma":6.993108778800871,"Taucorr":-0.0026258323381731508},"Iteration":53},
{"Acceptance":[0.052647058823529415],"Energy":{"Mean":-12.507771503990805,"Sigma":0.12413510080599337,"Taucorr":0.18154894727355386},"EnergyVariance":{"Mean":1.257779891556137,"Sigma":0.4047343739430514,"Taucorr":0.3185909283387418},"Iteration":54},
{"Acceptance":[0.060294117647058824],"Energy":{"Mean":-13.477360795600724,"Sigma":0.7385668457889255,"Taucorr":0.3460755687354127},"EnergyVariance":{"Mean":33.29063246303075,"Sigma":20.391201285667776,"Taucorr":0.3819358727530555},"Iteration":55},
{"Acceptance":[0.03882352941176471],"Energy":{"Mean":-12.577737244741106,"Sigma":0.23722155930291758,"Taucorr":0.681841274681739},"EnergyVariance":{"Mean":2.35687461247728,"Sigma":0.5527093954728434,"Taucorr":0.4134526010243825},"Iteration":56},
{"Acceptance":[0.049705882352941176],"Energy":{"Mean":-12.446975072377153,"Sigma":0.20832502515369491,"Taucorr":0.07960701592088248},"EnergyVariance":{"Mean":5.690016738949341,"Sigma":2.956536842948464,"Taucorr":0.017216969498141887},"Iteration":57},
{"Acceptance":[0.052647058823529415],"Energy":{"Mean":-13.098415936375707,"Sigma":0.2616748190159491,"Taucorr":0.3991323330494382},"EnergyVariance":{"Mean":4.553788586350991,"Sigma":2.0328571415657852,"Taucorr":0.2001383960971641},"Iteration":58},
{"Acceptance":[0.05970588235294118],"Energy":{"Mean":-12.90816352627242,"Sigma":0.32015279199717683,"Taucorr":0.599808876069045},"EnergyVariance":{"Mean":5.778059928322137,"Sigma":2.4454631331078804,"Taucorr":0.4073137324666639},"Iteration":59},
{"Acceptance":[0.08823529411764706],"Energy":{"Mean":-12.830012179446248,"Sigma":0.34018924667583456,"Taucorr":0.20544303961504717},"EnergyVariance":{"Mean":11.50893517661239,"Sigma":3.6310094098886734,"Taucorr":-0.027705156150160837},"Iteration":60},
{"Acceptance":[0.07911764705882353],"Energy":{"Mean":-12.802577958282676,"Sigma":0.2201780801139358,"Taucorr":0.5628125145186247},"EnergyVariance":{"Mean":2.5561434977639848,"Sigma":0.8570438322987367,"Taucorr":0.6314058487107592},"Iteration":61},
{"Acceptance":[0.10294117647058823],"Energy":{"Mean":-13.560301998533,"Sigma":0.4863940873000801,"Taucorr":0.15177698339878065},"EnergyVariance":{"Mean":18.57196264999168,"Sigma":5.937990057654961,"Taucorr":0.29809507856857453},"Iteration":62},
{"Acceptance":[0.09235294117647058],"Energy":{"Mean":-13.427367962414687,"Sigma":0.4376269310284587,"Taucorr":0.15962022021466304},"EnergyVariance":{"Mean":17.376285960477272,"Sigma":9.030864945638639,"Taucorr":0.5817145408928044},"Iteration":63},
{"Acceptance":[0.08529411764705883],"Energy":{"Mean":-13.00410896247798,"Sigma":0.3582460432061583,"Taucorr":0.05868906165346344},"EnergyVariance":{"Mean":11.310764203550391,"Sigma":4.536391955570375,"Taucorr":0.017973560452229087},"Iteration":64},
{"Acceptance":[0.11147058823529411],"Energy":{"Mean":-13.843610323258401,"Sigma":0.40428117505350375,"Taucorr":0.39731321291231403},"EnergyVariance":{"Mean":13.712286304222864,"Sigma":5.876628264735672,"Taucorr":0.4981435323913408},"Iteration":65},
{"Acceptance":[0.1323529411764706],"Energy":{"Mean":-12.608346726902173,"Sigma":0.31003757808585813,"Taucorr":0.16986015146944355},"EnergyVariance":{"Mean":7.03719491186325,"Sigma":1.8152608784581874,"Taucorr":-0.04640433973153124},"Iteration":66},
{"Acceptance":[0.12911764705882353],"Energy":{"Mean":-13.26487356944432,"Sigma":0.59900992190859,"Taucorr":0.289546985949808},"EnergyVariance":{"Mean":31.033552582971794,"Sigma":11.895038598445359,"Taucorr":0.1240160491194543},"Iteration":67},
{"Acceptance":[0.12470588235294118],"Energy":{"Mean":-13.185689037149473,"Sigma":0.2670392722439217,"Taucorr":0.05347566402452075},"EnergyVariance":{"Mean":6.647942680514684,"Sigma":1.861953440428225,"Taucorr":-0.04029147845589004},"Iteration":68},
{"Acceptance":[0.12735294117647059],"Energy":{"Mean":-12.944188889224778,"Sigma":0.395248016039601,"Taucorr":0.5319220119245827},"EnergyVariance":{"Mean":8.74617853405523,"Sigma":2.3950681541175123,"Taucorr":0.29283288422935017},"Iteration":69},
{"Acceptance":[0.16058823529411764],"Energy":{"Mean":-12.868305875859457,"Sigma":0.4213358632070362,"Taucorr":-0.006295067577582636},"EnergyVariance":{"Mean":23.00056803323541,"Sigma":10.620776717028416,"Taucorr":0.3522451136487952},"Iteration":70},
{"Acceptance":[0.1361764705882353],"Energy":{"Mean":-14.149452544643383,"Sigma":0.3880226801894408,"Taucorr":-0.03220844231718156},"EnergyVariance":{"Mean":23.166292490185903,"Sigma":12.695469571384296,"Taucorr":-0.01320797668066459},"Iteration":71},
{"Acceptance":[0.15323529411764705],"Energy":{"Mean":-13.516672325842954,"Sigma":0.3492598672545279,"Taucorr":0.10133407014981266},"EnergyVariance":{"Mean":10.520028066755817,"Sigma":2.664397606222363,"Taucorr":0.0303956341405891},"Iteration":72},
{"Acceptance":[0.12588235294117647],"Energy":{"Mean":-13.334298050050105,"Sigma":0.2654050898722231,"Taucorr":0.04936703986456181},"EnergyVariance":{"Mean":6.523190573709083,"Sigma":1.828799448763775,"Taucorr":0.33013758527518944},"Iteration":73},
{"Acceptance":[0.17058823529411765],"Energy":{"Mean":-13.675645502829848,"Sigma":0.3798663386964544,"Taucorr":0.12292490562718705},"EnergyVariance":{"Mean":11.886136262585184,"Sigma":2.942653920351392,"Taucorr":0.2177856715015144},"Iteration":74},
{"Acceptance":[0.15705882352941178],"Energy":{"Mean":-13.587906051868137,"Sigma":0.27289611089623717,"Taucorr":-0.009018892093874853},"EnergyVariance":{"Mean":8.369697924127372,"Sigma":2.2231584809017124,"Taucorr":0.12110927020227191},"Iteration":75},
{"Acceptance":[0.17411764705882352],"Energy":{"Mean":-13.094483221511128,"Sigma":0.25812757471532305,"Taucorr":-0.10341061650533484},"EnergyVariance":{"Mean":9.584725608307858,"Sigma":2.104338892670598,"Taucorr":-0.039082855797788585},"Iteration":76},
{"Acceptance":[0.17823529411764705],"Energy":{"Mean":-13.34499889396271,"Sigma":0.2993868995352427,"Taucorr":0.19445031952809022},"EnergyVariance":{"Mean":7.923458719651041,"Sigma":2.3612445129957718,"Taucorr":0.3420878527006669},"Iteration":77},
{"Acceptance":[0.15058823529411763],"Energy":{"Mean":-12.898306783202305,"Sigma":0.3909276969345565,"Taucorr":0.3240223728339158},"EnergyVariance":{"Mean":10.145317159252048,"Sigma":2.2419157310821327,"Taucorr":0.07273873309944656},"Iteration":78},
{"Acceptance":[0.13323529411764706],"Energy":{"Mean":-13.417312003178628,"Sigma":0.2527674178006007,"Taucorr":-0.022771287192708545},"EnergyVariance":{"Mean":7.207237610144272,"Sigma":1.6498013372124576,"Taucorr":0.12328314845414212},"Iteration":79},
{"Acceptance":[0.16647058823529412],"Energy":{"Mean":-13.400759984468474,"Sigma":0.305133859675097,"Taucorr":0.32816565939651454},"EnergyVariance":{"Mean":6.10854467005894,"Sigma":1.3648323866984247,"Taucorr":0.2007137345195622},"Iteration":80},
{"Acceptance":[0.13205882352941176],"Energy":{"Mean":-13.947256709848833,"Sigma":0.41917771361963124,"Taucorr":0.07851703192690573},"EnergyVariance":{"Mean":17.121828166374822,"Sigma":12.082293202233394,"Taucorr":-0.011900779020469932},"Iteration":81},
{"Acceptance":[0.165],"Energy":{"Mean":-13.62003451746624,"Sigma":0.28390388532578187,"Taucorr":-0.017976955159896668},"EnergyVariance":{"Mean":8.52115837320455,"Sigma":2.2966127735069337,"Taucorr":0.17312750417340317},"Iteration":82},
{"Acceptance":[0.17882352941176471],"Energy":{"Mean":-13.552524930673536,"Sigma":0.30286355955270244,"Taucorr":0.005725085518448081},"EnergyVariance":{"Mean":9.278504903554397,"Sigma":2.353520232683638,"Taucorr":0.06281131059194267},"Iteration":83},
{"Acceptance":[0.1564705882352941],"Energy":{"Mean":-13.728180372896029,"Sigma":0.40688983856484207,"Taucorr":0.3493374195155501},"EnergyVariance":{"Mean":10.82368037400645,"Sigma":1.8134936562474464,"Taucorr":0.03090288799831442},"Iteration":84},
{"Acceptance":[0.15588235294117647],"Energy":{"Mean":-13.577609877996847,"Sigma":0.2877541757049166,"Taucorr":0.20639740185555744},"EnergyVariance":{"Mean":16.25927461533758,"Sigma":9.57059868171747,"Taucorr":-0.010168012652661595},"Iteration":85},
{"Acceptance":[0.17294117647058824],"Energy":{"Mean":-14.295052581206201,"Sigma":0.2810567879387657,"Taucorr":0.10933502580671117},"EnergyVariance":{"Mean":9.298192163645004,"Sigma":2.6239120859492195,"Taucorr":0.26350835550753804},"Iteration":86},
{"Acceptance":[0.1661764705882353],"Energy":{"Mean":-13.642597393716107,"Sigma":0.23863316393888154,"Taucorr":-0.003329348467774551},"EnergyVariance":{"Mean":5.6414447195014,"Sigma":1.6914254607627606,"Taucorr":0.5647836134909958},"Iteration":87},
{"Acceptance":[0.16294117647058823],"Energy":{"Mean":-14.416890634292793,"Sigma":0.3883264764724912,"Taucorr":0.16238904328817183},"EnergyVariance":{"Mean":11.899354689034292,"Sigma":4.435624732021559,"Taucorr":0.06621591110624392},"Iteration":88},
{"Acceptance":[0.15058823529411763],"Energy":{"Mean":-13.749111884477749,"Sigma":0.30038911862539447,"Taucorr":0.21994761470197088},"EnergyVariance":{"Mean":6.40824544510985,"Sigma":1.2119954602661467,"Taucorr":0.2023799126338498},"Iteration":89},
{"Acceptance":[0.14147058823529413],"Energy":{"Mean":-13.58951339746644,"Sigma":0.24879459420539576,"Taucorr":0.12362643809027196},"EnergyVariance":{"Mean":5.7139670586659355,"Sigma":1.7230979569585345,"Taucorr":0.5350077445074308},"Iteration":90},
{"Acceptance":[0.1623529411764706],"Energy":{"Mean":-13.671352010690734,"Sigma":0.3538970645457225,"Taucorr":0.20052023692588872},"EnergyVariance":{"Mean":9.094758682163906,"Sigma":2.2072218385447533,"Taucorr":0.019928788402804987},"Iteration":91},
{"Acceptance":[0.15],"Energy":{"Mean":-13.218625025097504,"Sigma":0.21041176128351685,"Taucorr":-0.13405143845200296},"EnergyVariance":{"Mean":6.244404057202675,"Sigma":2.305241079589874,"Taucorr":0.24710043887119637},"Iteration":92},
{"Acceptance":[0.19117647058823528],"Energy":{"Mean":-13.806293455971597,"Sigma":0.23509359192941356,"Taucorr":-0.12830398673099752},"EnergyVariance":{"Mean":7.69931596497084,"Sigma":1.7545319155383259,"Taucorr":0.5538735443776293},"Iteration":93},
{"Acceptance":[0.17058823529411765],"Energy":{"Mean":-13.16624685267734,"Sigma":0.22645944953945296,"Taucorr":-0.10004278950843509},"EnergyVariance":{"Mean":6.538315516419993,"Sigma":1.6628248840830588,"Taucorr":0.10127178854292151},"Iteration":94},
{"Acceptance":[0.19176470588235295],"Energy":{"Mean":-14.23255468472679,"Sigma":0.4718799692517366,"Taucorr":0.21619476222314715},"EnergyVariance":{"Mean":16.1439711026883,"Sigma":3.4884350439413465,"Taucorr":0.017939430878617824},"Iteration":95},
{"Acceptance":[0.19411764705882353],"Energy":{"Mean":-13.95350759927803,"Sigma":0.31699537513921433,"Taucorr":0.1140927357846162},"EnergyVariance":{"Mean":8.386671688731845,"Sigma":2.81334703242213,"Taucorr":0.12552453563673016},"Iteration":96},
{"Acceptance":[0.15558823529411764],"Energy":{"Mean":-14.019090451534547,"Sigma":0.3420940887645989,"Taucorr":0.41920479766015817},"EnergyVariance":{"Mean":6.40602527970408,"Sigma":1.4229244001318129,"Taucorr":0.3387394949127588},"Iteration":97},
{"Acceptance":[0.14529411764705882],"Energy":{"Mean":-13.725456347312164,"Sigma":0.42761593310707774,"Taucorr":0.36133750690444855},"EnergyVariance":{"Mean":10.94200369776844,"Sigma":3.281217683374175,"Taucorr":0.275135600584715},"Iteration":98},
{"Acceptance":[0.15911764705882353],"Energy":{"Mean":-14.088814066612523,"Sigma":0.4551703373620539,"Taucorr":0.1402796757398065},"EnergyVariance":{"Mean":17.54741148674887,"Sigma":4.849771344080048,"Taucorr":0.12403135577133884},"Iteration":99} 
]}
{"input": {"L": 16, "J": 1, "machine": {"type": "FFNN", "model": ["tanh", 43, 4]}, "sampler": {"type": "MetropolisHop", "d_max": 5}, "optimizer": {"type": "AdaMax", "alpha": 0.001, "beta1": 0.9, "beta2": 0.999, "epscut": 1e-07}, "VMC": {"n_samples": 100, "discarded_samples": 100, "discarded_samples_on_init": 0, "target": "energy", "method": "Gd", "diag_shift": 0.01, "use_iterative": true, "use_cholesky": true}, "n_iter": 100}}
duration: -4.566029787063599