{"Output": [
{"Acceptance":[0.4630735930735931],"Energy":{"Mean":-21.484672317953027,"Sigma":0.5010549026366368,"Taucorr":1.0174270753032704},"EnergyVariance":{"Mean":83.74546302510792,"Sigma":4.436318432218471,"Taucorr":0.2759535708472415},"Iteration":0},
{"Acceptance":[0.43393939393939396],"Energy":{"Mean":-32.381909889684714,"Sigma":0.24371611994592374,"Taucorr":0.8560392328975983},"EnergyVariance":{"Mean":21.858914869235555,"Sigma":1.8601007077749656,"Taucorr":0.7730694194259982},"Iteration":1},
{"Acceptance":[0.3997835497835498],"Energy":{"Mean":-34.598822258222775,"Sigma":0.07870099321762092,"Taucorr":0.08086706009150346},"EnergyVariance":{"Mean":5.296456989950488,"Sigma":0.37747692188070076,"Taucorr":0.22496290897812665},"Iteration":2},
{"Acceptance":[0.3725974025974026],"Energy":{"Mean":-34.87183448500676,"Sigma":0.12048862336385939,"Taucorr":1.3225574806234313},"EnergyVariance":{"Mean":3.9498130297478125,"Sigma":0.5736467805652289,"Taucorr":1.456638887447453},"Iteration":3},
{"Acceptance":[0.36692640692640693],"Energy":{"Mean":-35.00112252712359,"Sigma":0.0827262479369485,"Taucorr":0.9093027485204253},"EnergyVariance":{"Mean":2.4073319259014507,"Sigma":0.19938976930965474,"Taucorr":0.29043646186868355},"Iteration":4},
{"Acceptance":[0.35978354978354976],"Energy":{"Mean":-35.13382885942607,"Sigma":0.06760203720477165,"Taucorr":0.5798912561707872},"EnergyVariance":{"Mean":2.0976073606713985,"Sigma":0.21786483192589234,"Taucorr":0.6360168045831165},"Iteration":5},
{"Acceptance":[0.3504761904761905],"Energy":{"Mean":-35.405854491446114,"Sigma":0.056076985641666265,"Taucorr":0.850675389257004},"EnergyVariance":{"Mean":1.1540077873471577,"Sigma":0.08731198641746836,"Taucorr":0.2269174939138584},"Iteration":6},
{"Acceptance":[0.34606060606060607],"Energy":{"Mean":-35.448194819565245,"Sigma":0.06266302379950672,"Taucorr":1.1267556415886717},"EnergyVariance":{"Mean":1.1962826216108233,"Sigma":0.15332194623508502,"Taucorr":0.4027945571357503},"Iteration":7},
{"Acceptance":[0.35038961038961036],"Energy":{"Mean":-35.413144213204376,"Sigma":0.05611806312122603,"Taucorr":0.9315943094097425},"EnergyVariance":{"Mean":1.0901723602303561,"Sigma":0.1299704271819425,"Taucorr":0.4538543248059962},"Iteration":8},
{"Acceptance":[0.336969696969697],"Energy":{"Mean":-35.439340733745965,"Sigma":0.04519080046668884,"Taucorr":0.5276783030586694},"EnergyVariance":{"Mean":0.9847967052640456,"Sigma":0.08402544329251944,"Taucorr":0.1485007245468425},"Iteration":9},
{"Acceptance":[0.3407792207792208],"Energy":{"Mean":-35.494455603053645,"Sigma":0.041257103122660205,"Taucorr":0.5388914665643618},"EnergyVariance":{"Mean":0.8119438159914681,"Sigma":0.08937941840100079,"Taucorr":0.22858331534105047},"Iteration":10},
{"Acceptance":[0.34523809523809523],"Energy":{"Mean":-35.45987071743028,"Sigma":0.03475039356666043,"Taucorr":0.22225193395578668},"EnergyVariance":{"Mean":0.8285489583059785,"Sigma":0.08831769105245546,"Taucorr":0.3111857949183089},"Iteration":11},
{"Acceptance":[0.3416883116883117],"Energy":{"Mean":-35.53808662499414,"Sigma":0.03525633131285395,"Taucorr":0.599610395337637},"EnergyVariance":{"Mean":0.5601804503387516,"Sigma":0.0554148868024765,"Taucorr":0.2587850364723344},"Iteration":12},
{"Acceptance":[0.3356709956709957],"Energy":{"Mean":-35.49768684835834,"Sigma":0.028362350807505238,"Taucorr":0.22740154927379175},"EnergyVariance":{"Mean":0.5480351199439969,"Sigma":0.05828839191169271,"Taucorr":0.2492219311401257},"Iteration":13},
{"Acceptance":[0.3378787878787879],"Energy":{"Mean":-35.496953463853515,"Sigma":0.03139556346037173,"Taucorr":0.41704399047031326},"EnergyVariance":{"Mean":0.5326349827722797,"Sigma":0.047566440989302565,"Taucorr":0.16344293719896286},"Iteration":14},
{"Acceptance":[0.34225108225108225],"Energy":{"Mean":-35.54154474367162,"Sigma":0.024306108201852535,"Taucorr":0.16853004270983973},"EnergyVariance":{"Mean":0.4379167356935158,"Sigma":0.041812447204134115,"Taucorr":0.2415916638458917},"Iteration":15},
{"Acceptance":[0.33744588744588744],"Energy":{"Mean":-35.57622146582354,"Sigma":0.02905411543187372,"Taucorr":0.49246101576495727},"EnergyVariance":{"Mean":0.42148375384857883,"Sigma":0.05544866738232766,"Taucorr":0.4038846046105997},"Iteration":16},
{"Acceptance":[0.3336363636363636],"Energy":{"Mean":-35.56684849054295,"Sigma":0.02365185975000171,"Taucorr":0.1709827910103917},"EnergyVariance":{"Mean":0.4131439565576076,"Sigma":0.04748468855419376,"Taucorr":0.4262177110100803},"Iteration":17},
{"Acceptance":[0.336969696969697],"Energy":{"Mean":-35.59310700386977,"Sigma":0.027341326746824515,"Taucorr":0.42431908886024017},"EnergyVariance":{"Mean":0.4007642735105646,"Sigma":0.03942202245307941,"Taucorr":0.11299345822592588},"Iteration":18},
{"Acceptance":[0.33480519480519483],"Energy":{"Mean":-35.534553481093624,"Sigma":0.024240256146874403,"Taucorr":0.24460120649744577},"EnergyVariance":{"Mean":0.3910387360833772,"Sigma":0.028316701210197782,"Taucorr":-0.13897935021971042},"Iteration":19},
{"Acceptance":[0.3397835497835498],"Energy":{"Mean":-35.55037574360796,"Sigma":0.022195168176200347,"Taucorr":0.17018668826249395},"EnergyVariance":{"Mean":0.36423760254030585,"Sigma":0.03699949881452853,"Taucorr":0.19130480578887366},"Iteration":20},
{"Acceptance":[0.3332034632034632],"Energy":{"Mean":-35.617388013187416,"Sigma":0.018969314719172455,"Taucorr":0.14085924294983743},"EnergyVariance":{"Mean":0.27823261602095944,"Sigma":0.02070169288499692,"Taucorr":0.009380020109398646},"Iteration":21},
{"Acceptance":[0.3321212121212121],"Energy":{"Mean":-35.56541368349163,"Sigma":0.02636229567921046,"Taucorr":0.44490903055767583},"EnergyVariance":{"Mean":0.3644517358595109,"Sigma":0.03826559747222801,"Taucorr":0.2553920489117175},"Iteration":22},
{"Acceptance":[0.3374025974025974],"Energy":{"Mean":-35.56793524074569,"Sigma":0.018982719136942258,"Taucorr":0.15137443167880227},"EnergyVariance":{"Mean":0.2741281084857199,"Sigma":0.029298291863437846,"Taucorr":0.5131150983264556},"Iteration":23},
{"Acceptance":[0.33181818181818185],"Energy":{"Mean":-35.56136134699701,"Sigma":0.024073430837124682,"Taucorr":0.511742955989047},"EnergyVariance":{"Mean":0.2838354898409091,"Sigma":0.036435416661436765,"Taucorr":0.42456848552899273},"Iteration":24},
{"Acceptance":[0.33670995670995674],"Energy":{"Mean":-35.590003385099294,"Sigma":0.013647844096118772,"Taucorr":-0.11774641256016749},"EnergyVariance":{"Mean":0.24145554830363358,"Sigma":0.02207386036870111,"Taucorr":0.08977245221659624},"Iteration":25},
{"Acceptance":[0.33034632034632033],"Energy":{"Mean":-35.58699871316301,"Sigma":0.02139664384246842,"Taucorr":0.28556277091799087},"EnergyVariance":{"Mean":0.2887821228607786,"Sigma":0.03035609884105424,"Taucorr":0.4103230960231422},"Iteration":26},
{"Acceptance":[0.3308225108225108],"Energy":{"Mean":-35.54269476032501,"Sigma":0.019086259244072087,"Taucorr":0.12812282716602452},"EnergyVariance":{"Mean":0.28737930874978185,"Sigma":0.02832908369128598,"Taucorr":0.24786888843843946},"Iteration":27},
{"Acceptance":[0.3395238095238095],"Energy":{"Mean":-35.57217077278985,"Sigma":0.018255137463196083,"Taucorr":0.17488620885548734},"EnergyVariance":{"Mean":0.24468288691731854,"Sigma":0.021091995740928397,"Taucorr":0.06355104873234685},"Iteration":28},
{"Acceptance":[0.3359307359307359],"Energy":{"Mean":-35.568876727684646,"Sigma":0.015455509820233998,"Taucorr":-0.08200375896631917},"EnergyVariance":{"Mean":0.28317314685396333,"Sigma":0.024893275597642844,"Taucorr":0.10919552829350054},"Iteration":29},
{"Acceptance":[0.3358008658008658],"Energy":{"Mean":-35.577942594563616,"Sigma":0.015792361157764185,"Taucorr":-0.016012197754347646},"EnergyVariance":{"Mean":0.2553385885059137,"Sigma":0.02103857861687066,"Taucorr":-0.0046880221029111935},"Iteration":30},
{"Acceptance":[0.3325974025974026],"Energy":{"Mean":-35.549008819959,"Sigma":0.019278174496708756,"Taucorr":0.1431646369804681},"EnergyVariance":{"Mean":0.28632838347514733,"Sigma":0.02899220570248431,"Taucorr":0.2446812569729223},"Iteration":31},
{"Acceptance":[0.33225108225108224],"Energy":{"Mean":-35.57032013717982,"Sigma":0.018364298598593388,"Taucorr":0.08064643886733969},"EnergyVariance":{"Mean":0.28780099025384875,"Sigma":0.03120034178021249,"Taucorr":0.300678276310151},"Iteration":32},
{"Acceptance":[0.3322943722943723],"Energy":{"Mean":-35.587032269879444,"Sigma":0.014875998853630338,"Taucorr":-0.06891679545799484},"EnergyVariance":{"Mean":0.2543710612602647,"Sigma":0.01954393295527781,"Taucorr":0.004498198913228557},"Iteration":33},
{"Acceptance":[0.3265800865800866],"Energy":{"Mean":-35.60944778051669,"Sigma":0.017214689096002878,"Taucorr":0.16393850777279984},"EnergyVariance":{"Mean":0.22116887597848675,"Sigma":0.024118841369535734,"Taucorr":0.240564086701343},"Iteration":34},
{"Acceptance":[0.3282251082251082],"Energy":{"Mean":-35.58420612077474,"Sigma":0.015604323526671694,"Taucorr":-0.009424848344374237},"EnergyVariance":{"Mean":0.245944408795199,"Sigma":0.024615677494560412,"Taucorr":0.0915318981565224},"Iteration":35},
{"Acceptance":[0.32796536796536796],"Energy":{"Mean":-35.55955870128279,"Sigma":0.01816281168000754,"Taucorr":0.0889859732613607},"EnergyVariance":{"Mean":0.2775312708275164,"Sigma":0.023627983639355858,"Taucorr":-0.037432863846283804},"Iteration":36},
{"Acceptance":[0.3274025974025974],"Energy":{"Mean":-35.60763102324866,"Sigma":0.018269220165529735,"Taucorr":0.1417089466278556},"EnergyVariance":{"Mean":0.25772265654685994,"Sigma":0.027954917183433382,"Taucorr":0.24628327997472765},"Iteration":37},
{"Acceptance":[0.3265367965367965],"Energy":{"Mean":-35.59566774199936,"Sigma":0.017553354316640003,"Taucorr":0.07123545470702042},"EnergyVariance":{"Mean":0.26727338838868453,"Sigma":0.021437232043240193,"Taucorr":-0.011793642201210597},"Iteration":38},
{"Acceptance":[0.3317748917748918],"Energy":{"Mean":-35.60907792040373,"Sigma":0.018467541924568072,"Taucorr":0.26405051470941876},"EnergyVariance":{"Mean":0.22118102499632014,"Sigma":0.019300016692878574,"Taucorr":0.06839496977744408},"Iteration":39},
{"Acceptance":[0.33155844155844155],"Energy":{"Mean":-35.591045953800304,"Sigma":0.015136820535297689,"Taucorr":0.04399047066807049},"EnergyVariance":{"Mean":0.20870281414140873,"Sigma":0.015020209621492293,"Taucorr":0.06047986839596187},"Iteration":40},
{"Acceptance":[0.33636363636363636],"Energy":{"Mean":-35.613475752444366,"Sigma":0.014164281015396948,"Taucorr":-0.054355505847781316},"EnergyVariance":{"Mean":0.22307489562423186,"Sigma":0.025738864309500818,"Taucorr":0.33760057711890257},"Iteration":41},
{"Acceptance":[0.32341991341991344],"Energy":{"Mean":-35.58367129746944,"Sigma":0.013181846963489828,"Taucorr":-0.07503506436342827},"EnergyVariance":{"Mean":0.2026039592618896,"Sigma":0.017326783703330573,"Taucorr":0.2445429617502789},"Iteration":42},
{"Acceptance":[0.33277056277056277],"Energy":{"Mean":-35.577307865098184,"Sigma":0.016114747472078274,"Taucorr":0.029708342145099764},"EnergyVariance":{"Mean":0.2429181036653133,"Sigma":0.019071457938109746,"Taucorr":-0.07371359063670818},"Iteration":43},
{"Acceptance":[0.3333766233766234],"Energy":{"Mean":-35.61359541402561,"Sigma":0.016774792066983554,"Taucorr":0.06433070998182255},"EnergyVariance":{"Mean":0.24707520600462327,"Sigma":0.021660767101210468,"Taucorr":0.08315051446720889},"Iteration":44},
{"Acceptance":[0.3307792207792208],"Energy":{"Mean":-35.5589157746325,"Sigma":0.017720126293415444,"Taucorr":0.10490230230874709},"EnergyVariance":{"Mean":0.2572150676048779,"Sigma":0.03587467979342347,"Taucorr":0.9164627842552437},"Iteration":45},
{"Acceptance":[0.33285714285714285],"Energy":{"Mean":-35.597045911774444,"Sigma":0.01987739927144801,"Taucorr":0.34628179350879273},"EnergyVariance":{"Mean":0.231340929806241,"Sigma":0.02707215186670643,"Taucorr":0.5627599121504376},"Iteration":46},
{"Acceptance":[0.3346753246753247],"Energy":{"Mean":-35.596788993001105,"Sigma":0.014812484479355898,"Taucorr":-0.009075291176036282},"EnergyVariance":{"Mean":0.22145643382734875,"Sigma":0.012902821799489617,"Taucorr":-0.1627627799592874},"Iteration":47},
{"Acceptance":[0.3294372294372294],"Energy":{"Mean":-35.60999437670615,"Sigma":0.012526575544679735,"Taucorr":-0.07089820302269606},"EnergyVariance":{"Mean":0.18119746971710046,"Sigma":0.015251697650540182,"Taucorr":0.43381539315618023},"Iteration":48},
{"Acceptance":[0.33246753246753247],"Energy":{"Mean":-35.59581081341646,"Sigma":0.017361016906537307,"Taucorr":0.1312139160201189},"EnergyVariance":{"Mean":0.23660330851434316,"Sigma":0.020554601487110878,"Taucorr":0.23982433977472173},"Iteration":49},
{"Acceptance":[0.3383116883116883],"Energy":{"Mean":-35.56468174429323,"Sigma":0.016727376366562872,"Taucorr":0.015132941410924694},"EnergyVariance":{"Mean":0.26914317685767936,"Sigma":0.02026370235757487,"Taucorr":-0.08700039987428165},"Iteration":50},
{"Acceptance":[0.333982683982684],"Energy":{"Mean":-35.60013960133258,"Sigma":0.013544154716490378,"Taucorr":-0.10323532424346227},"EnergyVariance":{"Mean":0.22909606552043488,"Sigma":0.014648282801214312,"Taucorr":-0.040508727311585},"Iteration":51},
{"Acceptance":[0.3278787878787879],"Energy":{"Mean":-35.60720282002135,"Sigma":0.014126084959074248,"Taucorr":-0.05057773443550945},"EnergyVariance":{"Mean":0.220006436568001,"Sigma":0.018087731587483998,"Taucorr":0.020682170327755434},"Iteration":52},
{"Acceptance":[0.33515151515151514],"Energy":{"Mean":-35.57113049482236,"Sigma":0.013594786486969797,"Taucorr":-0.12033071521648048},"EnergyVariance":{"Mean":0.24120427047661577,"Sigma":0.039460756824919736,"Taucorr":0.02956180107277906},"Iteration":53},
{"Acceptance":[0.33316017316017316],"Energy":{"Mean":-35.581569423609956,"Sigma":0.017290858846665653,"Taucorr":0.17317168810889094},"EnergyVariance":{"Mean":0.22006594189410938,"Sigma":0.026797205763177543,"Taucorr":0.36048648694263574},"Iteration":54},
{"Acceptance":[0.3323809523809524],"Energy":{"Mean":-35.5734468068086,"Sigma":0.01564700460062062,"Taucorr":0.07127293242979837},"EnergyVariance":{"Mean":0.21235579348401348,"Sigma":0.016714960294152263,"Taucorr":0.06104870368200699},"Iteration":55},
{"Acceptance":[0.330995670995671],"Energy":{"Mean":-35.60351922221008,"Sigma":0.012493364180106931,"Taucorr":-0.15785186350199493},"EnergyVariance":{"Mean":0.22604234414877764,"Sigma":0.01554339796921104,"Taucorr":-0.09461701601548062},"Iteration":56},
{"Acceptance":[0.33121212121212124],"Energy":{"Mean":-35.583579883551565,"Sigma":0.013120901314873843,"Taucorr":-0.12366084182740766},"EnergyVariance":{"Mean":0.2266695155299196,"Sigma":0.01865799765402373,"Taucorr":0.046021692491985844},"Iteration":57},
{"Acceptance":[0.33385281385281385],"Energy":{"Mean":-35.59632318380996,"Sigma":0.014136244158369707,"Taucorr":-0.024993158621865408},"EnergyVariance":{"Mean":0.2084557074421667,"Sigma":0.014271044497678293,"Taucorr":-0.11446544363153921},"Iteration":58},
{"Acceptance":[0.3314285714285714],"Energy":{"Mean":-35.579984499478805,"Sigma":0.01576839667942814,"Taucorr":0.11592075781077371},"EnergyVariance":{"Mean":0.200029982416141,"Sigma":0.014209976554777133,"Taucorr":0.02675593779465335},"Iteration":59},
{"Acceptance":[0.33086580086580086],"Energy":{"Mean":-35.583200972113104,"Sigma":0.015958608759335267,"Taucorr":0.08044784200509325},"EnergyVariance":{"Mean":0.2174060110663035,"Sigma":0.02160187934782182,"Taucorr":0.25303847325887097},"Iteration":60},
{"Acceptance":[0.32636363636363636],"Energy":{"Mean":-35.62320506119335,"Sigma":0.01847093074106627,"Taucorr":0.19073021922000388},"EnergyVariance":{"Mean":0.24474514429421568,"Sigma":0.022570193443915275,"Taucorr":0.16697992835755515},"Iteration":61},
{"Acceptance":[0.33796536796536797],"Energy":{"Mean":-35.596731982973736,"Sigma":0.015970821338148675,"Taucorr":-0.05997237935159827},"EnergyVariance":{"Mean":0.2872230061245061,"Sigma":0.030800466955590716,"Taucorr":0.1140946898712265},"Iteration":62},
{"Acceptance":[0.334978354978355],"Energy":{"Mean":-35.626101580344546,"Sigma":0.014668751995184573,"Taucorr":-0.011425686547162972},"EnergyVariance":{"Mean":0.21822298144454902,"Sigma":0.01418316185150784,"Taucorr":-0.04255646802633001},"Iteration":63},
{"Acceptance":[0.33021645021645024],"Energy":{"Mean":-35.60764703724214,"Sigma":0.01591732210281121,"Taucorr":0.16621978165782747},"EnergyVariance":{"Mean":0.18843743957118458,"Sigma":0.011319481727469938,"Taucorr":0.0018795605014210182},"Iteration":64},
{"Acceptance":[0.3295238095238095],"Energy":{"Mean":-35.59240439910234,"Sigma":0.020488808520704904,"Taucorr":0.4799068987663333},"EnergyVariance":{"Mean":0.21227214627904697,"Sigma":0.017376667542504273,"Taucorr":0.0867596378942006},"Iteration":65},
{"Acceptance":[0.3406060606060606],"Energy":{"Mean":-35.604586541672,"Sigma":0.018183419759972834,"Taucorr":0.19770338389172404},"EnergyVariance":{"Mean":0.2348143961281416,"Sigma":0.019160039007335598,"Taucorr":0.2616414194067165},"Iteration":66},
{"Acceptance":[0.3238961038961039],"Energy":{"Mean":-35.593594679762695,"Sigma":0.011098980722304306,"Taucorr":-0.23079915248847233},"EnergyVariance":{"Mean":0.22674309038819224,"Sigma":0.02194537497168764,"Taucorr":0.2800409405355698},"Iteration":67},
{"Acceptance":[0.32857142857142857],"Energy":{"Mean":-35.62629643790052,"Sigma":0.0197564584944427,"Taucorr":0.38885348930304664},"EnergyVariance":{"Mean":0.21758671041335775,"Sigma":0.019456651131956017,"Taucorr":0.18460275096854883},"Iteration":68},
{"Acceptance":[0.3258441558441558],"Energy":{"Mean":-35.601836414161546,"Sigma":0.013529448776847922,"Taucorr":-0.016881486163539905},"EnergyVariance":{"Mean":0.187737408510308,"Sigma":0.012081355732269872,"Taucorr":-0.10186039888373621},"Iteration":69},
{"Acceptance":[0.33116883116883117],"Energy":{"Mean":-35.59326755756993,"Sigma":0.01595752669079758,"Taucorr":0.1239113196688314},"EnergyVariance":{"Mean":0.20223317295548546,"Sigma":0.01655066549639834,"Taucorr":0.2247626686527776},"Iteration":70},
{"Acceptance":[0.335974025974026],"Energy":{"Mean":-35.58659624186637,"Sigma":0.012180048236987649,"Taucorr":-0.14947327029963403},"EnergyVariance":{"Mean":0.20971090305761717,"Sigma":0.015500300563176148,"Taucorr":-0.020346360972021027},"Iteration":71},
{"Acceptance":[0.3277056277056277],"Energy":{"Mean":-35.58874245564035,"Sigma":0.017033406460542307,"Taucorr":0.21019858890185084},"EnergyVariance":{"Mean":0.20242652648171441,"Sigma":0.01862406873699428,"Taucorr":0.2875806633181648},"Iteration":72},
{"Acceptance":[0.32774891774891773],"Energy":{"Mean":-35.600307919644266,"Sigma":0.015457191848450139,"Taucorr":0.07028996195114323},"EnergyVariance":{"Mean":0.20759150285006941,"Sigma":0.016205421537028263,"Taucorr":0.1884400658095371},"Iteration":73},
{"Acceptance":[0.33575757575757575],"Energy":{"Mean":-35.58095506939063,"Sigma":0.016145515994487904,"Taucorr":0.11169537756955883},"EnergyVariance":{"Mean":0.2111604877762892,"Sigma":0.01394269471027822,"Taucorr":0.05414093090291894},"Iteration":74},
{"Acceptance":[0.33004329004329],"Energy":{"Mean":-35.60772323419124,"Sigma":0.017218459276975434,"Taucorr":0.18802220027868188},"EnergyVariance":{"Mean":0.21351585788573088,"Sigma":0.01676081702211041,"Taucorr":0.17466770797845454},"Iteration":75},
{"Acceptance":[0.32831168831168833],"Energy":{"Mean":-35.58292849144571,"Sigma":0.014218155084291187,"Taucorr":-0.069116570861459},"EnergyVariance":{"Mean":0.23247198942044825,"Sigma":0.02138614820661088,"Taucorr":0.17183299160695287},"Iteration":76},
{"Acceptance":[0.3376190476190476],"Energy":{"Mean":-35.584333795287435,"Sigma":0.012286764215253966,"Taucorr":-0.16713174207351167},"EnergyVariance":{"Mean":0.2247225029788199,"Sigma":0.01892927649492234,"Taucorr":0.19690005630985385},"Iteration":77},
{"Acceptance":[0.33125541125541125],"Energy":{"Mean":-35.58269601401955,"Sigma":0.01495291324322747,"Taucorr":0.03504812564733062},"EnergyVariance":{"Mean":0.20706310949297888,"Sigma":0.012221091250371158,"Taucorr":-0.1363555920963681},"Iteration":78},
{"Acceptance":[0.33064935064935064],"Energy":{"Mean":-35.59463321480616,"Sigma":0.018859092714431012,"Taucorr":0.48188582786780987},"EnergyVariance":{"Mean":0.1794835117151749,"Sigma":0.011201678055953257,"Taucorr":-0.027742772844910224},"Iteration":79},
{"Acceptance":[0.33004329004329],"Energy":{"Mean":-35.597312562259795,"Sigma":0.014898510650238558,"Taucorr":-0.015339113570326024},"EnergyVariance":{"Mean":0.22692985946654956,"Sigma":0.023899859393694406,"Taucorr":0.23643272144604277},"Iteration":80},
{"Acceptance":[0.32731601731601734],"Energy":{"Mean":-35.599892653509,"Sigma":0.02059891890654663,"Taucorr":0.4824771404971362},"EnergyVariance":{"Mean":0.21399828120885558,"Sigma":0.015893210965677494,"Taucorr":0.11180268230439006},"Iteration":81},
{"Acceptance":[0.32956709956709956],"Energy":{"Mean":-35.60306637596789,"Sigma":0.013363090016716768,"Taucorr":-0.06377232270680977},"EnergyVariance":{"Mean":0.20283572403771627,"Sigma":0.015797689046260464,"Taucorr":0.12170613723286117},"Iteration":82},
{"Acceptance":[0.33],"Energy":{"Mean":-35.611989843169226,"Sigma":0.01570508595193437,"Taucorr":0.021802439982857247},"EnergyVariance":{"Mean":0.23421699318651043,"Sigma":0.01889204218221465,"Taucorr":0.24522507211640876},"Iteration":83},
{"Acceptance":[0.3343722943722944],"Energy":{"Mean":-35.60545718826827,"Sigma":0.018096539291187482,"Taucorr":0.3109982218423414},"EnergyVariance":{"Mean":0.20008521294225554,"Sigma":0.012651134873356161,"Taucorr":-0.09787877989799121},"Iteration":84},
{"Acceptance":[0.33281385281385284],"Energy":{"Mean":-35.57973763052371,"Sigma":0.012521349024554512,"Taucorr":-0.13188475948991407},"EnergyVariance":{"Mean":0.2110387645701946,"Sigma":0.01286011363777035,"Taucorr":0.00544025876950649},"Iteration":85},
{"Acceptance":[0.3330735930735931],"Energy":{"Mean":-35.60853707726265,"Sigma":0.01679670517470503,"Taucorr":0.14276393140356136},"EnergyVariance":{"Mean":0.217490601280208,"Sigma":0.017610305049821924,"Taucorr":0.11305136480885003},"Iteration":86},
{"Acceptance":[0.33454545454545453],"Energy":{"Mean":-35.58251346742702,"Sigma":0.0156663535814179,"Taucorr":0.07766813222658808},"EnergyVariance":{"Mean":0.21052380584356553,"Sigma":0.017790103715829186,"Taucorr":0.12129856089220392},"Iteration":87},
{"Acceptance":[0.33246753246753247],"Energy":{"Mean":-35.60524961713192,"Sigma":0.016277529626293974,"Taucorr":0.14122356383982415},"EnergyVariance":{"Mean":0.2047440594926419,"Sigma":0.016664340419090495,"Taucorr":0.3395251951771675},"Iteration":88},
{"Acceptance":[0.3238961038961039],"Energy":{"Mean":-35.61063247301396,"Sigma":0.015044493109442943,"Taucorr":0.08116194301436652},"EnergyVariance":{"Mean":0.19297532433168132,"Sigma":0.014481804298384904,"Taucorr":0.04615930549084235},"Iteration":89},
{"Acceptance":[0.33121212121212124],"Energy":{"Mean":-35.593351111343054,"Sigma":0.021036478139069153,"Taucorr":0.5986589385179735},"EnergyVariance":{"Mean":0.19958457210340036,"Sigma":0.022914263850614864,"Taucorr":0.24545455531455507},"Iteration":90},
{"Acceptance":[0.32761904761904764],"Energy":{"Mean":-35.60391050383903,"Sigma":0.013063464241706598,"Taucorr":-0.10103208936525099},"EnergyVariance":{"Mean":0.21194467185846042,"Sigma":0.01677259997102301,"Taucorr":0.1335788189440299},"Iteration":91},
{"Acceptance":[0.32606060606060605],"Energy":{"Mean":-35.60624093500814,"Sigma":0.018559407832564927,"Taucorr":0.2504262374821654},"EnergyVariance":{"Mean":0.22743848481746812,"Sigma":0.02333773046566798,"Taucorr":0.10470804034211278},"Iteration":92},
{"Acceptance":[0.3262770562770563],"Energy":{"Mean":-35.59422235486524,"Sigma":0.018687267090367925,"Taucorr":0.3610712873357862},"EnergyVariance":{"Mean":0.20095379064796076,"Sigma":0.016698754484629527,"Taucorr":0.1356650238532301},"Iteration":93},
{"Acceptance":[0.32835497835497834],"Energy":{"Mean":-35.600079953336575,"Sigma":0.0162849310425356,"Taucorr":0.036640061881950126},"EnergyVariance":{"Mean":0.24486825630151723,"Sigma":0.02322856018224296,"Taucorr":0.2693815306992776},"Iteration":94},
{"Acceptance":[0.3387012987012987],"Energy":{"Mean":-35.583837872512326,"Sigma":0.019486599519914393,"Taucorr":0.3054348580153182},"EnergyVariance":{"Mean":0.23360676287951393,"Sigma":0.017754647926617555,"Taucorr":0.12856927637116133},"Iteration":95},
{"Acceptance":[0.3249350649350649],"Energy":{"Mean":-35.5840014718436,"Sigma":0.015066367739075402,"Taucorr":0.06112036063817872},"EnergyVariance":{"Mean":0.2004494223699503,"Sigma":0.011562241313211822,"Taucorr":-0.06741731190448963},"Iteration":96},
{"Acceptance":[0.335021645021645],"Energy":{"Mean":-35.598336918168265,"Sigma":0.014467935372445747,"Taucorr":-0.05458002837409076},"EnergyVariance":{"Mean":0.23285584834839565,"Sigma":0.025350015646279096,"Taucorr":0.16536494601374063},"Iteration":97},
{"Acceptance":[0.3229004329004329],"Energy":{"Mean":-35.633871143000995,"Sigma":0.01393830534031506,"Taucorr":0.00022371398445841795},"EnergyVariance":{"Mean":0.19244179115162838,"Sigma":0.016436675317427527,"Taucorr":0.24758269434715752},"Iteration":98},
{"Acceptance":[0.3285281385281385],"Energy":{"Mean":-35.584067893181995,"Sigma":0.0203453628218759,"Taucorr":0.3382129830923387},"EnergyVariance":{"Mean":0.24469223516491181,"Sigma":0.022515511048318927,"Taucorr":0.06634957271772102},"Iteration":99},
{"Acceptance":[0.33510822510822513],"Energy":{"Mean":-35.599696554823836,"Sigma":0.014255840943107974,"Taucorr":-0.06949501219780885},"EnergyVariance":{"Mean":0.23391129678761038,"Sigma":0.018619773598679633,"Taucorr":0.12288919222853734},"Iteration":100},
{"Acceptance":[0.32744588744588743],"Energy":{"Mean":-35.574516061403315,"Sigma":0.01588541213110123,"Taucorr":0.08078127805365554},"EnergyVariance":{"Mean":0.21529208529470834,"Sigma":0.019738015414773293,"Taucorr":0.3350981673313549},"Iteration":101},
{"Acceptance":[0.3274891774891775],"Energy":{"Mean":-35.57451543586046,"Sigma":0.017199404826124042,"Taucorr":0.13883322301656353},"EnergyVariance":{"Mean":0.229447344450634,"Sigma":0.02011973899319013,"Taucorr":0.17586232229211862},"Iteration":102},
{"Acceptance":[0.3364935064935065],"Energy":{"Mean":-35.60203016406337,"Sigma":0.01641178114041589,"Taucorr":0.15671642390347207},"EnergyVariance":{"Mean":0.20322505247981867,"Sigma":0.01630279663870274,"Taucorr":0.3847270094653431},"Iteration":103},
{"Acceptance":[0.3284415584415584],"Energy":{"Mean":-35.59407225524216,"Sigma":0.017525970320827613,"Taucorr":0.39977328787296584},"EnergyVariance":{"Mean":0.16915106547707806,"Sigma":0.01042162642920864,"Taucorr":-0.037364469827310176},"Iteration":104},
{"Acceptance":[0.3349350649350649],"Energy":{"Mean":-35.59138732653672,"Sigma":0.014648997156613228,"Taucorr":-0.01007525336015197},"EnergyVariance":{"Mean":0.21703516170501702,"Sigma":0.01573931459262346,"Taucorr":-0.03711091579297743},"Iteration":105},
{"Acceptance":[0.3272294372294372],"Energy":{"Mean":-35.605042359225195,"Sigma":0.012101301210996031,"Taucorr":-0.06835541096621334},"EnergyVariance":{"Mean":0.16810534551845951,"Sigma":0.012241846508431027,"Taucorr":0.17298026374932707},"Iteration":106},
{"Acceptance":[0.3303030303030303],"Energy":{"Mean":-35.587649612270575,"Sigma":0.01478020283896269,"Taucorr":0.10124655890345646},"EnergyVariance":{"Mean":0.18003289881296333,"Sigma":0.012252060624906726,"Taucorr":0.020139439926052716},"Iteration":107},
{"Acceptance":[0.333030303030303],"Energy":{"Mean":-35.59535144451658,"Sigma":0.01700372431570352,"Taucorr":0.2751411908133533},"EnergyVariance":{"Mean":0.18482085469595316,"Sigma":0.018608852274731948,"Taucorr":0.5416174227747941},"Iteration":108},
{"Acceptance":[0.32744588744588743],"Energy":{"Mean":-35.60553109098181,"Sigma":0.016840083139785335,"Taucorr":0.15772359475079734},"EnergyVariance":{"Mean":0.21364302839072988,"Sigma":0.01769609315281272,"Taucorr":0.19510989578983273},"Iteration":109},
{"Acceptance":[0.32705627705627704],"Energy":{"Mean":-35.57224986060101,"Sigma":0.013759755767148826,"Taucorr":-0.06181155553360007},"EnergyVariance":{"Mean":0.21409385867718111,"Sigma":0.021792468897355668,"Taucorr":0.41051107819194},"Iteration":110},
{"Acceptance":[0.324978354978355],"Energy":{"Mean":-35.624054481736316,"Sigma":0.015927366237068342,"Taucorr":0.12716289987523743},"EnergyVariance":{"Mean":0.2004247042276656,"Sigma":0.01695927861422386,"Taucorr":0.1708860986076305},"Iteration":111},
{"Acceptance":[0.3291774891774892],"Energy":{"Mean":-35.6019348613697,"Sigma":0.02007084425850531,"Taucorr":0.3698340447064361},"EnergyVariance":{"Mean":0.2294766783728881,"Sigma":0.019437550001051646,"Taucorr":-0.004955364170469323},"Iteration":112},
{"Acceptance":[0.3316883116883117],"Energy":{"Mean":-35.61332138107952,"Sigma":0.013145562155265599,"Taucorr":-0.11712518531385346},"EnergyVariance":{"Mean":0.22363779636241785,"Sigma":0.018477780195133964,"Taucorr":0.11701983688460316},"Iteration":113},
{"Acceptance":[0.336969696969697],"Energy":{"Mean":-35.603835306410666,"Sigma":0.013375537048358258,"Taucorr":-0.06501048519867952},"EnergyVariance":{"Mean":0.20379209847842544,"Sigma":0.015032530717422847,"Taucorr":0.09997136617623292},"Iteration":114},
{"Acceptance":[0.3290909090909091],"Energy":{"Mean":-35.589067600989765,"Sigma":0.014889247598458045,"Taucorr":0.05149330594032209},"EnergyVariance":{"Mean":0.1991814676852182,"Sigma":0.013835500711789189,"Taucorr":0.11421656320915663},"Iteration":115},
{"Acceptance":[0.3304329004329004],"Energy":{"Mean":-35.615492328956336,"Sigma":0.010635407820227729,"Taucorr":-0.23879945874834874},"EnergyVariance":{"Mean":0.21457439255922525,"Sigma":0.016088199568945635,"Taucorr":0.12089247341919762},"Iteration":116},
{"Acceptance":[0.3274891774891775],"Energy":{"Mean":-35.58488831246816,"Sigma":0.0156860927361162,"Taucorr":0.10996637085094874},"EnergyVariance":{"Mean":0.1998790758512588,"Sigma":0.015826202591830582,"Taucorr":0.14412718020413418},"Iteration":117},
{"Acceptance":[0.34004329004329004],"Energy":{"Mean":-35.58346502642049,"Sigma":0.017213602798368074,"Taucorr":0.12356037016877963},"EnergyVariance":{"Mean":0.23545543392392798,"Sigma":0.026026846555708236,"Taucorr":0.6130532727801268},"Iteration":118},
{"Acceptance":[0.33277056277056277],"Energy":{"Mean":-35.59489373612695,"Sigma":0.015713207508892862,"Taucorr":0.08443119769513485},"EnergyVariance":{"Mean":0.2093340941505742,"Sigma":0.015638818430239714,"Taucorr":0.10647967749209175},"Iteration":119},
{"Acceptance":[0.32861471861471864],"Energy":{"Mean":-35.60277679278681,"Sigma":0.01392105580262375,"Taucorr":0.012527699356538524},"EnergyVariance":{"Mean":0.18735732362936838,"Sigma":0.009944695434727837,"Taucorr":-0.08783812418941378},"Iteration":120},
{"Acceptance":[0.32441558441558443],"Energy":{"Mean":-35.59249590805249,"Sigma":0.016541846615684315,"Taucorr":0.11907158363635151},"EnergyVariance":{"Mean":0.21901344388003446,"Sigma":0.023049175306217716,"Taucorr":0.2796474148999979},"Iteration":121},
{"Acceptance":[0.3259307359307359],"Energy":{"Mean":-35.58518679882041,"Sigma":0.018147119858731787,"Taucorr":0.23858811662380552},"EnergyVariance":{"Mean":0.2209310539930159,"Sigma":0.014872407669681622,"Taucorr":-0.07935978014348172},"Iteration":122},
{"Acceptance":[0.32857142857142857],"Energy":{"Mean":-35.601145907078774,"Sigma":0.012606864729018983,"Taucorr":-0.1225749614648648},"EnergyVariance":{"Mean":0.2086542054428087,"Sigma":0.022204970204215385,"Taucorr":0.06650201574450554},"Iteration":123},
{"Acceptance":[0.3355844155844156],"Energy":{"Mean":-35.581200589081945,"Sigma":0.017570023870029403,"Taucorr":0.2281861396326258},"EnergyVariance":{"Mean":0.21006125602886072,"Sigma":0.021077566522278778,"Taucorr":0.317484641320664},"Iteration":124},
{"Acceptance":[0.3262770562770563],"Energy":{"Mean":-35.61506680679841,"Sigma":0.018430042310079553,"Taucorr":0.26108238236404757},"EnergyVariance":{"Mean":0.22113865331196944,"Sigma":0.016682218072423552,"Taucorr":0.020510811186997158},"Iteration":125},
{"Acceptance":[0.32961038961038963],"Energy":{"Mean":-35.58561831159844,"Sigma":0.015679745223533506,"Taucorr":0.08660853416202297},"EnergyVariance":{"Mean":0.2076697745614201,"Sigma":0.016416700329008334,"Taucorr":0.08463890132399521},"Iteration":126},
{"Acceptance":[0.3380952380952381],"Energy":{"Mean":-35.61017988062299,"Sigma":0.014470504075769563,"Taucorr":-0.012079044990446097},"EnergyVariance":{"Mean":0.21264810487525698,"Sigma":0.01858184118799979,"Taucorr":0.25973930293137926},"Iteration":127},
{"Acceptance":[0.33900432900432903],"Energy":{"Mean":-35.59151763280187,"Sigma":0.01725696864980121,"Taucorr":0.08097375832193188},"EnergyVariance":{"Mean":0.2539897366287463,"Sigma":0.01854567630756006,"Taucorr":0.05536475662910967},"Iteration":128},
{"Acceptance":[0.3367965367965368],"Energy":{"Mean":-35.58192092241047,"Sigma":0.016224727085752177,"Taucorr":0.11863348186044553},"EnergyVariance":{"Mean":0.21084584233637751,"Sigma":0.018580294249410673,"Taucorr":0.1990364271017555},"Iteration":129},
{"Acceptance":[0.33484848484848484],"Energy":{"Mean":-35.591720292799664,"Sigma":0.014754859086222677,"Taucorr":0.03400102214173084},"EnergyVariance":{"Mean":0.20200945949515547,"Sigma":0.01833955360500413,"Taucorr":0.20297408090384528},"Iteration":130},
{"Acceptance":[0.33095238095238094],"Energy":{"Mean":-35.632764638220365,"Sigma":0.01644361818851304,"Taucorr":0.10553395020989509},"EnergyVariance":{"Mean":0.2212584842091036,"Sigma":0.019724175697198927,"Taucorr":0.21954839862619036},"Iteration":131},
{"Acceptance":[0.33476190476190476],"Energy":{"Mean":-35.587492574241715,"Sigma":0.015886731356877026,"Taucorr":0.11109928896579047},"EnergyVariance":{"Mean":0.20464492857740396,"Sigma":0.0153209274611651,"Taucorr":0.03732592125839762},"Iteration":132},
{"Acceptance":[0.3303030303030303],"Energy":{"Mean":-35.62098754495332,"Sigma":0.017891664826274346,"Taucorr":0.2644423592086592},"EnergyVariance":{"Mean":0.20749155481264311,"Sigma":0.019833396995848723,"Taucorr":0.4824884381565796},"Iteration":133},
{"Acceptance":[0.33350649350649353],"Energy":{"Mean":-35.602233713719336,"Sigma":0.011938007577747859,"Taucorr":-0.12404235857542006},"EnergyVariance":{"Mean":0.18783150810227792,"Sigma":0.015443702340234532,"Taucorr":0.2232593084103679},"Iteration":134},
{"Acceptance":[0.33164502164502163],"Energy":{"Mean":-35.57488965048159,"Sigma":0.019775304548229868,"Taucorr":0.26620411139160916},"EnergyVariance":{"Mean":0.25289808685232423,"Sigma":0.026247360145001203,"Taucorr":0.38495018390871716},"Iteration":135},
{"Acceptance":[0.33194805194805194],"Energy":{"Mean":-35.59228388433582,"Sigma":0.017284073428115207,"Taucorr":0.2554203361558509},"EnergyVariance":{"Mean":0.19595086930475278,"Sigma":0.018401259086065217,"Taucorr":0.26412340917667587},"Iteration":136},
{"Acceptance":[0.33086580086580086],"Energy":{"Mean":-35.61335963348633,"Sigma":0.02237420281358805,"Taucorr":0.523605486118836},"EnergyVariance":{"Mean":0.24232945020747543,"Sigma":0.019525473160405385,"Taucorr":0.17088813548149284},"Iteration":137},
{"Acceptance":[0.3301731601731602],"Energy":{"Mean":-35.59541117821867,"Sigma":0.015520625883888394,"Taucorr":0.08862321758770586},"EnergyVariance":{"Mean":0.2027798201690562,"Sigma":0.013224174134420945,"Taucorr":-0.009069440675579021},"Iteration":138},
{"Acceptance":[0.331038961038961],"Energy":{"Mean":-35.606666187435245,"Sigma":0.015087024805610144,"Taucorr":-0.027897780640881387},"EnergyVariance":{"Mean":0.23889927228827643,"Sigma":0.019248956976008775,"Taucorr":0.08913837280461823},"Iteration":139},
{"Acceptance":[0.3336363636363636],"Energy":{"Mean":-35.58422397069477,"Sigma":0.013252412211036539,"Taucorr":-0.08955840415431399},"EnergyVariance":{"Mean":0.21202260434476278,"Sigma":0.014695427140025188,"Taucorr":0.09367183598471962},"Iteration":140},
{"Acceptance":[0.33354978354978354],"Energy":{"Mean":-35.588773764687524,"Sigma":0.014361707372954698,"Taucorr":-0.02801699507124672},"EnergyVariance":{"Mean":0.21653566909144856,"Sigma":0.019442793569681514,"Taucorr":0.3287137359523422},"Iteration":141},
{"Acceptance":[0.3255411255411255],"Energy":{"Mean":-35.593804605164514,"Sigma":0.013081087607830557,"Taucorr":-0.12336069812943812},"EnergyVariance":{"Mean":0.22511567315014366,"Sigma":0.01727920046425699,"Taucorr":0.015809482834929},"Iteration":142},
{"Acceptance":[0.3321212121212121],"Energy":{"Mean":-35.579128783994726,"Sigma":0.01576074208561122,"Taucorr":0.2309301660052535},"EnergyVariance":{"Mean":0.16839186167887296,"Sigma":0.0117012864128196,"Taucorr":-0.013966062646689481},"Iteration":143},
{"Acceptance":[0.3301298701298701],"Energy":{"Mean":-35.615049989526526,"Sigma":0.013547182460664848,"Taucorr":-0.07987056348176502},"EnergyVariance":{"Mean":0.21645045774630062,"Sigma":0.022125722636977124,"Taucorr":0.3675593737909487},"Iteration":144},
{"Acceptance":[0.3361904761904762],"Energy":{"Mean":-35.61817230876535,"Sigma":0.018876075449133962,"Taucorr":0.15342019654830918},"EnergyVariance":{"Mean":0.27019326233805735,"Sigma":0.02595389004891245,"Taucorr":0.3041669672527927},"Iteration":145},
{"Acceptance":[0.3288311688311688],"Energy":{"Mean":-35.627520340399784,"Sigma":0.014983285737412337,"Taucorr":0.09279048525901812},"EnergyVariance":{"Mean":0.18765345245534482,"Sigma":0.013931473420412623,"Taucorr":-0.07282126762870295},"Iteration":146},
{"Acceptance":[0.3386147186147186],"Energy":{"Mean":-35.56857830215539,"Sigma":0.01901193128535148,"Taucorr":0.39573304231149453},"EnergyVariance":{"Mean":0.19994821745069552,"Sigma":0.012460189059662376,"Taucorr":-0.021136520467170572},"Iteration":147},
{"Acceptance":[0.3310822510822511],"Energy":{"Mean":-35.58253836573051,"Sigma":0.01768320086770034,"Taucorr":0.22302117389808263},"EnergyVariance":{"Mean":0.2142961676039754,"Sigma":0.0197661009199739,"Taucorr":-0.006779186185845554},"Iteration":148},
{"Acceptance":[0.3355844155844156],"Energy":{"Mean":-35.60544067789056,"Sigma":0.010772336575240104,"Taucorr":-0.18954688072505488},"EnergyVariance":{"Mean":0.18521129151675628,"Sigma":0.01724282116672819,"Taucorr":0.5369947416513423},"Iteration":149},
{"Acceptance":[0.33406926406926407],"Energy":{"Mean":-35.6015470377036,"Sigma":0.015221826517167034,"Taucorr":0.14809281400829266},"EnergyVariance":{"Mean":0.17714952390120314,"Sigma":0.012850045914388519,"Taucorr":0.2323908408476827},"Iteration":150},
{"Acceptance":[0.3326406926406926],"Energy":{"Mean":-35.610932199107275,"Sigma":0.017565066894917943,"Taucorr":0.08080039401182004},"EnergyVariance":{"Mean":0.2632184778686789,"Sigma":0.03092668194974704,"Taucorr":0.005609238404029937},"Iteration":151},
{"Acceptance":[0.3341991341991342],"Energy":{"Mean":-35.58342901735606,"Sigma":0.013898182889784809,"Taucorr":0.025548745500955428},"EnergyVariance":{"Mean":0.18211541198046763,"Sigma":0.013392759898412777,"Taucorr":0.22266961814027986},"Iteration":152},
{"Acceptance":[0.33536796536796537],"Energy":{"Mean":-35.5872664116902,"Sigma":0.016655877542012386,"Taucorr":0.14074223545402498},"EnergyVariance":{"Mean":0.21453361251185138,"Sigma":0.017847748799776412,"Taucorr":0.10158841044410782},"Iteration":153},
{"Acceptance":[0.33545454545454545],"Energy":{"Mean":-35.59285264746681,"Sigma":0.015746532114388905,"Taucorr":0.11011383161175436},"EnergyVariance":{"Mean":0.20137364682130396,"Sigma":0.014219385917115013,"Taucorr":-0.026263737975149526},"Iteration":154},
{"Acceptance":[0.3310822510822511],"Energy":{"Mean":-35.60098361714483,"Sigma":0.02318605566415734,"Taucorr":0.6620991800781995},"EnergyVariance":{"Mean":0.22922089973930374,"Sigma":0.015409851479243933,"Taucorr":-0.1259208511992284},"Iteration":155},
{"Acceptance":[0.33294372294372293],"Energy":{"Mean":-35.60143140182046,"Sigma":0.015023406382576094,"Taucorr":0.049032384143232854},"EnergyVariance":{"Mean":0.20369601261474737,"Sigma":0.013855761636117122,"Taucorr":-0.02880431963801683},"Iteration":156},
{"Acceptance":[0.32805194805194804],"Energy":{"Mean":-35.610603677811575,"Sigma":0.013396978630918347,"Taucorr":-0.08017915743486259},"EnergyVariance":{"Mean":0.21183289065435232,"Sigma":0.016431143383039658,"Taucorr":0.1606556190888352},"Iteration":157},
{"Acceptance":[0.32705627705627704],"Energy":{"Mean":-35.60205741778102,"Sigma":0.014611384589135249,"Taucorr":-0.003946612831415175},"EnergyVariance":{"Mean":0.21325439182155545,"Sigma":0.018564972706407834,"Taucorr":0.4874691379443685},"Iteration":158},
{"Acceptance":[0.321991341991342],"Energy":{"Mean":-35.60868721426609,"Sigma":0.013549559252406859,"Taucorr":-0.04505131150727942},"EnergyVariance":{"Mean":0.19995468243027176,"Sigma":0.013906664728611351,"Taucorr":0.049128136534537736},"Iteration":159},
{"Acceptance":[0.33051948051948055],"Energy":{"Mean":-35.592953978050936,"Sigma":0.019536987086335767,"Taucorr":0.34168196033010423},"EnergyVariance":{"Mean":0.22470400800596482,"Sigma":0.019751151423494883,"Taucorr":0.12651932028056145},"Iteration":160},
{"Acceptance":[0.3332900432900433],"Energy":{"Mean":-35.59607375877151,"Sigma":0.013126684811231974,"Taucorr":-0.11198722195803423},"EnergyVariance":{"Mean":0.22004309552743845,"Sigma":0.015129723489095845,"Taucorr":0.1617753449995537},"Iteration":161},
{"Acceptance":[0.32857142857142857],"Energy":{"Mean":-35.611709707701486,"Sigma":0.016600194412329225,"Taucorr":0.17779811681211954},"EnergyVariance":{"Mean":0.20145110308932856,"Sigma":0.015014207187950135,"Taucorr":0.2033989005758674},"Iteration":162},
{"Acceptance":[0.32562770562770565],"Energy":{"Mean":-35.59090355395053,"Sigma":0.017357564074090715,"Taucorr":0.1698488717190333},"EnergyVariance":{"Mean":0.2228662897387764,"Sigma":0.015973895727455535,"Taucorr":0.041858494303942506},"Iteration":163},
{"Acceptance":[0.3323809523809524],"Energy":{"Mean":-35.592827757396314,"Sigma":0.01709518446135403,"Taucorr":0.1568981112784773},"EnergyVariance":{"Mean":0.22044143447733458,"Sigma":0.019092716398867334,"Taucorr":0.10658480349627586},"Iteration":164},
{"Acceptance":[0.33515151515151514],"Energy":{"Mean":-35.60861884767923,"Sigma":0.01554832100165667,"Taucorr":0.05671245401635394},"EnergyVariance":{"Mean":0.21516900853955448,"Sigma":0.016428977614173442,"Taucorr":0.06860609322861022},"Iteration":165},
{"Acceptance":[0.3304329004329004],"Energy":{"Mean":-35.59660921526249,"Sigma":0.015679467720454282,"Taucorr":0.07591068528138833},"EnergyVariance":{"Mean":0.21151986147950314,"Sigma":0.01671239220335215,"Taucorr":0.3109835236169137},"Iteration":166},
{"Acceptance":[0.33484848484848484],"Energy":{"Mean":-35.57644652798381,"Sigma":0.015328804135493005,"Taucorr":-0.023445924134095464},"EnergyVariance":{"Mean":0.2443138124096926,"Sigma":0.022254527018978253,"Taucorr":0.29367371617399163},"Iteration":167},
{"Acceptance":[0.329004329004329],"Energy":{"Mean":-35.58160162630251,"Sigma":0.016045763457994393,"Taucorr":0.13397848160298598},"EnergyVariance":{"Mean":0.20122869601566237,"Sigma":0.016621850436892974,"Taucorr":0.10644501985406285},"Iteration":168},
{"Acceptance":[0.3326406926406926],"Energy":{"Mean":-35.62111828011604,"Sigma":0.013937102808091654,"Taucorr":0.0834051739480468},"EnergyVariance":{"Mean":0.1649750960644961,"Sigma":0.009220628437498659,"Taucorr":-0.10242185129816561},"Iteration":169},
{"Acceptance":[0.3296969696969697],"Energy":{"Mean":-35.59885518661352,"Sigma":0.01706571156045675,"Taucorr":0.15622514884129468},"EnergyVariance":{"Mean":0.21990727197340437,"Sigma":0.012881261524248549,"Taucorr":-0.10372971833732769},"Iteration":170},
{"Acceptance":[0.33216450216450216],"Energy":{"Mean":-35.59769312729377,"Sigma":0.012305244669370427,"Taucorr":-0.11706285852969067},"EnergyVariance":{"Mean":0.1959280763848897,"Sigma":0.01181135308765802,"Taucorr":-0.10748176073417065},"Iteration":171},
{"Acceptance":[0.3352380952380952],"Energy":{"Mean":-35.59445307874168,"Sigma":0.01813557547361532,"Taucorr":0.22943753525605237},"EnergyVariance":{"Mean":0.223418038042038,"Sigma":0.018220130102733493,"Taucorr":0.158355718522997},"Iteration":172},
{"Acceptance":[0.32744588744588743],"Energy":{"Mean":-35.590674790867496,"Sigma":0.017631974684429993,"Taucorr":0.21215660923445667},"EnergyVariance":{"Mean":0.2163067424806064,"Sigma":0.01847974555041139,"Taucorr":0.2083544518470275},"Iteration":173},
{"Acceptance":[0.3246753246753247],"Energy":{"Mean":-35.58831582632199,"Sigma":0.017164154309316206,"Taucorr":0.15424614872585496},"EnergyVariance":{"Mean":0.22312452282174533,"Sigma":0.012874733524797807,"Taucorr":-0.2127599139620196},"Iteration":174},
{"Acceptance":[0.33480519480519483],"Energy":{"Mean":-35.59853430010891,"Sigma":0.01466402011923409,"Taucorr":-0.011821854234363327},"EnergyVariance":{"Mean":0.21825862811632032,"Sigma":0.017365003290198536,"Taucorr":0.15042743773293132},"Iteration":175},
{"Acceptance":[0.3271428571428571],"Energy":{"Mean":-35.58234254647627,"Sigma":0.018539810185176468,"Taucorr":0.2411480409299659},"EnergyVariance":{"Mean":0.22979959596153385,"Sigma":0.020091604817218917,"Taucorr":0.13096233325487272},"Iteration":176},
{"Acceptance":[0.329004329004329],"Energy":{"Mean":-35.562896873262396,"Sigma":0.0109281699506005,"Taucorr":-0.24432914196612077},"EnergyVariance":{"Mean":0.23145006692067643,"Sigma":0.019592384377509438,"Taucorr":0.05061236547239156},"Iteration":177},
{"Acceptance":[0.3330735930735931],"Energy":{"Mean":-35.58877331736965,"Sigma":0.01453806392077279,"Taucorr":-0.04876522416401652},"EnergyVariance":{"Mean":0.23208883279136966,"Sigma":0.023383408391684297,"Taucorr":0.0775851211530274},"Iteration":178},
{"Acceptance":[0.333982683982684],"Energy":{"Mean":-35.611956322115816,"Sigma":0.01255048478285261,"Taucorr":-0.17113537928917388},"EnergyVariance":{"Mean":0.2373271955436605,"Sigma":0.015493648896580363,"Taucorr":-0.04508077583049708},"Iteration":179},
{"Acceptance":[0.3339393939393939],"Energy":{"Mean":-35.60515931400792,"Sigma":0.01614340314646621,"Taucorr":0.08537213714126402},"EnergyVariance":{"Mean":0.2205981149496498,"Sigma":0.012867932144310345,"Taucorr":-0.04492070301353068},"Iteration":180},
{"Acceptance":[0.3333333333333333],"Energy":{"Mean":-35.593914743626016,"Sigma":0.020011641706564498,"Taucorr":0.34502697413971095},"EnergyVariance":{"Mean":0.23482185998612884,"Sigma":0.024971474983650634,"Taucorr":0.05937665339331211},"Iteration":181},
{"Acceptance":[0.3278354978354978],"Energy":{"Mean":-35.61006439550984,"Sigma":0.01449276575620069,"Taucorr":0.0003345742244823535},"EnergyVariance":{"Mean":0.20801070691841045,"Sigma":0.01841153610146098,"Taucorr":0.1419797499310227},"Iteration":182},
{"Acceptance":[0.3356709956709957],"Energy":{"Mean":-35.59989429856911,"Sigma":0.018644812130345755,"Taucorr":0.4369078998435074},"EnergyVariance":{"Mean":0.18384963896158513,"Sigma":0.01316099956073167,"Taucorr":0.23444052374990232},"Iteration":183},
{"Acceptance":[0.3323376623376623],"Energy":{"Mean":-35.60603969676536,"Sigma":0.016347781558541934,"Taucorr":0.06702609992779485},"EnergyVariance":{"Mean":0.2335383788265434,"Sigma":0.020825351009374958,"Taucorr":0.16137357503286598},"Iteration":184},
{"Acceptance":[0.32727272727272727],"Energy":{"Mean":-35.611803766445924,"Sigma":0.01706851876955006,"Taucorr":0.09428494933072362},"EnergyVariance":{"Mean":0.2429073160445817,"Sigma":0.02124873236200066,"Taucorr":0.2316905184712934},"Iteration":185},
{"Acceptance":[0.3285281385281385],"Energy":{"Mean":-35.57542327327663,"Sigma":0.016627547786335028,"Taucorr":0.0875268871623116},"EnergyVariance":{"Mean":0.23316981170396442,"Sigma":0.019726331820163756,"Taucorr":0.22476919439596976},"Iteration":186},
{"Acceptance":[0.3341991341991342],"Energy":{"Mean":-35.60127521657883,"Sigma":0.01587186593717687,"Taucorr":0.11897554077705585},"EnergyVariance":{"Mean":0.20166296303245612,"Sigma":0.01365589457868227,"Taucorr":-0.11655738325839199},"Iteration":187},
{"Acceptance":[0.3349350649350649],"Energy":{"Mean":-35.58186657046678,"Sigma":0.014493780886169053,"Taucorr":0.045632891262895936},"EnergyVariance":{"Mean":0.1907684274228816,"Sigma":0.018695441362653796,"Taucorr":0.2610084817329409},"Iteration":188},
{"Acceptance":[0.3264069264069264],"Energy":{"Mean":-35.6031046407745,"Sigma":0.016968965372806608,"Taucorr":0.29996164759657595},"EnergyVariance":{"Mean":0.17835497153612503,"Sigma":0.014943476641906341,"Taucorr":0.14357720885383274},"Iteration":189},
{"Acceptance":[0.3254978354978355],"Energy":{"Mean":-35.60420137743802,"Sigma":0.014944896530812582,"Taucorr":-0.0075320480569389114},"EnergyVariance":{"Mean":0.22472506288589467,"Sigma":0.01712579052164631,"Taucorr":0.18732621307177222},"Iteration":190},
{"Acceptance":[0.33614718614718614],"Energy":{"Mean":-35.586009635926864,"Sigma":0.014704244592478452,"Taucorr":0.02603288108567514},"EnergyVariance":{"Mean":0.20366490714949273,"Sigma":0.01588339925178841,"Taucorr":0.05534627641916279},"Iteration":191},
{"Acceptance":[0.3323809523809524],"Energy":{"Mean":-35.59157356056906,"Sigma":0.01545901799964199,"Taucorr":0.03499463942949432},"EnergyVariance":{"Mean":0.22133904616306105,"Sigma":0.019696795910976325,"Taucorr":0.16773611409689215},"Iteration":192},
{"Acceptance":[0.33385281385281385],"Energy":{"Mean":-35.588288869197726,"Sigma":0.0147176123422122,"Taucorr":-0.06300164967291771},"EnergyVariance":{"Mean":0.24560577847552184,"Sigma":0.02797382599643131,"Taucorr":0.13321766381255518},"Iteration":193},
{"Acceptance":[0.3251082251082251],"Energy":{"Mean":-35.608721883015996,"Sigma":0.014586402641910004,"Taucorr":-0.027136385326627988},"EnergyVariance":{"Mean":0.22294829547109385,"Sigma":0.021091477439166832,"Taucorr":0.34236561027006873},"Iteration":194},
{"Acceptance":[0.32926406926406926],"Energy":{"Mean":-35.60595127020723,"Sigma":0.015329493749411225,"Taucorr":0.061189983858195185},"EnergyVariance":{"Mean":0.20748627462583405,"Sigma":0.021081452544361237,"Taucorr":0.1922436944883409},"Iteration":195},
{"Acceptance":[0.334978354978355],"Energy":{"Mean":-35.603019884704466,"Sigma":0.013186280610050472,"Taucorr":-0.09889056990523332},"EnergyVariance":{"Mean":0.21479561615599846,"Sigma":0.018022187958879818,"Taucorr":0.22740947280202806},"Iteration":196},
{"Acceptance":[0.34030303030303033],"Energy":{"Mean":-35.624753743016726,"Sigma":0.015053547086815921,"Taucorr":-0.004348600296308791},"EnergyVariance":{"Mean":0.226540060735942,"Sigma":0.013444876053946233,"Taucorr":-0.0063876508791947395},"Iteration":197},
{"Acceptance":[0.32632034632034634],"Energy":{"Mean":-35.621313197643396,"Sigma":0.022073715409416352,"Taucorr":0.5887243928217754},"EnergyVariance":{"Mean":0.22175661488247356,"Sigma":0.024348124100939745,"Taucorr":0.43469434533430207},"Iteration":198},
{"Acceptance":[0.3373160173160173],"Energy":{"Mean":-35.598012881253055,"Sigma":0.013779156947644769,"Taucorr":-0.09064449729257545},"EnergyVariance":{"Mean":0.22982026435849198,"Sigma":0.017740346155471674,"Taucorr":0.11515166214637851},"Iteration":199},
{"Acceptance":[0.3209090909090909],"Energy":{"Mean":-35.5803679825931,"Sigma":0.014894583654288772,"Taucorr":0.03267452770417345},"EnergyVariance":{"Mean":0.20636615156729518,"Sigma":0.01434985774709097,"Taucorr":0.15209495151301478},"Iteration":200},
{"Acceptance":[0.32701298701298703],"Energy":{"Mean":-35.611554547120285,"Sigma":0.017346903165213437,"Taucorr":0.16154301832783424},"EnergyVariance":{"Mean":0.2253873185283329,"Sigma":0.019802374015041077,"Taucorr":0.08659953430232703},"Iteration":201},
{"Acceptance":[0.3347186147186147],"Energy":{"Mean":-35.613883907453605,"Sigma":0.014185386333188325,"Taucorr":-0.0017170651431022699},"EnergyVariance":{"Mean":0.20010133280380826,"Sigma":0.013266655498647664,"Taucorr":-0.010629956664150675},"Iteration":202},
{"Acceptance":[0.32670995670995673],"Energy":{"Mean":-35.58225079543694,"Sigma":0.014319299475600683,"Taucorr":-0.012747107953741899},"EnergyVariance":{"Mean":0.208512827482056,"Sigma":0.012236989749842301,"Taucorr":-0.11576317679122883},"Iteration":203},
{"Acceptance":[0.3306926406926407],"Energy":{"Mean":-35.60620429599934,"Sigma":0.017821631537994778,"Taucorr":0.3268159223837198},"EnergyVariance":{"Mean":0.19033986115052098,"Sigma":0.014264656693914989,"Taucorr":0.1776497261518991},"Iteration":204},
{"Acceptance":[0.3291341991341991],"Energy":{"Mean":-35.59386956428286,"Sigma":0.01560485371592824,"Taucorr":0.09452737907300912},"EnergyVariance":{"Mean":0.2029510034851186,"Sigma":0.012262366688792678,"Taucorr":0.016060866206455082},"Iteration":205},
{"Acceptance":[0.33051948051948055],"Energy":{"Mean":-35.5720650532804,"Sigma":0.015161410232383005,"Taucorr":0.09502463818858387},"EnergyVariance":{"Mean":0.19142026260411313,"Sigma":0.014337435600934421,"Taucorr":0.15253213015939604},"Iteration":206},
{"Acceptance":[0.33445887445887446],"Energy":{"Mean":-35.587364725814766,"Sigma":0.018173391993509563,"Taucorr":0.20897575890681652},"EnergyVariance":{"Mean":0.2308257531050535,"Sigma":0.01624165569887366,"Taucorr":-0.05262816182947927},"Iteration":207},
{"Acceptance":[0.3352813852813853],"Energy":{"Mean":-35.63415490710754,"Sigma":0.013341337364744563,"Taucorr":-0.08113361383296691},"EnergyVariance":{"Mean":0.21055564132576302,"Sigma":0.020546432740641864,"Taucorr":0.5341806821789641},"Iteration":208},
{"Acceptance":[0.3297402597402597],"Energy":{"Mean":-35.597932648955485,"Sigma":0.014496561511795803,"Taucorr":-0.0458654696187471},"EnergyVariance":{"Mean":0.22929212499178522,"Sigma":0.014528032130721997,"Taucorr":-0.07578469293840034},"Iteration":209},
{"Acceptance":[0.333030303030303],"Energy":{"Mean":-35.58194366792551,"Sigma":0.016579927718203526,"Taucorr":0.09230350697244438},"EnergyVariance":{"Mean":0.22996652384331,"Sigma":0.021935979998474516,"Taucorr":0.4503565099640692},"Iteration":210},
{"Acceptance":[0.32532467532467535],"Energy":{"Mean":-35.60320717568743,"Sigma":0.013200352308312586,"Taucorr":-0.08889925053139724},"EnergyVariance":{"Mean":0.210022795603795,"Sigma":0.0170358715927206,"Taucorr":0.047024524367327736},"Iteration":211},
{"Acceptance":[0.3317748917748918],"Energy":{"Mean":-35.6000171494175,"Sigma":0.015905324909176535,"Taucorr":0.0796763229587566},"EnergyVariance":{"Mean":0.2162435623943731,"Sigma":0.0155012986696049,"Taucorr":-0.055166156294901736},"Iteration":212},
{"Acceptance":[0.3414718614718615],"Energy":{"Mean":-35.572231316944325,"Sigma":0.013630355046058439,"Taucorr":-0.11193011106547868},"EnergyVariance":{"Mean":0.23721822373391874,"Sigma":0.021558062074857456,"Taucorr":0.25981035431983124},"Iteration":213},
{"Acceptance":[0.3323809523809524],"Energy":{"Mean":-35.582976738816235,"Sigma":0.01351661161543238,"Taucorr":-0.15009821315065158},"EnergyVariance":{"Mean":0.2587218860588138,"Sigma":0.02425613729228366,"Taucorr":0.23294496596583258},"Iteration":214},
{"Acceptance":[0.3311255411255411],"Energy":{"Mean":-35.56693401899773,"Sigma":0.018162672363846544,"Taucorr":0.20513532966020032},"EnergyVariance":{"Mean":0.23180920714159214,"Sigma":0.019686716472605368,"Taucorr":0.07051009462113011},"Iteration":215},
{"Acceptance":[0.3346753246753247],"Energy":{"Mean":-35.59251763798981,"Sigma":0.01567094635054621,"Taucorr":0.10837177987577984},"EnergyVariance":{"Mean":0.2000161418874473,"Sigma":0.01943074188094005,"Taucorr":0.34331483078859315},"Iteration":216},
{"Acceptance":[0.3336363636363636],"Energy":{"Mean":-35.5823567253747,"Sigma":0.013473946044652818,"Taucorr":-0.04197443549933072},"EnergyVariance":{"Mean":0.1964009336615494,"Sigma":0.013260150970816507,"Taucorr":-0.031559199376033686},"Iteration":217},
{"Acceptance":[0.3232900432900433],"Energy":{"Mean":-35.60026432181029,"Sigma":0.013586610321232323,"Taucorr":0.0421575339664495},"EnergyVariance":{"Mean":0.16870983500303902,"Sigma":0.00963521281953431,"Taucorr":-0.12856061984404793},"Iteration":218},
{"Acceptance":[0.3275324675324675],"Energy":{"Mean":-35.60377636051569,"Sigma":0.013799342463287146,"Taucorr":-0.033546698503333194},"EnergyVariance":{"Mean":0.20227968710152258,"Sigma":0.016640791016033468,"Taucorr":0.13251298486283314},"Iteration":219},
{"Acceptance":[0.3285281385281385],"Energy":{"Mean":-35.59194276744272,"Sigma":0.018550630464307497,"Taucorr":0.20595354593137294},"EnergyVariance":{"Mean":0.24153767593853295,"Sigma":0.022460029707723032,"Taucorr":0.11087955750515976},"Iteration":220},
{"Acceptance":[0.3378354978354978],"Energy":{"Mean":-35.588214678736335,"Sigma":0.019228804553737235,"Taucorr":0.2949220561204603},"EnergyVariance":{"Mean":0.23047492482158358,"Sigma":0.019960648854452766,"Taucorr":0.07124603338350599},"Iteration":221},
{"Acceptance":[0.3291341991341991],"Energy":{"Mean":-35.59346811190835,"Sigma":0.01618449825198811,"Taucorr":0.14665876200052785},"EnergyVariance":{"Mean":0.20070905790695834,"Sigma":0.012722923478140621,"Taucorr":0.06288550153430728},"Iteration":222},
{"Acceptance":[0.32277056277056276],"Energy":{"Mean":-35.608165762806,"Sigma":0.01819086971841476,"Taucorr":0.22025584107189922},"EnergyVariance":{"Mean":0.22764797780421775,"Sigma":0.033563586351814674,"Taucorr":0.28990124830579},"Iteration":223},
{"Acceptance":[0.3343722943722944],"Energy":{"Mean":-35.62190232810308,"Sigma":0.0177409465380049,"Taucorr":0.1891445920670738},"EnergyVariance":{"Mean":0.22630121240102438,"Sigma":0.026162482649350872,"Taucorr":0.25288642893061275},"Iteration":224},
{"Acceptance":[0.3308225108225108],"Energy":{"Mean":-35.61785642287484,"Sigma":0.010953833623960768,"Taucorr":-0.22852440595029322},"EnergyVariance":{"Mean":0.21900052054133806,"Sigma":0.01742019943635866,"Taucorr":0.16084486308104862},"Iteration":225},
{"Acceptance":[0.3303896103896104],"Energy":{"Mean":-35.62922247032926,"Sigma":0.016736810655548762,"Taucorr":0.18752068487698637},"EnergyVariance":{"Mean":0.2018846483813515,"Sigma":0.01639940284253897,"Taucorr":0.04655753092721637},"Iteration":226},
{"Acceptance":[0.3338961038961039],"Energy":{"Mean":-35.547663594747306,"Sigma":0.017996460800429822,"Taucorr":0.24522503965508335},"EnergyVariance":{"Mean":0.21534283662748746,"Sigma":0.01999098052692736,"Taucorr":0.015701225762110083},"Iteration":227},
{"Acceptance":[0.32987012987012987],"Energy":{"Mean":-35.58877834802948,"Sigma":0.01400072449082747,"Taucorr":-0.04161797367902026},"EnergyVariance":{"Mean":0.21189323810454622,"Sigma":0.0187721862813968,"Taucorr":0.007569575580983701},"Iteration":228},
{"Acceptance":[0.32766233766233765],"Energy":{"Mean":-35.58400644274918,"Sigma":0.013166806941482243,"Taucorr":-0.08511555155846162},"EnergyVariance":{"Mean":0.20705105052116288,"Sigma":0.014032457631391661,"Taucorr":0.06037514884412187},"Iteration":229},
{"Acceptance":[0.3336796536796537],"Energy":{"Mean":-35.59520675583848,"Sigma":0.014066275848795402,"Taucorr":-0.034531585156292455},"EnergyVariance":{"Mean":0.21062586520992238,"Sigma":0.015826680516392824,"Taucorr":0.025898659206384456},"Iteration":230},
{"Acceptance":[0.32926406926406926],"Energy":{"Mean":-35.61889242140981,"Sigma":0.019537258699575077,"Taucorr":0.3470291661244953},"EnergyVariance":{"Mean":0.22329168364316326,"Sigma":0.022525262563481706,"Taucorr":0.6248936581336102},"Iteration":231},
{"Acceptance":[0.3343722943722944],"Energy":{"Mean":-35.61134141270572,"Sigma":0.015189563027442555,"Taucorr":0.09662021856094227},"EnergyVariance":{"Mean":0.19161797775816328,"Sigma":0.012707865357833583,"Taucorr":-0.09093279253639153},"Iteration":232},
{"Acceptance":[0.32346320346320345],"Energy":{"Mean":-35.614747657605264,"Sigma":0.013418509793242646,"Taucorr":-0.09957314298030906},"EnergyVariance":{"Mean":0.22280710484063282,"Sigma":0.015189377629299297,"Taucorr":-0.12486528180156103},"Iteration":233},
{"Acceptance":[0.3329004329004329],"Energy":{"Mean":-35.606796404087035,"Sigma":0.015297771310292398,"Taucorr":-0.022581728981533544},"EnergyVariance":{"Mean":0.24288514377987502,"Sigma":0.02285602063118663,"Taucorr":0.0657732378589223},"Iteration":234},
{"Acceptance":[0.33536796536796537],"Energy":{"Mean":-35.57154906490264,"Sigma":0.016499780048332212,"Taucorr":0.13593455244226627},"EnergyVariance":{"Mean":0.21212289529866918,"Sigma":0.020147280816367803,"Taucorr":0.35634902154422476},"Iteration":235},
{"Acceptance":[0.3274025974025974],"Energy":{"Mean":-35.632775530526764,"Sigma":0.015923811127264174,"Taucorr":0.026451435953732116},"EnergyVariance":{"Mean":0.23865985901871145,"Sigma":0.02136194049982978,"Taucorr":0.0695249434197801},"Iteration":236},
{"Acceptance":[0.3254978354978355],"Energy":{"Mean":-35.58427878237217,"Sigma":0.019317894082844976,"Taucorr":0.27473166926876025},"EnergyVariance":{"Mean":0.23867773655065389,"Sigma":0.020666910156784752,"Taucorr":0.148551480626814},"Iteration":237},
{"Acceptance":[0.33225108225108224],"Energy":{"Mean":-35.59776835753,"Sigma":0.01598154882466585,"Taucorr":0.040439046272202184},"EnergyVariance":{"Mean":0.23417184181626774,"Sigma":0.01926126268106649,"Taucorr":0.03474232358737728},"Iteration":238},
{"Acceptance":[0.3293073593073593],"Energy":{"Mean":-35.59812898388953,"Sigma":0.013921840783759777,"Taucorr":-0.08616937899484772},"EnergyVariance":{"Mean":0.2320675201424642,"Sigma":0.016996319772295224,"Taucorr":0.13901054616186037},"Iteration":239},
{"Acceptance":[0.33034632034632033],"Energy":{"Mean":-35.61391515150219,"Sigma":0.014982786819000065,"Taucorr":0.03643420084976268},"EnergyVariance":{"Mean":0.20735399178850525,"Sigma":0.020119297302739578,"Taucorr":0.22159446618944056},"Iteration":240},
{"Acceptance":[0.33454545454545453],"Energy":{"Mean":-35.575624786459926,"Sigma":0.012160694948052391,"Taucorr":-0.18420929120172563},"EnergyVariance":{"Mean":0.23203906103329225,"Sigma":0.02510562251671671,"Taucorr":0.19676126729873866},"Iteration":241},
{"Acceptance":[0.32735930735930735],"Energy":{"Mean":-35.606864202329845,"Sigma":0.017667653317495525,"Taucorr":0.12474227591963472},"EnergyVariance":{"Mean":0.2475714161719057,"Sigma":0.03129182244633949,"Taucorr":0.28519522379805873},"Iteration":242},
{"Acceptance":[0.3275324675324675],"Energy":{"Mean":-35.60089589433619,"Sigma":0.016088524683035548,"Taucorr":0.0589891605807249},"EnergyVariance":{"Mean":0.2294418916569035,"Sigma":0.021437367598536965,"Taucorr":0.4484790771261028},"Iteration":243},
{"Acceptance":[0.3307359307359307],"Energy":{"Mean":-35.59235762181134,"Sigma":0.017656997371991993,"Taucorr":0.23759034102795906},"EnergyVariance":{"Mean":0.2094412121493519,"Sigma":0.015171174117649407,"Taucorr":0.021714177834865844},"Iteration":244},
{"Acceptance":[0.32961038961038963],"Energy":{"Mean":-35.621208573156515,"Sigma":0.019590811652258875,"Taucorr":0.29862662649390204},"EnergyVariance":{"Mean":0.2381248567641496,"Sigma":0.028727240034814656,"Taucorr":0.7841632841069885},"Iteration":245},
{"Acceptance":[0.32701298701298703],"Energy":{"Mean":-35.60758810252079,"Sigma":0.015505080801961262,"Taucorr":0.08853904469226392},"EnergyVariance":{"Mean":0.20240276753770095,"Sigma":0.013264315043074215,"Taucorr":-0.0771564906118633},"Iteration":246},
{"Acceptance":[0.3252813852813853],"Energy":{"Mean":-35.60150765681641,"Sigma":0.015134771325313809,"Taucorr":-0.02033715875682096},"EnergyVariance":{"Mean":0.23662428254162157,"Sigma":0.017780864440837287,"Taucorr":0.08342429313911393},"Iteration":247},
{"Acceptance":[0.3251948051948052],"Energy":{"Mean":-35.5688123725107,"Sigma":0.020347760395127566,"Taucorr":0.3182463007984514},"EnergyVariance":{"Mean":0.2507222278423558,"Sigma":0.01869997399488242,"Taucorr":-0.0008250003706524178},"Iteration":248},
{"Acceptance":[0.33216450216450216],"Energy":{"Mean":-35.61440494553663,"Sigma":0.016828514338454188,"Taucorr":0.2276663497177338},"EnergyVariance":{"Mean":0.19284257468758673,"Sigma":0.01712369135465304,"Taucorr":0.34748540357476465},"Iteration":249},
{"Acceptance":[0.3345887445887446],"Energy":{"Mean":-35.5965277355459,"Sigma":0.011743184376020583,"Taucorr":-0.2172401619647295},"EnergyVariance":{"Mean":0.24165606195217706,"Sigma":0.025188952077269105,"Taucorr":0.3358401101780394},"Iteration":250},
{"Acceptance":[0.3294805194805195],"Energy":{"Mean":-35.61249639937493,"Sigma":0.011946036567435918,"Taucorr":-0.13283402228418484},"EnergyVariance":{"Mean":0.19258785964231737,"Sigma":0.014171700983337226,"Taucorr":0.015300615929845218},"Iteration":251},
{"Acceptance":[0.3332900432900433],"Energy":{"Mean":-35.60750149393689,"Sigma":0.01730676327427362,"Taucorr":0.15944655735223268},"EnergyVariance":{"Mean":0.2250586762696866,"Sigma":0.016866678248193226,"Taucorr":0.038931883474394025},"Iteration":252},
{"Acceptance":[0.3320779220779221],"Energy":{"Mean":-35.58880247077216,"Sigma":0.017888501519813457,"Taucorr":0.20397352587162976},"EnergyVariance":{"Mean":0.2252346775769884,"Sigma":0.020347701696272685,"Taucorr":0.07403970891361433},"Iteration":253},
{"Acceptance":[0.33896103896103896],"Energy":{"Mean":-35.64053769878582,"Sigma":0.019584886119181764,"Taucorr":0.18046244992089477},"EnergyVariance":{"Mean":0.2793068555560321,"Sigma":0.028617369219356897,"Taucorr":0.32979075023688553},"Iteration":254},
{"Acceptance":[0.3291774891774892],"Energy":{"Mean":-35.615068148394634,"Sigma":0.012823153552164094,"Taucorr":-0.11048980617892612},"EnergyVariance":{"Mean":0.2091772823975002,"Sigma":0.014907350092243962,"Taucorr":0.045593211703554015},"Iteration":255},
{"Acceptance":[0.3264069264069264],"Energy":{"Mean":-35.62505069761564,"Sigma":0.01574316235311944,"Taucorr":0.11010794128733403},"EnergyVariance":{"Mean":0.20128941110863385,"Sigma":0.013422690630653924,"Taucorr":-0.047587312891020694},"Iteration":256},
{"Acceptance":[0.3306926406926407],"Energy":{"Mean":-35.59088145037314,"Sigma":0.016521241507568826,"Taucorr":0.15341026484257447},"EnergyVariance":{"Mean":0.20698699784589122,"Sigma":0.016270160185109576,"Taucorr":0.0233245477390015},"Iteration":257},
{"Acceptance":[0.3275324675324675],"Energy":{"Mean":-35.58707049045144,"Sigma":0.014158793174862985,"Taucorr":0.024007480785074753},"EnergyVariance":{"Mean":0.1895652148452552,"Sigma":0.012281421076817983,"Taucorr":-0.02979138235986345},"Iteration":258},
{"Acceptance":[0.3313419913419913],"Energy":{"Mean":-35.56868805445983,"Sigma":0.015670412117441246,"Taucorr":0.05122157621195145},"EnergyVariance":{"Mean":0.2207386013982536,"Sigma":0.028029273757108272,"Taucorr":0.7545433465164022},"Iteration":259},
{"Acceptance":[0.3334199134199134],"Energy":{"Mean":-35.61544634918414,"Sigma":0.016635239946619158,"Taucorr":0.1194320357314359},"EnergyVariance":{"Mean":0.22136458189888358,"Sigma":0.015925001971719286,"Taucorr":-0.03485758081689866},"Iteration":260},
{"Acceptance":[0.321038961038961],"Energy":{"Mean":-35.60103621133559,"Sigma":0.017666818279641353,"Taucorr":0.18678779775083865},"EnergyVariance":{"Mean":0.22518412595984325,"Sigma":0.014348493811011566,"Taucorr":-0.04724700453851782},"Iteration":261},
{"Acceptance":[0.3346753246753247],"Energy":{"Mean":-35.607661947961915,"Sigma":0.013357632201567118,"Taucorr":-0.06094288148648613},"EnergyVariance":{"Mean":0.2013638926852344,"Sigma":0.014134309084206112,"Taucorr":0.012417928371202924},"Iteration":262},
{"Acceptance":[0.3338961038961039],"Energy":{"Mean":-35.613150348951024,"Sigma":0.017371072443471868,"Taucorr":0.19794088762049866},"EnergyVariance":{"Mean":0.21422900973418918,"Sigma":0.016056965343254594,"Taucorr":0.13700232599687023},"Iteration":263},
{"Acceptance":[0.3261038961038961],"Energy":{"Mean":-35.59883465179716,"Sigma":0.01779071448496531,"Taucorr":0.2509502938869731},"EnergyVariance":{"Mean":0.20884267490268899,"Sigma":0.013136782047666247,"Taucorr":-0.10376887012658165},"Iteration":264},
{"Acceptance":[0.32571428571428573],"Energy":{"Mean":-35.62160231148021,"Sigma":0.015991825625733987,"Taucorr":0.09464709131157334},"EnergyVariance":{"Mean":0.2130985286612146,"Sigma":0.017464842633728453,"Taucorr":0.1468373293456725},"Iteration":265},
{"Acceptance":[0.3291774891774892],"Energy":{"Mean":-35.605548361121535,"Sigma":0.013825117101495999,"Taucorr":-0.07700061257523277},"EnergyVariance":{"Mean":0.22389353712476143,"Sigma":0.018580156426714498,"Taucorr":0.23156661225825548},"Iteration":266},
{"Acceptance":[0.33246753246753247],"Energy":{"Mean":-35.583496376633995,"Sigma":0.016022882080169457,"Taucorr":0.04305793905934363},"EnergyVariance":{"Mean":0.23424954972977086,"Sigma":0.017168909077280366,"Taucorr":0.045293386419505643},"Iteration":267},
{"Acceptance":[0.333982683982684],"Energy":{"Mean":-35.608254990707835,"Sigma":0.015544039713471432,"Taucorr":0.032397133845283865},"EnergyVariance":{"Mean":0.22487218737362835,"Sigma":0.02611406456954256,"Taucorr":-0.02350804984887106},"Iteration":268},
{"Acceptance":[0.3325974025974026],"Energy":{"Mean":-35.60387324698865,"Sigma":0.012122247634441998,"Taucorr":-0.19810268752155058},"EnergyVariance":{"Mean":0.24118523369059502,"Sigma":0.023376305625677222,"Taucorr":0.47891260566483607},"Iteration":269},
{"Acceptance":[0.3258874458874459],"Energy":{"Mean":-35.61483377094567,"Sigma":0.01633160297031961,"Taucorr":0.059623652886587886},"EnergyVariance":{"Mean":0.2361593929389565,"Sigma":0.018040348804595173,"Taucorr":0.0440345946672106},"Iteration":270},
{"Acceptance":[0.3252380952380952],"Energy":{"Mean":-35.60518781675288,"Sigma":0.012766873753743862,"Taucorr":-0.10733181076631182},"EnergyVariance":{"Mean":0.20567763353873944,"Sigma":0.01541267931050767,"Taucorr":-0.038921404519087655},"Iteration":271},
{"Acceptance":[0.32735930735930735],"Energy":{"Mean":-35.60853723420823,"Sigma":0.019648830885590107,"Taucorr":0.31892484614608807},"EnergyVariance":{"Mean":0.23360010871240097,"Sigma":0.025219558363360768,"Taucorr":0.08872740316693573},"Iteration":272},
{"Acceptance":[0.3389177489177489],"Energy":{"Mean":-35.55174566324644,"Sigma":0.014863276338036616,"Taucorr":-0.007402293366102042},"EnergyVariance":{"Mean":0.2222185849639574,"Sigma":0.016367238814871777,"Taucorr":0.1149625474730368},"Iteration":273},
{"Acceptance":[0.3281818181818182],"Energy":{"Mean":-35.58189380737632,"Sigma":0.01182438617341736,"Taucorr":-0.12317694711184879},"EnergyVariance":{"Mean":0.18384990294614345,"Sigma":0.014817428458017425,"Taucorr":0.023288926570547153},"Iteration":274},
{"Acceptance":[0.3306926406926407],"Energy":{"Mean":-35.57978559821818,"Sigma":0.020373585644189618,"Taucorr":0.4288088052270128},"EnergyVariance":{"Mean":0.22143806279517741,"Sigma":0.015298460175214251,"Taucorr":-0.02542008786460559},"Iteration":275},
{"Acceptance":[0.331991341991342],"Energy":{"Mean":-35.581125976989085,"Sigma":0.01823324107067923,"Taucorr":0.2557973354461336},"EnergyVariance":{"Mean":0.21795460553428564,"Sigma":0.02036261280777022,"Taucorr":0.38660376743164604},"Iteration":276},
{"Acceptance":[0.32675324675324674],"Energy":{"Mean":-35.56666269414363,"Sigma":0.018381213526336097,"Taucorr":0.1993946233167354},"EnergyVariance":{"Mean":0.23937000546030832,"Sigma":0.023084317089247,"Taucorr":0.29062388901428104},"Iteration":277},
{"Acceptance":[0.3271428571428571],"Energy":{"Mean":-35.59332353932816,"Sigma":0.016291001644288094,"Taucorr":0.09913897827743257},"EnergyVariance":{"Mean":0.21948844383252494,"Sigma":0.01945516157526456,"Taucorr":0.15291893517538158},"Iteration":278},
{"Acceptance":[0.33216450216450216],"Energy":{"Mean":-35.601480813243455,"Sigma":0.021080891957931384,"Taucorr":0.4250542989210928},"EnergyVariance":{"Mean":0.23804244259173699,"Sigma":0.01943843809248348,"Taucorr":-0.0412445877043876},"Iteration":279},
{"Acceptance":[0.3313852813852814],"Energy":{"Mean":-35.59956143308059,"Sigma":0.012950791143496737,"Taucorr":-0.13146583731548128},"EnergyVariance":{"Mean":0.22550620966933926,"Sigma":0.02086961155980385,"Taucorr":0.25633154761233523},"Iteration":280},
{"Acceptance":[0.334978354978355],"Energy":{"Mean":-35.58266208854987,"Sigma":0.011551451699802501,"Taucorr":-0.15707955265521756},"EnergyVariance":{"Mean":0.19280727216678178,"Sigma":0.012759115000094962,"Taucorr":-0.008424119767267813},"Iteration":281},
{"Acceptance":[0.3336796536796537],"Energy":{"Mean":-35.59245508480042,"Sigma":0.013162140896385963,"Taucorr":-0.024678794296166373},"EnergyVariance":{"Mean":0.18059658746480323,"Sigma":0.012499762865228591,"Taucorr":0.04347759761034342},"Iteration":282},
{"Acceptance":[0.33186147186147186],"Energy":{"Mean":-35.58687746970028,"Sigma":0.015176209148498725,"Taucorr":0.05610041434992341},"EnergyVariance":{"Mean":0.20521875394458447,"Sigma":0.016856788700448384,"Taucorr":0.21937920959196522},"Iteration":283},
{"Acceptance":[0.32636363636363636],"Energy":{"Mean":-35.59960688898521,"Sigma":0.015195010302474925,"Taucorr":0.09089792190842949},"EnergyVariance":{"Mean":0.19361241135398546,"Sigma":0.016833592030170628,"Taucorr":0.24031321023769303},"Iteration":284},
{"Acceptance":[0.3358008658008658],"Energy":{"Mean":-35.573124207986154,"Sigma":0.018058100797530154,"Taucorr":0.22678374136400248},"EnergyVariance":{"Mean":0.22232208219707203,"Sigma":0.015911096116153208,"Taucorr":0.04131069753137839},"Iteration":285},
{"Acceptance":[0.3298268398268398],"Energy":{"Mean":-35.557999482988215,"Sigma":0.017307459091563344,"Taucorr":0.13368604761106262},"EnergyVariance":{"Mean":0.2342265606631208,"Sigma":0.017372690866086463,"Taucorr":-0.03991114880850566},"Iteration":286},
{"Acceptance":[0.33714285714285713],"Energy":{"Mean":-35.59326322001231,"Sigma":0.015600045590016667,"Taucorr":-0.010547065619648854},"EnergyVariance":{"Mean":0.24636809044186883,"Sigma":0.031482555018793476,"Taucorr":0.35478190935553366},"Iteration":287},
{"Acceptance":[0.32896103896103895],"Energy":{"Mean":-35.57761357784898,"Sigma":0.0207395841564554,"Taucorr":0.4430053326160912},"EnergyVariance":{"Mean":0.2260110113276518,"Sigma":0.021942327832677275,"Taucorr":0.2668253782782325},"Iteration":288},
{"Acceptance":[0.3325974025974026],"Energy":{"Mean":-35.595241202638405,"Sigma":0.014569921632528737,"Taucorr":-0.0052274612587019376},"EnergyVariance":{"Mean":0.21259473430540263,"Sigma":0.02447922606101241,"Taucorr":0.5074531436696799},"Iteration":289},
{"Acceptance":[0.33415584415584415],"Energy":{"Mean":-35.594551411707016,"Sigma":0.01265130974596274,"Taucorr":-0.06693412119795838},"EnergyVariance":{"Mean":0.18313049504438764,"Sigma":0.011919744060699804,"Taucorr":0.1115367210732422},"Iteration":290},
{"Acceptance":[0.3354978354978355],"Energy":{"Mean":-35.58896321359578,"Sigma":0.013182165672795157,"Taucorr":-0.11543607380415755},"EnergyVariance":{"Mean":0.22389719194683358,"Sigma":0.018249319081633394,"Taucorr":0.14281999452195393},"Iteration":291},
{"Acceptance":[0.3245454545454545],"Energy":{"Mean":-35.60543579812489,"Sigma":0.014661082275520702,"Taucorr":0.03864434020290397},"EnergyVariance":{"Mean":0.19773047964074392,"Sigma":0.016520566299690106,"Taucorr":0.09057585534205981},"Iteration":292},
{"Acceptance":[0.3374025974025974],"Energy":{"Mean":-35.59936383731768,"Sigma":0.013328446386313132,"Taucorr":-0.09612175087357433},"EnergyVariance":{"Mean":0.21794768114643284,"Sigma":0.014970199063516593,"Taucorr":-0.05274444810920603},"Iteration":293},
{"Acceptance":[0.33064935064935064],"Energy":{"Mean":-35.609679407032175,"Sigma":0.015193496758690927,"Taucorr":-0.005052151911189795},"EnergyVariance":{"Mean":0.23109986592112702,"Sigma":0.01614015072680636,"Taucorr":-0.05734681101685141},"Iteration":294},
{"Acceptance":[0.332034632034632],"Energy":{"Mean":-35.629038330293746,"Sigma":0.01657354089861038,"Taucorr":0.12339597777949562},"EnergyVariance":{"Mean":0.21832841989633384,"Sigma":0.014489604322553458,"Taucorr":0.004137834692380382},"Iteration":295},
{"Acceptance":[0.33545454545454545],"Energy":{"Mean":-35.602050845201305,"Sigma":0.01535928961440094,"Taucorr":-0.052310051530424395},"EnergyVariance":{"Mean":0.26110102344391045,"Sigma":0.025135132044204055,"Taucorr":0.21612476128844949},"Iteration":296},
{"Acceptance":[0.3323809523809524],"Energy":{"Mean":-35.602164924902134,"Sigma":0.017545520981407492,"Taucorr":0.11987704769519358},"EnergyVariance":{"Mean":0.24607678239156558,"Sigma":0.02723494053562375,"Taucorr":0.18257501770776496},"Iteration":297},
{"Acceptance":[0.3304329004329004],"Energy":{"Mean":-35.59918386273821,"Sigma":0.014469010478806145,"Taucorr":-0.06280936984226348},"EnergyVariance":{"Mean":0.23727417692235056,"Sigma":0.020592689709128215,"Taucorr":0.20817241797094577},"Iteration":298},
{"Acceptance":[0.3312987012987013],"Energy":{"Mean":-35.58207051597832,"Sigma":0.018740338915922708,"Taucorr":0.25618425663761457},"EnergyVariance":{"Mean":0.23012876617337982,"Sigma":0.0206903891260128,"Taucorr":0.3152324652693861},"Iteration":299} 
]}