{"Output": [
{"Acceptance":[0.9227272727272727],"Energy":{"Mean":8.575692501100155,"Sigma":0.2628379505188613,"Taucorr":0.11740667736450938},"EnergyVariance":{"Mean":5.5351294424995165,"Sigma":0.7270555125303244,"Taucorr":0.08093571348003192},"Iteration":0},
{"Acceptance":[0.9190909090909091],"Energy":{"Mean":8.717615637876271,"Sigma":0.22942962848275505,"Taucorr":-0.0693237456619833},"EnergyVariance":{"Mean":5.994051519993355,"Sigma":0.7333239115338663,"Taucorr":-0.17408376460495928},"Iteration":1},
{"Acceptance":[0.9118181818181819],"Energy":{"Mean":8.687585343889642,"Sigma":0.2073361267361242,"Taucorr":-0.05496992545851659},"EnergyVariance":{"Mean":4.92502400555435,"Sigma":0.6594566939829252,"Taucorr":-0.07294280853658025},"Iteration":2},
{"Acceptance":[0.88],"Energy":{"Mean":8.525996029644915,"Sigma":0.2931330296094241,"Taucorr":0.048544844105960494},"EnergyVariance":{"Mean":7.788117650689231,"Sigma":0.9487811722081494,"Taucorr":0.018111466906442053},"Iteration":3},
{"Acceptance":[0.8822727272727273],"Energy":{"Mean":8.731934360131705,"Sigma":0.29939831158723385,"Taucorr":0.22456299158288895},"EnergyVariance":{"Mean":6.297631397061243,"Sigma":0.8950453026383713,"Taucorr":0.09681930416122164},"Iteration":4},
{"Acceptance":[0.8740909090909091],"Energy":{"Mean":8.15035791946386,"Sigma":0.301220657299752,"Taucorr":0.25117858102375845},"EnergyVariance":{"Mean":6.256018108004054,"Sigma":1.0681718910649012,"Taucorr":0.11996717991457995},"Iteration":5},
{"Acceptance":[0.8809090909090909],"Energy":{"Mean":8.315969297525795,"Sigma":0.30487701000632605,"Taucorr":0.09357990812479389},"EnergyVariance":{"Mean":8.046598585459902,"Sigma":1.13117868433542,"Taucorr":0.12124254812505508},"Iteration":6},
{"Acceptance":[0.845],"Energy":{"Mean":8.102260672429002,"Sigma":0.30747623294592513,"Taucorr":0.1797800891725867},"EnergyVariance":{"Mean":7.311077282355764,"Sigma":0.9559458196937918,"Taucorr":0.1165711411052005},"Iteration":7},
{"Acceptance":[0.8372727272727273],"Energy":{"Mean":7.979261411386389,"Sigma":0.24187582533111746,"Taucorr":0.0174890125768542},"EnergyVariance":{"Mean":6.173151540876448,"Sigma":0.8657584957420538,"Taucorr":-0.0409432553704297},"Iteration":8},
{"Acceptance":[0.8186363636363636],"Energy":{"Mean":8.261682485938932,"Sigma":0.27253261025821257,"Taucorr":0.17746307181343712},"EnergyVariance":{"Mean":5.988507278988756,"Sigma":0.8928912117453326,"Taucorr":-0.07276522552234477},"Iteration":9},
{"Acceptance":[0.8177272727272727],"Energy":{"Mean":8.36835796051313,"Sigma":0.29446459616338205,"Taucorr":0.09102922397058844},"EnergyVariance":{"Mean":8.02226630602459,"Sigma":0.7878329816845091,"Taucorr":-0.06597098489931696},"Iteration":10},
{"Acceptance":[0.8127272727272727],"Energy":{"Mean":7.897319147701168,"Sigma":0.27704876791847094,"Taucorr":0.15949587168237112},"EnergyVariance":{"Mean":6.774012532889204,"Sigma":0.7988411023115795,"Taucorr":-0.014566517169170456},"Iteration":11},
{"Acceptance":[0.7959090909090909],"Energy":{"Mean":8.205173450008116,"Sigma":0.21857639550340546,"Taucorr":-0.11571284031612278},"EnergyVariance":{"Mean":7.139872361771733,"Sigma":0.7272950659004999,"Taucorr":-0.06696310958769935},"Iteration":12},
{"Acceptance":[0.7613636363636364],"Energy":{"Mean":7.777707449988509,"Sigma":0.3510548039650544,"Taucorr":0.31911882451981355},"EnergyVariance":{"Mean":8.195331945701662,"Sigma":0.8851758446228463,"Taucorr":-0.13263152446289062},"Iteration":13},
{"Acceptance":[0.7768181818181819],"Energy":{"Mean":7.7575134992277,"Sigma":0.2390910834542575,"Taucorr":-0.03180027147446557},"EnergyVariance":{"Mean":6.988507808711285,"Sigma":0.943369565361207,"Taucorr":0.09125118723581027},"Iteration":14},
{"Acceptance":[0.77],"Energy":{"Mean":7.731369141869198,"Sigma":0.36412270645707673,"Taucorr":0.42560395589322675},"EnergyVariance":{"Mean":8.437747322054028,"Sigma":0.8990962800375093,"Taucorr":0.002948081572870853},"Iteration":15},
{"Acceptance":[0.7813636363636364],"Energy":{"Mean":7.484521289974319,"Sigma":0.35915639771707775,"Taucorr":0.3039104659347791},"EnergyVariance":{"Mean":9.060331152983967,"Sigma":0.7557896027884892,"Taucorr":-0.18632272549843215},"Iteration":16},
{"Acceptance":[0.7518181818181818],"Energy":{"Mean":7.16008723382637,"Sigma":0.2147310500386338,"Taucorr":-0.21576553254005598},"EnergyVariance":{"Mean":9.51451171173644,"Sigma":1.4412974415833515,"Taucorr":0.21521840357395572},"Iteration":17},
{"Acceptance":[0.7604545454545455],"Energy":{"Mean":7.7150321064931475,"Sigma":0.28731011598362444,"Taucorr":-0.009565409370230926},"EnergyVariance":{"Mean":10.782745999488213,"Sigma":1.1616552894742755,"Taucorr":0.010207849599504937},"Iteration":18},
{"Acceptance":[0.7163636363636363],"Energy":{"Mean":6.885614627458493,"Sigma":0.31934000550539743,"Taucorr":0.17416914391112615},"EnergyVariance":{"Mean":9.082815731340325,"Sigma":1.1112816962522942,"Taucorr":-0.023955185581047866},"Iteration":19},
{"Acceptance":[0.7277272727272728],"Energy":{"Mean":6.8465871634750375,"Sigma":0.32502109714632743,"Taucorr":0.08240447341931967},"EnergyVariance":{"Mean":10.227135996209146,"Sigma":1.0465056923764706,"Taucorr":-0.16510893455303577},"Iteration":20},
{"Acceptance":[0.7286363636363636],"Energy":{"Mean":6.858769521929407,"Sigma":0.34188926764151606,"Taucorr":0.21063745595819872},"EnergyVariance":{"Mean":10.461335366167901,"Sigma":0.720353576827181,"Taucorr":-0.2464496533065279},"Iteration":21},
{"Acceptance":[0.6995454545454546],"Energy":{"Mean":6.715887441352405,"Sigma":0.30213514675577685,"Taucorr":-0.0242900668235555},"EnergyVariance":{"Mean":11.797435128077927,"Sigma":1.5162650502771549,"Taucorr":0.03902956118778722},"Iteration":22},
{"Acceptance":[0.7086363636363636],"Energy":{"Mean":6.938236198990133,"Sigma":0.2459507857832408,"Taucorr":-0.07399586094048594},"EnergyVariance":{"Mean":9.668346885091388,"Sigma":0.860450981130792,"Taucorr":-0.16131356145368325},"Iteration":23},
{"Acceptance":[0.6918181818181818],"Energy":{"Mean":6.30940529860539,"Sigma":0.3581978710669184,"Taucorr":0.2536303973079609},"EnergyVariance":{"Mean":11.551715965613115,"Sigma":1.636915518159785,"Taucorr":0.1363980917266574},"Iteration":24},
{"Acceptance":[0.6663636363636364],"Energy":{"Mean":5.992571595706223,"Sigma":0.3638874396024159,"Taucorr":0.16328787012018042},"EnergyVariance":{"Mean":11.562391486591864,"Sigma":1.4021239020065794,"Taucorr":-0.07559536397322197},"Iteration":25},
{"Acceptance":[0.6536363636363637],"Energy":{"Mean":5.9160271568548035,"Sigma":0.33771950816647367,"Taucorr":0.2642776241528576},"EnergyVariance":{"Mean":9.362578987254858,"Sigma":0.9648092995919574,"Taucorr":-0.04478361117732027},"Iteration":26},
{"Acceptance":[0.6659090909090909],"Energy":{"Mean":6.139734288674127,"Sigma":0.27818074060471615,"Taucorr":-0.026287574593906737},"EnergyVariance":{"Mean":10.619432509031826,"Sigma":0.9440670275837545,"Taucorr":-0.11270044205103374},"Iteration":27},
{"Acceptance":[0.6522727272727272],"Energy":{"Mean":5.874475909006949,"Sigma":0.3478650235391344,"Taucorr":0.2389975836890551},"EnergyVariance":{"Mean":10.945476876661356,"Sigma":1.4881624992668796,"Taucorr":0.11790308322763343},"Iteration":28},
{"Acceptance":[0.6309090909090909],"Energy":{"Mean":5.636030259358403,"Sigma":0.2687577228680974,"Taucorr":-0.10001321006425973},"EnergyVariance":{"Mean":11.452013376899977,"Sigma":1.5357126064382949,"Taucorr":0.10395551918685386},"Iteration":29},
{"Acceptance":[0.6436363636363637],"Energy":{"Mean":5.847485954707313,"Sigma":0.32901316550456283,"Taucorr":0.11540790476773599},"EnergyVariance":{"Mean":12.941228507311866,"Sigma":1.2125122319903585,"Taucorr":0.04226318763794856},"Iteration":30},
{"Acceptance":[0.6427272727272727],"Energy":{"Mean":4.784202036299683,"Sigma":0.31705814446723346,"Taucorr":0.1939459361323258},"EnergyVariance":{"Mean":11.133272374642047,"Sigma":1.0271484276184208,"Taucorr":0.012224866758069441},"Iteration":31},
{"Acceptance":[0.6172727272727273],"Energy":{"Mean":5.040943645422989,"Sigma":0.40119874291114155,"Taucorr":0.3256245612078744},"EnergyVariance":{"Mean":14.264056185459095,"Sigma":1.435223187934714,"Taucorr":0.07462550659813216},"Iteration":32},
{"Acceptance":[0.5681818181818182],"Energy":{"Mean":5.057989485358386,"Sigma":0.4120270757610929,"Taucorr":0.4154645464735107},"EnergyVariance":{"Mean":12.826235523851905,"Sigma":1.6660270684930119,"Taucorr":-0.035098038243534135},"Iteration":33},
{"Acceptance":[0.5877272727272728],"Energy":{"Mean":4.594041220411824,"Sigma":0.321942677336221,"Taucorr":0.06328628600658914},"EnergyVariance":{"Mean":12.070637562206262,"Sigma":1.7162125089041678,"Taucorr":0.290636781465611},"Iteration":34},
{"Acceptance":[0.5786363636363636],"Energy":{"Mean":4.628295511158823,"Sigma":0.44016872310600313,"Taucorr":0.42778819751639907},"EnergyVariance":{"Mean":14.569250429965916,"Sigma":2.251311614278095,"Taucorr":0.41974002836324686},"Iteration":35},
{"Acceptance":[0.5645454545454546],"Energy":{"Mean":4.412483648167157,"Sigma":0.5191728841839306,"Taucorr":0.7164930817710038},"EnergyVariance":{"Mean":16.582820383954633,"Sigma":2.6822972013917945,"Taucorr":0.3479330565256924},"Iteration":36},
{"Acceptance":[0.5427272727272727],"Energy":{"Mean":4.811583187603572,"Sigma":0.38363637203405526,"Taucorr":0.24709780175768936},"EnergyVariance":{"Mean":12.672389255608467,"Sigma":1.6778584758950665,"Taucorr":0.15990026146508596},"Iteration":37},
{"Acceptance":[0.555],"Energy":{"Mean":4.503528548749442,"Sigma":0.3967159197798116,"Taucorr":0.2271817794849178},"EnergyVariance":{"Mean":16.474743000913673,"Sigma":2.1414757509885063,"Taucorr":-0.06618868747992213},"Iteration":38},
{"Acceptance":[0.53],"Energy":{"Mean":3.84549387110151,"Sigma":0.3521070436680224,"Taucorr":0.0850732865764049},"EnergyVariance":{"Mean":15.970822221610202,"Sigma":2.215849313962249,"Taucorr":-0.033810430998601426},"Iteration":39},
{"Acceptance":[0.495],"Energy":{"Mean":3.6482883084864497,"Sigma":0.41345296532286846,"Taucorr":0.26979126736645864},"EnergyVariance":{"Mean":14.617528613033153,"Sigma":1.5542054973623085,"Taucorr":-0.05295747992441796},"Iteration":40},
{"Acceptance":[0.5318181818181819],"Energy":{"Mean":4.209426331131166,"Sigma":0.3869794072946656,"Taucorr":0.41939302071877915},"EnergyVariance":{"Mean":11.976095066966842,"Sigma":1.4634206831093266,"Taucorr":0.03166789945168513},"Iteration":41},
{"Acceptance":[0.5345454545454545],"Energy":{"Mean":3.8828227376635494,"Sigma":0.3088532241121954,"Taucorr":0.0034979261512807502},"EnergyVariance":{"Mean":13.482959525899783,"Sigma":1.4522053227708605,"Taucorr":-0.055499227446204114},"Iteration":42},
{"Acceptance":[0.5081818181818182],"Energy":{"Mean":4.072592228793418,"Sigma":0.3369492621769589,"Taucorr":0.05411093608952844},"EnergyVariance":{"Mean":15.838697316069656,"Sigma":1.8649514230024518,"Taucorr":-0.11403904160597506},"Iteration":43},
{"Acceptance":[0.5095454545454545],"Energy":{"Mean":3.462384171573583,"Sigma":0.3764982992370277,"Taucorr":0.2009544279539096},"EnergyVariance":{"Mean":15.915602692770834,"Sigma":1.952753840616169,"Taucorr":-0.12004168373056728},"Iteration":44},
{"Acceptance":[0.4618181818181818],"Energy":{"Mean":2.232538244452974,"Sigma":0.3913469925672163,"Taucorr":0.28550156399495896},"EnergyVariance":{"Mean":13.527881160912438,"Sigma":1.8195696591330484,"Taucorr":0.15061366060878445},"Iteration":45},
{"Acceptance":[0.4631818181818182],"Energy":{"Mean":3.2969002893168513,"Sigma":0.3866031473324225,"Taucorr":0.2785934932228562},"EnergyVariance":{"Mean":13.191085188495377,"Sigma":1.2866838893943406,"Taucorr":-0.1310064612406383},"Iteration":46},
{"Acceptance":[0.47863636363636364],"Energy":{"Mean":2.923839324566651,"Sigma":0.4362534620197646,"Taucorr":0.44278023654395504},"EnergyVariance":{"Mean":15.457616642306013,"Sigma":1.7789941161205314,"Taucorr":0.029452051561719927},"Iteration":47},
{"Acceptance":[0.4659090909090909],"Energy":{"Mean":2.78198427834933,"Sigma":0.4469910192651641,"Taucorr":0.3670678531210442},"EnergyVariance":{"Mean":17.19334390038766,"Sigma":2.069157982419686,"Taucorr":0.18608797669783517},"Iteration":48},
{"Acceptance":[0.40954545454545455],"Energy":{"Mean":1.8169481981327145,"Sigma":0.4706889476381868,"Taucorr":0.577434499985015},"EnergyVariance":{"Mean":16.760931246262267,"Sigma":2.3094681761531075,"Taucorr":0.09197707870993943},"Iteration":49},
{"Acceptance":[0.3781818181818182],"Energy":{"Mean":1.4552564243871673,"Sigma":0.3621036997535689,"Taucorr":0.2147828088093947},"EnergyVariance":{"Mean":12.11915564799385,"Sigma":1.5482200311880214,"Taucorr":0.12794294177100451},"Iteration":50},
{"Acceptance":[0.4486363636363636],"Energy":{"Mean":2.655655429223245,"Sigma":0.3762341717139586,"Taucorr":0.22451297048118957},"EnergyVariance":{"Mean":19.93312856718717,"Sigma":3.7991503211087436,"Taucorr":0.10434673097423919},"Iteration":51},
{"Acceptance":[0.40863636363636363],"Energy":{"Mean":0.9476820985646768,"Sigma":0.44230449234435837,"Taucorr":0.4748037395485256},"EnergyVariance":{"Mean":15.558094605966383,"Sigma":1.67039980438484,"Taucorr":-0.14053404619288928},"Iteration":52},
{"Acceptance":[0.4172727272727273],"Energy":{"Mean":1.8781370047416768,"Sigma":0.4425850469409885,"Taucorr":0.31336826508871796},"EnergyVariance":{"Mean":18.063541747293318,"Sigma":1.8958281868903937,"Taucorr":-0.1104689615739291},"Iteration":53},
{"Acceptance":[0.3981818181818182],"Energy":{"Mean":0.6900660342883,"Sigma":0.5445421499248047,"Taucorr":0.6169176137725223},"EnergyVariance":{"Mean":20.026761787132617,"Sigma":3.806137185329475,"Taucorr":0.36360660116501853},"Iteration":54},
{"Acceptance":[0.3940909090909091],"Energy":{"Mean":1.3136780196433708,"Sigma":0.4106725290355419,"Taucorr":0.39746279049059563},"EnergyVariance":{"Mean":15.913688280044155,"Sigma":2.0083566643909605,"Taucorr":0.010363124240069688},"Iteration":55},
{"Acceptance":[0.365],"Energy":{"Mean":0.44031515041350866,"Sigma":0.37064262087179756,"Taucorr":0.3005973077163755},"EnergyVariance":{"Mean":12.991141587665373,"Sigma":1.3863209334912143,"Taucorr":0.05429062062706469},"Iteration":56},
{"Acceptance":[0.3659090909090909],"Energy":{"Mean":0.7732711507561089,"Sigma":0.4969539988259198,"Taucorr":0.5693709632747033},"EnergyVariance":{"Mean":15.800607177070214,"Sigma":1.9523169793987984,"Taucorr":-0.02758097248893826},"Iteration":57},
{"Acceptance":[0.3690909090909091],"Energy":{"Mean":0.763357042893991,"Sigma":0.4190774670566656,"Taucorr":0.40272193419177993},"EnergyVariance":{"Mean":16.16251705142473,"Sigma":2.7627075914184447,"Taucorr":0.41410475643411593},"Iteration":58},
{"Acceptance":[0.335],"Energy":{"Mean":-0.2576870254851961,"Sigma":0.42274280456431385,"Taucorr":0.5951176815554375},"EnergyVariance":{"Mean":13.752714524310989,"Sigma":2.34458280678639,"Taucorr":0.6312444865277678},"Iteration":59},
{"Acceptance":[0.3518181818181818],"Energy":{"Mean":0.6116213688021672,"Sigma":0.41703052264385043,"Taucorr":0.31347977219186296},"EnergyVariance":{"Mean":15.769511146361129,"Sigma":1.7863343650659507,"Taucorr":0.029842580988503342},"Iteration":60},
{"Acceptance":[0.34545454545454546],"Energy":{"Mean":0.1752108445501416,"Sigma":0.5096692783642958,"Taucorr":0.7018119535814054},"EnergyVariance":{"Mean":16.927120622263065,"Sigma":2.0553048494921815,"Taucorr":0.10747890268318161},"Iteration":61},
{"Acceptance":[0.30363636363636365],"Energy":{"Mean":-0.9492190131050317,"Sigma":0.4313589147744554,"Taucorr":0.523014494384441},"EnergyVariance":{"Mean":11.509135221396296,"Sigma":1.5145686014187978,"Taucorr":0.15934893690476615},"Iteration":62},
{"Acceptance":[0.30363636363636365],"Energy":{"Mean":-0.6438031196055002,"Sigma":0.41081676131976524,"Taucorr":0.5986864425270786},"EnergyVariance":{"Mean":11.590775582761164,"Sigma":1.179209375268646,"Taucorr":-0.008894364990640058},"Iteration":63},
{"Acceptance":[0.2822727272727273],"Energy":{"Mean":-0.4433721185279395,"Sigma":0.3861776320583983,"Taucorr":0.5037229424697174},"EnergyVariance":{"Mean":13.236265203732133,"Sigma":2.184578452204111,"Taucorr":0.3000959920662568},"Iteration":64},
{"Acceptance":[0.29454545454545455],"Energy":{"Mean":-1.750564104341956,"Sigma":0.40143442822443953,"Taucorr":0.45758631847636577},"EnergyVariance":{"Mean":11.074847888011055,"Sigma":1.3405843094501895,"Taucorr":-0.13125683563994067},"Iteration":65},
{"Acceptance":[0.30863636363636365],"Energy":{"Mean":-0.6547404500197818,"Sigma":0.5896836485544428,"Taucorr":0.8662449528459915},"EnergyVariance":{"Mean":17.23888642095694,"Sigma":2.4171409622674056,"Taucorr":0.26481761502914336},"Iteration":66},
{"Acceptance":[0.2772727272727273],"Energy":{"Mean":-1.7297766674668889,"Sigma":0.43703940181690154,"Taucorr":0.6163671519158267},"EnergyVariance":{"Mean":14.173739220946942,"Sigma":2.409245326022784,"Taucorr":0.12299164724899514},"Iteration":67},
{"Acceptance":[0.22863636363636364],"Energy":{"Mean":-1.4540361058324993,"Sigma":0.4361286241614578,"Taucorr":0.5023438391290977},"EnergyVariance":{"Mean":15.464617848262126,"Sigma":3.4777740220496285,"Taucorr":0.2770665656498935},"Iteration":68},
{"Acceptance":[0.27636363636363637],"Energy":{"Mean":-0.4599518138050107,"Sigma":0.46079637509487215,"Taucorr":0.6976797506126673},"EnergyVariance":{"Mean":15.817247020526766,"Sigma":2.4889226518781973,"Taucorr":0.027447980188761822},"Iteration":69},
{"Acceptance":[0.20863636363636365],"Energy":{"Mean":-2.732577335955984,"Sigma":0.41077315723495844,"Taucorr":0.5125896532114267},"EnergyVariance":{"Mean":13.190904684510922,"Sigma":2.436612325645265,"Taucorr":0.04662152651002205},"Iteration":70},
{"Acceptance":[0.2018181818181818],"Energy":{"Mean":-3.255789078042513,"Sigma":0.47171665368980226,"Taucorr":0.9297508071408231},"EnergyVariance":{"Mean":9.598149241239234,"Sigma":3.409867528296774,"Taucorr":0.8822958539405865},"Iteration":71},
{"Acceptance":[0.19590909090909092],"Energy":{"Mean":-2.080407950545743,"Sigma":0.5461593226228867,"Taucorr":0.7919465592647732},"EnergyVariance":{"Mean":18.323666536312096,"Sigma":4.779327107988577,"Taucorr":0.6865829640155048},"Iteration":72},
{"Acceptance":[0.18181818181818182],"Energy":{"Mean":-3.208164159773901,"Sigma":0.4898549461778087,"Taucorr":0.9087244425711776},"EnergyVariance":{"Mean":12.591609713423857,"Sigma":3.8408444753660573,"Taucorr":0.23140012509789454},"Iteration":73},
{"Acceptance":[0.21681818181818183],"Energy":{"Mean":-3.1567503890054587,"Sigma":0.42725594117851495,"Taucorr":0.6883666228358218},"EnergyVariance":{"Mean":12.122839786163846,"Sigma":3.285735239539847,"Taucorr":0.30501244084269286},"Iteration":74},
{"Acceptance":[0.21454545454545454],"Energy":{"Mean":-3.413716510886656,"Sigma":0.459418140166167,"Taucorr":0.9908097204094493},"EnergyVariance":{"Mean":12.133319414167175,"Sigma":3.946040697692561,"Taucorr":0.4276239818059212},"Iteration":75},
{"Acceptance":[0.14],"Energy":{"Mean":-4.269539061546714,"Sigma":0.41795578654021664,"Taucorr":0.8676183381137428},"EnergyVariance":{"Mean":8.469619263053373,"Sigma":2.896654770780634,"Taucorr":0.47574378694057995},"Iteration":76},
{"Acceptance":[0.14954545454545454],"Energy":{"Mean":-4.0197697014145914,"Sigma":0.46295006930668275,"Taucorr":0.9593830425739389},"EnergyVariance":{"Mean":9.502161644815674,"Sigma":3.6564791372467975,"Taucorr":0.4961051644608512},"Iteration":77},
{"Acceptance":[0.15181818181818182],"Energy":{"Mean":-3.860660931047336,"Sigma":0.4096011790485819,"Taucorr":0.6413293606596202},"EnergyVariance":{"Mean":16.807999295406873,"Sigma":5.923585257978834,"Taucorr":0.25672641421098763},"Iteration":78},
{"Acceptance":[0.1368181818181818],"Energy":{"Mean":-3.77476172206049,"Sigma":0.5066069605725214,"Taucorr":0.7936708484281929},"EnergyVariance":{"Mean":16.524314963786743,"Sigma":4.414388513620298,"Taucorr":0.13364491934400013},"Iteration":79},
{"Acceptance":[0.095],"Energy":{"Mean":-4.760582609127596,"Sigma":0.38021682246864386,"Taucorr":0.7092659547777556},"EnergyVariance":{"Mean":8.342548369358191,"Sigma":3.4383235876838767,"Taucorr":0.2318106237205686},"Iteration":80},
{"Acceptance":[0.10454545454545454],"Energy":{"Mean":-3.8656300091007547,"Sigma":0.45685550273617787,"Taucorr":0.46596247982647954},"EnergyVariance":{"Mean":14.574026026039999,"Sigma":7.59748383796051,"Taucorr":0.09910630255398811},"Iteration":81},
{"Acceptance":[0.07863636363636364],"Energy":{"Mean":-5.150567476061995,"Sigma":0.3115399027819179,"Taucorr":0.2528401425008795},"EnergyVariance":{"Mean":32.744997199987594,"Sigma":21.55610076580896,"Taucorr":0.3527574303471661},"Iteration":82},
{"Acceptance":[0.05409090909090909],"Energy":{"Mean":-5.301462236698672,"Sigma":0.25477604567853124,"Taucorr":0.9773972540247429},"EnergyVariance":{"Mean":4.715501258517148,"Sigma":3.235259813374898,"Taucorr":0.023811304107736353},"Iteration":83},
{"Acceptance":[0.06363636363636363],"Energy":{"Mean":-4.823141458408975,"Sigma":0.6886900432373563,"Taucorr":0.820222976189555},"EnergyVariance":{"Mean":22.770180303589036,"Sigma":18.2471993672562,"Taucorr":0.9928342570377922},"Iteration":84},
{"Acceptance":[0.05545454545454546],"Energy":{"Mean":-5.620606501501266,"Sigma":0.28332542660359983,"Taucorr":0.5079577574730121},"EnergyVariance":{"Mean":5.083207980631104,"Sigma":2.1049753428427445,"Taucorr":0.20648787599085938},"Iteration":85},
{"Acceptance":[0.04818181818181818],"Energy":{"Mean":-5.290943659988305,"Sigma":0.21740138741907206,"Taucorr":0.7204196609716145},"EnergyVariance":{"Mean":2.2124092805408266,"Sigma":0.8295244767191368,"Taucorr":0.030857280940023157},"Iteration":86},
{"Acceptance":[0.024545454545454544],"Energy":{"Mean":-5.995398196863489,"Sigma":0.01277126716633074,"Taucorr":0.6126782895497818},"EnergyVariance":{"Mean":0.022181663228992305,"Sigma":0.0047507645283695055,"Taucorr":0.5895470217833951},"Iteration":87},
{"Acceptance":[0.02772727272727273],"Energy":{"Mean":-6.0152105130904046,"Sigma":0.009734972633277127,"Taucorr":0.4916613709277411},"EnergyVariance":{"Mean":0.014511175500378342,"Sigma":0.0025893536056092025,"Taucorr":0.44637411384980996},"Iteration":88},
{"Acceptance":[0.01681818181818182],"Energy":{"Mean":-6.009928549260991,"Sigma":0.020786744785327604,"Taucorr":0.017097129259367017},"EnergyVariance":{"Mean":0.04703144464862171,"Sigma":0.03973332121004184,"Taucorr":-0.0017359371822504022},"Iteration":89},
{"Acceptance":[0.022272727272727274],"Energy":{"Mean":-5.99226585465164,"Sigma":0.019561502129565436,"Taucorr":0.030357437669706888},"EnergyVariance":{"Mean":0.039236266093234176,"Sigma":0.03079750888596766,"Taucorr":-0.0035178797350669533},"Iteration":90},
{"Acceptance":[0.01681818181818182],"Energy":{"Mean":-6.097378082820985,"Sigma":0.09743422776742115,"Taucorr":-0.07591710510408772},"EnergyVariance":{"Mean":2.7164396402458197,"Sigma":1.1732685405903451,"Taucorr":0.2436001969055881},"Iteration":91},
{"Acceptance":[0.011818181818181818],"Energy":{"Mean":-5.9789125422602725,"Sigma":0.03825753148801708,"Taucorr":0.5514124220489776},"EnergyVariance":{"Mean":0.07083360226466169,"Sigma":0.0626603945846862,"Taucorr":0.5127202842538021},"Iteration":92},
{"Acceptance":[0.019545454545454546],"Energy":{"Mean":-6.002258327279698,"Sigma":0.010843906181856402,"Taucorr":1.0216055638917318},"EnergyVariance":{"Mean":0.006368828264296506,"Sigma":0.0016783795901849426,"Taucorr":0.8030898174272876},"Iteration":93},
{"Acceptance":[0.005454545454545455],"Energy":{"Mean":-6.012570518654295,"Sigma":0.00455368139911876,"Taucorr":0.3352911318983286},"EnergyVariance":{"Mean":0.0027059420418619716,"Sigma":0.0012500683430030004,"Taucorr":1.2919472454796745},"Iteration":94},
{"Acceptance":[0.035454545454545454],"Energy":{"Mean":-6.237798610778134,"Sigma":0.2173141992167225,"Taucorr":0.2633900376801924},"EnergyVariance":{"Mean":3.8571300625027987,"Sigma":2.532203342921456,"Taucorr":0.6131785772629468},"Iteration":95},
{"Acceptance":[0.024545454545454544],"Energy":{"Mean":-5.972130303832197,"Sigma":0.11910555998887255,"Taucorr":0.6072090219934707},"EnergyVariance":{"Mean":1.1324531754531837,"Sigma":0.9454417379848139,"Taucorr":1.1818442541990677},"Iteration":96},
{"Acceptance":[0.0036363636363636364],"Energy":{"Mean":-5.994999752271914,"Sigma":0.009113392622101093,"Taucorr":0.8760753313182983},"EnergyVariance":{"Mean":0.0035646833268762365,"Sigma":0.0011939832755964424,"Taucorr":0.8760753313182981},"Iteration":97},
{"Acceptance":[0.004545454545454545],"Energy":{"Mean":-5.953201553726223,"Sigma":0.0435159546096362,"Taucorr":0.6450575603111568},"EnergyVariance":{"Mean":0.08014378105015472,"Sigma":0.07441256715566893,"Taucorr":0.513994741140865},"Iteration":98},
{"Acceptance":[0.008636363636363636],"Energy":{"Mean":-6.020209624210077,"Sigma":0.009961323867457239,"Taucorr":1.2563019752880176},"EnergyVariance":{"Mean":0.004851135017995814,"Sigma":0.0019395345888952062,"Taucorr":1.122421845646837},"Iteration":99} 
]}
{"input": {"L": 10, "J": 1, "machine": {"type": "FFNN", "model": ["relu", 8, 2]}, "sampler": {"type": "MetropolisHop", "d_max": 5}, "optimizer": {"type": "AdaMax", "alpha": 0.001, "beta1": 0.9, "beta2": 0.999, "epscut": 1e-07}, "VMC": {"n_samples": 100, "discarded_samples": 100, "discarded_samples_on_init": 0, "target": "energy", "method": "Gd", "diag_shift": 0.01, "use_iterative": true, "use_cholesky": true}, "n_iter": 100}}
duration: -0.3853468894958496