{"Output": [
{"Acceptance":[0.8722727272727273],"Energy":{"Mean":8.564885829557802,"Sigma":0.27048498461786386,"Taucorr":0.2589898504643018},"EnergyVariance":{"Mean":4.746168387628638,"Sigma":0.5965314113236937,"Taucorr":0.022044450226557655},"Iteration":0},
{"Acceptance":[0.8],"Energy":{"Mean":7.696346358560325,"Sigma":0.24000429949151553,"Taucorr":-0.03153082578744537},"EnergyVariance":{"Mean":6.220153272431979,"Sigma":0.7703299894846065,"Taucorr":-0.055221385514885146},"Iteration":1},
{"Acceptance":[0.7713636363636364],"Energy":{"Mean":8.248217968524612,"Sigma":0.29719345176041667,"Taucorr":0.10695479927935525},"EnergyVariance":{"Mean":7.526369122820236,"Sigma":1.2035225380652894,"Taucorr":0.22273556801828243},"Iteration":2},
{"Acceptance":[0.7077272727272728],"Energy":{"Mean":7.146852354778463,"Sigma":0.29626500161243563,"Taucorr":0.0036589762227373646},"EnergyVariance":{"Mean":9.153848404741003,"Sigma":0.9533891493359217,"Taucorr":-0.21890823373242924},"Iteration":3},
{"Acceptance":[0.6772727272727272],"Energy":{"Mean":7.571432978982367,"Sigma":0.3186993617312852,"Taucorr":0.13125788091038082},"EnergyVariance":{"Mean":9.082945694397969,"Sigma":0.9764141690543612,"Taucorr":-0.06721307928607978},"Iteration":4},
{"Acceptance":[0.6668181818181819],"Energy":{"Mean":6.923860239979113,"Sigma":0.3327756659660576,"Taucorr":0.13287757587052584},"EnergyVariance":{"Mean":10.071752825625971,"Sigma":1.4708609726420845,"Taucorr":0.10745239332601841},"Iteration":5},
{"Acceptance":[0.6054545454545455],"Energy":{"Mean":6.840003274100396,"Sigma":0.3233270367242843,"Taucorr":0.23407410700166298},"EnergyVariance":{"Mean":8.87661709581796,"Sigma":1.1141608975473298,"Taucorr":0.0862658790677705},"Iteration":6},
{"Acceptance":[0.5995454545454545],"Energy":{"Mean":5.801202583566353,"Sigma":0.4072266525757793,"Taucorr":0.4512706633511957},"EnergyVariance":{"Mean":10.077586889156079,"Sigma":1.7868259662820198,"Taucorr":0.2449206349679257},"Iteration":7},
{"Acceptance":[0.53],"Energy":{"Mean":5.533296633584513,"Sigma":0.5139263213778542,"Taucorr":0.5443857222227866},"EnergyVariance":{"Mean":14.704239178110361,"Sigma":1.7135254626166574,"Taucorr":-0.0491674517627293},"Iteration":8},
{"Acceptance":[0.5063636363636363],"Energy":{"Mean":4.65034957729946,"Sigma":0.4365724774568764,"Taucorr":0.26024728772688666},"EnergyVariance":{"Mean":15.223259618558727,"Sigma":1.958908843997724,"Taucorr":0.04164951872463585},"Iteration":9},
{"Acceptance":[0.4868181818181818],"Energy":{"Mean":4.59986950091928,"Sigma":0.39366589733524504,"Taucorr":0.3803853491500493},"EnergyVariance":{"Mean":11.485326578333913,"Sigma":1.2079894848124808,"Taucorr":-0.044448271058344424},"Iteration":10},
{"Acceptance":[0.4859090909090909],"Energy":{"Mean":4.21755841065988,"Sigma":0.45056709418700186,"Taucorr":0.3964825496525961},"EnergyVariance":{"Mean":14.895321528163517,"Sigma":2.142812029771742,"Taucorr":0.23710529885762555},"Iteration":11},
{"Acceptance":[0.44045454545454543],"Energy":{"Mean":2.044492572566819,"Sigma":0.40663078586563384,"Taucorr":0.45862277028739684},"EnergyVariance":{"Mean":11.22930465777155,"Sigma":1.2323401540826133,"Taucorr":0.0781189665477442},"Iteration":12},
{"Acceptance":[0.4209090909090909],"Energy":{"Mean":2.4863033290227845,"Sigma":0.3376459664468458,"Taucorr":0.25120071040027403},"EnergyVariance":{"Mean":11.607251275638589,"Sigma":1.295279401996534,"Taucorr":-0.11170042125791757},"Iteration":13},
{"Acceptance":[0.4263636363636364],"Energy":{"Mean":2.151802823273449,"Sigma":0.477439687318797,"Taucorr":0.5436354928388569},"EnergyVariance":{"Mean":17.0634082944308,"Sigma":3.1313808341584664,"Taucorr":0.14754442239699184},"Iteration":14},
{"Acceptance":[0.395],"Energy":{"Mean":1.8833837929942645,"Sigma":0.43713185962035717,"Taucorr":0.4641390401599287},"EnergyVariance":{"Mean":15.43079634928901,"Sigma":2.2025777751989772,"Taucorr":0.1066970157513224},"Iteration":15},
{"Acceptance":[0.3463636363636364],"Energy":{"Mean":1.2690792898836054,"Sigma":0.6254982498955675,"Taucorr":0.7578398507349005},"EnergyVariance":{"Mean":21.45331397033014,"Sigma":4.55797651187562,"Taucorr":0.47539625791347406},"Iteration":16},
{"Acceptance":[0.33636363636363636],"Energy":{"Mean":1.403628560827191,"Sigma":0.38787012160765294,"Taucorr":0.33477167543831987},"EnergyVariance":{"Mean":16.115013984152576,"Sigma":2.35779414442097,"Taucorr":0.1142769219706331},"Iteration":17},
{"Acceptance":[0.3090909090909091],"Energy":{"Mean":0.7341607988073506,"Sigma":0.4294562238178816,"Taucorr":0.37295265182646276},"EnergyVariance":{"Mean":16.74895610388497,"Sigma":2.514944231043407,"Taucorr":0.11154284155091887},"Iteration":18},
{"Acceptance":[0.2959090909090909],"Energy":{"Mean":0.834945945803675,"Sigma":0.39439771623033204,"Taucorr":0.3142208735245703},"EnergyVariance":{"Mean":20.41531473964991,"Sigma":4.916529797030763,"Taucorr":0.2687647309162321},"Iteration":19},
{"Acceptance":[0.26954545454545453],"Energy":{"Mean":0.1137662723314208,"Sigma":0.38304962283783767,"Taucorr":0.33729300757256664},"EnergyVariance":{"Mean":14.885280311759177,"Sigma":2.237529592388934,"Taucorr":0.10466410704487761},"Iteration":20},
{"Acceptance":[0.2736363636363636],"Energy":{"Mean":-0.47345698988545093,"Sigma":0.40234494961600387,"Taucorr":0.5175511066003877},"EnergyVariance":{"Mean":13.468811105936686,"Sigma":1.9287438312662473,"Taucorr":0.021835942646526774},"Iteration":21},
{"Acceptance":[0.2681818181818182],"Energy":{"Mean":-0.49325344703781876,"Sigma":0.39997841457022293,"Taucorr":0.5690111831825608},"EnergyVariance":{"Mean":15.539397839501152,"Sigma":3.0210866932031015,"Taucorr":0.56222241563416},"Iteration":22},
{"Acceptance":[0.2672727272727273],"Energy":{"Mean":-1.1654044419146015,"Sigma":0.30789266675940036,"Taucorr":0.32287547057086596},"EnergyVariance":{"Mean":11.598136756980514,"Sigma":2.206259585547435,"Taucorr":0.3207741451863111},"Iteration":23},
{"Acceptance":[0.2309090909090909],"Energy":{"Mean":-1.5933711710646703,"Sigma":0.4785244522072301,"Taucorr":0.6313288145486475},"EnergyVariance":{"Mean":16.708312369041167,"Sigma":4.339880207344265,"Taucorr":0.6122239281351798},"Iteration":24},
{"Acceptance":[0.22636363636363635],"Energy":{"Mean":-2.0421533634177016,"Sigma":0.3594863096309115,"Taucorr":0.5101452580930046},"EnergyVariance":{"Mean":10.641297375627556,"Sigma":1.2993579494912975,"Taucorr":-0.007058344806836703},"Iteration":25},
{"Acceptance":[0.22090909090909092],"Energy":{"Mean":-2.097167291733802,"Sigma":0.29940399921976363,"Taucorr":0.19298240871050099},"EnergyVariance":{"Mean":12.056722674905563,"Sigma":2.235249050337842,"Taucorr":-0.08629752131126545},"Iteration":26},
{"Acceptance":[0.21227272727272728],"Energy":{"Mean":-1.750212878582833,"Sigma":0.3785794620562317,"Taucorr":0.380611189247656},"EnergyVariance":{"Mean":16.66811627882224,"Sigma":4.31513310023819,"Taucorr":0.3794228059377124},"Iteration":27},
{"Acceptance":[0.19045454545454546],"Energy":{"Mean":-2.8435135159544602,"Sigma":0.2518806175726537,"Taucorr":0.2997908185661886},"EnergyVariance":{"Mean":12.442622003802404,"Sigma":3.0255561501240305,"Taucorr":0.23246377645438343},"Iteration":28},
{"Acceptance":[0.18727272727272729],"Energy":{"Mean":-2.9429678114761333,"Sigma":0.3397545318818321,"Taucorr":0.6128007926151613},"EnergyVariance":{"Mean":7.900186219818274,"Sigma":1.8788017648403421,"Taucorr":0.6129539439408325},"Iteration":29},
{"Acceptance":[0.16045454545454546],"Energy":{"Mean":-3.1742448355545365,"Sigma":0.42131444349296343,"Taucorr":0.9049720540749702},"EnergyVariance":{"Mean":12.667605822623088,"Sigma":2.9759833601650176,"Taucorr":0.4416120441156759},"Iteration":30},
{"Acceptance":[0.16863636363636364],"Energy":{"Mean":-2.9515623257910786,"Sigma":0.35239167204686445,"Taucorr":0.6493492495167346},"EnergyVariance":{"Mean":15.243352548823912,"Sigma":4.354601302919369,"Taucorr":0.544103600570073},"Iteration":31},
{"Acceptance":[0.1668181818181818],"Energy":{"Mean":-3.701500259545068,"Sigma":0.2706964526408491,"Taucorr":0.5633284242169159},"EnergyVariance":{"Mean":5.877268114676146,"Sigma":1.3865938076747255,"Taucorr":0.12935805934281697},"Iteration":32},
{"Acceptance":[0.1668181818181818],"Energy":{"Mean":-3.3219856380843504,"Sigma":0.34231166547738423,"Taucorr":0.542758106806301},"EnergyVariance":{"Mean":15.566540897187632,"Sigma":5.602728132910247,"Taucorr":0.4186958303524072},"Iteration":33},
{"Acceptance":[0.1409090909090909],"Energy":{"Mean":-4.818402900979136,"Sigma":0.19925879269948504,"Taucorr":0.6660443594315169},"EnergyVariance":{"Mean":5.281402743450296,"Sigma":1.8143743060504613,"Taucorr":0.09453069066339659},"Iteration":34},
{"Acceptance":[0.15409090909090908],"Energy":{"Mean":-4.292110917723107,"Sigma":0.25916450561074095,"Taucorr":0.17454657587766098},"EnergyVariance":{"Mean":12.225246105988916,"Sigma":5.818978138827363,"Taucorr":0.4299527243420066},"Iteration":35},
{"Acceptance":[0.13227272727272726],"Energy":{"Mean":-4.528226213756254,"Sigma":0.24572996217091042,"Taucorr":0.3386311156486662},"EnergyVariance":{"Mean":7.509192354465476,"Sigma":2.83587963554631,"Taucorr":0.017356645094415257},"Iteration":36},
{"Acceptance":[0.1368181818181818],"Energy":{"Mean":-4.141507101074918,"Sigma":0.39473490292521696,"Taucorr":0.7725321077403657},"EnergyVariance":{"Mean":17.33559250043389,"Sigma":7.96351518938833,"Taucorr":0.5195880063245879},"Iteration":37},
{"Acceptance":[0.10590909090909091],"Energy":{"Mean":-4.9789773682740925,"Sigma":0.16706336297425145,"Taucorr":0.44930895552368655},"EnergyVariance":{"Mean":2.820404202051962,"Sigma":0.6856970882192461,"Taucorr":0.060179950242748026},"Iteration":38},
{"Acceptance":[0.09545454545454546],"Energy":{"Mean":-4.836142685213229,"Sigma":0.26701835209225455,"Taucorr":0.8184304360400838},"EnergyVariance":{"Mean":7.5311559497644325,"Sigma":3.1430702676405766,"Taucorr":0.5413675951694805},"Iteration":39},
{"Acceptance":[0.10272727272727272],"Energy":{"Mean":-4.921039186198161,"Sigma":0.24508940220233022,"Taucorr":0.6976227140416327},"EnergyVariance":{"Mean":7.091885810182734,"Sigma":2.2563517789386327,"Taucorr":0.5316447969700189},"Iteration":40},
{"Acceptance":[0.12545454545454546],"Energy":{"Mean":-4.587172266754294,"Sigma":0.2908322943070892,"Taucorr":0.5054649390982962},"EnergyVariance":{"Mean":19.41278347289273,"Sigma":7.286696241986291,"Taucorr":0.457297261580211},"Iteration":41},
{"Acceptance":[0.09090909090909091],"Energy":{"Mean":-5.046815578715504,"Sigma":0.2836773806167285,"Taucorr":0.6929319946474461},"EnergyVariance":{"Mean":10.483873930459048,"Sigma":7.603659512264933,"Taucorr":0.6846357136517456},"Iteration":42},
{"Acceptance":[0.1009090909090909],"Energy":{"Mean":-4.898602493857975,"Sigma":0.21052203509724046,"Taucorr":0.7144777559547837},"EnergyVariance":{"Mean":9.385614164996284,"Sigma":5.922676510413101,"Taucorr":1.4665652529932582},"Iteration":43},
{"Acceptance":[0.09136363636363637],"Energy":{"Mean":-5.089940687589569,"Sigma":0.22085095969950866,"Taucorr":0.5677120224584231},"EnergyVariance":{"Mean":4.218875368420771,"Sigma":1.2421421154571235,"Taucorr":-0.0075350550600342125},"Iteration":44},
{"Acceptance":[0.10590909090909091],"Energy":{"Mean":-5.0055542469756285,"Sigma":0.27027339982257276,"Taucorr":0.5027630093229891},"EnergyVariance":{"Mean":24.596217937542253,"Sigma":14.926093122786522,"Taucorr":0.43234131768181816},"Iteration":45},
{"Acceptance":[0.10909090909090909],"Energy":{"Mean":-4.928707571209558,"Sigma":0.2554639020288531,"Taucorr":0.09029789784216657},"EnergyVariance":{"Mean":17.095573356183213,"Sigma":5.802086981224564,"Taucorr":-0.022610513497670348},"Iteration":46},
{"Acceptance":[0.09954545454545455],"Energy":{"Mean":-5.578395826807576,"Sigma":0.20151950128916052,"Taucorr":0.5051700711296903},"EnergyVariance":{"Mean":9.555037062420556,"Sigma":5.060906430478143,"Taucorr":0.34950331630781395},"Iteration":47},
{"Acceptance":[0.09272727272727273],"Energy":{"Mean":-5.805278301872264,"Sigma":0.28877606942959044,"Taucorr":0.67069335930407},"EnergyVariance":{"Mean":5.828837959065019,"Sigma":4.962730233077738,"Taucorr":0.4569558175559736},"Iteration":48},
{"Acceptance":[0.09181818181818181],"Energy":{"Mean":-5.596436845045876,"Sigma":0.1522928962472797,"Taucorr":0.27066952984938786},"EnergyVariance":{"Mean":3.9242727754560955,"Sigma":1.5174704172883031,"Taucorr":0.12704753299527183},"Iteration":49},
{"Acceptance":[0.11181818181818182],"Energy":{"Mean":-5.575039296873162,"Sigma":0.18721792912092794,"Taucorr":-0.02326498716408748},"EnergyVariance":{"Mean":6.528259237244513,"Sigma":4.991324342588833,"Taucorr":0.4532569176756829},"Iteration":50},
{"Acceptance":[0.09772727272727273],"Energy":{"Mean":-5.591389184703349,"Sigma":0.21059640053506815,"Taucorr":0.019956824752922042},"EnergyVariance":{"Mean":6.195666604973471,"Sigma":3.9883266867507143,"Taucorr":-0.0024641422819833836},"Iteration":51},
{"Acceptance":[0.08409090909090909],"Energy":{"Mean":-5.62422407809063,"Sigma":0.29322740766496613,"Taucorr":0.2532074344451043},"EnergyVariance":{"Mean":11.505110963056428,"Sigma":4.851517975721618,"Taucorr":-0.010393647762446723},"Iteration":52},
{"Acceptance":[0.08181818181818182],"Energy":{"Mean":-6.248022250704876,"Sigma":0.06021664535648057,"Taucorr":-0.2918172065614407},"EnergyVariance":{"Mean":13.239885175441604,"Sigma":12.505246456656726,"Taucorr":0.008775403498532897},"Iteration":53},
{"Acceptance":[0.09272727272727273],"Energy":{"Mean":-6.005430868327265,"Sigma":0.15411209466853715,"Taucorr":0.5349469345253977},"EnergyVariance":{"Mean":6.087176882340944,"Sigma":4.9749313147537775,"Taucorr":0.0858835339579016},"Iteration":54},
{"Acceptance":[0.08045454545454546],"Energy":{"Mean":-6.193205261470098,"Sigma":0.15897252322560007,"Taucorr":0.49050976305582605},"EnergyVariance":{"Mean":2.9853718397403033,"Sigma":1.3634623971934214,"Taucorr":0.7178870061132694},"Iteration":55},
{"Acceptance":[0.07727272727272727],"Energy":{"Mean":-6.097565449156942,"Sigma":0.10478408371058248,"Taucorr":0.036621451080234735},"EnergyVariance":{"Mean":1.0216309823454879,"Sigma":0.3255049770304707,"Taucorr":0.01742320149359089},"Iteration":56},
{"Acceptance":[0.06636363636363636],"Energy":{"Mean":-6.134752977882803,"Sigma":0.15030113308882895,"Taucorr":0.2636991320651644},"EnergyVariance":{"Mean":6.3459048211071,"Sigma":2.4779337463190183,"Taucorr":0.43450191957315376},"Iteration":57},
{"Acceptance":[0.060454545454545455],"Energy":{"Mean":-6.084509578633062,"Sigma":0.11144373334183061,"Taucorr":0.26833583033289554},"EnergyVariance":{"Mean":2.330793236969818,"Sigma":1.8642945245968585,"Taucorr":0.24397940703529886},"Iteration":58},
{"Acceptance":[0.05181818181818182],"Energy":{"Mean":-6.235771233610319,"Sigma":0.0692172141398837,"Taucorr":-0.05493987063893985},"EnergyVariance":{"Mean":0.5757964081844374,"Sigma":0.2995749186484269,"Taucorr":0.05110317888577898},"Iteration":59},
{"Acceptance":[0.060909090909090906],"Energy":{"Mean":-6.4409250664116735,"Sigma":0.129488599751075,"Taucorr":0.24423151342453753},"EnergyVariance":{"Mean":1.2528116387622137,"Sigma":0.4894957339692552,"Taucorr":0.3975156478178836},"Iteration":60},
{"Acceptance":[0.08272727272727273],"Energy":{"Mean":-6.973988462484254,"Sigma":0.40427470127108545,"Taucorr":0.4664457284491411},"EnergyVariance":{"Mean":41.15931940739337,"Sigma":26.538978468468475,"Taucorr":0.19038724431159226},"Iteration":61},
{"Acceptance":[0.060454545454545455],"Energy":{"Mean":-6.382508246362657,"Sigma":0.1797135287956231,"Taucorr":0.2940235230454613},"EnergyVariance":{"Mean":10.676502071017755,"Sigma":8.264670432052734,"Taucorr":-0.007665336074346607},"Iteration":62},
{"Acceptance":[0.060454545454545455],"Energy":{"Mean":-6.410565186425609,"Sigma":0.07547747051959111,"Taucorr":0.1489385312987298},"EnergyVariance":{"Mean":1.3303462166630282,"Sigma":0.7132734281270818,"Taucorr":0.33180759059829346},"Iteration":63},
{"Acceptance":[0.04772727272727273],"Energy":{"Mean":-6.575900348612397,"Sigma":0.15931185557260555,"Taucorr":0.5152620970411761},"EnergyVariance":{"Mean":1.568883532279938,"Sigma":0.7331597638759532,"Taucorr":0.4126471274487773},"Iteration":64},
{"Acceptance":[0.03909090909090909],"Energy":{"Mean":-6.232459684089546,"Sigma":0.08617028277254687,"Taucorr":0.08190759137436798},"EnergyVariance":{"Mean":0.824270398650444,"Sigma":0.4113687929882259,"Taucorr":-0.035155543382034304},"Iteration":65},
{"Acceptance":[0.04772727272727273],"Energy":{"Mean":-6.185867185270578,"Sigma":0.06699458395583377,"Taucorr":-0.05516321991788253},"EnergyVariance":{"Mean":0.6342687513055614,"Sigma":0.3810039552757333,"Taucorr":0.2044759900321611},"Iteration":66},
{"Acceptance":[0.056818181818181816],"Energy":{"Mean":-5.9295335289481175,"Sigma":0.16422624526493082,"Taucorr":0.5773830386017222},"EnergyVariance":{"Mean":1.2434890612673954,"Sigma":0.49383679962029364,"Taucorr":0.5298747149195517},"Iteration":67},
{"Acceptance":[0.07181818181818182],"Energy":{"Mean":-6.309328518093869,"Sigma":0.198812833358359,"Taucorr":0.03431327582668964},"EnergyVariance":{"Mean":6.738955890463947,"Sigma":3.1991698307881316,"Taucorr":0.13374231806002912},"Iteration":68},
{"Acceptance":[0.05272727272727273],"Energy":{"Mean":-6.279912755109072,"Sigma":0.06579538086719401,"Taucorr":-0.12877046686073235},"EnergyVariance":{"Mean":1.7800705777516503,"Sigma":1.0626698718719938,"Taucorr":0.2998731016900593},"Iteration":69},
{"Acceptance":[0.06],"Energy":{"Mean":-6.182611735963097,"Sigma":0.19659094785462156,"Taucorr":0.38367954130141724},"EnergyVariance":{"Mean":2.709159453163616,"Sigma":1.287987562450645,"Taucorr":0.14561135537452008},"Iteration":70},
{"Acceptance":[0.056363636363636366],"Energy":{"Mean":-6.155280053889777,"Sigma":0.06807564191061298,"Taucorr":0.7843867720688511},"EnergyVariance":{"Mean":0.17610392299071911,"Sigma":0.11799436985790213,"Taucorr":0.7523405029172869},"Iteration":71},
{"Acceptance":[0.046363636363636364],"Energy":{"Mean":-6.851272191902005,"Sigma":0.5496996957190882,"Taucorr":0.48736845559269704},"EnergyVariance":{"Mean":27.474556544153447,"Sigma":21.85482582136699,"Taucorr":0.24329057882048954},"Iteration":72},
{"Acceptance":[0.06181818181818182],"Energy":{"Mean":-6.491839596779088,"Sigma":0.18767223270474453,"Taucorr":-0.09485180426947304},"EnergyVariance":{"Mean":15.325596073850436,"Sigma":11.856035967753497,"Taucorr":-0.003444471097337365},"Iteration":73},
{"Acceptance":[0.04454545454545455],"Energy":{"Mean":-6.489610045136341,"Sigma":0.1317685376336318,"Taucorr":0.12208296058205015},"EnergyVariance":{"Mean":3.8051370750252693,"Sigma":1.4783067802572338,"Taucorr":0.5724284228537424},"Iteration":74},
{"Acceptance":[0.04318181818181818],"Energy":{"Mean":-6.618331102860258,"Sigma":0.1867055967448508,"Taucorr":0.39993281999500674},"EnergyVariance":{"Mean":3.930917628593928,"Sigma":1.266438587372575,"Taucorr":0.28822801879069826},"Iteration":75},
{"Acceptance":[0.04818181818181818],"Energy":{"Mean":-6.4420139783613966,"Sigma":0.11110794629411362,"Taucorr":0.4762751970226551},"EnergyVariance":{"Mean":0.9962886963553272,"Sigma":0.4993616269844523,"Taucorr":0.3642323639885171},"Iteration":76},
{"Acceptance":[0.04409090909090909],"Energy":{"Mean":-6.37277049373066,"Sigma":0.12956554411097665,"Taucorr":0.9868225941887714},"EnergyVariance":{"Mean":0.6356927477572522,"Sigma":0.3904450150601345,"Taucorr":0.9856774191984674},"Iteration":77},
{"Acceptance":[0.05181818181818182],"Energy":{"Mean":-6.255414102471759,"Sigma":0.09227724942726903,"Taucorr":0.05510733204963758},"EnergyVariance":{"Mean":1.7551618453930036,"Sigma":0.7982285837735726,"Taucorr":0.5738472731190363},"Iteration":78},
{"Acceptance":[0.05],"Energy":{"Mean":-6.196408113861304,"Sigma":0.05742698695787132,"Taucorr":-0.31903802547646243},"EnergyVariance":{"Mean":1.2046259154567556,"Sigma":0.6425630947070043,"Taucorr":0.23256344830636744},"Iteration":79},
{"Acceptance":[0.04909090909090909],"Energy":{"Mean":-6.044754351455556,"Sigma":0.1289694003555219,"Taucorr":0.3734897209300496},"EnergyVariance":{"Mean":0.9444652776095015,"Sigma":0.39763064429951206,"Taucorr":0.42155522091580966},"Iteration":80},
{"Acceptance":[0.05454545454545454],"Energy":{"Mean":-6.2961441401494405,"Sigma":0.07495078674491211,"Taucorr":0.375844999755635},"EnergyVariance":{"Mean":0.7550615813728245,"Sigma":0.4732209661890251,"Taucorr":0.3053598082160752},"Iteration":81},
{"Acceptance":[0.08272727272727273],"Energy":{"Mean":-6.773756895466539,"Sigma":0.21730873613923232,"Taucorr":0.4498452167826219},"EnergyVariance":{"Mean":6.578773585156969,"Sigma":2.479062033500611,"Taucorr":0.34551934032904974},"Iteration":82},
{"Acceptance":[0.075],"Energy":{"Mean":-6.427950809246437,"Sigma":0.9406012295611335,"Taucorr":0.5592102064226177},"EnergyVariance":{"Mean":65.97209663898926,"Sigma":49.31252273210545,"Taucorr":0.5352332944330824},"Iteration":83},
{"Acceptance":[0.08363636363636363],"Energy":{"Mean":-6.573792671408632,"Sigma":0.15897468980340415,"Taucorr":0.9707074549617567},"EnergyVariance":{"Mean":2.0707395087841993,"Sigma":0.8419852557206209,"Taucorr":0.9351882845100234},"Iteration":84},
{"Acceptance":[0.0740909090909091],"Energy":{"Mean":-6.2010102719243925,"Sigma":0.22150135933261766,"Taucorr":0.2691686383563848},"EnergyVariance":{"Mean":5.349817613179014,"Sigma":3.4509156041964006,"Taucorr":0.30025285820871606},"Iteration":85},
{"Acceptance":[0.055],"Energy":{"Mean":-6.791454603858636,"Sigma":0.3894665165683325,"Taucorr":0.11927789184458082},"EnergyVariance":{"Mean":14.319706497643917,"Sigma":11.489268431644321,"Taucorr":-0.003487337611864816},"Iteration":86},
{"Acceptance":[0.057272727272727274],"Energy":{"Mean":-6.394926707772971,"Sigma":0.08819007376664688,"Taucorr":0.34528910129121626},"EnergyVariance":{"Mean":0.7866078015878104,"Sigma":0.49810565632158504,"Taucorr":1.1808453359463011},"Iteration":87},
{"Acceptance":[0.0740909090909091],"Energy":{"Mean":-6.398932287105391,"Sigma":0.06551183872347431,"Taucorr":-0.17812325801375006},"EnergyVariance":{"Mean":1.059519948833049,"Sigma":0.504009483045589,"Taucorr":0.7800870092807222},"Iteration":88},
{"Acceptance":[0.057272727272727274],"Energy":{"Mean":-6.370374170673286,"Sigma":0.09686929638720639,"Taucorr":-0.14367530209481177},"EnergyVariance":{"Mean":1.9082852286653715,"Sigma":1.491362492109311,"Taucorr":0.05565613508255307},"Iteration":89},
{"Acceptance":[0.07909090909090909],"Energy":{"Mean":-6.5381814576535735,"Sigma":0.14820586436242483,"Taucorr":0.2813695219096374},"EnergyVariance":{"Mean":2.6560271240570312,"Sigma":1.093540548625162,"Taucorr":0.2675348438542565},"Iteration":90},
{"Acceptance":[0.095],"Energy":{"Mean":-6.386524763705945,"Sigma":0.1720142362629116,"Taucorr":0.09126583790434462},"EnergyVariance":{"Mean":3.5806045575318346,"Sigma":1.9208677427145566,"Taucorr":0.36963526392095813},"Iteration":91},
{"Acceptance":[0.057727272727272724],"Energy":{"Mean":-6.506861596175054,"Sigma":0.10133686486946714,"Taucorr":-0.13526024125445424},"EnergyVariance":{"Mean":1.8989011831459717,"Sigma":1.0336174578043478,"Taucorr":0.35524890721835933},"Iteration":92},
{"Acceptance":[0.08227272727272728],"Energy":{"Mean":-6.724446458841699,"Sigma":0.19254597922423405,"Taucorr":0.4490910757269596},"EnergyVariance":{"Mean":3.161026794102296,"Sigma":1.3908381039978104,"Taucorr":0.36065731317616223},"Iteration":93},
{"Acceptance":[0.07909090909090909],"Energy":{"Mean":-6.404988118946338,"Sigma":0.13791202289826301,"Taucorr":0.3284894410729079},"EnergyVariance":{"Mean":1.3418895710295604,"Sigma":0.4107905625799503,"Taucorr":0.22322180164810523},"Iteration":94},
{"Acceptance":[0.07181818181818182],"Energy":{"Mean":-6.350232663456325,"Sigma":0.13017021815821353,"Taucorr":0.5444298333182003},"EnergyVariance":{"Mean":1.0962302144960727,"Sigma":0.3240392500258362,"Taucorr":0.40946051111191795},"Iteration":95},
{"Acceptance":[0.08545454545454545],"Energy":{"Mean":-6.628373034014213,"Sigma":0.2047563605287894,"Taucorr":0.264173525161602},"EnergyVariance":{"Mean":3.217763968705062,"Sigma":1.6558971879911517,"Taucorr":0.10652226464882586},"Iteration":96},
{"Acceptance":[0.075],"Energy":{"Mean":-6.408924071136585,"Sigma":0.12874697213086045,"Taucorr":0.006749686647816944},"EnergyVariance":{"Mean":1.881781825806848,"Sigma":1.322811277519255,"Taucorr":0.023713245888923207},"Iteration":97},
{"Acceptance":[0.08318181818181818],"Energy":{"Mean":-6.626138895189887,"Sigma":0.23798246100457648,"Taucorr":0.2988700444450705},"EnergyVariance":{"Mean":4.093353834566143,"Sigma":1.367428407555589,"Taucorr":0.023324536926466077},"Iteration":98},
{"Acceptance":[0.08863636363636364],"Energy":{"Mean":-6.605956472556417,"Sigma":0.1653518768783358,"Taucorr":0.5368280393623819},"EnergyVariance":{"Mean":2.884407123166162,"Sigma":1.927117274580639,"Taucorr":0.5739017535489661},"Iteration":99} 
]}
{"input": {"L": 10, "J": 1, "machine": {"type": "FFNN", "model": ["relu", 25, 3]}, "sampler": {"type": "MetropolisHop", "d_max": 5}, "optimizer": {"type": "AdaMax", "alpha": 0.001, "beta1": 0.9, "beta2": 0.999, "epscut": 1e-07}, "VMC": {"n_samples": 100, "discarded_samples": 100, "discarded_samples_on_init": 0, "target": "energy", "method": "Gd", "diag_shift": 0.01, "use_iterative": true, "use_cholesky": true}, "n_iter": 100}}
duration: -1.3239130973815918