{"Output": [
{"Acceptance":[0.8436363636363636],"Energy":{"Mean":8.488643147801373,"Sigma":0.19043437934804835,"Taucorr":-0.16949895820699212},"EnergyVariance":{"Mean":5.491373900285492,"Sigma":0.8172203303380946,"Taucorr":0.13218611073754627},"Iteration":0},
{"Acceptance":[0.7195454545454546],"Energy":{"Mean":7.435904748893136,"Sigma":0.2620440473787782,"Taucorr":0.09809570649568344},"EnergyVariance":{"Mean":6.405728773212336,"Sigma":0.9396884381126056,"Taucorr":0.09132799677587278},"Iteration":1},
{"Acceptance":[0.6404545454545455],"Energy":{"Mean":6.700620958047898,"Sigma":0.33818759665134246,"Taucorr":0.19682518892347356},"EnergyVariance":{"Mean":9.418197471794759,"Sigma":1.3814301390252142,"Taucorr":0.2783289878035058},"Iteration":2},
{"Acceptance":[0.59],"Energy":{"Mean":5.463247096336508,"Sigma":0.3812272227034586,"Taucorr":0.13953709174625617},"EnergyVariance":{"Mean":13.208744732173319,"Sigma":2.277277567149721,"Taucorr":0.29706401735105425},"Iteration":3},
{"Acceptance":[0.5054545454545455],"Energy":{"Mean":4.001482024107465,"Sigma":0.37862310886921763,"Taucorr":0.23356613019156003},"EnergyVariance":{"Mean":13.0428343495907,"Sigma":1.3320878041170159,"Taucorr":-0.13100336370379673},"Iteration":4},
{"Acceptance":[0.4486363636363636],"Energy":{"Mean":3.148392518042093,"Sigma":0.39625120937838015,"Taucorr":0.13109866118068503},"EnergyVariance":{"Mean":17.228650963267047,"Sigma":1.9652969866911696,"Taucorr":0.10474355811765801},"Iteration":5},
{"Acceptance":[0.38954545454545453],"Energy":{"Mean":2.382459281919692,"Sigma":0.46738142789967724,"Taucorr":0.40712805097236227},"EnergyVariance":{"Mean":17.510396391250474,"Sigma":1.7257082075645593,"Taucorr":0.031007015560906015},"Iteration":6},
{"Acceptance":[0.3563636363636364],"Energy":{"Mean":1.5715708719126646,"Sigma":0.41360657343469,"Taucorr":0.22496551926540043},"EnergyVariance":{"Mean":16.440741558576974,"Sigma":1.684048647125511,"Taucorr":-0.04517744247215899},"Iteration":7},
{"Acceptance":[0.28454545454545455],"Energy":{"Mean":-0.6461137135768494,"Sigma":0.27130265812035786,"Taucorr":0.04505206873953904},"EnergyVariance":{"Mean":12.254442215626602,"Sigma":1.3763795716436453,"Taucorr":0.11006103598092465},"Iteration":8},
{"Acceptance":[0.2913636363636364],"Energy":{"Mean":-0.7147545178702117,"Sigma":0.3138211988783919,"Taucorr":0.16798842273456904},"EnergyVariance":{"Mean":15.035426288305915,"Sigma":1.9556544847057404,"Taucorr":-0.04962519997476944},"Iteration":9},
{"Acceptance":[0.25],"Energy":{"Mean":-0.6522763589063552,"Sigma":0.3254608302370323,"Taucorr":0.1927979224739873},"EnergyVariance":{"Mean":18.93379368548762,"Sigma":3.9471875140222332,"Taucorr":0.5959553067050047},"Iteration":10},
{"Acceptance":[0.20454545454545456],"Energy":{"Mean":-2.7088465554147434,"Sigma":0.2818395859463429,"Taucorr":0.10696936486670705},"EnergyVariance":{"Mean":9.594051041885546,"Sigma":2.688633661958379,"Taucorr":-0.014010325671842017},"Iteration":11},
{"Acceptance":[0.2309090909090909],"Energy":{"Mean":-2.158021497062017,"Sigma":0.3452879688322635,"Taucorr":0.34970351750440887},"EnergyVariance":{"Mean":21.28450682170987,"Sigma":4.460405552314205,"Taucorr":0.26821720725984854},"Iteration":12},
{"Acceptance":[0.20681818181818182],"Energy":{"Mean":-3.3443493820475347,"Sigma":0.235778413728874,"Taucorr":0.28972016482589724},"EnergyVariance":{"Mean":7.159078135964034,"Sigma":1.4544632132586752,"Taucorr":0.2568279099937375},"Iteration":13},
{"Acceptance":[0.16636363636363635],"Energy":{"Mean":-3.850526547078615,"Sigma":0.22218652123866078,"Taucorr":0.6872751924285898},"EnergyVariance":{"Mean":8.885735219962298,"Sigma":2.2544712418005055,"Taucorr":0.5664748458931335},"Iteration":14},
{"Acceptance":[0.15454545454545454],"Energy":{"Mean":-3.56752308332603,"Sigma":0.32943346892270386,"Taucorr":0.3617294638692641},"EnergyVariance":{"Mean":19.972153217299265,"Sigma":5.441997336254275,"Taucorr":0.4419841393428352},"Iteration":15},
{"Acceptance":[0.15636363636363637],"Energy":{"Mean":-4.451798474378857,"Sigma":0.2554021385434997,"Taucorr":0.298398424261767},"EnergyVariance":{"Mean":12.424594493214252,"Sigma":3.724425224766132,"Taucorr":0.318875256185706},"Iteration":16},
{"Acceptance":[0.13636363636363635],"Energy":{"Mean":-4.233541631299159,"Sigma":0.3321084060677461,"Taucorr":0.41606513484763863},"EnergyVariance":{"Mean":14.51620006521311,"Sigma":7.48707694895577,"Taucorr":0.9133370602032245},"Iteration":17},
{"Acceptance":[0.10636363636363637],"Energy":{"Mean":-5.009613943588257,"Sigma":0.24799815485875681,"Taucorr":0.6344299991354025},"EnergyVariance":{"Mean":6.453820466183631,"Sigma":2.1560841729613816,"Taucorr":0.5277896056391602},"Iteration":18},
{"Acceptance":[0.12136363636363637],"Energy":{"Mean":-5.293202493818102,"Sigma":0.2185036807637433,"Taucorr":0.5031819457205058},"EnergyVariance":{"Mean":4.463067820038815,"Sigma":1.3128461964224596,"Taucorr":0.3031859955738222},"Iteration":19},
{"Acceptance":[0.10318181818181818],"Energy":{"Mean":-5.294262170442063,"Sigma":0.28921056350283814,"Taucorr":0.3044042280903918},"EnergyVariance":{"Mean":10.518968320973807,"Sigma":3.1840899989162357,"Taucorr":0.1902605863945417},"Iteration":20},
{"Acceptance":[0.12045454545454545],"Energy":{"Mean":-5.510058102094079,"Sigma":0.24509544395499794,"Taucorr":0.3199605489690476},"EnergyVariance":{"Mean":9.610137099264891,"Sigma":2.8954104214417637,"Taucorr":0.40725865422110974},"Iteration":21},
{"Acceptance":[0.12272727272727273],"Energy":{"Mean":-5.604754676171879,"Sigma":0.28692424098703373,"Taucorr":0.19414265263314467},"EnergyVariance":{"Mean":17.702588855613,"Sigma":4.865881248230916,"Taucorr":0.12802846576766236},"Iteration":22},
{"Acceptance":[0.11818181818181818],"Energy":{"Mean":-5.732365669942302,"Sigma":0.3244210835348007,"Taucorr":0.27251301971309516},"EnergyVariance":{"Mean":13.838151384852537,"Sigma":3.9262871668849804,"Taucorr":0.15712542163585752},"Iteration":23},
{"Acceptance":[0.1040909090909091],"Energy":{"Mean":-5.613375008211817,"Sigma":0.30557286888568813,"Taucorr":0.15045838713023607},"EnergyVariance":{"Mean":12.752596320946136,"Sigma":3.6472156650706564,"Taucorr":0.0656731036844177},"Iteration":24},
{"Acceptance":[0.09772727272727273],"Energy":{"Mean":-5.34135732387739,"Sigma":0.4565618286748669,"Taucorr":0.43562582065713573},"EnergyVariance":{"Mean":15.548081425696376,"Sigma":5.016631705891042,"Taucorr":0.2796961560222829},"Iteration":25},
{"Acceptance":[0.105],"Energy":{"Mean":-5.9371311262243465,"Sigma":0.30851242803016793,"Taucorr":0.4394524927583977},"EnergyVariance":{"Mean":9.933780805611585,"Sigma":3.440169413781251,"Taucorr":0.27182621686684927},"Iteration":26},
{"Acceptance":[0.10318181818181818],"Energy":{"Mean":-6.158105992159404,"Sigma":0.2989404184122266,"Taucorr":0.08674753648584965},"EnergyVariance":{"Mean":14.778714328272322,"Sigma":4.9757405721421994,"Taucorr":0.3964147739045083},"Iteration":27},
{"Acceptance":[0.105],"Energy":{"Mean":-5.745054246811122,"Sigma":0.19213430436358597,"Taucorr":0.03942022923292421},"EnergyVariance":{"Mean":5.557231188344617,"Sigma":2.3168578567262337,"Taucorr":0.024336449241239344},"Iteration":28},
{"Acceptance":[0.10863636363636364],"Energy":{"Mean":-6.048880821470075,"Sigma":0.23661240279528747,"Taucorr":0.07758631643825742},"EnergyVariance":{"Mean":7.5647791561398465,"Sigma":2.6858232750526785,"Taucorr":0.1198612081356033},"Iteration":29},
{"Acceptance":[0.10272727272727272],"Energy":{"Mean":-6.598636180097801,"Sigma":0.25695133140014814,"Taucorr":0.1360980546546119},"EnergyVariance":{"Mean":8.90223073135232,"Sigma":3.0701975987412884,"Taucorr":0.0687616803293859},"Iteration":30},
{"Acceptance":[0.0959090909090909],"Energy":{"Mean":-6.420629399651058,"Sigma":0.3800869336639744,"Taucorr":0.4662733036015667},"EnergyVariance":{"Mean":9.364562418003757,"Sigma":2.6646819258652656,"Taucorr":0.2114470482908959},"Iteration":31},
{"Acceptance":[0.07863636363636364],"Energy":{"Mean":-6.244835941747931,"Sigma":0.483671192907197,"Taucorr":0.3644042562460915},"EnergyVariance":{"Mean":16.978785863415347,"Sigma":8.082453318971002,"Taucorr":0.2424082238825247},"Iteration":32},
{"Acceptance":[0.10318181818181818],"Energy":{"Mean":-6.131986770327196,"Sigma":0.22387404234214348,"Taucorr":0.3138349130163701},"EnergyVariance":{"Mean":3.0648876979282336,"Sigma":0.5960708422247467,"Taucorr":0.11286624597362038},"Iteration":33},
{"Acceptance":[0.09181818181818181],"Energy":{"Mean":-6.808932017861185,"Sigma":0.354450984627027,"Taucorr":0.21180082969470226},"EnergyVariance":{"Mean":11.41749702917227,"Sigma":8.442235449220897,"Taucorr":0.5248889912229939},"Iteration":34},
{"Acceptance":[0.09454545454545454],"Energy":{"Mean":-6.433665055537391,"Sigma":0.2360994551106984,"Taucorr":0.6659685000257325},"EnergyVariance":{"Mean":2.4190259602973176,"Sigma":0.4742462701122752,"Taucorr":0.14211963048501441},"Iteration":35},
{"Acceptance":[0.10772727272727273],"Energy":{"Mean":-6.461343598137803,"Sigma":0.3763317772035769,"Taucorr":0.1335363749790328},"EnergyVariance":{"Mean":10.946736475239337,"Sigma":5.492058479162602,"Taucorr":-0.01777748715976485},"Iteration":36},
{"Acceptance":[0.09909090909090909],"Energy":{"Mean":-6.50207517585367,"Sigma":0.19790369257791462,"Taucorr":-0.003979814307593699},"EnergyVariance":{"Mean":3.881761713566727,"Sigma":1.849781649277012,"Taucorr":0.061172466360187916},"Iteration":37},
{"Acceptance":[0.10045454545454545],"Energy":{"Mean":-6.9926483123846195,"Sigma":0.48185486724002563,"Taucorr":0.09475648281824833},"EnergyVariance":{"Mean":20.983356175014876,"Sigma":11.251707370209207,"Taucorr":0.28954330791015837},"Iteration":38},
{"Acceptance":[0.11090909090909092],"Energy":{"Mean":-6.267744034372522,"Sigma":0.38437200857610426,"Taucorr":0.21249453185223455},"EnergyVariance":{"Mean":11.569294177197662,"Sigma":6.2764059317246605,"Taucorr":0.017177642635823664},"Iteration":39},
{"Acceptance":[0.10590909090909091],"Energy":{"Mean":-6.4020936096204215,"Sigma":0.20018764251051102,"Taucorr":0.45925740099639367},"EnergyVariance":{"Mean":2.0475306836125213,"Sigma":0.3879967975429796,"Taucorr":0.06369901833092273},"Iteration":40},
{"Acceptance":[0.09181818181818181],"Energy":{"Mean":-6.856612634861053,"Sigma":0.19164795714199082,"Taucorr":-0.12435017744091442},"EnergyVariance":{"Mean":4.726838750723992,"Sigma":1.3284657030087188,"Taucorr":0.08113227701852399},"Iteration":41},
{"Acceptance":[0.09454545454545454],"Energy":{"Mean":-7.267036494660498,"Sigma":0.3359232247761534,"Taucorr":0.3157525726260194},"EnergyVariance":{"Mean":7.198124962748059,"Sigma":3.7259633727116586,"Taucorr":0.5339555975175909},"Iteration":42},
{"Acceptance":[0.10636363636363637],"Energy":{"Mean":-6.441814622709831,"Sigma":0.20589025399097155,"Taucorr":0.15881757694259024},"EnergyVariance":{"Mean":3.1228996558938733,"Sigma":1.2531989820315634,"Taucorr":0.536917191311703},"Iteration":43},
{"Acceptance":[0.11181818181818182],"Energy":{"Mean":-5.860044121945912,"Sigma":0.38495887981032884,"Taucorr":0.4187713106007246},"EnergyVariance":{"Mean":7.901827212745994,"Sigma":4.166295745923214,"Taucorr":0.044793259170128996},"Iteration":44},
{"Acceptance":[0.1],"Energy":{"Mean":-7.004147458007716,"Sigma":0.690752660357048,"Taucorr":0.5427947121208085},"EnergyVariance":{"Mean":28.66868580893984,"Sigma":26.04454323761089,"Taucorr":0.4930594951730296},"Iteration":45},
{"Acceptance":[0.13090909090909092],"Energy":{"Mean":-6.707833340438979,"Sigma":0.38897901932172974,"Taucorr":0.17993850647583187},"EnergyVariance":{"Mean":11.091523747777346,"Sigma":5.273665805405925,"Taucorr":-0.021208323898400328},"Iteration":46},
{"Acceptance":[0.09818181818181818],"Energy":{"Mean":-6.513274023242477,"Sigma":0.6339844433363366,"Taucorr":0.2281209341708722},"EnergyVariance":{"Mean":29.389513296591666,"Sigma":17.915507608792517,"Taucorr":0.43160259263957024},"Iteration":47},
{"Acceptance":[0.08590909090909091],"Energy":{"Mean":-6.918630331430057,"Sigma":0.16419404613051924,"Taucorr":0.3444528311155497},"EnergyVariance":{"Mean":1.5932956137298504,"Sigma":0.6490459959379647,"Taucorr":0.04878390809478872},"Iteration":48},
{"Acceptance":[0.08818181818181818],"Energy":{"Mean":-6.422259525398086,"Sigma":0.1846276478901909,"Taucorr":0.6354361970752391},"EnergyVariance":{"Mean":1.522278965135724,"Sigma":0.2568451064796691,"Taucorr":0.24505855857326053},"Iteration":49},
{"Acceptance":[0.09727272727272727],"Energy":{"Mean":-7.113463159039873,"Sigma":0.3004514967650747,"Taucorr":0.023720006539278193},"EnergyVariance":{"Mean":11.56162351662815,"Sigma":3.739018487331804,"Taucorr":-0.0447724309366494},"Iteration":50},
{"Acceptance":[0.08727272727272728],"Energy":{"Mean":-6.6453343614915426,"Sigma":0.16838985590875322,"Taucorr":0.26365120499419425},"EnergyVariance":{"Mean":1.9662880544029318,"Sigma":0.6801618606894685,"Taucorr":0.7568024647212712},"Iteration":51},
{"Acceptance":[0.09954545454545455],"Energy":{"Mean":-6.147486344695217,"Sigma":0.2966110857973994,"Taucorr":0.24808609919837288},"EnergyVariance":{"Mean":6.079409362209421,"Sigma":1.5831251015347134,"Taucorr":0.05821476446852791},"Iteration":52},
{"Acceptance":[0.10909090909090909],"Energy":{"Mean":-6.6977582221296705,"Sigma":0.24365051798013673,"Taucorr":-0.18291497868878742},"EnergyVariance":{"Mean":10.005184253938165,"Sigma":3.1875612632945516,"Taucorr":0.2870077878265366},"Iteration":53},
{"Acceptance":[0.09545454545454546],"Energy":{"Mean":-6.632998924602238,"Sigma":0.25446841012228083,"Taucorr":0.06151027412703136},"EnergyVariance":{"Mean":6.205662865883033,"Sigma":1.907575004672299,"Taucorr":-0.01817656005866425},"Iteration":54},
{"Acceptance":[0.09954545454545455],"Energy":{"Mean":-5.974393142197875,"Sigma":0.5652207306493153,"Taucorr":0.33911144743818133},"EnergyVariance":{"Mean":21.074571125102192,"Sigma":15.267916124664945,"Taucorr":0.008315555692917531},"Iteration":55},
{"Acceptance":[0.09318181818181819],"Energy":{"Mean":-6.662923677304001,"Sigma":0.24238812171443583,"Taucorr":0.1905579919297603},"EnergyVariance":{"Mean":5.061342823816221,"Sigma":1.8843533059024082,"Taucorr":0.07581619569593967},"Iteration":56},
{"Acceptance":[0.08727272727272728],"Energy":{"Mean":-6.454271852713232,"Sigma":0.24599314638713604,"Taucorr":0.24211476926145092},"EnergyVariance":{"Mean":4.6968471581477,"Sigma":2.6323402948190684,"Taucorr":0.0020669255501897243},"Iteration":57},
{"Acceptance":[0.09],"Energy":{"Mean":-6.800377755387538,"Sigma":0.21000217289567852,"Taucorr":0.1931762244307721},"EnergyVariance":{"Mean":4.488028908240311,"Sigma":2.603726718690552,"Taucorr":0.539492464539757},"Iteration":58},
{"Acceptance":[0.10318181818181818],"Energy":{"Mean":-6.874787577514145,"Sigma":0.25757928399259117,"Taucorr":0.2965043185587265},"EnergyVariance":{"Mean":4.088752540437922,"Sigma":1.724496522890341,"Taucorr":0.4878381865650542},"Iteration":59},
{"Acceptance":[0.10181818181818182],"Energy":{"Mean":-6.959382016922702,"Sigma":0.38355779867462775,"Taucorr":-0.018447110490592833},"EnergyVariance":{"Mean":14.660906119231088,"Sigma":10.099744844376106,"Taucorr":0.028276849885171207},"Iteration":60},
{"Acceptance":[0.09727272727272727],"Energy":{"Mean":-7.905650840902539,"Sigma":0.6487065324266641,"Taucorr":0.30217222883692696},"EnergyVariance":{"Mean":28.064166458880567,"Sigma":19.045880229697055,"Taucorr":0.10086078475630877},"Iteration":61},
{"Acceptance":[0.09409090909090909],"Energy":{"Mean":-7.1061238185170055,"Sigma":0.21199211526524359,"Taucorr":0.08629039454230902},"EnergyVariance":{"Mean":3.953470834535402,"Sigma":1.5234342682982467,"Taucorr":0.0068573136717203775},"Iteration":62},
{"Acceptance":[0.11045454545454546],"Energy":{"Mean":-7.521985211246473,"Sigma":0.22962748381901707,"Taucorr":0.14126388528960365},"EnergyVariance":{"Mean":4.016593036671827,"Sigma":1.1360329957673105,"Taucorr":0.051791968958996515},"Iteration":63},
{"Acceptance":[0.11681818181818182],"Energy":{"Mean":-7.724282417400085,"Sigma":0.3736336413281492,"Taucorr":0.4246049023951799},"EnergyVariance":{"Mean":7.796652586743246,"Sigma":2.419483809929715,"Taucorr":0.6559325403534524},"Iteration":64},
{"Acceptance":[0.10590909090909091],"Energy":{"Mean":-7.218567705072438,"Sigma":0.2630913711035533,"Taucorr":0.0926232322556384},"EnergyVariance":{"Mean":5.849204454757766,"Sigma":2.678064381043167,"Taucorr":0.5167842422648572},"Iteration":65},
{"Acceptance":[0.0959090909090909],"Energy":{"Mean":-7.071769777680096,"Sigma":0.14224977105983186,"Taucorr":-0.05054911749283697},"EnergyVariance":{"Mean":2.2385459363106768,"Sigma":0.7295349064878461,"Taucorr":0.36159845360124265},"Iteration":66},
{"Acceptance":[0.10863636363636364],"Energy":{"Mean":-6.933944005980675,"Sigma":0.218879829674173,"Taucorr":0.16427273949666388},"EnergyVariance":{"Mean":3.5854650467572844,"Sigma":1.203362103361629,"Taucorr":0.06796902699119156},"Iteration":67},
{"Acceptance":[0.1190909090909091],"Energy":{"Mean":-6.691018046131165,"Sigma":0.25602745089624995,"Taucorr":0.2693039486823965},"EnergyVariance":{"Mean":4.1287748512818405,"Sigma":1.1766854048289046,"Taucorr":0.010215847716765869},"Iteration":68},
{"Acceptance":[0.11863636363636364],"Energy":{"Mean":-6.906061077361053,"Sigma":0.18026293959954132,"Taucorr":0.24053346261101027},"EnergyVariance":{"Mean":2.153695310688235,"Sigma":0.4510445609517959,"Taucorr":0.13453520759844895},"Iteration":69},
{"Acceptance":[0.10590909090909091],"Energy":{"Mean":-7.5083867923650995,"Sigma":0.175215697836145,"Taucorr":0.031685528405638874},"EnergyVariance":{"Mean":2.9830397702598708,"Sigma":0.7648514113168601,"Taucorr":0.1802986989793186},"Iteration":70},
{"Acceptance":[0.11227272727272727],"Energy":{"Mean":-7.1993008385018396,"Sigma":0.41111902711212794,"Taucorr":-0.09462750100259398},"EnergyVariance":{"Mean":20.11941108000798,"Sigma":16.752728119533934,"Taucorr":0.008965862859646179},"Iteration":71},
{"Acceptance":[0.12090909090909091],"Energy":{"Mean":-6.98971215864938,"Sigma":0.28526621482531656,"Taucorr":0.1595848887709268},"EnergyVariance":{"Mean":5.947490980103343,"Sigma":2.919065159333842,"Taucorr":-0.002912888977006034},"Iteration":72},
{"Acceptance":[0.12181818181818181],"Energy":{"Mean":-7.199288315833476,"Sigma":0.44592825895190064,"Taucorr":0.13259906887532324},"EnergyVariance":{"Mean":15.438869412886543,"Sigma":9.923845891736933,"Taucorr":-0.015199922312504943},"Iteration":73},
{"Acceptance":[0.11954545454545455],"Energy":{"Mean":-5.978081898632918,"Sigma":1.0046468253363454,"Taucorr":0.42251200788467635},"EnergyVariance":{"Mean":54.21946268606923,"Sigma":45.67328690645111,"Taucorr":0.5027518018306367},"Iteration":74},
{"Acceptance":[0.12272727272727273],"Energy":{"Mean":-6.943590516415751,"Sigma":0.2721059536105334,"Taucorr":0.336276522591234},"EnergyVariance":{"Mean":4.372055642433542,"Sigma":1.135933296478092,"Taucorr":0.4781227172383501},"Iteration":75},
{"Acceptance":[0.12772727272727272],"Energy":{"Mean":-7.427597369888556,"Sigma":0.18440711163452317,"Taucorr":-0.19535292242172514},"EnergyVariance":{"Mean":5.543243647447749,"Sigma":1.5326447837638009,"Taucorr":0.5656812059014984},"Iteration":76},
{"Acceptance":[0.1290909090909091],"Energy":{"Mean":-7.030958051274218,"Sigma":0.35306916418583417,"Taucorr":-0.17747064322002465},"EnergyVariance":{"Mean":23.230059677599954,"Sigma":16.729356646482607,"Taucorr":0.015188985989650128},"Iteration":77},
{"Acceptance":[0.12727272727272726],"Energy":{"Mean":-7.239984651905627,"Sigma":0.25504534149898833,"Taucorr":0.08710032955060232},"EnergyVariance":{"Mean":5.638104640566544,"Sigma":1.8871120054386201,"Taucorr":0.36834156370051174},"Iteration":78},
{"Acceptance":[0.13136363636363638],"Energy":{"Mean":-6.508610046313033,"Sigma":0.29082921398629824,"Taucorr":0.3808741239092768},"EnergyVariance":{"Mean":4.711620613059404,"Sigma":1.1166011163646927,"Taucorr":0.05360672615695472},"Iteration":79},
{"Acceptance":[0.1368181818181818],"Energy":{"Mean":-7.1099988222227495,"Sigma":0.2961093592072101,"Taucorr":0.05360534596742261},"EnergyVariance":{"Mean":7.720434323267942,"Sigma":1.6554092398036158,"Taucorr":0.2124997531766344},"Iteration":80},
{"Acceptance":[0.14227272727272727],"Energy":{"Mean":-7.205924772009106,"Sigma":0.26406023958684277,"Taucorr":0.21465828418199584},"EnergyVariance":{"Mean":4.906166102125944,"Sigma":1.597309459355182,"Taucorr":0.17879426183615454},"Iteration":81},
{"Acceptance":[0.12454545454545454],"Energy":{"Mean":-6.888448337421783,"Sigma":0.18297324293807715,"Taucorr":0.34544823535245217},"EnergyVariance":{"Mean":1.9370247163992826,"Sigma":0.36380795777392166,"Taucorr":-0.02384226355516178},"Iteration":82},
{"Acceptance":[0.13636363636363635],"Energy":{"Mean":-7.2922625102592775,"Sigma":0.31168856665208927,"Taucorr":0.14079467387229883},"EnergyVariance":{"Mean":7.881510765822975,"Sigma":3.4103668642745237,"Taucorr":-0.01925690675758185},"Iteration":83},
{"Acceptance":[0.11681818181818182],"Energy":{"Mean":-7.2785827018893325,"Sigma":0.23907532518331898,"Taucorr":0.21113192136814474},"EnergyVariance":{"Mean":4.234925243054081,"Sigma":1.317140183517358,"Taucorr":0.14329089541927698},"Iteration":84},
{"Acceptance":[0.12409090909090909],"Energy":{"Mean":-6.576889496537661,"Sigma":0.19865905059457623,"Taucorr":0.18238481077189428},"EnergyVariance":{"Mean":2.8502983108633826,"Sigma":0.500704677806242,"Taucorr":0.11302287762261654},"Iteration":85},
{"Acceptance":[0.1390909090909091],"Energy":{"Mean":-8.105553548896083,"Sigma":0.7820174551479755,"Taucorr":0.3577445339581924},"EnergyVariance":{"Mean":34.80407069627155,"Sigma":24.418635286928907,"Taucorr":0.40099902286423195},"Iteration":86},
{"Acceptance":[0.125],"Energy":{"Mean":-7.2282099401087265,"Sigma":0.2866052482529059,"Taucorr":0.1293627599281837},"EnergyVariance":{"Mean":6.491531471254464,"Sigma":4.459623019416137,"Taucorr":-0.009191614180133811},"Iteration":87},
{"Acceptance":[0.1431818181818182],"Energy":{"Mean":-6.857326889888517,"Sigma":0.30035862120449885,"Taucorr":0.4072684032010423},"EnergyVariance":{"Mean":4.932904700026443,"Sigma":1.7614549676390434,"Taucorr":0.6864874492214392},"Iteration":88},
{"Acceptance":[0.1431818181818182],"Energy":{"Mean":-7.129634368953114,"Sigma":0.19638871422220294,"Taucorr":-0.07781614772240114},"EnergyVariance":{"Mean":4.5377942808666045,"Sigma":1.3653574726958462,"Taucorr":0.1517907033069683},"Iteration":89},
{"Acceptance":[0.13136363636363638],"Energy":{"Mean":-7.503372434264701,"Sigma":0.18919980659178892,"Taucorr":-0.021115033735150557},"EnergyVariance":{"Mean":4.037721745118287,"Sigma":2.01849600977371,"Taucorr":0.030806747006964952},"Iteration":90},
{"Acceptance":[0.13],"Energy":{"Mean":-7.140126194464543,"Sigma":0.18932645456076214,"Taucorr":0.16811074176118213},"EnergyVariance":{"Mean":2.6267306637177703,"Sigma":0.633782096913446,"Taucorr":0.039981147909675774},"Iteration":91},
{"Acceptance":[0.12863636363636363],"Energy":{"Mean":-7.1652231121266645,"Sigma":0.3865084321283309,"Taucorr":0.5798397281113761},"EnergyVariance":{"Mean":6.6290696963569715,"Sigma":3.2554855766588466,"Taucorr":0.4581990562215117},"Iteration":92},
{"Acceptance":[0.12772727272727272],"Energy":{"Mean":-7.238018459903494,"Sigma":0.3062641421820197,"Taucorr":0.28129999625920077},"EnergyVariance":{"Mean":5.8033834639345825,"Sigma":2.6944151409779376,"Taucorr":0.03774116481588585},"Iteration":93},
{"Acceptance":[0.1340909090909091],"Energy":{"Mean":-6.7593738167650805,"Sigma":0.2020441437844777,"Taucorr":0.09089834877884395},"EnergyVariance":{"Mean":4.051732226918324,"Sigma":1.4095843547608518,"Taucorr":0.09715346889775434},"Iteration":94},
{"Acceptance":[0.1409090909090909],"Energy":{"Mean":-7.192255311504393,"Sigma":0.19572756122167126,"Taucorr":0.05680057148825712},"EnergyVariance":{"Mean":3.5805966321491356,"Sigma":0.841268571363932,"Taucorr":-0.035902012657214655},"Iteration":95},
{"Acceptance":[0.13818181818181818],"Energy":{"Mean":-6.957887348744828,"Sigma":0.2794941251493803,"Taucorr":0.19074476177545552},"EnergyVariance":{"Mean":5.532645958101652,"Sigma":1.4083915588866085,"Taucorr":0.28547230036858984},"Iteration":96},
{"Acceptance":[0.13727272727272727],"Energy":{"Mean":-6.972912597675523,"Sigma":0.2645144432259814,"Taucorr":0.4586676941662604},"EnergyVariance":{"Mean":3.5783534689907976,"Sigma":1.1773400768410687,"Taucorr":0.5874682953656842},"Iteration":97},
{"Acceptance":[0.1409090909090909],"Energy":{"Mean":-6.9279543164771,"Sigma":0.18926036934615048,"Taucorr":-0.04708258622598144},"EnergyVariance":{"Mean":3.893353902929813,"Sigma":0.9739363645087674,"Taucorr":0.3533164149179643},"Iteration":98},
{"Acceptance":[0.13454545454545455],"Energy":{"Mean":-7.154684249863598,"Sigma":0.21293507586230134,"Taucorr":-0.07680195134864509},"EnergyVariance":{"Mean":5.626467480584252,"Sigma":2.092055251554808,"Taucorr":0.06285391365752324},"Iteration":99} 
]}
{"input": {"L": 10, "J": 1, "machine": {"type": "FFNN", "model": ["relu", 47, 4]}, "sampler": {"type": "MetropolisHop", "d_max": 5}, "optimizer": {"type": "AdaMax", "alpha": 0.001, "beta1": 0.9, "beta2": 0.999, "epscut": 1e-07}, "VMC": {"n_samples": 100, "discarded_samples": 100, "discarded_samples_on_init": 0, "target": "energy", "method": "Gd", "diag_shift": 0.01, "use_iterative": true, "use_cholesky": true}, "n_iter": 100}}
duration: -3.0691909790039062