{"Output": [
{"Acceptance":[0.8368181818181818],"Energy":{"Mean":8.423931216511399,"Sigma":0.2408003287884164,"Taucorr":0.05759392512393591},"EnergyVariance":{"Mean":5.262164736103409,"Sigma":0.7078250073976436,"Taucorr":0.12419980370459915},"Iteration":0},
{"Acceptance":[0.7245454545454545],"Energy":{"Mean":7.263247261566951,"Sigma":0.3109877892945413,"Taucorr":0.24478669229432004},"EnergyVariance":{"Mean":7.5920257650350065,"Sigma":1.0761837746969043,"Taucorr":0.03668671233082377},"Iteration":1},
{"Acceptance":[0.6436363636363637],"Energy":{"Mean":6.899217365772326,"Sigma":0.39286276287747146,"Taucorr":0.19639393416931716},"EnergyVariance":{"Mean":12.248284059021062,"Sigma":1.4574941574880542,"Taucorr":0.003113279623114029},"Iteration":2},
{"Acceptance":[0.5322727272727272],"Energy":{"Mean":4.788931532274095,"Sigma":0.3997556900036285,"Taucorr":0.32791944850177523},"EnergyVariance":{"Mean":11.951868758006265,"Sigma":1.1055977659796679,"Taucorr":-0.2073903879434701},"Iteration":3},
{"Acceptance":[0.4772727272727273],"Energy":{"Mean":3.660971221225116,"Sigma":0.3732193134049987,"Taucorr":0.17837923636251685},"EnergyVariance":{"Mean":13.77439178788506,"Sigma":2.485376113136971,"Taucorr":0.07655254947573786},"Iteration":4},
{"Acceptance":[0.43636363636363634],"Energy":{"Mean":2.988053644032881,"Sigma":0.3827603770962029,"Taucorr":0.27937684814002195},"EnergyVariance":{"Mean":13.722228393432525,"Sigma":2.5915333771893794,"Taucorr":0.12740119594844057},"Iteration":5},
{"Acceptance":[0.3840909090909091],"Energy":{"Mean":2.3819497716263793,"Sigma":0.40322533735123733,"Taucorr":0.2280153892685185},"EnergyVariance":{"Mean":18.022519648974548,"Sigma":2.2944626735530598,"Taucorr":-0.025655130281749594},"Iteration":6},
{"Acceptance":[0.32136363636363635],"Energy":{"Mean":0.008850319647026803,"Sigma":0.5227994151029898,"Taucorr":0.8466485634545482},"EnergyVariance":{"Mean":17.47901036087043,"Sigma":3.5897694817381565,"Taucorr":0.4139749602457461},"Iteration":7},
{"Acceptance":[0.29772727272727273],"Energy":{"Mean":0.19002334532601112,"Sigma":0.4116787574083737,"Taucorr":0.2874500713673901},"EnergyVariance":{"Mean":19.490521348341687,"Sigma":2.8761413461989966,"Taucorr":0.054609058161792845},"Iteration":8},
{"Acceptance":[0.26181818181818184],"Energy":{"Mean":-1.6247660221692914,"Sigma":0.42125757842023726,"Taucorr":0.6274512238281782},"EnergyVariance":{"Mean":14.129997009573414,"Sigma":2.4794370572047297,"Taucorr":0.26197175149642304},"Iteration":9},
{"Acceptance":[0.22772727272727272],"Energy":{"Mean":-2.4146885131077953,"Sigma":0.31398476268726433,"Taucorr":0.39898725279091085},"EnergyVariance":{"Mean":11.363940602593559,"Sigma":1.5876726937291579,"Taucorr":0.09702805768791012},"Iteration":10},
{"Acceptance":[0.2018181818181818],"Energy":{"Mean":-1.959656229169578,"Sigma":0.3240011453023323,"Taucorr":0.39744163258624887},"EnergyVariance":{"Mean":24.64913585938305,"Sigma":5.461005910140598,"Taucorr":0.10110951093196008},"Iteration":11},
{"Acceptance":[0.1390909090909091],"Energy":{"Mean":-4.037225035689551,"Sigma":0.3095802730686926,"Taucorr":0.5438526356090136},"EnergyVariance":{"Mean":23.61546547042673,"Sigma":11.5000978110293,"Taucorr":0.46414396263570956},"Iteration":12},
{"Acceptance":[0.1690909090909091],"Energy":{"Mean":-4.09219416867257,"Sigma":0.24681729328972002,"Taucorr":0.3964759662975632},"EnergyVariance":{"Mean":14.386497549409135,"Sigma":4.563091221524579,"Taucorr":0.018484890720957714},"Iteration":13},
{"Acceptance":[0.14181818181818182],"Energy":{"Mean":-3.999402060015408,"Sigma":0.3079805251587392,"Taucorr":0.5175989773403395},"EnergyVariance":{"Mean":23.44988401740686,"Sigma":7.906414497123836,"Taucorr":0.26175402231216194},"Iteration":14},
{"Acceptance":[0.13636363636363635],"Energy":{"Mean":-4.908181185980922,"Sigma":0.19658969667295234,"Taucorr":0.48412004124249575},"EnergyVariance":{"Mean":3.453629729888127,"Sigma":0.8415025524699656,"Taucorr":0.37007529122138016},"Iteration":15},
{"Acceptance":[0.13772727272727273],"Energy":{"Mean":-4.825985609996215,"Sigma":0.27200388127830405,"Taucorr":0.29051778605915357},"EnergyVariance":{"Mean":25.4257386029124,"Sigma":9.941571467483563,"Taucorr":0.3055777875930539},"Iteration":16},
{"Acceptance":[0.10909090909090909],"Energy":{"Mean":-4.710902727088511,"Sigma":0.22455017261622204,"Taucorr":0.34997627572707024},"EnergyVariance":{"Mean":5.500582445773597,"Sigma":1.5812479088383073,"Taucorr":0.1544754327928648},"Iteration":17},
{"Acceptance":[0.11454545454545455],"Energy":{"Mean":-5.51602566294784,"Sigma":0.3857313441022703,"Taucorr":0.29552996364274264},"EnergyVariance":{"Mean":20.627745295788294,"Sigma":7.339179432125169,"Taucorr":0.5475770211135109},"Iteration":18},
{"Acceptance":[0.08272727272727273],"Energy":{"Mean":-5.599534547702573,"Sigma":0.5404860674750549,"Taucorr":0.6959075975045881},"EnergyVariance":{"Mean":21.06424799033633,"Sigma":15.964342336505101,"Taucorr":0.6125414414045798},"Iteration":19},
{"Acceptance":[0.09136363636363637],"Energy":{"Mean":-5.123069856801721,"Sigma":0.25493387796775857,"Taucorr":0.3311268968125619},"EnergyVariance":{"Mean":8.507508258023647,"Sigma":2.782146458136357,"Taucorr":0.009005490115905679},"Iteration":20},
{"Acceptance":[0.07636363636363637],"Energy":{"Mean":-5.630643348265217,"Sigma":0.21838786251665968,"Taucorr":0.00493880688108006},"EnergyVariance":{"Mean":8.877580779459361,"Sigma":4.602837813829649,"Taucorr":0.061435706480132524},"Iteration":21},
{"Acceptance":[0.08818181818181818],"Energy":{"Mean":-5.156007033883128,"Sigma":0.29360882002605415,"Taucorr":0.9281908642119454},"EnergyVariance":{"Mean":3.2918056012173227,"Sigma":1.1556878148643237,"Taucorr":0.8351481515341521},"Iteration":22},
{"Acceptance":[0.08045454545454546],"Energy":{"Mean":-5.494471989671919,"Sigma":0.16407728896368556,"Taucorr":-0.17050636473654812},"EnergyVariance":{"Mean":6.932365437606071,"Sigma":3.1254405625441093,"Taucorr":0.12021795551062386},"Iteration":23},
{"Acceptance":[0.07272727272727272],"Energy":{"Mean":-5.609294779909095,"Sigma":0.465476364826268,"Taucorr":0.22496159604358834},"EnergyVariance":{"Mean":22.598321553228317,"Sigma":18.494153827038353,"Taucorr":0.5291783267269845},"Iteration":24},
{"Acceptance":[0.06727272727272728],"Energy":{"Mean":-5.79254066142048,"Sigma":0.16857009807900156,"Taucorr":0.15582818043574054},"EnergyVariance":{"Mean":2.356396179854669,"Sigma":1.0107149555788222,"Taucorr":0.029476487220643},"Iteration":25},
{"Acceptance":[0.07590909090909091],"Energy":{"Mean":-5.9658265402941355,"Sigma":0.26022311324992115,"Taucorr":0.33048619207724483},"EnergyVariance":{"Mean":7.0711516178727924,"Sigma":3.6074598452664017,"Taucorr":0.2685323872048633},"Iteration":26},
{"Acceptance":[0.06363636363636363],"Energy":{"Mean":-6.018104954530027,"Sigma":0.40265007314860324,"Taucorr":0.8839886807444126},"EnergyVariance":{"Mean":11.982241010200289,"Sigma":8.58547538530262,"Taucorr":1.110339746124846},"Iteration":27},
{"Acceptance":[0.06318181818181819],"Energy":{"Mean":-6.2505252376261105,"Sigma":0.34378113041449776,"Taucorr":0.27261237893277057},"EnergyVariance":{"Mean":19.992004742915118,"Sigma":10.098272348952692,"Taucorr":0.6509931130391289},"Iteration":28},
{"Acceptance":[0.0659090909090909],"Energy":{"Mean":-5.231390626784958,"Sigma":0.3320164062792242,"Taucorr":-0.08613349355723271},"EnergyVariance":{"Mean":21.17696410637207,"Sigma":13.022308255488538,"Taucorr":-0.010417182033235883},"Iteration":29},
{"Acceptance":[0.06954545454545455],"Energy":{"Mean":-5.8353847705737705,"Sigma":0.18204328640326034,"Taucorr":-0.027428979327289438},"EnergyVariance":{"Mean":7.456006109474541,"Sigma":4.392230292183708,"Taucorr":0.03932249074967231},"Iteration":30},
{"Acceptance":[0.06318181818181819],"Energy":{"Mean":-5.681180560141619,"Sigma":0.211215613855014,"Taucorr":0.9277515818455817},"EnergyVariance":{"Mean":1.546527495349802,"Sigma":0.4568117343002988,"Taucorr":0.6754848100255826},"Iteration":31},
{"Acceptance":[0.06363636363636363],"Energy":{"Mean":-5.436500057545963,"Sigma":0.3513845551012586,"Taucorr":0.10543147024069732},"EnergyVariance":{"Mean":11.579331408782032,"Sigma":6.856602427440241,"Taucorr":-0.018065221360618944},"Iteration":32},
{"Acceptance":[0.07136363636363637],"Energy":{"Mean":-5.813882325250646,"Sigma":0.22507197652952138,"Taucorr":-0.00920102292862196},"EnergyVariance":{"Mean":6.526318123214154,"Sigma":3.3395544338610446,"Taucorr":0.08713745207368928},"Iteration":33},
{"Acceptance":[0.06227272727272727],"Energy":{"Mean":-5.388799853333475,"Sigma":0.17814759392999,"Taucorr":-0.09967295946441751},"EnergyVariance":{"Mean":3.922626022146956,"Sigma":1.7899980876584765,"Taucorr":0.0034775962367442625},"Iteration":34},
{"Acceptance":[0.05454545454545454],"Energy":{"Mean":-5.994360288067141,"Sigma":0.19885005398198874,"Taucorr":0.05141704847003381},"EnergyVariance":{"Mean":3.600106892958828,"Sigma":1.9056517770410895,"Taucorr":0.3478924187774314},"Iteration":35},
{"Acceptance":[0.04818181818181818],"Energy":{"Mean":-5.692632610391809,"Sigma":0.14848814532437302,"Taucorr":0.5151057234088088},"EnergyVariance":{"Mean":1.0940061425541519,"Sigma":0.23706869116649162,"Taucorr":0.10031914826901978},"Iteration":36},
{"Acceptance":[0.04454545454545455],"Energy":{"Mean":-6.232826713708608,"Sigma":0.4066759232649778,"Taucorr":0.743953673143489},"EnergyVariance":{"Mean":9.003527442779108,"Sigma":7.9448463717028455,"Taucorr":1.0856985345220909},"Iteration":37},
{"Acceptance":[0.05590909090909091],"Energy":{"Mean":-5.5052294330723255,"Sigma":0.22607996958180174,"Taucorr":0.33331341220963795},"EnergyVariance":{"Mean":3.0297209642693677,"Sigma":1.3566445851035198,"Taucorr":0.08637466016568507},"Iteration":38},
{"Acceptance":[0.04681818181818182],"Energy":{"Mean":-5.946773511630295,"Sigma":0.20743835611315853,"Taucorr":-0.15605003039798632},"EnergyVariance":{"Mean":7.16717333153054,"Sigma":3.7215794219402083,"Taucorr":0.0174348207985493},"Iteration":39},
{"Acceptance":[0.04681818181818182],"Energy":{"Mean":-5.729300432960242,"Sigma":0.16423781868600554,"Taucorr":0.8049623459779682},"EnergyVariance":{"Mean":1.043834624689894,"Sigma":0.2912306986125867,"Taucorr":0.31041829643085483},"Iteration":40},
{"Acceptance":[0.038636363636363635],"Energy":{"Mean":-6.180565117446121,"Sigma":0.4168533674306747,"Taucorr":0.3182109524819108},"EnergyVariance":{"Mean":12.340521035743059,"Sigma":7.486932609438828,"Taucorr":0.5225454853185056},"Iteration":41},
{"Acceptance":[0.05954545454545455],"Energy":{"Mean":-5.7752839440810835,"Sigma":0.21610792151016367,"Taucorr":-0.06440189657143819},"EnergyVariance":{"Mean":5.205985915546746,"Sigma":4.036248561710061,"Taucorr":0.034076863844108574},"Iteration":42},
{"Acceptance":[0.05590909090909091],"Energy":{"Mean":-5.543260884867076,"Sigma":0.15135985185225476,"Taucorr":0.017286593848658938},"EnergyVariance":{"Mean":2.196554550745915,"Sigma":1.0059681243118128,"Taucorr":0.316720567717962},"Iteration":43},
{"Acceptance":[0.029545454545454545],"Energy":{"Mean":-5.96672201399039,"Sigma":0.14503025099553918,"Taucorr":-0.11465078738385814},"EnergyVariance":{"Mean":3.4284369213069863,"Sigma":2.7503956471918243,"Taucorr":0.06403284771905571},"Iteration":44},
{"Acceptance":[0.05],"Energy":{"Mean":-5.796524448757631,"Sigma":0.2974790435476779,"Taucorr":0.18248173193538464},"EnergyVariance":{"Mean":6.888575571353975,"Sigma":4.947746904617772,"Taucorr":0.5689169995772805},"Iteration":45},
{"Acceptance":[0.046363636363636364],"Energy":{"Mean":-5.771026111650961,"Sigma":0.43665299267606894,"Taucorr":0.18972846309880032},"EnergyVariance":{"Mean":13.28462460263941,"Sigma":11.417286395071065,"Taucorr":-0.0034991697594707882},"Iteration":46},
{"Acceptance":[0.04772727272727273],"Energy":{"Mean":-6.038963624247116,"Sigma":0.3607960309614883,"Taucorr":0.8703821434826644},"EnergyVariance":{"Mean":4.599678446393837,"Sigma":3.282264983971436,"Taucorr":1.0291941999210072},"Iteration":47},
{"Acceptance":[0.04],"Energy":{"Mean":-6.168826101621837,"Sigma":0.17963700505628788,"Taucorr":0.02072831479346582},"EnergyVariance":{"Mean":3.625486079787807,"Sigma":3.108585290072192,"Taucorr":0.0017381624638878046},"Iteration":48},
{"Acceptance":[0.04454545454545455],"Energy":{"Mean":-5.52515975196618,"Sigma":0.24797435316378605,"Taucorr":0.004997257247402631},"EnergyVariance":{"Mean":6.501076799952624,"Sigma":5.0630334779291575,"Taucorr":0.017700523551052783},"Iteration":49},
{"Acceptance":[0.02909090909090909],"Energy":{"Mean":-6.088913050620339,"Sigma":0.12285065551168822,"Taucorr":0.7965053622880278},"EnergyVariance":{"Mean":0.5789270207705687,"Sigma":0.21868655446216323,"Taucorr":0.5763291858030415},"Iteration":50},
{"Acceptance":[0.05090909090909091],"Energy":{"Mean":-5.998327403585802,"Sigma":0.23176507112139622,"Taucorr":0.21420688053293746},"EnergyVariance":{"Mean":4.210684337452322,"Sigma":3.3274393723736346,"Taucorr":0.002965451580140277},"Iteration":51},
{"Acceptance":[0.031818181818181815],"Energy":{"Mean":-5.9972234987348525,"Sigma":0.16387313353196076,"Taucorr":1.0109761713500516},"EnergyVariance":{"Mean":0.8820684601667514,"Sigma":0.44437028647537885,"Taucorr":0.8736719011055152},"Iteration":52},
{"Acceptance":[0.05545454545454546],"Energy":{"Mean":-6.077404097437478,"Sigma":0.3659845793787742,"Taucorr":0.1407255948953018},"EnergyVariance":{"Mean":11.637424906311589,"Sigma":5.668345622585205,"Taucorr":0.07921181096264229},"Iteration":53},
{"Acceptance":[0.056363636363636366],"Energy":{"Mean":-6.253819615547975,"Sigma":0.37323528489120744,"Taucorr":0.10439041809064808},"EnergyVariance":{"Mean":11.705229817756942,"Sigma":7.43229953806933,"Taucorr":0.08226738051109805},"Iteration":54},
{"Acceptance":[0.03363636363636364],"Energy":{"Mean":-6.062738777887098,"Sigma":0.16755072045095704,"Taucorr":0.3842932912216287},"EnergyVariance":{"Mean":1.614600420103401,"Sigma":0.9649909496876203,"Taucorr":0.5913020636795605},"Iteration":55},
{"Acceptance":[0.05227272727272727],"Energy":{"Mean":-5.922177417212331,"Sigma":0.28891075169321967,"Taucorr":0.12288029888369911},"EnergyVariance":{"Mean":6.87891792710054,"Sigma":5.242134563059948,"Taucorr":-0.007231255716925733},"Iteration":56},
{"Acceptance":[0.03954545454545454],"Energy":{"Mean":-5.4431980150833965,"Sigma":0.19178095639264503,"Taucorr":0.932845991661313},"EnergyVariance":{"Mean":1.4056966877185986,"Sigma":0.4453125582611675,"Taucorr":0.9507415951686415},"Iteration":57},
{"Acceptance":[0.046363636363636364],"Energy":{"Mean":-6.385502982348995,"Sigma":0.5935152631024799,"Taucorr":0.5764614346374857},"EnergyVariance":{"Mean":18.321159337703147,"Sigma":11.406716509988032,"Taucorr":0.7569942404840839},"Iteration":58},
{"Acceptance":[0.035],"Energy":{"Mean":-7.733195648606614,"Sigma":1.1959408810536079,"Taucorr":0.41309023111786713},"EnergyVariance":{"Mean":77.46169770642507,"Sigma":53.73825749224506,"Taucorr":0.5014402572301488},"Iteration":59},
{"Acceptance":[0.049545454545454545],"Energy":{"Mean":-5.801664633308478,"Sigma":0.15397248903795463,"Taucorr":0.6235329913035241},"EnergyVariance":{"Mean":1.1263107501561613,"Sigma":0.37093121843739296,"Taucorr":0.3886270426010725},"Iteration":60},
{"Acceptance":[0.049545454545454545],"Energy":{"Mean":-6.779846008102124,"Sigma":0.6357956184577751,"Taucorr":0.16121165578271868},"EnergyVariance":{"Mean":31.95700418100526,"Sigma":14.233708925211069,"Taucorr":0.23402331895185424},"Iteration":61},
{"Acceptance":[0.042727272727272725],"Energy":{"Mean":-5.726748280774977,"Sigma":0.1634588083039525,"Taucorr":0.9703560448533506},"EnergyVariance":{"Mean":0.9431796733836519,"Sigma":0.17530627552436592,"Taucorr":0.7381900085104847},"Iteration":62},
{"Acceptance":[0.031818181818181815],"Energy":{"Mean":-5.998904277767477,"Sigma":0.10739950897579967,"Taucorr":0.8809752117387906},"EnergyVariance":{"Mean":0.5045161379535767,"Sigma":0.13179111622069964,"Taucorr":0.92575592365604},"Iteration":63},
{"Acceptance":[0.05545454545454546],"Energy":{"Mean":-5.461207251930911,"Sigma":0.17274838053111038,"Taucorr":0.573598994321592},"EnergyVariance":{"Mean":1.4153941021957752,"Sigma":0.17974773389134474,"Taucorr":-0.058177468325565196},"Iteration":64},
{"Acceptance":[0.045454545454545456],"Energy":{"Mean":-6.02107642676231,"Sigma":0.30321227232326015,"Taucorr":0.29757016148527027},"EnergyVariance":{"Mean":6.002655524307692,"Sigma":3.481520193313848,"Taucorr":0.43926286306621454},"Iteration":65},
{"Acceptance":[0.04681818181818182],"Energy":{"Mean":-6.358265382763703,"Sigma":0.3236119860777992,"Taucorr":-0.096553388082325},"EnergyVariance":{"Mean":13.4624614927217,"Sigma":8.088024084297544,"Taucorr":-0.007657489163891751},"Iteration":66},
{"Acceptance":[0.03272727272727273],"Energy":{"Mean":-5.998737287054634,"Sigma":0.12508369148807313,"Taucorr":0.3532214771321869},"EnergyVariance":{"Mean":0.9031683486683867,"Sigma":0.3186506682671273,"Taucorr":0.30565946782075115},"Iteration":67},
{"Acceptance":[0.038636363636363635],"Energy":{"Mean":-5.90432141392913,"Sigma":0.14584282869204204,"Taucorr":0.8913474413693057},"EnergyVariance":{"Mean":0.8288167239722981,"Sigma":0.23613922853345962,"Taucorr":0.8845277084715604},"Iteration":68},
{"Acceptance":[0.04727272727272727],"Energy":{"Mean":-5.789305574566655,"Sigma":0.16484050368604908,"Taucorr":1.010750551666637},"EnergyVariance":{"Mean":1.0484503313174762,"Sigma":0.25303351693104015,"Taucorr":0.4828531711578382},"Iteration":69},
{"Acceptance":[0.053181818181818184],"Energy":{"Mean":-5.710963302755902,"Sigma":0.1876047298273032,"Taucorr":0.09700462673940191},"EnergyVariance":{"Mean":3.1645991142298238,"Sigma":1.8716449289069725,"Taucorr":0.032919877902383154},"Iteration":70},
{"Acceptance":[0.055],"Energy":{"Mean":-6.095795198985473,"Sigma":0.35393947054685276,"Taucorr":-0.08427912450661051},"EnergyVariance":{"Mean":16.099780080933307,"Sigma":6.854489177095819,"Taucorr":-0.021208319420861932},"Iteration":71},
{"Acceptance":[0.03363636363636364],"Energy":{"Mean":-6.025725870499622,"Sigma":0.15254213580977635,"Taucorr":0.9981321765449973},"EnergyVariance":{"Mean":0.7926574089013868,"Sigma":0.4800351635864666,"Taucorr":0.6241566001895618},"Iteration":72},
{"Acceptance":[0.053636363636363635],"Energy":{"Mean":-5.6496131597276475,"Sigma":0.29134247169001637,"Taucorr":-0.08737772855708748},"EnergyVariance":{"Mean":10.504756509800998,"Sigma":5.654707742461162,"Taucorr":-0.0002100294069735109},"Iteration":73},
{"Acceptance":[0.04818181818181818],"Energy":{"Mean":-5.751584900445441,"Sigma":0.20260011492263438,"Taucorr":0.29617069230517745},"EnergyVariance":{"Mean":2.6789008731460484,"Sigma":1.2977012264896755,"Taucorr":-0.018426441338070698},"Iteration":74},
{"Acceptance":[0.04],"Energy":{"Mean":-6.761283490770284,"Sigma":0.41345422108099905,"Taucorr":0.0065711103145388305},"EnergyVariance":{"Mean":17.406443733151576,"Sigma":8.862568323500591,"Taucorr":0.3611150072196152},"Iteration":75},
{"Acceptance":[0.042727272727272725],"Energy":{"Mean":-5.64943253727181,"Sigma":0.17687298834894646,"Taucorr":0.8818497455165744},"EnergyVariance":{"Mean":1.2442747831239709,"Sigma":0.2749474481775052,"Taucorr":0.2893485867489314},"Iteration":76},
{"Acceptance":[0.04],"Energy":{"Mean":-6.3604395824510735,"Sigma":0.382993447807277,"Taucorr":0.33731148226743557},"EnergyVariance":{"Mean":8.589640654532094,"Sigma":7.875432908635329,"Taucorr":0.5274154577822683},"Iteration":77},
{"Acceptance":[0.04],"Energy":{"Mean":-6.426153515336744,"Sigma":0.23710438442578763,"Taucorr":-0.07982885451458605},"EnergyVariance":{"Mean":7.134878164164375,"Sigma":3.1779928429719426,"Taucorr":-0.024362191704080882},"Iteration":78},
{"Acceptance":[0.04454545454545455],"Energy":{"Mean":-6.171219452331435,"Sigma":0.09306938546319876,"Taucorr":-0.1133735874081081},"EnergyVariance":{"Mean":1.242838177212941,"Sigma":0.8076068022206222,"Taucorr":0.22033407113290027},"Iteration":79},
{"Acceptance":[0.04090909090909091],"Energy":{"Mean":-6.231464660454504,"Sigma":0.3844920039597993,"Taucorr":0.2607059746751824},"EnergyVariance":{"Mean":10.492463596221711,"Sigma":5.261485813146987,"Taucorr":0.21772663429003314},"Iteration":80},
{"Acceptance":[0.03681818181818182],"Energy":{"Mean":-5.797570397426029,"Sigma":0.15326089175809465,"Taucorr":0.8605924375970306},"EnergyVariance":{"Mean":0.8868568139149399,"Sigma":0.16660271294913354,"Taucorr":0.7006275662543189},"Iteration":81},
{"Acceptance":[0.04909090909090909],"Energy":{"Mean":-5.972848438149696,"Sigma":0.47904751515095223,"Taucorr":0.6406947006579349},"EnergyVariance":{"Mean":10.850688096115556,"Sigma":6.833826530914518,"Taucorr":0.7469395830624406},"Iteration":82},
{"Acceptance":[0.053636363636363635],"Energy":{"Mean":-5.865260013370368,"Sigma":0.10678678754029185,"Taucorr":-0.1961300573356365},"EnergyVariance":{"Mean":2.2261512730993767,"Sigma":1.3503724515142628,"Taucorr":0.3525888526142016},"Iteration":83},
{"Acceptance":[0.045454545454545456],"Energy":{"Mean":-7.1706045032876595,"Sigma":0.5611261364863573,"Taucorr":-0.040364016333434394},"EnergyVariance":{"Mean":38.26994005797461,"Sigma":13.212594386271345,"Taucorr":0.10706578136698808},"Iteration":84},
{"Acceptance":[0.038636363636363635],"Energy":{"Mean":-6.010346354674546,"Sigma":0.09593895826910126,"Taucorr":0.7208469731754743},"EnergyVariance":{"Mean":0.6030950095798335,"Sigma":0.131259021380955,"Taucorr":0.7507741048344585},"Iteration":85},
{"Acceptance":[0.04681818181818182],"Energy":{"Mean":-5.918363294562921,"Sigma":0.34019119683091686,"Taucorr":0.3629363689434276},"EnergyVariance":{"Mean":7.521188469179524,"Sigma":5.851862544139463,"Taucorr":0.529528286529684},"Iteration":86},
{"Acceptance":[0.038636363636363635],"Energy":{"Mean":-5.99986593652084,"Sigma":0.17743469560287664,"Taucorr":0.07495679900890373},"EnergyVariance":{"Mean":2.8456617506945068,"Sigma":2.099812326309499,"Taucorr":0.01796647882337077},"Iteration":87},
{"Acceptance":[0.05090909090909091],"Energy":{"Mean":-6.148994551570316,"Sigma":0.393836765911727,"Taucorr":-0.0065986832701647735},"EnergyVariance":{"Mean":16.282088525661187,"Sigma":11.155085408972793,"Taucorr":0.04902203637912361},"Iteration":88},
{"Acceptance":[0.045454545454545456],"Energy":{"Mean":-6.4306562520503805,"Sigma":0.5471082686129144,"Taucorr":0.7150486951595547},"EnergyVariance":{"Mean":12.197773496750328,"Sigma":10.761354960551156,"Taucorr":0.4552849456680338},"Iteration":89},
{"Acceptance":[0.042727272727272725],"Energy":{"Mean":-6.126478902799146,"Sigma":0.24234244169471522,"Taucorr":0.017211720267690245},"EnergyVariance":{"Mean":6.250015411677858,"Sigma":3.7409629259391632,"Taucorr":-0.0016205052976829282},"Iteration":90},
{"Acceptance":[0.045909090909090906],"Energy":{"Mean":-5.980659629607511,"Sigma":0.36970220694520545,"Taucorr":0.3031925752634226},"EnergyVariance":{"Mean":8.790592758293007,"Sigma":4.818053798699388,"Taucorr":0.1956628456362547},"Iteration":91},
{"Acceptance":[0.05272727272727273],"Energy":{"Mean":-6.12807563337816,"Sigma":0.4678487009259721,"Taucorr":0.14487128711356423},"EnergyVariance":{"Mean":18.834780623108976,"Sigma":10.848732041856293,"Taucorr":0.30958086675179874},"Iteration":92},
{"Acceptance":[0.03318181818181818],"Energy":{"Mean":-6.108314006934887,"Sigma":0.16712742663763183,"Taucorr":0.12242580424712246},"EnergyVariance":{"Mean":2.4202657986355316,"Sigma":1.7184365654142089,"Taucorr":0.008674863599353433},"Iteration":93},
{"Acceptance":[0.03636363636363636],"Energy":{"Mean":-6.0352250457768335,"Sigma":0.16851055884773858,"Taucorr":-0.04237130783012982},"EnergyVariance":{"Mean":3.56122657917215,"Sigma":2.7003795257693457,"Taucorr":0.028123362015862075},"Iteration":94},
{"Acceptance":[0.04454545454545455],"Energy":{"Mean":-5.688438652976675,"Sigma":0.22095598072048478,"Taucorr":0.19439742036798002},"EnergyVariance":{"Mean":3.749934614965365,"Sigma":1.950076002759424,"Taucorr":0.1395558703185349},"Iteration":95},
{"Acceptance":[0.045909090909090906],"Energy":{"Mean":-5.799329192259896,"Sigma":0.14146614408485347,"Taucorr":0.03798912620381756},"EnergyVariance":{"Mean":2.5591454547259254,"Sigma":1.4250604492453507,"Taucorr":0.05117759260254695},"Iteration":96},
{"Acceptance":[0.05909090909090909],"Energy":{"Mean":-6.329381850111103,"Sigma":0.32409324013040036,"Taucorr":-0.008797446517959606},"EnergyVariance":{"Mean":13.250435154893895,"Sigma":7.094567498450805,"Taucorr":0.04062371132367282},"Iteration":97},
{"Acceptance":[0.055],"Energy":{"Mean":-5.824646733141052,"Sigma":0.36897767127285314,"Taucorr":-0.01645001334515256},"EnergyVariance":{"Mean":14.379389490010883,"Sigma":12.736628402620273,"Taucorr":0.0019111100516229218},"Iteration":98},
{"Acceptance":[0.04045454545454545],"Energy":{"Mean":-5.850248236094936,"Sigma":0.23309957272294146,"Taucorr":0.277752886194814},"EnergyVariance":{"Mean":3.9347053980161824,"Sigma":2.6988199732585083,"Taucorr":-0.008963682781188032},"Iteration":99} 
]}
{"input": {"L": 10, "J": 1, "machine": {"type": "FFNN", "model": ["relu", 49, 1]}, "sampler": {"type": "MetropolisHop", "d_max": 5}, "optimizer": {"type": "AdaMax", "alpha": 0.001, "beta1": 0.9, "beta2": 0.999, "epscut": 1e-07}, "VMC": {"n_samples": 100, "discarded_samples": 100, "discarded_samples_on_init": 0, "target": "energy", "method": "Gd", "diag_shift": 0.01, "use_iterative": true, "use_cholesky": true}, "n_iter": 100}}
duration: -0.32918214797973633