{"Output": [
{"Acceptance":[0.9634615384615385],"Energy":{"Mean":10.398292968460956,"Sigma":0.26941141402635943,"Taucorr":0.1264656673414638},"EnergyVariance":{"Mean":5.543539278701982,"Sigma":0.8519972987922756,"Taucorr":0.23700426636636107},"Iteration":0},
{"Acceptance":[0.9611538461538461],"Energy":{"Mean":11.036973900586219,"Sigma":0.2394250415443994,"Taucorr":-0.02814710590657238},"EnergyVariance":{"Mean":5.827131843744605,"Sigma":0.8775848902453883,"Taucorr":-0.026522223554861613},"Iteration":1},
{"Acceptance":[0.96],"Energy":{"Mean":10.5685529804667,"Sigma":0.24924499295253932,"Taucorr":0.11874779392720458},"EnergyVariance":{"Mean":4.833568462455145,"Sigma":0.6456663826439019,"Taucorr":-0.023220096751767616},"Iteration":2},
{"Acceptance":[0.9603846153846154],"Energy":{"Mean":10.213559621755419,"Sigma":0.2060690983369505,"Taucorr":-0.18832983818861893},"EnergyVariance":{"Mean":6.552723703540481,"Sigma":0.9390940382200343,"Taucorr":0.06460733817342168},"Iteration":3},
{"Acceptance":[0.9523076923076923],"Energy":{"Mean":10.716748983472822,"Sigma":0.26263843355688987,"Taucorr":0.03126548323337286},"EnergyVariance":{"Mean":6.256207751925499,"Sigma":0.922898882057679,"Taucorr":0.043185742777421265},"Iteration":4},
{"Acceptance":[0.9588461538461538],"Energy":{"Mean":10.328916810939276,"Sigma":0.3068284211267018,"Taucorr":0.10618024238614532},"EnergyVariance":{"Mean":7.53679488725526,"Sigma":1.3884691287603967,"Taucorr":-0.09680916299061681},"Iteration":5},
{"Acceptance":[0.9519230769230769],"Energy":{"Mean":10.744387032820585,"Sigma":0.22688039694673776,"Taucorr":-0.005902165446389607},"EnergyVariance":{"Mean":5.099483850628844,"Sigma":0.4700137460611089,"Taucorr":-0.2720023960116107},"Iteration":6},
{"Acceptance":[0.9534615384615385],"Energy":{"Mean":10.767784668818754,"Sigma":0.3020203379627865,"Taucorr":0.21349375426568085},"EnergyVariance":{"Mean":6.2203237398825095,"Sigma":0.8192430179570205,"Taucorr":0.022179343757034342},"Iteration":7},
{"Acceptance":[0.9465384615384616],"Energy":{"Mean":10.372387940384343,"Sigma":0.31723982169213055,"Taucorr":0.1728660440846661},"EnergyVariance":{"Mean":7.277110590855714,"Sigma":1.0262201035156102,"Taucorr":0.03734883316936044},"Iteration":8},
{"Acceptance":[0.935],"Energy":{"Mean":10.28011593004538,"Sigma":0.2911874490762422,"Taucorr":0.015406734751088447},"EnergyVariance":{"Mean":8.044708883853122,"Sigma":1.2801987641402826,"Taucorr":-0.07149120947153037},"Iteration":9},
{"Acceptance":[0.945],"Energy":{"Mean":10.48302203855337,"Sigma":0.24420742786234748,"Taucorr":-0.07782094434786052},"EnergyVariance":{"Mean":6.939238786704436,"Sigma":1.1940955425154212,"Taucorr":0.1996590541266995},"Iteration":10},
{"Acceptance":[0.94],"Energy":{"Mean":10.538882205455891,"Sigma":0.1826484453006118,"Taucorr":-0.1695688875389033},"EnergyVariance":{"Mean":5.054076449039198,"Sigma":0.8951917859680093,"Taucorr":0.17739149014378663},"Iteration":11},
{"Acceptance":[0.9488461538461539],"Energy":{"Mean":10.314646720387225,"Sigma":0.3633711488780564,"Taucorr":0.22842190890737235},"EnergyVariance":{"Mean":8.83152457024701,"Sigma":0.9780055989447368,"Taucorr":-0.03419769265234601},"Iteration":12},
{"Acceptance":[0.936923076923077],"Energy":{"Mean":10.454309057352628,"Sigma":0.2603136076688465,"Taucorr":0.09130557892031788},"EnergyVariance":{"Mean":5.701352628660715,"Sigma":0.9748313301715633,"Taucorr":0.308427252420306},"Iteration":13},
{"Acceptance":[0.9392307692307692],"Energy":{"Mean":10.856250798338538,"Sigma":0.20294870198583875,"Taucorr":-0.16547508478340411},"EnergyVariance":{"Mean":6.2004203395243636,"Sigma":1.5896641904108575,"Taucorr":0.28006030724753084},"Iteration":14},
{"Acceptance":[0.9296153846153846],"Energy":{"Mean":10.288722232492576,"Sigma":0.22968623040363914,"Taucorr":-0.17151137672250305},"EnergyVariance":{"Mean":7.965305600145879,"Sigma":1.171108393456038,"Taucorr":0.0931898142623272},"Iteration":15},
{"Acceptance":[0.9315384615384615],"Energy":{"Mean":10.527691267485633,"Sigma":0.3516648880603626,"Taucorr":0.2809503858556107},"EnergyVariance":{"Mean":7.962094823048696,"Sigma":1.3455082142708403,"Taucorr":0.2217091189690199},"Iteration":16},
{"Acceptance":[0.9288461538461539],"Energy":{"Mean":10.70259828619806,"Sigma":0.24537417147994442,"Taucorr":-0.07266067827485806},"EnergyVariance":{"Mean":7.055729311940438,"Sigma":1.127405091654234,"Taucorr":0.04198100369039137},"Iteration":17},
{"Acceptance":[0.9376923076923077],"Energy":{"Mean":10.726054180554971,"Sigma":0.24699723019022946,"Taucorr":-0.0016292407990853852},"EnergyVariance":{"Mean":6.251641253404766,"Sigma":0.6127004247441615,"Taucorr":-0.14047374478984764},"Iteration":18},
{"Acceptance":[0.9230769230769231],"Energy":{"Mean":10.351912132106083,"Sigma":0.35663705608366303,"Taucorr":0.39045362059988975},"EnergyVariance":{"Mean":7.139741256179566,"Sigma":0.9186773249928563,"Taucorr":-0.031393204534370334},"Iteration":19},
{"Acceptance":[0.9161538461538462],"Energy":{"Mean":11.005636300597306,"Sigma":0.26713676806077935,"Taucorr":-0.07234366940657172},"EnergyVariance":{"Mean":8.40860978185354,"Sigma":1.177871233199131,"Taucorr":-0.09047235124470154},"Iteration":20},
{"Acceptance":[0.9107692307692308],"Energy":{"Mean":10.675759361056908,"Sigma":0.2642100085930442,"Taucorr":0.23336274005695},"EnergyVariance":{"Mean":5.082479205781896,"Sigma":0.8727510443442157,"Taucorr":0.1716828046094303},"Iteration":21},
{"Acceptance":[0.911923076923077],"Energy":{"Mean":9.664524201115073,"Sigma":0.3193973714556116,"Taucorr":0.19521960060986698},"EnergyVariance":{"Mean":7.459563015224812,"Sigma":1.0832075437212858,"Taucorr":0.016009676903368852},"Iteration":22},
{"Acceptance":[0.9146153846153846],"Energy":{"Mean":10.408404198991672,"Sigma":0.2467517198049924,"Taucorr":-0.08249620855942646},"EnergyVariance":{"Mean":7.504303412966734,"Sigma":1.0366979498896811,"Taucorr":0.05207448885270771},"Iteration":23},
{"Acceptance":[0.9161538461538462],"Energy":{"Mean":10.539651061446763,"Sigma":0.3330652911240717,"Taucorr":0.16440067557971627},"EnergyVariance":{"Mean":8.547248512224813,"Sigma":1.5156470226108671,"Taucorr":0.01087270595737777},"Iteration":24},
{"Acceptance":[0.9192307692307692],"Energy":{"Mean":10.150089228727055,"Sigma":0.3497427196820342,"Taucorr":0.27311045876377893},"EnergyVariance":{"Mean":8.098239730062211,"Sigma":1.1576673720023045,"Taucorr":0.1479431292730008},"Iteration":25},
{"Acceptance":[0.9015384615384615],"Energy":{"Mean":10.380851764739655,"Sigma":0.2795269809716847,"Taucorr":0.09647788738970275},"EnergyVariance":{"Mean":7.015007091868206,"Sigma":1.085159323314605,"Taucorr":0.15992080520529084},"Iteration":26},
{"Acceptance":[0.9007692307692308],"Energy":{"Mean":10.271448271924816,"Sigma":0.2661839736217385,"Taucorr":-0.04567598870850054},"EnergyVariance":{"Mean":8.251563497564728,"Sigma":1.409697157636599,"Taucorr":0.2885503336400498},"Iteration":27},
{"Acceptance":[0.9115384615384615],"Energy":{"Mean":10.423569946453513,"Sigma":0.23502559480321233,"Taucorr":0.06462288824030538},"EnergyVariance":{"Mean":5.5063767999099085,"Sigma":0.8231763263955987,"Taucorr":0.08310269416740901},"Iteration":28},
{"Acceptance":[0.905],"Energy":{"Mean":9.68020677161097,"Sigma":0.2861003729479523,"Taucorr":0.15106507499093402},"EnergyVariance":{"Mean":6.846112710994202,"Sigma":0.9621235242434772,"Taucorr":0.05242804256597555},"Iteration":29},
{"Acceptance":[0.9023076923076923],"Energy":{"Mean":9.702051091544194,"Sigma":0.2673171456683798,"Taucorr":-0.037484340058456855},"EnergyVariance":{"Mean":8.400557244048787,"Sigma":1.3602201395413578,"Taucorr":-0.033401854193324754},"Iteration":30},
{"Acceptance":[0.8996153846153846],"Energy":{"Mean":10.261408910766862,"Sigma":0.2360766947490799,"Taucorr":-0.08848770832564534},"EnergyVariance":{"Mean":7.369665974435818,"Sigma":0.798740699818944,"Taucorr":-0.16909629246146157},"Iteration":31},
{"Acceptance":[0.9069230769230769],"Energy":{"Mean":10.55064669428723,"Sigma":0.31804209109073645,"Taucorr":0.10574791440725884},"EnergyVariance":{"Mean":9.137634254579412,"Sigma":1.2327087271072208,"Taucorr":-0.12922583846229657},"Iteration":32},
{"Acceptance":[0.9046153846153846],"Energy":{"Mean":10.341271715928457,"Sigma":0.2565511194120613,"Taucorr":-0.0534413544764355},"EnergyVariance":{"Mean":8.09941799350873,"Sigma":1.0205320431838387,"Taucorr":0.008015787963561505},"Iteration":33},
{"Acceptance":[0.8857692307692308],"Energy":{"Mean":10.139236941764365,"Sigma":0.28015701110651253,"Taucorr":0.05302339340928974},"EnergyVariance":{"Mean":8.040259878485509,"Sigma":1.0333555726320403,"Taucorr":0.11834221724215899},"Iteration":34},
{"Acceptance":[0.8892307692307693],"Energy":{"Mean":9.494542505607354,"Sigma":0.330559417020066,"Taucorr":0.24044323732508865},"EnergyVariance":{"Mean":7.822596580050027,"Sigma":1.5311400040052543,"Taucorr":0.1909939574679166},"Iteration":35},
{"Acceptance":[0.8823076923076923],"Energy":{"Mean":10.42631890433373,"Sigma":0.21237976652756058,"Taucorr":-0.11318906895492925},"EnergyVariance":{"Mean":6.479188858372837,"Sigma":0.8438043487886346,"Taucorr":0.03240399715564524},"Iteration":36},
{"Acceptance":[0.8707692307692307],"Energy":{"Mean":9.540619832267742,"Sigma":0.31902799140592086,"Taucorr":0.2096909743156965},"EnergyVariance":{"Mean":7.8136551364313735,"Sigma":1.0419154720699444,"Taucorr":-0.05159457552067381},"Iteration":37},
{"Acceptance":[0.8707692307692307],"Energy":{"Mean":10.050965131773953,"Sigma":0.24447788956241992,"Taucorr":-0.08210167212603187},"EnergyVariance":{"Mean":8.425229547337686,"Sigma":0.8584666396027902,"Taucorr":-0.010386412494420072},"Iteration":38},
{"Acceptance":[0.8861538461538462],"Energy":{"Mean":9.91324709962875,"Sigma":0.3805027671001236,"Taucorr":0.2816580273174807},"EnergyVariance":{"Mean":10.2899090879309,"Sigma":0.8863961816795652,"Taucorr":-0.13894885875198704},"Iteration":39},
{"Acceptance":[0.8830769230769231],"Energy":{"Mean":9.54121766242757,"Sigma":0.30002546612744657,"Taucorr":0.04332469278358131},"EnergyVariance":{"Mean":9.013847721518788,"Sigma":1.4448106065872004,"Taucorr":0.0035377042168897033},"Iteration":40},
{"Acceptance":[0.8746153846153846],"Energy":{"Mean":10.192228389061398,"Sigma":0.3451065351408173,"Taucorr":0.24831262482071603},"EnergyVariance":{"Mean":9.292495396318767,"Sigma":0.9938351720868427,"Taucorr":-0.21614740292095808},"Iteration":41},
{"Acceptance":[0.8719230769230769],"Energy":{"Mean":10.187522586358133,"Sigma":0.26507878788339845,"Taucorr":0.018759759895690564},"EnergyVariance":{"Mean":7.782635855747975,"Sigma":0.8826499412999083,"Taucorr":-0.09106083512525465},"Iteration":42},
{"Acceptance":[0.8680769230769231],"Energy":{"Mean":9.311910540286133,"Sigma":0.35153487502071284,"Taucorr":0.24620011560579258},"EnergyVariance":{"Mean":9.406393428362179,"Sigma":1.196825440303358,"Taucorr":0.16060128412478458},"Iteration":43},
{"Acceptance":[0.8646153846153846],"Energy":{"Mean":9.599168734351998,"Sigma":0.2621160140159839,"Taucorr":-0.00756262672517527},"EnergyVariance":{"Mean":7.652468320139011,"Sigma":1.1582466404073624,"Taucorr":0.09550191784806994},"Iteration":44},
{"Acceptance":[0.8561538461538462],"Energy":{"Mean":10.04625173116886,"Sigma":0.26659949908625674,"Taucorr":0.06788064152538564},"EnergyVariance":{"Mean":7.653663184578539,"Sigma":0.7521343720391968,"Taucorr":-0.08527037092694456},"Iteration":45},
{"Acceptance":[0.8411538461538461],"Energy":{"Mean":9.816519882397694,"Sigma":0.26780664492699163,"Taucorr":-0.07248241284931461},"EnergyVariance":{"Mean":9.439317711982408,"Sigma":1.0695878517594863,"Taucorr":-0.07406354332484982},"Iteration":46},
{"Acceptance":[0.8515384615384616],"Energy":{"Mean":9.229691813392572,"Sigma":0.2711224251116629,"Taucorr":-0.014931771744535693},"EnergyVariance":{"Mean":9.121201745530248,"Sigma":1.266932705571819,"Taucorr":0.28169216973183},"Iteration":47},
{"Acceptance":[0.8542307692307692],"Energy":{"Mean":9.09161281677402,"Sigma":0.24988618614862776,"Taucorr":-0.0359175559473619},"EnergyVariance":{"Mean":8.400771307387718,"Sigma":0.893618720393574,"Taucorr":-0.14579068288091818},"Iteration":48},
{"Acceptance":[0.8446153846153847],"Energy":{"Mean":9.67313961538649,"Sigma":0.3118502628104378,"Taucorr":0.006622510113780233},"EnergyVariance":{"Mean":10.777857043595851,"Sigma":1.4183202533931152,"Taucorr":0.05630785574279484},"Iteration":49},
{"Acceptance":[0.85],"Energy":{"Mean":8.912609007295043,"Sigma":0.23149772920895645,"Taucorr":-0.14864279470257435},"EnergyVariance":{"Mean":9.47750530017197,"Sigma":1.138001876106329,"Taucorr":-0.023946106320801908},"Iteration":50},
{"Acceptance":[0.833076923076923],"Energy":{"Mean":9.872451006658427,"Sigma":0.3546783018018105,"Taucorr":0.35595333990156386},"EnergyVariance":{"Mean":8.84406383064864,"Sigma":1.0896826049644253,"Taucorr":-0.09396768149172019},"Iteration":51},
{"Acceptance":[0.8326923076923077],"Energy":{"Mean":9.268499743050793,"Sigma":0.377888962972114,"Taucorr":0.2383151477187112},"EnergyVariance":{"Mean":10.832763104598648,"Sigma":1.5285787579397396,"Taucorr":0.14947287484580785},"Iteration":52},
{"Acceptance":[0.8434615384615385],"Energy":{"Mean":9.685469108004906,"Sigma":0.349809636506521,"Taucorr":0.17851605600635112},"EnergyVariance":{"Mean":10.836946435294124,"Sigma":1.7186710327540493,"Taucorr":0.11994583906829581},"Iteration":53},
{"Acceptance":[0.823076923076923],"Energy":{"Mean":8.829240114714649,"Sigma":0.3163426941305001,"Taucorr":0.0677169279801888},"EnergyVariance":{"Mean":10.789161397154466,"Sigma":1.1321622181189042,"Taucorr":-0.17419059347237115},"Iteration":54},
{"Acceptance":[0.8323076923076923],"Energy":{"Mean":9.400110409396722,"Sigma":0.28611451852688996,"Taucorr":-0.0810633300665129},"EnergyVariance":{"Mean":11.374713492757426,"Sigma":1.1889450307969376,"Taucorr":-0.1491712991350233},"Iteration":55},
{"Acceptance":[0.8223076923076923],"Energy":{"Mean":9.029711921400661,"Sigma":0.3198617754866029,"Taucorr":0.00594808855416562},"EnergyVariance":{"Mean":11.772323330981134,"Sigma":1.901164699648077,"Taucorr":0.24653561626479759},"Iteration":56},
{"Acceptance":[0.8142307692307692],"Energy":{"Mean":9.123986068952185,"Sigma":0.27476282183822076,"Taucorr":0.12238462484253809},"EnergyVariance":{"Mean":7.784044845157567,"Sigma":1.0939356301713172,"Taucorr":0.2823699741230582},"Iteration":57},
{"Acceptance":[0.81],"Energy":{"Mean":9.161376819409405,"Sigma":0.2990766973005981,"Taucorr":0.16391406430350397},"EnergyVariance":{"Mean":9.163865231800427,"Sigma":1.5483595649866075,"Taucorr":0.2070344706787437},"Iteration":58},
{"Acceptance":[0.825],"Energy":{"Mean":9.177803559154784,"Sigma":0.3279522182457546,"Taucorr":0.02997836640750806},"EnergyVariance":{"Mean":11.793812844396081,"Sigma":1.300090722902352,"Taucorr":-0.02477898477493845},"Iteration":59},
{"Acceptance":[0.808076923076923],"Energy":{"Mean":8.951486007694307,"Sigma":0.2908855064298169,"Taucorr":0.169801567766648},"EnergyVariance":{"Mean":7.979464365935903,"Sigma":1.1955775512649598,"Taucorr":0.06887560617464905},"Iteration":60},
{"Acceptance":[0.775],"Energy":{"Mean":8.661810024463408,"Sigma":0.4010816211957205,"Taucorr":0.12852714491165296},"EnergyVariance":{"Mean":14.668454899912142,"Sigma":2.0244038011518044,"Taucorr":0.09079642374405827},"Iteration":61},
{"Acceptance":[0.7934615384615384],"Energy":{"Mean":9.022499918829972,"Sigma":0.3257081574084752,"Taucorr":0.11409053039368056},"EnergyVariance":{"Mean":11.828986735836853,"Sigma":1.4259236567241111,"Taucorr":-0.07564547301082686},"Iteration":62},
{"Acceptance":[0.7880769230769231],"Energy":{"Mean":8.809436354351035,"Sigma":0.3502151499070501,"Taucorr":0.07776658237663547},"EnergyVariance":{"Mean":13.598814109538901,"Sigma":1.5796170347991645,"Taucorr":-0.06359827551791342},"Iteration":63},
{"Acceptance":[0.7676923076923077],"Energy":{"Mean":7.455278058042709,"Sigma":0.36386548262186325,"Taucorr":0.14192650634259352},"EnergyVariance":{"Mean":12.535383642113173,"Sigma":1.9415849651108754,"Taucorr":0.3092028699375152},"Iteration":64},
{"Acceptance":[0.7984615384615384],"Energy":{"Mean":9.179055421644946,"Sigma":0.3420631029643884,"Taucorr":0.12126120621348457},"EnergyVariance":{"Mean":12.538285034773176,"Sigma":1.6315795403633204,"Taucorr":0.004006415876257496},"Iteration":65},
{"Acceptance":[0.7723076923076924],"Energy":{"Mean":8.343340794034575,"Sigma":0.44852181385989104,"Taucorr":0.47946306013581785},"EnergyVariance":{"Mean":12.150639253361714,"Sigma":2.477729925730742,"Taucorr":0.3138266925122579},"Iteration":66},
{"Acceptance":[0.7769230769230769],"Energy":{"Mean":8.881569096099996,"Sigma":0.397064193550468,"Taucorr":0.2414979454222712},"EnergyVariance":{"Mean":13.32328590811922,"Sigma":2.1777471188950392,"Taucorr":0.1222556041830325},"Iteration":67},
{"Acceptance":[0.7442307692307693],"Energy":{"Mean":8.034785983334528,"Sigma":0.42779658046456615,"Taucorr":0.2733172702269163},"EnergyVariance":{"Mean":14.696759608596892,"Sigma":2.3578624414251523,"Taucorr":0.3014045504952939},"Iteration":68},
{"Acceptance":[0.7565384615384615],"Energy":{"Mean":7.976665008344865,"Sigma":0.3560982630252851,"Taucorr":0.1552335282144055},"EnergyVariance":{"Mean":12.063302227940673,"Sigma":1.4043438202069851,"Taucorr":-0.060147519625764034},"Iteration":69},
{"Acceptance":[0.7553846153846154],"Energy":{"Mean":8.323371979186684,"Sigma":0.37491318556124603,"Taucorr":0.28331794268131516},"EnergyVariance":{"Mean":10.761161434819352,"Sigma":1.8428068836062423,"Taucorr":0.2157692273283942},"Iteration":70},
{"Acceptance":[0.7384615384615385],"Energy":{"Mean":8.286639704649751,"Sigma":0.3085968614018467,"Taucorr":-0.035871674824236366},"EnergyVariance":{"Mean":12.254957652050416,"Sigma":1.804847023874786,"Taucorr":0.13967312772110274},"Iteration":71},
{"Acceptance":[0.7292307692307692],"Energy":{"Mean":7.051587096255319,"Sigma":0.44388304770556575,"Taucorr":0.3641599350229414},"EnergyVariance":{"Mean":14.193098179063082,"Sigma":2.0947307492287504,"Taucorr":0.11387118056217704},"Iteration":72},
{"Acceptance":[0.7161538461538461],"Energy":{"Mean":7.795461077600826,"Sigma":0.3783044655034647,"Taucorr":0.16547323742048903},"EnergyVariance":{"Mean":14.120816502635723,"Sigma":1.5476610296456788,"Taucorr":-0.049847594646741045},"Iteration":73},
{"Acceptance":[0.6996153846153846],"Energy":{"Mean":7.324797955527711,"Sigma":0.5834381919183216,"Taucorr":0.4392563108455009},"EnergyVariance":{"Mean":21.288985482229883,"Sigma":2.739183502769128,"Taucorr":0.06170999913919262},"Iteration":74},
{"Acceptance":[0.6807692307692308],"Energy":{"Mean":7.175330932931471,"Sigma":0.4983757897956157,"Taucorr":0.20929858587095784},"EnergyVariance":{"Mean":19.043404719401703,"Sigma":3.2755607734415673,"Taucorr":0.1425858244464563},"Iteration":75},
{"Acceptance":[0.6876923076923077],"Energy":{"Mean":7.071917579759547,"Sigma":0.4866153663715453,"Taucorr":0.29705139773614897},"EnergyVariance":{"Mean":17.589263135611667,"Sigma":2.3760688739406848,"Taucorr":0.046050630927029435},"Iteration":76},
{"Acceptance":[0.6961538461538461],"Energy":{"Mean":7.523236078169681,"Sigma":0.44480113949858474,"Taucorr":0.23050567993713866},"EnergyVariance":{"Mean":16.827107090194097,"Sigma":2.080893602252059,"Taucorr":-0.14332448288957444},"Iteration":77},
{"Acceptance":[0.6996153846153846],"Energy":{"Mean":6.666352973656469,"Sigma":0.5015768180722758,"Taucorr":0.2197082483731968},"EnergyVariance":{"Mean":18.946783526660784,"Sigma":3.66201513726679,"Taucorr":0.2524948022915645},"Iteration":78},
{"Acceptance":[0.7023076923076923],"Energy":{"Mean":8.40159964410031,"Sigma":0.3427020383691292,"Taucorr":0.11139825561222505},"EnergyVariance":{"Mean":12.157293353329036,"Sigma":1.3528350038751227,"Taucorr":-0.10706295212291517},"Iteration":79},
{"Acceptance":[0.6876923076923077],"Energy":{"Mean":6.609434940537315,"Sigma":0.4714596831836573,"Taucorr":0.28491525239596327},"EnergyVariance":{"Mean":16.740785572642885,"Sigma":2.2529370502716204,"Taucorr":0.14516726021537063},"Iteration":80},
{"Acceptance":[0.6242307692307693],"Energy":{"Mean":6.189633833302312,"Sigma":0.759181740934035,"Taucorr":0.7660612331412546},"EnergyVariance":{"Mean":25.07888570194269,"Sigma":5.061806067173775,"Taucorr":0.8055259959943628},"Iteration":81},
{"Acceptance":[0.683076923076923],"Energy":{"Mean":6.952786593706774,"Sigma":0.4004382944598486,"Taucorr":-0.059343469984221575},"EnergyVariance":{"Mean":20.29362045381199,"Sigma":2.775987328643971,"Taucorr":-0.1672956178586869},"Iteration":82},
{"Acceptance":[0.5919230769230769],"Energy":{"Mean":6.251505174891921,"Sigma":0.7034724227921493,"Taucorr":0.6176097607045039},"EnergyVariance":{"Mean":23.710638649450555,"Sigma":4.569408995677455,"Taucorr":0.7088070476161452},"Iteration":83},
{"Acceptance":[0.6534615384615384],"Energy":{"Mean":6.51802618398667,"Sigma":0.6222931025921994,"Taucorr":0.520253540153971},"EnergyVariance":{"Mean":21.40893882075478,"Sigma":4.114113297668579,"Taucorr":0.3487593390572775},"Iteration":84},
{"Acceptance":[0.5734615384615385],"Energy":{"Mean":6.093950667798503,"Sigma":0.6380909473611931,"Taucorr":0.5672572638369298},"EnergyVariance":{"Mean":22.29288857534387,"Sigma":4.343816439638756,"Taucorr":0.2826511534819771},"Iteration":85},
{"Acceptance":[0.5988461538461538],"Energy":{"Mean":6.227690390982775,"Sigma":0.7189972177208864,"Taucorr":0.6875947935192979},"EnergyVariance":{"Mean":24.92203875642557,"Sigma":4.247191635549159,"Taucorr":0.30212563930592784},"Iteration":86},
{"Acceptance":[0.5803846153846154],"Energy":{"Mean":4.630357986452989,"Sigma":0.8133254478642707,"Taucorr":0.7057349364347407},"EnergyVariance":{"Mean":28.927108969203864,"Sigma":4.410958042649677,"Taucorr":0.38742872687366536},"Iteration":87},
{"Acceptance":[0.5215384615384615],"Energy":{"Mean":3.9468421729758085,"Sigma":0.8067331419355335,"Taucorr":0.7449349730491803},"EnergyVariance":{"Mean":27.33478304012668,"Sigma":3.697061580428976,"Taucorr":0.2933348138635229},"Iteration":88},
{"Acceptance":[0.5892307692307692],"Energy":{"Mean":6.007693153899729,"Sigma":0.8989445199665018,"Taucorr":0.9493082691648385},"EnergyVariance":{"Mean":29.926463870293972,"Sigma":6.1640683017383795,"Taucorr":0.765005409398807},"Iteration":89},
{"Acceptance":[0.43038461538461537],"Energy":{"Mean":2.007721539650474,"Sigma":1.0809713532043335,"Taucorr":0.9848249224633219},"EnergyVariance":{"Mean":42.07623335605751,"Sigma":5.085669946772713,"Taucorr":0.39378590198424956},"Iteration":90},
{"Acceptance":[0.5484615384615384],"Energy":{"Mean":3.607186204869437,"Sigma":1.050713408807757,"Taucorr":1.0487271684423989},"EnergyVariance":{"Mean":38.478461325745904,"Sigma":4.810275877705205,"Taucorr":0.2789056974119555},"Iteration":91},
{"Acceptance":[0.4746153846153846],"Energy":{"Mean":3.557987841574425,"Sigma":0.9185570119014974,"Taucorr":0.7853427454628747},"EnergyVariance":{"Mean":34.665134096620044,"Sigma":4.362667798581137,"Taucorr":0.4576967774303332},"Iteration":92},
{"Acceptance":[0.43346153846153845],"Energy":{"Mean":2.441767171879893,"Sigma":0.8946808232466505,"Taucorr":0.7919185984208772},"EnergyVariance":{"Mean":32.90126025437847,"Sigma":3.1859874923187523,"Taucorr":0.14283893637310252},"Iteration":93},
{"Acceptance":[0.4919230769230769],"Energy":{"Mean":3.728893680050832,"Sigma":0.927968364469036,"Taucorr":0.7050796660089642},"EnergyVariance":{"Mean":37.95538214328059,"Sigma":3.97379111868206,"Taucorr":0.11168197978544292},"Iteration":94},
{"Acceptance":[0.5138461538461538],"Energy":{"Mean":3.1124861142026488,"Sigma":1.040932503347595,"Taucorr":0.958011904598465},"EnergyVariance":{"Mean":39.5824586089654,"Sigma":4.698803621129961,"Taucorr":0.34948438410784344},"Iteration":95},
{"Acceptance":[0.34076923076923077],"Energy":{"Mean":1.0094312840491249,"Sigma":1.0344512352978041,"Taucorr":0.9275320891135044},"EnergyVariance":{"Mean":38.97532217640317,"Sigma":5.405610090248881,"Taucorr":0.5730512431847181},"Iteration":96},
{"Acceptance":[0.32384615384615384],"Energy":{"Mean":0.6897566222790281,"Sigma":1.130454635757285,"Taucorr":0.9875639930425559},"EnergyVariance":{"Mean":43.6602708090109,"Sigma":4.655350176813287,"Taucorr":0.32007016198188487},"Iteration":97},
{"Acceptance":[0.3707692307692308],"Energy":{"Mean":-0.02122213871086237,"Sigma":1.1488326546925147,"Taucorr":1.1244519482132995},"EnergyVariance":{"Mean":40.912985597403704,"Sigma":3.911760919974791,"Taucorr":0.038391675301078565},"Iteration":98},
{"Acceptance":[0.3776923076923077],"Energy":{"Mean":0.6886295090683263,"Sigma":1.1028319852612314,"Taucorr":1.0273276117159953},"EnergyVariance":{"Mean":41.372562009224325,"Sigma":4.179117155197998,"Taucorr":0.33721476319777377},"Iteration":99} 
]}
{"input": {"L": 12, "J": 1, "machine": {"type": "FFNN", "model": ["relu", 3, 2]}, "sampler": {"type": "MetropolisHop", "d_max": 5}, "optimizer": {"type": "AdaMax", "alpha": 0.001, "beta1": 0.9, "beta2": 0.999, "epscut": 1e-07}, "VMC": {"n_samples": 100, "discarded_samples": 100, "discarded_samples_on_init": 0, "target": "energy", "method": "Gd", "diag_shift": 0.01, "use_iterative": true, "use_cholesky": true}, "n_iter": 100}}
duration: -0.36184072494506836