{"Output": [
{"Acceptance":[0.9473076923076923],"Energy":{"Mean":10.352453504506386,"Sigma":0.30509950956301,"Taucorr":0.20570136954044194},"EnergyVariance":{"Mean":6.335963905734362,"Sigma":0.9738815664538287,"Taucorr":-0.028904672347487392},"Iteration":0},
{"Acceptance":[0.9326923076923077],"Energy":{"Mean":10.574761097703353,"Sigma":0.27229875585757785,"Taucorr":0.03666039861588544},"EnergyVariance":{"Mean":6.6735211175096865,"Sigma":0.7950149917900635,"Taucorr":-0.02283873562708838},"Iteration":1},
{"Acceptance":[0.93],"Energy":{"Mean":10.98186514776146,"Sigma":0.22536727158076592,"Taucorr":-0.14840205528947925},"EnergyVariance":{"Mean":6.991448617739148,"Sigma":1.1132211622115358,"Taucorr":-0.020191914094992047},"Iteration":2},
{"Acceptance":[0.9246153846153846],"Energy":{"Mean":10.627755849673242,"Sigma":0.22243164559008047,"Taucorr":0.06829513034714207},"EnergyVariance":{"Mean":4.31178495378126,"Sigma":0.6671188392536567,"Taucorr":0.003988744337120487},"Iteration":3},
{"Acceptance":[0.9253846153846154],"Energy":{"Mean":10.681144263902567,"Sigma":0.2953267731130263,"Taucorr":0.05300756862809208},"EnergyVariance":{"Mean":7.724592388779045,"Sigma":1.3729649126616141,"Taucorr":0.021571251369954303},"Iteration":4},
{"Acceptance":[0.9265384615384615],"Energy":{"Mean":10.564031958304325,"Sigma":0.24356938244515114,"Taucorr":-0.1381247243672905},"EnergyVariance":{"Mean":8.054815880994866,"Sigma":0.8684671384523045,"Taucorr":-0.15800379017849303},"Iteration":5},
{"Acceptance":[0.9126923076923077],"Energy":{"Mean":10.57837505136848,"Sigma":0.2574332348980255,"Taucorr":0.03015605641260055},"EnergyVariance":{"Mean":6.319523653099788,"Sigma":0.9871860719079099,"Taucorr":-0.14870553673549036},"Iteration":6},
{"Acceptance":[0.911923076923077],"Energy":{"Mean":10.613561950175033,"Sigma":0.2132540227740399,"Taucorr":-0.11848313404133037},"EnergyVariance":{"Mean":6.080990325100586,"Sigma":0.7650305978941057,"Taucorr":-0.06190540151490237},"Iteration":7},
{"Acceptance":[0.8992307692307693],"Energy":{"Mean":10.538811268538925,"Sigma":0.27215060463789903,"Taucorr":0.07622289022834339},"EnergyVariance":{"Mean":6.492847898374742,"Sigma":0.6132698574348847,"Taucorr":-0.13704548040829667},"Iteration":8},
{"Acceptance":[0.8976923076923077],"Energy":{"Mean":10.359810681064998,"Sigma":0.2412051010378879,"Taucorr":-0.03285139929244929},"EnergyVariance":{"Mean":6.330388070349592,"Sigma":0.6160109413498657,"Taucorr":-0.03442198400165347},"Iteration":9},
{"Acceptance":[0.8907692307692308],"Energy":{"Mean":10.423140913787432,"Sigma":0.2486785020053128,"Taucorr":-0.13809478942182873},"EnergyVariance":{"Mean":8.557799271663583,"Sigma":1.108801963994731,"Taucorr":0.013689903845031881},"Iteration":10},
{"Acceptance":[0.8811538461538462],"Energy":{"Mean":10.570294638396952,"Sigma":0.27082298340638017,"Taucorr":0.12577465147119182},"EnergyVariance":{"Mean":6.173457280018989,"Sigma":0.5395682195109159,"Taucorr":-0.21761259226180474},"Iteration":11},
{"Acceptance":[0.875],"Energy":{"Mean":9.964745466628216,"Sigma":0.25634194252404247,"Taucorr":0.06132460186815003},"EnergyVariance":{"Mean":6.301192901943662,"Sigma":0.5426059274379277,"Taucorr":-0.26462265652711636},"Iteration":12},
{"Acceptance":[0.8919230769230769],"Energy":{"Mean":10.396014128584518,"Sigma":0.3206223868852291,"Taucorr":0.30032661237083447},"EnergyVariance":{"Mean":6.7008699010717026,"Sigma":0.9081796288605469,"Taucorr":-0.014814542031922895},"Iteration":13},
{"Acceptance":[0.8746153846153846],"Energy":{"Mean":10.771103926942088,"Sigma":0.2667839051109486,"Taucorr":0.03235977734131079},"EnergyVariance":{"Mean":6.970585840863073,"Sigma":0.8437254538941519,"Taucorr":-0.0954869890111158},"Iteration":14},
{"Acceptance":[0.8684615384615385],"Energy":{"Mean":10.176352724832993,"Sigma":0.2802685265670792,"Taucorr":0.06956215610418937},"EnergyVariance":{"Mean":7.424418472429863,"Sigma":1.0285089480811636,"Taucorr":0.11801924732037317},"Iteration":15},
{"Acceptance":[0.865],"Energy":{"Mean":10.28028439019077,"Sigma":0.20922080768567353,"Taucorr":-0.16855884988604464},"EnergyVariance":{"Mean":7.293214870954988,"Sigma":0.7675363753046475,"Taucorr":0.007758202083292809},"Iteration":16},
{"Acceptance":[0.865],"Energy":{"Mean":9.764113288415203,"Sigma":0.24623001887592638,"Taucorr":-0.12144731373888878},"EnergyVariance":{"Mean":8.613864440693913,"Sigma":1.0717648164450018,"Taucorr":0.020990506029560985},"Iteration":17},
{"Acceptance":[0.8592307692307692],"Energy":{"Mean":10.102091766529787,"Sigma":0.26415375226912313,"Taucorr":-0.11840659931813297},"EnergyVariance":{"Mean":10.013222663168246,"Sigma":1.047251627675683,"Taucorr":-0.15023031179493573},"Iteration":18},
{"Acceptance":[0.8703846153846154],"Energy":{"Mean":10.143410499835978,"Sigma":0.232230117991394,"Taucorr":-0.12635726990809065},"EnergyVariance":{"Mean":8.113320225132785,"Sigma":1.1785514689279917,"Taucorr":0.08739957162178824},"Iteration":19},
{"Acceptance":[0.8692307692307693],"Energy":{"Mean":10.185339359248118,"Sigma":0.18596418928862235,"Taucorr":-0.24319761913001076},"EnergyVariance":{"Mean":7.8310240771062904,"Sigma":1.1241491718228034,"Taucorr":-0.03920693870550651},"Iteration":20},
{"Acceptance":[0.8415384615384616],"Energy":{"Mean":10.056692239342032,"Sigma":0.23165471217683228,"Taucorr":-0.1212717720984654},"EnergyVariance":{"Mean":8.124024443528194,"Sigma":0.750369047153622,"Taucorr":-0.16790706300612968},"Iteration":21},
{"Acceptance":[0.8392307692307692],"Energy":{"Mean":9.943131791700939,"Sigma":0.3139972364576331,"Taucorr":0.12812998166270873},"EnergyVariance":{"Mean":8.819854848367386,"Sigma":0.6876152137040068,"Taucorr":-0.18629447063972293},"Iteration":22},
{"Acceptance":[0.835],"Energy":{"Mean":9.186625662331549,"Sigma":0.32580725427257107,"Taucorr":0.07816027838931261},"EnergyVariance":{"Mean":10.224947083692216,"Sigma":0.8333960894626498,"Taucorr":-0.2835175583885834},"Iteration":23},
{"Acceptance":[0.8461538461538461],"Energy":{"Mean":9.48732756976819,"Sigma":0.3057206387256229,"Taucorr":0.1423586527097841},"EnergyVariance":{"Mean":8.57283867855726,"Sigma":1.5288847020409568,"Taucorr":0.20357261826204243},"Iteration":24},
{"Acceptance":[0.828076923076923],"Energy":{"Mean":9.672920796054965,"Sigma":0.3264563970344819,"Taucorr":0.27962643821674116},"EnergyVariance":{"Mean":8.09606828060793,"Sigma":0.7864157580455285,"Taucorr":-0.0439761244959056},"Iteration":25},
{"Acceptance":[0.8392307692307692],"Energy":{"Mean":10.032627211401856,"Sigma":0.31992311189146005,"Taucorr":0.2385484094865673},"EnergyVariance":{"Mean":8.673494908079942,"Sigma":0.8474547690022534,"Taucorr":-0.11385740973819308},"Iteration":26},
{"Acceptance":[0.8480769230769231],"Energy":{"Mean":9.018783869538002,"Sigma":0.34239191233707045,"Taucorr":0.0816121833890332},"EnergyVariance":{"Mean":11.860008568892061,"Sigma":1.5519355666401875,"Taucorr":0.2166186931173565},"Iteration":27},
{"Acceptance":[0.803076923076923],"Energy":{"Mean":9.234663313273002,"Sigma":0.29195675850613123,"Taucorr":-0.008645869456818778},"EnergyVariance":{"Mean":10.132497885413528,"Sigma":1.0742542654872762,"Taucorr":-0.15475576066186347},"Iteration":28},
{"Acceptance":[0.8153846153846154],"Energy":{"Mean":9.102742826657723,"Sigma":0.28232459644097635,"Taucorr":0.09661610542415144},"EnergyVariance":{"Mean":8.234275609747836,"Sigma":0.9430158891248056,"Taucorr":-0.07802952863448559},"Iteration":29},
{"Acceptance":[0.8157692307692308],"Energy":{"Mean":9.22862923877823,"Sigma":0.268495527703449,"Taucorr":-0.0215888963200615},"EnergyVariance":{"Mean":9.138384368327529,"Sigma":1.131116691213071,"Taucorr":-0.13611776016772148},"Iteration":30},
{"Acceptance":[0.8088461538461539],"Energy":{"Mean":9.111811240454363,"Sigma":0.2618012615014424,"Taucorr":-0.01250982757901059},"EnergyVariance":{"Mean":9.847737104483484,"Sigma":1.0002850499541798,"Taucorr":-0.11672984813074155},"Iteration":31},
{"Acceptance":[0.8],"Energy":{"Mean":8.946848387546517,"Sigma":0.2866848863402507,"Taucorr":0.03511521990318234},"EnergyVariance":{"Mean":9.593627878590222,"Sigma":1.1142241985491275,"Taucorr":0.0007957479460968253},"Iteration":32},
{"Acceptance":[0.7896153846153846],"Energy":{"Mean":8.757326628871583,"Sigma":0.2950644202749567,"Taucorr":0.010057901501212219},"EnergyVariance":{"Mean":10.448530060208071,"Sigma":0.8954342772566171,"Taucorr":-0.1558632106558644},"Iteration":33},
{"Acceptance":[0.7876923076923077],"Energy":{"Mean":8.12622309566298,"Sigma":0.3943972310143142,"Taucorr":0.38364443468050213},"EnergyVariance":{"Mean":10.816253077915425,"Sigma":1.1778360786055717,"Taucorr":0.07728231665571694},"Iteration":34},
{"Acceptance":[0.7880769230769231],"Energy":{"Mean":8.535458044590975,"Sigma":0.3219292961356566,"Taucorr":0.09109480974086459},"EnergyVariance":{"Mean":10.993820537019811,"Sigma":1.1202953850752033,"Taucorr":0.011596865419738034},"Iteration":35},
{"Acceptance":[0.7823076923076923],"Energy":{"Mean":9.125944078551072,"Sigma":0.34332133333826254,"Taucorr":0.1263353468594126},"EnergyVariance":{"Mean":12.126743928617582,"Sigma":1.207449244219815,"Taucorr":0.08278170100939874},"Iteration":36},
{"Acceptance":[0.7746153846153846],"Energy":{"Mean":8.435442388780192,"Sigma":0.3555763781515243,"Taucorr":0.2650956983186883},"EnergyVariance":{"Mean":11.302955032504345,"Sigma":1.0492079815218966,"Taucorr":-0.10116407991354187},"Iteration":37},
{"Acceptance":[0.7723076923076924],"Energy":{"Mean":9.066439196302564,"Sigma":0.31185279990992604,"Taucorr":0.16423188452477777},"EnergyVariance":{"Mean":10.450439896800392,"Sigma":1.1680135106520257,"Taucorr":-0.08266176384395929},"Iteration":38},
{"Acceptance":[0.7488461538461538],"Energy":{"Mean":7.426441148949593,"Sigma":0.3450948098690855,"Taucorr":0.1682681383132043},"EnergyVariance":{"Mean":12.455711662540544,"Sigma":1.49016875484676,"Taucorr":0.006425356460075249},"Iteration":39},
{"Acceptance":[0.735],"Energy":{"Mean":7.908753021699438,"Sigma":0.3101744765984915,"Taucorr":0.08914965068948788},"EnergyVariance":{"Mean":10.698090653757603,"Sigma":1.2917091840952548,"Taucorr":-0.026934806408380196},"Iteration":40},
{"Acceptance":[0.74],"Energy":{"Mean":7.938832269838267,"Sigma":0.3161935865125423,"Taucorr":-0.012858742420864766},"EnergyVariance":{"Mean":12.984461724961315,"Sigma":1.4797791578470814,"Taucorr":-0.00985933519609633},"Iteration":41},
{"Acceptance":[0.7253846153846154],"Energy":{"Mean":8.07928661925333,"Sigma":0.3530944003859667,"Taucorr":0.1299815258215279},"EnergyVariance":{"Mean":13.653418648830234,"Sigma":1.4985022699493966,"Taucorr":-0.099782452957073},"Iteration":42},
{"Acceptance":[0.7403846153846154],"Energy":{"Mean":7.9452454191116,"Sigma":0.37114282050092257,"Taucorr":0.240372239376607},"EnergyVariance":{"Mean":13.02701475200846,"Sigma":1.3800680321208822,"Taucorr":0.1712189601083508},"Iteration":43},
{"Acceptance":[0.7388461538461538],"Energy":{"Mean":7.66840976445217,"Sigma":0.42380337649600486,"Taucorr":0.32296310949908935},"EnergyVariance":{"Mean":14.273780780231476,"Sigma":1.8153085146222014,"Taucorr":0.13924141355332242},"Iteration":44},
{"Acceptance":[0.7015384615384616],"Energy":{"Mean":7.693544812362506,"Sigma":0.34830635727746295,"Taucorr":0.11979275763954811},"EnergyVariance":{"Mean":12.59404182700399,"Sigma":1.502649088950854,"Taucorr":-0.0786776501210108},"Iteration":45},
{"Acceptance":[0.7138461538461538],"Energy":{"Mean":7.275736079202265,"Sigma":0.40215281425991145,"Taucorr":0.24294166672574924},"EnergyVariance":{"Mean":14.536175891756802,"Sigma":1.8597882131315715,"Taucorr":0.12293243905926032},"Iteration":46},
{"Acceptance":[0.71],"Energy":{"Mean":7.673248073602778,"Sigma":0.3639600624496695,"Taucorr":0.172419887516849},"EnergyVariance":{"Mean":13.545338963055832,"Sigma":1.4792653082439613,"Taucorr":0.17072979697572288},"Iteration":47},
{"Acceptance":[0.705],"Energy":{"Mean":7.320612616374621,"Sigma":0.34106629804805516,"Taucorr":0.16728098281798798},"EnergyVariance":{"Mean":12.355554562279412,"Sigma":1.5080155110150102,"Taucorr":2.5327591692048124e-05},"Iteration":48},
{"Acceptance":[0.7],"Energy":{"Mean":7.483389898832654,"Sigma":0.45248566866707346,"Taucorr":0.41128127322874186},"EnergyVariance":{"Mean":15.656698142224805,"Sigma":2.471336301115453,"Taucorr":0.26898336310189985},"Iteration":49},
{"Acceptance":[0.6734615384615384],"Energy":{"Mean":7.556925728535506,"Sigma":0.41533239923980486,"Taucorr":0.23221543872866013},"EnergyVariance":{"Mean":16.94054489794414,"Sigma":2.1517972084305272,"Taucorr":0.13170434263870912},"Iteration":50},
{"Acceptance":[0.6853846153846154],"Energy":{"Mean":7.217032123876522,"Sigma":0.4636285660609038,"Taucorr":0.38151710860481947},"EnergyVariance":{"Mean":18.30218629521806,"Sigma":1.7441917198065282,"Taucorr":-0.05489354203441288},"Iteration":51},
{"Acceptance":[0.6684615384615384],"Energy":{"Mean":7.0258825894352,"Sigma":0.42014793813213785,"Taucorr":0.33655966471317966},"EnergyVariance":{"Mean":15.285189319732938,"Sigma":2.1081099785457518,"Taucorr":0.04704743488017482},"Iteration":52},
{"Acceptance":[0.6634615384615384],"Energy":{"Mean":6.374645045466873,"Sigma":0.37333892829027887,"Taucorr":0.20904066080359673},"EnergyVariance":{"Mean":16.863038909352916,"Sigma":1.7900816595338875,"Taucorr":0.07169973755133707},"Iteration":53},
{"Acceptance":[0.6523076923076923],"Energy":{"Mean":6.860500893055586,"Sigma":0.3607339026995814,"Taucorr":0.09622168133610465},"EnergyVariance":{"Mean":16.465146534741624,"Sigma":1.9008729136748332,"Taucorr":-0.07052205868483036},"Iteration":54},
{"Acceptance":[0.6596153846153846],"Energy":{"Mean":6.749063110093417,"Sigma":0.3794696333323503,"Taucorr":0.11692441323110647},"EnergyVariance":{"Mean":17.887869761683145,"Sigma":1.8751425260319545,"Taucorr":-0.14103945228813464},"Iteration":55},
{"Acceptance":[0.6407692307692308],"Energy":{"Mean":5.95136970176476,"Sigma":0.3783265169308336,"Taucorr":0.12385494932848196},"EnergyVariance":{"Mean":18.373418060411225,"Sigma":2.2999390499802774,"Taucorr":-0.02253922248803658},"Iteration":56},
{"Acceptance":[0.6084615384615385],"Energy":{"Mean":5.644184301942134,"Sigma":0.27420138004008027,"Taucorr":0.04064928046112759},"EnergyVariance":{"Mean":11.496161060166372,"Sigma":1.1649494696450686,"Taucorr":-0.22018901941367364},"Iteration":57},
{"Acceptance":[0.6119230769230769],"Energy":{"Mean":5.278626762343589,"Sigma":0.39841750418980626,"Taucorr":0.08844449090704154},"EnergyVariance":{"Mean":17.198474617851744,"Sigma":2.0475169737443335,"Taucorr":-0.09027795676426204},"Iteration":58},
{"Acceptance":[0.6276923076923077],"Energy":{"Mean":5.2762091740716786,"Sigma":0.3253760261172381,"Taucorr":0.04537634725491568},"EnergyVariance":{"Mean":16.229173308233445,"Sigma":1.9223579241307838,"Taucorr":0.00707146820822302},"Iteration":59},
{"Acceptance":[0.6096153846153847],"Energy":{"Mean":4.829796624543958,"Sigma":0.4361818065730693,"Taucorr":0.25988855885655315},"EnergyVariance":{"Mean":17.305794890042446,"Sigma":2.3535168284345427,"Taucorr":0.09135100674131036},"Iteration":60},
{"Acceptance":[0.6096153846153847],"Energy":{"Mean":5.524115707475021,"Sigma":0.5199728805108235,"Taucorr":0.3301712798834079},"EnergyVariance":{"Mean":22.371236237494507,"Sigma":3.068710125084695,"Taucorr":0.023589089996742807},"Iteration":61},
{"Acceptance":[0.6153846153846154],"Energy":{"Mean":5.148317190213017,"Sigma":0.41896707022087054,"Taucorr":0.12076374482410912},"EnergyVariance":{"Mean":22.823623207952384,"Sigma":2.350103249897962,"Taucorr":-0.10051986116034389},"Iteration":62},
{"Acceptance":[0.6180769230769231],"Energy":{"Mean":5.2653223093478685,"Sigma":0.38643407296466614,"Taucorr":0.023915751540473207},"EnergyVariance":{"Mean":20.042146746490538,"Sigma":2.3455601813506757,"Taucorr":-0.1817589586593727},"Iteration":63},
{"Acceptance":[0.5819230769230769],"Energy":{"Mean":4.14896219486976,"Sigma":0.4526856422584944,"Taucorr":0.3444767045204591},"EnergyVariance":{"Mean":17.334242633860274,"Sigma":1.692298275298253,"Taucorr":-0.030971642076219663},"Iteration":64},
{"Acceptance":[0.5592307692307692],"Energy":{"Mean":3.4823111721081474,"Sigma":0.4446916255866913,"Taucorr":0.3428944289513616},"EnergyVariance":{"Mean":16.356458898370366,"Sigma":2.246452559737015,"Taucorr":0.21879024335880704},"Iteration":65},
{"Acceptance":[0.563076923076923],"Energy":{"Mean":3.6571529858319027,"Sigma":0.6002093793397314,"Taucorr":0.6998340798311338},"EnergyVariance":{"Mean":19.914116716100544,"Sigma":2.291487089858018,"Taucorr":0.10815784259246275},"Iteration":66},
{"Acceptance":[0.5723076923076923],"Energy":{"Mean":4.004996312562029,"Sigma":0.4638748089944184,"Taucorr":0.2740117366907512},"EnergyVariance":{"Mean":21.890120833750338,"Sigma":2.4773379977866994,"Taucorr":-0.036013765932357666},"Iteration":67},
{"Acceptance":[0.5565384615384615],"Energy":{"Mean":3.4905229993976357,"Sigma":0.5148963022311973,"Taucorr":0.3127813567530475},"EnergyVariance":{"Mean":23.526094551425878,"Sigma":3.628859814296398,"Taucorr":0.23146684256174588},"Iteration":68},
{"Acceptance":[0.585],"Energy":{"Mean":4.018809803549061,"Sigma":0.3664189852000228,"Taucorr":0.06155799535332218},"EnergyVariance":{"Mean":17.587749354333617,"Sigma":2.2220757851715183,"Taucorr":-0.05492020549453658},"Iteration":69},
{"Acceptance":[0.536923076923077],"Energy":{"Mean":3.456971980717902,"Sigma":0.4699569375568723,"Taucorr":0.4085711918538628},"EnergyVariance":{"Mean":19.696330120967353,"Sigma":2.4453007448234585,"Taucorr":0.009120426592609698},"Iteration":70},
{"Acceptance":[0.5273076923076923],"Energy":{"Mean":3.9001682169012506,"Sigma":0.4730283370695058,"Taucorr":0.4767512462555278},"EnergyVariance":{"Mean":18.7133431841834,"Sigma":2.272656155279427,"Taucorr":0.08001880752971369},"Iteration":71},
{"Acceptance":[0.54],"Energy":{"Mean":2.6864738251214577,"Sigma":0.47814410388171186,"Taucorr":0.4439163005554878},"EnergyVariance":{"Mean":17.5300931182264,"Sigma":2.1193578070795893,"Taucorr":0.2112644725526558},"Iteration":72},
{"Acceptance":[0.5226923076923077],"Energy":{"Mean":3.059687203958107,"Sigma":0.39799302432594047,"Taucorr":0.0947238704522122},"EnergyVariance":{"Mean":20.079973118210596,"Sigma":3.6013417102037204,"Taucorr":0.1311216273785596},"Iteration":73},
{"Acceptance":[0.5161538461538462],"Energy":{"Mean":2.6580034943672675,"Sigma":0.4283906542629479,"Taucorr":0.238776970785456},"EnergyVariance":{"Mean":19.14802457932333,"Sigma":2.5391027419225263,"Taucorr":0.14073393857682082},"Iteration":74},
{"Acceptance":[0.5103846153846154],"Energy":{"Mean":2.637785744119101,"Sigma":0.41132553269733624,"Taucorr":0.2558086961387587},"EnergyVariance":{"Mean":20.397069718968847,"Sigma":2.2631026869052118,"Taucorr":-0.0849413017178059},"Iteration":75},
{"Acceptance":[0.4907692307692308],"Energy":{"Mean":2.361941302470733,"Sigma":0.49716490912106365,"Taucorr":0.27914226263117103},"EnergyVariance":{"Mean":25.165803775471094,"Sigma":3.546374630972987,"Taucorr":-0.07662247485244739},"Iteration":76},
{"Acceptance":[0.48384615384615387],"Energy":{"Mean":1.9759520981331156,"Sigma":0.5067376057485593,"Taucorr":0.2648887379974336},"EnergyVariance":{"Mean":23.604982600508905,"Sigma":2.634984382023579,"Taucorr":-0.02276315946198526},"Iteration":77},
{"Acceptance":[0.49846153846153846],"Energy":{"Mean":2.378996430015995,"Sigma":0.44588962753774564,"Taucorr":0.1736538295251503},"EnergyVariance":{"Mean":23.47574427683369,"Sigma":3.540326460882156,"Taucorr":0.014493438446203322},"Iteration":78},
{"Acceptance":[0.48115384615384615],"Energy":{"Mean":2.1308006590285795,"Sigma":0.5108145067101914,"Taucorr":0.42807215768793216},"EnergyVariance":{"Mean":22.978446733882333,"Sigma":2.729303503952704,"Taucorr":-0.05239930117077973},"Iteration":79},
{"Acceptance":[0.47884615384615387],"Energy":{"Mean":2.6017182986154554,"Sigma":0.4335338896301602,"Taucorr":0.2419064102560099},"EnergyVariance":{"Mean":20.74742946860108,"Sigma":2.230657378523938,"Taucorr":-0.0523585042605208},"Iteration":80},
{"Acceptance":[0.4715384615384615],"Energy":{"Mean":1.6426504896820266,"Sigma":0.407437105820378,"Taucorr":0.23386682148487437},"EnergyVariance":{"Mean":17.849485312105394,"Sigma":2.3158076403220402,"Taucorr":0.01841505611192429},"Iteration":81},
{"Acceptance":[0.47307692307692306],"Energy":{"Mean":1.665333182066716,"Sigma":0.543598960306732,"Taucorr":0.5393737404663463},"EnergyVariance":{"Mean":22.074298066719134,"Sigma":2.5558330257407182,"Taucorr":0.14671698676448575},"Iteration":82},
{"Acceptance":[0.46076923076923076],"Energy":{"Mean":0.6522091082396549,"Sigma":0.5410188830781445,"Taucorr":0.4224085357024656},"EnergyVariance":{"Mean":24.720879334662985,"Sigma":2.4262067349172574,"Taucorr":-0.12268171881605022},"Iteration":83},
{"Acceptance":[0.4642307692307692],"Energy":{"Mean":1.1144966200891142,"Sigma":0.492922715709935,"Taucorr":0.518709441124408},"EnergyVariance":{"Mean":20.28880563026341,"Sigma":2.542964494950059,"Taucorr":-0.02078458561278468},"Iteration":84},
{"Acceptance":[0.45346153846153847],"Energy":{"Mean":1.2200512390345333,"Sigma":0.5376015986319204,"Taucorr":0.4083305357924},"EnergyVariance":{"Mean":25.619484502055325,"Sigma":3.329035963388852,"Taucorr":0.1043181678754056},"Iteration":85},
{"Acceptance":[0.43423076923076925],"Energy":{"Mean":-0.10972777376521951,"Sigma":0.38132929499270607,"Taucorr":0.16697809455532175},"EnergyVariance":{"Mean":18.867260502686186,"Sigma":2.3152240538048545,"Taucorr":-0.005677491558880254},"Iteration":86},
{"Acceptance":[0.4034615384615385],"Energy":{"Mean":-0.8152898460234519,"Sigma":0.5906774457823887,"Taucorr":0.5576285705594053},"EnergyVariance":{"Mean":23.492674525059403,"Sigma":3.638336415933128,"Taucorr":0.2769952790996345},"Iteration":87},
{"Acceptance":[0.4165384615384615],"Energy":{"Mean":-0.049833923228812714,"Sigma":0.47514279723384323,"Taucorr":0.37101027759132277},"EnergyVariance":{"Mean":19.869386080879252,"Sigma":1.88896612905431,"Taucorr":-0.01513360483684345},"Iteration":88},
{"Acceptance":[0.4296153846153846],"Energy":{"Mean":0.8991054358011783,"Sigma":0.38684110318307824,"Taucorr":0.1994227312060478},"EnergyVariance":{"Mean":23.460024195112883,"Sigma":3.872680904621733,"Taucorr":0.052807491681516994},"Iteration":89},
{"Acceptance":[0.4126923076923077],"Energy":{"Mean":-0.27331192482907407,"Sigma":0.42764148228989335,"Taucorr":0.1738655188370266},"EnergyVariance":{"Mean":20.9457108408292,"Sigma":3.224241721259877,"Taucorr":0.19097611996000252},"Iteration":90},
{"Acceptance":[0.40307692307692305],"Energy":{"Mean":0.08745618164408095,"Sigma":0.5171590575193182,"Taucorr":0.47375753714431734},"EnergyVariance":{"Mean":22.41990679297079,"Sigma":2.653564367731509,"Taucorr":0.10934563833355915},"Iteration":91},
{"Acceptance":[0.4146153846153846],"Energy":{"Mean":-0.09259272538049332,"Sigma":0.7363153088665064,"Taucorr":0.6087891548726616},"EnergyVariance":{"Mean":39.17599170650801,"Sigma":6.932477035486127,"Taucorr":0.23571432173969364},"Iteration":92},
{"Acceptance":[0.3892307692307692],"Energy":{"Mean":-0.30127791430341966,"Sigma":0.5475523708995681,"Taucorr":0.6399525192319504},"EnergyVariance":{"Mean":21.97177501743715,"Sigma":3.6169656630406717,"Taucorr":0.32111958312095945},"Iteration":93},
{"Acceptance":[0.41],"Energy":{"Mean":0.19474685896492386,"Sigma":0.6232263639642992,"Taucorr":0.5769597123366093},"EnergyVariance":{"Mean":25.37604313820262,"Sigma":3.3885209843700017,"Taucorr":-0.06321002057027841},"Iteration":94},
{"Acceptance":[0.3803846153846154],"Energy":{"Mean":-2.774112455046596,"Sigma":0.5580752942636559,"Taucorr":0.5002365461219163},"EnergyVariance":{"Mean":23.504455004771486,"Sigma":3.4533967170184208,"Taucorr":0.40270597060327407},"Iteration":95},
{"Acceptance":[0.40692307692307694],"Energy":{"Mean":-0.5502487328250775,"Sigma":0.6218316252021744,"Taucorr":0.7716350935735876},"EnergyVariance":{"Mean":24.701987178597797,"Sigma":5.3344950507757805,"Taucorr":0.6426948646701747},"Iteration":96},
{"Acceptance":[0.405],"Energy":{"Mean":-0.745194307624779,"Sigma":0.5297158921808812,"Taucorr":0.3689356074736345},"EnergyVariance":{"Mean":25.212912762372536,"Sigma":3.4608071743646818,"Taucorr":0.290883032696009},"Iteration":97},
{"Acceptance":[0.3719230769230769],"Energy":{"Mean":-1.9715958275159553,"Sigma":0.5737498449425399,"Taucorr":0.40660428733109244},"EnergyVariance":{"Mean":24.968138011594906,"Sigma":4.2537543303558865,"Taucorr":0.3604566843910487},"Iteration":98},
{"Acceptance":[0.3676923076923077],"Energy":{"Mean":-2.17663235074785,"Sigma":0.4668977844081772,"Taucorr":0.5579911652226814},"EnergyVariance":{"Mean":17.860035324787116,"Sigma":2.20166571766157,"Taucorr":-0.15849657244239823},"Iteration":99} 
]}
{"input": {"L": 12, "J": 1, "machine": {"type": "FFNN", "model": ["relu", 6, 1]}, "sampler": {"type": "MetropolisHop", "d_max": 5}, "optimizer": {"type": "AdaMax", "alpha": 0.001, "beta1": 0.9, "beta2": 0.999, "epscut": 1e-07}, "VMC": {"n_samples": 100, "discarded_samples": 100, "discarded_samples_on_init": 0, "target": "energy", "method": "Gd", "diag_shift": 0.01, "use_iterative": true, "use_cholesky": true}, "n_iter": 100}}
duration: -0.21710705757141113