{"Output": [
{"Acceptance":[0.9342307692307692],"Energy":{"Mean":10.655161324631274,"Sigma":0.3190330878509161,"Taucorr":0.29288986477214085},"EnergyVariance":{"Mean":6.163910303006804,"Sigma":0.8831679543127238,"Taucorr":-0.007190331044935383},"Iteration":0},
{"Acceptance":[0.926923076923077],"Energy":{"Mean":10.40802981479939,"Sigma":0.2569845514284404,"Taucorr":-0.07252851199359539},"EnergyVariance":{"Mean":7.437598093495153,"Sigma":1.1441553506320528,"Taucorr":0.11503195815362277},"Iteration":1},
{"Acceptance":[0.9092307692307692],"Energy":{"Mean":10.25750225525376,"Sigma":0.26797659861147566,"Taucorr":-0.03448168642395716},"EnergyVariance":{"Mean":7.490565111964363,"Sigma":1.2056595845087847,"Taucorr":0.13912147819128295},"Iteration":2},
{"Acceptance":[0.9003846153846153],"Energy":{"Mean":10.09155005252175,"Sigma":0.3064276825355226,"Taucorr":0.1678985506475721},"EnergyVariance":{"Mean":6.905371415056332,"Sigma":1.0774981788433557,"Taucorr":-0.07340675283646797},"Iteration":3},
{"Acceptance":[0.8815384615384615],"Energy":{"Mean":9.912026844674212,"Sigma":0.31029733709262564,"Taucorr":0.2090260944042398},"EnergyVariance":{"Mean":6.803457620695463,"Sigma":1.0129105787778,"Taucorr":0.1635979349542902},"Iteration":4},
{"Acceptance":[0.8826923076923077],"Energy":{"Mean":10.885204186745991,"Sigma":0.34788385096403324,"Taucorr":0.1931145633827881},"EnergyVariance":{"Mean":8.614854337005504,"Sigma":1.1330060474260202,"Taucorr":0.014425195154233572},"Iteration":5},
{"Acceptance":[0.8746153846153846],"Energy":{"Mean":10.016337897908393,"Sigma":0.296114433032459,"Taucorr":0.23160945287884116},"EnergyVariance":{"Mean":6.108017695264701,"Sigma":0.7848121117578535,"Taucorr":-0.01067488607972894},"Iteration":6},
{"Acceptance":[0.8661538461538462],"Energy":{"Mean":10.388946079510978,"Sigma":0.3051843747883305,"Taucorr":0.10052544590594681},"EnergyVariance":{"Mean":8.023695698605172,"Sigma":0.885176660469736,"Taucorr":-0.08476444528657534},"Iteration":7},
{"Acceptance":[0.8615384615384616],"Energy":{"Mean":10.372507128072252,"Sigma":0.3329821606136152,"Taucorr":0.1346391839433505},"EnergyVariance":{"Mean":8.829643415647098,"Sigma":1.5338365732649408,"Taucorr":0.2724374100426933},"Iteration":8},
{"Acceptance":[0.8542307692307692],"Energy":{"Mean":9.977403622155157,"Sigma":0.33117431873061903,"Taucorr":0.13667453024873266},"EnergyVariance":{"Mean":8.8181293154024,"Sigma":1.377452581673565,"Taucorr":0.07042085781882734},"Iteration":9},
{"Acceptance":[0.8453846153846154],"Energy":{"Mean":10.344056018791463,"Sigma":0.23355589561095194,"Taucorr":-0.09135441861300708},"EnergyVariance":{"Mean":7.168751693748446,"Sigma":1.0356869335551822,"Taucorr":0.14730886615436656},"Iteration":10},
{"Acceptance":[0.8546153846153847],"Energy":{"Mean":9.943184703884214,"Sigma":0.2543915405090483,"Taucorr":0.0038058126320738017},"EnergyVariance":{"Mean":6.669350880722457,"Sigma":0.7647525620994977,"Taucorr":0.03287976275052218},"Iteration":11},
{"Acceptance":[0.8276923076923077],"Energy":{"Mean":9.82694673805424,"Sigma":0.25586112147409495,"Taucorr":-0.08392658956523774},"EnergyVariance":{"Mean":8.273884498250553,"Sigma":0.7942528849069882,"Taucorr":-0.2649438561724615},"Iteration":12},
{"Acceptance":[0.821923076923077],"Energy":{"Mean":9.494416480321657,"Sigma":0.31283237472334346,"Taucorr":0.06232074918535657},"EnergyVariance":{"Mean":9.067267925018765,"Sigma":1.159695855610084,"Taucorr":0.09572364166347935},"Iteration":13},
{"Acceptance":[0.8142307692307692],"Energy":{"Mean":9.076677368226813,"Sigma":0.36886430242416063,"Taucorr":0.16223519358303906},"EnergyVariance":{"Mean":10.78623574112482,"Sigma":1.2894262416843234,"Taucorr":0.02685645481619814},"Iteration":14},
{"Acceptance":[0.8126923076923077],"Energy":{"Mean":9.532347398178983,"Sigma":0.22688682920168732,"Taucorr":-0.1481524278134972},"EnergyVariance":{"Mean":8.051041690475596,"Sigma":0.8574990199875298,"Taucorr":-0.13098119915815448},"Iteration":15},
{"Acceptance":[0.8042307692307692],"Energy":{"Mean":9.640852480443124,"Sigma":0.29030438182136076,"Taucorr":0.0024545864435727704},"EnergyVariance":{"Mean":9.010920132835402,"Sigma":1.1110942428633965,"Taucorr":0.04632545252325937},"Iteration":16},
{"Acceptance":[0.7838461538461539],"Energy":{"Mean":9.46289857845091,"Sigma":0.34620990075154945,"Taucorr":0.1803079296312301},"EnergyVariance":{"Mean":10.271123324107629,"Sigma":1.40944023424183,"Taucorr":-0.05282033992722607},"Iteration":17},
{"Acceptance":[0.795],"Energy":{"Mean":9.427497537034341,"Sigma":0.39577514333181113,"Taucorr":0.2398121200738076},"EnergyVariance":{"Mean":11.695200519021153,"Sigma":1.1188175523004162,"Taucorr":-0.15252441216142248},"Iteration":18},
{"Acceptance":[0.7780769230769231],"Energy":{"Mean":9.281803245340216,"Sigma":0.31729917684702014,"Taucorr":0.06602686231770427},"EnergyVariance":{"Mean":10.2289681541384,"Sigma":1.1566853953177565,"Taucorr":-0.0686960571329992},"Iteration":19},
{"Acceptance":[0.7892307692307692],"Energy":{"Mean":8.875527561247392,"Sigma":0.34560638030372287,"Taucorr":0.19747242318819247},"EnergyVariance":{"Mean":9.876434476590445,"Sigma":1.0867963494362805,"Taucorr":-0.023608412205574525},"Iteration":20},
{"Acceptance":[0.77],"Energy":{"Mean":8.891444202288861,"Sigma":0.23395132827782628,"Taucorr":-0.11973995580726554},"EnergyVariance":{"Mean":8.831566129785275,"Sigma":0.898842766720243,"Taucorr":0.022390478651324153},"Iteration":21},
{"Acceptance":[0.7657692307692308],"Energy":{"Mean":9.27341641133368,"Sigma":0.37103342842597437,"Taucorr":0.17271001030791522},"EnergyVariance":{"Mean":12.345516515548756,"Sigma":1.3155539731477652,"Taucorr":-0.003090323188369659},"Iteration":22},
{"Acceptance":[0.7615384615384615],"Energy":{"Mean":8.598726068015313,"Sigma":0.3243716135058858,"Taucorr":0.063573257952799},"EnergyVariance":{"Mean":11.465471148956473,"Sigma":1.3335868835279368,"Taucorr":0.09375926230464415},"Iteration":23},
{"Acceptance":[0.7473076923076923],"Energy":{"Mean":8.037108520141826,"Sigma":0.309514776364756,"Taucorr":0.09004173607740851},"EnergyVariance":{"Mean":10.660295430377277,"Sigma":1.1898576420492846,"Taucorr":-0.09103883300440707},"Iteration":24},
{"Acceptance":[0.7196153846153847],"Energy":{"Mean":7.861617804315019,"Sigma":0.31135786998730364,"Taucorr":0.18749801150678003},"EnergyVariance":{"Mean":9.241610453775943,"Sigma":1.062355991321203,"Taucorr":0.09874193478487658},"Iteration":25},
{"Acceptance":[0.695],"Energy":{"Mean":7.971763382870662,"Sigma":0.4161988966899805,"Taucorr":0.30180994359817315},"EnergyVariance":{"Mean":12.909421294421449,"Sigma":1.236634634733475,"Taucorr":-0.12827736025407377},"Iteration":26},
{"Acceptance":[0.7219230769230769],"Energy":{"Mean":7.880751994219592,"Sigma":0.4285217744166201,"Taucorr":0.3030111792786657},"EnergyVariance":{"Mean":13.815346557896788,"Sigma":1.304482166895468,"Taucorr":-0.15615158565509007},"Iteration":27},
{"Acceptance":[0.6761538461538461],"Energy":{"Mean":7.5196261098062545,"Sigma":0.3509603018171415,"Taucorr":0.19427264599918703},"EnergyVariance":{"Mean":11.980297982676358,"Sigma":1.6420881134179255,"Taucorr":0.07822433386916261},"Iteration":28},
{"Acceptance":[0.693076923076923],"Energy":{"Mean":7.869894807702195,"Sigma":0.35230880674184256,"Taucorr":0.1965189393063983},"EnergyVariance":{"Mean":10.994111292975175,"Sigma":1.410074017360353,"Taucorr":0.1316698441392723},"Iteration":29},
{"Acceptance":[0.67],"Energy":{"Mean":7.505631876822166,"Sigma":0.4876624215964053,"Taucorr":0.5532589346451691},"EnergyVariance":{"Mean":14.370278058091774,"Sigma":2.177325985994499,"Taucorr":0.21519570287732992},"Iteration":30},
{"Acceptance":[0.6696153846153846],"Energy":{"Mean":7.353496954655483,"Sigma":0.3902050386521156,"Taucorr":0.21265175536903658},"EnergyVariance":{"Mean":14.241406553150984,"Sigma":1.5341282955080717,"Taucorr":-0.0501333349114324},"Iteration":31},
{"Acceptance":[0.6757692307692308],"Energy":{"Mean":7.4429560377637936,"Sigma":0.3468854334047818,"Taucorr":0.08996113402115236},"EnergyVariance":{"Mean":13.323850837720501,"Sigma":1.4786950039388131,"Taucorr":-0.002504036066945492},"Iteration":32},
{"Acceptance":[0.6603846153846153],"Energy":{"Mean":6.815210124655869,"Sigma":0.3462878472653029,"Taucorr":-0.040393751053656723},"EnergyVariance":{"Mean":16.510482901596635,"Sigma":3.188070534234819,"Taucorr":0.3100728168451117},"Iteration":33},
{"Acceptance":[0.6538461538461539],"Energy":{"Mean":6.668918396931786,"Sigma":0.504521200652404,"Taucorr":0.34858456151852835},"EnergyVariance":{"Mean":18.873645967946015,"Sigma":3.234214361179368,"Taucorr":0.20006378931694924},"Iteration":34},
{"Acceptance":[0.6257692307692307],"Energy":{"Mean":6.462609934635146,"Sigma":0.40804245747058654,"Taucorr":0.1611617078427524},"EnergyVariance":{"Mean":17.73404985269131,"Sigma":2.1863768867373956,"Taucorr":-0.033897688981151974},"Iteration":35},
{"Acceptance":[0.6446153846153846],"Energy":{"Mean":7.190337750325812,"Sigma":0.444779056660349,"Taucorr":0.2952097104108333},"EnergyVariance":{"Mean":16.747384379668013,"Sigma":2.2593443025057303,"Taucorr":0.2100776295868273},"Iteration":36},
{"Acceptance":[0.615],"Energy":{"Mean":6.249692729523243,"Sigma":0.3662422024394725,"Taucorr":0.21981737840121363},"EnergyVariance":{"Mean":12.687376068847351,"Sigma":1.294131839119718,"Taucorr":-0.13624464585809287},"Iteration":37},
{"Acceptance":[0.6188461538461538],"Energy":{"Mean":6.2917401062093665,"Sigma":0.34154528894187874,"Taucorr":0.0034276128253311056},"EnergyVariance":{"Mean":16.07313939387135,"Sigma":2.39350357180098,"Taucorr":-0.03220206865408487},"Iteration":38},
{"Acceptance":[0.5861538461538461],"Energy":{"Mean":6.594964449088551,"Sigma":0.4416592730974174,"Taucorr":0.4129213848417008},"EnergyVariance":{"Mean":16.666059167218993,"Sigma":2.5402983825496586,"Taucorr":0.13994920201743477},"Iteration":39},
{"Acceptance":[0.5969230769230769],"Energy":{"Mean":5.574343481800185,"Sigma":0.4277224665182248,"Taucorr":0.38311209314556904},"EnergyVariance":{"Mean":15.407007458536441,"Sigma":2.4020793644159646,"Taucorr":0.2869292569274642},"Iteration":40},
{"Acceptance":[0.5557692307692308],"Energy":{"Mean":5.283287678509479,"Sigma":0.48946645737317196,"Taucorr":0.2998658485501301},"EnergyVariance":{"Mean":18.691622466957668,"Sigma":1.830638896602556,"Taucorr":-0.1279433484689993},"Iteration":41},
{"Acceptance":[0.575],"Energy":{"Mean":5.927915486781193,"Sigma":0.4692628940927008,"Taucorr":0.2836604713849068},"EnergyVariance":{"Mean":19.75236557857905,"Sigma":3.386513919646758,"Taucorr":0.11264323387347042},"Iteration":42},
{"Acceptance":[0.5819230769230769],"Energy":{"Mean":5.857904882639895,"Sigma":0.49305706856110787,"Taucorr":0.35462835062322573},"EnergyVariance":{"Mean":20.22244766218243,"Sigma":2.0888459640063446,"Taucorr":0.026681488146787058},"Iteration":43},
{"Acceptance":[0.57],"Energy":{"Mean":5.336081072186682,"Sigma":0.4768797899958575,"Taucorr":0.3923431406921408},"EnergyVariance":{"Mean":18.452093841502105,"Sigma":2.28846561733609,"Taucorr":0.03510491929948445},"Iteration":44},
{"Acceptance":[0.5338461538461539],"Energy":{"Mean":4.696193668472935,"Sigma":0.5519286983595459,"Taucorr":0.48670838045080755},"EnergyVariance":{"Mean":21.32575577262158,"Sigma":2.5387353232797776,"Taucorr":0.1750000591144356},"Iteration":45},
{"Acceptance":[0.5338461538461539],"Energy":{"Mean":4.523715859355477,"Sigma":0.36803863718732593,"Taucorr":0.08034393641186366},"EnergyVariance":{"Mean":16.93863113452327,"Sigma":2.7068557314636332,"Taucorr":0.3079614658233414},"Iteration":46},
{"Acceptance":[0.536923076923077],"Energy":{"Mean":4.258489049233483,"Sigma":0.4036664535206981,"Taucorr":0.22100141713856547},"EnergyVariance":{"Mean":15.239199014140887,"Sigma":1.526992829830781,"Taucorr":-0.04716469723166772},"Iteration":47},
{"Acceptance":[0.5],"Energy":{"Mean":4.347570185759203,"Sigma":0.4165262230971575,"Taucorr":0.2049547006228718},"EnergyVariance":{"Mean":17.456881293384857,"Sigma":2.051298406735815,"Taucorr":0.1590194726366082},"Iteration":48},
{"Acceptance":[0.5234615384615384],"Energy":{"Mean":3.8472706449174874,"Sigma":0.3746915582074822,"Taucorr":0.22104656352890817},"EnergyVariance":{"Mean":14.13122619538347,"Sigma":1.587699504797623,"Taucorr":0.22006540566840382},"Iteration":49},
{"Acceptance":[0.5138461538461538],"Energy":{"Mean":4.2994660571387175,"Sigma":0.34799676864787377,"Taucorr":0.1890051594110872},"EnergyVariance":{"Mean":18.336600138253388,"Sigma":2.2815485587345834,"Taucorr":0.027854492283638344},"Iteration":50},
{"Acceptance":[0.48384615384615387],"Energy":{"Mean":3.641750105923626,"Sigma":0.35828644055287,"Taucorr":0.07677197515552381},"EnergyVariance":{"Mean":19.105419307061574,"Sigma":2.528793932543091,"Taucorr":-0.025814972293431382},"Iteration":51},
{"Acceptance":[0.4846153846153846],"Energy":{"Mean":2.844194689375164,"Sigma":0.4051512268991593,"Taucorr":0.26733480959583056},"EnergyVariance":{"Mean":14.384069289032986,"Sigma":2.066090484563901,"Taucorr":0.6059519510314868},"Iteration":52},
{"Acceptance":[0.49538461538461537],"Energy":{"Mean":2.6628224050297393,"Sigma":0.3825111652812855,"Taucorr":0.11500053897761986},"EnergyVariance":{"Mean":16.704229513310032,"Sigma":1.3184494773736215,"Taucorr":-0.24278810105695853},"Iteration":53},
{"Acceptance":[0.47],"Energy":{"Mean":2.625253518002511,"Sigma":0.393731632736333,"Taucorr":0.22752239578083466},"EnergyVariance":{"Mean":15.90989030451323,"Sigma":1.5090943883488077,"Taucorr":-0.08222562807320627},"Iteration":54},
{"Acceptance":[0.44461538461538463],"Energy":{"Mean":2.4781446587459275,"Sigma":0.41337742291773427,"Taucorr":0.19028021643253856},"EnergyVariance":{"Mean":18.948310877327916,"Sigma":2.9062367411140078,"Taucorr":0.3307317430300408},"Iteration":55},
{"Acceptance":[0.4376923076923077],"Energy":{"Mean":1.9894004940856675,"Sigma":0.34926005686448625,"Taucorr":0.14682564758900507},"EnergyVariance":{"Mean":14.808930345653781,"Sigma":1.3153034436320028,"Taucorr":-0.13951742567002406},"Iteration":56},
{"Acceptance":[0.4746153846153846],"Energy":{"Mean":2.458222955154194,"Sigma":0.4804865384741124,"Taucorr":0.44703556013232004},"EnergyVariance":{"Mean":20.327797568982124,"Sigma":2.8573083806290267,"Taucorr":0.21806007521745607},"Iteration":57},
{"Acceptance":[0.4480769230769231],"Energy":{"Mean":2.5554183067846385,"Sigma":0.46612201535852443,"Taucorr":0.24846793087359742},"EnergyVariance":{"Mean":19.555115198792667,"Sigma":2.4904841084152847,"Taucorr":0.13668890461676642},"Iteration":58},
{"Acceptance":[0.4461538461538462],"Energy":{"Mean":3.0963028721173544,"Sigma":0.43608799216898686,"Taucorr":0.35662949886111084},"EnergyVariance":{"Mean":23.080102489454323,"Sigma":2.9561198867445904,"Taucorr":0.05756382719046904},"Iteration":59},
{"Acceptance":[0.44],"Energy":{"Mean":1.3033237011957994,"Sigma":0.5111039394880277,"Taucorr":0.5442262394465225},"EnergyVariance":{"Mean":20.987656234065454,"Sigma":1.9986481120938988,"Taucorr":-0.08002379815847421},"Iteration":60},
{"Acceptance":[0.4411538461538462],"Energy":{"Mean":1.7498407326401462,"Sigma":0.6063714728685287,"Taucorr":0.6789066653631173},"EnergyVariance":{"Mean":25.92834442909168,"Sigma":4.065691332915562,"Taucorr":0.45103590233021673},"Iteration":61},
{"Acceptance":[0.40615384615384614],"Energy":{"Mean":1.4019894101441355,"Sigma":0.5515209173441695,"Taucorr":0.5854342492946525},"EnergyVariance":{"Mean":21.956050272245598,"Sigma":3.308288182702035,"Taucorr":0.3570263641431154},"Iteration":62},
{"Acceptance":[0.40807692307692306],"Energy":{"Mean":2.167330269582331,"Sigma":0.56389162312664,"Taucorr":0.5391917941307907},"EnergyVariance":{"Mean":26.020566469524464,"Sigma":3.7451171814922484,"Taucorr":0.21100977936316467},"Iteration":63},
{"Acceptance":[0.4169230769230769],"Energy":{"Mean":0.6096952188377295,"Sigma":0.3746976556988535,"Taucorr":0.2182159826918184},"EnergyVariance":{"Mean":18.17385933419895,"Sigma":3.299112077471858,"Taucorr":0.44288764308532025},"Iteration":64},
{"Acceptance":[0.3930769230769231],"Energy":{"Mean":1.1388527149612355,"Sigma":0.4574871836741448,"Taucorr":0.4245275845116915},"EnergyVariance":{"Mean":25.754036668348075,"Sigma":3.665807842576028,"Taucorr":0.19042236394471823},"Iteration":65},
{"Acceptance":[0.415],"Energy":{"Mean":1.3752345094367837,"Sigma":0.43293712669292367,"Taucorr":0.3346031018131935},"EnergyVariance":{"Mean":20.749706067517728,"Sigma":3.764388455576558,"Taucorr":0.6109999060920368},"Iteration":66},
{"Acceptance":[0.3903846153846154],"Energy":{"Mean":0.6071526158635951,"Sigma":0.36696365557851507,"Taucorr":0.2639019766397658},"EnergyVariance":{"Mean":16.288665885265026,"Sigma":2.0726615486575737,"Taucorr":0.019426794111769508},"Iteration":67},
{"Acceptance":[0.3923076923076923],"Energy":{"Mean":0.6679468375812414,"Sigma":0.3904220841341772,"Taucorr":0.24115300572399623},"EnergyVariance":{"Mean":20.404827337912607,"Sigma":3.2376274024279312,"Taucorr":-0.014203053698669088},"Iteration":68},
{"Acceptance":[0.34923076923076923],"Energy":{"Mean":-0.7801529202222097,"Sigma":0.4483817170251511,"Taucorr":0.48243123219802897},"EnergyVariance":{"Mean":15.297083787006821,"Sigma":1.9202473853951014,"Taucorr":0.2781618367054923},"Iteration":69},
{"Acceptance":[0.3780769230769231],"Energy":{"Mean":-0.4533596737899013,"Sigma":0.4276371630565392,"Taucorr":0.25228262156460735},"EnergyVariance":{"Mean":17.621520618232296,"Sigma":1.967182149569102,"Taucorr":-0.08937938820025365},"Iteration":70},
{"Acceptance":[0.3557692307692308],"Energy":{"Mean":-0.49699790425421414,"Sigma":0.41466501128056593,"Taucorr":0.35730901955236405},"EnergyVariance":{"Mean":15.938253785036077,"Sigma":1.8333452745842784,"Taucorr":0.060324985851521684},"Iteration":71},
{"Acceptance":[0.3657692307692308],"Energy":{"Mean":-0.9641486627703564,"Sigma":0.3774853765275934,"Taucorr":0.40284911432281156},"EnergyVariance":{"Mean":17.596931421710696,"Sigma":2.6402571640696646,"Taucorr":0.10870375937107801},"Iteration":72},
{"Acceptance":[0.34384615384615386],"Energy":{"Mean":-0.1035842975862211,"Sigma":0.5365772506109101,"Taucorr":0.6130786303542446},"EnergyVariance":{"Mean":23.231999250666657,"Sigma":3.4410840604163786,"Taucorr":0.09670568203847396},"Iteration":73},
{"Acceptance":[0.3396153846153846],"Energy":{"Mean":-0.9136558824557093,"Sigma":0.45781820952070607,"Taucorr":0.5562002685204566},"EnergyVariance":{"Mean":17.900618108004256,"Sigma":3.0647144690850787,"Taucorr":0.14357702736826372},"Iteration":74},
{"Acceptance":[0.3465384615384615],"Energy":{"Mean":-0.5731374244833379,"Sigma":0.4004354737218129,"Taucorr":0.1876544841970863},"EnergyVariance":{"Mean":18.07472238103021,"Sigma":2.521427451075157,"Taucorr":0.037515396101635456},"Iteration":75},
{"Acceptance":[0.30038461538461536],"Energy":{"Mean":-1.9922552801908782,"Sigma":0.3768298789245888,"Taucorr":0.38118299259899036},"EnergyVariance":{"Mean":14.947093209461556,"Sigma":2.0888830926811046,"Taucorr":0.12390124928813062},"Iteration":76},
{"Acceptance":[0.33807692307692305],"Energy":{"Mean":-1.6549624543220263,"Sigma":0.37841555361047763,"Taucorr":0.2368095557108093},"EnergyVariance":{"Mean":17.849323341298692,"Sigma":4.667068229254048,"Taucorr":0.5074931828031488},"Iteration":77},
{"Acceptance":[0.31076923076923074],"Energy":{"Mean":-2.2425466290366227,"Sigma":0.4306541206763233,"Taucorr":0.6358807732044331},"EnergyVariance":{"Mean":14.517958654212029,"Sigma":2.8240785603802894,"Taucorr":0.7420252241916308},"Iteration":78},
{"Acceptance":[0.3253846153846154],"Energy":{"Mean":-1.3512849548088817,"Sigma":0.41645876378686675,"Taucorr":0.42359335500258144},"EnergyVariance":{"Mean":17.50159513202707,"Sigma":2.0690863557937957,"Taucorr":0.21121295412278696},"Iteration":79},
{"Acceptance":[0.32461538461538464],"Energy":{"Mean":-1.1271651804518172,"Sigma":0.4936075520324287,"Taucorr":0.5063675607930325},"EnergyVariance":{"Mean":30.668342580154576,"Sigma":4.622037284468792,"Taucorr":0.05908494416739407},"Iteration":80},
{"Acceptance":[0.3173076923076923],"Energy":{"Mean":-0.5542733748223408,"Sigma":0.5148909958890702,"Taucorr":0.3866106888303966},"EnergyVariance":{"Mean":26.576020725230094,"Sigma":3.892401854512773,"Taucorr":0.258011648074284},"Iteration":81},
{"Acceptance":[0.2734615384615385],"Energy":{"Mean":-2.3626797923763565,"Sigma":0.4032166187861315,"Taucorr":0.38646981462296437},"EnergyVariance":{"Mean":14.421517958521225,"Sigma":2.2868062697102927,"Taucorr":0.17862098215317435},"Iteration":82},
{"Acceptance":[0.2996153846153846],"Energy":{"Mean":-1.9399292645210842,"Sigma":0.47822904582790804,"Taucorr":0.4976570743123946},"EnergyVariance":{"Mean":22.667040651551368,"Sigma":4.982077006997383,"Taucorr":0.6194111043622645},"Iteration":83},
{"Acceptance":[0.3076923076923077],"Energy":{"Mean":-2.2148470605329256,"Sigma":0.4959540768054662,"Taucorr":0.7346461327427294},"EnergyVariance":{"Mean":19.95497266194273,"Sigma":2.7283090319623513,"Taucorr":0.22159463089299236},"Iteration":84},
{"Acceptance":[0.26884615384615385],"Energy":{"Mean":-2.7280775631631844,"Sigma":0.3715517114408821,"Taucorr":0.4237364169058435},"EnergyVariance":{"Mean":14.782711731360102,"Sigma":1.552020677762287,"Taucorr":0.07569539759693322},"Iteration":85},
{"Acceptance":[0.29923076923076924],"Energy":{"Mean":-2.0057294510539667,"Sigma":0.3959606144418456,"Taucorr":0.45029296666772656},"EnergyVariance":{"Mean":16.20509854241781,"Sigma":2.1663058387000937,"Taucorr":0.17822784296994143},"Iteration":86},
{"Acceptance":[0.2957692307692308],"Energy":{"Mean":-2.027755718029453,"Sigma":0.4491742535904985,"Taucorr":0.5021647590823619},"EnergyVariance":{"Mean":21.516635263319817,"Sigma":4.514939624936087,"Taucorr":0.20491224090781113},"Iteration":87},
{"Acceptance":[0.2746153846153846],"Energy":{"Mean":-2.9214872836386925,"Sigma":0.39353156304213477,"Taucorr":0.5003858501501841},"EnergyVariance":{"Mean":16.08343848487893,"Sigma":2.3383747825088568,"Taucorr":0.19686153385114546},"Iteration":88},
{"Acceptance":[0.2561538461538462],"Energy":{"Mean":-3.5791427807203346,"Sigma":0.36584516142495177,"Taucorr":0.5350166665730791},"EnergyVariance":{"Mean":14.053938907550796,"Sigma":1.973356805691906,"Taucorr":-0.09608474889942259},"Iteration":89},
{"Acceptance":[0.2857692307692308],"Energy":{"Mean":-2.4093377567157326,"Sigma":0.3498152722458002,"Taucorr":0.2650860911221081},"EnergyVariance":{"Mean":16.509433327361283,"Sigma":1.9055714309722205,"Taucorr":-0.06376359836047907},"Iteration":90},
{"Acceptance":[0.25846153846153846],"Energy":{"Mean":-3.1686530668379467,"Sigma":0.4663900025011125,"Taucorr":0.5797770552469941},"EnergyVariance":{"Mean":38.54089613961516,"Sigma":15.3000514852696,"Taucorr":0.6867166801605753},"Iteration":91},
{"Acceptance":[0.23846153846153847],"Energy":{"Mean":-3.875772791482387,"Sigma":0.3356141696148445,"Taucorr":0.3209556695216853},"EnergyVariance":{"Mean":14.090311308444186,"Sigma":2.5251482984741296,"Taucorr":0.28542597804067515},"Iteration":92},
{"Acceptance":[0.2746153846153846],"Energy":{"Mean":-3.008530582963668,"Sigma":0.41294494507958557,"Taucorr":0.2264138070328756},"EnergyVariance":{"Mean":24.39953476465773,"Sigma":4.454556755890105,"Taucorr":0.11185317489437996},"Iteration":93},
{"Acceptance":[0.26076923076923075],"Energy":{"Mean":-3.458495766170274,"Sigma":0.42297115301308547,"Taucorr":0.6650291001841895},"EnergyVariance":{"Mean":16.527811271346856,"Sigma":2.579568126000152,"Taucorr":0.06882729041780045},"Iteration":94},
{"Acceptance":[0.24884615384615386],"Energy":{"Mean":-3.3769679723006227,"Sigma":0.45650962769190456,"Taucorr":0.47699626380641746},"EnergyVariance":{"Mean":23.682879349887546,"Sigma":3.8157262594788994,"Taucorr":0.019049604128976494},"Iteration":95},
{"Acceptance":[0.24153846153846154],"Energy":{"Mean":-3.167819880955651,"Sigma":0.5505633534423144,"Taucorr":0.6945344110191598},"EnergyVariance":{"Mean":24.041798563552923,"Sigma":3.581704291919005,"Taucorr":0.11371273402003201},"Iteration":96},
{"Acceptance":[0.23961538461538462],"Energy":{"Mean":-3.9089172100829845,"Sigma":0.3887136762618507,"Taucorr":0.2716192640508718},"EnergyVariance":{"Mean":17.17226334286656,"Sigma":2.3748427902065687,"Taucorr":0.03212155193938826},"Iteration":97},
{"Acceptance":[0.2403846153846154],"Energy":{"Mean":-3.6283975614245287,"Sigma":0.4197398775764848,"Taucorr":0.4314696375795949},"EnergyVariance":{"Mean":16.853691439384097,"Sigma":2.4955280320092665,"Taucorr":0.11413209955810155},"Iteration":98},
{"Acceptance":[0.25384615384615383],"Energy":{"Mean":-3.652434404125132,"Sigma":0.4176045952813842,"Taucorr":0.4776408027983301},"EnergyVariance":{"Mean":15.541313128927818,"Sigma":2.863944845056487,"Taucorr":0.15466362665735645},"Iteration":99} 
]}
{"input": {"L": 12, "J": 1, "machine": {"type": "FFNN", "model": ["relu", 8, 1]}, "sampler": {"type": "MetropolisHop", "d_max": 5}, "optimizer": {"type": "AdaMax", "alpha": 0.001, "beta1": 0.9, "beta2": 0.999, "epscut": 1e-07}, "VMC": {"n_samples": 100, "discarded_samples": 100, "discarded_samples_on_init": 0, "target": "energy", "method": "Gd", "diag_shift": 0.01, "use_iterative": true, "use_cholesky": true}, "n_iter": 100}}
duration: -0.25182318687438965