{"Output": [
{"Acceptance":[0.8546153846153847],"Energy":{"Mean":10.285090759950432,"Sigma":0.30303952724502353,"Taucorr":0.11182530475369157},"EnergyVariance":{"Mean":7.34264183804955,"Sigma":1.0246026801713324,"Taucorr":-0.15580175774469485},"Iteration":0},
{"Acceptance":[0.8315384615384616],"Energy":{"Mean":10.24841680402718,"Sigma":0.3072587103312342,"Taucorr":0.09090237560033121},"EnergyVariance":{"Mean":7.970844046399011,"Sigma":1.1041527901988302,"Taucorr":0.08310542223733641},"Iteration":1},
{"Acceptance":[0.7930769230769231],"Energy":{"Mean":10.029227267659628,"Sigma":0.24455414008341472,"Taucorr":-0.032120240612217354},"EnergyVariance":{"Mean":6.707949010619751,"Sigma":0.6444310713263947,"Taucorr":-0.14444709833363462},"Iteration":2},
{"Acceptance":[0.7673076923076924],"Energy":{"Mean":9.591224865506883,"Sigma":0.2982364179205823,"Taucorr":0.039884952444500965},"EnergyVariance":{"Mean":9.093026790443005,"Sigma":1.1605462806462947,"Taucorr":-0.06777277292057621},"Iteration":3},
{"Acceptance":[0.7419230769230769],"Energy":{"Mean":9.372620913086465,"Sigma":0.24790803238543327,"Taucorr":0.008016307612014661},"EnergyVariance":{"Mean":7.744538111607821,"Sigma":0.8206210122030474,"Taucorr":0.01739744344578631},"Iteration":4},
{"Acceptance":[0.7026923076923077],"Energy":{"Mean":9.189819986871054,"Sigma":0.3478695767367661,"Taucorr":0.14045713657731196},"EnergyVariance":{"Mean":10.75959339469382,"Sigma":0.8680906434120373,"Taucorr":-0.1348534801425585},"Iteration":5},
{"Acceptance":[0.6957692307692308],"Energy":{"Mean":8.793509410388276,"Sigma":0.3663900186202261,"Taucorr":0.30366719226161587},"EnergyVariance":{"Mean":10.19527131391197,"Sigma":1.1990882943466288,"Taucorr":-0.09262357606307159},"Iteration":6},
{"Acceptance":[0.6584615384615384],"Energy":{"Mean":7.310533202570475,"Sigma":0.3122798638453087,"Taucorr":0.0888694672458803},"EnergyVariance":{"Mean":10.51769691748964,"Sigma":1.657200046061737,"Taucorr":0.44341681707738545},"Iteration":7},
{"Acceptance":[0.6438461538461538],"Energy":{"Mean":7.656405708138605,"Sigma":0.34094960986144396,"Taucorr":0.08935876887235505},"EnergyVariance":{"Mean":12.721925384159338,"Sigma":1.2083453306548133,"Taucorr":-0.09360223528327982},"Iteration":8},
{"Acceptance":[0.6215384615384615],"Energy":{"Mean":7.165423787117158,"Sigma":0.384487820839646,"Taucorr":0.27501394979756155},"EnergyVariance":{"Mean":12.524174228861963,"Sigma":1.438357889176692,"Taucorr":0.20981174450737328},"Iteration":9},
{"Acceptance":[0.6080769230769231],"Energy":{"Mean":7.033196195619961,"Sigma":0.42793576146047735,"Taucorr":0.47724238630232263},"EnergyVariance":{"Mean":12.642112728368886,"Sigma":1.7869953812678538,"Taucorr":0.10468230617436414},"Iteration":10},
{"Acceptance":[0.5753846153846154],"Energy":{"Mean":6.318682559387981,"Sigma":0.3779275725286884,"Taucorr":0.16076027717414965},"EnergyVariance":{"Mean":15.066144052798979,"Sigma":1.791791945153067,"Taucorr":0.012409291065396344},"Iteration":11},
{"Acceptance":[0.5357692307692308],"Energy":{"Mean":4.915654347616935,"Sigma":0.44292694483834744,"Taucorr":0.3581269319307189},"EnergyVariance":{"Mean":16.723049054814616,"Sigma":2.1612303834780247,"Taucorr":0.05851756356175053},"Iteration":12},
{"Acceptance":[0.5376923076923077],"Energy":{"Mean":5.109155236406923,"Sigma":0.3953864350403152,"Taucorr":0.1398603789770103},"EnergyVariance":{"Mean":19.231241721839506,"Sigma":2.0303750966246694,"Taucorr":0.13623670851773306},"Iteration":13},
{"Acceptance":[0.5015384615384615],"Energy":{"Mean":4.819715394807077,"Sigma":0.5437152246258047,"Taucorr":0.3808270719518224},"EnergyVariance":{"Mean":21.358730265958304,"Sigma":3.14422220377056,"Taucorr":0.1958738599822225},"Iteration":14},
{"Acceptance":[0.5030769230769231],"Energy":{"Mean":3.9159638119390716,"Sigma":0.39648881921808804,"Taucorr":0.12752057947616957},"EnergyVariance":{"Mean":19.26129160847411,"Sigma":2.3910742005797947,"Taucorr":0.1545516738197361},"Iteration":15},
{"Acceptance":[0.4746153846153846],"Energy":{"Mean":2.266292361722885,"Sigma":0.39775684607873946,"Taucorr":0.22942607589825503},"EnergyVariance":{"Mean":17.093522089782102,"Sigma":1.9065365960130776,"Taucorr":-0.043936498541938485},"Iteration":16},
{"Acceptance":[0.4673076923076923],"Energy":{"Mean":3.046314229563286,"Sigma":0.44105552837058287,"Taucorr":0.16416272111156893},"EnergyVariance":{"Mean":22.865725243053195,"Sigma":2.7117369740765023,"Taucorr":0.08717380918961815},"Iteration":17},
{"Acceptance":[0.4380769230769231],"Energy":{"Mean":1.5826276355467734,"Sigma":0.4765619061044173,"Taucorr":0.24222344820451924},"EnergyVariance":{"Mean":20.17041888949942,"Sigma":4.41761455034736,"Taucorr":0.45727773696143537},"Iteration":18},
{"Acceptance":[0.42730769230769233],"Energy":{"Mean":1.3662056617949787,"Sigma":0.5093358259918924,"Taucorr":0.43544175475177493},"EnergyVariance":{"Mean":23.27612936758306,"Sigma":3.975833067115972,"Taucorr":0.4862745149001779},"Iteration":19},
{"Acceptance":[0.41115384615384615],"Energy":{"Mean":0.008190844224825813,"Sigma":0.4546609170433318,"Taucorr":0.12310515511084819},"EnergyVariance":{"Mean":26.40493138675714,"Sigma":2.67082320594993,"Taucorr":-0.0675996703464049},"Iteration":20},
{"Acceptance":[0.38846153846153847],"Energy":{"Mean":0.4514022130462869,"Sigma":0.6157790342355584,"Taucorr":0.43502225122836236},"EnergyVariance":{"Mean":29.664123511788883,"Sigma":5.178656942120127,"Taucorr":0.2232837384439199},"Iteration":21},
{"Acceptance":[0.3719230769230769],"Energy":{"Mean":-0.7072884954887223,"Sigma":0.5637136241835513,"Taucorr":0.4488036267778853},"EnergyVariance":{"Mean":27.324731660402847,"Sigma":4.580468601881376,"Taucorr":0.1822979653740192},"Iteration":22},
{"Acceptance":[0.3507692307692308],"Energy":{"Mean":-1.3098617425412138,"Sigma":0.5618373539381615,"Taucorr":0.38593104651572585},"EnergyVariance":{"Mean":27.639231777244945,"Sigma":6.589634644794522,"Taucorr":0.07165809915563914},"Iteration":23},
{"Acceptance":[0.3176923076923077],"Energy":{"Mean":-1.7615413278087924,"Sigma":0.39616498899997243,"Taucorr":0.05841783436594228},"EnergyVariance":{"Mean":20.936089167090437,"Sigma":2.388911108320278,"Taucorr":-0.11310655569433165},"Iteration":24},
{"Acceptance":[0.31153846153846154],"Energy":{"Mean":-3.336637267814582,"Sigma":0.5401535931868243,"Taucorr":0.5348133038997898},"EnergyVariance":{"Mean":21.885252888691827,"Sigma":3.0906299911061716,"Taucorr":-0.10338823003679071},"Iteration":25},
{"Acceptance":[0.2915384615384615],"Energy":{"Mean":-2.951074222129736,"Sigma":0.596888508415543,"Taucorr":0.479636507554964},"EnergyVariance":{"Mean":29.655607885860526,"Sigma":5.174845832794365,"Taucorr":0.16323303548477464},"Iteration":26},
{"Acceptance":[0.2919230769230769],"Energy":{"Mean":-3.3267000490992453,"Sigma":0.6253038883644648,"Taucorr":0.7593961053508342},"EnergyVariance":{"Mean":23.101849008545788,"Sigma":4.913957394962324,"Taucorr":0.5404380302905822},"Iteration":27},
{"Acceptance":[0.2784615384615385],"Energy":{"Mean":-4.18206001707184,"Sigma":0.48414048953813094,"Taucorr":0.34509392158066965},"EnergyVariance":{"Mean":23.402955242175548,"Sigma":3.1482947033220565,"Taucorr":0.06924651408148286},"Iteration":28},
{"Acceptance":[0.23692307692307693],"Energy":{"Mean":-5.696509873012744,"Sigma":0.39328848791607224,"Taucorr":0.11447201903737092},"EnergyVariance":{"Mean":20.687120992835617,"Sigma":3.4599325048255456,"Taucorr":0.020430021260736342},"Iteration":29},
{"Acceptance":[0.2326923076923077],"Energy":{"Mean":-5.4270113738240076,"Sigma":0.6866522677833693,"Taucorr":0.8026370256821644},"EnergyVariance":{"Mean":27.962840210998916,"Sigma":5.823313238071327,"Taucorr":0.44090317461398265},"Iteration":30},
{"Acceptance":[0.23346153846153847],"Energy":{"Mean":-5.787609807354063,"Sigma":0.5053386585345538,"Taucorr":0.4157522681567274},"EnergyVariance":{"Mean":22.078225697596245,"Sigma":5.455068785357614,"Taucorr":0.0603154416673124},"Iteration":31},
{"Acceptance":[0.21769230769230768],"Energy":{"Mean":-6.654800517254456,"Sigma":0.3248132848061024,"Taucorr":0.08096422710508344},"EnergyVariance":{"Mean":12.133130892752368,"Sigma":2.093278471088677,"Taucorr":-0.013092966271755324},"Iteration":32},
{"Acceptance":[0.20461538461538462],"Energy":{"Mean":-6.738505235357743,"Sigma":0.44232801907786684,"Taucorr":0.29796180337361855},"EnergyVariance":{"Mean":16.46573940547988,"Sigma":2.6988280207556627,"Taucorr":0.12816554295851879},"Iteration":33},
{"Acceptance":[0.18346153846153845],"Energy":{"Mean":-7.270303667054136,"Sigma":0.5051970439031483,"Taucorr":0.6476548626866456},"EnergyVariance":{"Mean":17.991084392826643,"Sigma":4.002988903117483,"Taucorr":0.1210582942091245},"Iteration":34},
{"Acceptance":[0.20846153846153845],"Energy":{"Mean":-6.4545769014681955,"Sigma":0.4985584127492163,"Taucorr":0.22887587571668722},"EnergyVariance":{"Mean":26.147195207570658,"Sigma":5.3424197772717,"Taucorr":0.17438619574350256},"Iteration":35},
{"Acceptance":[0.1596153846153846],"Energy":{"Mean":-8.184650854437752,"Sigma":0.4236998205551184,"Taucorr":0.431349435058747},"EnergyVariance":{"Mean":13.364914257403324,"Sigma":2.8256739415608854,"Taucorr":0.09889612415744231},"Iteration":36},
{"Acceptance":[0.17307692307692307],"Energy":{"Mean":-7.293266366364309,"Sigma":0.5945252922973832,"Taucorr":0.644042466629015},"EnergyVariance":{"Mean":27.99192715002428,"Sigma":7.5452710085348755,"Taucorr":0.055440776524780855},"Iteration":37},
{"Acceptance":[0.16307692307692306],"Energy":{"Mean":-8.458919043884336,"Sigma":0.41936325333797275,"Taucorr":0.7154971992402863},"EnergyVariance":{"Mean":11.86127177619347,"Sigma":2.2883846590790533,"Taucorr":0.10191741388999453},"Iteration":38},
{"Acceptance":[0.1596153846153846],"Energy":{"Mean":-8.194792118793812,"Sigma":0.5621822894209112,"Taucorr":0.627267768346498},"EnergyVariance":{"Mean":21.298874307122166,"Sigma":6.0995318750500465,"Taucorr":0.2870770000972186},"Iteration":39},
{"Acceptance":[0.14692307692307693],"Energy":{"Mean":-8.829852846001803,"Sigma":0.3508321510052861,"Taucorr":0.34220548628863223},"EnergyVariance":{"Mean":14.80838422693969,"Sigma":2.664666713162107,"Taucorr":0.07304438129214708},"Iteration":40},
{"Acceptance":[0.13923076923076924],"Energy":{"Mean":-8.814100871643834,"Sigma":0.30524447461548776,"Taucorr":0.09015732332412085},"EnergyVariance":{"Mean":15.253066939790326,"Sigma":3.634141071558725,"Taucorr":0.2530086079975794},"Iteration":41},
{"Acceptance":[0.14038461538461539],"Energy":{"Mean":-9.140419600737511,"Sigma":0.4942094560835097,"Taucorr":0.4332872788391008},"EnergyVariance":{"Mean":25.383596873876144,"Sigma":6.7372075608355555,"Taucorr":0.04851592147376693},"Iteration":42},
{"Acceptance":[0.12923076923076923],"Energy":{"Mean":-9.501804335638925,"Sigma":0.4472928091014132,"Taucorr":0.7760451603655771},"EnergyVariance":{"Mean":10.51109687266757,"Sigma":2.6713675647650024,"Taucorr":0.18188432622272788},"Iteration":43},
{"Acceptance":[0.1296153846153846],"Energy":{"Mean":-9.24832173163768,"Sigma":0.587847968991361,"Taucorr":0.7041068476527252},"EnergyVariance":{"Mean":20.513469773478988,"Sigma":9.484729761632973,"Taucorr":0.36253682488281536},"Iteration":44},
{"Acceptance":[0.08846153846153847],"Energy":{"Mean":-10.442737267499151,"Sigma":0.440613054833984,"Taucorr":0.8075745904004938},"EnergyVariance":{"Mean":8.217569025772667,"Sigma":3.1570775269668543,"Taucorr":0.5375633635175194},"Iteration":45},
{"Acceptance":[0.1276923076923077],"Energy":{"Mean":-10.056114743528024,"Sigma":0.3358631985659748,"Taucorr":0.279481043577792},"EnergyVariance":{"Mean":11.729164319712549,"Sigma":3.6929440148245996,"Taucorr":0.06166169457151016},"Iteration":46},
{"Acceptance":[0.10884615384615384],"Energy":{"Mean":-9.953807812846254,"Sigma":0.25925498741563097,"Taucorr":0.23266605229822657},"EnergyVariance":{"Mean":7.2714295960735855,"Sigma":2.134233242343129,"Taucorr":0.34988890418042407},"Iteration":47},
{"Acceptance":[0.10846153846153846],"Energy":{"Mean":-10.01315949214731,"Sigma":0.4012522185018112,"Taucorr":0.5872518875600468},"EnergyVariance":{"Mean":17.464900707273163,"Sigma":6.512298989387905,"Taucorr":0.10753851317879048},"Iteration":48},
{"Acceptance":[0.10384615384615385],"Energy":{"Mean":-9.569619815331626,"Sigma":0.4485885550463971,"Taucorr":0.3101820593932614},"EnergyVariance":{"Mean":25.05911529707701,"Sigma":7.051794947512726,"Taucorr":0.24413676772402582},"Iteration":49},
{"Acceptance":[0.12115384615384615],"Energy":{"Mean":-9.26766176697069,"Sigma":0.39461492280716265,"Taucorr":0.5319324154493184},"EnergyVariance":{"Mean":10.397723987452364,"Sigma":3.128822461444172,"Taucorr":0.4693560952399175},"Iteration":50},
{"Acceptance":[0.09769230769230769],"Energy":{"Mean":-10.385528323858125,"Sigma":0.43424254061298784,"Taucorr":0.6583461967135276},"EnergyVariance":{"Mean":12.983361508485789,"Sigma":4.72810338976441,"Taucorr":0.9441703795978023},"Iteration":51},
{"Acceptance":[0.105],"Energy":{"Mean":-9.449541235443238,"Sigma":0.4622274256278334,"Taucorr":0.24332544195621475},"EnergyVariance":{"Mean":25.51855705807129,"Sigma":8.238617886929381,"Taucorr":-0.015396122230450227},"Iteration":52},
{"Acceptance":[0.10692307692307693],"Energy":{"Mean":-9.843805901309878,"Sigma":0.4887070425102305,"Taucorr":0.6045584402692876},"EnergyVariance":{"Mean":13.638731863997998,"Sigma":3.931240896450081,"Taucorr":0.3364419040550153},"Iteration":53},
{"Acceptance":[0.08653846153846154],"Energy":{"Mean":-10.979588969941434,"Sigma":0.3370725622319776,"Taucorr":0.4151387827735038},"EnergyVariance":{"Mean":9.133702015417729,"Sigma":2.436807324482967,"Taucorr":0.612133619110967},"Iteration":54},
{"Acceptance":[0.09346153846153846],"Energy":{"Mean":-10.648262669530471,"Sigma":0.3212123193136498,"Taucorr":0.5416194348222492},"EnergyVariance":{"Mean":6.244448952187678,"Sigma":1.5823208716412243,"Taucorr":0.005249447358358528},"Iteration":55},
{"Acceptance":[0.08423076923076923],"Energy":{"Mean":-10.353192723472386,"Sigma":0.499838987066173,"Taucorr":0.4649078107263308},"EnergyVariance":{"Mean":23.92467558897338,"Sigma":8.77621078862485,"Taucorr":0.5298595042504197},"Iteration":56},
{"Acceptance":[0.09461538461538462],"Energy":{"Mean":-10.805517583725395,"Sigma":0.22595535433739702,"Taucorr":-0.005341495049498379},"EnergyVariance":{"Mean":8.961878612433015,"Sigma":4.026663206932808,"Taucorr":0.024173702422505494},"Iteration":57},
{"Acceptance":[0.10076923076923076],"Energy":{"Mean":-10.038353360765084,"Sigma":0.3591728625772301,"Taucorr":0.3326434998861395},"EnergyVariance":{"Mean":9.708577341441725,"Sigma":2.801538671296219,"Taucorr":0.45690357700863715},"Iteration":58},
{"Acceptance":[0.06807692307692308],"Energy":{"Mean":-10.484889916544857,"Sigma":0.5996459589095181,"Taucorr":0.7694835127779731},"EnergyVariance":{"Mean":20.309019910119396,"Sigma":8.362224241194195,"Taucorr":0.45114880407575997},"Iteration":59},
{"Acceptance":[0.09692307692307692],"Energy":{"Mean":-10.652476053718857,"Sigma":0.3557536791817844,"Taucorr":0.2526891057562586},"EnergyVariance":{"Mean":18.949344185561344,"Sigma":7.524639217001946,"Taucorr":0.8163505214255466},"Iteration":60},
{"Acceptance":[0.07076923076923076],"Energy":{"Mean":-10.214112911121097,"Sigma":0.4284302828867422,"Taucorr":0.46969268184150026},"EnergyVariance":{"Mean":14.81569439209807,"Sigma":6.664299828442687,"Taucorr":0.2985808374655412},"Iteration":61},
{"Acceptance":[0.07192307692307692],"Energy":{"Mean":-10.710389373356284,"Sigma":0.3144079124677038,"Taucorr":0.08197247614814485},"EnergyVariance":{"Mean":19.290785270868753,"Sigma":12.74235559573802,"Taucorr":1.2607013719372473},"Iteration":62},
{"Acceptance":[0.06192307692307692],"Energy":{"Mean":-10.698646025619727,"Sigma":0.35728070946761464,"Taucorr":0.6853996315955908},"EnergyVariance":{"Mean":7.0909698725357515,"Sigma":2.4061444107024035,"Taucorr":0.18474935662799996},"Iteration":63},
{"Acceptance":[0.08269230769230769],"Energy":{"Mean":-10.286390575646744,"Sigma":0.31171063693516743,"Taucorr":0.42772751789213703},"EnergyVariance":{"Mean":5.163001310881186,"Sigma":1.3723932693903096,"Taucorr":0.2127857560386841},"Iteration":64},
{"Acceptance":[0.06192307692307692],"Energy":{"Mean":-11.26675086744593,"Sigma":0.2582236182048056,"Taucorr":0.3724708899387844},"EnergyVariance":{"Mean":5.569903936824244,"Sigma":2.5036265610840527,"Taucorr":0.19796757464530124},"Iteration":65},
{"Acceptance":[0.06923076923076923],"Energy":{"Mean":-11.125675645405524,"Sigma":0.6029591736770744,"Taucorr":0.6366553925399452},"EnergyVariance":{"Mean":17.368585606096556,"Sigma":7.969429196029302,"Taucorr":0.3297138378213855},"Iteration":66},
{"Acceptance":[0.0673076923076923],"Energy":{"Mean":-11.060433401728547,"Sigma":0.3052376853806266,"Taucorr":0.5482416478845398},"EnergyVariance":{"Mean":4.808966315926077,"Sigma":1.8308988943814686,"Taucorr":0.34659272123085194},"Iteration":67},
{"Acceptance":[0.052307692307692305],"Energy":{"Mean":-11.056798732126966,"Sigma":0.2757669573885011,"Taucorr":0.24682750171876855},"EnergyVariance":{"Mean":5.0966460911040805,"Sigma":1.1182316312124128,"Taucorr":0.1369878583707016},"Iteration":68},
{"Acceptance":[0.07],"Energy":{"Mean":-10.51617985643049,"Sigma":0.321067676461428,"Taucorr":0.4580930231389675},"EnergyVariance":{"Mean":5.189222152923529,"Sigma":1.6650256001732773,"Taucorr":0.40642464596366135},"Iteration":69},
{"Acceptance":[0.07653846153846154],"Energy":{"Mean":-11.607612633625259,"Sigma":0.38981259811052027,"Taucorr":0.16813966693282723},"EnergyVariance":{"Mean":16.69761587527574,"Sigma":6.64574148707199,"Taucorr":0.21482169021971897},"Iteration":70},
{"Acceptance":[0.06],"Energy":{"Mean":-11.324740274970937,"Sigma":0.26749214199818705,"Taucorr":0.8757046352509856},"EnergyVariance":{"Mean":2.544349111470376,"Sigma":0.6113640203843289,"Taucorr":0.5089597996653636},"Iteration":71},
{"Acceptance":[0.06961538461538462],"Energy":{"Mean":-9.694011601871779,"Sigma":0.6000719454598029,"Taucorr":0.42410450053863435},"EnergyVariance":{"Mean":35.60029743157536,"Sigma":13.579942215302978,"Taucorr":0.2464512561781551},"Iteration":72},
{"Acceptance":[0.06346153846153846],"Energy":{"Mean":-10.283601083860546,"Sigma":0.44270368282778116,"Taucorr":0.3983390369013735},"EnergyVariance":{"Mean":15.344151665633476,"Sigma":5.845532345189797,"Taucorr":0.16596233325744703},"Iteration":73},
{"Acceptance":[0.06615384615384616],"Energy":{"Mean":-10.706295402010358,"Sigma":0.2791936877601108,"Taucorr":0.05830681096204471},"EnergyVariance":{"Mean":7.1594366038845125,"Sigma":1.722188801376728,"Taucorr":0.5385365957020909},"Iteration":74},
{"Acceptance":[0.05961538461538462],"Energy":{"Mean":-11.059741516914867,"Sigma":0.41687344397314213,"Taucorr":0.30573601042664766},"EnergyVariance":{"Mean":34.88123470411182,"Sigma":17.837131580808453,"Taucorr":0.25599937521919547},"Iteration":75},
{"Acceptance":[0.05884615384615385],"Energy":{"Mean":-11.29436521661471,"Sigma":0.37192040242052815,"Taucorr":0.5677912661552136},"EnergyVariance":{"Mean":8.583583186629117,"Sigma":2.971251228612852,"Taucorr":0.15561527935929065},"Iteration":76},
{"Acceptance":[0.06923076923076923],"Energy":{"Mean":-11.074994866280635,"Sigma":0.29750688121263297,"Taucorr":-0.12680963989835348},"EnergyVariance":{"Mean":16.029565046480073,"Sigma":6.09560889393891,"Taucorr":0.18500954631607125},"Iteration":77},
{"Acceptance":[0.06153846153846154],"Energy":{"Mean":-11.01301598070514,"Sigma":0.35446216505502487,"Taucorr":0.5200005307493389},"EnergyVariance":{"Mean":6.039993911259446,"Sigma":1.3593340081056133,"Taucorr":0.3203429900465592},"Iteration":78},
{"Acceptance":[0.05307692307692308],"Energy":{"Mean":-10.310972303343181,"Sigma":0.5801390545257546,"Taucorr":0.6247587548930296},"EnergyVariance":{"Mean":57.63725244780118,"Sigma":29.958107632611355,"Taucorr":0.4669600576862578},"Iteration":79},
{"Acceptance":[0.065],"Energy":{"Mean":-11.613224064263157,"Sigma":0.3511016532695528,"Taucorr":0.22958039774417105},"EnergyVariance":{"Mean":8.629868186842199,"Sigma":2.336609013465155,"Taucorr":0.2740012292492735},"Iteration":80},
{"Acceptance":[0.06307692307692307],"Energy":{"Mean":-11.220200851251505,"Sigma":0.41892968840167233,"Taucorr":0.5968637202028522},"EnergyVariance":{"Mean":20.060622220383006,"Sigma":12.713599100187041,"Taucorr":0.5248345842506243},"Iteration":81},
{"Acceptance":[0.05923076923076923],"Energy":{"Mean":-11.137713941932358,"Sigma":0.2880452730026351,"Taucorr":0.27730732214155307},"EnergyVariance":{"Mean":8.418170436409204,"Sigma":3.7581944828331224,"Taucorr":0.20999438369066592},"Iteration":82},
{"Acceptance":[0.06076923076923077],"Energy":{"Mean":-12.090177787726805,"Sigma":0.5481418690885301,"Taucorr":0.7270291964066529},"EnergyVariance":{"Mean":11.863096891020335,"Sigma":6.004654806426755,"Taucorr":0.5916262760332831},"Iteration":83},
{"Acceptance":[0.06230769230769231],"Energy":{"Mean":-11.35156370503355,"Sigma":0.49174843829063236,"Taucorr":0.671583901164386},"EnergyVariance":{"Mean":19.395741380913428,"Sigma":9.857343210809436,"Taucorr":0.7495531532569437},"Iteration":84},
{"Acceptance":[0.05153846153846154],"Energy":{"Mean":-11.612272806076158,"Sigma":0.2751893269187562,"Taucorr":0.4353168386409376},"EnergyVariance":{"Mean":6.1272234122908165,"Sigma":2.882330025449316,"Taucorr":-0.024230672050126467},"Iteration":85},
{"Acceptance":[0.06192307692307692],"Energy":{"Mean":-11.039887689522487,"Sigma":0.36612430239161253,"Taucorr":0.3031902485749437},"EnergyVariance":{"Mean":15.422309023701835,"Sigma":7.932729465436948,"Taucorr":0.12706360160884878},"Iteration":86},
{"Acceptance":[0.04961538461538462],"Energy":{"Mean":-11.21292347771991,"Sigma":0.2632905084792125,"Taucorr":0.9259203857586236},"EnergyVariance":{"Mean":2.3470439145183515,"Sigma":0.45977645251652843,"Taucorr":0.6670450745105971},"Iteration":87},
{"Acceptance":[0.05384615384615385],"Energy":{"Mean":-11.661013450464388,"Sigma":0.271625531519283,"Taucorr":0.017421768064484255},"EnergyVariance":{"Mean":7.6671411290324665,"Sigma":3.8897707502340553,"Taucorr":0.10762267740645126},"Iteration":88},
{"Acceptance":[0.05961538461538462],"Energy":{"Mean":-11.847749665869298,"Sigma":0.3208832670643706,"Taucorr":0.20923585295960756},"EnergyVariance":{"Mean":7.061826565568048,"Sigma":1.8132533799701371,"Taucorr":0.2801056184658829},"Iteration":89},
{"Acceptance":[0.051153846153846154],"Energy":{"Mean":-11.116482867265237,"Sigma":0.4165372542031682,"Taucorr":0.296844516668309},"EnergyVariance":{"Mean":12.179435230710565,"Sigma":7.1671307264276924,"Taucorr":0.006055585624432647},"Iteration":90},
{"Acceptance":[0.06653846153846153],"Energy":{"Mean":-10.670422018662304,"Sigma":0.29846026122792807,"Taucorr":0.3991746639745819},"EnergyVariance":{"Mean":21.337162389594315,"Sigma":16.7818995251014,"Taucorr":0.007276431909364334},"Iteration":91},
{"Acceptance":[0.040769230769230766],"Energy":{"Mean":-11.563709217017493,"Sigma":0.22683310203223905,"Taucorr":0.5560547323423999},"EnergyVariance":{"Mean":2.353147282704955,"Sigma":0.8760078387498687,"Taucorr":0.4753624707733751},"Iteration":92},
{"Acceptance":[0.04576923076923077],"Energy":{"Mean":-11.858833409753387,"Sigma":0.3199959966570983,"Taucorr":0.3757029353693534},"EnergyVariance":{"Mean":5.76267160748214,"Sigma":2.384944923106258,"Taucorr":0.7064686255062862},"Iteration":93},
{"Acceptance":[0.04923076923076923],"Energy":{"Mean":-11.322690685974939,"Sigma":0.20531432983300282,"Taucorr":0.42078355131399314},"EnergyVariance":{"Mean":2.2083678240093936,"Sigma":0.4949200285757738,"Taucorr":0.33509994613580596},"Iteration":94},
{"Acceptance":[0.05307692307692308],"Energy":{"Mean":-11.116276013236481,"Sigma":0.3342570533610754,"Taucorr":-0.06353678328680123},"EnergyVariance":{"Mean":16.44908705974526,"Sigma":10.016552715299088,"Taucorr":0.08620452341104479},"Iteration":95},
{"Acceptance":[0.04461538461538461],"Energy":{"Mean":-10.867609097544277,"Sigma":0.3442229721764877,"Taucorr":0.0036308939490476977},"EnergyVariance":{"Mean":13.33583475220742,"Sigma":7.845139142369512,"Taucorr":0.028142030478409685},"Iteration":96},
{"Acceptance":[0.05153846153846154],"Energy":{"Mean":-11.390860558547173,"Sigma":0.2758582226694646,"Taucorr":-0.11337529525326728},"EnergyVariance":{"Mean":9.541378624658055,"Sigma":3.2759579363889295,"Taucorr":-0.03162492495794905},"Iteration":97},
{"Acceptance":[0.04576923076923077],"Energy":{"Mean":-11.968295910923949,"Sigma":0.4903844429168054,"Taucorr":0.49183250111769483},"EnergyVariance":{"Mean":11.99332899443094,"Sigma":7.303774782898597,"Taucorr":0.5544786463231759},"Iteration":98},
{"Acceptance":[0.04807692307692308],"Energy":{"Mean":-11.525924761792384,"Sigma":0.21006253145121206,"Taucorr":0.14777310872306704},"EnergyVariance":{"Mean":3.2645946375288024,"Sigma":1.1662540960606544,"Taucorr":0.18348095262667363},"Iteration":99} 
]}
{"input": {"L": 12, "J": 1, "machine": {"type": "FFNN", "model": ["relu", 24, 1]}, "sampler": {"type": "MetropolisHop", "d_max": 5}, "optimizer": {"type": "AdaMax", "alpha": 0.001, "beta1": 0.9, "beta2": 0.999, "epscut": 1e-07}, "VMC": {"n_samples": 100, "discarded_samples": 100, "discarded_samples_on_init": 0, "target": "energy", "method": "Gd", "diag_shift": 0.01, "use_iterative": true, "use_cholesky": true}, "n_iter": 100}}
duration: -0.3269221782684326