{"Output": [
{"Acceptance":[0.8803846153846154],"Energy":{"Mean":10.589445536681561,"Sigma":0.18550464214589985,"Taucorr":-0.16564221219464004},"EnergyVariance":{"Mean":5.089031033064589,"Sigma":0.6662931535823393,"Taucorr":-0.08221966776641171},"Iteration":0},
{"Acceptance":[0.8838461538461538],"Energy":{"Mean":10.09510527576116,"Sigma":0.2769045287813051,"Taucorr":0.05087547334467346},"EnergyVariance":{"Mean":7.2244877463901425,"Sigma":0.7534909344989407,"Taucorr":-0.08695544217531809},"Iteration":1},
{"Acceptance":[0.8646153846153846],"Energy":{"Mean":10.172011955631485,"Sigma":0.27562335366328483,"Taucorr":0.0030788236713513717},"EnergyVariance":{"Mean":7.93353646962426,"Sigma":1.1765817980167932,"Taucorr":0.05401446153060796},"Iteration":2},
{"Acceptance":[0.833076923076923],"Energy":{"Mean":9.419264183814052,"Sigma":0.2606329520603902,"Taucorr":0.021257301228796988},"EnergyVariance":{"Mean":7.277564903888473,"Sigma":0.7802114747509837,"Taucorr":-0.11653047802426214},"Iteration":3},
{"Acceptance":[0.8015384615384615],"Energy":{"Mean":9.24362206444638,"Sigma":0.38859599245211696,"Taucorr":0.3592945540192001},"EnergyVariance":{"Mean":9.615828619964123,"Sigma":0.9747154682065052,"Taucorr":-0.11480638861864478},"Iteration":4},
{"Acceptance":[0.786923076923077],"Energy":{"Mean":8.701492192433962,"Sigma":0.25335784252711613,"Taucorr":0.10297027145072724},"EnergyVariance":{"Mean":6.697227759237743,"Sigma":0.8201536429512404,"Taucorr":-0.03462444103402734},"Iteration":5},
{"Acceptance":[0.7576923076923077],"Energy":{"Mean":8.169421679209266,"Sigma":0.32577364045466534,"Taucorr":0.05887204303936766},"EnergyVariance":{"Mean":11.769085349701061,"Sigma":1.8158367096190071,"Taucorr":0.27013487229899114},"Iteration":6},
{"Acceptance":[0.71],"Energy":{"Mean":8.271171594898075,"Sigma":0.4238338682452214,"Taucorr":0.2990496746261647},"EnergyVariance":{"Mean":13.485997578863948,"Sigma":1.610339660362626,"Taucorr":0.01186554776711135},"Iteration":7},
{"Acceptance":[0.7126923076923077],"Energy":{"Mean":8.305182400306162,"Sigma":0.3418059149586209,"Taucorr":0.11519659421393358},"EnergyVariance":{"Mean":12.605275928263085,"Sigma":1.1140822983967806,"Taucorr":-0.12288630210537738},"Iteration":8},
{"Acceptance":[0.6765384615384615],"Energy":{"Mean":6.7293556100686205,"Sigma":0.425112405753921,"Taucorr":0.12700528199245642},"EnergyVariance":{"Mean":18.21010473002875,"Sigma":2.2803451774545587,"Taucorr":0.07442669991089523},"Iteration":9},
{"Acceptance":[0.6403846153846153],"Energy":{"Mean":6.355224109640485,"Sigma":0.4868216932103477,"Taucorr":0.39522107429380904},"EnergyVariance":{"Mean":16.380505167243765,"Sigma":1.7183241548002226,"Taucorr":-0.006334060244453765},"Iteration":10},
{"Acceptance":[0.615],"Energy":{"Mean":5.5768653022405905,"Sigma":0.5391548883206797,"Taucorr":0.41889929823748606},"EnergyVariance":{"Mean":20.544713605435597,"Sigma":2.0252386703750083,"Taucorr":-0.053438032485811415},"Iteration":11},
{"Acceptance":[0.5965384615384616],"Energy":{"Mean":5.530186590011176,"Sigma":0.4897322479596307,"Taucorr":0.4568670338606352},"EnergyVariance":{"Mean":16.23242157474529,"Sigma":2.2249735848186023,"Taucorr":0.022517824339043035},"Iteration":12},
{"Acceptance":[0.5815384615384616],"Energy":{"Mean":4.525125828301574,"Sigma":0.5408195425847754,"Taucorr":0.4587336545829853},"EnergyVariance":{"Mean":20.241989198161857,"Sigma":2.6330770935256482,"Taucorr":0.15126104578405075},"Iteration":13},
{"Acceptance":[0.54],"Energy":{"Mean":4.633694100360709,"Sigma":0.6274073286782361,"Taucorr":0.6255963483185059},"EnergyVariance":{"Mean":21.93030239776123,"Sigma":2.87910617349236,"Taucorr":0.21035784031040583},"Iteration":14},
{"Acceptance":[0.5434615384615384],"Energy":{"Mean":3.0381820222360525,"Sigma":0.3172724885611045,"Taucorr":-0.07255471599955843},"EnergyVariance":{"Mean":18.732828927856122,"Sigma":2.0966906675762598,"Taucorr":0.02489608462945203},"Iteration":15},
{"Acceptance":[0.48423076923076924],"Energy":{"Mean":2.4283808369211,"Sigma":0.5945183910421941,"Taucorr":0.4964074034167125},"EnergyVariance":{"Mean":23.384334975105634,"Sigma":2.3030090755505537,"Taucorr":-0.03626092823409566},"Iteration":16},
{"Acceptance":[0.48],"Energy":{"Mean":1.9482392689001027,"Sigma":0.2970222554469816,"Taucorr":-0.09378330910740301},"EnergyVariance":{"Mean":16.880437302254425,"Sigma":1.9028388381244459,"Taucorr":0.08624800695024348},"Iteration":17},
{"Acceptance":[0.475],"Energy":{"Mean":2.1231954791953784,"Sigma":0.5131153688975543,"Taucorr":0.46817405795398614},"EnergyVariance":{"Mean":23.63480833630247,"Sigma":2.2331936135593367,"Taucorr":0.04325756272799508},"Iteration":18},
{"Acceptance":[0.455],"Energy":{"Mean":2.1267088726363315,"Sigma":0.4669430625215798,"Taucorr":0.16877582110739153},"EnergyVariance":{"Mean":27.985946502006282,"Sigma":4.369732554815666,"Taucorr":0.11725058469758798},"Iteration":19},
{"Acceptance":[0.4207692307692308],"Energy":{"Mean":1.2260213825916588,"Sigma":0.6227133659405326,"Taucorr":0.5586658514554956},"EnergyVariance":{"Mean":28.004232314302595,"Sigma":4.114226744894829,"Taucorr":0.25943668028759226},"Iteration":20},
{"Acceptance":[0.4107692307692308],"Energy":{"Mean":0.8691586859863061,"Sigma":0.48405210877181115,"Taucorr":0.21132933899155737},"EnergyVariance":{"Mean":22.959045909022702,"Sigma":2.5215180193301583,"Taucorr":-0.030250964628911192},"Iteration":21},
{"Acceptance":[0.37576923076923074],"Energy":{"Mean":-0.4448613728855212,"Sigma":0.454759315850769,"Taucorr":0.2967453892565515},"EnergyVariance":{"Mean":20.51976532488036,"Sigma":2.361969850715333,"Taucorr":0.2156422827612795},"Iteration":22},
{"Acceptance":[0.34807692307692306],"Energy":{"Mean":-1.502012706985019,"Sigma":0.45747425902445604,"Taucorr":0.5439946553080879},"EnergyVariance":{"Mean":20.48457713197645,"Sigma":2.9370724362317207,"Taucorr":0.10395037218562309},"Iteration":23},
{"Acceptance":[0.3619230769230769],"Energy":{"Mean":-0.6231138537234637,"Sigma":0.49728945673027997,"Taucorr":0.4237517650506336},"EnergyVariance":{"Mean":21.997636471044494,"Sigma":3.1598373665105357,"Taucorr":0.23030771563611807},"Iteration":24},
{"Acceptance":[0.3330769230769231],"Energy":{"Mean":-2.9696002990313213,"Sigma":0.4031934958725208,"Taucorr":0.15802477280027782},"EnergyVariance":{"Mean":18.31674656989844,"Sigma":2.356280973133636,"Taucorr":0.06655034968672957},"Iteration":25},
{"Acceptance":[0.3253846153846154],"Energy":{"Mean":-2.4734144426130587,"Sigma":0.47078189472021525,"Taucorr":0.4330640793933842},"EnergyVariance":{"Mean":22.183933687316813,"Sigma":2.509576399488788,"Taucorr":-0.026310641721511707},"Iteration":26},
{"Acceptance":[0.3242307692307692],"Energy":{"Mean":-2.0732371894286614,"Sigma":0.4922140142863115,"Taucorr":0.5477915176693966},"EnergyVariance":{"Mean":21.605708527688055,"Sigma":2.729446772017979,"Taucorr":0.1134417840441112},"Iteration":27},
{"Acceptance":[0.3],"Energy":{"Mean":-3.603878182126704,"Sigma":0.40182464476774155,"Taucorr":0.2398415341043002},"EnergyVariance":{"Mean":21.10409048864184,"Sigma":2.387696042136959,"Taucorr":0.032605866858255284},"Iteration":28},
{"Acceptance":[0.2865384615384615],"Energy":{"Mean":-3.456614378335811,"Sigma":0.5177401502230637,"Taucorr":0.5480086798648098},"EnergyVariance":{"Mean":24.38058779242773,"Sigma":3.350619708770971,"Taucorr":0.1758213566980188},"Iteration":29},
{"Acceptance":[0.2765384615384615],"Energy":{"Mean":-3.3999052767858275,"Sigma":0.4780958591937794,"Taucorr":0.4817336205931855},"EnergyVariance":{"Mean":23.631417973226732,"Sigma":4.186528129100353,"Taucorr":0.2816577873358451},"Iteration":30},
{"Acceptance":[0.2642307692307692],"Energy":{"Mean":-4.714224057877977,"Sigma":0.2526100260480209,"Taucorr":0.1149861234855023},"EnergyVariance":{"Mean":14.703362177201496,"Sigma":2.1715443126151226,"Taucorr":0.44122779235963105},"Iteration":31},
{"Acceptance":[0.225],"Energy":{"Mean":-5.886584682132646,"Sigma":0.37759254153315597,"Taucorr":0.4851238567058056},"EnergyVariance":{"Mean":14.398511672023531,"Sigma":2.1667286293393975,"Taucorr":0.39193301868567754},"Iteration":32},
{"Acceptance":[0.24153846153846154],"Energy":{"Mean":-5.234869766707156,"Sigma":0.46549390545112157,"Taucorr":0.5489071961763536},"EnergyVariance":{"Mean":20.935288753566677,"Sigma":4.298359107820643,"Taucorr":0.10309405145566752},"Iteration":33},
{"Acceptance":[0.21961538461538463],"Energy":{"Mean":-5.727670120828261,"Sigma":0.3740692614317133,"Taucorr":0.49355643473452093},"EnergyVariance":{"Mean":16.90630952689125,"Sigma":2.9837682185557837,"Taucorr":0.2582214824635468},"Iteration":34},
{"Acceptance":[0.23346153846153847],"Energy":{"Mean":-5.989231117425851,"Sigma":0.4038009151113554,"Taucorr":0.2860163814716902},"EnergyVariance":{"Mean":19.655312551183695,"Sigma":3.3671416450091463,"Taucorr":0.27757463433713336},"Iteration":35},
{"Acceptance":[0.23692307692307693],"Energy":{"Mean":-5.3861640681442795,"Sigma":0.5440837427364232,"Taucorr":0.7417553809045274},"EnergyVariance":{"Mean":23.40834420398438,"Sigma":3.1873380493907284,"Taucorr":0.11380433211790675},"Iteration":36},
{"Acceptance":[0.23346153846153847],"Energy":{"Mean":-5.302147377436562,"Sigma":0.4475644305914108,"Taucorr":0.2950560206271323},"EnergyVariance":{"Mean":25.401501166504577,"Sigma":5.1746346779353,"Taucorr":0.19645285122951106},"Iteration":37},
{"Acceptance":[0.18615384615384614],"Energy":{"Mean":-7.588483874584944,"Sigma":0.43329784805191623,"Taucorr":0.6761478812082646},"EnergyVariance":{"Mean":17.601420261177594,"Sigma":3.59697987668925,"Taucorr":0.3513090183800318},"Iteration":38},
{"Acceptance":[0.18692307692307691],"Energy":{"Mean":-7.062609200352773,"Sigma":0.4573628943342987,"Taucorr":0.6711447331729621},"EnergyVariance":{"Mean":17.94097069369609,"Sigma":3.472292009260908,"Taucorr":0.40076480951995785},"Iteration":39},
{"Acceptance":[0.1976923076923077],"Energy":{"Mean":-6.898808907685432,"Sigma":0.432100634057073,"Taucorr":0.4102851972954831},"EnergyVariance":{"Mean":19.534191768476838,"Sigma":3.3077953181129462,"Taucorr":0.35101725624624636},"Iteration":40},
{"Acceptance":[0.20923076923076922],"Energy":{"Mean":-7.0973408546984755,"Sigma":0.4585285898715397,"Taucorr":0.6504971117396934},"EnergyVariance":{"Mean":20.86625233666759,"Sigma":3.2283658797834103,"Taucorr":0.19807290341313366},"Iteration":41},
{"Acceptance":[0.19038461538461537],"Energy":{"Mean":-8.053377418501142,"Sigma":0.3098026032132723,"Taucorr":0.34808130277920957},"EnergyVariance":{"Mean":13.62896073670396,"Sigma":2.0988940382346906,"Taucorr":0.12199654959350992},"Iteration":42},
{"Acceptance":[0.185],"Energy":{"Mean":-7.736009219700512,"Sigma":0.4740339498229492,"Taucorr":0.4294178480196379},"EnergyVariance":{"Mean":18.49252228306649,"Sigma":5.16914735578052,"Taucorr":0.36387770678134523},"Iteration":43},
{"Acceptance":[0.20192307692307693],"Energy":{"Mean":-7.9554767745460016,"Sigma":0.299419404377422,"Taucorr":0.31646036831971414},"EnergyVariance":{"Mean":16.20213195880535,"Sigma":2.636040027033415,"Taucorr":0.34579863367412333},"Iteration":44},
{"Acceptance":[0.185],"Energy":{"Mean":-6.650900576400595,"Sigma":0.37163200130543783,"Taucorr":0.17381212132150847},"EnergyVariance":{"Mean":20.74926130666239,"Sigma":4.0668374775054055,"Taucorr":0.4045012856796212},"Iteration":45},
{"Acceptance":[0.19076923076923077],"Energy":{"Mean":-8.29141143640438,"Sigma":0.3157908345707168,"Taucorr":0.1432507350244312},"EnergyVariance":{"Mean":13.814481852084459,"Sigma":2.8883492759061715,"Taucorr":0.43428785246703205},"Iteration":46},
{"Acceptance":[0.1819230769230769],"Energy":{"Mean":-8.168662739198815,"Sigma":0.21121691207204857,"Taucorr":-0.06693799077020779},"EnergyVariance":{"Mean":13.066335520866463,"Sigma":2.2400207020210825,"Taucorr":0.1409750346025439},"Iteration":47},
{"Acceptance":[0.1673076923076923],"Energy":{"Mean":-8.795202861477295,"Sigma":0.3899187961127084,"Taucorr":0.3542740162467384},"EnergyVariance":{"Mean":15.521264655788492,"Sigma":4.005781527875014,"Taucorr":0.2756827191189035},"Iteration":48},
{"Acceptance":[0.16807692307692307],"Energy":{"Mean":-8.742576329960047,"Sigma":0.41157300398004276,"Taucorr":0.4841138927019256},"EnergyVariance":{"Mean":15.04109143719457,"Sigma":3.096365807905028,"Taucorr":0.36407465978431075},"Iteration":49},
{"Acceptance":[0.18346153846153845],"Energy":{"Mean":-8.659775901253793,"Sigma":0.4201420923238201,"Taucorr":0.5430388439302427},"EnergyVariance":{"Mean":15.127741100608473,"Sigma":2.716430170658073,"Taucorr":0.29474705899827447},"Iteration":50},
{"Acceptance":[0.15615384615384614],"Energy":{"Mean":-8.526506156061497,"Sigma":0.32685612702247896,"Taucorr":0.11757185338960918},"EnergyVariance":{"Mean":14.651148358875945,"Sigma":2.793832367488485,"Taucorr":0.15884048986959454},"Iteration":51},
{"Acceptance":[0.16230769230769232],"Energy":{"Mean":-8.770514465835669,"Sigma":0.3428056371904682,"Taucorr":0.3122777069189996},"EnergyVariance":{"Mean":13.333171206398747,"Sigma":2.727707272847094,"Taucorr":0.21410935771752093},"Iteration":52},
{"Acceptance":[0.14461538461538462],"Energy":{"Mean":-9.276061013631764,"Sigma":0.40484848803328466,"Taucorr":0.5610005624363528},"EnergyVariance":{"Mean":16.565377838416772,"Sigma":3.4447802749968144,"Taucorr":0.2234653198610348},"Iteration":53},
{"Acceptance":[0.17],"Energy":{"Mean":-8.97565149980887,"Sigma":0.4123782955127107,"Taucorr":0.3945139119195632},"EnergyVariance":{"Mean":16.32857729578096,"Sigma":2.6441822026643553,"Taucorr":0.20516530161206503},"Iteration":54},
{"Acceptance":[0.18076923076923077],"Energy":{"Mean":-9.199475405546432,"Sigma":0.3392638958661862,"Taucorr":0.07281444023306705},"EnergyVariance":{"Mean":19.047206302792738,"Sigma":4.0722857433185595,"Taucorr":0.5665829024604163},"Iteration":55},
{"Acceptance":[0.17923076923076922],"Energy":{"Mean":-8.940709062734857,"Sigma":0.39150889235166,"Taucorr":0.26137818828475223},"EnergyVariance":{"Mean":21.04469851266303,"Sigma":3.3890017986739527,"Taucorr":0.06307705671044728},"Iteration":56},
{"Acceptance":[0.13884615384615384],"Energy":{"Mean":-9.528745390920218,"Sigma":0.445980604798473,"Taucorr":0.6074498944071087},"EnergyVariance":{"Mean":13.05831133113786,"Sigma":3.6700525183536477,"Taucorr":0.758883733335957},"Iteration":57},
{"Acceptance":[0.16],"Energy":{"Mean":-9.971018207021617,"Sigma":0.2866624235301897,"Taucorr":0.03520807001880777},"EnergyVariance":{"Mean":12.509350599502318,"Sigma":2.8210113654608318,"Taucorr":0.3496634331062094},"Iteration":58},
{"Acceptance":[0.15615384615384614],"Energy":{"Mean":-9.388575779750143,"Sigma":0.2900897780997115,"Taucorr":0.24545447095508988},"EnergyVariance":{"Mean":8.882623174356224,"Sigma":1.7667545660794641,"Taucorr":0.2679592291664369},"Iteration":59},
{"Acceptance":[0.14961538461538462],"Energy":{"Mean":-9.342220932963412,"Sigma":0.33795809141262423,"Taucorr":0.21576002721817267},"EnergyVariance":{"Mean":12.503403289290715,"Sigma":2.7710776660432925,"Taucorr":0.2541966994241913},"Iteration":60},
{"Acceptance":[0.15115384615384617],"Energy":{"Mean":-10.243851420349296,"Sigma":0.36886237535604516,"Taucorr":0.4583119820353192},"EnergyVariance":{"Mean":12.149459909584033,"Sigma":2.9639630157769203,"Taucorr":0.19740344149192635},"Iteration":61},
{"Acceptance":[0.13923076923076924],"Energy":{"Mean":-9.388062532713741,"Sigma":0.4091482536322453,"Taucorr":0.6234111152069635},"EnergyVariance":{"Mean":13.393900778156869,"Sigma":3.4437252130775464,"Taucorr":0.2541627045309207},"Iteration":62},
{"Acceptance":[0.14],"Energy":{"Mean":-10.988508073036062,"Sigma":0.5341204329983419,"Taucorr":0.42786023516949967},"EnergyVariance":{"Mean":21.68653020140569,"Sigma":7.274212137065965,"Taucorr":0.3996637893545497},"Iteration":63},
{"Acceptance":[0.13807692307692307],"Energy":{"Mean":-10.597193303576859,"Sigma":0.39565202593714394,"Taucorr":0.5073377353601831},"EnergyVariance":{"Mean":12.060870561248953,"Sigma":3.074044413642028,"Taucorr":0.004252653279778196},"Iteration":64},
{"Acceptance":[0.14346153846153847],"Energy":{"Mean":-9.866652163671636,"Sigma":0.33679817099910203,"Taucorr":0.29091638625234817},"EnergyVariance":{"Mean":11.426118099930013,"Sigma":2.1361226054219298,"Taucorr":-0.023302592325008364},"Iteration":65},
{"Acceptance":[0.15269230769230768],"Energy":{"Mean":-9.939400435122922,"Sigma":0.24863654925661413,"Taucorr":-0.1260054915282638},"EnergyVariance":{"Mean":11.016501821482976,"Sigma":2.1502745621088972,"Taucorr":-0.08439242613337006},"Iteration":66},
{"Acceptance":[0.14807692307692308],"Energy":{"Mean":-10.084661558214853,"Sigma":0.359984231214757,"Taucorr":0.36627605192851065},"EnergyVariance":{"Mean":13.050726509916796,"Sigma":2.8620015627158937,"Taucorr":0.39300602202238444},"Iteration":67},
{"Acceptance":[0.14653846153846153],"Energy":{"Mean":-10.486490721677201,"Sigma":0.31663234465128437,"Taucorr":0.2482738847880096},"EnergyVariance":{"Mean":10.881287968889506,"Sigma":2.025339905633829,"Taucorr":-0.01262932762886454},"Iteration":68},
{"Acceptance":[0.14192307692307693],"Energy":{"Mean":-9.974859697565408,"Sigma":0.35647738110209276,"Taucorr":0.1145532777667756},"EnergyVariance":{"Mean":15.374665097079635,"Sigma":3.380265216938065,"Taucorr":0.17044317986878466},"Iteration":69},
{"Acceptance":[0.11846153846153847],"Energy":{"Mean":-10.452998449821571,"Sigma":0.449774245743505,"Taucorr":0.6172792841508115},"EnergyVariance":{"Mean":14.151835002453392,"Sigma":4.0431372099711,"Taucorr":0.6447464642604908},"Iteration":70},
{"Acceptance":[0.13538461538461538],"Energy":{"Mean":-10.981080100911251,"Sigma":0.47770836508329434,"Taucorr":0.2528338061182861},"EnergyVariance":{"Mean":18.904577195570624,"Sigma":5.155262412878991,"Taucorr":0.12049940870992093},"Iteration":71},
{"Acceptance":[0.11846153846153847],"Energy":{"Mean":-10.891429634131464,"Sigma":0.36839360018018125,"Taucorr":0.34298269503031753},"EnergyVariance":{"Mean":11.18229942358468,"Sigma":2.5269704314533614,"Taucorr":0.39995925418290856},"Iteration":72},
{"Acceptance":[0.14423076923076922],"Energy":{"Mean":-9.97203914072949,"Sigma":0.409822132526021,"Taucorr":0.40375599873601287},"EnergyVariance":{"Mean":13.636656370042575,"Sigma":4.427556945250902,"Taucorr":0.45892581709070035},"Iteration":73},
{"Acceptance":[0.13115384615384615],"Energy":{"Mean":-10.215769725702618,"Sigma":0.376239952780057,"Taucorr":0.719052415631841},"EnergyVariance":{"Mean":6.921334035826797,"Sigma":1.1027772948574397,"Taucorr":-0.021871851155704336},"Iteration":74},
{"Acceptance":[0.15115384615384617],"Energy":{"Mean":-10.117576835127686,"Sigma":0.38647556877748934,"Taucorr":0.28843226423250123},"EnergyVariance":{"Mean":12.272346443443908,"Sigma":3.569374372780265,"Taucorr":0.41812018147241825},"Iteration":75},
{"Acceptance":[0.12730769230769232],"Energy":{"Mean":-10.49048890405419,"Sigma":0.2743467125170727,"Taucorr":0.03942064729111805},"EnergyVariance":{"Mean":9.350867111093953,"Sigma":2.2702688721065876,"Taucorr":-0.009804421450560652},"Iteration":76},
{"Acceptance":[0.12153846153846154],"Energy":{"Mean":-9.938823071158644,"Sigma":0.34439420511824675,"Taucorr":0.3236439858017941},"EnergyVariance":{"Mean":7.793080149478046,"Sigma":1.185867994115,"Taucorr":-0.03531694109670985},"Iteration":77},
{"Acceptance":[0.14038461538461539],"Energy":{"Mean":-10.920919596893214,"Sigma":0.3191438146138866,"Taucorr":0.03499938758890342},"EnergyVariance":{"Mean":12.303750898364566,"Sigma":3.5363057497124775,"Taucorr":0.2382104791507259},"Iteration":78},
{"Acceptance":[0.1280769230769231],"Energy":{"Mean":-10.990961697163234,"Sigma":0.2724689150610718,"Taucorr":0.14448533253508355},"EnergyVariance":{"Mean":6.208383446916882,"Sigma":1.4638469467079016,"Taucorr":0.33409024454491787},"Iteration":79},
{"Acceptance":[0.14846153846153845],"Energy":{"Mean":-10.55643521263057,"Sigma":0.4162162502479663,"Taucorr":0.40860624741390295},"EnergyVariance":{"Mean":14.953386868984675,"Sigma":3.6886533289613763,"Taucorr":0.2658933582882528},"Iteration":80},
{"Acceptance":[0.13384615384615384],"Energy":{"Mean":-9.952315997007217,"Sigma":0.44647314776405145,"Taucorr":0.10228967973145953},"EnergyVariance":{"Mean":22.410055352885824,"Sigma":5.056682399819356,"Taucorr":-0.009615914134997516},"Iteration":81},
{"Acceptance":[0.14692307692307693],"Energy":{"Mean":-10.602166114343305,"Sigma":0.36698000654225144,"Taucorr":0.1287235650426719},"EnergyVariance":{"Mean":12.321912895896988,"Sigma":3.2131768881998224,"Taucorr":0.14102097408664183},"Iteration":82},
{"Acceptance":[0.12115384615384615],"Energy":{"Mean":-10.099508177723816,"Sigma":0.368734553804477,"Taucorr":0.2095728259406182},"EnergyVariance":{"Mean":11.112788885618325,"Sigma":2.694345440506846,"Taucorr":0.033830508489160915},"Iteration":83},
{"Acceptance":[0.13307692307692306],"Energy":{"Mean":-9.742911356105454,"Sigma":0.39618938705186596,"Taucorr":0.38639966032089246},"EnergyVariance":{"Mean":16.839709198312896,"Sigma":4.789706668550431,"Taucorr":0.5202440145469212},"Iteration":84},
{"Acceptance":[0.13076923076923078],"Energy":{"Mean":-10.47604647818391,"Sigma":0.3976984462889799,"Taucorr":0.05177780084305539},"EnergyVariance":{"Mean":21.11466422678744,"Sigma":7.562422421929316,"Taucorr":0.870712853453737},"Iteration":85},
{"Acceptance":[0.12576923076923077],"Energy":{"Mean":-10.479555663878081,"Sigma":0.3268020455020164,"Taucorr":0.09597467865375531},"EnergyVariance":{"Mean":14.945057062937204,"Sigma":3.796419933949292,"Taucorr":0.06788922166812217},"Iteration":86},
{"Acceptance":[0.13153846153846155],"Energy":{"Mean":-9.76452621816938,"Sigma":0.4821810493061341,"Taucorr":0.4624700627719842},"EnergyVariance":{"Mean":15.154496600485546,"Sigma":4.981838364029957,"Taucorr":0.4778543687641421},"Iteration":87},
{"Acceptance":[0.14],"Energy":{"Mean":-10.802809002143613,"Sigma":0.32197381301214095,"Taucorr":0.12604100861385747},"EnergyVariance":{"Mean":10.16136076575991,"Sigma":2.559098794473716,"Taucorr":0.16088793384544986},"Iteration":88},
{"Acceptance":[0.12230769230769231],"Energy":{"Mean":-11.213275788280585,"Sigma":0.2639406014682078,"Taucorr":0.04440830514384775},"EnergyVariance":{"Mean":8.941956530247502,"Sigma":2.6981461166745913,"Taucorr":0.1651409193297919},"Iteration":89},
{"Acceptance":[0.1226923076923077],"Energy":{"Mean":-10.138902321965798,"Sigma":0.35172841936329974,"Taucorr":0.4003052649463008},"EnergyVariance":{"Mean":8.550819308881183,"Sigma":2.8032372356860287,"Taucorr":0.6845432252313393},"Iteration":90},
{"Acceptance":[0.12730769230769232],"Energy":{"Mean":-11.056749779288364,"Sigma":0.44003974114627353,"Taucorr":0.1856500983186703},"EnergyVariance":{"Mean":21.352951065016157,"Sigma":6.358891240165775,"Taucorr":0.3649973275308388},"Iteration":91},
{"Acceptance":[0.12692307692307692],"Energy":{"Mean":-11.120141653632391,"Sigma":0.3835726085442902,"Taucorr":0.026169570284401367},"EnergyVariance":{"Mean":19.023963441398095,"Sigma":4.731004428705708,"Taucorr":0.1242950853141126},"Iteration":92},
{"Acceptance":[0.1280769230769231],"Energy":{"Mean":-11.276694414993784,"Sigma":0.5829065755924919,"Taucorr":0.3689792304974572},"EnergyVariance":{"Mean":23.186775543588162,"Sigma":8.466020863504497,"Taucorr":0.366710603234383},"Iteration":93},
{"Acceptance":[0.1226923076923077],"Energy":{"Mean":-10.979139911319974,"Sigma":0.263013367352918,"Taucorr":-0.01893255553123574},"EnergyVariance":{"Mean":8.747940296249736,"Sigma":2.4210361715340882,"Taucorr":0.19646966464140103},"Iteration":94},
{"Acceptance":[0.1296153846153846],"Energy":{"Mean":-10.726457636150535,"Sigma":0.3530368429323802,"Taucorr":0.09771801245060363},"EnergyVariance":{"Mean":15.011227989256092,"Sigma":5.302614427917715,"Taucorr":0.2149617273192983},"Iteration":95},
{"Acceptance":[0.10692307692307693],"Energy":{"Mean":-10.750101080135627,"Sigma":0.23272023198980749,"Taucorr":0.030414331259296046},"EnergyVariance":{"Mean":6.617748028350315,"Sigma":1.1526286047853846,"Taucorr":0.17437163984924497},"Iteration":96},
{"Acceptance":[0.11884615384615385],"Energy":{"Mean":-10.877404216545257,"Sigma":0.3465173796448492,"Taucorr":0.3773921590131589},"EnergyVariance":{"Mean":8.493780649214989,"Sigma":2.0971550668720544,"Taucorr":-0.01877892042785173},"Iteration":97},
{"Acceptance":[0.11038461538461539],"Energy":{"Mean":-11.445487697709565,"Sigma":0.24084642213060228,"Taucorr":-0.18354347093069745},"EnergyVariance":{"Mean":11.12231092014917,"Sigma":3.0761305987009835,"Taucorr":0.012156858049600983},"Iteration":98},
{"Acceptance":[0.12115384615384615],"Energy":{"Mean":-10.2562847935871,"Sigma":0.32547683238505215,"Taucorr":0.3375672742569169},"EnergyVariance":{"Mean":7.7420412103882565,"Sigma":1.5574818001069934,"Taucorr":-0.025849262762167924},"Iteration":99} 
]}
{"input": {"L": 12, "J": 1, "machine": {"type": "FFNN", "model": ["relu", 21, 2]}, "sampler": {"type": "MetropolisHop", "d_max": 5}, "optimizer": {"type": "AdaMax", "alpha": 0.001, "beta1": 0.9, "beta2": 0.999, "epscut": 1e-07}, "VMC": {"n_samples": 100, "discarded_samples": 100, "discarded_samples_on_init": 0, "target": "energy", "method": "Gd", "diag_shift": 0.01, "use_iterative": true, "use_cholesky": true}, "n_iter": 100}}
duration: -0.8996343612670898