{"Output": [
{"Acceptance":[0.7773076923076923],"Energy":{"Mean":10.516806027440122,"Sigma":0.2980916483544108,"Taucorr":0.15739606339950607},"EnergyVariance":{"Mean":6.535679695820629,"Sigma":1.000792591094995,"Taucorr":0.22698922431823887},"Iteration":0},
{"Acceptance":[0.6542307692307693],"Energy":{"Mean":10.272995957391597,"Sigma":0.28518853839447444,"Taucorr":0.19856316338886992},"EnergyVariance":{"Mean":6.154813938798618,"Sigma":0.640233929970914,"Taucorr":0.017011073571828073},"Iteration":1},
{"Acceptance":[0.6003846153846154],"Energy":{"Mean":9.332171677602066,"Sigma":0.331832432776903,"Taucorr":0.0955989566589931},"EnergyVariance":{"Mean":10.096846065073159,"Sigma":1.580362084593501,"Taucorr":-0.0350674675465672},"Iteration":2},
{"Acceptance":[0.5053846153846154],"Energy":{"Mean":7.409532912785984,"Sigma":0.34894223539358915,"Taucorr":0.3755481726479192},"EnergyVariance":{"Mean":9.045251084173302,"Sigma":0.8092630848040755,"Taucorr":-0.09053749260468402},"Iteration":3},
{"Acceptance":[0.4573076923076923],"Energy":{"Mean":6.724354983456045,"Sigma":0.19775538259910355,"Taucorr":-0.13359135607485034},"EnergyVariance":{"Mean":7.183313246261511,"Sigma":0.6773522272480953,"Taucorr":0.0213231287638187},"Iteration":4},
{"Acceptance":[0.4084615384615385],"Energy":{"Mean":6.13793818106248,"Sigma":0.32750639969067125,"Taucorr":0.3368378115530165},"EnergyVariance":{"Mean":9.886893419570889,"Sigma":1.2974002918467489,"Taucorr":0.24784089946110077},"Iteration":5},
{"Acceptance":[0.37423076923076926],"Energy":{"Mean":5.369079531819265,"Sigma":0.2818373292073132,"Taucorr":0.11630547735021757},"EnergyVariance":{"Mean":9.936774671669918,"Sigma":1.33544091181464,"Taucorr":0.14417523540598332},"Iteration":6},
{"Acceptance":[0.3346153846153846],"Energy":{"Mean":4.355614861519588,"Sigma":0.23876201271753245,"Taucorr":0.043073197702365174},"EnergyVariance":{"Mean":8.776982050192919,"Sigma":1.4125166117123344,"Taucorr":0.09897810171789911},"Iteration":7},
{"Acceptance":[0.28423076923076923],"Energy":{"Mean":3.2409433346952436,"Sigma":0.2730363398105569,"Taucorr":0.4670317015008457},"EnergyVariance":{"Mean":7.407456000445626,"Sigma":1.766134526618595,"Taucorr":0.8555317043305914},"Iteration":8},
{"Acceptance":[0.2923076923076923],"Energy":{"Mean":2.8262163380690426,"Sigma":0.30845520654971775,"Taucorr":0.5028855536299439},"EnergyVariance":{"Mean":8.352935151758214,"Sigma":1.364296925298258,"Taucorr":0.15144928488785303},"Iteration":9},
{"Acceptance":[0.25038461538461537],"Energy":{"Mean":1.9025298853166372,"Sigma":0.20805622447311226,"Taucorr":0.2922803958415815},"EnergyVariance":{"Mean":6.687494010001547,"Sigma":1.0053621248126097,"Taucorr":0.09862685669137838},"Iteration":10},
{"Acceptance":[0.25346153846153846],"Energy":{"Mean":1.7588374168285714,"Sigma":0.2787933079314527,"Taucorr":0.5022232700924987},"EnergyVariance":{"Mean":10.626367395360186,"Sigma":3.1550088835428443,"Taucorr":0.47975993181712284},"Iteration":11},
{"Acceptance":[0.22807692307692307],"Energy":{"Mean":0.7685505266820235,"Sigma":0.18546559403670632,"Taucorr":0.15502097383022995},"EnergyVariance":{"Mean":8.373157936500778,"Sigma":1.7340297816215502,"Taucorr":0.1863079737838158},"Iteration":12},
{"Acceptance":[0.20807692307692308],"Energy":{"Mean":0.7001347850499262,"Sigma":0.32030449520279897,"Taucorr":0.5458548234192717},"EnergyVariance":{"Mean":10.510701437664382,"Sigma":1.8304414786365875,"Taucorr":0.11783417897334247},"Iteration":13},
{"Acceptance":[0.20961538461538462],"Energy":{"Mean":0.2893696483843817,"Sigma":0.23897468846344402,"Taucorr":0.27985766643512233},"EnergyVariance":{"Mean":11.57136790809914,"Sigma":2.770316082552487,"Taucorr":0.4443090543973782},"Iteration":14},
{"Acceptance":[0.2],"Energy":{"Mean":0.08962141619301559,"Sigma":0.3864802035899504,"Taucorr":0.5623000295369085},"EnergyVariance":{"Mean":11.319046196246028,"Sigma":3.8336669162669126,"Taucorr":0.6534123483981062},"Iteration":15},
{"Acceptance":[0.20846153846153845],"Energy":{"Mean":-0.5865275805344968,"Sigma":0.23829671157807403,"Taucorr":0.08601703060958998},"EnergyVariance":{"Mean":12.491479315717589,"Sigma":2.9958161985267537,"Taucorr":0.1942235643646284},"Iteration":16},
{"Acceptance":[0.19192307692307692],"Energy":{"Mean":-0.17720112242113187,"Sigma":0.2598296528158431,"Taucorr":0.3732950123250106},"EnergyVariance":{"Mean":6.7464250349411055,"Sigma":1.7592014593412297,"Taucorr":0.35430577785865613},"Iteration":17},
{"Acceptance":[0.22153846153846155],"Energy":{"Mean":-1.1737027021893567,"Sigma":0.2843612126118049,"Taucorr":0.25272527116716414},"EnergyVariance":{"Mean":7.516540508446254,"Sigma":1.4243179974273439,"Taucorr":0.22907191977749142},"Iteration":18},
{"Acceptance":[0.22384615384615383],"Energy":{"Mean":-1.3173883134348814,"Sigma":0.28804155842800105,"Taucorr":0.17950015332257208},"EnergyVariance":{"Mean":7.600136886861122,"Sigma":1.697279577082808,"Taucorr":0.3104774895832809},"Iteration":19},
{"Acceptance":[0.19923076923076924],"Energy":{"Mean":-1.2950144020764989,"Sigma":0.21292940482740583,"Taucorr":0.11451102645044386},"EnergyVariance":{"Mean":5.460181465163379,"Sigma":1.2938856581588971,"Taucorr":-0.01415615866223896},"Iteration":20},
{"Acceptance":[0.20923076923076922],"Energy":{"Mean":-1.8465998530489842,"Sigma":0.29874974930550297,"Taucorr":0.028839310157896647},"EnergyVariance":{"Mean":11.464940231991607,"Sigma":3.8713807809769714,"Taucorr":0.0337317022103647},"Iteration":21},
{"Acceptance":[0.22153846153846155],"Energy":{"Mean":-2.305797428654718,"Sigma":0.3939200084603117,"Taucorr":0.2693968037659271},"EnergyVariance":{"Mean":11.512219512890782,"Sigma":4.110731323274594,"Taucorr":0.3649526434287308},"Iteration":22},
{"Acceptance":[0.2169230769230769],"Energy":{"Mean":-2.099230420227516,"Sigma":0.33044829557128536,"Taucorr":0.25463265904298094},"EnergyVariance":{"Mean":8.033017063536697,"Sigma":1.8200072413526984,"Taucorr":0.1237962560560405},"Iteration":23},
{"Acceptance":[0.22115384615384615],"Energy":{"Mean":-2.8119512511478546,"Sigma":0.3401509830717633,"Taucorr":0.29813936165270516},"EnergyVariance":{"Mean":8.096814699059419,"Sigma":1.9817217848676594,"Taucorr":0.37547818309869607},"Iteration":24},
{"Acceptance":[0.20923076923076922],"Energy":{"Mean":-2.9842334225785394,"Sigma":0.24693408730670807,"Taucorr":-0.0072941749828591695},"EnergyVariance":{"Mean":6.742601921949291,"Sigma":1.4796772696679044,"Taucorr":0.08206883146607857},"Iteration":25},
{"Acceptance":[0.22884615384615384],"Energy":{"Mean":-3.030356258574449,"Sigma":0.2549793438116682,"Taucorr":-0.05168294364489051},"EnergyVariance":{"Mean":7.318038977593527,"Sigma":2.1744991403807155,"Taucorr":-0.047104383947744244},"Iteration":26},
{"Acceptance":[0.20346153846153847],"Energy":{"Mean":-2.8276364321414054,"Sigma":0.3541637642495523,"Taucorr":0.1639853397051848},"EnergyVariance":{"Mean":9.970839510488354,"Sigma":1.915992014593851,"Taucorr":0.17295254207763366},"Iteration":27},
{"Acceptance":[0.19538461538461538],"Energy":{"Mean":-3.2656639138438015,"Sigma":0.31523037312529045,"Taucorr":0.07360063704923092},"EnergyVariance":{"Mean":8.775226950764829,"Sigma":2.7063474113995714,"Taucorr":0.43811660976471434},"Iteration":28},
{"Acceptance":[0.19692307692307692],"Energy":{"Mean":-2.95868179381355,"Sigma":0.44154349494993866,"Taucorr":0.49676183120244244},"EnergyVariance":{"Mean":10.116196890495935,"Sigma":2.4496382749354586,"Taucorr":0.534998572900411},"Iteration":29},
{"Acceptance":[0.23115384615384615],"Energy":{"Mean":-3.810663902468326,"Sigma":0.2677198819544963,"Taucorr":-0.0828349514757355},"EnergyVariance":{"Mean":8.722693429051727,"Sigma":1.8274197630480808,"Taucorr":0.30357918700747466},"Iteration":30},
{"Acceptance":[0.22076923076923077],"Energy":{"Mean":-3.7508626532351004,"Sigma":0.32591485336752757,"Taucorr":0.27690994007337866},"EnergyVariance":{"Mean":7.173181294289016,"Sigma":1.1251758596370447,"Taucorr":0.2939894669513945},"Iteration":31},
{"Acceptance":[0.1973076923076923],"Energy":{"Mean":-3.194075707799103,"Sigma":0.3395520386205879,"Taucorr":0.28001120581284633},"EnergyVariance":{"Mean":7.3075425188891465,"Sigma":2.9601186436152713,"Taucorr":-0.02961344299411195},"Iteration":32},
{"Acceptance":[0.205],"Energy":{"Mean":-4.126589014436529,"Sigma":0.40364182217192957,"Taucorr":0.3744227368230191},"EnergyVariance":{"Mean":9.465026341941341,"Sigma":2.2587741439308733,"Taucorr":0.01336235202850733},"Iteration":33},
{"Acceptance":[0.20923076923076922],"Energy":{"Mean":-4.974344933691114,"Sigma":0.4699414368354458,"Taucorr":0.317168898449147},"EnergyVariance":{"Mean":13.936757094395874,"Sigma":2.4201974361063905,"Taucorr":-0.005869382610276419},"Iteration":34},
{"Acceptance":[0.20576923076923076],"Energy":{"Mean":-4.420535142090551,"Sigma":0.32595117865190976,"Taucorr":0.25109556603082683},"EnergyVariance":{"Mean":7.179099493582649,"Sigma":2.082966634402538,"Taucorr":0.15930066282551025},"Iteration":35},
{"Acceptance":[0.18153846153846154],"Energy":{"Mean":-4.571883682587113,"Sigma":0.289974473154124,"Taucorr":0.021215179840682663},"EnergyVariance":{"Mean":8.22539733017972,"Sigma":2.090178985241327,"Taucorr":-0.07264606622579728},"Iteration":36},
{"Acceptance":[0.1946153846153846],"Energy":{"Mean":-4.6208601700296725,"Sigma":0.48624047607017573,"Taucorr":0.2273896720605214},"EnergyVariance":{"Mean":15.957605318922527,"Sigma":4.126740806477183,"Taucorr":-0.025712086678363222},"Iteration":37},
{"Acceptance":[0.19615384615384615],"Energy":{"Mean":-5.339554141755847,"Sigma":0.29744522224500264,"Taucorr":0.11644152951502562},"EnergyVariance":{"Mean":7.8293461895794545,"Sigma":1.662927141790973,"Taucorr":0.35706108545860127},"Iteration":38},
{"Acceptance":[0.1973076923076923],"Energy":{"Mean":-5.120044046857424,"Sigma":0.45535857928766293,"Taucorr":0.18238995403716796},"EnergyVariance":{"Mean":15.814188079439933,"Sigma":5.005030871806948,"Taucorr":0.01859373867736569},"Iteration":39},
{"Acceptance":[0.19038461538461537],"Energy":{"Mean":-5.174213964636585,"Sigma":0.26356482138699566,"Taucorr":0.2757434125749789},"EnergyVariance":{"Mean":4.630698942462056,"Sigma":0.937193594434951,"Taucorr":0.41284905998187593},"Iteration":40},
{"Acceptance":[0.18769230769230769],"Energy":{"Mean":-4.8098995295499485,"Sigma":0.4609583473217744,"Taucorr":0.4008778981501607},"EnergyVariance":{"Mean":11.896070088115643,"Sigma":5.264094680674265,"Taucorr":0.2663185717573102},"Iteration":41},
{"Acceptance":[0.185],"Energy":{"Mean":-5.859275469404458,"Sigma":0.35747775574061014,"Taucorr":0.1657971794661277},"EnergyVariance":{"Mean":10.273618728098496,"Sigma":3.8330092030256386,"Taucorr":0.022156474751363064},"Iteration":42},
{"Acceptance":[0.19576923076923078],"Energy":{"Mean":-5.884095437052108,"Sigma":0.43640138590352123,"Taucorr":0.10635723081731285},"EnergyVariance":{"Mean":16.042875621412424,"Sigma":6.893791576819359,"Taucorr":0.997217411777344},"Iteration":43},
{"Acceptance":[0.1996153846153846],"Energy":{"Mean":-5.470315662787137,"Sigma":0.311585189964272,"Taucorr":-0.09656968846094821},"EnergyVariance":{"Mean":12.064458425723572,"Sigma":4.965856905775152,"Taucorr":0.29402272967339793},"Iteration":44},
{"Acceptance":[0.21769230769230768],"Energy":{"Mean":-6.876371349630145,"Sigma":0.5149225267450661,"Taucorr":0.2981311847388276},"EnergyVariance":{"Mean":17.29109293144787,"Sigma":4.1912161875146206,"Taucorr":0.282605247767054},"Iteration":45},
{"Acceptance":[0.18307692307692308],"Energy":{"Mean":-6.463605127520743,"Sigma":0.33338891654605135,"Taucorr":0.17832395646217813},"EnergyVariance":{"Mean":8.190564450057561,"Sigma":1.4087708703286235,"Taucorr":0.05097466097225212},"Iteration":46},
{"Acceptance":[0.18923076923076923],"Energy":{"Mean":-7.48459600227538,"Sigma":0.41783838125403794,"Taucorr":0.41029021227735407},"EnergyVariance":{"Mean":9.77568363505582,"Sigma":1.1976935583586474,"Taucorr":0.07036134400464122},"Iteration":47},
{"Acceptance":[0.17461538461538462],"Energy":{"Mean":-7.194397679254749,"Sigma":0.3375167724374934,"Taucorr":0.1802642936171206},"EnergyVariance":{"Mean":8.672338931764056,"Sigma":1.9631905704104426,"Taucorr":0.19366135023238562},"Iteration":48},
{"Acceptance":[0.1819230769230769],"Energy":{"Mean":-7.665792003471907,"Sigma":0.4296535945262162,"Taucorr":0.48623892613104036},"EnergyVariance":{"Mean":10.421917796684372,"Sigma":2.718057761920179,"Taucorr":0.1977254155694067},"Iteration":49},
{"Acceptance":[0.19384615384615383],"Energy":{"Mean":-7.451285961105898,"Sigma":0.510034211775688,"Taucorr":0.2591174021233925},"EnergyVariance":{"Mean":16.781087532442648,"Sigma":5.345628724764727,"Taucorr":0.13757486741970248},"Iteration":50},
{"Acceptance":[0.19807692307692307],"Energy":{"Mean":-7.779041379785143,"Sigma":0.3301787497591288,"Taucorr":0.18767039470070923},"EnergyVariance":{"Mean":8.069509595787267,"Sigma":1.8800166477422904,"Taucorr":0.266622422528104},"Iteration":51},
{"Acceptance":[0.19653846153846155],"Energy":{"Mean":-8.313945460574768,"Sigma":0.411497705034832,"Taucorr":0.3921454656619747},"EnergyVariance":{"Mean":9.795385784480619,"Sigma":1.5537020519306954,"Taucorr":-0.004626334057509007},"Iteration":52},
{"Acceptance":[0.18461538461538463],"Energy":{"Mean":-7.975054583879675,"Sigma":0.5507591287819654,"Taucorr":0.48390428424916565},"EnergyVariance":{"Mean":18.302952113587043,"Sigma":9.512920979113597,"Taucorr":0.467365161346744},"Iteration":53},
{"Acceptance":[0.20653846153846153],"Energy":{"Mean":-8.242075281973849,"Sigma":0.47406081009333473,"Taucorr":0.2761992010853781},"EnergyVariance":{"Mean":16.056205316883215,"Sigma":3.7290738392994087,"Taucorr":-0.011519945395657816},"Iteration":54},
{"Acceptance":[0.18923076923076923],"Energy":{"Mean":-8.391088805995764,"Sigma":0.6221190877392183,"Taucorr":0.6026437942933158},"EnergyVariance":{"Mean":22.03696216702079,"Sigma":10.059229971520997,"Taucorr":0.5134718337831936},"Iteration":55},
{"Acceptance":[0.18115384615384617],"Energy":{"Mean":-8.278840322457656,"Sigma":0.3011284633314604,"Taucorr":0.13335963918491656},"EnergyVariance":{"Mean":7.902846422196629,"Sigma":1.0244090492708826,"Taucorr":0.08333159422954828},"Iteration":56},
{"Acceptance":[0.17923076923076922],"Energy":{"Mean":-9.032712815537145,"Sigma":0.30935963095312513,"Taucorr":0.09533228267513738},"EnergyVariance":{"Mean":8.244538445876202,"Sigma":1.1138844990779173,"Taucorr":0.1540708724569314},"Iteration":57},
{"Acceptance":[0.16038461538461538],"Energy":{"Mean":-9.729919849960627,"Sigma":0.4816544011853904,"Taucorr":0.16137189650420203},"EnergyVariance":{"Mean":18.41695427625104,"Sigma":9.297976224543188,"Taucorr":0.818221496907918},"Iteration":58},
{"Acceptance":[0.15615384615384614],"Energy":{"Mean":-10.094230403406087,"Sigma":0.32839611387925677,"Taucorr":0.24497192692679126},"EnergyVariance":{"Mean":7.5567684629721255,"Sigma":1.0897547668608272,"Taucorr":0.14960844241453897},"Iteration":59},
{"Acceptance":[0.1726923076923077],"Energy":{"Mean":-9.222181165709362,"Sigma":0.43429378677228214,"Taucorr":0.03243770643010602},"EnergyVariance":{"Mean":21.66858765610132,"Sigma":10.748413027975374,"Taucorr":0.5044781363317461},"Iteration":60},
{"Acceptance":[0.12692307692307692],"Energy":{"Mean":-10.147935463577063,"Sigma":0.3249766079362235,"Taucorr":0.41777638446105847},"EnergyVariance":{"Mean":5.601064799392603,"Sigma":0.7895223757500983,"Taucorr":0.15555102963720235},"Iteration":61},
{"Acceptance":[0.12153846153846154],"Energy":{"Mean":-10.415487330654377,"Sigma":0.36888701145441805,"Taucorr":0.3485113247374364},"EnergyVariance":{"Mean":8.499200991964251,"Sigma":1.3625074824327545,"Taucorr":0.08402387791224486},"Iteration":62},
{"Acceptance":[0.12576923076923077],"Energy":{"Mean":-10.476782866640443,"Sigma":0.49637868978808497,"Taucorr":0.5159915643715367},"EnergyVariance":{"Mean":13.859149712684768,"Sigma":3.3999339758905913,"Taucorr":-0.019921820473582708},"Iteration":63},
{"Acceptance":[0.11884615384615385],"Energy":{"Mean":-10.678246546008886,"Sigma":0.27894951217025504,"Taucorr":0.09994065503356064},"EnergyVariance":{"Mean":6.902483712328312,"Sigma":1.2085716025103346,"Taucorr":-0.021252826111969658},"Iteration":64},
{"Acceptance":[0.10653846153846154],"Energy":{"Mean":-10.315214232908575,"Sigma":0.38814272837172664,"Taucorr":0.5619988186440363},"EnergyVariance":{"Mean":6.7523410186245,"Sigma":1.5532286878712576,"Taucorr":0.19440994627063302},"Iteration":65},
{"Acceptance":[0.09923076923076923],"Energy":{"Mean":-10.563778784813248,"Sigma":0.4437378966558652,"Taucorr":0.20768560103816558},"EnergyVariance":{"Mean":17.612842135531057,"Sigma":5.85549309110975,"Taucorr":0.25406162519419184},"Iteration":66},
{"Acceptance":[0.09153846153846154],"Energy":{"Mean":-10.46152165275593,"Sigma":0.3673279712332019,"Taucorr":0.1055214000104947},"EnergyVariance":{"Mean":10.615941356784775,"Sigma":5.518170328655406,"Taucorr":0.2696123240598177},"Iteration":67},
{"Acceptance":[0.09692307692307692],"Energy":{"Mean":-10.9832369883984,"Sigma":0.3144663161509949,"Taucorr":0.34697693382256845},"EnergyVariance":{"Mean":5.735353895692427,"Sigma":1.2658885894561978,"Taucorr":0.38936553346857605},"Iteration":68},
{"Acceptance":[0.09115384615384615],"Energy":{"Mean":-10.95583251227295,"Sigma":0.31922993371965064,"Taucorr":0.2101061610716728},"EnergyVariance":{"Mean":8.697794150323514,"Sigma":2.4442793811012393,"Taucorr":0.0693324707810834},"Iteration":69},
{"Acceptance":[0.0823076923076923],"Energy":{"Mean":-10.843003382357397,"Sigma":0.29019367072084473,"Taucorr":0.2144639120001942},"EnergyVariance":{"Mean":5.985564012535934,"Sigma":1.5041690047720335,"Taucorr":0.03569023202643562},"Iteration":70},
{"Acceptance":[0.075],"Energy":{"Mean":-10.676822740974423,"Sigma":0.3044129597714245,"Taucorr":0.6624732400694229},"EnergyVariance":{"Mean":3.8016790150028412,"Sigma":0.6199486525661926,"Taucorr":0.18455763165395134},"Iteration":71},
{"Acceptance":[0.08076923076923077],"Energy":{"Mean":-10.450412973876457,"Sigma":0.4053770469048533,"Taucorr":0.4509564288246437},"EnergyVariance":{"Mean":8.33726572145116,"Sigma":1.8872801660575929,"Taucorr":0.006548187270419392},"Iteration":72},
{"Acceptance":[0.07653846153846154],"Energy":{"Mean":-11.105929391448383,"Sigma":0.24520256392423093,"Taucorr":0.20190466325453416},"EnergyVariance":{"Mean":4.08130701409531,"Sigma":0.8008409873015697,"Taucorr":0.11127914623183177},"Iteration":73},
{"Acceptance":[0.06884615384615385],"Energy":{"Mean":-11.150533542935182,"Sigma":0.5933936799536055,"Taucorr":0.36061174487670833},"EnergyVariance":{"Mean":19.5303275113717,"Sigma":8.067414266031562,"Taucorr":0.07315487132553988},"Iteration":74},
{"Acceptance":[0.07115384615384615],"Energy":{"Mean":-10.922769815831648,"Sigma":0.42834793202195165,"Taucorr":-0.05440856773873248},"EnergyVariance":{"Mean":25.00232157654684,"Sigma":8.736572233931016,"Taucorr":0.14563509262361152},"Iteration":75},
{"Acceptance":[0.05423076923076923],"Energy":{"Mean":-11.783636308987566,"Sigma":0.390671625982038,"Taucorr":0.14277390971306592},"EnergyVariance":{"Mean":11.766878637624869,"Sigma":5.7829435474200315,"Taucorr":0.5135641389347994},"Iteration":76},
{"Acceptance":[0.06076923076923077],"Energy":{"Mean":-11.041444173259812,"Sigma":0.2862377156352462,"Taucorr":0.2153501340437779},"EnergyVariance":{"Mean":5.52178083417395,"Sigma":2.8585278982663715,"Taucorr":-0.00449246553601268},"Iteration":77},
{"Acceptance":[0.06],"Energy":{"Mean":-11.4983802000173,"Sigma":0.298329328299537,"Taucorr":-0.04458718449135651},"EnergyVariance":{"Mean":9.347584845647276,"Sigma":3.3575161694246645,"Taucorr":0.21315303666965812},"Iteration":78},
{"Acceptance":[0.05730769230769231],"Energy":{"Mean":-11.218165040636373,"Sigma":0.29396562566485557,"Taucorr":0.5602453362634368},"EnergyVariance":{"Mean":3.874350227184231,"Sigma":0.8405320112892549,"Taucorr":0.1254736263464018},"Iteration":79},
{"Acceptance":[0.06346153846153846],"Energy":{"Mean":-10.825831779289754,"Sigma":0.4137129973122562,"Taucorr":0.6468299740262802},"EnergyVariance":{"Mean":11.300093713074746,"Sigma":7.430998027518194,"Taucorr":0.16853968839929168},"Iteration":80},
{"Acceptance":[0.06],"Energy":{"Mean":-10.962378915397343,"Sigma":0.3090700893585868,"Taucorr":0.3491497017047066},"EnergyVariance":{"Mean":5.357451971849892,"Sigma":1.920618846905211,"Taucorr":-0.017467997805770186},"Iteration":81},
{"Acceptance":[0.047692307692307694],"Energy":{"Mean":-11.003771602277297,"Sigma":0.3995601781724618,"Taucorr":0.5031138915980915},"EnergyVariance":{"Mean":7.577451799320419,"Sigma":3.159336720364364,"Taucorr":0.604226772368579},"Iteration":82},
{"Acceptance":[0.057692307692307696],"Energy":{"Mean":-9.359501074912323,"Sigma":0.5035855873246692,"Taucorr":0.30506072531904926},"EnergyVariance":{"Mean":38.43556136797969,"Sigma":23.06215037836092,"Taucorr":0.9420457259097459},"Iteration":83},
{"Acceptance":[0.045],"Energy":{"Mean":-11.545080977572828,"Sigma":0.20265143098052985,"Taucorr":-0.2604727899173261},"EnergyVariance":{"Mean":8.306509218514277,"Sigma":3.5101990332585453,"Taucorr":0.08889952318008432},"Iteration":84},
{"Acceptance":[0.05076923076923077],"Energy":{"Mean":-11.672260162037386,"Sigma":0.4497999427412789,"Taucorr":0.26104397775385335},"EnergyVariance":{"Mean":14.187512272086025,"Sigma":4.681853826870542,"Taucorr":-2.9568417347969334e-05},"Iteration":85},
{"Acceptance":[0.06153846153846154],"Energy":{"Mean":-11.298287479610485,"Sigma":0.21463644297223078,"Taucorr":0.5371995126421689},"EnergyVariance":{"Mean":2.1106080967858944,"Sigma":0.42793329353059073,"Taucorr":0.3281904046795404},"Iteration":86},
{"Acceptance":[0.05307692307692308],"Energy":{"Mean":-10.851392403106878,"Sigma":0.27826442376042154,"Taucorr":0.17871241954070805},"EnergyVariance":{"Mean":8.322797643296614,"Sigma":4.143305221733192,"Taucorr":-0.007071677998763959},"Iteration":87},
{"Acceptance":[0.06192307692307692],"Energy":{"Mean":-11.33164940050806,"Sigma":0.6146647406313983,"Taucorr":0.5094225497516076},"EnergyVariance":{"Mean":25.784297444592895,"Sigma":10.014750604143059,"Taucorr":0.06856865591990446},"Iteration":88},
{"Acceptance":[0.041923076923076924],"Energy":{"Mean":-11.55215385735728,"Sigma":0.22567608153905808,"Taucorr":-0.05145952239796253},"EnergyVariance":{"Mean":5.4254848789181,"Sigma":3.4571737888525047,"Taucorr":0.16061709388211443},"Iteration":89},
{"Acceptance":[0.05346153846153846],"Energy":{"Mean":-12.474425689274486,"Sigma":0.6460090575923242,"Taucorr":0.6345799468018491},"EnergyVariance":{"Mean":32.604522544300636,"Sigma":16.38698539273391,"Taucorr":1.1437987524544255},"Iteration":90},
{"Acceptance":[0.05],"Energy":{"Mean":-10.945522286040116,"Sigma":0.37285564955798167,"Taucorr":0.387952675313462},"EnergyVariance":{"Mean":21.612066900972792,"Sigma":15.929219844058657,"Taucorr":0.4229288796267755},"Iteration":91},
{"Acceptance":[0.045384615384615384],"Energy":{"Mean":-11.02946061650748,"Sigma":0.19174427969377275,"Taucorr":0.15721312928097897},"EnergyVariance":{"Mean":2.686468057647921,"Sigma":0.8220837598263742,"Taucorr":0.05232148771553724},"Iteration":92},
{"Acceptance":[0.03653846153846154],"Energy":{"Mean":-11.693390000228698,"Sigma":0.38548362569124117,"Taucorr":0.5137384953638531},"EnergyVariance":{"Mean":6.966441084037701,"Sigma":4.782924477507611,"Taucorr":0.5061060535004116},"Iteration":93},
{"Acceptance":[0.04923076923076923],"Energy":{"Mean":-11.683786711727057,"Sigma":0.19178740989934148,"Taucorr":0.07034035003219075},"EnergyVariance":{"Mean":5.607196680924782,"Sigma":4.556051858545461,"Taucorr":0.04824709745662059},"Iteration":94},
{"Acceptance":[0.04115384615384615],"Energy":{"Mean":-11.573731212421983,"Sigma":0.19122818818919993,"Taucorr":0.2328191861178267},"EnergyVariance":{"Mean":2.374957957628001,"Sigma":0.843859593176311,"Taucorr":0.43794743520867574},"Iteration":95},
{"Acceptance":[0.04576923076923077],"Energy":{"Mean":-11.791947054629212,"Sigma":0.42118445950513284,"Taucorr":0.34823808467444484},"EnergyVariance":{"Mean":10.1961420827861,"Sigma":4.648767236278724,"Taucorr":0.5331439231225263},"Iteration":96},
{"Acceptance":[0.05346153846153846],"Energy":{"Mean":-12.13205331153834,"Sigma":0.6568512357834719,"Taucorr":0.01505119559994994},"EnergyVariance":{"Mean":51.45493826135848,"Sigma":23.384748408071378,"Taucorr":0.20435000061893271},"Iteration":97},
{"Acceptance":[0.031538461538461536],"Energy":{"Mean":-11.918630244366069,"Sigma":0.4999685843318028,"Taucorr":1.071870980385401},"EnergyVariance":{"Mean":7.796162025997158,"Sigma":4.598772731600993,"Taucorr":1.2263651526789434},"Iteration":98},
{"Acceptance":[0.046153846153846156],"Energy":{"Mean":-11.254363981621356,"Sigma":0.34604058240106716,"Taucorr":0.0747946948376792},"EnergyVariance":{"Mean":9.947994255762875,"Sigma":7.400331613954613,"Taucorr":0.01620853979133785},"Iteration":99} 
]}
{"input": {"L": 12, "J": 1, "machine": {"type": "FFNN", "model": ["relu", 55, 1]}, "sampler": {"type": "MetropolisHop", "d_max": 5}, "optimizer": {"type": "AdaMax", "alpha": 0.001, "beta1": 0.9, "beta2": 0.999, "epscut": 1e-07}, "VMC": {"n_samples": 100, "discarded_samples": 100, "discarded_samples_on_init": 0, "target": "energy", "method": "Gd", "diag_shift": 0.01, "use_iterative": true, "use_cholesky": true}, "n_iter": 100}}
duration: -0.6750609874725342