{"Output": [
{"Acceptance":[0.7788461538461539],"Energy":{"Mean":10.194368620394034,"Sigma":0.306089977323441,"Taucorr":0.28789226942481283},"EnergyVariance":{"Mean":5.8093697857876085,"Sigma":0.6804461204036555,"Taucorr":-0.05258103253744084},"Iteration":0},
{"Acceptance":[0.6457692307692308],"Energy":{"Mean":9.579565645884337,"Sigma":0.3279122561942937,"Taucorr":0.25259793649181683},"EnergyVariance":{"Mean":7.554545354762851,"Sigma":1.000604308880959,"Taucorr":-0.00034063127913508406},"Iteration":1},
{"Acceptance":[0.5684615384615385],"Energy":{"Mean":7.879823753790204,"Sigma":0.42531921127230127,"Taucorr":0.6665741196290267},"EnergyVariance":{"Mean":9.127916526511607,"Sigma":1.4128858163830242,"Taucorr":0.26461280199950676},"Iteration":2},
{"Acceptance":[0.5280769230769231],"Energy":{"Mean":6.820004348071165,"Sigma":0.39578401229236054,"Taucorr":0.3121280214762865},"EnergyVariance":{"Mean":11.580974840332999,"Sigma":1.1611836086973828,"Taucorr":-0.04692356519453483},"Iteration":3},
{"Acceptance":[0.44769230769230767],"Energy":{"Mean":5.569107367465638,"Sigma":0.3585491359602935,"Taucorr":0.17883118066015657},"EnergyVariance":{"Mean":11.861365128133853,"Sigma":1.0555945275878507,"Taucorr":-0.09364690661741243},"Iteration":4},
{"Acceptance":[0.395],"Energy":{"Mean":4.667903358155968,"Sigma":0.4327524529297366,"Taucorr":0.3473159663432912},"EnergyVariance":{"Mean":13.92790397787004,"Sigma":2.767164736455842,"Taucorr":0.5474258563719605},"Iteration":5},
{"Acceptance":[0.3696153846153846],"Energy":{"Mean":2.883868982726702,"Sigma":0.44860073199871325,"Taucorr":0.4938339913033911},"EnergyVariance":{"Mean":14.882858578041038,"Sigma":2.6730902496178524,"Taucorr":0.4342594275694862},"Iteration":6},
{"Acceptance":[0.3415384615384615],"Energy":{"Mean":2.5915137777155643,"Sigma":0.46834145044191855,"Taucorr":0.35470611850110945},"EnergyVariance":{"Mean":21.227564186409076,"Sigma":2.3222646936231346,"Taucorr":0.024126383402758966},"Iteration":7},
{"Acceptance":[0.28807692307692306],"Energy":{"Mean":1.7685367461290133,"Sigma":0.5799668809452377,"Taucorr":0.7037250910157731},"EnergyVariance":{"Mean":22.01146235263808,"Sigma":2.9892874006094616,"Taucorr":0.21975431979807547},"Iteration":8},
{"Acceptance":[0.24423076923076922],"Energy":{"Mean":-0.7796943276578737,"Sigma":0.4004308206605254,"Taucorr":0.3398296433177995},"EnergyVariance":{"Mean":12.946444095342434,"Sigma":1.6339096657056478,"Taucorr":-0.020494397369686723},"Iteration":9},
{"Acceptance":[0.23884615384615385],"Energy":{"Mean":-0.2730494860001119,"Sigma":0.4620590442368131,"Taucorr":0.4331711696098348},"EnergyVariance":{"Mean":18.83765771482499,"Sigma":2.447006945322146,"Taucorr":-0.10784287837686962},"Iteration":10},
{"Acceptance":[0.2353846153846154],"Energy":{"Mean":-1.5705035858325698,"Sigma":0.5031706315458117,"Taucorr":0.5168822969274469},"EnergyVariance":{"Mean":14.83033522982713,"Sigma":2.661136825100983,"Taucorr":0.13192941732490115},"Iteration":11},
{"Acceptance":[0.22115384615384615],"Energy":{"Mean":-2.578180590581488,"Sigma":0.4892532038820473,"Taucorr":0.7404270781558733},"EnergyVariance":{"Mean":14.401444171479724,"Sigma":3.5774065726492594,"Taucorr":0.9318614948637536},"Iteration":12},
{"Acceptance":[0.1976923076923077],"Energy":{"Mean":-3.015796592604732,"Sigma":0.40195014288762193,"Taucorr":0.3497476614900301},"EnergyVariance":{"Mean":14.85616064546797,"Sigma":3.3389595488689876,"Taucorr":0.24332670572936543},"Iteration":13},
{"Acceptance":[0.17423076923076924],"Energy":{"Mean":-3.7025354431664743,"Sigma":0.4139925117657247,"Taucorr":0.2879633987945326},"EnergyVariance":{"Mean":16.68581715147604,"Sigma":3.131685644713373,"Taucorr":0.028242152045366398},"Iteration":14},
{"Acceptance":[0.16384615384615384],"Energy":{"Mean":-3.6569106858061136,"Sigma":0.2973873052239767,"Taucorr":0.10926225907250642},"EnergyVariance":{"Mean":14.681631574115183,"Sigma":2.5115755764732284,"Taucorr":-0.04757082981678851},"Iteration":15},
{"Acceptance":[0.15576923076923077],"Energy":{"Mean":-3.6495969286678918,"Sigma":0.3358583771094101,"Taucorr":0.1013432014180915},"EnergyVariance":{"Mean":14.947022373766984,"Sigma":2.724685773528742,"Taucorr":0.0612258850202676},"Iteration":16},
{"Acceptance":[0.1426923076923077],"Energy":{"Mean":-4.584613604041649,"Sigma":0.36342921025898484,"Taucorr":0.27015676110608067},"EnergyVariance":{"Mean":20.3199305203686,"Sigma":4.797339754225444,"Taucorr":0.2213907976364493},"Iteration":17},
{"Acceptance":[0.14],"Energy":{"Mean":-5.190151770568984,"Sigma":0.44537717290344886,"Taucorr":0.7273878578407018},"EnergyVariance":{"Mean":12.546872352814512,"Sigma":2.489533060553963,"Taucorr":0.12824873138560833},"Iteration":18},
{"Acceptance":[0.1226923076923077],"Energy":{"Mean":-6.340399193919195,"Sigma":0.42055340209678777,"Taucorr":0.7663627290462958},"EnergyVariance":{"Mean":10.800068776544782,"Sigma":1.881009890446139,"Taucorr":0.31936022585336},"Iteration":19},
{"Acceptance":[0.11538461538461539],"Energy":{"Mean":-6.162865769819126,"Sigma":0.41660097300375715,"Taucorr":0.65063782541696},"EnergyVariance":{"Mean":9.467650399958174,"Sigma":2.315544082708027,"Taucorr":0.16555408214721268},"Iteration":20},
{"Acceptance":[0.13038461538461538],"Energy":{"Mean":-5.670491935886398,"Sigma":0.4944886545736358,"Taucorr":0.457527658415777},"EnergyVariance":{"Mean":22.626068932172604,"Sigma":6.337480607165705,"Taucorr":0.13820618630872827},"Iteration":21},
{"Acceptance":[0.12],"Energy":{"Mean":-7.250996567570071,"Sigma":0.3019522300860493,"Taucorr":0.4858166436859215},"EnergyVariance":{"Mean":5.922615285794059,"Sigma":1.7257083854239064,"Taucorr":0.2973437209533527},"Iteration":22},
{"Acceptance":[0.1176923076923077],"Energy":{"Mean":-6.877573301273741,"Sigma":0.3280232222461317,"Taucorr":0.21245319193588552},"EnergyVariance":{"Mean":8.214486991827053,"Sigma":2.09325350422474,"Taucorr":0.1977510539835361},"Iteration":23},
{"Acceptance":[0.10576923076923077],"Energy":{"Mean":-7.399821007695537,"Sigma":0.29232075119647266,"Taucorr":0.3361671291885292},"EnergyVariance":{"Mean":6.893494423790315,"Sigma":1.8474816372881806,"Taucorr":0.28698205866838544},"Iteration":24},
{"Acceptance":[0.11923076923076924],"Energy":{"Mean":-7.049050322022558,"Sigma":0.4251361189926925,"Taucorr":0.23439529310854457},"EnergyVariance":{"Mean":14.25099139392303,"Sigma":4.455384662652364,"Taucorr":0.23143203078296104},"Iteration":25},
{"Acceptance":[0.11807692307692308],"Energy":{"Mean":-7.411327755740113,"Sigma":0.29724664088279995,"Taucorr":-0.039884388433860385},"EnergyVariance":{"Mean":14.750075239738447,"Sigma":5.542644073830741,"Taucorr":0.2506563751673301},"Iteration":26},
{"Acceptance":[0.08461538461538462],"Energy":{"Mean":-7.962023661833707,"Sigma":0.21326402982198747,"Taucorr":0.3145583060404682},"EnergyVariance":{"Mean":4.2216862027683,"Sigma":1.6393908887186062,"Taucorr":0.6868242595089875},"Iteration":27},
{"Acceptance":[0.12038461538461538],"Energy":{"Mean":-7.4727747250044345,"Sigma":0.34762835197800096,"Taucorr":0.3709077762583677},"EnergyVariance":{"Mean":11.862928060397584,"Sigma":6.694348756796741,"Taucorr":0.4701073406832724},"Iteration":28},
{"Acceptance":[0.1176923076923077],"Energy":{"Mean":-7.541366001115109,"Sigma":0.32113413092425086,"Taucorr":0.27497090185516304},"EnergyVariance":{"Mean":9.258403798137465,"Sigma":4.064386260097072,"Taucorr":0.10918243052345455},"Iteration":29},
{"Acceptance":[0.09923076923076923],"Energy":{"Mean":-7.951089749812121,"Sigma":0.2911542888674919,"Taucorr":0.6502419865185745},"EnergyVariance":{"Mean":3.856510557662919,"Sigma":1.4205398890378402,"Taucorr":0.6443233014376379},"Iteration":30},
{"Acceptance":[0.11692307692307692],"Energy":{"Mean":-8.081230258537438,"Sigma":0.26561636556631724,"Taucorr":-0.009224308484135468},"EnergyVariance":{"Mean":7.95414877322509,"Sigma":2.072753258320463,"Taucorr":-0.026650368322075513},"Iteration":31},
{"Acceptance":[0.09846153846153846],"Energy":{"Mean":-7.570377511709572,"Sigma":0.3457120115721445,"Taucorr":0.053352254335738314},"EnergyVariance":{"Mean":14.691346224751102,"Sigma":5.924158853664219,"Taucorr":0.27600611233585504},"Iteration":32},
{"Acceptance":[0.10346153846153847],"Energy":{"Mean":-7.206807038582193,"Sigma":0.47300872696503193,"Taucorr":0.516286948233653},"EnergyVariance":{"Mean":13.735109004785071,"Sigma":4.888830583315522,"Taucorr":0.1111192992684944},"Iteration":33},
{"Acceptance":[0.10307692307692308],"Energy":{"Mean":-7.995090730361612,"Sigma":0.2896737194533434,"Taucorr":0.3639194253036555},"EnergyVariance":{"Mean":5.120546944458494,"Sigma":1.1316514892052723,"Taucorr":0.13976013147199307},"Iteration":34},
{"Acceptance":[0.12692307692307692],"Energy":{"Mean":-8.1184237459117,"Sigma":0.24415020167480875,"Taucorr":-0.08965697974510184},"EnergyVariance":{"Mean":10.621449954618896,"Sigma":3.5932151321495307,"Taucorr":0.12420768644340541},"Iteration":35},
{"Acceptance":[0.11615384615384615],"Energy":{"Mean":-7.36015987862159,"Sigma":0.3111180890607431,"Taucorr":0.3776272577953629},"EnergyVariance":{"Mean":5.66313168264985,"Sigma":2.8492790038095657,"Taucorr":0.07738466321657245},"Iteration":36},
{"Acceptance":[0.11307692307692307],"Energy":{"Mean":-8.333867659752329,"Sigma":0.2599658666404928,"Taucorr":0.417428018866866},"EnergyVariance":{"Mean":4.380780502123771,"Sigma":1.3216300661375948,"Taucorr":-0.06256827023235234},"Iteration":37},
{"Acceptance":[0.11692307692307692],"Energy":{"Mean":-7.940929115244882,"Sigma":0.32203602589051766,"Taucorr":0.15551263765972234},"EnergyVariance":{"Mean":10.551172519405368,"Sigma":4.9458313861708785,"Taucorr":-0.007352344792956489},"Iteration":38},
{"Acceptance":[0.09576923076923077],"Energy":{"Mean":-8.363608874138558,"Sigma":0.21260920061590116,"Taucorr":0.688008278763744},"EnergyVariance":{"Mean":2.2369791387136893,"Sigma":0.6417391616733011,"Taucorr":0.18986640569459334},"Iteration":39},
{"Acceptance":[0.12076923076923077],"Energy":{"Mean":-8.303202842969611,"Sigma":0.19740897537112745,"Taucorr":0.03847479849385205},"EnergyVariance":{"Mean":7.989295507964569,"Sigma":4.35247180834871,"Taucorr":-0.003501985101611871},"Iteration":40},
{"Acceptance":[0.13653846153846153],"Energy":{"Mean":-8.777117068901461,"Sigma":0.4751237708566082,"Taucorr":0.5017962847232185},"EnergyVariance":{"Mean":17.283534270635677,"Sigma":6.80944024017244,"Taucorr":0.15524414012472332},"Iteration":41},
{"Acceptance":[0.11730769230769231],"Energy":{"Mean":-8.048714333886158,"Sigma":0.2794047365964916,"Taucorr":0.06575924580943937},"EnergyVariance":{"Mean":7.574547442982066,"Sigma":4.248178608858239,"Taucorr":0.031265832713686104},"Iteration":42},
{"Acceptance":[0.12576923076923077],"Energy":{"Mean":-8.087620395961576,"Sigma":0.2730192747546938,"Taucorr":0.21541167185821708},"EnergyVariance":{"Mean":7.042598524842011,"Sigma":2.6844996734765667,"Taucorr":0.01164793796863961},"Iteration":43},
{"Acceptance":[0.13538461538461538],"Energy":{"Mean":-8.446512810490459,"Sigma":0.4044182106805845,"Taucorr":0.10218794611637338},"EnergyVariance":{"Mean":17.71252131098705,"Sigma":6.234078303165738,"Taucorr":-0.03125854316938187},"Iteration":44},
{"Acceptance":[0.12307692307692308],"Energy":{"Mean":-8.298296797205307,"Sigma":0.37300424654484904,"Taucorr":0.5545410434823754},"EnergyVariance":{"Mean":7.878220367996677,"Sigma":3.960392205890635,"Taucorr":0.5406835273643036},"Iteration":45},
{"Acceptance":[0.13038461538461538],"Energy":{"Mean":-8.242103542303221,"Sigma":0.31368584329615706,"Taucorr":0.38018167064244146},"EnergyVariance":{"Mean":6.033760899760445,"Sigma":2.1974245239526873,"Taucorr":0.31669997993568355},"Iteration":46},
{"Acceptance":[0.13],"Energy":{"Mean":-8.386994831691375,"Sigma":0.27553206564324095,"Taucorr":-0.0629210524016191},"EnergyVariance":{"Mean":10.46271239031313,"Sigma":4.257980660088368,"Taucorr":0.06198507315670487},"Iteration":47},
{"Acceptance":[0.12423076923076923],"Energy":{"Mean":-7.885311860939316,"Sigma":0.4115562867556481,"Taucorr":0.6213109475194305},"EnergyVariance":{"Mean":17.55120965439283,"Sigma":12.205670489040001,"Taucorr":0.48878758420614443},"Iteration":48},
{"Acceptance":[0.11615384615384615],"Energy":{"Mean":-8.488852000877003,"Sigma":0.18069242407028935,"Taucorr":0.1955447355393135},"EnergyVariance":{"Mean":5.099684930359095,"Sigma":2.465640663524586,"Taucorr":0.005752348748142677},"Iteration":49},
{"Acceptance":[0.11461538461538462],"Energy":{"Mean":-8.045315509033232,"Sigma":0.23553050134064102,"Taucorr":0.41664511258531345},"EnergyVariance":{"Mean":2.9181064204809846,"Sigma":0.5815818608180159,"Taucorr":0.4398640145373789},"Iteration":50},
{"Acceptance":[0.11730769230769231],"Energy":{"Mean":-8.910881026101112,"Sigma":0.19138188409962997,"Taucorr":0.050412847479749834},"EnergyVariance":{"Mean":3.7613709817255963,"Sigma":1.4391235009663923,"Taucorr":0.006389387836053917},"Iteration":51},
{"Acceptance":[0.1280769230769231],"Energy":{"Mean":-8.75335855681905,"Sigma":0.46292752258272746,"Taucorr":0.6139040315824928},"EnergyVariance":{"Mean":13.290471418377551,"Sigma":4.984868971171671,"Taucorr":0.44805830726729956},"Iteration":52},
{"Acceptance":[0.10846153846153846],"Energy":{"Mean":-8.563455696750383,"Sigma":0.15072126455205248,"Taucorr":0.1103047794460198},"EnergyVariance":{"Mean":1.8060862388902528,"Sigma":0.31285845693514513,"Taucorr":0.13695865744821634},"Iteration":53},
{"Acceptance":[0.10653846153846154],"Energy":{"Mean":-8.170217569293191,"Sigma":0.2696044326646943,"Taucorr":0.3462016814630893},"EnergyVariance":{"Mean":10.355559328979508,"Sigma":6.358692242645621,"Taucorr":0.0025240009875396874},"Iteration":54},
{"Acceptance":[0.14038461538461539],"Energy":{"Mean":-8.179808500398641,"Sigma":0.2518361983603185,"Taucorr":0.2053592254683697},"EnergyVariance":{"Mean":10.709303234102823,"Sigma":6.291532515603606,"Taucorr":-0.008202223208503445},"Iteration":55},
{"Acceptance":[0.12384615384615384],"Energy":{"Mean":-8.746063734965027,"Sigma":0.36286308320415184,"Taucorr":0.5276044874003418},"EnergyVariance":{"Mean":9.421046360825514,"Sigma":2.969825258395344,"Taucorr":0.25519051875206666},"Iteration":56},
{"Acceptance":[0.13692307692307693],"Energy":{"Mean":-8.666017590852668,"Sigma":0.2669323759320453,"Taucorr":-0.024370852296040302},"EnergyVariance":{"Mean":19.010638021423656,"Sigma":8.0990523166815,"Taucorr":0.032516949633754066},"Iteration":57},
{"Acceptance":[0.12615384615384614],"Energy":{"Mean":-8.159002635841352,"Sigma":0.2859719349029829,"Taucorr":0.3214144419072851},"EnergyVariance":{"Mean":5.3307772373118585,"Sigma":1.8377418377912411,"Taucorr":0.058080795664524176},"Iteration":58},
{"Acceptance":[0.12653846153846154],"Energy":{"Mean":-8.719765201336147,"Sigma":0.3161327079320383,"Taucorr":-0.015442505855717437},"EnergyVariance":{"Mean":17.64158000403909,"Sigma":9.893051970294227,"Taucorr":0.02250881586726783},"Iteration":59},
{"Acceptance":[0.11346153846153846],"Energy":{"Mean":-8.196304384003856,"Sigma":0.25891575746831064,"Taucorr":0.2597804550554951},"EnergyVariance":{"Mean":6.508475893500691,"Sigma":1.7872187283825944,"Taucorr":0.06889003144249806},"Iteration":60},
{"Acceptance":[0.13153846153846155],"Energy":{"Mean":-8.760667939554649,"Sigma":0.20502716629928594,"Taucorr":0.09387067239423108},"EnergyVariance":{"Mean":7.948244633555782,"Sigma":2.7636537952581546,"Taucorr":0.37121501605540175},"Iteration":61},
{"Acceptance":[0.13807692307692307],"Energy":{"Mean":-8.40604451076075,"Sigma":0.2983193549930726,"Taucorr":0.421303120623443},"EnergyVariance":{"Mean":7.434941191443175,"Sigma":1.2697802592052694,"Taucorr":0.10775599171278694},"Iteration":62},
{"Acceptance":[0.12461538461538461],"Energy":{"Mean":-8.205743164652382,"Sigma":0.2667770917540731,"Taucorr":0.6775034910176136},"EnergyVariance":{"Mean":6.301524859540523,"Sigma":1.6968824227653796,"Taucorr":0.5028845070819958},"Iteration":63},
{"Acceptance":[0.12884615384615383],"Energy":{"Mean":-8.402244357925568,"Sigma":0.2810507519475187,"Taucorr":0.4235780699491014},"EnergyVariance":{"Mean":6.96200036417827,"Sigma":3.122107250115576,"Taucorr":0.3180214551301753},"Iteration":64},
{"Acceptance":[0.12423076923076923],"Energy":{"Mean":-8.986540851214574,"Sigma":0.35178240862104426,"Taucorr":0.11807281014476467},"EnergyVariance":{"Mean":20.12871896623422,"Sigma":11.112463244081807,"Taucorr":-0.007236498278717585},"Iteration":65},
{"Acceptance":[0.11884615384615385],"Energy":{"Mean":-8.766150696507998,"Sigma":0.1756425365558814,"Taucorr":0.19824887208438047},"EnergyVariance":{"Mean":4.168761292366111,"Sigma":1.4454897988085325,"Taucorr":0.19614979756116468},"Iteration":66},
{"Acceptance":[0.1503846153846154],"Energy":{"Mean":-8.72629137804751,"Sigma":0.26158918875224,"Taucorr":0.414886330933003},"EnergyVariance":{"Mean":5.582148264158785,"Sigma":1.9588570030436296,"Taucorr":0.32720000086360024},"Iteration":67},
{"Acceptance":[0.14576923076923076],"Energy":{"Mean":-8.910787697609978,"Sigma":0.15565362070450045,"Taucorr":-0.03607117462303744},"EnergyVariance":{"Mean":3.050803657726519,"Sigma":1.525630631591518,"Taucorr":0.10477358403827253},"Iteration":68},
{"Acceptance":[0.13576923076923078],"Energy":{"Mean":-8.824378419141073,"Sigma":0.31883862008375047,"Taucorr":0.14362791001354458},"EnergyVariance":{"Mean":20.22623643246383,"Sigma":14.65389161748304,"Taucorr":-0.004197530663717475},"Iteration":69},
{"Acceptance":[0.13115384615384615],"Energy":{"Mean":-8.565391505373263,"Sigma":0.329235124629819,"Taucorr":0.38127933037435446},"EnergyVariance":{"Mean":9.372440894732394,"Sigma":3.633311912051072,"Taucorr":0.616210120325174},"Iteration":70},
{"Acceptance":[0.14346153846153847],"Energy":{"Mean":-8.73046652714776,"Sigma":0.18184900686493452,"Taucorr":0.166551003084918},"EnergyVariance":{"Mean":3.184618258646245,"Sigma":0.6516498370765189,"Taucorr":0.22004087501945568},"Iteration":71},
{"Acceptance":[0.16615384615384615],"Energy":{"Mean":-8.340648310470982,"Sigma":0.28028976772682146,"Taucorr":0.11043203463743734},"EnergyVariance":{"Mean":13.827592145685019,"Sigma":4.396945664944901,"Taucorr":0.19816541684543654},"Iteration":72},
{"Acceptance":[0.1423076923076923],"Energy":{"Mean":-8.596956210956854,"Sigma":0.3243331962185676,"Taucorr":0.5292314154700035},"EnergyVariance":{"Mean":5.807794255648041,"Sigma":1.2214596757178517,"Taucorr":0.15470444355482837},"Iteration":73},
{"Acceptance":[0.1523076923076923],"Energy":{"Mean":-9.572696329062573,"Sigma":0.29994618494279995,"Taucorr":-0.10908012650214938},"EnergyVariance":{"Mean":14.739084824922777,"Sigma":7.005587023673358,"Taucorr":0.012834198076786651},"Iteration":74},
{"Acceptance":[0.1646153846153846],"Energy":{"Mean":-9.171353993333858,"Sigma":0.7063329549026797,"Taucorr":0.3179206205842249},"EnergyVariance":{"Mean":38.18645240674162,"Sigma":21.457918043650572,"Taucorr":0.20964094670933808},"Iteration":75},
{"Acceptance":[0.14346153846153847],"Energy":{"Mean":-8.717303752695,"Sigma":0.216150843044028,"Taucorr":0.24442765901829866},"EnergyVariance":{"Mean":3.740087988142522,"Sigma":0.9068339320048873,"Taucorr":0.10966779765787482},"Iteration":76},
{"Acceptance":[0.1453846153846154],"Energy":{"Mean":-9.004060254787847,"Sigma":0.2246024570751601,"Taucorr":0.2518513134903264},"EnergyVariance":{"Mean":4.400607709247398,"Sigma":0.9609392092437309,"Taucorr":-0.10322730102394856},"Iteration":77},
{"Acceptance":[0.15692307692307692],"Energy":{"Mean":-9.021427881259886,"Sigma":0.4057800452661026,"Taucorr":0.6726708198012934},"EnergyVariance":{"Mean":16.687810643785213,"Sigma":10.635159551922813,"Taucorr":0.04723514235822601},"Iteration":78},
{"Acceptance":[0.14692307692307693],"Energy":{"Mean":-8.690214456045993,"Sigma":0.46899619700884126,"Taucorr":0.051463779885065786},"EnergyVariance":{"Mean":20.6112023212536,"Sigma":12.938483791937426,"Taucorr":-0.012539288438834562},"Iteration":79},
{"Acceptance":[0.14423076923076922],"Energy":{"Mean":-9.212453830319811,"Sigma":0.2339156251827402,"Taucorr":0.10754497220747072},"EnergyVariance":{"Mean":10.479415158034167,"Sigma":3.187685808206128,"Taucorr":0.6904337433397996},"Iteration":80},
{"Acceptance":[0.14576923076923076],"Energy":{"Mean":-9.215090486907874,"Sigma":0.1952728052980363,"Taucorr":0.40330391837012936},"EnergyVariance":{"Mean":2.878730976609089,"Sigma":0.8031121497889244,"Taucorr":0.014894961699197906},"Iteration":81},
{"Acceptance":[0.1580769230769231],"Energy":{"Mean":-9.35767452157065,"Sigma":0.22828703198641495,"Taucorr":0.23399063152642963},"EnergyVariance":{"Mean":4.38233337325412,"Sigma":1.4182845816958232,"Taucorr":0.26493745914193023},"Iteration":82},
{"Acceptance":[0.14653846153846153],"Energy":{"Mean":-9.851402188128718,"Sigma":0.5178944178642474,"Taucorr":0.31171338783361335},"EnergyVariance":{"Mean":17.36459991184764,"Sigma":8.569646683851644,"Taucorr":0.18959850510180132},"Iteration":83},
{"Acceptance":[0.15576923076923077],"Energy":{"Mean":-9.43192681079792,"Sigma":0.21570603279520761,"Taucorr":0.3332434520496219},"EnergyVariance":{"Mean":5.912852393250617,"Sigma":2.029181960643456,"Taucorr":0.5122586350479987},"Iteration":84},
{"Acceptance":[0.155],"Energy":{"Mean":-9.378461775950198,"Sigma":0.1931265986478059,"Taucorr":0.15044914583325952},"EnergyVariance":{"Mean":3.281718265339199,"Sigma":0.7477531797955659,"Taucorr":0.6568286825921417},"Iteration":85},
{"Acceptance":[0.16230769230769232],"Energy":{"Mean":-8.903632468846839,"Sigma":0.26680600671087873,"Taucorr":0.3006051412343178},"EnergyVariance":{"Mean":7.2608629837616245,"Sigma":1.8740767718437532,"Taucorr":0.33336345711860216},"Iteration":86},
{"Acceptance":[0.16538461538461538],"Energy":{"Mean":-9.297001548866284,"Sigma":0.25734124471299485,"Taucorr":0.31376954058738094},"EnergyVariance":{"Mean":4.792388252519524,"Sigma":1.368703519902389,"Taucorr":0.16470248003963417},"Iteration":87},
{"Acceptance":[0.14576923076923076],"Energy":{"Mean":-8.97758105366542,"Sigma":0.4155167827603595,"Taucorr":0.29534867293639944},"EnergyVariance":{"Mean":14.433603285474131,"Sigma":8.443629321963764,"Taucorr":0.0015889828003141648},"Iteration":88},
{"Acceptance":[0.16615384615384615],"Energy":{"Mean":-9.610721467664922,"Sigma":0.14553570512744046,"Taucorr":-0.2709147799798929},"EnergyVariance":{"Mean":8.716214865331594,"Sigma":3.455326469774438,"Taucorr":0.9432476882368306},"Iteration":89},
{"Acceptance":[0.15461538461538463],"Energy":{"Mean":-9.086850932008218,"Sigma":0.2189103022530315,"Taucorr":-0.042630448023835366},"EnergyVariance":{"Mean":5.44267921815816,"Sigma":1.140667173420021,"Taucorr":0.0911446900430879},"Iteration":90},
{"Acceptance":[0.17615384615384616],"Energy":{"Mean":-10.562474532044954,"Sigma":0.48924900920087405,"Taucorr":0.0839869102568418},"EnergyVariance":{"Mean":25.444437406342402,"Sigma":11.185500356484066,"Taucorr":0.0238243620058195},"Iteration":91},
{"Acceptance":[0.16038461538461538],"Energy":{"Mean":-9.620503987287195,"Sigma":0.690664737224482,"Taucorr":0.2162188410949618},"EnergyVariance":{"Mean":41.02965791379634,"Sigma":24.534559910064143,"Taucorr":0.2778358941083968},"Iteration":92},
{"Acceptance":[0.16692307692307692],"Energy":{"Mean":-9.126041866198543,"Sigma":0.34354215261838533,"Taucorr":0.215072861650643},"EnergyVariance":{"Mean":10.180549952080856,"Sigma":2.8117869627583554,"Taucorr":0.5342843513371032},"Iteration":93},
{"Acceptance":[0.17076923076923076],"Energy":{"Mean":-9.563747648590912,"Sigma":0.3811009117701895,"Taucorr":0.09896231580603898},"EnergyVariance":{"Mean":12.440651751613691,"Sigma":4.220681059780189,"Taucorr":-0.019045397136013664},"Iteration":94},
{"Acceptance":[0.17038461538461538],"Energy":{"Mean":-8.674218021481806,"Sigma":0.32495036734384375,"Taucorr":0.2007151632698554},"EnergyVariance":{"Mean":23.237515519571254,"Sigma":19.506695344301875,"Taucorr":-0.0017470499431752051},"Iteration":95},
{"Acceptance":[0.16346153846153846],"Energy":{"Mean":-9.911278605822899,"Sigma":0.3680735185199176,"Taucorr":-0.04152019940211421},"EnergyVariance":{"Mean":14.711709655834586,"Sigma":7.927942406164785,"Taucorr":0.5467617294200482},"Iteration":96},
{"Acceptance":[0.17153846153846153],"Energy":{"Mean":-9.0816058127587,"Sigma":0.39294980628078413,"Taucorr":0.3461044716786845},"EnergyVariance":{"Mean":17.82041863539956,"Sigma":12.014724764589698,"Taucorr":0.0022514651391247753},"Iteration":97},
{"Acceptance":[0.185],"Energy":{"Mean":-9.623833868330633,"Sigma":0.35545075117023267,"Taucorr":0.5443108533360712},"EnergyVariance":{"Mean":8.431727607851757,"Sigma":2.6713817811116907,"Taucorr":0.34064973186045366},"Iteration":98},
{"Acceptance":[0.18615384615384614],"Energy":{"Mean":-9.617300318089463,"Sigma":0.3513900699638126,"Taucorr":0.2966691228360713},"EnergyVariance":{"Mean":9.213471655212608,"Sigma":2.153605324044739,"Taucorr":0.3352457277574705},"Iteration":99} 
]}
{"input": {"L": 12, "J": 1, "machine": {"type": "FFNN", "model": ["relu", 57, 4]}, "sampler": {"type": "MetropolisHop", "d_max": 5}, "optimizer": {"type": "AdaMax", "alpha": 0.001, "beta1": 0.9, "beta2": 0.999, "epscut": 1e-07}, "VMC": {"n_samples": 100, "discarded_samples": 100, "discarded_samples_on_init": 0, "target": "energy", "method": "Gd", "diag_shift": 0.01, "use_iterative": true, "use_cholesky": true}, "n_iter": 100}}
duration: -4.733994007110596