{"Output": [
{"Acceptance":[0.8084615384615385],"Energy":{"Mean":10.355013521424903,"Sigma":0.2507415698074492,"Taucorr":-0.017496348128036354},"EnergyVariance":{"Mean":6.40403488788986,"Sigma":0.8065421777829692,"Taucorr":0.014063480599484257},"Iteration":0},
{"Acceptance":[0.7230769230769231],"Energy":{"Mean":9.174453006782596,"Sigma":0.2856716554311167,"Taucorr":0.0225429057787202},"EnergyVariance":{"Mean":8.505028717543953,"Sigma":1.1237092072373833,"Taucorr":-0.09938430664104364},"Iteration":1},
{"Acceptance":[0.6196153846153846],"Energy":{"Mean":7.829526341667161,"Sigma":0.2998537841799168,"Taucorr":0.2003712624230416},"EnergyVariance":{"Mean":8.60207477976367,"Sigma":1.1388567944199335,"Taucorr":0.1150325337771736},"Iteration":2},
{"Acceptance":[0.5534615384615384],"Energy":{"Mean":7.041837775027397,"Sigma":0.41376921603766514,"Taucorr":0.4777339835509329},"EnergyVariance":{"Mean":11.662138018079034,"Sigma":1.4372490081594604,"Taucorr":0.08640734737019018},"Iteration":3},
{"Acceptance":[0.48307692307692307],"Energy":{"Mean":5.41625122223454,"Sigma":0.3009849865002323,"Taucorr":0.2229725982236327},"EnergyVariance":{"Mean":10.776687803374626,"Sigma":1.3451163095116816,"Taucorr":-0.0917851143871608},"Iteration":4},
{"Acceptance":[0.42846153846153845],"Energy":{"Mean":4.226366344047729,"Sigma":0.3327208747369008,"Taucorr":0.35427383152903613},"EnergyVariance":{"Mean":11.138983519738169,"Sigma":0.9573772280135441,"Taucorr":-0.11352469583285657},"Iteration":5},
{"Acceptance":[0.43423076923076925],"Energy":{"Mean":2.963477682643396,"Sigma":0.3399062102195634,"Taucorr":0.27023075179839773},"EnergyVariance":{"Mean":13.990644343577642,"Sigma":2.909618872976082,"Taucorr":0.23908915211476278},"Iteration":6},
{"Acceptance":[0.39],"Energy":{"Mean":2.569193773380817,"Sigma":0.2655627496303331,"Taucorr":-0.031875451304765934},"EnergyVariance":{"Mean":13.963070492789333,"Sigma":1.4848979392767134,"Taucorr":0.04684071966159198},"Iteration":7},
{"Acceptance":[0.31],"Energy":{"Mean":1.61285790160836,"Sigma":0.4424541322448706,"Taucorr":0.5360018342635973},"EnergyVariance":{"Mean":14.745772463496957,"Sigma":1.7730108456840028,"Taucorr":0.12992794381256245},"Iteration":8},
{"Acceptance":[0.28692307692307695],"Energy":{"Mean":0.048871433576561596,"Sigma":0.3266250077216053,"Taucorr":0.5303168072301632},"EnergyVariance":{"Mean":11.8650109056431,"Sigma":1.5019251173739439,"Taucorr":0.06021495401585808},"Iteration":9},
{"Acceptance":[0.26076923076923075],"Energy":{"Mean":-0.3848161660008459,"Sigma":0.3738887057983868,"Taucorr":0.4725862082652462},"EnergyVariance":{"Mean":14.69782003645686,"Sigma":2.6097607373830285,"Taucorr":0.1308143964691414},"Iteration":10},
{"Acceptance":[0.20923076923076922],"Energy":{"Mean":-1.2968446562268525,"Sigma":0.28189715705670504,"Taucorr":0.3902164177676283},"EnergyVariance":{"Mean":9.34443826075901,"Sigma":1.4705807178052237,"Taucorr":0.34772089203113266},"Iteration":11},
{"Acceptance":[0.21307692307692308],"Energy":{"Mean":-1.8886646352826144,"Sigma":0.31128199741828777,"Taucorr":0.26365881061355556},"EnergyVariance":{"Mean":15.871054775497544,"Sigma":6.200352083724465,"Taucorr":0.35491423785553244},"Iteration":12},
{"Acceptance":[0.20846153846153845],"Energy":{"Mean":-2.0382415790025705,"Sigma":0.36072463693332013,"Taucorr":0.46906608375449654},"EnergyVariance":{"Mean":9.926753134542775,"Sigma":1.891224057100781,"Taucorr":0.21617978739738408},"Iteration":13},
{"Acceptance":[0.18923076923076923],"Energy":{"Mean":-2.7436420794057454,"Sigma":0.3527655493834607,"Taucorr":0.4663231108941457},"EnergyVariance":{"Mean":11.160102835123338,"Sigma":2.4687410345857383,"Taucorr":0.32706277986696686},"Iteration":14},
{"Acceptance":[0.15538461538461537],"Energy":{"Mean":-3.359154584270116,"Sigma":0.2922206694643543,"Taucorr":0.25609996191008055},"EnergyVariance":{"Mean":10.920627594638654,"Sigma":2.4525530981452164,"Taucorr":0.08950020239078371},"Iteration":15},
{"Acceptance":[0.13576923076923078],"Energy":{"Mean":-3.674395439792123,"Sigma":0.2651524766356323,"Taucorr":0.32943015427921307},"EnergyVariance":{"Mean":6.669322148841184,"Sigma":2.0513104903167547,"Taucorr":0.07398513308550259},"Iteration":16},
{"Acceptance":[0.12153846153846154],"Energy":{"Mean":-3.9448712486307573,"Sigma":0.23120209029001806,"Taucorr":0.0241168516780651},"EnergyVariance":{"Mean":8.504193467082555,"Sigma":2.290411561064201,"Taucorr":0.42662478016061856},"Iteration":17},
{"Acceptance":[0.12153846153846154],"Energy":{"Mean":-3.843897027435836,"Sigma":0.34566046628082936,"Taucorr":0.40267823744180453},"EnergyVariance":{"Mean":8.911215389916851,"Sigma":2.5142599839971034,"Taucorr":0.25702592896593857},"Iteration":18},
{"Acceptance":[0.1276923076923077],"Energy":{"Mean":-4.100487855755881,"Sigma":0.23928563022404528,"Taucorr":0.1725123350753508},"EnergyVariance":{"Mean":4.674672803032561,"Sigma":1.4127242080552287,"Taucorr":0.4266026858667248},"Iteration":19},
{"Acceptance":[0.13076923076923078],"Energy":{"Mean":-3.7970699692106797,"Sigma":0.4230096559461467,"Taucorr":0.10927856685579507},"EnergyVariance":{"Mean":17.83517310989014,"Sigma":5.743492960545631,"Taucorr":0.17725657134314288},"Iteration":20},
{"Acceptance":[0.11346153846153846],"Energy":{"Mean":-3.9936871824668825,"Sigma":0.33401206351146107,"Taucorr":0.35104052370570593},"EnergyVariance":{"Mean":8.232484655160837,"Sigma":4.737832351506752,"Taucorr":0.49206382981248287},"Iteration":21},
{"Acceptance":[0.10692307692307693],"Energy":{"Mean":-4.297545269983356,"Sigma":0.44580876694241245,"Taucorr":0.8482598699693857},"EnergyVariance":{"Mean":7.577035556233514,"Sigma":1.85342655726315,"Taucorr":0.6033860634752091},"Iteration":22},
{"Acceptance":[0.10961538461538461],"Energy":{"Mean":-3.922769790905806,"Sigma":0.2809058999252507,"Taucorr":0.1320081399107942},"EnergyVariance":{"Mean":8.588033597682527,"Sigma":3.12574594743129,"Taucorr":0.3069554562697068},"Iteration":23},
{"Acceptance":[0.09692307692307692],"Energy":{"Mean":-4.235569362897315,"Sigma":0.19405210898528763,"Taucorr":0.4269560593970734},"EnergyVariance":{"Mean":2.2861657668076782,"Sigma":0.6976768272467471,"Taucorr":0.1788343505029556},"Iteration":24},
{"Acceptance":[0.11307692307692307],"Energy":{"Mean":-5.8121722600430505,"Sigma":0.6401663089433334,"Taucorr":0.5277497402710309},"EnergyVariance":{"Mean":19.67674767265749,"Sigma":9.533589498574626,"Taucorr":0.6815032592458148},"Iteration":25},
{"Acceptance":[0.095],"Energy":{"Mean":-4.722904158921322,"Sigma":0.1967587378820974,"Taucorr":-0.1691803912768925},"EnergyVariance":{"Mean":5.755159667679348,"Sigma":3.4612849213441854,"Taucorr":0.022434104230686924},"Iteration":26},
{"Acceptance":[0.09846153846153846],"Energy":{"Mean":-4.241765054717819,"Sigma":0.1942402008251715,"Taucorr":0.3752963438147354},"EnergyVariance":{"Mean":2.5429025693469556,"Sigma":0.542658014140403,"Taucorr":0.13790930539489288},"Iteration":27},
{"Acceptance":[0.10846153846153846],"Energy":{"Mean":-4.120887353032417,"Sigma":0.2507943872244119,"Taucorr":0.18445341277849092},"EnergyVariance":{"Mean":8.827114691683533,"Sigma":6.719081788541485,"Taucorr":0.4538915507982444},"Iteration":28},
{"Acceptance":[0.08807692307692308],"Energy":{"Mean":-4.569848784725692,"Sigma":0.1973939959251556,"Taucorr":-0.09353995319113806},"EnergyVariance":{"Mean":5.348057630631883,"Sigma":1.4928039004217746,"Taucorr":0.004872981177088009},"Iteration":29},
{"Acceptance":[0.09307692307692307],"Energy":{"Mean":-4.510661137493682,"Sigma":0.17604299265556955,"Taucorr":0.2282943815979519},"EnergyVariance":{"Mean":2.629333765827377,"Sigma":0.6152130019538367,"Taucorr":0.4907736578063513},"Iteration":30},
{"Acceptance":[0.09807692307692308],"Energy":{"Mean":-4.490999387965466,"Sigma":0.2115377058010263,"Taucorr":0.45733360463330774},"EnergyVariance":{"Mean":2.8525535955872865,"Sigma":0.9727045069673641,"Taucorr":0.7536675594468092},"Iteration":31},
{"Acceptance":[0.09038461538461538],"Energy":{"Mean":-4.094279410861498,"Sigma":0.24685641381997242,"Taucorr":-0.003651543022028525},"EnergyVariance":{"Mean":6.7609945677394325,"Sigma":2.6898720214488634,"Taucorr":0.0052580690387121765},"Iteration":32},
{"Acceptance":[0.10615384615384615],"Energy":{"Mean":-4.666995828035901,"Sigma":0.4169845206397882,"Taucorr":0.5954145424038442},"EnergyVariance":{"Mean":20.355936385939433,"Sigma":12.513398142868763,"Taucorr":0.04279085428972529},"Iteration":33},
{"Acceptance":[0.08615384615384615],"Energy":{"Mean":-4.704528792187724,"Sigma":0.24794645054220124,"Taucorr":0.03306706811426996},"EnergyVariance":{"Mean":6.359281280639069,"Sigma":2.338485792697926,"Taucorr":0.23220942194966954},"Iteration":34},
{"Acceptance":[0.10653846153846154],"Energy":{"Mean":-4.819031215893809,"Sigma":0.2480556826089694,"Taucorr":0.10185891893749066},"EnergyVariance":{"Mean":5.870745801462099,"Sigma":2.7129468660642906,"Taucorr":0.08298418986362543},"Iteration":35},
{"Acceptance":[0.09384615384615384],"Energy":{"Mean":-4.537054805510762,"Sigma":0.16913490783637658,"Taucorr":-0.07543692241044814},"EnergyVariance":{"Mean":6.3103498944340775,"Sigma":2.90178181109445,"Taucorr":-0.0007188834208534667},"Iteration":36},
{"Acceptance":[0.10423076923076922],"Energy":{"Mean":-4.532481126044894,"Sigma":0.2866787812367263,"Taucorr":0.08772681341632793},"EnergyVariance":{"Mean":12.582282468297617,"Sigma":5.0961040701506555,"Taucorr":-0.05105557287756757},"Iteration":37},
{"Acceptance":[0.11576923076923076],"Energy":{"Mean":-4.688448684212231,"Sigma":0.20008991992936925,"Taucorr":0.2621398129196313},"EnergyVariance":{"Mean":3.3987011911260745,"Sigma":1.0826360393433385,"Taucorr":-0.023380805881346223},"Iteration":38},
{"Acceptance":[0.12],"Energy":{"Mean":-4.814692340207952,"Sigma":0.3329576590138274,"Taucorr":0.24334475418378565},"EnergyVariance":{"Mean":8.444573021356598,"Sigma":3.670202240830199,"Taucorr":0.36307413921054654},"Iteration":39},
{"Acceptance":[0.10653846153846154],"Energy":{"Mean":-5.69144355656742,"Sigma":0.5640574652864516,"Taucorr":0.7728792341399244},"EnergyVariance":{"Mean":13.656865564423239,"Sigma":7.44692444479328,"Taucorr":0.9567116717841773},"Iteration":40},
{"Acceptance":[0.11730769230769231],"Energy":{"Mean":-4.642078094486148,"Sigma":0.22927402049459633,"Taucorr":0.41163470008610137},"EnergyVariance":{"Mean":3.3956329991089755,"Sigma":1.1561547197384996,"Taucorr":0.1266065576839811},"Iteration":41},
{"Acceptance":[0.11692307692307692],"Energy":{"Mean":-5.465059811383613,"Sigma":0.4005531722764979,"Taucorr":0.11045956408199287},"EnergyVariance":{"Mean":16.63560314283183,"Sigma":8.799735001137973,"Taucorr":-0.02276863388385192},"Iteration":42},
{"Acceptance":[0.12038461538461538],"Energy":{"Mean":-4.757092360962721,"Sigma":0.3309059215328831,"Taucorr":0.2758436646657285},"EnergyVariance":{"Mean":11.812648873541407,"Sigma":4.482773773201523,"Taucorr":0.11128028246161514},"Iteration":43},
{"Acceptance":[0.13153846153846155],"Energy":{"Mean":-4.855444857922271,"Sigma":0.1913328267454915,"Taucorr":-0.009703883553256076},"EnergyVariance":{"Mean":4.595060558571372,"Sigma":1.5630540155394117,"Taucorr":0.4685379710010079},"Iteration":44},
{"Acceptance":[0.13576923076923078],"Energy":{"Mean":-5.065205958569691,"Sigma":0.16346382852241334,"Taucorr":-0.08398619552288406},"EnergyVariance":{"Mean":3.48923708425871,"Sigma":1.2411904200233965,"Taucorr":0.09122367809500698},"Iteration":45},
{"Acceptance":[0.12923076923076923],"Energy":{"Mean":-4.682923594953653,"Sigma":0.18635365134179346,"Taucorr":0.14721196518321145},"EnergyVariance":{"Mean":4.947812399414072,"Sigma":2.769439947163817,"Taucorr":0.00657800671371489},"Iteration":46},
{"Acceptance":[0.11615384615384615],"Energy":{"Mean":-4.594127190650307,"Sigma":0.20024903496950994,"Taucorr":0.4652571001694762},"EnergyVariance":{"Mean":2.078109300473746,"Sigma":0.6385479596383036,"Taucorr":0.53749997360213},"Iteration":47},
{"Acceptance":[0.1376923076923077],"Energy":{"Mean":-5.2124996975564475,"Sigma":0.2331738214985002,"Taucorr":0.13592169344077},"EnergyVariance":{"Mean":4.667102250878679,"Sigma":1.6959132749472472,"Taucorr":0.03394697737581587},"Iteration":48},
{"Acceptance":[0.15538461538461537],"Energy":{"Mean":-5.095468477217246,"Sigma":0.3476073744810551,"Taucorr":0.29261995224758697},"EnergyVariance":{"Mean":8.296701020478883,"Sigma":2.4585717548889656,"Taucorr":0.2815479622273753},"Iteration":49},
{"Acceptance":[0.13192307692307692],"Energy":{"Mean":-4.7487623456492924,"Sigma":0.26149807851700596,"Taucorr":0.34372021083032855},"EnergyVariance":{"Mean":13.48010266706988,"Sigma":7.803139087922702,"Taucorr":0.402531585519194},"Iteration":50},
{"Acceptance":[0.1346153846153846],"Energy":{"Mean":-5.244986599609255,"Sigma":0.21493530166632396,"Taucorr":0.11925194485339041},"EnergyVariance":{"Mean":17.921549325106472,"Sigma":9.625520667063254,"Taucorr":0.09978063570988827},"Iteration":51},
{"Acceptance":[0.14],"Energy":{"Mean":-5.554804407207287,"Sigma":0.315643189606914,"Taucorr":-0.07113639073188882},"EnergyVariance":{"Mean":13.055217467972968,"Sigma":9.348648255052595,"Taucorr":-0.0034927191741878083},"Iteration":52},
{"Acceptance":[0.1626923076923077],"Energy":{"Mean":-6.2968828321634716,"Sigma":0.42771373147716485,"Taucorr":0.40158422038048347},"EnergyVariance":{"Mean":10.718243348216017,"Sigma":2.578312461319216,"Taucorr":0.3171252870687874},"Iteration":53},
{"Acceptance":[0.13576923076923078],"Energy":{"Mean":-5.204158043141395,"Sigma":0.1743339837076452,"Taucorr":0.3047455581932531},"EnergyVariance":{"Mean":2.1674740922485802,"Sigma":0.5328519197631426,"Taucorr":0.0024927660019732345},"Iteration":54},
{"Acceptance":[0.15423076923076923],"Energy":{"Mean":-5.555545516647593,"Sigma":0.36870749178548684,"Taucorr":0.6401105078029343},"EnergyVariance":{"Mean":8.08546267723907,"Sigma":3.0791590580419155,"Taucorr":0.34094816173373843},"Iteration":55},
{"Acceptance":[0.15115384615384617],"Energy":{"Mean":-4.984576204341292,"Sigma":0.3141831808461325,"Taucorr":0.37781785716051874},"EnergyVariance":{"Mean":15.000820723610516,"Sigma":5.738659513995551,"Taucorr":0.08049097602813327},"Iteration":56},
{"Acceptance":[0.16115384615384615],"Energy":{"Mean":-5.480251194849129,"Sigma":0.2767153885185136,"Taucorr":0.04785755773304645},"EnergyVariance":{"Mean":12.665994204635837,"Sigma":7.6119832239144065,"Taucorr":0.22922097127850982},"Iteration":57},
{"Acceptance":[0.1646153846153846],"Energy":{"Mean":-5.439617731109014,"Sigma":0.25484619630883903,"Taucorr":0.2045699995946334},"EnergyVariance":{"Mean":5.950863449484238,"Sigma":1.600194855613264,"Taucorr":-0.026047073099523976},"Iteration":58},
{"Acceptance":[0.16038461538461538],"Energy":{"Mean":-5.054016604720517,"Sigma":0.22649579023911948,"Taucorr":0.1540428824692125},"EnergyVariance":{"Mean":18.068375498202073,"Sigma":10.845394100687903,"Taucorr":0.7726942598732776},"Iteration":59},
{"Acceptance":[0.1576923076923077],"Energy":{"Mean":-5.295926136167823,"Sigma":0.2902608764607387,"Taucorr":0.9518547235916197},"EnergyVariance":{"Mean":2.9435659527650175,"Sigma":1.7727878578931988,"Taucorr":0.9917409834801219},"Iteration":60},
{"Acceptance":[0.17038461538461538],"Energy":{"Mean":-5.82191127282107,"Sigma":0.31115685289910816,"Taucorr":0.4712825117699546},"EnergyVariance":{"Mean":5.6428188948577835,"Sigma":1.3673601229599837,"Taucorr":0.15799910740699863},"Iteration":61},
{"Acceptance":[0.17807692307692308],"Energy":{"Mean":-5.408196970636368,"Sigma":0.22213346136718834,"Taucorr":0.07186579439943075},"EnergyVariance":{"Mean":4.894027084890726,"Sigma":1.6266090444741863,"Taucorr":0.32153364507129034},"Iteration":62},
{"Acceptance":[0.2],"Energy":{"Mean":-5.914858879103621,"Sigma":0.424217040874039,"Taucorr":0.6850428786961233},"EnergyVariance":{"Mean":7.589840673963591,"Sigma":1.8976285094383136,"Taucorr":0.4565966122732834},"Iteration":63},
{"Acceptance":[0.1946153846153846],"Energy":{"Mean":-6.317404038029131,"Sigma":0.4985975707125976,"Taucorr":0.8278728135391034},"EnergyVariance":{"Mean":17.301779313057988,"Sigma":7.865525074328442,"Taucorr":0.44978645617625534},"Iteration":64},
{"Acceptance":[0.18884615384615386],"Energy":{"Mean":-5.6917631219057006,"Sigma":0.21006292992712422,"Taucorr":0.03271622966086152},"EnergyVariance":{"Mean":9.79200139941079,"Sigma":4.137169437749021,"Taucorr":0.7328013696466946},"Iteration":65},
{"Acceptance":[0.20807692307692308],"Energy":{"Mean":-6.026367531295001,"Sigma":0.26892893063381845,"Taucorr":0.12221365753493574},"EnergyVariance":{"Mean":11.382762491359317,"Sigma":4.561406514617613,"Taucorr":0.4771352157940889},"Iteration":66},
{"Acceptance":[0.1896153846153846],"Energy":{"Mean":-5.788781627127042,"Sigma":0.31621424276467613,"Taucorr":0.46830265691654704},"EnergyVariance":{"Mean":6.128582696392666,"Sigma":1.4092989633245467,"Taucorr":0.12046526449699424},"Iteration":67},
{"Acceptance":[0.2053846153846154],"Energy":{"Mean":-5.563636869329741,"Sigma":0.24057103795495433,"Taucorr":0.24572723134187624},"EnergyVariance":{"Mean":6.938950802080173,"Sigma":2.6999178091185994,"Taucorr":0.19071777529730627},"Iteration":68},
{"Acceptance":[0.19538461538461538],"Energy":{"Mean":-5.878523184491798,"Sigma":0.2856371348348715,"Taucorr":0.40037184976407025},"EnergyVariance":{"Mean":6.637495748659078,"Sigma":1.7664600441757932,"Taucorr":0.042688244912616136},"Iteration":69},
{"Acceptance":[0.23692307692307693],"Energy":{"Mean":-5.309074609598566,"Sigma":0.2040635916643427,"Taucorr":-0.12138938167690971},"EnergyVariance":{"Mean":8.899498685337573,"Sigma":4.11407453977529,"Taucorr":0.07550646199221933},"Iteration":70},
{"Acceptance":[0.22538461538461538],"Energy":{"Mean":-6.734750752458306,"Sigma":0.3665559753469064,"Taucorr":0.3466054115016931},"EnergyVariance":{"Mean":10.534250143602202,"Sigma":4.12212776634134,"Taucorr":0.3955762360077453},"Iteration":71},
{"Acceptance":[0.22192307692307692],"Energy":{"Mean":-5.72011669144184,"Sigma":0.20704924129939287,"Taucorr":-0.060000131719774696},"EnergyVariance":{"Mean":6.6190830558808935,"Sigma":1.8173404122028858,"Taucorr":0.0030750402275092625},"Iteration":72},
{"Acceptance":[0.22153846153846155],"Energy":{"Mean":-5.812735876129068,"Sigma":0.24153264732091,"Taucorr":0.3142249054687447},"EnergyVariance":{"Mean":4.951626438212573,"Sigma":1.9237791090883674,"Taucorr":0.4367290932783364},"Iteration":73},
{"Acceptance":[0.225],"Energy":{"Mean":-6.269362536319284,"Sigma":0.6131395908653429,"Taucorr":0.44317570738113976},"EnergyVariance":{"Mean":29.2885258152846,"Sigma":19.812016128099426,"Taucorr":0.43932054848400504},"Iteration":74},
{"Acceptance":[0.21807692307692308],"Energy":{"Mean":-5.78176949022561,"Sigma":0.17215523345342093,"Taucorr":0.06633387921576828},"EnergyVariance":{"Mean":3.5042474079905883,"Sigma":1.2369336389088623,"Taucorr":0.02736191666294907},"Iteration":75},
{"Acceptance":[0.20961538461538462],"Energy":{"Mean":-5.501418193102521,"Sigma":0.23934225393955444,"Taucorr":0.5262098150035424},"EnergyVariance":{"Mean":8.61201744221034,"Sigma":3.430909470440506,"Taucorr":0.14170047738538705},"Iteration":76},
{"Acceptance":[0.21884615384615386],"Energy":{"Mean":-5.928978357708758,"Sigma":0.2252915110050817,"Taucorr":0.12126378907831825},"EnergyVariance":{"Mean":5.802646344524086,"Sigma":1.4441761256962933,"Taucorr":0.15421754491702233},"Iteration":77},
{"Acceptance":[0.225],"Energy":{"Mean":-5.833471093972639,"Sigma":0.2821882891105574,"Taucorr":0.31184657429454954},"EnergyVariance":{"Mean":4.924130228938099,"Sigma":0.7792717130841635,"Taucorr":0.04724563781565694},"Iteration":78},
{"Acceptance":[0.2230769230769231],"Energy":{"Mean":-6.094496875854809,"Sigma":0.23988397982221174,"Taucorr":0.18903598882981576},"EnergyVariance":{"Mean":4.845355115262298,"Sigma":1.2483231468121416,"Taucorr":-0.035547372141940925},"Iteration":79},
{"Acceptance":[0.24269230769230768],"Energy":{"Mean":-6.4274598029537815,"Sigma":0.3917951398415828,"Taucorr":0.4826857444819186},"EnergyVariance":{"Mean":9.623706655143,"Sigma":3.1048183444576054,"Taucorr":0.22911608930216354},"Iteration":80},
{"Acceptance":[0.21807692307692308],"Energy":{"Mean":-6.18524911521255,"Sigma":0.12754899960063992,"Taucorr":-0.19526685892112328},"EnergyVariance":{"Mean":4.358814269668215,"Sigma":2.404125806785444,"Taucorr":0.2401176949803835},"Iteration":81},
{"Acceptance":[0.23],"Energy":{"Mean":-6.293230306343158,"Sigma":0.23906059425475518,"Taucorr":0.03931916291351201},"EnergyVariance":{"Mean":9.483619778241255,"Sigma":4.155610682209544,"Taucorr":0.15675705392785466},"Iteration":82},
{"Acceptance":[0.23615384615384616],"Energy":{"Mean":-5.713842451161253,"Sigma":0.12517976516412924,"Taucorr":-0.11560113621564821},"EnergyVariance":{"Mean":4.628086690493997,"Sigma":1.7973022543451687,"Taucorr":-0.02968092456012783},"Iteration":83},
{"Acceptance":[0.2353846153846154],"Energy":{"Mean":-6.528969232635457,"Sigma":0.28248096867350925,"Taucorr":0.04095349061499376},"EnergyVariance":{"Mean":8.196695868348966,"Sigma":2.1011525915911946,"Taucorr":0.1286553384385415},"Iteration":84},
{"Acceptance":[0.20076923076923076],"Energy":{"Mean":-6.254318843818669,"Sigma":0.31904182497265837,"Taucorr":0.30058057695419926},"EnergyVariance":{"Mean":7.545232897667454,"Sigma":2.822364619006877,"Taucorr":0.5990621063290749},"Iteration":85},
{"Acceptance":[0.2373076923076923],"Energy":{"Mean":-6.81372199403749,"Sigma":0.4723218612261782,"Taucorr":0.5847901213950553},"EnergyVariance":{"Mean":15.167333133780183,"Sigma":5.768685924692121,"Taucorr":0.8495147502327927},"Iteration":86},
{"Acceptance":[0.23076923076923078],"Energy":{"Mean":-6.71794119797016,"Sigma":0.28149707678346675,"Taucorr":0.029233148024741973},"EnergyVariance":{"Mean":8.460162830734374,"Sigma":2.1440638162603185,"Taucorr":0.33793125957397274},"Iteration":87},
{"Acceptance":[0.2273076923076923],"Energy":{"Mean":-6.161218169486295,"Sigma":0.2725758145630526,"Taucorr":0.21759670553084476},"EnergyVariance":{"Mean":6.383687163866786,"Sigma":1.6970959527512244,"Taucorr":0.15911732140197665},"Iteration":88},
{"Acceptance":[0.2353846153846154],"Energy":{"Mean":-5.881453847750104,"Sigma":0.2328473373351042,"Taucorr":-0.035065370281036234},"EnergyVariance":{"Mean":6.427588855603459,"Sigma":1.0650410618905835,"Taucorr":-0.017425125361865912},"Iteration":89},
{"Acceptance":[0.23692307692307693],"Energy":{"Mean":-6.436622370911708,"Sigma":0.30369059949550686,"Taucorr":0.08772823638405958},"EnergyVariance":{"Mean":8.058719248423378,"Sigma":1.5534690850268764,"Taucorr":0.08557413133535774},"Iteration":90},
{"Acceptance":[0.22576923076923078],"Energy":{"Mean":-6.399425728900353,"Sigma":0.2614983540303542,"Taucorr":0.11337426973001685},"EnergyVariance":{"Mean":5.615621175082899,"Sigma":0.9220801240840445,"Taucorr":-0.022241336429019543},"Iteration":91},
{"Acceptance":[0.26461538461538464],"Energy":{"Mean":-6.997061544984234,"Sigma":0.16608631435030222,"Taucorr":-0.2935559273191086},"EnergyVariance":{"Mean":8.773578898210866,"Sigma":1.883061377804729,"Taucorr":0.36092562894221014},"Iteration":92},
{"Acceptance":[0.23923076923076922],"Energy":{"Mean":-7.242332458401669,"Sigma":0.33712948991410835,"Taucorr":0.24415333545846973},"EnergyVariance":{"Mean":8.218993917325639,"Sigma":1.7264989152604793,"Taucorr":0.09492970535403178},"Iteration":93},
{"Acceptance":[0.2692307692307692],"Energy":{"Mean":-6.966915752687124,"Sigma":0.3155675902229808,"Taucorr":0.1451056497684169},"EnergyVariance":{"Mean":8.346197769830964,"Sigma":1.9397068596050866,"Taucorr":0.1967833985738312},"Iteration":94},
{"Acceptance":[0.2611538461538462],"Energy":{"Mean":-6.80298561877547,"Sigma":0.33679448342948837,"Taucorr":0.16767584972197203},"EnergyVariance":{"Mean":13.03228631188827,"Sigma":2.6938049218322564,"Taucorr":-0.08171124043164907},"Iteration":95},
{"Acceptance":[0.26692307692307693],"Energy":{"Mean":-7.333974973042375,"Sigma":0.3104014829842564,"Taucorr":0.041947003939462824},"EnergyVariance":{"Mean":9.777765827356612,"Sigma":1.4487678631326801,"Taucorr":-0.0537590396480348},"Iteration":96},
{"Acceptance":[0.2873076923076923],"Energy":{"Mean":-7.70245365716593,"Sigma":0.3183802541189348,"Taucorr":0.16844267230923982},"EnergyVariance":{"Mean":8.06746769714196,"Sigma":1.2179842370617178,"Taucorr":0.19021466289084454},"Iteration":97},
{"Acceptance":[0.2834615384615385],"Energy":{"Mean":-7.91942635483374,"Sigma":0.30150378230928554,"Taucorr":0.04689405487313569},"EnergyVariance":{"Mean":8.581104938118704,"Sigma":1.0441469413861453,"Taucorr":-0.10091793281657313},"Iteration":98},
{"Acceptance":[0.2642307692307692],"Energy":{"Mean":-6.702971358807471,"Sigma":0.23252868088372644,"Taucorr":0.07857983506314414},"EnergyVariance":{"Mean":4.746510198780821,"Sigma":0.7309830643907034,"Taucorr":-0.08171436466597393},"Iteration":99} 
]}
{"input": {"L": 12, "J": 1, "machine": {"type": "FFNN", "model": ["relu", 63, 2]}, "sampler": {"type": "MetropolisHop", "d_max": 5}, "optimizer": {"type": "AdaMax", "alpha": 0.001, "beta1": 0.9, "beta2": 0.999, "epscut": 1e-07}, "VMC": {"n_samples": 100, "discarded_samples": 100, "discarded_samples_on_init": 0, "target": "energy", "method": "Gd", "diag_shift": 0.01, "use_iterative": true, "use_cholesky": true}, "n_iter": 100}}
duration: -3.1718738079071045