{"Output": [
{"Acceptance":[0.8773333333333333],"Energy":{"Mean":12.142651806888601,"Sigma":0.3010001146176894,"Taucorr":0.027788932255687793},"EnergyVariance":{"Mean":8.237988487726065,"Sigma":1.4427861125854493,"Taucorr":0.11840497822452378},"Iteration":0},
{"Acceptance":[0.8333333333333334],"Energy":{"Mean":12.350858861338725,"Sigma":0.29986279264063487,"Taucorr":0.0927518966027937},"EnergyVariance":{"Mean":7.500873475866336,"Sigma":0.6390517755255022,"Taucorr":-0.24202041763622317},"Iteration":1},
{"Acceptance":[0.8173333333333334],"Energy":{"Mean":12.034993545105243,"Sigma":0.19446970782674292,"Taucorr":-0.22750625929172347},"EnergyVariance":{"Mean":7.075078644636144,"Sigma":1.452386478182679,"Taucorr":0.1697101619232264},"Iteration":2},
{"Acceptance":[0.776],"Energy":{"Mean":10.97466001379637,"Sigma":0.34821270399945525,"Taucorr":0.0257866111635654},"EnergyVariance":{"Mean":11.733406761231183,"Sigma":1.5320131529011147,"Taucorr":0.019957236002714485},"Iteration":3},
{"Acceptance":[0.749],"Energy":{"Mean":10.919229478465624,"Sigma":0.3985460240886534,"Taucorr":0.2014242923798336},"EnergyVariance":{"Mean":12.030413716818764,"Sigma":1.7372134205876482,"Taucorr":0.16647800311009597},"Iteration":4},
{"Acceptance":[0.7276666666666667],"Energy":{"Mean":10.838333665092872,"Sigma":0.28446959786236725,"Taucorr":-0.03835237993642482},"EnergyVariance":{"Mean":10.093116500457475,"Sigma":1.232594894367346,"Taucorr":-0.01658777533045258},"Iteration":5},
{"Acceptance":[0.703],"Energy":{"Mean":10.71859837221464,"Sigma":0.34488446049273125,"Taucorr":0.17694808242699767},"EnergyVariance":{"Mean":10.5929735400516,"Sigma":0.9514390083179819,"Taucorr":-0.08655977485216793},"Iteration":6},
{"Acceptance":[0.6846666666666666],"Energy":{"Mean":10.236554571374526,"Sigma":0.35630709261099447,"Taucorr":0.1271559157545733},"EnergyVariance":{"Mean":12.472114652999865,"Sigma":1.4575863179271211,"Taucorr":-0.0760223627886838},"Iteration":7},
{"Acceptance":[0.673],"Energy":{"Mean":8.84511609838157,"Sigma":0.4236473052740637,"Taucorr":0.32723080051363496},"EnergyVariance":{"Mean":13.077213810103718,"Sigma":1.079726327896758,"Taucorr":-0.17131775587661552},"Iteration":8},
{"Acceptance":[0.644],"Energy":{"Mean":8.80340030669894,"Sigma":0.2870362572182051,"Taucorr":-0.1825440276129413},"EnergyVariance":{"Mean":15.048884751157987,"Sigma":1.6220911423982176,"Taucorr":0.05344035403061698},"Iteration":9},
{"Acceptance":[0.612],"Energy":{"Mean":8.301251219991657,"Sigma":0.41619485134725737,"Taucorr":0.3429775165880121},"EnergyVariance":{"Mean":14.525570687452483,"Sigma":1.3610249270883217,"Taucorr":-0.020575373009646403},"Iteration":10},
{"Acceptance":[0.596],"Energy":{"Mean":7.2782070403693035,"Sigma":0.4591387094426308,"Taucorr":0.4168808780948162},"EnergyVariance":{"Mean":15.663093889421887,"Sigma":1.617617397198486,"Taucorr":0.14267262365322797},"Iteration":11},
{"Acceptance":[0.5676666666666667],"Energy":{"Mean":7.658961444179398,"Sigma":0.4615005425948843,"Taucorr":0.2486410642873742},"EnergyVariance":{"Mean":19.79037167005024,"Sigma":2.2056304054838916,"Taucorr":0.005414255212345287},"Iteration":12},
{"Acceptance":[0.5553333333333333],"Energy":{"Mean":6.960042655969558,"Sigma":0.4490863888771927,"Taucorr":0.2635610792233365},"EnergyVariance":{"Mean":20.67685617806545,"Sigma":2.235091746941189,"Taucorr":0.05793856524416985},"Iteration":13},
{"Acceptance":[0.53],"Energy":{"Mean":5.251756389112333,"Sigma":0.4066952508753707,"Taucorr":0.2251910012917535},"EnergyVariance":{"Mean":16.205731670019208,"Sigma":1.6834477328733397,"Taucorr":-0.02944077700738229},"Iteration":14},
{"Acceptance":[0.5086666666666667],"Energy":{"Mean":5.368436344579796,"Sigma":0.31656093925726175,"Taucorr":0.04423865010108363},"EnergyVariance":{"Mean":15.191901626234595,"Sigma":1.3481850431309395,"Taucorr":0.0420251719995377},"Iteration":15},
{"Acceptance":[0.49733333333333335],"Energy":{"Mean":4.414731284719371,"Sigma":0.28248771373790166,"Taucorr":-0.04589066839672867},"EnergyVariance":{"Mean":16.467204624696777,"Sigma":1.583777648392468,"Taucorr":0.041358001631540464},"Iteration":16},
{"Acceptance":[0.489],"Energy":{"Mean":4.094185647031079,"Sigma":0.4588189844474147,"Taucorr":0.4874859055202645},"EnergyVariance":{"Mean":19.21453323552847,"Sigma":2.3655232328131905,"Taucorr":0.04583386801412315},"Iteration":17},
{"Acceptance":[0.49266666666666664],"Energy":{"Mean":4.36643536476009,"Sigma":0.35021227750498146,"Taucorr":0.21138978555778154},"EnergyVariance":{"Mean":19.314667907598572,"Sigma":2.019338763517015,"Taucorr":0.06773947700745853},"Iteration":18},
{"Acceptance":[0.466],"Energy":{"Mean":4.117419040263296,"Sigma":0.3834046026559002,"Taucorr":0.2635879913712166},"EnergyVariance":{"Mean":20.895314929967213,"Sigma":2.9110792783426542,"Taucorr":0.13904383412049848},"Iteration":19},
{"Acceptance":[0.42233333333333334],"Energy":{"Mean":2.4921564749681364,"Sigma":0.43580824227395115,"Taucorr":0.4342555786923662},"EnergyVariance":{"Mean":18.69902498758301,"Sigma":2.4252443986549257,"Taucorr":0.08765557812850899},"Iteration":20},
{"Acceptance":[0.44733333333333336],"Energy":{"Mean":2.9191720900900213,"Sigma":0.3757105049246529,"Taucorr":0.24337688324895923},"EnergyVariance":{"Mean":18.690978047206745,"Sigma":2.235131202428312,"Taucorr":-0.09973123468232986},"Iteration":21},
{"Acceptance":[0.43366666666666664],"Energy":{"Mean":1.959019713682475,"Sigma":0.36398459553373447,"Taucorr":0.3412841984261953},"EnergyVariance":{"Mean":16.61668558836388,"Sigma":2.0602933698464305,"Taucorr":0.09060350844091225},"Iteration":22},
{"Acceptance":[0.3973333333333333],"Energy":{"Mean":1.828995732251268,"Sigma":0.36545067398986714,"Taucorr":0.2371355302352418},"EnergyVariance":{"Mean":19.65500661519068,"Sigma":2.418872340405237,"Taucorr":0.07378183253528736},"Iteration":23},
{"Acceptance":[0.4083333333333333],"Energy":{"Mean":1.3708359162970334,"Sigma":0.3217399528003234,"Taucorr":0.09701668818304143},"EnergyVariance":{"Mean":17.406421397506865,"Sigma":2.4750360997368004,"Taucorr":0.16292106194310219},"Iteration":24},
{"Acceptance":[0.39066666666666666],"Energy":{"Mean":1.2070834104837447,"Sigma":0.36255860894469405,"Taucorr":0.17854779643216545},"EnergyVariance":{"Mean":20.24000587613974,"Sigma":2.7730349766828604,"Taucorr":0.19655251106124472},"Iteration":25},
{"Acceptance":[0.392],"Energy":{"Mean":1.5335702482223224,"Sigma":0.3470538509446027,"Taucorr":0.3140679179224112},"EnergyVariance":{"Mean":19.45616123215504,"Sigma":2.3658294666595703,"Taucorr":-0.04205562469094215},"Iteration":26},
{"Acceptance":[0.36233333333333334],"Energy":{"Mean":0.14821198292785454,"Sigma":0.4602969372881249,"Taucorr":0.763578365796971},"EnergyVariance":{"Mean":21.480147595761217,"Sigma":3.493418769145401,"Taucorr":0.16313481328954893},"Iteration":27},
{"Acceptance":[0.379],"Energy":{"Mean":-0.10172575506498474,"Sigma":0.36704595484805047,"Taucorr":0.3921261175800975},"EnergyVariance":{"Mean":19.08631128622409,"Sigma":3.241421929172646,"Taucorr":0.17138190459233793},"Iteration":28},
{"Acceptance":[0.3606666666666667],"Energy":{"Mean":-0.5140949872790217,"Sigma":0.3724393969292796,"Taucorr":0.22611622059537473},"EnergyVariance":{"Mean":22.084858704717128,"Sigma":2.6109392383690944,"Taucorr":-0.045230745966754526},"Iteration":29},
{"Acceptance":[0.349],"Energy":{"Mean":-1.7779218404067967,"Sigma":0.36224139427695806,"Taucorr":0.26264958832311947},"EnergyVariance":{"Mean":19.44443002468621,"Sigma":3.2857253595253897,"Taucorr":0.06707721205689698},"Iteration":30},
{"Acceptance":[0.3536666666666667],"Energy":{"Mean":-2.144840915889204,"Sigma":0.35652525820243003,"Taucorr":0.3173211172706242},"EnergyVariance":{"Mean":20.283778205454443,"Sigma":3.2954677190242436,"Taucorr":0.37819481544898426},"Iteration":31},
{"Acceptance":[0.348],"Energy":{"Mean":-1.9635487411723715,"Sigma":0.37645821537271984,"Taucorr":0.34053985104702955},"EnergyVariance":{"Mean":22.08923955310902,"Sigma":3.8117856275602806,"Taucorr":0.22618148939725324},"Iteration":32},
{"Acceptance":[0.32466666666666666],"Energy":{"Mean":-2.4246729364684287,"Sigma":0.3966712718748032,"Taucorr":0.6526810930579192},"EnergyVariance":{"Mean":15.872801098157558,"Sigma":2.0470524150026077,"Taucorr":0.11620562979760185},"Iteration":33},
{"Acceptance":[0.33766666666666667],"Energy":{"Mean":-3.208070645896486,"Sigma":0.4245391279203735,"Taucorr":0.4480515737465455},"EnergyVariance":{"Mean":18.79677722531095,"Sigma":3.8312362870080214,"Taucorr":0.16302124083880032},"Iteration":34},
{"Acceptance":[0.333],"Energy":{"Mean":-4.17868931973593,"Sigma":0.4047952268568643,"Taucorr":0.5070651963555035},"EnergyVariance":{"Mean":19.605235790589997,"Sigma":2.837472865076532,"Taucorr":0.1475701545401762},"Iteration":35},
{"Acceptance":[0.32966666666666666],"Energy":{"Mean":-2.956172292043971,"Sigma":0.4395403667779497,"Taucorr":0.3509500371920211},"EnergyVariance":{"Mean":22.54152521422723,"Sigma":4.734932230560999,"Taucorr":0.6247054619500907},"Iteration":36},
{"Acceptance":[0.31866666666666665],"Energy":{"Mean":-4.932676111510993,"Sigma":0.44739499827131374,"Taucorr":0.4287521530150583},"EnergyVariance":{"Mean":21.988290414936383,"Sigma":3.3787979196995326,"Taucorr":0.051551659226460655},"Iteration":37},
{"Acceptance":[0.3293333333333333],"Energy":{"Mean":-4.289509864966546,"Sigma":0.39767239306646396,"Taucorr":0.33916368073976044},"EnergyVariance":{"Mean":19.034528358164877,"Sigma":2.9791601016109266,"Taucorr":0.04803712762177892},"Iteration":38},
{"Acceptance":[0.2906666666666667],"Energy":{"Mean":-6.715641940444196,"Sigma":0.550442909365374,"Taucorr":0.5386099967519287},"EnergyVariance":{"Mean":21.051663907656703,"Sigma":3.1744857138944136,"Taucorr":0.21045827918905602},"Iteration":39},
{"Acceptance":[0.24533333333333332],"Energy":{"Mean":-8.547644598179604,"Sigma":0.6648430558955464,"Taucorr":0.779012530838435},"EnergyVariance":{"Mean":23.233958155157826,"Sigma":2.8770214009595176,"Taucorr":0.17853835054070744},"Iteration":40},
{"Acceptance":[0.272],"Energy":{"Mean":-7.7976169059889555,"Sigma":0.8059788293440462,"Taucorr":0.9901652963436176},"EnergyVariance":{"Mean":30.641076547769213,"Sigma":5.813378045921818,"Taucorr":0.6688940424560323},"Iteration":41},
{"Acceptance":[0.19],"Energy":{"Mean":-10.404533422501084,"Sigma":0.6035376238415124,"Taucorr":0.8459146325901212},"EnergyVariance":{"Mean":19.264318108294326,"Sigma":3.9210741952525088,"Taucorr":0.24776302752415247},"Iteration":42},
{"Acceptance":[0.11766666666666667],"Energy":{"Mean":-12.437892424171423,"Sigma":0.5819502808763625,"Taucorr":0.9505587674208573},"EnergyVariance":{"Mean":12.34848759905342,"Sigma":4.434436846716791,"Taucorr":0.8758243002048007},"Iteration":43},
{"Acceptance":[0.073],"Energy":{"Mean":-12.196447190332602,"Sigma":0.4132962296713897,"Taucorr":0.4754758655514114},"EnergyVariance":{"Mean":10.941905310218104,"Sigma":2.4086121244082017,"Taucorr":0.49587954605592455},"Iteration":44},
{"Acceptance":[0.04533333333333334],"Energy":{"Mean":-13.552634381786476,"Sigma":0.30744501576717437,"Taucorr":0.7134779387244072},"EnergyVariance":{"Mean":7.257042283946574,"Sigma":3.199333977196027,"Taucorr":0.6647816324313209},"Iteration":45},
{"Acceptance":[0.029],"Energy":{"Mean":-13.21428498832173,"Sigma":0.6986706753328208,"Taucorr":0.6164269617188134},"EnergyVariance":{"Mean":114.47045648741125,"Sigma":102.26067779948461,"Taucorr":0.07085525904056356},"Iteration":46},
{"Acceptance":[0.016],"Energy":{"Mean":-13.660495829803217,"Sigma":0.17758675141237507,"Taucorr":0.8684620921615538},"EnergyVariance":{"Mean":1.1046563222178447,"Sigma":0.5290570059766034,"Taucorr":0.48856983972053203},"Iteration":47},
{"Acceptance":[0.016],"Energy":{"Mean":-15.761932101851798,"Sigma":2.276230697409816,"Taucorr":0.7329396424739276},"EnergyVariance":{"Mean":237.35976237984488,"Sigma":156.81177732212015,"Taucorr":0.754948545872641},"Iteration":48},
{"Acceptance":[0.004],"Energy":{"Mean":-13.92682229638319,"Sigma":0.08667466384558611,"Taucorr":1.1980676328502402},"EnergyVariance":{"Mean":0.21120237158313693,"Sigma":0.14388334488989843,"Taucorr":1.198067632850241},"Iteration":49},
{"Acceptance":[0.0036666666666666666],"Energy":{"Mean":-14.034128910541895,"Sigma":0.0,"Taucorr":null},"EnergyVariance":{"Mean":0.0005990629943952507,"Sigma":0.0,"Taucorr":null},"Iteration":50},
{"Acceptance":[0.0013333333333333333],"Energy":{"Mean":-14.025949976578415,"Sigma":0.0,"Taucorr":null},"EnergyVariance":{"Mean":0.0005073769207044773,"Sigma":0.0,"Taucorr":null},"Iteration":51},
{"Acceptance":[0.0006666666666666666],"Energy":{"Mean":-13.959775199281385,"Sigma":0.060042655206351686,"Taucorr":1.032258064516128},"EnergyVariance":{"Mean":0.11232041999112193,"Sigma":0.108285879502601,"Taucorr":1.0322580645161286},"Iteration":52},
{"Acceptance":[0.0033333333333333335],"Energy":{"Mean":-13.934462852325247,"Sigma":0.06293940465368797,"Taucorr":0.7570888468809078},"EnergyVariance":{"Mean":0.15015943831723863,"Sigma":0.11179300339201903,"Taucorr":0.7570888468809072},"Iteration":53},
{"Acceptance":[0.003],"Energy":{"Mean":-13.90871347768126,"Sigma":0.08388042339398659,"Taucorr":1.2372388844633715},"EnergyVariance":{"Mean":0.19269385915398005,"Sigma":0.14828716189414867,"Taucorr":1.2359536018171366},"Iteration":54},
{"Acceptance":[0.001],"Energy":{"Mean":-14.008776670279136,"Sigma":0.0,"Taucorr":null},"EnergyVariance":{"Mean":0.00025465770044762767,"Sigma":0.0,"Taucorr":null},"Iteration":55},
{"Acceptance":[0.0033333333333333335],"Energy":{"Mean":-14.006634854794411,"Sigma":0.0,"Taucorr":null},"EnergyVariance":{"Mean":0.00021513314658930152,"Sigma":0.0,"Taucorr":null},"Iteration":56},
{"Acceptance":[0.0],"Energy":{"Mean":-14.004949149571127,"Sigma":0.0,"Taucorr":null},"EnergyVariance":{"Mean":0.0001833130063419875,"Sigma":0.0,"Taucorr":null},"Iteration":57},
{"Acceptance":[0.0026666666666666666],"Energy":{"Mean":-13.900363787146171,"Sigma":0.08426371125165388,"Taucorr":1.2384137601528902},"EnergyVariance":{"Mean":0.19416204397077585,"Sigma":0.1496351899047024,"Taucorr":1.2384137601528902},"Iteration":58},
{"Acceptance":[0.0],"Energy":{"Mean":-14.002586038712808,"Sigma":0.0,"Taucorr":null},"EnergyVariance":{"Mean":0.00013573883367732755,"Sigma":0.0,"Taucorr":null},"Iteration":59},
{"Acceptance":[0.0013333333333333333],"Energy":{"Mean":-14.001760087418681,"Sigma":0.0,"Taucorr":null},"EnergyVariance":{"Mean":0.00011808525584970732,"Sigma":0.0,"Taucorr":null},"Iteration":60},
{"Acceptance":[0.0013333333333333333],"Energy":{"Mean":-13.91896065290001,"Sigma":0.06399399958989721,"Taucorr":0.7538718370538404},"EnergyVariance":{"Mean":0.15528163369188314,"Sigma":0.1155020371776065,"Taucorr":0.7504373308555097},"Iteration":61},
{"Acceptance":[0.0016666666666666668],"Energy":{"Mean":-14.13405028851851,"Sigma":0.2511332934014406,"Taucorr":-0.15979574606379077},"EnergyVariance":{"Mean":355.66355302226435,"Sigma":355.40636564420373,"Taucorr":0.0003702358482543522},"Iteration":62},
{"Acceptance":[0.0006666666666666666],"Energy":{"Mean":-13.959930858607505,"Sigma":0.04128298004885426,"Taucorr":0.5106382978723403},"EnergyVariance":{"Mean":0.08018538287533336,"Sigma":0.07839811113767947,"Taucorr":0.5106382978723405},"Iteration":63},
{"Acceptance":[0.0006666666666666666],"Energy":{"Mean":-13.98112036996577,"Sigma":0.020654087509655465,"Taucorr":0.0},"EnergyVariance":{"Mean":0.04060235908516985,"Sigma":0.04010048576921716,"Taucorr":-2.220446049250313e-16},"Iteration":64},
{"Acceptance":[0.0013333333333333333],"Energy":{"Mean":-13.899847222816753,"Sigma":0.0660267217092513,"Taucorr":0.5850365133828483},"EnergyVariance":{"Mean":0.19097696606161674,"Sigma":0.11634398721548538,"Taucorr":0.5852462066556559},"Iteration":65},
{"Acceptance":[0.0013333333333333333],"Energy":{"Mean":-13.756704019318539,"Sigma":0.1256140928725768,"Taucorr":1.2701863354037273},"EnergyVariance":{"Mean":0.4236291630871697,"Sigma":0.1854456324041721,"Taucorr":1.2701863354037268},"Iteration":66},
{"Acceptance":[0.0],"Energy":{"Mean":-14.002938963542578,"Sigma":0.0,"Taucorr":null},"EnergyVariance":{"Mean":5.3414974087245225e-05,"Sigma":0.0,"Taucorr":null},"Iteration":67},
{"Acceptance":[0.001],"Energy":{"Mean":-14.003177221051356,"Sigma":0.0,"Taucorr":null},"EnergyVariance":{"Mean":4.6905080399903544e-05,"Sigma":0.0,"Taucorr":null},"Iteration":68},
{"Acceptance":[0.0016666666666666668],"Energy":{"Mean":-14.00336913178812,"Sigma":0.0,"Taucorr":null},"EnergyVariance":{"Mean":4.14654676306449e-05,"Sigma":0.0,"Taucorr":null},"Iteration":69},
{"Acceptance":[0.0],"Energy":{"Mean":-14.00352402131375,"Sigma":0.0,"Taucorr":null},"EnergyVariance":{"Mean":3.690639983878593e-05,"Sigma":0.0,"Taucorr":null},"Iteration":70},
{"Acceptance":[0.0],"Energy":{"Mean":-14.003649290590097,"Sigma":0.0,"Taucorr":null},"EnergyVariance":{"Mean":3.307245381809997e-05,"Sigma":0.0,"Taucorr":null},"Iteration":71},
{"Acceptance":[0.0],"Energy":{"Mean":-14.003750819993527,"Sigma":0.0,"Taucorr":null},"EnergyVariance":{"Mean":2.9836731596727085e-05,"Sigma":0.0,"Taucorr":null},"Iteration":72},
{"Acceptance":[0.001],"Energy":{"Mean":-13.77873662298887,"Sigma":0.12534802550748902,"Taucorr":1.406181463479905},"EnergyVariance":{"Mean":0.39161881146009053,"Sigma":0.1898480304757735,"Taucorr":1.4061910695561513},"Iteration":73},
{"Acceptance":[0.0006666666666666666],"Energy":{"Mean":-13.963327936778036,"Sigma":0.040531458252664646,"Taucorr":0.5106382978723396},"EnergyVariance":{"Mean":0.07723498755641224,"Sigma":0.07556827308700538,"Taucorr":0.5106382978723403},"Iteration":74},
{"Acceptance":[0.0],"Energy":{"Mean":-14.003868025212265,"Sigma":0.0,"Taucorr":null},"EnergyVariance":{"Mean":2.1110209527217167e-05,"Sigma":0.0,"Taucorr":null},"Iteration":75},
{"Acceptance":[0.0006666666666666666],"Energy":{"Mean":-13.922001412567377,"Sigma":0.06387259914144895,"Taucorr":0.7570888468809063},"EnergyVariance":{"Mean":0.15418552172210384,"Sigma":0.11505013719312032,"Taucorr":0.7570888468809078},"Iteration":76},
{"Acceptance":[0.0],"Energy":{"Mean":-14.003850356568979,"Sigma":0.0,"Taucorr":null},"EnergyVariance":{"Mean":1.6620330299632233e-05,"Sigma":0.0,"Taucorr":null},"Iteration":77},
{"Acceptance":[0.0],"Energy":{"Mean":-14.003828807849931,"Sigma":0.0,"Taucorr":null},"EnergyVariance":{"Mean":1.4826341771681351e-05,"Sigma":0.0,"Taucorr":null},"Iteration":78},
{"Acceptance":[0.0],"Energy":{"Mean":-14.003806021448321,"Sigma":0.0,"Taucorr":null},"EnergyVariance":{"Mean":1.3335338571287285e-05,"Sigma":0.0,"Taucorr":null},"Iteration":79},
{"Acceptance":[0.0006666666666666666],"Energy":{"Mean":-13.983282613795161,"Sigma":0.020500243403187787,"Taucorr":-5.551115123125783e-16},"EnergyVariance":{"Mean":0.039937152257264394,"Sigma":0.03950480367973472,"Taucorr":0.0},"Iteration":80},
{"Acceptance":[0.0013333333333333333],"Energy":{"Mean":-14.003756781277573,"Sigma":0.0,"Taucorr":null},"EnergyVariance":{"Mean":1.0989784318041245e-05,"Sigma":0.0,"Taucorr":null},"Iteration":81},
{"Acceptance":[0.0006666666666666666],"Energy":{"Mean":-13.982904179245761,"Sigma":0.020827388617254586,"Taucorr":-1.6653345369377348e-15},"EnergyVariance":{"Mean":0.041220909931824354,"Sigma":0.04077706594435045,"Taucorr":0.0},"Iteration":82},
{"Acceptance":[0.0],"Energy":{"Mean":-14.003708245339087,"Sigma":0.0,"Taucorr":null},"EnergyVariance":{"Mean":9.231132807598606e-06,"Sigma":0.0,"Taucorr":null},"Iteration":83},
{"Acceptance":[0.0],"Energy":{"Mean":-14.003685980452927,"Sigma":0.0,"Taucorr":null},"EnergyVariance":{"Mean":8.524266260768843e-06,"Sigma":0.0,"Taucorr":null},"Iteration":84},
{"Acceptance":[0.0],"Energy":{"Mean":-14.003664931581513,"Sigma":0.0,"Taucorr":null},"EnergyVariance":{"Mean":7.921350511940615e-06,"Sigma":0.0,"Taucorr":null},"Iteration":85},
{"Acceptance":[0.0],"Energy":{"Mean":-14.003645184469745,"Sigma":0.0,"Taucorr":null},"EnergyVariance":{"Mean":7.404778672557039e-06,"Sigma":0.0,"Taucorr":null},"Iteration":86},
{"Acceptance":[0.0016666666666666668],"Energy":{"Mean":-13.696533232226537,"Sigma":0.13809907122577073,"Taucorr":1.2788499851297697},"EnergyVariance":{"Mean":0.5092928751822944,"Sigma":0.18655498180782448,"Taucorr":1.277691014468587},"Iteration":87},
{"Acceptance":[0.0],"Energy":{"Mean":-14.003539407322604,"Sigma":0.0,"Taucorr":null},"EnergyVariance":{"Mean":6.1546625516916625e-06,"Sigma":0.0,"Taucorr":null},"Iteration":88},
{"Acceptance":[0.0],"Energy":{"Mean":-14.00346103316763,"Sigma":0.0,"Taucorr":null},"EnergyVariance":{"Mean":5.4926134066634626e-06,"Sigma":0.0,"Taucorr":null},"Iteration":89},
{"Acceptance":[0.0],"Energy":{"Mean":-14.003390725533043,"Sigma":0.0,"Taucorr":null},"EnergyVariance":{"Mean":4.944612919543319e-06,"Sigma":0.0,"Taucorr":null},"Iteration":90},
{"Acceptance":[0.0],"Energy":{"Mean":-14.003327649496976,"Sigma":0.0,"Taucorr":null},"EnergyVariance":{"Mean":4.487915936557354e-06,"Sigma":0.0,"Taucorr":null},"Iteration":91},
{"Acceptance":[0.0023333333333333335],"Energy":{"Mean":-13.962320979708723,"Sigma":0.028319599907207754,"Taucorr":-0.01665124884366398},"EnergyVariance":{"Mean":0.07882185268241154,"Sigma":0.053347833131355514,"Taucorr":-0.016651248843663313},"Iteration":92},
{"Acceptance":[0.0],"Energy":{"Mean":-14.003208552821928,"Sigma":0.0,"Taucorr":null},"EnergyVariance":{"Mean":3.7369368955662905e-06,"Sigma":0.0,"Taucorr":null},"Iteration":93},
{"Acceptance":[0.0],"Energy":{"Mean":-14.003152616819445,"Sigma":0.0,"Taucorr":null},"EnergyVariance":{"Mean":3.4277015570946253e-06,"Sigma":0.0,"Taucorr":null},"Iteration":94},
{"Acceptance":[0.0],"Energy":{"Mean":-14.003102531194902,"Sigma":0.0,"Taucorr":null},"EnergyVariance":{"Mean":3.16629041826412e-06,"Sigma":0.0,"Taucorr":null},"Iteration":95},
{"Acceptance":[0.0],"Energy":{"Mean":-14.003057662652031,"Sigma":0.0,"Taucorr":null},"EnergyVariance":{"Mean":2.944109972191167e-06,"Sigma":0.0,"Taucorr":null},"Iteration":96},
{"Acceptance":[0.0],"Energy":{"Mean":-14.003017449483586,"Sigma":0.0,"Taucorr":null},"EnergyVariance":{"Mean":2.754324464384595e-06,"Sigma":0.0,"Taucorr":null},"Iteration":97},
{"Acceptance":[0.0],"Energy":{"Mean":-14.002981393181445,"Sigma":0.0,"Taucorr":null},"EnergyVariance":{"Mean":2.591457638441251e-06,"Sigma":0.0,"Taucorr":null},"Iteration":98},
{"Acceptance":[0.0],"Energy":{"Mean":-14.002949051012536,"Sigma":0.0,"Taucorr":null},"EnergyVariance":{"Mean":2.451092265581543e-06,"Sigma":0.0,"Taucorr":null},"Iteration":99} 
]}
{"input": {"L": 14, "J": 1, "machine": {"type": "FFNN", "model": ["relu", 21, 3]}, "sampler": {"type": "MetropolisHop", "d_max": 5}, "optimizer": {"type": "AdaMax", "alpha": 0.001, "beta1": 0.9, "beta2": 0.999, "epscut": 1e-07}, "VMC": {"n_samples": 100, "discarded_samples": 100, "discarded_samples_on_init": 0, "target": "energy", "method": "Gd", "diag_shift": 0.01, "use_iterative": true, "use_cholesky": true}, "n_iter": 100}}
duration: -1.713714838027954