{"Output": [
{"Acceptance":[0.8566666666666667],"Energy":{"Mean":12.198192671808162,"Sigma":0.3720191879285438,"Taucorr":0.12007391574114046},"EnergyVariance":{"Mean":10.924927589615542,"Sigma":1.5071232929735625,"Taucorr":0.03980158585659743},"Iteration":0},
{"Acceptance":[0.776],"Energy":{"Mean":11.33532319985791,"Sigma":0.32708052016238764,"Taucorr":0.12619316911164258},"EnergyVariance":{"Mean":8.823810606794616,"Sigma":0.9270269498678478,"Taucorr":-0.07796525742800448},"Iteration":1},
{"Acceptance":[0.7276666666666667],"Energy":{"Mean":10.743202506111535,"Sigma":0.3717734391308917,"Taucorr":0.23232937165479906},"EnergyVariance":{"Mean":10.384188506395923,"Sigma":1.5798288371562375,"Taucorr":0.04533109924262535},"Iteration":2},
{"Acceptance":[0.6906666666666667],"Energy":{"Mean":9.973833386868312,"Sigma":0.35762335065020995,"Taucorr":0.06257457484586881},"EnergyVariance":{"Mean":12.64819750728573,"Sigma":1.660201905950484,"Taucorr":-0.04140120449739293},"Iteration":3},
{"Acceptance":[0.641],"Energy":{"Mean":9.619262632926905,"Sigma":0.48460043910514383,"Taucorr":0.24673830586161594},"EnergyVariance":{"Mean":17.115490311445907,"Sigma":2.543511842949879,"Taucorr":0.28875468796447545},"Iteration":4},
{"Acceptance":[0.605],"Energy":{"Mean":8.353095718791339,"Sigma":0.37695213221696594,"Taucorr":0.007028119509509656},"EnergyVariance":{"Mean":16.645481043609497,"Sigma":2.3343429200823205,"Taucorr":0.0747530869961015},"Iteration":5},
{"Acceptance":[0.567],"Energy":{"Mean":8.040359980134452,"Sigma":0.46010391490812486,"Taucorr":0.30315430518602515},"EnergyVariance":{"Mean":17.158533068716938,"Sigma":1.8968855684455168,"Taucorr":0.02774168393032328},"Iteration":6},
{"Acceptance":[0.5436666666666666],"Energy":{"Mean":6.9944996918299776,"Sigma":0.35486422000739365,"Taucorr":0.040398841421992016},"EnergyVariance":{"Mean":15.21118333038383,"Sigma":2.787463361660626,"Taucorr":0.18976261539959405},"Iteration":7},
{"Acceptance":[0.5233333333333333],"Energy":{"Mean":5.9241776538468836,"Sigma":0.3469229387761564,"Taucorr":-0.04477872807337396},"EnergyVariance":{"Mean":16.91649851106957,"Sigma":1.547950339745905,"Taucorr":-0.07156450180388357},"Iteration":8},
{"Acceptance":[0.49966666666666665],"Energy":{"Mean":5.954092919722926,"Sigma":0.33978445720567585,"Taucorr":0.10776667132711026},"EnergyVariance":{"Mean":14.688631985573819,"Sigma":1.8128394924237967,"Taucorr":0.0020616694255057855},"Iteration":9},
{"Acceptance":[0.4553333333333333],"Energy":{"Mean":5.343507150484301,"Sigma":0.5087692858393639,"Taucorr":0.47368379039579545},"EnergyVariance":{"Mean":20.196553281184304,"Sigma":2.27637255161368,"Taucorr":-0.014836632196645383},"Iteration":10},
{"Acceptance":[0.42333333333333334],"Energy":{"Mean":3.817080146814797,"Sigma":0.44996319042177974,"Taucorr":0.3758810805557087},"EnergyVariance":{"Mean":17.043917199067828,"Sigma":1.851339570599889,"Taucorr":0.21784769470059373},"Iteration":11},
{"Acceptance":[0.4186666666666667],"Energy":{"Mean":3.1767985152081333,"Sigma":0.45224345960975454,"Taucorr":0.18357899543579115},"EnergyVariance":{"Mean":20.79435395195577,"Sigma":2.16031394835728,"Taucorr":-0.09458689313029511},"Iteration":12},
{"Acceptance":[0.4023333333333333],"Energy":{"Mean":3.233282184315588,"Sigma":0.464393860413096,"Taucorr":0.3159160251985671},"EnergyVariance":{"Mean":21.36723447075531,"Sigma":3.8858352636464875,"Taucorr":0.09857437060299146},"Iteration":13},
{"Acceptance":[0.38866666666666666],"Energy":{"Mean":2.972135759756151,"Sigma":0.5062713499547775,"Taucorr":0.4542312120605668},"EnergyVariance":{"Mean":19.529052257223903,"Sigma":2.2343256080191973,"Taucorr":0.250914510087359},"Iteration":14},
{"Acceptance":[0.38766666666666666],"Energy":{"Mean":1.7013669620577798,"Sigma":0.5888267088243492,"Taucorr":0.49436512583955383},"EnergyVariance":{"Mean":26.418066810068815,"Sigma":3.978552379841303,"Taucorr":0.18206230328916306},"Iteration":15},
{"Acceptance":[0.346],"Energy":{"Mean":0.8645746403433134,"Sigma":0.39044644888231567,"Taucorr":0.3373273481060748},"EnergyVariance":{"Mean":16.62346906241182,"Sigma":2.332456772935958,"Taucorr":0.11407687128531685},"Iteration":16},
{"Acceptance":[0.35133333333333333],"Energy":{"Mean":0.8134540676417178,"Sigma":0.39043343002848374,"Taucorr":0.4782527503241275},"EnergyVariance":{"Mean":18.56325219294022,"Sigma":3.577072722438725,"Taucorr":0.28608091572071825},"Iteration":17},
{"Acceptance":[0.324],"Energy":{"Mean":-0.18768256862009075,"Sigma":0.47306438689746594,"Taucorr":0.6282402872625421},"EnergyVariance":{"Mean":17.146007775529505,"Sigma":3.3761694701548435,"Taucorr":0.18779942668822291},"Iteration":18},
{"Acceptance":[0.31566666666666665],"Energy":{"Mean":-0.6390705827908116,"Sigma":0.4457860700529784,"Taucorr":0.4437284556663039},"EnergyVariance":{"Mean":17.054615706964704,"Sigma":5.086464868190467,"Taucorr":0.4786330757262449},"Iteration":19},
{"Acceptance":[0.322],"Energy":{"Mean":-0.7197387654837915,"Sigma":0.30863945862819336,"Taucorr":0.21121014597250354},"EnergyVariance":{"Mean":17.644773104877554,"Sigma":2.1599659849598183,"Taucorr":0.06235210532572055},"Iteration":20},
{"Acceptance":[0.305],"Energy":{"Mean":-1.4751578526996518,"Sigma":0.3208021175529344,"Taucorr":0.4200346170871688},"EnergyVariance":{"Mean":10.5115809333804,"Sigma":1.2202898602139955,"Taucorr":0.13101736971100053},"Iteration":21},
{"Acceptance":[0.282],"Energy":{"Mean":-1.2109246332100538,"Sigma":0.3728886039970212,"Taucorr":0.35398058470407057},"EnergyVariance":{"Mean":24.317985312522588,"Sigma":3.635568359438739,"Taucorr":-0.029913588027812688},"Iteration":22},
{"Acceptance":[0.2866666666666667],"Energy":{"Mean":-1.3183780133824674,"Sigma":0.4915197518136463,"Taucorr":0.43846841776470113},"EnergyVariance":{"Mean":22.431145541108652,"Sigma":3.969484485745465,"Taucorr":-0.07681756676374774},"Iteration":23},
{"Acceptance":[0.268],"Energy":{"Mean":-2.7114291621694395,"Sigma":0.3702208843173625,"Taucorr":0.30523935432795113},"EnergyVariance":{"Mean":17.84526918583664,"Sigma":3.1729375914252507,"Taucorr":0.27254475921825894},"Iteration":24},
{"Acceptance":[0.2946666666666667],"Energy":{"Mean":-2.091794251205729,"Sigma":0.4282384749413245,"Taucorr":0.357070779697648},"EnergyVariance":{"Mean":16.40432209924144,"Sigma":2.5754890189167523,"Taucorr":0.14521149621961615},"Iteration":25},
{"Acceptance":[0.2763333333333333],"Energy":{"Mean":-2.606672409320001,"Sigma":0.3177031007691773,"Taucorr":0.199271766894363},"EnergyVariance":{"Mean":13.171605563886724,"Sigma":1.7338685373574023,"Taucorr":0.18303780970945716},"Iteration":26},
{"Acceptance":[0.263],"Energy":{"Mean":-3.3617658881338524,"Sigma":0.3617981946411306,"Taucorr":0.33682761162979435},"EnergyVariance":{"Mean":17.123841015220822,"Sigma":3.9939369342950366,"Taucorr":0.45595910635117887},"Iteration":27},
{"Acceptance":[0.2643333333333333],"Energy":{"Mean":-3.462159704990184,"Sigma":0.3612584834468079,"Taucorr":0.5398145159633725},"EnergyVariance":{"Mean":21.663909238465912,"Sigma":3.7791596315784854,"Taucorr":0.14789436738740902},"Iteration":28},
{"Acceptance":[0.275],"Energy":{"Mean":-4.402773601641888,"Sigma":0.4204069073580337,"Taucorr":0.2941659237649097},"EnergyVariance":{"Mean":22.595311966672252,"Sigma":5.904508978380242,"Taucorr":0.15742011954480095},"Iteration":29},
{"Acceptance":[0.25833333333333336],"Energy":{"Mean":-4.401663237082554,"Sigma":0.4222047557150381,"Taucorr":0.1302886284773308},"EnergyVariance":{"Mean":27.22412073746124,"Sigma":6.324905402569854,"Taucorr":0.13416335556123993},"Iteration":30},
{"Acceptance":[0.25933333333333336],"Energy":{"Mean":-5.444397060698259,"Sigma":0.4233991251115543,"Taucorr":0.3594568290646972},"EnergyVariance":{"Mean":21.428202175487108,"Sigma":5.259560922043278,"Taucorr":0.40213882035059967},"Iteration":31},
{"Acceptance":[0.25566666666666665],"Energy":{"Mean":-5.261444902869518,"Sigma":0.3968972947118107,"Taucorr":0.27448428282644743},"EnergyVariance":{"Mean":22.809227226450233,"Sigma":4.309727317448743,"Taucorr":0.0930080882336749},"Iteration":32},
{"Acceptance":[0.25066666666666665],"Energy":{"Mean":-5.936958333796949,"Sigma":0.3228349977368103,"Taucorr":0.3029183390565958},"EnergyVariance":{"Mean":12.94495688949361,"Sigma":2.7811145523036265,"Taucorr":0.22532383873864992},"Iteration":33},
{"Acceptance":[0.23633333333333334],"Energy":{"Mean":-5.775345473399691,"Sigma":0.3831726625990538,"Taucorr":0.43741836053874383},"EnergyVariance":{"Mean":14.044287984683608,"Sigma":2.2902924973183145,"Taucorr":-0.02423694855095948},"Iteration":34},
{"Acceptance":[0.24266666666666667],"Energy":{"Mean":-7.12004029983105,"Sigma":0.5412768985839804,"Taucorr":0.6619517884731398},"EnergyVariance":{"Mean":17.389852404389824,"Sigma":2.793505362031637,"Taucorr":0.11454559835592815},"Iteration":35},
{"Acceptance":[0.223],"Energy":{"Mean":-7.096766271957534,"Sigma":0.19467852717287693,"Taucorr":-0.14215639363808236},"EnergyVariance":{"Mean":9.288262842271193,"Sigma":2.061114783400628,"Taucorr":0.38808693569143193},"Iteration":36},
{"Acceptance":[0.22433333333333333],"Energy":{"Mean":-7.279332309819548,"Sigma":0.26000371671545025,"Taucorr":0.017611676062818216},"EnergyVariance":{"Mean":9.676366692084693,"Sigma":1.9422887623359788,"Taucorr":0.35739927738948507},"Iteration":37},
{"Acceptance":[0.166],"Energy":{"Mean":-7.49669870768082,"Sigma":0.31938532136765824,"Taucorr":0.23635201657772364},"EnergyVariance":{"Mean":9.469098492532943,"Sigma":2.729807279769811,"Taucorr":0.24953761793754337},"Iteration":38},
{"Acceptance":[0.196],"Energy":{"Mean":-7.396941422605253,"Sigma":0.3962711565059446,"Taucorr":0.1971873848955752},"EnergyVariance":{"Mean":32.37598256834526,"Sigma":13.660103736066192,"Taucorr":0.027639183317608396},"Iteration":39},
{"Acceptance":[0.14433333333333334],"Energy":{"Mean":-7.794454027616727,"Sigma":0.31942558048066766,"Taucorr":0.16098468250653586},"EnergyVariance":{"Mean":12.507425983519171,"Sigma":2.1973623558745548,"Taucorr":0.18878031503602966},"Iteration":40},
{"Acceptance":[0.18933333333333333],"Energy":{"Mean":-8.160333339869322,"Sigma":0.4066699288753384,"Taucorr":0.21585998401188122},"EnergyVariance":{"Mean":20.186217781349104,"Sigma":6.4566365388813125,"Taucorr":0.36024084353941366},"Iteration":41},
{"Acceptance":[0.12],"Energy":{"Mean":-6.922223487534458,"Sigma":0.29564541451922527,"Taucorr":0.7864758719337326},"EnergyVariance":{"Mean":5.691374275062019,"Sigma":1.608102688604644,"Taucorr":0.49927261459485683},"Iteration":42},
{"Acceptance":[0.12733333333333333],"Energy":{"Mean":-7.277065886967478,"Sigma":0.431176347812185,"Taucorr":0.47133788797403},"EnergyVariance":{"Mean":13.2113505697548,"Sigma":3.732466389393236,"Taucorr":0.28449416907546066},"Iteration":43},
{"Acceptance":[0.14466666666666667],"Energy":{"Mean":-7.738265555059696,"Sigma":0.4082511338069017,"Taucorr":0.22397402251838527},"EnergyVariance":{"Mean":16.095367825717677,"Sigma":4.973306956910289,"Taucorr":-0.03809918778413013},"Iteration":44},
{"Acceptance":[0.17366666666666666],"Energy":{"Mean":-7.724058025894374,"Sigma":0.35947123628218663,"Taucorr":0.3131174950090104},"EnergyVariance":{"Mean":21.968091372470777,"Sigma":12.697148584964994,"Taucorr":0.30802745432522194},"Iteration":45},
{"Acceptance":[0.197],"Energy":{"Mean":-7.995784850502862,"Sigma":0.45857822761426154,"Taucorr":0.5403754223763784},"EnergyVariance":{"Mean":15.768245792987635,"Sigma":3.384760333343216,"Taucorr":0.5177599166214879},"Iteration":46},
{"Acceptance":[0.222],"Energy":{"Mean":-8.139868876404693,"Sigma":0.3417830795577937,"Taucorr":0.19592940128365532},"EnergyVariance":{"Mean":10.77571317155925,"Sigma":2.057736112746504,"Taucorr":0.24577021321722625},"Iteration":47},
{"Acceptance":[0.19033333333333333],"Energy":{"Mean":-8.441533367107885,"Sigma":0.4775468954258271,"Taucorr":0.334564557774918},"EnergyVariance":{"Mean":17.507735375966934,"Sigma":6.12521209623804,"Taucorr":0.047459570878887414},"Iteration":48},
{"Acceptance":[0.22933333333333333],"Energy":{"Mean":-8.898191222293127,"Sigma":0.6226482453483211,"Taucorr":0.5268981332877547},"EnergyVariance":{"Mean":20.943071555349295,"Sigma":11.547816090237243,"Taucorr":0.16423153793120082},"Iteration":49},
{"Acceptance":[0.205],"Energy":{"Mean":-8.352302318555349,"Sigma":0.3661205678738226,"Taucorr":0.35179843071406147},"EnergyVariance":{"Mean":10.21463424145118,"Sigma":2.0456658581501577,"Taucorr":0.22628348294979006},"Iteration":50},
{"Acceptance":[0.24266666666666667],"Energy":{"Mean":-9.30174826128477,"Sigma":0.25844720163305657,"Taucorr":0.07713707518645463},"EnergyVariance":{"Mean":9.55404718137104,"Sigma":1.1970789102314934,"Taucorr":0.11784055193333598},"Iteration":51},
{"Acceptance":[0.24266666666666667],"Energy":{"Mean":-9.144735806765318,"Sigma":0.34735358526227034,"Taucorr":0.08842504477156876},"EnergyVariance":{"Mean":20.872289437682266,"Sigma":6.1280904135552055,"Taucorr":0.27673639858070154},"Iteration":52},
{"Acceptance":[0.22433333333333333],"Energy":{"Mean":-8.364423453687959,"Sigma":0.40770688442263,"Taucorr":0.39119625864318575},"EnergyVariance":{"Mean":12.458740138799687,"Sigma":2.397249890749331,"Taucorr":-0.03582752667108979},"Iteration":53},
{"Acceptance":[0.26],"Energy":{"Mean":-8.925452473481064,"Sigma":0.4396063205273909,"Taucorr":0.37400289614865523},"EnergyVariance":{"Mean":18.438781555086425,"Sigma":3.5733682023593922,"Taucorr":0.5641965238886733},"Iteration":54},
{"Acceptance":[0.25],"Energy":{"Mean":-9.306780269393869,"Sigma":0.3330353598623224,"Taucorr":0.21094038420086547},"EnergyVariance":{"Mean":10.455096105825705,"Sigma":1.434889492631464,"Taucorr":0.037087356029234075},"Iteration":55},
{"Acceptance":[0.25833333333333336],"Energy":{"Mean":-8.573606794332463,"Sigma":0.4351078567940468,"Taucorr":0.12609486602905573},"EnergyVariance":{"Mean":31.569309881163523,"Sigma":12.181842939830707,"Taucorr":-0.03388067285126001},"Iteration":56},
{"Acceptance":[0.275],"Energy":{"Mean":-9.341366043983985,"Sigma":0.3819863470683707,"Taucorr":0.1310345055737574},"EnergyVariance":{"Mean":16.72448979580006,"Sigma":3.0775893748544583,"Taucorr":0.025593169712748054},"Iteration":57},
{"Acceptance":[0.275],"Energy":{"Mean":-10.012407756766374,"Sigma":0.38551375065716753,"Taucorr":0.01725906092286622},"EnergyVariance":{"Mean":18.94658950376004,"Sigma":5.571796492285412,"Taucorr":0.047163486332770566},"Iteration":58},
{"Acceptance":[0.23733333333333334],"Energy":{"Mean":-9.280986611373132,"Sigma":0.341194800520735,"Taucorr":0.1388843297910174},"EnergyVariance":{"Mean":11.278996812391718,"Sigma":2.604463475439682,"Taucorr":0.608132548350806},"Iteration":59},
{"Acceptance":[0.278],"Energy":{"Mean":-9.970216304762394,"Sigma":0.35387050889921945,"Taucorr":0.17941414661236377},"EnergyVariance":{"Mean":11.398542838252572,"Sigma":1.4638428685200862,"Taucorr":0.10720337447242867},"Iteration":60},
{"Acceptance":[0.235],"Energy":{"Mean":-10.037136576694657,"Sigma":0.41090190436811075,"Taucorr":0.46720606991134006},"EnergyVariance":{"Mean":18.22991724901573,"Sigma":8.650835410101733,"Taucorr":0.16271598843325086},"Iteration":61},
{"Acceptance":[0.25633333333333336],"Energy":{"Mean":-9.822180495238811,"Sigma":0.4496439166429227,"Taucorr":0.5856491022520145},"EnergyVariance":{"Mean":13.951701281003501,"Sigma":2.4044229273400863,"Taucorr":0.14381936988732125},"Iteration":62},
{"Acceptance":[0.25566666666666665],"Energy":{"Mean":-10.010616926545461,"Sigma":0.43728948001540857,"Taucorr":0.2665266072991551},"EnergyVariance":{"Mean":15.985699424385686,"Sigma":3.4172849600759707,"Taucorr":0.34056517481278215},"Iteration":63},
{"Acceptance":[0.25966666666666666],"Energy":{"Mean":-9.5343593865048,"Sigma":0.4599523949298887,"Taucorr":0.3942897997441823},"EnergyVariance":{"Mean":16.992067129586406,"Sigma":5.70345278404403,"Taucorr":0.24293134878531342},"Iteration":64},
{"Acceptance":[0.23466666666666666],"Energy":{"Mean":-10.781429113299398,"Sigma":0.34984875971339485,"Taucorr":0.2992572360613178},"EnergyVariance":{"Mean":9.978868280060613,"Sigma":2.3364533250359543,"Taucorr":0.1652768529104197},"Iteration":65},
{"Acceptance":[0.25466666666666665],"Energy":{"Mean":-10.496100068145996,"Sigma":0.3152566972246577,"Taucorr":0.055238243595944536},"EnergyVariance":{"Mean":11.6474792787715,"Sigma":1.8166836477853765,"Taucorr":0.2845659287596538},"Iteration":66},
{"Acceptance":[0.24433333333333335],"Energy":{"Mean":-9.332221070621285,"Sigma":0.4729174879847999,"Taucorr":0.2957374114708762},"EnergyVariance":{"Mean":17.77761906092595,"Sigma":2.634780037808251,"Taucorr":-0.0274603117648915},"Iteration":67},
{"Acceptance":[0.253],"Energy":{"Mean":-10.828049876327738,"Sigma":0.4584524637936368,"Taucorr":0.16314233958527025},"EnergyVariance":{"Mean":19.21603173354606,"Sigma":6.059678980944083,"Taucorr":0.21304484028182002},"Iteration":68},
{"Acceptance":[0.23733333333333334],"Energy":{"Mean":-10.8251771558956,"Sigma":0.3060514507459035,"Taucorr":-0.009863085290362561},"EnergyVariance":{"Mean":11.664369405723612,"Sigma":1.750562141031217,"Taucorr":0.02560295904440879},"Iteration":69},
{"Acceptance":[0.2623333333333333],"Energy":{"Mean":-10.376374577407201,"Sigma":0.4060911740081059,"Taucorr":0.10896518740914263},"EnergyVariance":{"Mean":17.44830942169343,"Sigma":4.123196422715148,"Taucorr":0.16281921312396586},"Iteration":70},
{"Acceptance":[0.19033333333333333],"Energy":{"Mean":-10.105075297043527,"Sigma":0.299190322505594,"Taucorr":0.16842198628059957},"EnergyVariance":{"Mean":10.406554457437544,"Sigma":2.7034287493767613,"Taucorr":0.3348810876103673},"Iteration":71},
{"Acceptance":[0.24],"Energy":{"Mean":-10.525225219041479,"Sigma":0.305655811061517,"Taucorr":0.07113210139058135},"EnergyVariance":{"Mean":14.946385176257875,"Sigma":2.6529639595195733,"Taucorr":0.031631063152457006},"Iteration":72},
{"Acceptance":[0.24266666666666667],"Energy":{"Mean":-10.826611401906172,"Sigma":0.24826475288104793,"Taucorr":-0.11444721790431533},"EnergyVariance":{"Mean":12.124614403477475,"Sigma":2.687874606927906,"Taucorr":0.048131488677781054},"Iteration":73},
{"Acceptance":[0.2826666666666667],"Energy":{"Mean":-10.155053513423672,"Sigma":0.32476190668447436,"Taucorr":0.1512614663787164},"EnergyVariance":{"Mean":12.850589950591166,"Sigma":2.8952542173161246,"Taucorr":0.17076526793291358},"Iteration":74},
{"Acceptance":[0.23733333333333334],"Energy":{"Mean":-11.229402296234147,"Sigma":0.3512471617289043,"Taucorr":0.46968287589715874},"EnergyVariance":{"Mean":8.29581499959043,"Sigma":1.4967776796622607,"Taucorr":0.3482245671205989},"Iteration":75},
{"Acceptance":[0.24833333333333332],"Energy":{"Mean":-10.58989734644359,"Sigma":0.4565368177708484,"Taucorr":0.22913428176372053},"EnergyVariance":{"Mean":16.09489981219525,"Sigma":5.526182365341775,"Taucorr":0.2512882704675983},"Iteration":76},
{"Acceptance":[0.246],"Energy":{"Mean":-11.544216380717208,"Sigma":0.3773045138186317,"Taucorr":0.1965870427337576},"EnergyVariance":{"Mean":13.353284638227853,"Sigma":2.6218713399501876,"Taucorr":0.10254217911618146},"Iteration":77},
{"Acceptance":[0.24466666666666667],"Energy":{"Mean":-10.890549107299385,"Sigma":0.4147113257981471,"Taucorr":0.20006151055959365},"EnergyVariance":{"Mean":24.96560400141821,"Sigma":14.061156053578278,"Taucorr":0.006720603084497956},"Iteration":78},
{"Acceptance":[0.25],"Energy":{"Mean":-10.942434266446938,"Sigma":0.34237032590956845,"Taucorr":0.04584757701180442},"EnergyVariance":{"Mean":14.537857010486452,"Sigma":3.162325056969302,"Taucorr":-0.01726225154947164},"Iteration":79},
{"Acceptance":[0.25333333333333335],"Energy":{"Mean":-10.48488333445389,"Sigma":0.3893298136881964,"Taucorr":0.2947934991096053},"EnergyVariance":{"Mean":13.22286547067329,"Sigma":1.9754438593578367,"Taucorr":-0.045500652504478045},"Iteration":80},
{"Acceptance":[0.21966666666666668],"Energy":{"Mean":-10.589507533275764,"Sigma":0.49380216179844805,"Taucorr":0.4022319881362417},"EnergyVariance":{"Mean":19.347966967309528,"Sigma":5.851716929195687,"Taucorr":0.3746116414164101},"Iteration":81},
{"Acceptance":[0.23533333333333334],"Energy":{"Mean":-10.830648800243193,"Sigma":0.381301596388474,"Taucorr":0.18424292660542352},"EnergyVariance":{"Mean":18.841505244812115,"Sigma":7.631808050453644,"Taucorr":-0.006100811236159076},"Iteration":82},
{"Acceptance":[0.21166666666666667],"Energy":{"Mean":-11.328200720715957,"Sigma":0.25771073676276895,"Taucorr":0.020175263025538737},"EnergyVariance":{"Mean":9.032740313377396,"Sigma":2.093518420478622,"Taucorr":0.3935842545390694},"Iteration":83},
{"Acceptance":[0.24233333333333335],"Energy":{"Mean":-11.6999284746016,"Sigma":0.5254239303949559,"Taucorr":0.17494782044135315},"EnergyVariance":{"Mean":24.507019541382117,"Sigma":10.325618202439252,"Taucorr":-0.010599708561233268},"Iteration":84},
{"Acceptance":[0.24133333333333334],"Energy":{"Mean":-10.693688464728313,"Sigma":0.3905075275763578,"Taucorr":0.290012411946203},"EnergyVariance":{"Mean":12.682650614146109,"Sigma":2.657782682020787,"Taucorr":0.06932215012051135},"Iteration":85},
{"Acceptance":[0.23566666666666666],"Energy":{"Mean":-11.16761049912438,"Sigma":0.429967907258489,"Taucorr":0.39654537089062125},"EnergyVariance":{"Mean":17.39578325446076,"Sigma":5.3605114231718085,"Taucorr":0.3071507866708504},"Iteration":86},
{"Acceptance":[0.227],"Energy":{"Mean":-11.866746048168137,"Sigma":0.3756316446229776,"Taucorr":0.42814561177337296},"EnergyVariance":{"Mean":8.893135331358101,"Sigma":2.4041198352331437,"Taucorr":0.39091980558149575},"Iteration":87},
{"Acceptance":[0.23633333333333334],"Energy":{"Mean":-11.198573486495306,"Sigma":0.2832224226259976,"Taucorr":-0.004497091282360477},"EnergyVariance":{"Mean":12.17259155985925,"Sigma":4.228494309972909,"Taucorr":0.2315854414987032},"Iteration":88},
{"Acceptance":[0.22233333333333333],"Energy":{"Mean":-11.98523764262774,"Sigma":0.2849341904004369,"Taucorr":0.2779794458140519},"EnergyVariance":{"Mean":8.188338512465963,"Sigma":1.4550821535165002,"Taucorr":0.1692196050602386},"Iteration":89},
{"Acceptance":[0.20433333333333334],"Energy":{"Mean":-11.676010868342665,"Sigma":0.3682080869053199,"Taucorr":0.29154960248024486},"EnergyVariance":{"Mean":10.400691185428057,"Sigma":3.1249476969557803,"Taucorr":0.31525653979351187},"Iteration":90},
{"Acceptance":[0.20433333333333334],"Energy":{"Mean":-11.216216599416253,"Sigma":0.29033709318564904,"Taucorr":0.09502946163464332},"EnergyVariance":{"Mean":7.920468081616158,"Sigma":1.4515260424726224,"Taucorr":0.47877863675500565},"Iteration":91},
{"Acceptance":[0.23166666666666666],"Energy":{"Mean":-11.484966446666803,"Sigma":0.2959193550467367,"Taucorr":0.2927181673218371},"EnergyVariance":{"Mean":12.643576099657944,"Sigma":4.374436700484453,"Taucorr":0.06683592789919457},"Iteration":92},
{"Acceptance":[0.25933333333333336],"Energy":{"Mean":-11.190789444870092,"Sigma":0.32326377686025914,"Taucorr":0.07519175576014525},"EnergyVariance":{"Mean":12.943735602723157,"Sigma":2.34938199813554,"Taucorr":0.14566464177431648},"Iteration":93},
{"Acceptance":[0.221],"Energy":{"Mean":-11.609177844318008,"Sigma":0.3213581460724267,"Taucorr":0.24897988171520935},"EnergyVariance":{"Mean":15.414968764983389,"Sigma":5.358510189599317,"Taucorr":0.5610738974638936},"Iteration":94},
{"Acceptance":[0.231],"Energy":{"Mean":-11.130743785593555,"Sigma":0.39406892890605055,"Taucorr":0.15582007639830076},"EnergyVariance":{"Mean":25.270571034607006,"Sigma":10.349483063672102,"Taucorr":0.4232835213653845},"Iteration":95},
{"Acceptance":[0.231],"Energy":{"Mean":-11.376099613178114,"Sigma":0.3801705333696653,"Taucorr":0.05915351471552632},"EnergyVariance":{"Mean":14.458489278996248,"Sigma":6.517447835679512,"Taucorr":-0.027845610686246025},"Iteration":96},
{"Acceptance":[0.238],"Energy":{"Mean":-11.28828457264481,"Sigma":0.312017816512199,"Taucorr":0.032845483373683426},"EnergyVariance":{"Mean":11.529716704590001,"Sigma":2.6530457628873028,"Taucorr":0.2853333677196238},"Iteration":97},
{"Acceptance":[0.24066666666666667],"Energy":{"Mean":-11.604704555707817,"Sigma":0.4124735675809328,"Taucorr":0.4434848357038721},"EnergyVariance":{"Mean":13.539703816692898,"Sigma":2.077777424355792,"Taucorr":0.11279955331741043},"Iteration":98},
{"Acceptance":[0.245],"Energy":{"Mean":-11.438535038541058,"Sigma":0.4584242806253016,"Taucorr":0.25903701600066276},"EnergyVariance":{"Mean":17.634911571839982,"Sigma":4.241610907447324,"Taucorr":0.1588086484865482},"Iteration":99} 
]}
{"input": {"L": 14, "J": 1, "machine": {"type": "FFNN", "model": ["relu", 29, 4]}, "sampler": {"type": "MetropolisHop", "d_max": 5}, "optimizer": {"type": "AdaMax", "alpha": 0.001, "beta1": 0.9, "beta2": 0.999, "epscut": 1e-07}, "VMC": {"n_samples": 100, "discarded_samples": 100, "discarded_samples_on_init": 0, "target": "energy", "method": "Gd", "diag_shift": 0.01, "use_iterative": true, "use_cholesky": true}, "n_iter": 100}}
duration: -3.006479263305664