{"Output": [
{"Acceptance":[0.9043809523809524],"Energy":{"Mean":17.106762714440013,"Sigma":0.3050463836344621,"Taucorr":2.7755575615628914e-17},"EnergyVariance":{"Mean":9.494587382948387,"Sigma":1.153669591999704,"Taucorr":5.551115123125783e-17},"Iteration":0},
{"Acceptance":[0.872],"Energy":{"Mean":17.290917882555437,"Sigma":0.3376560951513342,"Taucorr":5.551115123125783e-17},"EnergyVariance":{"Mean":12.457738650955442,"Sigma":1.6209836313435628,"Taucorr":-1.3877787807814457e-16},"Iteration":1},
{"Acceptance":[0.8533333333333334],"Energy":{"Mean":17.249837545685153,"Sigma":0.30423664599737926,"Taucorr":-1.1102230246251565e-16},"EnergyVariance":{"Mean":10.22461967360677,"Sigma":1.4117577849418164,"Taucorr":5.551115123125783e-17},"Iteration":2},
{"Acceptance":[0.8335238095238096],"Energy":{"Mean":16.747294254835996,"Sigma":0.41957656833727525,"Taucorr":-2.7755575615628914e-17},"EnergyVariance":{"Mean":19.245078203957437,"Sigma":2.7844095399448827,"Taucorr":-5.551115123125783e-17},"Iteration":3},
{"Acceptance":[0.8102857142857143],"Energy":{"Mean":16.380946319011205,"Sigma":0.36717695407825446,"Taucorr":2.7755575615628914e-17},"EnergyVariance":{"Mean":15.09740431017023,"Sigma":1.8162109420404582,"Taucorr":2.7755575615628914e-17},"Iteration":4},
{"Acceptance":[0.803047619047619],"Energy":{"Mean":16.033872897382086,"Sigma":0.32729232007041836,"Taucorr":0.0},"EnergyVariance":{"Mean":13.064320902047186,"Sigma":1.5431560048976756,"Taucorr":-5.551115123125783e-17},"Iteration":5},
{"Acceptance":[0.7645714285714286],"Energy":{"Mean":16.099345448526993,"Sigma":0.3692182256758235,"Taucorr":-2.7755575615628914e-17},"EnergyVariance":{"Mean":16.455390209953094,"Sigma":2.1124640438173925,"Taucorr":0.0},"Iteration":6},
{"Acceptance":[0.7676190476190476],"Energy":{"Mean":15.537983276644278,"Sigma":0.3503650376541074,"Taucorr":5.551115123125783e-17},"EnergyVariance":{"Mean":15.346176946499776,"Sigma":1.9318258283245484,"Taucorr":0.0},"Iteration":7},
{"Acceptance":[0.7558095238095238],"Energy":{"Mean":15.178908692407454,"Sigma":0.3693560495342036,"Taucorr":-5.551115123125783e-17},"EnergyVariance":{"Mean":16.073717537117545,"Sigma":1.7077073405892726,"Taucorr":5.551115123125783e-17},"Iteration":8},
{"Acceptance":[0.7306666666666667],"Energy":{"Mean":14.597875265075949,"Sigma":0.3662441846580729,"Taucorr":5.551115123125783e-17},"EnergyVariance":{"Mean":17.18533584617086,"Sigma":1.9633704270944872,"Taucorr":5.551115123125783e-17},"Iteration":9},
{"Acceptance":[0.7116190476190476],"Energy":{"Mean":13.607746527957838,"Sigma":0.4026699351910071,"Taucorr":0.0},"EnergyVariance":{"Mean":19.875008166477507,"Sigma":2.3023314421270404,"Taucorr":-2.7755575615628914e-17},"Iteration":10},
{"Acceptance":[0.7161904761904762],"Energy":{"Mean":14.130578650139114,"Sigma":0.4021939655401222,"Taucorr":0.0},"EnergyVariance":{"Mean":20.63154297879434,"Sigma":2.5057685511138,"Taucorr":0.0},"Iteration":11},
{"Acceptance":[0.6834285714285714],"Energy":{"Mean":13.299929252764942,"Sigma":0.40748537850569727,"Taucorr":0.0},"EnergyVariance":{"Mean":24.238171591249852,"Sigma":2.672879638808837,"Taucorr":0.0},"Iteration":12},
{"Acceptance":[0.6643809523809524],"Energy":{"Mean":12.516452819027101,"Sigma":0.3573509470671683,"Taucorr":-2.7755575615628914e-17},"EnergyVariance":{"Mean":18.419091508158765,"Sigma":2.0127323577372778,"Taucorr":0.0},"Iteration":13},
{"Acceptance":[0.6354285714285715],"Energy":{"Mean":11.92197022647405,"Sigma":0.4032314193079375,"Taucorr":2.7755575615628914e-17},"EnergyVariance":{"Mean":22.657032329001932,"Sigma":2.4562048902606275,"Taucorr":5.551115123125783e-17},"Iteration":14},
{"Acceptance":[0.6255238095238095],"Energy":{"Mean":11.44851779436425,"Sigma":0.4339209569304943,"Taucorr":0.0},"EnergyVariance":{"Mean":26.61503554370777,"Sigma":3.0514428955428885,"Taucorr":0.0},"Iteration":15},
{"Acceptance":[0.6182857142857143],"Energy":{"Mean":11.599901728329826,"Sigma":0.3495186892632549,"Taucorr":-2.7755575615628914e-17},"EnergyVariance":{"Mean":17.220969923280705,"Sigma":1.8583017829570714,"Taucorr":-5.551115123125783e-17},"Iteration":16},
{"Acceptance":[0.608],"Energy":{"Mean":10.596406890262605,"Sigma":0.4621117621515716,"Taucorr":2.7755575615628914e-17},"EnergyVariance":{"Mean":30.085545816887297,"Sigma":3.165597982311466,"Taucorr":5.551115123125783e-17},"Iteration":17},
{"Acceptance":[0.5866666666666667],"Energy":{"Mean":9.766044725978848,"Sigma":0.3897129431769727,"Taucorr":0.0},"EnergyVariance":{"Mean":22.21581514255591,"Sigma":2.5550650345238872,"Taucorr":0.0},"Iteration":18},
{"Acceptance":[0.5645714285714286],"Energy":{"Mean":8.665898310625177,"Sigma":0.36393719650948236,"Taucorr":-2.7755575615628914e-17},"EnergyVariance":{"Mean":19.601124026818432,"Sigma":1.9986556379259366,"Taucorr":0.0},"Iteration":19},
{"Acceptance":[0.5718095238095238],"Energy":{"Mean":9.638549679404019,"Sigma":0.4175722504927364,"Taucorr":2.7755575615628914e-17},"EnergyVariance":{"Mean":27.680891009265252,"Sigma":3.058113344045015,"Taucorr":-2.7755575615628914e-17},"Iteration":20},
{"Acceptance":[0.544],"Energy":{"Mean":7.725920401781437,"Sigma":0.3999424602811511,"Taucorr":5.551115123125783e-17},"EnergyVariance":{"Mean":24.244217977817634,"Sigma":3.2748768863969286,"Taucorr":-2.7755575615628914e-17},"Iteration":21},
{"Acceptance":[0.5325714285714286],"Energy":{"Mean":7.63254154359328,"Sigma":0.3766947917822179,"Taucorr":-5.551115123125783e-17},"EnergyVariance":{"Mean":22.916330293168382,"Sigma":2.197913726999716,"Taucorr":0.0},"Iteration":22},
{"Acceptance":[0.5238095238095238],"Energy":{"Mean":7.230953800506233,"Sigma":0.43330423518512845,"Taucorr":0.0},"EnergyVariance":{"Mean":33.10955294861067,"Sigma":4.299100528543066,"Taucorr":-2.7755575615628914e-17},"Iteration":23},
{"Acceptance":[0.5112380952380953],"Energy":{"Mean":7.300213284840906,"Sigma":0.4177643644589739,"Taucorr":0.0},"EnergyVariance":{"Mean":28.53445301651123,"Sigma":2.7332202845815847,"Taucorr":0.0},"Iteration":24},
{"Acceptance":[0.5051428571428571],"Energy":{"Mean":6.782011217204383,"Sigma":0.4706914557757337,"Taucorr":-2.7755575615628914e-17},"EnergyVariance":{"Mean":34.972186144199355,"Sigma":4.425191875400266,"Taucorr":0.0},"Iteration":25},
{"Acceptance":[0.4819047619047619],"Energy":{"Mean":6.382529381763982,"Sigma":0.38936401477599003,"Taucorr":-5.551115123125783e-17},"EnergyVariance":{"Mean":26.47600365628888,"Sigma":3.3340772065371884,"Taucorr":0.0},"Iteration":26},
{"Acceptance":[0.49752380952380953],"Energy":{"Mean":5.097090809228548,"Sigma":0.4218965378060039,"Taucorr":0.0},"EnergyVariance":{"Mean":28.495325964292576,"Sigma":3.6314699354518676,"Taucorr":5.551115123125783e-17},"Iteration":27},
{"Acceptance":[0.4777142857142857],"Energy":{"Mean":5.244752570024012,"Sigma":0.4086557965984059,"Taucorr":5.551115123125783e-17},"EnergyVariance":{"Mean":31.61738487829262,"Sigma":3.109299185840116,"Taucorr":0.0},"Iteration":28},
{"Acceptance":[0.4659047619047619],"Energy":{"Mean":5.033676881260728,"Sigma":0.42030545826749494,"Taucorr":0.0},"EnergyVariance":{"Mean":30.930285658530167,"Sigma":2.6219440742232942,"Taucorr":0.0},"Iteration":29},
{"Acceptance":[0.45676190476190476],"Energy":{"Mean":3.9164890012299844,"Sigma":0.4590909360153329,"Taucorr":0.0},"EnergyVariance":{"Mean":32.84126392723019,"Sigma":3.5497536992624186,"Taucorr":-2.7755575615628914e-17},"Iteration":30},
{"Acceptance":[0.4419047619047619],"Energy":{"Mean":1.5936173455284277,"Sigma":0.4280244218167907,"Taucorr":5.551115123125783e-17},"EnergyVariance":{"Mean":28.333085109567904,"Sigma":2.849089880318238,"Taucorr":-8.326672684688674e-17},"Iteration":31},
{"Acceptance":[0.4121904761904762],"Energy":{"Mean":3.0995128346023826,"Sigma":0.34338009964875793,"Taucorr":0.0},"EnergyVariance":{"Mean":23.817940930139336,"Sigma":2.487631818336109,"Taucorr":-5.551115123125783e-17},"Iteration":32},
{"Acceptance":[0.41295238095238096],"Energy":{"Mean":1.40280301485598,"Sigma":0.3813970878491971,"Taucorr":0.0},"EnergyVariance":{"Mean":22.56552971032284,"Sigma":2.346626666732874,"Taucorr":0.0},"Iteration":33},
{"Acceptance":[0.42247619047619045],"Energy":{"Mean":1.5779076072166605,"Sigma":0.3992630976919336,"Taucorr":0.0},"EnergyVariance":{"Mean":27.89165384297982,"Sigma":2.8850177169178193,"Taucorr":0.0},"Iteration":34},
{"Acceptance":[0.3942857142857143],"Energy":{"Mean":0.5383837303538546,"Sigma":0.3440604181581172,"Taucorr":0.0},"EnergyVariance":{"Mean":21.532324234217057,"Sigma":2.0413021835838547,"Taucorr":-8.326672684688674e-17},"Iteration":35},
{"Acceptance":[0.4102857142857143],"Energy":{"Mean":-0.38720104193044425,"Sigma":0.37205663350822865,"Taucorr":-2.7755575615628914e-17},"EnergyVariance":{"Mean":22.310938776641326,"Sigma":2.420722848745663,"Taucorr":0.0},"Iteration":36},
{"Acceptance":[0.379047619047619],"Energy":{"Mean":-0.047675709058089905,"Sigma":0.37229134904866334,"Taucorr":0.0},"EnergyVariance":{"Mean":25.604902764366372,"Sigma":3.1578131819349387,"Taucorr":0.0},"Iteration":37},
{"Acceptance":[0.3596190476190476],"Energy":{"Mean":-0.6871183544798835,"Sigma":0.385983311895151,"Taucorr":-5.551115123125783e-17},"EnergyVariance":{"Mean":24.848271918403324,"Sigma":2.9843151798328,"Taucorr":-5.551115123125783e-17},"Iteration":38},
{"Acceptance":[0.36342857142857143],"Energy":{"Mean":-1.4885835024675123,"Sigma":0.36558625035390263,"Taucorr":0.0},"EnergyVariance":{"Mean":31.478682294173208,"Sigma":3.009687612014959,"Taucorr":-5.551115123125783e-17},"Iteration":39},
{"Acceptance":[0.37257142857142855],"Energy":{"Mean":-1.0393915489248826,"Sigma":0.410184926983159,"Taucorr":-5.551115123125783e-17},"EnergyVariance":{"Mean":29.58457988337103,"Sigma":3.42110541667955,"Taucorr":0.0},"Iteration":40},
{"Acceptance":[0.3740952380952381],"Energy":{"Mean":-1.3675561274182466,"Sigma":0.40614679823359306,"Taucorr":0.0},"EnergyVariance":{"Mean":33.09148933577403,"Sigma":3.830023562231646,"Taucorr":-5.551115123125783e-17},"Iteration":41},
{"Acceptance":[0.3177142857142857],"Energy":{"Mean":-3.7002531234426366,"Sigma":0.4784582540487436,"Taucorr":-5.551115123125783e-17},"EnergyVariance":{"Mean":36.3632215525878,"Sigma":5.375777456468631,"Taucorr":0.0},"Iteration":42},
{"Acceptance":[0.33104761904761904],"Energy":{"Mean":-4.358752172024715,"Sigma":0.38163546783373226,"Taucorr":0.0},"EnergyVariance":{"Mean":34.54961317581089,"Sigma":3.6243681952609843,"Taucorr":0.0},"Iteration":43},
{"Acceptance":[0.3139047619047619],"Energy":{"Mean":-3.009751350843399,"Sigma":0.45631557029071484,"Taucorr":0.0},"EnergyVariance":{"Mean":32.738052687991356,"Sigma":4.631367490300904,"Taucorr":0.0},"Iteration":44},
{"Acceptance":[0.24952380952380954],"Energy":{"Mean":-6.1836284393289525,"Sigma":0.4111101909278724,"Taucorr":0.0},"EnergyVariance":{"Mean":27.46126772919459,"Sigma":7.159002263025669,"Taucorr":0.0},"Iteration":45},
{"Acceptance":[0.2754285714285714],"Energy":{"Mean":-5.332161164470987,"Sigma":0.3929318112873636,"Taucorr":0.0},"EnergyVariance":{"Mean":28.315520591836286,"Sigma":3.0348588337401505,"Taucorr":8.326672684688674e-17},"Iteration":46},
{"Acceptance":[0.21828571428571428],"Energy":{"Mean":-7.858913312129123,"Sigma":0.38142615845773054,"Taucorr":5.551115123125783e-17},"EnergyVariance":{"Mean":20.305668301515652,"Sigma":2.8856395401327664,"Taucorr":0.0},"Iteration":47},
{"Acceptance":[0.10819047619047618],"Energy":{"Mean":-9.12656493231417,"Sigma":0.3149271769914349,"Taucorr":0.0},"EnergyVariance":{"Mean":13.905355255616337,"Sigma":1.8192594906265382,"Taucorr":-5.551115123125783e-17},"Iteration":48},
{"Acceptance":[0.11047619047619048],"Energy":{"Mean":-10.76896649265093,"Sigma":0.3304873647850332,"Taucorr":-2.7755575615628914e-17},"EnergyVariance":{"Mean":16.145134472526156,"Sigma":4.293952656791315,"Taucorr":-8.326672684688674e-17},"Iteration":49},
{"Acceptance":[0.04838095238095238],"Energy":{"Mean":-11.749363384069012,"Sigma":0.28766908742136016,"Taucorr":-2.7755575615628914e-17},"EnergyVariance":{"Mean":10.99912624108289,"Sigma":2.9575188624773903,"Taucorr":0.0},"Iteration":50},
{"Acceptance":[0.04533333333333334],"Energy":{"Mean":-11.618656950822325,"Sigma":0.09706380973762097,"Taucorr":0.0},"EnergyVariance":{"Mean":1.01957417347331,"Sigma":0.22631016966164835,"Taucorr":0.0},"Iteration":51},
{"Acceptance":[0.031619047619047616],"Energy":{"Mean":-12.237890844905916,"Sigma":0.47147237550795085,"Taucorr":-8.326672684688674e-17},"EnergyVariance":{"Mean":23.809205595234626,"Sigma":22.25741889790789,"Taucorr":-2.7755575615628914e-17},"Iteration":52},
{"Acceptance":[0.009904761904761904],"Energy":{"Mean":-11.98209337673888,"Sigma":0.042902739662502305,"Taucorr":7.216449660063518e-16},"EnergyVariance":{"Mean":0.207409914630564,"Sigma":0.07557233955338276,"Taucorr":0.0},"Iteration":53},
{"Acceptance":[0.011047619047619047],"Energy":{"Mean":-12.459319912943146,"Sigma":0.5401327626558866,"Taucorr":-9.43689570931383e-16},"EnergyVariance":{"Mean":34.54931021746441,"Sigma":23.517413761764622,"Taucorr":5.551115123125783e-17},"Iteration":54},
{"Acceptance":[0.010666666666666666],"Energy":{"Mean":-11.831370562209404,"Sigma":0.07395627647819115,"Taucorr":-1.1102230246251565e-15},"EnergyVariance":{"Mean":1.5390575727781601,"Sigma":0.6698961794074818,"Taucorr":0.0},"Iteration":55},
{"Acceptance":[0.005714285714285714],"Energy":{"Mean":-13.15750441012192,"Sigma":0.9235738251925475,"Taucorr":-8.326672684688674e-17},"EnergyVariance":{"Mean":113.34242982742619,"Sigma":79.0344352958483,"Taucorr":-2.7755575615628914e-17},"Iteration":56},
{"Acceptance":[0.006095238095238095],"Energy":{"Mean":-11.889092858147796,"Sigma":0.06034453591662629,"Taucorr":-6.772360450213455e-14},"EnergyVariance":{"Mean":0.3956198728543383,"Sigma":0.21488962930145983,"Taucorr":-2.7755575615628914e-17},"Iteration":57},
{"Acceptance":[0.010285714285714285],"Energy":{"Mean":-11.98473827915986,"Sigma":0.02053804683911827,"Taucorr":9.43689570931383e-16},"EnergyVariance":{"Mean":0.05129294591281465,"Sigma":0.03900330742039157,"Taucorr":-2.7755575615628914e-17},"Iteration":58},
{"Acceptance":[0.009904761904761904],"Energy":{"Mean":-11.819766508708934,"Sigma":0.0528971995240081,"Taucorr":null},"EnergyVariance":{"Mean":0.38225453088075817,"Sigma":0.09452974348986216,"Taucorr":null},"Iteration":59},
{"Acceptance":[0.010285714285714285],"Energy":{"Mean":-11.911709744034876,"Sigma":0.0396300211505295,"Taucorr":1.1102230246251565e-16},"EnergyVariance":{"Mean":0.17356620157760924,"Sigma":0.07122515607417518,"Taucorr":0.0},"Iteration":60},
{"Acceptance":[0.015238095238095238],"Energy":{"Mean":-12.005510475142621,"Sigma":0.004468417388111482,"Taucorr":2.275957200481571e-15},"EnergyVariance":{"Mean":0.008262310424111175,"Sigma":0.0023855503227735927,"Taucorr":-5.551115123125783e-17},"Iteration":61},
{"Acceptance":[0.007238095238095238],"Energy":{"Mean":-11.660529074423941,"Sigma":0.0766413052683465,"Taucorr":1.8318679906315083e-15},"EnergyVariance":{"Mean":0.7290667031564989,"Sigma":0.20621513701766753,"Taucorr":-5.551115123125783e-17},"Iteration":62},
{"Acceptance":[0.008],"Energy":{"Mean":-11.976858722585423,"Sigma":0.028043408170060034,"Taucorr":null},"EnergyVariance":{"Mean":0.0801320503249589,"Sigma":0.048399639409506916,"Taucorr":null},"Iteration":63},
{"Acceptance":[0.009142857142857144],"Energy":{"Mean":-11.90086687544292,"Sigma":0.03717492939205929,"Taucorr":-6.106226635438361e-16},"EnergyVariance":{"Mean":0.15724822509665876,"Sigma":0.0664832288812791,"Taucorr":-8.326672684688674e-17},"Iteration":64},
{"Acceptance":[0.015238095238095238],"Energy":{"Mean":-11.828691297131504,"Sigma":0.07018151207074193,"Taucorr":-2.498001805406602e-16},"EnergyVariance":{"Mean":1.0146757007729081,"Sigma":0.7532397895279158,"Taucorr":0.0},"Iteration":65},
{"Acceptance":[0.009904761904761904],"Energy":{"Mean":-12.00886954505947,"Sigma":0.011473274567122486,"Taucorr":2.498001805406602e-16},"EnergyVariance":{"Mean":0.019234278227410976,"Sigma":0.008420365762919477,"Taucorr":0.0},"Iteration":66},
{"Acceptance":[0.009904761904761904],"Energy":{"Mean":-11.738355352136924,"Sigma":0.09140090222705631,"Taucorr":-1.2212453270876722e-15},"EnergyVariance":{"Mean":2.0527423306970727,"Sigma":1.0706452062120277,"Taucorr":1.1102230246251565e-16},"Iteration":67},
{"Acceptance":[0.011047619047619047],"Energy":{"Mean":-11.978371740118446,"Sigma":0.0034748542515467243,"Taucorr":6.106226635438361e-16},"EnergyVariance":{"Mean":0.0036058978416881587,"Sigma":0.000397645751863383,"Taucorr":0.0},"Iteration":68},
{"Acceptance":[0.009142857142857144],"Energy":{"Mean":-11.809923882061675,"Sigma":0.054344519466901595,"Taucorr":3.885780586188048e-16},"EnergyVariance":{"Mean":0.32631556224038777,"Sigma":0.09405631808102402,"Taucorr":0.0},"Iteration":69},
{"Acceptance":[0.011047619047619047],"Energy":{"Mean":-11.950048012084821,"Sigma":0.028076545712983247,"Taucorr":1.3877787807814457e-16},"EnergyVariance":{"Mean":0.08269425458585479,"Sigma":0.05269472980943191,"Taucorr":0.0},"Iteration":70},
{"Acceptance":[0.014095238095238095],"Energy":{"Mean":-11.790445760970496,"Sigma":0.04577926467841748,"Taucorr":2.1649348980190553e-15},"EnergyVariance":{"Mean":0.6548907226658242,"Sigma":0.16039867686128967,"Taucorr":-5.551115123125783e-17},"Iteration":71},
{"Acceptance":[0.006095238095238095],"Energy":{"Mean":-11.997614936189304,"Sigma":0.003821377012949881,"Taucorr":1.7763568394002505e-15},"EnergyVariance":{"Mean":0.009403790717566547,"Sigma":0.005353444420360192,"Taucorr":0.0},"Iteration":72},
{"Acceptance":[0.011047619047619047],"Energy":{"Mean":-11.939550815287863,"Sigma":0.034936749896125156,"Taucorr":-2.498001805406602e-16},"EnergyVariance":{"Mean":0.47098401720280025,"Sigma":0.17756412221733017,"Taucorr":2.7755575615628914e-16},"Iteration":73},
{"Acceptance":[0.013714285714285714],"Energy":{"Mean":-11.991738806604488,"Sigma":0.0027451075056515264,"Taucorr":null},"EnergyVariance":{"Mean":0.0025514750580856098,"Sigma":0.0010367147557920407,"Taucorr":null},"Iteration":74},
{"Acceptance":[0.010666666666666666],"Energy":{"Mean":-11.866775176630583,"Sigma":0.07819800670225537,"Taucorr":-5.551115123125783e-16},"EnergyVariance":{"Mean":1.4261779534535248,"Sigma":0.9680537920144409,"Taucorr":0.0},"Iteration":75},
{"Acceptance":[0.006857142857142857],"Energy":{"Mean":-11.805750354931707,"Sigma":0.04907642633719651,"Taucorr":null},"EnergyVariance":{"Mean":0.3415393004755525,"Sigma":0.08365050973027363,"Taucorr":null},"Iteration":76},
{"Acceptance":[0.009904761904761904],"Energy":{"Mean":-11.923350781023728,"Sigma":0.032825501429742394,"Taucorr":1.6653345369377348e-16},"EnergyVariance":{"Mean":0.11534535855648805,"Sigma":0.05993108188044772,"Taucorr":1.1102230246251565e-16},"Iteration":77},
{"Acceptance":[0.007619047619047619],"Energy":{"Mean":-11.942047386025063,"Sigma":0.02760344164541161,"Taucorr":-6.938893903907228e-16},"EnergyVariance":{"Mean":0.08007763860276605,"Sigma":0.05150819960152084,"Taucorr":-1.3877787807814457e-16},"Iteration":78},
{"Acceptance":[0.014857142857142857],"Energy":{"Mean":-11.922559383750482,"Sigma":0.03435966890166486,"Taucorr":null},"EnergyVariance":{"Mean":0.1312802837518576,"Sigma":0.0650548115899212,"Taucorr":null},"Iteration":79},
{"Acceptance":[0.008761904761904762],"Energy":{"Mean":-11.78263028203186,"Sigma":0.0505031968616197,"Taucorr":null},"EnergyVariance":{"Mean":0.3925929707287995,"Sigma":0.07892999447690636,"Taucorr":null},"Iteration":80},
{"Acceptance":[0.01180952380952381],"Energy":{"Mean":-11.935349334432587,"Sigma":0.034026887497603304,"Taucorr":6.661338147750939e-16},"EnergyVariance":{"Mean":0.1244519754672457,"Sigma":0.0661188236643812,"Taucorr":0.0},"Iteration":81},
{"Acceptance":[0.0064761904761904765],"Energy":{"Mean":-12.13717211251121,"Sigma":0.2879990797533717,"Taucorr":null},"EnergyVariance":{"Mean":25.11207263368515,"Sigma":23.585296468483453,"Taucorr":null},"Iteration":82},
{"Acceptance":[0.011428571428571429],"Energy":{"Mean":-11.939087181136388,"Sigma":0.0432327681227209,"Taucorr":null},"EnergyVariance":{"Mean":0.22437069482493308,"Sigma":0.0821433904739695,"Taucorr":null},"Iteration":83},
{"Acceptance":[0.013333333333333334],"Energy":{"Mean":-11.99050024222976,"Sigma":0.003066828762882926,"Taucorr":-2.7755575615628914e-17},"EnergyVariance":{"Mean":0.003926055420185247,"Sigma":0.0013402160827534555,"Taucorr":1.1102230246251565e-16},"Iteration":84},
{"Acceptance":[0.005714285714285714],"Energy":{"Mean":-11.99317982199021,"Sigma":0.003177158678331302,"Taucorr":3.608224830031759e-16},"EnergyVariance":{"Mean":0.0050611855654585595,"Sigma":0.0017183192752051907,"Taucorr":0.0},"Iteration":85},
{"Acceptance":[0.01219047619047619],"Energy":{"Mean":-11.88755083639742,"Sigma":0.041095454645889956,"Taucorr":null},"EnergyVariance":{"Mean":0.30637670783782867,"Sigma":0.1240527065804967,"Taucorr":null},"Iteration":86},
{"Acceptance":[0.009904761904761904],"Energy":{"Mean":-11.993905074488826,"Sigma":0.0026080141757813652,"Taucorr":3.608224830031759e-16},"EnergyVariance":{"Mean":0.004482258068067201,"Sigma":0.0014038161974605152,"Taucorr":0.0},"Iteration":87},
{"Acceptance":[0.007238095238095238],"Energy":{"Mean":-11.872409785649205,"Sigma":0.047137684879451525,"Taucorr":8.326672684688674e-16},"EnergyVariance":{"Mean":0.22522934351188462,"Sigma":0.08212712908463521,"Taucorr":-2.7755575615628914e-17},"Iteration":88},
{"Acceptance":[0.011047619047619047],"Energy":{"Mean":-11.840687064462744,"Sigma":0.04708474477267324,"Taucorr":null},"EnergyVariance":{"Mean":0.2911874955651926,"Sigma":0.07887339562168627,"Taucorr":null},"Iteration":89},
{"Acceptance":[0.01219047619047619],"Energy":{"Mean":-11.99158622360467,"Sigma":0.0024006854658846573,"Taucorr":null},"EnergyVariance":{"Mean":0.0039062802792735616,"Sigma":0.001190758227568415,"Taucorr":null},"Iteration":90},
{"Acceptance":[0.010285714285714285],"Energy":{"Mean":-12.0028450683935,"Sigma":0.0015235362339944736,"Taucorr":null},"EnergyVariance":{"Mean":0.0007701914185469546,"Sigma":0.00018683857794704899,"Taucorr":null},"Iteration":91},
{"Acceptance":[0.010285714285714285],"Energy":{"Mean":-11.981383762073186,"Sigma":0.021670770611297546,"Taucorr":-2.7755575615628914e-17},"EnergyVariance":{"Mean":0.06296556155879625,"Sigma":0.03863379036845325,"Taucorr":0.0},"Iteration":92},
{"Acceptance":[0.008761904761904762],"Energy":{"Mean":-11.987252970349278,"Sigma":0.0032755914678749237,"Taucorr":-5.551115123125783e-17},"EnergyVariance":{"Mean":0.039821224131797874,"Sigma":0.010445197773641795,"Taucorr":0.0},"Iteration":93},
{"Acceptance":[0.005714285714285714],"Energy":{"Mean":-11.979383404811529,"Sigma":0.020016813888070403,"Taucorr":-3.608224830031759e-16},"EnergyVariance":{"Mean":0.04034301434873537,"Sigma":0.038733449668336244,"Taucorr":0.0},"Iteration":94},
{"Acceptance":[0.004571428571428572],"Energy":{"Mean":-11.971351987386761,"Sigma":0.02053789612672543,"Taucorr":-1.0547118733938987e-15},"EnergyVariance":{"Mean":0.0475658428818013,"Sigma":0.04047658974423799,"Taucorr":0.0},"Iteration":95},
{"Acceptance":[0.009523809523809525],"Energy":{"Mean":-11.998641389646156,"Sigma":0.0016708394997063392,"Taucorr":-2.4702462297909733e-15},"EnergyVariance":{"Mean":0.001291806491770709,"Sigma":0.0001864403591969121,"Taucorr":2.7755575615628914e-17},"Iteration":96},
{"Acceptance":[0.0064761904761904765],"Energy":{"Mean":-12.001408949377183,"Sigma":0.0017578470335914075,"Taucorr":2.6645352591003757e-15},"EnergyVariance":{"Mean":0.002098776819207955,"Sigma":0.0009489173829303014,"Taucorr":2.7755575615628914e-17},"Iteration":97},
{"Acceptance":[0.0034285714285714284],"Energy":{"Mean":-11.960195808032266,"Sigma":0.025080034249710233,"Taucorr":-4.440892098500626e-16},"EnergyVariance":{"Mean":0.3266708000169992,"Sigma":0.20001580206919115,"Taucorr":-5.551115123125783e-17},"Iteration":98},
{"Acceptance":[0.007619047619047619],"Energy":{"Mean":-12.011228858616219,"Sigma":0.00614071070977255,"Taucorr":-1.27675647831893e-15},"EnergyVariance":{"Mean":0.020881273053753292,"Sigma":0.0044732801180923185,"Taucorr":0.0},"Iteration":99} 
]}
{"input": {"L": 20, "J": 1, "machine": {"type": "FFNN", "model": ["tanh", 16, 2]}, "sampler": {"type": "MetropolisHop", "d_max": 5}, "optimizer": {"type": "AdaMax", "alpha": 0.001, "beta1": 0.9, "beta2": 0.999, "epscut": 1e-07}, "VMC": {"n_samples": 100, "discarded_samples": 100, "discarded_samples_on_init": 0, "target": "energy", "method": "Gd", "diag_shift": 0.01, "use_iterative": true, "use_cholesky": true}, "n_iter": 100}}
duration: -0.7963724136352539