{"Output": [
{"Acceptance":[0.8552380952380952],"Energy":{"Mean":17.927648429531974,"Sigma":0.317853883580734,"Taucorr":-2.7755575615628914e-17},"EnergyVariance":{"Mean":10.567624180778166,"Sigma":1.5518356129873676,"Taucorr":0.0},"Iteration":0},
{"Acceptance":[0.8068571428571428],"Energy":{"Mean":16.18116633456029,"Sigma":0.3593397622363758,"Taucorr":0.0},"EnergyVariance":{"Mean":14.45254388675119,"Sigma":1.7493031315235859,"Taucorr":0.0},"Iteration":1},
{"Acceptance":[0.7756190476190477],"Energy":{"Mean":15.084315847284469,"Sigma":0.3351770108320977,"Taucorr":-8.326672684688674e-17},"EnergyVariance":{"Mean":13.938405353820636,"Sigma":1.812489764427104,"Taucorr":0.0},"Iteration":2},
{"Acceptance":[0.7420952380952381],"Energy":{"Mean":14.523879304045519,"Sigma":0.35985506087351343,"Taucorr":5.551115123125783e-17},"EnergyVariance":{"Mean":17.24028044016492,"Sigma":1.631417538617174,"Taucorr":0.0},"Iteration":3},
{"Acceptance":[0.6918095238095238],"Energy":{"Mean":13.24152244803576,"Sigma":0.3833524017372553,"Taucorr":5.551115123125783e-17},"EnergyVariance":{"Mean":19.178330587404915,"Sigma":2.0542783552235186,"Taucorr":5.551115123125783e-17},"Iteration":4},
{"Acceptance":[0.676952380952381],"Energy":{"Mean":11.852189990503113,"Sigma":0.4251771806404609,"Taucorr":0.0},"EnergyVariance":{"Mean":25.327870101670932,"Sigma":3.012091811360708,"Taucorr":2.7755575615628914e-17},"Iteration":5},
{"Acceptance":[0.6632380952380953],"Energy":{"Mean":11.102352423779633,"Sigma":0.3797500763869802,"Taucorr":-2.7755575615628914e-17},"EnergyVariance":{"Mean":19.985622033857624,"Sigma":2.1197952630695327,"Taucorr":2.7755575615628914e-17},"Iteration":6},
{"Acceptance":[0.6281904761904762],"Energy":{"Mean":10.641382231430054,"Sigma":0.40926953395010207,"Taucorr":-5.551115123125783e-17},"EnergyVariance":{"Mean":25.07013945484865,"Sigma":2.446649411055502,"Taucorr":5.551115123125783e-17},"Iteration":7},
{"Acceptance":[0.6205714285714286],"Energy":{"Mean":7.981834477381165,"Sigma":0.37502847711611514,"Taucorr":5.551115123125783e-17},"EnergyVariance":{"Mean":21.314669555531655,"Sigma":2.2826812066396536,"Taucorr":-2.7755575615628914e-17},"Iteration":8},
{"Acceptance":[0.5676190476190476],"Energy":{"Mean":7.724347340201488,"Sigma":0.3257771442816734,"Taucorr":1.1102230246251565e-16},"EnergyVariance":{"Mean":20.94329227364986,"Sigma":2.5884362113787653,"Taucorr":-2.7755575615628914e-17},"Iteration":9},
{"Acceptance":[0.532952380952381],"Energy":{"Mean":5.833456070204117,"Sigma":0.34539658226923475,"Taucorr":0.0},"EnergyVariance":{"Mean":24.167076006159526,"Sigma":2.4461801107171346,"Taucorr":5.551115123125783e-17},"Iteration":10},
{"Acceptance":[0.5123809523809524],"Energy":{"Mean":6.134901423355462,"Sigma":0.4098796032060173,"Taucorr":0.0},"EnergyVariance":{"Mean":34.17544782850538,"Sigma":3.2369161874959236,"Taucorr":0.0},"Iteration":11},
{"Acceptance":[0.5047619047619047],"Energy":{"Mean":3.192911948030941,"Sigma":0.42219478126322524,"Taucorr":2.7755575615628914e-17},"EnergyVariance":{"Mean":30.02525758626001,"Sigma":3.1611768829987366,"Taucorr":-5.551115123125783e-17},"Iteration":12},
{"Acceptance":[0.4758095238095238],"Energy":{"Mean":2.968451420863955,"Sigma":0.38914428301929815,"Taucorr":-2.7755575615628914e-17},"EnergyVariance":{"Mean":31.378135592870095,"Sigma":3.6203497825950004,"Taucorr":0.0},"Iteration":13},
{"Acceptance":[0.4617142857142857],"Energy":{"Mean":1.2425747302201846,"Sigma":0.3583512015904541,"Taucorr":5.551115123125783e-17},"EnergyVariance":{"Mean":27.846804314202863,"Sigma":2.60464108400844,"Taucorr":5.551115123125783e-17},"Iteration":14},
{"Acceptance":[0.4472380952380952],"Energy":{"Mean":-0.0064512665268046665,"Sigma":0.3119571222348344,"Taucorr":-8.326672684688674e-17},"EnergyVariance":{"Mean":23.53008931013091,"Sigma":2.740156111614545,"Taucorr":0.0},"Iteration":15},
{"Acceptance":[0.4255238095238095],"Energy":{"Mean":-0.3647262953578905,"Sigma":0.394503753541203,"Taucorr":0.0},"EnergyVariance":{"Mean":30.067635286165228,"Sigma":4.5699360299354055,"Taucorr":0.0},"Iteration":16},
{"Acceptance":[0.4034285714285714],"Energy":{"Mean":-1.4542438443899113,"Sigma":0.36514291614551475,"Taucorr":5.551115123125783e-17},"EnergyVariance":{"Mean":30.666007345993172,"Sigma":5.755565296187516,"Taucorr":0.0},"Iteration":17},
{"Acceptance":[0.38971428571428574],"Energy":{"Mean":-2.2202745207153383,"Sigma":0.3799258030024149,"Taucorr":-2.7755575615628914e-17},"EnergyVariance":{"Mean":29.547215384745943,"Sigma":3.6709376311477255,"Taucorr":-2.7755575615628914e-17},"Iteration":18},
{"Acceptance":[0.36914285714285716],"Energy":{"Mean":-3.4232703011380234,"Sigma":0.33664131040743406,"Taucorr":2.7755575615628914e-17},"EnergyVariance":{"Mean":23.984582068564556,"Sigma":3.382433431215366,"Taucorr":-2.7755575615628914e-17},"Iteration":19},
{"Acceptance":[0.36952380952380953],"Energy":{"Mean":-3.9328886562985876,"Sigma":0.4052023835576973,"Taucorr":0.0},"EnergyVariance":{"Mean":29.178586007331564,"Sigma":2.9337347207770823,"Taucorr":5.551115123125783e-17},"Iteration":20},
{"Acceptance":[0.3382857142857143],"Energy":{"Mean":-5.888599853388494,"Sigma":0.3641410154704199,"Taucorr":-2.7755575615628914e-17},"EnergyVariance":{"Mean":30.361924276146333,"Sigma":3.8923418022644904,"Taucorr":-5.551115123125783e-17},"Iteration":21},
{"Acceptance":[0.3177142857142857],"Energy":{"Mean":-5.843204521693446,"Sigma":0.2988192131075719,"Taucorr":0.0},"EnergyVariance":{"Mean":20.554865196106995,"Sigma":2.8476991581789357,"Taucorr":0.0},"Iteration":22},
{"Acceptance":[0.31123809523809526],"Energy":{"Mean":-6.227351386537713,"Sigma":0.3377601099279896,"Taucorr":0.0},"EnergyVariance":{"Mean":28.640513317053856,"Sigma":3.117792014534008,"Taucorr":1.1102230246251565e-16},"Iteration":23},
{"Acceptance":[0.29714285714285715],"Energy":{"Mean":-7.028382026885247,"Sigma":0.40211089833007674,"Taucorr":-2.7755575615628914e-17},"EnergyVariance":{"Mean":24.606791390825563,"Sigma":4.1366128345274165,"Taucorr":2.7755575615628914e-17},"Iteration":24},
{"Acceptance":[0.28495238095238096],"Energy":{"Mean":-8.602413879400888,"Sigma":0.3905743595712512,"Taucorr":-2.7755575615628914e-17},"EnergyVariance":{"Mean":21.808156693047255,"Sigma":2.74910795193504,"Taucorr":0.0},"Iteration":25},
{"Acceptance":[0.25523809523809526],"Energy":{"Mean":-10.350077066775341,"Sigma":0.3236400688033594,"Taucorr":5.551115123125783e-17},"EnergyVariance":{"Mean":17.251237224928488,"Sigma":1.6275781242802554,"Taucorr":0.0},"Iteration":26},
{"Acceptance":[0.21485714285714286],"Energy":{"Mean":-10.273724392540483,"Sigma":0.38715537273360906,"Taucorr":0.0},"EnergyVariance":{"Mean":23.135963404704878,"Sigma":2.5702136684177983,"Taucorr":-2.7755575615628914e-17},"Iteration":27},
{"Acceptance":[0.19123809523809523],"Energy":{"Mean":-11.846617803823984,"Sigma":0.3472710689324689,"Taucorr":-5.551115123125783e-17},"EnergyVariance":{"Mean":18.928684857980006,"Sigma":3.940193886609529,"Taucorr":-2.7755575615628914e-17},"Iteration":28},
{"Acceptance":[0.17714285714285713],"Energy":{"Mean":-12.24389838585027,"Sigma":0.34772096158406424,"Taucorr":0.0},"EnergyVariance":{"Mean":20.2583979017869,"Sigma":3.9940295316345074,"Taucorr":5.551115123125783e-17},"Iteration":29},
{"Acceptance":[0.08685714285714285],"Energy":{"Mean":-13.074808574318588,"Sigma":0.25386503707896874,"Taucorr":-2.7755575615628914e-17},"EnergyVariance":{"Mean":9.247219211434103,"Sigma":1.3571042080461213,"Taucorr":1.6653345369377348e-16},"Iteration":30},
{"Acceptance":[0.08685714285714285],"Energy":{"Mean":-12.943573374702444,"Sigma":0.2904777121732662,"Taucorr":-8.326672684688674e-17},"EnergyVariance":{"Mean":11.414310015955596,"Sigma":4.583538537422982,"Taucorr":2.7755575615628914e-17},"Iteration":31},
{"Acceptance":[0.06704761904761905],"Energy":{"Mean":-12.729681840847451,"Sigma":0.24792340912920968,"Taucorr":8.326672684688674e-17},"EnergyVariance":{"Mean":8.747153536516851,"Sigma":2.5124812618622565,"Taucorr":0.0},"Iteration":32},
{"Acceptance":[0.06971428571428571],"Energy":{"Mean":-12.531900492330054,"Sigma":0.13116920923356062,"Taucorr":5.551115123125783e-17},"EnergyVariance":{"Mean":3.933402937281239,"Sigma":1.0238535845179813,"Taucorr":5.551115123125783e-17},"Iteration":33},
{"Acceptance":[0.05409523809523809],"Energy":{"Mean":-12.394903136544261,"Sigma":0.11590467844104371,"Taucorr":5.551115123125783e-17},"EnergyVariance":{"Mean":2.425946471570793,"Sigma":0.6799419553505843,"Taucorr":5.551115123125783e-17},"Iteration":34},
{"Acceptance":[0.03580952380952381],"Energy":{"Mean":-12.405978453589103,"Sigma":0.10835504804343488,"Taucorr":-1.6653345369377348e-16},"EnergyVariance":{"Mean":2.1854863463341934,"Sigma":0.766566846682335,"Taucorr":0.0},"Iteration":35},
{"Acceptance":[0.056],"Energy":{"Mean":-12.555106122852358,"Sigma":0.11406911668146048,"Taucorr":-2.7755575615628914e-17},"EnergyVariance":{"Mean":2.2087032520204097,"Sigma":0.7127635357821773,"Taucorr":-8.326672684688674e-17},"Iteration":36},
{"Acceptance":[0.04609523809523809],"Energy":{"Mean":-12.670211265638866,"Sigma":0.12191195937649325,"Taucorr":0.0},"EnergyVariance":{"Mean":2.9353791561915896,"Sigma":0.7234020121423345,"Taucorr":5.551115123125783e-17},"Iteration":37},
{"Acceptance":[0.044571428571428574],"Energy":{"Mean":-13.126452148882272,"Sigma":0.17473630916799807,"Taucorr":-8.326672684688674e-17},"EnergyVariance":{"Mean":5.838154003505648,"Sigma":3.5019685227722634,"Taucorr":5.551115123125783e-17},"Iteration":38},
{"Acceptance":[0.0499047619047619],"Energy":{"Mean":-12.814621465968624,"Sigma":0.1437326450314651,"Taucorr":5.551115123125783e-17},"EnergyVariance":{"Mean":3.0597834961747865,"Sigma":0.6155346948233799,"Taucorr":0.0},"Iteration":39},
{"Acceptance":[0.07352380952380952],"Energy":{"Mean":-13.982770330144819,"Sigma":0.1866785389352633,"Taucorr":8.326672684688674e-17},"EnergyVariance":{"Mean":5.383606538418587,"Sigma":0.4978878254833947,"Taucorr":-2.7755575615628914e-17},"Iteration":40},
{"Acceptance":[0.08076190476190476],"Energy":{"Mean":-12.980351034335111,"Sigma":0.17385061355804252,"Taucorr":-2.7755575615628914e-17},"EnergyVariance":{"Mean":3.3082999953341634,"Sigma":0.6451037270070034,"Taucorr":-8.326672684688674e-17},"Iteration":41},
{"Acceptance":[0.09638095238095239],"Energy":{"Mean":-13.537737001858467,"Sigma":0.23328074066795157,"Taucorr":-5.551115123125783e-17},"EnergyVariance":{"Mean":10.377414456779638,"Sigma":1.9460052442508466,"Taucorr":0.0},"Iteration":42},
{"Acceptance":[0.08495238095238095],"Energy":{"Mean":-13.268743301859088,"Sigma":0.2901677202939217,"Taucorr":-5.551115123125783e-17},"EnergyVariance":{"Mean":14.67340562030185,"Sigma":7.446738443771671,"Taucorr":-2.7755575615628914e-17},"Iteration":43},
{"Acceptance":[0.11504761904761905],"Energy":{"Mean":-13.334508252334043,"Sigma":0.189698497777498,"Taucorr":-2.7755575615628914e-17},"EnergyVariance":{"Mean":4.661805702916302,"Sigma":0.7497663471214207,"Taucorr":-2.7755575615628914e-17},"Iteration":44},
{"Acceptance":[0.11466666666666667],"Energy":{"Mean":-14.109717272159635,"Sigma":0.24414483075647922,"Taucorr":0.0},"EnergyVariance":{"Mean":10.999859037931039,"Sigma":3.905414109412357,"Taucorr":5.551115123125783e-17},"Iteration":45},
{"Acceptance":[0.11123809523809523],"Energy":{"Mean":-13.847485845850438,"Sigma":0.189306498646471,"Taucorr":-8.326672684688674e-17},"EnergyVariance":{"Mean":5.094810920048328,"Sigma":0.5992902457237761,"Taucorr":-5.551115123125783e-17},"Iteration":46},
{"Acceptance":[0.11657142857142858],"Energy":{"Mean":-13.608008995583418,"Sigma":0.29227001627535765,"Taucorr":-8.326672684688674e-17},"EnergyVariance":{"Mean":28.2719678750204,"Sigma":14.230093915747783,"Taucorr":-5.551115123125783e-17},"Iteration":47},
{"Acceptance":[0.12],"Energy":{"Mean":-13.786341929163877,"Sigma":0.3552090280265977,"Taucorr":0.0},"EnergyVariance":{"Mean":17.67554405655097,"Sigma":12.036719795402917,"Taucorr":0.0},"Iteration":48},
{"Acceptance":[0.12152380952380952],"Energy":{"Mean":-13.702205391856038,"Sigma":0.2747703660629366,"Taucorr":-5.551115123125783e-17},"EnergyVariance":{"Mean":14.859962242682407,"Sigma":3.524377917658443,"Taucorr":-2.7755575615628914e-17},"Iteration":49},
{"Acceptance":[0.1260952380952381],"Energy":{"Mean":-13.791291718776296,"Sigma":0.21322582893436165,"Taucorr":0.0},"EnergyVariance":{"Mean":17.974904021537213,"Sigma":12.107544785854333,"Taucorr":-2.7755575615628914e-17},"Iteration":50},
{"Acceptance":[0.10514285714285715],"Energy":{"Mean":-14.472270664003997,"Sigma":0.23732024630013937,"Taucorr":5.551115123125783e-17},"EnergyVariance":{"Mean":6.594031682693487,"Sigma":0.8365349583526591,"Taucorr":5.551115123125783e-17},"Iteration":51},
{"Acceptance":[0.1100952380952381],"Energy":{"Mean":-14.365615653237093,"Sigma":0.2394233389576935,"Taucorr":0.0},"EnergyVariance":{"Mean":9.590870358794785,"Sigma":2.107846648040093,"Taucorr":-2.7755575615628914e-17},"Iteration":52},
{"Acceptance":[0.09485714285714286],"Energy":{"Mean":-14.733970163042073,"Sigma":0.669380796884137,"Taucorr":1.1102230246251565e-16},"EnergyVariance":{"Mean":55.37782238318325,"Sigma":24.326806396269035,"Taucorr":0.0},"Iteration":53},
{"Acceptance":[0.1020952380952381],"Energy":{"Mean":-14.693386496359423,"Sigma":0.33537500726234265,"Taucorr":0.0},"EnergyVariance":{"Mean":61.339031343960094,"Sigma":26.8043455153537,"Taucorr":-5.551115123125783e-17},"Iteration":54},
{"Acceptance":[0.0998095238095238],"Energy":{"Mean":-14.711522277168978,"Sigma":0.1809667498892534,"Taucorr":0.0},"EnergyVariance":{"Mean":9.408919962156798,"Sigma":3.247129953239605,"Taucorr":0.0},"Iteration":55},
{"Acceptance":[0.07847619047619048],"Energy":{"Mean":-16.13136311291785,"Sigma":0.5720465394231841,"Taucorr":0.0},"EnergyVariance":{"Mean":34.34570086656607,"Sigma":30.55308146741516,"Taucorr":-2.7755575615628914e-17},"Iteration":56},
{"Acceptance":[0.07809523809523809],"Energy":{"Mean":-15.193661498099623,"Sigma":0.1984152931757277,"Taucorr":5.551115123125783e-17},"EnergyVariance":{"Mean":4.666475615392978,"Sigma":0.6220145362050096,"Taucorr":0.0},"Iteration":57},
{"Acceptance":[0.05523809523809524],"Energy":{"Mean":-14.854453140947697,"Sigma":0.48200455361964756,"Taucorr":0.0},"EnergyVariance":{"Mean":23.78064150111949,"Sigma":18.994847657295107,"Taucorr":-2.7755575615628914e-17},"Iteration":58},
{"Acceptance":[0.06095238095238095],"Energy":{"Mean":-14.722950249058275,"Sigma":0.2125713481515293,"Taucorr":-1.6653345369377348e-16},"EnergyVariance":{"Mean":5.36201746629718,"Sigma":0.7372315530354993,"Taucorr":0.0},"Iteration":59},
{"Acceptance":[0.0678095238095238],"Energy":{"Mean":-15.497609783041685,"Sigma":0.30798925210265454,"Taucorr":-8.326672684688674e-17},"EnergyVariance":{"Mean":12.716357687360869,"Sigma":4.9601616528593295,"Taucorr":0.0},"Iteration":60},
{"Acceptance":[0.06285714285714286],"Energy":{"Mean":-15.608247594140185,"Sigma":0.2282066356713545,"Taucorr":-2.7755575615628914e-17},"EnergyVariance":{"Mean":13.896252605044282,"Sigma":4.680790163631019,"Taucorr":1.1102230246251565e-16},"Iteration":61},
{"Acceptance":[0.058666666666666666],"Energy":{"Mean":-15.429795963135152,"Sigma":0.17675739557956102,"Taucorr":2.7755575615628914e-17},"EnergyVariance":{"Mean":4.138874702310497,"Sigma":0.5946586458508696,"Taucorr":1.1102230246251565e-16},"Iteration":62},
{"Acceptance":[0.056],"Energy":{"Mean":-15.990374149084499,"Sigma":0.2656720415942936,"Taucorr":0.0},"EnergyVariance":{"Mean":11.109315864891117,"Sigma":7.121877429807377,"Taucorr":-2.7755575615628914e-17},"Iteration":63},
{"Acceptance":[0.04533333333333334],"Energy":{"Mean":-16.023976404669728,"Sigma":0.18406742132352721,"Taucorr":-8.326672684688674e-17},"EnergyVariance":{"Mean":3.6724416703278018,"Sigma":0.6684908607906743,"Taucorr":0.0},"Iteration":64},
{"Acceptance":[0.05714285714285714],"Energy":{"Mean":-15.911055073562588,"Sigma":0.15664926742221005,"Taucorr":-5.551115123125783e-17},"EnergyVariance":{"Mean":11.182233978004493,"Sigma":8.091332513269247,"Taucorr":0.0},"Iteration":65},
{"Acceptance":[0.057523809523809526],"Energy":{"Mean":-16.27869023378628,"Sigma":0.20124523579996714,"Taucorr":2.7755575615628914e-17},"EnergyVariance":{"Mean":4.948835287225012,"Sigma":0.8765444446107714,"Taucorr":-8.326672684688674e-17},"Iteration":66},
{"Acceptance":[0.06019047619047619],"Energy":{"Mean":-15.65885292074364,"Sigma":0.35059151658622884,"Taucorr":0.0},"EnergyVariance":{"Mean":30.438645846492477,"Sigma":10.50517667762386,"Taucorr":-2.7755575615628914e-17},"Iteration":67},
{"Acceptance":[0.06666666666666667],"Energy":{"Mean":-16.18277704470936,"Sigma":0.33053481559554826,"Taucorr":0.0},"EnergyVariance":{"Mean":12.496343760886722,"Sigma":3.21354083630065,"Taucorr":-2.7755575615628914e-17},"Iteration":68},
{"Acceptance":[0.06552380952380953],"Energy":{"Mean":-16.80536202563965,"Sigma":0.13710882148697126,"Taucorr":-2.7755575615628914e-17},"EnergyVariance":{"Mean":2.167725900403137,"Sigma":0.4055977447120548,"Taucorr":0.0},"Iteration":69},
{"Acceptance":[0.05980952380952381],"Energy":{"Mean":-15.844313355679787,"Sigma":0.17682901377233046,"Taucorr":-8.326672684688674e-17},"EnergyVariance":{"Mean":4.295094871346203,"Sigma":0.7498261702378122,"Taucorr":-5.551115123125783e-17},"Iteration":70},
{"Acceptance":[0.05180952380952381],"Energy":{"Mean":-15.764626103337758,"Sigma":0.18319896287272439,"Taucorr":2.7755575615628914e-17},"EnergyVariance":{"Mean":8.332933379714321,"Sigma":3.579657858397124,"Taucorr":1.1102230246251565e-16},"Iteration":71},
{"Acceptance":[0.05980952380952381],"Energy":{"Mean":-15.032648687295964,"Sigma":0.6369236905807526,"Taucorr":1.6653345369377348e-16},"EnergyVariance":{"Mean":151.8106737519701,"Sigma":142.72503381028358,"Taucorr":0.0},"Iteration":72},
{"Acceptance":[0.05638095238095238],"Energy":{"Mean":-16.761186335154623,"Sigma":0.41675784351745737,"Taucorr":1.1102230246251565e-16},"EnergyVariance":{"Mean":59.085751909404536,"Sigma":35.1320183719037,"Taucorr":-2.7755575615628914e-17},"Iteration":73},
{"Acceptance":[0.052571428571428575],"Energy":{"Mean":-15.611148155758555,"Sigma":0.20014469987926697,"Taucorr":2.7755575615628914e-17},"EnergyVariance":{"Mean":4.531092336501145,"Sigma":0.8102065071937228,"Taucorr":-2.7755575615628914e-17},"Iteration":74},
{"Acceptance":[0.06742857142857143],"Energy":{"Mean":-15.683398521142927,"Sigma":0.40572044253549416,"Taucorr":1.1102230246251565e-16},"EnergyVariance":{"Mean":52.6224092077484,"Sigma":22.496465571962492,"Taucorr":0.0},"Iteration":75},
{"Acceptance":[0.05333333333333334],"Energy":{"Mean":-16.427545517408788,"Sigma":0.2084451376892008,"Taucorr":2.7755575615628914e-17},"EnergyVariance":{"Mean":8.63566897816741,"Sigma":3.9181610524159574,"Taucorr":1.1102230246251565e-16},"Iteration":76},
{"Acceptance":[0.052571428571428575],"Energy":{"Mean":-16.634906286675886,"Sigma":0.16808137344705795,"Taucorr":0.0},"EnergyVariance":{"Mean":3.1613280242727546,"Sigma":0.6604506370094412,"Taucorr":-2.7755575615628914e-17},"Iteration":77},
{"Acceptance":[0.05142857142857143],"Energy":{"Mean":-16.19221804533593,"Sigma":0.18021978285786724,"Taucorr":0.0},"EnergyVariance":{"Mean":7.502455970307736,"Sigma":2.6664308727288493,"Taucorr":0.0},"Iteration":78},
{"Acceptance":[0.05676190476190476],"Energy":{"Mean":-16.833999502610634,"Sigma":0.4704982410016268,"Taucorr":0.0},"EnergyVariance":{"Mean":33.32194738393158,"Sigma":20.397755991606036,"Taucorr":0.0},"Iteration":79},
{"Acceptance":[0.06628571428571428],"Energy":{"Mean":-15.478100955998887,"Sigma":0.22351620108742984,"Taucorr":-5.551115123125783e-17},"EnergyVariance":{"Mean":7.534105364922337,"Sigma":3.3102832361937633,"Taucorr":5.551115123125783e-17},"Iteration":80},
{"Acceptance":[0.05409523809523809],"Energy":{"Mean":-15.887943729277758,"Sigma":0.42224136515113925,"Taucorr":-5.551115123125783e-17},"EnergyVariance":{"Mean":47.021067712598054,"Sigma":32.006811535779306,"Taucorr":-2.7755575615628914e-17},"Iteration":81},
{"Acceptance":[0.04228571428571429],"Energy":{"Mean":-16.207666923285977,"Sigma":0.32317619493630906,"Taucorr":0.0},"EnergyVariance":{"Mean":12.093492583431166,"Sigma":9.588568547587546,"Taucorr":5.551115123125783e-17},"Iteration":82},
{"Acceptance":[0.04342857142857143],"Energy":{"Mean":-18.099181023487205,"Sigma":0.5093101915420781,"Taucorr":1.1102230246251565e-16},"EnergyVariance":{"Mean":28.18749540839361,"Sigma":6.762675835352294,"Taucorr":-2.7755575615628914e-17},"Iteration":83},
{"Acceptance":[0.04876190476190476],"Energy":{"Mean":-16.79794153040601,"Sigma":0.15832269822371567,"Taucorr":-2.7755575615628914e-17},"EnergyVariance":{"Mean":2.5273091297518206,"Sigma":0.7120206765113779,"Taucorr":5.551115123125783e-17},"Iteration":84},
{"Acceptance":[0.04304761904761905],"Energy":{"Mean":-16.41712093587084,"Sigma":0.15183898615790323,"Taucorr":-2.7755575615628914e-17},"EnergyVariance":{"Mean":2.548870618525587,"Sigma":0.479103398542968,"Taucorr":5.551115123125783e-17},"Iteration":85},
{"Acceptance":[0.047619047619047616],"Energy":{"Mean":-16.537843618966154,"Sigma":0.13928720804373712,"Taucorr":-1.3877787807814457e-16},"EnergyVariance":{"Mean":2.024171469607537,"Sigma":0.32247611873919196,"Taucorr":-5.551115123125783e-17},"Iteration":86},
{"Acceptance":[0.045714285714285714],"Energy":{"Mean":-16.81868409612713,"Sigma":0.24720468000817178,"Taucorr":-2.7755575615628914e-17},"EnergyVariance":{"Mean":6.917256888391817,"Sigma":2.8202902891209205,"Taucorr":-2.7755575615628914e-17},"Iteration":87},
{"Acceptance":[0.0419047619047619],"Energy":{"Mean":-16.30734415210975,"Sigma":0.14416084532023135,"Taucorr":1.1102230246251565e-16},"EnergyVariance":{"Mean":2.0632209053073476,"Sigma":0.3432214607024799,"Taucorr":-2.7755575615628914e-17},"Iteration":88},
{"Acceptance":[0.04533333333333334],"Energy":{"Mean":-17.14174916560188,"Sigma":0.5718290792037091,"Taucorr":0.0},"EnergyVariance":{"Mean":50.7827800719858,"Sigma":27.004099113260498,"Taucorr":2.7755575615628914e-17},"Iteration":89},
{"Acceptance":[0.06666666666666667],"Energy":{"Mean":-15.835770387350244,"Sigma":0.28044349344593417,"Taucorr":5.551115123125783e-17},"EnergyVariance":{"Mean":8.849681344541848,"Sigma":2.8850901612330553,"Taucorr":2.7755575615628914e-17},"Iteration":90},
{"Acceptance":[0.05219047619047619],"Energy":{"Mean":-16.36424689570894,"Sigma":0.18833862794602474,"Taucorr":-1.1102230246251565e-16},"EnergyVariance":{"Mean":3.8679738511076383,"Sigma":1.1476025562060812,"Taucorr":5.551115123125783e-17},"Iteration":91},
{"Acceptance":[0.046476190476190476],"Energy":{"Mean":-16.457280062919036,"Sigma":0.16305194996338568,"Taucorr":1.1102230246251565e-16},"EnergyVariance":{"Mean":2.806792709417409,"Sigma":0.5256315665226198,"Taucorr":-5.551115123125783e-17},"Iteration":92},
{"Acceptance":[0.05561904761904762],"Energy":{"Mean":-16.49331959478137,"Sigma":0.12095074770055611,"Taucorr":3.3306690738754696e-16},"EnergyVariance":{"Mean":1.5048929961034025,"Sigma":0.2931374725219977,"Taucorr":5.551115123125783e-17},"Iteration":93},
{"Acceptance":[0.041523809523809525],"Energy":{"Mean":-16.487860500881904,"Sigma":0.15095207546338285,"Taucorr":2.7755575615628914e-17},"EnergyVariance":{"Mean":2.5084675871663866,"Sigma":0.5226456607676088,"Taucorr":0.0},"Iteration":94},
{"Acceptance":[0.0380952380952381],"Energy":{"Mean":-16.70355402231688,"Sigma":0.12507196487727154,"Taucorr":1.1102230246251565e-16},"EnergyVariance":{"Mean":1.7748567601385015,"Sigma":0.3771693091439748,"Taucorr":0.0},"Iteration":95},
{"Acceptance":[0.036571428571428574],"Energy":{"Mean":-16.530037168711175,"Sigma":0.12216104404391186,"Taucorr":1.942890293094024e-16},"EnergyVariance":{"Mean":1.6469460229635704,"Sigma":0.3469595394942144,"Taucorr":-2.7755575615628914e-17},"Iteration":96},
{"Acceptance":[0.04876190476190476],"Energy":{"Mean":-16.61029643773263,"Sigma":0.09070268256024229,"Taucorr":2.220446049250313e-16},"EnergyVariance":{"Mean":0.849074197582161,"Sigma":0.1503533036335643,"Taucorr":5.551115123125783e-17},"Iteration":97},
{"Acceptance":[0.045714285714285714],"Energy":{"Mean":-16.657987663024286,"Sigma":0.12702359738729463,"Taucorr":1.1102230246251565e-16},"EnergyVariance":{"Mean":1.926047496857385,"Sigma":0.4539122269804778,"Taucorr":-2.7755575615628914e-17},"Iteration":98},
{"Acceptance":[0.048],"Energy":{"Mean":-16.582357076975505,"Sigma":0.09495148985120054,"Taucorr":1.1102230246251565e-16},"EnergyVariance":{"Mean":0.9552028965698,"Sigma":0.13234698728924912,"Taucorr":0.0},"Iteration":99} 
]}
{"input": {"L": 20, "J": 1, "machine": {"type": "FFNN", "model": ["tanh", 34, 3]}, "sampler": {"type": "MetropolisHop", "d_max": 5}, "optimizer": {"type": "AdaMax", "alpha": 0.001, "beta1": 0.9, "beta2": 0.999, "epscut": 1e-07}, "VMC": {"n_samples": 100, "discarded_samples": 100, "discarded_samples_on_init": 0, "target": "energy", "method": "Gd", "diag_shift": 0.01, "use_iterative": true, "use_cholesky": true}, "n_iter": 100}}
duration: -2.387821674346924