{"Output": [
{"Acceptance":[0.9116666666666666],"Energy":{"Mean":6.907301390449937,"Sigma":0.2045800344699546,"Taucorr":0.007803523825094305},"EnergyVariance":{"Mean":3.970711007200663,"Sigma":0.6216696774610809,"Taucorr":0.023138860890092983},"Iteration":0},
{"Acceptance":[0.9077777777777778],"Energy":{"Mean":6.818638102414492,"Sigma":0.22244430175753754,"Taucorr":-0.05779570857911598},"EnergyVariance":{"Mean":5.417462384258922,"Sigma":0.9790394793615381,"Taucorr":0.21851321854427574},"Iteration":1},
{"Acceptance":[0.8738888888888889],"Energy":{"Mean":7.013697459189975,"Sigma":0.2890352986632179,"Taucorr":0.2644841785872908},"EnergyVariance":{"Mean":5.331592158648163,"Sigma":0.7592956580409111,"Taucorr":0.011269003519057907},"Iteration":2},
{"Acceptance":[0.8866666666666667],"Energy":{"Mean":6.7279627421747366,"Sigma":0.2116065359596791,"Taucorr":0.06606756813393078},"EnergyVariance":{"Mean":3.9499981983774974,"Sigma":0.6711419875446374,"Taucorr":0.20487340954136468},"Iteration":3},
{"Acceptance":[0.8744444444444445],"Energy":{"Mean":7.045778436537955,"Sigma":0.20235614830372586,"Taucorr":-0.12607362749918105},"EnergyVariance":{"Mean":5.4880988331073155,"Sigma":0.6061776585177509,"Taucorr":-0.14054870333800923},"Iteration":4},
{"Acceptance":[0.8572222222222222],"Energy":{"Mean":6.917125074758779,"Sigma":0.16148137876767213,"Taucorr":-0.1951913427855293},"EnergyVariance":{"Mean":4.3460015253516255,"Sigma":0.5810071574937966,"Taucorr":0.08474581626661892},"Iteration":5},
{"Acceptance":[0.8511111111111112],"Energy":{"Mean":7.154897795097631,"Sigma":0.24691095601557075,"Taucorr":0.16071698835401227},"EnergyVariance":{"Mean":4.74288880060673,"Sigma":0.7333131622483554,"Taucorr":0.058528891957849605},"Iteration":6},
{"Acceptance":[0.8361111111111111],"Energy":{"Mean":6.703759061213044,"Sigma":0.17158726317146747,"Taucorr":-0.0945487618286932},"EnergyVariance":{"Mean":3.849258469993585,"Sigma":0.5561691879191104,"Taucorr":0.057642361061768344},"Iteration":7},
{"Acceptance":[0.8272222222222222],"Energy":{"Mean":7.152641173557693,"Sigma":0.29656659185976275,"Taucorr":0.32058572797515505},"EnergyVariance":{"Mean":5.528460118815224,"Sigma":0.6657220550953025,"Taucorr":-0.09919639180221018},"Iteration":8},
{"Acceptance":[0.8477777777777777],"Energy":{"Mean":7.116369231467795,"Sigma":0.1866210776059746,"Taucorr":-0.14958736683551277},"EnergyVariance":{"Mean":5.311801478935826,"Sigma":0.6816728862288256,"Taucorr":0.08166845950111801},"Iteration":9},
{"Acceptance":[0.825],"Energy":{"Mean":6.867353988888906,"Sigma":0.2699690855073624,"Taucorr":0.2359351762538825},"EnergyVariance":{"Mean":5.16546977416026,"Sigma":0.6305734213616989,"Taucorr":-0.14715957266412705},"Iteration":10},
{"Acceptance":[0.8211111111111111],"Energy":{"Mean":6.701854945901843,"Sigma":0.22644645478732242,"Taucorr":-0.0293831966462767},"EnergyVariance":{"Mean":5.736669068990722,"Sigma":0.7259608050328367,"Taucorr":-0.04730847161687385},"Iteration":11},
{"Acceptance":[0.8166666666666667],"Energy":{"Mean":6.545859528732276,"Sigma":0.23762847931537143,"Taucorr":0.09499195712645991},"EnergyVariance":{"Mean":5.434478120969527,"Sigma":0.4753651833285962,"Taucorr":-0.2571299667740195},"Iteration":12},
{"Acceptance":[0.8055555555555556],"Energy":{"Mean":6.685903122734563,"Sigma":0.21043130403490445,"Taucorr":0.06122398754849556},"EnergyVariance":{"Mean":4.682251809812982,"Sigma":0.5208450964083524,"Taucorr":-0.1158857578162849},"Iteration":13},
{"Acceptance":[0.8161111111111111],"Energy":{"Mean":6.506723930081118,"Sigma":0.14796075441883713,"Taucorr":-0.25315431771555597},"EnergyVariance":{"Mean":5.233344113206923,"Sigma":0.7239853329027717,"Taucorr":0.06605434768809937},"Iteration":14},
{"Acceptance":[0.7994444444444444],"Energy":{"Mean":6.736596520116994,"Sigma":0.26791157662311654,"Taucorr":0.2472841091519823},"EnergyVariance":{"Mean":5.46921350503973,"Sigma":0.49326205527202743,"Taucorr":-0.20302755577536585},"Iteration":15},
{"Acceptance":[0.7666666666666667],"Energy":{"Mean":6.204790142348925,"Sigma":0.1997116424739876,"Taucorr":-0.008080853070689564},"EnergyVariance":{"Mean":5.082893086251557,"Sigma":0.6060455377046459,"Taucorr":0.182898961541494},"Iteration":16},
{"Acceptance":[0.7766666666666666],"Energy":{"Mean":6.498804033060796,"Sigma":0.20650776803557785,"Taucorr":-0.015616640346951705},"EnergyVariance":{"Mean":5.427568988604652,"Sigma":0.6085931682625834,"Taucorr":0.11837376375418873},"Iteration":17},
{"Acceptance":[0.7733333333333333],"Energy":{"Mean":6.377275684978912,"Sigma":0.24219924348446614,"Taucorr":0.1223999983433458},"EnergyVariance":{"Mean":5.9436460648933025,"Sigma":0.6806760967514831,"Taucorr":-0.076787690837405},"Iteration":18},
{"Acceptance":[0.7722222222222223],"Energy":{"Mean":5.799363750851361,"Sigma":0.2795470934954027,"Taucorr":0.15710032708449095},"EnergyVariance":{"Mean":7.152751930030333,"Sigma":0.47819201869312816,"Taucorr":-0.2811301171487043},"Iteration":19},
{"Acceptance":[0.7572222222222222],"Energy":{"Mean":5.755775492517494,"Sigma":0.2821207241657681,"Taucorr":0.19389590618975783},"EnergyVariance":{"Mean":6.999071478368029,"Sigma":0.8534919296638429,"Taucorr":0.12680455438503113},"Iteration":20},
{"Acceptance":[0.75],"Energy":{"Mean":5.9282815148721015,"Sigma":0.206153529831193,"Taucorr":-0.04607236600919856},"EnergyVariance":{"Mean":6.235106511860539,"Sigma":0.6466737245688992,"Taucorr":0.04457585233227024},"Iteration":21},
{"Acceptance":[0.7466666666666667],"Energy":{"Mean":6.033949146100321,"Sigma":0.218980428591186,"Taucorr":-0.036027324580575226},"EnergyVariance":{"Mean":6.420841261869808,"Sigma":0.8605398969985502,"Taucorr":0.08476859854642538},"Iteration":22},
{"Acceptance":[0.7422222222222222],"Energy":{"Mean":6.431254287597633,"Sigma":0.1632415395731791,"Taucorr":-0.25451871958978767},"EnergyVariance":{"Mean":7.2724866085603646,"Sigma":0.769012919309258,"Taucorr":-0.09483642283079097},"Iteration":23},
{"Acceptance":[0.7172222222222222],"Energy":{"Mean":5.8669581766093675,"Sigma":0.2853237392568711,"Taucorr":0.05667540073351096},"EnergyVariance":{"Mean":8.720993717743248,"Sigma":0.9363264342812183,"Taucorr":-0.15994013275162067},"Iteration":24},
{"Acceptance":[0.7077777777777777],"Energy":{"Mean":5.534862972644054,"Sigma":0.2845995221815947,"Taucorr":0.005976787860307864},"EnergyVariance":{"Mean":9.661717667463932,"Sigma":1.2552141238927155,"Taucorr":0.0999846813842229},"Iteration":25},
{"Acceptance":[0.7],"Energy":{"Mean":5.406601248169661,"Sigma":0.29945041821722185,"Taucorr":0.23489424079975185},"EnergyVariance":{"Mean":7.847348739709119,"Sigma":0.8327299213857917,"Taucorr":0.06581208771926927},"Iteration":26},
{"Acceptance":[0.7133333333333334],"Energy":{"Mean":5.691682876935906,"Sigma":0.2572388568452598,"Taucorr":0.10424112656069373},"EnergyVariance":{"Mean":7.679549067943918,"Sigma":0.8966519253845011,"Taucorr":0.09299027690033035},"Iteration":27},
{"Acceptance":[0.7077777777777777],"Energy":{"Mean":5.561094898949827,"Sigma":0.25960602584826586,"Taucorr":0.19469595831110142},"EnergyVariance":{"Mean":6.8894546178440095,"Sigma":0.8146058071988052,"Taucorr":0.25711240475227803},"Iteration":28},
{"Acceptance":[0.7005555555555556],"Energy":{"Mean":4.917048593101615,"Sigma":0.22213345939061752,"Taucorr":-0.047832378461405534},"EnergyVariance":{"Mean":8.078082418113317,"Sigma":0.8649301322819636,"Taucorr":0.012807584264639238},"Iteration":29},
{"Acceptance":[0.6661111111111111],"Energy":{"Mean":4.71693156401906,"Sigma":0.2751283207537373,"Taucorr":0.034329009601599236},"EnergyVariance":{"Mean":9.081461353923187,"Sigma":0.8690058276508132,"Taucorr":-0.08814274903501967},"Iteration":30},
{"Acceptance":[0.6716666666666666],"Energy":{"Mean":4.977704293583767,"Sigma":0.3068398312190655,"Taucorr":0.2824121712755391},"EnergyVariance":{"Mean":8.84325109801207,"Sigma":0.8753387317730671,"Taucorr":0.008295599068115611},"Iteration":31},
{"Acceptance":[0.6705555555555556],"Energy":{"Mean":5.067741282966833,"Sigma":0.35393130057547373,"Taucorr":0.32286990019999595},"EnergyVariance":{"Mean":9.915567890511989,"Sigma":1.181240917792111,"Taucorr":0.029222358472933863},"Iteration":32},
{"Acceptance":[0.6511111111111111],"Energy":{"Mean":4.702050590081518,"Sigma":0.3164816848057294,"Taucorr":0.32713011629379585},"EnergyVariance":{"Mean":9.144269427384826,"Sigma":0.7168546078271248,"Taucorr":-0.12193823353596622},"Iteration":33},
{"Acceptance":[0.6622222222222223],"Energy":{"Mean":5.073383507598735,"Sigma":0.3076049537083984,"Taucorr":0.27206608827940937},"EnergyVariance":{"Mean":8.22344213565717,"Sigma":0.9896182939873845,"Taucorr":0.06912130345747336},"Iteration":34},
{"Acceptance":[0.645],"Energy":{"Mean":4.695805155533944,"Sigma":0.2870167257492758,"Taucorr":0.25477972771359203},"EnergyVariance":{"Mean":8.76685892772257,"Sigma":0.8702495045847202,"Taucorr":-0.02969959103592751},"Iteration":35},
{"Acceptance":[0.6027777777777777],"Energy":{"Mean":3.844434344486502,"Sigma":0.2986064582396736,"Taucorr":0.24084568490012992},"EnergyVariance":{"Mean":8.336283032846051,"Sigma":0.8184905119663602,"Taucorr":-0.07652658961998354},"Iteration":36},
{"Acceptance":[0.6394444444444445],"Energy":{"Mean":4.259692273800003,"Sigma":0.26654075823712725,"Taucorr":0.14228675415631964},"EnergyVariance":{"Mean":9.123360936386831,"Sigma":0.8268848072729705,"Taucorr":-0.08320746711962507},"Iteration":37},
{"Acceptance":[0.6266666666666667],"Energy":{"Mean":4.028243963416159,"Sigma":0.29149506877376324,"Taucorr":0.13395236046089665},"EnergyVariance":{"Mean":8.984372177226383,"Sigma":0.9418711339217812,"Taucorr":-0.03177774762453517},"Iteration":38},
{"Acceptance":[0.605],"Energy":{"Mean":3.3959523759333017,"Sigma":0.3465260399947479,"Taucorr":0.21161055324770728},"EnergyVariance":{"Mean":12.855890019877908,"Sigma":1.0731814255001524,"Taucorr":-0.04048993624926317},"Iteration":39},
{"Acceptance":[0.6077777777777778],"Energy":{"Mean":3.5972446134811644,"Sigma":0.2663401073936925,"Taucorr":-0.0014524906142501792},"EnergyVariance":{"Mean":10.446714943670793,"Sigma":1.3007516424786782,"Taucorr":0.027067289420991347},"Iteration":40},
{"Acceptance":[0.5977777777777777],"Energy":{"Mean":3.6259726553785683,"Sigma":0.3508419493572233,"Taucorr":0.32434232592392953},"EnergyVariance":{"Mean":11.292679152198012,"Sigma":1.093708798766906,"Taucorr":0.05988428389452993},"Iteration":41},
{"Acceptance":[0.6016666666666667],"Energy":{"Mean":2.9401449481458126,"Sigma":0.2692283200293067,"Taucorr":0.13776752282169435},"EnergyVariance":{"Mean":8.35962156319057,"Sigma":1.0218219682428347,"Taucorr":-0.03495468369548538},"Iteration":42},
{"Acceptance":[0.5766666666666667],"Energy":{"Mean":3.6711088429973087,"Sigma":0.36048642267927183,"Taucorr":0.3936860814152071},"EnergyVariance":{"Mean":10.37073221580434,"Sigma":1.3840231420486973,"Taucorr":0.254196562832843},"Iteration":43},
{"Acceptance":[0.5683333333333334],"Energy":{"Mean":2.7806042091444794,"Sigma":0.3348559615278921,"Taucorr":0.3092742629296842},"EnergyVariance":{"Mean":10.004753321776475,"Sigma":1.1312762157070624,"Taucorr":0.07591851859465182},"Iteration":44},
{"Acceptance":[0.5583333333333333],"Energy":{"Mean":2.9313873079466655,"Sigma":0.34744986717760423,"Taucorr":0.2574820192231737},"EnergyVariance":{"Mean":11.362073971101804,"Sigma":1.1558295544321866,"Taucorr":-0.07280293400821725},"Iteration":45},
{"Acceptance":[0.55],"Energy":{"Mean":3.194769144078576,"Sigma":0.24879753203909588,"Taucorr":-0.016470306194094397},"EnergyVariance":{"Mean":10.883351171407504,"Sigma":1.0657425644080716,"Taucorr":-0.10134442994044446},"Iteration":46},
{"Acceptance":[0.5672222222222222],"Energy":{"Mean":2.7217290536641983,"Sigma":0.36128540577816304,"Taucorr":0.2837694699818899},"EnergyVariance":{"Mean":12.07563344587122,"Sigma":1.4594839868575278,"Taucorr":0.09434493836668423},"Iteration":47},
{"Acceptance":[0.5383333333333333],"Energy":{"Mean":2.42488957647284,"Sigma":0.33088011317638283,"Taucorr":0.44091509857105704},"EnergyVariance":{"Mean":10.07651157811876,"Sigma":1.2983546952021316,"Taucorr":0.011854088873246571},"Iteration":48},
{"Acceptance":[0.5533333333333333],"Energy":{"Mean":2.3913519414061084,"Sigma":0.3521805110257204,"Taucorr":0.22744053438679024},"EnergyVariance":{"Mean":12.271898877803945,"Sigma":1.8367710306832812,"Taucorr":-0.03091959643788711},"Iteration":49},
{"Acceptance":[0.5077777777777778],"Energy":{"Mean":1.8194016587257895,"Sigma":0.2992709075272257,"Taucorr":0.2873301308050221},"EnergyVariance":{"Mean":10.322665110434261,"Sigma":1.0762969652063508,"Taucorr":0.07710247474281284},"Iteration":50},
{"Acceptance":[0.5111111111111111],"Energy":{"Mean":1.939615199509552,"Sigma":0.3105975697828933,"Taucorr":0.12319090156899137},"EnergyVariance":{"Mean":12.562362338011312,"Sigma":1.5006307803459953,"Taucorr":0.16288229513942665},"Iteration":51},
{"Acceptance":[0.5083333333333333],"Energy":{"Mean":2.1581014292305865,"Sigma":0.3662253742030376,"Taucorr":0.3144926406012827},"EnergyVariance":{"Mean":13.710292580305778,"Sigma":2.273577506678672,"Taucorr":0.38267357136959557},"Iteration":52},
{"Acceptance":[0.4955555555555556],"Energy":{"Mean":2.2384127348525764,"Sigma":0.31294976516430906,"Taucorr":0.12648871352666125},"EnergyVariance":{"Mean":13.563094064101113,"Sigma":1.2373845079958246,"Taucorr":-0.08582061979473626},"Iteration":53},
{"Acceptance":[0.49833333333333335],"Energy":{"Mean":1.816419370071692,"Sigma":0.27861959220273497,"Taucorr":0.051388103754667847},"EnergyVariance":{"Mean":11.518688034254522,"Sigma":1.5125953354595958,"Taucorr":0.0203305008409409},"Iteration":54},
{"Acceptance":[0.4772222222222222],"Energy":{"Mean":0.9836179611332254,"Sigma":0.2733427429090856,"Taucorr":0.05773036900485573},"EnergyVariance":{"Mean":10.569546423220983,"Sigma":1.4945806282697918,"Taucorr":0.14257487434707106},"Iteration":55},
{"Acceptance":[0.4638888888888889],"Energy":{"Mean":1.0816861167676588,"Sigma":0.33391862650754456,"Taucorr":0.2761701161658917},"EnergyVariance":{"Mean":11.512571392802853,"Sigma":1.3683824020095317,"Taucorr":0.04160709434254295},"Iteration":56},
{"Acceptance":[0.4638888888888889],"Energy":{"Mean":1.176977573626116,"Sigma":0.3337222311070483,"Taucorr":0.36321725742527344},"EnergyVariance":{"Mean":12.190845677560812,"Sigma":1.396052337526675,"Taucorr":0.028229296395780312},"Iteration":57},
{"Acceptance":[0.4738888888888889],"Energy":{"Mean":1.3293325895026689,"Sigma":0.361661035730013,"Taucorr":0.2943625495164671},"EnergyVariance":{"Mean":13.353899603711396,"Sigma":1.6247854093580782,"Taucorr":0.043198300696758674},"Iteration":58},
{"Acceptance":[0.4672222222222222],"Energy":{"Mean":1.2364051011467114,"Sigma":0.3749722310618953,"Taucorr":0.21906865224897631},"EnergyVariance":{"Mean":15.75135086563382,"Sigma":2.5563351577900737,"Taucorr":0.047987929499795356},"Iteration":59},
{"Acceptance":[0.45666666666666667],"Energy":{"Mean":-0.15771025647897546,"Sigma":0.2337844203198218,"Taucorr":0.04755050202005251},"EnergyVariance":{"Mean":9.026578462072488,"Sigma":1.0441232460705474,"Taucorr":-0.027092426114767698},"Iteration":60},
{"Acceptance":[0.4588888888888889],"Energy":{"Mean":0.3259509847500229,"Sigma":0.35851932229080025,"Taucorr":0.3814481201360229},"EnergyVariance":{"Mean":11.669347155658695,"Sigma":1.3787267620295807,"Taucorr":-0.004375194758988121},"Iteration":61},
{"Acceptance":[0.41555555555555557],"Energy":{"Mean":-0.01782328336514875,"Sigma":0.3189297829716271,"Taucorr":0.2883325386477156},"EnergyVariance":{"Mean":10.438453850344933,"Sigma":1.1969034288114184,"Taucorr":0.07796306987302193},"Iteration":62},
{"Acceptance":[0.4111111111111111],"Energy":{"Mean":-0.9879998096552661,"Sigma":0.3635935278606758,"Taucorr":0.5821569653848189},"EnergyVariance":{"Mean":9.626312679108851,"Sigma":1.2946266343067454,"Taucorr":0.12995806323030545},"Iteration":63},
{"Acceptance":[0.4305555555555556],"Energy":{"Mean":0.025628734633040495,"Sigma":0.38352007891341466,"Taucorr":0.4062485517022332},"EnergyVariance":{"Mean":12.262836189363595,"Sigma":2.064147458965048,"Taucorr":0.11597808131161469},"Iteration":64},
{"Acceptance":[0.3972222222222222],"Energy":{"Mean":-0.8077647223912869,"Sigma":0.3664788218033104,"Taucorr":0.301784675253727},"EnergyVariance":{"Mean":12.244621682576184,"Sigma":1.6941969304610993,"Taucorr":0.18900773310719343},"Iteration":65},
{"Acceptance":[0.4211111111111111],"Energy":{"Mean":0.06045670862148169,"Sigma":0.4160346164263528,"Taucorr":0.46993092116891133},"EnergyVariance":{"Mean":15.861038136689839,"Sigma":2.4511580470067833,"Taucorr":0.0035162463599962557},"Iteration":66},
{"Acceptance":[0.33611111111111114],"Energy":{"Mean":-1.0159232708216748,"Sigma":0.3391898383671154,"Taucorr":0.4315245154549757},"EnergyVariance":{"Mean":9.364565549335321,"Sigma":1.1906041344467095,"Taucorr":-0.05449624769235634},"Iteration":67},
{"Acceptance":[0.20833333333333334],"Energy":{"Mean":-2.271184965893091,"Sigma":0.34394972677932745,"Taucorr":0.5823715087419281},"EnergyVariance":{"Mean":9.56932638150495,"Sigma":2.604212155390815,"Taucorr":0.005816616036762534},"Iteration":68},
{"Acceptance":[0.1922222222222222],"Energy":{"Mean":-2.655923928996059,"Sigma":0.4693575171387067,"Taucorr":1.0486056007054518},"EnergyVariance":{"Mean":8.626049802212588,"Sigma":3.13990890754622,"Taucorr":0.6969941592201034},"Iteration":69},
{"Acceptance":[0.20333333333333334],"Energy":{"Mean":-3.3602102521974286,"Sigma":0.27256978150241157,"Taucorr":0.5472592491497359},"EnergyVariance":{"Mean":7.18556071957746,"Sigma":3.23246302728973,"Taucorr":0.22593682078602784},"Iteration":70},
{"Acceptance":[0.1988888888888889],"Energy":{"Mean":-2.654202215567289,"Sigma":0.34357831376679243,"Taucorr":1.0133680626590875},"EnergyVariance":{"Mean":6.060001506776023,"Sigma":1.2257720241846854,"Taucorr":0.5190233584569026},"Iteration":71},
{"Acceptance":[0.14166666666666666],"Energy":{"Mean":-2.155127508231777,"Sigma":0.4740796602521134,"Taucorr":0.8909947392303219},"EnergyVariance":{"Mean":20.006925331891424,"Sigma":7.905397339022926,"Taucorr":0.033229366431566154},"Iteration":72},
{"Acceptance":[0.11722222222222223],"Energy":{"Mean":-2.946261322612692,"Sigma":0.33922099148533597,"Taucorr":0.8967348062032094},"EnergyVariance":{"Mean":15.324291309970855,"Sigma":7.272716128187842,"Taucorr":0.09572060082953948},"Iteration":73},
{"Acceptance":[0.11888888888888889],"Energy":{"Mean":-3.826347031970465,"Sigma":0.128597758496673,"Taucorr":0.23062814965987166},"EnergyVariance":{"Mean":2.7087039133871538,"Sigma":1.9811057401921395,"Taucorr":0.3460353599689623},"Iteration":74},
{"Acceptance":[0.14333333333333334],"Energy":{"Mean":-3.3438231056936294,"Sigma":0.2463153195621296,"Taucorr":0.4036457665808596},"EnergyVariance":{"Mean":18.413925234250673,"Sigma":14.08032632517809,"Taucorr":0.1379636833342901},"Iteration":75},
{"Acceptance":[0.07555555555555556],"Energy":{"Mean":-3.5150622476833524,"Sigma":0.27396857657700413,"Taucorr":0.3138609082535635},"EnergyVariance":{"Mean":10.009028280474983,"Sigma":4.941935885059681,"Taucorr":0.4144403235702515},"Iteration":76},
{"Acceptance":[0.03],"Energy":{"Mean":-4.088740583251529,"Sigma":0.01864993507833057,"Taucorr":0.9327030506543972},"EnergyVariance":{"Mean":0.04456149317904039,"Sigma":0.01607315417344575,"Taucorr":1.0306423131966242},"Iteration":77},
{"Acceptance":[0.006666666666666667],"Energy":{"Mean":-4.059445138579805,"Sigma":0.006348301498126171,"Taucorr":-0.01665124884365754},"EnergyVariance":{"Mean":0.02136418728534823,"Sigma":0.005720838008831765,"Taucorr":-0.016651248843663535},"Iteration":78},
{"Acceptance":[0.043333333333333335],"Energy":{"Mean":-3.9882337392375007,"Sigma":0.1624194672600447,"Taucorr":0.19769853523453285},"EnergyVariance":{"Mean":7.3274529810145275,"Sigma":4.013114909404918,"Taucorr":0.014809610340294599},"Iteration":79},
{"Acceptance":[0.011666666666666667],"Energy":{"Mean":-4.021826059800684,"Sigma":0.020381534722263388,"Taucorr":0.007875717392727744},"EnergyVariance":{"Mean":0.050437269582663105,"Sigma":0.03810438186173385,"Taucorr":-0.004402885496872788},"Iteration":80},
{"Acceptance":[0.0044444444444444444],"Energy":{"Mean":-4.0416589808994825,"Sigma":0.051182438471790936,"Taucorr":0.7289415423032801},"EnergyVariance":{"Mean":0.11251674647666439,"Sigma":0.07755224444353905,"Taucorr":0.5105735752995233},"Iteration":81},
{"Acceptance":[0.0],"Energy":{"Mean":-4.0277339200298385,"Sigma":0.0,"Taucorr":null},"EnergyVariance":{"Mean":0.004063534466187318,"Sigma":0.0,"Taucorr":null},"Iteration":82},
{"Acceptance":[0.01888888888888889],"Energy":{"Mean":-3.9911178407952086,"Sigma":0.11779805674344959,"Taucorr":0.7618463570862166},"EnergyVariance":{"Mean":0.7128592740007957,"Sigma":0.6136118830835394,"Taucorr":0.7136028308288118},"Iteration":83},
{"Acceptance":[0.03111111111111111],"Energy":{"Mean":-4.106742008903589,"Sigma":0.2475307185122442,"Taucorr":0.07473881456324771},"EnergyVariance":{"Mean":44.3227143620753,"Sigma":42.44642957014418,"Taucorr":-0.0010575719895491442},"Iteration":84},
{"Acceptance":[0.0022222222222222222],"Energy":{"Mean":-4.034080920404244,"Sigma":0.049481249636351456,"Taucorr":0.8259041223151911},"EnergyVariance":{"Mean":0.09077369656189749,"Sigma":0.06067046284193492,"Taucorr":0.5458923284189376},"Iteration":85},
{"Acceptance":[0.0033333333333333335],"Energy":{"Mean":-3.8781173182522686,"Sigma":0.1076903837000746,"Taucorr":0.4691247457303853},"EnergyVariance":{"Mean":0.5766224181080635,"Sigma":0.49440935165315936,"Taucorr":0.3949038947917175},"Iteration":86},
{"Acceptance":[0.0011111111111111111],"Energy":{"Mean":-4.024676608775732,"Sigma":0.006997426585673782,"Taucorr":6.661338147750939e-16},"EnergyVariance":{"Mean":0.00587177979858654,"Sigma":0.004598083634509721,"Taucorr":0.0},"Iteration":87},
{"Acceptance":[0.0044444444444444444],"Energy":{"Mean":-4.256986577531462,"Sigma":0.34858165814973346,"Taucorr":0.06849468944439085},"EnergyVariance":{"Mean":19.907453743267688,"Sigma":19.525575221269136,"Taucorr":0.00019149652626804237},"Iteration":88},
{"Acceptance":[0.0],"Energy":{"Mean":-4.016613465769112,"Sigma":0.0,"Taucorr":null},"EnergyVariance":{"Mean":0.000803027538936536,"Sigma":0.0,"Taucorr":null},"Iteration":89},
{"Acceptance":[0.0022222222222222222],"Energy":{"Mean":-4.016547277872833,"Sigma":0.0,"Taucorr":null},"EnergyVariance":{"Mean":0.0006634134237486719,"Sigma":0.0,"Taucorr":null},"Iteration":90},
{"Acceptance":[0.0011111111111111111],"Energy":{"Mean":-4.049916309177608,"Sigma":0.026144066577128568,"Taucorr":0.7570888468809078},"EnergyVariance":{"Mean":0.21111653434645283,"Sigma":0.1634025886189776,"Taucorr":0.7570888468809074},"Iteration":91},
{"Acceptance":[0.0],"Energy":{"Mean":-4.016407819222986,"Sigma":0.0,"Taucorr":null},"EnergyVariance":{"Mean":0.0004755749164384721,"Sigma":0.0,"Taucorr":null},"Iteration":92},
{"Acceptance":[0.0011111111111111111],"Energy":{"Mean":-3.9973909241163916,"Sigma":0.01897020892346107,"Taucorr":-3.3306690738754696e-16},"EnergyVariance":{"Mean":0.03507903853542745,"Sigma":0.034307131499842096,"Taucorr":2.220446049250313e-16},"Iteration":93},
{"Acceptance":[0.0011111111111111111],"Energy":{"Mean":-4.023004072656682,"Sigma":0.006741905201524182,"Taucorr":2.220446049250313e-16},"EnergyVariance":{"Mean":0.004708134853758721,"Sigma":0.004303837483807064,"Taucorr":0.0},"Iteration":94},
{"Acceptance":[0.0],"Energy":{"Mean":-4.0161474265477155,"Sigma":0.0,"Taucorr":null},"EnergyVariance":{"Mean":0.00031588566004752067,"Sigma":0.0,"Taucorr":null},"Iteration":95},
{"Acceptance":[0.018333333333333333],"Energy":{"Mean":-4.589316428071414,"Sigma":0.5847613945002462,"Taucorr":-0.017570734912076613},"EnergyVariance":{"Mean":44.2962077262771,"Sigma":43.81824625651698,"Taucorr":0.0009610668088687602},"Iteration":96},
{"Acceptance":[0.028333333333333332],"Energy":{"Mean":-4.017143063804586,"Sigma":0.0,"Taucorr":null},"EnergyVariance":{"Mean":0.00024814576725581267,"Sigma":0.0,"Taucorr":null},"Iteration":97},
{"Acceptance":[0.0],"Energy":{"Mean":-4.01812244549861,"Sigma":0.0,"Taucorr":null},"EnergyVariance":{"Mean":0.00021910384168147772,"Sigma":0.0,"Taucorr":null},"Iteration":98},
{"Acceptance":[0.0],"Energy":{"Mean":-4.018977898810831,"Sigma":0.0,"Taucorr":null},"EnergyVariance":{"Mean":0.0001932641620831962,"Sigma":0.0,"Taucorr":null},"Iteration":99} 
]}
{"input": {"L": 8, "J": 1, "machine": {"type": "FFNN", "model": ["lncosh", 8, 3]}, "sampler": {"type": "MetropolisHop", "d_max": 5}, "optimizer": {"type": "AdaMax", "alpha": 0.001, "beta1": 0.9, "beta2": 0.999, "epscut": 1e-07}, "VMC": {"n_samples": 100, "discarded_samples": 100, "discarded_samples_on_init": 0, "target": "energy", "method": "Gd", "diag_shift": 0.01, "use_iterative": true, "use_cholesky": true}, "n_iter": 100}}
duration: -0.5035178661346436