{"Output": [
{"Acceptance":[0.8988888888888888],"Energy":{"Mean":7.430853740844114,"Sigma":0.19179306230983048,"Taucorr":0.031517577123182594},"EnergyVariance":{"Mean":3.319624109803159,"Sigma":0.38392945956175145,"Taucorr":-0.162800944551394},"Iteration":0},
{"Acceptance":[0.8794444444444445],"Energy":{"Mean":7.150757580540625,"Sigma":0.20501432656016727,"Taucorr":-0.027132524224078636},"EnergyVariance":{"Mean":4.3251148280438665,"Sigma":0.5232434747300923,"Taucorr":-0.13226471772178539},"Iteration":1},
{"Acceptance":[0.8477777777777777],"Energy":{"Mean":6.8861691894269015,"Sigma":0.21289628082030948,"Taucorr":0.08907193787813128},"EnergyVariance":{"Mean":3.879826838752234,"Sigma":0.5698011940783065,"Taucorr":0.2120081602366669},"Iteration":2},
{"Acceptance":[0.8272222222222222],"Energy":{"Mean":7.257792340190643,"Sigma":0.2617428386747617,"Taucorr":0.11928942624546535},"EnergyVariance":{"Mean":5.436405505247061,"Sigma":0.7821424947838856,"Taucorr":0.03482172523633853},"Iteration":3},
{"Acceptance":[0.8461111111111111],"Energy":{"Mean":6.739766245302839,"Sigma":0.2365304241981061,"Taucorr":0.1590157735050144},"EnergyVariance":{"Mean":4.380029598629437,"Sigma":0.5676279102363656,"Taucorr":0.03003388137274421},"Iteration":4},
{"Acceptance":[0.8111111111111111],"Energy":{"Mean":6.472615414823705,"Sigma":0.23440954650439072,"Taucorr":0.055179518831612206},"EnergyVariance":{"Mean":5.114366727716255,"Sigma":0.6435773033086827,"Taucorr":0.09888266762923748},"Iteration":5},
{"Acceptance":[0.7905555555555556],"Energy":{"Mean":6.081955070213838,"Sigma":0.25190593958127977,"Taucorr":0.09135161885449383},"EnergyVariance":{"Mean":5.6632245183328145,"Sigma":0.8006651671268105,"Taucorr":-0.05342491906799718},"Iteration":6},
{"Acceptance":[0.81],"Energy":{"Mean":6.706466685097476,"Sigma":0.27326971419959534,"Taucorr":0.23217092254392524},"EnergyVariance":{"Mean":5.636875766187948,"Sigma":0.7419568116519999,"Taucorr":0.2521177770961518},"Iteration":7},
{"Acceptance":[0.7772222222222223],"Energy":{"Mean":6.354827844258461,"Sigma":0.18426414920346798,"Taucorr":-0.10297268491094846},"EnergyVariance":{"Mean":4.893287920516885,"Sigma":0.47281912117899294,"Taucorr":-0.20071216724076962},"Iteration":8},
{"Acceptance":[0.7733333333333333],"Energy":{"Mean":5.763002354284498,"Sigma":0.1720733690496031,"Taucorr":-0.17586582522967675},"EnergyVariance":{"Mean":5.543566318817036,"Sigma":0.5680862896867187,"Taucorr":-0.022614859483954253},"Iteration":9},
{"Acceptance":[0.76],"Energy":{"Mean":5.948637803660849,"Sigma":0.2393762887365951,"Taucorr":-0.08234176387164382},"EnergyVariance":{"Mean":7.330567668601667,"Sigma":0.9440528853017589,"Taucorr":0.010108474783525279},"Iteration":10},
{"Acceptance":[0.7444444444444445],"Energy":{"Mean":5.79109269209018,"Sigma":0.3169354398207131,"Taucorr":0.12313412778076682},"EnergyVariance":{"Mean":9.119678050084431,"Sigma":0.8112644037145077,"Taucorr":-0.18191798197741593},"Iteration":11},
{"Acceptance":[0.7272222222222222],"Energy":{"Mean":6.070695587812028,"Sigma":0.246620444552692,"Taucorr":0.023636173421199946},"EnergyVariance":{"Mean":6.912083342258688,"Sigma":0.8119131603708281,"Taucorr":0.03950022692291544},"Iteration":12},
{"Acceptance":[0.7366666666666667],"Energy":{"Mean":5.313311519480904,"Sigma":0.2516451491561472,"Taucorr":0.05684607156531496},"EnergyVariance":{"Mean":6.858516224788973,"Sigma":0.8289668752846756,"Taucorr":-0.07676052823578444},"Iteration":13},
{"Acceptance":[0.6922222222222222],"Energy":{"Mean":6.082337457397634,"Sigma":0.30750243150291173,"Taucorr":0.2731731113473733},"EnergyVariance":{"Mean":7.187082039052163,"Sigma":0.8710018071834343,"Taucorr":0.05859934814701029},"Iteration":14},
{"Acceptance":[0.6811111111111111],"Energy":{"Mean":5.165658153149405,"Sigma":0.3977990538884596,"Taucorr":0.4878346385719642},"EnergyVariance":{"Mean":9.372136077742924,"Sigma":0.9875634325239148,"Taucorr":0.022449486516067485},"Iteration":15},
{"Acceptance":[0.6888888888888889],"Energy":{"Mean":5.402082880925681,"Sigma":0.24265462547500952,"Taucorr":-0.036734444795737065},"EnergyVariance":{"Mean":7.435570472696934,"Sigma":0.922988860538889,"Taucorr":0.001237194683691989},"Iteration":16},
{"Acceptance":[0.6633333333333333],"Energy":{"Mean":5.094987048590153,"Sigma":0.27743562444081876,"Taucorr":-0.02359044223763601},"EnergyVariance":{"Mean":10.910657295584066,"Sigma":1.698550453717927,"Taucorr":0.22384348317637826},"Iteration":17},
{"Acceptance":[0.6505555555555556],"Energy":{"Mean":5.029162165519591,"Sigma":0.37285734262850695,"Taucorr":0.39007828321834326},"EnergyVariance":{"Mean":9.627885106239225,"Sigma":1.1535245090251929,"Taucorr":-0.044278977313062684},"Iteration":18},
{"Acceptance":[0.6355555555555555],"Energy":{"Mean":4.418349605861719,"Sigma":0.34096201553722,"Taucorr":0.2557828626998815},"EnergyVariance":{"Mean":9.736664637124706,"Sigma":1.0317559003708796,"Taucorr":0.00270269624983821},"Iteration":19},
{"Acceptance":[0.62],"Energy":{"Mean":5.023448468853991,"Sigma":0.27936320753031946,"Taucorr":-0.02824668565820254},"EnergyVariance":{"Mean":11.301092129013014,"Sigma":1.4521063692580718,"Taucorr":0.11573123609697022},"Iteration":20},
{"Acceptance":[0.6116666666666667],"Energy":{"Mean":4.589067975583856,"Sigma":0.3344771052457526,"Taucorr":0.08436157642714537},"EnergyVariance":{"Mean":12.514328309706276,"Sigma":1.5214035022720511,"Taucorr":0.05955458822700188},"Iteration":21},
{"Acceptance":[0.6283333333333333],"Energy":{"Mean":4.890293381014641,"Sigma":0.2864553271216384,"Taucorr":0.06217944119558416},"EnergyVariance":{"Mean":11.878976651511241,"Sigma":1.6553136069743466,"Taucorr":0.09738256603506068},"Iteration":22},
{"Acceptance":[0.5527777777777778],"Energy":{"Mean":4.121766248643531,"Sigma":0.469525886228233,"Taucorr":0.526170995214333},"EnergyVariance":{"Mean":13.790831941930264,"Sigma":1.9032559827565556,"Taucorr":-0.04412988505522403},"Iteration":23},
{"Acceptance":[0.5483333333333333],"Energy":{"Mean":2.9750321932287687,"Sigma":0.389892204457139,"Taucorr":0.4342592363403408},"EnergyVariance":{"Mean":11.44513726728536,"Sigma":1.336983049718439,"Taucorr":0.025516188001825646},"Iteration":24},
{"Acceptance":[0.5661111111111111],"Energy":{"Mean":3.74341815822258,"Sigma":0.37360379191436316,"Taucorr":0.18797817558645524},"EnergyVariance":{"Mean":14.262223375624835,"Sigma":2.061719972160068,"Taucorr":0.03242115712926297},"Iteration":25},
{"Acceptance":[0.5433333333333333],"Energy":{"Mean":3.8559102884276086,"Sigma":0.34192265128082355,"Taucorr":0.2409665518169466},"EnergyVariance":{"Mean":11.248181392071423,"Sigma":1.8967816343940225,"Taucorr":0.3483723185937454},"Iteration":26},
{"Acceptance":[0.5516666666666666],"Energy":{"Mean":2.3493637360756767,"Sigma":0.4844623288389736,"Taucorr":0.5624434104642595},"EnergyVariance":{"Mean":14.542752856830509,"Sigma":1.9548542667970554,"Taucorr":0.33539487370145293},"Iteration":27},
{"Acceptance":[0.47555555555555556],"Energy":{"Mean":2.736066709682057,"Sigma":0.3801421288414643,"Taucorr":0.3098055337367618},"EnergyVariance":{"Mean":13.474746575168332,"Sigma":1.906382261079595,"Taucorr":0.14264929760575595},"Iteration":28},
{"Acceptance":[0.46944444444444444],"Energy":{"Mean":2.759354754438846,"Sigma":0.40889705019569483,"Taucorr":0.325248281714797},"EnergyVariance":{"Mean":13.460353676028241,"Sigma":1.7290746941259718,"Taucorr":-0.021963151865132202},"Iteration":29},
{"Acceptance":[0.47944444444444445],"Energy":{"Mean":2.6479036445288475,"Sigma":0.42489957800354045,"Taucorr":0.3746517039354159},"EnergyVariance":{"Mean":14.848980946466279,"Sigma":1.6909565494135195,"Taucorr":-0.06443795047300377},"Iteration":30},
{"Acceptance":[0.4538888888888889],"Energy":{"Mean":1.287252456942372,"Sigma":0.4420932319160275,"Taucorr":0.3381971646632549},"EnergyVariance":{"Mean":16.354764687505597,"Sigma":2.703267240125365,"Taucorr":0.5073355941814144},"Iteration":31},
{"Acceptance":[0.4388888888888889],"Energy":{"Mean":0.8965181959819138,"Sigma":0.525958272362866,"Taucorr":0.6728108800521411},"EnergyVariance":{"Mean":15.090324427319285,"Sigma":1.6038868686385357,"Taucorr":0.09099153104967594},"Iteration":32},
{"Acceptance":[0.435],"Energy":{"Mean":1.2797994818694438,"Sigma":0.49323372086957246,"Taucorr":0.629120315270294},"EnergyVariance":{"Mean":14.411508281371427,"Sigma":2.4573939202052157,"Taucorr":0.40054281745472486},"Iteration":33},
{"Acceptance":[0.39444444444444443],"Energy":{"Mean":0.7247127727085719,"Sigma":0.3761613812841001,"Taucorr":0.2330169487347612},"EnergyVariance":{"Mean":12.85324605532185,"Sigma":2.2391683402056874,"Taucorr":0.34947148137376427},"Iteration":34},
{"Acceptance":[0.39222222222222225],"Energy":{"Mean":0.20898633537240455,"Sigma":0.5014323471416379,"Taucorr":0.5332959947867111},"EnergyVariance":{"Mean":14.499534512448722,"Sigma":1.7661773558421165,"Taucorr":0.11080433538573664},"Iteration":35},
{"Acceptance":[0.35777777777777775],"Energy":{"Mean":0.5249947793029895,"Sigma":0.4217320193464045,"Taucorr":0.47098746385424917},"EnergyVariance":{"Mean":12.23444731506808,"Sigma":1.4783484967853695,"Taucorr":0.08542374819778586},"Iteration":36},
{"Acceptance":[0.335],"Energy":{"Mean":-1.04926353755213,"Sigma":0.5481315410577977,"Taucorr":0.6453860448171842},"EnergyVariance":{"Mean":17.37186783926438,"Sigma":2.8859154146147934,"Taucorr":0.09173009227089712},"Iteration":37},
{"Acceptance":[0.35055555555555556],"Energy":{"Mean":0.45910013601769417,"Sigma":0.6309989459709376,"Taucorr":0.8503785433167057},"EnergyVariance":{"Mean":21.32931859708822,"Sigma":4.256824469875679,"Taucorr":0.6935110478110778},"Iteration":38},
{"Acceptance":[0.3477777777777778],"Energy":{"Mean":-0.3955593188744044,"Sigma":0.555218955583021,"Taucorr":0.7885412917628096},"EnergyVariance":{"Mean":16.887811947132885,"Sigma":3.019368376716002,"Taucorr":0.11757564464979442},"Iteration":39},
{"Acceptance":[0.29388888888888887],"Energy":{"Mean":-1.4763152844916738,"Sigma":0.5564770462982986,"Taucorr":0.6422638259391991},"EnergyVariance":{"Mean":15.269167543624445,"Sigma":1.7636427855415437,"Taucorr":0.2056724832015654},"Iteration":40},
{"Acceptance":[0.29],"Energy":{"Mean":-1.0986793534677872,"Sigma":0.5373526295922803,"Taucorr":0.7733771461545385},"EnergyVariance":{"Mean":15.357715741683934,"Sigma":2.992492339270805,"Taucorr":0.5771209111645086},"Iteration":41},
{"Acceptance":[0.2561111111111111],"Energy":{"Mean":-1.835353059464795,"Sigma":0.5642931122401796,"Taucorr":0.7694233405994702},"EnergyVariance":{"Mean":14.04076401942736,"Sigma":2.0040450872344984,"Taucorr":0.539275882682221},"Iteration":42},
{"Acceptance":[0.30444444444444446],"Energy":{"Mean":-0.5131441289800455,"Sigma":0.4180646602220028,"Taucorr":0.38388563682218024},"EnergyVariance":{"Mean":15.29911940202508,"Sigma":2.5255864740439287,"Taucorr":0.2198324454352455},"Iteration":43},
{"Acceptance":[0.22666666666666666],"Energy":{"Mean":-2.6894424036421385,"Sigma":0.5143308209565489,"Taucorr":0.82669334999559},"EnergyVariance":{"Mean":12.556714958132845,"Sigma":2.5214844605975255,"Taucorr":0.3979920844527879},"Iteration":44},
{"Acceptance":[0.21055555555555555],"Energy":{"Mean":-3.0522021155065,"Sigma":0.48303131829041956,"Taucorr":0.7117355403518455},"EnergyVariance":{"Mean":10.380911356584843,"Sigma":0.8576268422710074,"Taucorr":-0.15536950836225827},"Iteration":45},
{"Acceptance":[0.18888888888888888],"Energy":{"Mean":-2.480982255861359,"Sigma":0.5834424660219939,"Taucorr":0.8620101113577783},"EnergyVariance":{"Mean":17.506227366204893,"Sigma":6.197328888621005,"Taucorr":1.0388787254280607},"Iteration":46},
{"Acceptance":[0.17944444444444443],"Energy":{"Mean":-3.3361918991307165,"Sigma":0.5204694881280788,"Taucorr":0.7626741853446768},"EnergyVariance":{"Mean":14.486820775932527,"Sigma":3.558448901033425,"Taucorr":0.33040554710662695},"Iteration":47},
{"Acceptance":[0.1688888888888889],"Energy":{"Mean":-3.5019489251491525,"Sigma":0.5231071903677622,"Taucorr":0.6503576563929392},"EnergyVariance":{"Mean":14.906021940199697,"Sigma":3.3314012055679143,"Taucorr":0.24359776787129872},"Iteration":48},
{"Acceptance":[0.15166666666666667],"Energy":{"Mean":-3.811577127927867,"Sigma":0.5265967854254889,"Taucorr":0.5216149475695451},"EnergyVariance":{"Mean":16.834363089740876,"Sigma":3.561664761865193,"Taucorr":0.11910349371070206},"Iteration":49},
{"Acceptance":[0.12111111111111111],"Energy":{"Mean":-4.158157005338019,"Sigma":0.4803632328249676,"Taucorr":0.5891583248154841},"EnergyVariance":{"Mean":12.526798308356767,"Sigma":3.370238740812954,"Taucorr":0.05073054682772238},"Iteration":50},
{"Acceptance":[0.15722222222222224],"Energy":{"Mean":-3.7460384262526683,"Sigma":0.618829401963015,"Taucorr":0.7169492326272067},"EnergyVariance":{"Mean":19.18529768551583,"Sigma":6.181244927386345,"Taucorr":0.30503971962608667},"Iteration":51},
{"Acceptance":[0.13111111111111112],"Energy":{"Mean":-4.134620069806306,"Sigma":0.41141199742449597,"Taucorr":0.1964158886499513},"EnergyVariance":{"Mean":13.805460047553964,"Sigma":2.915533460403606,"Taucorr":0.11751915211541308},"Iteration":52},
{"Acceptance":[0.13833333333333334],"Energy":{"Mean":-5.386169956244418,"Sigma":0.3476443186634615,"Taucorr":0.5324488515388952},"EnergyVariance":{"Mean":7.318469103906734,"Sigma":3.0719527040596533,"Taucorr":0.1503505115895284},"Iteration":53},
{"Acceptance":[0.09722222222222222],"Energy":{"Mean":-5.3076204308093855,"Sigma":0.47303543539792364,"Taucorr":0.6450543552811969},"EnergyVariance":{"Mean":12.728131325426851,"Sigma":4.349717240553424,"Taucorr":0.30758794778619036},"Iteration":54},
{"Acceptance":[0.08444444444444445],"Energy":{"Mean":-5.942714959331771,"Sigma":0.31637446682172066,"Taucorr":0.5906040992442885},"EnergyVariance":{"Mean":5.068826093649865,"Sigma":2.6726434466357256,"Taucorr":0.3068129915556854},"Iteration":55},
{"Acceptance":[0.08277777777777778],"Energy":{"Mean":-5.5631087819817076,"Sigma":0.49465320179291056,"Taucorr":0.6275826626228933},"EnergyVariance":{"Mean":12.502995656385442,"Sigma":5.512924935791955,"Taucorr":0.28908122232168787},"Iteration":56},
{"Acceptance":[0.09111111111111111],"Energy":{"Mean":-5.751057902998787,"Sigma":0.29964836858763094,"Taucorr":0.41558087785568687},"EnergyVariance":{"Mean":6.396550568723848,"Sigma":2.6447473343715147,"Taucorr":-0.024649626513853773},"Iteration":57},
{"Acceptance":[0.051666666666666666],"Energy":{"Mean":-6.4712022276092815,"Sigma":0.3362522246036275,"Taucorr":0.5065860659164447},"EnergyVariance":{"Mean":6.652503220788994,"Sigma":3.393363776094453,"Taucorr":0.03740533151733072},"Iteration":58},
{"Acceptance":[0.07277777777777777],"Energy":{"Mean":-5.817207881286828,"Sigma":0.4837767990045302,"Taucorr":0.4611220904221216},"EnergyVariance":{"Mean":18.73038630070247,"Sigma":8.068514726899302,"Taucorr":0.23145991457552595},"Iteration":59},
{"Acceptance":[0.03722222222222222],"Energy":{"Mean":-6.281397512680991,"Sigma":0.886710172398501,"Taucorr":0.7976380452283642},"EnergyVariance":{"Mean":29.73805277047742,"Sigma":27.947015960485746,"Taucorr":0.5440036903442476},"Iteration":60},
{"Acceptance":[0.05722222222222222],"Energy":{"Mean":-6.491113075915624,"Sigma":0.2791512103308023,"Taucorr":0.4985528142937533},"EnergyVariance":{"Mean":7.236001705912589,"Sigma":5.478571828941639,"Taucorr":0.008464772160485134},"Iteration":61},
{"Acceptance":[0.04666666666666667],"Energy":{"Mean":-6.0529807475395945,"Sigma":0.8399564477499462,"Taucorr":1.141629588635238},"EnergyVariance":{"Mean":29.571845018503975,"Sigma":19.757548688191875,"Taucorr":0.8685212575626073},"Iteration":62},
{"Acceptance":[0.042777777777777776],"Energy":{"Mean":-6.921905612166019,"Sigma":0.15342755080138384,"Taucorr":0.2893049748375174},"EnergyVariance":{"Mean":1.4605770092584982,"Sigma":0.2859901009390914,"Taucorr":-0.0002964115442837256},"Iteration":63},
{"Acceptance":[0.03277777777777778],"Energy":{"Mean":-7.378812211800201,"Sigma":0.1462416668108123,"Taucorr":0.7589526292061943},"EnergyVariance":{"Mean":0.8385518597472095,"Sigma":0.14276808467443727,"Taucorr":0.7632988310990603},"Iteration":64},
{"Acceptance":[0.02388888888888889],"Energy":{"Mean":-7.292208487984336,"Sigma":0.1688141231772777,"Taucorr":0.9519163454530322},"EnergyVariance":{"Mean":0.9568111039921191,"Sigma":0.13174407597110727,"Taucorr":0.9124225034842477},"Iteration":65},
{"Acceptance":[0.022222222222222223],"Energy":{"Mean":-7.380654076193349,"Sigma":0.14034245347885899,"Taucorr":0.5691169139709911},"EnergyVariance":{"Mean":0.8949665128177386,"Sigma":0.12677311301728494,"Taucorr":0.5387178434981812},"Iteration":66},
{"Acceptance":[0.025],"Energy":{"Mean":-7.616664005742495,"Sigma":0.10386096800280652,"Taucorr":0.1076940252164279},"EnergyVariance":{"Mean":27.99509033324375,"Sigma":27.38165608515411,"Taucorr":0.0026458429245018733},"Iteration":67},
{"Acceptance":[0.025],"Energy":{"Mean":-7.48076372319053,"Sigma":0.12737984022463023,"Taucorr":0.3732566918597676},"EnergyVariance":{"Mean":0.8976167819873163,"Sigma":0.17753173775485664,"Taucorr":0.17612428997766383},"Iteration":68},
{"Acceptance":[0.013333333333333334],"Energy":{"Mean":-7.515620480336758,"Sigma":0.1518215736525511,"Taucorr":0.9312074923799258},"EnergyVariance":{"Mean":0.7738441681716751,"Sigma":0.16009522479001434,"Taucorr":0.899487719836862},"Iteration":69},
{"Acceptance":[0.025555555555555557],"Energy":{"Mean":-7.474892561716289,"Sigma":0.15626792173666637,"Taucorr":0.9176532097736987},"EnergyVariance":{"Mean":0.8248409260809908,"Sigma":0.15397486403075172,"Taucorr":0.9018236440385852},"Iteration":70},
{"Acceptance":[0.026111111111111113],"Energy":{"Mean":-7.541671374975066,"Sigma":0.12333876730512391,"Taucorr":0.4676664020856315},"EnergyVariance":{"Mean":0.7523087003194899,"Sigma":0.13746326327409078,"Taucorr":0.4650649894062011},"Iteration":71},
{"Acceptance":[0.015],"Energy":{"Mean":-7.631578605860452,"Sigma":0.12315161166285542,"Taucorr":0.6500046962336716},"EnergyVariance":{"Mean":0.6301227318583522,"Sigma":0.15634438624132002,"Taucorr":0.6547547800253632},"Iteration":72},
{"Acceptance":[0.01611111111111111],"Energy":{"Mean":-7.40706706595844,"Sigma":0.18573754286289876,"Taucorr":1.1678214799257924},"EnergyVariance":{"Mean":0.9850900561619012,"Sigma":0.24666469107974145,"Taucorr":0.8627855283937016},"Iteration":73},
{"Acceptance":[0.010555555555555556],"Energy":{"Mean":-7.834831207686796,"Sigma":0.105815284939361,"Taucorr":1.153698245242881},"EnergyVariance":{"Mean":0.324011398739405,"Sigma":0.18221900701954016,"Taucorr":1.1662994290765154},"Iteration":74},
{"Acceptance":[0.010555555555555556],"Energy":{"Mean":-7.43927948073123,"Sigma":0.1576089340612377,"Taucorr":0.9544013427871194},"EnergyVariance":{"Mean":0.8132673383436032,"Sigma":0.13849682948458455,"Taucorr":0.9572978226010611},"Iteration":75},
{"Acceptance":[0.0],"Energy":{"Mean":-7.999225697445994,"Sigma":0.0,"Taucorr":null},"EnergyVariance":{"Mean":0.0009471930938359577,"Sigma":0.0,"Taucorr":null},"Iteration":76},
{"Acceptance":[0.01],"Energy":{"Mean":-7.592467888871031,"Sigma":0.1704723654254979,"Taucorr":1.1482706680612373},"EnergyVariance":{"Mean":0.8425154351515839,"Sigma":0.36303838109300335,"Taucorr":1.0432711535693528},"Iteration":77},
{"Acceptance":[0.0038888888888888888],"Energy":{"Mean":-7.7899060627151675,"Sigma":0.11808183644770058,"Taucorr":1.335433798319338},"EnergyVariance":{"Mean":0.3615023930648954,"Sigma":0.1839957358490154,"Taucorr":1.3361919681802612},"Iteration":78},
{"Acceptance":[0.0022222222222222222],"Energy":{"Mean":-7.993167135333476,"Sigma":0.0,"Taucorr":null},"EnergyVariance":{"Mean":0.00026931614598800404,"Sigma":0.0,"Taucorr":null},"Iteration":79},
{"Acceptance":[0.006111111111111111],"Energy":{"Mean":-7.992272024078976,"Sigma":0.0,"Taucorr":null},"EnergyVariance":{"Mean":0.00016584454007612361,"Sigma":0.0,"Taucorr":null},"Iteration":80},
{"Acceptance":[0.0016666666666666668],"Energy":{"Mean":-7.928446497860844,"Sigma":0.06339360603666695,"Taucorr":1.0322580645161294},"EnergyVariance":{"Mean":0.12530019204907988,"Sigma":0.12118113063970408,"Taucorr":1.0322580645161301},"Iteration":81},
{"Acceptance":[0.0044444444444444444],"Energy":{"Mean":-7.95137984130133,"Sigma":0.04040443163144713,"Taucorr":0.5106325972980237},"EnergyVariance":{"Mean":0.0768053447153091,"Sigma":0.0751149942113715,"Taucorr":0.5106161233587705},"Iteration":82},
{"Acceptance":[0.0],"Energy":{"Mean":-7.991946284345182,"Sigma":0.0,"Taucorr":null},"EnergyVariance":{"Mean":3.111211373077228e-05,"Sigma":0.0,"Taucorr":null},"Iteration":83},
{"Acceptance":[0.0],"Energy":{"Mean":-7.992242260960748,"Sigma":0.0,"Taucorr":null},"EnergyVariance":{"Mean":1.552926219904374e-05,"Sigma":0.0,"Taucorr":null},"Iteration":84},
{"Acceptance":[0.0022222222222222222],"Energy":{"Mean":-7.79259077636112,"Sigma":0.11160329965814342,"Taucorr":1.2194135541310804},"EnergyVariance":{"Mean":0.3441257772217419,"Sigma":0.16967656578261178,"Taucorr":1.2194135697778474},"Iteration":85},
{"Acceptance":[0.0],"Energy":{"Mean":-7.9932582023666,"Sigma":0.0,"Taucorr":null},"EnergyVariance":{"Mean":1.7196666332418423e-06,"Sigma":0.0,"Taucorr":null},"Iteration":86},
{"Acceptance":[0.0],"Energy":{"Mean":-7.993901691779874,"Sigma":0.0,"Taucorr":null},"EnergyVariance":{"Mean":8.957539151099296e-08,"Sigma":0.0,"Taucorr":null},"Iteration":87},
{"Acceptance":[0.0],"Energy":{"Mean":-7.994523669516699,"Sigma":0.0,"Taucorr":null},"EnergyVariance":{"Mean":2.3351972525005386e-07,"Sigma":0.0,"Taucorr":null},"Iteration":88},
{"Acceptance":[0.0],"Energy":{"Mean":-7.995110747234481,"Sigma":0.0,"Taucorr":null},"EnergyVariance":{"Mean":1.1783564474798e-06,"Sigma":0.0,"Taucorr":null},"Iteration":89},
{"Acceptance":[0.0],"Energy":{"Mean":-7.995655794147738,"Sigma":0.0,"Taucorr":null},"EnergyVariance":{"Mean":2.391203747705271e-06,"Sigma":0.0,"Taucorr":null},"Iteration":90},
{"Acceptance":[0.0],"Energy":{"Mean":-7.9961558456507476,"Sigma":0.0,"Taucorr":null},"EnergyVariance":{"Mean":3.5960156867930984e-06,"Sigma":0.0,"Taucorr":null},"Iteration":91},
{"Acceptance":[0.0],"Energy":{"Mean":-7.996610646738552,"Sigma":0.0,"Taucorr":null},"EnergyVariance":{"Mean":4.663656482366632e-06,"Sigma":0.0,"Taucorr":null},"Iteration":92},
{"Acceptance":[0.0],"Energy":{"Mean":-7.997021643730803,"Sigma":0.0,"Taucorr":null},"EnergyVariance":{"Mean":5.546508688621716e-06,"Sigma":0.0,"Taucorr":null},"Iteration":93},
{"Acceptance":[0.0],"Energy":{"Mean":-7.997391292291869,"Sigma":0.0,"Taucorr":null},"EnergyVariance":{"Mean":6.240039404607416e-06,"Sigma":0.0,"Taucorr":null},"Iteration":94},
{"Acceptance":[0.0],"Energy":{"Mean":-7.997722588198274,"Sigma":0.0,"Taucorr":null},"EnergyVariance":{"Mean":6.760617928811803e-06,"Sigma":0.0,"Taucorr":null},"Iteration":95},
{"Acceptance":[0.0],"Energy":{"Mean":-7.998018754483362,"Sigma":0.0,"Taucorr":null},"EnergyVariance":{"Mean":7.133057375124871e-06,"Sigma":0.0,"Taucorr":null},"Iteration":96},
{"Acceptance":[0.0],"Energy":{"Mean":-7.998283037843488,"Sigma":0.0,"Taucorr":null},"EnergyVariance":{"Mean":7.383908238333495e-06,"Sigma":0.0,"Taucorr":null},"Iteration":97},
{"Acceptance":[0.0],"Energy":{"Mean":-7.9985185808663966,"Sigma":0.0,"Taucorr":null},"EnergyVariance":{"Mean":7.538097923733541e-06,"Sigma":0.0,"Taucorr":null},"Iteration":98},
{"Acceptance":[0.0],"Energy":{"Mean":-7.998728346379705,"Sigma":0.0,"Taucorr":null},"EnergyVariance":{"Mean":7.6174696222697195e-06,"Sigma":0.0,"Taucorr":null},"Iteration":99} 
]}
{"input": {"L": 8, "J": 1, "machine": {"type": "FFNN", "model": ["lncosh", 11, 4]}, "sampler": {"type": "MetropolisHop", "d_max": 5}, "optimizer": {"type": "AdaMax", "alpha": 0.001, "beta1": 0.9, "beta2": 0.999, "epscut": 1e-07}, "VMC": {"n_samples": 100, "discarded_samples": 100, "discarded_samples_on_init": 0, "target": "energy", "method": "Gd", "diag_shift": 0.01, "use_iterative": true, "use_cholesky": true}, "n_iter": 100}}
duration: -1.2806792259216309