{"Output": [
{"Acceptance":[0.9055555555555556],"Energy":{"Mean":7.141665276533576,"Sigma":0.26409742726939506,"Taucorr":0.19868060921431707},"EnergyVariance":{"Mean":4.786408541504203,"Sigma":0.8638689228922192,"Taucorr":0.06520228559529317},"Iteration":0},
{"Acceptance":[0.8833333333333333],"Energy":{"Mean":7.114262731529749,"Sigma":0.17350077472468503,"Taucorr":-0.16485346357144137},"EnergyVariance":{"Mean":4.382278278214866,"Sigma":0.6778084235061789,"Taucorr":0.048658862527614755},"Iteration":1},
{"Acceptance":[0.8694444444444445],"Energy":{"Mean":6.951068853840974,"Sigma":0.18733737688322905,"Taucorr":0.01813372318001616},"EnergyVariance":{"Mean":3.405008996968966,"Sigma":0.5289103944359373,"Taucorr":0.0765625498264193},"Iteration":2},
{"Acceptance":[0.8444444444444444],"Energy":{"Mean":6.958424652564731,"Sigma":0.2901287812971035,"Taucorr":0.1965155314310163},"EnergyVariance":{"Mean":5.995106182903732,"Sigma":0.8310647897788327,"Taucorr":0.00760829454726375},"Iteration":3},
{"Acceptance":[0.8477777777777777],"Energy":{"Mean":6.836211182373446,"Sigma":0.20839954374088526,"Taucorr":-0.02508998129499529},"EnergyVariance":{"Mean":4.860742797647175,"Sigma":0.7138724387152193,"Taucorr":-0.02367896645645101},"Iteration":4},
{"Acceptance":[0.8116666666666666],"Energy":{"Mean":6.498526887418437,"Sigma":0.2677267169545196,"Taucorr":0.1680227811943621},"EnergyVariance":{"Mean":5.4870901556578735,"Sigma":0.9331860068362859,"Taucorr":0.2317499748457129},"Iteration":5},
{"Acceptance":[0.8061111111111111],"Energy":{"Mean":6.693546690678044,"Sigma":0.22080781857249093,"Taucorr":-0.02592620527042655},"EnergyVariance":{"Mean":5.441871592482293,"Sigma":0.85579040610469,"Taucorr":0.01857421319854291},"Iteration":6},
{"Acceptance":[0.7938888888888889],"Energy":{"Mean":6.410526123757238,"Sigma":0.3201790898681652,"Taucorr":0.35678489415322634},"EnergyVariance":{"Mean":6.353545428276316,"Sigma":1.192557089408385,"Taucorr":0.3532811939620044},"Iteration":7},
{"Acceptance":[0.7816666666666666],"Energy":{"Mean":6.675288108814676,"Sigma":0.2465394598670746,"Taucorr":0.1554131310902347},"EnergyVariance":{"Mean":5.023218591307719,"Sigma":0.5048342390593928,"Taucorr":-0.1546221602356192},"Iteration":8},
{"Acceptance":[0.7666666666666667],"Energy":{"Mean":6.041046182358078,"Sigma":0.2958488055905205,"Taucorr":0.2944761554404812},"EnergyVariance":{"Mean":6.270094147281857,"Sigma":0.6166552414523254,"Taucorr":-0.11474125130161977},"Iteration":9},
{"Acceptance":[0.7605555555555555],"Energy":{"Mean":6.39221947580772,"Sigma":0.29356493508679676,"Taucorr":0.08745218625726547},"EnergyVariance":{"Mean":8.257958604252813,"Sigma":0.9293379529550896,"Taucorr":-0.04848833111585582},"Iteration":10},
{"Acceptance":[0.7372222222222222],"Energy":{"Mean":5.602396240811475,"Sigma":0.2720323908136733,"Taucorr":0.061848943520544264},"EnergyVariance":{"Mean":7.9921619727922035,"Sigma":1.1215586992040596,"Taucorr":0.005227781757697447},"Iteration":11},
{"Acceptance":[0.7327777777777778],"Energy":{"Mean":5.643248074782133,"Sigma":0.2449355119950742,"Taucorr":0.028977425069999896},"EnergyVariance":{"Mean":6.814685901260876,"Sigma":0.9047943304347891,"Taucorr":0.14644393179949633},"Iteration":12},
{"Acceptance":[0.7233333333333334],"Energy":{"Mean":5.960811770898206,"Sigma":0.369936326782635,"Taucorr":0.22705122694156155},"EnergyVariance":{"Mean":10.7257203051262,"Sigma":1.4134375252332194,"Taucorr":-0.04712921700777678},"Iteration":13},
{"Acceptance":[0.6866666666666666],"Energy":{"Mean":4.968923089886497,"Sigma":0.25653082402822897,"Taucorr":-0.054639001736031645},"EnergyVariance":{"Mean":8.888736755392564,"Sigma":1.2266688616907875,"Taucorr":0.11239875987935877},"Iteration":14},
{"Acceptance":[0.6877777777777778],"Energy":{"Mean":5.1744784275282445,"Sigma":0.3452028845240991,"Taucorr":0.280166123085387},"EnergyVariance":{"Mean":9.702340628485342,"Sigma":1.3425183117654296,"Taucorr":0.23761800912638475},"Iteration":15},
{"Acceptance":[0.6866666666666666],"Energy":{"Mean":5.797743190720546,"Sigma":0.20608113595961342,"Taucorr":-0.1359223145273905},"EnergyVariance":{"Mean":7.125185062790249,"Sigma":0.9165255725057297,"Taucorr":0.04489099476299396},"Iteration":16},
{"Acceptance":[0.655],"Energy":{"Mean":5.450684518156751,"Sigma":0.29669483103762356,"Taucorr":0.1529940952518124},"EnergyVariance":{"Mean":8.353288415464897,"Sigma":1.248693386886217,"Taucorr":0.19086921129719148},"Iteration":17},
{"Acceptance":[0.6422222222222222],"Energy":{"Mean":4.82359868793848,"Sigma":0.3254388599079059,"Taucorr":0.37650670045734036},"EnergyVariance":{"Mean":8.065091543165787,"Sigma":1.1190315294317843,"Taucorr":0.03847249772022132},"Iteration":18},
{"Acceptance":[0.64],"Energy":{"Mean":5.144652785046217,"Sigma":0.36355584381106737,"Taucorr":0.21069629646054677},"EnergyVariance":{"Mean":11.677691240084744,"Sigma":1.5760530485280804,"Taucorr":0.08721534478907411},"Iteration":19},
{"Acceptance":[0.6327777777777778],"Energy":{"Mean":4.199955424178333,"Sigma":0.31682669135824504,"Taucorr":-0.014421006559425631},"EnergyVariance":{"Mean":14.34650976904482,"Sigma":1.127005799944023,"Taucorr":-0.1705522112264901},"Iteration":20},
{"Acceptance":[0.5916666666666667],"Energy":{"Mean":3.9619352555817797,"Sigma":0.39008208744559153,"Taucorr":0.13013224801619727},"EnergyVariance":{"Mean":15.381101360004102,"Sigma":2.419814208948213,"Taucorr":0.206785874547871},"Iteration":21},
{"Acceptance":[0.6111111111111112],"Energy":{"Mean":4.019236280126893,"Sigma":0.3603947013854106,"Taucorr":0.2792049346550515},"EnergyVariance":{"Mean":11.96811222333771,"Sigma":1.4655348473264602,"Taucorr":-0.06481226232097337},"Iteration":22},
{"Acceptance":[0.5627777777777778],"Energy":{"Mean":3.623990607827825,"Sigma":0.4379009312444948,"Taucorr":0.5325790363218899},"EnergyVariance":{"Mean":12.519268581309689,"Sigma":1.7487876187383629,"Taucorr":0.15193783325035082},"Iteration":23},
{"Acceptance":[0.5661111111111111],"Energy":{"Mean":3.241547529993949,"Sigma":0.3488545835320122,"Taucorr":0.17795532241636136},"EnergyVariance":{"Mean":12.011827409018242,"Sigma":1.4143924847912257,"Taucorr":-0.14170049939866053},"Iteration":24},
{"Acceptance":[0.5338888888888889],"Energy":{"Mean":2.5696769974027673,"Sigma":0.32360625565257073,"Taucorr":0.12307547179794798},"EnergyVariance":{"Mean":11.702293239597862,"Sigma":1.6255741011236715,"Taucorr":0.05326786391592242},"Iteration":25},
{"Acceptance":[0.5505555555555556],"Energy":{"Mean":2.2387270132137527,"Sigma":0.37243188774345914,"Taucorr":0.32945010682099174},"EnergyVariance":{"Mean":12.377345388166272,"Sigma":1.4583055160895264,"Taucorr":-0.04666806803253598},"Iteration":26},
{"Acceptance":[0.5161111111111111],"Energy":{"Mean":2.5403177931536565,"Sigma":0.4054900115043955,"Taucorr":0.33972985275235734},"EnergyVariance":{"Mean":14.616029909263228,"Sigma":1.9864192485563328,"Taucorr":0.023135986339773873},"Iteration":27},
{"Acceptance":[0.5083333333333333],"Energy":{"Mean":2.996071907911005,"Sigma":0.43007391886428825,"Taucorr":0.40755049447222114},"EnergyVariance":{"Mean":14.4779683659558,"Sigma":2.1848045924670636,"Taucorr":0.2076178846718254},"Iteration":28},
{"Acceptance":[0.5072222222222222],"Energy":{"Mean":2.5624391975335454,"Sigma":0.48804679262281214,"Taucorr":0.4147107634033198},"EnergyVariance":{"Mean":18.173173290959276,"Sigma":2.254624669647967,"Taucorr":-0.025627130220681194},"Iteration":29},
{"Acceptance":[0.5061111111111111],"Energy":{"Mean":2.7095497415692607,"Sigma":0.4392363624287901,"Taucorr":0.566998367567894},"EnergyVariance":{"Mean":14.436040438284087,"Sigma":2.4513005748259826,"Taucorr":0.24548478054163392},"Iteration":30},
{"Acceptance":[0.47888888888888886],"Energy":{"Mean":1.9713447900488321,"Sigma":0.3117057145521731,"Taucorr":0.07456966288955935},"EnergyVariance":{"Mean":13.33298438098537,"Sigma":2.0529754164491103,"Taucorr":0.03409324368047739},"Iteration":31},
{"Acceptance":[0.425],"Energy":{"Mean":1.3335329778372322,"Sigma":0.4437381529171083,"Taucorr":0.4498092537065572},"EnergyVariance":{"Mean":13.777587741248295,"Sigma":1.634163822198222,"Taucorr":0.020737623627827162},"Iteration":32},
{"Acceptance":[0.455],"Energy":{"Mean":1.9765104330200627,"Sigma":0.6074339898302956,"Taucorr":0.5848047034574713},"EnergyVariance":{"Mean":25.598770260244752,"Sigma":3.2511491118521194,"Taucorr":0.091630373952579},"Iteration":33},
{"Acceptance":[0.3894444444444444],"Energy":{"Mean":-0.041330788606458405,"Sigma":0.45872202203593093,"Taucorr":0.5066811344210771},"EnergyVariance":{"Mean":13.938011325472289,"Sigma":2.0952988863194695,"Taucorr":0.15006178845286267},"Iteration":34},
{"Acceptance":[0.43833333333333335],"Energy":{"Mean":1.5683450383810988,"Sigma":0.45504627779166745,"Taucorr":0.49595975331666997},"EnergyVariance":{"Mean":16.783669862610132,"Sigma":2.044454119162059,"Taucorr":0.18858405856496563},"Iteration":35},
{"Acceptance":[0.39],"Energy":{"Mean":0.7372828347800926,"Sigma":0.45616384831482537,"Taucorr":0.3556276408007807},"EnergyVariance":{"Mean":18.765039076153272,"Sigma":2.630271457913554,"Taucorr":0.03860590174920131},"Iteration":36},
{"Acceptance":[0.3522222222222222],"Energy":{"Mean":-0.6334461214961695,"Sigma":0.4650110197130128,"Taucorr":0.49780360778317667},"EnergyVariance":{"Mean":15.072913671074529,"Sigma":2.2008957519037686,"Taucorr":0.2943563143847431},"Iteration":37},
{"Acceptance":[0.3488888888888889],"Energy":{"Mean":-0.3670631927200444,"Sigma":0.46310945051216856,"Taucorr":0.47989103474485617},"EnergyVariance":{"Mean":15.3616982306028,"Sigma":2.258366758954126,"Taucorr":-0.01774104331770404},"Iteration":38},
{"Acceptance":[0.3161111111111111],"Energy":{"Mean":-1.3777707084372253,"Sigma":0.3679807104402565,"Taucorr":0.377250859608781},"EnergyVariance":{"Mean":10.89312582306127,"Sigma":1.9214272401654158,"Taucorr":-0.06227530900921546},"Iteration":39},
{"Acceptance":[0.34944444444444445],"Energy":{"Mean":-0.93351707219682,"Sigma":0.40958590856910054,"Taucorr":0.3252377178048099},"EnergyVariance":{"Mean":13.706525707126524,"Sigma":1.9004218483884396,"Taucorr":0.0703131501334533},"Iteration":40},
{"Acceptance":[0.2877777777777778],"Energy":{"Mean":-0.9875403239841587,"Sigma":0.5777132739316154,"Taucorr":0.6214934192985135},"EnergyVariance":{"Mean":21.921197191288876,"Sigma":5.4043277725845735,"Taucorr":0.3171806777823173},"Iteration":41},
{"Acceptance":[0.26944444444444443],"Energy":{"Mean":-1.6785143365678392,"Sigma":0.4119259987815127,"Taucorr":0.2333406534421809},"EnergyVariance":{"Mean":16.47099670611992,"Sigma":2.4830686734913687,"Taucorr":0.03946529692783085},"Iteration":42},
{"Acceptance":[0.27055555555555555],"Energy":{"Mean":-1.5081051529042693,"Sigma":0.5098719465595163,"Taucorr":0.6374791439699949},"EnergyVariance":{"Mean":16.905199212470386,"Sigma":2.3873305726470084,"Taucorr":-0.08134635161871795},"Iteration":43},
{"Acceptance":[0.22722222222222221],"Energy":{"Mean":-2.368337800801985,"Sigma":0.50684028664442,"Taucorr":0.6602465355617091},"EnergyVariance":{"Mean":13.8139922058591,"Sigma":2.4985792890690557,"Taucorr":0.3097468842128438},"Iteration":44},
{"Acceptance":[0.23277777777777778],"Energy":{"Mean":-2.8412190601136316,"Sigma":0.4528052833770061,"Taucorr":0.3734478640404726},"EnergyVariance":{"Mean":15.201648257495851,"Sigma":2.7748254216580217,"Taucorr":0.24114036938364825},"Iteration":45},
{"Acceptance":[0.2538888888888889],"Energy":{"Mean":-2.3993000042541643,"Sigma":0.5057851998067745,"Taucorr":0.5146279412456922},"EnergyVariance":{"Mean":17.652525955582323,"Sigma":4.170464941375538,"Taucorr":0.44052448995399673},"Iteration":46},
{"Acceptance":[0.22166666666666668],"Energy":{"Mean":-2.5741619624005057,"Sigma":0.5221289509269118,"Taucorr":0.7034003048941873},"EnergyVariance":{"Mean":15.793845816496859,"Sigma":3.6450219146288783,"Taucorr":0.5697499357401683},"Iteration":47},
{"Acceptance":[0.23666666666666666],"Energy":{"Mean":-2.0563247923163694,"Sigma":0.4996051234398481,"Taucorr":0.8232700449409456},"EnergyVariance":{"Mean":15.951952496445601,"Sigma":3.5284754073911566,"Taucorr":0.5079484415278652},"Iteration":48},
{"Acceptance":[0.20833333333333334],"Energy":{"Mean":-3.149332837887321,"Sigma":0.49685742168775254,"Taucorr":0.686770842643537},"EnergyVariance":{"Mean":13.710173201350404,"Sigma":2.029424064561648,"Taucorr":0.1418438496266483},"Iteration":49},
{"Acceptance":[0.195],"Energy":{"Mean":-4.189517888402923,"Sigma":0.5008656057504267,"Taucorr":0.6306172470314784},"EnergyVariance":{"Mean":14.51081704993536,"Sigma":3.4980767958449532,"Taucorr":0.14641329360518218},"Iteration":50},
{"Acceptance":[0.1322222222222222],"Energy":{"Mean":-4.185377359784096,"Sigma":0.4231303668336219,"Taucorr":0.45991396790592465},"EnergyVariance":{"Mean":13.344278940369309,"Sigma":4.4775003484027645,"Taucorr":0.019654060893188885},"Iteration":51},
{"Acceptance":[0.13833333333333334],"Energy":{"Mean":-4.846325428080639,"Sigma":0.36255638348268326,"Taucorr":0.4477072590390374},"EnergyVariance":{"Mean":8.116665118740075,"Sigma":2.4684361160640367,"Taucorr":0.38254772185196717},"Iteration":52},
{"Acceptance":[0.155],"Energy":{"Mean":-3.8819583581092907,"Sigma":0.5145013411168643,"Taucorr":0.501785557781163},"EnergyVariance":{"Mean":16.843359915102646,"Sigma":3.687371566827156,"Taucorr":0.210571773151642},"Iteration":53},
{"Acceptance":[0.155],"Energy":{"Mean":-4.133770826792201,"Sigma":0.4200909393137318,"Taucorr":0.18852868549467838},"EnergyVariance":{"Mean":15.108304452937668,"Sigma":3.875740146910927,"Taucorr":-0.06274456797432765},"Iteration":54},
{"Acceptance":[0.135],"Energy":{"Mean":-4.399608046984148,"Sigma":0.46953299371496937,"Taucorr":0.5323989290590914},"EnergyVariance":{"Mean":14.571495326634855,"Sigma":3.708950441391924,"Taucorr":0.3269773163161568},"Iteration":55},
{"Acceptance":[0.13666666666666666],"Energy":{"Mean":-3.774907518355346,"Sigma":0.5955510118629601,"Taucorr":0.6353370106364922},"EnergyVariance":{"Mean":25.589752235521274,"Sigma":8.059343543349433,"Taucorr":0.5701938314889112},"Iteration":56},
{"Acceptance":[0.10833333333333334],"Energy":{"Mean":-5.09028185519381,"Sigma":0.6224819145904746,"Taucorr":0.9548240868258977},"EnergyVariance":{"Mean":16.80415711272685,"Sigma":7.990543426292945,"Taucorr":0.7735433409920944},"Iteration":57},
{"Acceptance":[0.09833333333333333],"Energy":{"Mean":-3.078952910556403,"Sigma":0.7206217344558293,"Taucorr":0.505979635184006},"EnergyVariance":{"Mean":30.447330775463485,"Sigma":6.163933517967949,"Taucorr":0.19955807277029214},"Iteration":58},
{"Acceptance":[0.06777777777777778],"Energy":{"Mean":-5.627215293499356,"Sigma":0.4069863869886523,"Taucorr":0.5829407173645342},"EnergyVariance":{"Mean":9.468034870941327,"Sigma":2.7202208857856864,"Taucorr":0.042415228138354855},"Iteration":59},
{"Acceptance":[0.07777777777777778],"Energy":{"Mean":-4.686847671289833,"Sigma":0.6777675134168335,"Taucorr":0.8695332949558332},"EnergyVariance":{"Mean":24.39760980842131,"Sigma":9.699532801485915,"Taucorr":0.5401917435607},"Iteration":60},
{"Acceptance":[0.10833333333333334],"Energy":{"Mean":-5.7747872359428465,"Sigma":0.40672793575381644,"Taucorr":0.6371596910323842},"EnergyVariance":{"Mean":11.435985629941225,"Sigma":4.631297937743296,"Taucorr":0.20930402881687626},"Iteration":61},
{"Acceptance":[0.06277777777777778],"Energy":{"Mean":-6.904769377780652,"Sigma":0.24123605926475616,"Taucorr":0.2860627506946226},"EnergyVariance":{"Mean":4.833067195276478,"Sigma":2.9951501894886783,"Taucorr":-0.004607765130903885},"Iteration":62},
{"Acceptance":[0.05277777777777778],"Energy":{"Mean":-5.981956062430503,"Sigma":0.41716891397390793,"Taucorr":0.5435659543186457},"EnergyVariance":{"Mean":11.968125263201069,"Sigma":5.785744982992173,"Taucorr":0.037190244595635136},"Iteration":63},
{"Acceptance":[0.05611111111111111],"Energy":{"Mean":-5.336091195178497,"Sigma":0.6154496688487674,"Taucorr":0.34427216485428525},"EnergyVariance":{"Mean":29.94347286208467,"Sigma":11.092185009750724,"Taucorr":0.08346964131902856},"Iteration":64},
{"Acceptance":[0.027777777777777776],"Energy":{"Mean":-7.290812057115897,"Sigma":0.14641131219161962,"Taucorr":0.7400628913901459},"EnergyVariance":{"Mean":0.8696454268541276,"Sigma":0.33511465991189965,"Taucorr":0.5118340253578257},"Iteration":65},
{"Acceptance":[0.03],"Energy":{"Mean":-7.379652852205539,"Sigma":0.13083287556462356,"Taucorr":1.1584444769998954},"EnergyVariance":{"Mean":0.5145023702597122,"Sigma":0.1716024677974268,"Taucorr":1.116610122449035},"Iteration":66},
{"Acceptance":[0.03111111111111111],"Energy":{"Mean":-5.278697315567112,"Sigma":0.7829511682521203,"Taucorr":0.5707783801576316},"EnergyVariance":{"Mean":36.08859071061907,"Sigma":17.78681056979405,"Taucorr":0.4243106280806793},"Iteration":67},
{"Acceptance":[0.02388888888888889],"Energy":{"Mean":-7.317803865743696,"Sigma":0.16947111293799533,"Taucorr":0.9424144961589913},"EnergyVariance":{"Mean":0.9776333614268077,"Sigma":0.4088546515260296,"Taucorr":0.8627920756985961},"Iteration":68},
{"Acceptance":[0.029444444444444443],"Energy":{"Mean":-7.133167422602767,"Sigma":0.16688458018214883,"Taucorr":1.0195620102579648},"EnergyVariance":{"Mean":0.907618777597628,"Sigma":0.14954236155270276,"Taucorr":0.41885432237498377},"Iteration":69},
{"Acceptance":[0.01611111111111111],"Energy":{"Mean":-7.4674294310995215,"Sigma":0.12536152329365777,"Taucorr":0.9216760667276709},"EnergyVariance":{"Mean":0.5379710287297476,"Sigma":0.15742613255396118,"Taucorr":0.8923320382470379},"Iteration":70},
{"Acceptance":[0.03222222222222222],"Energy":{"Mean":-6.924473042346322,"Sigma":0.5887009946001266,"Taucorr":0.20648849411037162},"EnergyVariance":{"Mean":23.90713819383263,"Sigma":22.914296858045823,"Taucorr":0.007053680856550337},"Iteration":71},
{"Acceptance":[0.02666666666666667],"Energy":{"Mean":-7.824768266013663,"Sigma":0.01957521129327013,"Taucorr":-8.881784197001252e-16},"EnergyVariance":{"Mean":0.03703925068452877,"Sigma":0.03663045603821678,"Taucorr":0.0},"Iteration":72},
{"Acceptance":[0.015],"Energy":{"Mean":-7.621592619797808,"Sigma":0.10423849359660527,"Taucorr":0.585219462000522},"EnergyVariance":{"Mean":0.48498628610686034,"Sigma":0.21135651681824258,"Taucorr":0.42335489252232683},"Iteration":73},
{"Acceptance":[0.022222222222222223],"Energy":{"Mean":-7.173622006137848,"Sigma":0.17446102977426436,"Taucorr":0.9541307267112289},"EnergyVariance":{"Mean":1.01815861554622,"Sigma":0.19318439493431772,"Taucorr":0.7465961364463864},"Iteration":74},
{"Acceptance":[0.02],"Energy":{"Mean":-7.349401410784502,"Sigma":0.2213859124307557,"Taucorr":1.102122732929092},"EnergyVariance":{"Mean":1.4774578620143162,"Sigma":0.8365672899446789,"Taucorr":1.2771649389464304},"Iteration":75},
{"Acceptance":[0.015555555555555555],"Energy":{"Mean":-7.622886301787789,"Sigma":0.13751439514025346,"Taucorr":1.1900764652101137},"EnergyVariance":{"Mean":0.5367845349054448,"Sigma":0.24085835962853333,"Taucorr":0.7796487453361334},"Iteration":76},
{"Acceptance":[0.006666666666666667],"Energy":{"Mean":-7.874476713222105,"Sigma":0.027539030626990126,"Taucorr":-0.01665124884366187},"EnergyVariance":{"Mean":0.07534504252056871,"Sigma":0.05098879140796763,"Taucorr":-0.016651248843663202},"Iteration":77},
{"Acceptance":[0.015],"Energy":{"Mean":-7.864303839991862,"Sigma":0.0435840114037588,"Taucorr":0.32057279056838295},"EnergyVariance":{"Mean":0.11073922982197298,"Sigma":0.07835292415551151,"Taucorr":0.31923986143109084},"Iteration":78},
{"Acceptance":[0.007222222222222222],"Energy":{"Mean":-7.932036781243283,"Sigma":0.0,"Taucorr":null},"EnergyVariance":{"Mean":4.3133382333018633e-05,"Sigma":0.0,"Taucorr":null},"Iteration":79},
{"Acceptance":[0.008888888888888889],"Energy":{"Mean":-7.598874275178839,"Sigma":0.13670864306947844,"Taucorr":1.151958474142},"EnergyVariance":{"Mean":0.5416884531927583,"Sigma":0.17063519714452816,"Taucorr":1.138432257515171},"Iteration":80},
{"Acceptance":[0.008888888888888889],"Energy":{"Mean":-7.804951346346135,"Sigma":0.10640329130616742,"Taucorr":1.1782082077258553},"EnergyVariance":{"Mean":0.3241947716256623,"Sigma":0.2446754989087422,"Taucorr":0.8352665040536416},"Iteration":81},
{"Acceptance":[0.009444444444444445],"Energy":{"Mean":-7.870492537442827,"Sigma":0.055628171073571826,"Taucorr":0.48771266540642777},"EnergyVariance":{"Mean":0.14911946321763825,"Sigma":0.09862001427780694,"Taucorr":0.4877126654064272},"Iteration":82},
{"Acceptance":[0.0033333333333333335],"Energy":{"Mean":-7.874683800184546,"Sigma":0.05615124009377762,"Taucorr":0.4877269015241128},"EnergyVariance":{"Mean":0.1525708306768901,"Sigma":0.10101076028953074,"Taucorr":0.4877841346547711},"Iteration":83},
{"Acceptance":[0.012222222222222223],"Energy":{"Mean":-5.55278444640425,"Sigma":1.977674582189143,"Taucorr":0.05682336417059275},"EnergyVariance":{"Mean":397.68340200598254,"Sigma":392.92891971548187,"Taucorr":-0.0002667054262571744},"Iteration":84},
{"Acceptance":[0.0],"Energy":{"Mean":-7.963811084310535,"Sigma":0.0,"Taucorr":null},"EnergyVariance":{"Mean":3.393583671086541e-05,"Sigma":0.0,"Taucorr":null},"Iteration":85},
{"Acceptance":[0.0],"Energy":{"Mean":-7.966896321977594,"Sigma":0.0,"Taucorr":null},"EnergyVariance":{"Mean":3.0699070454389635e-05,"Sigma":0.0,"Taucorr":null},"Iteration":86},
{"Acceptance":[0.005],"Energy":{"Mean":-7.9289031497589075,"Sigma":0.04061164917676414,"Taucorr":0.510452919082975},"EnergyVariance":{"Mean":0.07787970290171126,"Sigma":0.07620242280230169,"Taucorr":0.5097523052127193},"Iteration":87},
{"Acceptance":[0.0],"Energy":{"Mean":-7.971775234888666,"Sigma":0.0,"Taucorr":null},"EnergyVariance":{"Mean":2.5476387989012176e-05,"Sigma":0.0,"Taucorr":null},"Iteration":88},
{"Acceptance":[0.002777777777777778],"Energy":{"Mean":-7.892922880578941,"Sigma":0.06298658670991601,"Taucorr":0.7554042997896004},"EnergyVariance":{"Mean":0.1502697460605253,"Sigma":0.11198361465783677,"Taucorr":0.7536889457774112},"Iteration":89},
{"Acceptance":[0.0011111111111111111],"Energy":{"Mean":-7.934870528658181,"Sigma":0.04054388663599556,"Taucorr":0.5106382978723392},"EnergyVariance":{"Mean":0.07732087043947773,"Sigma":0.07565591870147284,"Taucorr":0.5106382978723403},"Iteration":90},
{"Acceptance":[0.0022222222222222222],"Energy":{"Mean":-7.936336500703163,"Sigma":0.028055554531573806,"Taucorr":-0.016651248843664257},"EnergyVariance":{"Mean":0.07740730274125404,"Sigma":0.05238075107252901,"Taucorr":-0.016651248843663202},"Iteration":91},
{"Acceptance":[0.0],"Energy":{"Mean":-7.978212787650016,"Sigma":0.0,"Taucorr":null},"EnergyVariance":{"Mean":1.7165210993853095e-05,"Sigma":0.0,"Taucorr":null},"Iteration":92},
{"Acceptance":[0.0011111111111111111],"Energy":{"Mean":-7.9793448590004985,"Sigma":0.0,"Taucorr":null},"EnergyVariance":{"Mean":1.5587388525691357e-05,"Sigma":0.0,"Taucorr":null},"Iteration":93},
{"Acceptance":[0.0],"Energy":{"Mean":-7.980327886191641,"Sigma":0.0,"Taucorr":null},"EnergyVariance":{"Mean":1.4275739664309092e-05,"Sigma":0.0,"Taucorr":null},"Iteration":94},
{"Acceptance":[0.0033333333333333335],"Energy":{"Mean":-7.981184132143908,"Sigma":0.0,"Taucorr":null},"EnergyVariance":{"Mean":1.3177645675232994e-05,"Sigma":0.0,"Taucorr":null},"Iteration":95},
{"Acceptance":[0.0016666666666666668],"Energy":{"Mean":-7.940858321316746,"Sigma":0.0410737769285429,"Taucorr":0.5106382978723405},"EnergyVariance":{"Mean":0.07962603135896855,"Sigma":0.07792672388056303,"Taucorr":0.5106382978723407},"Iteration":96},
{"Acceptance":[0.0011111111111111111],"Energy":{"Mean":-7.962276948813525,"Sigma":0.020335896953689064,"Taucorr":0.0},"EnergyVariance":{"Mean":0.03930891149762922,"Sigma":0.03888398379163979,"Taucorr":-2.220446049250313e-16},"Iteration":97},
{"Acceptance":[0.0011111111111111111],"Energy":{"Mean":-7.9832201152833955,"Sigma":0.0,"Taucorr":null},"EnergyVariance":{"Mean":1.0565078899370101e-05,"Sigma":0.0,"Taucorr":null},"Iteration":98},
{"Acceptance":[0.0016666666666666668],"Energy":{"Mean":-7.983753844096148,"Sigma":0.0,"Taucorr":null},"EnergyVariance":{"Mean":9.875862725018267e-06,"Sigma":0.0,"Taucorr":null},"Iteration":99} 
]}
{"input": {"L": 8, "J": 1, "machine": {"type": "FFNN", "model": ["lncosh", 11, 3]}, "sampler": {"type": "MetropolisHop", "d_max": 5}, "optimizer": {"type": "AdaMax", "alpha": 0.001, "beta1": 0.9, "beta2": 0.999, "epscut": 1e-07}, "VMC": {"n_samples": 100, "discarded_samples": 100, "discarded_samples_on_init": 0, "target": "energy", "method": "Gd", "diag_shift": 0.01, "use_iterative": true, "use_cholesky": true}, "n_iter": 100}}
duration: -0.8121318817138672