{"Output": [
{"Acceptance":[0.7783333333333333],"Energy":{"Mean":5.993670445703141,"Sigma":0.2493066855168161,"Taucorr":0.13225824017983268},"EnergyVariance":{"Mean":4.885432016643202,"Sigma":0.6045155370946741,"Taucorr":-0.06202165224818623},"Iteration":0},
{"Acceptance":[0.6988888888888889],"Energy":{"Mean":5.45401363049007,"Sigma":0.2380680130751873,"Taucorr":-0.005468111947913357},"EnergyVariance":{"Mean":6.467923537008448,"Sigma":0.9243837951569207,"Taucorr":0.019316416808418557},"Iteration":1},
{"Acceptance":[0.6088888888888889],"Energy":{"Mean":4.865527595975672,"Sigma":0.2950329213037415,"Taucorr":0.25012598669012953},"EnergyVariance":{"Mean":6.860482134606947,"Sigma":0.8313217595763759,"Taucorr":0.06923521435994606},"Iteration":2},
{"Acceptance":[0.525],"Energy":{"Mean":4.375643503644721,"Sigma":0.2701111573151287,"Taucorr":0.17546263854890598},"EnergyVariance":{"Mean":6.644390554671192,"Sigma":0.7700077535395924,"Taucorr":0.05146055507905689},"Iteration":3},
{"Acceptance":[0.46111111111111114],"Energy":{"Mean":3.3847724674125925,"Sigma":0.2640530958941936,"Taucorr":0.03504923449609132},"EnergyVariance":{"Mean":9.579388824974805,"Sigma":0.9123849219110146,"Taucorr":-0.12532689124970126},"Iteration":4},
{"Acceptance":[0.4272222222222222],"Energy":{"Mean":2.0604350299517953,"Sigma":0.34408625554986816,"Taucorr":0.371368967646855},"EnergyVariance":{"Mean":8.40677946807206,"Sigma":1.1798231445121847,"Taucorr":0.13449343680874903},"Iteration":5},
{"Acceptance":[0.35055555555555556],"Energy":{"Mean":1.8720928475385419,"Sigma":0.37477297836424633,"Taucorr":0.5803306304060092},"EnergyVariance":{"Mean":9.429029980621625,"Sigma":0.8684590683648367,"Taucorr":0.15088025138751737},"Iteration":6},
{"Acceptance":[0.3416666666666667],"Energy":{"Mean":0.46343533485216654,"Sigma":0.3482983165961685,"Taucorr":0.37643034217410665},"EnergyVariance":{"Mean":9.011808754520558,"Sigma":1.6245074445329437,"Taucorr":0.2899895812484736},"Iteration":7},
{"Acceptance":[0.30666666666666664],"Energy":{"Mean":-0.6338402739992661,"Sigma":0.3037348641787929,"Taucorr":0.6701409588701615},"EnergyVariance":{"Mean":8.057418666795892,"Sigma":1.5379810047045388,"Taucorr":0.610954573023875},"Iteration":8},
{"Acceptance":[0.2811111111111111],"Energy":{"Mean":-0.18012264578492518,"Sigma":0.39400218845438234,"Taucorr":0.6344755426145545},"EnergyVariance":{"Mean":13.559174012933465,"Sigma":3.5802319497307264,"Taucorr":0.4110710277925982},"Iteration":9},
{"Acceptance":[0.24333333333333335],"Energy":{"Mean":-1.1959131916412995,"Sigma":0.3365290175924402,"Taucorr":0.679377188826692},"EnergyVariance":{"Mean":8.482110367830769,"Sigma":1.8987929084846529,"Taucorr":0.4173375031411597},"Iteration":10},
{"Acceptance":[0.22166666666666668],"Energy":{"Mean":-0.8298943162352378,"Sigma":0.3410523990730314,"Taucorr":0.35495346123300586},"EnergyVariance":{"Mean":14.764402830575856,"Sigma":3.052584642811569,"Taucorr":0.34411621712986096},"Iteration":11},
{"Acceptance":[0.22166666666666668],"Energy":{"Mean":-1.6853393164632073,"Sigma":0.2776714374152555,"Taucorr":0.3045113547304009},"EnergyVariance":{"Mean":11.367447789841709,"Sigma":2.5470510494884393,"Taucorr":0.07281726464881833},"Iteration":12},
{"Acceptance":[0.19277777777777777],"Energy":{"Mean":-1.336201736163059,"Sigma":0.3632556001867787,"Taucorr":0.588810306290322},"EnergyVariance":{"Mean":16.47309714602429,"Sigma":6.907302761231973,"Taucorr":0.2417539495930373},"Iteration":13},
{"Acceptance":[0.20222222222222222],"Energy":{"Mean":-2.217099393673149,"Sigma":0.2506373550709513,"Taucorr":0.30481397940807153},"EnergyVariance":{"Mean":15.547400341704428,"Sigma":3.2685430490681546,"Taucorr":0.06831847471264951},"Iteration":14},
{"Acceptance":[0.17777777777777778],"Energy":{"Mean":-2.4924508103609564,"Sigma":0.3656438004989401,"Taucorr":0.4723355273820903},"EnergyVariance":{"Mean":9.762210493036873,"Sigma":3.0884387147001844,"Taucorr":0.6215630434695036},"Iteration":15},
{"Acceptance":[0.1527777777777778],"Energy":{"Mean":-3.180920895478327,"Sigma":0.18546870312517225,"Taucorr":0.06588754147555709},"EnergyVariance":{"Mean":6.534458616000928,"Sigma":2.264152002347839,"Taucorr":0.3259873549116197},"Iteration":16},
{"Acceptance":[0.15722222222222224],"Energy":{"Mean":-3.0489385508032294,"Sigma":0.2701472764708354,"Taucorr":0.23053197899204403},"EnergyVariance":{"Mean":6.875644134783483,"Sigma":2.117021161432541,"Taucorr":-0.039696549194549846},"Iteration":17},
{"Acceptance":[0.14333333333333334],"Energy":{"Mean":-3.5067082944869887,"Sigma":0.17428955614224087,"Taucorr":-0.0753966265789966},"EnergyVariance":{"Mean":4.647035208328027,"Sigma":1.8105750436427972,"Taucorr":0.015342328282251683},"Iteration":18},
{"Acceptance":[0.13111111111111112],"Energy":{"Mean":-3.6441460839917177,"Sigma":0.18688561614060453,"Taucorr":0.4562683325839024},"EnergyVariance":{"Mean":3.05349593390555,"Sigma":0.7521718001236073,"Taucorr":0.08370847477932941},"Iteration":19},
{"Acceptance":[0.11222222222222222],"Energy":{"Mean":-4.132548350567735,"Sigma":0.14307863139895088,"Taucorr":0.23308214731203447},"EnergyVariance":{"Mean":2.058418570474327,"Sigma":0.7040973976095511,"Taucorr":0.021839875912887274},"Iteration":20},
{"Acceptance":[0.165],"Energy":{"Mean":-3.743889356112822,"Sigma":0.1802292736250068,"Taucorr":0.40535293681988405},"EnergyVariance":{"Mean":2.713369400736809,"Sigma":0.7985486075736694,"Taucorr":0.2951675284194023},"Iteration":21},
{"Acceptance":[0.13333333333333333],"Energy":{"Mean":-4.115568959627239,"Sigma":0.13996154674026579,"Taucorr":0.000865221457159282},"EnergyVariance":{"Mean":3.9171883119771245,"Sigma":1.8543366125074368,"Taucorr":0.3909973878974149},"Iteration":22},
{"Acceptance":[0.11944444444444445],"Energy":{"Mean":-3.9391132306413206,"Sigma":0.292441585251414,"Taucorr":0.21843053262540124},"EnergyVariance":{"Mean":7.0594461819353125,"Sigma":3.297336235948169,"Taucorr":0.03516272575484103},"Iteration":23},
{"Acceptance":[0.12277777777777778],"Energy":{"Mean":-4.078651875932468,"Sigma":0.3234457856340711,"Taucorr":0.26961226214675227},"EnergyVariance":{"Mean":8.06052530342444,"Sigma":4.56267147566416,"Taucorr":0.2779696954473987},"Iteration":24},
{"Acceptance":[0.11777777777777777],"Energy":{"Mean":-3.9662794125838543,"Sigma":0.4715459899302143,"Taucorr":0.33942218632984433},"EnergyVariance":{"Mean":20.15260851586781,"Sigma":9.59596131949207,"Taucorr":0.3639569330949154},"Iteration":25},
{"Acceptance":[0.13666666666666666],"Energy":{"Mean":-4.2537956603924805,"Sigma":0.27292934710062333,"Taucorr":0.27287528031363795},"EnergyVariance":{"Mean":11.171030665847848,"Sigma":7.135970679617676,"Taucorr":0.6234678003042369},"Iteration":26},
{"Acceptance":[0.1238888888888889],"Energy":{"Mean":-4.317182016155818,"Sigma":0.14618874577023644,"Taucorr":0.2588709173905175},"EnergyVariance":{"Mean":1.548106832346906,"Sigma":0.5077519275062603,"Taucorr":0.1810995046679289},"Iteration":27},
{"Acceptance":[0.13277777777777777],"Energy":{"Mean":-4.462982057057402,"Sigma":0.19738086675926983,"Taucorr":-0.11007670450369283},"EnergyVariance":{"Mean":11.743529097719662,"Sigma":5.645213437945073,"Taucorr":0.4157990767008296},"Iteration":28},
{"Acceptance":[0.11944444444444445],"Energy":{"Mean":-4.269276439889014,"Sigma":0.1591475501623869,"Taucorr":-0.3831376343324311},"EnergyVariance":{"Mean":10.557839818117174,"Sigma":8.098658119177005,"Taucorr":0.42904379208060794},"Iteration":29},
{"Acceptance":[0.11722222222222223],"Energy":{"Mean":-4.665957261909989,"Sigma":0.1532079001108343,"Taucorr":-0.14300138821825553},"EnergyVariance":{"Mean":3.4668915694379985,"Sigma":1.224631278006036,"Taucorr":0.041795047350864145},"Iteration":30},
{"Acceptance":[0.12777777777777777],"Energy":{"Mean":-4.94138241602481,"Sigma":0.20311621890112572,"Taucorr":-0.03655038757560247},"EnergyVariance":{"Mean":6.653664855460717,"Sigma":2.4865860863678035,"Taucorr":0.01537724461126555},"Iteration":31},
{"Acceptance":[0.1288888888888889],"Energy":{"Mean":-4.510692969254068,"Sigma":0.2835867288989254,"Taucorr":0.05011090552555786},"EnergyVariance":{"Mean":7.952882997601529,"Sigma":3.1338738792264613,"Taucorr":-0.051812225403510215},"Iteration":32},
{"Acceptance":[0.13833333333333334],"Energy":{"Mean":-4.524301674654175,"Sigma":0.24571527871144533,"Taucorr":0.7514533254727158},"EnergyVariance":{"Mean":2.4630332950680165,"Sigma":1.0154609438778375,"Taucorr":0.7537632731645305},"Iteration":33},
{"Acceptance":[0.16],"Energy":{"Mean":-5.543011570502119,"Sigma":0.6072651590578119,"Taucorr":0.3964713444260284},"EnergyVariance":{"Mean":29.308056249958895,"Sigma":16.460760889806068,"Taucorr":0.4358514829828386},"Iteration":34},
{"Acceptance":[0.12333333333333334],"Energy":{"Mean":-4.749808895927699,"Sigma":0.20158677679287937,"Taucorr":0.46986998051991713},"EnergyVariance":{"Mean":2.233331492646832,"Sigma":1.0650949930514846,"Taucorr":0.42121790600500664},"Iteration":35},
{"Acceptance":[0.14555555555555555],"Energy":{"Mean":-4.660266094790051,"Sigma":0.43477188915857057,"Taucorr":0.2427382788681055},"EnergyVariance":{"Mean":13.325048974112699,"Sigma":7.327983095965689,"Taucorr":0.008387397273477926},"Iteration":36},
{"Acceptance":[0.15333333333333332],"Energy":{"Mean":-4.4799704258765525,"Sigma":0.25179207099625284,"Taucorr":-0.0621422078644856},"EnergyVariance":{"Mean":7.785434472303892,"Sigma":4.493925534018387,"Taucorr":-0.016118140439903728},"Iteration":37},
{"Acceptance":[0.14833333333333334],"Energy":{"Mean":-4.353668135398919,"Sigma":0.34192510841004276,"Taucorr":0.20480630346825857},"EnergyVariance":{"Mean":8.667573761521185,"Sigma":7.2536582826199805,"Taucorr":0.0012786400302728929},"Iteration":38},
{"Acceptance":[0.135],"Energy":{"Mean":-4.910941934699327,"Sigma":0.16024391995503462,"Taucorr":0.08821754755846223},"EnergyVariance":{"Mean":2.1902398947820885,"Sigma":0.7133914914219198,"Taucorr":0.3596876009790203},"Iteration":39},
{"Acceptance":[0.1511111111111111],"Energy":{"Mean":-4.614890594359764,"Sigma":0.17817331587103283,"Taucorr":0.02405928140074165},"EnergyVariance":{"Mean":2.9528985030032624,"Sigma":1.042802347703337,"Taucorr":0.8285641385954285},"Iteration":40},
{"Acceptance":[0.14777777777777779],"Energy":{"Mean":-4.493944642651599,"Sigma":0.19173499416601714,"Taucorr":0.11589596845302541},"EnergyVariance":{"Mean":2.8769423486615033,"Sigma":0.7534899019897539,"Taucorr":0.1724642953736315},"Iteration":41},
{"Acceptance":[0.15388888888888888],"Energy":{"Mean":-5.059338543573286,"Sigma":0.21046170090147132,"Taucorr":-0.027803686974834096},"EnergyVariance":{"Mean":4.6774925640652905,"Sigma":1.4925988447532184,"Taucorr":0.47017034463485596},"Iteration":42},
{"Acceptance":[0.17277777777777778],"Energy":{"Mean":-5.029006057869537,"Sigma":0.16609056008901776,"Taucorr":-0.03460235181154936},"EnergyVariance":{"Mean":2.927602956710883,"Sigma":0.8329016208018152,"Taucorr":0.07836752725818996},"Iteration":43},
{"Acceptance":[0.175],"Energy":{"Mean":-5.465368488221758,"Sigma":0.274352411413968,"Taucorr":0.1629355182353449},"EnergyVariance":{"Mean":5.544256872419285,"Sigma":2.3144965120529437,"Taucorr":0.33644678098502967},"Iteration":44},
{"Acceptance":[0.15777777777777777],"Energy":{"Mean":-5.085799960063778,"Sigma":0.2740439373106626,"Taucorr":0.3379878760155761},"EnergyVariance":{"Mean":4.365283044639549,"Sigma":1.89643811619157,"Taucorr":0.18828733706279033},"Iteration":45},
{"Acceptance":[0.17333333333333334],"Energy":{"Mean":-4.742248017465922,"Sigma":0.4183985402409803,"Taucorr":-0.02756125395905995},"EnergyVariance":{"Mean":18.5318267398417,"Sigma":10.733832483316217,"Taucorr":0.10593827808147582},"Iteration":46},
{"Acceptance":[0.17333333333333334],"Energy":{"Mean":-4.768209619501291,"Sigma":0.23524916101403462,"Taucorr":0.10961536033017794},"EnergyVariance":{"Mean":4.397925846011265,"Sigma":0.9948761067426615,"Taucorr":0.026322616247600794},"Iteration":47},
{"Acceptance":[0.15888888888888889],"Energy":{"Mean":-5.080301339475559,"Sigma":0.18875972805611496,"Taucorr":0.5953575990770017},"EnergyVariance":{"Mean":1.6224917024746561,"Sigma":0.4794200634269682,"Taucorr":0.1699783008144018},"Iteration":48},
{"Acceptance":[0.1688888888888889],"Energy":{"Mean":-4.827895378678222,"Sigma":0.16312462592758492,"Taucorr":0.14379810779633218},"EnergyVariance":{"Mean":2.0205040989616943,"Sigma":0.6085710450832476,"Taucorr":0.03035352921540735},"Iteration":49},
{"Acceptance":[0.18],"Energy":{"Mean":-4.796395162029967,"Sigma":0.20844894051793225,"Taucorr":0.09743807581239838},"EnergyVariance":{"Mean":3.5731284503490564,"Sigma":1.069838304071504,"Taucorr":0.3946022519156709},"Iteration":50},
{"Acceptance":[0.19166666666666668],"Energy":{"Mean":-5.132266818653005,"Sigma":0.45235309680689867,"Taucorr":0.21556717442765527},"EnergyVariance":{"Mean":13.98202302912226,"Sigma":9.28718086308584,"Taucorr":0.19538030061005807},"Iteration":51},
{"Acceptance":[0.1711111111111111],"Energy":{"Mean":-4.511203424027691,"Sigma":0.2824686002432101,"Taucorr":0.3431148152387954},"EnergyVariance":{"Mean":4.631179970155322,"Sigma":1.3010037397090577,"Taucorr":0.08788623050334676},"Iteration":52},
{"Acceptance":[0.185],"Energy":{"Mean":-4.749549382386797,"Sigma":0.2703293977038522,"Taucorr":0.1655519964943124},"EnergyVariance":{"Mean":5.498443402250798,"Sigma":2.692867654306042,"Taucorr":0.009953530544793532},"Iteration":53},
{"Acceptance":[0.16666666666666666],"Energy":{"Mean":-4.901779570977997,"Sigma":0.19897739119397148,"Taucorr":0.00014520660426697862},"EnergyVariance":{"Mean":3.916801274812782,"Sigma":0.8039792429414735,"Taucorr":0.029471155590373055},"Iteration":54},
{"Acceptance":[0.18],"Energy":{"Mean":-5.058754923519217,"Sigma":0.24815326997811243,"Taucorr":0.5134212569416614},"EnergyVariance":{"Mean":3.071153648631836,"Sigma":1.1954740531155685,"Taucorr":0.8390125107800082},"Iteration":55},
{"Acceptance":[0.17888888888888888],"Energy":{"Mean":-4.743018407822481,"Sigma":0.40336196791381096,"Taucorr":0.3047703835073565},"EnergyVariance":{"Mean":9.992221483477552,"Sigma":4.812546194413373,"Taucorr":-0.006685643346592551},"Iteration":56},
{"Acceptance":[0.17888888888888888],"Energy":{"Mean":-4.799787720419907,"Sigma":0.2991551160694467,"Taucorr":0.6091820303641611},"EnergyVariance":{"Mean":4.178568692157127,"Sigma":1.4325582884849426,"Taucorr":0.292873473067092},"Iteration":57},
{"Acceptance":[0.19],"Energy":{"Mean":-4.697980925459404,"Sigma":0.2972828491318692,"Taucorr":0.018444971720368963},"EnergyVariance":{"Mean":8.264450759563083,"Sigma":3.29687257045711,"Taucorr":-0.006820510280036829},"Iteration":58},
{"Acceptance":[0.16833333333333333],"Energy":{"Mean":-4.767855238438523,"Sigma":0.1198950629095636,"Taucorr":-0.049619130981792325},"EnergyVariance":{"Mean":1.5554806496856177,"Sigma":0.3885402178999129,"Taucorr":0.20621117607098283},"Iteration":59},
{"Acceptance":[0.1922222222222222],"Energy":{"Mean":-4.883906277953803,"Sigma":0.2614083414432275,"Taucorr":0.5906036130573051},"EnergyVariance":{"Mean":3.073048972708622,"Sigma":1.195973441535591,"Taucorr":0.7929858581773401},"Iteration":60},
{"Acceptance":[0.20333333333333334],"Energy":{"Mean":-5.182183296900473,"Sigma":0.24336347000338293,"Taucorr":-0.0461893268363075},"EnergyVariance":{"Mean":6.425664667941216,"Sigma":2.2687062654453873,"Taucorr":0.21033532678561395},"Iteration":61},
{"Acceptance":[0.19],"Energy":{"Mean":-4.444240327973585,"Sigma":0.34857722203695546,"Taucorr":0.681652424831646},"EnergyVariance":{"Mean":5.221219969550845,"Sigma":1.9556455597131888,"Taucorr":0.7530020158871331},"Iteration":62},
{"Acceptance":[0.16],"Energy":{"Mean":-5.139292660728998,"Sigma":0.2421745895201508,"Taucorr":0.3727818273943245},"EnergyVariance":{"Mean":3.295530581914155,"Sigma":1.099672591556731,"Taucorr":0.5107573692952434},"Iteration":63},
{"Acceptance":[0.18888888888888888],"Energy":{"Mean":-5.081982641457678,"Sigma":0.19520298685556045,"Taucorr":0.5240053459779153},"EnergyVariance":{"Mean":1.788014281504732,"Sigma":0.3776861783734477,"Taucorr":0.3205377709014231},"Iteration":64},
{"Acceptance":[0.20444444444444446],"Energy":{"Mean":-5.108206527778883,"Sigma":0.32796975881557744,"Taucorr":0.09275833525620303},"EnergyVariance":{"Mean":8.940861795358643,"Sigma":3.610494408306435,"Taucorr":0.3468016577571773},"Iteration":65},
{"Acceptance":[0.19277777777777777],"Energy":{"Mean":-4.9706651599994185,"Sigma":0.21244449149277803,"Taucorr":0.04497068736809828},"EnergyVariance":{"Mean":4.160158944305457,"Sigma":1.3175267723385662,"Taucorr":-0.031155209931107375},"Iteration":66},
{"Acceptance":[0.18555555555555556],"Energy":{"Mean":-5.933631792829959,"Sigma":0.5329831967470531,"Taucorr":0.524580393206284},"EnergyVariance":{"Mean":13.446405010037818,"Sigma":9.15377360475153,"Taucorr":0.669842374891096},"Iteration":67},
{"Acceptance":[0.1811111111111111],"Energy":{"Mean":-5.129022322694143,"Sigma":0.3337330827219318,"Taucorr":0.5869864084136582},"EnergyVariance":{"Mean":5.312876959750875,"Sigma":3.0447096470156008,"Taucorr":0.5890791048925452},"Iteration":68},
{"Acceptance":[0.17],"Energy":{"Mean":-5.221958639259775,"Sigma":0.25770064345434696,"Taucorr":0.24458361468333112},"EnergyVariance":{"Mean":4.307665421240045,"Sigma":1.5426423881165365,"Taucorr":0.04062248418045067},"Iteration":69},
{"Acceptance":[0.18888888888888888],"Energy":{"Mean":-5.266626740892504,"Sigma":0.2314460459673217,"Taucorr":0.06358385039330006},"EnergyVariance":{"Mean":4.614596528939374,"Sigma":1.8043658865523657,"Taucorr":0.0032385064734574698},"Iteration":70},
{"Acceptance":[0.1811111111111111],"Energy":{"Mean":-5.080945975856106,"Sigma":0.3306413724460515,"Taucorr":-0.07082876901329294},"EnergyVariance":{"Mean":12.423273693544267,"Sigma":10.216627331112198,"Taucorr":0.003285652097348213},"Iteration":71},
{"Acceptance":[0.19611111111111112],"Energy":{"Mean":-4.825317098736236,"Sigma":0.21882718842849028,"Taucorr":-0.039206329928138384},"EnergyVariance":{"Mean":5.151491111664254,"Sigma":1.3747286655338755,"Taucorr":0.058278691714711006},"Iteration":72},
{"Acceptance":[0.2011111111111111],"Energy":{"Mean":-5.205626603171005,"Sigma":0.3732216629916448,"Taucorr":0.042538214054946955},"EnergyVariance":{"Mean":12.651830312170656,"Sigma":7.568640994826339,"Taucorr":0.0024275069409026573},"Iteration":73},
{"Acceptance":[0.16666666666666666],"Energy":{"Mean":-5.146130041218836,"Sigma":0.23117275348978103,"Taucorr":0.13759748612082667},"EnergyVariance":{"Mean":4.08947543095972,"Sigma":1.7395095593888434,"Taucorr":0.09510294125628516},"Iteration":74},
{"Acceptance":[0.19611111111111112],"Energy":{"Mean":-4.346757483913119,"Sigma":0.36404651561166207,"Taucorr":0.043415293351569906},"EnergyVariance":{"Mean":14.061301059974184,"Sigma":8.980674562949115,"Taucorr":-0.012840923019700856},"Iteration":75},
{"Acceptance":[0.18611111111111112],"Energy":{"Mean":-4.751982728649017,"Sigma":0.2270291540959852,"Taucorr":0.41948951660428446},"EnergyVariance":{"Mean":2.7655023654476807,"Sigma":0.7481365774616516,"Taucorr":0.18098272015098338},"Iteration":76},
{"Acceptance":[0.18166666666666667],"Energy":{"Mean":-5.02483919168059,"Sigma":0.38333851318562945,"Taucorr":0.19186324858436932},"EnergyVariance":{"Mean":11.750066613656259,"Sigma":9.575414270143389,"Taucorr":0.001110452427824038},"Iteration":77},
{"Acceptance":[0.1922222222222222],"Energy":{"Mean":-4.641596126115139,"Sigma":0.34839003749540765,"Taucorr":0.08276219435723997},"EnergyVariance":{"Mean":10.792106964244425,"Sigma":6.064082770139847,"Taucorr":-0.017208555833567507},"Iteration":78},
{"Acceptance":[0.1811111111111111],"Energy":{"Mean":-4.913962908504782,"Sigma":0.3220826307416496,"Taucorr":0.5412875222772937},"EnergyVariance":{"Mean":5.222378499720781,"Sigma":2.532758266301784,"Taucorr":0.421777664149666},"Iteration":79},
{"Acceptance":[0.19666666666666666],"Energy":{"Mean":-5.704147534387226,"Sigma":0.5827575880484286,"Taucorr":0.06526751920134888},"EnergyVariance":{"Mean":30.622566357431747,"Sigma":13.464824885404099,"Taucorr":-0.04966346112434683},"Iteration":80},
{"Acceptance":[0.17222222222222222],"Energy":{"Mean":-5.204340431023451,"Sigma":0.17035387019687123,"Taucorr":0.19259732998936607},"EnergyVariance":{"Mean":2.0083636459296943,"Sigma":0.4688270502221773,"Taucorr":0.22164429935551455},"Iteration":81},
{"Acceptance":[0.17277777777777778],"Energy":{"Mean":-5.009395266831424,"Sigma":0.13166159662976434,"Taucorr":-0.1865309917297619},"EnergyVariance":{"Mean":2.9081445366372694,"Sigma":0.784112654391158,"Taucorr":0.190493148809599},"Iteration":82},
{"Acceptance":[0.16444444444444445],"Energy":{"Mean":-4.9987352747535665,"Sigma":0.18089231974340805,"Taucorr":0.4261432117205799},"EnergyVariance":{"Mean":1.7155030082405889,"Sigma":0.5765412154220364,"Taucorr":0.6049080924876664},"Iteration":83},
{"Acceptance":[0.17555555555555555],"Energy":{"Mean":-4.926583699283205,"Sigma":0.20456336610635384,"Taucorr":0.40087628963162447},"EnergyVariance":{"Mean":2.612134988876564,"Sigma":0.561318133336299,"Taucorr":0.36536624955715313},"Iteration":84},
{"Acceptance":[0.17833333333333334],"Energy":{"Mean":-5.2022950806083434,"Sigma":0.12092491188522658,"Taucorr":-0.17950413823276284},"EnergyVariance":{"Mean":3.079234051911791,"Sigma":0.6442895734410122,"Taucorr":0.5372427046945629},"Iteration":85},
{"Acceptance":[0.19666666666666666],"Energy":{"Mean":-4.7492226373194075,"Sigma":0.20236018670242029,"Taucorr":-0.07505345645129963},"EnergyVariance":{"Mean":5.265580328145956,"Sigma":1.624587635671715,"Taucorr":0.16249675983823209},"Iteration":86},
{"Acceptance":[0.19722222222222222],"Energy":{"Mean":-4.659956904598623,"Sigma":0.20061588947449388,"Taucorr":0.25465229840711856},"EnergyVariance":{"Mean":2.666562023715703,"Sigma":0.7481821248814549,"Taucorr":0.08346742322900813},"Iteration":87},
{"Acceptance":[0.19833333333333333],"Energy":{"Mean":-5.1780550246223065,"Sigma":0.1738630319390348,"Taucorr":-0.07293798448132316},"EnergyVariance":{"Mean":3.670356047675881,"Sigma":1.26268828447361,"Taucorr":0.2100673121278861},"Iteration":88},
{"Acceptance":[0.17444444444444446],"Energy":{"Mean":-5.051220672185876,"Sigma":0.13135476973448934,"Taucorr":-0.08226554960559179},"EnergyVariance":{"Mean":2.4397430805753393,"Sigma":0.90169173350409,"Taucorr":0.033149642229561405},"Iteration":89},
{"Acceptance":[0.20555555555555555],"Energy":{"Mean":-5.087359910543317,"Sigma":0.13083022090181773,"Taucorr":-0.0508206515590674},"EnergyVariance":{"Mean":1.8545975924342013,"Sigma":0.38085527571251443,"Taucorr":0.2000593746802113},"Iteration":90},
{"Acceptance":[0.19055555555555556],"Energy":{"Mean":-5.324242681926894,"Sigma":0.21389888957099532,"Taucorr":0.5736618626168906},"EnergyVariance":{"Mean":2.487223465556009,"Sigma":0.5212345430439701,"Taucorr":0.16906636596414093},"Iteration":91},
{"Acceptance":[0.17888888888888888],"Energy":{"Mean":-4.934999564563965,"Sigma":0.24967844710827472,"Taucorr":0.2340559523578396},"EnergyVariance":{"Mean":4.893228799103749,"Sigma":1.9738781940734698,"Taucorr":0.20222518438692838},"Iteration":92},
{"Acceptance":[0.19722222222222222],"Energy":{"Mean":-5.260032065218833,"Sigma":0.1564151700830528,"Taucorr":0.054016697156311744},"EnergyVariance":{"Mean":2.1393267203906197,"Sigma":0.5400262546067023,"Taucorr":0.32024205837794517},"Iteration":93},
{"Acceptance":[0.195],"Energy":{"Mean":-5.1470008378699985,"Sigma":0.19944506593296799,"Taucorr":0.12378476628350665},"EnergyVariance":{"Mean":3.5045155713202987,"Sigma":0.7987551931535658,"Taucorr":0.2009271270041666},"Iteration":94},
{"Acceptance":[0.1811111111111111],"Energy":{"Mean":-5.1669230798841586,"Sigma":0.2421382636459529,"Taucorr":0.008510264423030711},"EnergyVariance":{"Mean":5.779174457042024,"Sigma":2.5673618939500917,"Taucorr":0.5295384282382571},"Iteration":95},
{"Acceptance":[0.19833333333333333],"Energy":{"Mean":-5.134842865776785,"Sigma":0.10305855339331595,"Taucorr":-0.14569071946011458},"EnergyVariance":{"Mean":1.658178868988339,"Sigma":0.49987582300335104,"Taucorr":0.40797807664137586},"Iteration":96},
{"Acceptance":[0.2],"Energy":{"Mean":-5.438896249823881,"Sigma":0.2409227458081744,"Taucorr":0.03634908003155002},"EnergyVariance":{"Mean":6.188211022095513,"Sigma":2.8310317869243136,"Taucorr":0.18676852341283834},"Iteration":97},
{"Acceptance":[0.21777777777777776],"Energy":{"Mean":-6.211292690700454,"Sigma":0.42207648185301916,"Taucorr":0.169735458014305},"EnergyVariance":{"Mean":12.930054659805691,"Sigma":6.440973352496487,"Taucorr":0.03800937125771975},"Iteration":98},
{"Acceptance":[0.20222222222222222],"Energy":{"Mean":-5.420915092785124,"Sigma":0.27294617841941216,"Taucorr":0.5275463979199257},"EnergyVariance":{"Mean":4.5949017219298165,"Sigma":1.4348070307864633,"Taucorr":0.4299524614687129},"Iteration":99} 
]}
{"input": {"L": 8, "J": 1, "machine": {"type": "FFNN", "model": ["lncosh", 46, 4]}, "sampler": {"type": "MetropolisHop", "d_max": 5}, "optimizer": {"type": "AdaMax", "alpha": 0.001, "beta1": 0.9, "beta2": 0.999, "epscut": 1e-07}, "VMC": {"n_samples": 100, "discarded_samples": 100, "discarded_samples_on_init": 0, "target": "energy", "method": "Gd", "diag_shift": 0.01, "use_iterative": true, "use_cholesky": true}, "n_iter": 100}}
duration: -4.330816745758057