{"Output": [
{"Acceptance":[0.8044444444444444],"Energy":{"Mean":6.490572781366118,"Sigma":0.27871241908555733,"Taucorr":0.21424387866508598},"EnergyVariance":{"Mean":5.493494880747218,"Sigma":0.6156251764867365,"Taucorr":-0.12880297433138138},"Iteration":0},
{"Acceptance":[0.6933333333333334],"Energy":{"Mean":5.687113814275325,"Sigma":0.3353103495799073,"Taucorr":0.3389723086577955},"EnergyVariance":{"Mean":7.637851987450622,"Sigma":1.0671982037937588,"Taucorr":0.1340960468509549},"Iteration":1},
{"Acceptance":[0.6333333333333333],"Energy":{"Mean":5.512863063953752,"Sigma":0.3869710506831375,"Taucorr":0.35941203619303586},"EnergyVariance":{"Mean":9.990273437908066,"Sigma":1.1239356853237237,"Taucorr":0.06960470775748495},"Iteration":2},
{"Acceptance":[0.575],"Energy":{"Mean":4.227993645905625,"Sigma":0.3802685484871993,"Taucorr":0.29221360120537865},"EnergyVariance":{"Mean":11.701868666628561,"Sigma":1.8074928284012513,"Taucorr":0.08071551407560207},"Iteration":3},
{"Acceptance":[0.49444444444444446],"Energy":{"Mean":2.791797825082991,"Sigma":0.32751737825282917,"Taucorr":0.08653538208613087},"EnergyVariance":{"Mean":11.570971942960343,"Sigma":1.3223786900645302,"Taucorr":-0.15745171683418213},"Iteration":4},
{"Acceptance":[0.4488888888888889],"Energy":{"Mean":1.8432012799373194,"Sigma":0.4227276049483763,"Taucorr":0.3034839231125619},"EnergyVariance":{"Mean":14.232876910038142,"Sigma":1.8402105233031967,"Taucorr":0.04288823242729867},"Iteration":5},
{"Acceptance":[0.41],"Energy":{"Mean":0.8259510488299386,"Sigma":0.31576965511344374,"Taucorr":0.1361340907888815},"EnergyVariance":{"Mean":10.883269479715045,"Sigma":1.401051555602214,"Taucorr":-0.031290320150699436},"Iteration":6},
{"Acceptance":[0.37722222222222224],"Energy":{"Mean":0.5636800613664321,"Sigma":0.4285045382400172,"Taucorr":0.3595387830553858},"EnergyVariance":{"Mean":15.894641211439005,"Sigma":2.253755986733117,"Taucorr":0.2276135946212754},"Iteration":7},
{"Acceptance":[0.3244444444444444],"Energy":{"Mean":-1.168072955690975,"Sigma":0.36925973451426203,"Taucorr":0.40404330381847087},"EnergyVariance":{"Mean":14.766667485543538,"Sigma":2.8229989075405424,"Taucorr":0.10873981828401169},"Iteration":8},
{"Acceptance":[0.2927777777777778],"Energy":{"Mean":-1.1795238818007365,"Sigma":0.3898919883922743,"Taucorr":0.4854621645522518},"EnergyVariance":{"Mean":13.915157057357767,"Sigma":2.1252157626424903,"Taucorr":0.010311087821837872},"Iteration":9},
{"Acceptance":[0.20666666666666667],"Energy":{"Mean":-3.726710396425631,"Sigma":0.4110920404663538,"Taucorr":0.716405487929991},"EnergyVariance":{"Mean":9.527749793921705,"Sigma":2.0400376354709557,"Taucorr":0.2918627029288443},"Iteration":10},
{"Acceptance":[0.20444444444444446],"Energy":{"Mean":-3.053443132150537,"Sigma":0.37118778064989055,"Taucorr":0.5504632589353438},"EnergyVariance":{"Mean":12.714530166554542,"Sigma":3.1250346182652216,"Taucorr":0.11597215325032662},"Iteration":11},
{"Acceptance":[0.18444444444444444],"Energy":{"Mean":-4.544725281746478,"Sigma":0.30023501697057686,"Taucorr":0.2850068253658823},"EnergyVariance":{"Mean":11.541064624982749,"Sigma":1.9707822492783686,"Taucorr":0.06985431842760526},"Iteration":12},
{"Acceptance":[0.15833333333333333],"Energy":{"Mean":-4.774124126595394,"Sigma":0.32764808918729954,"Taucorr":0.4235658430598934},"EnergyVariance":{"Mean":10.952523749714999,"Sigma":2.8236163050598893,"Taucorr":0.34457258622017783},"Iteration":13},
{"Acceptance":[0.16],"Energy":{"Mean":-4.583373062938528,"Sigma":0.4152829019444287,"Taucorr":0.38016212974604746},"EnergyVariance":{"Mean":17.277446508802708,"Sigma":5.984776809488221,"Taucorr":0.30547056768625236},"Iteration":14},
{"Acceptance":[0.14833333333333334],"Energy":{"Mean":-5.102175404849788,"Sigma":0.3367810990004039,"Taucorr":0.504404213647794},"EnergyVariance":{"Mean":8.985103395748629,"Sigma":1.4376707222698346,"Taucorr":0.009391030133719114},"Iteration":15},
{"Acceptance":[0.15166666666666667],"Energy":{"Mean":-5.304785555075484,"Sigma":0.3184674294095912,"Taucorr":0.13083173363985878},"EnergyVariance":{"Mean":11.793652950742484,"Sigma":3.263272485664605,"Taucorr":0.20720720609005516},"Iteration":16},
{"Acceptance":[0.11444444444444445],"Energy":{"Mean":-6.653707538258349,"Sigma":0.2409487808201218,"Taucorr":0.7397893747543187},"EnergyVariance":{"Mean":3.735287062202009,"Sigma":1.3839747635420696,"Taucorr":0.7927745733743266},"Iteration":17},
{"Acceptance":[0.1],"Energy":{"Mean":-6.480758587359899,"Sigma":0.2932982366583625,"Taucorr":0.5868919000311008},"EnergyVariance":{"Mean":7.479572845707687,"Sigma":2.4231685996317647,"Taucorr":0.5254567746504788},"Iteration":18},
{"Acceptance":[0.10277777777777777],"Energy":{"Mean":-5.5176158919749145,"Sigma":0.43080577977233914,"Taucorr":0.5242685226737556},"EnergyVariance":{"Mean":10.28740794511699,"Sigma":3.5791650663829895,"Taucorr":0.04413042580284643},"Iteration":19},
{"Acceptance":[0.09222222222222222],"Energy":{"Mean":-6.48753356296935,"Sigma":0.311098670784126,"Taucorr":0.3040172008908225},"EnergyVariance":{"Mean":8.928394753647247,"Sigma":2.9634128411378957,"Taucorr":0.8209616782067146},"Iteration":20},
{"Acceptance":[0.09],"Energy":{"Mean":-6.262502870412674,"Sigma":0.48117753165382465,"Taucorr":0.6358325710349411},"EnergyVariance":{"Mean":11.564520828632729,"Sigma":3.1999131455329186,"Taucorr":0.4245227350748536},"Iteration":21},
{"Acceptance":[0.09722222222222222],"Energy":{"Mean":-6.385272396633976,"Sigma":0.3197835735083841,"Taucorr":0.2601401627298723},"EnergyVariance":{"Mean":8.100733821897023,"Sigma":2.2900616076994806,"Taucorr":0.22974840561536558},"Iteration":22},
{"Acceptance":[0.07444444444444444],"Energy":{"Mean":-6.674767575634641,"Sigma":0.3641889183277694,"Taucorr":0.5910236060828797},"EnergyVariance":{"Mean":7.542384361196508,"Sigma":2.8034552842152287,"Taucorr":0.3131706384399634},"Iteration":23},
{"Acceptance":[0.0811111111111111],"Energy":{"Mean":-6.54702889858108,"Sigma":0.33006275509755245,"Taucorr":0.2062171178025709},"EnergyVariance":{"Mean":9.21277376535265,"Sigma":2.5600458237734425,"Taucorr":0.09589869032616627},"Iteration":24},
{"Acceptance":[0.07388888888888889],"Energy":{"Mean":-6.8295520830802765,"Sigma":0.24699263227151325,"Taucorr":0.6687349726225478},"EnergyVariance":{"Mean":2.9102956616555193,"Sigma":0.8037207974654652,"Taucorr":0.022430984624989936},"Iteration":25},
{"Acceptance":[0.05611111111111111],"Energy":{"Mean":-7.659553027680723,"Sigma":0.18550691463851335,"Taucorr":0.0030964619833264706},"EnergyVariance":{"Mean":4.24968703509804,"Sigma":1.702223076345729,"Taucorr":0.04124945570536287},"Iteration":26},
{"Acceptance":[0.07888888888888888],"Energy":{"Mean":-7.623162130892779,"Sigma":0.40660327633526133,"Taucorr":0.29904640534015836},"EnergyVariance":{"Mean":10.38013541883891,"Sigma":3.992478003012171,"Taucorr":0.5889916882305122},"Iteration":27},
{"Acceptance":[0.075],"Energy":{"Mean":-6.935030822375715,"Sigma":0.438052746727538,"Taucorr":0.07234797480682664},"EnergyVariance":{"Mean":20.61786671892705,"Sigma":7.5279124725512485,"Taucorr":-0.02508135789725413},"Iteration":28},
{"Acceptance":[0.065],"Energy":{"Mean":-6.943132479329184,"Sigma":0.27797591065603383,"Taucorr":0.4190149043207002},"EnergyVariance":{"Mean":6.970787039997252,"Sigma":3.4083702205766038,"Taucorr":0.27335616945485874},"Iteration":29},
{"Acceptance":[0.06055555555555556],"Energy":{"Mean":-7.480582310584262,"Sigma":0.29678135976399556,"Taucorr":0.03859961184116345},"EnergyVariance":{"Mean":9.368036840938968,"Sigma":4.616487064498375,"Taucorr":0.031373405945212984},"Iteration":30},
{"Acceptance":[0.042777777777777776],"Energy":{"Mean":-7.419631825019817,"Sigma":0.16888734951773574,"Taucorr":-0.02539649979410108},"EnergyVariance":{"Mean":2.8610812585862884,"Sigma":1.6869356381953298,"Taucorr":0.12771654165892754},"Iteration":31},
{"Acceptance":[0.04666666666666667],"Energy":{"Mean":-7.919474799775494,"Sigma":0.32540162350310153,"Taucorr":0.5143854287769336},"EnergyVariance":{"Mean":9.012175703017679,"Sigma":4.276241749703707,"Taucorr":0.41117567097697016},"Iteration":32},
{"Acceptance":[0.06222222222222222],"Energy":{"Mean":-7.262509592343019,"Sigma":0.4233327042820353,"Taucorr":0.40379919847091283},"EnergyVariance":{"Mean":11.907540614750584,"Sigma":5.894791914853332,"Taucorr":0.3187228065117169},"Iteration":33},
{"Acceptance":[0.03833333333333333],"Energy":{"Mean":-7.623470565946106,"Sigma":0.17698171122328676,"Taucorr":-0.19867205961373563},"EnergyVariance":{"Mean":6.632816392209503,"Sigma":3.085974628117585,"Taucorr":0.09507485779382108},"Iteration":34},
{"Acceptance":[0.04555555555555556],"Energy":{"Mean":-7.640172756498422,"Sigma":0.16549947799804926,"Taucorr":0.11923264674665357},"EnergyVariance":{"Mean":2.315573213044461,"Sigma":1.231011725223007,"Taucorr":0.10948924736884624},"Iteration":35},
{"Acceptance":[0.042777777777777776],"Energy":{"Mean":-7.4721718771374075,"Sigma":0.2587687440206017,"Taucorr":0.6466694378523474},"EnergyVariance":{"Mean":4.278328518976226,"Sigma":2.3388887760676353,"Taucorr":0.05846850597474451},"Iteration":36},
{"Acceptance":[0.045],"Energy":{"Mean":-8.093078174702143,"Sigma":0.5220010397533731,"Taucorr":0.11797886572689043},"EnergyVariance":{"Mean":23.652015150632707,"Sigma":8.657036399879269,"Taucorr":0.21626598009558862},"Iteration":37},
{"Acceptance":[0.06111111111111111],"Energy":{"Mean":-7.551992415584421,"Sigma":0.16709006315062203,"Taucorr":-0.06983346585150157},"EnergyVariance":{"Mean":3.343539808198771,"Sigma":2.037674337295766,"Taucorr":0.2458003631471739},"Iteration":38},
{"Acceptance":[0.052222222222222225],"Energy":{"Mean":-6.957091453178508,"Sigma":0.26280708556368426,"Taucorr":1.1151991464970294},"EnergyVariance":{"Mean":2.033053629698959,"Sigma":0.3800755136070179,"Taucorr":0.8876547784389643},"Iteration":39},
{"Acceptance":[0.042777777777777776],"Energy":{"Mean":-6.788107353362077,"Sigma":0.4556925879451678,"Taucorr":0.30664986834554275},"EnergyVariance":{"Mean":17.255128230638025,"Sigma":8.931502712996842,"Taucorr":0.011726254658142032},"Iteration":40},
{"Acceptance":[0.04833333333333333],"Energy":{"Mean":-7.306481273465953,"Sigma":0.21043741645144184,"Taucorr":0.8480413737988399},"EnergyVariance":{"Mean":1.5620732609993002,"Sigma":0.313917866920182,"Taucorr":0.4953848962259111},"Iteration":41},
{"Acceptance":[0.042777777777777776],"Energy":{"Mean":-7.70823632586524,"Sigma":0.18066889150289614,"Taucorr":0.6584906126379995},"EnergyVariance":{"Mean":1.3400964454171012,"Sigma":0.41724170554994544,"Taucorr":0.5148492215620706},"Iteration":42},
{"Acceptance":[0.04555555555555556],"Energy":{"Mean":-7.392528045857363,"Sigma":0.1722651984641093,"Taucorr":0.7060671633120352},"EnergyVariance":{"Mean":1.1701032964188014,"Sigma":0.14413447271473462,"Taucorr":0.08318725223751655},"Iteration":43},
{"Acceptance":[0.03833333333333333],"Energy":{"Mean":-7.557988666855442,"Sigma":0.19899321139717357,"Taucorr":1.0858151443659072},"EnergyVariance":{"Mean":1.1872292800477664,"Sigma":0.28242132192536323,"Taucorr":0.5685563353347265},"Iteration":44},
{"Acceptance":[0.043333333333333335],"Energy":{"Mean":-7.2987679653019395,"Sigma":0.37206369233221337,"Taucorr":0.14474474091016643},"EnergyVariance":{"Mean":11.614214628674947,"Sigma":10.341420944728638,"Taucorr":-0.0006671311998085461},"Iteration":45},
{"Acceptance":[0.04055555555555555],"Energy":{"Mean":-7.157470625102456,"Sigma":0.27552963737283354,"Taucorr":0.35563881204124426},"EnergyVariance":{"Mean":5.7563701874432684,"Sigma":3.2000868177790216,"Taucorr":0.020472644957329478},"Iteration":46},
{"Acceptance":[0.05555555555555555],"Energy":{"Mean":-4.789401027322034,"Sigma":1.0021750150374815,"Taucorr":0.5835400026863602},"EnergyVariance":{"Mean":55.023488425631754,"Sigma":26.013263583474117,"Taucorr":0.35452694855293143},"Iteration":47},
{"Acceptance":[0.04777777777777778],"Energy":{"Mean":-7.017075005344084,"Sigma":0.2403890582283484,"Taucorr":0.9257252993076519},"EnergyVariance":{"Mean":1.9258637005431927,"Sigma":0.4294063785236747,"Taucorr":0.46469557652453497},"Iteration":48},
{"Acceptance":[0.05277777777777778],"Energy":{"Mean":-7.692375529087105,"Sigma":0.25021221633143664,"Taucorr":0.05643932600176116},"EnergyVariance":{"Mean":5.695302817719893,"Sigma":4.307644664315776,"Taucorr":0.029106890013903763},"Iteration":49},
{"Acceptance":[0.03944444444444444],"Energy":{"Mean":-7.4725921568558755,"Sigma":0.22372679659071845,"Taucorr":0.14567193847614357},"EnergyVariance":{"Mean":3.7803304363622403,"Sigma":2.406563948962525,"Taucorr":0.03703995899336354},"Iteration":50},
{"Acceptance":[0.045],"Energy":{"Mean":-7.586546382915723,"Sigma":0.4494736829047911,"Taucorr":0.29387437492604884},"EnergyVariance":{"Mean":16.385051695683693,"Sigma":13.362954419595539,"Taucorr":0.20010246920944852},"Iteration":51},
{"Acceptance":[0.058333333333333334],"Energy":{"Mean":-7.455824704172858,"Sigma":0.4366283471300643,"Taucorr":0.025007754986183017},"EnergyVariance":{"Mean":20.030960255364192,"Sigma":9.87902128417622,"Taucorr":0.08436285114377318},"Iteration":52},
{"Acceptance":[0.04111111111111111],"Energy":{"Mean":-8.310357652215895,"Sigma":0.4809193593617333,"Taucorr":0.2811569892074195},"EnergyVariance":{"Mean":15.59175873286749,"Sigma":9.647910094740235,"Taucorr":0.518474223918856},"Iteration":53},
{"Acceptance":[0.03277777777777778],"Energy":{"Mean":-7.792224508673823,"Sigma":0.15006743415661947,"Taucorr":-0.3565884154616164},"EnergyVariance":{"Mean":9.515663824167913,"Sigma":6.4945242749997165,"Taucorr":0.4502159446858508},"Iteration":54},
{"Acceptance":[0.044444444444444446],"Energy":{"Mean":-7.6220976993008165,"Sigma":0.3325945953101446,"Taucorr":0.06075458340533646},"EnergyVariance":{"Mean":10.035985648203978,"Sigma":6.738759905683162,"Taucorr":0.5621569092385468},"Iteration":55},
{"Acceptance":[0.050555555555555555],"Energy":{"Mean":-6.205299406281329,"Sigma":0.6295191454298796,"Taucorr":0.0915018743337711},"EnergyVariance":{"Mean":42.0235796937659,"Sigma":18.792340928653367,"Taucorr":-0.04651570963660445},"Iteration":56},
{"Acceptance":[0.035],"Energy":{"Mean":-8.004193290306995,"Sigma":0.371956818647555,"Taucorr":0.43720164234185466},"EnergyVariance":{"Mean":7.199803270035515,"Sigma":4.236857348861618,"Taucorr":0.2435691933754337},"Iteration":57},
{"Acceptance":[0.020555555555555556],"Energy":{"Mean":-7.878467446788483,"Sigma":0.13026626439232294,"Taucorr":0.8647138699521648},"EnergyVariance":{"Mean":0.5910392782139382,"Sigma":0.1694474810052438,"Taucorr":0.865732985706585},"Iteration":58},
{"Acceptance":[0.025],"Energy":{"Mean":-7.855317986041403,"Sigma":0.12982829821779188,"Taucorr":0.7888179834597069},"EnergyVariance":{"Mean":0.6216411889445803,"Sigma":0.16391890327160416,"Taucorr":0.7892773189135012},"Iteration":59},
{"Acceptance":[0.03666666666666667],"Energy":{"Mean":-8.08860660944572,"Sigma":0.26062987762124895,"Taucorr":-0.054958174885418376},"EnergyVariance":{"Mean":7.8668756123948915,"Sigma":5.061561557780305,"Taucorr":-0.0011636054602904844},"Iteration":60},
{"Acceptance":[0.028888888888888888],"Energy":{"Mean":-7.750892393081923,"Sigma":0.14003412080863595,"Taucorr":0.7630769419174297},"EnergyVariance":{"Mean":0.7377905264986385,"Sigma":0.14617865426307575,"Taucorr":0.7532028142622915},"Iteration":61},
{"Acceptance":[0.03666666666666667],"Energy":{"Mean":-6.765035151314563,"Sigma":0.6966618138086267,"Taucorr":0.38131073194610365},"EnergyVariance":{"Mean":43.274187673936545,"Sigma":30.40152036672847,"Taucorr":0.32045623669278145},"Iteration":62},
{"Acceptance":[0.035],"Energy":{"Mean":-7.265599056031202,"Sigma":0.1895304632226366,"Taucorr":0.7587268718739189},"EnergyVariance":{"Mean":1.3558944874875927,"Sigma":0.27368816373001104,"Taucorr":0.7575608111198908},"Iteration":63},
{"Acceptance":[0.03833333333333333],"Energy":{"Mean":-6.696792439226334,"Sigma":0.46946374395376084,"Taucorr":-0.0419381192672002},"EnergyVariance":{"Mean":36.36876011109066,"Sigma":34.46637972521798,"Taucorr":0.8311337101785892},"Iteration":64},
{"Acceptance":[0.030555555555555555],"Energy":{"Mean":-7.872110390128505,"Sigma":0.17841421396049076,"Taucorr":-0.09519297052611081},"EnergyVariance":{"Mean":4.053399150956187,"Sigma":3.205497313674102,"Taucorr":0.020596549725236835},"Iteration":65},
{"Acceptance":[0.03333333333333333],"Energy":{"Mean":-7.473479590426635,"Sigma":0.1722670865978716,"Taucorr":0.5767237382162975},"EnergyVariance":{"Mean":1.3094509813815094,"Sigma":0.22541964159991912,"Taucorr":0.044251532562122775},"Iteration":66},
{"Acceptance":[0.023333333333333334],"Energy":{"Mean":-7.6839068527342915,"Sigma":0.16893079944428988,"Taucorr":1.0215944341196543},"EnergyVariance":{"Mean":0.8911484113303634,"Sigma":0.2121510279646623,"Taucorr":0.5762509293408784},"Iteration":67},
{"Acceptance":[0.024444444444444446],"Energy":{"Mean":-7.6826405372519195,"Sigma":0.1549993727014393,"Taucorr":0.9133255535560698},"EnergyVariance":{"Mean":0.8076952025255363,"Sigma":0.14389328731592066,"Taucorr":0.9170453816693611},"Iteration":68},
{"Acceptance":[0.03333333333333333],"Energy":{"Mean":-7.9559671658254745,"Sigma":0.11367192364370607,"Taucorr":0.5918926903627568},"EnergyVariance":{"Mean":0.5623249857337135,"Sigma":0.22129064282581987,"Taucorr":0.3161559189948199},"Iteration":69},
{"Acceptance":[0.03],"Energy":{"Mean":-7.682912713165267,"Sigma":0.1765070318589684,"Taucorr":1.1710410161825182},"EnergyVariance":{"Mean":0.885836711238848,"Sigma":0.21672958831163233,"Taucorr":0.6316193181301681},"Iteration":70},
{"Acceptance":[0.03],"Energy":{"Mean":-7.911417527336085,"Sigma":0.16909662875210582,"Taucorr":0.902338438213613},"EnergyVariance":{"Mean":0.9687492875192587,"Sigma":0.5750725937164605,"Taucorr":0.5102098266178345},"Iteration":71},
{"Acceptance":[0.04833333333333333],"Energy":{"Mean":-7.797814176543607,"Sigma":0.5203549059982087,"Taucorr":0.1229053413494553},"EnergyVariance":{"Mean":20.87787597685877,"Sigma":14.55413204060891,"Taucorr":0.19337523242821697},"Iteration":72},
{"Acceptance":[0.03611111111111111],"Energy":{"Mean":-8.1362953721393,"Sigma":0.6043118185303016,"Taucorr":0.93102277127373},"EnergyVariance":{"Mean":13.711958867733124,"Sigma":12.0657264931608,"Taucorr":0.803147455861303},"Iteration":73},
{"Acceptance":[0.03],"Energy":{"Mean":-8.015039111889187,"Sigma":0.40176155317936085,"Taucorr":-0.11777872306625908},"EnergyVariance":{"Mean":24.94270962795883,"Sigma":16.158650380157624,"Taucorr":0.2403224515344734},"Iteration":74},
{"Acceptance":[0.026111111111111113],"Energy":{"Mean":-7.78779242820181,"Sigma":0.13307246996995795,"Taucorr":0.713485169104288},"EnergyVariance":{"Mean":0.6933554853450249,"Sigma":0.1505669001935846,"Taucorr":0.7099087336380066},"Iteration":75},
{"Acceptance":[0.02666666666666667],"Energy":{"Mean":-7.536267695122597,"Sigma":0.4019653231513128,"Taucorr":-0.007452381319978385},"EnergyVariance":{"Mean":23.172810522065074,"Sigma":15.449282056971636,"Taucorr":-0.0066363335448264005},"Iteration":76},
{"Acceptance":[0.028888888888888888],"Energy":{"Mean":-7.6240090718011055,"Sigma":0.2075339482979208,"Taucorr":1.2170509987987679},"EnergyVariance":{"Mean":1.1917607539475361,"Sigma":0.4702660245944938,"Taucorr":1.5143752146110967},"Iteration":77},
{"Acceptance":[0.02],"Energy":{"Mean":-8.063968246242762,"Sigma":0.1242574149990733,"Taucorr":-0.2970104845600053},"EnergyVariance":{"Mean":4.637780061117386,"Sigma":4.113204908192221,"Taucorr":0.09101923835546255},"Iteration":78},
{"Acceptance":[0.030555555555555555],"Energy":{"Mean":-7.456775644532228,"Sigma":0.155163922962415,"Taucorr":0.6834133467588646},"EnergyVariance":{"Mean":0.9666215513459383,"Sigma":0.0724469208737762,"Taucorr":0.699655349515774},"Iteration":79},
{"Acceptance":[0.026111111111111113],"Energy":{"Mean":-8.083075846119607,"Sigma":0.20095169449600403,"Taucorr":-0.07575839290429093},"EnergyVariance":{"Mean":4.658495085996098,"Sigma":2.7789631850862775,"Taucorr":0.04491576654105511},"Iteration":80},
{"Acceptance":[0.025555555555555557],"Energy":{"Mean":-7.834212180226636,"Sigma":0.17731943818889406,"Taucorr":-0.010237513567500467},"EnergyVariance":{"Mean":3.170782453963894,"Sigma":2.3466181649612508,"Taucorr":0.08018109471988566},"Iteration":81},
{"Acceptance":[0.030555555555555555],"Energy":{"Mean":-7.9441240270186615,"Sigma":0.10501255945023209,"Taucorr":0.5268212108713461},"EnergyVariance":{"Mean":0.5103896503200104,"Sigma":0.15034631657103095,"Taucorr":0.5238042943895955},"Iteration":82},
{"Acceptance":[0.03888888888888889],"Energy":{"Mean":-7.314153356909243,"Sigma":0.23904392415993303,"Taucorr":1.1844502054188353},"EnergyVariance":{"Mean":1.6117133572928175,"Sigma":0.4139817471569797,"Taucorr":1.0551838235626982},"Iteration":83},
{"Acceptance":[0.03111111111111111],"Energy":{"Mean":-8.060811323862387,"Sigma":0.4539883871212352,"Taucorr":0.3825779279101845},"EnergyVariance":{"Mean":12.833602923317532,"Sigma":11.691892159765354,"Taucorr":0.5140280022927415},"Iteration":84},
{"Acceptance":[0.04666666666666667],"Energy":{"Mean":-7.8878815284554795,"Sigma":0.2957748208626813,"Taucorr":0.07523750516465388},"EnergyVariance":{"Mean":7.4788109366623745,"Sigma":4.452056162783748,"Taucorr":0.4429910352975065},"Iteration":85},
{"Acceptance":[0.03666666666666667],"Energy":{"Mean":-7.904899179829648,"Sigma":0.1082498437925255,"Taucorr":0.47880009412879077},"EnergyVariance":{"Mean":0.568959512783426,"Sigma":0.14582136047291794,"Taucorr":0.47536830597235746},"Iteration":86},
{"Acceptance":[0.03333333333333333],"Energy":{"Mean":-8.011567608455136,"Sigma":0.1435632186573786,"Taucorr":-0.24597653863250507},"EnergyVariance":{"Mean":4.876328352416483,"Sigma":4.254356401302078,"Taucorr":0.08809045081729672},"Iteration":87},
{"Acceptance":[0.03388888888888889],"Energy":{"Mean":-7.669365916369437,"Sigma":0.3640668717259041,"Taucorr":0.2195232517413931},"EnergyVariance":{"Mean":10.54524748240676,"Sigma":9.089312386400263,"Taucorr":0.5696569043009647},"Iteration":88},
{"Acceptance":[0.011111111111111112],"Energy":{"Mean":-7.99075745450421,"Sigma":0.15215260440524483,"Taucorr":1.0686184155219436},"EnergyVariance":{"Mean":0.701332096344385,"Sigma":0.4127990079560884,"Taucorr":0.7368565231645838},"Iteration":89},
{"Acceptance":[0.024444444444444446],"Energy":{"Mean":-7.699092850119451,"Sigma":0.15087909905794247,"Taucorr":0.8556744675580148},"EnergyVariance":{"Mean":0.7979349894509729,"Sigma":0.1388452017365046,"Taucorr":0.8522061913088081},"Iteration":90},
{"Acceptance":[0.035555555555555556],"Energy":{"Mean":-7.783715304904521,"Sigma":0.32988541333997534,"Taucorr":-0.08281725639550302},"EnergyVariance":{"Mean":14.186960533476636,"Sigma":8.981385979902722,"Taucorr":-0.0051675584389848095},"Iteration":91},
{"Acceptance":[0.030555555555555555],"Energy":{"Mean":-7.424313214126143,"Sigma":0.20345173393042876,"Taucorr":0.8175555728621391},"EnergyVariance":{"Mean":1.4925973058576771,"Sigma":0.37449027871885493,"Taucorr":0.7209060353519434},"Iteration":92},
{"Acceptance":[0.041666666666666664],"Energy":{"Mean":-7.341428353364979,"Sigma":0.22882061983684857,"Taucorr":0.12989502606748882},"EnergyVariance":{"Mean":3.9893848720080154,"Sigma":1.6850217584219633,"Taucorr":0.07025288381521289},"Iteration":93},
{"Acceptance":[0.03666666666666667],"Energy":{"Mean":-7.29201829020632,"Sigma":0.43226258175396687,"Taucorr":0.035008313785495626},"EnergyVariance":{"Mean":23.980529796795583,"Sigma":17.60877440351313,"Taucorr":-0.011013360215486379},"Iteration":94},
{"Acceptance":[0.025],"Energy":{"Mean":-7.735792863509395,"Sigma":0.18549694943968548,"Taucorr":1.0876081629585985},"EnergyVariance":{"Mean":1.0297812644908395,"Sigma":0.3561886620967484,"Taucorr":0.6737120602853148},"Iteration":95},
{"Acceptance":[0.017777777777777778],"Energy":{"Mean":-8.03062547097655,"Sigma":0.1051126526415999,"Taucorr":0.8760785412193026},"EnergyVariance":{"Mean":0.38164486096493716,"Sigma":0.1684657642607723,"Taucorr":0.8790809021647137},"Iteration":96},
{"Acceptance":[0.035],"Energy":{"Mean":-7.678725757966931,"Sigma":0.31792079710803356,"Taucorr":0.006672760234026298},"EnergyVariance":{"Mean":11.448874943772159,"Sigma":9.950981208361208,"Taucorr":0.002764991701997843},"Iteration":97},
{"Acceptance":[0.03],"Energy":{"Mean":-7.737004957443813,"Sigma":0.14506476484983538,"Taucorr":0.8153952380450709},"EnergyVariance":{"Mean":0.7601867156964861,"Sigma":0.14563327957546365,"Taucorr":0.8070638102914582},"Iteration":98},
{"Acceptance":[0.028333333333333332],"Energy":{"Mean":-8.436429356001039,"Sigma":0.3153996878966251,"Taucorr":0.01927616015386402},"EnergyVariance":{"Mean":9.9264222845864,"Sigma":8.296825197172138,"Taucorr":-0.005383251632670116},"Iteration":99} 
]}
{"input": {"L": 8, "J": 1, "machine": {"type": "FFNN", "model": ["lncosh", 49, 3]}, "sampler": {"type": "MetropolisHop", "d_max": 5}, "optimizer": {"type": "AdaMax", "alpha": 0.001, "beta1": 0.9, "beta2": 0.999, "epscut": 1e-07}, "VMC": {"n_samples": 100, "discarded_samples": 100, "discarded_samples_on_init": 0, "target": "energy", "method": "Gd", "diag_shift": 0.01, "use_iterative": true, "use_cholesky": true}, "n_iter": 100}}
duration: -1.954530954360962