{"Output": [
{"Acceptance":[0.89088],"Energy":{"Mean":21.178462778946148,"Sigma":0.3219495247305507,"Taucorr":-1.1102230246251565e-16},"EnergyVariance":{"Mean":10.731278130492475,"Sigma":1.1735412754678514,"Taucorr":2.7755575615628914e-17},"Iteration":0},
{"Acceptance":[0.8784],"Energy":{"Mean":21.157014984244945,"Sigma":0.3935358586543093,"Taucorr":-5.551115123125783e-17},"EnergyVariance":{"Mean":15.414965103799831,"Sigma":2.3091882970057136,"Taucorr":5.551115123125783e-17},"Iteration":1},
{"Acceptance":[0.87104],"Energy":{"Mean":21.42552049233647,"Sigma":0.3100737173191504,"Taucorr":-5.551115123125783e-17},"EnergyVariance":{"Mean":9.883233600679553,"Sigma":1.4366732394866009,"Taucorr":2.7755575615628914e-17},"Iteration":2},
{"Acceptance":[0.8544],"Energy":{"Mean":20.5586989808285,"Sigma":0.402996756044954,"Taucorr":1.1102230246251565e-16},"EnergyVariance":{"Mean":17.265722904742717,"Sigma":2.254331116321131,"Taucorr":-2.7755575615628914e-17},"Iteration":3},
{"Acceptance":[0.83872],"Energy":{"Mean":20.228178984270862,"Sigma":0.37142233488226484,"Taucorr":-2.7755575615628914e-17},"EnergyVariance":{"Mean":14.73574677123359,"Sigma":1.8945520639350206,"Taucorr":-2.7755575615628914e-17},"Iteration":4},
{"Acceptance":[0.83424],"Energy":{"Mean":20.656002967564486,"Sigma":0.4167538991344464,"Taucorr":-2.7755575615628914e-17},"EnergyVariance":{"Mean":18.251555230293185,"Sigma":2.5215650364275612,"Taucorr":0.0},"Iteration":5},
{"Acceptance":[0.80288],"Energy":{"Mean":19.927084895973437,"Sigma":0.34651293047585946,"Taucorr":1.1102230246251565e-16},"EnergyVariance":{"Mean":13.66546800583119,"Sigma":1.6993290662596865,"Taucorr":-5.551115123125783e-17},"Iteration":6},
{"Acceptance":[0.82048],"Energy":{"Mean":19.648840316957596,"Sigma":0.40873026112894995,"Taucorr":5.551115123125783e-17},"EnergyVariance":{"Mean":18.522045590591176,"Sigma":2.64699690831526,"Taucorr":0.0},"Iteration":7},
{"Acceptance":[0.80032],"Energy":{"Mean":19.659822113618155,"Sigma":0.3846635923574123,"Taucorr":5.551115123125783e-17},"EnergyVariance":{"Mean":17.347725462702293,"Sigma":2.667252976889375,"Taucorr":0.0},"Iteration":8},
{"Acceptance":[0.7856],"Energy":{"Mean":19.062895611234545,"Sigma":0.3492577292131519,"Taucorr":2.7755575615628914e-17},"EnergyVariance":{"Mean":13.812916959243628,"Sigma":1.976539674506549,"Taucorr":0.0},"Iteration":9},
{"Acceptance":[0.75136],"Energy":{"Mean":19.18980145726991,"Sigma":0.36542868106940385,"Taucorr":-2.7755575615628914e-17},"EnergyVariance":{"Mean":16.137078431583056,"Sigma":1.5661235424858806,"Taucorr":-2.7755575615628914e-17},"Iteration":10},
{"Acceptance":[0.7504],"Energy":{"Mean":18.942330542978407,"Sigma":0.38509044370916706,"Taucorr":-1.1102230246251565e-16},"EnergyVariance":{"Mean":18.17765607310654,"Sigma":2.1119881935366918,"Taucorr":5.551115123125783e-17},"Iteration":11},
{"Acceptance":[0.73856],"Energy":{"Mean":18.44689298563337,"Sigma":0.38382100363561683,"Taucorr":5.551115123125783e-17},"EnergyVariance":{"Mean":18.429447975429337,"Sigma":2.766414651386329,"Taucorr":0.0},"Iteration":12},
{"Acceptance":[0.73696],"Energy":{"Mean":17.259939370123767,"Sigma":0.38503104427040463,"Taucorr":8.326672684688674e-17},"EnergyVariance":{"Mean":19.197212539855727,"Sigma":2.9190769634014018,"Taucorr":0.0},"Iteration":13},
{"Acceptance":[0.72128],"Energy":{"Mean":18.206469555782373,"Sigma":0.41267587368352154,"Taucorr":2.7755575615628914e-17},"EnergyVariance":{"Mean":19.46373255596346,"Sigma":2.167619767512407,"Taucorr":0.0},"Iteration":14},
{"Acceptance":[0.70336],"Energy":{"Mean":16.922232414851326,"Sigma":0.40835504207260687,"Taucorr":2.7755575615628914e-17},"EnergyVariance":{"Mean":21.66155997443534,"Sigma":2.34753858549788,"Taucorr":2.7755575615628914e-17},"Iteration":15},
{"Acceptance":[0.704],"Energy":{"Mean":16.672737343492287,"Sigma":0.40487843724896216,"Taucorr":2.7755575615628914e-17},"EnergyVariance":{"Mean":24.149297866385652,"Sigma":3.673214238025229,"Taucorr":5.551115123125783e-17},"Iteration":16},
{"Acceptance":[0.68992],"Energy":{"Mean":16.931910459593485,"Sigma":0.4050942860564083,"Taucorr":0.0},"EnergyVariance":{"Mean":21.153742896126907,"Sigma":2.1966083216396624,"Taucorr":-1.1102230246251565e-16},"Iteration":17},
{"Acceptance":[0.68608],"Energy":{"Mean":17.405367912695873,"Sigma":0.36259960768145094,"Taucorr":0.0},"EnergyVariance":{"Mean":17.872604748399517,"Sigma":1.7923638873711671,"Taucorr":-2.7755575615628914e-17},"Iteration":18},
{"Acceptance":[0.6752],"Energy":{"Mean":14.315913497438487,"Sigma":0.451324187262555,"Taucorr":0.0},"EnergyVariance":{"Mean":25.46001185625225,"Sigma":3.1512482712600427,"Taucorr":-5.551115123125783e-17},"Iteration":19},
{"Acceptance":[0.05632],"Energy":{"Mean":10.32813020609631,"Sigma":0.30830615027090735,"Taucorr":null},"EnergyVariance":{"Mean":82.24746223919368,"Sigma":3.1189085312055727,"Taucorr":null},"Iteration":20},
{"Acceptance":[0.6384],"Energy":{"Mean":13.35540409017618,"Sigma":0.3834044465818721,"Taucorr":0.0},"EnergyVariance":{"Mean":20.325011278396257,"Sigma":2.874302725645498,"Taucorr":-2.7755575615628914e-17},"Iteration":21},
{"Acceptance":[0.59648],"Energy":{"Mean":15.488042056987869,"Sigma":0.3830939064206783,"Taucorr":0.0},"EnergyVariance":{"Mean":19.261801866413343,"Sigma":3.1378208474894147,"Taucorr":0.0},"Iteration":22},
{"Acceptance":[0.64992],"Energy":{"Mean":14.457473760770116,"Sigma":0.4512320562614643,"Taucorr":0.0},"EnergyVariance":{"Mean":24.710355662226043,"Sigma":3.674317796973995,"Taucorr":0.0},"Iteration":23},
{"Acceptance":[0.6448],"Energy":{"Mean":9.395275249272661,"Sigma":0.5358366503833063,"Taucorr":5.551115123125783e-17},"EnergyVariance":{"Mean":132.44551823007433,"Sigma":42.543048122100224,"Taucorr":0.0},"Iteration":24},
{"Acceptance":[0.29696],"Energy":{"Mean":7.265639199712055,"Sigma":0.5999456356021531,"Taucorr":null},"EnergyVariance":{"Mean":92.24330482370692,"Sigma":5.116945050847112,"Taucorr":null},"Iteration":25},
{"Acceptance":[0.08608],"Energy":{"Mean":3.732834760890701,"Sigma":0.31170725792048815,"Taucorr":null},"EnergyVariance":{"Mean":83.12290550406173,"Sigma":4.6757365391062065,"Taucorr":null},"Iteration":26},
{"Acceptance":[0.00128],"Energy":{"Mean":3.4490523833926856,"Sigma":0.48145267892798954,"Taucorr":null},"EnergyVariance":{"Mean":111.71233442181308,"Sigma":6.150188153892447,"Taucorr":null},"Iteration":27},
{"Acceptance":[0.00224],"Energy":{"Mean":-8.23913409060158,"Sigma":1.6983042545150772e-05,"Taucorr":null},"EnergyVariance":{"Mean":0.6890640823405985,"Sigma":2.6485874465452813e-05,"Taucorr":null},"Iteration":28},
{"Acceptance":[0.00032],"Energy":{"Mean":2.1294729599864493,"Sigma":0.5422166606821663,"Taucorr":null},"EnergyVariance":{"Mean":79.133517223033,"Sigma":7.699395975514689,"Taucorr":null},"Iteration":29},
{"Acceptance":[0.00256],"Energy":{"Mean":-6.4843248916269705,"Sigma":0.0,"Taucorr":null},"EnergyVariance":{"Mean":5.130103258003,"Sigma":0.0,"Taucorr":null},"Iteration":30},
{"Acceptance":[0.00064],"Energy":{"Mean":-2.9548900368479405,"Sigma":0.16629284453085189,"Taucorr":null},"EnergyVariance":{"Mean":99.60916537157573,"Sigma":5.773930271667177,"Taucorr":null},"Iteration":31},
{"Acceptance":[0.24768],"Energy":{"Mean":-6.0896702780463885,"Sigma":0.024535328492337975,"Taucorr":null},"EnergyVariance":{"Mean":12.761822252401462,"Sigma":0.06916001090796768,"Taucorr":null},"Iteration":32},
{"Acceptance":[0.00416],"Energy":{"Mean":-5.249580234494317,"Sigma":0.0,"Taucorr":null},"EnergyVariance":{"Mean":10.69291252702241,"Sigma":0.0,"Taucorr":null},"Iteration":33},
{"Acceptance":[0.3552],"Energy":{"Mean":-5.364310509651805,"Sigma":0.07534342534020615,"Taucorr":null},"EnergyVariance":{"Mean":6.2276858139873905,"Sigma":0.4331852058228078,"Taucorr":null},"Iteration":34},
{"Acceptance":[0.00032],"Energy":{"Mean":-5.748485581989607,"Sigma":4.653000704313111e-08,"Taucorr":null},"EnergyVariance":{"Mean":2.1867507323061246,"Sigma":6.965386168718026e-08,"Taucorr":null},"Iteration":35},
{"Acceptance":[0.00768],"Energy":{"Mean":-0.025743968224361424,"Sigma":0.3676993812318211,"Taucorr":null},"EnergyVariance":{"Mean":44.07773501592367,"Sigma":6.4424142640224575,"Taucorr":null},"Iteration":36},
{"Acceptance":[0.232],"Energy":{"Mean":-213.66047804230732,"Sigma":48.51335459542786,"Taucorr":null},"EnergyVariance":{"Mean":673173.7121087356,"Sigma":144797.36179228354,"Taucorr":null},"Iteration":37},
{"Acceptance":[0.00288],"Energy":{"Mean":-4.604567682985644,"Sigma":0.05909891664656561,"Taucorr":null},"EnergyVariance":{"Mean":11.955055414312628,"Sigma":0.19026591912354643,"Taucorr":null},"Iteration":38},
{"Acceptance":[0.00576],"Energy":{"Mean":-5.20494968071397,"Sigma":0.019010413454958016,"Taucorr":null},"EnergyVariance":{"Mean":11.211434322269952,"Sigma":0.026491566045357837,"Taucorr":null},"Iteration":39},
{"Acceptance":[0.00096],"Energy":{"Mean":-4.50003562148189,"Sigma":0.0,"Taucorr":null},"EnergyVariance":{"Mean":8.249569948122193,"Sigma":0.0,"Taucorr":null},"Iteration":40},
{"Acceptance":[0.00128],"Energy":{"Mean":-5.999993543570155,"Sigma":0.0,"Taucorr":null},"EnergyVariance":{"Mean":0.4999998581794955,"Sigma":0.0,"Taucorr":null},"Iteration":41},
{"Acceptance":[0.00064],"Energy":{"Mean":-4.199994574701988,"Sigma":0.0204124119319916,"Taucorr":null},"EnergyVariance":{"Mean":2.260019451400261,"Sigma":0.02857715767482567,"Taucorr":null},"Iteration":42},
{"Acceptance":[0.0],"Energy":{"Mean":-4.000267599792775,"Sigma":0.0,"Taucorr":null},"EnergyVariance":{"Mean":2.5010706069842294,"Sigma":0.0,"Taucorr":null},"Iteration":43},
{"Acceptance":[0.00192],"Energy":{"Mean":-4.46016091828228,"Sigma":0.018451105972477906,"Taucorr":null},"EnergyVariance":{"Mean":4.827188511915121,"Sigma":0.03524429260267078,"Taucorr":null},"Iteration":44},
{"Acceptance":[0.00064],"Energy":{"Mean":-4.499249744851777,"Sigma":0.0,"Taucorr":null},"EnergyVariance":{"Mean":17.246887461360828,"Sigma":0.0,"Taucorr":null},"Iteration":45},
{"Acceptance":[0.00096],"Energy":{"Mean":-4.749253202159454,"Sigma":0.0,"Taucorr":null},"EnergyVariance":{"Mean":14.681166413979836,"Sigma":0.0,"Taucorr":null},"Iteration":46},
{"Acceptance":[0.0],"Energy":{"Mean":-4.747935185761396,"Sigma":0.0,"Taucorr":null},"EnergyVariance":{"Mean":14.670414278480722,"Sigma":0.0,"Taucorr":null},"Iteration":47},
{"Acceptance":[0.0],"Energy":{"Mean":-4.279949820415789,"Sigma":0.0,"Taucorr":null},"EnergyVariance":{"Mean":11.054624833685523,"Sigma":0.0,"Taucorr":null},"Iteration":48},
{"Acceptance":[0.00128],"Energy":{"Mean":-4.956876774455598,"Sigma":0.0,"Taucorr":null},"EnergyVariance":{"Mean":17.26048902083612,"Sigma":0.0,"Taucorr":null},"Iteration":49},
{"Acceptance":[0.00032],"Energy":{"Mean":-6.49962140946041,"Sigma":0.0,"Taucorr":null},"EnergyVariance":{"Mean":11.253817870889698,"Sigma":0.0,"Taucorr":null},"Iteration":50},
{"Acceptance":[0.00032],"Energy":{"Mean":-6.500224184074135,"Sigma":0.0,"Taucorr":null},"EnergyVariance":{"Mean":11.251517819613143,"Sigma":0.0,"Taucorr":null},"Iteration":51},
{"Acceptance":[0.0],"Energy":{"Mean":-5.429997973771778,"Sigma":0.048990236180910605,"Taucorr":null},"EnergyVariance":{"Mean":8.145084951543302,"Sigma":0.25180874773349976,"Taucorr":null},"Iteration":52},
{"Acceptance":[0.0],"Energy":{"Mean":-5.750026191888015,"Sigma":0.0,"Taucorr":null},"EnergyVariance":{"Mean":9.687382621902545,"Sigma":0.0,"Taucorr":null},"Iteration":53},
{"Acceptance":[0.00064],"Energy":{"Mean":-4.2499820898223835,"Sigma":0.0,"Taucorr":null},"EnergyVariance":{"Mean":10.687473136536033,"Sigma":0.0,"Taucorr":null},"Iteration":54},
{"Acceptance":[0.0],"Energy":{"Mean":-4.250006988566824,"Sigma":0.0,"Taucorr":null},"EnergyVariance":{"Mean":10.687512387956396,"Sigma":0.0,"Taucorr":null},"Iteration":55},
{"Acceptance":[0.00032],"Energy":{"Mean":-5.00014750413596,"Sigma":0.0,"Taucorr":null},"EnergyVariance":{"Mean":9.500657507923403,"Sigma":0.0,"Taucorr":null},"Iteration":56},
{"Acceptance":[0.0],"Energy":{"Mean":-4.000001189940856,"Sigma":0.0,"Taucorr":null},"EnergyVariance":{"Mean":6.499999983689586,"Sigma":0.0,"Taucorr":null},"Iteration":57},
{"Acceptance":[0.0],"Energy":{"Mean":-4.000040906914032,"Sigma":0.0,"Taucorr":null},"EnergyVariance":{"Mean":6.5000000107419655,"Sigma":0.0,"Taucorr":null},"Iteration":58},
{"Acceptance":[0.0],"Energy":{"Mean":-4.000001972040035,"Sigma":0.0,"Taucorr":null},"EnergyVariance":{"Mean":6.499999999590871,"Sigma":0.0,"Taucorr":null},"Iteration":59},
{"Acceptance":[0.0],"Energy":{"Mean":-2.999954678072333,"Sigma":0.0,"Taucorr":null},"EnergyVariance":{"Mean":3.4999091293940805,"Sigma":0.0,"Taucorr":null},"Iteration":60},
{"Acceptance":[0.0],"Energy":{"Mean":-3.4999496875463914,"Sigma":0.0,"Taucorr":null},"EnergyVariance":{"Mean":4.249944569768196,"Sigma":0.0,"Taucorr":null},"Iteration":61},
{"Acceptance":[0.0],"Energy":{"Mean":-3.4000228761673816,"Sigma":0.02499909078422438,"Taucorr":null},"EnergyVariance":{"Mean":4.040026143894513,"Sigma":0.0549976391598089,"Taucorr":null},"Iteration":62},
{"Acceptance":[0.0],"Energy":{"Mean":-3.250161916812786,"Sigma":0.0,"Taucorr":null},"EnergyVariance":{"Mean":3.6877437993519964,"Sigma":0.0,"Taucorr":null},"Iteration":63},
{"Acceptance":[0.0],"Energy":{"Mean":-3.2503585637263956,"Sigma":0.0,"Taucorr":null},"EnergyVariance":{"Mean":3.6880463179366565,"Sigma":0.0,"Taucorr":null},"Iteration":64},
{"Acceptance":[0.0],"Energy":{"Mean":-3.250589928273553,"Sigma":0.0,"Taucorr":null},"EnergyVariance":{"Mean":3.688414327709756,"Sigma":0.0,"Taucorr":null},"Iteration":65},
{"Acceptance":[0.0],"Energy":{"Mean":-3.2508268106342815,"Sigma":0.0,"Taucorr":null},"EnergyVariance":{"Mean":3.6888152440609194,"Sigma":0.0,"Taucorr":null},"Iteration":66},
{"Acceptance":[0.0],"Energy":{"Mean":-2.999932710305043,"Sigma":0.0,"Taucorr":null},"EnergyVariance":{"Mean":3.50011596457957,"Sigma":0.0,"Taucorr":null},"Iteration":67},
{"Acceptance":[0.0],"Energy":{"Mean":-3.2499642694141158,"Sigma":0.0,"Taucorr":null},"EnergyVariance":{"Mean":3.6877342873396612,"Sigma":0.0,"Taucorr":null},"Iteration":68},
{"Acceptance":[0.0],"Energy":{"Mean":-3.249915876660027,"Sigma":0.0,"Taucorr":null},"EnergyVariance":{"Mean":3.6878237529090514,"Sigma":0.0,"Taucorr":null},"Iteration":69},
{"Acceptance":[0.0],"Energy":{"Mean":-2.7499025787910996,"Sigma":0.0,"Taucorr":null},"EnergyVariance":{"Mean":2.688059467617528,"Sigma":0.0,"Taucorr":null},"Iteration":70},
{"Acceptance":[0.0],"Energy":{"Mean":-2.749856724392489,"Sigma":0.0,"Taucorr":null},"EnergyVariance":{"Mean":2.688338373549545,"Sigma":0.0,"Taucorr":null},"Iteration":71},
{"Acceptance":[0.00096],"Energy":{"Mean":-2.5799093578847234,"Sigma":0.023788766557896062,"Taucorr":null},"EnergyVariance":{"Mean":3.764185176293779,"Sigma":0.14655884684472095,"Taucorr":null},"Iteration":72},
{"Acceptance":[0.0],"Energy":{"Mean":-2.4999467394570045,"Sigma":0.0,"Taucorr":null},"EnergyVariance":{"Mean":4.250348206350602,"Sigma":0.0,"Taucorr":null},"Iteration":73},
{"Acceptance":[0.0],"Energy":{"Mean":-2.499905545275161,"Sigma":0.0,"Taucorr":null},"EnergyVariance":{"Mean":4.250243164415607,"Sigma":0.0,"Taucorr":null},"Iteration":74},
{"Acceptance":[0.0],"Energy":{"Mean":-2.249782688628378,"Sigma":0.0,"Taucorr":null},"EnergyVariance":{"Mean":3.687588155898874,"Sigma":0.0,"Taucorr":null},"Iteration":75},
{"Acceptance":[0.0],"Energy":{"Mean":-2.2497866639890307,"Sigma":0.0,"Taucorr":null},"EnergyVariance":{"Mean":3.6875782370606083,"Sigma":0.0,"Taucorr":null},"Iteration":76},
{"Acceptance":[0.0],"Energy":{"Mean":-2.2497921342089047,"Sigma":0.0,"Taucorr":null},"EnergyVariance":{"Mean":3.6875675310381775,"Sigma":0.0,"Taucorr":null},"Iteration":77},
{"Acceptance":[0.0],"Energy":{"Mean":-2.2497983517109192,"Sigma":0.0,"Taucorr":null},"EnergyVariance":{"Mean":3.687558017476964,"Sigma":0.0,"Taucorr":null},"Iteration":78},
{"Acceptance":[0.0],"Energy":{"Mean":-2.249804850207919,"Sigma":0.0,"Taucorr":null},"EnergyVariance":{"Mean":3.687550621936715,"Sigma":0.0,"Taucorr":null},"Iteration":79},
{"Acceptance":[0.0],"Energy":{"Mean":-2.249811337238992,"Sigma":0.0,"Taucorr":null},"EnergyVariance":{"Mean":3.6875457181338063,"Sigma":0.0,"Taucorr":null},"Iteration":80},
{"Acceptance":[0.0],"Energy":{"Mean":-2.2498176286088283,"Sigma":0.0,"Taucorr":null},"EnergyVariance":{"Mean":3.6875434039985304,"Sigma":0.0,"Taucorr":null},"Iteration":81},
{"Acceptance":[0.0],"Energy":{"Mean":-2.2498236077720946,"Sigma":0.0,"Taucorr":null},"EnergyVariance":{"Mean":3.68754365323914,"Sigma":0.0,"Taucorr":null},"Iteration":82},
{"Acceptance":[0.00096],"Energy":{"Mean":-2.6516160675350653,"Sigma":0.040939489782134825,"Taucorr":null},"EnergyVariance":{"Mean":1.7219781092977156,"Sigma":0.21659039284816434,"Taucorr":null},"Iteration":83},
{"Acceptance":[0.0],"Energy":{"Mean":-2.7498725860996482,"Sigma":0.0,"Taucorr":null},"EnergyVariance":{"Mean":1.1874363425233492,"Sigma":0.0,"Taucorr":null},"Iteration":84},
{"Acceptance":[0.0],"Energy":{"Mean":-2.749877562033284,"Sigma":0.0,"Taucorr":null},"EnergyVariance":{"Mean":1.187438833786021,"Sigma":0.0,"Taucorr":null},"Iteration":85},
{"Acceptance":[0.0],"Energy":{"Mean":-2.7498820081071473,"Sigma":0.0,"Taucorr":null},"EnergyVariance":{"Mean":1.1874410658695327,"Sigma":0.0,"Taucorr":null},"Iteration":86},
{"Acceptance":[0.0],"Energy":{"Mean":-2.749885987931493,"Sigma":0.0,"Taucorr":null},"EnergyVariance":{"Mean":1.187443069799356,"Sigma":0.0,"Taucorr":null},"Iteration":87},
{"Acceptance":[0.0],"Energy":{"Mean":-2.749889556995469,"Sigma":0.0,"Taucorr":null},"EnergyVariance":{"Mean":1.1874448724934425,"Sigma":0.0,"Taucorr":null},"Iteration":88},
{"Acceptance":[0.0],"Energy":{"Mean":-2.749892763769255,"Sigma":0.0,"Taucorr":null},"EnergyVariance":{"Mean":1.1874464973915102,"Sigma":0.0,"Taucorr":null},"Iteration":89},
{"Acceptance":[0.0],"Energy":{"Mean":-2.7498956506564824,"Sigma":0.0,"Taucorr":null},"EnergyVariance":{"Mean":1.1874479649812428,"Sigma":0.0,"Taucorr":null},"Iteration":90},
{"Acceptance":[0.0],"Energy":{"Mean":-2.7498982548135267,"Sigma":0.0,"Taucorr":null},"EnergyVariance":{"Mean":1.187449293235163,"Sigma":0.0,"Taucorr":null},"Iteration":91},
{"Acceptance":[0.0],"Energy":{"Mean":-2.749900608852486,"Sigma":0.0,"Taucorr":null},"EnergyVariance":{"Mean":1.187450497972444,"Sigma":0.0,"Taucorr":null},"Iteration":92},
{"Acceptance":[0.0],"Energy":{"Mean":-2.749902741443697,"Sigma":0.0,"Taucorr":null},"EnergyVariance":{"Mean":1.1874515931589282,"Sigma":0.0,"Taucorr":null},"Iteration":93},
{"Acceptance":[0.0],"Energy":{"Mean":-2.7499046778321636,"Sigma":0.0,"Taucorr":null},"EnergyVariance":{"Mean":1.1874525911568983,"Sigma":0.0,"Taucorr":null},"Iteration":94},
{"Acceptance":[0.0],"Energy":{"Mean":-2.7499064402805704,"Sigma":0.0,"Taucorr":null},"EnergyVariance":{"Mean":1.1874535029342268,"Sigma":0.0,"Taucorr":null},"Iteration":95},
{"Acceptance":[0.0],"Energy":{"Mean":-2.74990804844985,"Sigma":0.0,"Taucorr":null},"EnergyVariance":{"Mean":1.1874543382407576,"Sigma":0.0,"Taucorr":null},"Iteration":96},
{"Acceptance":[0.0],"Energy":{"Mean":-2.749909519726706,"Sigma":0.0,"Taucorr":null},"EnergyVariance":{"Mean":1.1874551057581813,"Sigma":0.0,"Taucorr":null},"Iteration":97},
{"Acceptance":[0.0],"Energy":{"Mean":-2.749910869506034,"Sigma":0.0,"Taucorr":null},"EnergyVariance":{"Mean":1.187455813228322,"Sigma":0.0,"Taucorr":null},"Iteration":98},
{"Acceptance":[0.0],"Energy":{"Mean":-2.749912111435002,"Sigma":0.0,"Taucorr":null},"EnergyVariance":{"Mean":1.1874564675637607,"Sigma":0.0,"Taucorr":null},"Iteration":99} 
]}
{"input": {"L": 24, "J": 1, "machine": {"type": "FFNN", "model": ["tanh", 17, 8]}, "sampler": {"type": "MetropolisHop", "d_max": 5}, "optimizer": {"type": "AdaMax", "alpha": 0.001, "beta1": 0.9, "beta2": 0.999, "epscut": 1e-07}, "VMC": {"n_samples": 100, "discarded_samples": 100, "discarded_samples_on_init": 0, "target": "energy", "method": "Sr", "diag_shift": 10, "use_iterative": true, "use_cholesky": true}, "n_iter": 100}}
duration: -3.7729709148406982