{"Output": [
{"Acceptance":[0.80064],"Energy":{"Mean":20.269073039636115,"Sigma":0.32974265599213665,"Taucorr":-2.7755575615628914e-17},"EnergyVariance":{"Mean":12.380053211513662,"Sigma":1.5942739417968113,"Taucorr":0.0},"Iteration":0},
{"Acceptance":[0.7472],"Energy":{"Mean":18.78412100053092,"Sigma":0.4466825354371393,"Taucorr":5.551115123125783e-17},"EnergyVariance":{"Mean":21.641682226481144,"Sigma":2.8518548477947205,"Taucorr":0.0},"Iteration":1},
{"Acceptance":[0.67296],"Energy":{"Mean":17.498610669299126,"Sigma":0.4824503821826993,"Taucorr":1.1102230246251565e-16},"EnergyVariance":{"Mean":26.359256274886974,"Sigma":3.596413669335732,"Taucorr":0.0},"Iteration":2},
{"Acceptance":[0.62272],"Energy":{"Mean":13.762117048588369,"Sigma":0.44729936394210884,"Taucorr":5.551115123125783e-17},"EnergyVariance":{"Mean":28.31874598094086,"Sigma":3.426140862250204,"Taucorr":0.0},"Iteration":3},
{"Acceptance":[0.52832],"Energy":{"Mean":13.15785331176015,"Sigma":0.4800710181187479,"Taucorr":-5.551115123125783e-17},"EnergyVariance":{"Mean":28.212078890867645,"Sigma":2.93077911824346,"Taucorr":0.0},"Iteration":4},
{"Acceptance":[0.46688],"Energy":{"Mean":10.029946027656653,"Sigma":0.4439731420102835,"Taucorr":0.0},"EnergyVariance":{"Mean":27.90329727844238,"Sigma":3.423373926745743,"Taucorr":0.0},"Iteration":5},
{"Acceptance":[0.44928],"Energy":{"Mean":8.616794410724001,"Sigma":0.4814959832631339,"Taucorr":0.0},"EnergyVariance":{"Mean":33.59085313500963,"Sigma":3.783528914212227,"Taucorr":-2.7755575615628914e-17},"Iteration":6},
{"Acceptance":[0.4192],"Energy":{"Mean":5.8857827615166345,"Sigma":0.4231623816291413,"Taucorr":0.0},"EnergyVariance":{"Mean":28.062438481013857,"Sigma":3.426929144020126,"Taucorr":0.0},"Iteration":7},
{"Acceptance":[0.3744],"Energy":{"Mean":4.417259612013053,"Sigma":0.4893185111487765,"Taucorr":0.0},"EnergyVariance":{"Mean":40.17228767382858,"Sigma":6.293359641713515,"Taucorr":-5.551115123125783e-17},"Iteration":8},
{"Acceptance":[0.35104],"Energy":{"Mean":2.891095330692673,"Sigma":0.5031580239143228,"Taucorr":5.551115123125783e-17},"EnergyVariance":{"Mean":42.23044621271915,"Sigma":4.7906785606250475,"Taucorr":-5.551115123125783e-17},"Iteration":9},
{"Acceptance":[0.33248],"Energy":{"Mean":1.1760544245248679,"Sigma":0.4453403103250037,"Taucorr":0.0},"EnergyVariance":{"Mean":31.551392073034588,"Sigma":5.158366782357571,"Taucorr":0.0},"Iteration":10},
{"Acceptance":[0.29728],"Energy":{"Mean":0.037519756491033895,"Sigma":0.5072733103835793,"Taucorr":5.551115123125783e-17},"EnergyVariance":{"Mean":36.28915577007913,"Sigma":4.667256803434017,"Taucorr":0.0},"Iteration":11},
{"Acceptance":[0.27648],"Energy":{"Mean":-0.24175630449317415,"Sigma":0.4578541679530795,"Taucorr":0.0},"EnergyVariance":{"Mean":37.74071184307327,"Sigma":6.678444094730026,"Taucorr":-5.551115123125783e-17},"Iteration":12},
{"Acceptance":[0.29312],"Energy":{"Mean":-1.8351921192728884,"Sigma":0.44069940320422735,"Taucorr":0.0},"EnergyVariance":{"Mean":36.73233460313789,"Sigma":6.876838473197143,"Taucorr":5.551115123125783e-17},"Iteration":13},
{"Acceptance":[0.28576],"Energy":{"Mean":-3.6659563465995615,"Sigma":0.36051280689588033,"Taucorr":-2.7755575615628914e-17},"EnergyVariance":{"Mean":24.63040431632116,"Sigma":3.783701584848587,"Taucorr":2.7755575615628914e-17},"Iteration":14},
{"Acceptance":[0.26144],"Energy":{"Mean":-3.280260810569864,"Sigma":0.3809487509849947,"Taucorr":-8.326672684688674e-17},"EnergyVariance":{"Mean":29.880175805430135,"Sigma":3.9318879669657902,"Taucorr":0.0},"Iteration":15},
{"Acceptance":[0.23968],"Energy":{"Mean":-4.56837522252021,"Sigma":0.37154601970119255,"Taucorr":0.0},"EnergyVariance":{"Mean":27.015667636025,"Sigma":4.835129394405499,"Taucorr":1.1102230246251565e-16},"Iteration":16},
{"Acceptance":[0.23424],"Energy":{"Mean":-5.326909527042099,"Sigma":0.41909517702798044,"Taucorr":1.1102230246251565e-16},"EnergyVariance":{"Mean":27.674117859095254,"Sigma":6.988813150083322,"Taucorr":-2.7755575615628914e-17},"Iteration":17},
{"Acceptance":[0.21184],"Energy":{"Mean":-6.717690283835044,"Sigma":0.4142790726973926,"Taucorr":0.0},"EnergyVariance":{"Mean":29.89128909305527,"Sigma":6.329521958989632,"Taucorr":5.551115123125783e-17},"Iteration":18},
{"Acceptance":[0.2208],"Energy":{"Mean":-6.76298741347453,"Sigma":0.3974964363981138,"Taucorr":0.0},"EnergyVariance":{"Mean":26.616491967175325,"Sigma":3.4888390967611995,"Taucorr":5.551115123125783e-17},"Iteration":19},
{"Acceptance":[0.20192],"Energy":{"Mean":-8.67287486580879,"Sigma":0.31024193425268265,"Taucorr":0.0},"EnergyVariance":{"Mean":20.48067577764703,"Sigma":3.2620331779190703,"Taucorr":0.0},"Iteration":20},
{"Acceptance":[0.18784],"Energy":{"Mean":-8.178972123135981,"Sigma":0.46162470329080835,"Taucorr":null},"EnergyVariance":{"Mean":32.276822207258746,"Sigma":6.105525930586295,"Taucorr":null},"Iteration":21},
{"Acceptance":[0.15712],"Energy":{"Mean":-6080.836276037467,"Sigma":6071.149299986015,"Taucorr":null},"EnergyVariance":{"Mean":1914172052028.6077,"Sigma":1914135193153.5757,"Taucorr":null},"Iteration":22},
{"Acceptance":[0.08032],"Energy":{"Mean":-10.341099549145984,"Sigma":0.39436351412497167,"Taucorr":null},"EnergyVariance":{"Mean":28.701523166838044,"Sigma":5.0997115990436,"Taucorr":null},"Iteration":23},
{"Acceptance":[0.00096],"Energy":{"Mean":-9.426350542110491,"Sigma":0.2989193553885354,"Taucorr":null},"EnergyVariance":{"Mean":17.29907390801765,"Sigma":3.325725825394629,"Taucorr":null},"Iteration":24},
{"Acceptance":[0.19296],"Energy":{"Mean":-9.578678662920726,"Sigma":0.3291257160333742,"Taucorr":null},"EnergyVariance":{"Mean":19.399551829769898,"Sigma":5.5413159388687765,"Taucorr":null},"Iteration":25},
{"Acceptance":[0.04512],"Energy":{"Mean":-9.018174693549783,"Sigma":0.0,"Taucorr":null},"EnergyVariance":{"Mean":4.573985393453233,"Sigma":0.0,"Taucorr":null},"Iteration":26},
{"Acceptance":[0.00352],"Energy":{"Mean":-9.250367809093943,"Sigma":0.0,"Taucorr":null},"EnergyVariance":{"Mean":4.183210861387656,"Sigma":0.0,"Taucorr":null},"Iteration":27},
{"Acceptance":[0.07168],"Energy":{"Mean":-13.091119301631581,"Sigma":3.3169313099288207,"Taucorr":null},"EnergyVariance":{"Mean":1098.4723224728598,"Sigma":1080.7795360422883,"Taucorr":null},"Iteration":28},
{"Acceptance":[0.0],"Energy":{"Mean":-9.248576715414147,"Sigma":0.0,"Taucorr":null},"EnergyVariance":{"Mean":5.6967589630413515,"Sigma":0.0,"Taucorr":null},"Iteration":29},
{"Acceptance":[0.0],"Energy":{"Mean":-10.263853899007247,"Sigma":0.2766922604430971,"Taucorr":null},"EnergyVariance":{"Mean":10.205700441885416,"Sigma":1.920627055981693,"Taucorr":null},"Iteration":30},
{"Acceptance":[0.18688],"Energy":{"Mean":-10.210053416257601,"Sigma":0.40080593865079217,"Taucorr":null},"EnergyVariance":{"Mean":21.996082394281277,"Sigma":11.724718603520419,"Taucorr":null},"Iteration":31},
{"Acceptance":[0.1568],"Energy":{"Mean":-10.726346397807639,"Sigma":0.2606542762697374,"Taucorr":null},"EnergyVariance":{"Mean":11.135309292740407,"Sigma":2.4394993198449244,"Taucorr":null},"Iteration":32},
{"Acceptance":[0.04384],"Energy":{"Mean":-11.500071614367883,"Sigma":0.00020206258473401905,"Taucorr":null},"EnergyVariance":{"Mean":2.7469555907264205,"Sigma":0.000601343471866629,"Taucorr":null},"Iteration":33},
{"Acceptance":[0.0],"Energy":{"Mean":-11.62656780246841,"Sigma":0.1392929716275001,"Taucorr":null},"EnergyVariance":{"Mean":4.940113750304277,"Sigma":0.7762940537704781,"Taucorr":null},"Iteration":34},
{"Acceptance":[0.0],"Energy":{"Mean":-12.499738361071316,"Sigma":0.0,"Taucorr":null},"EnergyVariance":{"Mean":2.7492229343899632,"Sigma":0.0,"Taucorr":null},"Iteration":35},
{"Acceptance":[0.0064],"Energy":{"Mean":-11.251997176127547,"Sigma":0.0,"Taucorr":null},"EnergyVariance":{"Mean":13.69850442636076,"Sigma":0.0,"Taucorr":null},"Iteration":36},
{"Acceptance":[0.00224],"Energy":{"Mean":-10.851442368042715,"Sigma":0.04134777422774117,"Taucorr":null},"EnergyVariance":{"Mean":12.136128396301492,"Sigma":0.17879657280262098,"Taucorr":null},"Iteration":37},
{"Acceptance":[0.0],"Energy":{"Mean":-9.669350380773164,"Sigma":0.06638459077337217,"Taucorr":null},"EnergyVariance":{"Mean":7.979205926535814,"Sigma":0.17664625013617302,"Taucorr":null},"Iteration":38},
{"Acceptance":[0.0],"Energy":{"Mean":-9.509371204672657,"Sigma":0.05102611745684196,"Taucorr":null},"EnergyVariance":{"Mean":7.527051042468608,"Sigma":0.15217478861539485,"Taucorr":null},"Iteration":39},
{"Acceptance":[0.0],"Energy":{"Mean":-9.249422195820188,"Sigma":0.0,"Taucorr":null},"EnergyVariance":{"Mean":6.684258699726281,"Sigma":0.0,"Taucorr":null},"Iteration":40},
{"Acceptance":[0.0],"Energy":{"Mean":-9.249767070344095,"Sigma":0.0,"Taucorr":null},"EnergyVariance":{"Mean":6.686224848257644,"Sigma":0.0,"Taucorr":null},"Iteration":41},
{"Acceptance":[0.0],"Energy":{"Mean":-11.60302184423833,"Sigma":0.20748712035365033,"Taucorr":null},"EnergyVariance":{"Mean":24.30906060554496,"Sigma":16.564969691699478,"Taucorr":null},"Iteration":42},
{"Acceptance":[0.0],"Energy":{"Mean":-11.987704803217785,"Sigma":0.0,"Taucorr":null},"EnergyVariance":{"Mean":5.895521887633638,"Sigma":0.0,"Taucorr":null},"Iteration":43},
{"Acceptance":[0.00032],"Energy":{"Mean":-10.485519132282018,"Sigma":0.0,"Taucorr":null},"EnergyVariance":{"Mean":12.591782731534302,"Sigma":0.0,"Taucorr":null},"Iteration":44},
{"Acceptance":[0.00032],"Energy":{"Mean":-10.485273380923978,"Sigma":0.0,"Taucorr":null},"EnergyVariance":{"Mean":12.588935777937916,"Sigma":0.0,"Taucorr":null},"Iteration":45},
{"Acceptance":[0.0],"Energy":{"Mean":-8.84232289554054,"Sigma":0.3260572620726434,"Taucorr":null},"EnergyVariance":{"Mean":16.395566369447568,"Sigma":5.784606544410293,"Taucorr":null},"Iteration":46},
{"Acceptance":[0.00032],"Energy":{"Mean":-9.529597495606815,"Sigma":0.19133074443279466,"Taucorr":null},"EnergyVariance":{"Mean":12.694158881074614,"Sigma":2.248573934194419,"Taucorr":null},"Iteration":47},
{"Acceptance":[0.0],"Energy":{"Mean":-9.84955051318812,"Sigma":0.14418941165216295,"Taucorr":null},"EnergyVariance":{"Mean":16.15005205813189,"Sigma":3.727925437856281,"Taucorr":null},"Iteration":48},
{"Acceptance":[0.0],"Energy":{"Mean":-9.499580145855028,"Sigma":0.0,"Taucorr":null},"EnergyVariance":{"Mean":6.747917895315164,"Sigma":0.0,"Taucorr":null},"Iteration":49},
{"Acceptance":[0.0],"Energy":{"Mean":-9.499816206918123,"Sigma":0.0,"Taucorr":null},"EnergyVariance":{"Mean":6.749089362695922,"Sigma":0.0,"Taucorr":null},"Iteration":50},
{"Acceptance":[0.0],"Energy":{"Mean":-9.499909129765197,"Sigma":1.288403817128308e-05,"Taucorr":null},"EnergyVariance":{"Mean":6.749549058481176,"Sigma":6.469639544834633e-05,"Taucorr":null},"Iteration":51},
{"Acceptance":[0.0],"Energy":{"Mean":-9.499830865541384,"Sigma":0.0,"Taucorr":null},"EnergyVariance":{"Mean":6.749154439419602,"Sigma":0.0,"Taucorr":null},"Iteration":52},
{"Acceptance":[0.0],"Energy":{"Mean":-9.499877358415665,"Sigma":0.0,"Taucorr":null},"EnergyVariance":{"Mean":6.749386849922635,"Sigma":0.0,"Taucorr":null},"Iteration":53},
{"Acceptance":[0.0],"Energy":{"Mean":-9.499910488367743,"Sigma":0.0,"Taucorr":null},"EnergyVariance":{"Mean":6.749552470875932,"Sigma":0.0,"Taucorr":null},"Iteration":54},
{"Acceptance":[0.0],"Energy":{"Mean":-9.499941769952274,"Sigma":5.108972668701686e-06,"Taucorr":null},"EnergyVariance":{"Mean":6.749708881560403,"Sigma":2.5559453489978693e-05,"Taucorr":null},"Iteration":55},
{"Acceptance":[0.0],"Energy":{"Mean":-9.499951788532513,"Sigma":0.0,"Taucorr":null},"EnergyVariance":{"Mean":6.749758949150275,"Sigma":0.0,"Taucorr":null},"Iteration":56},
{"Acceptance":[0.0],"Energy":{"Mean":-9.499968974643899,"Sigma":3.068643033793458e-06,"Taucorr":null},"EnergyVariance":{"Mean":6.749844887026594,"Sigma":1.534769651650411e-05,"Taucorr":null},"Iteration":57},
{"Acceptance":[0.0],"Energy":{"Mean":-9.500016214149204,"Sigma":0.0,"Taucorr":null},"EnergyVariance":{"Mean":6.750081117722994,"Sigma":0.0,"Taucorr":null},"Iteration":58},
{"Acceptance":[0.0],"Energy":{"Mean":-9.500012930534584,"Sigma":0.0,"Taucorr":null},"EnergyVariance":{"Mean":6.750064673192824,"Sigma":0.0,"Taucorr":null},"Iteration":59},
{"Acceptance":[0.0],"Energy":{"Mean":-9.500010201936881,"Sigma":0.0,"Taucorr":null},"EnergyVariance":{"Mean":6.750051025613852,"Sigma":0.0,"Taucorr":null},"Iteration":60},
{"Acceptance":[0.0],"Energy":{"Mean":-9.500008000893933,"Sigma":0.0,"Taucorr":null},"EnergyVariance":{"Mean":6.750040040703192,"Sigma":0.0,"Taucorr":null},"Iteration":61},
{"Acceptance":[0.0],"Energy":{"Mean":-9.500006256270908,"Sigma":0.0,"Taucorr":null},"EnergyVariance":{"Mean":6.750031335751134,"Sigma":0.0,"Taucorr":null},"Iteration":62},
{"Acceptance":[0.0],"Energy":{"Mean":-9.499994981569985,"Sigma":0.0,"Taucorr":null},"EnergyVariance":{"Mean":6.749974915592288,"Sigma":0.0,"Taucorr":null},"Iteration":63},
{"Acceptance":[0.0],"Energy":{"Mean":-9.500002103467256,"Sigma":6.280072340621577e-07,"Taucorr":null},"EnergyVariance":{"Mean":6.750010366235543,"Sigma":3.140313734005728e-06,"Taucorr":null},"Iteration":64},
{"Acceptance":[0.0],"Energy":{"Mean":-9.499997887827135,"Sigma":0.0,"Taucorr":null},"EnergyVariance":{"Mean":6.749988989039522,"Sigma":0.0,"Taucorr":null},"Iteration":65},
{"Acceptance":[0.0],"Energy":{"Mean":-9.500001399521373,"Sigma":3.2436480465169205e-07,"Taucorr":null},"EnergyVariance":{"Mean":6.750006208532392,"Sigma":1.6219766504772246e-06,"Taucorr":null},"Iteration":66},
{"Acceptance":[0.0],"Energy":{"Mean":-9.49999948878316,"Sigma":0.0,"Taucorr":null},"EnergyVariance":{"Mean":6.74999717824389,"Sigma":0.0,"Taucorr":null},"Iteration":67},
{"Acceptance":[0.0],"Energy":{"Mean":-9.499998522792515,"Sigma":0.0,"Taucorr":null},"EnergyVariance":{"Mean":6.750015421883933,"Sigma":0.0,"Taucorr":null},"Iteration":68},
{"Acceptance":[0.0],"Energy":{"Mean":-9.499969827558477,"Sigma":0.0,"Taucorr":null},"EnergyVariance":{"Mean":6.750094335333296,"Sigma":0.0,"Taucorr":null},"Iteration":69},
{"Acceptance":[0.0],"Energy":{"Mean":-8.720070306789804,"Sigma":0.05068739902292928,"Taucorr":null},"EnergyVariance":{"Mean":11.161314792321702,"Sigma":0.37708703136956745,"Taucorr":null},"Iteration":70},
{"Acceptance":[0.0],"Energy":{"Mean":-8.680041940026225,"Sigma":0.0490137762241134,"Taucorr":null},"EnergyVariance":{"Mean":11.457506488275481,"Sigma":0.36071575388802063,"Taucorr":null},"Iteration":71},
{"Acceptance":[0.0],"Energy":{"Mean":-8.800093330713128,"Sigma":0.05002389907700093,"Taucorr":null},"EnergyVariance":{"Mean":10.559571816455684,"Sigma":0.38016315568266185,"Taucorr":null},"Iteration":72},
{"Acceptance":[0.0],"Energy":{"Mean":-7.9999982389269855,"Sigma":0.0,"Taucorr":null},"EnergyVariance":{"Mean":18.000010810260374,"Sigma":0.0,"Taucorr":null},"Iteration":73},
{"Acceptance":[0.00064],"Energy":{"Mean":-8.500001199116603,"Sigma":1.0159712262795048e-07,"Taucorr":null},"EnergyVariance":{"Mean":16.750008393919188,"Sigma":7.111556813582472e-07,"Taucorr":null},"Iteration":74},
{"Acceptance":[0.0],"Energy":{"Mean":-8.500001531871199,"Sigma":0.0,"Taucorr":null},"EnergyVariance":{"Mean":16.75001072313759,"Sigma":0.0,"Taucorr":null},"Iteration":75},
{"Acceptance":[0.0],"Energy":{"Mean":-8.500000038753845,"Sigma":0.0,"Taucorr":null},"EnergyVariance":{"Mean":16.75000027153808,"Sigma":0.0,"Taucorr":null},"Iteration":76},
{"Acceptance":[0.0],"Energy":{"Mean":-8.500001645267371,"Sigma":0.0,"Taucorr":null},"EnergyVariance":{"Mean":16.750011516904074,"Sigma":0.0,"Taucorr":null},"Iteration":77},
{"Acceptance":[0.0],"Energy":{"Mean":-8.499999925293986,"Sigma":0.0,"Taucorr":null},"EnergyVariance":{"Mean":16.749999477268616,"Sigma":0.0,"Taucorr":null},"Iteration":78},
{"Acceptance":[0.0],"Energy":{"Mean":-8.50000171112693,"Sigma":0.0,"Taucorr":null},"EnergyVariance":{"Mean":16.75001197791637,"Sigma":0.0,"Taucorr":null},"Iteration":79},
{"Acceptance":[0.0],"Energy":{"Mean":-8.500001430650155,"Sigma":1.4120880058566078e-07,"Taucorr":null},"EnergyVariance":{"Mean":16.75001001460172,"Sigma":9.884501556250555e-07,"Taucorr":null},"Iteration":80},
{"Acceptance":[0.0],"Energy":{"Mean":-8.500001593908742,"Sigma":1.0709391008235766e-07,"Taucorr":null},"EnergyVariance":{"Mean":16.750011157397157,"Sigma":7.496494903424981e-07,"Taucorr":null},"Iteration":81},
{"Acceptance":[0.0],"Energy":{"Mean":-8.499999788494787,"Sigma":0.0,"Taucorr":null},"EnergyVariance":{"Mean":16.749998519616348,"Sigma":0.0,"Taucorr":null},"Iteration":82},
{"Acceptance":[0.0],"Energy":{"Mean":-8.500001769207538,"Sigma":0.0,"Taucorr":null},"EnergyVariance":{"Mean":16.75001238447493,"Sigma":0.0,"Taucorr":null},"Iteration":83},
{"Acceptance":[0.0],"Energy":{"Mean":-8.499999746879002,"Sigma":0.0,"Taucorr":null},"EnergyVariance":{"Mean":16.749998228288796,"Sigma":0.0,"Taucorr":null},"Iteration":84},
{"Acceptance":[0.0],"Energy":{"Mean":-8.500001779785846,"Sigma":0.0,"Taucorr":null},"EnergyVariance":{"Mean":16.750012458521315,"Sigma":0.0,"Taucorr":null},"Iteration":85},
{"Acceptance":[0.0],"Energy":{"Mean":-8.499999716061044,"Sigma":0.0,"Taucorr":null},"EnergyVariance":{"Mean":16.749998012550556,"Sigma":0.0,"Taucorr":null},"Iteration":86},
{"Acceptance":[0.0],"Energy":{"Mean":-8.499999703681521,"Sigma":0.0,"Taucorr":null},"EnergyVariance":{"Mean":16.749997925888884,"Sigma":0.0,"Taucorr":null},"Iteration":87},
{"Acceptance":[0.0],"Energy":{"Mean":-8.499999692917903,"Sigma":0.0,"Taucorr":null},"EnergyVariance":{"Mean":16.749997850539216,"Sigma":0.0,"Taucorr":null},"Iteration":88},
{"Acceptance":[0.0],"Energy":{"Mean":-8.499999683531653,"Sigma":0.0,"Taucorr":null},"EnergyVariance":{"Mean":16.74999778483167,"Sigma":0.0,"Taucorr":null},"Iteration":89},
{"Acceptance":[0.0],"Energy":{"Mean":-8.500000772807756,"Sigma":2.1523426654251462e-07,"Taucorr":null},"EnergyVariance":{"Mean":16.75000540971582,"Sigma":1.5066307539473851e-06,"Taucorr":null},"Iteration":90},
{"Acceptance":[0.0],"Energy":{"Mean":-8.500000091603008,"Sigma":1.7288265013981338e-07,"Taucorr":null},"EnergyVariance":{"Mean":16.75000064130834,"Sigma":1.210171697017627e-06,"Taucorr":null},"Iteration":91},
{"Acceptance":[0.0],"Energy":{"Mean":-8.500001784906672,"Sigma":0.0,"Taucorr":null},"EnergyVariance":{"Mean":16.750012494363638,"Sigma":0.0,"Taucorr":null},"Iteration":92},
{"Acceptance":[0.0],"Energy":{"Mean":-8.499999656237845,"Sigma":0.0,"Taucorr":null},"EnergyVariance":{"Mean":16.749997593763997,"Sigma":0.0,"Taucorr":null},"Iteration":93},
{"Acceptance":[0.0],"Energy":{"Mean":-8.49999965132436,"Sigma":0.0,"Taucorr":null},"EnergyVariance":{"Mean":16.749997559367625,"Sigma":0.0,"Taucorr":null},"Iteration":94},
{"Acceptance":[0.0],"Energy":{"Mean":-8.49999964698051,"Sigma":0.0,"Taucorr":null},"EnergyVariance":{"Mean":16.749997528958914,"Sigma":0.0,"Taucorr":null},"Iteration":95},
{"Acceptance":[0.0],"Energy":{"Mean":-8.499999643133702,"Sigma":0.0,"Taucorr":null},"EnergyVariance":{"Mean":16.7499975020297,"Sigma":0.0,"Taucorr":null},"Iteration":96},
{"Acceptance":[0.0],"Energy":{"Mean":-8.499999639721729,"Sigma":0.0,"Taucorr":null},"EnergyVariance":{"Mean":16.749997478144497,"Sigma":0.0,"Taucorr":null},"Iteration":97},
{"Acceptance":[0.0],"Energy":{"Mean":-8.49999963669109,"Sigma":0.0,"Taucorr":null},"EnergyVariance":{"Mean":16.7499974569288,"Sigma":0.0,"Taucorr":null},"Iteration":98},
{"Acceptance":[0.0],"Energy":{"Mean":-8.50000109251288,"Sigma":2.0423326570247508e-07,"Taucorr":null},"EnergyVariance":{"Mean":16.750007647630515,"Sigma":1.4296255994918393e-06,"Taucorr":null},"Iteration":99} 
]}
{"input": {"L": 24, "J": 1, "machine": {"type": "FFNN", "model": ["tanh", 55, 6]}, "sampler": {"type": "MetropolisHop", "d_max": 5}, "optimizer": {"type": "AdaMax", "alpha": 0.001, "beta1": 0.9, "beta2": 0.999, "epscut": 1e-07}, "VMC": {"n_samples": 100, "discarded_samples": 100, "discarded_samples_on_init": 0, "target": "energy", "method": "Sr", "diag_shift": 10, "use_iterative": true, "use_cholesky": true}, "n_iter": 100}}
duration: -7.481277227401733