{"Output": [
{"Acceptance":[0.7616],"Energy":{"Mean":19.365819395990453,"Sigma":0.40477599434099026,"Taucorr":5.551115123125783e-17},"EnergyVariance":{"Mean":17.297323693363374,"Sigma":2.4065813970537993,"Taucorr":-8.326672684688674e-17},"Iteration":0},
{"Acceptance":[0.66144],"Energy":{"Mean":16.73839560227796,"Sigma":0.453431256303321,"Taucorr":-8.326672684688674e-17},"EnergyVariance":{"Mean":22.597471976010297,"Sigma":2.3921142248644096,"Taucorr":2.7755575615628914e-17},"Iteration":1},
{"Acceptance":[0.6],"Energy":{"Mean":14.871048678491062,"Sigma":0.49151002741534644,"Taucorr":2.7755575615628914e-17},"EnergyVariance":{"Mean":28.57207423714713,"Sigma":3.126449671224638,"Taucorr":2.7755575615628914e-17},"Iteration":2},
{"Acceptance":[0.5072],"Energy":{"Mean":10.934893559270359,"Sigma":0.4604577124571613,"Taucorr":0.0},"EnergyVariance":{"Mean":29.85002743058862,"Sigma":2.9712830903633325,"Taucorr":-2.7755575615628914e-17},"Iteration":3},
{"Acceptance":[0.44608],"Energy":{"Mean":7.830222548721496,"Sigma":0.4757220605855513,"Taucorr":0.0},"EnergyVariance":{"Mean":31.594644909726266,"Sigma":3.93315710251977,"Taucorr":0.0},"Iteration":4},
{"Acceptance":[0.39296],"Energy":{"Mean":4.843191785378208,"Sigma":0.5137524150972191,"Taucorr":-5.551115123125783e-17},"EnergyVariance":{"Mean":32.71067361775573,"Sigma":3.903624020989931,"Taucorr":0.0},"Iteration":5},
{"Acceptance":[0.35392],"Energy":{"Mean":1.1092338154019763,"Sigma":0.46699327746781527,"Taucorr":-2.7755575615628914e-17},"EnergyVariance":{"Mean":35.62714135523919,"Sigma":5.728797668155693,"Taucorr":0.0},"Iteration":6},
{"Acceptance":[0.31168],"Energy":{"Mean":-1.9076176522447885,"Sigma":0.440604667301192,"Taucorr":2.7755575615628914e-17},"EnergyVariance":{"Mean":26.3096642107406,"Sigma":3.6451054478423015,"Taucorr":-2.7755575615628914e-17},"Iteration":7},
{"Acceptance":[0.2752],"Energy":{"Mean":-2.1343025206851394,"Sigma":0.5417983964987467,"Taucorr":5.551115123125783e-17},"EnergyVariance":{"Mean":44.017139723487155,"Sigma":5.9922093211671745,"Taucorr":0.0},"Iteration":8},
{"Acceptance":[0.25024],"Energy":{"Mean":-4.791560146293227,"Sigma":0.44060725011702734,"Taucorr":-2.7755575615628914e-17},"EnergyVariance":{"Mean":34.14975341137655,"Sigma":5.101727116656251,"Taucorr":-5.551115123125783e-17},"Iteration":9},
{"Acceptance":[0.22528],"Energy":{"Mean":-5.9525164641674175,"Sigma":0.4601640169037,"Taucorr":0.0},"EnergyVariance":{"Mean":38.250516300862294,"Sigma":5.803706108714655,"Taucorr":0.0},"Iteration":10},
{"Acceptance":[0.2112],"Energy":{"Mean":-7.662577708385037,"Sigma":0.47918051574545134,"Taucorr":5.551115123125783e-17},"EnergyVariance":{"Mean":31.634567633653525,"Sigma":5.870493110136149,"Taucorr":-2.7755575615628914e-17},"Iteration":11},
{"Acceptance":[0.2096],"Energy":{"Mean":-9.327164083957726,"Sigma":0.32601858933230987,"Taucorr":0.0},"EnergyVariance":{"Mean":22.97089347848585,"Sigma":3.832435037074635,"Taucorr":5.551115123125783e-17},"Iteration":12},
{"Acceptance":[0.20064],"Energy":{"Mean":-9.630286396417802,"Sigma":0.41605945814184575,"Taucorr":-2.7755575615628914e-17},"EnergyVariance":{"Mean":31.704857560145527,"Sigma":6.407839899368697,"Taucorr":-2.7755575615628914e-17},"Iteration":13},
{"Acceptance":[0.19168],"Energy":{"Mean":-8.75082674293255,"Sigma":0.5958147231181447,"Taucorr":5.551115123125783e-17},"EnergyVariance":{"Mean":67.80168604836709,"Sigma":15.298107163049993,"Taucorr":0.0},"Iteration":14},
{"Acceptance":[0.19296],"Energy":{"Mean":-11.773922441771623,"Sigma":0.34102863218204693,"Taucorr":0.0},"EnergyVariance":{"Mean":28.629918380207908,"Sigma":10.21153431068587,"Taucorr":0.0},"Iteration":15},
{"Acceptance":[0.16768],"Energy":{"Mean":-12.492213017036239,"Sigma":0.30045815081331406,"Taucorr":0.0},"EnergyVariance":{"Mean":22.834143993575402,"Sigma":4.936078782382991,"Taucorr":-2.7755575615628914e-17},"Iteration":16},
{"Acceptance":[0.1808],"Energy":{"Mean":-11.76503361764295,"Sigma":0.5401373696434341,"Taucorr":0.0},"EnergyVariance":{"Mean":51.57704602628618,"Sigma":10.39570972231707,"Taucorr":0.0},"Iteration":17},
{"Acceptance":[0.16096],"Energy":{"Mean":-12.2332132195871,"Sigma":0.37014099227304165,"Taucorr":0.0},"EnergyVariance":{"Mean":31.162132605424215,"Sigma":14.224821439798122,"Taucorr":5.551115123125783e-17},"Iteration":18},
{"Acceptance":[0.1728],"Energy":{"Mean":-13.896373542596182,"Sigma":0.328761826653813,"Taucorr":0.0},"EnergyVariance":{"Mean":23.301935945119745,"Sigma":7.50698091171355,"Taucorr":0.0},"Iteration":19},
{"Acceptance":[0.15616],"Energy":{"Mean":-14.33238151286261,"Sigma":0.29276305384719153,"Taucorr":0.0},"EnergyVariance":{"Mean":15.706264113531601,"Sigma":2.7039720693247338,"Taucorr":0.0},"Iteration":20},
{"Acceptance":[0.16096],"Energy":{"Mean":-14.248455990149745,"Sigma":0.28564473369987514,"Taucorr":-5.551115123125783e-17},"EnergyVariance":{"Mean":21.79329443342673,"Sigma":5.437204065451154,"Taucorr":0.0},"Iteration":21},
{"Acceptance":[0.16288],"Energy":{"Mean":-15.785321584339755,"Sigma":0.3111898056989664,"Taucorr":5.551115123125783e-17},"EnergyVariance":{"Mean":15.891368753769736,"Sigma":3.3102752340920634,"Taucorr":5.551115123125783e-17},"Iteration":22},
{"Acceptance":[0.14848],"Energy":{"Mean":-15.8124815244047,"Sigma":0.3180758505144127,"Taucorr":-5.551115123125783e-17},"EnergyVariance":{"Mean":17.654316116131803,"Sigma":4.569164155009454,"Taucorr":1.1102230246251565e-16},"Iteration":23},
{"Acceptance":[0.1504],"Energy":{"Mean":-17.088159069628333,"Sigma":0.3064204265848176,"Taucorr":2.7755575615628914e-17},"EnergyVariance":{"Mean":12.89374279648247,"Sigma":2.2993456156811596,"Taucorr":-2.7755575615628914e-17},"Iteration":24},
{"Acceptance":[0.1616],"Energy":{"Mean":-17.19539944721432,"Sigma":0.3273768783994478,"Taucorr":-8.326672684688674e-17},"EnergyVariance":{"Mean":13.111797078934107,"Sigma":4.950242887707109,"Taucorr":0.0},"Iteration":25},
{"Acceptance":[0.06272],"Energy":{"Mean":-15.781500772041593,"Sigma":0.199385295237725,"Taucorr":null},"EnergyVariance":{"Mean":7.736097916216356,"Sigma":0.8028862500346563,"Taucorr":null},"Iteration":26},
{"Acceptance":[0.01632],"Energy":{"Mean":-15.383982787367305,"Sigma":0.04387335190522396,"Taucorr":null},"EnergyVariance":{"Mean":16.429327812682416,"Sigma":0.3178451544397553,"Taucorr":null},"Iteration":27},
{"Acceptance":[0.02208],"Energy":{"Mean":-16.151303662670703,"Sigma":0.03065647452012879,"Taucorr":null},"EnergyVariance":{"Mean":5.860395536712439,"Sigma":0.1560706803929693,"Taucorr":null},"Iteration":28},
{"Acceptance":[0.00736],"Energy":{"Mean":-17.047457867756243,"Sigma":0.0,"Taucorr":null},"EnergyVariance":{"Mean":3.0945030310457087,"Sigma":0.0,"Taucorr":null},"Iteration":29},
{"Acceptance":[0.00928],"Energy":{"Mean":-18.500365565745813,"Sigma":0.0,"Taucorr":null},"EnergyVariance":{"Mean":0.24963493636449924,"Sigma":0.0,"Taucorr":null},"Iteration":30},
{"Acceptance":[0.00128],"Energy":{"Mean":-16.497081222518467,"Sigma":0.0,"Taucorr":null},"EnergyVariance":{"Mean":6.298730548631442,"Sigma":0.0,"Taucorr":null},"Iteration":31},
{"Acceptance":[0.00032],"Energy":{"Mean":-15.930306616489055,"Sigma":0.09532998517757074,"Taucorr":null},"EnergyVariance":{"Mean":4.9714986538138914,"Sigma":0.39505364294453327,"Taucorr":null},"Iteration":32},
{"Acceptance":[0.00032],"Energy":{"Mean":-14.003012691727424,"Sigma":0.0,"Taucorr":null},"EnergyVariance":{"Mean":10.024240659441826,"Sigma":0.0,"Taucorr":null},"Iteration":33},
{"Acceptance":[0.0],"Energy":{"Mean":-12.842712354545974,"Sigma":0.037447451643587676,"Taucorr":null},"EnergyVariance":{"Mean":11.461081918066586,"Sigma":0.3095481035826172,"Taucorr":null},"Iteration":34},
{"Acceptance":[0.0032],"Energy":{"Mean":-13.746776010091772,"Sigma":0.0,"Taucorr":null},"EnergyVariance":{"Mean":8.17302845216847,"Sigma":0.0,"Taucorr":null},"Iteration":35},
{"Acceptance":[0.0],"Energy":{"Mean":-14.999678961476647,"Sigma":0.0,"Taucorr":null},"EnergyVariance":{"Mean":0.9993590462155697,"Sigma":0.0,"Taucorr":null},"Iteration":36},
{"Acceptance":[0.0],"Energy":{"Mean":-14.75179442297695,"Sigma":0.0,"Taucorr":null},"EnergyVariance":{"Mean":1.6931843713788624,"Sigma":0.0,"Taucorr":null},"Iteration":37},
{"Acceptance":[0.0],"Energy":{"Mean":-14.868778627230878,"Sigma":0.043749643394214784,"Taucorr":null},"EnergyVariance":{"Mean":1.7331211459780531,"Sigma":0.01148628174884006,"Taucorr":null},"Iteration":38},
{"Acceptance":[0.0],"Energy":{"Mean":-14.756915123881683,"Sigma":0.0,"Taucorr":null},"EnergyVariance":{"Mean":1.6982909437761922,"Sigma":0.0,"Taucorr":null},"Iteration":39},
{"Acceptance":[0.00352],"Energy":{"Mean":-13.499925133093864,"Sigma":0.0,"Taucorr":null},"EnergyVariance":{"Mean":2.7499061262200266,"Sigma":0.0,"Taucorr":null},"Iteration":40},
{"Acceptance":[0.00672],"Energy":{"Mean":-14.839998823886267,"Sigma":0.15198684154407655,"Taucorr":null},"EnergyVariance":{"Mean":5.614403511081605,"Sigma":0.5593112193296695,"Taucorr":null},"Iteration":41},
{"Acceptance":[0.00288],"Energy":{"Mean":-12.999999724977496,"Sigma":0.0,"Taucorr":null},"EnergyVariance":{"Mean":11.000011957737229,"Sigma":0.0,"Taucorr":null},"Iteration":42},
{"Acceptance":[0.0],"Energy":{"Mean":-11.000159203626577,"Sigma":0.0,"Taucorr":null},"EnergyVariance":{"Mean":2.500637617167168,"Sigma":0.0,"Taucorr":null},"Iteration":43},
{"Acceptance":[0.00032],"Energy":{"Mean":-9.7477538578443,"Sigma":0.0,"Taucorr":null},"EnergyVariance":{"Mean":12.663933919133612,"Sigma":0.0,"Taucorr":null},"Iteration":44},
{"Acceptance":[0.00672],"Energy":{"Mean":-10.999573958415015,"Sigma":0.0,"Taucorr":null},"EnergyVariance":{"Mean":10.496592216087446,"Sigma":0.0,"Taucorr":null},"Iteration":45},
{"Acceptance":[0.0],"Energy":{"Mean":-12.99999283046647,"Sigma":0.0,"Taucorr":null},"EnergyVariance":{"Mean":1.4998023189422898,"Sigma":0.0,"Taucorr":null},"Iteration":46},
{"Acceptance":[0.00096],"Energy":{"Mean":-12.520022123117531,"Sigma":0.10198039027185567,"Taucorr":null},"EnergyVariance":{"Mean":4.149663407939764,"Sigma":0.5139856792184726,"Taucorr":null},"Iteration":47},
{"Acceptance":[0.0],"Energy":{"Mean":-12.75005766623001,"Sigma":0.0,"Taucorr":null},"EnergyVariance":{"Mean":9.687073040413633,"Sigma":0.0,"Taucorr":null},"Iteration":48},
{"Acceptance":[0.00512],"Energy":{"Mean":-13.250001997652792,"Sigma":0.0,"Taucorr":null},"EnergyVariance":{"Mean":5.688418196201274,"Sigma":0.0,"Taucorr":null},"Iteration":49},
{"Acceptance":[0.00288],"Energy":{"Mean":-13.750087439986363,"Sigma":0.0,"Taucorr":null},"EnergyVariance":{"Mean":3.1878244442766013,"Sigma":0.0,"Taucorr":null},"Iteration":50},
{"Acceptance":[0.0],"Energy":{"Mean":-13.749889890455528,"Sigma":0.0,"Taucorr":null},"EnergyVariance":{"Mean":3.186983378360442,"Sigma":0.0,"Taucorr":null},"Iteration":51},
{"Acceptance":[0.0],"Energy":{"Mean":-13.778002107281846,"Sigma":0.016107423746071298,"Taucorr":null},"EnergyVariance":{"Mean":3.2833470475784186,"Sigma":0.05496932418243913,"Taucorr":null},"Iteration":52},
{"Acceptance":[0.0],"Energy":{"Mean":-14.473222814341842,"Sigma":0.07348468224305311,"Taucorr":null},"EnergyVariance":{"Mean":3.2691049604009765,"Sigma":0.14303423612227315,"Taucorr":null},"Iteration":53},
{"Acceptance":[0.0],"Energy":{"Mean":-15.000184021146737,"Sigma":0.0,"Taucorr":null},"EnergyVariance":{"Mean":3.500436716519941,"Sigma":0.0,"Taucorr":null},"Iteration":54},
{"Acceptance":[0.0],"Energy":{"Mean":-15.003523268761858,"Sigma":0.0,"Taucorr":null},"EnergyVariance":{"Mean":3.5071126920520124,"Sigma":0.0,"Taucorr":null},"Iteration":55},
{"Acceptance":[0.0],"Energy":{"Mean":-15.00510125285536,"Sigma":0.0,"Taucorr":null},"EnergyVariance":{"Mean":3.5102829168707315,"Sigma":0.0,"Taucorr":null},"Iteration":56},
{"Acceptance":[0.00192],"Energy":{"Mean":-15.003685218951365,"Sigma":0.0,"Taucorr":null},"EnergyVariance":{"Mean":3.5076013250532023,"Sigma":0.0,"Taucorr":null},"Iteration":57},
{"Acceptance":[0.00192],"Energy":{"Mean":-15.748342683730991,"Sigma":0.0,"Taucorr":null},"EnergyVariance":{"Mean":0.6864904682583284,"Sigma":0.0,"Taucorr":null},"Iteration":58},
{"Acceptance":[0.0],"Energy":{"Mean":-15.736316861397677,"Sigma":0.0,"Taucorr":null},"EnergyVariance":{"Mean":0.6823576568572757,"Sigma":0.0,"Taucorr":null},"Iteration":59},
{"Acceptance":[0.0],"Energy":{"Mean":-15.717255775577371,"Sigma":0.0,"Taucorr":null},"EnergyVariance":{"Mean":0.6753720176950702,"Sigma":0.0,"Taucorr":null},"Iteration":60},
{"Acceptance":[0.0],"Energy":{"Mean":-15.68851497328166,"Sigma":0.0,"Taucorr":null},"EnergyVariance":{"Mean":0.6683093267253294,"Sigma":0.0,"Taucorr":null},"Iteration":61},
{"Acceptance":[0.0],"Energy":{"Mean":-15.646752546693884,"Sigma":0.0,"Taucorr":null},"EnergyVariance":{"Mean":0.6692667994691984,"Sigma":0.0,"Taucorr":null},"Iteration":62},
{"Acceptance":[0.0],"Energy":{"Mean":-15.587159242297048,"Sigma":0.0,"Taucorr":null},"EnergyVariance":{"Mean":0.6998720084528119,"Sigma":0.0,"Taucorr":null},"Iteration":63},
{"Acceptance":[0.0],"Energy":{"Mean":-15.502187992838747,"Sigma":9.546249023780599e-05,"Taucorr":null},"EnergyVariance":{"Mean":0.7678345863096373,"Sigma":0.005857823242691114,"Taucorr":null},"Iteration":64},
{"Acceptance":[0.0],"Energy":{"Mean":-15.623336845576945,"Sigma":0.0,"Taucorr":null},"EnergyVariance":{"Mean":0.6937015504697908,"Sigma":0.0,"Taucorr":null},"Iteration":65},
{"Acceptance":[0.0],"Energy":{"Mean":-15.666452341541312,"Sigma":0.0,"Taucorr":null},"EnergyVariance":{"Mean":0.6774803617266599,"Sigma":0.0,"Taucorr":null},"Iteration":66},
{"Acceptance":[0.0],"Energy":{"Mean":-15.691928007210153,"Sigma":0.0,"Taucorr":null},"EnergyVariance":{"Mean":0.673941709526702,"Sigma":0.0,"Taucorr":null},"Iteration":67},
{"Acceptance":[0.0],"Energy":{"Mean":-15.354447798659615,"Sigma":0.08384315419428906,"Taucorr":null},"EnergyVariance":{"Mean":2.161621110601189,"Sigma":0.45078790543767033,"Taucorr":null},"Iteration":68},
{"Acceptance":[0.0],"Energy":{"Mean":-14.251771640324435,"Sigma":0.0,"Taucorr":null},"EnergyVariance":{"Mean":1.6901669511935058,"Sigma":0.0,"Taucorr":null},"Iteration":69},
{"Acceptance":[0.0],"Energy":{"Mean":19.14448140791663,"Sigma":32.20490855482325,"Taucorr":null},"EnergyVariance":{"Mean":121663.72219991579,"Sigma":120518.4043714494,"Taucorr":null},"Iteration":70},
{"Acceptance":[0.0016],"Energy":{"Mean":-11.749999999999549,"Sigma":0.0,"Taucorr":null},"EnergyVariance":{"Mean":10.187499999996188,"Sigma":0.0,"Taucorr":null},"Iteration":71},
{"Acceptance":[0.00064],"Energy":{"Mean":-12.749999997640968,"Sigma":0.0,"Taucorr":null},"EnergyVariance":{"Mean":5.187499989330722,"Sigma":0.0,"Taucorr":null},"Iteration":72},
{"Acceptance":[0.00064],"Energy":{"Mean":-13.750277802215763,"Sigma":0.0,"Taucorr":null},"EnergyVariance":{"Mean":10.689897675411014,"Sigma":0.0,"Taucorr":null},"Iteration":73},
{"Acceptance":[0.00032],"Energy":{"Mean":-13.749992668181658,"Sigma":0.0,"Taucorr":null},"EnergyVariance":{"Mean":1.1875475104987954,"Sigma":0.0,"Taucorr":null},"Iteration":74},
{"Acceptance":[0.00032],"Energy":{"Mean":-14.249470259949177,"Sigma":0.0,"Taucorr":null},"EnergyVariance":{"Mean":2.1874365573888754,"Sigma":0.0,"Taucorr":null},"Iteration":75},
{"Acceptance":[0.00032],"Energy":{"Mean":-13.75009205807889,"Sigma":0.0,"Taucorr":null},"EnergyVariance":{"Mean":1.1867911606595445,"Sigma":0.0,"Taucorr":null},"Iteration":76},
{"Acceptance":[0.00288],"Energy":{"Mean":-13.007628156558013,"Sigma":0.0858915469966145,"Taucorr":null},"EnergyVariance":{"Mean":8.795526098035648,"Sigma":0.49692322115984405,"Taucorr":null},"Iteration":77},
{"Acceptance":[0.00032],"Energy":{"Mean":-11.750000126384862,"Sigma":0.0,"Taucorr":null},"EnergyVariance":{"Mean":7.187499870368655,"Sigma":0.0,"Taucorr":null},"Iteration":78},
{"Acceptance":[0.00512],"Energy":{"Mean":-11.24999256877616,"Sigma":0.0,"Taucorr":null},"EnergyVariance":{"Mean":3.6875334730956624,"Sigma":0.0,"Taucorr":null},"Iteration":79},
{"Acceptance":[0.00608],"Energy":{"Mean":-11.750000148017524,"Sigma":0.0,"Taucorr":null},"EnergyVariance":{"Mean":2.1874997779866425,"Sigma":0.0,"Taucorr":null},"Iteration":80},
{"Acceptance":[0.0],"Energy":{"Mean":-11.750000276412297,"Sigma":0.0,"Taucorr":null},"EnergyVariance":{"Mean":3.18750017482097,"Sigma":0.0,"Taucorr":null},"Iteration":81},
{"Acceptance":[0.0],"Energy":{"Mean":-13.750118098273251,"Sigma":0.0,"Taucorr":null},"EnergyVariance":{"Mean":4.187086697867734,"Sigma":0.0,"Taucorr":null},"Iteration":82},
{"Acceptance":[0.0],"Energy":{"Mean":-12.950003701083352,"Sigma":0.08164911110354062,"Taucorr":null},"EnergyVariance":{"Mean":1.547479540917092,"Sigma":0.33475855760209927,"Taucorr":null},"Iteration":83},
{"Acceptance":[0.0],"Energy":{"Mean":-12.75000000000539,"Sigma":0.0,"Taucorr":null},"EnergyVariance":{"Mean":0.687499999993967,"Sigma":0.0,"Taucorr":null},"Iteration":84},
{"Acceptance":[0.0032],"Energy":{"Mean":-13.250005459110362,"Sigma":0.0,"Taucorr":null},"EnergyVariance":{"Mean":2.6874863093993193,"Sigma":0.0,"Taucorr":null},"Iteration":85},
{"Acceptance":[0.0],"Energy":{"Mean":-13.250007804725158,"Sigma":0.0,"Taucorr":null},"EnergyVariance":{"Mean":2.6874779271826306,"Sigma":0.0,"Taucorr":null},"Iteration":86},
{"Acceptance":[0.0],"Energy":{"Mean":-14.739498220473607,"Sigma":0.00967812477001504,"Taucorr":null},"EnergyVariance":{"Mean":2.6706746807403663,"Sigma":0.014964262996108108,"Taucorr":null},"Iteration":87},
{"Acceptance":[0.0],"Energy":{"Mean":-13.799917947283019,"Sigma":0.045577747165152754,"Taucorr":null},"EnergyVariance":{"Mean":3.5190967290438104,"Sigma":0.11260034136533155,"Taucorr":null},"Iteration":88},
{"Acceptance":[0.00512],"Energy":{"Mean":-13.621258676456149,"Sigma":0.043526735004734744,"Taucorr":null},"EnergyVariance":{"Mean":2.1115354401934194,"Sigma":0.05395841325594894,"Taucorr":null},"Iteration":89},
{"Acceptance":[0.0],"Energy":{"Mean":-13.66079100376191,"Sigma":0.0,"Taucorr":null},"EnergyVariance":{"Mean":2.207796086858422,"Sigma":0.0,"Taucorr":null},"Iteration":90},
{"Acceptance":[0.0],"Energy":{"Mean":-14.499994745087035,"Sigma":0.0,"Taucorr":null},"EnergyVariance":{"Mean":0.2500062035252811,"Sigma":0.0,"Taucorr":null},"Iteration":91},
{"Acceptance":[0.0],"Energy":{"Mean":-14.499983632918692,"Sigma":0.0,"Taucorr":null},"EnergyVariance":{"Mean":0.24998363367917725,"Sigma":0.0,"Taucorr":null},"Iteration":92},
{"Acceptance":[0.0],"Energy":{"Mean":-14.49985346805505,"Sigma":0.0,"Taucorr":null},"EnergyVariance":{"Mean":0.2498537424617823,"Sigma":0.0,"Taucorr":null},"Iteration":93},
{"Acceptance":[0.0032],"Energy":{"Mean":-14.498441344731493,"Sigma":0.0,"Taucorr":null},"EnergyVariance":{"Mean":0.24845303858389156,"Sigma":0.0,"Taucorr":null},"Iteration":94},
{"Acceptance":[0.0],"Energy":{"Mean":-14.467327276158809,"Sigma":0.0,"Taucorr":null},"EnergyVariance":{"Mean":0.22064227807837003,"Sigma":0.0,"Taucorr":null},"Iteration":95},
{"Acceptance":[0.0],"Energy":{"Mean":-15.31808421066192,"Sigma":6.988468675777682e-06,"Taucorr":null},"EnergyVariance":{"Mean":4.011495459124922,"Sigma":9.529488357560135e-06,"Taucorr":null},"Iteration":96},
{"Acceptance":[0.00032],"Energy":{"Mean":-14.511568135616297,"Sigma":0.0,"Taucorr":null},"EnergyVariance":{"Mean":6.190036067683753,"Sigma":0.0,"Taucorr":null},"Iteration":97},
{"Acceptance":[0.0],"Energy":{"Mean":-14.500215528172237,"Sigma":0.0,"Taucorr":null},"EnergyVariance":{"Mean":6.245913127029885,"Sigma":0.0,"Taucorr":null},"Iteration":98},
{"Acceptance":[0.0],"Energy":{"Mean":-14.389379435547568,"Sigma":0.025392714427043588,"Taucorr":null},"EnergyVariance":{"Mean":5.794984371109829,"Sigma":0.10712115384000638,"Taucorr":null},"Iteration":99} 
]}
{"input": {"L": 24, "J": 1, "machine": {"type": "FFNN", "model": ["tanh", 82, 6]}, "sampler": {"type": "MetropolisHop", "d_max": 5}, "optimizer": {"type": "AdaMax", "alpha": 0.001, "beta1": 0.9, "beta2": 0.999, "epscut": 1e-07}, "VMC": {"n_samples": 100, "discarded_samples": 100, "discarded_samples_on_init": 0, "target": "energy", "method": "Sr", "diag_shift": 10, "use_iterative": true, "use_cholesky": true}, "n_iter": 100}}
duration: -14.93897271156311