{"Output": [
{"Acceptance":[0.69952],"Energy":{"Mean":18.448382548769047,"Sigma":0.4427774618192015,"Taucorr":-2.7755575615628914e-17},"EnergyVariance":{"Mean":22.647679949987726,"Sigma":2.6927338086136356,"Taucorr":0.0},"Iteration":0},
{"Acceptance":[0.3136],"Energy":{"Mean":4.108588003272463,"Sigma":0.3604196797581958,"Taucorr":0.0},"EnergyVariance":{"Mean":31.953494677535808,"Sigma":3.3373587694572104,"Taucorr":-8.326672684688674e-17},"Iteration":1},
{"Acceptance":[0.2144],"Energy":{"Mean":-5.5692152195523255,"Sigma":0.321149697870688,"Taucorr":-2.7755575615628914e-17},"EnergyVariance":{"Mean":37.32953657151481,"Sigma":7.044628250914764,"Taucorr":-5.551115123125783e-17},"Iteration":2},
{"Acceptance":[0.16096],"Energy":{"Mean":-8.611616073201148,"Sigma":0.3743590544136207,"Taucorr":5.551115123125783e-17},"EnergyVariance":{"Mean":23.28898775962348,"Sigma":6.399398108099742,"Taucorr":0.0},"Iteration":3},
{"Acceptance":[0.152],"Energy":{"Mean":-12.114334583817051,"Sigma":0.39426391305832903,"Taucorr":5.551115123125783e-17},"EnergyVariance":{"Mean":18.276598832209256,"Sigma":6.349853549786793,"Taucorr":0.0},"Iteration":4},
{"Acceptance":[0.15872],"Energy":{"Mean":-11.700263726542698,"Sigma":0.2956900178195745,"Taucorr":2.7755575615628914e-17},"EnergyVariance":{"Mean":10.65243903993164,"Sigma":1.3236918358434715,"Taucorr":0.0},"Iteration":5},
{"Acceptance":[0.12512],"Energy":{"Mean":-11.50108049467888,"Sigma":0.5288474846116222,"Taucorr":0.0},"EnergyVariance":{"Mean":75.88157005191506,"Sigma":47.405500570776844,"Taucorr":0.0},"Iteration":6},
{"Acceptance":[0.12672],"Energy":{"Mean":-11.417896790470145,"Sigma":0.32401106704574917,"Taucorr":0.0},"EnergyVariance":{"Mean":14.09080493308183,"Sigma":1.7417242689988617,"Taucorr":0.0},"Iteration":7},
{"Acceptance":[0.14016],"Energy":{"Mean":-11.396008409932275,"Sigma":0.25271434702653695,"Taucorr":0.0},"EnergyVariance":{"Mean":17.93171875511559,"Sigma":4.997623496306184,"Taucorr":0.0},"Iteration":8},
{"Acceptance":[0.14272],"Energy":{"Mean":-11.54199579934945,"Sigma":0.2877379997511081,"Taucorr":2.7755575615628914e-17},"EnergyVariance":{"Mean":13.78851997285124,"Sigma":1.53935326039143,"Taucorr":-5.551115123125783e-17},"Iteration":9},
{"Acceptance":[0.14144],"Energy":{"Mean":-12.829044487671283,"Sigma":0.24119059426953948,"Taucorr":-5.551115123125783e-17},"EnergyVariance":{"Mean":16.716683441788646,"Sigma":3.8075905271817208,"Taucorr":-5.551115123125783e-17},"Iteration":10},
{"Acceptance":[0.12992],"Energy":{"Mean":-12.93154172887743,"Sigma":0.2189192006937369,"Taucorr":2.7755575615628914e-17},"EnergyVariance":{"Mean":6.617011435912456,"Sigma":0.8981064033099712,"Taucorr":-2.7755575615628914e-17},"Iteration":11},
{"Acceptance":[0.1248],"Energy":{"Mean":-13.611786355566593,"Sigma":0.24264355348795574,"Taucorr":-2.7755575615628914e-17},"EnergyVariance":{"Mean":7.275663997846315,"Sigma":0.9162589276304435,"Taucorr":5.551115123125783e-17},"Iteration":12},
{"Acceptance":[0.13408],"Energy":{"Mean":-14.289928438104445,"Sigma":0.5323777396978336,"Taucorr":0.0},"EnergyVariance":{"Mean":210.6101118657143,"Sigma":103.63186893050333,"Taucorr":0.0},"Iteration":13},
{"Acceptance":[0.1152],"Energy":{"Mean":-14.137545359342205,"Sigma":0.32286657420227605,"Taucorr":5.551115123125783e-17},"EnergyVariance":{"Mean":21.695557784263457,"Sigma":5.977208765292793,"Taucorr":5.551115123125783e-17},"Iteration":14},
{"Acceptance":[0.128],"Energy":{"Mean":-14.5847582767583,"Sigma":0.3557160411572546,"Taucorr":0.0},"EnergyVariance":{"Mean":15.57253312364989,"Sigma":4.5803206060923465,"Taucorr":-5.551115123125783e-17},"Iteration":15},
{"Acceptance":[0.11808],"Energy":{"Mean":-13.819227999589279,"Sigma":0.2486154830651494,"Taucorr":1.1102230246251565e-16},"EnergyVariance":{"Mean":8.006278736056872,"Sigma":2.094807389479441,"Taucorr":0.0},"Iteration":16},
{"Acceptance":[0.1152],"Energy":{"Mean":-14.034607068046125,"Sigma":0.3534458959219991,"Taucorr":5.551115123125783e-17},"EnergyVariance":{"Mean":14.38948721094157,"Sigma":4.858002759012808,"Taucorr":0.0},"Iteration":17},
{"Acceptance":[0.1264],"Energy":{"Mean":-14.012341082059502,"Sigma":0.2988971682869106,"Taucorr":0.0},"EnergyVariance":{"Mean":10.93349075500028,"Sigma":2.426863219572363,"Taucorr":0.0},"Iteration":18},
{"Acceptance":[0.10848],"Energy":{"Mean":-13.690474605425136,"Sigma":0.4765375923740616,"Taucorr":1.1102230246251565e-16},"EnergyVariance":{"Mean":29.50613270102197,"Sigma":7.6609936082628565,"Taucorr":0.0},"Iteration":19},
{"Acceptance":[0.10912],"Energy":{"Mean":-13.480673224631914,"Sigma":0.312733331554897,"Taucorr":5.551115123125783e-17},"EnergyVariance":{"Mean":12.907339300289578,"Sigma":4.467910627565488,"Taucorr":5.551115123125783e-17},"Iteration":20},
{"Acceptance":[0.11328],"Energy":{"Mean":-14.210670179795258,"Sigma":0.22714469387386635,"Taucorr":0.0},"EnergyVariance":{"Mean":7.237319624446403,"Sigma":1.3101073649313688,"Taucorr":0.0},"Iteration":21},
{"Acceptance":[0.10816],"Energy":{"Mean":-13.661728263895618,"Sigma":0.26389827235000896,"Taucorr":1.1102230246251565e-16},"EnergyVariance":{"Mean":9.2061008497007,"Sigma":3.9666694642390348,"Taucorr":5.551115123125783e-17},"Iteration":22},
{"Acceptance":[0.09408],"Energy":{"Mean":-13.48855276086916,"Sigma":0.3930302354874497,"Taucorr":5.551115123125783e-17},"EnergyVariance":{"Mean":17.763765310044235,"Sigma":6.668293081505454,"Taucorr":-2.7755575615628914e-17},"Iteration":23},
{"Acceptance":[0.08608],"Energy":{"Mean":-13.501381521317992,"Sigma":0.1884042952828261,"Taucorr":-2.7755575615628914e-17},"EnergyVariance":{"Mean":4.062939573973538,"Sigma":0.9732170229701247,"Taucorr":2.7755575615628914e-17},"Iteration":24},
{"Acceptance":[0.09952],"Energy":{"Mean":-14.368825347666357,"Sigma":0.4787988479640797,"Taucorr":-5.551115123125783e-17},"EnergyVariance":{"Mean":23.384419717515872,"Sigma":8.438500918464177,"Taucorr":-2.7755575615628914e-17},"Iteration":25},
{"Acceptance":[0.09632],"Energy":{"Mean":-14.860625191033048,"Sigma":0.32464832471842653,"Taucorr":5.551115123125783e-17},"EnergyVariance":{"Mean":11.075332076724143,"Sigma":2.536246206844041,"Taucorr":-1.1102230246251565e-16},"Iteration":26},
{"Acceptance":[0.08576],"Energy":{"Mean":-14.578078842120002,"Sigma":0.2463584284147352,"Taucorr":-2.7755575615628914e-17},"EnergyVariance":{"Mean":6.070155769698562,"Sigma":1.4314953297402226,"Taucorr":0.0},"Iteration":27},
{"Acceptance":[0.10816],"Energy":{"Mean":-15.201484112977525,"Sigma":0.32578500981692304,"Taucorr":2.7755575615628914e-17},"EnergyVariance":{"Mean":11.032537220546095,"Sigma":1.6508016933732585,"Taucorr":0.0},"Iteration":28},
{"Acceptance":[0.104],"Energy":{"Mean":-14.78936742424889,"Sigma":0.3963984047333664,"Taucorr":0.0},"EnergyVariance":{"Mean":30.512113316058457,"Sigma":8.817562121911253,"Taucorr":0.0},"Iteration":29},
{"Acceptance":[0.12672],"Energy":{"Mean":-16.170447587605963,"Sigma":0.43750510124593683,"Taucorr":-5.551115123125783e-17},"EnergyVariance":{"Mean":22.563868382382765,"Sigma":5.571591106732642,"Taucorr":5.551115123125783e-17},"Iteration":30},
{"Acceptance":[0.14336],"Energy":{"Mean":-17.655381768085498,"Sigma":1.5181195990455834,"Taucorr":0.0},"EnergyVariance":{"Mean":280.5036066390099,"Sigma":177.95211920106982,"Taucorr":-5.551115123125783e-17},"Iteration":31},
{"Acceptance":[0.14176],"Energy":{"Mean":-15.914323059485973,"Sigma":0.3429802777607967,"Taucorr":1.6653345369377348e-16},"EnergyVariance":{"Mean":12.499320514672416,"Sigma":3.2531824539122938,"Taucorr":5.551115123125783e-17},"Iteration":32},
{"Acceptance":[0.14816],"Energy":{"Mean":-16.280885358039534,"Sigma":0.41311636728551143,"Taucorr":0.0},"EnergyVariance":{"Mean":18.466400561300183,"Sigma":4.783835440904277,"Taucorr":2.7755575615628914e-17},"Iteration":33},
{"Acceptance":[0.16288],"Energy":{"Mean":-16.21200073945341,"Sigma":0.2857190073677082,"Taucorr":-1.1102230246251565e-16},"EnergyVariance":{"Mean":10.408249115869367,"Sigma":2.7165524716715255,"Taucorr":0.0},"Iteration":34},
{"Acceptance":[0.16032],"Energy":{"Mean":-17.122890333573707,"Sigma":0.4358555361158028,"Taucorr":5.551115123125783e-17},"EnergyVariance":{"Mean":27.314190147976994,"Sigma":9.653600870886931,"Taucorr":-2.7755575615628914e-17},"Iteration":35},
{"Acceptance":[0.17312],"Energy":{"Mean":-16.617487948822564,"Sigma":0.40054263319362543,"Taucorr":5.551115123125783e-17},"EnergyVariance":{"Mean":17.29570797496234,"Sigma":3.0968320849159663,"Taucorr":0.0},"Iteration":36},
{"Acceptance":[0.16928],"Energy":{"Mean":-16.965651807095774,"Sigma":0.33974800404003175,"Taucorr":-2.7755575615628914e-17},"EnergyVariance":{"Mean":13.836907221340574,"Sigma":3.1007810850979594,"Taucorr":0.0},"Iteration":37},
{"Acceptance":[0.16512],"Energy":{"Mean":-16.707787002714827,"Sigma":0.3268443237476314,"Taucorr":-1.1102230246251565e-16},"EnergyVariance":{"Mean":11.303343527117441,"Sigma":1.9619813958942984,"Taucorr":0.0},"Iteration":38},
{"Acceptance":[0.17472],"Energy":{"Mean":-15.153402415574865,"Sigma":0.4145752246257055,"Taucorr":-8.326672684688674e-17},"EnergyVariance":{"Mean":18.378644992998606,"Sigma":2.833609307417896,"Taucorr":0.0},"Iteration":39},
{"Acceptance":[0.17152],"Energy":{"Mean":-16.76794379763945,"Sigma":0.3670348918407826,"Taucorr":1.1102230246251565e-16},"EnergyVariance":{"Mean":13.8094266183429,"Sigma":2.302605940682107,"Taucorr":0.0},"Iteration":40},
{"Acceptance":[0.16544],"Energy":{"Mean":-17.35742550576166,"Sigma":0.44961711385105235,"Taucorr":-2.7755575615628914e-17},"EnergyVariance":{"Mean":20.890076898609507,"Sigma":5.423038397684727,"Taucorr":0.0},"Iteration":41},
{"Acceptance":[0.16064],"Energy":{"Mean":-17.07509661520782,"Sigma":0.2699803102579508,"Taucorr":-2.7755575615628914e-17},"EnergyVariance":{"Mean":7.419747740350192,"Sigma":1.1851412146287919,"Taucorr":0.0},"Iteration":42},
{"Acceptance":[0.15296],"Energy":{"Mean":-17.65544458948878,"Sigma":0.46085314320665166,"Taucorr":0.0},"EnergyVariance":{"Mean":23.162045274193485,"Sigma":7.050465431044473,"Taucorr":0.0},"Iteration":43},
{"Acceptance":[0.15264],"Energy":{"Mean":-18.13119253670509,"Sigma":0.36170679279478885,"Taucorr":-2.7755575615628914e-17},"EnergyVariance":{"Mean":14.459926543404379,"Sigma":2.9088603345700363,"Taucorr":-2.7755575615628914e-17},"Iteration":44},
{"Acceptance":[0.16],"Energy":{"Mean":-16.639884461720044,"Sigma":0.37449059722390404,"Taucorr":-2.7755575615628914e-17},"EnergyVariance":{"Mean":14.955538147042159,"Sigma":3.012931569305282,"Taucorr":5.551115123125783e-17},"Iteration":45},
{"Acceptance":[0.15936],"Energy":{"Mean":-18.298063920387975,"Sigma":0.3722006861013175,"Taucorr":5.551115123125783e-17},"EnergyVariance":{"Mean":15.224232699503894,"Sigma":2.5916843885175345,"Taucorr":0.0},"Iteration":46},
{"Acceptance":[0.15616],"Energy":{"Mean":-17.874084395355386,"Sigma":0.3791674564582942,"Taucorr":-2.7755575615628914e-17},"EnergyVariance":{"Mean":14.65062195354047,"Sigma":2.910727951313743,"Taucorr":-2.7755575615628914e-17},"Iteration":47},
{"Acceptance":[0.15392],"Energy":{"Mean":-18.028975578519507,"Sigma":0.3326298463870236,"Taucorr":-2.7755575615628914e-17},"EnergyVariance":{"Mean":12.361881543870666,"Sigma":1.9439163645276814,"Taucorr":0.0},"Iteration":48},
{"Acceptance":[0.16672],"Energy":{"Mean":-18.445799599802424,"Sigma":0.2632182139373602,"Taucorr":5.551115123125783e-17},"EnergyVariance":{"Mean":8.561587338046426,"Sigma":1.4315165062271151,"Taucorr":-5.551115123125783e-17},"Iteration":49},
{"Acceptance":[0.1648],"Energy":{"Mean":-18.27742034257068,"Sigma":0.5076103806108984,"Taucorr":5.551115123125783e-17},"EnergyVariance":{"Mean":26.31536185887216,"Sigma":12.523391366003876,"Taucorr":-2.7755575615628914e-17},"Iteration":50},
{"Acceptance":[0.17248],"Energy":{"Mean":-17.846243791898097,"Sigma":0.34733104349953703,"Taucorr":0.0},"EnergyVariance":{"Mean":12.788256459944385,"Sigma":2.801857031786786,"Taucorr":0.0},"Iteration":51},
{"Acceptance":[0.16064],"Energy":{"Mean":-17.86526356329703,"Sigma":0.33546000026827,"Taucorr":0.0},"EnergyVariance":{"Mean":11.295397258159744,"Sigma":1.927950455127896,"Taucorr":0.0},"Iteration":52},
{"Acceptance":[0.15552],"Energy":{"Mean":-18.43852017843378,"Sigma":0.43379522365328943,"Taucorr":-8.326672684688674e-17},"EnergyVariance":{"Mean":19.586743773845114,"Sigma":3.2686509384800604,"Taucorr":0.0},"Iteration":53},
{"Acceptance":[0.17664],"Energy":{"Mean":-18.583211576516657,"Sigma":0.4586242288125348,"Taucorr":-5.551115123125783e-17},"EnergyVariance":{"Mean":21.53606422143666,"Sigma":5.718579001247095,"Taucorr":5.551115123125783e-17},"Iteration":54},
{"Acceptance":[0.16352],"Energy":{"Mean":-18.356233817160913,"Sigma":0.2937801551508977,"Taucorr":5.551115123125783e-17},"EnergyVariance":{"Mean":9.416434243740648,"Sigma":1.8932367274461137,"Taucorr":0.0},"Iteration":55},
{"Acceptance":[0.1568],"Energy":{"Mean":-18.078764481547786,"Sigma":0.33709804349186967,"Taucorr":-2.7755575615628914e-17},"EnergyVariance":{"Mean":11.57070975591716,"Sigma":1.7708557987997573,"Taucorr":0.0},"Iteration":56},
{"Acceptance":[0.15936],"Energy":{"Mean":-17.750088431671138,"Sigma":0.37426989740191363,"Taucorr":2.7755575615628914e-17},"EnergyVariance":{"Mean":15.817373333317203,"Sigma":2.1464134713044034,"Taucorr":2.7755575615628914e-17},"Iteration":57},
{"Acceptance":[0.17216],"Energy":{"Mean":-18.321904942472436,"Sigma":0.4332412811095666,"Taucorr":0.0},"EnergyVariance":{"Mean":21.439202103227615,"Sigma":3.6985733907154845,"Taucorr":5.551115123125783e-17},"Iteration":58},
{"Acceptance":[0.17824],"Energy":{"Mean":-18.68397357616073,"Sigma":0.3792411028307143,"Taucorr":-5.551115123125783e-17},"EnergyVariance":{"Mean":14.487658734862768,"Sigma":3.4775244030481263,"Taucorr":0.0},"Iteration":59},
{"Acceptance":[0.17568],"Energy":{"Mean":-19.206722561179195,"Sigma":0.3961088025645537,"Taucorr":-5.551115123125783e-17},"EnergyVariance":{"Mean":16.153704814042904,"Sigma":3.544509398411019,"Taucorr":-2.7755575615628914e-17},"Iteration":60},
{"Acceptance":[0.15776],"Energy":{"Mean":-18.625535174293205,"Sigma":0.32645714486437266,"Taucorr":-8.326672684688674e-17},"EnergyVariance":{"Mean":11.35546191887427,"Sigma":1.4991549571088085,"Taucorr":-5.551115123125783e-17},"Iteration":61},
{"Acceptance":[0.1712],"Energy":{"Mean":-18.84375615703591,"Sigma":0.400776328437098,"Taucorr":0.0},"EnergyVariance":{"Mean":18.355310650570946,"Sigma":4.012444282500464,"Taucorr":-2.7755575615628914e-17},"Iteration":62},
{"Acceptance":[0.16544],"Energy":{"Mean":-18.274985797647442,"Sigma":0.3544829521731323,"Taucorr":0.0},"EnergyVariance":{"Mean":12.76691290517151,"Sigma":2.2770204321407266,"Taucorr":-2.7755575615628914e-17},"Iteration":63},
{"Acceptance":[0.16992],"Energy":{"Mean":-18.497205455663156,"Sigma":0.33461458797088184,"Taucorr":-5.551115123125783e-17},"EnergyVariance":{"Mean":12.7391643415415,"Sigma":1.8675491967666795,"Taucorr":0.0},"Iteration":64},
{"Acceptance":[0.18848],"Energy":{"Mean":-19.434851650172913,"Sigma":0.3555914389323629,"Taucorr":2.7755575615628914e-17},"EnergyVariance":{"Mean":13.443412640390317,"Sigma":2.6186313167056747,"Taucorr":1.6653345369377348e-16},"Iteration":65},
{"Acceptance":[0.18784],"Energy":{"Mean":-18.94446982326287,"Sigma":0.32916465935632505,"Taucorr":1.1102230246251565e-16},"EnergyVariance":{"Mean":12.070462684796238,"Sigma":1.7348466339745687,"Taucorr":5.551115123125783e-17},"Iteration":66},
{"Acceptance":[0.17824],"Energy":{"Mean":-19.30642094272862,"Sigma":0.3690462255421581,"Taucorr":-5.551115123125783e-17},"EnergyVariance":{"Mean":16.04131370568379,"Sigma":2.1762874573729953,"Taucorr":0.0},"Iteration":67},
{"Acceptance":[0.19168],"Energy":{"Mean":-19.11580225423728,"Sigma":0.3343598980878865,"Taucorr":-8.326672684688674e-17},"EnergyVariance":{"Mean":11.878825137223577,"Sigma":1.7997012025942192,"Taucorr":0.0},"Iteration":68},
{"Acceptance":[0.2048],"Energy":{"Mean":-18.87960337943756,"Sigma":0.4384123995079319,"Taucorr":5.551115123125783e-17},"EnergyVariance":{"Mean":20.24237573169519,"Sigma":6.564772618618188,"Taucorr":-5.551115123125783e-17},"Iteration":69},
{"Acceptance":[0.18304],"Energy":{"Mean":-20.290465457294406,"Sigma":0.4909554128180392,"Taucorr":-5.551115123125783e-17},"EnergyVariance":{"Mean":26.914405966500862,"Sigma":11.612178329877022,"Taucorr":2.7755575615628914e-17},"Iteration":70},
{"Acceptance":[0.19776],"Energy":{"Mean":-19.287736118129263,"Sigma":0.3397260078655494,"Taucorr":-5.551115123125783e-17},"EnergyVariance":{"Mean":11.90591499429117,"Sigma":1.4707589282493656,"Taucorr":5.551115123125783e-17},"Iteration":71},
{"Acceptance":[0.20192],"Energy":{"Mean":-18.553113843531165,"Sigma":0.3271525472118025,"Taucorr":-2.7755575615628914e-17},"EnergyVariance":{"Mean":11.026187985455902,"Sigma":1.331277370083893,"Taucorr":5.551115123125783e-17},"Iteration":72},
{"Acceptance":[0.1936],"Energy":{"Mean":-21.01089728986779,"Sigma":0.5912409694391653,"Taucorr":0.0},"EnergyVariance":{"Mean":38.33349930521295,"Sigma":10.686504447893833,"Taucorr":0.0},"Iteration":73},
{"Acceptance":[0.19456],"Energy":{"Mean":-19.894975607298356,"Sigma":0.33965291489367816,"Taucorr":5.551115123125783e-17},"EnergyVariance":{"Mean":12.03308867349713,"Sigma":1.7695297172967086,"Taucorr":-8.326672684688674e-17},"Iteration":74},
{"Acceptance":[0.18752],"Energy":{"Mean":-19.628761628397374,"Sigma":0.33923588186128506,"Taucorr":-5.551115123125783e-17},"EnergyVariance":{"Mean":13.170994738213448,"Sigma":1.7909331552599186,"Taucorr":0.0},"Iteration":75},
{"Acceptance":[0.19936],"Energy":{"Mean":-20.27681886077067,"Sigma":0.3463439995396459,"Taucorr":0.0},"EnergyVariance":{"Mean":11.894262840784576,"Sigma":1.6503973684005868,"Taucorr":0.0},"Iteration":76},
{"Acceptance":[0.20448],"Energy":{"Mean":-19.706148871865437,"Sigma":0.273416982039354,"Taucorr":-5.551115123125783e-17},"EnergyVariance":{"Mean":7.668393554163085,"Sigma":0.9385775178653274,"Taucorr":-2.7755575615628914e-17},"Iteration":77},
{"Acceptance":[0.20256],"Energy":{"Mean":-20.003520318496786,"Sigma":0.3410786509020329,"Taucorr":5.551115123125783e-17},"EnergyVariance":{"Mean":11.955425537624594,"Sigma":1.9017841983996857,"Taucorr":0.0},"Iteration":78},
{"Acceptance":[0.18272],"Energy":{"Mean":-20.327141698279835,"Sigma":0.35108227330831,"Taucorr":-2.7755575615628914e-17},"EnergyVariance":{"Mean":13.086922322416322,"Sigma":1.7804528612425157,"Taucorr":0.0},"Iteration":79},
{"Acceptance":[0.20896],"Energy":{"Mean":-20.04738414498435,"Sigma":0.7475940561891646,"Taucorr":-1.3877787807814457e-16},"EnergyVariance":{"Mean":55.43509152041796,"Sigma":45.49175378343512,"Taucorr":0.0},"Iteration":80},
{"Acceptance":[0.19392],"Energy":{"Mean":-20.460992988237404,"Sigma":0.35145315115707176,"Taucorr":1.1102230246251565e-16},"EnergyVariance":{"Mean":12.640797368506284,"Sigma":1.4281328171423762,"Taucorr":-2.7755575615628914e-17},"Iteration":81},
{"Acceptance":[0.19904],"Energy":{"Mean":-19.89720997744424,"Sigma":0.3683431525746674,"Taucorr":0.0},"EnergyVariance":{"Mean":13.869889302903992,"Sigma":2.113921662771402,"Taucorr":0.0},"Iteration":82},
{"Acceptance":[0.18464],"Energy":{"Mean":-20.337990690644908,"Sigma":0.34690144297309855,"Taucorr":0.0},"EnergyVariance":{"Mean":12.391803288687885,"Sigma":1.5610187018671717,"Taucorr":0.0},"Iteration":83},
{"Acceptance":[0.2192],"Energy":{"Mean":-20.419434727159405,"Sigma":0.3255913079098993,"Taucorr":0.0},"EnergyVariance":{"Mean":10.519063432225728,"Sigma":1.454125321346678,"Taucorr":-2.7755575615628914e-17},"Iteration":84},
{"Acceptance":[0.20032],"Energy":{"Mean":-19.295191040868065,"Sigma":0.4176003665081232,"Taucorr":-2.7755575615628914e-17},"EnergyVariance":{"Mean":17.989157951606487,"Sigma":2.6396801295491548,"Taucorr":-2.7755575615628914e-17},"Iteration":85},
{"Acceptance":[0.21792],"Energy":{"Mean":-20.62066359199729,"Sigma":0.35858790283261044,"Taucorr":1.1102230246251565e-16},"EnergyVariance":{"Mean":12.809150799650439,"Sigma":1.7741794023007027,"Taucorr":0.0},"Iteration":86},
{"Acceptance":[0.19008],"Energy":{"Mean":-21.93746984577436,"Sigma":0.6727282109042754,"Taucorr":8.326672684688674e-17},"EnergyVariance":{"Mean":45.47278219218442,"Sigma":23.424764129808448,"Taucorr":-5.551115123125783e-17},"Iteration":87},
{"Acceptance":[0.20928],"Energy":{"Mean":-20.62051760359161,"Sigma":0.39284209966597966,"Taucorr":0.0},"EnergyVariance":{"Mean":15.195904136505618,"Sigma":2.478577465207861,"Taucorr":0.0},"Iteration":88},
{"Acceptance":[0.20736],"Energy":{"Mean":-20.6283500098879,"Sigma":0.35763960931721245,"Taucorr":-2.7755575615628914e-17},"EnergyVariance":{"Mean":12.601373681697051,"Sigma":1.6005830186319303,"Taucorr":0.0},"Iteration":89},
{"Acceptance":[0.21376],"Energy":{"Mean":-19.854419217537583,"Sigma":0.3254845270788733,"Taucorr":-1.1102230246251565e-16},"EnergyVariance":{"Mean":10.795121118047142,"Sigma":1.707973874874039,"Taucorr":-2.7755575615628914e-17},"Iteration":90},
{"Acceptance":[0.2016],"Energy":{"Mean":-20.083195123552645,"Sigma":0.36478499096028766,"Taucorr":2.7755575615628914e-17},"EnergyVariance":{"Mean":13.446888830591728,"Sigma":2.0204654823930492,"Taucorr":0.0},"Iteration":91},
{"Acceptance":[0.20896],"Energy":{"Mean":-20.11041017510494,"Sigma":0.32110129434481244,"Taucorr":-5.551115123125783e-17},"EnergyVariance":{"Mean":10.465150033797899,"Sigma":1.4712115255379834,"Taucorr":-5.551115123125783e-17},"Iteration":92},
{"Acceptance":[0.21376],"Energy":{"Mean":-20.15154378499846,"Sigma":0.38473854654000633,"Taucorr":-8.326672684688674e-17},"EnergyVariance":{"Mean":16.13098358832451,"Sigma":2.183970104125452,"Taucorr":0.0},"Iteration":93},
{"Acceptance":[0.20224],"Energy":{"Mean":-20.508106350498853,"Sigma":0.38703965649541805,"Taucorr":5.551115123125783e-17},"EnergyVariance":{"Mean":15.83715451164663,"Sigma":2.174279105781706,"Taucorr":-8.326672684688674e-17},"Iteration":94},
{"Acceptance":[0.20576],"Energy":{"Mean":-20.880299258638598,"Sigma":0.3421037944429866,"Taucorr":1.1102230246251565e-16},"EnergyVariance":{"Mean":11.798591694827568,"Sigma":1.4961008300618026,"Taucorr":0.0},"Iteration":95},
{"Acceptance":[0.20864],"Energy":{"Mean":-20.96173864471698,"Sigma":0.3509509379856238,"Taucorr":-2.7755575615628914e-17},"EnergyVariance":{"Mean":12.248708592925784,"Sigma":1.7797289223314374,"Taucorr":5.551115123125783e-17},"Iteration":96},
{"Acceptance":[0.2144],"Energy":{"Mean":-21.369272847884915,"Sigma":0.34341147390317506,"Taucorr":-1.1102230246251565e-16},"EnergyVariance":{"Mean":11.463379616991318,"Sigma":1.821666003059643,"Taucorr":0.0},"Iteration":97},
{"Acceptance":[0.1888],"Energy":{"Mean":-21.78951019017419,"Sigma":0.35741599722338757,"Taucorr":-8.326672684688674e-17},"EnergyVariance":{"Mean":12.819025133395519,"Sigma":2.3060632631644467,"Taucorr":0.0},"Iteration":98},
{"Acceptance":[0.18752],"Energy":{"Mean":-22.647396866621328,"Sigma":0.7406572313690747,"Taucorr":-5.551115123125783e-17},"EnergyVariance":{"Mean":55.30553632018092,"Sigma":28.400648064480485,"Taucorr":0.0},"Iteration":99} 
]}
{"input": {"L": 24, "J": 1, "machine": {"type": "FFNN", "model": ["tanh", 212, 1]}, "sampler": {"type": "MetropolisHop", "d_max": 5}, "optimizer": {"type": "AdaMax", "alpha": 0.001, "beta1": 0.9, "beta2": 0.999, "epscut": 1e-07}, "VMC": {"n_samples": 100, "discarded_samples": 100, "discarded_samples_on_init": 0, "target": "energy", "method": "Sr", "diag_shift": 10, "use_iterative": true, "use_cholesky": true}, "n_iter": 100}}
duration: -2.546872138977051