{"Output": [
{"Acceptance":[0.9569230769230769],"Energy":{"Mean":11.0544563691162,"Sigma":0.2791752551707802,"Taucorr":0.0018331599186610648},"EnergyVariance":{"Mean":7.444210555694798,"Sigma":1.2249096500184575,"Taucorr":0.16324102718257494},"Iteration":0},
{"Acceptance":[0.9573076923076923],"Energy":{"Mean":10.278814709011968,"Sigma":0.23409650350109923,"Taucorr":-0.03352931236366952},"EnergyVariance":{"Mean":5.669314034647729,"Sigma":1.065084179886741,"Taucorr":0.1588365886780544},"Iteration":1},
{"Acceptance":[0.9534615384615385],"Energy":{"Mean":10.675076921736824,"Sigma":0.2737859185217521,"Taucorr":0.041423705385077336},"EnergyVariance":{"Mean":6.661623668625963,"Sigma":0.9491898174322416,"Taucorr":-0.008542808544237834},"Iteration":2},
{"Acceptance":[0.958076923076923],"Energy":{"Mean":10.636252516147357,"Sigma":0.31330092727543474,"Taucorr":0.1025813682386365},"EnergyVariance":{"Mean":7.892490486937249,"Sigma":0.8241263464090651,"Taucorr":-0.20336985077953895},"Iteration":3},
{"Acceptance":[0.9473076923076923],"Energy":{"Mean":10.45267623238202,"Sigma":0.23332829159366325,"Taucorr":-0.08536430538635542},"EnergyVariance":{"Mean":6.438674095013222,"Sigma":1.1399559975616467,"Taucorr":0.15773475985785212},"Iteration":4},
{"Acceptance":[0.938076923076923],"Energy":{"Mean":10.438989780009637,"Sigma":0.2619978025141498,"Taucorr":0.08024362652610739},"EnergyVariance":{"Mean":5.827073433768167,"Sigma":0.7320650074553259,"Taucorr":-0.07369692979280723},"Iteration":5},
{"Acceptance":[0.9446153846153846],"Energy":{"Mean":10.621467094847693,"Sigma":0.31619282018686967,"Taucorr":0.11805068694777165},"EnergyVariance":{"Mean":7.982881355755453,"Sigma":1.1263961942262184,"Taucorr":0.014873653860517866},"Iteration":6},
{"Acceptance":[0.9392307692307692],"Energy":{"Mean":10.337617153229541,"Sigma":0.18678285090446742,"Taucorr":-0.2053947920535527},"EnergyVariance":{"Mean":5.846401924233671,"Sigma":0.8994835618132877,"Taucorr":0.14824892317348193},"Iteration":7},
{"Acceptance":[0.94],"Energy":{"Mean":10.059377348289116,"Sigma":0.27498439938011393,"Taucorr":0.086337106695339},"EnergyVariance":{"Mean":6.468337698071391,"Sigma":0.8594240307839488,"Taucorr":0.14743362208300537},"Iteration":8},
{"Acceptance":[0.9376923076923077],"Energy":{"Mean":10.158867704400068,"Sigma":0.2394000197196054,"Taucorr":-0.02366287236948139},"EnergyVariance":{"Mean":6.037735276999055,"Sigma":0.7860549553569969,"Taucorr":-0.061969576778097},"Iteration":9},
{"Acceptance":[0.928076923076923],"Energy":{"Mean":10.825234389892024,"Sigma":0.27763135026233704,"Taucorr":0.10473596193772705},"EnergyVariance":{"Mean":6.56696316081042,"Sigma":1.0036337224041059,"Taucorr":0.06754986140612429},"Iteration":10},
{"Acceptance":[0.9307692307692308],"Energy":{"Mean":9.902452834588276,"Sigma":0.24945996656031097,"Taucorr":0.056826296042422286},"EnergyVariance":{"Mean":5.7641491069791995,"Sigma":0.7529817706674488,"Taucorr":-0.08805960859858936},"Iteration":11},
{"Acceptance":[0.9261538461538461],"Energy":{"Mean":10.338404477421756,"Sigma":0.22746246864822564,"Taucorr":-0.03902629479989739},"EnergyVariance":{"Mean":5.857585502224401,"Sigma":0.5248428504942406,"Taucorr":-0.16660426389099037},"Iteration":12},
{"Acceptance":[0.9211538461538461],"Energy":{"Mean":10.297827804345813,"Sigma":0.23096801304191314,"Taucorr":-0.06473468820801032},"EnergyVariance":{"Mean":6.346893092492612,"Sigma":0.9058423714411025,"Taucorr":-0.04200100662970835},"Iteration":13},
{"Acceptance":[0.9207692307692308],"Energy":{"Mean":10.751570785971392,"Sigma":0.24758831268539466,"Taucorr":0.07265154486417436},"EnergyVariance":{"Mean":5.514908706193587,"Sigma":0.7583272428668282,"Taucorr":0.11863132281943956},"Iteration":14},
{"Acceptance":[0.9123076923076923],"Energy":{"Mean":10.347260285373846,"Sigma":0.3029365553403075,"Taucorr":0.22602177155054348},"EnergyVariance":{"Mean":6.459446307017306,"Sigma":0.7148112208865592,"Taucorr":-0.08854761265938321},"Iteration":15},
{"Acceptance":[0.9130769230769231],"Energy":{"Mean":9.914756148134261,"Sigma":0.3247249162060703,"Taucorr":0.053006779070746246},"EnergyVariance":{"Mean":9.62473681111668,"Sigma":1.0598086311962573,"Taucorr":-0.12745651755501497},"Iteration":16},
{"Acceptance":[0.9153846153846154],"Energy":{"Mean":10.170506584917668,"Sigma":0.2200928324575027,"Taucorr":-0.1407977659399423},"EnergyVariance":{"Mean":7.214754278788421,"Sigma":0.7041149066670018,"Taucorr":-0.14303922734828917},"Iteration":17},
{"Acceptance":[0.8926923076923077],"Energy":{"Mean":10.122403955070356,"Sigma":0.29755020392305276,"Taucorr":0.19194627607301773},"EnergyVariance":{"Mean":6.943399948348414,"Sigma":0.728624678575874,"Taucorr":-0.08780989463646782},"Iteration":18},
{"Acceptance":[0.8973076923076924],"Energy":{"Mean":9.955179540032168,"Sigma":0.3166970783460741,"Taucorr":0.15522120577932907},"EnergyVariance":{"Mean":8.068611271605318,"Sigma":0.9656271927533691,"Taucorr":-0.1380830513779917},"Iteration":19},
{"Acceptance":[0.8930769230769231],"Energy":{"Mean":10.046760256519455,"Sigma":0.2691925429009439,"Taucorr":-0.03284267888882614},"EnergyVariance":{"Mean":8.277082636101474,"Sigma":0.8539383597696474,"Taucorr":-0.1891683150058649},"Iteration":20},
{"Acceptance":[0.8811538461538462],"Energy":{"Mean":9.92215866456477,"Sigma":0.28330612279007267,"Taucorr":-0.01259760645815855},"EnergyVariance":{"Mean":8.993635728461143,"Sigma":1.1415077380269791,"Taucorr":-0.06463428362622509},"Iteration":21},
{"Acceptance":[0.8988461538461539],"Energy":{"Mean":9.83733589995365,"Sigma":0.28232783422260865,"Taucorr":0.054528763396235136},"EnergyVariance":{"Mean":8.255650756828677,"Sigma":0.9492451334000914,"Taucorr":-0.066939379619398},"Iteration":22},
{"Acceptance":[0.8823076923076923],"Energy":{"Mean":9.72802661776204,"Sigma":0.38053071193151194,"Taucorr":0.40154989162243204},"EnergyVariance":{"Mean":8.729569410891385,"Sigma":1.3058352433826919,"Taucorr":0.2668264982190923},"Iteration":23},
{"Acceptance":[0.8976923076923077],"Energy":{"Mean":9.986907235140746,"Sigma":0.21222394554974414,"Taucorr":-0.12558020225490613},"EnergyVariance":{"Mean":6.873888636003795,"Sigma":0.9005069799002834,"Taucorr":0.12287516300206391},"Iteration":24},
{"Acceptance":[0.8753846153846154],"Energy":{"Mean":9.53930825544005,"Sigma":0.22422618489490476,"Taucorr":-0.0635096250398064},"EnergyVariance":{"Mean":6.85073728090273,"Sigma":0.6447253182479824,"Taucorr":-0.024170493615724153},"Iteration":25},
{"Acceptance":[0.8611538461538462],"Energy":{"Mean":9.754608878141767,"Sigma":0.22663929334773372,"Taucorr":-0.1810663712717836},"EnergyVariance":{"Mean":9.332825752818502,"Sigma":1.0849407923270031,"Taucorr":-0.06765551871251624},"Iteration":26},
{"Acceptance":[0.845],"Energy":{"Mean":10.056146328497542,"Sigma":0.23105444607835185,"Taucorr":-0.1420641112184814},"EnergyVariance":{"Mean":8.803761122711112,"Sigma":1.018302015691297,"Taucorr":-0.11714403428109116},"Iteration":27},
{"Acceptance":[0.8576923076923076],"Energy":{"Mean":9.776405733638134,"Sigma":0.2747076998145701,"Taucorr":0.008248630557930126},"EnergyVariance":{"Mean":8.22881986912082,"Sigma":0.8891911713437315,"Taucorr":-0.14217022437140853},"Iteration":28},
{"Acceptance":[0.8557692307692307],"Energy":{"Mean":9.178907031043067,"Sigma":0.24520412759715765,"Taucorr":-0.0017108861304225287},"EnergyVariance":{"Mean":7.576950448794413,"Sigma":0.7904944382174443,"Taucorr":0.02517623451699058},"Iteration":29},
{"Acceptance":[0.8592307692307692],"Energy":{"Mean":9.240639809213071,"Sigma":0.2223682144222686,"Taucorr":-0.03398278184924525},"EnergyVariance":{"Mean":6.5745071114618705,"Sigma":0.6493054520589842,"Taucorr":-0.11717410187375477},"Iteration":30},
{"Acceptance":[0.8642307692307692],"Energy":{"Mean":9.675159955264192,"Sigma":0.2922937091755815,"Taucorr":0.06380489779746135},"EnergyVariance":{"Mean":8.786081668773786,"Sigma":1.185401229729188,"Taucorr":0.07820163897810428},"Iteration":31},
{"Acceptance":[0.8503846153846154],"Energy":{"Mean":8.923008565229935,"Sigma":0.3176082580719744,"Taucorr":0.3350917456800996},"EnergyVariance":{"Mean":7.72788752285541,"Sigma":0.9066573511427176,"Taucorr":-0.026771977488698473},"Iteration":32},
{"Acceptance":[0.8407692307692308],"Energy":{"Mean":9.265228080622467,"Sigma":0.32010014177784846,"Taucorr":0.09471148367360371},"EnergyVariance":{"Mean":10.616176199769583,"Sigma":1.2346610982663904,"Taucorr":-0.014067988299055312},"Iteration":33},
{"Acceptance":[0.8311538461538461],"Energy":{"Mean":9.45897945700662,"Sigma":0.2004204225037532,"Taucorr":-0.11837377891225492},"EnergyVariance":{"Mean":7.392968925411455,"Sigma":0.9094936891870484,"Taucorr":0.15008016937671387},"Iteration":34},
{"Acceptance":[0.8338461538461538],"Energy":{"Mean":9.206297482791536,"Sigma":0.35667660906222504,"Taucorr":0.29967813286662837},"EnergyVariance":{"Mean":10.284411848801176,"Sigma":1.476983015759582,"Taucorr":0.34025419295137327},"Iteration":35},
{"Acceptance":[0.8192307692307692],"Energy":{"Mean":9.25751066542469,"Sigma":0.3186254149010398,"Taucorr":0.18893878029783517},"EnergyVariance":{"Mean":9.065434627507486,"Sigma":1.114598070499365,"Taucorr":0.08758543254500184},"Iteration":36},
{"Acceptance":[0.8176923076923077],"Energy":{"Mean":9.062150273686264,"Sigma":0.37558104474269277,"Taucorr":0.3336186541399425},"EnergyVariance":{"Mean":11.388080462624565,"Sigma":1.3894710772369083,"Taucorr":0.1513193120138998},"Iteration":37},
{"Acceptance":[0.8011538461538461],"Energy":{"Mean":9.29081659426679,"Sigma":0.2804921394836637,"Taucorr":-0.057886593633464045},"EnergyVariance":{"Mean":11.513424605444781,"Sigma":1.231543935190451,"Taucorr":0.02987101136181547},"Iteration":38},
{"Acceptance":[0.8188461538461539],"Energy":{"Mean":8.99781402834498,"Sigma":0.2640925873875155,"Taucorr":0.058645252956916916},"EnergyVariance":{"Mean":8.217990112166861,"Sigma":0.9811746922161267,"Taucorr":-0.012540358293875398},"Iteration":39},
{"Acceptance":[0.8057692307692308],"Energy":{"Mean":8.794580059361678,"Sigma":0.3004548969019291,"Taucorr":0.17546812986029336},"EnergyVariance":{"Mean":9.3325420462451,"Sigma":0.9464959583510504,"Taucorr":-0.01785338323248742},"Iteration":40},
{"Acceptance":[0.785],"Energy":{"Mean":8.386007380902612,"Sigma":0.2703356884384815,"Taucorr":0.07875617727468076},"EnergyVariance":{"Mean":8.788175247218868,"Sigma":0.8073808451678565,"Taucorr":-0.17460402441347433},"Iteration":41},
{"Acceptance":[0.8065384615384615],"Energy":{"Mean":8.62882769074167,"Sigma":0.370572182589638,"Taucorr":0.1882158033746737},"EnergyVariance":{"Mean":12.567977637657423,"Sigma":1.3605057126021376,"Taucorr":-0.10677885939695547},"Iteration":42},
{"Acceptance":[0.8011538461538461],"Energy":{"Mean":9.349402194708631,"Sigma":0.32889249355292216,"Taucorr":0.17261935351096214},"EnergyVariance":{"Mean":10.636597455067776,"Sigma":1.1323738218182036,"Taucorr":0.04643903315629638},"Iteration":43},
{"Acceptance":[0.7746153846153846],"Energy":{"Mean":8.522830191926223,"Sigma":0.40009524132522506,"Taucorr":0.41054121836657365},"EnergyVariance":{"Mean":11.613096483093504,"Sigma":2.020625054258383,"Taucorr":0.28580610369667225},"Iteration":44},
{"Acceptance":[0.7776923076923077],"Energy":{"Mean":7.949094296862556,"Sigma":0.2658119218267157,"Taucorr":-0.007613980807990861},"EnergyVariance":{"Mean":10.561285004892294,"Sigma":1.284860557927121,"Taucorr":0.0724446957651379},"Iteration":45},
{"Acceptance":[0.7676923076923077],"Energy":{"Mean":8.036877752153785,"Sigma":0.43322403381323804,"Taucorr":0.2862599564154751},"EnergyVariance":{"Mean":15.54920277422247,"Sigma":1.5203081939134022,"Taucorr":-0.06276715984072007},"Iteration":46},
{"Acceptance":[0.7811538461538462],"Energy":{"Mean":8.169900688576012,"Sigma":0.3641687678826733,"Taucorr":0.3675535148771242},"EnergyVariance":{"Mean":9.969641484747921,"Sigma":1.7415919233671315,"Taucorr":0.048146202543188465},"Iteration":47},
{"Acceptance":[0.7565384615384615],"Energy":{"Mean":8.000634019863567,"Sigma":0.38703403157290567,"Taucorr":0.1921325765184868},"EnergyVariance":{"Mean":13.499593063670211,"Sigma":1.5137240599683055,"Taucorr":-0.17746467686604006},"Iteration":48},
{"Acceptance":[0.7515384615384615],"Energy":{"Mean":8.092451818852167,"Sigma":0.29757492522504897,"Taucorr":-0.017306439172137145},"EnergyVariance":{"Mean":12.697622205976732,"Sigma":1.3079385201201752,"Taucorr":-0.10128099272666297},"Iteration":49},
{"Acceptance":[0.7415384615384616],"Energy":{"Mean":8.374609321564325,"Sigma":0.36379169172305903,"Taucorr":0.1666117512867401},"EnergyVariance":{"Mean":12.297166539448154,"Sigma":1.9235236238811293,"Taucorr":0.25486719978546835},"Iteration":50},
{"Acceptance":[0.7373076923076923],"Energy":{"Mean":7.709532965996987,"Sigma":0.4436172827916932,"Taucorr":0.3450463903196028},"EnergyVariance":{"Mean":15.836129604091454,"Sigma":1.5616539974572141,"Taucorr":-0.18495484731445255},"Iteration":51},
{"Acceptance":[0.7242307692307692],"Energy":{"Mean":7.455882708095775,"Sigma":0.5536006355602799,"Taucorr":0.43065891055956407},"EnergyVariance":{"Mean":19.74333191695332,"Sigma":4.467069945052135,"Taucorr":0.3629891487530138},"Iteration":52},
{"Acceptance":[0.6746153846153846],"Energy":{"Mean":7.129261609734482,"Sigma":0.27831644628158797,"Taucorr":-0.09045495973248702},"EnergyVariance":{"Mean":14.592806828780962,"Sigma":2.1540114541365805,"Taucorr":0.1719836773965826},"Iteration":53},
{"Acceptance":[0.7319230769230769],"Energy":{"Mean":7.6500907849807485,"Sigma":0.4200164557384956,"Taucorr":0.3334670014974538},"EnergyVariance":{"Mean":13.265530284349024,"Sigma":2.2311462605878476,"Taucorr":0.39853343559339516},"Iteration":54},
{"Acceptance":[0.6753846153846154],"Energy":{"Mean":7.527224845549313,"Sigma":0.403499432262912,"Taucorr":0.20454555069449165},"EnergyVariance":{"Mean":16.370243330876754,"Sigma":1.9937746563856937,"Taucorr":0.005338771453614388},"Iteration":55},
{"Acceptance":[0.6957692307692308],"Energy":{"Mean":7.1686044148964925,"Sigma":0.49018839040509504,"Taucorr":0.3950562143022658},"EnergyVariance":{"Mean":16.33684431743157,"Sigma":2.4481931011100824,"Taucorr":-0.006986361685896947},"Iteration":56},
{"Acceptance":[0.65],"Energy":{"Mean":5.374181343788354,"Sigma":0.7079276716239087,"Taucorr":0.7191144524215545},"EnergyVariance":{"Mean":22.34695640539447,"Sigma":5.394633096642876,"Taucorr":0.7642999800004837},"Iteration":57},
{"Acceptance":[0.7019230769230769],"Energy":{"Mean":7.242605182809082,"Sigma":0.41532211760482524,"Taucorr":0.16987041597189312},"EnergyVariance":{"Mean":15.704514780635654,"Sigma":2.420598646821807,"Taucorr":0.19562974237701425},"Iteration":58},
{"Acceptance":[0.6534615384615384],"Energy":{"Mean":6.822230168032478,"Sigma":0.2592679646614579,"Taucorr":-0.06444340061709758},"EnergyVariance":{"Mean":10.58694773027914,"Sigma":1.4602908197174478,"Taucorr":-0.021492349895273155},"Iteration":59},
{"Acceptance":[0.6169230769230769],"Energy":{"Mean":5.919830841302216,"Sigma":0.8266200551383024,"Taucorr":0.8860586834095678},"EnergyVariance":{"Mean":27.24674521868471,"Sigma":6.523138322012915,"Taucorr":0.8713277314540342},"Iteration":60},
{"Acceptance":[0.6403846153846153],"Energy":{"Mean":6.122802841859159,"Sigma":0.5777153673634206,"Taucorr":0.47515002447265375},"EnergyVariance":{"Mean":19.784500872623084,"Sigma":4.075487505676115,"Taucorr":0.4878287641789619},"Iteration":61},
{"Acceptance":[0.6342307692307693],"Energy":{"Mean":6.737409636894805,"Sigma":0.4381936962987382,"Taucorr":0.29372409232397223},"EnergyVariance":{"Mean":15.75962486278256,"Sigma":2.5738986414205813,"Taucorr":0.29944376688641516},"Iteration":62},
{"Acceptance":[0.6426923076923077],"Energy":{"Mean":6.352910542611475,"Sigma":0.7165146587357585,"Taucorr":0.8050534195957579},"EnergyVariance":{"Mean":22.054524625487964,"Sigma":4.361991280083755,"Taucorr":0.6231038186608564},"Iteration":63},
{"Acceptance":[0.6026923076923076],"Energy":{"Mean":5.362375738878392,"Sigma":0.5788809528120998,"Taucorr":0.4725381706648394},"EnergyVariance":{"Mean":20.258257387522576,"Sigma":2.977442009267635,"Taucorr":0.148125331497574},"Iteration":64},
{"Acceptance":[0.5603846153846154],"Energy":{"Mean":6.363935994535875,"Sigma":0.5772911167722193,"Taucorr":0.5141787718982631},"EnergyVariance":{"Mean":21.653901395524876,"Sigma":2.8643113945904113,"Taucorr":-0.018718404750720563},"Iteration":65},
{"Acceptance":[0.49615384615384617],"Energy":{"Mean":2.8165468306676917,"Sigma":0.9095526196018809,"Taucorr":0.8232893796704062},"EnergyVariance":{"Mean":33.5796639714961,"Sigma":4.629191685670026,"Taucorr":0.4703274979438582},"Iteration":66},
{"Acceptance":[0.49846153846153846],"Energy":{"Mean":5.3577687935347065,"Sigma":0.49726575512383314,"Taucorr":0.3083165354618974},"EnergyVariance":{"Mean":19.71328321176388,"Sigma":2.5273476342840135,"Taucorr":0.10336665907605835},"Iteration":67},
{"Acceptance":[0.45269230769230767],"Energy":{"Mean":2.1411999303144533,"Sigma":1.0657386595642238,"Taucorr":1.1619124197177324},"EnergyVariance":{"Mean":37.00182480433456,"Sigma":3.8226323030719804,"Taucorr":0.24434376018794668},"Iteration":68},
{"Acceptance":[0.5311538461538462],"Energy":{"Mean":2.790063640647395,"Sigma":0.9657088151035649,"Taucorr":0.9062132540141059},"EnergyVariance":{"Mean":34.53508180913391,"Sigma":4.359357967076299,"Taucorr":0.477204783637871},"Iteration":69},
{"Acceptance":[0.5073076923076923],"Energy":{"Mean":3.9471821017024316,"Sigma":0.8802804269619103,"Taucorr":0.9532312798781128},"EnergyVariance":{"Mean":28.79877256899452,"Sigma":4.467535735449487,"Taucorr":0.6012157993500289},"Iteration":70},
{"Acceptance":[0.39807692307692305],"Energy":{"Mean":0.8598520559246257,"Sigma":1.0493564079042283,"Taucorr":1.0611275375868163},"EnergyVariance":{"Mean":35.2240878169587,"Sigma":3.0962205648650474,"Taucorr":0.1423180771668472},"Iteration":71},
{"Acceptance":[0.33],"Energy":{"Mean":-0.07866437633167389,"Sigma":1.1650308168864016,"Taucorr":1.142224563426149},"EnergyVariance":{"Mean":41.594331901491934,"Sigma":3.8728415059815386,"Taucorr":0.2895496017635546},"Iteration":72},
{"Acceptance":[0.34384615384615386],"Energy":{"Mean":0.6541223545974791,"Sigma":1.232975099789373,"Taucorr":1.1771569283889012},"EnergyVariance":{"Mean":47.58885303144127,"Sigma":5.4556474855346675,"Taucorr":0.3309569779792454},"Iteration":73},
{"Acceptance":[0.24884615384615386],"Energy":{"Mean":-2.832569511830593,"Sigma":1.0323943004628593,"Taucorr":1.2021570852185903},"EnergyVariance":{"Mean":30.823474822080463,"Sigma":7.665699872463316,"Taucorr":0.9003748191432619},"Iteration":74},
{"Acceptance":[0.14653846153846153],"Energy":{"Mean":-3.1358051782385883,"Sigma":0.7789579996573148,"Taucorr":0.9613561263914854},"EnergyVariance":{"Mean":23.359917319277017,"Sigma":4.908933709623605,"Taucorr":0.3181717943465212},"Iteration":75},
{"Acceptance":[0.10653846153846154],"Energy":{"Mean":-6.232855798052271,"Sigma":0.30155519142746434,"Taucorr":0.7210903051729625},"EnergyVariance":{"Mean":4.222378349244473,"Sigma":2.046403584361545,"Taucorr":0.347650018362724},"Iteration":76},
{"Acceptance":[0.15576923076923077],"Energy":{"Mean":-5.580347389285878,"Sigma":0.5423787970381961,"Taucorr":0.591153432963117},"EnergyVariance":{"Mean":14.621245022667654,"Sigma":5.373501731468252,"Taucorr":0.07482106405531608},"Iteration":77},
{"Acceptance":[0.11884615384615385],"Energy":{"Mean":-1.983459553856253,"Sigma":1.2849002087465298,"Taucorr":1.1709532188504184},"EnergyVariance":{"Mean":55.10675889350132,"Sigma":14.815310247097376,"Taucorr":0.1973595867315423},"Iteration":78},
{"Acceptance":[0.03346153846153846],"Energy":{"Mean":-6.037941543082129,"Sigma":0.07366659894450144,"Taucorr":-0.013007637086822621},"EnergyVariance":{"Mean":0.6678302398438781,"Sigma":0.23695888845415963,"Taucorr":0.6470231204874597},"Iteration":79},
{"Acceptance":[0.039615384615384615],"Energy":{"Mean":-5.880834012671732,"Sigma":0.13808730646008244,"Taucorr":0.5769117586261088},"EnergyVariance":{"Mean":0.9884386480523731,"Sigma":0.45923762266335433,"Taucorr":0.33400720858552446},"Iteration":80},
{"Acceptance":[0.0003846153846153846],"Energy":{"Mean":-5.99822187768707,"Sigma":0.0005955275499027325,"Taucorr":1.2384137601528509},"EnergyVariance":{"Mean":1.131929198232912e-05,"Sigma":7.543282072514942e-06,"Taucorr":1.238413760152891},"Iteration":81},
{"Acceptance":[0.0007692307692307692],"Energy":{"Mean":-5.999439077473379,"Sigma":0.0,"Taucorr":null},"EnergyVariance":{"Mean":9.946208204823028e-08,"Sigma":0.0,"Taucorr":null},"Iteration":82},
{"Acceptance":[0.0],"Energy":{"Mean":-5.999728842481087,"Sigma":0.0,"Taucorr":null},"EnergyVariance":{"Mean":3.865518803937347e-14,"Sigma":0.0,"Taucorr":null},"Iteration":83},
{"Acceptance":[0.0],"Energy":{"Mean":-5.999896226967747,"Sigma":0.0,"Taucorr":null},"EnergyVariance":{"Mean":6.7259390253640365e-09,"Sigma":0.0,"Taucorr":null},"Iteration":84},
{"Acceptance":[0.0],"Energy":{"Mean":-5.9999915321308315,"Sigma":0.0,"Taucorr":null},"EnergyVariance":{"Mean":6.446737593614984e-09,"Sigma":0.0,"Taucorr":null},"Iteration":85},
{"Acceptance":[0.0],"Energy":{"Mean":-6.000044717104547,"Sigma":0.0,"Taucorr":null},"EnergyVariance":{"Mean":2.1520792620039156e-09,"Sigma":0.0,"Taucorr":null},"Iteration":86},
{"Acceptance":[0.0],"Energy":{"Mean":-6.0000666886462275,"Sigma":0.0,"Taucorr":null},"EnergyVariance":{"Mean":2.3447910182507798e-11,"Sigma":0.0,"Taucorr":null},"Iteration":87},
{"Acceptance":[0.0019230769230769232],"Energy":{"Mean":-4.99767633493122,"Sigma":0.0,"Taucorr":null},"EnergyVariance":{"Mean":8.281898100693956e-06,"Sigma":0.0,"Taucorr":null},"Iteration":88},
{"Acceptance":[0.007307692307692308],"Energy":{"Mean":-6.000351182956646,"Sigma":0.0002177768355956954,"Taucorr":1.1427865612649841},"EnergyVariance":{"Mean":2.436164108350342e-06,"Sigma":1.4155748611176677e-06,"Taucorr":1.1427865612648216},"Iteration":89},
{"Acceptance":[0.012692307692307692],"Energy":{"Mean":-6.001379287297018,"Sigma":0.00016441460932502673,"Taucorr":0.7641633728589696},"EnergyVariance":{"Mean":2.7599288792044406e-06,"Sigma":5.447869757063147e-08,"Taucorr":0.7641633728590247},"Iteration":90},
{"Acceptance":[0.002307692307692308],"Energy":{"Mean":-5.951146331797284,"Sigma":0.04208197298547555,"Taucorr":1.175653019094688},"EnergyVariance":{"Mean":0.051017386255861906,"Sigma":0.0386556901609066,"Taucorr":1.2672102037130788},"Iteration":91},
{"Acceptance":[0.0003846153846153846],"Energy":{"Mean":-3.9999884583858223,"Sigma":0.0,"Taucorr":null},"EnergyVariance":{"Mean":1.9202107344352837e-10,"Sigma":0.0,"Taucorr":null},"Iteration":92},
{"Acceptance":[0.0],"Energy":{"Mean":-3.9999993360161605,"Sigma":0.0,"Taucorr":null},"EnergyVariance":{"Mean":3.7205982160313536e-11,"Sigma":0.0,"Taucorr":null},"Iteration":93},
{"Acceptance":[0.0],"Energy":{"Mean":-4.000001441763731,"Sigma":0.0,"Taucorr":null},"EnergyVariance":{"Mean":3.3195061584591586e-12,"Sigma":0.0,"Taucorr":null},"Iteration":94},
{"Acceptance":[0.0],"Energy":{"Mean":-4.000001031616792,"Sigma":0.0,"Taucorr":null},"EnergyVariance":{"Mean":1.1596486142404118e-15,"Sigma":0.0,"Taucorr":null},"Iteration":95},
{"Acceptance":[0.0],"Energy":{"Mean":-4.0000002672748165,"Sigma":0.0,"Taucorr":null},"EnergyVariance":{"Mean":2.3936848638801304e-13,"Sigma":0.0,"Taucorr":null},"Iteration":96},
{"Acceptance":[0.0],"Energy":{"Mean":-3.9999997966417804,"Sigma":0.0,"Taucorr":null},"EnergyVariance":{"Mean":9.612719687832446e-14,"Sigma":0.0,"Taucorr":null},"Iteration":97},
{"Acceptance":[0.0],"Energy":{"Mean":-3.999999700136639,"Sigma":0.0,"Taucorr":null},"EnergyVariance":{"Mean":5.160942813410962e-16,"Sigma":0.0,"Taucorr":null},"Iteration":98},
{"Acceptance":[0.0],"Energy":{"Mean":-3.9999998638428527,"Sigma":0.0,"Taucorr":null},"EnergyVariance":{"Mean":6.535387298661694e-14,"Sigma":0.0,"Taucorr":null},"Iteration":99} 
]}
{"input": {"L": 12, "J": 1, "machine": {"type": "FFNN", "model": ["lncosh", 5, 3]}, "sampler": {"type": "MetropolisHop", "d_max": 5}, "optimizer": {"type": "AdaMax", "alpha": 0.001, "beta1": 0.9, "beta2": 0.999, "epscut": 1e-07}, "VMC": {"n_samples": 100, "discarded_samples": 100, "discarded_samples_on_init": 0, "target": "energy", "method": "Gd", "diag_shift": 0.01, "use_iterative": true, "use_cholesky": true}, "n_iter": 100}}
duration: -0.8783354759216309