{"Output": [
{"Acceptance":[0.803076923076923],"Energy":{"Mean":10.042624696100196,"Sigma":0.3054239919509784,"Taucorr":0.15822822429552807},"EnergyVariance":{"Mean":6.935069449769234,"Sigma":0.7308919974398085,"Taucorr":-0.058785464754397165},"Iteration":0},
{"Acceptance":[0.7669230769230769],"Energy":{"Mean":9.663149545490398,"Sigma":0.3049650274851968,"Taucorr":0.03716410398218506},"EnergyVariance":{"Mean":8.978782456812734,"Sigma":1.215743718779538,"Taucorr":0.1419522089251256},"Iteration":1},
{"Acceptance":[0.7246153846153847],"Energy":{"Mean":9.33743743172994,"Sigma":0.3254979966843399,"Taucorr":0.13758080995717048},"EnergyVariance":{"Mean":9.217225415206814,"Sigma":0.9228751565943971,"Taucorr":-0.060095665174198176},"Iteration":2},
{"Acceptance":[0.7034615384615385],"Energy":{"Mean":8.83844612872855,"Sigma":0.2916639058792074,"Taucorr":0.0233281584200129},"EnergyVariance":{"Mean":9.360146110977164,"Sigma":1.1176760428415708,"Taucorr":0.10008288524106579},"Iteration":3},
{"Acceptance":[0.6538461538461539],"Energy":{"Mean":8.405989396946081,"Sigma":0.3007258044845253,"Taucorr":0.06222265838758323},"EnergyVariance":{"Mean":10.86430129435839,"Sigma":1.0515417196574528,"Taucorr":-0.038554649008444186},"Iteration":4},
{"Acceptance":[0.6280769230769231],"Energy":{"Mean":7.12789718573919,"Sigma":0.25335042727612583,"Taucorr":-0.107294375349694},"EnergyVariance":{"Mean":10.953777100267294,"Sigma":1.1279156017345175,"Taucorr":-0.013964608690944624},"Iteration":5},
{"Acceptance":[0.5919230769230769],"Energy":{"Mean":7.219701890606052,"Sigma":0.2976147657666101,"Taucorr":-0.013594743410862142},"EnergyVariance":{"Mean":12.74985014927317,"Sigma":1.8476423910645565,"Taucorr":0.29054083293743005},"Iteration":6},
{"Acceptance":[0.5696153846153846],"Energy":{"Mean":7.095449688619413,"Sigma":0.33980897790608666,"Taucorr":0.06967718516496302},"EnergyVariance":{"Mean":16.012360569008624,"Sigma":1.828888226335459,"Taucorr":0.07330913964553099},"Iteration":7},
{"Acceptance":[0.5492307692307692],"Energy":{"Mean":6.506796308467128,"Sigma":0.3831409631886882,"Taucorr":0.1493506815422192},"EnergyVariance":{"Mean":16.503660957688275,"Sigma":1.920345558911433,"Taucorr":0.050250262297211856},"Iteration":8},
{"Acceptance":[0.5219230769230769],"Energy":{"Mean":4.766439049315996,"Sigma":0.4006626419536326,"Taucorr":0.3637571763605316},"EnergyVariance":{"Mean":15.327923917519074,"Sigma":2.036680495515746,"Taucorr":0.1464647224642749},"Iteration":9},
{"Acceptance":[0.49923076923076926],"Energy":{"Mean":4.1369490333922,"Sigma":0.33442029384034555,"Taucorr":0.2523568770659106},"EnergyVariance":{"Mean":12.840100987613914,"Sigma":1.6306407193741077,"Taucorr":0.05942814770010707},"Iteration":10},
{"Acceptance":[0.4773076923076923],"Energy":{"Mean":3.7953889132565886,"Sigma":0.34759427351942684,"Taucorr":0.12550472959563674},"EnergyVariance":{"Mean":17.685814892412434,"Sigma":2.145652447759697,"Taucorr":0.1651071483885268},"Iteration":11},
{"Acceptance":[0.43346153846153845],"Energy":{"Mean":2.2709011283507494,"Sigma":0.36035138824523555,"Taucorr":0.3659703937545391},"EnergyVariance":{"Mean":14.873031668718147,"Sigma":1.8093586435807156,"Taucorr":0.16072648028159842},"Iteration":12},
{"Acceptance":[0.4319230769230769],"Energy":{"Mean":2.27754079115452,"Sigma":0.5093220884264554,"Taucorr":0.5894421684039586},"EnergyVariance":{"Mean":20.950039438935043,"Sigma":2.8360879375893755,"Taucorr":-0.012077268689891951},"Iteration":13},
{"Acceptance":[0.40076923076923077],"Energy":{"Mean":1.2191289856916785,"Sigma":0.38999214476549426,"Taucorr":0.44162099745436323},"EnergyVariance":{"Mean":15.306394569564695,"Sigma":1.68303960197189,"Taucorr":-0.14820588994373018},"Iteration":14},
{"Acceptance":[0.3842307692307692],"Energy":{"Mean":0.03904292571476761,"Sigma":0.338504917938159,"Taucorr":0.41333913467586325},"EnergyVariance":{"Mean":14.00845333255007,"Sigma":3.0097602583125846,"Taucorr":0.24562462997517343},"Iteration":15},
{"Acceptance":[0.37538461538461537],"Energy":{"Mean":0.699778369563569,"Sigma":0.34694859237274367,"Taucorr":0.25993575902494315},"EnergyVariance":{"Mean":21.699751191253643,"Sigma":2.8639522312361243,"Taucorr":-0.07103270119717259},"Iteration":16},
{"Acceptance":[0.35384615384615387],"Energy":{"Mean":0.5234701266932779,"Sigma":0.49396236244874886,"Taucorr":0.777243328891877},"EnergyVariance":{"Mean":20.781304331979996,"Sigma":3.974158433476347,"Taucorr":0.24523745354374593},"Iteration":17},
{"Acceptance":[0.3342307692307692],"Energy":{"Mean":-1.3040279339787324,"Sigma":0.37626308066041625,"Taucorr":0.5235103639909857},"EnergyVariance":{"Mean":14.143775538655923,"Sigma":2.1499917407984825,"Taucorr":0.16918701103029954},"Iteration":18},
{"Acceptance":[0.3292307692307692],"Energy":{"Mean":-1.526914369530648,"Sigma":0.3096036401134853,"Taucorr":0.25826474323693804},"EnergyVariance":{"Mean":13.18708444248299,"Sigma":1.736326924044492,"Taucorr":0.07517641022063337},"Iteration":19},
{"Acceptance":[0.2946153846153846],"Energy":{"Mean":-2.464772747584459,"Sigma":0.3003399986938729,"Taucorr":0.3882038347250417},"EnergyVariance":{"Mean":12.71250909899034,"Sigma":1.8430157159352536,"Taucorr":0.02820785632874967},"Iteration":20},
{"Acceptance":[0.32153846153846155],"Energy":{"Mean":-2.4035673629727974,"Sigma":0.40429746091973984,"Taucorr":0.5562007264665019},"EnergyVariance":{"Mean":19.422520825061316,"Sigma":3.6564991386901924,"Taucorr":0.3868102119886444},"Iteration":21},
{"Acceptance":[0.30153846153846153],"Energy":{"Mean":-2.6642341813113424,"Sigma":0.325081093144991,"Taucorr":0.20505909461123362},"EnergyVariance":{"Mean":19.504088895536793,"Sigma":2.6805114224243916,"Taucorr":0.1612367163677756},"Iteration":22},
{"Acceptance":[0.2857692307692308],"Energy":{"Mean":-2.936056020160384,"Sigma":0.26091177089887785,"Taucorr":0.03850773810387764},"EnergyVariance":{"Mean":16.84524739297095,"Sigma":2.719437309479373,"Taucorr":0.18192872925762826},"Iteration":23},
{"Acceptance":[0.275],"Energy":{"Mean":-3.4744169481962768,"Sigma":0.34113615555914806,"Taucorr":0.41718223018321543},"EnergyVariance":{"Mean":18.50458029978532,"Sigma":3.80520077893942,"Taucorr":0.11109617328191346},"Iteration":24},
{"Acceptance":[0.27384615384615385],"Energy":{"Mean":-4.617464613847014,"Sigma":0.3806581274970796,"Taucorr":0.4869267896713959},"EnergyVariance":{"Mean":14.936165113457934,"Sigma":2.7995867372783683,"Taucorr":0.489900259888029},"Iteration":25},
{"Acceptance":[0.23923076923076922],"Energy":{"Mean":-4.7456530497679665,"Sigma":0.3054657974821704,"Taucorr":0.3018596138899994},"EnergyVariance":{"Mean":19.07760055268128,"Sigma":5.231642588545751,"Taucorr":0.1668519626484799},"Iteration":26},
{"Acceptance":[0.24307692307692308],"Energy":{"Mean":-5.523524844044784,"Sigma":0.31787398243749004,"Taucorr":0.2399021611103681},"EnergyVariance":{"Mean":17.110677778221493,"Sigma":4.044549903279922,"Taucorr":0.3512134249001486},"Iteration":27},
{"Acceptance":[0.22230769230769232],"Energy":{"Mean":-5.360958833423512,"Sigma":0.3207895445571494,"Taucorr":0.19235698587255035},"EnergyVariance":{"Mean":12.985544221036667,"Sigma":2.193847885339878,"Taucorr":0.22491605784219926},"Iteration":28},
{"Acceptance":[0.2053846153846154],"Energy":{"Mean":-5.8032502241694175,"Sigma":0.32422111083255495,"Taucorr":0.41331461326931884},"EnergyVariance":{"Mean":9.648596119934751,"Sigma":2.03267445056204,"Taucorr":0.13321026713009443},"Iteration":29},
{"Acceptance":[0.22346153846153846],"Energy":{"Mean":-6.358070195737468,"Sigma":0.5042798193362119,"Taucorr":0.6258296849900504},"EnergyVariance":{"Mean":31.803313033001906,"Sigma":14.551291115177285,"Taucorr":0.19907668996237893},"Iteration":30},
{"Acceptance":[0.22076923076923077],"Energy":{"Mean":-6.342514710569677,"Sigma":0.28910493257207776,"Taucorr":0.13391557734869008},"EnergyVariance":{"Mean":12.122876738886417,"Sigma":2.417709790389789,"Taucorr":0.3114157561893959},"Iteration":31},
{"Acceptance":[0.2273076923076923],"Energy":{"Mean":-6.784234267679162,"Sigma":0.2691907268177879,"Taucorr":0.007832597614301995},"EnergyVariance":{"Mean":16.239135984704316,"Sigma":4.654992745138267,"Taucorr":0.03062070944701878},"Iteration":32},
{"Acceptance":[0.20115384615384616],"Energy":{"Mean":-6.9843884052021625,"Sigma":0.2849702069019156,"Taucorr":0.38619938215499994},"EnergyVariance":{"Mean":9.273172367037667,"Sigma":2.1975154128549033,"Taucorr":0.047770785673965865},"Iteration":33},
{"Acceptance":[0.21346153846153845],"Energy":{"Mean":-6.556247699330223,"Sigma":0.3558875006024179,"Taucorr":0.1751741348506115},"EnergyVariance":{"Mean":14.281442960988223,"Sigma":2.6904613817659984,"Taucorr":-0.02037267219181438},"Iteration":34},
{"Acceptance":[0.1946153846153846],"Energy":{"Mean":-7.553878632472004,"Sigma":0.34461701978885767,"Taucorr":0.4933080560150822},"EnergyVariance":{"Mean":14.773747587842687,"Sigma":4.273432277900954,"Taucorr":0.3396753865811777},"Iteration":35},
{"Acceptance":[0.18076923076923077],"Energy":{"Mean":-7.659883196641226,"Sigma":0.26669303523360344,"Taucorr":0.19623432355940984},"EnergyVariance":{"Mean":10.020931431133612,"Sigma":2.392323835511371,"Taucorr":0.5528465243467966},"Iteration":36},
{"Acceptance":[0.19846153846153847],"Energy":{"Mean":-7.7394708337242974,"Sigma":0.2817703811319962,"Taucorr":0.13858337906360352},"EnergyVariance":{"Mean":10.746924358218186,"Sigma":2.1708635424063396,"Taucorr":0.20876435675888372},"Iteration":37},
{"Acceptance":[0.19115384615384615],"Energy":{"Mean":-7.753932805924035,"Sigma":0.3041915245306813,"Taucorr":0.06797538739007891},"EnergyVariance":{"Mean":11.34388495968514,"Sigma":2.4852226754162934,"Taucorr":0.15959221525861655},"Iteration":38},
{"Acceptance":[0.17846153846153845],"Energy":{"Mean":-8.25426936377462,"Sigma":0.35669585416900956,"Taucorr":0.5413388287214151},"EnergyVariance":{"Mean":7.786175983731844,"Sigma":1.501934853317372,"Taucorr":0.12625705847644675},"Iteration":39},
{"Acceptance":[0.18576923076923077],"Energy":{"Mean":-8.258472225208322,"Sigma":0.41064311567656825,"Taucorr":0.485342626159328},"EnergyVariance":{"Mean":10.60356591792506,"Sigma":2.7141783011054925,"Taucorr":0.35529322433198485},"Iteration":40},
{"Acceptance":[0.16],"Energy":{"Mean":-8.69441041770509,"Sigma":0.22560703026606393,"Taucorr":-0.038815999098588905},"EnergyVariance":{"Mean":6.473953527569111,"Sigma":2.02576128153383,"Taucorr":0.603270521834381},"Iteration":41},
{"Acceptance":[0.1773076923076923],"Energy":{"Mean":-7.517893095153519,"Sigma":0.2102422945470875,"Taucorr":-0.14911234051099864},"EnergyVariance":{"Mean":6.7684216565871065,"Sigma":1.51610820268344,"Taucorr":0.22786965399923975},"Iteration":42},
{"Acceptance":[0.19653846153846155],"Energy":{"Mean":-7.968362746789806,"Sigma":0.5273016062298953,"Taucorr":0.6665421591704304},"EnergyVariance":{"Mean":15.326094558096738,"Sigma":4.121693911026307,"Taucorr":0.6727515437266489},"Iteration":43},
{"Acceptance":[0.1753846153846154],"Energy":{"Mean":-7.7730994793122115,"Sigma":0.4925528972936908,"Taucorr":0.5326633211621798},"EnergyVariance":{"Mean":13.307699244978023,"Sigma":4.368219248869707,"Taucorr":0.3216336761045703},"Iteration":44},
{"Acceptance":[0.1803846153846154],"Energy":{"Mean":-7.7212262551063455,"Sigma":0.3801937455673251,"Taucorr":0.16488131715649768},"EnergyVariance":{"Mean":12.706724768369648,"Sigma":2.5561729152902948,"Taucorr":0.082348399196992},"Iteration":45},
{"Acceptance":[0.17961538461538462],"Energy":{"Mean":-8.91878636143991,"Sigma":0.5279455635952639,"Taucorr":0.3337739428679749},"EnergyVariance":{"Mean":18.27340586311621,"Sigma":5.843216511576492,"Taucorr":0.07407726896513167},"Iteration":46},
{"Acceptance":[0.18153846153846154],"Energy":{"Mean":-7.95592957324141,"Sigma":0.3093025119691334,"Taucorr":0.0831988725488515},"EnergyVariance":{"Mean":9.133927084428674,"Sigma":2.1421198170971127,"Taucorr":0.27815047696721273},"Iteration":47},
{"Acceptance":[0.16923076923076924],"Energy":{"Mean":-8.380890607065567,"Sigma":0.32804063353508633,"Taucorr":0.2764218724201485},"EnergyVariance":{"Mean":7.503497572235917,"Sigma":1.5212231516479744,"Taucorr":0.5084539016226064},"Iteration":48},
{"Acceptance":[0.16384615384615384],"Energy":{"Mean":-8.558475271693757,"Sigma":0.3213656359097803,"Taucorr":0.03312773910406497},"EnergyVariance":{"Mean":11.425057388398015,"Sigma":2.6084678561588754,"Taucorr":0.39287589860029437},"Iteration":49},
{"Acceptance":[0.16692307692307692],"Energy":{"Mean":-8.98147177205091,"Sigma":0.4279319146000885,"Taucorr":0.010622443742637211},"EnergyVariance":{"Mean":19.62450635056278,"Sigma":6.998656312493788,"Taucorr":0.0898035332739392},"Iteration":50},
{"Acceptance":[0.15346153846153845],"Energy":{"Mean":-8.965640183098404,"Sigma":0.1724063781713705,"Taucorr":-0.06616435593916759},"EnergyVariance":{"Mean":3.641266718363105,"Sigma":0.8783828979276654,"Taucorr":0.5328840278769857},"Iteration":51},
{"Acceptance":[0.1676923076923077],"Energy":{"Mean":-8.912399451084008,"Sigma":0.4759705999456174,"Taucorr":0.43386250562778805},"EnergyVariance":{"Mean":13.28051849784818,"Sigma":4.689296052594948,"Taucorr":0.23739820821567947},"Iteration":52},
{"Acceptance":[0.15307692307692308],"Energy":{"Mean":-9.092894588328498,"Sigma":0.2509796286977238,"Taucorr":0.16345607376673132},"EnergyVariance":{"Mean":5.202686209274057,"Sigma":1.2871312687368637,"Taucorr":0.3659653894177728},"Iteration":53},
{"Acceptance":[0.16423076923076924],"Energy":{"Mean":-9.104891116484907,"Sigma":0.3783582951122251,"Taucorr":0.19471324685424585},"EnergyVariance":{"Mean":11.226242447277787,"Sigma":4.205683456269714,"Taucorr":0.03412293375159248},"Iteration":54},
{"Acceptance":[0.1476923076923077],"Energy":{"Mean":-8.269316910346697,"Sigma":0.3641772750383503,"Taucorr":0.294467224681463},"EnergyVariance":{"Mean":8.347215142051823,"Sigma":2.212545560280334,"Taucorr":0.17296058601845365},"Iteration":55},
{"Acceptance":[0.15423076923076923],"Energy":{"Mean":-8.730557372791656,"Sigma":0.3473387865313073,"Taucorr":0.045302039917995196},"EnergyVariance":{"Mean":12.360836777747647,"Sigma":4.0075109333224725,"Taucorr":0.2842028086495779},"Iteration":56},
{"Acceptance":[0.17076923076923076],"Energy":{"Mean":-8.343771388477583,"Sigma":0.48009665017151093,"Taucorr":0.6589248045413512},"EnergyVariance":{"Mean":10.099802018865422,"Sigma":6.042647214513662,"Taucorr":0.4625870823078613},"Iteration":57},
{"Acceptance":[0.17307692307692307],"Energy":{"Mean":-8.751731487702864,"Sigma":0.2579447731564516,"Taucorr":0.22211333244359666},"EnergyVariance":{"Mean":4.91819872671666,"Sigma":1.1699669625585192,"Taucorr":0.5785905407247907},"Iteration":58},
{"Acceptance":[0.17846153846153845],"Energy":{"Mean":-8.981979676214863,"Sigma":0.44901137200546976,"Taucorr":0.8815172870218704},"EnergyVariance":{"Mean":7.569216339406331,"Sigma":2.759695530096889,"Taucorr":0.7649615458193553},"Iteration":59},
{"Acceptance":[0.1503846153846154],"Energy":{"Mean":-9.34816443026247,"Sigma":0.3752027263857826,"Taucorr":0.144805018931787},"EnergyVariance":{"Mean":10.78578404063815,"Sigma":3.387398931678774,"Taucorr":0.20252164919555338},"Iteration":60},
{"Acceptance":[0.17346153846153847],"Energy":{"Mean":-8.805349038613999,"Sigma":0.32350999913943823,"Taucorr":-0.06992659604557566},"EnergyVariance":{"Mean":12.760543409426896,"Sigma":4.5560190016451285,"Taucorr":-0.01708757953399692},"Iteration":61},
{"Acceptance":[0.1476923076923077],"Energy":{"Mean":-8.950022124482587,"Sigma":0.3144607463063193,"Taucorr":-0.05782321658659745},"EnergyVariance":{"Mean":11.8420461747977,"Sigma":4.406010538937213,"Taucorr":0.18053320427017505},"Iteration":62},
{"Acceptance":[0.15461538461538463],"Energy":{"Mean":-8.316458381011014,"Sigma":0.4125599934595134,"Taucorr":0.2713721745095501},"EnergyVariance":{"Mean":12.193792392917738,"Sigma":4.313196544208404,"Taucorr":0.013330980656188984},"Iteration":63},
{"Acceptance":[0.14923076923076922],"Energy":{"Mean":-8.643535690456275,"Sigma":0.26839146383221324,"Taucorr":0.1243305195288078},"EnergyVariance":{"Mean":5.612651262313975,"Sigma":2.2759629843170286,"Taucorr":-0.026070040369142677},"Iteration":64},
{"Acceptance":[0.13923076923076924],"Energy":{"Mean":-9.626054649076291,"Sigma":0.3329798757089324,"Taucorr":-0.03271045319183824},"EnergyVariance":{"Mean":12.755113633437603,"Sigma":4.789243367957665,"Taucorr":-0.03717693644289227},"Iteration":65},
{"Acceptance":[0.14884615384615385],"Energy":{"Mean":-8.583753715410323,"Sigma":0.3016122685067509,"Taucorr":0.19309161722085066},"EnergyVariance":{"Mean":7.01296583617064,"Sigma":1.228215255470967,"Taucorr":-0.07355951260618732},"Iteration":66},
{"Acceptance":[0.14461538461538462],"Energy":{"Mean":-8.997061230811072,"Sigma":0.2422596976268633,"Taucorr":0.16490897091362589},"EnergyVariance":{"Mean":4.810898660166467,"Sigma":0.9083335027174558,"Taucorr":0.20283928256470374},"Iteration":67},
{"Acceptance":[0.13846153846153847],"Energy":{"Mean":-9.07170094050179,"Sigma":0.37660945904655424,"Taucorr":0.21777801678464137},"EnergyVariance":{"Mean":11.232607561287736,"Sigma":4.550462235118185,"Taucorr":0.2977470001858087},"Iteration":68},
{"Acceptance":[0.14384615384615385],"Energy":{"Mean":-8.42135743246713,"Sigma":0.2555300596948725,"Taucorr":0.15711064474738623},"EnergyVariance":{"Mean":5.319063297257023,"Sigma":1.2945364260676524,"Taucorr":0.37389370910815833},"Iteration":69},
{"Acceptance":[0.14115384615384616],"Energy":{"Mean":-8.590208184452194,"Sigma":0.32693296392912347,"Taucorr":0.5091522988173911},"EnergyVariance":{"Mean":5.372422545110646,"Sigma":1.1573630070174554,"Taucorr":0.440225302148716},"Iteration":70},
{"Acceptance":[0.13153846153846155],"Energy":{"Mean":-8.660940822019151,"Sigma":0.19124186304418653,"Taucorr":0.1338774354049389},"EnergyVariance":{"Mean":2.9301938370949814,"Sigma":0.8355097617043997,"Taucorr":0.23913225810295846},"Iteration":71},
{"Acceptance":[0.15076923076923077],"Energy":{"Mean":-9.11033020744689,"Sigma":0.31427630980454696,"Taucorr":0.1256901921737691},"EnergyVariance":{"Mean":7.929672217540512,"Sigma":3.4993816172574106,"Taucorr":0.010257985327356334},"Iteration":72},
{"Acceptance":[0.1276923076923077],"Energy":{"Mean":-8.899255186640485,"Sigma":0.5883931767925887,"Taucorr":0.2510498563862109},"EnergyVariance":{"Mean":22.73031934174813,"Sigma":10.264401754344098,"Taucorr":0.18401598785261175},"Iteration":73},
{"Acceptance":[0.135],"Energy":{"Mean":-9.0808653244811,"Sigma":0.3103863518281148,"Taucorr":-0.14752462309266834},"EnergyVariance":{"Mean":13.45128374825977,"Sigma":5.599928767029363,"Taucorr":0.08561517790454576},"Iteration":74},
{"Acceptance":[0.15153846153846154],"Energy":{"Mean":-9.400657988778727,"Sigma":0.6927534993440463,"Taucorr":0.07088644000127575},"EnergyVariance":{"Mean":43.113301156198204,"Sigma":28.584964975915273,"Taucorr":0.026476253690232543},"Iteration":75},
{"Acceptance":[0.14461538461538462],"Energy":{"Mean":-9.059020588221887,"Sigma":0.15358118767739398,"Taucorr":-0.059869119643943536},"EnergyVariance":{"Mean":2.70299174977194,"Sigma":0.6691989829076113,"Taucorr":0.21644406080596412},"Iteration":76},
{"Acceptance":[0.11269230769230769],"Energy":{"Mean":-8.863655844869905,"Sigma":0.3253126888203712,"Taucorr":0.5105947157810136},"EnergyVariance":{"Mean":5.101694821699087,"Sigma":1.9957732812593734,"Taucorr":0.5322643490169559},"Iteration":77},
{"Acceptance":[0.1276923076923077],"Energy":{"Mean":-9.062513316924392,"Sigma":0.5423008458363296,"Taucorr":0.4103334146460548},"EnergyVariance":{"Mean":17.34235969602398,"Sigma":13.212171207464923,"Taucorr":0.371713137154954},"Iteration":78},
{"Acceptance":[0.12346153846153846],"Energy":{"Mean":-9.307675626237423,"Sigma":0.6690899258673946,"Taucorr":0.16309283766306448},"EnergyVariance":{"Mean":34.54695245724191,"Sigma":13.115472190518798,"Taucorr":0.17339853441692643},"Iteration":79},
{"Acceptance":[0.11923076923076924],"Energy":{"Mean":-9.233859188580706,"Sigma":0.5875638417279164,"Taucorr":0.37180572346436414},"EnergyVariance":{"Mean":20.731669554900435,"Sigma":15.00350237180684,"Taucorr":0.43964705989066455},"Iteration":80},
{"Acceptance":[0.13923076923076924],"Energy":{"Mean":-9.030018122246881,"Sigma":0.3894527800262511,"Taucorr":0.20019592657768492},"EnergyVariance":{"Mean":10.86617933515825,"Sigma":4.14522169663576,"Taucorr":0.40131488322411235},"Iteration":81},
{"Acceptance":[0.11615384615384615],"Energy":{"Mean":-9.250592754863092,"Sigma":0.5884581823812967,"Taucorr":0.28549204775988013},"EnergyVariance":{"Mean":22.41485813657652,"Sigma":14.669515620543885,"Taucorr":0.39908643971626523},"Iteration":82},
{"Acceptance":[0.11923076923076924],"Energy":{"Mean":-8.758771195585568,"Sigma":0.33112027473561606,"Taucorr":0.22637253152262649},"EnergyVariance":{"Mean":7.569233627030467,"Sigma":2.262542446932657,"Taucorr":0.5379217222449268},"Iteration":83},
{"Acceptance":[0.11923076923076924],"Energy":{"Mean":-8.908070308637102,"Sigma":0.3312275536079519,"Taucorr":0.13250655957889335},"EnergyVariance":{"Mean":8.837602724809562,"Sigma":3.0207135943725625,"Taucorr":0.3893935094263976},"Iteration":84},
{"Acceptance":[0.10884615384615384],"Energy":{"Mean":-8.62441528914885,"Sigma":0.24246923849153842,"Taucorr":0.3789202094177585},"EnergyVariance":{"Mean":3.430141762601269,"Sigma":0.7940287893227937,"Taucorr":0.276851028008692},"Iteration":85},
{"Acceptance":[0.11038461538461539],"Energy":{"Mean":-8.479918209376358,"Sigma":0.24454941474307954,"Taucorr":0.203464460522651},"EnergyVariance":{"Mean":4.123195000805561,"Sigma":1.3963912746852765,"Taucorr":0.5016496659141576},"Iteration":86},
{"Acceptance":[0.11923076923076924],"Energy":{"Mean":-9.43066310088066,"Sigma":0.47627925992862696,"Taucorr":0.12607903793235642},"EnergyVariance":{"Mean":18.422508912494116,"Sigma":8.648573469882848,"Taucorr":0.013001126502572014},"Iteration":87},
{"Acceptance":[0.1373076923076923],"Energy":{"Mean":-8.989503194485508,"Sigma":0.4809934228760886,"Taucorr":0.24770226391205874},"EnergyVariance":{"Mean":15.057016403042912,"Sigma":5.061657412122654,"Taucorr":0.16672604024353765},"Iteration":88},
{"Acceptance":[0.1226923076923077],"Energy":{"Mean":-9.42065434350032,"Sigma":0.3111463321136393,"Taucorr":0.3463620129451166},"EnergyVariance":{"Mean":5.6736573351836075,"Sigma":2.297639621015483,"Taucorr":0.007336894428611851},"Iteration":89},
{"Acceptance":[0.1226923076923077],"Energy":{"Mean":-9.846531480699129,"Sigma":0.5223357120124058,"Taucorr":0.13771081223406534},"EnergyVariance":{"Mean":21.903432251561895,"Sigma":9.595551493340448,"Taucorr":0.39571144625028754},"Iteration":90},
{"Acceptance":[0.12461538461538461],"Energy":{"Mean":-8.740750779530055,"Sigma":0.42032077963044634,"Taucorr":0.5755162496377904},"EnergyVariance":{"Mean":8.153401438602646,"Sigma":3.421650644451683,"Taucorr":0.6133351845290309},"Iteration":91},
{"Acceptance":[0.12115384615384615],"Energy":{"Mean":-9.135301487362115,"Sigma":0.47119696050370496,"Taucorr":0.06233591134154459},"EnergyVariance":{"Mean":22.104685154361885,"Sigma":12.416255539642368,"Taucorr":0.011445393342192967},"Iteration":92},
{"Acceptance":[0.125],"Energy":{"Mean":-8.94162931309506,"Sigma":0.2357162971072832,"Taucorr":0.02609343769390504},"EnergyVariance":{"Mean":5.206162127837262,"Sigma":1.538690509059832,"Taucorr":0.04592889546102186},"Iteration":93},
{"Acceptance":[0.10384615384615385],"Energy":{"Mean":-8.886830392694156,"Sigma":0.20152683273803154,"Taucorr":-0.0014065806175411755},"EnergyVariance":{"Mean":4.055999239113012,"Sigma":1.3665694641385198,"Taucorr":0.6512009806047672},"Iteration":94},
{"Acceptance":[0.11884615384615385],"Energy":{"Mean":-9.36931545881521,"Sigma":0.8246357645624794,"Taucorr":0.538127490765451},"EnergyVariance":{"Mean":32.90198464137604,"Sigma":23.08957682233575,"Taucorr":0.4952074943407436},"Iteration":95},
{"Acceptance":[0.10846153846153846],"Energy":{"Mean":-9.722909731176541,"Sigma":0.49743183561027965,"Taucorr":0.2843606305248265},"EnergyVariance":{"Mean":15.374356907023943,"Sigma":5.949665343725122,"Taucorr":0.34353353043696555},"Iteration":96},
{"Acceptance":[0.1123076923076923],"Energy":{"Mean":-8.569369263767367,"Sigma":0.24715291121451682,"Taucorr":0.16749223620747744},"EnergyVariance":{"Mean":4.637674194240757,"Sigma":1.8826117244633764,"Taucorr":0.03054352919224035},"Iteration":97},
{"Acceptance":[0.12115384615384615],"Energy":{"Mean":-9.423849584392183,"Sigma":0.3221276306877556,"Taucorr":0.1599199252202239},"EnergyVariance":{"Mean":8.186924533672887,"Sigma":3.7477118633422277,"Taucorr":0.2970670628401001},"Iteration":98},
{"Acceptance":[0.12615384615384614],"Energy":{"Mean":-9.399759879869682,"Sigma":0.3319903455542804,"Taucorr":0.23459925473822685},"EnergyVariance":{"Mean":7.9309309347003385,"Sigma":2.6672585076188833,"Taucorr":-0.0009594587860826675},"Iteration":99} 
]}
{"input": {"L": 12, "J": 1, "machine": {"type": "FFNN", "model": ["lncosh", 31, 2]}, "sampler": {"type": "MetropolisHop", "d_max": 5}, "optimizer": {"type": "AdaMax", "alpha": 0.001, "beta1": 0.9, "beta2": 0.999, "epscut": 1e-07}, "VMC": {"n_samples": 100, "discarded_samples": 100, "discarded_samples_on_init": 0, "target": "energy", "method": "Gd", "diag_shift": 0.01, "use_iterative": true, "use_cholesky": true}, "n_iter": 100}}
duration: -1.2478961944580078