{"Output": [
{"Acceptance":[0.81],"Energy":{"Mean":9.93586782197386,"Sigma":0.3340584808205758,"Taucorr":0.26202009847245966},"EnergyVariance":{"Mean":7.211358713724089,"Sigma":0.9578635667052723,"Taucorr":0.022506513849533394},"Iteration":0},
{"Acceptance":[0.7138461538461538],"Energy":{"Mean":9.101781266006011,"Sigma":0.1766890588328064,"Taucorr":-0.17295773736910186},"EnergyVariance":{"Mean":5.3876637602706285,"Sigma":0.5404585050642793,"Taucorr":-0.041151633643360164},"Iteration":1},
{"Acceptance":[0.7061538461538461],"Energy":{"Mean":8.750301064011719,"Sigma":0.30634919760611995,"Taucorr":0.07481889927058616},"EnergyVariance":{"Mean":9.638578973425941,"Sigma":1.0267165413156059,"Taucorr":0.10790725300723158},"Iteration":2},
{"Acceptance":[0.6388461538461538],"Energy":{"Mean":8.29711617312392,"Sigma":0.25706480528854514,"Taucorr":-0.1055946601194877},"EnergyVariance":{"Mean":10.525605882429296,"Sigma":1.3319864123763703,"Taucorr":0.15196990887118167},"Iteration":3},
{"Acceptance":[0.583076923076923],"Energy":{"Mean":7.164652098907013,"Sigma":0.2980973820390361,"Taucorr":0.17917325029492215},"EnergyVariance":{"Mean":10.132941872090276,"Sigma":1.0584822047146498,"Taucorr":-0.10461060494048141},"Iteration":4},
{"Acceptance":[0.5223076923076924],"Energy":{"Mean":6.08380764333673,"Sigma":0.2968828570046126,"Taucorr":0.15634281577948828},"EnergyVariance":{"Mean":10.986721874459986,"Sigma":1.2273254499073176,"Taucorr":0.16219794007731347},"Iteration":5},
{"Acceptance":[0.5015384615384615],"Energy":{"Mean":5.300180362594857,"Sigma":0.3319815350763356,"Taucorr":0.20100729461898892},"EnergyVariance":{"Mean":13.92659320717737,"Sigma":1.369370559365131,"Taucorr":0.14620120688121696},"Iteration":6},
{"Acceptance":[0.43961538461538463],"Energy":{"Mean":4.215611086943298,"Sigma":0.41331899835087715,"Taucorr":0.48931383291648967},"EnergyVariance":{"Mean":16.404813641826276,"Sigma":1.9332654639045883,"Taucorr":0.10004023304829679},"Iteration":7},
{"Acceptance":[0.4280769230769231],"Energy":{"Mean":3.4093172783246968,"Sigma":0.3329753603587345,"Taucorr":0.16035755138039742},"EnergyVariance":{"Mean":14.450863156254984,"Sigma":2.265619195403938,"Taucorr":0.07555844705420967},"Iteration":8},
{"Acceptance":[0.3923076923076923],"Energy":{"Mean":3.493692052386686,"Sigma":0.43672182574546076,"Taucorr":0.5273394583418778},"EnergyVariance":{"Mean":18.341994523119997,"Sigma":1.9272798673345124,"Taucorr":0.10300294395600806},"Iteration":9},
{"Acceptance":[0.3546153846153846],"Energy":{"Mean":1.785910881795607,"Sigma":0.31390322229135054,"Taucorr":0.3589618711384359},"EnergyVariance":{"Mean":10.556767772774714,"Sigma":1.287009518234049,"Taucorr":-0.06344115890246299},"Iteration":10},
{"Acceptance":[0.3253846153846154],"Energy":{"Mean":2.426129889507467,"Sigma":0.3784085056291342,"Taucorr":0.3959669240804947},"EnergyVariance":{"Mean":21.509516210476136,"Sigma":4.027195356323313,"Taucorr":0.3155631364934477},"Iteration":11},
{"Acceptance":[0.2853846153846154],"Energy":{"Mean":0.6070400688568606,"Sigma":0.28496766874692975,"Taucorr":0.3142968010092343},"EnergyVariance":{"Mean":16.192855225199356,"Sigma":2.565604842463647,"Taucorr":0.17592239102505403},"Iteration":12},
{"Acceptance":[0.2611538461538462],"Energy":{"Mean":-0.6150694121260278,"Sigma":0.3239522640519869,"Taucorr":0.5352531102931439},"EnergyVariance":{"Mean":11.84363970925579,"Sigma":2.498966859720095,"Taucorr":0.4558314718824912},"Iteration":13},
{"Acceptance":[0.26153846153846155],"Energy":{"Mean":-0.584486724856774,"Sigma":0.3652379344948244,"Taucorr":0.6731090934824677},"EnergyVariance":{"Mean":19.56242162681099,"Sigma":3.870447169522761,"Taucorr":0.6007168379116967},"Iteration":14},
{"Acceptance":[0.24576923076923077],"Energy":{"Mean":-1.2291797848112045,"Sigma":0.39557105840420204,"Taucorr":0.9123313848506471},"EnergyVariance":{"Mean":16.673506072328813,"Sigma":4.470080607304167,"Taucorr":0.385696744931159},"Iteration":15},
{"Acceptance":[0.23346153846153847],"Energy":{"Mean":-1.9694133341651785,"Sigma":0.20297248382326952,"Taucorr":0.10739505887868661},"EnergyVariance":{"Mean":14.757362130923214,"Sigma":2.7981845243052867,"Taucorr":-0.02306095771599259},"Iteration":16},
{"Acceptance":[0.19115384615384615],"Energy":{"Mean":-2.3289001929615143,"Sigma":0.2029680169335935,"Taucorr":0.18181026041889192},"EnergyVariance":{"Mean":17.920520821038835,"Sigma":8.362552419200444,"Taucorr":0.6028764274316858},"Iteration":17},
{"Acceptance":[0.1930769230769231],"Energy":{"Mean":-2.750935620474335,"Sigma":0.25823959483953585,"Taucorr":0.6060280148448642},"EnergyVariance":{"Mean":11.860030071195375,"Sigma":2.674137396847623,"Taucorr":-0.03780725657370637},"Iteration":18},
{"Acceptance":[0.1823076923076923],"Energy":{"Mean":-2.9939713510925374,"Sigma":0.20788359870913925,"Taucorr":0.23875355654110764},"EnergyVariance":{"Mean":14.508990563973203,"Sigma":3.969699500549135,"Taucorr":0.12382092660707189},"Iteration":19},
{"Acceptance":[0.1676923076923077],"Energy":{"Mean":-3.512604468372096,"Sigma":0.15891726344122162,"Taucorr":0.20056231395612345},"EnergyVariance":{"Mean":9.793697530014619,"Sigma":2.7301080752240052,"Taucorr":0.09925783229299312},"Iteration":20},
{"Acceptance":[0.17884615384615385],"Energy":{"Mean":-3.292991449186857,"Sigma":0.19086915738752294,"Taucorr":0.2323739140587493},"EnergyVariance":{"Mean":6.569346952908483,"Sigma":1.4009712888712547,"Taucorr":0.03680519251225878},"Iteration":21},
{"Acceptance":[0.18153846153846154],"Energy":{"Mean":-3.871321239725102,"Sigma":0.32249665748022127,"Taucorr":0.7065103037835812},"EnergyVariance":{"Mean":12.14796286767673,"Sigma":3.901266541145643,"Taucorr":0.49251072662530826},"Iteration":22},
{"Acceptance":[0.1476923076923077],"Energy":{"Mean":-3.778065206409407,"Sigma":0.28774587202314506,"Taucorr":0.6716133575401628},"EnergyVariance":{"Mean":7.610475002727418,"Sigma":2.9221986476269683,"Taucorr":0.42567362019560195},"Iteration":23},
{"Acceptance":[0.15538461538461537],"Energy":{"Mean":-3.746539158014357,"Sigma":0.42379555182333106,"Taucorr":0.3381349368681824},"EnergyVariance":{"Mean":19.66239855013708,"Sigma":5.861482801098767,"Taucorr":0.710228105719801},"Iteration":24},
{"Acceptance":[0.15346153846153845],"Energy":{"Mean":-3.9661914626326453,"Sigma":0.2803871265690979,"Taucorr":0.07672841286922472},"EnergyVariance":{"Mean":17.800924645995508,"Sigma":6.174974842296507,"Taucorr":0.1130298393473066},"Iteration":25},
{"Acceptance":[0.13230769230769232],"Energy":{"Mean":-4.074323839350595,"Sigma":0.2570656001695966,"Taucorr":0.6949514963847023},"EnergyVariance":{"Mean":6.252965705702451,"Sigma":2.6010656569158956,"Taucorr":0.8919757427373884},"Iteration":26},
{"Acceptance":[0.14961538461538462],"Energy":{"Mean":-4.116399459817035,"Sigma":0.24827427084790157,"Taucorr":0.31682788332526846},"EnergyVariance":{"Mean":7.620593371610531,"Sigma":2.412934210061218,"Taucorr":0.06844957338613888},"Iteration":27},
{"Acceptance":[0.14692307692307693],"Energy":{"Mean":-4.055805679698185,"Sigma":0.20726943754299051,"Taucorr":0.36367360139816873},"EnergyVariance":{"Mean":3.8555530073518933,"Sigma":1.3009968454623924,"Taucorr":0.7427796355128955},"Iteration":28},
{"Acceptance":[0.13615384615384615],"Energy":{"Mean":-4.705447652205956,"Sigma":0.1922915659037574,"Taucorr":0.2962916881523143},"EnergyVariance":{"Mean":3.6424641923567176,"Sigma":1.1697270080450153,"Taucorr":0.13924675333784198},"Iteration":29},
{"Acceptance":[0.15153846153846154],"Energy":{"Mean":-4.818855864090853,"Sigma":0.3768816289193241,"Taucorr":0.6313852742221282},"EnergyVariance":{"Mean":7.502395994779205,"Sigma":4.6881784061714855,"Taucorr":0.4441423197870781},"Iteration":30},
{"Acceptance":[0.13115384615384615],"Energy":{"Mean":-4.687975652143816,"Sigma":0.42701659933176667,"Taucorr":0.7982004074514655},"EnergyVariance":{"Mean":8.231600404014356,"Sigma":5.396514802570481,"Taucorr":0.969192801069028},"Iteration":31},
{"Acceptance":[0.16346153846153846],"Energy":{"Mean":-5.219798663055899,"Sigma":0.36219171068473976,"Taucorr":0.3782497290555523},"EnergyVariance":{"Mean":11.302173632443779,"Sigma":3.499829238718089,"Taucorr":0.15608326293577557},"Iteration":32},
{"Acceptance":[0.1803846153846154],"Energy":{"Mean":-4.924074882715786,"Sigma":0.6411713694081018,"Taucorr":0.6044390038060528},"EnergyVariance":{"Mean":28.221594763747085,"Sigma":15.615811704046171,"Taucorr":0.6451261493829596},"Iteration":33},
{"Acceptance":[0.1523076923076923],"Energy":{"Mean":-4.858868585624594,"Sigma":0.19049363382063006,"Taucorr":0.2858173195111774},"EnergyVariance":{"Mean":2.770050452457759,"Sigma":0.9598640528221052,"Taucorr":0.322974561201152},"Iteration":34},
{"Acceptance":[0.14653846153846153],"Energy":{"Mean":-5.122765212903226,"Sigma":0.305166307375198,"Taucorr":0.2764797251032538},"EnergyVariance":{"Mean":8.55879227590702,"Sigma":3.041942122867887,"Taucorr":0.47588194617413904},"Iteration":35},
{"Acceptance":[0.1473076923076923],"Energy":{"Mean":-5.110824974299787,"Sigma":0.26169090776878723,"Taucorr":0.16756710626595805},"EnergyVariance":{"Mean":6.374877812213812,"Sigma":2.172066954520285,"Taucorr":0.059127638279107275},"Iteration":36},
{"Acceptance":[0.14846153846153845],"Energy":{"Mean":-5.942691224019015,"Sigma":0.43616510760023397,"Taucorr":0.5910721314638001},"EnergyVariance":{"Mean":11.7393323071061,"Sigma":4.026036684952461,"Taucorr":0.7241184227260953},"Iteration":37},
{"Acceptance":[0.15076923076923077],"Energy":{"Mean":-4.88202466340204,"Sigma":0.19273394287419376,"Taucorr":-0.10574056541198035},"EnergyVariance":{"Mean":5.088239825516131,"Sigma":2.0927648013515685,"Taucorr":0.10621918426886534},"Iteration":38},
{"Acceptance":[0.15846153846153846],"Energy":{"Mean":-5.70975932039737,"Sigma":0.25598943816993625,"Taucorr":0.0051748722551562265},"EnergyVariance":{"Mean":7.130689958760187,"Sigma":1.7319292090932714,"Taucorr":0.017438596006295715},"Iteration":39},
{"Acceptance":[0.18115384615384617],"Energy":{"Mean":-6.667206247765604,"Sigma":0.8180708630647316,"Taucorr":1.0284943587796564},"EnergyVariance":{"Mean":26.231489537025304,"Sigma":14.495791701309546,"Taucorr":0.8450705632147055},"Iteration":40},
{"Acceptance":[0.15115384615384617],"Energy":{"Mean":-5.269910603816728,"Sigma":0.3125914826093543,"Taucorr":-0.0600985231982647},"EnergyVariance":{"Mean":12.592009131845419,"Sigma":7.2480963979636615,"Taucorr":0.009427404363860137},"Iteration":41},
{"Acceptance":[0.17461538461538462],"Energy":{"Mean":-5.455256102284635,"Sigma":0.2546308222032003,"Taucorr":0.14082753369849788},"EnergyVariance":{"Mean":5.453774319591254,"Sigma":1.6547671260351606,"Taucorr":0.001614363726030521},"Iteration":42},
{"Acceptance":[0.15846153846153846],"Energy":{"Mean":-5.903586116222384,"Sigma":0.20198135932193542,"Taucorr":-0.21792949575030535},"EnergyVariance":{"Mean":9.125962963384122,"Sigma":3.769657332997219,"Taucorr":0.2566612647479706},"Iteration":43},
{"Acceptance":[0.16192307692307692],"Energy":{"Mean":-5.572826669098743,"Sigma":0.2746392501900974,"Taucorr":0.06067209725638212},"EnergyVariance":{"Mean":8.052721004535107,"Sigma":3.45707136396297,"Taucorr":-0.009909659316449881},"Iteration":44},
{"Acceptance":[0.15307692307692308],"Energy":{"Mean":-5.579353290500443,"Sigma":0.3280761091418135,"Taucorr":0.09389327078237142},"EnergyVariance":{"Mean":9.491441469817266,"Sigma":3.126360411596122,"Taucorr":0.08417771092659487},"Iteration":45},
{"Acceptance":[0.1626923076923077],"Energy":{"Mean":-5.1251221001647504,"Sigma":0.3936389510630474,"Taucorr":0.4074813007880479},"EnergyVariance":{"Mean":9.06832595076015,"Sigma":2.859248724179311,"Taucorr":0.09787239762630484},"Iteration":46},
{"Acceptance":[0.18346153846153845],"Energy":{"Mean":-5.9241401823316115,"Sigma":0.18907513309292773,"Taucorr":0.27639158733162617},"EnergyVariance":{"Mean":2.4786395589785117,"Sigma":0.49649462754158874,"Taucorr":0.10964132255867376},"Iteration":47},
{"Acceptance":[0.1853846153846154],"Energy":{"Mean":-6.03475643096103,"Sigma":0.3852713045766848,"Taucorr":0.12581847781187083},"EnergyVariance":{"Mean":11.836146888620084,"Sigma":4.052891102126174,"Taucorr":0.372059738708146},"Iteration":48},
{"Acceptance":[0.20653846153846153],"Energy":{"Mean":-6.113235541905543,"Sigma":0.38150905126242435,"Taucorr":0.3631013181449636},"EnergyVariance":{"Mean":8.366521038610193,"Sigma":2.6144188880118397,"Taucorr":0.458098370768211},"Iteration":49},
{"Acceptance":[0.20076923076923076],"Energy":{"Mean":-5.5242827984280805,"Sigma":0.29068987635687543,"Taucorr":0.17709846692122022},"EnergyVariance":{"Mean":6.095158007343809,"Sigma":1.7859897904893025,"Taucorr":0.07921492596985291},"Iteration":50},
{"Acceptance":[0.17884615384615385],"Energy":{"Mean":-6.829614189247019,"Sigma":0.4276082775657326,"Taucorr":0.39854069182447616},"EnergyVariance":{"Mean":10.01649661231313,"Sigma":3.5663008207513953,"Taucorr":0.558640095357188},"Iteration":51},
{"Acceptance":[0.18153846153846154],"Energy":{"Mean":-6.72204392492487,"Sigma":0.4009695728512709,"Taucorr":0.406999717805273},"EnergyVariance":{"Mean":9.045193949965634,"Sigma":4.735825655675608,"Taucorr":0.46138958829192156},"Iteration":52},
{"Acceptance":[0.20692307692307693],"Energy":{"Mean":-6.209433073468532,"Sigma":0.26794081211703696,"Taucorr":0.24572566292485387},"EnergyVariance":{"Mean":4.865525586650809,"Sigma":1.4888238463792953,"Taucorr":0.1655551094185862},"Iteration":53},
{"Acceptance":[0.1996153846153846],"Energy":{"Mean":-5.974177290097069,"Sigma":0.2476198480961612,"Taucorr":0.2276433617103112},"EnergyVariance":{"Mean":4.482233182079409,"Sigma":0.6771638860033713,"Taucorr":0.0861875859856156},"Iteration":54},
{"Acceptance":[0.20307692307692307],"Energy":{"Mean":-6.550116004283287,"Sigma":0.31164088255613165,"Taucorr":0.21612102861874571},"EnergyVariance":{"Mean":6.736688671516383,"Sigma":1.9527136521775506,"Taucorr":-0.04702995993845033},"Iteration":55},
{"Acceptance":[0.21576923076923077],"Energy":{"Mean":-6.747327987071602,"Sigma":0.27814346987636657,"Taucorr":-0.14606653244508672},"EnergyVariance":{"Mean":10.701423577786814,"Sigma":3.227047968899528,"Taucorr":0.08845326628306349},"Iteration":56},
{"Acceptance":[0.20307692307692307],"Energy":{"Mean":-6.623348508186556,"Sigma":0.29803101707677265,"Taucorr":-0.06792333895978958},"EnergyVariance":{"Mean":11.952721670521385,"Sigma":3.4803535428848646,"Taucorr":-0.0564484028941174},"Iteration":57},
{"Acceptance":[0.23423076923076924],"Energy":{"Mean":-6.230364818634127,"Sigma":0.28975021971690473,"Taucorr":0.15394247081541934},"EnergyVariance":{"Mean":6.623994460940867,"Sigma":1.7893003043148918,"Taucorr":0.018450630420431713},"Iteration":58},
{"Acceptance":[0.21615384615384614],"Energy":{"Mean":-7.022976091947145,"Sigma":0.28210385040234115,"Taucorr":0.13392695566304835},"EnergyVariance":{"Mean":6.7262504468348965,"Sigma":2.236279727183481,"Taucorr":-0.05092303567307499},"Iteration":59},
{"Acceptance":[0.2273076923076923],"Energy":{"Mean":-5.822881780521824,"Sigma":0.43981184514680605,"Taucorr":0.4836534594511185},"EnergyVariance":{"Mean":10.26046878329988,"Sigma":3.5264065534936435,"Taucorr":0.5974124929079347},"Iteration":60},
{"Acceptance":[0.21192307692307694],"Energy":{"Mean":-6.978478831762597,"Sigma":0.34424831993841115,"Taucorr":0.33908925007747515},"EnergyVariance":{"Mean":6.853091468283832,"Sigma":2.079964485561314,"Taucorr":0.33134990809379916},"Iteration":61},
{"Acceptance":[0.25576923076923075],"Energy":{"Mean":-6.454999055107478,"Sigma":0.5272968505384674,"Taucorr":0.3530566697373233},"EnergyVariance":{"Mean":17.646216003420594,"Sigma":4.49714874868913,"Taucorr":0.38048499510434675},"Iteration":62},
{"Acceptance":[0.24346153846153845],"Energy":{"Mean":-7.375463370155868,"Sigma":0.2892670858452823,"Taucorr":0.13745952661288507},"EnergyVariance":{"Mean":6.684806147262917,"Sigma":1.1236075715938167,"Taucorr":-0.004991676910242437},"Iteration":63},
{"Acceptance":[0.2642307692307692],"Energy":{"Mean":-7.336758238896445,"Sigma":0.37452626834501174,"Taucorr":0.11358341456677712},"EnergyVariance":{"Mean":11.337935933711844,"Sigma":3.139763985537824,"Taucorr":0.13100862610638375},"Iteration":64},
{"Acceptance":[0.2423076923076923],"Energy":{"Mean":-7.730716512655619,"Sigma":0.3471701111628577,"Taucorr":0.02124881022778191},"EnergyVariance":{"Mean":11.257465464354507,"Sigma":1.183695429998481,"Taucorr":-0.16081788569098432},"Iteration":65},
{"Acceptance":[0.26461538461538464],"Energy":{"Mean":-7.747313452930963,"Sigma":0.39032366343346553,"Taucorr":0.31395649299568995},"EnergyVariance":{"Mean":10.582495860815147,"Sigma":2.959012198368756,"Taucorr":-0.0071598225020846895},"Iteration":66},
{"Acceptance":[0.2523076923076923],"Energy":{"Mean":-6.824469467534126,"Sigma":0.31255670892183285,"Taucorr":0.03041662906723086},"EnergyVariance":{"Mean":9.430670008461204,"Sigma":1.5122934962046577,"Taucorr":0.0990273675226151},"Iteration":67},
{"Acceptance":[0.2653846153846154],"Energy":{"Mean":-7.394848214021344,"Sigma":0.34980059780344114,"Taucorr":0.2546614132593783},"EnergyVariance":{"Mean":8.204783937216247,"Sigma":1.5937971643712439,"Taucorr":0.19941443341185805},"Iteration":68},
{"Acceptance":[0.2473076923076923],"Energy":{"Mean":-7.531414704806357,"Sigma":0.31354123045030496,"Taucorr":0.14816770578753535},"EnergyVariance":{"Mean":7.841041996498657,"Sigma":2.734357234312205,"Taucorr":0.10524433153334467},"Iteration":69},
{"Acceptance":[0.2734615384615385],"Energy":{"Mean":-8.240515778768831,"Sigma":0.34776444417683783,"Taucorr":0.0820699549919709},"EnergyVariance":{"Mean":10.731992665260845,"Sigma":2.790879082256767,"Taucorr":-0.03985218242630967},"Iteration":70},
{"Acceptance":[0.2923076923076923],"Energy":{"Mean":-7.398078632261785,"Sigma":0.28435431819743706,"Taucorr":0.06705824859971443},"EnergyVariance":{"Mean":7.752413293592815,"Sigma":1.380774011779256,"Taucorr":0.0663210829057661},"Iteration":71},
{"Acceptance":[0.2846153846153846],"Energy":{"Mean":-8.364427560167787,"Sigma":0.3888404765226282,"Taucorr":0.2980307642527342},"EnergyVariance":{"Mean":9.1937947797084,"Sigma":1.642083628482261,"Taucorr":0.04492523726316222},"Iteration":72},
{"Acceptance":[0.2857692307692308],"Energy":{"Mean":-7.621460420770938,"Sigma":0.28962796971869953,"Taucorr":0.05927305870896449},"EnergyVariance":{"Mean":8.452257669174479,"Sigma":1.337653514045816,"Taucorr":0.22932322225045731},"Iteration":73},
{"Acceptance":[0.27384615384615385],"Energy":{"Mean":-7.777483233835286,"Sigma":0.3376015003626383,"Taucorr":0.2148297054930619},"EnergyVariance":{"Mean":8.286144804295635,"Sigma":1.3186708979118253,"Taucorr":0.1198052387909967},"Iteration":74},
{"Acceptance":[0.2846153846153846],"Energy":{"Mean":-8.377242319023853,"Sigma":0.5642370639118989,"Taucorr":0.05606012420145745},"EnergyVariance":{"Mean":31.526134697827885,"Sigma":16.336361037922416,"Taucorr":0.2802189506207673},"Iteration":75},
{"Acceptance":[0.26692307692307693],"Energy":{"Mean":-8.095517906655598,"Sigma":0.28220204888330547,"Taucorr":0.3221156173654821},"EnergyVariance":{"Mean":4.659143820658552,"Sigma":0.7736602773783066,"Taucorr":0.11206367864264521},"Iteration":76},
{"Acceptance":[0.285],"Energy":{"Mean":-8.603021841157695,"Sigma":0.25689480447241786,"Taucorr":0.11030411458162637},"EnergyVariance":{"Mean":5.883113871152894,"Sigma":0.8648039947303228,"Taucorr":-0.030941190554973574},"Iteration":77},
{"Acceptance":[0.2803846153846154],"Energy":{"Mean":-8.052427955156752,"Sigma":0.35779207584103284,"Taucorr":0.29370728724598194},"EnergyVariance":{"Mean":8.216306299697758,"Sigma":1.6641770857304277,"Taucorr":0.0036745716920905114},"Iteration":78},
{"Acceptance":[0.2876923076923077],"Energy":{"Mean":-8.897581149222166,"Sigma":0.40983294472842197,"Taucorr":0.5164824412360347},"EnergyVariance":{"Mean":9.298979398126615,"Sigma":2.39889328268678,"Taucorr":-0.003201802245918872},"Iteration":79},
{"Acceptance":[0.2676923076923077],"Energy":{"Mean":-8.923418811777317,"Sigma":0.402337902793323,"Taucorr":0.16071757456457592},"EnergyVariance":{"Mean":12.25768296239021,"Sigma":2.4371597763695214,"Taucorr":0.017438387480210316},"Iteration":80},
{"Acceptance":[0.2957692307692308],"Energy":{"Mean":-8.884998403627124,"Sigma":0.33154652988092237,"Taucorr":0.11653165044973324},"EnergyVariance":{"Mean":9.294910495182837,"Sigma":3.4589479396124756,"Taucorr":0.026543551388273023},"Iteration":81},
{"Acceptance":[0.2896153846153846],"Energy":{"Mean":-9.064974599017212,"Sigma":0.35982823925717955,"Taucorr":0.2896989371087214},"EnergyVariance":{"Mean":8.639893310258834,"Sigma":1.835576987240871,"Taucorr":0.23732198157263829},"Iteration":82},
{"Acceptance":[0.2792307692307692],"Energy":{"Mean":-8.625086228463369,"Sigma":0.2892151666611341,"Taucorr":0.30924480287759937},"EnergyVariance":{"Mean":6.980012814080785,"Sigma":1.1650429828626854,"Taucorr":0.08631744643498762},"Iteration":83},
{"Acceptance":[0.2569230769230769],"Energy":{"Mean":-8.820408344823162,"Sigma":0.25151044042475756,"Taucorr":-0.045887264478540135},"EnergyVariance":{"Mean":7.101153354082204,"Sigma":1.2548836357446962,"Taucorr":0.1629418993262315},"Iteration":84},
{"Acceptance":[0.26653846153846156],"Energy":{"Mean":-8.591005294603184,"Sigma":0.32573262321028884,"Taucorr":0.19963813226600624},"EnergyVariance":{"Mean":7.557889230695743,"Sigma":1.7020326881480303,"Taucorr":-0.013045155957324528},"Iteration":85},
{"Acceptance":[0.27192307692307693],"Energy":{"Mean":-8.605054844108487,"Sigma":0.3048736181574929,"Taucorr":0.15879078555206527},"EnergyVariance":{"Mean":6.739081533037712,"Sigma":1.4629770869774028,"Taucorr":0.3189288708156234},"Iteration":86},
{"Acceptance":[0.2592307692307692],"Energy":{"Mean":-9.034503491129968,"Sigma":0.43603896101345374,"Taucorr":0.07105473824127007},"EnergyVariance":{"Mean":22.9852531655037,"Sigma":9.767327517123254,"Taucorr":0.2775024842557253},"Iteration":87},
{"Acceptance":[0.28076923076923077],"Energy":{"Mean":-9.14330974952544,"Sigma":0.45962552879951,"Taucorr":0.2625317906565424},"EnergyVariance":{"Mean":13.93619982619049,"Sigma":5.612231751964131,"Taucorr":-0.03351567514243026},"Iteration":88},
{"Acceptance":[0.27153846153846156],"Energy":{"Mean":-9.180748304978266,"Sigma":0.3612780135779188,"Taucorr":0.23204948243675239},"EnergyVariance":{"Mean":9.971413249135853,"Sigma":2.14608079139344,"Taucorr":-0.03335305325046556},"Iteration":89},
{"Acceptance":[0.2553846153846154],"Energy":{"Mean":-8.682972148768464,"Sigma":0.36753353571155334,"Taucorr":0.4305494138730461},"EnergyVariance":{"Mean":7.67493275565798,"Sigma":2.1425931190988035,"Taucorr":0.9098507130816482},"Iteration":90},
{"Acceptance":[0.2453846153846154],"Energy":{"Mean":-9.359508115230234,"Sigma":0.32538539525671584,"Taucorr":0.1506403390627552},"EnergyVariance":{"Mean":8.594040345478076,"Sigma":1.5594687710343131,"Taucorr":0.04586147978421484},"Iteration":91},
{"Acceptance":[0.235],"Energy":{"Mean":-9.245556737701262,"Sigma":0.27881376649833,"Taucorr":-0.02977253213313996},"EnergyVariance":{"Mean":8.767627581373109,"Sigma":1.7769139033455756,"Taucorr":0.11242261918451302},"Iteration":92},
{"Acceptance":[0.2323076923076923],"Energy":{"Mean":-9.196372043760261,"Sigma":0.33816607482968464,"Taucorr":-0.07100816844858543},"EnergyVariance":{"Mean":12.879190129602854,"Sigma":5.3986017407487505,"Taucorr":-0.03396594700326977},"Iteration":93},
{"Acceptance":[0.25],"Energy":{"Mean":-9.244887239306191,"Sigma":0.4163452188481275,"Taucorr":0.13690542813076623},"EnergyVariance":{"Mean":19.446771273516894,"Sigma":5.930504901656768,"Taucorr":-0.013186634060756597},"Iteration":94},
{"Acceptance":[0.24423076923076922],"Energy":{"Mean":-9.626694095423515,"Sigma":0.5250075209523463,"Taucorr":0.3927261072827253},"EnergyVariance":{"Mean":16.7080151563465,"Sigma":6.285284648035539,"Taucorr":0.06521680891444914},"Iteration":95},
{"Acceptance":[0.22192307692307692],"Energy":{"Mean":-9.077109397175706,"Sigma":0.30262753776055135,"Taucorr":0.053099118339793416},"EnergyVariance":{"Mean":7.89373468001104,"Sigma":1.4720740385259126,"Taucorr":0.02390511074843238},"Iteration":96},
{"Acceptance":[0.2326923076923077],"Energy":{"Mean":-9.528179622335367,"Sigma":0.32370962154407634,"Taucorr":0.25445073536337226},"EnergyVariance":{"Mean":6.652051396723305,"Sigma":1.5730785472684186,"Taucorr":0.22592054689388796},"Iteration":97},
{"Acceptance":[0.22615384615384615],"Energy":{"Mean":-8.764378307494493,"Sigma":0.33142851046639915,"Taucorr":0.15065630263821284},"EnergyVariance":{"Mean":8.08114562495709,"Sigma":1.5233858531773898,"Taucorr":0.2638183336902131},"Iteration":98},
{"Acceptance":[0.20307692307692307],"Energy":{"Mean":-9.577176692185231,"Sigma":0.22056662589828283,"Taucorr":-0.15346059477999435},"EnergyVariance":{"Mean":10.667494888982922,"Sigma":4.251897780712995,"Taucorr":-0.02610759462497292},"Iteration":99} 
]}
{"input": {"L": 12, "J": 1, "machine": {"type": "FFNN", "model": ["lncosh", 39, 1]}, "sampler": {"type": "MetropolisHop", "d_max": 5}, "optimizer": {"type": "AdaMax", "alpha": 0.001, "beta1": 0.9, "beta2": 0.999, "epscut": 1e-07}, "VMC": {"n_samples": 100, "discarded_samples": 100, "discarded_samples_on_init": 0, "target": "energy", "method": "Gd", "diag_shift": 0.01, "use_iterative": true, "use_cholesky": true}, "n_iter": 100}}
duration: -0.5383622646331787