{"Output": [
{"Acceptance":[0.9094444444444445],"Energy":{"Mean":7.266733994938713,"Sigma":0.21556402275604605,"Taucorr":0.18987577721398596},"EnergyVariance":{"Mean":3.2707207582800715,"Sigma":0.3824834707842182,"Taucorr":-0.046699775871202776},"Iteration":0},
{"Acceptance":[0.8705555555555555],"Energy":{"Mean":7.366757213301662,"Sigma":0.26672566529860503,"Taucorr":0.2176908098214706},"EnergyVariance":{"Mean":4.928204386066248,"Sigma":0.5356245614449909,"Taucorr":-0.05688230096889069},"Iteration":1},
{"Acceptance":[0.8283333333333334],"Energy":{"Mean":6.49467666994311,"Sigma":0.26937439557227266,"Taucorr":0.164098684941273},"EnergyVariance":{"Mean":5.419372858594004,"Sigma":0.716304430710931,"Taucorr":0.07194368620317582},"Iteration":2},
{"Acceptance":[0.8083333333333333],"Energy":{"Mean":6.956381516893276,"Sigma":0.23148470711341043,"Taucorr":-0.06267965392942709},"EnergyVariance":{"Mean":6.175140601426063,"Sigma":0.7588854283370096,"Taucorr":-0.09827812391875512},"Iteration":3},
{"Acceptance":[0.7838888888888889],"Energy":{"Mean":6.678384920678349,"Sigma":0.24583378519607055,"Taucorr":0.029362026516931317},"EnergyVariance":{"Mean":5.9470066770567085,"Sigma":0.6256906738220617,"Taucorr":-0.08129529911128341},"Iteration":4},
{"Acceptance":[0.7622222222222222],"Energy":{"Mean":6.3634112809696255,"Sigma":0.23085920053466794,"Taucorr":-0.07639466094515718},"EnergyVariance":{"Mean":6.807346859283481,"Sigma":1.1162829033892747,"Taucorr":-0.09685685205937783},"Iteration":5},
{"Acceptance":[0.7194444444444444],"Energy":{"Mean":5.696751757076819,"Sigma":0.33995096998802254,"Taucorr":0.24632924725943894},"EnergyVariance":{"Mean":8.367150892261948,"Sigma":0.8448613178825641,"Taucorr":-0.1070886969115869},"Iteration":6},
{"Acceptance":[0.7272222222222222],"Energy":{"Mean":5.516966811529566,"Sigma":0.29819668094976143,"Taucorr":0.08349434189262361},"EnergyVariance":{"Mean":8.497844611452686,"Sigma":0.909000192866382,"Taucorr":-0.12248724827837909},"Iteration":7},
{"Acceptance":[0.6738888888888889],"Energy":{"Mean":5.382972616698494,"Sigma":0.29716355458213034,"Taucorr":0.14578029615950838},"EnergyVariance":{"Mean":7.6972181396787995,"Sigma":0.824168515145488,"Taucorr":-0.12690258303958157},"Iteration":8},
{"Acceptance":[0.6438888888888888],"Energy":{"Mean":4.5365665726145465,"Sigma":0.32514326246764275,"Taucorr":0.1892519949270829},"EnergyVariance":{"Mean":8.638557791539178,"Sigma":1.1050239309807628,"Taucorr":-0.1120045440914279},"Iteration":9},
{"Acceptance":[0.6666666666666666],"Energy":{"Mean":5.7203977866363305,"Sigma":0.28315335381502627,"Taucorr":0.08785622404420002},"EnergyVariance":{"Mean":8.641404692979114,"Sigma":1.1472286802222942,"Taucorr":0.008087618833681365},"Iteration":10},
{"Acceptance":[0.6377777777777778],"Energy":{"Mean":4.489561412217304,"Sigma":0.3602372752399385,"Taucorr":0.3610373915571562},"EnergyVariance":{"Mean":9.355844185975341,"Sigma":1.2053554067723469,"Taucorr":0.16369152350416072},"Iteration":11},
{"Acceptance":[0.6355555555555555],"Energy":{"Mean":5.3552092957912745,"Sigma":0.2595855683482687,"Taucorr":-0.09352135857457711},"EnergyVariance":{"Mean":11.15140290094941,"Sigma":1.2204488131280358,"Taucorr":-0.08752709633937916},"Iteration":12},
{"Acceptance":[0.5766666666666667],"Energy":{"Mean":4.619564170111167,"Sigma":0.404904640243136,"Taucorr":0.3276055483422875},"EnergyVariance":{"Mean":12.584165198076064,"Sigma":1.8368604571628426,"Taucorr":0.09584574637234844},"Iteration":13},
{"Acceptance":[0.5666666666666667],"Energy":{"Mean":4.214042805565768,"Sigma":0.3850998866253938,"Taucorr":0.4114334774442001},"EnergyVariance":{"Mean":10.664339993072314,"Sigma":1.363523755389919,"Taucorr":0.11112104586069416},"Iteration":14},
{"Acceptance":[0.5533333333333333],"Energy":{"Mean":4.008094241467379,"Sigma":0.3151548157228331,"Taucorr":0.011781982604205377},"EnergyVariance":{"Mean":12.328621455262374,"Sigma":1.6788096985406624,"Taucorr":-0.06944306701271652},"Iteration":15},
{"Acceptance":[0.5444444444444444],"Energy":{"Mean":3.2839070236602144,"Sigma":0.3313984488124933,"Taucorr":0.1404801009952794},"EnergyVariance":{"Mean":12.030461634838911,"Sigma":1.585642124594331,"Taucorr":-0.11127042272858467},"Iteration":16},
{"Acceptance":[0.5072222222222222],"Energy":{"Mean":2.4919358616749303,"Sigma":0.33732482958617593,"Taucorr":0.16309074242966126},"EnergyVariance":{"Mean":11.865412543270619,"Sigma":1.1957506872391908,"Taucorr":-0.15865300548146877},"Iteration":17},
{"Acceptance":[0.47944444444444445],"Energy":{"Mean":3.059055036682994,"Sigma":0.447561663806255,"Taucorr":0.3184343470874441},"EnergyVariance":{"Mean":16.843744453181927,"Sigma":2.7296904100581405,"Taucorr":0.1048415981027786},"Iteration":18},
{"Acceptance":[0.47333333333333333],"Energy":{"Mean":1.947572151272667,"Sigma":0.2969677669792124,"Taucorr":0.036016621790824765},"EnergyVariance":{"Mean":11.224160242321286,"Sigma":1.7198558470552117,"Taucorr":0.05065697512761724},"Iteration":19},
{"Acceptance":[0.4688888888888889],"Energy":{"Mean":1.445716645962627,"Sigma":0.347484705445782,"Taucorr":0.1762094405535637},"EnergyVariance":{"Mean":12.727499913219422,"Sigma":1.6579924987117078,"Taucorr":0.06464956152822454},"Iteration":20},
{"Acceptance":[0.4305555555555556],"Energy":{"Mean":1.2352168829373993,"Sigma":0.32379806779789266,"Taucorr":0.14823988445239578},"EnergyVariance":{"Mean":12.338296369585741,"Sigma":1.4957056826588362,"Taucorr":0.14528679274974443},"Iteration":21},
{"Acceptance":[0.4461111111111111],"Energy":{"Mean":1.9968114210556036,"Sigma":0.44428434365653646,"Taucorr":0.3094338910072646},"EnergyVariance":{"Mean":19.066782090221846,"Sigma":3.4590422272611803,"Taucorr":0.15517134482053996},"Iteration":22},
{"Acceptance":[0.4083333333333333],"Energy":{"Mean":1.702017193012888,"Sigma":0.31266346532972594,"Taucorr":0.06575364978999676},"EnergyVariance":{"Mean":13.438679753613012,"Sigma":1.6765386264563886,"Taucorr":0.07703356176257126},"Iteration":23},
{"Acceptance":[0.3938888888888889],"Energy":{"Mean":1.0830077412912458,"Sigma":0.4446611769192234,"Taucorr":0.376754353164481},"EnergyVariance":{"Mean":19.062046513144765,"Sigma":4.1802758877466,"Taucorr":0.36148684625594096},"Iteration":24},
{"Acceptance":[0.36777777777777776],"Energy":{"Mean":-0.17299070494342994,"Sigma":0.5008164772271988,"Taucorr":0.48393779576212226},"EnergyVariance":{"Mean":17.841477394127324,"Sigma":2.1880801335019573,"Taucorr":-0.03707574182945206},"Iteration":25},
{"Acceptance":[0.37777777777777777],"Energy":{"Mean":0.0998672345461301,"Sigma":0.5003408715986067,"Taucorr":0.6565728088306295},"EnergyVariance":{"Mean":17.061709050096006,"Sigma":2.920224428261848,"Taucorr":0.3479040133079496},"Iteration":26},
{"Acceptance":[0.35555555555555557],"Energy":{"Mean":-0.24270454055170362,"Sigma":0.3855905140994231,"Taucorr":0.3335662313770751},"EnergyVariance":{"Mean":11.915250331968327,"Sigma":1.8987691283423074,"Taucorr":-0.07228449888501154},"Iteration":27},
{"Acceptance":[0.3705555555555556],"Energy":{"Mean":-0.5125786661930501,"Sigma":0.4494243049115708,"Taucorr":0.5834490428613608},"EnergyVariance":{"Mean":17.79475152538885,"Sigma":3.2749281737366536,"Taucorr":0.30517853895454616},"Iteration":28},
{"Acceptance":[0.3472222222222222],"Energy":{"Mean":-1.176998162203333,"Sigma":0.374208450558374,"Taucorr":0.4518241165208401},"EnergyVariance":{"Mean":13.324378154682197,"Sigma":2.1840332247496863,"Taucorr":0.3138090861912516},"Iteration":29},
{"Acceptance":[0.3011111111111111],"Energy":{"Mean":-2.359295385859161,"Sigma":0.3514305869636574,"Taucorr":0.30477898865759867},"EnergyVariance":{"Mean":13.510257038485063,"Sigma":1.491564583988357,"Taucorr":-0.11231489343557566},"Iteration":30},
{"Acceptance":[0.34555555555555556],"Energy":{"Mean":-1.0092448910916232,"Sigma":0.32790557901088563,"Taucorr":0.15634868379566091},"EnergyVariance":{"Mean":15.256086880659526,"Sigma":2.021120206664971,"Taucorr":-0.04273350098072559},"Iteration":31},
{"Acceptance":[0.2722222222222222],"Energy":{"Mean":-2.495980118707368,"Sigma":0.31110327695927836,"Taucorr":0.3682837953118835},"EnergyVariance":{"Mean":10.295460295272504,"Sigma":1.2236106357601995,"Taucorr":-0.017244356465001276},"Iteration":32},
{"Acceptance":[0.2783333333333333],"Energy":{"Mean":-2.450849549543849,"Sigma":0.29998459676399364,"Taucorr":0.08949156367669608},"EnergyVariance":{"Mean":12.4924965955035,"Sigma":2.1833410836300096,"Taucorr":0.0193984731840231},"Iteration":33},
{"Acceptance":[0.28],"Energy":{"Mean":-2.179290197717216,"Sigma":0.4311262703944692,"Taucorr":0.4599126650573726},"EnergyVariance":{"Mean":19.32520625342431,"Sigma":2.539662769787889,"Taucorr":0.008543443667516137},"Iteration":34},
{"Acceptance":[0.28555555555555556],"Energy":{"Mean":-2.4913101612637636,"Sigma":0.3510855415773487,"Taucorr":0.26192345355818036},"EnergyVariance":{"Mean":19.17319072215265,"Sigma":6.505360618896928,"Taucorr":0.11300302156206998},"Iteration":35},
{"Acceptance":[0.24888888888888888],"Energy":{"Mean":-2.085859081251929,"Sigma":0.41323853292354146,"Taucorr":0.592200753733763},"EnergyVariance":{"Mean":18.510681039823908,"Sigma":4.590080155298889,"Taucorr":0.3400718786981832},"Iteration":36},
{"Acceptance":[0.24722222222222223],"Energy":{"Mean":-3.106371219527094,"Sigma":0.3333023154532609,"Taucorr":0.5056406554510242},"EnergyVariance":{"Mean":12.205994292502343,"Sigma":2.4165661498580455,"Taucorr":0.2831699994108965},"Iteration":37},
{"Acceptance":[0.25222222222222224],"Energy":{"Mean":-3.5025621699940332,"Sigma":0.3530759927359497,"Taucorr":0.5904448815738026},"EnergyVariance":{"Mean":15.019531214395242,"Sigma":3.0058885131833857,"Taucorr":0.015307650809035733},"Iteration":38},
{"Acceptance":[0.23555555555555555],"Energy":{"Mean":-3.612064234355547,"Sigma":0.3137269054538254,"Taucorr":0.20583348313170724},"EnergyVariance":{"Mean":14.800843858118498,"Sigma":1.9384580826522035,"Taucorr":0.15941465216223516},"Iteration":39},
{"Acceptance":[0.19777777777777777],"Energy":{"Mean":-3.996361313048066,"Sigma":0.3667768095990246,"Taucorr":0.6453545968212824},"EnergyVariance":{"Mean":12.782181160651072,"Sigma":2.6011614124021722,"Taucorr":0.09035251463639182},"Iteration":40},
{"Acceptance":[0.22277777777777777],"Energy":{"Mean":-4.35474517595055,"Sigma":0.4508254862597074,"Taucorr":0.7754159167308379},"EnergyVariance":{"Mean":23.402865646593433,"Sigma":7.533701035307533,"Taucorr":0.329776456376758},"Iteration":41},
{"Acceptance":[0.2477777777777778],"Energy":{"Mean":-3.2554955519645556,"Sigma":0.27407658744213337,"Taucorr":0.14842923855487422},"EnergyVariance":{"Mean":19.166362133083716,"Sigma":4.159610743949507,"Taucorr":0.2402830828130973},"Iteration":42},
{"Acceptance":[0.23722222222222222],"Energy":{"Mean":-4.578432971784619,"Sigma":0.31961575547830773,"Taucorr":0.2977171191573822},"EnergyVariance":{"Mean":15.073497717738226,"Sigma":3.6109622782463693,"Taucorr":0.5610859371938444},"Iteration":43},
{"Acceptance":[0.2288888888888889],"Energy":{"Mean":-4.492297337558528,"Sigma":0.28411460013839157,"Taucorr":0.2897857224224024},"EnergyVariance":{"Mean":13.620400796896043,"Sigma":2.236715612563514,"Taucorr":0.15452703337691165},"Iteration":44},
{"Acceptance":[0.2038888888888889],"Energy":{"Mean":-4.636022345581508,"Sigma":0.32819322718726535,"Taucorr":0.3745690037328042},"EnergyVariance":{"Mean":20.24957911923443,"Sigma":4.416498138654232,"Taucorr":-0.02207031694471351},"Iteration":45},
{"Acceptance":[0.20777777777777778],"Energy":{"Mean":-4.932250977094582,"Sigma":0.33227061985743656,"Taucorr":0.4653211158914783},"EnergyVariance":{"Mean":12.683454275536732,"Sigma":2.0167419314107295,"Taucorr":0.061115968894682515},"Iteration":46},
{"Acceptance":[0.18166666666666667],"Energy":{"Mean":-5.858008129329984,"Sigma":0.29765401558635096,"Taucorr":0.5885938527857524},"EnergyVariance":{"Mean":10.178026303509247,"Sigma":2.486058620276396,"Taucorr":0.08948082054340023},"Iteration":47},
{"Acceptance":[0.19722222222222222],"Energy":{"Mean":-4.689666003239539,"Sigma":0.27954413405822254,"Taucorr":0.3723308276700985},"EnergyVariance":{"Mean":14.407852994152156,"Sigma":4.4051305400349845,"Taucorr":0.003007428138441459},"Iteration":48},
{"Acceptance":[0.1622222222222222],"Energy":{"Mean":-5.519635020413382,"Sigma":0.3037307378292932,"Taucorr":0.5635319783464017},"EnergyVariance":{"Mean":11.918628637493425,"Sigma":3.707044671558183,"Taucorr":0.4311740354448438},"Iteration":49},
{"Acceptance":[0.17444444444444446],"Energy":{"Mean":-5.191890058998762,"Sigma":0.3295508116529233,"Taucorr":0.5479026421610516},"EnergyVariance":{"Mean":14.695519383122193,"Sigma":4.0677288181225855,"Taucorr":0.42278448110325106},"Iteration":50},
{"Acceptance":[0.17555555555555555],"Energy":{"Mean":-5.4350526354488435,"Sigma":0.35096720377113255,"Taucorr":0.6991452679162278},"EnergyVariance":{"Mean":18.551719865477384,"Sigma":6.781849545389356,"Taucorr":0.5349274608108401},"Iteration":51},
{"Acceptance":[0.17444444444444446],"Energy":{"Mean":-5.88255605450689,"Sigma":0.31451134394217073,"Taucorr":0.5086601733071388},"EnergyVariance":{"Mean":9.441942835460088,"Sigma":1.2696427571912083,"Taucorr":0.12045748863817363},"Iteration":52},
{"Acceptance":[0.16],"Energy":{"Mean":-5.91469729254796,"Sigma":0.3229039460984156,"Taucorr":0.4124099066839595},"EnergyVariance":{"Mean":9.749187324277386,"Sigma":1.5377641199897658,"Taucorr":0.0424375986247727},"Iteration":53},
{"Acceptance":[0.1461111111111111],"Energy":{"Mean":-6.1325460300135735,"Sigma":0.3499505216491345,"Taucorr":0.4825340098398011},"EnergyVariance":{"Mean":14.337039361182844,"Sigma":5.015691220894459,"Taucorr":0.6494416916160912},"Iteration":54},
{"Acceptance":[0.13],"Energy":{"Mean":-6.253384735818184,"Sigma":0.2295310134385779,"Taucorr":0.31638058179374884},"EnergyVariance":{"Mean":6.124032755446565,"Sigma":1.2696876263174361,"Taucorr":0.14451811436197992},"Iteration":55},
{"Acceptance":[0.145],"Energy":{"Mean":-6.592974625260434,"Sigma":0.3154597697762576,"Taucorr":0.6928428579074886},"EnergyVariance":{"Mean":6.754974499159009,"Sigma":1.1642725465185577,"Taucorr":0.24947356722709846},"Iteration":56},
{"Acceptance":[0.13944444444444445],"Energy":{"Mean":-6.230003765358692,"Sigma":0.265640235860333,"Taucorr":0.33999885809268127},"EnergyVariance":{"Mean":14.809951033394748,"Sigma":4.701335632046015,"Taucorr":0.008051755029307661},"Iteration":57},
{"Acceptance":[0.13555555555555557],"Energy":{"Mean":-6.325803380115277,"Sigma":0.2329706746159388,"Taucorr":0.21077491055700637},"EnergyVariance":{"Mean":11.828014460634906,"Sigma":3.6440835444991952,"Taucorr":0.6510735973797523},"Iteration":58},
{"Acceptance":[0.1411111111111111],"Energy":{"Mean":-6.732135007216605,"Sigma":0.1683418087962819,"Taucorr":-0.01997284862593185},"EnergyVariance":{"Mean":8.182489208216342,"Sigma":2.9264307007320216,"Taucorr":0.5944006683440792},"Iteration":59},
{"Acceptance":[0.12333333333333334],"Energy":{"Mean":-6.534496200670381,"Sigma":0.3130148560520755,"Taucorr":0.4877945640088287},"EnergyVariance":{"Mean":12.836169819655845,"Sigma":4.114584794078887,"Taucorr":0.2096615305976769},"Iteration":60},
{"Acceptance":[0.13055555555555556],"Energy":{"Mean":-6.375963383637026,"Sigma":0.29417622370079194,"Taucorr":0.308322858793023},"EnergyVariance":{"Mean":10.61544027082881,"Sigma":2.429855273520104,"Taucorr":0.10846538453134202},"Iteration":61},
{"Acceptance":[0.12055555555555555],"Energy":{"Mean":-6.3696963218084655,"Sigma":0.2763747757267224,"Taucorr":0.43746821437288164},"EnergyVariance":{"Mean":11.629164211326415,"Sigma":4.772653152850875,"Taucorr":0.36124314962475634},"Iteration":62},
{"Acceptance":[0.12333333333333334],"Energy":{"Mean":-6.787156744528656,"Sigma":0.3001059331489537,"Taucorr":0.5441502413476147},"EnergyVariance":{"Mean":11.12331902360644,"Sigma":3.93287036774458,"Taucorr":0.9370737688920692},"Iteration":63},
{"Acceptance":[0.11],"Energy":{"Mean":-6.792284397429977,"Sigma":0.28092569349900015,"Taucorr":0.6127070433368715},"EnergyVariance":{"Mean":6.383806455355624,"Sigma":1.3679207732116565,"Taucorr":0.17849872644611964},"Iteration":64},
{"Acceptance":[0.135],"Energy":{"Mean":-6.036782783648116,"Sigma":0.3151289367286876,"Taucorr":0.52985832434573},"EnergyVariance":{"Mean":12.263704486156062,"Sigma":3.7730748855993426,"Taucorr":0.007610635970173196},"Iteration":65},
{"Acceptance":[0.12222222222222222],"Energy":{"Mean":-6.733727141129013,"Sigma":0.22197029522678713,"Taucorr":0.24220110849828724},"EnergyVariance":{"Mean":3.9849009622258484,"Sigma":0.36797078885765727,"Taucorr":0.02094995965308344},"Iteration":66},
{"Acceptance":[0.1111111111111111],"Energy":{"Mean":-6.884570498573184,"Sigma":0.24730880520618015,"Taucorr":0.2289399195867341},"EnergyVariance":{"Mean":7.790878803454958,"Sigma":1.6769121141207182,"Taucorr":-0.0036640400113148175},"Iteration":67},
{"Acceptance":[0.11944444444444445],"Energy":{"Mean":-6.798038721106248,"Sigma":0.25854834105678043,"Taucorr":0.12226434913589745},"EnergyVariance":{"Mean":12.197656389022347,"Sigma":3.2190936958654905,"Taucorr":0.09847898007125533},"Iteration":68},
{"Acceptance":[0.1238888888888889],"Energy":{"Mean":-6.913969996075202,"Sigma":0.30090637074131504,"Taucorr":0.3182579090244919},"EnergyVariance":{"Mean":12.85783638105669,"Sigma":4.490202891280785,"Taucorr":0.0701320459351048},"Iteration":69},
{"Acceptance":[0.11722222222222223],"Energy":{"Mean":-7.060980751955891,"Sigma":0.1802242700348263,"Taucorr":-0.04250237365580617},"EnergyVariance":{"Mean":7.981826776956069,"Sigma":1.9564568627654078,"Taucorr":-0.029585215326580372},"Iteration":70},
{"Acceptance":[0.13055555555555556],"Energy":{"Mean":-7.354789185032435,"Sigma":0.2855832118957291,"Taucorr":0.4816000493001218},"EnergyVariance":{"Mean":12.949129742801823,"Sigma":4.410159064054847,"Taucorr":0.0763494091668363},"Iteration":71},
{"Acceptance":[0.12],"Energy":{"Mean":-6.678376589086513,"Sigma":0.25203901647871096,"Taucorr":0.051935551410064895},"EnergyVariance":{"Mean":15.103314115722377,"Sigma":4.693539572164851,"Taucorr":0.18604334051199423},"Iteration":72},
{"Acceptance":[0.09777777777777778],"Energy":{"Mean":-7.3767293120069555,"Sigma":0.33388326588332184,"Taucorr":0.44002557858478253},"EnergyVariance":{"Mean":15.189204111375833,"Sigma":9.520736073763468,"Taucorr":0.8753651656289165},"Iteration":73},
{"Acceptance":[0.09944444444444445],"Energy":{"Mean":-7.338470820676767,"Sigma":0.20041277460169946,"Taucorr":0.2719404134170028},"EnergyVariance":{"Mean":4.516391068677856,"Sigma":1.1966194235394116,"Taucorr":0.6918264290393132},"Iteration":74},
{"Acceptance":[0.11777777777777777],"Energy":{"Mean":-6.823424409997008,"Sigma":0.32904828611310694,"Taucorr":0.4663653876706155},"EnergyVariance":{"Mean":10.977701293134576,"Sigma":3.102388906411746,"Taucorr":0.11191176623021903},"Iteration":75},
{"Acceptance":[0.08888888888888889],"Energy":{"Mean":-7.612027758734921,"Sigma":0.15821389646541592,"Taucorr":-0.05500494108807069},"EnergyVariance":{"Mean":6.061976091876961,"Sigma":2.215413035627407,"Taucorr":0.685772263223295},"Iteration":76},
{"Acceptance":[0.08888888888888889],"Energy":{"Mean":-7.391709444233326,"Sigma":0.23479505375667528,"Taucorr":0.6549392953795321},"EnergyVariance":{"Mean":3.5435906059803766,"Sigma":0.7302060985654587,"Taucorr":0.025893283333812245},"Iteration":77},
{"Acceptance":[0.10222222222222223],"Energy":{"Mean":-6.973037589003312,"Sigma":0.294909775664491,"Taucorr":0.4905605581670355},"EnergyVariance":{"Mean":9.700449240991311,"Sigma":2.827585593831412,"Taucorr":0.3354229295538542},"Iteration":78},
{"Acceptance":[0.10388888888888889],"Energy":{"Mean":-7.134594093558045,"Sigma":0.4296055920002261,"Taucorr":0.5811596874586555},"EnergyVariance":{"Mean":12.540594530326437,"Sigma":4.727977050696634,"Taucorr":0.6067138358264277},"Iteration":79},
{"Acceptance":[0.09666666666666666],"Energy":{"Mean":-7.400061097628306,"Sigma":0.2716675992593644,"Taucorr":0.47874653823004865},"EnergyVariance":{"Mean":9.959445692724467,"Sigma":2.9238855558510966,"Taucorr":0.1927596758034935},"Iteration":80},
{"Acceptance":[0.10444444444444445],"Energy":{"Mean":-7.58900334444017,"Sigma":0.32670955219178344,"Taucorr":0.2857533231061272},"EnergyVariance":{"Mean":10.947483005280699,"Sigma":2.7410154124512016,"Taucorr":0.002605292838554041},"Iteration":81},
{"Acceptance":[0.09722222222222222],"Energy":{"Mean":-7.40962126982843,"Sigma":0.27676393747646977,"Taucorr":0.21945333288361835},"EnergyVariance":{"Mean":8.335293402737541,"Sigma":3.3898470670126297,"Taucorr":0.4238666032333389},"Iteration":82},
{"Acceptance":[0.1],"Energy":{"Mean":-6.830642581861688,"Sigma":0.28250767528213777,"Taucorr":0.5649685074283581},"EnergyVariance":{"Mean":4.187776395105652,"Sigma":0.7144501520631183,"Taucorr":0.05926298248088757},"Iteration":83},
{"Acceptance":[0.09555555555555556],"Energy":{"Mean":-6.583679917011891,"Sigma":0.3147417495130259,"Taucorr":0.41222480608040935},"EnergyVariance":{"Mean":12.558687811909182,"Sigma":6.945051823925561,"Taucorr":0.09929260269986895},"Iteration":84},
{"Acceptance":[0.10333333333333333],"Energy":{"Mean":-7.120689192394869,"Sigma":0.27915706476295377,"Taucorr":0.4340135051007057},"EnergyVariance":{"Mean":4.570639717499613,"Sigma":0.7916531878522505,"Taucorr":0.1335196443788328},"Iteration":85},
{"Acceptance":[0.09333333333333334],"Energy":{"Mean":-7.598638905460328,"Sigma":0.33427193490021195,"Taucorr":0.7333797795651367},"EnergyVariance":{"Mean":7.169711008992126,"Sigma":4.551770309539943,"Taucorr":0.49260364286861313},"Iteration":86},
{"Acceptance":[0.09888888888888889],"Energy":{"Mean":-7.788205504275492,"Sigma":0.2720380233783825,"Taucorr":0.16981348613950886},"EnergyVariance":{"Mean":12.78858633615562,"Sigma":3.8560700627308844,"Taucorr":0.42347983605202655},"Iteration":87},
{"Acceptance":[0.09222222222222222],"Energy":{"Mean":-6.915432243740727,"Sigma":0.27835574194570667,"Taucorr":0.6200632317508636},"EnergyVariance":{"Mean":5.036356601955296,"Sigma":1.5178951277786898,"Taucorr":0.008506788488801487},"Iteration":88},
{"Acceptance":[0.11388888888888889],"Energy":{"Mean":-7.550448685493795,"Sigma":0.3936157581740933,"Taucorr":0.4277704846221906},"EnergyVariance":{"Mean":16.796989244258633,"Sigma":6.504423027593839,"Taucorr":0.6572431761435449},"Iteration":89},
{"Acceptance":[0.0961111111111111],"Energy":{"Mean":-7.140553503638745,"Sigma":0.30617344208904407,"Taucorr":0.43517879842622387},"EnergyVariance":{"Mean":12.95766893918808,"Sigma":5.939240670683152,"Taucorr":1.2550904889327779},"Iteration":90},
{"Acceptance":[0.08],"Energy":{"Mean":-7.155663329225303,"Sigma":0.29459901015784346,"Taucorr":0.369808911493558},"EnergyVariance":{"Mean":6.440494008157681,"Sigma":1.5862406381114227,"Taucorr":-0.048292398644887935},"Iteration":91},
{"Acceptance":[0.08555555555555555],"Energy":{"Mean":-7.7125139899037505,"Sigma":0.30428315020843694,"Taucorr":0.5658842157606405},"EnergyVariance":{"Mean":5.433744266797821,"Sigma":1.7818601191307157,"Taucorr":0.370582532821511},"Iteration":92},
{"Acceptance":[0.11166666666666666],"Energy":{"Mean":-6.689447608340958,"Sigma":0.366599502839052,"Taucorr":0.4651843081241164},"EnergyVariance":{"Mean":10.574242312303792,"Sigma":4.320309443810379,"Taucorr":0.4157161814798711},"Iteration":93},
{"Acceptance":[0.07333333333333333],"Energy":{"Mean":-7.667971859400253,"Sigma":0.2610059175441917,"Taucorr":0.6774777157563883},"EnergyVariance":{"Mean":3.297943599016466,"Sigma":0.8231145469981486,"Taucorr":0.4772256812643395},"Iteration":94},
{"Acceptance":[0.09277777777777778],"Energy":{"Mean":-7.139354286639969,"Sigma":0.23718871719338153,"Taucorr":0.21911931217531122},"EnergyVariance":{"Mean":5.150071347626379,"Sigma":1.8457881618343817,"Taucorr":0.3162806813184116},"Iteration":95},
{"Acceptance":[0.07166666666666667],"Energy":{"Mean":-7.62513649951534,"Sigma":0.27151010816199367,"Taucorr":0.49165643775164947},"EnergyVariance":{"Mean":6.142931236720321,"Sigma":2.391518891329367,"Taucorr":0.13381821762331592},"Iteration":96},
{"Acceptance":[0.07333333333333333],"Energy":{"Mean":-7.787270113840599,"Sigma":0.18821031554433265,"Taucorr":0.2656538605515053},"EnergyVariance":{"Mean":2.5226540348450963,"Sigma":0.65525035815666,"Taucorr":0.6735118087783056},"Iteration":97},
{"Acceptance":[0.08666666666666667],"Energy":{"Mean":-7.485879884270139,"Sigma":0.23139160870396358,"Taucorr":0.1001115977581074},"EnergyVariance":{"Mean":6.431451518662521,"Sigma":2.0201433929245898,"Taucorr":0.002110942903799762},"Iteration":98},
{"Acceptance":[0.08833333333333333],"Energy":{"Mean":-7.284780670385535,"Sigma":0.29589923175665594,"Taucorr":0.30453963184726596},"EnergyVariance":{"Mean":7.014000889687191,"Sigma":2.0595129860026113,"Taucorr":0.219549407160754},"Iteration":99} 
]}
{"input": {"L": 8, "J": 1, "machine": {"type": "FFNN", "model": ["tanh", 16, 1]}, "sampler": {"type": "MetropolisHop", "d_max": 5}, "optimizer": {"type": "AdaMax", "alpha": 0.001, "beta1": 0.9, "beta2": 0.999, "epscut": 1e-07}, "VMC": {"n_samples": 100, "discarded_samples": 100, "discarded_samples_on_init": 0, "target": "energy", "method": "Gd", "diag_shift": 0.01, "use_iterative": true, "use_cholesky": true}, "n_iter": 100}}
duration: -0.16698575019836426