{"Output": [
{"Acceptance":[0.7816666666666666],"Energy":{"Mean":6.662246323299649,"Sigma":0.26817408209231125,"Taucorr":0.2037322888822093},"EnergyVariance":{"Mean":5.066986331490785,"Sigma":0.7298664365975022,"Taucorr":0.1256947637786494},"Iteration":0},
{"Acceptance":[0.6661111111111111],"Energy":{"Mean":5.220160042225328,"Sigma":0.23238562434483984,"Taucorr":0.08874479552770553},"EnergyVariance":{"Mean":5.018109956573938,"Sigma":0.5418726489486567,"Taucorr":-0.1273859277915494},"Iteration":1},
{"Acceptance":[0.6355555555555555],"Energy":{"Mean":5.7548180924768175,"Sigma":0.38405588044142824,"Taucorr":0.6210118671228131},"EnergyVariance":{"Mean":7.914506725620707,"Sigma":1.2852382853603443,"Taucorr":0.38862327441243605},"Iteration":2},
{"Acceptance":[0.5533333333333333],"Energy":{"Mean":4.547356245731434,"Sigma":0.4107973173985208,"Taucorr":0.6467163121317767},"EnergyVariance":{"Mean":9.152850206632367,"Sigma":1.437769307146797,"Taucorr":0.15348309105657587},"Iteration":3},
{"Acceptance":[0.5161111111111111],"Energy":{"Mean":3.59611641147286,"Sigma":0.32853846932412134,"Taucorr":0.33811155530447046},"EnergyVariance":{"Mean":9.418062709924685,"Sigma":1.2705653508318708,"Taucorr":0.008797155126185285},"Iteration":4},
{"Acceptance":[0.47055555555555556],"Energy":{"Mean":3.506239227061327,"Sigma":0.3272092408688676,"Taucorr":0.20206259978407293},"EnergyVariance":{"Mean":10.249940506307647,"Sigma":1.6772316769826803,"Taucorr":0.10997292963934624},"Iteration":5},
{"Acceptance":[0.4083333333333333],"Energy":{"Mean":2.3950888328637028,"Sigma":0.3158336706532222,"Taucorr":0.3224603184398511},"EnergyVariance":{"Mean":9.49399779749691,"Sigma":1.3272857071095672,"Taucorr":0.4143183435231531},"Iteration":6},
{"Acceptance":[0.38],"Energy":{"Mean":2.0474141874971457,"Sigma":0.21859469860464723,"Taucorr":-0.002568318774437084},"EnergyVariance":{"Mean":10.883320021826053,"Sigma":2.3186023729587077,"Taucorr":0.22856276157798838},"Iteration":7},
{"Acceptance":[0.31222222222222223],"Energy":{"Mean":0.9961162584500278,"Sigma":0.3279557655417429,"Taucorr":0.37180912639555386},"EnergyVariance":{"Mean":13.13032086325425,"Sigma":3.5550012530717567,"Taucorr":0.1909771793286762},"Iteration":8},
{"Acceptance":[0.3038888888888889],"Energy":{"Mean":0.6850508260899212,"Sigma":0.2954012331278664,"Taucorr":0.3289671804962102},"EnergyVariance":{"Mean":12.47019314734785,"Sigma":2.811867506153173,"Taucorr":0.16459230639382993},"Iteration":9},
{"Acceptance":[0.2611111111111111],"Energy":{"Mean":-0.6572855489657581,"Sigma":0.2812914261257951,"Taucorr":0.37963885461667946},"EnergyVariance":{"Mean":10.293317139332432,"Sigma":2.1842072006672675,"Taucorr":0.11798638522209559},"Iteration":10},
{"Acceptance":[0.26222222222222225],"Energy":{"Mean":-0.7030952650741236,"Sigma":0.31407081882117266,"Taucorr":0.4165212792905322},"EnergyVariance":{"Mean":16.129879488294897,"Sigma":5.9263027395153545,"Taucorr":0.08767307955097259},"Iteration":11},
{"Acceptance":[0.23944444444444443],"Energy":{"Mean":-1.0843908147607402,"Sigma":0.34537479606882493,"Taucorr":0.5483797070668697},"EnergyVariance":{"Mean":12.250268879044913,"Sigma":1.8156368895610102,"Taucorr":-0.014565781620520135},"Iteration":12},
{"Acceptance":[0.23],"Energy":{"Mean":-1.3134561176985013,"Sigma":0.2997762250281454,"Taucorr":0.4650356047604206},"EnergyVariance":{"Mean":16.916340901302164,"Sigma":5.03670908505423,"Taucorr":0.015959527334317714},"Iteration":13},
{"Acceptance":[0.21444444444444444],"Energy":{"Mean":-1.8317482307962285,"Sigma":0.2713732548604386,"Taucorr":0.45048147996683063},"EnergyVariance":{"Mean":6.301616812215027,"Sigma":1.4413344600682485,"Taucorr":-0.011011835007558535},"Iteration":14},
{"Acceptance":[0.15555555555555556],"Energy":{"Mean":-2.8227121863639892,"Sigma":0.21421743148627162,"Taucorr":0.17402167617451036},"EnergyVariance":{"Mean":7.081219719483001,"Sigma":2.610281021235094,"Taucorr":0.37423445953850853},"Iteration":15},
{"Acceptance":[0.185],"Energy":{"Mean":-2.752916175683461,"Sigma":0.3707000531266814,"Taucorr":0.7534710702996625},"EnergyVariance":{"Mean":6.948045015984156,"Sigma":2.7903924454808533,"Taucorr":0.5638696343493701},"Iteration":16},
{"Acceptance":[0.1272222222222222],"Energy":{"Mean":-3.280864254942451,"Sigma":0.2178658407312964,"Taucorr":0.3007723780029925},"EnergyVariance":{"Mean":5.783394533033937,"Sigma":2.689514044259206,"Taucorr":0.15125153937125324},"Iteration":17},
{"Acceptance":[0.13777777777777778],"Energy":{"Mean":-3.092761938752051,"Sigma":0.39091005326427425,"Taucorr":0.7850949156038005},"EnergyVariance":{"Mean":10.00934014527768,"Sigma":4.101358734381297,"Taucorr":0.825769309629913},"Iteration":18},
{"Acceptance":[0.145],"Energy":{"Mean":-3.550067897507159,"Sigma":0.2204082169133206,"Taucorr":0.05474537590485096},"EnergyVariance":{"Mean":5.518661600880807,"Sigma":1.8005569296335389,"Taucorr":0.01982340285827955},"Iteration":19},
{"Acceptance":[0.135],"Energy":{"Mean":-3.114377787400905,"Sigma":0.420156157174611,"Taucorr":0.40990626846605094},"EnergyVariance":{"Mean":13.270648282562803,"Sigma":4.1476803763408086,"Taucorr":0.18563784467382127},"Iteration":20},
{"Acceptance":[0.12666666666666668],"Energy":{"Mean":-3.6387471155603572,"Sigma":0.2466114989921754,"Taucorr":0.08759263619925894},"EnergyVariance":{"Mean":8.665110794872199,"Sigma":3.9174581564989035,"Taucorr":0.49408165644820623},"Iteration":21},
{"Acceptance":[0.10611111111111111],"Energy":{"Mean":-3.7516616519628037,"Sigma":0.27753182402014537,"Taucorr":0.2473812365430368},"EnergyVariance":{"Mean":6.502373852515215,"Sigma":2.457859127387095,"Taucorr":0.05272992397599974},"Iteration":22},
{"Acceptance":[0.11611111111111111],"Energy":{"Mean":-3.878645555887991,"Sigma":0.25576491799454687,"Taucorr":0.48042648573727065},"EnergyVariance":{"Mean":4.26912159905869,"Sigma":1.7471997017348624,"Taucorr":-0.011345709645726065},"Iteration":23},
{"Acceptance":[0.09277777777777778],"Energy":{"Mean":-3.807665319219153,"Sigma":0.13732168699114955,"Taucorr":0.26534843463500646},"EnergyVariance":{"Mean":1.325767053191473,"Sigma":0.24029011137615092,"Taucorr":0.3583155208049923},"Iteration":24},
{"Acceptance":[0.095],"Energy":{"Mean":-4.319821211208043,"Sigma":0.28452591303507274,"Taucorr":-0.016347917786573518},"EnergyVariance":{"Mean":9.824867263830596,"Sigma":4.38647876708698,"Taucorr":0.5733508206456681},"Iteration":25},
{"Acceptance":[0.14333333333333334],"Energy":{"Mean":-4.4741910828678,"Sigma":0.3392456785003026,"Taucorr":0.13040460960412448},"EnergyVariance":{"Mean":9.823478776477108,"Sigma":4.355177692428592,"Taucorr":0.24161844715080327},"Iteration":26},
{"Acceptance":[0.09666666666666666],"Energy":{"Mean":-4.339653811703778,"Sigma":0.22929071068375254,"Taucorr":0.3715947544842997},"EnergyVariance":{"Mean":3.131286608750231,"Sigma":1.3700832072765181,"Taucorr":0.41914673693484417},"Iteration":27},
{"Acceptance":[0.11333333333333333],"Energy":{"Mean":-4.730657171806697,"Sigma":0.33094251013764137,"Taucorr":0.4271941638553204},"EnergyVariance":{"Mean":5.861869791944464,"Sigma":3.3783408513180726,"Taucorr":0.41303720967424573},"Iteration":28},
{"Acceptance":[0.09888888888888889],"Energy":{"Mean":-3.8865547019836315,"Sigma":0.14509003921290123,"Taucorr":0.2607077090724842},"EnergyVariance":{"Mean":1.603508050359512,"Sigma":0.3451993300213502,"Taucorr":0.2847212545948187},"Iteration":29},
{"Acceptance":[0.09444444444444444],"Energy":{"Mean":-4.48523028201483,"Sigma":0.24615737185087155,"Taucorr":0.11405961954590915},"EnergyVariance":{"Mean":5.523589444752593,"Sigma":2.532456981429625,"Taucorr":-0.030101046248219798},"Iteration":30},
{"Acceptance":[0.12],"Energy":{"Mean":-4.349921860152388,"Sigma":0.1605355768970527,"Taucorr":0.26816880577315927},"EnergyVariance":{"Mean":1.7595314599816556,"Sigma":0.6676732849423974,"Taucorr":0.10237806875362199},"Iteration":31},
{"Acceptance":[0.09222222222222222],"Energy":{"Mean":-4.642600648541422,"Sigma":0.39868623361106303,"Taucorr":0.23346264932829952},"EnergyVariance":{"Mean":10.60312200840691,"Sigma":4.4804178423086025,"Taucorr":0.24961786709967548},"Iteration":32},
{"Acceptance":[0.11444444444444445],"Energy":{"Mean":-4.115092068300842,"Sigma":0.23955221157786102,"Taucorr":-0.13857291591899518},"EnergyVariance":{"Mean":7.705567386910604,"Sigma":6.255577882556701,"Taucorr":0.058440196338008676},"Iteration":33},
{"Acceptance":[0.10777777777777778],"Energy":{"Mean":-4.4571122055120345,"Sigma":0.28942164049357366,"Taucorr":0.13874959297359113},"EnergyVariance":{"Mean":7.074328716952542,"Sigma":3.289673211932179,"Taucorr":0.09779426187189522},"Iteration":34},
{"Acceptance":[0.08555555555555555],"Energy":{"Mean":-4.413697635136092,"Sigma":0.21713490925982823,"Taucorr":0.31521944173280825},"EnergyVariance":{"Mean":2.80485945543575,"Sigma":1.6826254403120808,"Taucorr":0.02671481125366837},"Iteration":35},
{"Acceptance":[0.105],"Energy":{"Mean":-4.722811204994372,"Sigma":0.20253919132607306,"Taucorr":0.5602008403229981},"EnergyVariance":{"Mean":2.234639408001934,"Sigma":0.6661300051940312,"Taucorr":0.061329605767538986},"Iteration":36},
{"Acceptance":[0.08888888888888889],"Energy":{"Mean":-4.464325089739593,"Sigma":0.13625888976999528,"Taucorr":0.6168475783471754},"EnergyVariance":{"Mean":0.9726060789001942,"Sigma":0.2829135057479299,"Taucorr":0.4520912188433365},"Iteration":37},
{"Acceptance":[0.10277777777777777],"Energy":{"Mean":-4.164910212187465,"Sigma":0.1433788966632771,"Taucorr":0.10751127678227901},"EnergyVariance":{"Mean":1.7252407833624452,"Sigma":0.44616216849722945,"Taucorr":-0.027336137108653014},"Iteration":38},
{"Acceptance":[0.10666666666666667],"Energy":{"Mean":-4.404624663784941,"Sigma":0.1226002397995361,"Taucorr":0.20835295865686887},"EnergyVariance":{"Mean":1.141841483992787,"Sigma":0.31100204540397003,"Taucorr":0.25291571000889757},"Iteration":39},
{"Acceptance":[0.105],"Energy":{"Mean":-4.630567431064511,"Sigma":0.19254061004931652,"Taucorr":0.0802977524672277},"EnergyVariance":{"Mean":3.499729941824278,"Sigma":1.062215749082105,"Taucorr":0.04111827518876121},"Iteration":40},
{"Acceptance":[0.09388888888888888],"Energy":{"Mean":-4.847083081684934,"Sigma":0.2578724795268731,"Taucorr":0.10867068123800439},"EnergyVariance":{"Mean":5.581986740407446,"Sigma":3.4572652485698643,"Taucorr":0.34259704575993977},"Iteration":41},
{"Acceptance":[0.09777777777777778],"Energy":{"Mean":-4.908901352839232,"Sigma":0.3724664576599364,"Taucorr":0.340672598112122},"EnergyVariance":{"Mean":8.3972297929945,"Sigma":5.622506084883033,"Taucorr":0.32661462801261},"Iteration":42},
{"Acceptance":[0.11388888888888889],"Energy":{"Mean":-4.619279530027903,"Sigma":0.2043106254245472,"Taucorr":0.4120213767130123},"EnergyVariance":{"Mean":2.4850916439986235,"Sigma":0.8532300399140732,"Taucorr":0.08317621392318453},"Iteration":43},
{"Acceptance":[0.11388888888888889],"Energy":{"Mean":-5.239237177325193,"Sigma":0.3528038021767641,"Taucorr":0.17449753398560164},"EnergyVariance":{"Mean":9.6957616690025,"Sigma":2.893305219507217,"Taucorr":0.09293252253635176},"Iteration":44},
{"Acceptance":[0.12],"Energy":{"Mean":-5.193659507816085,"Sigma":0.411426477386055,"Taucorr":0.05562305117981614},"EnergyVariance":{"Mean":15.058561212202887,"Sigma":10.985440531097934,"Taucorr":0.006937686682526367},"Iteration":45},
{"Acceptance":[0.10055555555555555],"Energy":{"Mean":-4.888687765000088,"Sigma":0.21084869408988446,"Taucorr":-0.011481659384276421},"EnergyVariance":{"Mean":4.6487698371349095,"Sigma":2.8621254514749106,"Taucorr":0.5788446548058865},"Iteration":46},
{"Acceptance":[0.10111111111111111],"Energy":{"Mean":-4.480145038893729,"Sigma":0.22322051027791157,"Taucorr":0.3223886166217673},"EnergyVariance":{"Mean":2.969635851178491,"Sigma":1.1582488690068113,"Taucorr":0.3644423816482302},"Iteration":47},
{"Acceptance":[0.13166666666666665],"Energy":{"Mean":-4.627129738532256,"Sigma":0.14063374377710317,"Taucorr":-0.11096197541240244},"EnergyVariance":{"Mean":2.746459683117147,"Sigma":1.2186094505930292,"Taucorr":0.28423007738759887},"Iteration":48},
{"Acceptance":[0.09555555555555556],"Energy":{"Mean":-4.7144125554232765,"Sigma":0.12847737144094315,"Taucorr":0.5163626282728437},"EnergyVariance":{"Mean":0.8124836941501891,"Sigma":0.1910890179674148,"Taucorr":0.21302961239756923},"Iteration":49},
{"Acceptance":[0.11611111111111111],"Energy":{"Mean":-4.625638453136468,"Sigma":0.13107265261467135,"Taucorr":0.06527183778820911},"EnergyVariance":{"Mean":1.5884663547457427,"Sigma":0.44459245401554276,"Taucorr":0.12491686933461799},"Iteration":50},
{"Acceptance":[0.13055555555555556],"Energy":{"Mean":-4.819827659571571,"Sigma":0.30592152701383313,"Taucorr":-0.02468876019694538},"EnergyVariance":{"Mean":9.566518683182874,"Sigma":5.80950728889851,"Taucorr":-0.010880600257703155},"Iteration":51},
{"Acceptance":[0.12222222222222222],"Energy":{"Mean":-4.935150351777431,"Sigma":0.3263231580127324,"Taucorr":0.8362637357615912},"EnergyVariance":{"Mean":4.265352195905271,"Sigma":2.4146207112772875,"Taucorr":0.6525706239013331},"Iteration":52},
{"Acceptance":[0.13055555555555556],"Energy":{"Mean":-4.557367252440851,"Sigma":0.1637373963816669,"Taucorr":-0.07297062677020366},"EnergyVariance":{"Mean":3.5470853675955416,"Sigma":1.2171813868263595,"Taucorr":0.023434995508229917},"Iteration":53},
{"Acceptance":[0.125],"Energy":{"Mean":-4.788434764839238,"Sigma":0.11993468927358648,"Taucorr":0.28597903262515},"EnergyVariance":{"Mean":0.9607967181665834,"Sigma":0.27609951167721153,"Taucorr":0.12870837410082225},"Iteration":54},
{"Acceptance":[0.1438888888888889],"Energy":{"Mean":-4.674045819807585,"Sigma":0.20184738641290756,"Taucorr":0.1828744788821295},"EnergyVariance":{"Mean":3.0764121872480916,"Sigma":1.3590841947249122,"Taucorr":0.46629909329121966},"Iteration":55},
{"Acceptance":[0.1388888888888889],"Energy":{"Mean":-4.5656917199554945,"Sigma":0.17922341387816546,"Taucorr":0.3552841365857373},"EnergyVariance":{"Mean":2.0443264080550527,"Sigma":0.5721654606951968,"Taucorr":0.08702540804887848},"Iteration":56},
{"Acceptance":[0.1288888888888889],"Energy":{"Mean":-4.632257830886635,"Sigma":0.1261846457025329,"Taucorr":0.14059271324872002},"EnergyVariance":{"Mean":1.2030493836911162,"Sigma":0.34334788931231885,"Taucorr":-0.06346345008985066},"Iteration":57},
{"Acceptance":[0.1438888888888889],"Energy":{"Mean":-4.648611028964024,"Sigma":0.16494343330357086,"Taucorr":0.3396193718024989},"EnergyVariance":{"Mean":1.6917392418416737,"Sigma":0.6967505021091833,"Taucorr":0.2869457671168678},"Iteration":58},
{"Acceptance":[0.15444444444444444],"Energy":{"Mean":-4.5332681448829035,"Sigma":0.21890948251056402,"Taucorr":0.20525083673324007},"EnergyVariance":{"Mean":3.417136751151604,"Sigma":0.979948967089408,"Taucorr":-0.026161424489984098},"Iteration":59},
{"Acceptance":[0.14944444444444444],"Energy":{"Mean":-4.717365972458584,"Sigma":0.15140320994896672,"Taucorr":0.3574502101307374},"EnergyVariance":{"Mean":1.4443419275990717,"Sigma":0.4917166912061634,"Taucorr":0.007942882176846466},"Iteration":60},
{"Acceptance":[0.14333333333333334],"Energy":{"Mean":-4.937202822532796,"Sigma":0.19283339165492452,"Taucorr":0.3013375698518701},"EnergyVariance":{"Mean":2.429913781383903,"Sigma":0.7620118394404285,"Taucorr":0.14362514665471915},"Iteration":61},
{"Acceptance":[0.14055555555555554],"Energy":{"Mean":-4.778944846494156,"Sigma":0.1688293506163169,"Taucorr":0.05665887655199264},"EnergyVariance":{"Mean":2.9061263896261127,"Sigma":0.9544688561049607,"Taucorr":0.5670020658389607},"Iteration":62},
{"Acceptance":[0.1622222222222222],"Energy":{"Mean":-4.993202110209396,"Sigma":0.19113019513803733,"Taucorr":0.13840044197854995},"EnergyVariance":{"Mean":2.9444001415422236,"Sigma":1.0197424001655861,"Taucorr":0.6627553550900953},"Iteration":63},
{"Acceptance":[0.13111111111111112],"Energy":{"Mean":-4.95103265734449,"Sigma":0.2572821127260917,"Taucorr":0.3751246691917449},"EnergyVariance":{"Mean":3.963740767506742,"Sigma":1.4786341589978658,"Taucorr":0.2902689485073673},"Iteration":64},
{"Acceptance":[0.13666666666666666],"Energy":{"Mean":-4.648597101776771,"Sigma":0.14307556413004308,"Taucorr":0.3609902504341618},"EnergyVariance":{"Mean":1.167651937784515,"Sigma":0.31984648174635816,"Taucorr":0.04452461669068253},"Iteration":65},
{"Acceptance":[0.165],"Energy":{"Mean":-4.970939565096762,"Sigma":0.2088435589014554,"Taucorr":0.2736049703009166},"EnergyVariance":{"Mean":3.1308782661175965,"Sigma":1.0514547613042124,"Taucorr":0.45391758342362143},"Iteration":66},
{"Acceptance":[0.15],"Energy":{"Mean":-5.036535861886012,"Sigma":0.3196292077473958,"Taucorr":-0.01952631852827663},"EnergyVariance":{"Mean":10.455876602709404,"Sigma":7.037113983600313,"Taucorr":0.10181586451459068},"Iteration":67},
{"Acceptance":[0.15777777777777777],"Energy":{"Mean":-4.509116598806805,"Sigma":0.21226655368943612,"Taucorr":0.22911605987454042},"EnergyVariance":{"Mean":3.1674086606366187,"Sigma":0.8442478759915907,"Taucorr":0.09178031608160009},"Iteration":68},
{"Acceptance":[0.16444444444444445],"Energy":{"Mean":-5.273295292302764,"Sigma":0.2542243818094159,"Taucorr":0.5854323431568615},"EnergyVariance":{"Mean":3.0213407703441924,"Sigma":1.496647488484241,"Taucorr":0.8131515471604518},"Iteration":69},
{"Acceptance":[0.1638888888888889],"Energy":{"Mean":-5.030899537760429,"Sigma":0.11191638890307586,"Taucorr":0.13089132590006403},"EnergyVariance":{"Mean":1.1016273320913856,"Sigma":0.28683375226818736,"Taucorr":-0.013436445466935065},"Iteration":70},
{"Acceptance":[0.17666666666666667],"Energy":{"Mean":-4.531424313018842,"Sigma":0.20589392349986962,"Taucorr":0.153477869707644},"EnergyVariance":{"Mean":4.023479605641662,"Sigma":0.998851903808824,"Taucorr":0.40862989061649446},"Iteration":71},
{"Acceptance":[0.14722222222222223],"Energy":{"Mean":-4.910673083361247,"Sigma":0.1413441477855732,"Taucorr":0.07467183754028461},"EnergyVariance":{"Mean":1.8398305478374093,"Sigma":0.46275150694301087,"Taucorr":-0.023978218637398407},"Iteration":72},
{"Acceptance":[0.14888888888888888],"Energy":{"Mean":-4.584172952785359,"Sigma":0.17036866498328143,"Taucorr":0.3596058618064848},"EnergyVariance":{"Mean":2.143032900909976,"Sigma":0.4153419923585247,"Taucorr":0.2040631848137715},"Iteration":73},
{"Acceptance":[0.17555555555555555],"Energy":{"Mean":-5.334962021115185,"Sigma":0.39064965154566905,"Taucorr":-0.15372009061540393},"EnergyVariance":{"Mean":21.808168145812566,"Sigma":14.579802560975033,"Taucorr":0.002636770157136703},"Iteration":74},
{"Acceptance":[0.1661111111111111],"Energy":{"Mean":-4.71858758528117,"Sigma":0.1594813896540778,"Taucorr":0.2252602117160475},"EnergyVariance":{"Mean":1.7837453454435401,"Sigma":0.48684331835313505,"Taucorr":0.0020667018607155585},"Iteration":75},
{"Acceptance":[0.1711111111111111],"Energy":{"Mean":-4.74953669620249,"Sigma":0.12939131940976487,"Taucorr":0.0497207737776344},"EnergyVariance":{"Mean":1.7455425468830401,"Sigma":0.3593370244038469,"Taucorr":0.09742509447403691},"Iteration":76},
{"Acceptance":[0.16833333333333333],"Energy":{"Mean":-4.627360359702491,"Sigma":0.33116310355182427,"Taucorr":0.03368132268736179},"EnergyVariance":{"Mean":10.486813955917617,"Sigma":6.936810501320429,"Taucorr":-0.009910595715884707},"Iteration":77},
{"Acceptance":[0.15333333333333332],"Energy":{"Mean":-4.741242730616592,"Sigma":0.10595309668381277,"Taucorr":-0.055256237424061105},"EnergyVariance":{"Mean":1.2640360636986276,"Sigma":0.4672704450526831,"Taucorr":0.14051071207980514},"Iteration":78},
{"Acceptance":[0.18833333333333332],"Energy":{"Mean":-4.978916873648334,"Sigma":0.14172158484689334,"Taucorr":-0.2116549726880922},"EnergyVariance":{"Mean":3.4621388887555256,"Sigma":0.94208171945013,"Taucorr":0.12617540398667915},"Iteration":79},
{"Acceptance":[0.18777777777777777],"Energy":{"Mean":-4.767600244580726,"Sigma":0.18821066351106788,"Taucorr":0.16582757773752643},"EnergyVariance":{"Mean":3.2706540852385046,"Sigma":0.6841402494450147,"Taucorr":0.23126619158440143},"Iteration":80},
{"Acceptance":[0.17722222222222223],"Energy":{"Mean":-5.031042041835029,"Sigma":0.15171535963571597,"Taucorr":0.07592608722672844},"EnergyVariance":{"Mean":2.3116398243474245,"Sigma":0.6305116036359887,"Taucorr":0.18731622414782656},"Iteration":81},
{"Acceptance":[0.195],"Energy":{"Mean":-4.656221885396094,"Sigma":0.2506563293105764,"Taucorr":0.6315414109452864},"EnergyVariance":{"Mean":3.5266228417430407,"Sigma":1.0591381589078739,"Taucorr":0.48657382203807076},"Iteration":82},
{"Acceptance":[0.18],"Energy":{"Mean":-4.710528843714583,"Sigma":0.40554846511020426,"Taucorr":0.08307828597263722},"EnergyVariance":{"Mean":13.862084072300629,"Sigma":11.212894823494052,"Taucorr":-0.005866717566506197},"Iteration":83},
{"Acceptance":[0.18222222222222223],"Energy":{"Mean":-4.920799018166928,"Sigma":0.11150030652822347,"Taucorr":-0.07253224742721581},"EnergyVariance":{"Mean":1.8799731866118141,"Sigma":0.37312268147040994,"Taucorr":-0.05718319306136971},"Iteration":84},
{"Acceptance":[0.17666666666666667],"Energy":{"Mean":-4.917101646142648,"Sigma":0.13992865851599795,"Taucorr":0.0706015046552333},"EnergyVariance":{"Mean":2.323472811075869,"Sigma":0.6628517010942264,"Taucorr":0.5847956247578601},"Iteration":85},
{"Acceptance":[0.1938888888888889],"Energy":{"Mean":-4.555032466634782,"Sigma":0.7332272163419933,"Taucorr":0.49847012542328517},"EnergyVariance":{"Mean":26.55164759427167,"Sigma":21.349925580335654,"Taucorr":0.4909120046880765},"Iteration":86},
{"Acceptance":[0.18555555555555556],"Energy":{"Mean":-4.9286966338178235,"Sigma":0.22094668528564498,"Taucorr":0.2667536049336351},"EnergyVariance":{"Mean":3.4449036163961577,"Sigma":0.8000802757696664,"Taucorr":0.13568281070449884},"Iteration":87},
{"Acceptance":[0.17944444444444443],"Energy":{"Mean":-5.324299948173071,"Sigma":0.1477396357647255,"Taucorr":0.3029189850640116},"EnergyVariance":{"Mean":1.7692757165431618,"Sigma":0.4457513442638897,"Taucorr":0.3742732795283866},"Iteration":88},
{"Acceptance":[0.19833333333333333],"Energy":{"Mean":-6.034631688656157,"Sigma":0.48752114595785134,"Taucorr":-0.04023719240550616},"EnergyVariance":{"Mean":26.05862606791292,"Sigma":13.172647035389051,"Taucorr":0.23146723109906042},"Iteration":89},
{"Acceptance":[0.17444444444444446],"Energy":{"Mean":-5.040168951661096,"Sigma":0.11451931104736751,"Taucorr":-0.04546367715577637},"EnergyVariance":{"Mean":2.1006029931404426,"Sigma":0.4506262315079397,"Taucorr":0.13394995065998339},"Iteration":90},
{"Acceptance":[0.20166666666666666],"Energy":{"Mean":-5.230217737183659,"Sigma":0.223869607522802,"Taucorr":0.129902300190763},"EnergyVariance":{"Mean":4.484056032649737,"Sigma":0.8225169551116382,"Taucorr":-0.07250063019829739},"Iteration":91},
{"Acceptance":[0.17777777777777778],"Energy":{"Mean":-4.904215289380715,"Sigma":0.2237160302928183,"Taucorr":0.06779353116843723},"EnergyVariance":{"Mean":4.510610898790417,"Sigma":0.9397742910462534,"Taucorr":0.000657490471492439},"Iteration":92},
{"Acceptance":[0.19722222222222222],"Energy":{"Mean":-4.640950168496862,"Sigma":0.2231967077730648,"Taucorr":0.06668429194961056},"EnergyVariance":{"Mean":4.618723158865856,"Sigma":0.7729387501255035,"Taucorr":0.1863565008082011},"Iteration":93},
{"Acceptance":[0.2111111111111111],"Energy":{"Mean":-5.287309096163383,"Sigma":0.22084226610663032,"Taucorr":0.4842529280152039},"EnergyVariance":{"Mean":3.35251940221974,"Sigma":0.7238242931235127,"Taucorr":0.4747090665494895},"Iteration":94},
{"Acceptance":[0.20555555555555555],"Energy":{"Mean":-5.548705580492588,"Sigma":0.3249361374731016,"Taucorr":-0.050441196521827325},"EnergyVariance":{"Mean":12.169222108439579,"Sigma":6.664230228460041,"Taucorr":0.03591965651496665},"Iteration":95},
{"Acceptance":[0.18722222222222223],"Energy":{"Mean":-5.244271183528532,"Sigma":0.24243484522593606,"Taucorr":0.2762655738682387},"EnergyVariance":{"Mean":4.243999244942555,"Sigma":0.9827304152684537,"Taucorr":0.15432793666172007},"Iteration":96},
{"Acceptance":[0.20555555555555555],"Energy":{"Mean":-5.503638518986711,"Sigma":0.15772827994253882,"Taucorr":-0.1347175221402383},"EnergyVariance":{"Mean":3.945524324633905,"Sigma":0.6558617179561729,"Taucorr":0.09571183133031869},"Iteration":97},
{"Acceptance":[0.2061111111111111],"Energy":{"Mean":-5.477345961160814,"Sigma":0.2031275413570961,"Taucorr":0.15047878258000624},"EnergyVariance":{"Mean":3.5470120589667173,"Sigma":0.6600892038274072,"Taucorr":-0.02440959343593546},"Iteration":98},
{"Acceptance":[0.2238888888888889],"Energy":{"Mean":-4.656924981803495,"Sigma":0.5347226169430054,"Taucorr":0.1897791963159543},"EnergyVariance":{"Mean":20.401800301367956,"Sigma":16.036357977989212,"Taucorr":0.006928770833100617},"Iteration":99} 
]}
{"input": {"L": 8, "J": 1, "machine": {"type": "FFNN", "model": ["tanh", 47, 2]}, "sampler": {"type": "MetropolisHop", "d_max": 5}, "optimizer": {"type": "AdaMax", "alpha": 0.001, "beta1": 0.9, "beta2": 0.999, "epscut": 1e-07}, "VMC": {"n_samples": 100, "discarded_samples": 100, "discarded_samples_on_init": 0, "target": "energy", "method": "Gd", "diag_shift": 0.01, "use_iterative": true, "use_cholesky": true}, "n_iter": 100}}
duration: -1.136035680770874