{"Output": [
{"Acceptance":[0.889],"Energy":{"Mean":12.396793514971534,"Sigma":0.3030812186716278,"Taucorr":0.11518756663460195},"EnergyVariance":{"Mean":7.1719118320985995,"Sigma":0.9043849349293369,"Taucorr":-0.06896145136422221},"Iteration":0},
{"Acceptance":[0.877],"Energy":{"Mean":12.04442478557232,"Sigma":0.3724188836382392,"Taucorr":0.24995188174263994},"EnergyVariance":{"Mean":8.956945827789575,"Sigma":1.1329170210894302,"Taucorr":0.0015156506996575336},"Iteration":1},
{"Acceptance":[0.8646666666666667],"Energy":{"Mean":11.70358686363809,"Sigma":0.30038851451093485,"Taucorr":0.027998118171525088},"EnergyVariance":{"Mean":8.4134909807826,"Sigma":1.1601569664839133,"Taucorr":-0.08744722040960912},"Iteration":2},
{"Acceptance":[0.8533333333333334],"Energy":{"Mean":12.204028060138887,"Sigma":0.3411887663219358,"Taucorr":0.00835231433816308},"EnergyVariance":{"Mean":11.281987640455391,"Sigma":1.7752295616569858,"Taucorr":0.13895541865184446},"Iteration":3},
{"Acceptance":[0.85],"Energy":{"Mean":11.600176068921156,"Sigma":0.30489395185035506,"Taucorr":0.019595617815211686},"EnergyVariance":{"Mean":9.006533729157049,"Sigma":1.0458426751923837,"Taucorr":0.06876882432945575},"Iteration":4},
{"Acceptance":[0.8246666666666667],"Energy":{"Mean":11.538862587910925,"Sigma":0.3703033121652023,"Taucorr":0.10762194694886784},"EnergyVariance":{"Mean":11.57370825241497,"Sigma":1.0900202137644053,"Taucorr":-0.14506175278059796},"Iteration":5},
{"Acceptance":[0.8243333333333334],"Energy":{"Mean":11.839567141197431,"Sigma":0.33029056809418056,"Taucorr":0.08786113866525891},"EnergyVariance":{"Mean":9.425423473118808,"Sigma":1.0005539789598148,"Taucorr":-0.1571098732840453},"Iteration":6},
{"Acceptance":[0.8133333333333334],"Energy":{"Mean":11.272947416842674,"Sigma":0.3192543002748847,"Taucorr":0.13274827559452562},"EnergyVariance":{"Mean":8.497802896387661,"Sigma":1.5078621347435208,"Taucorr":0.1808058990094974},"Iteration":7},
{"Acceptance":[0.789],"Energy":{"Mean":11.029233388183535,"Sigma":0.2685057346008598,"Taucorr":-0.08600089090304291},"EnergyVariance":{"Mean":9.209258154291062,"Sigma":1.1774350099931492,"Taucorr":-0.024893084652236164},"Iteration":8},
{"Acceptance":[0.796],"Energy":{"Mean":11.189738584313352,"Sigma":0.3182733006853728,"Taucorr":0.08493974763470136},"EnergyVariance":{"Mean":9.67957278526225,"Sigma":1.0121738833735618,"Taucorr":-0.0347253187122506},"Iteration":9},
{"Acceptance":[0.7863333333333333],"Energy":{"Mean":11.198256840084381,"Sigma":0.32209205712196076,"Taucorr":-0.03488172511482884},"EnergyVariance":{"Mean":12.020720574730142,"Sigma":1.6195780370884734,"Taucorr":0.11499102913502346},"Iteration":10},
{"Acceptance":[0.7803333333333333],"Energy":{"Mean":10.67611294437933,"Sigma":0.4117701852428173,"Taucorr":0.32470464955541223},"EnergyVariance":{"Mean":11.187216177486228,"Sigma":1.3293975755202239,"Taucorr":0.018634686383892318},"Iteration":11},
{"Acceptance":[0.7536666666666667],"Energy":{"Mean":10.841307238673354,"Sigma":0.3141745225055081,"Taucorr":0.055930943325929294},"EnergyVariance":{"Mean":10.004330421682482,"Sigma":1.1444507212716961,"Taucorr":-0.010414119619420514},"Iteration":12},
{"Acceptance":[0.7563333333333333],"Energy":{"Mean":10.495930583920378,"Sigma":0.3924545686889622,"Taucorr":0.12120470636497571},"EnergyVariance":{"Mean":14.02830690244992,"Sigma":1.86183319754257,"Taucorr":-0.033467438555543405},"Iteration":13},
{"Acceptance":[0.7363333333333333],"Energy":{"Mean":10.1536638616874,"Sigma":0.28424075671626237,"Taucorr":-0.08448873687993425},"EnergyVariance":{"Mean":10.948357603797666,"Sigma":1.6434763739167058,"Taucorr":0.1496446174016831},"Iteration":14},
{"Acceptance":[0.736],"Energy":{"Mean":10.592195178283689,"Sigma":0.33649802275745194,"Taucorr":0.051948780625656554},"EnergyVariance":{"Mean":11.817029597899419,"Sigma":1.2504482629266078,"Taucorr":0.0613057485274513},"Iteration":15},
{"Acceptance":[0.7283333333333334],"Energy":{"Mean":10.033082678868489,"Sigma":0.4266240241078408,"Taucorr":0.41077988324854975},"EnergyVariance":{"Mean":12.535884655102985,"Sigma":1.4823599280308357,"Taucorr":0.05868556639883549},"Iteration":16},
{"Acceptance":[0.709],"Energy":{"Mean":9.757421437770672,"Sigma":0.3958654134716344,"Taucorr":0.395081318908036},"EnergyVariance":{"Mean":11.483996278523659,"Sigma":1.1985537497855177,"Taucorr":0.021944826177188403},"Iteration":17},
{"Acceptance":[0.7226666666666667],"Energy":{"Mean":9.822767974188302,"Sigma":0.3531434640224315,"Taucorr":0.14472972497874703},"EnergyVariance":{"Mean":12.453004944568004,"Sigma":1.496673264314978,"Taucorr":0.06282944241611677},"Iteration":18},
{"Acceptance":[0.7096666666666667],"Energy":{"Mean":9.799433286665861,"Sigma":0.4030364207369267,"Taucorr":0.2689363613244776},"EnergyVariance":{"Mean":12.899685816482233,"Sigma":1.9011402662995187,"Taucorr":0.3502873304070694},"Iteration":19},
{"Acceptance":[0.6943333333333334],"Energy":{"Mean":9.155157822737147,"Sigma":0.29291734247925333,"Taucorr":-0.07908946987573073},"EnergyVariance":{"Mean":12.760273014050085,"Sigma":1.429538840495647,"Taucorr":0.1511377264845143},"Iteration":20},
{"Acceptance":[0.6836666666666666],"Energy":{"Mean":9.115436436520142,"Sigma":0.36499501224036424,"Taucorr":0.08171120769622808},"EnergyVariance":{"Mean":14.802801756340408,"Sigma":1.4445392522225415,"Taucorr":-0.1047519976866369},"Iteration":21},
{"Acceptance":[0.67],"Energy":{"Mean":8.997201152042795,"Sigma":0.49115747252723485,"Taucorr":0.2798982621303764},"EnergyVariance":{"Mean":18.500791322202474,"Sigma":2.0211452092862983,"Taucorr":-0.09298550485342488},"Iteration":22},
{"Acceptance":[0.6773333333333333],"Energy":{"Mean":9.172871632101087,"Sigma":0.39183636372270714,"Taucorr":0.0989872699398191},"EnergyVariance":{"Mean":17.002869011316328,"Sigma":1.4635542881175043,"Taucorr":-0.10856906079424655},"Iteration":23},
{"Acceptance":[0.678],"Energy":{"Mean":9.165508908931185,"Sigma":0.38205442394952893,"Taucorr":0.17904627263958928},"EnergyVariance":{"Mean":14.33029606578237,"Sigma":1.8467834799897085,"Taucorr":0.08088439840099348},"Iteration":24},
{"Acceptance":[0.6553333333333333],"Energy":{"Mean":8.173045959129817,"Sigma":0.4829054304492666,"Taucorr":0.5291395363212201},"EnergyVariance":{"Mean":14.904190678516754,"Sigma":1.9527440927330504,"Taucorr":0.09794612622662657},"Iteration":25},
{"Acceptance":[0.649],"Energy":{"Mean":7.919502028083865,"Sigma":0.3359480443187833,"Taucorr":-0.033038000537306045},"EnergyVariance":{"Mean":16.311798639559576,"Sigma":1.7930523603891704,"Taucorr":0.0013068846740026396},"Iteration":26},
{"Acceptance":[0.635],"Energy":{"Mean":7.894864616287034,"Sigma":0.33107529269121083,"Taucorr":0.08876497448689735},"EnergyVariance":{"Mean":14.674269656373376,"Sigma":1.6357466781498795,"Taucorr":0.04196445446683916},"Iteration":27},
{"Acceptance":[0.621],"Energy":{"Mean":8.322864795204605,"Sigma":0.3743788930205009,"Taucorr":0.0785373329168414},"EnergyVariance":{"Mean":18.467180140658236,"Sigma":1.9161131767993056,"Taucorr":-0.0019382876169773966},"Iteration":28},
{"Acceptance":[0.613],"Energy":{"Mean":7.361050655134584,"Sigma":0.38411502656769314,"Taucorr":0.09561289585434285},"EnergyVariance":{"Mean":18.622606316153302,"Sigma":2.33887931408975,"Taucorr":0.22769062088672842},"Iteration":29},
{"Acceptance":[0.632],"Energy":{"Mean":7.2173574324077405,"Sigma":0.271334530148231,"Taucorr":-0.13716047773663936},"EnergyVariance":{"Mean":15.269322403444846,"Sigma":1.8029172783870653,"Taucorr":0.022959407710916757},"Iteration":30},
{"Acceptance":[0.6296666666666667],"Energy":{"Mean":6.819074912439506,"Sigma":0.3228560390405504,"Taucorr":-0.01459166523265315},"EnergyVariance":{"Mean":16.34891028708461,"Sigma":1.4711279048057848,"Taucorr":-0.08054930268095467},"Iteration":31},
{"Acceptance":[0.598],"Energy":{"Mean":6.921583772195885,"Sigma":0.32846642542789817,"Taucorr":0.0831527069678929},"EnergyVariance":{"Mean":15.288710593157393,"Sigma":1.1212010731689963,"Taucorr":-0.2239771161168479},"Iteration":32},
{"Acceptance":[0.614],"Energy":{"Mean":6.564299628700432,"Sigma":0.5314730572798202,"Taucorr":0.4007458296862626},"EnergyVariance":{"Mean":20.673212345581213,"Sigma":2.289848215639748,"Taucorr":-0.0373281364069914},"Iteration":33},
{"Acceptance":[0.5773333333333334],"Energy":{"Mean":6.453962372032327,"Sigma":0.3298722122719712,"Taucorr":-0.02708989748872398},"EnergyVariance":{"Mean":16.76387856911844,"Sigma":1.9415239975340968,"Taucorr":0.060327199780228824},"Iteration":34},
{"Acceptance":[0.58],"Energy":{"Mean":6.057009271781019,"Sigma":0.3698245895196144,"Taucorr":0.08829589706992846},"EnergyVariance":{"Mean":18.895603103770256,"Sigma":2.8943087932235545,"Taucorr":0.07255579040364435},"Iteration":35},
{"Acceptance":[0.5633333333333334],"Energy":{"Mean":5.43194415812599,"Sigma":0.40387244757677493,"Taucorr":0.2453442937684036},"EnergyVariance":{"Mean":16.331234677314356,"Sigma":1.759139432561737,"Taucorr":-0.1078841487862846},"Iteration":36},
{"Acceptance":[0.5786666666666667],"Energy":{"Mean":5.257777107195215,"Sigma":0.3357529200619405,"Taucorr":-0.06601314367928557},"EnergyVariance":{"Mean":19.33859402156947,"Sigma":2.5066554367216902,"Taucorr":-0.11673236394544456},"Iteration":37},
{"Acceptance":[0.55],"Energy":{"Mean":5.357618872981962,"Sigma":0.5314627556119488,"Taucorr":0.46002738221401207},"EnergyVariance":{"Mean":20.14092382073057,"Sigma":2.8851159967627313,"Taucorr":0.34945621148504635},"Iteration":38},
{"Acceptance":[0.5676666666666667],"Energy":{"Mean":5.05182415078303,"Sigma":0.3263657023304132,"Taucorr":0.1859113132117134},"EnergyVariance":{"Mean":13.033563021300548,"Sigma":2.155829227963002,"Taucorr":0.05196829044505247},"Iteration":39},
{"Acceptance":[0.55],"Energy":{"Mean":4.606729862057225,"Sigma":0.4787613417993084,"Taucorr":0.451665871158365},"EnergyVariance":{"Mean":18.81804137196799,"Sigma":2.3366322916882667,"Taucorr":0.1620080865211012},"Iteration":40},
{"Acceptance":[0.5563333333333333],"Energy":{"Mean":4.498610901057776,"Sigma":0.46281101110582695,"Taucorr":0.3928279098186901},"EnergyVariance":{"Mean":17.90630264941749,"Sigma":2.8128840455198896,"Taucorr":0.4009210284158473},"Iteration":41},
{"Acceptance":[0.5303333333333333],"Energy":{"Mean":3.267024911504426,"Sigma":0.32811263457135775,"Taucorr":0.12439555413701509},"EnergyVariance":{"Mean":15.799497822901177,"Sigma":2.304661161790245,"Taucorr":0.1077438655306936},"Iteration":42},
{"Acceptance":[0.543],"Energy":{"Mean":3.830141776514326,"Sigma":0.3731103125020168,"Taucorr":-0.01707376913131764},"EnergyVariance":{"Mean":22.05584082413803,"Sigma":2.5231832494542377,"Taucorr":-0.13453689201821162},"Iteration":43},
{"Acceptance":[0.5176666666666667],"Energy":{"Mean":3.4392346930236224,"Sigma":0.47571491757476864,"Taucorr":0.3203570494111979},"EnergyVariance":{"Mean":20.137674539436976,"Sigma":3.0398483696538716,"Taucorr":0.19193483331212258},"Iteration":44},
{"Acceptance":[0.5396666666666666],"Energy":{"Mean":3.3098937703028453,"Sigma":0.4278406541293875,"Taucorr":0.31258553608216466},"EnergyVariance":{"Mean":18.179304685830505,"Sigma":3.736234234942477,"Taucorr":0.11895885009993701},"Iteration":45},
{"Acceptance":[0.5093333333333333],"Energy":{"Mean":2.433497008026458,"Sigma":0.48760511550305635,"Taucorr":0.08185776702824199},"EnergyVariance":{"Mean":28.18679239269318,"Sigma":4.9015481581137115,"Taucorr":0.11139086209421967},"Iteration":46},
{"Acceptance":[0.5193333333333333],"Energy":{"Mean":2.7773604373780234,"Sigma":0.3317094202304362,"Taucorr":-0.021623088480077823},"EnergyVariance":{"Mean":18.419901838203703,"Sigma":2.0993447186455714,"Taucorr":-0.06353737184866404},"Iteration":47},
{"Acceptance":[0.51],"Energy":{"Mean":2.641052586865833,"Sigma":0.49442354777822567,"Taucorr":0.22496253298802948},"EnergyVariance":{"Mean":30.892746342298008,"Sigma":7.3171346686295395,"Taucorr":-0.001227475736328365},"Iteration":48},
{"Acceptance":[0.5196666666666667],"Energy":{"Mean":2.3605770226379326,"Sigma":0.4906643549867841,"Taucorr":0.22658860503636213},"EnergyVariance":{"Mean":21.47753377299027,"Sigma":2.448495364462102,"Taucorr":-0.15439864119621483},"Iteration":49},
{"Acceptance":[0.5133333333333333],"Energy":{"Mean":2.9512655942290884,"Sigma":0.41115139851690885,"Taucorr":0.22401775229733512},"EnergyVariance":{"Mean":18.180171379556334,"Sigma":3.243112798324255,"Taucorr":0.10478067925532053},"Iteration":50},
{"Acceptance":[0.509],"Energy":{"Mean":1.5542408178310834,"Sigma":0.5819687394261642,"Taucorr":0.3073800888260584},"EnergyVariance":{"Mean":33.243830565025355,"Sigma":5.122353547518723,"Taucorr":0.05831047735062678},"Iteration":51},
{"Acceptance":[0.489],"Energy":{"Mean":1.81073542194761,"Sigma":0.4637107212963177,"Taucorr":0.42956181567495777},"EnergyVariance":{"Mean":18.21543139546477,"Sigma":2.5831335830567124,"Taucorr":0.15231549917151055},"Iteration":52},
{"Acceptance":[0.48333333333333334],"Energy":{"Mean":0.07801415298803258,"Sigma":0.7463646709531965,"Taucorr":0.6750915602987642},"EnergyVariance":{"Mean":30.593724811223947,"Sigma":4.548057295667883,"Taucorr":0.5417595512315718},"Iteration":53},
{"Acceptance":[0.467],"Energy":{"Mean":0.7893213869350283,"Sigma":0.8017019384031072,"Taucorr":0.8693390618686541},"EnergyVariance":{"Mean":29.929416829889796,"Sigma":5.168552184584718,"Taucorr":0.4180247462079225},"Iteration":54},
{"Acceptance":[0.433],"Energy":{"Mean":0.5083752911776251,"Sigma":0.7425537449137435,"Taucorr":0.6697346278806051},"EnergyVariance":{"Mean":31.125386274904052,"Sigma":5.9946847980395495,"Taucorr":0.5166646125928467},"Iteration":55},
{"Acceptance":[0.41433333333333333],"Energy":{"Mean":-4.224785049278952,"Sigma":1.0037350986586535,"Taucorr":0.9591990881598165},"EnergyVariance":{"Mean":38.86332130952354,"Sigma":5.948205873970261,"Taucorr":0.3825335547524744},"Iteration":56},
{"Acceptance":[0.25666666666666665],"Energy":{"Mean":-4.183743369567778,"Sigma":1.2584087585309989,"Taucorr":1.3236561860688079},"EnergyVariance":{"Mean":46.15863478092106,"Sigma":4.282703929035908,"Taucorr":0.37796196035718577},"Iteration":57},
{"Acceptance":[0.14666666666666667],"Energy":{"Mean":-6.619088358063397,"Sigma":1.1840498399737487,"Taucorr":1.2451339137866317},"EnergyVariance":{"Mean":40.578894507388156,"Sigma":5.953525069466394,"Taucorr":0.5015037803609028},"Iteration":58},
{"Acceptance":[0.323],"Energy":{"Mean":-5.283003943523282,"Sigma":0.9741792512409726,"Taucorr":1.1587573476922022},"EnergyVariance":{"Mean":31.708150426346318,"Sigma":2.7919421751028337,"Taucorr":0.052305926130061464},"Iteration":59},
{"Acceptance":[0.0033333333333333335],"Energy":{"Mean":-10.023798288488052,"Sigma":0.0,"Taucorr":null},"EnergyVariance":{"Mean":0.00013002384824030192,"Sigma":0.0,"Taucorr":null},"Iteration":60},
{"Acceptance":[0.0],"Energy":{"Mean":-10.006534919075502,"Sigma":0.0,"Taucorr":null},"EnergyVariance":{"Mean":3.056521152064445e-05,"Sigma":0.0,"Taucorr":null},"Iteration":61},
{"Acceptance":[0.0],"Energy":{"Mean":-10.00138515158853,"Sigma":0.0,"Taucorr":null},"EnergyVariance":{"Mean":7.978574630692378e-06,"Sigma":0.0,"Taucorr":null},"Iteration":62},
{"Acceptance":[0.0],"Energy":{"Mean":-9.999917529475209,"Sigma":0.0,"Taucorr":null},"EnergyVariance":{"Mean":1.790047400987836e-06,"Sigma":0.0,"Taucorr":null},"Iteration":63},
{"Acceptance":[0.0],"Energy":{"Mean":-9.999606244360217,"Sigma":0.0,"Taucorr":null},"EnergyVariance":{"Mean":2.8532884485954163e-07,"Sigma":0.0,"Taucorr":null},"Iteration":64},
{"Acceptance":[0.0006666666666666666],"Energy":{"Mean":-9.999677430403727,"Sigma":3.264142758523236e-05,"Taucorr":0.5106382978739117},"EnergyVariance":{"Mean":6.942952441767825e-08,"Sigma":5.213828768922829e-08,"Taucorr":0.5106382978723405},"Iteration":65},
{"Acceptance":[0.0003333333333333333],"Energy":{"Mean":-10.0,"Sigma":0.0,"Taucorr":null},"EnergyVariance":{"Mean":3.2369437876762124e-38,"Sigma":0.0,"Taucorr":null},"Iteration":66},
{"Acceptance":[0.0],"Energy":{"Mean":-10.0,"Sigma":0.0,"Taucorr":null},"EnergyVariance":{"Mean":2.257973157000978e-30,"Sigma":0.0,"Taucorr":null},"Iteration":67},
{"Acceptance":[0.0003333333333333333],"Energy":{"Mean":-9.99999498748478,"Sigma":0.0,"Taucorr":null},"EnergyVariance":{"Mean":4.838726330629359e-13,"Sigma":0.0,"Taucorr":null},"Iteration":68},
{"Acceptance":[0.0],"Energy":{"Mean":-9.999998818162924,"Sigma":0.0,"Taucorr":null},"EnergyVariance":{"Mean":3.1463493713817067e-12,"Sigma":0.0,"Taucorr":null},"Iteration":69},
{"Acceptance":[0.0],"Energy":{"Mean":-10.000000396135599,"Sigma":0.0,"Taucorr":null},"EnergyVariance":{"Mean":1.1428839777209443e-12,"Sigma":0.0,"Taucorr":null},"Iteration":70},
{"Acceptance":[0.0],"Energy":{"Mean":-10.000000631272664,"Sigma":0.0,"Taucorr":null},"EnergyVariance":{"Mean":8.442970812449543e-14,"Sigma":0.0,"Taucorr":null},"Iteration":71},
{"Acceptance":[0.0],"Energy":{"Mean":-10.000000442378687,"Sigma":0.0,"Taucorr":null},"EnergyVariance":{"Mean":1.1114720129225832e-14,"Sigma":0.0,"Taucorr":null},"Iteration":72},
{"Acceptance":[0.0],"Energy":{"Mean":-10.000000213057634,"Sigma":0.0,"Taucorr":null},"EnergyVariance":{"Mean":5.121209796675982e-14,"Sigma":0.0,"Taucorr":null},"Iteration":73},
{"Acceptance":[0.0],"Energy":{"Mean":-10.00000005043305,"Sigma":0.0,"Taucorr":null},"EnergyVariance":{"Mean":4.56814052061179e-14,"Sigma":0.0,"Taucorr":null},"Iteration":74},
{"Acceptance":[0.0],"Energy":{"Mean":-9.999999960409317,"Sigma":0.0,"Taucorr":null},"EnergyVariance":{"Mean":2.4035194300047043e-14,"Sigma":0.0,"Taucorr":null},"Iteration":75},
{"Acceptance":[0.0],"Energy":{"Mean":-9.999999922608731,"Sigma":0.0,"Taucorr":null},"EnergyVariance":{"Mean":8.471252021361253e-15,"Sigma":0.0,"Taucorr":null},"Iteration":76},
{"Acceptance":[0.0],"Energy":{"Mean":-9.999999916061116,"Sigma":0.0,"Taucorr":null},"EnergyVariance":{"Mean":1.64858000938027e-15,"Sigma":0.0,"Taucorr":null},"Iteration":77},
{"Acceptance":[0.0],"Energy":{"Mean":-9.999999925556311,"Sigma":0.0,"Taucorr":null},"EnergyVariance":{"Mean":1.709549759048679e-17,"Sigma":0.0,"Taucorr":null},"Iteration":78},
{"Acceptance":[0.0013333333333333333],"Energy":{"Mean":-10.000000228818937,"Sigma":2.7767524531989612e-08,"Taucorr":1.4240059442649604},"EnergyVariance":{"Mean":5.613228659640243e-14,"Sigma":2.582803345166786e-15,"Taucorr":1.4240059457450764},"Iteration":79},
{"Acceptance":[0.0026666666666666666],"Energy":{"Mean":-9.520833480405496,"Sigma":0.16886011675648013,"Taucorr":1.35857264045937},"EnergyVariance":{"Mean":0.7287326707006327,"Sigma":0.17589595960177937,"Taucorr":1.3585726575319161},"Iteration":80},
{"Acceptance":[0.0003333333333333333],"Energy":{"Mean":-9.99999999769603,"Sigma":0.0,"Taucorr":null},"EnergyVariance":{"Mean":5.297672090246983e-19,"Sigma":0.0,"Taucorr":null},"Iteration":81},
{"Acceptance":[0.0],"Energy":{"Mean":-10.00000000009332,"Sigma":0.0,"Taucorr":null},"EnergyVariance":{"Mean":2.823371126628112e-21,"Sigma":0.0,"Taucorr":null},"Iteration":82},
{"Acceptance":[0.0],"Energy":{"Mean":-10.000000000007171,"Sigma":0.0,"Taucorr":null},"EnergyVariance":{"Mean":6.88214824734762e-23,"Sigma":0.0,"Taucorr":null},"Iteration":83},
{"Acceptance":[0.0],"Energy":{"Mean":-10.000000000000458,"Sigma":0.0,"Taucorr":null},"EnergyVariance":{"Mean":4.219340012327362e-24,"Sigma":0.0,"Taucorr":null},"Iteration":84},
{"Acceptance":[0.0],"Energy":{"Mean":-10.00000000000032,"Sigma":0.0,"Taucorr":null},"EnergyVariance":{"Mean":4.411747435776549e-25,"Sigma":0.0,"Taucorr":null},"Iteration":85},
{"Acceptance":[0.0],"Energy":{"Mean":-10.000000000000444,"Sigma":0.0,"Taucorr":null},"EnergyVariance":{"Mean":3.346521133215547e-26,"Sigma":0.0,"Taucorr":null},"Iteration":86},
{"Acceptance":[0.0],"Energy":{"Mean":-10.000000000000478,"Sigma":0.0,"Taucorr":null},"EnergyVariance":{"Mean":9.934840639752365e-26,"Sigma":0.0,"Taucorr":null},"Iteration":87},
{"Acceptance":[0.0],"Energy":{"Mean":-10.000000000000012,"Sigma":0.0,"Taucorr":null},"EnergyVariance":{"Mean":1.2876464345457856e-24,"Sigma":0.0,"Taucorr":null},"Iteration":88},
{"Acceptance":[0.0],"Energy":{"Mean":-9.999999999997666,"Sigma":0.0,"Taucorr":null},"EnergyVariance":{"Mean":4.9517293247308186e-24,"Sigma":0.0,"Taucorr":null},"Iteration":89},
{"Acceptance":[0.0],"Energy":{"Mean":-9.999999999989,"Sigma":0.0,"Taucorr":null},"EnergyVariance":{"Mean":4.028998816121477e-24,"Sigma":0.0,"Taucorr":null},"Iteration":90},
{"Acceptance":[0.0],"Energy":{"Mean":-9.999999999959279,"Sigma":0.0,"Taucorr":null},"EnergyVariance":{"Mean":4.050650745587207e-23,"Sigma":0.0,"Taucorr":null},"Iteration":91},
{"Acceptance":[0.0],"Energy":{"Mean":-9.999999999858936,"Sigma":0.0,"Taucorr":null},"EnergyVariance":{"Mean":1.6302756629201195e-21,"Sigma":0.0,"Taucorr":null},"Iteration":92},
{"Acceptance":[0.0],"Energy":{"Mean":-9.999999999536993,"Sigma":0.0,"Taucorr":null},"EnergyVariance":{"Mean":1.2837221318176218e-20,"Sigma":0.0,"Taucorr":null},"Iteration":93},
{"Acceptance":[0.0],"Energy":{"Mean":-9.999999998628331,"Sigma":0.0,"Taucorr":null},"EnergyVariance":{"Mean":1.44481101599845e-20,"Sigma":0.0,"Taucorr":null},"Iteration":94},
{"Acceptance":[0.0],"Energy":{"Mean":-9.999999996518543,"Sigma":0.0,"Taucorr":null},"EnergyVariance":{"Mean":2.3412178316412556e-19,"Sigma":0.0,"Taucorr":null},"Iteration":95},
{"Acceptance":[0.0],"Energy":{"Mean":-9.999999992676369,"Sigma":0.0,"Taucorr":null},"EnergyVariance":{"Mean":9.87376586474656e-18,"Sigma":0.0,"Taucorr":null},"Iteration":96},
{"Acceptance":[0.0],"Energy":{"Mean":-9.99999998751133,"Sigma":0.0,"Taucorr":null},"EnergyVariance":{"Mean":1.0702493442095171e-16,"Sigma":0.0,"Taucorr":null},"Iteration":97},
{"Acceptance":[0.0],"Energy":{"Mean":-9.999999983352412,"Sigma":0.0,"Taucorr":null},"EnergyVariance":{"Mean":6.222121532444668e-16,"Sigma":0.0,"Taucorr":null},"Iteration":98},
{"Acceptance":[0.0],"Energy":{"Mean":-9.999999984723287,"Sigma":0.0,"Taucorr":null},"EnergyVariance":{"Mean":2.370463730748876e-15,"Sigma":0.0,"Taucorr":null},"Iteration":99} 
]}
{"input": {"L": 14, "J": 1, "machine": {"type": "FFNN", "model": ["lncosh", 10, 3]}, "sampler": {"type": "MetropolisHop", "d_max": 5}, "optimizer": {"type": "AdaMax", "alpha": 0.001, "beta1": 0.9, "beta2": 0.999, "epscut": 1e-07}, "VMC": {"n_samples": 100, "discarded_samples": 100, "discarded_samples_on_init": 0, "target": "energy", "method": "Gd", "diag_shift": 0.01, "use_iterative": true, "use_cholesky": true}, "n_iter": 100}}
duration: -0.9168572425842285