{"Output": [
{"Acceptance":[0.8733333333333333],"Energy":{"Mean":11.814187327865193,"Sigma":0.28713382284142686,"Taucorr":0.010092489175312247},"EnergyVariance":{"Mean":7.784186017024904,"Sigma":1.0145559587604405,"Taucorr":-0.010617449736860185},"Iteration":0},
{"Acceptance":[0.86],"Energy":{"Mean":12.132243635780618,"Sigma":0.3861685691348114,"Taucorr":0.1168962343364024},"EnergyVariance":{"Mean":11.744719633735198,"Sigma":1.6991842831611286,"Taucorr":0.021660481249448416},"Iteration":1},
{"Acceptance":[0.8273333333333334],"Energy":{"Mean":11.34931619422012,"Sigma":0.3259436602952542,"Taucorr":0.16929209955781022},"EnergyVariance":{"Mean":8.089626045327622,"Sigma":1.1653453766508233,"Taucorr":0.09692341318680753},"Iteration":2},
{"Acceptance":[0.8046666666666666],"Energy":{"Mean":11.787634602170199,"Sigma":0.34785910447427876,"Taucorr":0.14333763173152314},"EnergyVariance":{"Mean":9.673720623161701,"Sigma":1.3906466274003693,"Taucorr":0.16471378654716906},"Iteration":3},
{"Acceptance":[0.8096666666666666],"Energy":{"Mean":11.849474044116146,"Sigma":0.3561144062239602,"Taucorr":0.13987802373619218},"EnergyVariance":{"Mean":10.587182790980506,"Sigma":0.9800408379863741,"Taucorr":-0.12708300599566702},"Iteration":4},
{"Acceptance":[0.7873333333333333],"Energy":{"Mean":11.10666332499395,"Sigma":0.41906979608005396,"Taucorr":0.21312138172711725},"EnergyVariance":{"Mean":12.629119751682913,"Sigma":1.2471636346986987,"Taucorr":-0.09367359825733279},"Iteration":5},
{"Acceptance":[0.782],"Energy":{"Mean":11.0412725669542,"Sigma":0.2721248952092444,"Taucorr":-0.024302329559356795},"EnergyVariance":{"Mean":8.78832455931883,"Sigma":1.0775060704095265,"Taucorr":0.08120473021199304},"Iteration":6},
{"Acceptance":[0.7463333333333333],"Energy":{"Mean":11.162520386816317,"Sigma":0.38285023338243784,"Taucorr":0.11214937738334485},"EnergyVariance":{"Mean":13.367140684619361,"Sigma":1.642214339094223,"Taucorr":-0.036438455964465766},"Iteration":7},
{"Acceptance":[0.7263333333333334],"Energy":{"Mean":10.409552750933903,"Sigma":0.30562278693015776,"Taucorr":-0.01233384723477321},"EnergyVariance":{"Mean":11.460501560660283,"Sigma":1.0712166257466775,"Taucorr":-0.13325476283608723},"Iteration":8},
{"Acceptance":[0.71],"Energy":{"Mean":9.01927452485729,"Sigma":0.28525936498697524,"Taucorr":-0.1304923046830253},"EnergyVariance":{"Mean":13.474433672814154,"Sigma":1.312618627475205,"Taucorr":0.10452570785759019},"Iteration":9},
{"Acceptance":[0.7143333333333334],"Energy":{"Mean":9.817479078796282,"Sigma":0.2729406885190153,"Taucorr":-0.11763749469233331},"EnergyVariance":{"Mean":11.921999156834866,"Sigma":1.5383104391604279,"Taucorr":0.00627043946287309},"Iteration":10},
{"Acceptance":[0.6816666666666666],"Energy":{"Mean":10.300928620199626,"Sigma":0.37232010254008496,"Taucorr":0.061523597235928706},"EnergyVariance":{"Mean":14.454701528603968,"Sigma":1.4305302077765483,"Taucorr":-0.09872156460059195},"Iteration":11},
{"Acceptance":[0.685],"Energy":{"Mean":9.533379624508207,"Sigma":0.41632315273302467,"Taucorr":0.2135810302096094},"EnergyVariance":{"Mean":15.71822607993015,"Sigma":1.5668240068614374,"Taucorr":-0.015893611082360537},"Iteration":12},
{"Acceptance":[0.6613333333333333],"Energy":{"Mean":8.451134180109571,"Sigma":0.4680173092027096,"Taucorr":0.31189673258217865},"EnergyVariance":{"Mean":17.908853435659715,"Sigma":2.088844137606935,"Taucorr":-0.07715784369132117},"Iteration":13},
{"Acceptance":[0.6533333333333333],"Energy":{"Mean":8.307686561936682,"Sigma":0.3101312378622181,"Taucorr":-0.10239349372059625},"EnergyVariance":{"Mean":14.825306997684978,"Sigma":2.110238856612116,"Taucorr":-0.022580921637952445},"Iteration":14},
{"Acceptance":[0.6176666666666667],"Energy":{"Mean":7.152662306799015,"Sigma":0.5367213001029713,"Taucorr":0.4415853470257861},"EnergyVariance":{"Mean":19.921917008251757,"Sigma":3.0916454448206174,"Taucorr":0.2691538599314457},"Iteration":15},
{"Acceptance":[0.6266666666666667],"Energy":{"Mean":8.069571759059388,"Sigma":0.4252510147183758,"Taucorr":0.11701762075867084},"EnergyVariance":{"Mean":19.351782055664447,"Sigma":1.8464212038044823,"Taucorr":-0.06409377756239482},"Iteration":16},
{"Acceptance":[0.6073333333333333],"Energy":{"Mean":7.815281373651444,"Sigma":0.3882069212878847,"Taucorr":0.16692878899841646},"EnergyVariance":{"Mean":16.98615734010417,"Sigma":2.719437662194632,"Taucorr":0.17207574209297793},"Iteration":17},
{"Acceptance":[0.5663333333333334],"Energy":{"Mean":6.627931130201803,"Sigma":0.3379831031152634,"Taucorr":0.0760055741713257},"EnergyVariance":{"Mean":15.715567910075412,"Sigma":2.2467668032225294,"Taucorr":0.2360088610956067},"Iteration":18},
{"Acceptance":[0.5883333333333334],"Energy":{"Mean":6.521729088374844,"Sigma":0.509580412158767,"Taucorr":0.4143821562735843},"EnergyVariance":{"Mean":20.393534326181744,"Sigma":3.6884337499490907,"Taucorr":0.6364362844810245},"Iteration":19},
{"Acceptance":[0.5536666666666666],"Energy":{"Mean":6.854823776540772,"Sigma":0.511182375140497,"Taucorr":0.38012792770343085},"EnergyVariance":{"Mean":20.82499444537563,"Sigma":1.951180373894639,"Taucorr":-0.09421445715565324},"Iteration":20},
{"Acceptance":[0.555],"Energy":{"Mean":5.596573929476626,"Sigma":0.3088648103993417,"Taucorr":0.08766130997984689},"EnergyVariance":{"Mean":16.03214022625666,"Sigma":1.2915294409533167,"Taucorr":-0.19667496545406232},"Iteration":21},
{"Acceptance":[0.54],"Energy":{"Mean":5.293723353746026,"Sigma":0.4391062960958512,"Taucorr":0.2912731438041889},"EnergyVariance":{"Mean":20.780461759950136,"Sigma":2.568248608277013,"Taucorr":0.20919489659819746},"Iteration":22},
{"Acceptance":[0.53],"Energy":{"Mean":5.1797644956426225,"Sigma":0.48154112253646963,"Taucorr":0.36741926526182367},"EnergyVariance":{"Mean":24.699712269843072,"Sigma":5.019256094273524,"Taucorr":0.328480593367767},"Iteration":23},
{"Acceptance":[0.5326666666666666],"Energy":{"Mean":5.056155851857557,"Sigma":0.5228867970356339,"Taucorr":0.5360139624389035},"EnergyVariance":{"Mean":21.504981542345757,"Sigma":3.0008223615587064,"Taucorr":0.41650323832635894},"Iteration":24},
{"Acceptance":[0.5116666666666667],"Energy":{"Mean":4.816841911841057,"Sigma":0.40262239469877875,"Taucorr":0.20018410308838286},"EnergyVariance":{"Mean":19.863131667673663,"Sigma":2.3047563169616025,"Taucorr":-0.029220946591723584},"Iteration":25},
{"Acceptance":[0.513],"Energy":{"Mean":4.2816705619634945,"Sigma":0.3895959129233109,"Taucorr":0.12287918046656332},"EnergyVariance":{"Mean":22.416088649129538,"Sigma":2.8522519722379935,"Taucorr":-0.0938196003335508},"Iteration":26},
{"Acceptance":[0.49566666666666664],"Energy":{"Mean":2.962715500180063,"Sigma":0.4583984983816788,"Taucorr":0.4054641123831916},"EnergyVariance":{"Mean":18.452979185885685,"Sigma":3.7295319562188554,"Taucorr":0.41578925526270416},"Iteration":27},
{"Acceptance":[0.5013333333333333],"Energy":{"Mean":3.25252477381875,"Sigma":0.3263714076109118,"Taucorr":-0.004011475967606315},"EnergyVariance":{"Mean":20.67190353022596,"Sigma":2.518708329756668,"Taucorr":0.02180108899753397},"Iteration":28},
{"Acceptance":[0.48133333333333334],"Energy":{"Mean":2.4160604922673006,"Sigma":0.5052375942380517,"Taucorr":0.37037609888053846},"EnergyVariance":{"Mean":21.36087658336023,"Sigma":2.852587323282825,"Taucorr":-0.04045720404172831},"Iteration":29},
{"Acceptance":[0.484],"Energy":{"Mean":1.8586208693978747,"Sigma":0.39110106579776344,"Taucorr":0.27914177312083766},"EnergyVariance":{"Mean":17.657931271881186,"Sigma":2.5110556110506503,"Taucorr":0.07560773364640772},"Iteration":30},
{"Acceptance":[0.4716666666666667],"Energy":{"Mean":3.5646127498520443,"Sigma":0.4194784117182715,"Taucorr":0.23870698430816184},"EnergyVariance":{"Mean":24.91322758730396,"Sigma":5.824651381698409,"Taucorr":0.2816285279711561},"Iteration":31},
{"Acceptance":[0.461],"Energy":{"Mean":1.3518645252582413,"Sigma":0.517833531747249,"Taucorr":0.5733166719715017},"EnergyVariance":{"Mean":19.16878495471215,"Sigma":3.907867642775112,"Taucorr":0.6515409267934025},"Iteration":32},
{"Acceptance":[0.4543333333333333],"Energy":{"Mean":1.3198390477987587,"Sigma":0.4455641537873927,"Taucorr":0.4104999796462433},"EnergyVariance":{"Mean":19.610774021009686,"Sigma":3.3451427544425822,"Taucorr":0.23114858601495591},"Iteration":33},
{"Acceptance":[0.4603333333333333],"Energy":{"Mean":1.2322179872481502,"Sigma":0.5681652606895625,"Taucorr":0.47453780541169865},"EnergyVariance":{"Mean":20.668917294635758,"Sigma":4.890615152221698,"Taucorr":0.3478168542873441},"Iteration":34},
{"Acceptance":[0.43533333333333335],"Energy":{"Mean":0.3638815989669906,"Sigma":0.4183693206902699,"Taucorr":0.25256562899994284},"EnergyVariance":{"Mean":24.325219703872477,"Sigma":4.077481625341578,"Taucorr":0.18051697730398553},"Iteration":35},
{"Acceptance":[0.425],"Energy":{"Mean":-1.527896953058892,"Sigma":0.6121938449266332,"Taucorr":0.6721942403151366},"EnergyVariance":{"Mean":21.054355021702378,"Sigma":3.0126926880991025,"Taucorr":0.238757768387437},"Iteration":36},
{"Acceptance":[0.3466666666666667],"Energy":{"Mean":-1.0529395497118752,"Sigma":0.6535099276549781,"Taucorr":0.6005423625106789},"EnergyVariance":{"Mean":28.959773643208617,"Sigma":6.229437633660432,"Taucorr":0.26366927095273984},"Iteration":37},
{"Acceptance":[0.206],"Energy":{"Mean":-4.624060475838065,"Sigma":0.937085497739236,"Taucorr":1.134086844335554},"EnergyVariance":{"Mean":30.34819497861063,"Sigma":2.9789760855381227,"Taucorr":0.0984709538591686},"Iteration":38},
{"Acceptance":[0.24633333333333332],"Energy":{"Mean":-4.36812487587772,"Sigma":0.9449178353265123,"Taucorr":1.013539864010562},"EnergyVariance":{"Mean":31.824967298162125,"Sigma":4.413957197681657,"Taucorr":0.15836459748644138},"Iteration":39},
{"Acceptance":[0.029],"Energy":{"Mean":-9.784134280360156,"Sigma":0.3252506824420554,"Taucorr":0.9174217492724075},"EnergyVariance":{"Mean":4.062512308255755,"Sigma":3.7483232977937444,"Taucorr":0.2687115781809025},"Iteration":40},
{"Acceptance":[0.13366666666666666],"Energy":{"Mean":-7.313789031901329,"Sigma":0.9014303633910901,"Taucorr":0.6535312538935825},"EnergyVariance":{"Mean":43.59622667156476,"Sigma":23.322360829602147,"Taucorr":-0.005207166077281666},"Iteration":41},
{"Acceptance":[0.012666666666666666],"Energy":{"Mean":-9.998874108617722,"Sigma":0.0629494106676295,"Taucorr":0.3081526896935777},"EnergyVariance":{"Mean":0.28278213065913416,"Sigma":0.10694075248484188,"Taucorr":0.3308417365644434},"Iteration":42},
{"Acceptance":[0.038],"Energy":{"Mean":-9.139302595064834,"Sigma":0.5131091351483339,"Taucorr":1.0478744535722864},"EnergyVariance":{"Mean":14.454408945706264,"Sigma":10.164351452360732,"Taucorr":0.17435948068792395},"Iteration":43},
{"Acceptance":[0.017],"Energy":{"Mean":-9.904916186473995,"Sigma":0.12287631710579339,"Taucorr":0.9657823025695116},"EnergyVariance":{"Mean":0.8103093910716138,"Sigma":0.23495122497884383,"Taucorr":0.2997007042311558},"Iteration":44},
{"Acceptance":[0.014],"Energy":{"Mean":-9.860809487265511,"Sigma":0.0755419261939967,"Taucorr":0.5370882879076355},"EnergyVariance":{"Mean":0.31137781269535725,"Sigma":0.12330944899477886,"Taucorr":0.45639965744199484},"Iteration":45},
{"Acceptance":[0.017666666666666667],"Energy":{"Mean":-9.994991836553433,"Sigma":0.0023559952915220336,"Taucorr":0.664031620553357},"EnergyVariance":{"Mean":0.0072380673508115004,"Sigma":0.0006845302580073976,"Taucorr":0.6640316205533596},"Iteration":46},
{"Acceptance":[0.015333333333333332],"Energy":{"Mean":-8.987937526551104,"Sigma":1.0131031179271235,"Taucorr":-0.026612484015025473},"EnergyVariance":{"Mean":103.27188694088171,"Sigma":102.24298624144505,"Taucorr":0.0017297145030705785},"Iteration":47},
{"Acceptance":[0.004333333333333333],"Energy":{"Mean":-10.003018643848694,"Sigma":0.001299626325357366,"Taucorr":0.6430738119312351},"EnergyVariance":{"Mean":0.0006845965036278537,"Sigma":3.3769197599075073e-06,"Taucorr":0.64307381193124},"Iteration":48},
{"Acceptance":[0.0003333333333333333],"Energy":{"Mean":-10.00016628883681,"Sigma":0.0,"Taucorr":null},"EnergyVariance":{"Mean":1.4883929807075615e-07,"Sigma":0.0,"Taucorr":null},"Iteration":49},
{"Acceptance":[0.0],"Energy":{"Mean":-9.99999132654592,"Sigma":0.0,"Taucorr":null},"EnergyVariance":{"Mean":8.603389922111889e-11,"Sigma":0.0,"Taucorr":null},"Iteration":50},
{"Acceptance":[0.0],"Energy":{"Mean":-9.999928747801654,"Sigma":0.0,"Taucorr":null},"EnergyVariance":{"Mean":1.677994658992935e-09,"Sigma":0.0,"Taucorr":null},"Iteration":51},
{"Acceptance":[0.0003333333333333333],"Energy":{"Mean":-10.001530051356186,"Sigma":0.0,"Taucorr":null},"EnergyVariance":{"Mean":3.507539240491118e-10,"Sigma":0.0,"Taucorr":null},"Iteration":52},
{"Acceptance":[0.0],"Energy":{"Mean":-10.000698583739313,"Sigma":0.0,"Taucorr":null},"EnergyVariance":{"Mean":2.3611519165745366e-07,"Sigma":0.0,"Taucorr":null},"Iteration":53},
{"Acceptance":[0.0006666666666666666],"Energy":{"Mean":-8.645872516814546,"Sigma":0.1867058902026807,"Taucorr":1.3930305318804614},"EnergyVariance":{"Mean":0.8746857913402776,"Sigma":0.13225908275384438,"Taucorr":1.393030531880461},"Iteration":54},
{"Acceptance":[0.0],"Energy":{"Mean":-10.00028029869473,"Sigma":0.0,"Taucorr":null},"EnergyVariance":{"Mean":1.4620418824540805e-07,"Sigma":0.0,"Taucorr":null},"Iteration":55},
{"Acceptance":[0.0],"Energy":{"Mean":-10.000341529813927,"Sigma":0.0,"Taucorr":null},"EnergyVariance":{"Mean":9.113048237264508e-08,"Sigma":0.0,"Taucorr":null},"Iteration":56},
{"Acceptance":[0.0],"Energy":{"Mean":-10.000363831753518,"Sigma":0.0,"Taucorr":null},"EnergyVariance":{"Mean":7.234101538767523e-08,"Sigma":0.0,"Taucorr":null},"Iteration":57},
{"Acceptance":[0.0],"Energy":{"Mean":-10.000364753224822,"Sigma":0.0,"Taucorr":null},"EnergyVariance":{"Mean":7.411754276287523e-08,"Sigma":0.0,"Taucorr":null},"Iteration":58},
{"Acceptance":[0.0],"Energy":{"Mean":-10.000349254309516,"Sigma":0.0,"Taucorr":null},"EnergyVariance":{"Mean":9.00023334777913e-08,"Sigma":0.0,"Taucorr":null},"Iteration":59},
{"Acceptance":[0.0],"Energy":{"Mean":-10.000318282962121,"Sigma":0.0,"Taucorr":null},"EnergyVariance":{"Mean":1.16840146380388e-07,"Sigma":0.0,"Taucorr":null},"Iteration":60},
{"Acceptance":[0.0013333333333333333],"Energy":{"Mean":-10.000221551679152,"Sigma":5.090639423273587e-05,"Taucorr":4.367617378875366e-13},"EnergyVariance":{"Mean":3.969029845274286e-07,"Sigma":2.430560226639439e-07,"Taucorr":0.0},"Iteration":61},
{"Acceptance":[0.0],"Energy":{"Mean":-10.000213307563934,"Sigma":0.0,"Taucorr":null},"EnergyVariance":{"Mean":1.8884296601807558e-07,"Sigma":0.0,"Taucorr":null},"Iteration":62},
{"Acceptance":[0.0],"Energy":{"Mean":-10.000143286820638,"Sigma":0.0,"Taucorr":null},"EnergyVariance":{"Mean":2.2422518893580028e-07,"Sigma":0.0,"Taucorr":null},"Iteration":63},
{"Acceptance":[0.0],"Energy":{"Mean":-10.000065504779382,"Sigma":0.0,"Taucorr":null},"EnergyVariance":{"Mean":2.5260069940745585e-07,"Sigma":0.0,"Taucorr":null},"Iteration":64},
{"Acceptance":[0.0006666666666666666],"Energy":{"Mean":-9.563067655951107,"Sigma":0.16839388750733178,"Taucorr":1.469129707401699},"EnergyVariance":{"Mean":0.6840260503659248,"Sigma":0.18963697653891776,"Taucorr":1.4720977211279036},"Iteration":65},
{"Acceptance":[0.005],"Energy":{"Mean":-10.000006829703922,"Sigma":0.0,"Taucorr":null},"EnergyVariance":{"Mean":9.212030975366083e-08,"Sigma":0.0,"Taucorr":null},"Iteration":66},
{"Acceptance":[0.0],"Energy":{"Mean":-10.000015628470617,"Sigma":0.0,"Taucorr":null},"EnergyVariance":{"Mean":2.952819384071556e-08,"Sigma":0.0,"Taucorr":null},"Iteration":67},
{"Acceptance":[0.0],"Energy":{"Mean":-10.000016706352199,"Sigma":0.0,"Taucorr":null},"EnergyVariance":{"Mean":8.834742145382073e-09,"Sigma":0.0,"Taucorr":null},"Iteration":68},
{"Acceptance":[0.0],"Energy":{"Mean":-10.000014325788037,"Sigma":0.0,"Taucorr":null},"EnergyVariance":{"Mean":2.4369179258100063e-09,"Sigma":0.0,"Taucorr":null},"Iteration":69},
{"Acceptance":[0.0],"Energy":{"Mean":-10.000010875555986,"Sigma":0.0,"Taucorr":null},"EnergyVariance":{"Mean":6.078758586340719e-10,"Sigma":0.0,"Taucorr":null},"Iteration":70},
{"Acceptance":[0.0],"Energy":{"Mean":-10.000007558026853,"Sigma":0.0,"Taucorr":null},"EnergyVariance":{"Mean":1.3271244268687075e-10,"Sigma":0.0,"Taucorr":null},"Iteration":71},
{"Acceptance":[0.0],"Energy":{"Mean":-10.00000486773581,"Sigma":0.0,"Taucorr":null},"EnergyVariance":{"Mean":2.381156683244499e-11,"Sigma":0.0,"Taucorr":null},"Iteration":72},
{"Acceptance":[0.0],"Energy":{"Mean":-10.000002909959012,"Sigma":0.0,"Taucorr":null},"EnergyVariance":{"Mean":3.023863050915572e-12,"Sigma":0.0,"Taucorr":null},"Iteration":73},
{"Acceptance":[0.0],"Energy":{"Mean":-10.000001602760172,"Sigma":0.0,"Taucorr":null},"EnergyVariance":{"Mean":1.546306686587908e-13,"Sigma":0.0,"Taucorr":null},"Iteration":74},
{"Acceptance":[0.0],"Energy":{"Mean":-10.00000079701332,"Sigma":0.0,"Taucorr":null},"EnergyVariance":{"Mean":8.034905974948608e-15,"Sigma":0.0,"Taucorr":null},"Iteration":75},
{"Acceptance":[0.0],"Energy":{"Mean":-10.000000340756435,"Sigma":0.0,"Taucorr":null},"EnergyVariance":{"Mean":3.840506939829278e-14,"Sigma":0.0,"Taucorr":null},"Iteration":76},
{"Acceptance":[0.0],"Energy":{"Mean":-10.000000107862952,"Sigma":0.0,"Taucorr":null},"EnergyVariance":{"Mean":2.697306714871322e-14,"Sigma":0.0,"Taucorr":null},"Iteration":77},
{"Acceptance":[0.0],"Energy":{"Mean":-10.0000000058387,"Sigma":0.0,"Taucorr":null},"EnergyVariance":{"Mean":1.023644291993599e-14,"Sigma":0.0,"Taucorr":null},"Iteration":78},
{"Acceptance":[0.0],"Energy":{"Mean":-9.99999997305911,"Sigma":0.0,"Taucorr":null},"EnergyVariance":{"Mean":2.24964311718227e-15,"Sigma":0.0,"Taucorr":null},"Iteration":79},
{"Acceptance":[0.0],"Energy":{"Mean":-9.999999971959145,"Sigma":0.0,"Taucorr":null},"EnergyVariance":{"Mean":1.7148817314653157e-16,"Sigma":0.0,"Taucorr":null},"Iteration":80},
{"Acceptance":[0.0],"Energy":{"Mean":-9.999999981767646,"Sigma":0.0,"Taucorr":null},"EnergyVariance":{"Mean":1.565421309247402e-17,"Sigma":0.0,"Taucorr":null},"Iteration":81},
{"Acceptance":[0.0],"Energy":{"Mean":-9.999999992402563,"Sigma":0.0,"Taucorr":null},"EnergyVariance":{"Mean":8.663876963649473e-17,"Sigma":0.0,"Taucorr":null},"Iteration":82},
{"Acceptance":[0.0],"Energy":{"Mean":-9.999999999983004,"Sigma":0.0,"Taucorr":null},"EnergyVariance":{"Mean":6.866873757269877e-17,"Sigma":0.0,"Taucorr":null},"Iteration":83},
{"Acceptance":[0.0],"Energy":{"Mean":-10.00000000384092,"Sigma":0.0,"Taucorr":null},"EnergyVariance":{"Mean":2.2684509933822056e-17,"Sigma":0.0,"Taucorr":null},"Iteration":84},
{"Acceptance":[0.0],"Energy":{"Mean":-10.000000004702075,"Sigma":0.0,"Taucorr":null},"EnergyVariance":{"Mean":1.147813168124274e-18,"Sigma":0.0,"Taucorr":null},"Iteration":85},
{"Acceptance":[0.0],"Energy":{"Mean":-10.00000000368302,"Sigma":0.0,"Taucorr":null},"EnergyVariance":{"Mean":2.738181143472444e-18,"Sigma":0.0,"Taucorr":null},"Iteration":86},
{"Acceptance":[0.0],"Energy":{"Mean":-10.000000001808353,"Sigma":0.0,"Taucorr":null},"EnergyVariance":{"Mean":9.462553229833847e-18,"Sigma":0.0,"Taucorr":null},"Iteration":87},
{"Acceptance":[0.0],"Energy":{"Mean":-9.999999999831438,"Sigma":0.0,"Taucorr":null},"EnergyVariance":{"Mean":1.089499221809995e-17,"Sigma":0.0,"Taucorr":null},"Iteration":88},
{"Acceptance":[0.0],"Energy":{"Mean":-9.999999998213845,"Sigma":0.0,"Taucorr":null},"EnergyVariance":{"Mean":6.953164293229681e-18,"Sigma":0.0,"Taucorr":null},"Iteration":89},
{"Acceptance":[0.0],"Energy":{"Mean":-9.999999997174948,"Sigma":0.0,"Taucorr":null},"EnergyVariance":{"Mean":2.069663360143439e-18,"Sigma":0.0,"Taucorr":null},"Iteration":90},
{"Acceptance":[0.0],"Energy":{"Mean":-9.999999996761964,"Sigma":0.0,"Taucorr":null},"EnergyVariance":{"Mean":5.1137147050663695e-22,"Sigma":0.0,"Taucorr":null},"Iteration":91},
{"Acceptance":[0.0],"Energy":{"Mean":-9.99999999691596,"Sigma":0.0,"Taucorr":null},"EnergyVariance":{"Mean":1.8698692059274185e-18,"Sigma":0.0,"Taucorr":null},"Iteration":92},
{"Acceptance":[0.0],"Energy":{"Mean":-9.99999999752398,"Sigma":0.0,"Taucorr":null},"EnergyVariance":{"Mean":6.589834092316096e-18,"Sigma":0.0,"Taucorr":null},"Iteration":93},
{"Acceptance":[0.0],"Energy":{"Mean":-9.999999998455605,"Sigma":0.0,"Taucorr":null},"EnergyVariance":{"Mean":1.2127161323056726e-17,"Sigma":0.0,"Taucorr":null},"Iteration":94},
{"Acceptance":[0.0],"Energy":{"Mean":-9.999999999585741,"Sigma":0.0,"Taucorr":null},"EnergyVariance":{"Mean":1.660681284980566e-17,"Sigma":0.0,"Taucorr":null},"Iteration":95},
{"Acceptance":[0.0],"Energy":{"Mean":-10.000000000806915,"Sigma":0.0,"Taucorr":null},"EnergyVariance":{"Mean":1.88932760443132e-17,"Sigma":0.0,"Taucorr":null},"Iteration":96},
{"Acceptance":[0.0],"Energy":{"Mean":-10.000000002034191,"Sigma":0.0,"Taucorr":null},"EnergyVariance":{"Mean":1.869487149434936e-17,"Sigma":0.0,"Taucorr":null},"Iteration":97},
{"Acceptance":[0.0],"Energy":{"Mean":-10.000000003205532,"Sigma":0.0,"Taucorr":null},"EnergyVariance":{"Mean":1.638277790033908e-17,"Sigma":0.0,"Taucorr":null},"Iteration":98},
{"Acceptance":[0.0],"Energy":{"Mean":-10.000000004279503,"Sigma":0.0,"Taucorr":null},"EnergyVariance":{"Mean":1.2709283536014956e-17,"Sigma":0.0,"Taucorr":null},"Iteration":99} 
]}
{"input": {"L": 14, "J": 1, "machine": {"type": "FFNN", "model": ["lncosh", 16, 4]}, "sampler": {"type": "MetropolisHop", "d_max": 5}, "optimizer": {"type": "AdaMax", "alpha": 0.001, "beta1": 0.9, "beta2": 0.999, "epscut": 1e-07}, "VMC": {"n_samples": 100, "discarded_samples": 100, "discarded_samples_on_init": 0, "target": "energy", "method": "Gd", "diag_shift": 0.01, "use_iterative": true, "use_cholesky": true}, "n_iter": 100}}
duration: -1.849207878112793