{"Output": [
{"Acceptance":[0.8893333333333333],"Energy":{"Mean":12.530567479583029,"Sigma":0.3292809027833092,"Taucorr":0.13602346759677097},"EnergyVariance":{"Mean":8.177703264029942,"Sigma":1.534316591492241,"Taucorr":0.04212627520590362},"Iteration":0},
{"Acceptance":[0.823],"Energy":{"Mean":11.759618196703158,"Sigma":0.26216094237144766,"Taucorr":-0.03920013652135318},"EnergyVariance":{"Mean":7.453932801684193,"Sigma":0.7755461213912627,"Taucorr":-0.1682341042341458},"Iteration":1},
{"Acceptance":[0.812],"Energy":{"Mean":11.105035724971746,"Sigma":0.39595780139217374,"Taucorr":0.3110401317265853},"EnergyVariance":{"Mean":9.84956260853529,"Sigma":1.2394241075960692,"Taucorr":-0.11164246559828855},"Iteration":2},
{"Acceptance":[0.7743333333333333],"Energy":{"Mean":11.23503486632338,"Sigma":0.30628673673528134,"Taucorr":-0.026495458212358824},"EnergyVariance":{"Mean":10.227263308460165,"Sigma":1.6807118509897632,"Taucorr":0.03207797955810554},"Iteration":3},
{"Acceptance":[0.7336666666666667],"Energy":{"Mean":10.753538310617744,"Sigma":0.3218441974624647,"Taucorr":-0.024429860855328056},"EnergyVariance":{"Mean":11.797621795992331,"Sigma":1.2909153450205382,"Taucorr":-0.07603519078875631},"Iteration":4},
{"Acceptance":[0.702],"Energy":{"Mean":10.650637208342452,"Sigma":0.41114422600430967,"Taucorr":0.35521421530004993},"EnergyVariance":{"Mean":10.997849002573561,"Sigma":1.8126908704803768,"Taucorr":0.30284990078971985},"Iteration":5},
{"Acceptance":[0.6973333333333334],"Energy":{"Mean":9.953304840551905,"Sigma":0.39533409351975735,"Taucorr":0.16489114512445813},"EnergyVariance":{"Mean":13.670217770861136,"Sigma":1.3945973928747,"Taucorr":-0.05498518325137308},"Iteration":6},
{"Acceptance":[0.6786666666666666],"Energy":{"Mean":9.596271663992768,"Sigma":0.4339415174669301,"Taucorr":0.2928953916490953},"EnergyVariance":{"Mean":14.029086229668337,"Sigma":1.699254025655721,"Taucorr":0.054515576014840694},"Iteration":7},
{"Acceptance":[0.637],"Energy":{"Mean":9.818470163846344,"Sigma":0.27745737684681493,"Taucorr":-0.20175578758505808},"EnergyVariance":{"Mean":15.693592103527548,"Sigma":1.6468392311824211,"Taucorr":-0.05710174935879814},"Iteration":8},
{"Acceptance":[0.6156666666666667],"Energy":{"Mean":7.128873418863481,"Sigma":0.47064306437873754,"Taucorr":0.27637436790948666},"EnergyVariance":{"Mean":16.854689478223452,"Sigma":2.0640077573733833,"Taucorr":-0.002494167304350592},"Iteration":9},
{"Acceptance":[0.5776666666666667],"Energy":{"Mean":6.663947284251424,"Sigma":0.35853392270283985,"Taucorr":-0.0236731693631988},"EnergyVariance":{"Mean":17.31305878923351,"Sigma":1.787620006808473,"Taucorr":0.06960611811509376},"Iteration":10},
{"Acceptance":[0.555],"Energy":{"Mean":7.127878014050533,"Sigma":0.572396699375931,"Taucorr":0.4282631204009737},"EnergyVariance":{"Mean":23.64091289890301,"Sigma":3.1506252281712226,"Taucorr":0.1946944230901757},"Iteration":11},
{"Acceptance":[0.5426666666666666],"Energy":{"Mean":5.257513283983645,"Sigma":0.45310873388878664,"Taucorr":0.38201709362774616},"EnergyVariance":{"Mean":15.604124230431642,"Sigma":1.6554833920308463,"Taucorr":-0.011940596287417893},"Iteration":12},
{"Acceptance":[0.5336666666666666],"Energy":{"Mean":6.270777808822584,"Sigma":0.5818297742952212,"Taucorr":0.32367773671389233},"EnergyVariance":{"Mean":27.76280193574923,"Sigma":3.7913053096798315,"Taucorr":0.19991218761616958},"Iteration":13},
{"Acceptance":[0.498],"Energy":{"Mean":5.305475989717399,"Sigma":0.5081311832360325,"Taucorr":0.31693352673829966},"EnergyVariance":{"Mean":24.10550894274575,"Sigma":3.911607134724898,"Taucorr":0.004432266657911188},"Iteration":14},
{"Acceptance":[0.49766666666666665],"Energy":{"Mean":5.144903524695048,"Sigma":0.5573779481548765,"Taucorr":0.5267022738749461},"EnergyVariance":{"Mean":21.890098928278803,"Sigma":2.7244338931307133,"Taucorr":-0.011263748365205273},"Iteration":15},
{"Acceptance":[0.4716666666666667],"Energy":{"Mean":3.789515771058967,"Sigma":0.5171502701376078,"Taucorr":0.3880323042795254},"EnergyVariance":{"Mean":23.19865681601845,"Sigma":2.677686566554172,"Taucorr":-0.015046847805921915},"Iteration":16},
{"Acceptance":[0.4503333333333333],"Energy":{"Mean":3.239732514842383,"Sigma":0.42354241347867216,"Taucorr":0.0872162194423538},"EnergyVariance":{"Mean":21.49536106197549,"Sigma":3.5160005703269053,"Taucorr":0.1011767224577036},"Iteration":17},
{"Acceptance":[0.41233333333333333],"Energy":{"Mean":2.7881576386404254,"Sigma":0.4748701654184864,"Taucorr":0.289607585188002},"EnergyVariance":{"Mean":22.812853883666552,"Sigma":4.229583478100072,"Taucorr":0.10874688927590903},"Iteration":18},
{"Acceptance":[0.393],"Energy":{"Mean":2.1461611300441112,"Sigma":0.5159265915912502,"Taucorr":0.4927944192168753},"EnergyVariance":{"Mean":21.84087349378538,"Sigma":2.3491895076012876,"Taucorr":-0.02163792782968743},"Iteration":19},
{"Acceptance":[0.381],"Energy":{"Mean":1.7504711910917965,"Sigma":0.41108620522373945,"Taucorr":0.24738190998512366},"EnergyVariance":{"Mean":18.432049426950297,"Sigma":2.761932954819921,"Taucorr":0.29443530994787803},"Iteration":20},
{"Acceptance":[0.35733333333333334],"Energy":{"Mean":-0.31453303535110877,"Sigma":0.4766560559298153,"Taucorr":0.33256222165565497},"EnergyVariance":{"Mean":20.607031015340404,"Sigma":2.8781991876281867,"Taucorr":0.06895312383985452},"Iteration":21},
{"Acceptance":[0.35633333333333334],"Energy":{"Mean":0.21890371129764746,"Sigma":0.62259175248682,"Taucorr":0.7364332780854024},"EnergyVariance":{"Mean":27.443172051466863,"Sigma":5.639888410061965,"Taucorr":0.6566113137746108},"Iteration":22},
{"Acceptance":[0.3313333333333333],"Energy":{"Mean":-0.8323125893969826,"Sigma":0.5620607657613724,"Taucorr":0.44307142285289014},"EnergyVariance":{"Mean":26.46905653934991,"Sigma":4.3668457665336,"Taucorr":0.40570429988802303},"Iteration":23},
{"Acceptance":[0.315],"Energy":{"Mean":-1.3482565577864611,"Sigma":0.6771636092311106,"Taucorr":0.8052134840674277},"EnergyVariance":{"Mean":33.18379136153415,"Sigma":8.808024552807455,"Taucorr":0.4020951357662891},"Iteration":24},
{"Acceptance":[0.29333333333333333],"Energy":{"Mean":-1.868164449822775,"Sigma":0.3919956544578565,"Taucorr":0.32849276771603775},"EnergyVariance":{"Mean":16.204246075818794,"Sigma":2.2966054731002448,"Taucorr":0.47857178437099956},"Iteration":25},
{"Acceptance":[0.30433333333333334],"Energy":{"Mean":-2.3421511125918184,"Sigma":0.5479273974957768,"Taucorr":0.8800016694085664},"EnergyVariance":{"Mean":25.07448505524044,"Sigma":3.68294947569912,"Taucorr":0.03145629614279444},"Iteration":26},
{"Acceptance":[0.30366666666666664],"Energy":{"Mean":-2.504009759050724,"Sigma":0.512544369284452,"Taucorr":0.5792707477619143},"EnergyVariance":{"Mean":27.522917551096743,"Sigma":7.82042506784572,"Taucorr":0.3807140997194005},"Iteration":27},
{"Acceptance":[0.2886666666666667],"Energy":{"Mean":-2.626154846191614,"Sigma":0.5175445911445057,"Taucorr":0.6816811835840786},"EnergyVariance":{"Mean":25.345285826883977,"Sigma":2.996499824642709,"Taucorr":0.010505503556228701},"Iteration":28},
{"Acceptance":[0.2673333333333333],"Energy":{"Mean":-3.1279952915017555,"Sigma":0.4802119860051597,"Taucorr":0.454515665187755},"EnergyVariance":{"Mean":22.246144295392536,"Sigma":2.4375189066601393,"Taucorr":-0.1310471283064626},"Iteration":29},
{"Acceptance":[0.267],"Energy":{"Mean":-3.698041089663857,"Sigma":0.4667024476260028,"Taucorr":0.7334103086487536},"EnergyVariance":{"Mean":24.00433556118332,"Sigma":3.96378595577835,"Taucorr":0.00020411645855356042},"Iteration":30},
{"Acceptance":[0.22866666666666666],"Energy":{"Mean":-4.239125146722955,"Sigma":0.529050724596231,"Taucorr":0.7720261890332725},"EnergyVariance":{"Mean":27.14254326425208,"Sigma":7.9705445362603795,"Taucorr":0.4119538734740342},"Iteration":31},
{"Acceptance":[0.23166666666666666],"Energy":{"Mean":-3.8344360688815375,"Sigma":0.4855620196207017,"Taucorr":0.5522302445216583},"EnergyVariance":{"Mean":24.205848985412317,"Sigma":4.386571158541793,"Taucorr":0.31983579874412005},"Iteration":32},
{"Acceptance":[0.242],"Energy":{"Mean":-3.641659904407906,"Sigma":0.46456709894985154,"Taucorr":0.7460435198567681},"EnergyVariance":{"Mean":32.72168065651841,"Sigma":8.53401098625447,"Taucorr":0.5737008554660934},"Iteration":33},
{"Acceptance":[0.21633333333333332],"Energy":{"Mean":-4.528979179690812,"Sigma":0.3782108021500134,"Taucorr":0.40537617485941513},"EnergyVariance":{"Mean":21.287065476395277,"Sigma":4.536647463717869,"Taucorr":0.5823884339500163},"Iteration":34},
{"Acceptance":[0.21933333333333332],"Energy":{"Mean":-6.0352376397015215,"Sigma":0.28972687004896364,"Taucorr":0.1835811959962862},"EnergyVariance":{"Mean":16.477657421703753,"Sigma":3.1225158664406027,"Taucorr":0.15448186102271566},"Iteration":35},
{"Acceptance":[0.2],"Energy":{"Mean":-5.233466013778289,"Sigma":0.42205141142062863,"Taucorr":0.49303943594366983},"EnergyVariance":{"Mean":19.039951266154112,"Sigma":2.448214304895147,"Taucorr":-0.05323958464634898},"Iteration":36},
{"Acceptance":[0.17466666666666666],"Energy":{"Mean":-5.648187175607814,"Sigma":0.3170872904919255,"Taucorr":0.5280100048960181},"EnergyVariance":{"Mean":30.4671918202843,"Sigma":14.408331548607418,"Taucorr":0.3821099145862754},"Iteration":37},
{"Acceptance":[0.20533333333333334],"Energy":{"Mean":-5.769900451303252,"Sigma":0.33359193121675096,"Taucorr":0.3668320257880683},"EnergyVariance":{"Mean":19.8827236020395,"Sigma":5.178787393533945,"Taucorr":0.3549372429983535},"Iteration":38},
{"Acceptance":[0.18166666666666667],"Energy":{"Mean":-6.130693809067832,"Sigma":0.4307887041355001,"Taucorr":0.6861645137821395},"EnergyVariance":{"Mean":14.060858047314792,"Sigma":2.3608490456808644,"Taucorr":0.3576624624739565},"Iteration":39},
{"Acceptance":[0.18966666666666668],"Energy":{"Mean":-6.22356061418192,"Sigma":0.37291477376618654,"Taucorr":0.3989207568322518},"EnergyVariance":{"Mean":19.73787632481175,"Sigma":4.223360931402807,"Taucorr":0.13379971563716553},"Iteration":40},
{"Acceptance":[0.16966666666666666],"Energy":{"Mean":-6.915162053971736,"Sigma":0.248670340878248,"Taucorr":0.1689343184387737},"EnergyVariance":{"Mean":10.253697728734316,"Sigma":1.5069517311987335,"Taucorr":-0.02045352330586825},"Iteration":41},
{"Acceptance":[0.16433333333333333],"Energy":{"Mean":-6.501981180447032,"Sigma":0.30179376750653314,"Taucorr":0.14338709979893927},"EnergyVariance":{"Mean":29.460987119005623,"Sigma":8.161664640790786,"Taucorr":0.2572201633052763},"Iteration":42},
{"Acceptance":[0.15566666666666668],"Energy":{"Mean":-7.512043683450514,"Sigma":0.34740752751758475,"Taucorr":0.5190299530845066},"EnergyVariance":{"Mean":16.420186450801182,"Sigma":7.218004353692352,"Taucorr":0.17027491656525573},"Iteration":43},
{"Acceptance":[0.15466666666666667],"Energy":{"Mean":-6.900501159003195,"Sigma":0.3157877968873817,"Taucorr":0.38039264127527206},"EnergyVariance":{"Mean":11.934768362660424,"Sigma":1.478207246168555,"Taucorr":0.08219004154023368},"Iteration":44},
{"Acceptance":[0.15],"Energy":{"Mean":-7.429060719361471,"Sigma":0.24998541970716487,"Taucorr":0.20429370548426662},"EnergyVariance":{"Mean":9.315989485900525,"Sigma":1.4287711681750728,"Taucorr":0.0048690959101954645},"Iteration":45},
{"Acceptance":[0.151],"Energy":{"Mean":-7.255654387986195,"Sigma":0.33324717212015975,"Taucorr":0.6207728501387408},"EnergyVariance":{"Mean":11.694888501984446,"Sigma":2.034789847965902,"Taucorr":0.20334037727981513},"Iteration":46},
{"Acceptance":[0.14966666666666667],"Energy":{"Mean":-7.541227404441562,"Sigma":0.4314456300865008,"Taucorr":0.7002204142555988},"EnergyVariance":{"Mean":18.08467323891346,"Sigma":3.8794982989587163,"Taucorr":0.32343005692181637},"Iteration":47},
{"Acceptance":[0.15766666666666668],"Energy":{"Mean":-7.627582310053608,"Sigma":0.3098172985644944,"Taucorr":0.32267397667057496},"EnergyVariance":{"Mean":12.359635145732563,"Sigma":2.528775279037998,"Taucorr":0.10729979661604405},"Iteration":48},
{"Acceptance":[0.12766666666666668],"Energy":{"Mean":-8.15959016322276,"Sigma":0.2301452184902812,"Taucorr":0.09493209078102383},"EnergyVariance":{"Mean":21.657342983206604,"Sigma":10.642682829043121,"Taucorr":0.9157752434863793},"Iteration":49},
{"Acceptance":[0.134],"Energy":{"Mean":-8.405738168676455,"Sigma":0.30144301028754916,"Taucorr":0.5307786065365507},"EnergyVariance":{"Mean":11.082810510577634,"Sigma":2.2425504928518234,"Taucorr":0.03890325342521328},"Iteration":50},
{"Acceptance":[0.13633333333333333],"Energy":{"Mean":-7.939338529587557,"Sigma":0.3899332596696111,"Taucorr":0.6345704746759375},"EnergyVariance":{"Mean":15.971036486113976,"Sigma":2.707833075852603,"Taucorr":-0.05000041029297603},"Iteration":51},
{"Acceptance":[0.14333333333333334],"Energy":{"Mean":-8.148008753418544,"Sigma":0.3243244091195924,"Taucorr":0.3390413149506759},"EnergyVariance":{"Mean":17.706758992661015,"Sigma":5.029446305961403,"Taucorr":0.10415698389964834},"Iteration":52},
{"Acceptance":[0.13033333333333333],"Energy":{"Mean":-8.30413742832565,"Sigma":0.34000988720508635,"Taucorr":0.2848167191674038},"EnergyVariance":{"Mean":17.98433806834771,"Sigma":4.130969734803495,"Taucorr":0.25809365591611044},"Iteration":53},
{"Acceptance":[0.126],"Energy":{"Mean":-8.599146318469236,"Sigma":0.27759207291318416,"Taucorr":0.3318484998322888},"EnergyVariance":{"Mean":8.030452810714987,"Sigma":1.7953991627792758,"Taucorr":0.114463507884633},"Iteration":54},
{"Acceptance":[0.126],"Energy":{"Mean":-7.806893964907285,"Sigma":0.2786685298452268,"Taucorr":0.30328010017464213},"EnergyVariance":{"Mean":10.537756691900004,"Sigma":1.9106464115177741,"Taucorr":-0.016850406472703527},"Iteration":55},
{"Acceptance":[0.12733333333333333],"Energy":{"Mean":-8.981590293784864,"Sigma":0.23822905646841383,"Taucorr":0.08800393855645472},"EnergyVariance":{"Mean":9.726870123401088,"Sigma":1.9086425373775802,"Taucorr":0.12490616068994376},"Iteration":56},
{"Acceptance":[0.12033333333333333],"Energy":{"Mean":-9.072075889913052,"Sigma":0.26523451700125733,"Taucorr":0.3343765863336622},"EnergyVariance":{"Mean":16.671921118601475,"Sigma":7.192991361119569,"Taucorr":0.007516567376193439},"Iteration":57},
{"Acceptance":[0.12333333333333334],"Energy":{"Mean":-8.451196500646397,"Sigma":0.31152934012976835,"Taucorr":0.23092641473411257},"EnergyVariance":{"Mean":15.072653965203163,"Sigma":4.703975139753163,"Taucorr":0.27707186150917995},"Iteration":58},
{"Acceptance":[0.12766666666666668],"Energy":{"Mean":-8.556471089413227,"Sigma":0.30277168263411935,"Taucorr":0.19898532241614864},"EnergyVariance":{"Mean":13.983850595461009,"Sigma":3.6365464918924295,"Taucorr":-0.010623582510219554},"Iteration":59},
{"Acceptance":[0.12666666666666668],"Energy":{"Mean":-8.611989419515968,"Sigma":0.5122911208639573,"Taucorr":0.8869895724844163},"EnergyVariance":{"Mean":17.632501561546093,"Sigma":6.0785568124908504,"Taucorr":0.8994350425741018},"Iteration":60},
{"Acceptance":[0.118],"Energy":{"Mean":-8.328835197720537,"Sigma":0.4186020071149489,"Taucorr":0.24688048588799405},"EnergyVariance":{"Mean":23.45559339179211,"Sigma":7.142324553414318,"Taucorr":0.22212356187683635},"Iteration":61},
{"Acceptance":[0.117],"Energy":{"Mean":-8.629542501086034,"Sigma":0.25662095448161865,"Taucorr":0.5050875574405347},"EnergyVariance":{"Mean":6.208212935168604,"Sigma":1.5020759310651302,"Taucorr":0.1720361147589472},"Iteration":62},
{"Acceptance":[0.11],"Energy":{"Mean":-8.886711276471555,"Sigma":0.4295420274373905,"Taucorr":0.15994945194728993},"EnergyVariance":{"Mean":29.629992917979614,"Sigma":18.66723412274133,"Taucorr":0.19805860727856905},"Iteration":63},
{"Acceptance":[0.10766666666666666],"Energy":{"Mean":-9.10060276286147,"Sigma":0.38643201923564946,"Taucorr":0.2638182870615472},"EnergyVariance":{"Mean":16.700367357953944,"Sigma":4.624160831068961,"Taucorr":0.6440462245143077},"Iteration":64},
{"Acceptance":[0.11533333333333333],"Energy":{"Mean":-8.57526797286408,"Sigma":0.35507603949536265,"Taucorr":0.3252028805915016},"EnergyVariance":{"Mean":12.02599152144283,"Sigma":2.240400880167254,"Taucorr":-0.06322916485842478},"Iteration":65},
{"Acceptance":[0.099],"Energy":{"Mean":-9.358991182712654,"Sigma":0.22591035771045148,"Taucorr":0.14548995024940503},"EnergyVariance":{"Mean":5.796154366420236,"Sigma":1.679759297441702,"Taucorr":0.20963681385316624},"Iteration":66},
{"Acceptance":[0.112],"Energy":{"Mean":-8.735554320550694,"Sigma":0.31524055328659206,"Taucorr":0.15260318800964512},"EnergyVariance":{"Mean":13.287536776978783,"Sigma":3.136708429963297,"Taucorr":0.18415648401213502},"Iteration":67},
{"Acceptance":[0.09766666666666667],"Energy":{"Mean":-9.300448278842541,"Sigma":0.2805319026582667,"Taucorr":0.18160847841672834},"EnergyVariance":{"Mean":11.520548739665804,"Sigma":3.276331029735611,"Taucorr":0.19925924449126187},"Iteration":68},
{"Acceptance":[0.11266666666666666],"Energy":{"Mean":-9.24305965327876,"Sigma":0.26334182624703595,"Taucorr":-0.03645492270797296},"EnergyVariance":{"Mean":12.379005037580702,"Sigma":3.3903694169835696,"Taucorr":0.22881464271409457},"Iteration":69},
{"Acceptance":[0.12066666666666667],"Energy":{"Mean":-8.74571361972539,"Sigma":0.38325197806448985,"Taucorr":0.37762408166415573},"EnergyVariance":{"Mean":14.586207275959266,"Sigma":2.7403483443984644,"Taucorr":0.24829722647194674},"Iteration":70},
{"Acceptance":[0.11266666666666666],"Energy":{"Mean":-8.633335173804799,"Sigma":0.38728119896599017,"Taucorr":0.5173985434611916},"EnergyVariance":{"Mean":8.75594789893832,"Sigma":1.5722897890934082,"Taucorr":0.08580989611387624},"Iteration":71},
{"Acceptance":[0.11933333333333333],"Energy":{"Mean":-9.084826424255441,"Sigma":0.2623488512227259,"Taucorr":0.04508501643986407},"EnergyVariance":{"Mean":14.08351289491832,"Sigma":3.6513005965373395,"Taucorr":0.16882287104207094},"Iteration":72},
{"Acceptance":[0.09766666666666667],"Energy":{"Mean":-9.70259365358448,"Sigma":0.2704800233463309,"Taucorr":0.3056792150703127},"EnergyVariance":{"Mean":6.797605510947774,"Sigma":2.13115201496038,"Taucorr":-0.017002677123195253},"Iteration":73},
{"Acceptance":[0.09333333333333334],"Energy":{"Mean":-9.632740000586573,"Sigma":0.3013755122216257,"Taucorr":0.4217117417234736},"EnergyVariance":{"Mean":7.275822007003454,"Sigma":2.5247438101701354,"Taucorr":0.20229998210389222},"Iteration":74},
{"Acceptance":[0.10066666666666667],"Energy":{"Mean":-8.981670040626131,"Sigma":0.3415801162973959,"Taucorr":0.489492378906353},"EnergyVariance":{"Mean":8.329888616144885,"Sigma":2.455200954065222,"Taucorr":0.3353657053154926},"Iteration":75},
{"Acceptance":[0.10433333333333333],"Energy":{"Mean":-9.831185042470509,"Sigma":0.5339429740602634,"Taucorr":0.5558298053891508},"EnergyVariance":{"Mean":24.029886092399636,"Sigma":7.253274562038412,"Taucorr":0.4492138858488738},"Iteration":76},
{"Acceptance":[0.089],"Energy":{"Mean":-9.824341850835602,"Sigma":0.1905770382028847,"Taucorr":0.13352662195368714},"EnergyVariance":{"Mean":5.574184383125815,"Sigma":1.5194052698242853,"Taucorr":0.0303175722282224},"Iteration":77},
{"Acceptance":[0.098],"Energy":{"Mean":-8.95577261349039,"Sigma":0.2539892390247114,"Taucorr":0.26792521869632724},"EnergyVariance":{"Mean":5.577662886472351,"Sigma":1.466476446516443,"Taucorr":0.02491096646453761},"Iteration":78},
{"Acceptance":[0.11366666666666667],"Energy":{"Mean":-8.960375166666152,"Sigma":0.24279788670476357,"Taucorr":-0.17079196596420126},"EnergyVariance":{"Mean":11.765511791118307,"Sigma":3.2141847459540807,"Taucorr":0.14490710950010544},"Iteration":79},
{"Acceptance":[0.10433333333333333],"Energy":{"Mean":-9.589694300468219,"Sigma":0.29607919986217246,"Taucorr":0.19329427998020787},"EnergyVariance":{"Mean":10.831587800225273,"Sigma":3.218462833369435,"Taucorr":0.4575524714369452},"Iteration":80},
{"Acceptance":[0.09633333333333334],"Energy":{"Mean":-8.938981146276769,"Sigma":0.2754251953968878,"Taucorr":0.03808540428673479},"EnergyVariance":{"Mean":9.504258320329466,"Sigma":1.8201278008128445,"Taucorr":0.27343415308768004},"Iteration":81},
{"Acceptance":[0.10366666666666667],"Energy":{"Mean":-10.07152123336878,"Sigma":0.18062935595932264,"Taucorr":-0.20108659052048006},"EnergyVariance":{"Mean":11.228718679859487,"Sigma":4.226690241996099,"Taucorr":0.23866533400756418},"Iteration":82},
{"Acceptance":[0.10766666666666666],"Energy":{"Mean":-9.21140745773805,"Sigma":0.2867527999734376,"Taucorr":0.4545953492739544},"EnergyVariance":{"Mean":7.985796106828405,"Sigma":2.8564378794776517,"Taucorr":0.11522895707001868},"Iteration":83},
{"Acceptance":[0.10433333333333333],"Energy":{"Mean":-9.493769741117088,"Sigma":0.23866152052193282,"Taucorr":0.21524040446528347},"EnergyVariance":{"Mean":4.861425110281151,"Sigma":0.9301381766945228,"Taucorr":0.22488986654410703},"Iteration":84},
{"Acceptance":[0.09933333333333333],"Energy":{"Mean":-10.10941359049589,"Sigma":0.5338319307673746,"Taucorr":0.0957534540422903},"EnergyVariance":{"Mean":39.267578179714924,"Sigma":18.474212327790823,"Taucorr":0.2998712063192206},"Iteration":85},
{"Acceptance":[0.102],"Energy":{"Mean":-9.28541706433735,"Sigma":0.2571062318974882,"Taucorr":0.0483569944159451},"EnergyVariance":{"Mean":7.877141866127823,"Sigma":2.4428876450869703,"Taucorr":0.08621161074332007},"Iteration":86},
{"Acceptance":[0.093],"Energy":{"Mean":-10.614348813922472,"Sigma":0.5935028448710343,"Taucorr":0.6190190255480543},"EnergyVariance":{"Mean":23.68999320852594,"Sigma":13.936196715829668,"Taucorr":0.6155701046169952},"Iteration":87},
{"Acceptance":[0.10833333333333334],"Energy":{"Mean":-9.15849324026398,"Sigma":0.3646401120255316,"Taucorr":0.2512733685962888},"EnergyVariance":{"Mean":12.537219175917851,"Sigma":4.076070410988661,"Taucorr":-0.010720787969705159},"Iteration":88},
{"Acceptance":[0.104],"Energy":{"Mean":-9.011621234023238,"Sigma":0.32257726157073463,"Taucorr":0.22098056505940067},"EnergyVariance":{"Mean":9.211765808814404,"Sigma":1.9807410958008083,"Taucorr":0.03940950913508923},"Iteration":89},
{"Acceptance":[0.087],"Energy":{"Mean":-9.574092151705512,"Sigma":0.3272321708303192,"Taucorr":0.0723428272452794},"EnergyVariance":{"Mean":14.235676522849095,"Sigma":7.658657595639248,"Taucorr":0.0997982673180493},"Iteration":90},
{"Acceptance":[0.09866666666666667],"Energy":{"Mean":-9.547347408636153,"Sigma":0.22865632427022928,"Taucorr":0.21417815233019866},"EnergyVariance":{"Mean":5.646277959136789,"Sigma":1.7185310127215778,"Taucorr":0.07908058403095009},"Iteration":91},
{"Acceptance":[0.107],"Energy":{"Mean":-9.6598396662608,"Sigma":0.2416405561455729,"Taucorr":-0.06400067234515605},"EnergyVariance":{"Mean":11.521827474025045,"Sigma":4.38144810805066,"Taucorr":0.03301871444782467},"Iteration":92},
{"Acceptance":[0.10266666666666667],"Energy":{"Mean":-9.567016455212086,"Sigma":0.4129065268908574,"Taucorr":0.16435070287088938},"EnergyVariance":{"Mean":18.14276258327444,"Sigma":6.576410020192374,"Taucorr":0.1779323318538708},"Iteration":93},
{"Acceptance":[0.08966666666666667],"Energy":{"Mean":-9.581661519086873,"Sigma":0.28641261429373926,"Taucorr":0.16450312698841818},"EnergyVariance":{"Mean":8.760456073687717,"Sigma":3.2351925014309435,"Taucorr":0.39867571771740584},"Iteration":94},
{"Acceptance":[0.09666666666666666],"Energy":{"Mean":-9.909907360631328,"Sigma":0.2213503100266819,"Taucorr":0.09428000997064834},"EnergyVariance":{"Mean":5.70138949657675,"Sigma":1.4323760743298273,"Taucorr":0.03364486509718001},"Iteration":95},
{"Acceptance":[0.09366666666666666],"Energy":{"Mean":-9.91311771806662,"Sigma":0.3917394461042812,"Taucorr":0.26846187906717056},"EnergyVariance":{"Mean":11.244568064428538,"Sigma":2.7495083169040995,"Taucorr":0.0748724840177244},"Iteration":96},
{"Acceptance":[0.10466666666666667],"Energy":{"Mean":-9.939940955972208,"Sigma":0.2844049639587507,"Taucorr":-9.764390968614034e-06},"EnergyVariance":{"Mean":9.292709376861827,"Sigma":2.242420116009923,"Taucorr":0.39804095592558564},"Iteration":97},
{"Acceptance":[0.109],"Energy":{"Mean":-8.712738221913161,"Sigma":0.5068015527502849,"Taucorr":0.6071766399462315},"EnergyVariance":{"Mean":13.609221199383898,"Sigma":4.280119763014681,"Taucorr":0.35057708078528216},"Iteration":98},
{"Acceptance":[0.11333333333333333],"Energy":{"Mean":-9.623813866146248,"Sigma":0.4614185316486046,"Taucorr":0.15165023163530822},"EnergyVariance":{"Mean":18.216814169699543,"Sigma":4.069213874425397,"Taucorr":0.09355455541183089},"Iteration":99} 
]}
{"input": {"L": 14, "J": 1, "machine": {"type": "FFNN", "model": ["lncosh", 21, 1]}, "sampler": {"type": "MetropolisHop", "d_max": 5}, "optimizer": {"type": "AdaMax", "alpha": 0.001, "beta1": 0.9, "beta2": 0.999, "epscut": 1e-07}, "VMC": {"n_samples": 100, "discarded_samples": 100, "discarded_samples_on_init": 0, "target": "energy", "method": "Gd", "diag_shift": 0.01, "use_iterative": true, "use_cholesky": true}, "n_iter": 100}}
duration: -0.28314757347106934