{"Output": [
{"Acceptance":[0.8676666666666667],"Energy":{"Mean":12.270490991263907,"Sigma":0.298154384046266,"Taucorr":0.005053930495873216},"EnergyVariance":{"Mean":8.554366842603741,"Sigma":1.1432953360723095,"Taucorr":0.0016710670901664004},"Iteration":0},
{"Acceptance":[0.7876666666666666],"Energy":{"Mean":11.851710618491024,"Sigma":0.2959169724487933,"Taucorr":-0.04880231872894397},"EnergyVariance":{"Mean":9.852347095517276,"Sigma":1.101713542887249,"Taucorr":-0.12336849287087648},"Iteration":1},
{"Acceptance":[0.727],"Energy":{"Mean":11.368815680628396,"Sigma":0.37864807028874925,"Taucorr":0.3070786145726684},"EnergyVariance":{"Mean":9.252178713699491,"Sigma":1.1929031353298696,"Taucorr":-0.02342855628432461},"Iteration":2},
{"Acceptance":[0.714],"Energy":{"Mean":10.741227362495462,"Sigma":0.4692861305907551,"Taucorr":0.3022706123355866},"EnergyVariance":{"Mean":14.903350286246898,"Sigma":2.0135461191231903,"Taucorr":-0.09174880810510017},"Iteration":3},
{"Acceptance":[0.6896666666666667],"Energy":{"Mean":10.175259430418121,"Sigma":0.38658506784465935,"Taucorr":0.22606886192947884},"EnergyVariance":{"Mean":12.043995443576042,"Sigma":1.390871817080069,"Taucorr":-0.027508851971655646},"Iteration":4},
{"Acceptance":[0.6683333333333333],"Energy":{"Mean":9.22882269363716,"Sigma":0.33766430403383463,"Taucorr":0.0063456423881959045},"EnergyVariance":{"Mean":12.768383830845817,"Sigma":1.5047447832705474,"Taucorr":0.07633418013780546},"Iteration":5},
{"Acceptance":[0.6456666666666667],"Energy":{"Mean":8.736667285051253,"Sigma":0.43498331684045843,"Taucorr":0.38427770407361805},"EnergyVariance":{"Mean":13.060727856284283,"Sigma":1.6334491298714884,"Taucorr":0.06959756562997321},"Iteration":6},
{"Acceptance":[0.6073333333333333],"Energy":{"Mean":8.986483016617791,"Sigma":0.4356145037930884,"Taucorr":0.1241893530400886},"EnergyVariance":{"Mean":17.803242479555763,"Sigma":2.147768745018294,"Taucorr":-0.05295384120830965},"Iteration":7},
{"Acceptance":[0.5713333333333334],"Energy":{"Mean":7.8874027364203085,"Sigma":0.36149941232869587,"Taucorr":0.0649739194813529},"EnergyVariance":{"Mean":15.374295813855161,"Sigma":1.7016350851979676,"Taucorr":-0.038729461262964004},"Iteration":8},
{"Acceptance":[0.556],"Energy":{"Mean":6.220559843679037,"Sigma":0.36647342549482426,"Taucorr":0.237361406293229},"EnergyVariance":{"Mean":14.239102619119501,"Sigma":1.5101978214035015,"Taucorr":0.07834593456648875},"Iteration":9},
{"Acceptance":[0.5416666666666666],"Energy":{"Mean":6.438022852574338,"Sigma":0.43491279162216534,"Taucorr":0.2276573517888304},"EnergyVariance":{"Mean":18.419989898081653,"Sigma":2.3685712422039806,"Taucorr":0.043553665481891324},"Iteration":10},
{"Acceptance":[0.5196666666666667],"Energy":{"Mean":5.917109110280555,"Sigma":0.41188319719360605,"Taucorr":0.05034788474332552},"EnergyVariance":{"Mean":20.30638555943481,"Sigma":1.688914765328262,"Taucorr":-0.20126176934612727},"Iteration":11},
{"Acceptance":[0.44466666666666665],"Energy":{"Mean":5.04854324115045,"Sigma":0.43474107749063245,"Taucorr":0.14305321669935678},"EnergyVariance":{"Mean":18.830305533146465,"Sigma":1.703493941598739,"Taucorr":-0.17634021723711385},"Iteration":12},
{"Acceptance":[0.4766666666666667],"Energy":{"Mean":4.773667432369204,"Sigma":0.41138071651032176,"Taucorr":0.24049994327613833},"EnergyVariance":{"Mean":21.02707893622724,"Sigma":2.2809209371919112,"Taucorr":-0.07535289788069383},"Iteration":13},
{"Acceptance":[0.45566666666666666],"Energy":{"Mean":4.6308514548577895,"Sigma":0.2816224277941785,"Taucorr":-0.002290262171836477},"EnergyVariance":{"Mean":15.732677325522912,"Sigma":2.1107144692051607,"Taucorr":0.07162896043087885},"Iteration":14},
{"Acceptance":[0.419],"Energy":{"Mean":3.118966831619096,"Sigma":0.4800088115462616,"Taucorr":0.3624772759978234},"EnergyVariance":{"Mean":20.226151456252275,"Sigma":2.183477105160231,"Taucorr":-0.10940731497644746},"Iteration":15},
{"Acceptance":[0.4046666666666667],"Energy":{"Mean":2.325262275682833,"Sigma":0.3266573616448813,"Taucorr":0.19518305257475854},"EnergyVariance":{"Mean":14.344254601915791,"Sigma":2.495005927988989,"Taucorr":0.2391369271392949},"Iteration":16},
{"Acceptance":[0.396],"Energy":{"Mean":1.8860439350673566,"Sigma":0.45182958492751896,"Taucorr":0.3719130236647067},"EnergyVariance":{"Mean":21.249900194301226,"Sigma":3.6280895783844156,"Taucorr":0.06828586211094978},"Iteration":17},
{"Acceptance":[0.37],"Energy":{"Mean":1.0125852856206063,"Sigma":0.30419527848231787,"Taucorr":0.16665455578785326},"EnergyVariance":{"Mean":15.082587072934253,"Sigma":1.832560297683954,"Taucorr":-0.07712643937558755},"Iteration":18},
{"Acceptance":[0.36766666666666664],"Energy":{"Mean":1.460129181911313,"Sigma":0.4560940273106976,"Taucorr":0.4237834091179632},"EnergyVariance":{"Mean":19.31536492294682,"Sigma":3.254427036617118,"Taucorr":0.2757871109375277},"Iteration":19},
{"Acceptance":[0.35233333333333333],"Energy":{"Mean":0.3618680117093244,"Sigma":0.3582107122124628,"Taucorr":0.4166183453376219},"EnergyVariance":{"Mean":13.059513769611538,"Sigma":1.9889422729459512,"Taucorr":0.11467441392596556},"Iteration":20},
{"Acceptance":[0.364],"Energy":{"Mean":0.4080371017657312,"Sigma":0.5440193623421522,"Taucorr":0.5414217803363002},"EnergyVariance":{"Mean":28.27602688614265,"Sigma":6.615829359501249,"Taucorr":0.0530051308596835},"Iteration":21},
{"Acceptance":[0.3313333333333333],"Energy":{"Mean":-0.5576078977897697,"Sigma":0.2863029810919855,"Taucorr":0.19178943542600457},"EnergyVariance":{"Mean":11.983454041402204,"Sigma":1.8817002266386842,"Taucorr":0.178956005551974},"Iteration":22},
{"Acceptance":[0.329],"Energy":{"Mean":-0.7334453135726596,"Sigma":0.2931098616445467,"Taucorr":0.17647756204229736},"EnergyVariance":{"Mean":12.720670573081103,"Sigma":1.7254973363048265,"Taucorr":0.16275385790357366},"Iteration":23},
{"Acceptance":[0.30266666666666664],"Energy":{"Mean":-1.9063499062560614,"Sigma":0.35210647078761703,"Taucorr":0.1573973641240719},"EnergyVariance":{"Mean":15.578451053542587,"Sigma":4.151659611016205,"Taucorr":0.30453492620016887},"Iteration":24},
{"Acceptance":[0.30133333333333334],"Energy":{"Mean":-1.9367720977291245,"Sigma":0.3341896780374333,"Taucorr":0.34670760712532245},"EnergyVariance":{"Mean":10.748043264369127,"Sigma":1.8183606677990258,"Taucorr":0.18737086877640308},"Iteration":25},
{"Acceptance":[0.2966666666666667],"Energy":{"Mean":-2.083138095526265,"Sigma":0.45838444494014347,"Taucorr":0.4408842311976827},"EnergyVariance":{"Mean":17.624977191366522,"Sigma":3.753614139799058,"Taucorr":0.095989948915432},"Iteration":26},
{"Acceptance":[0.29033333333333333],"Energy":{"Mean":-2.9064803549664378,"Sigma":0.30936964071748724,"Taucorr":0.44040256741437334},"EnergyVariance":{"Mean":9.143574841234079,"Sigma":1.695390745917849,"Taucorr":0.10395173983955974},"Iteration":27},
{"Acceptance":[0.276],"Energy":{"Mean":-2.643884785190303,"Sigma":0.35380141332495163,"Taucorr":0.3438088927663273},"EnergyVariance":{"Mean":13.313052539628638,"Sigma":1.9769526648851241,"Taucorr":0.14315710561798312},"Iteration":28},
{"Acceptance":[0.257],"Energy":{"Mean":-3.0990997078456965,"Sigma":0.28922779449816133,"Taucorr":0.06355777637640792},"EnergyVariance":{"Mean":13.184485157865858,"Sigma":1.937629432516994,"Taucorr":0.2465091169168614},"Iteration":29},
{"Acceptance":[0.26033333333333336],"Energy":{"Mean":-4.088022960113284,"Sigma":0.32166509360108075,"Taucorr":0.3381368345869312},"EnergyVariance":{"Mean":15.615203245245905,"Sigma":4.300733470713224,"Taucorr":0.4229190021189517},"Iteration":30},
{"Acceptance":[0.22866666666666666],"Energy":{"Mean":-3.7367984026838483,"Sigma":0.41108318008438155,"Taucorr":0.6628390195647513},"EnergyVariance":{"Mean":11.566074557131754,"Sigma":1.6341057388428935,"Taucorr":0.09914343378234869},"Iteration":31},
{"Acceptance":[0.222],"Energy":{"Mean":-4.4993174705199666,"Sigma":0.4023325621283454,"Taucorr":0.5877109164932455},"EnergyVariance":{"Mean":13.58477425609706,"Sigma":4.375015356947952,"Taucorr":0.1064651699022292},"Iteration":32},
{"Acceptance":[0.19933333333333333],"Energy":{"Mean":-4.652006118376259,"Sigma":0.26098362930967656,"Taucorr":0.27702927169350466},"EnergyVariance":{"Mean":9.709122420015918,"Sigma":1.549374561077827,"Taucorr":-0.06502842392516994},"Iteration":33},
{"Acceptance":[0.20366666666666666],"Energy":{"Mean":-5.787145266401797,"Sigma":0.2559407020897603,"Taucorr":0.16757990057245897},"EnergyVariance":{"Mean":9.89732498388163,"Sigma":1.5790134667491054,"Taucorr":0.2711949244549572},"Iteration":34},
{"Acceptance":[0.174],"Energy":{"Mean":-5.949364481694522,"Sigma":0.3293969277242459,"Taucorr":0.3472616109588509},"EnergyVariance":{"Mean":21.08752873434301,"Sigma":8.467308310266391,"Taucorr":0.02747342042169809},"Iteration":35},
{"Acceptance":[0.12933333333333333],"Energy":{"Mean":-6.349524485377884,"Sigma":0.181321335589488,"Taucorr":0.16526959347531434},"EnergyVariance":{"Mean":4.664533539765363,"Sigma":1.8085201433911744,"Taucorr":0.5223195667764968},"Iteration":36},
{"Acceptance":[0.142],"Energy":{"Mean":-6.436845477296323,"Sigma":0.20939301041212954,"Taucorr":0.13822562533703353},"EnergyVariance":{"Mean":6.685786122901134,"Sigma":2.283223165545567,"Taucorr":0.15447816784906898},"Iteration":37},
{"Acceptance":[0.10933333333333334],"Energy":{"Mean":-6.20907172910739,"Sigma":0.2180378988704062,"Taucorr":0.3449683779264904},"EnergyVariance":{"Mean":4.395111265499462,"Sigma":1.2659103407786134,"Taucorr":0.18623464060897488},"Iteration":38},
{"Acceptance":[0.08533333333333333],"Energy":{"Mean":-6.621952428194449,"Sigma":0.2854818897809831,"Taucorr":0.8862268955707822},"EnergyVariance":{"Mean":4.581817575336027,"Sigma":1.6364880678822862,"Taucorr":0.29575142595790527},"Iteration":39},
{"Acceptance":[0.082],"Energy":{"Mean":-6.0299021160508595,"Sigma":0.16655962783932404,"Taucorr":0.09377013854928617},"EnergyVariance":{"Mean":15.677993535056608,"Sigma":10.208069706885933,"Taucorr":0.013011756151751652},"Iteration":40},
{"Acceptance":[0.06433333333333334],"Energy":{"Mean":-5.916999444650934,"Sigma":0.1673482841099644,"Taucorr":-0.0818554537098295},"EnergyVariance":{"Mean":3.9786842122027295,"Sigma":1.825531512208542,"Taucorr":0.017398646297023257},"Iteration":41},
{"Acceptance":[0.05266666666666667],"Energy":{"Mean":-5.990576179083238,"Sigma":0.07405420491741523,"Taucorr":0.12718087504453446},"EnergyVariance":{"Mean":1.400751896002978,"Sigma":0.9039096025005624,"Taucorr":0.0039600285150149794},"Iteration":42},
{"Acceptance":[0.049666666666666665],"Energy":{"Mean":-5.926438707229029,"Sigma":0.12024421397026061,"Taucorr":0.4608347700287473},"EnergyVariance":{"Mean":0.8387765266232333,"Sigma":0.43681890436040693,"Taucorr":0.6341449343561696},"Iteration":43},
{"Acceptance":[0.04],"Energy":{"Mean":-6.039944509778969,"Sigma":0.023496532214534304,"Taucorr":0.26896119800614204},"EnergyVariance":{"Mean":0.05913551829668884,"Sigma":0.010347965691055925,"Taucorr":0.8554994298923826},"Iteration":44},
{"Acceptance":[0.04133333333333333],"Energy":{"Mean":-6.010215406606866,"Sigma":0.04081272891597364,"Taucorr":0.6011263574927392},"EnergyVariance":{"Mean":0.5801963398407067,"Sigma":0.3659095674534982,"Taucorr":0.1823341446368637},"Iteration":45},
{"Acceptance":[0.04666666666666667],"Energy":{"Mean":-6.030254684010975,"Sigma":0.041053123201386654,"Taucorr":0.16251870153187065},"EnergyVariance":{"Mean":0.20831984151585353,"Sigma":0.15786031528820624,"Taucorr":-0.008521057233505436},"Iteration":46},
{"Acceptance":[0.030333333333333334],"Energy":{"Mean":-6.077679561716426,"Sigma":0.018142660103483282,"Taucorr":0.366669166809966},"EnergyVariance":{"Mean":0.025902579498791507,"Sigma":0.00599603991665586,"Taucorr":0.03051994581823614},"Iteration":47},
{"Acceptance":[0.050666666666666665],"Energy":{"Mean":-6.5402977865483605,"Sigma":0.4283144654039357,"Taucorr":0.4933903584248668},"EnergyVariance":{"Mean":13.209534449695775,"Sigma":8.218728493125056,"Taucorr":0.46559373658056835},"Iteration":48},
{"Acceptance":[0.038],"Energy":{"Mean":-6.031630432549726,"Sigma":0.019241737697839534,"Taucorr":0.502454547412327},"EnergyVariance":{"Mean":0.037285862975669416,"Sigma":0.004956834242084344,"Taucorr":1.120059992230802},"Iteration":49},
{"Acceptance":[0.046],"Energy":{"Mean":-6.070438662204353,"Sigma":0.02018225154891033,"Taucorr":0.3202226980239222},"EnergyVariance":{"Mean":0.03860650994903286,"Sigma":0.0063662414586676845,"Taucorr":0.7853654429555068},"Iteration":50},
{"Acceptance":[0.04033333333333333],"Energy":{"Mean":-6.0684429966226165,"Sigma":0.022015942526066066,"Taucorr":0.3053995130111661},"EnergyVariance":{"Mean":0.0484697134994834,"Sigma":0.011233942996960514,"Taucorr":0.2699080708866328},"Iteration":51},
{"Acceptance":[0.049],"Energy":{"Mean":-6.024784627766918,"Sigma":0.042077208611210705,"Taucorr":1.0613117084561723},"EnergyVariance":{"Mean":0.9192570503219155,"Sigma":0.8293531839818595,"Taucorr":1.0303458486814216},"Iteration":52},
{"Acceptance":[0.054],"Energy":{"Mean":-6.433033176794371,"Sigma":0.4972992810329053,"Taucorr":0.6921973101668577},"EnergyVariance":{"Mean":12.651840587078649,"Sigma":9.776779277309105,"Taucorr":0.9574849462744706},"Iteration":53},
{"Acceptance":[0.04033333333333333],"Energy":{"Mean":-6.1665456370954095,"Sigma":0.03923823631538746,"Taucorr":0.004234507419850764},"EnergyVariance":{"Mean":0.32320206807314816,"Sigma":0.25923234613201634,"Taucorr":0.45870952300767687},"Iteration":54},
{"Acceptance":[0.044333333333333336],"Energy":{"Mean":-6.420054792161576,"Sigma":0.3281367907169584,"Taucorr":1.436179096823419},"EnergyVariance":{"Mean":2.8583385297281434,"Sigma":2.2391716418577916,"Taucorr":1.4894119234753687},"Iteration":55},
{"Acceptance":[0.055],"Energy":{"Mean":-6.257680358289496,"Sigma":0.06659583710670516,"Taucorr":0.4591519970693698},"EnergyVariance":{"Mean":0.7314216405686603,"Sigma":0.374183987751869,"Taucorr":0.4733334203480265},"Iteration":56},
{"Acceptance":[0.039],"Energy":{"Mean":-6.678922654316905,"Sigma":0.2787384186287272,"Taucorr":0.8399577707716575},"EnergyVariance":{"Mean":3.055323830347734,"Sigma":1.585791055619443,"Taucorr":0.4008602819244078},"Iteration":57},
{"Acceptance":[0.042333333333333334],"Energy":{"Mean":-6.7197953491496145,"Sigma":0.2972248536911619,"Taucorr":0.22135936966313186},"EnergyVariance":{"Mean":8.186914299473022,"Sigma":4.496786592819701,"Taucorr":-0.012073927893341552},"Iteration":58},
{"Acceptance":[0.048],"Energy":{"Mean":-6.3157013556761505,"Sigma":0.13820120431452285,"Taucorr":0.27401850389573523},"EnergyVariance":{"Mean":7.838676840784346,"Sigma":5.4344480471937135,"Taucorr":-0.003372319205371843},"Iteration":59},
{"Acceptance":[0.042333333333333334],"Energy":{"Mean":-6.410964309301003,"Sigma":0.132840162365051,"Taucorr":0.15854497887616703},"EnergyVariance":{"Mean":2.653928186814097,"Sigma":1.4743395424477086,"Taucorr":0.017833568455198012},"Iteration":60},
{"Acceptance":[0.036333333333333336],"Energy":{"Mean":-6.755574458335273,"Sigma":0.1988289680815144,"Taucorr":0.3058127550985854},"EnergyVariance":{"Mean":5.187456188807124,"Sigma":3.0125692233024393,"Taucorr":0.32882168827395497},"Iteration":61},
{"Acceptance":[0.04666666666666667],"Energy":{"Mean":-7.7994848544863045,"Sigma":0.7075354652246358,"Taucorr":0.04579607307391531},"EnergyVariance":{"Mean":62.00519539906481,"Sigma":39.30224283417017,"Taucorr":-0.020746480530004774},"Iteration":62},
{"Acceptance":[0.047],"Energy":{"Mean":-6.616883155835423,"Sigma":0.19393150465051512,"Taucorr":0.12321356942329975},"EnergyVariance":{"Mean":3.5420922950992586,"Sigma":2.5090271600452065,"Taucorr":0.01783227102638263},"Iteration":63},
{"Acceptance":[0.056666666666666664],"Energy":{"Mean":-6.649120161290692,"Sigma":0.191216601686528,"Taucorr":0.4434659626436561},"EnergyVariance":{"Mean":2.585353209960248,"Sigma":0.6534931887798037,"Taucorr":0.11869806883094713},"Iteration":64},
{"Acceptance":[0.049],"Energy":{"Mean":-6.817225513079304,"Sigma":0.12961301574856587,"Taucorr":-0.009257814502246109},"EnergyVariance":{"Mean":2.2358104803829986,"Sigma":1.1875768679355354,"Taucorr":-0.0007570448596130874},"Iteration":65},
{"Acceptance":[0.054],"Energy":{"Mean":-6.761199453984237,"Sigma":0.23013151290382525,"Taucorr":0.34744701807542044},"EnergyVariance":{"Mean":3.8030474650861628,"Sigma":1.8352820684980582,"Taucorr":-0.013323249965810413},"Iteration":66},
{"Acceptance":[0.062],"Energy":{"Mean":-6.776140396228009,"Sigma":0.2808005287727336,"Taucorr":0.6155210434856928},"EnergyVariance":{"Mean":4.452404641431573,"Sigma":2.9954155761934396,"Taucorr":0.6309584341931402},"Iteration":67},
{"Acceptance":[0.06233333333333333],"Energy":{"Mean":-6.643719399022772,"Sigma":0.1666910005363311,"Taucorr":0.47414445249664494},"EnergyVariance":{"Mean":1.4340519023189653,"Sigma":0.4642692805909477,"Taucorr":0.7224442766478896},"Iteration":68},
{"Acceptance":[0.052],"Energy":{"Mean":-6.866221110084629,"Sigma":0.2772568960078953,"Taucorr":0.1137433976491683},"EnergyVariance":{"Mean":20.64708109134358,"Sigma":17.26684632992787,"Taucorr":-0.004219165798535374},"Iteration":69},
{"Acceptance":[0.060333333333333336],"Energy":{"Mean":-6.556370479788853,"Sigma":0.1596474732207839,"Taucorr":0.3790560403187131},"EnergyVariance":{"Mean":8.668117949588401,"Sigma":7.31406446482291,"Taucorr":0.016739431502352797},"Iteration":70},
{"Acceptance":[0.07066666666666667],"Energy":{"Mean":-6.889060698713166,"Sigma":0.1932419327300467,"Taucorr":0.5670200754892503},"EnergyVariance":{"Mean":1.88078469775566,"Sigma":0.48232432096851724,"Taucorr":0.4426812673439622},"Iteration":71},
{"Acceptance":[0.071],"Energy":{"Mean":-6.660462312952039,"Sigma":0.09732676158129128,"Taucorr":0.2830893027627469},"EnergyVariance":{"Mean":0.6375972223252547,"Sigma":0.1389264708931046,"Taucorr":0.2958183657545026},"Iteration":72},
{"Acceptance":[0.07466666666666667],"Energy":{"Mean":-7.220191392435004,"Sigma":0.4043541764970391,"Taucorr":0.48515266782798594},"EnergyVariance":{"Mean":13.068684565193143,"Sigma":6.02094690020966,"Taucorr":0.21990135004038058},"Iteration":73},
{"Acceptance":[0.07633333333333334],"Energy":{"Mean":-5.589249330230235,"Sigma":1.1010402000882586,"Taucorr":0.5299738747278642},"EnergyVariance":{"Mean":172.85476110092708,"Sigma":169.27791948816085,"Taucorr":0.5545929783699712},"Iteration":74},
{"Acceptance":[0.076],"Energy":{"Mean":-7.069851015339065,"Sigma":0.22402402822308137,"Taucorr":0.21911217331320199},"EnergyVariance":{"Mean":9.75185446560298,"Sigma":5.7073134558912075,"Taucorr":0.006491417672641053},"Iteration":75},
{"Acceptance":[0.09233333333333334],"Energy":{"Mean":-7.62570475665397,"Sigma":0.3278709782701838,"Taucorr":0.7337365780224658},"EnergyVariance":{"Mean":4.593051310819549,"Sigma":0.9045018271078009,"Taucorr":0.15824283679005524},"Iteration":76},
{"Acceptance":[0.082],"Energy":{"Mean":-7.665230476429923,"Sigma":0.4664493222184799,"Taucorr":1.1144994597649671},"EnergyVariance":{"Mean":7.854570262924854,"Sigma":4.124341850295104,"Taucorr":1.0741286494251752},"Iteration":77},
{"Acceptance":[0.088],"Energy":{"Mean":-7.739070083141238,"Sigma":0.8125292868443428,"Taucorr":0.023632520122524925},"EnergyVariance":{"Mean":96.92358319975651,"Sigma":90.04836485745538,"Taucorr":-0.0020044884902086224},"Iteration":78},
{"Acceptance":[0.12466666666666666],"Energy":{"Mean":-8.704142195470013,"Sigma":0.639550994246321,"Taucorr":0.8341989765253308},"EnergyVariance":{"Mean":62.229298348447664,"Sigma":43.261537989774915,"Taucorr":0.2602106656717442},"Iteration":79},
{"Acceptance":[0.084],"Energy":{"Mean":-7.881391295621111,"Sigma":0.239665024561255,"Taucorr":0.4605681569992798},"EnergyVariance":{"Mean":3.9039908015667457,"Sigma":1.0105530481413143,"Taucorr":0.17193685219573018},"Iteration":80},
{"Acceptance":[0.08433333333333333],"Energy":{"Mean":-7.791033381695564,"Sigma":0.29757754435089384,"Taucorr":0.12402110354039719},"EnergyVariance":{"Mean":8.737433580034523,"Sigma":3.5850468447497863,"Taucorr":0.014066726133576846},"Iteration":81},
{"Acceptance":[0.12033333333333333],"Energy":{"Mean":-7.219817582009419,"Sigma":0.25044883683704255,"Taucorr":0.009508214890661448},"EnergyVariance":{"Mean":7.20809131955469,"Sigma":2.1783514852990997,"Taucorr":0.4287509247902127},"Iteration":82},
{"Acceptance":[0.13166666666666665],"Energy":{"Mean":-7.590318200491957,"Sigma":0.20169767970150695,"Taucorr":-0.2152769212426771},"EnergyVariance":{"Mean":17.916367224110832,"Sigma":10.54042608320498,"Taucorr":0.030380510033909625},"Iteration":83},
{"Acceptance":[0.11833333333333333],"Energy":{"Mean":-8.059680393406566,"Sigma":0.21534364202685635,"Taucorr":0.12997825245665595},"EnergyVariance":{"Mean":4.883213000786418,"Sigma":1.032551933727646,"Taucorr":0.20705276698903607},"Iteration":84},
{"Acceptance":[0.13466666666666666],"Energy":{"Mean":-8.378548662640625,"Sigma":0.22773790136961705,"Taucorr":0.14589425219551955},"EnergyVariance":{"Mean":7.162285994223906,"Sigma":2.3117744312810893,"Taucorr":0.5248868552546779},"Iteration":85},
{"Acceptance":[0.141],"Energy":{"Mean":-8.289318777010907,"Sigma":0.34446700010622694,"Taucorr":0.16830726416785258},"EnergyVariance":{"Mean":10.63337962735346,"Sigma":3.9900133365931665,"Taucorr":-0.004476867113605454},"Iteration":86},
{"Acceptance":[0.173],"Energy":{"Mean":-8.329305253734068,"Sigma":0.36703445289321907,"Taucorr":-0.21374272295319696},"EnergyVariance":{"Mean":31.49782781202686,"Sigma":12.79638005325243,"Taucorr":0.07048682905449966},"Iteration":87},
{"Acceptance":[0.17533333333333334],"Energy":{"Mean":-8.159281515612594,"Sigma":0.3487145817503805,"Taucorr":0.28432291411003063},"EnergyVariance":{"Mean":9.845127774291761,"Sigma":2.753665409139975,"Taucorr":0.10137299465962257},"Iteration":88},
{"Acceptance":[0.15733333333333333],"Energy":{"Mean":-8.890022360004147,"Sigma":0.26682813341321476,"Taucorr":0.03990621309106479},"EnergyVariance":{"Mean":8.033388423738126,"Sigma":2.4952925252803118,"Taucorr":0.14114289369573607},"Iteration":89},
{"Acceptance":[0.15966666666666668],"Energy":{"Mean":-8.959295921925696,"Sigma":0.42073547589218985,"Taucorr":0.5482241315269465},"EnergyVariance":{"Mean":10.667786214334338,"Sigma":2.9484469461824503,"Taucorr":0.603968115682689},"Iteration":90},
{"Acceptance":[0.16533333333333333],"Energy":{"Mean":-8.143593328239708,"Sigma":0.321490875630913,"Taucorr":0.30822603950216165},"EnergyVariance":{"Mean":8.28339057416813,"Sigma":1.5394776852698695,"Taucorr":0.24232645330153602},"Iteration":91},
{"Acceptance":[0.15433333333333332],"Energy":{"Mean":-8.68070717768902,"Sigma":0.35374191068711736,"Taucorr":0.47483007539997824},"EnergyVariance":{"Mean":11.610749467653212,"Sigma":4.810591812866735,"Taucorr":0.3742895910496281},"Iteration":92},
{"Acceptance":[0.16433333333333333],"Energy":{"Mean":-9.275073080196721,"Sigma":0.32499755733705743,"Taucorr":0.19594443580716947},"EnergyVariance":{"Mean":11.628213503556978,"Sigma":2.508759815510706,"Taucorr":0.09058396311851613},"Iteration":93},
{"Acceptance":[0.19066666666666668],"Energy":{"Mean":-8.47831145974046,"Sigma":0.3663670155691037,"Taucorr":0.11541959510038358},"EnergyVariance":{"Mean":15.312314384171541,"Sigma":3.500046859010696,"Taucorr":0.026579428610943978},"Iteration":94},
{"Acceptance":[0.145],"Energy":{"Mean":-8.562978879197832,"Sigma":0.353209092131828,"Taucorr":0.23526116306767453},"EnergyVariance":{"Mean":14.982304107940246,"Sigma":5.991355085329509,"Taucorr":0.20814001508465463},"Iteration":95},
{"Acceptance":[0.14933333333333335],"Energy":{"Mean":-8.348472958930401,"Sigma":0.3486679940626471,"Taucorr":0.3810074218156769},"EnergyVariance":{"Mean":9.815482886600648,"Sigma":3.9536840620110705,"Taucorr":0.09527284859978968},"Iteration":96},
{"Acceptance":[0.16266666666666665],"Energy":{"Mean":-9.49766250727115,"Sigma":0.5087311166672741,"Taucorr":0.6443394446629487},"EnergyVariance":{"Mean":15.952483983708056,"Sigma":10.152227691932534,"Taucorr":0.24045878621884587},"Iteration":97},
{"Acceptance":[0.13566666666666666],"Energy":{"Mean":-9.214728998851657,"Sigma":0.34286120918698415,"Taucorr":0.07175319149732662},"EnergyVariance":{"Mean":18.92663507079857,"Sigma":12.21172000078564,"Taucorr":-0.0021248468597920844},"Iteration":98},
{"Acceptance":[0.15],"Energy":{"Mean":-8.946146580071819,"Sigma":0.32604010965858565,"Taucorr":0.21284885165595113},"EnergyVariance":{"Mean":9.283539722609111,"Sigma":1.7522822694846896,"Taucorr":0.0833801377504122},"Iteration":99} 
]}
{"input": {"L": 14, "J": 1, "machine": {"type": "FFNN", "model": ["lncosh", 28, 4]}, "sampler": {"type": "MetropolisHop", "d_max": 5}, "optimizer": {"type": "AdaMax", "alpha": 0.001, "beta1": 0.9, "beta2": 0.999, "epscut": 1e-07}, "VMC": {"n_samples": 100, "discarded_samples": 100, "discarded_samples_on_init": 0, "target": "energy", "method": "Gd", "diag_shift": 0.01, "use_iterative": true, "use_cholesky": true}, "n_iter": 100}}
duration: -2.936797618865967