{"Output": [
{"Acceptance":[0.857],"Energy":{"Mean":11.741769560404478,"Sigma":0.3157962356197577,"Taucorr":0.06809790151311701},"EnergyVariance":{"Mean":8.58792001561013,"Sigma":1.4883209809085356,"Taucorr":0.10461319157277782},"Iteration":0},
{"Acceptance":[0.7763333333333333],"Energy":{"Mean":11.628838018104966,"Sigma":0.3956087984630026,"Taucorr":0.3908031778248988},"EnergyVariance":{"Mean":8.95645934422735,"Sigma":1.3981132412854698,"Taucorr":0.20007361693971815},"Iteration":1},
{"Acceptance":[0.745],"Energy":{"Mean":11.181165041769273,"Sigma":0.40000040800315484,"Taucorr":0.21397740072210614},"EnergyVariance":{"Mean":11.600154550576763,"Sigma":1.087778999680851,"Taucorr":-0.10876157852767532},"Iteration":2},
{"Acceptance":[0.7203333333333334],"Energy":{"Mean":10.828383548683354,"Sigma":0.4576779922761862,"Taucorr":0.44577860676840175},"EnergyVariance":{"Mean":12.199367289072265,"Sigma":1.7813802068202826,"Taucorr":0.03498522282117089},"Iteration":3},
{"Acceptance":[0.6926666666666667],"Energy":{"Mean":8.811120840059408,"Sigma":0.2528326485152599,"Taucorr":-0.1725960602132774},"EnergyVariance":{"Mean":11.426302188365263,"Sigma":1.3495977461172166,"Taucorr":0.1866991331904131},"Iteration":4},
{"Acceptance":[0.6626666666666666],"Energy":{"Mean":7.942362756439766,"Sigma":0.4737690338152598,"Taucorr":0.46491089282394826},"EnergyVariance":{"Mean":13.827972923099297,"Sigma":2.450853893111618,"Taucorr":0.12156872377480332},"Iteration":5},
{"Acceptance":[0.6546666666666666],"Energy":{"Mean":8.225596832370591,"Sigma":0.5528892952653651,"Taucorr":0.48167218680357915},"EnergyVariance":{"Mean":20.529430656034837,"Sigma":2.1218849954527537,"Taucorr":0.042892788125919123},"Iteration":6},
{"Acceptance":[0.6133333333333333],"Energy":{"Mean":8.458884799230754,"Sigma":0.3994114343305087,"Taucorr":0.09566650870202997},"EnergyVariance":{"Mean":17.058349720704076,"Sigma":2.0628522086218672,"Taucorr":0.24507297514127602},"Iteration":7},
{"Acceptance":[0.5943333333333334],"Energy":{"Mean":7.216520226148694,"Sigma":0.5064975661319696,"Taucorr":0.2651273395030298},"EnergyVariance":{"Mean":20.052070298148866,"Sigma":3.035139941297923,"Taucorr":0.1505909476403755},"Iteration":8},
{"Acceptance":[0.54],"Energy":{"Mean":5.45679971772336,"Sigma":0.4700792656468849,"Taucorr":0.42715768068900817},"EnergyVariance":{"Mean":16.725524655869407,"Sigma":2.1558819750160554,"Taucorr":0.09125733732379182},"Iteration":9},
{"Acceptance":[0.5576666666666666],"Energy":{"Mean":6.09768840771922,"Sigma":0.5074488241255064,"Taucorr":0.2642862080300534},"EnergyVariance":{"Mean":23.644942944842178,"Sigma":3.3521035772010537,"Taucorr":0.1214513603893238},"Iteration":10},
{"Acceptance":[0.49466666666666664],"Energy":{"Mean":4.528891720719684,"Sigma":0.4947954807630841,"Taucorr":0.3557768309350453},"EnergyVariance":{"Mean":20.331950825534307,"Sigma":2.9396838721128793,"Taucorr":0.075578313890591},"Iteration":11},
{"Acceptance":[0.457],"Energy":{"Mean":3.5012534368735406,"Sigma":0.4712958023439381,"Taucorr":0.24906883234802513},"EnergyVariance":{"Mean":19.65330235068435,"Sigma":3.455169864945311,"Taucorr":0.5599493561541855},"Iteration":12},
{"Acceptance":[0.48133333333333334],"Energy":{"Mean":4.168824143684767,"Sigma":0.5582930945445943,"Taucorr":0.4281481520631857},"EnergyVariance":{"Mean":25.64852422466094,"Sigma":5.036446764450265,"Taucorr":0.5195751845916845},"Iteration":13},
{"Acceptance":[0.439],"Energy":{"Mean":2.418130000873353,"Sigma":0.44088921251033075,"Taucorr":0.29190084970117147},"EnergyVariance":{"Mean":20.492270665388467,"Sigma":2.8337395199729074,"Taucorr":0.015923813698381917},"Iteration":14},
{"Acceptance":[0.431],"Energy":{"Mean":1.8489037753633477,"Sigma":0.37194407627645354,"Taucorr":0.16575632756714587},"EnergyVariance":{"Mean":17.12582391393308,"Sigma":2.2359734589971323,"Taucorr":0.23653920875908774},"Iteration":15},
{"Acceptance":[0.422],"Energy":{"Mean":2.449082130711434,"Sigma":0.5924530030655015,"Taucorr":0.5757612591223256},"EnergyVariance":{"Mean":31.567137723085423,"Sigma":4.542313809226778,"Taucorr":0.1693860000697972},"Iteration":16},
{"Acceptance":[0.384],"Energy":{"Mean":0.088326501814748,"Sigma":0.3352329437147751,"Taucorr":-0.01036984059625623},"EnergyVariance":{"Mean":18.267323994379424,"Sigma":2.1601738317716213,"Taucorr":-0.04345054419994843},"Iteration":17},
{"Acceptance":[0.352],"Energy":{"Mean":-0.1372272661656613,"Sigma":0.4502166144112329,"Taucorr":0.2645812010870714},"EnergyVariance":{"Mean":21.046063208455458,"Sigma":3.3149675861105816,"Taucorr":0.009575868435055868},"Iteration":18},
{"Acceptance":[0.366],"Energy":{"Mean":-0.1889272884097493,"Sigma":0.5014961368909614,"Taucorr":0.22711466164860994},"EnergyVariance":{"Mean":30.60441205570375,"Sigma":4.16268813200306,"Taucorr":0.0304841972059956},"Iteration":19},
{"Acceptance":[0.3496666666666667],"Energy":{"Mean":-0.5120590839623347,"Sigma":0.5260350047021662,"Taucorr":0.37964215249971334},"EnergyVariance":{"Mean":27.662639079210617,"Sigma":4.720523533744254,"Taucorr":0.11482445318492773},"Iteration":20},
{"Acceptance":[0.32466666666666666],"Energy":{"Mean":-1.5660375926729726,"Sigma":0.41739840874006995,"Taucorr":0.23877697389459873},"EnergyVariance":{"Mean":23.26403990257281,"Sigma":3.5830322750089123,"Taucorr":0.14180973257032192},"Iteration":21},
{"Acceptance":[0.277],"Energy":{"Mean":-2.6950499296553603,"Sigma":0.5405955077170791,"Taucorr":0.5969112286862199},"EnergyVariance":{"Mean":19.282602481649036,"Sigma":5.500598703313633,"Taucorr":0.7284245450998461},"Iteration":22},
{"Acceptance":[0.2816666666666667],"Energy":{"Mean":-2.520725254435778,"Sigma":0.46009261212803043,"Taucorr":0.4338188924259542},"EnergyVariance":{"Mean":18.81941983065758,"Sigma":3.137621187330145,"Taucorr":0.4564670221935504},"Iteration":23},
{"Acceptance":[0.277],"Energy":{"Mean":-3.183499130775257,"Sigma":0.5002139753712633,"Taucorr":0.41243244651781197},"EnergyVariance":{"Mean":26.05736064699628,"Sigma":3.6726754660694336,"Taucorr":0.14362475552429754},"Iteration":24},
{"Acceptance":[0.25166666666666665],"Energy":{"Mean":-4.071449954834643,"Sigma":0.5188189081200189,"Taucorr":0.6152875130925233},"EnergyVariance":{"Mean":21.211329423931748,"Sigma":3.2395987107895605,"Taucorr":0.419678828040588},"Iteration":25},
{"Acceptance":[0.233],"Energy":{"Mean":-5.647902326089005,"Sigma":0.34606662610110345,"Taucorr":0.11671713079681834},"EnergyVariance":{"Mean":14.630056054383523,"Sigma":2.719905237591304,"Taucorr":0.10392791816392843},"Iteration":26},
{"Acceptance":[0.23366666666666666],"Energy":{"Mean":-5.802958578961611,"Sigma":0.4153267793771977,"Taucorr":0.5417539682856041},"EnergyVariance":{"Mean":16.369884447845493,"Sigma":1.6910233856129353,"Taucorr":0.011038100561302389},"Iteration":27},
{"Acceptance":[0.215],"Energy":{"Mean":-6.162031122790963,"Sigma":0.42527157424816986,"Taucorr":0.3695429292182537},"EnergyVariance":{"Mean":14.505388244822335,"Sigma":2.2436050954001745,"Taucorr":0.5191287991731506},"Iteration":28},
{"Acceptance":[0.22466666666666665],"Energy":{"Mean":-6.098933561866348,"Sigma":0.5239215001796357,"Taucorr":0.5986248800670473},"EnergyVariance":{"Mean":20.006574472729234,"Sigma":4.499060994980192,"Taucorr":0.7377984170432277},"Iteration":29},
{"Acceptance":[0.219],"Energy":{"Mean":-6.543175504308344,"Sigma":0.3920181759298718,"Taucorr":0.19621549816535078},"EnergyVariance":{"Mean":19.334925296573466,"Sigma":4.584414966713205,"Taucorr":0.2795866572876463},"Iteration":30},
{"Acceptance":[0.213],"Energy":{"Mean":-7.049543167118026,"Sigma":0.40258967260089096,"Taucorr":0.385178098058263},"EnergyVariance":{"Mean":12.029867445501964,"Sigma":1.8115706446456492,"Taucorr":0.15486980285484686},"Iteration":31},
{"Acceptance":[0.201],"Energy":{"Mean":-6.636230628822747,"Sigma":0.45480254612690635,"Taucorr":0.3815337190023399},"EnergyVariance":{"Mean":14.900139305446817,"Sigma":3.7295836098064803,"Taucorr":0.11483299280024839},"Iteration":32},
{"Acceptance":[0.18966666666666668],"Energy":{"Mean":-6.331401173091153,"Sigma":0.6204766112182896,"Taucorr":0.5472406868952537},"EnergyVariance":{"Mean":27.338039056678348,"Sigma":5.226145653454668,"Taucorr":0.10779858865078307},"Iteration":33},
{"Acceptance":[0.19433333333333333],"Energy":{"Mean":-7.868556684485195,"Sigma":0.40203135786898786,"Taucorr":0.45059483908587794},"EnergyVariance":{"Mean":13.74248562847169,"Sigma":2.451668016739771,"Taucorr":-0.0022811512471869744},"Iteration":34},
{"Acceptance":[0.16066666666666668],"Energy":{"Mean":-7.398690988130361,"Sigma":0.3634767756960328,"Taucorr":0.19030314710016671},"EnergyVariance":{"Mean":12.53244893749502,"Sigma":3.8343693540471304,"Taucorr":-0.02103398170734161},"Iteration":35},
{"Acceptance":[0.169],"Energy":{"Mean":-8.0737455515208,"Sigma":0.41184120798646856,"Taucorr":0.46060456044809017},"EnergyVariance":{"Mean":12.370546257056684,"Sigma":1.719114199689572,"Taucorr":-0.05313319278230322},"Iteration":36},
{"Acceptance":[0.16033333333333333],"Energy":{"Mean":-8.121928870347967,"Sigma":0.3434124361830324,"Taucorr":0.2021921784436369},"EnergyVariance":{"Mean":18.335947146439686,"Sigma":5.776668733526826,"Taucorr":0.492085262446441},"Iteration":37},
{"Acceptance":[0.17833333333333334],"Energy":{"Mean":-8.558106788998307,"Sigma":0.45435466625364407,"Taucorr":0.3380858624799},"EnergyVariance":{"Mean":19.739678708194077,"Sigma":4.0052019977955995,"Taucorr":-0.025390810288792698},"Iteration":38},
{"Acceptance":[0.15733333333333333],"Energy":{"Mean":-8.848501014849255,"Sigma":0.27673493997256554,"Taucorr":-0.12859530351345327},"EnergyVariance":{"Mean":29.253003357103097,"Sigma":12.718019484463488,"Taucorr":0.45557755553455803},"Iteration":39},
{"Acceptance":[0.15166666666666667],"Energy":{"Mean":-8.672380085229802,"Sigma":0.36171821923306846,"Taucorr":0.21021583737749028},"EnergyVariance":{"Mean":14.48521594104126,"Sigma":3.0657063488932015,"Taucorr":0.21467099109201804},"Iteration":40},
{"Acceptance":[0.144],"Energy":{"Mean":-7.777337048071886,"Sigma":0.6318588051162094,"Taucorr":0.6144090500166837},"EnergyVariance":{"Mean":30.972520442734353,"Sigma":12.166294750936846,"Taucorr":0.5818143397493976},"Iteration":41},
{"Acceptance":[0.15066666666666667],"Energy":{"Mean":-8.70457214961023,"Sigma":0.43919094700214534,"Taucorr":0.36020829195451143},"EnergyVariance":{"Mean":15.781494691052494,"Sigma":3.0995426782585334,"Taucorr":-0.03733566005387651},"Iteration":42},
{"Acceptance":[0.146],"Energy":{"Mean":-9.328208200627518,"Sigma":0.2995296226153389,"Taucorr":0.30224129263474087},"EnergyVariance":{"Mean":10.714662479097216,"Sigma":4.246742514485193,"Taucorr":0.14905377023690647},"Iteration":43},
{"Acceptance":[0.13666666666666666],"Energy":{"Mean":-9.78079864942166,"Sigma":0.48462012088669515,"Taucorr":0.5421750517590105},"EnergyVariance":{"Mean":18.88449779218819,"Sigma":9.439702058857861,"Taucorr":0.6350650733834866},"Iteration":44},
{"Acceptance":[0.13533333333333333],"Energy":{"Mean":-9.46979933222329,"Sigma":0.3393868429965983,"Taucorr":0.1095766838901886},"EnergyVariance":{"Mean":13.391991802675934,"Sigma":3.844117946229732,"Taucorr":0.1476848671526757},"Iteration":45},
{"Acceptance":[0.12966666666666668],"Energy":{"Mean":-9.88068331161921,"Sigma":0.38483736034437954,"Taucorr":0.18785598012338922},"EnergyVariance":{"Mean":23.326008363822297,"Sigma":8.821304343302625,"Taucorr":1.0004725965114825},"Iteration":46},
{"Acceptance":[0.12633333333333333],"Energy":{"Mean":-9.828748313317961,"Sigma":0.32990131212655166,"Taucorr":0.36217243465489424},"EnergyVariance":{"Mean":13.306221034534634,"Sigma":5.008712910735136,"Taucorr":0.46005472943498316},"Iteration":47},
{"Acceptance":[0.13066666666666665],"Energy":{"Mean":-9.216233278046358,"Sigma":0.37802418775912194,"Taucorr":0.44199228310158933},"EnergyVariance":{"Mean":13.52881278938431,"Sigma":3.423310390732484,"Taucorr":-0.04470060417454341},"Iteration":48},
{"Acceptance":[0.13066666666666665],"Energy":{"Mean":-9.066427405508593,"Sigma":0.4060654477178359,"Taucorr":0.6752422566745038},"EnergyVariance":{"Mean":14.922212540212303,"Sigma":4.131476078041399,"Taucorr":0.10632348358719901},"Iteration":49},
{"Acceptance":[0.115],"Energy":{"Mean":-10.813311461409125,"Sigma":0.4664152371654624,"Taucorr":0.5763620731101868},"EnergyVariance":{"Mean":17.78420426959191,"Sigma":7.607801656045003,"Taucorr":0.43773557692294396},"Iteration":50},
{"Acceptance":[0.11766666666666667],"Energy":{"Mean":-9.579978413746042,"Sigma":0.33630876560071243,"Taucorr":0.5035280478680131},"EnergyVariance":{"Mean":7.1158079120424995,"Sigma":1.770727949324474,"Taucorr":0.4950593780810921},"Iteration":51},
{"Acceptance":[0.11933333333333333],"Energy":{"Mean":-9.313593083691293,"Sigma":0.39434880411219536,"Taucorr":0.6304596257027291},"EnergyVariance":{"Mean":7.798529264878641,"Sigma":1.2399204595774376,"Taucorr":0.06408546261009496},"Iteration":52},
{"Acceptance":[0.12366666666666666],"Energy":{"Mean":-9.10448582333981,"Sigma":0.360946619820664,"Taucorr":-0.10938030627605283},"EnergyVariance":{"Mean":22.93381186316677,"Sigma":7.655105283556812,"Taucorr":-0.03895161678773251},"Iteration":53},
{"Acceptance":[0.111],"Energy":{"Mean":-10.40546136781095,"Sigma":0.2962841790592748,"Taucorr":0.21399249343483706},"EnergyVariance":{"Mean":12.191168580295129,"Sigma":5.19818933471538,"Taucorr":0.03163195277609132},"Iteration":54},
{"Acceptance":[0.127],"Energy":{"Mean":-9.796556668319486,"Sigma":0.2415636023200852,"Taucorr":-0.18042308454201006},"EnergyVariance":{"Mean":11.550319820381286,"Sigma":3.022846185560079,"Taucorr":0.4569157825711848},"Iteration":55},
{"Acceptance":[0.11666666666666667],"Energy":{"Mean":-9.805832123901249,"Sigma":0.37890722263131704,"Taucorr":0.4301115015764414},"EnergyVariance":{"Mean":7.5448739323026865,"Sigma":1.4192632899617266,"Taucorr":0.052438414805366707},"Iteration":56},
{"Acceptance":[0.104],"Energy":{"Mean":-10.676806273620766,"Sigma":0.31754106484554007,"Taucorr":0.2668206929745244},"EnergyVariance":{"Mean":8.470485190999351,"Sigma":2.128365989017311,"Taucorr":0.042742748213175474},"Iteration":57},
{"Acceptance":[0.12133333333333333],"Energy":{"Mean":-9.940706615089269,"Sigma":0.29416528464205444,"Taucorr":0.23320927091888521},"EnergyVariance":{"Mean":11.18623397376137,"Sigma":4.431371174476575,"Taucorr":0.33689682993591574},"Iteration":58},
{"Acceptance":[0.109],"Energy":{"Mean":-10.206373748816656,"Sigma":0.4346243613646232,"Taucorr":0.5301829607483117},"EnergyVariance":{"Mean":16.42743488465399,"Sigma":7.284422353159362,"Taucorr":0.3761443038243424},"Iteration":59},
{"Acceptance":[0.124],"Energy":{"Mean":-9.981530251948076,"Sigma":0.6539531620492868,"Taucorr":0.49674615323321336},"EnergyVariance":{"Mean":29.48297934251186,"Sigma":15.115752754250497,"Taucorr":0.4415533635341623},"Iteration":60},
{"Acceptance":[0.13266666666666665],"Energy":{"Mean":-10.330844390239776,"Sigma":0.30257710933404813,"Taucorr":0.24952075729510925},"EnergyVariance":{"Mean":9.577772985731858,"Sigma":4.439215129047934,"Taucorr":0.14813915821662382},"Iteration":61},
{"Acceptance":[0.13633333333333333],"Energy":{"Mean":-10.901957165556727,"Sigma":0.28776265354927505,"Taucorr":0.03356495799425874},"EnergyVariance":{"Mean":16.76748179175698,"Sigma":9.763480856609243,"Taucorr":-0.006440461667795383},"Iteration":62},
{"Acceptance":[0.111],"Energy":{"Mean":-10.529768856261272,"Sigma":0.3849167674944452,"Taucorr":0.5770562756886648},"EnergyVariance":{"Mean":11.937802469979578,"Sigma":4.786451370308055,"Taucorr":0.37231874229899165},"Iteration":63},
{"Acceptance":[0.13166666666666665],"Energy":{"Mean":-10.291902751985218,"Sigma":0.43609326098297224,"Taucorr":0.47954527697077287},"EnergyVariance":{"Mean":11.573535157055554,"Sigma":2.7295305608262517,"Taucorr":0.07567855820970204},"Iteration":64},
{"Acceptance":[0.11266666666666666],"Energy":{"Mean":-11.124662387267964,"Sigma":0.39105310825391687,"Taucorr":0.5316744948278433},"EnergyVariance":{"Mean":9.113358254553054,"Sigma":1.9354551408338794,"Taucorr":0.07369130764444753},"Iteration":65},
{"Acceptance":[0.138],"Energy":{"Mean":-11.477478143784895,"Sigma":0.5282943268077962,"Taucorr":0.5829425062543618},"EnergyVariance":{"Mean":22.092611223588097,"Sigma":8.497143937570321,"Taucorr":0.20025274524973125},"Iteration":66},
{"Acceptance":[0.13633333333333333],"Energy":{"Mean":-10.553953572615267,"Sigma":0.3827208377183317,"Taucorr":0.24781152747893365},"EnergyVariance":{"Mean":15.042370751533733,"Sigma":5.896645302905319,"Taucorr":0.17101550749588768},"Iteration":67},
{"Acceptance":[0.131],"Energy":{"Mean":-11.634251633631042,"Sigma":0.35653879301939895,"Taucorr":0.05404762048141787},"EnergyVariance":{"Mean":27.93673091183742,"Sigma":11.76099888476161,"Taucorr":0.3682925756818737},"Iteration":68},
{"Acceptance":[0.141],"Energy":{"Mean":-10.206261641533532,"Sigma":0.6182822150307107,"Taucorr":0.4334437845068885},"EnergyVariance":{"Mean":20.593553822017004,"Sigma":10.119376288111125,"Taucorr":0.11997802437289007},"Iteration":69},
{"Acceptance":[0.126],"Energy":{"Mean":-10.948033466198853,"Sigma":0.3110651985407288,"Taucorr":0.35642118829241853},"EnergyVariance":{"Mean":7.8441704833098305,"Sigma":3.06390003356064,"Taucorr":0.46969564441887723},"Iteration":70},
{"Acceptance":[0.12366666666666666],"Energy":{"Mean":-11.268108885746202,"Sigma":0.29476160361099807,"Taucorr":0.12903916955313455},"EnergyVariance":{"Mean":18.356565467222158,"Sigma":7.058133553479615,"Taucorr":-0.021743585992512082},"Iteration":71},
{"Acceptance":[0.136],"Energy":{"Mean":-11.486714688083747,"Sigma":0.5266095449011434,"Taucorr":0.20396301710763298},"EnergyVariance":{"Mean":21.45462473455206,"Sigma":8.266318825903484,"Taucorr":0.022479168341063005},"Iteration":72},
{"Acceptance":[0.12533333333333332],"Energy":{"Mean":-11.361842481908951,"Sigma":0.3086401437583161,"Taucorr":0.11517668771461786},"EnergyVariance":{"Mean":23.612350482166512,"Sigma":12.210303612249273,"Taucorr":0.18720717345504545},"Iteration":73},
{"Acceptance":[0.12666666666666668],"Energy":{"Mean":-11.773615009742594,"Sigma":0.4807079287845766,"Taucorr":0.0817419152574339},"EnergyVariance":{"Mean":26.666703392600002,"Sigma":11.842781237254636,"Taucorr":0.047099208234739676},"Iteration":74},
{"Acceptance":[0.121],"Energy":{"Mean":-11.305688767092231,"Sigma":0.3580389387817425,"Taucorr":-0.04974471122231794},"EnergyVariance":{"Mean":17.774413566034987,"Sigma":5.734246451472024,"Taucorr":0.03241632396400085},"Iteration":75},
{"Acceptance":[0.12766666666666668],"Energy":{"Mean":-11.469273135861346,"Sigma":0.5765735606445132,"Taucorr":0.37982158093535967},"EnergyVariance":{"Mean":19.731585473999303,"Sigma":11.174929331195385,"Taucorr":0.02334734083178014},"Iteration":76},
{"Acceptance":[0.14933333333333335],"Energy":{"Mean":-11.616748895509652,"Sigma":0.46519866715645725,"Taucorr":0.2862022926778828},"EnergyVariance":{"Mean":19.494415650384962,"Sigma":6.626860634802366,"Taucorr":-0.029582506740715275},"Iteration":77},
{"Acceptance":[0.14266666666666666],"Energy":{"Mean":-11.24722272542856,"Sigma":0.5070049788652393,"Taucorr":0.0831774321817359},"EnergyVariance":{"Mean":26.209163950451863,"Sigma":12.89171980739269,"Taucorr":0.2227638140064372},"Iteration":78},
{"Acceptance":[0.11566666666666667],"Energy":{"Mean":-11.416342381252637,"Sigma":0.41565201774240296,"Taucorr":0.5566478116229487},"EnergyVariance":{"Mean":8.020375100436981,"Sigma":1.1723271569203488,"Taucorr":0.06352896901330818},"Iteration":79},
{"Acceptance":[0.108],"Energy":{"Mean":-11.84395704110376,"Sigma":0.5646695688173684,"Taucorr":0.15763380752244238},"EnergyVariance":{"Mean":39.441009492087225,"Sigma":15.731296369678493,"Taucorr":0.11149809340328587},"Iteration":80},
{"Acceptance":[0.12066666666666667],"Energy":{"Mean":-11.683311536075433,"Sigma":0.5004321104369257,"Taucorr":0.5225590416139949},"EnergyVariance":{"Mean":17.718582662988087,"Sigma":4.570194535828699,"Taucorr":0.40989725261545307},"Iteration":81},
{"Acceptance":[0.117],"Energy":{"Mean":-11.981798965783431,"Sigma":0.35555966217193025,"Taucorr":0.2502206611910469},"EnergyVariance":{"Mean":9.422656980957598,"Sigma":1.9999390774208174,"Taucorr":0.07972741915826542},"Iteration":82},
{"Acceptance":[0.11033333333333334],"Energy":{"Mean":-12.767023885163484,"Sigma":0.3993057331481694,"Taucorr":-0.06231395579683002},"EnergyVariance":{"Mean":23.97855200355563,"Sigma":8.426961433648502,"Taucorr":-0.005546642013248393},"Iteration":83},
{"Acceptance":[0.114],"Energy":{"Mean":-12.713845285801478,"Sigma":0.7294882397656937,"Taucorr":0.6273509863141145},"EnergyVariance":{"Mean":28.61210799560355,"Sigma":14.310960986012246,"Taucorr":0.8495433584525065},"Iteration":84},
{"Acceptance":[0.11233333333333333],"Energy":{"Mean":-13.820101139887104,"Sigma":0.7593777844527421,"Taucorr":0.4421536243554719},"EnergyVariance":{"Mean":38.43810238974345,"Sigma":16.242882165948746,"Taucorr":0.3667344655675545},"Iteration":85},
{"Acceptance":[0.117],"Energy":{"Mean":-11.780247556199155,"Sigma":0.37113650464887876,"Taucorr":0.11683927012012985},"EnergyVariance":{"Mean":12.90476636634019,"Sigma":3.6237190545046887,"Taucorr":-0.04104381922200789},"Iteration":86},
{"Acceptance":[0.09566666666666666],"Energy":{"Mean":-13.281618642014768,"Sigma":0.2700625032822633,"Taucorr":0.33218251948255484},"EnergyVariance":{"Mean":4.243480315783029,"Sigma":0.6839227010094577,"Taucorr":0.039913701877937746},"Iteration":87},
{"Acceptance":[0.08666666666666667],"Energy":{"Mean":-11.623187194761373,"Sigma":0.39674172201752106,"Taucorr":0.36456916991582133},"EnergyVariance":{"Mean":11.287183466944708,"Sigma":3.173111258088524,"Taucorr":0.030871960452151015},"Iteration":88},
{"Acceptance":[0.09533333333333334],"Energy":{"Mean":-13.068741649489413,"Sigma":0.4697587480759766,"Taucorr":0.026226925982703486},"EnergyVariance":{"Mean":22.09149084915658,"Sigma":6.661089169875794,"Taucorr":-0.0040000738565553196},"Iteration":89},
{"Acceptance":[0.09566666666666666],"Energy":{"Mean":-12.804644074170659,"Sigma":0.3670121506461587,"Taucorr":0.22507156924512373},"EnergyVariance":{"Mean":11.406222345626185,"Sigma":4.026666121474004,"Taucorr":0.6397428450656826},"Iteration":90},
{"Acceptance":[0.101],"Energy":{"Mean":-12.326372374253882,"Sigma":0.6324894885620862,"Taucorr":0.3229766553603224},"EnergyVariance":{"Mean":30.35162523751913,"Sigma":6.458877522961108,"Taucorr":0.056288955610068636},"Iteration":91},
{"Acceptance":[0.08933333333333333],"Energy":{"Mean":-12.445015765705246,"Sigma":0.5838433652151344,"Taucorr":0.4568186421495082},"EnergyVariance":{"Mean":19.818128397908392,"Sigma":9.032296590911335,"Taucorr":0.7336928299684546},"Iteration":92},
{"Acceptance":[0.10166666666666667],"Energy":{"Mean":-13.189397358780562,"Sigma":0.28393192680599927,"Taucorr":0.07153266390762836},"EnergyVariance":{"Mean":8.088373923723623,"Sigma":2.040139755077463,"Taucorr":0.10824925286618192},"Iteration":93},
{"Acceptance":[0.085],"Energy":{"Mean":-13.30201610556384,"Sigma":0.533819810424888,"Taucorr":0.12412781140551554},"EnergyVariance":{"Mean":24.307479314859243,"Sigma":12.066750659248873,"Taucorr":0.4150519811914758},"Iteration":94},
{"Acceptance":[0.08833333333333333],"Energy":{"Mean":-11.63304258722449,"Sigma":0.8128287479161733,"Taucorr":0.8238002090857661},"EnergyVariance":{"Mean":33.10224797716089,"Sigma":23.64134461708879,"Taucorr":0.9562312929080092},"Iteration":95},
{"Acceptance":[0.08066666666666666],"Energy":{"Mean":-12.030157857746254,"Sigma":0.3701200525669518,"Taucorr":0.21989211007570475},"EnergyVariance":{"Mean":11.795758782100668,"Sigma":4.427458068057577,"Taucorr":0.02253123775487309},"Iteration":96},
{"Acceptance":[0.08333333333333333],"Energy":{"Mean":-12.926549073824706,"Sigma":0.31733118497366325,"Taucorr":0.10734086142727362},"EnergyVariance":{"Mean":8.494705256588835,"Sigma":2.2818028485370845,"Taucorr":0.24529513907400258},"Iteration":97},
{"Acceptance":[0.073],"Energy":{"Mean":-11.723649420730723,"Sigma":0.7221618213964768,"Taucorr":0.5710531698139645},"EnergyVariance":{"Mean":28.651509083818866,"Sigma":17.33906804150406,"Taucorr":0.16643106918640593},"Iteration":98},
{"Acceptance":[0.09633333333333334],"Energy":{"Mean":-13.764217533821654,"Sigma":0.35672501514803406,"Taucorr":-0.10293812971339411},"EnergyVariance":{"Mean":16.559964601110224,"Sigma":3.8880773043887995,"Taucorr":0.22366581440685496},"Iteration":99} 
]}
{"input": {"L": 14, "J": 1, "machine": {"type": "FFNN", "model": ["lncosh", 29, 1]}, "sampler": {"type": "MetropolisHop", "d_max": 5}, "optimizer": {"type": "AdaMax", "alpha": 0.001, "beta1": 0.9, "beta2": 0.999, "epscut": 1e-07}, "VMC": {"n_samples": 100, "discarded_samples": 100, "discarded_samples_on_init": 0, "target": "energy", "method": "Gd", "diag_shift": 0.01, "use_iterative": true, "use_cholesky": true}, "n_iter": 100}}
duration: -0.35924768447875977