{"Output": [
{"Acceptance":[0.812],"Energy":{"Mean":11.947426978656512,"Sigma":0.27346014742916874,"Taucorr":0.10146159423885925},"EnergyVariance":{"Mean":6.106951129835689,"Sigma":0.8003740403571997,"Taucorr":-0.10528188647549269},"Iteration":0},
{"Acceptance":[0.7033333333333334],"Energy":{"Mean":10.845781666587847,"Sigma":0.3964504050119354,"Taucorr":0.2722973134504604},"EnergyVariance":{"Mean":10.304678089341852,"Sigma":1.6547363841615312,"Taucorr":0.30934461379778855},"Iteration":1},
{"Acceptance":[0.624],"Energy":{"Mean":9.96115101098921,"Sigma":0.42276555783043895,"Taucorr":0.23971381561675797},"EnergyVariance":{"Mean":12.86254638611917,"Sigma":1.6921462912581746,"Taucorr":0.3901376709113311},"Iteration":2},
{"Acceptance":[0.5493333333333333],"Energy":{"Mean":8.621310095303105,"Sigma":0.44866824536578936,"Taucorr":0.39605743174561914},"EnergyVariance":{"Mean":12.622878940495898,"Sigma":2.0614683679114782,"Taucorr":0.013907856506183203},"Iteration":3},
{"Acceptance":[0.5106666666666667],"Energy":{"Mean":8.304112472925906,"Sigma":0.4215289228370521,"Taucorr":0.39930724486145686},"EnergyVariance":{"Mean":13.158782743187928,"Sigma":1.8899771578781435,"Taucorr":0.13598370933233583},"Iteration":4},
{"Acceptance":[0.476],"Energy":{"Mean":6.695525014670288,"Sigma":0.4203634019709447,"Taucorr":0.25911924337019276},"EnergyVariance":{"Mean":14.378490903581973,"Sigma":2.1596771917786564,"Taucorr":0.2106820702008434},"Iteration":5},
{"Acceptance":[0.442],"Energy":{"Mean":5.90292834532491,"Sigma":0.4786774241424661,"Taucorr":0.2759949280546181},"EnergyVariance":{"Mean":19.747766783499497,"Sigma":2.632239933692335,"Taucorr":0.2568691323539446},"Iteration":6},
{"Acceptance":[0.37833333333333335],"Energy":{"Mean":3.643574807580189,"Sigma":0.5802763256484517,"Taucorr":0.6117760397147978},"EnergyVariance":{"Mean":20.758149500846603,"Sigma":3.2403331865813425,"Taucorr":0.08951519767098126},"Iteration":7},
{"Acceptance":[0.345],"Energy":{"Mean":2.578317123501724,"Sigma":0.4455656731994755,"Taucorr":0.33269579552423634},"EnergyVariance":{"Mean":18.811293655746365,"Sigma":2.8757077850945927,"Taucorr":0.06063369120724926},"Iteration":8},
{"Acceptance":[0.3393333333333333],"Energy":{"Mean":2.5413481140992054,"Sigma":0.4085343376236141,"Taucorr":0.2374141734799602},"EnergyVariance":{"Mean":19.010857993475778,"Sigma":2.6624233083254873,"Taucorr":0.5224786076191335},"Iteration":9},
{"Acceptance":[0.31133333333333335],"Energy":{"Mean":1.7320519917469355,"Sigma":0.49350897947052424,"Taucorr":0.687797908994563},"EnergyVariance":{"Mean":17.091538732625473,"Sigma":2.193464495242608,"Taucorr":0.41242741087264767},"Iteration":10},
{"Acceptance":[0.25166666666666665],"Energy":{"Mean":-0.3800304284134468,"Sigma":0.36155456941666136,"Taucorr":0.24614077404798296},"EnergyVariance":{"Mean":12.062863247099092,"Sigma":2.310798605537917,"Taucorr":0.2684162373163347},"Iteration":11},
{"Acceptance":[0.25366666666666665],"Energy":{"Mean":-0.2443784630358371,"Sigma":0.44445059972465206,"Taucorr":0.5079914708389253},"EnergyVariance":{"Mean":19.061795432730737,"Sigma":2.8519841660502627,"Taucorr":0.022887165199867998},"Iteration":12},
{"Acceptance":[0.24333333333333335],"Energy":{"Mean":-0.6993088954476072,"Sigma":0.35987268757216845,"Taucorr":0.39419811387907966},"EnergyVariance":{"Mean":16.306340117062298,"Sigma":2.8718964047851774,"Taucorr":0.25506681394498243},"Iteration":13},
{"Acceptance":[0.23133333333333334],"Energy":{"Mean":-1.3731490097962533,"Sigma":0.2791744037789769,"Taucorr":0.16020736240541722},"EnergyVariance":{"Mean":11.519802452269483,"Sigma":2.148880472336701,"Taucorr":0.18590262993435636},"Iteration":14},
{"Acceptance":[0.22166666666666668],"Energy":{"Mean":-1.9429613716941279,"Sigma":0.3528404188150957,"Taucorr":0.38136078841920107},"EnergyVariance":{"Mean":16.10885467059576,"Sigma":3.0762130996495904,"Taucorr":0.23695436885071963},"Iteration":15},
{"Acceptance":[0.202],"Energy":{"Mean":-3.177275934013239,"Sigma":0.25757264439032007,"Taucorr":0.3117071467675353},"EnergyVariance":{"Mean":10.243656545555814,"Sigma":2.064544784649478,"Taucorr":0.2934294182355529},"Iteration":16},
{"Acceptance":[0.21533333333333332],"Energy":{"Mean":-2.3572554889014223,"Sigma":0.5431168251536305,"Taucorr":0.8555309566760498},"EnergyVariance":{"Mean":27.963568960499302,"Sigma":7.72560490869414,"Taucorr":0.26576600535206163},"Iteration":17},
{"Acceptance":[0.18866666666666668],"Energy":{"Mean":-3.3313849886705262,"Sigma":0.3476990535360872,"Taucorr":0.3259442698617855},"EnergyVariance":{"Mean":11.919894175966434,"Sigma":1.9795542328164224,"Taucorr":0.03968314044953003},"Iteration":18},
{"Acceptance":[0.195],"Energy":{"Mean":-3.5023872637142843,"Sigma":0.3289981369829623,"Taucorr":0.5419588652983316},"EnergyVariance":{"Mean":12.262110604516298,"Sigma":3.220739803359824,"Taucorr":0.23398085823573433},"Iteration":19},
{"Acceptance":[0.19166666666666668],"Energy":{"Mean":-4.144927582497073,"Sigma":0.28340303736232875,"Taucorr":0.3158032405689247},"EnergyVariance":{"Mean":8.830077063555088,"Sigma":1.3921723759920994,"Taucorr":0.19999292643115507},"Iteration":20},
{"Acceptance":[0.16866666666666666],"Energy":{"Mean":-3.978731402593414,"Sigma":0.3436042889014751,"Taucorr":0.6436440986812926},"EnergyVariance":{"Mean":13.967594516869188,"Sigma":3.3561481339329258,"Taucorr":0.25833538626962826},"Iteration":21},
{"Acceptance":[0.17066666666666666],"Energy":{"Mean":-4.673625037557637,"Sigma":0.19953599265093636,"Taucorr":0.023190278028322853},"EnergyVariance":{"Mean":7.562688500493186,"Sigma":1.5745053986616653,"Taucorr":0.4516742722703543},"Iteration":22},
{"Acceptance":[0.17833333333333334],"Energy":{"Mean":-4.118978001556779,"Sigma":0.2350971252523684,"Taucorr":0.0519558120209489},"EnergyVariance":{"Mean":12.520642006979369,"Sigma":3.1064612149812505,"Taucorr":0.42649680832727155},"Iteration":23},
{"Acceptance":[0.191],"Energy":{"Mean":-4.878809014208224,"Sigma":0.24777702514856964,"Taucorr":0.05516370817749339},"EnergyVariance":{"Mean":11.496881098774494,"Sigma":2.6245548377672514,"Taucorr":0.10879003213797744},"Iteration":24},
{"Acceptance":[0.14133333333333334],"Energy":{"Mean":-5.359054457537367,"Sigma":0.2524227211123251,"Taucorr":0.3442078056256943},"EnergyVariance":{"Mean":5.86179966906536,"Sigma":1.5162518970637713,"Taucorr":0.4098213006826025},"Iteration":25},
{"Acceptance":[0.161],"Energy":{"Mean":-5.024211161175656,"Sigma":0.3474726998769831,"Taucorr":0.532576223528948},"EnergyVariance":{"Mean":9.68822210862299,"Sigma":2.468240819845815,"Taucorr":0.16322721022779152},"Iteration":26},
{"Acceptance":[0.16233333333333333],"Energy":{"Mean":-5.809414451418234,"Sigma":0.3199794093341938,"Taucorr":0.7504387766106293},"EnergyVariance":{"Mean":7.629901343303962,"Sigma":1.2625016320749847,"Taucorr":-0.04656445288554195},"Iteration":27},
{"Acceptance":[0.16433333333333333],"Energy":{"Mean":-5.982662338124004,"Sigma":0.22802542166300926,"Taucorr":0.38664882813644397},"EnergyVariance":{"Mean":5.550113679385215,"Sigma":2.6934352071380783,"Taucorr":0.5537569349337321},"Iteration":28},
{"Acceptance":[0.18466666666666667],"Energy":{"Mean":-5.485497631184304,"Sigma":0.21621715553076448,"Taucorr":0.2065687267255225},"EnergyVariance":{"Mean":4.456100813137639,"Sigma":1.180280667455678,"Taucorr":0.19780323873873806},"Iteration":29},
{"Acceptance":[0.16833333333333333],"Energy":{"Mean":-5.940471014269807,"Sigma":0.1905152532316718,"Taucorr":0.029086940591809052},"EnergyVariance":{"Mean":9.234574158744998,"Sigma":2.949024556392482,"Taucorr":0.5382429596744016},"Iteration":30},
{"Acceptance":[0.15166666666666667],"Energy":{"Mean":-5.138950014500489,"Sigma":0.46371529997484306,"Taucorr":0.6513464903780035},"EnergyVariance":{"Mean":13.236967022440147,"Sigma":4.570989876677608,"Taucorr":0.8319394202034864},"Iteration":31},
{"Acceptance":[0.159],"Energy":{"Mean":-5.753599775531771,"Sigma":0.3477240075492392,"Taucorr":0.2232504313892244},"EnergyVariance":{"Mean":13.508410740567408,"Sigma":2.8336620005712287,"Taucorr":0.0799005892436101},"Iteration":32},
{"Acceptance":[0.14066666666666666],"Energy":{"Mean":-6.184340414521568,"Sigma":0.24899292130143152,"Taucorr":0.3012210593218897},"EnergyVariance":{"Mean":5.3689021057900375,"Sigma":1.6517737899252494,"Taucorr":-0.0443817559941897},"Iteration":33},
{"Acceptance":[0.17433333333333334],"Energy":{"Mean":-6.2374787094429,"Sigma":0.24253163385281948,"Taucorr":0.209901076770329},"EnergyVariance":{"Mean":6.632636835632705,"Sigma":1.714178209508348,"Taucorr":0.2594750884546383},"Iteration":34},
{"Acceptance":[0.17066666666666666],"Energy":{"Mean":-6.475668205161211,"Sigma":0.26016346295195564,"Taucorr":-0.015108204685599869},"EnergyVariance":{"Mean":10.94848586908321,"Sigma":2.8160193178158606,"Taucorr":0.010714798227152711},"Iteration":35},
{"Acceptance":[0.16],"Energy":{"Mean":-7.12088786313073,"Sigma":0.43486311287176843,"Taucorr":0.6062162939149616},"EnergyVariance":{"Mean":10.48650958089535,"Sigma":4.216016660983007,"Taucorr":0.7046480241821484},"Iteration":36},
{"Acceptance":[0.171],"Energy":{"Mean":-6.501404088064053,"Sigma":0.39135923164052266,"Taucorr":0.19054469910524408},"EnergyVariance":{"Mean":13.567497784057093,"Sigma":5.320583690286549,"Taucorr":0.4507351375936298},"Iteration":37},
{"Acceptance":[0.161],"Energy":{"Mean":-6.283849323214202,"Sigma":0.3733703225223843,"Taucorr":0.31509626627509313},"EnergyVariance":{"Mean":11.989481110060087,"Sigma":3.9218987003248578,"Taucorr":0.20325457223168297},"Iteration":38},
{"Acceptance":[0.15833333333333333],"Energy":{"Mean":-6.3268821592980755,"Sigma":0.31465157062251364,"Taucorr":0.3178777972608703},"EnergyVariance":{"Mean":6.6790219663640755,"Sigma":1.7599605510448952,"Taucorr":0.2559111710391391},"Iteration":39},
{"Acceptance":[0.16966666666666666],"Energy":{"Mean":-6.980965630886614,"Sigma":0.37065799242329667,"Taucorr":0.0623952599692299},"EnergyVariance":{"Mean":13.513188065604991,"Sigma":4.32525283772141,"Taucorr":0.05318691590981228},"Iteration":40},
{"Acceptance":[0.14566666666666667],"Energy":{"Mean":-6.5672116010110555,"Sigma":0.24974080552619674,"Taucorr":0.5070878897427076},"EnergyVariance":{"Mean":3.46295060799784,"Sigma":0.9044418479713564,"Taucorr":0.4229893285491906},"Iteration":41},
{"Acceptance":[0.14966666666666667],"Energy":{"Mean":-6.59988711649655,"Sigma":0.21436301911185865,"Taucorr":0.022587790210157777},"EnergyVariance":{"Mean":5.263821580067265,"Sigma":1.1080578377381889,"Taucorr":0.04684781519288417},"Iteration":42},
{"Acceptance":[0.164],"Energy":{"Mean":-6.935686772078146,"Sigma":0.27480005327315654,"Taucorr":0.20130193340440805},"EnergyVariance":{"Mean":6.292090473769754,"Sigma":1.8342665084470995,"Taucorr":0.06916504838647664},"Iteration":43},
{"Acceptance":[0.159],"Energy":{"Mean":-7.276248099170551,"Sigma":0.29256311933089724,"Taucorr":0.2638607335848978},"EnergyVariance":{"Mean":7.602972060435885,"Sigma":3.1670351173922078,"Taucorr":0.0017804782154360321},"Iteration":44},
{"Acceptance":[0.153],"Energy":{"Mean":-7.074110432291981,"Sigma":0.49582513633073955,"Taucorr":0.29016472975780105},"EnergyVariance":{"Mean":18.915326189551134,"Sigma":7.557866497184035,"Taucorr":0.3906194958050174},"Iteration":45},
{"Acceptance":[0.16266666666666665],"Energy":{"Mean":-6.47520774577277,"Sigma":0.2869075343271301,"Taucorr":0.07549448776507572},"EnergyVariance":{"Mean":10.027391394760246,"Sigma":2.629365764741918,"Taucorr":0.3513362031226035},"Iteration":46},
{"Acceptance":[0.16133333333333333],"Energy":{"Mean":-6.25808222968247,"Sigma":0.34477288980212245,"Taucorr":0.724328126104814},"EnergyVariance":{"Mean":5.598177147323355,"Sigma":1.7833034066994293,"Taucorr":0.5517358422206751},"Iteration":47},
{"Acceptance":[0.174],"Energy":{"Mean":-6.511902158980526,"Sigma":0.5463830996207756,"Taucorr":0.41831717485282005},"EnergyVariance":{"Mean":18.683367464491425,"Sigma":5.63965441472147,"Taucorr":0.37713708551341774},"Iteration":48},
{"Acceptance":[0.159],"Energy":{"Mean":-6.532393693005401,"Sigma":0.22715474385268647,"Taucorr":0.16494164767492403},"EnergyVariance":{"Mean":5.082892280242758,"Sigma":1.3346771168544775,"Taucorr":0.1681627858981799},"Iteration":49},
{"Acceptance":[0.167],"Energy":{"Mean":-7.1569445618251635,"Sigma":0.32343474974566994,"Taucorr":0.11797864746607378},"EnergyVariance":{"Mean":10.190683687892507,"Sigma":4.094446066966823,"Taucorr":0.5268585759443374},"Iteration":50},
{"Acceptance":[0.16566666666666666],"Energy":{"Mean":-7.022394554802508,"Sigma":0.3000989639889849,"Taucorr":0.07504290250186563},"EnergyVariance":{"Mean":9.600609878863429,"Sigma":2.9402939325226565,"Taucorr":0.42025257313843734},"Iteration":51},
{"Acceptance":[0.17233333333333334],"Energy":{"Mean":-6.746839605130431,"Sigma":0.4749763668708959,"Taucorr":0.2955518411697229},"EnergyVariance":{"Mean":14.843101513064335,"Sigma":4.464264200083062,"Taucorr":0.17189164853042949},"Iteration":52},
{"Acceptance":[0.14666666666666667],"Energy":{"Mean":-6.671153967915498,"Sigma":0.22184788944860576,"Taucorr":0.14854694721667394},"EnergyVariance":{"Mean":4.7522668445623815,"Sigma":1.3364199078843895,"Taucorr":0.3624239627328564},"Iteration":53},
{"Acceptance":[0.16533333333333333],"Energy":{"Mean":-6.609719017414981,"Sigma":0.34721296384386907,"Taucorr":0.33321783331881616},"EnergyVariance":{"Mean":9.520198563475597,"Sigma":1.802873663291895,"Taucorr":0.02654685731786144},"Iteration":54},
{"Acceptance":[0.16733333333333333],"Energy":{"Mean":-6.670652543361624,"Sigma":0.35480869951479416,"Taucorr":0.16160706558752425},"EnergyVariance":{"Mean":10.583117892276707,"Sigma":2.738680857236265,"Taucorr":0.24775727864872443},"Iteration":55},
{"Acceptance":[0.17433333333333334],"Energy":{"Mean":-6.711282340477681,"Sigma":0.300310173858136,"Taucorr":-0.04908011418516117},"EnergyVariance":{"Mean":11.04924493130426,"Sigma":3.3667275548420283,"Taucorr":-0.01985389693426204},"Iteration":56},
{"Acceptance":[0.17166666666666666],"Energy":{"Mean":-6.352927165893831,"Sigma":0.4335280527774455,"Taucorr":0.39701393570737653},"EnergyVariance":{"Mean":12.287507291797894,"Sigma":6.9603044472405875,"Taucorr":1.261391943140077},"Iteration":57},
{"Acceptance":[0.16533333333333333],"Energy":{"Mean":-6.872085043115361,"Sigma":0.3993590755108861,"Taucorr":0.4482663465763126},"EnergyVariance":{"Mean":9.130187438918066,"Sigma":1.7563424152413163,"Taucorr":0.14104701781352524},"Iteration":58},
{"Acceptance":[0.17033333333333334],"Energy":{"Mean":-7.3301878565444385,"Sigma":0.2365805475933162,"Taucorr":0.2121490836020935},"EnergyVariance":{"Mean":4.440972591810196,"Sigma":1.2564692740991865,"Taucorr":0.18558510543355056},"Iteration":59},
{"Acceptance":[0.191],"Energy":{"Mean":-8.266165852777439,"Sigma":0.31730167126596376,"Taucorr":0.07397335626513302},"EnergyVariance":{"Mean":10.152648231733572,"Sigma":2.150262170820997,"Taucorr":0.1462060673408363},"Iteration":60},
{"Acceptance":[0.176],"Energy":{"Mean":-7.111808447741605,"Sigma":0.46301879067335183,"Taucorr":0.36518162383180397},"EnergyVariance":{"Mean":17.089396945932585,"Sigma":3.9570662924143147,"Taucorr":-0.03403084026567793},"Iteration":61},
{"Acceptance":[0.16833333333333333],"Energy":{"Mean":-7.274206440566974,"Sigma":0.23976398873256935,"Taucorr":0.1391750619560167},"EnergyVariance":{"Mean":5.547678449779972,"Sigma":1.5787946729749187,"Taucorr":0.3281073538532434},"Iteration":62},
{"Acceptance":[0.17433333333333334],"Energy":{"Mean":-7.7307597092913625,"Sigma":0.39352560327429054,"Taucorr":0.23999089682904973},"EnergyVariance":{"Mean":10.73312583118333,"Sigma":3.764627500199242,"Taucorr":0.3161796471958521},"Iteration":63},
{"Acceptance":[0.17833333333333334],"Energy":{"Mean":-7.141422731800454,"Sigma":0.1850853683818623,"Taucorr":-0.18049389653955422},"EnergyVariance":{"Mean":6.5981623223930095,"Sigma":3.243292114096551,"Taucorr":0.5816186755842241},"Iteration":64},
{"Acceptance":[0.167],"Energy":{"Mean":-7.555005360702493,"Sigma":0.1592109037338584,"Taucorr":-0.0864920231033669},"EnergyVariance":{"Mean":3.7143056771301826,"Sigma":0.6525860378895183,"Taucorr":0.6437666751086488},"Iteration":65},
{"Acceptance":[0.17633333333333334],"Energy":{"Mean":-6.914355732643471,"Sigma":0.33486729650829966,"Taucorr":0.2940051354864526},"EnergyVariance":{"Mean":9.81338033817349,"Sigma":3.0273736954837625,"Taucorr":0.32857364423128566},"Iteration":66},
{"Acceptance":[0.17466666666666666],"Energy":{"Mean":-6.276047836285605,"Sigma":0.4780882205193968,"Taucorr":0.3160293453606965},"EnergyVariance":{"Mean":15.127451609868158,"Sigma":5.620682361782155,"Taucorr":0.2748235595253947},"Iteration":67},
{"Acceptance":[0.19066666666666668],"Energy":{"Mean":-7.8224737550236725,"Sigma":0.514417440105426,"Taucorr":0.5525473517847657},"EnergyVariance":{"Mean":13.059933009643128,"Sigma":8.618297512337215,"Taucorr":0.5673217221387112},"Iteration":68},
{"Acceptance":[0.19466666666666665],"Energy":{"Mean":-7.75308563624108,"Sigma":0.23663307422798138,"Taucorr":0.13962059670964944},"EnergyVariance":{"Mean":6.444363315525438,"Sigma":1.5707432110554143,"Taucorr":0.402950496336963},"Iteration":69},
{"Acceptance":[0.18266666666666667],"Energy":{"Mean":-7.884170515227237,"Sigma":0.23113602623261184,"Taucorr":0.1268218104892489},"EnergyVariance":{"Mean":5.570537961592086,"Sigma":1.2896066741934757,"Taucorr":0.39338956762491917},"Iteration":70},
{"Acceptance":[0.17466666666666666],"Energy":{"Mean":-7.662283439697667,"Sigma":0.2613765331085916,"Taucorr":0.18223657125156123},"EnergyVariance":{"Mean":5.906887366259686,"Sigma":1.3021981414815273,"Taucorr":0.08134638127606952},"Iteration":71},
{"Acceptance":[0.195],"Energy":{"Mean":-8.052606248032479,"Sigma":0.3547630389278665,"Taucorr":0.24819522318201326},"EnergyVariance":{"Mean":9.552867060276265,"Sigma":2.799293599596326,"Taucorr":0.09247848606333664},"Iteration":72},
{"Acceptance":[0.213],"Energy":{"Mean":-7.882603490877748,"Sigma":0.28030772602005793,"Taucorr":0.096339411016659},"EnergyVariance":{"Mean":8.738549731313109,"Sigma":1.7848101136819214,"Taucorr":0.012349422744648342},"Iteration":73},
{"Acceptance":[0.178],"Energy":{"Mean":-7.528529337070453,"Sigma":0.3166322417943121,"Taucorr":-0.02414163377332018},"EnergyVariance":{"Mean":11.198737242328683,"Sigma":5.719780878232061,"Taucorr":-0.007926808324034307},"Iteration":74},
{"Acceptance":[0.193],"Energy":{"Mean":-8.072763455052796,"Sigma":0.2579198685205648,"Taucorr":-0.08255172539722311},"EnergyVariance":{"Mean":8.804921318086496,"Sigma":1.4204397114444085,"Taucorr":0.05580928551238906},"Iteration":75},
{"Acceptance":[0.193],"Energy":{"Mean":-8.08034447857555,"Sigma":0.3701056705886958,"Taucorr":0.11724668453234},"EnergyVariance":{"Mean":12.050899527281324,"Sigma":5.492446726903248,"Taucorr":0.03545493698706559},"Iteration":76},
{"Acceptance":[0.17566666666666667],"Energy":{"Mean":-8.021951679116281,"Sigma":0.29931257450391696,"Taucorr":0.41911921651449546},"EnergyVariance":{"Mean":5.110153099046353,"Sigma":0.9181402328758249,"Taucorr":0.24451759374943627},"Iteration":77},
{"Acceptance":[0.22],"Energy":{"Mean":-8.16256550427503,"Sigma":0.33525078531405333,"Taucorr":0.08487481220878579},"EnergyVariance":{"Mean":12.672901982699313,"Sigma":4.43485710248691,"Taucorr":0.4751588110094668},"Iteration":78},
{"Acceptance":[0.21366666666666667],"Energy":{"Mean":-8.164069276271498,"Sigma":0.4311124649995814,"Taucorr":0.23273124997144257},"EnergyVariance":{"Mean":19.341237511912578,"Sigma":6.727641139105443,"Taucorr":0.1876116787275247},"Iteration":79},
{"Acceptance":[0.196],"Energy":{"Mean":-8.918624503383999,"Sigma":0.4835982380834045,"Taucorr":0.3555507955620074},"EnergyVariance":{"Mean":16.100648604649294,"Sigma":5.904528118416237,"Taucorr":0.33102845895900723},"Iteration":80},
{"Acceptance":[0.193],"Energy":{"Mean":-8.53752634869818,"Sigma":0.36091209195182455,"Taucorr":0.3010235383316776},"EnergyVariance":{"Mean":10.429553169736732,"Sigma":2.0126062528130264,"Taucorr":0.24752813717491995},"Iteration":81},
{"Acceptance":[0.209],"Energy":{"Mean":-8.267155217654272,"Sigma":0.24804532482332942,"Taucorr":0.12385312584216024},"EnergyVariance":{"Mean":8.255861006362116,"Sigma":2.1536040394992955,"Taucorr":0.16725372439489494},"Iteration":82},
{"Acceptance":[0.19533333333333333],"Energy":{"Mean":-8.48466177607045,"Sigma":0.2978368979966943,"Taucorr":-0.07049636691587247},"EnergyVariance":{"Mean":15.977104340113057,"Sigma":5.74424739591462,"Taucorr":0.029708968951766446},"Iteration":83},
{"Acceptance":[0.18133333333333335],"Energy":{"Mean":-10.427129653566471,"Sigma":1.1294933511359821,"Taucorr":0.8728963448695681},"EnergyVariance":{"Mean":47.18661634632976,"Sigma":22.95190162503632,"Taucorr":0.8844608007398975},"Iteration":84},
{"Acceptance":[0.19233333333333333],"Energy":{"Mean":-8.385098082951707,"Sigma":0.3776463478985655,"Taucorr":0.24646026800928034},"EnergyVariance":{"Mean":11.245602735824978,"Sigma":1.5923472880464147,"Taucorr":0.00022141754586590956},"Iteration":85},
{"Acceptance":[0.19066666666666668],"Energy":{"Mean":-9.600277745599742,"Sigma":0.36269949795906037,"Taucorr":-0.08699009716116296},"EnergyVariance":{"Mean":16.186298505188844,"Sigma":4.653168492579882,"Taucorr":-0.004766208295569896},"Iteration":86},
{"Acceptance":[0.18066666666666667],"Energy":{"Mean":-9.40128423682084,"Sigma":0.41533008496457147,"Taucorr":0.14218267970332643},"EnergyVariance":{"Mean":15.11858342112606,"Sigma":4.941358932785687,"Taucorr":-0.011866677750000387},"Iteration":87},
{"Acceptance":[0.17533333333333334],"Energy":{"Mean":-8.875971089717957,"Sigma":0.33225315959387236,"Taucorr":0.35498169769316046},"EnergyVariance":{"Mean":11.314950280934802,"Sigma":2.9049177186634187,"Taucorr":0.5767731874028601},"Iteration":88},
{"Acceptance":[0.17966666666666667],"Energy":{"Mean":-9.501709344406544,"Sigma":0.26444476661920074,"Taucorr":0.12873914595937264},"EnergyVariance":{"Mean":7.423156039332058,"Sigma":1.4590196323229083,"Taucorr":0.16300946337675404},"Iteration":89},
{"Acceptance":[0.182],"Energy":{"Mean":-9.37947170839211,"Sigma":0.29191697594509136,"Taucorr":0.13403805068065677},"EnergyVariance":{"Mean":7.2414425334538794,"Sigma":1.2802503414306017,"Taucorr":0.08956423722040874},"Iteration":90},
{"Acceptance":[0.16466666666666666],"Energy":{"Mean":-9.455673952888002,"Sigma":0.5292585552946619,"Taucorr":0.5260659037986928},"EnergyVariance":{"Mean":19.24970729427588,"Sigma":10.06963353143056,"Taucorr":0.4513233717617382},"Iteration":91},
{"Acceptance":[0.15733333333333333],"Energy":{"Mean":-8.8798573240561,"Sigma":0.39415575364174976,"Taucorr":0.3030323348468056},"EnergyVariance":{"Mean":11.52836333223277,"Sigma":2.292909468099934,"Taucorr":-0.07483536199707924},"Iteration":92},
{"Acceptance":[0.175],"Energy":{"Mean":-8.657357300932297,"Sigma":0.41949274636305706,"Taucorr":0.4898776614882109},"EnergyVariance":{"Mean":11.611626370732344,"Sigma":2.590628399435197,"Taucorr":0.15938877656564132},"Iteration":93},
{"Acceptance":[0.16766666666666666],"Energy":{"Mean":-9.018463648227128,"Sigma":0.4456894209081234,"Taucorr":0.2246256132379323},"EnergyVariance":{"Mean":14.315500986027233,"Sigma":6.3606479744491,"Taucorr":-0.009095014321549577},"Iteration":94},
{"Acceptance":[0.167],"Energy":{"Mean":-8.94542646346755,"Sigma":0.41049849025373397,"Taucorr":0.26035264512170153},"EnergyVariance":{"Mean":16.70707730655144,"Sigma":6.143070930255526,"Taucorr":0.38213427151717794},"Iteration":95},
{"Acceptance":[0.15366666666666667],"Energy":{"Mean":-9.493441309220714,"Sigma":0.3947443012733548,"Taucorr":0.24231419078333594},"EnergyVariance":{"Mean":13.353553990791296,"Sigma":3.2803135928872194,"Taucorr":0.4883179303516646},"Iteration":96},
{"Acceptance":[0.154],"Energy":{"Mean":-9.851079599309216,"Sigma":0.3266679489523833,"Taucorr":0.22137971835163106},"EnergyVariance":{"Mean":9.767645522101265,"Sigma":2.049598184634956,"Taucorr":0.12618343674213095},"Iteration":97},
{"Acceptance":[0.176],"Energy":{"Mean":-9.191873101928728,"Sigma":0.3236228861498121,"Taucorr":0.07432493496126391},"EnergyVariance":{"Mean":12.883679936384226,"Sigma":3.262410557688226,"Taucorr":0.6805226080408437},"Iteration":98},
{"Acceptance":[0.14466666666666667],"Energy":{"Mean":-9.519986607009328,"Sigma":0.34656134790516513,"Taucorr":0.32614426065283597},"EnergyVariance":{"Mean":7.78812065458989,"Sigma":1.3470480225681842,"Taucorr":0.0710455434769347},"Iteration":99} 
]}
{"input": {"L": 14, "J": 1, "machine": {"type": "FFNN", "model": ["lncosh", 45, 3]}, "sampler": {"type": "MetropolisHop", "d_max": 5}, "optimizer": {"type": "AdaMax", "alpha": 0.001, "beta1": 0.9, "beta2": 0.999, "epscut": 1e-07}, "VMC": {"n_samples": 100, "discarded_samples": 100, "discarded_samples_on_init": 0, "target": "energy", "method": "Gd", "diag_shift": 0.01, "use_iterative": true, "use_cholesky": true}, "n_iter": 100}}
duration: -3.180990695953369