{"Output": [
{"Acceptance":[0.7863333333333333],"Energy":{"Mean":11.41177208413229,"Sigma":0.4004257119104706,"Taucorr":0.3210727835128625},"EnergyVariance":{"Mean":9.503941476687519,"Sigma":1.5418895990788932,"Taucorr":0.33400746556691463},"Iteration":0},
{"Acceptance":[0.653],"Energy":{"Mean":10.93619072340288,"Sigma":0.3445116543944574,"Taucorr":0.021977473372737588},"EnergyVariance":{"Mean":12.554819333138784,"Sigma":1.4871091680348159,"Taucorr":-0.06642432692103067},"Iteration":1},
{"Acceptance":[0.5926666666666667],"Energy":{"Mean":9.463084117154624,"Sigma":0.3221794616789767,"Taucorr":-0.004412363330922264},"EnergyVariance":{"Mean":13.818156197733614,"Sigma":1.187307009126016,"Taucorr":-0.21645146267689497},"Iteration":2},
{"Acceptance":[0.5203333333333333],"Energy":{"Mean":7.525127136784,"Sigma":0.5249993955003148,"Taucorr":0.3238125498595077},"EnergyVariance":{"Mean":22.212943717579204,"Sigma":2.103186256547266,"Taucorr":-0.06673626923603665},"Iteration":3},
{"Acceptance":[0.476],"Energy":{"Mean":5.49352898990515,"Sigma":0.410579983008775,"Taucorr":0.17800564121601237},"EnergyVariance":{"Mean":19.573292869060744,"Sigma":2.1648887311681233,"Taucorr":-0.15945864820688033},"Iteration":4},
{"Acceptance":[0.3913333333333333],"Energy":{"Mean":2.6356141966520688,"Sigma":0.4828372017546888,"Taucorr":0.27693231412814967},"EnergyVariance":{"Mean":25.121627063646258,"Sigma":3.724430052944691,"Taucorr":0.1833201470136112},"Iteration":5},
{"Acceptance":[0.3273333333333333],"Energy":{"Mean":1.252383269905894,"Sigma":0.41777142308897963,"Taucorr":0.12436182235807403},"EnergyVariance":{"Mean":29.463713300482315,"Sigma":4.367298158654437,"Taucorr":0.06907975950675482},"Iteration":6},
{"Acceptance":[0.29433333333333334],"Energy":{"Mean":0.9325042892210599,"Sigma":0.5126268719220411,"Taucorr":0.5605536794513983},"EnergyVariance":{"Mean":21.90512009352139,"Sigma":2.476554909942601,"Taucorr":0.10192978652825047},"Iteration":7},
{"Acceptance":[0.238],"Energy":{"Mean":-2.6217150258686415,"Sigma":0.5770536329269942,"Taucorr":0.6934139583008636},"EnergyVariance":{"Mean":28.249927049074802,"Sigma":4.149556841759572,"Taucorr":0.1972884362845857},"Iteration":8},
{"Acceptance":[0.20166666666666666],"Energy":{"Mean":-4.294740836863073,"Sigma":0.4436520535464897,"Taucorr":0.6033033471501548},"EnergyVariance":{"Mean":19.242719965209872,"Sigma":5.145395221913118,"Taucorr":1.000169311367481},"Iteration":9},
{"Acceptance":[0.20233333333333334],"Energy":{"Mean":-4.110348362821225,"Sigma":0.44939326730068213,"Taucorr":0.4565000641701058},"EnergyVariance":{"Mean":34.70617986521233,"Sigma":8.392929896028866,"Taucorr":0.37226187620099205},"Iteration":10},
{"Acceptance":[0.15033333333333335],"Energy":{"Mean":-5.8832852025573645,"Sigma":0.41524146553815283,"Taucorr":0.5117643754129222},"EnergyVariance":{"Mean":15.278388171817285,"Sigma":1.8046960281578162,"Taucorr":0.026345073788744844},"Iteration":11},
{"Acceptance":[0.13933333333333334],"Energy":{"Mean":-7.203902577626058,"Sigma":0.35536960033282633,"Taucorr":0.5316039519751254},"EnergyVariance":{"Mean":21.015669738218957,"Sigma":5.073683622641958,"Taucorr":0.27739942301900933},"Iteration":12},
{"Acceptance":[0.12933333333333333],"Energy":{"Mean":-7.850920391450709,"Sigma":0.22294500139304996,"Taucorr":0.2643203600913263},"EnergyVariance":{"Mean":14.303814198695976,"Sigma":5.351635847738899,"Taucorr":0.7499970219252288},"Iteration":13},
{"Acceptance":[0.12433333333333334],"Energy":{"Mean":-8.153079672844715,"Sigma":0.38206377386849594,"Taucorr":0.45502632436935797},"EnergyVariance":{"Mean":27.456099978769604,"Sigma":8.449686681743072,"Taucorr":0.13243989431985603},"Iteration":14},
{"Acceptance":[0.11266666666666666],"Energy":{"Mean":-7.78824913262091,"Sigma":0.5377230298952919,"Taucorr":0.9365096344795256},"EnergyVariance":{"Mean":17.566723551504133,"Sigma":6.839023029749674,"Taucorr":0.8227816873638849},"Iteration":15},
{"Acceptance":[0.09566666666666666],"Energy":{"Mean":-8.653078277402392,"Sigma":0.30214913380260133,"Taucorr":0.7044003680345927},"EnergyVariance":{"Mean":8.095403758275463,"Sigma":1.7801699687265777,"Taucorr":0.16958251876535446},"Iteration":16},
{"Acceptance":[0.08933333333333333],"Energy":{"Mean":-9.611205850077614,"Sigma":0.27684831433548746,"Taucorr":0.21367547620164806},"EnergyVariance":{"Mean":10.252009754845261,"Sigma":3.8105631724406654,"Taucorr":0.7952737606087972},"Iteration":17},
{"Acceptance":[0.08666666666666667],"Energy":{"Mean":-9.267249132570871,"Sigma":0.4795118162945959,"Taucorr":0.5492343465054033},"EnergyVariance":{"Mean":20.955459028058186,"Sigma":6.697209678632695,"Taucorr":0.1962151705940598},"Iteration":18},
{"Acceptance":[0.058],"Energy":{"Mean":-9.528389942637652,"Sigma":0.317397496356001,"Taucorr":0.37808155059087445},"EnergyVariance":{"Mean":8.539377877947356,"Sigma":5.813991805588994,"Taucorr":-0.012246443308617683},"Iteration":19},
{"Acceptance":[0.083],"Energy":{"Mean":-9.715229412734951,"Sigma":0.31106653298679043,"Taucorr":0.044424336187992464},"EnergyVariance":{"Mean":14.07118469399454,"Sigma":5.2531790217094025,"Taucorr":0.16238821551543758},"Iteration":20},
{"Acceptance":[0.058333333333333334],"Energy":{"Mean":-9.902872546273741,"Sigma":0.23243788906263368,"Taucorr":0.4222035450689192},"EnergyVariance":{"Mean":4.285620369575948,"Sigma":1.9203553152038235,"Taucorr":0.3897722362282524},"Iteration":21},
{"Acceptance":[0.063],"Energy":{"Mean":-10.255564350236567,"Sigma":0.388309520564685,"Taucorr":0.20538958349803793},"EnergyVariance":{"Mean":15.964918484802748,"Sigma":6.435044299020005,"Taucorr":0.33924657132644065},"Iteration":22},
{"Acceptance":[0.057],"Energy":{"Mean":-10.77371725068641,"Sigma":0.577041252714499,"Taucorr":0.8610437981101238},"EnergyVariance":{"Mean":20.10174471969911,"Sigma":11.08121872648756,"Taucorr":1.1281966415877167},"Iteration":23},
{"Acceptance":[0.056],"Energy":{"Mean":-11.35062237601833,"Sigma":0.8350084740219307,"Taucorr":0.2856197326646026},"EnergyVariance":{"Mean":57.79198396823502,"Sigma":40.8717075137538,"Taucorr":0.2204986826788642},"Iteration":24},
{"Acceptance":[0.06633333333333333],"Energy":{"Mean":-10.275256997658865,"Sigma":0.3469286358523636,"Taucorr":0.06343291155184339},"EnergyVariance":{"Mean":13.818171638313974,"Sigma":7.062121609036968,"Taucorr":0.24847221289990506},"Iteration":25},
{"Acceptance":[0.057666666666666665],"Energy":{"Mean":-10.236243909526822,"Sigma":0.25757673435560063,"Taucorr":0.09910002682288954},"EnergyVariance":{"Mean":6.593457766532431,"Sigma":3.5666528310940424,"Taucorr":-0.003847133047421014},"Iteration":26},
{"Acceptance":[0.06833333333333333],"Energy":{"Mean":-9.765773531742676,"Sigma":0.3934942781809213,"Taucorr":0.564055576144374},"EnergyVariance":{"Mean":7.592730562869134,"Sigma":2.676879976739709,"Taucorr":0.28642776944467563},"Iteration":27},
{"Acceptance":[0.05366666666666667],"Energy":{"Mean":-10.858073838206757,"Sigma":0.4468729544866398,"Taucorr":0.26108090074824297},"EnergyVariance":{"Mean":16.598991074687216,"Sigma":9.504151008521958,"Taucorr":0.3067513912833064},"Iteration":28},
{"Acceptance":[0.043],"Energy":{"Mean":-10.965111390943598,"Sigma":0.8187903924133589,"Taucorr":1.2160852434321883},"EnergyVariance":{"Mean":23.005386105072642,"Sigma":21.25112994050431,"Taucorr":0.5563491430517367},"Iteration":29},
{"Acceptance":[0.041],"Energy":{"Mean":-10.504263173171973,"Sigma":0.2498352004024927,"Taucorr":-0.10274748483489099},"EnergyVariance":{"Mean":8.615505316594541,"Sigma":4.991888789884023,"Taucorr":0.0003539706638190365},"Iteration":30},
{"Acceptance":[0.052],"Energy":{"Mean":-12.361707235433196,"Sigma":0.7140733235644743,"Taucorr":0.5884793209477728},"EnergyVariance":{"Mean":28.50803655543188,"Sigma":7.72656856113762,"Taucorr":0.49408901070686995},"Iteration":31},
{"Acceptance":[0.06866666666666667],"Energy":{"Mean":-10.734412599964642,"Sigma":0.42723998307505406,"Taucorr":0.39203854844145836},"EnergyVariance":{"Mean":10.929359483722852,"Sigma":7.68059916031728,"Taucorr":0.5058499490166102},"Iteration":32},
{"Acceptance":[0.06633333333333333],"Energy":{"Mean":-10.469559666444969,"Sigma":0.29539291220024383,"Taucorr":-0.19247969495038425},"EnergyVariance":{"Mean":13.632144224301241,"Sigma":7.4363423162543985,"Taucorr":0.03505632240672785},"Iteration":33},
{"Acceptance":[0.06766666666666667],"Energy":{"Mean":-10.174206586096833,"Sigma":0.3593495339227028,"Taucorr":0.3655431991020376},"EnergyVariance":{"Mean":7.5533258371574,"Sigma":3.67123433374016,"Taucorr":0.20439367427178168},"Iteration":34},
{"Acceptance":[0.054],"Energy":{"Mean":-10.574721616540218,"Sigma":0.12353481380994709,"Taucorr":0.46769793213394595},"EnergyVariance":{"Mean":0.7911361781294087,"Sigma":0.18342407049863055,"Taucorr":0.6264477666585406},"Iteration":35},
{"Acceptance":[0.06566666666666666],"Energy":{"Mean":-11.880913691979359,"Sigma":0.6319510066073276,"Taucorr":0.4207366987799106},"EnergyVariance":{"Mean":22.10679232416943,"Sigma":11.717757181618675,"Taucorr":0.6878052208729812},"Iteration":36},
{"Acceptance":[0.07133333333333333],"Energy":{"Mean":-10.233282410725932,"Sigma":0.2917015444730484,"Taucorr":0.21628111340850198},"EnergyVariance":{"Mean":5.7257072967077525,"Sigma":4.069832944663586,"Taucorr":-0.0047750407050524135},"Iteration":37},
{"Acceptance":[0.057666666666666665],"Energy":{"Mean":-10.353053349350265,"Sigma":0.15347549659432905,"Taucorr":0.006168928422881859},"EnergyVariance":{"Mean":2.246748223400807,"Sigma":1.0805745043586168,"Taucorr":0.43724219055052427},"Iteration":38},
{"Acceptance":[0.06333333333333334],"Energy":{"Mean":-10.529270189200552,"Sigma":0.4736344747777267,"Taucorr":0.13021394973775446},"EnergyVariance":{"Mean":18.843055306426727,"Sigma":13.562860364100127,"Taucorr":0.006114292446445901},"Iteration":39},
{"Acceptance":[0.066],"Energy":{"Mean":-10.566189142808689,"Sigma":0.16490343309776567,"Taucorr":0.41379336119963517},"EnergyVariance":{"Mean":1.477613681937048,"Sigma":0.3255422896387701,"Taucorr":0.33522969276171255},"Iteration":40},
{"Acceptance":[0.06766666666666667],"Energy":{"Mean":-11.299332596565511,"Sigma":0.6178508079192054,"Taucorr":1.0187028677008492},"EnergyVariance":{"Mean":12.178527065903367,"Sigma":4.916470025973468,"Taucorr":1.1224009494761193},"Iteration":41},
{"Acceptance":[0.07233333333333333],"Energy":{"Mean":-11.135955602736757,"Sigma":0.44909628993826683,"Taucorr":0.10492402318088445},"EnergyVariance":{"Mean":16.406795233624337,"Sigma":7.900650200660334,"Taucorr":0.2101576973714535},"Iteration":42},
{"Acceptance":[0.066],"Energy":{"Mean":-11.139625020453135,"Sigma":0.4046996634884082,"Taucorr":0.1035186600683381},"EnergyVariance":{"Mean":13.075855040583988,"Sigma":4.88595587235091,"Taucorr":0.04699394013015823},"Iteration":43},
{"Acceptance":[0.07133333333333333],"Energy":{"Mean":-10.421432145909588,"Sigma":0.3548348635446049,"Taucorr":0.6531845712189022},"EnergyVariance":{"Mean":5.26927140025784,"Sigma":2.9839398751860577,"Taucorr":0.41647500402655047},"Iteration":44},
{"Acceptance":[0.07633333333333334],"Energy":{"Mean":-10.164226362089426,"Sigma":0.19623886284914321,"Taucorr":0.14456440416301286},"EnergyVariance":{"Mean":2.9109970200516835,"Sigma":1.0727746631925241,"Taucorr":0.001332189420475749},"Iteration":45},
{"Acceptance":[0.07633333333333334],"Energy":{"Mean":-10.63508570376311,"Sigma":0.2591060485821037,"Taucorr":-0.10890288105428336},"EnergyVariance":{"Mean":8.331110329141957,"Sigma":6.481923160470205,"Taucorr":0.02002212755490751},"Iteration":46},
{"Acceptance":[0.07733333333333334],"Energy":{"Mean":-11.137747091852022,"Sigma":0.4726853439222221,"Taucorr":0.4917908753600093},"EnergyVariance":{"Mean":10.905394575689787,"Sigma":5.075507807536741,"Taucorr":0.1264023481295634},"Iteration":47},
{"Acceptance":[0.07966666666666666],"Energy":{"Mean":-10.213972402869842,"Sigma":0.24456773034065066,"Taucorr":0.5937332526480048},"EnergyVariance":{"Mean":2.7367600869509054,"Sigma":0.7214028181253224,"Taucorr":0.34497457320758007},"Iteration":48},
{"Acceptance":[0.07433333333333333],"Energy":{"Mean":-10.852114740324744,"Sigma":0.4512019623912403,"Taucorr":0.35991557886808},"EnergyVariance":{"Mean":11.342700333400261,"Sigma":8.596693785183524,"Taucorr":0.5106007323949671},"Iteration":49},
{"Acceptance":[0.08666666666666667],"Energy":{"Mean":-11.285123512250639,"Sigma":0.4837050297171345,"Taucorr":0.5117666527919353},"EnergyVariance":{"Mean":11.085032964968883,"Sigma":4.777215857584114,"Taucorr":0.5889109880052183},"Iteration":50},
{"Acceptance":[0.093],"Energy":{"Mean":-10.456131626487403,"Sigma":0.24409075846431555,"Taucorr":0.47639335175187547},"EnergyVariance":{"Mean":2.93874992652798,"Sigma":1.0994057651756113,"Taucorr":0.4328646623585166},"Iteration":51},
{"Acceptance":[0.08466666666666667],"Energy":{"Mean":-10.325580387887317,"Sigma":0.15887717518221758,"Taucorr":-0.006568502242942698},"EnergyVariance":{"Mean":2.4841355876041415,"Sigma":0.5737196239398245,"Taucorr":0.08833413887178909},"Iteration":52},
{"Acceptance":[0.09833333333333333],"Energy":{"Mean":-11.509407783097277,"Sigma":0.8420348142273868,"Taucorr":0.09366195027326951},"EnergyVariance":{"Mean":57.28167273722108,"Sigma":29.92742093323226,"Taucorr":0.24559650748201678},"Iteration":53},
{"Acceptance":[0.08433333333333333],"Energy":{"Mean":-10.507387420178906,"Sigma":0.22458520788274489,"Taucorr":-0.033994059521007536},"EnergyVariance":{"Mean":5.280130593699361,"Sigma":3.793355344754793,"Taucorr":0.03681342138323351},"Iteration":54},
{"Acceptance":[0.089],"Energy":{"Mean":-10.885019355248282,"Sigma":0.34340635673182623,"Taucorr":-0.1508782392336488},"EnergyVariance":{"Mean":16.783745974335915,"Sigma":8.448115864295985,"Taucorr":5.355261647310705e-05},"Iteration":55},
{"Acceptance":[0.083],"Energy":{"Mean":-11.036358182669492,"Sigma":0.30811109351010646,"Taucorr":0.041330463983370924},"EnergyVariance":{"Mean":8.971605728845732,"Sigma":5.677051954726417,"Taucorr":-0.001591505782724656},"Iteration":56},
{"Acceptance":[0.086],"Energy":{"Mean":-10.227796706868562,"Sigma":0.16411920119709017,"Taucorr":0.29432431396341796},"EnergyVariance":{"Mean":1.6482343537135995,"Sigma":0.24326176814663525,"Taucorr":0.03265905199101282},"Iteration":57},
{"Acceptance":[0.08033333333333334],"Energy":{"Mean":-11.434431189146895,"Sigma":0.5179384302417757,"Taucorr":0.025565837439378014},"EnergyVariance":{"Mean":25.062275910896755,"Sigma":12.817359451271036,"Taucorr":0.31821630153571145},"Iteration":58},
{"Acceptance":[0.08233333333333333],"Energy":{"Mean":-10.117846155231843,"Sigma":0.2196609005709381,"Taucorr":0.33393299462017967},"EnergyVariance":{"Mean":2.8306175277799617,"Sigma":0.6232609433548603,"Taucorr":0.21842579229757086},"Iteration":59},
{"Acceptance":[0.06666666666666667],"Energy":{"Mean":-11.47335707117266,"Sigma":0.3908029873560247,"Taucorr":0.07196617560102181},"EnergyVariance":{"Mean":13.834335880292407,"Sigma":8.421344227482876,"Taucorr":0.338620336059574},"Iteration":60},
{"Acceptance":[0.06866666666666667],"Energy":{"Mean":-10.37710703724269,"Sigma":0.23571505271739765,"Taucorr":0.2655621307520596},"EnergyVariance":{"Mean":3.4875112508152077,"Sigma":1.7770721143478156,"Taucorr":0.0056409817076723545},"Iteration":61},
{"Acceptance":[0.07633333333333334],"Energy":{"Mean":-10.87061564832007,"Sigma":0.2797262025201964,"Taucorr":0.5521802472301529},"EnergyVariance":{"Mean":3.6629974080558148,"Sigma":1.4614164513574663,"Taucorr":0.5620460411864145},"Iteration":62},
{"Acceptance":[0.069],"Energy":{"Mean":-10.946692620655678,"Sigma":0.25818307556619424,"Taucorr":0.15985986027463295},"EnergyVariance":{"Mean":4.906671160081515,"Sigma":1.4665125193021935,"Taucorr":0.1351993781553853},"Iteration":63},
{"Acceptance":[0.06233333333333333],"Energy":{"Mean":-10.791323893611564,"Sigma":0.1978847735332321,"Taucorr":0.695350053405031},"EnergyVariance":{"Mean":1.5813841060944336,"Sigma":0.648746152752804,"Taucorr":0.3111673719562371},"Iteration":64},
{"Acceptance":[0.077],"Energy":{"Mean":-11.44304237618314,"Sigma":0.2786958285772831,"Taucorr":0.02124529496250216},"EnergyVariance":{"Mean":7.205628918780879,"Sigma":2.5300011646968645,"Taucorr":-0.03001950769765288},"Iteration":65},
{"Acceptance":[0.07866666666666666],"Energy":{"Mean":-11.215160687410606,"Sigma":0.7422781161521402,"Taucorr":0.32873658086592317},"EnergyVariance":{"Mean":33.66198766489368,"Sigma":23.08722388840246,"Taucorr":0.4545766542574299},"Iteration":66},
{"Acceptance":[0.08466666666666667],"Energy":{"Mean":-10.648484918701786,"Sigma":0.31130422317847056,"Taucorr":0.4923604127196034},"EnergyVariance":{"Mean":4.745142720063926,"Sigma":1.8954219511718053,"Taucorr":0.08517927287466842},"Iteration":67},
{"Acceptance":[0.07166666666666667],"Energy":{"Mean":-11.358685124323445,"Sigma":0.6501265364934247,"Taucorr":0.13420417741820567},"EnergyVariance":{"Mean":33.030355675140434,"Sigma":14.898486810135548,"Taucorr":0.0844491948956192},"Iteration":68},
{"Acceptance":[0.07333333333333333],"Energy":{"Mean":-10.348102414673171,"Sigma":0.4998938836275879,"Taucorr":1.0000704250005494},"EnergyVariance":{"Mean":8.052874647704883,"Sigma":2.444295264311882,"Taucorr":0.9041373901233698},"Iteration":69},
{"Acceptance":[0.07133333333333333],"Energy":{"Mean":-10.323485977617954,"Sigma":0.36201817014989357,"Taucorr":0.21319128440680468},"EnergyVariance":{"Mean":9.36492828224947,"Sigma":6.251510939056397,"Taucorr":-0.006300436250501695},"Iteration":70},
{"Acceptance":[0.08],"Energy":{"Mean":-11.168872103909099,"Sigma":0.5009655268994349,"Taucorr":0.42913400177543193},"EnergyVariance":{"Mean":13.044104366951318,"Sigma":4.601576088051278,"Taucorr":0.264164660345387},"Iteration":71},
{"Acceptance":[0.071],"Energy":{"Mean":-10.887663945548027,"Sigma":0.1852872697558184,"Taucorr":0.18146695112739486},"EnergyVariance":{"Mean":2.4274937153436973,"Sigma":0.7886126529515096,"Taucorr":0.22518525858362903},"Iteration":72},
{"Acceptance":[0.07166666666666667],"Energy":{"Mean":-10.221902374663067,"Sigma":0.2335450592936115,"Taucorr":0.2755704192364131},"EnergyVariance":{"Mean":3.5457478266240936,"Sigma":1.0142410431511144,"Taucorr":0.2303120261993976},"Iteration":73},
{"Acceptance":[0.06666666666666667],"Energy":{"Mean":-11.401116174440693,"Sigma":0.28031628546131837,"Taucorr":0.35563452500279313},"EnergyVariance":{"Mean":4.553226558025271,"Sigma":1.4860080174239139,"Taucorr":0.5620239577515314},"Iteration":74},
{"Acceptance":[0.06566666666666666],"Energy":{"Mean":-10.359926312010586,"Sigma":0.5987673595591458,"Taucorr":0.13282639354767922},"EnergyVariance":{"Mean":27.15952194305743,"Sigma":18.43062206898402,"Taucorr":-0.009864722780351831},"Iteration":75},
{"Acceptance":[0.08033333333333334],"Energy":{"Mean":-11.250315737446419,"Sigma":0.39620765449369255,"Taucorr":-0.06756544090158473},"EnergyVariance":{"Mean":17.978962221620833,"Sigma":10.595031841264706,"Taucorr":0.012931052459026482},"Iteration":76},
{"Acceptance":[0.06666666666666667],"Energy":{"Mean":-10.721676493332339,"Sigma":0.27107833153495964,"Taucorr":-0.011240223099363567},"EnergyVariance":{"Mean":7.425268548868999,"Sigma":5.2297524198445835,"Taucorr":0.03372926177337976},"Iteration":77},
{"Acceptance":[0.08033333333333334],"Energy":{"Mean":-10.654652032191096,"Sigma":0.3586929642086442,"Taucorr":0.2553921732818637},"EnergyVariance":{"Mean":8.25463892822997,"Sigma":2.4914849250033124,"Taucorr":0.599067036561582},"Iteration":78},
{"Acceptance":[0.074],"Energy":{"Mean":-10.139950354590711,"Sigma":0.27448390831807357,"Taucorr":0.5914726359212914},"EnergyVariance":{"Mean":3.5153270126417637,"Sigma":0.8210320548125412,"Taucorr":0.3980484837805708},"Iteration":79},
{"Acceptance":[0.083],"Energy":{"Mean":-11.302284689754291,"Sigma":0.39425223547154986,"Taucorr":0.5346434702248899},"EnergyVariance":{"Mean":7.303905467891196,"Sigma":4.746296059341534,"Taucorr":0.5430050359181828},"Iteration":80},
{"Acceptance":[0.084],"Energy":{"Mean":-10.882598983780548,"Sigma":0.24087983045233602,"Taucorr":0.3692789878655035},"EnergyVariance":{"Mean":3.3645734255731834,"Sigma":0.9617020292472702,"Taucorr":0.0873694341870066},"Iteration":81},
{"Acceptance":[0.086],"Energy":{"Mean":-11.604211435465078,"Sigma":0.7087530654123431,"Taucorr":0.7885418853314707},"EnergyVariance":{"Mean":19.522532696388883,"Sigma":15.809413667228931,"Taucorr":0.5634780117188218},"Iteration":82},
{"Acceptance":[0.08366666666666667],"Energy":{"Mean":-11.214833447485866,"Sigma":0.508817398287306,"Taucorr":0.4901021389095823},"EnergyVariance":{"Mean":13.105582371054739,"Sigma":3.959158352307829,"Taucorr":0.4574852277061602},"Iteration":83},
{"Acceptance":[0.07433333333333333],"Energy":{"Mean":-10.449250594493598,"Sigma":0.2748807108280798,"Taucorr":0.599811449875588},"EnergyVariance":{"Mean":3.5750636225479835,"Sigma":0.6949448160516433,"Taucorr":0.09399835059572237},"Iteration":84},
{"Acceptance":[0.09166666666666666],"Energy":{"Mean":-10.410602391800088,"Sigma":0.19576388854680773,"Taucorr":0.2667024981123104},"EnergyVariance":{"Mean":2.621364160708367,"Sigma":0.4795504611013584,"Taucorr":0.05778767579385058},"Iteration":85},
{"Acceptance":[0.106],"Energy":{"Mean":-10.459205902798454,"Sigma":0.33807588085093854,"Taucorr":0.03400591507015838},"EnergyVariance":{"Mean":10.979730547549114,"Sigma":4.284207396496774,"Taucorr":0.10528287468068265},"Iteration":86},
{"Acceptance":[0.08933333333333333],"Energy":{"Mean":-10.643622052149793,"Sigma":0.2049091155273367,"Taucorr":0.05871196293173342},"EnergyVariance":{"Mean":4.006166617023376,"Sigma":1.1023493571096319,"Taucorr":0.037733153465318914},"Iteration":87},
{"Acceptance":[0.089],"Energy":{"Mean":-10.301243326368166,"Sigma":0.24302031104205096,"Taucorr":0.49715116491140177},"EnergyVariance":{"Mean":3.1332774934937992,"Sigma":0.5657066164747858,"Taucorr":0.0793467369011327},"Iteration":88},
{"Acceptance":[0.09133333333333334],"Energy":{"Mean":-11.126338663756101,"Sigma":0.3787021223131106,"Taucorr":0.1795676190237675},"EnergyVariance":{"Mean":10.454819661589463,"Sigma":5.4625061334910985,"Taucorr":-0.018406078681682314},"Iteration":89},
{"Acceptance":[0.09766666666666667],"Energy":{"Mean":-11.947127252496559,"Sigma":0.9606701653970154,"Taucorr":0.26789783924889454},"EnergyVariance":{"Mean":61.95141513915572,"Sigma":41.80205021086952,"Taucorr":0.4132506244089692},"Iteration":90},
{"Acceptance":[0.08566666666666667],"Energy":{"Mean":-10.507021188346382,"Sigma":0.23552755313530896,"Taucorr":0.43056680855304275},"EnergyVariance":{"Mean":2.9823141290955966,"Sigma":0.5861884683202162,"Taucorr":0.18166833495283063},"Iteration":91},
{"Acceptance":[0.08966666666666667],"Energy":{"Mean":-11.41107884904526,"Sigma":0.560335723954302,"Taucorr":0.3709257293656112},"EnergyVariance":{"Mean":17.271389319464404,"Sigma":9.347881624133365,"Taucorr":0.12538580097541896},"Iteration":92},
{"Acceptance":[0.11033333333333334],"Energy":{"Mean":-10.76443134622933,"Sigma":0.34094862270652254,"Taucorr":0.09833701051692179},"EnergyVariance":{"Mean":9.570541407792549,"Sigma":5.204556744820412,"Taucorr":0.08847794877104465},"Iteration":93},
{"Acceptance":[0.08766666666666667],"Energy":{"Mean":-10.902291364029391,"Sigma":0.34781102957814136,"Taucorr":0.13405821562924813},"EnergyVariance":{"Mean":9.37705313704753,"Sigma":6.955183397929693,"Taucorr":-0.006863809950531985},"Iteration":94},
{"Acceptance":[0.088],"Energy":{"Mean":-11.260864042215973,"Sigma":0.3903517319826463,"Taucorr":0.4158543945459744},"EnergyVariance":{"Mean":8.36822640619524,"Sigma":3.8010663783343754,"Taucorr":0.40454030888528414},"Iteration":95},
{"Acceptance":[0.087],"Energy":{"Mean":-11.186843370007177,"Sigma":0.3744007701411902,"Taucorr":0.39415167903667425},"EnergyVariance":{"Mean":8.055055791356803,"Sigma":2.3789651193054366,"Taucorr":0.6212120411981776},"Iteration":96},
{"Acceptance":[0.08533333333333333],"Energy":{"Mean":-10.76852598825897,"Sigma":0.2650678778801444,"Taucorr":0.28279112105931503},"EnergyVariance":{"Mean":4.854960860880086,"Sigma":1.0669224950244187,"Taucorr":0.420619559162672},"Iteration":97},
{"Acceptance":[0.10666666666666667],"Energy":{"Mean":-10.104801188592399,"Sigma":0.2958552809621621,"Taucorr":0.30726898352614096},"EnergyVariance":{"Mean":5.448369766348023,"Sigma":0.8648588676949803,"Taucorr":0.09976207647505808},"Iteration":98},
{"Acceptance":[0.10033333333333333],"Energy":{"Mean":-11.474717195330701,"Sigma":0.46783196543116357,"Taucorr":0.15520431087133146},"EnergyVariance":{"Mean":16.226170470686814,"Sigma":8.511267021248246,"Taucorr":0.007063637749688656},"Iteration":99} 
]}
{"input": {"L": 14, "J": 1, "machine": {"type": "FFNN", "model": ["lncosh", 62, 2]}, "sampler": {"type": "MetropolisHop", "d_max": 5}, "optimizer": {"type": "AdaMax", "alpha": 0.001, "beta1": 0.9, "beta2": 0.999, "epscut": 1e-07}, "VMC": {"n_samples": 100, "discarded_samples": 100, "discarded_samples_on_init": 0, "target": "energy", "method": "Gd", "diag_shift": 0.01, "use_iterative": true, "use_cholesky": true}, "n_iter": 100}}
duration: -2.223998785018921