{"Output": [
{"Acceptance":[0.8531818181818182],"Energy":{"Mean":8.358780654299972,"Sigma":0.2850917167627501,"Taucorr":0.22522417554869523},"EnergyVariance":{"Mean":5.563296352158034,"Sigma":0.9999443593609851,"Taucorr":0.1811110321488386},"Iteration":0},
{"Acceptance":[0.7663636363636364],"Energy":{"Mean":7.735913925963677,"Sigma":0.2527293554582809,"Taucorr":0.04518834490008439},"EnergyVariance":{"Mean":6.1338504768559226,"Sigma":0.5805455876895993,"Taucorr":-0.2729203362105212},"Iteration":1},
{"Acceptance":[0.7145454545454546],"Energy":{"Mean":6.985065037098134,"Sigma":0.30097335973932104,"Taucorr":0.16940791275759082},"EnergyVariance":{"Mean":7.149326850263278,"Sigma":1.1013515918589944,"Taucorr":0.050112000946684},"Iteration":2},
{"Acceptance":[0.6790909090909091],"Energy":{"Mean":6.628400869825227,"Sigma":0.29531705238693895,"Taucorr":0.017280705104023686},"EnergyVariance":{"Mean":9.051724755349495,"Sigma":1.0432499843387508,"Taucorr":0.05744096368178275},"Iteration":3},
{"Acceptance":[0.635],"Energy":{"Mean":6.324813487637634,"Sigma":0.4017973848512001,"Taucorr":0.20830895890172763},"EnergyVariance":{"Mean":12.603794721265846,"Sigma":1.586066129469194,"Taucorr":0.07324585873575673},"Iteration":4},
{"Acceptance":[0.5727272727272728],"Energy":{"Mean":5.887127612511658,"Sigma":0.42169314917315043,"Taucorr":0.2990650820020374},"EnergyVariance":{"Mean":12.228041606667682,"Sigma":1.3725274099188307,"Taucorr":-0.11694847335379627},"Iteration":5},
{"Acceptance":[0.5418181818181819],"Energy":{"Mean":5.372434649694373,"Sigma":0.38652657363225257,"Taucorr":0.12313667398710537},"EnergyVariance":{"Mean":13.719270121814255,"Sigma":1.2660134710974755,"Taucorr":-0.21750609430630485},"Iteration":6},
{"Acceptance":[0.5245454545454545],"Energy":{"Mean":4.433365088571199,"Sigma":0.4813530385489779,"Taucorr":0.40533321642031717},"EnergyVariance":{"Mean":14.852221612568572,"Sigma":1.9478984728252484,"Taucorr":0.07168820091313477},"Iteration":7},
{"Acceptance":[0.47363636363636363],"Energy":{"Mean":4.385087063261782,"Sigma":0.48083063858172137,"Taucorr":0.3025899890494358},"EnergyVariance":{"Mean":16.968099993569616,"Sigma":2.390133940474819,"Taucorr":0.04804427676644518},"Iteration":8},
{"Acceptance":[0.4527272727272727],"Energy":{"Mean":4.236624060316296,"Sigma":0.3488059666117842,"Taucorr":-0.04935292541531355},"EnergyVariance":{"Mean":16.65027652882076,"Sigma":2.0869143563658197,"Taucorr":-0.03142996420853067},"Iteration":9},
{"Acceptance":[0.39545454545454545],"Energy":{"Mean":2.7027424805297366,"Sigma":0.48891019523583157,"Taucorr":0.3965287949454839},"EnergyVariance":{"Mean":16.407476374475003,"Sigma":2.141643865295959,"Taucorr":0.07525962281424403},"Iteration":10},
{"Acceptance":[0.3654545454545455],"Energy":{"Mean":1.7003888853293048,"Sigma":0.5308404408012234,"Taucorr":0.5767547225106167},"EnergyVariance":{"Mean":15.78727995635763,"Sigma":2.172591382602854,"Taucorr":0.15606689787935824},"Iteration":11},
{"Acceptance":[0.3613636363636364],"Energy":{"Mean":1.564520328935873,"Sigma":0.37756785828386574,"Taucorr":0.23591616558555473},"EnergyVariance":{"Mean":14.858538818058427,"Sigma":1.5636698735126533,"Taucorr":-0.13796029378417884},"Iteration":12},
{"Acceptance":[0.33136363636363636],"Energy":{"Mean":1.248813013225259,"Sigma":0.5214098255622882,"Taucorr":0.610457265282806},"EnergyVariance":{"Mean":15.852848221475494,"Sigma":2.1706139780322777,"Taucorr":0.02155892385559044},"Iteration":13},
{"Acceptance":[0.31772727272727275],"Energy":{"Mean":0.0512725953953981,"Sigma":0.40050995508805404,"Taucorr":0.47732272322319924},"EnergyVariance":{"Mean":12.009121997392013,"Sigma":1.4909701039472152,"Taucorr":0.08954388335940688},"Iteration":14},
{"Acceptance":[0.2831818181818182],"Energy":{"Mean":-0.08737839238849378,"Sigma":0.3569111937604781,"Taucorr":0.29052143025083776},"EnergyVariance":{"Mean":13.065108125818085,"Sigma":1.8184005494151148,"Taucorr":-0.07740516186400392},"Iteration":15},
{"Acceptance":[0.26045454545454544],"Energy":{"Mean":-1.7194254164205287,"Sigma":0.4056399379544315,"Taucorr":0.5802765010229747},"EnergyVariance":{"Mean":9.567459145790156,"Sigma":2.0246340028012004,"Taucorr":0.1028925826732443},"Iteration":16},
{"Acceptance":[0.2359090909090909],"Energy":{"Mean":-1.6525128567412322,"Sigma":0.34453495962849817,"Taucorr":0.4430266937051497},"EnergyVariance":{"Mean":10.364495882925455,"Sigma":1.781661839873903,"Taucorr":0.1903829617178362},"Iteration":17},
{"Acceptance":[0.24818181818181817],"Energy":{"Mean":-1.6220726853851601,"Sigma":0.4281380390515992,"Taucorr":0.5330865761138863},"EnergyVariance":{"Mean":13.427115196133123,"Sigma":2.7091151211090656,"Taucorr":0.10391842628078252},"Iteration":18},
{"Acceptance":[0.22136363636363637],"Energy":{"Mean":-1.8366094674125168,"Sigma":0.38091157397419423,"Taucorr":0.29267068536940255},"EnergyVariance":{"Mean":13.445687420557109,"Sigma":2.546807185356737,"Taucorr":0.1587602148827013},"Iteration":19},
{"Acceptance":[0.19863636363636364],"Energy":{"Mean":-2.212791686662782,"Sigma":0.3967328182200422,"Taucorr":0.5073620315881773},"EnergyVariance":{"Mean":10.17011789850802,"Sigma":2.5432429065410003,"Taucorr":0.36280399875040226},"Iteration":20},
{"Acceptance":[0.1990909090909091],"Energy":{"Mean":-2.9428453217389863,"Sigma":0.3319611940594736,"Taucorr":0.4604663980490703},"EnergyVariance":{"Mean":8.666186781945632,"Sigma":1.5827568605053457,"Taucorr":0.21152191237283202},"Iteration":21},
{"Acceptance":[0.18818181818181817],"Energy":{"Mean":-3.144992169582999,"Sigma":0.2926768322058122,"Taucorr":0.47346372535204895},"EnergyVariance":{"Mean":7.601544918868202,"Sigma":1.6843332096668258,"Taucorr":0.18545745162987404},"Iteration":22},
{"Acceptance":[0.20772727272727273],"Energy":{"Mean":-2.655109237078768,"Sigma":0.2912469835414314,"Taucorr":0.25749023310760166},"EnergyVariance":{"Mean":11.61184777811535,"Sigma":1.9778970172167647,"Taucorr":0.2192603585722891},"Iteration":23},
{"Acceptance":[0.19090909090909092],"Energy":{"Mean":-3.2921923978666428,"Sigma":0.35033545059744703,"Taucorr":0.5340624456350569},"EnergyVariance":{"Mean":8.665356139940252,"Sigma":2.0162280417805194,"Taucorr":0.16921906880330295},"Iteration":24},
{"Acceptance":[0.20636363636363636],"Energy":{"Mean":-2.1073436501353355,"Sigma":0.6099519306919098,"Taucorr":1.0349363850750344},"EnergyVariance":{"Mean":18.94546842015614,"Sigma":6.692702398866276,"Taucorr":0.7405476085082092},"Iteration":25},
{"Acceptance":[0.18227272727272728],"Energy":{"Mean":-3.655280341119048,"Sigma":0.33619926928694777,"Taucorr":0.3359219396245404},"EnergyVariance":{"Mean":13.016010141441072,"Sigma":4.879390046657696,"Taucorr":0.22738921054932537},"Iteration":26},
{"Acceptance":[0.165],"Energy":{"Mean":-3.4197647112616805,"Sigma":0.2787295947750719,"Taucorr":0.13399020407658302},"EnergyVariance":{"Mean":10.124412822982757,"Sigma":1.9595518718371463,"Taucorr":-0.0807104262281016},"Iteration":27},
{"Acceptance":[0.16636363636363635],"Energy":{"Mean":-3.7886394566961727,"Sigma":0.3304649214270433,"Taucorr":0.3937444977925084},"EnergyVariance":{"Mean":11.924278546528592,"Sigma":4.764700858493585,"Taucorr":0.26615441191742584},"Iteration":28},
{"Acceptance":[0.1640909090909091],"Energy":{"Mean":-3.7932611288242732,"Sigma":0.4082664765248906,"Taucorr":0.6281914630102092},"EnergyVariance":{"Mean":11.888984771096577,"Sigma":3.338380203817696,"Taucorr":0.47412671880352775},"Iteration":29},
{"Acceptance":[0.17272727272727273],"Energy":{"Mean":-3.224032904430653,"Sigma":0.422786887744403,"Taucorr":0.5458899198135498},"EnergyVariance":{"Mean":11.788784003747294,"Sigma":2.9186712883569936,"Taucorr":0.4942801598812686},"Iteration":30},
{"Acceptance":[0.15136363636363637],"Energy":{"Mean":-4.573179140534043,"Sigma":0.2261130973819902,"Taucorr":0.2705991142597304},"EnergyVariance":{"Mean":6.126328208706675,"Sigma":1.647615744384362,"Taucorr":-0.02021895486992259},"Iteration":31},
{"Acceptance":[0.17454545454545456],"Energy":{"Mean":-4.678328208300227,"Sigma":0.2563985252765611,"Taucorr":0.5591718680769397},"EnergyVariance":{"Mean":6.179719337224288,"Sigma":1.612455135136919,"Taucorr":0.14323220300486772},"Iteration":32},
{"Acceptance":[0.15318181818181817],"Energy":{"Mean":-4.524985528124604,"Sigma":0.254842785525896,"Taucorr":0.12219974839544745},"EnergyVariance":{"Mean":8.442068859257326,"Sigma":2.4369198089421653,"Taucorr":-0.07399577255078171},"Iteration":33},
{"Acceptance":[0.14545454545454545],"Energy":{"Mean":-4.456370564107149,"Sigma":0.30159815954622005,"Taucorr":0.7046507370970299},"EnergyVariance":{"Mean":7.3784267880724945,"Sigma":2.0232338598139394,"Taucorr":0.4786821236912667},"Iteration":34},
{"Acceptance":[0.14363636363636365],"Energy":{"Mean":-4.8038116123685315,"Sigma":0.24985296837864857,"Taucorr":0.5325996971758205},"EnergyVariance":{"Mean":6.4964260470678346,"Sigma":1.9830964595966596,"Taucorr":0.3351092624514249},"Iteration":35},
{"Acceptance":[0.1459090909090909],"Energy":{"Mean":-4.579142056507426,"Sigma":0.33267590661645596,"Taucorr":0.8474087463579498},"EnergyVariance":{"Mean":5.875730824048777,"Sigma":1.3852684458625775,"Taucorr":0.2759456539744043},"Iteration":36},
{"Acceptance":[0.16136363636363638],"Energy":{"Mean":-4.496419487045754,"Sigma":0.4105060491477299,"Taucorr":0.34434631710944164},"EnergyVariance":{"Mean":18.161271745568605,"Sigma":7.0720394901719175,"Taucorr":0.19092141122487338},"Iteration":37},
{"Acceptance":[0.12954545454545455],"Energy":{"Mean":-5.417595758686575,"Sigma":0.29078197777715226,"Taucorr":0.7186498712603107},"EnergyVariance":{"Mean":3.7721425797971575,"Sigma":1.4338384722306985,"Taucorr":0.9380692664721231},"Iteration":38},
{"Acceptance":[0.13954545454545456],"Energy":{"Mean":-4.51139879584475,"Sigma":0.6604354539877241,"Taucorr":0.874295130004932},"EnergyVariance":{"Mean":18.97249725677811,"Sigma":8.164412800432562,"Taucorr":1.0890729647489583},"Iteration":39},
{"Acceptance":[0.14272727272727273],"Energy":{"Mean":-5.343876217492243,"Sigma":0.22484020000849697,"Taucorr":0.08274842485593492},"EnergyVariance":{"Mean":8.816288331483827,"Sigma":2.8752444212525723,"Taucorr":0.3272980064721661},"Iteration":40},
{"Acceptance":[0.12681818181818183],"Energy":{"Mean":-5.188344688284479,"Sigma":0.19340404340351525,"Taucorr":0.2096169389252711},"EnergyVariance":{"Mean":5.347370870356235,"Sigma":1.9597204838605429,"Taucorr":0.02151951663870255},"Iteration":41},
{"Acceptance":[0.14136363636363636],"Energy":{"Mean":-5.239445024063387,"Sigma":0.2835063326906256,"Taucorr":0.25448660637552023},"EnergyVariance":{"Mean":14.71896843300633,"Sigma":4.813853517189901,"Taucorr":0.02851147033979473},"Iteration":42},
{"Acceptance":[0.13636363636363635],"Energy":{"Mean":-5.884273966527474,"Sigma":0.28040225055419893,"Taucorr":0.04272717760813838},"EnergyVariance":{"Mean":8.232453579949976,"Sigma":2.8359324586143226,"Taucorr":-0.010291680896681421},"Iteration":43},
{"Acceptance":[0.13454545454545455],"Energy":{"Mean":-4.558765986337045,"Sigma":0.5238214164502651,"Taucorr":0.5380938461454625},"EnergyVariance":{"Mean":14.535878156827328,"Sigma":5.606258686311358,"Taucorr":0.30681244110220285},"Iteration":44},
{"Acceptance":[0.13954545454545456],"Energy":{"Mean":-5.664875484097984,"Sigma":0.29849802888990734,"Taucorr":0.43600291736244057},"EnergyVariance":{"Mean":5.75673013879322,"Sigma":2.1635473439840416,"Taucorr":-0.009705503142169336},"Iteration":45},
{"Acceptance":[0.13318181818181818],"Energy":{"Mean":-6.001574971924111,"Sigma":0.29005264917917856,"Taucorr":0.5790501734332092},"EnergyVariance":{"Mean":4.536858833378179,"Sigma":1.2645581665196017,"Taucorr":0.2077792444474782},"Iteration":46},
{"Acceptance":[0.13818181818181818],"Energy":{"Mean":-5.361941664674516,"Sigma":0.25273338701410936,"Taucorr":0.015762255235394318},"EnergyVariance":{"Mean":9.506449366732609,"Sigma":4.469297195411201,"Taucorr":0.39920968710201854},"Iteration":47},
{"Acceptance":[0.13772727272727273],"Energy":{"Mean":-5.003564769456106,"Sigma":0.33098439989345935,"Taucorr":0.25034801012283836},"EnergyVariance":{"Mean":7.98235507316329,"Sigma":2.384808317503221,"Taucorr":-0.0526247900475188},"Iteration":48},
{"Acceptance":[0.13136363636363638],"Energy":{"Mean":-5.147087218900199,"Sigma":0.2858315608992363,"Taucorr":0.2633330943210139},"EnergyVariance":{"Mean":6.6026410656183465,"Sigma":2.1760121995826087,"Taucorr":-0.031643651082360946},"Iteration":49},
{"Acceptance":[0.125],"Energy":{"Mean":-5.953279548616797,"Sigma":0.2061071371327179,"Taucorr":0.03294169213159215},"EnergyVariance":{"Mean":5.846450235135669,"Sigma":1.9226183241043675,"Taucorr":0.21228025421701757},"Iteration":50},
{"Acceptance":[0.13954545454545456],"Energy":{"Mean":-5.016501465969581,"Sigma":0.3167537306228329,"Taucorr":0.10983351013855103},"EnergyVariance":{"Mean":10.259528029402855,"Sigma":2.443923864660428,"Taucorr":0.015322618825223455},"Iteration":51},
{"Acceptance":[0.11227272727272727],"Energy":{"Mean":-6.191639529276436,"Sigma":0.19264347707703516,"Taucorr":0.31147799397127274},"EnergyVariance":{"Mean":4.8599242199593125,"Sigma":2.5454203477930055,"Taucorr":0.8874632005374523},"Iteration":52},
{"Acceptance":[0.11],"Energy":{"Mean":-6.078307865272834,"Sigma":0.16579537703780783,"Taucorr":0.022847891058259906},"EnergyVariance":{"Mean":4.052561521544964,"Sigma":2.1627237874371468,"Taucorr":0.2596648988103345},"Iteration":53},
{"Acceptance":[0.11727272727272728],"Energy":{"Mean":-5.758510537206207,"Sigma":0.22752481633288713,"Taucorr":-0.08741079395219475},"EnergyVariance":{"Mean":11.137172100906502,"Sigma":3.986555110060485,"Taucorr":0.4915187379598235},"Iteration":54},
{"Acceptance":[0.10636363636363637],"Energy":{"Mean":-6.239099185718542,"Sigma":0.5114118262890076,"Taucorr":0.41187576754502364},"EnergyVariance":{"Mean":14.74229030969419,"Sigma":6.596394094552398,"Taucorr":0.5677392875398855},"Iteration":55},
{"Acceptance":[0.09772727272727273],"Energy":{"Mean":-5.744663437588793,"Sigma":0.15874872208039542,"Taucorr":0.08971721274117428},"EnergyVariance":{"Mean":3.1641026353458175,"Sigma":0.7094376700818473,"Taucorr":0.2809954643656646},"Iteration":56},
{"Acceptance":[0.09818181818181818],"Energy":{"Mean":-5.7237899161327945,"Sigma":0.19815850110840533,"Taucorr":0.4301432815639251},"EnergyVariance":{"Mean":2.6224721323752958,"Sigma":0.7072125448524725,"Taucorr":0.41335603491529427},"Iteration":57},
{"Acceptance":[0.12318181818181818],"Energy":{"Mean":-5.184647895606211,"Sigma":0.3617047274846514,"Taucorr":0.2746351341115658},"EnergyVariance":{"Mean":10.618833973178694,"Sigma":3.550980025262001,"Taucorr":-0.02972228996824594},"Iteration":58},
{"Acceptance":[0.10227272727272728],"Energy":{"Mean":-5.908185250354123,"Sigma":0.20899725192867524,"Taucorr":0.47826701780917336},"EnergyVariance":{"Mean":2.944001125789232,"Sigma":1.0319462151388268,"Taucorr":0.53922258046108},"Iteration":59},
{"Acceptance":[0.1190909090909091],"Energy":{"Mean":-5.790675247526159,"Sigma":0.29767810901831343,"Taucorr":-0.04017429099251563},"EnergyVariance":{"Mean":42.26996733841399,"Sigma":28.847773610166698,"Taucorr":-0.003994181198502922},"Iteration":60},
{"Acceptance":[0.09772727272727273],"Energy":{"Mean":-5.488313365861316,"Sigma":0.3475499756446383,"Taucorr":0.0955283986780806},"EnergyVariance":{"Mean":20.97024742337769,"Sigma":12.01112700368626,"Taucorr":0.03779648163502991},"Iteration":61},
{"Acceptance":[0.10954545454545454],"Energy":{"Mean":-5.835955779969177,"Sigma":0.28258972838120144,"Taucorr":0.11147747071932346},"EnergyVariance":{"Mean":14.8789292937961,"Sigma":7.712216704502367,"Taucorr":0.061620000486752424},"Iteration":62},
{"Acceptance":[0.11136363636363636],"Energy":{"Mean":-5.9314282945494465,"Sigma":0.23593499721344793,"Taucorr":0.35158644234248293},"EnergyVariance":{"Mean":4.808396806571757,"Sigma":1.2316131287706178,"Taucorr":0.18458903959226236},"Iteration":63},
{"Acceptance":[0.10318181818181818],"Energy":{"Mean":-5.479286040752308,"Sigma":0.2471813355296181,"Taucorr":0.09005829225970063},"EnergyVariance":{"Mean":5.568309111763079,"Sigma":2.437465901767876,"Taucorr":0.02016757544417669},"Iteration":64},
{"Acceptance":[0.09454545454545454],"Energy":{"Mean":-5.70551229998196,"Sigma":0.218523646354867,"Taucorr":0.3645009941415248},"EnergyVariance":{"Mean":3.0636749744767267,"Sigma":0.5856636754290487,"Taucorr":0.34062442053422715},"Iteration":65},
{"Acceptance":[0.11318181818181818],"Energy":{"Mean":-6.0392058954041445,"Sigma":0.27937322893685984,"Taucorr":0.32068747606018955},"EnergyVariance":{"Mean":8.719897205834908,"Sigma":2.970141722491404,"Taucorr":0.046309529366341584},"Iteration":66},
{"Acceptance":[0.085],"Energy":{"Mean":-5.780821151599559,"Sigma":0.22877278614748964,"Taucorr":0.340675440399798},"EnergyVariance":{"Mean":4.885187404615313,"Sigma":1.773516872572404,"Taucorr":0.33833132718898973},"Iteration":67},
{"Acceptance":[0.1040909090909091],"Energy":{"Mean":-5.809665654322282,"Sigma":0.19700467528642557,"Taucorr":0.2259147837971558},"EnergyVariance":{"Mean":4.936468817454805,"Sigma":3.4838089390580187,"Taucorr":0.500719618023711},"Iteration":68},
{"Acceptance":[0.09090909090909091],"Energy":{"Mean":-5.8442570789221175,"Sigma":0.22919674428934372,"Taucorr":0.6459784988239619},"EnergyVariance":{"Mean":4.183947568421754,"Sigma":1.8389728092129374,"Taucorr":0.6369706618843056},"Iteration":69},
{"Acceptance":[0.09136363636363637],"Energy":{"Mean":-5.8279216256305295,"Sigma":0.23377298738874558,"Taucorr":0.1737593026976706},"EnergyVariance":{"Mean":7.017605437311282,"Sigma":2.5606764363273564,"Taucorr":0.12259300474107093},"Iteration":70},
{"Acceptance":[0.11272727272727273],"Energy":{"Mean":-4.925255956100589,"Sigma":0.7381866739312234,"Taucorr":0.8338769707855136},"EnergyVariance":{"Mean":32.443881325838504,"Sigma":25.978422336888222,"Taucorr":0.8398217691667007},"Iteration":71},
{"Acceptance":[0.1040909090909091],"Energy":{"Mean":-5.358771410863661,"Sigma":0.3048599412057355,"Taucorr":0.02866856590851563},"EnergyVariance":{"Mean":14.621635544345684,"Sigma":12.047309279717165,"Taucorr":0.0022422725713664438},"Iteration":72},
{"Acceptance":[0.09090909090909091],"Energy":{"Mean":-5.937294488212834,"Sigma":0.13489656680950884,"Taucorr":0.18728849351674803},"EnergyVariance":{"Mean":1.6785822138057014,"Sigma":0.4037921069949139,"Taucorr":0.4339077376291417},"Iteration":73},
{"Acceptance":[0.12318181818181818],"Energy":{"Mean":-5.592592255730836,"Sigma":0.5338484033973288,"Taucorr":0.6832560095557272},"EnergyVariance":{"Mean":13.997232717763882,"Sigma":7.065959377332142,"Taucorr":0.49529350573046227},"Iteration":74},
{"Acceptance":[0.10590909090909091],"Energy":{"Mean":-5.620629843031704,"Sigma":0.22834826562856492,"Taucorr":0.6659434735168595},"EnergyVariance":{"Mean":2.760462261665334,"Sigma":0.6999889287265013,"Taucorr":0.3372284460162557},"Iteration":75},
{"Acceptance":[0.09909090909090909],"Energy":{"Mean":-6.214451101383228,"Sigma":0.1484420135863508,"Taucorr":0.028407283126555716},"EnergyVariance":{"Mean":3.688406667581661,"Sigma":1.8349799175150512,"Taucorr":0.4720441843999481},"Iteration":76},
{"Acceptance":[0.12636363636363637],"Energy":{"Mean":-5.38939840964073,"Sigma":0.40314733065858066,"Taucorr":0.8560078378133613},"EnergyVariance":{"Mean":13.090802198777604,"Sigma":5.393057046442285,"Taucorr":0.35891401548182034},"Iteration":77},
{"Acceptance":[0.08409090909090909],"Energy":{"Mean":-5.661473736879799,"Sigma":0.242329470740102,"Taucorr":0.4728957798452059},"EnergyVariance":{"Mean":3.7154770295902235,"Sigma":1.2127396186194868,"Taucorr":0.17594134070088085},"Iteration":78},
{"Acceptance":[0.09272727272727273],"Energy":{"Mean":-5.896442493658983,"Sigma":0.24879267972153485,"Taucorr":0.22495076903273203},"EnergyVariance":{"Mean":7.440519799595212,"Sigma":4.337323515851254,"Taucorr":0.025666898119560577},"Iteration":79},
{"Acceptance":[0.08818181818181818],"Energy":{"Mean":-6.146926920294287,"Sigma":0.20952750717557742,"Taucorr":0.3357567078563416},"EnergyVariance":{"Mean":4.4572088867703314,"Sigma":2.127389069754888,"Taucorr":-0.0002089783074560314},"Iteration":80},
{"Acceptance":[0.08409090909090909],"Energy":{"Mean":-5.782372534142525,"Sigma":0.1916807818985532,"Taucorr":0.40600731959291614},"EnergyVariance":{"Mean":2.1840429691981083,"Sigma":0.5250888273382451,"Taucorr":0.2885318463059158},"Iteration":81},
{"Acceptance":[0.12227272727272727],"Energy":{"Mean":-5.675965605340121,"Sigma":0.20157476621165635,"Taucorr":0.18826818031805115},"EnergyVariance":{"Mean":3.632808703378675,"Sigma":0.8603504742823929,"Taucorr":0.2710671414475714},"Iteration":82},
{"Acceptance":[0.0809090909090909],"Energy":{"Mean":-6.133510373151152,"Sigma":0.231447174948496,"Taucorr":0.7661242216626774},"EnergyVariance":{"Mean":2.4373034621547536,"Sigma":0.66362778463765,"Taucorr":0.5469899250166703},"Iteration":83},
{"Acceptance":[0.07272727272727272],"Energy":{"Mean":-6.333754515320086,"Sigma":0.17858816179047943,"Taucorr":0.07005600054746264},"EnergyVariance":{"Mean":7.3982521945631,"Sigma":6.102899084032269,"Taucorr":0.0023119059407413767},"Iteration":84},
{"Acceptance":[0.10909090909090909],"Energy":{"Mean":-5.374074416104665,"Sigma":0.30169119591942084,"Taucorr":0.4613240376798271},"EnergyVariance":{"Mean":5.559332512429385,"Sigma":1.4623407783080553,"Taucorr":0.09528711892712094},"Iteration":85},
{"Acceptance":[0.09772727272727273],"Energy":{"Mean":-6.048686767680549,"Sigma":0.22345845880474846,"Taucorr":0.2973691857897005},"EnergyVariance":{"Mean":3.977671338782789,"Sigma":1.2546632642740128,"Taucorr":0.36766908159417033},"Iteration":86},
{"Acceptance":[0.08136363636363636],"Energy":{"Mean":-5.544429793137648,"Sigma":0.4323463912326269,"Taucorr":0.42001555295912374},"EnergyVariance":{"Mean":13.41325715319793,"Sigma":10.105391763620752,"Taucorr":0.7318688948255505},"Iteration":87},
{"Acceptance":[0.08954545454545454],"Energy":{"Mean":-6.360328015835402,"Sigma":0.14728998655411096,"Taucorr":-0.33788937040237815},"EnergyVariance":{"Mean":16.781433788605433,"Sigma":14.155868192711365,"Taucorr":0.08818172821758352},"Iteration":88},
{"Acceptance":[0.07181818181818182],"Energy":{"Mean":-5.97300106505751,"Sigma":0.1296714991224977,"Taucorr":0.20045772525696515},"EnergyVariance":{"Mean":1.502537520889811,"Sigma":0.4145220236596308,"Taucorr":0.2853187408478788},"Iteration":89},
{"Acceptance":[0.06136363636363636],"Energy":{"Mean":-6.204114435056087,"Sigma":0.14481606238615785,"Taucorr":-0.02731364033613104},"EnergyVariance":{"Mean":2.8071781466522383,"Sigma":1.443182332175317,"Taucorr":0.2144899111046673},"Iteration":90},
{"Acceptance":[0.05954545454545455],"Energy":{"Mean":-6.045334629450524,"Sigma":0.15147250947928498,"Taucorr":0.17956762014144023},"EnergyVariance":{"Mean":1.8740477793719783,"Sigma":0.7299317907605363,"Taucorr":0.6001988793943045},"Iteration":91},
{"Acceptance":[0.06],"Energy":{"Mean":-6.178435883998179,"Sigma":0.20593969442777274,"Taucorr":0.215644630996228},"EnergyVariance":{"Mean":3.8643688584435756,"Sigma":1.6188145941256056,"Taucorr":0.040890849731579415},"Iteration":92},
{"Acceptance":[0.057727272727272724],"Energy":{"Mean":-6.106548250599977,"Sigma":0.12775001394722346,"Taucorr":0.4152163680425145},"EnergyVariance":{"Mean":0.9126860908212289,"Sigma":0.4981799796578218,"Taucorr":0.3413453708809773},"Iteration":93},
{"Acceptance":[0.08863636363636364],"Energy":{"Mean":-6.67139550755616,"Sigma":0.5217828918694215,"Taucorr":0.3736953262325511},"EnergyVariance":{"Mean":17.73029276006901,"Sigma":12.28917416275042,"Taucorr":0.015369695881738421},"Iteration":94},
{"Acceptance":[0.07136363636363637],"Energy":{"Mean":-6.399874147327986,"Sigma":0.21651332425849332,"Taucorr":0.6294354536586946},"EnergyVariance":{"Mean":3.119398108321708,"Sigma":0.9544219394449384,"Taucorr":0.30067374355069454},"Iteration":95},
{"Acceptance":[0.05545454545454546],"Energy":{"Mean":-6.022727510242792,"Sigma":0.2729855350855212,"Taucorr":1.0822618683213407},"EnergyVariance":{"Mean":2.4647854089071384,"Sigma":0.8514735786425158,"Taucorr":0.7341980887214297},"Iteration":96},
{"Acceptance":[0.07227272727272727],"Energy":{"Mean":-6.411084842489658,"Sigma":0.15938401110429973,"Taucorr":0.4918600003121465},"EnergyVariance":{"Mean":1.9782380451020147,"Sigma":1.3127890890532778,"Taucorr":0.7049713392134243},"Iteration":97},
{"Acceptance":[0.065],"Energy":{"Mean":-6.414844264357837,"Sigma":0.153160929627684,"Taucorr":0.6209021693682595},"EnergyVariance":{"Mean":1.1773448680454333,"Sigma":0.4619217532884247,"Taucorr":0.5773268892151047},"Iteration":98},
{"Acceptance":[0.057272727272727274],"Energy":{"Mean":-6.208830079432187,"Sigma":0.11013033392862659,"Taucorr":0.5325874166015576},"EnergyVariance":{"Mean":0.6230812677564045,"Sigma":0.3020124264248796,"Taucorr":0.24618628473127457},"Iteration":99} 
]}
{"input": {"L": 10, "J": 1, "machine": {"type": "FFNN", "model": ["relu", 31, 4]}, "sampler": {"type": "MetropolisHop", "d_max": 5}, "optimizer": {"type": "AdaMax", "alpha": 0.001, "beta1": 0.9, "beta2": 0.999, "epscut": 1e-07}, "VMC": {"n_samples": 100, "discarded_samples": 100, "discarded_samples_on_init": 0, "target": "energy", "method": "Gd", "diag_shift": 0.01, "use_iterative": true, "use_cholesky": true}, "n_iter": 100}}
duration: -2.145185947418213