{"Output": [
{"Acceptance":[0.8463636363636363],"Energy":{"Mean":8.646456881861265,"Sigma":0.34137954578223473,"Taucorr":0.2768576743352136},"EnergyVariance":{"Mean":7.39201462603405,"Sigma":1.1082904004084346,"Taucorr":0.02960115567244248},"Iteration":0},
{"Acceptance":[0.7231818181818181],"Energy":{"Mean":8.064664121185023,"Sigma":0.3665787233744527,"Taucorr":0.3542544018790831},"EnergyVariance":{"Mean":8.186410569020518,"Sigma":1.3098562803575067,"Taucorr":0.5360395050379949},"Iteration":1},
{"Acceptance":[0.6786363636363636],"Energy":{"Mean":7.43502369605458,"Sigma":0.4074410841943698,"Taucorr":0.3543642394448694},"EnergyVariance":{"Mean":10.703901191250758,"Sigma":1.3964723531131376,"Taucorr":0.0072236604033764085},"Iteration":2},
{"Acceptance":[0.6181818181818182],"Energy":{"Mean":6.288424707530409,"Sigma":0.2437359279080258,"Taucorr":-0.14862653031905276},"EnergyVariance":{"Mean":10.43298920223303,"Sigma":1.6985726484878003,"Taucorr":0.3261060725567666},"Iteration":3},
{"Acceptance":[0.5963636363636363],"Energy":{"Mean":6.074585126939477,"Sigma":0.3734989527405648,"Taucorr":0.2282878952470585},"EnergyVariance":{"Mean":12.510617587315167,"Sigma":2.428135576572608,"Taucorr":0.5459337417949948},"Iteration":4},
{"Acceptance":[0.5222727272727272],"Energy":{"Mean":4.640715734773153,"Sigma":0.38169590994350755,"Taucorr":0.20169530856470497},"EnergyVariance":{"Mean":13.571200077089276,"Sigma":2.008455324355837,"Taucorr":0.21816962573251675},"Iteration":5},
{"Acceptance":[0.5163636363636364],"Energy":{"Mean":4.627553126648353,"Sigma":0.504294061312309,"Taucorr":0.28280484359007885},"EnergyVariance":{"Mean":20.73860203205287,"Sigma":2.933856615681578,"Taucorr":-0.031208244476778058},"Iteration":6},
{"Acceptance":[0.425],"Energy":{"Mean":2.917896270776531,"Sigma":0.5508159507570592,"Taucorr":0.7402501154455219},"EnergyVariance":{"Mean":16.538339527272694,"Sigma":2.032658330224834,"Taucorr":0.054310758071657084},"Iteration":7},
{"Acceptance":[0.38227272727272726],"Energy":{"Mean":1.553806357821283,"Sigma":0.3769571403238422,"Taucorr":0.24377044583952778},"EnergyVariance":{"Mean":13.354702096229923,"Sigma":1.8300372270495995,"Taucorr":0.1350776668437692},"Iteration":8},
{"Acceptance":[0.39045454545454544],"Energy":{"Mean":2.0491796716592323,"Sigma":0.3999210732784539,"Taucorr":0.20875198030402065},"EnergyVariance":{"Mean":18.24364554052618,"Sigma":2.1539887520193264,"Taucorr":-0.12942233557869354},"Iteration":9},
{"Acceptance":[0.345],"Energy":{"Mean":0.7794822437286709,"Sigma":0.4915352173254272,"Taucorr":0.6714632668107343},"EnergyVariance":{"Mean":18.57213625798495,"Sigma":3.6395560031497682,"Taucorr":0.21273807239814546},"Iteration":10},
{"Acceptance":[0.33181818181818185],"Energy":{"Mean":0.1786854110701553,"Sigma":0.38315030053536997,"Taucorr":0.24792310432444364},"EnergyVariance":{"Mean":16.632256467976706,"Sigma":3.3247770038582205,"Taucorr":-0.006698397775801723},"Iteration":11},
{"Acceptance":[0.30272727272727273],"Energy":{"Mean":-0.725493062501074,"Sigma":0.34822274016171806,"Taucorr":0.39072238213172106},"EnergyVariance":{"Mean":10.251228492305557,"Sigma":1.4936036891860476,"Taucorr":-0.04139780147270661},"Iteration":12},
{"Acceptance":[0.2640909090909091],"Energy":{"Mean":-1.3682331393172416,"Sigma":0.3206254769024246,"Taucorr":0.3891953935546072},"EnergyVariance":{"Mean":13.095671908699927,"Sigma":1.8370107130630788,"Taucorr":0.07969237762237169},"Iteration":13},
{"Acceptance":[0.2559090909090909],"Energy":{"Mean":-1.1559364997536945,"Sigma":0.5399454564555716,"Taucorr":0.6375527115643198},"EnergyVariance":{"Mean":23.02125309608239,"Sigma":4.456918146464893,"Taucorr":0.26551221778360323},"Iteration":14},
{"Acceptance":[0.2409090909090909],"Energy":{"Mean":-2.0122332313160625,"Sigma":0.2810342358240778,"Taucorr":0.18945726031874766},"EnergyVariance":{"Mean":11.476225259250576,"Sigma":1.771320568391782,"Taucorr":0.11019279856670394},"Iteration":15},
{"Acceptance":[0.22],"Energy":{"Mean":-2.883424473236844,"Sigma":0.37169837149981494,"Taucorr":0.5412823113119154},"EnergyVariance":{"Mean":11.650300345722481,"Sigma":2.6838022064557676,"Taucorr":0.1015844887345363},"Iteration":16},
{"Acceptance":[0.18954545454545454],"Energy":{"Mean":-3.387574374850425,"Sigma":0.2820748390349541,"Taucorr":0.3498866953464598},"EnergyVariance":{"Mean":10.86302226971004,"Sigma":2.5473219002610206,"Taucorr":0.001310680595479341},"Iteration":17},
{"Acceptance":[0.19772727272727272],"Energy":{"Mean":-3.0183620002230103,"Sigma":0.26938331698693596,"Taucorr":0.054051719412436694},"EnergyVariance":{"Mean":12.652719644949725,"Sigma":2.832267772627991,"Taucorr":-0.06605169217851087},"Iteration":18},
{"Acceptance":[0.1831818181818182],"Energy":{"Mean":-3.683785798520944,"Sigma":0.25329540509584464,"Taucorr":0.3772680130608015},"EnergyVariance":{"Mean":13.207306425175474,"Sigma":3.4665099589068316,"Taucorr":0.06651712273537136},"Iteration":19},
{"Acceptance":[0.16727272727272727],"Energy":{"Mean":-4.602563531987911,"Sigma":0.2979980933521311,"Taucorr":0.44759507078314664},"EnergyVariance":{"Mean":11.186559994832972,"Sigma":3.927067548750708,"Taucorr":0.1238684408809857},"Iteration":20},
{"Acceptance":[0.16090909090909092],"Energy":{"Mean":-4.381195612024604,"Sigma":0.27244274180726824,"Taucorr":0.4694675107378532},"EnergyVariance":{"Mean":6.4739858156364765,"Sigma":1.3320048930209052,"Taucorr":0.0002808525906994319},"Iteration":21},
{"Acceptance":[0.15636363636363637],"Energy":{"Mean":-5.043894356617618,"Sigma":0.20694226044393993,"Taucorr":0.16099840554298206},"EnergyVariance":{"Mean":8.934940960956219,"Sigma":3.970414379446943,"Taucorr":0.2008193919451361},"Iteration":22},
{"Acceptance":[0.1559090909090909],"Energy":{"Mean":-4.665063201637363,"Sigma":0.2451250630645251,"Taucorr":0.21752942208669557},"EnergyVariance":{"Mean":10.67837537902826,"Sigma":2.8235910777781554,"Taucorr":0.1079742328306651},"Iteration":23},
{"Acceptance":[0.17181818181818181],"Energy":{"Mean":-5.145860096324531,"Sigma":0.320865790161375,"Taucorr":0.4044334497633042},"EnergyVariance":{"Mean":11.569829291398259,"Sigma":4.6030088540950445,"Taucorr":0.07738342735460446},"Iteration":24},
{"Acceptance":[0.16090909090909092],"Energy":{"Mean":-5.0358716071804945,"Sigma":0.3139171148547816,"Taucorr":0.5412210234952375},"EnergyVariance":{"Mean":5.39021569739617,"Sigma":1.4189572914496538,"Taucorr":0.10631851044002161},"Iteration":25},
{"Acceptance":[0.15409090909090908],"Energy":{"Mean":-5.853193920077688,"Sigma":0.29211276224730043,"Taucorr":0.3915123972689647},"EnergyVariance":{"Mean":11.323188034490025,"Sigma":5.944412723596606,"Taucorr":0.6588706645621691},"Iteration":26},
{"Acceptance":[0.12727272727272726],"Energy":{"Mean":-5.689186863108212,"Sigma":0.5020361687222569,"Taucorr":0.8113482232869655},"EnergyVariance":{"Mean":14.680625496131398,"Sigma":6.362680224433587,"Taucorr":0.7203271858223388},"Iteration":27},
{"Acceptance":[0.165],"Energy":{"Mean":-5.868867724651286,"Sigma":0.22545917582018915,"Taucorr":0.4835716341063404},"EnergyVariance":{"Mean":6.596003546344427,"Sigma":2.344019670627988,"Taucorr":0.02126219786415462},"Iteration":28},
{"Acceptance":[0.1618181818181818],"Energy":{"Mean":-6.09971370134678,"Sigma":0.3684072544655741,"Taucorr":0.5064867193908329},"EnergyVariance":{"Mean":11.36921484394444,"Sigma":5.1497546967456085,"Taucorr":0.3649315178752698},"Iteration":29},
{"Acceptance":[0.14681818181818182],"Energy":{"Mean":-5.954625221562133,"Sigma":0.315237037721525,"Taucorr":0.18678553830353173},"EnergyVariance":{"Mean":12.47696287150404,"Sigma":2.842279688254656,"Taucorr":-0.023221973100150006},"Iteration":30},
{"Acceptance":[0.15318181818181817],"Energy":{"Mean":-5.8149310381424115,"Sigma":0.2481021690230794,"Taucorr":-0.08262362628522268},"EnergyVariance":{"Mean":9.573471695383343,"Sigma":3.2442592607364658,"Taucorr":0.14051439034447888},"Iteration":31},
{"Acceptance":[0.14681818181818182],"Energy":{"Mean":-6.537768535734464,"Sigma":0.31381030714531527,"Taucorr":0.39526668776634044},"EnergyVariance":{"Mean":6.863447096048865,"Sigma":2.673029677385572,"Taucorr":0.27829005307171595},"Iteration":32},
{"Acceptance":[0.16136363636363638],"Energy":{"Mean":-5.548500273734771,"Sigma":0.457073614342422,"Taucorr":0.23475392592153999},"EnergyVariance":{"Mean":17.809849259778716,"Sigma":7.248049608496743,"Taucorr":0.3226592831721071},"Iteration":33},
{"Acceptance":[0.15045454545454545],"Energy":{"Mean":-7.2527925258232075,"Sigma":0.4044460844160649,"Taucorr":-0.10388987350033535},"EnergyVariance":{"Mean":32.57647629362988,"Sigma":13.522514030148827,"Taucorr":0.20464254699236117},"Iteration":34},
{"Acceptance":[0.1459090909090909],"Energy":{"Mean":-7.120106381181452,"Sigma":0.278627361167113,"Taucorr":0.17419351301885722},"EnergyVariance":{"Mean":8.86663547798036,"Sigma":6.136090829170009,"Taucorr":0.501493321805373},"Iteration":35},
{"Acceptance":[0.16227272727272726],"Energy":{"Mean":-6.64638807119999,"Sigma":0.2774968667076664,"Taucorr":0.5578175096762019},"EnergyVariance":{"Mean":6.647063231930606,"Sigma":3.170848007248615,"Taucorr":0.054046919921802994},"Iteration":36},
{"Acceptance":[0.14181818181818182],"Energy":{"Mean":-6.6189280345394215,"Sigma":0.2533680038755194,"Taucorr":0.5786033653475542},"EnergyVariance":{"Mean":3.994412184332944,"Sigma":1.7923602218330823,"Taucorr":0.4381253626645869},"Iteration":37},
{"Acceptance":[0.15136363636363637],"Energy":{"Mean":-6.447903366737442,"Sigma":0.2912097166745328,"Taucorr":0.022299625086951602},"EnergyVariance":{"Mean":9.258364621686697,"Sigma":4.209211402810814,"Taucorr":0.005566142685621611},"Iteration":38},
{"Acceptance":[0.15272727272727274],"Energy":{"Mean":-6.715905690798055,"Sigma":0.235642274563072,"Taucorr":0.41598038766109735},"EnergyVariance":{"Mean":3.863025415890199,"Sigma":1.3678357748477532,"Taucorr":0.6850391601302162},"Iteration":39},
{"Acceptance":[0.15136363636363637],"Energy":{"Mean":-6.739333352794932,"Sigma":0.41433239578977554,"Taucorr":0.21912830794296367},"EnergyVariance":{"Mean":12.93167054259347,"Sigma":4.6283824397888855,"Taucorr":-0.0035737420819242915},"Iteration":40},
{"Acceptance":[0.15045454545454545],"Energy":{"Mean":-6.919100990801738,"Sigma":0.215478300344934,"Taucorr":-0.09173928721916641},"EnergyVariance":{"Mean":7.887308321172867,"Sigma":4.458840029166538,"Taucorr":0.08699888442942605},"Iteration":41},
{"Acceptance":[0.15681818181818183],"Energy":{"Mean":-7.60894517969093,"Sigma":0.4188632434466752,"Taucorr":0.482046252905569},"EnergyVariance":{"Mean":11.64434121306386,"Sigma":5.00986257969842,"Taucorr":0.05700273509272635},"Iteration":42},
{"Acceptance":[0.1459090909090909],"Energy":{"Mean":-7.060058519277262,"Sigma":0.18698399293509205,"Taucorr":0.2545159278596022},"EnergyVariance":{"Mean":2.5246679770617,"Sigma":0.850021522242875,"Taucorr":0.16757531922000612},"Iteration":43},
{"Acceptance":[0.1618181818181818],"Energy":{"Mean":-7.487471087560811,"Sigma":0.37974857756686736,"Taucorr":0.03494469308402848},"EnergyVariance":{"Mean":14.129126572176858,"Sigma":6.034543429654257,"Taucorr":0.06940488189111782},"Iteration":44},
{"Acceptance":[0.14863636363636365],"Energy":{"Mean":-7.090039073707779,"Sigma":0.2836400617064378,"Taucorr":0.12786446462801881},"EnergyVariance":{"Mean":6.811762926159385,"Sigma":2.879097982006696,"Taucorr":-0.011778831981691218},"Iteration":45},
{"Acceptance":[0.15318181818181817],"Energy":{"Mean":-7.3738682505037065,"Sigma":0.3095450165377114,"Taucorr":0.6147469063964439},"EnergyVariance":{"Mean":4.98959907757146,"Sigma":2.73888545397342,"Taucorr":0.49037275014326487},"Iteration":46},
{"Acceptance":[0.1572727272727273],"Energy":{"Mean":-7.031031100470933,"Sigma":0.17681024675409288,"Taucorr":0.30453364393571036},"EnergyVariance":{"Mean":2.4217825579689003,"Sigma":0.6493783794290691,"Taucorr":0.18734650445533474},"Iteration":47},
{"Acceptance":[0.16227272727272726],"Energy":{"Mean":-7.049945940923872,"Sigma":0.3429973040389595,"Taucorr":0.13753016275548935},"EnergyVariance":{"Mean":45.09009052915475,"Sigma":26.378789864727572,"Taucorr":0.006970723255968148},"Iteration":48},
{"Acceptance":[0.17454545454545456],"Energy":{"Mean":-6.9558646055329065,"Sigma":0.3400668709430732,"Taucorr":0.4654419302299295},"EnergyVariance":{"Mean":7.101513232813737,"Sigma":2.4672584651193517,"Taucorr":0.2847037166070463},"Iteration":49},
{"Acceptance":[0.14681818181818182],"Energy":{"Mean":-7.065899235451402,"Sigma":0.269819092158627,"Taucorr":-0.019548709196281655},"EnergyVariance":{"Mean":7.501955996437779,"Sigma":3.229338635414954,"Taucorr":-0.022027309632052627},"Iteration":50},
{"Acceptance":[0.1440909090909091],"Energy":{"Mean":-7.627320161412619,"Sigma":0.300457557417696,"Taucorr":-0.021544151703921488},"EnergyVariance":{"Mean":9.77058425029112,"Sigma":3.924409512164896,"Taucorr":0.011038676526505475},"Iteration":51},
{"Acceptance":[0.17272727272727273],"Energy":{"Mean":-7.496615418985309,"Sigma":0.5206134158563196,"Taucorr":0.35481563660150517},"EnergyVariance":{"Mean":28.833942611990334,"Sigma":20.12465971597275,"Taucorr":0.446269132836535},"Iteration":52},
{"Acceptance":[0.15409090909090908],"Energy":{"Mean":-7.583309733254192,"Sigma":0.38138458802285297,"Taucorr":0.6608740979595555},"EnergyVariance":{"Mean":13.07723595964494,"Sigma":7.865961840741556,"Taucorr":0.05884045399988569},"Iteration":53},
{"Acceptance":[0.16363636363636364],"Energy":{"Mean":-7.184006218837683,"Sigma":0.2138379287244656,"Taucorr":0.23460701756135027},"EnergyVariance":{"Mean":3.1796001867036385,"Sigma":0.47406124719914566,"Taucorr":-0.040624560736755244},"Iteration":54},
{"Acceptance":[0.16545454545454547],"Energy":{"Mean":-6.833358796900566,"Sigma":0.25134101807119524,"Taucorr":0.30277983325268887},"EnergyVariance":{"Mean":4.799930740592376,"Sigma":1.1084003210184012,"Taucorr":0.06706737854257971},"Iteration":55},
{"Acceptance":[0.15863636363636363],"Energy":{"Mean":-7.328289489481706,"Sigma":0.16551144710001428,"Taucorr":0.04755725419582624},"EnergyVariance":{"Mean":2.56108921571633,"Sigma":0.7324185458979358,"Taucorr":0.6922764614140047},"Iteration":56},
{"Acceptance":[0.1831818181818182],"Energy":{"Mean":-7.145023488692073,"Sigma":0.3901441007727297,"Taucorr":0.7683543518557943},"EnergyVariance":{"Mean":6.640758404147814,"Sigma":1.9879073438748882,"Taucorr":0.3879831197416289},"Iteration":57},
{"Acceptance":[0.15863636363636363],"Energy":{"Mean":-7.505672327194346,"Sigma":0.3135348444042136,"Taucorr":0.12754181088430117},"EnergyVariance":{"Mean":8.755711989704219,"Sigma":3.391108047992466,"Taucorr":0.14523073639043982},"Iteration":58},
{"Acceptance":[0.1731818181818182],"Energy":{"Mean":-6.648959174150268,"Sigma":0.27042690091426896,"Taucorr":0.2418315208070254},"EnergyVariance":{"Mean":5.494732931465482,"Sigma":1.2012061417132813,"Taucorr":0.016361391625311805},"Iteration":59},
{"Acceptance":[0.18],"Energy":{"Mean":-7.136174844199943,"Sigma":0.2949269953311146,"Taucorr":0.11825054640584909},"EnergyVariance":{"Mean":16.86754856142597,"Sigma":11.87727908844628,"Taucorr":0.0019156093974286303},"Iteration":60},
{"Acceptance":[0.1572727272727273],"Energy":{"Mean":-7.185844664384843,"Sigma":0.21663318691668143,"Taucorr":-0.03824695732930444},"EnergyVariance":{"Mean":5.003438603133081,"Sigma":1.7689578676018092,"Taucorr":0.18476255289501486},"Iteration":61},
{"Acceptance":[0.16272727272727272],"Energy":{"Mean":-7.187376892771748,"Sigma":0.300373990930043,"Taucorr":0.4779715727483992},"EnergyVariance":{"Mean":4.589246778147476,"Sigma":1.3393984351554484,"Taucorr":0.21690150430311872},"Iteration":62},
{"Acceptance":[0.16772727272727272],"Energy":{"Mean":-7.53824089275807,"Sigma":0.2642807879923949,"Taucorr":0.25823772166453585},"EnergyVariance":{"Mean":8.373355618488674,"Sigma":5.104162728702961,"Taucorr":0.05776096728571867},"Iteration":63},
{"Acceptance":[0.15954545454545455],"Energy":{"Mean":-7.579285363099911,"Sigma":0.28754495809005143,"Taucorr":0.32112282017512506},"EnergyVariance":{"Mean":5.037171271882757,"Sigma":1.6752442895062236,"Taucorr":0.14580014225779037},"Iteration":64},
{"Acceptance":[0.17136363636363636],"Energy":{"Mean":-7.125478896029237,"Sigma":0.3300172041396326,"Taucorr":0.17271257757620673},"EnergyVariance":{"Mean":8.340390603681776,"Sigma":3.7698333318569635,"Taucorr":0.038844901450859726},"Iteration":65},
{"Acceptance":[0.16818181818181818],"Energy":{"Mean":-7.434696851206958,"Sigma":0.20561756367960876,"Taucorr":0.5954761403094841},"EnergyVariance":{"Mean":1.975081003373422,"Sigma":0.3870271989703464,"Taucorr":0.15033973930713396},"Iteration":66},
{"Acceptance":[0.16590909090909092],"Energy":{"Mean":-6.463442092475499,"Sigma":0.2950677504172157,"Taucorr":0.27919871901113413},"EnergyVariance":{"Mean":7.553067221399877,"Sigma":3.286058586821297,"Taucorr":0.17184836388768354},"Iteration":67},
{"Acceptance":[0.15863636363636363],"Energy":{"Mean":-7.277541331464521,"Sigma":0.16779602851573144,"Taucorr":-0.20950544885195727},"EnergyVariance":{"Mean":6.625369640857365,"Sigma":3.743981508623192,"Taucorr":0.6296642499098337},"Iteration":68},
{"Acceptance":[0.15636363636363637],"Energy":{"Mean":-8.094795168925472,"Sigma":0.5483207035642957,"Taucorr":0.25736443512184004},"EnergyVariance":{"Mean":25.253493304271732,"Sigma":14.008197553725495,"Taucorr":0.4396184160515826},"Iteration":69},
{"Acceptance":[0.17772727272727273],"Energy":{"Mean":-7.298879517982049,"Sigma":0.24687845764376765,"Taucorr":0.008739450715752106},"EnergyVariance":{"Mean":11.261619304573813,"Sigma":7.649948648145554,"Taucorr":-0.0054538979601631565},"Iteration":70},
{"Acceptance":[0.17181818181818181],"Energy":{"Mean":-8.204900235304143,"Sigma":0.4304335045053339,"Taucorr":0.4723554558840932},"EnergyVariance":{"Mean":9.444009490153288,"Sigma":3.384376879144771,"Taucorr":0.52159740749973},"Iteration":71},
{"Acceptance":[0.1640909090909091],"Energy":{"Mean":-7.626993264828256,"Sigma":0.3528989599117433,"Taucorr":0.6325349951229686},"EnergyVariance":{"Mean":5.617156327411944,"Sigma":4.0389962221248785,"Taucorr":0.970412904654232},"Iteration":72},
{"Acceptance":[0.19227272727272726],"Energy":{"Mean":-7.243877573589286,"Sigma":0.5021467153247321,"Taucorr":0.3920426909367727},"EnergyVariance":{"Mean":14.530702842729069,"Sigma":5.14661399279466,"Taucorr":0.046086687011685945},"Iteration":73},
{"Acceptance":[0.17681818181818182],"Energy":{"Mean":-8.516241705975432,"Sigma":0.5410028636988903,"Taucorr":0.24290040635336818},"EnergyVariance":{"Mean":20.81951496327025,"Sigma":10.525116768120546,"Taucorr":0.13370616138788516},"Iteration":74},
{"Acceptance":[0.18454545454545454],"Energy":{"Mean":-7.096511757083294,"Sigma":0.31564407306447023,"Taucorr":0.06791172592677786},"EnergyVariance":{"Mean":8.889913491875555,"Sigma":6.121442220931764,"Taucorr":-0.009231915358962672},"Iteration":75},
{"Acceptance":[0.1990909090909091],"Energy":{"Mean":-7.252523088812212,"Sigma":0.3726193733092432,"Taucorr":0.1320588943708909},"EnergyVariance":{"Mean":10.88779126751954,"Sigma":5.267581939698898,"Taucorr":-0.02997027503148969},"Iteration":76},
{"Acceptance":[0.17954545454545454],"Energy":{"Mean":-7.336735375895791,"Sigma":0.16967183437198063,"Taucorr":-0.007562912878370187},"EnergyVariance":{"Mean":3.116312205469153,"Sigma":0.7767437556217148,"Taucorr":0.4863696047041882},"Iteration":77},
{"Acceptance":[0.18409090909090908],"Energy":{"Mean":-7.533210131234677,"Sigma":0.19767432270152485,"Taucorr":0.08858334654151978},"EnergyVariance":{"Mean":3.2520875006355285,"Sigma":0.8979324358546878,"Taucorr":0.22228071834064733},"Iteration":78},
{"Acceptance":[0.19772727272727272],"Energy":{"Mean":-7.512564998723675,"Sigma":0.33772658642564474,"Taucorr":0.3381810684992179},"EnergyVariance":{"Mean":7.4490176697809805,"Sigma":2.3155011540152532,"Taucorr":0.6471345195129639},"Iteration":79},
{"Acceptance":[0.18772727272727271],"Energy":{"Mean":-8.1065870476691,"Sigma":0.4055840070639778,"Taucorr":0.39413911561602977},"EnergyVariance":{"Mean":10.567110865218563,"Sigma":2.9401912263851373,"Taucorr":0.3310495750015253},"Iteration":80},
{"Acceptance":[0.18681818181818183],"Energy":{"Mean":-7.548045267683735,"Sigma":0.2639251403798907,"Taucorr":0.21865273393257645},"EnergyVariance":{"Mean":4.790130846581815,"Sigma":0.9747171587214947,"Taucorr":-0.008044652488314485},"Iteration":81},
{"Acceptance":[0.185],"Energy":{"Mean":-7.861154904077523,"Sigma":0.3748185819096085,"Taucorr":0.3023658161137657},"EnergyVariance":{"Mean":13.443937649419688,"Sigma":4.505053119912529,"Taucorr":0.1711222195144757},"Iteration":82},
{"Acceptance":[0.19818181818181818],"Energy":{"Mean":-7.882451667279211,"Sigma":0.3433930518471496,"Taucorr":0.19455613586358456},"EnergyVariance":{"Mean":8.472921940962062,"Sigma":2.919437699153907,"Taucorr":0.06049195788404571},"Iteration":83},
{"Acceptance":[0.21681818181818183],"Energy":{"Mean":-7.773756857556182,"Sigma":0.5429666298431906,"Taucorr":0.4947885667475417},"EnergyVariance":{"Mean":15.881020168605398,"Sigma":8.677015366318095,"Taucorr":0.5863065839637369},"Iteration":84},
{"Acceptance":[0.2159090909090909],"Energy":{"Mean":-7.571344435799469,"Sigma":0.30446378316962164,"Taucorr":0.09185218535876738},"EnergyVariance":{"Mean":8.927764817243059,"Sigma":2.286713375587712,"Taucorr":0.06996356802074966},"Iteration":85},
{"Acceptance":[0.22],"Energy":{"Mean":-7.761023844972399,"Sigma":0.3229769966163007,"Taucorr":0.19878325131416807},"EnergyVariance":{"Mean":8.234171854728855,"Sigma":2.831957715576276,"Taucorr":0.060928795193594176},"Iteration":86},
{"Acceptance":[0.22863636363636364],"Energy":{"Mean":-9.198681910778022,"Sigma":0.5087456054534104,"Taucorr":0.36566325993782023},"EnergyVariance":{"Mean":16.179431795524295,"Sigma":4.366033280187737,"Taucorr":0.17874436986874442},"Iteration":87},
{"Acceptance":[0.2109090909090909],"Energy":{"Mean":-7.76325282456727,"Sigma":0.30406476707386815,"Taucorr":0.04465617087797702},"EnergyVariance":{"Mean":9.547883978278904,"Sigma":3.552867057533439,"Taucorr":-0.04049481112920822},"Iteration":88},
{"Acceptance":[0.22818181818181818],"Energy":{"Mean":-7.7979740144974174,"Sigma":0.3590193579737126,"Taucorr":0.08553226903185018},"EnergyVariance":{"Mean":13.307758535470066,"Sigma":3.691823362177885,"Taucorr":0.22990493250390143},"Iteration":89},
{"Acceptance":[0.21363636363636362],"Energy":{"Mean":-7.638622659123601,"Sigma":0.596295868050132,"Taucorr":0.4847055240000212},"EnergyVariance":{"Mean":19.20803606083558,"Sigma":9.80494580597758,"Taucorr":0.29528629242036875},"Iteration":90},
{"Acceptance":[0.20136363636363636],"Energy":{"Mean":-8.01530057782656,"Sigma":0.26122566962414967,"Taucorr":0.29497319511053877},"EnergyVariance":{"Mean":5.9870827765038666,"Sigma":1.8930983162901578,"Taucorr":0.03640344583554911},"Iteration":91},
{"Acceptance":[0.2318181818181818],"Energy":{"Mean":-7.490913702633769,"Sigma":0.7241830283130085,"Taucorr":0.7728102138826591},"EnergyVariance":{"Mean":21.08230054090124,"Sigma":14.218572564827749,"Taucorr":0.9977694795914815},"Iteration":92},
{"Acceptance":[0.2190909090909091],"Energy":{"Mean":-7.937827580075723,"Sigma":0.4110909933809982,"Taucorr":0.1652069456825711},"EnergyVariance":{"Mean":17.806344383651354,"Sigma":4.4425602821598575,"Taucorr":-0.007483046925837011},"Iteration":93},
{"Acceptance":[0.23318181818181818],"Energy":{"Mean":-8.462724444417322,"Sigma":0.21679978916014897,"Taucorr":-0.01632661350761716},"EnergyVariance":{"Mean":4.774727859540043,"Sigma":0.8764974647975243,"Taucorr":0.144709831378791},"Iteration":94},
{"Acceptance":[0.22818181818181818],"Energy":{"Mean":-8.08480626487357,"Sigma":0.38631424645969215,"Taucorr":0.23453563165164015},"EnergyVariance":{"Mean":11.469851179213709,"Sigma":3.7398159491145915,"Taucorr":-0.04161348900838019},"Iteration":95},
{"Acceptance":[0.22727272727272727],"Energy":{"Mean":-8.23947576830815,"Sigma":0.33727696828051124,"Taucorr":0.2345245805453935},"EnergyVariance":{"Mean":9.191232368688645,"Sigma":4.395420101934396,"Taucorr":0.05945603579232572},"Iteration":96},
{"Acceptance":[0.24409090909090908],"Energy":{"Mean":-7.987187812848532,"Sigma":0.41760108933731555,"Taucorr":0.22078106603698855},"EnergyVariance":{"Mean":12.73825164257106,"Sigma":7.132419970246202,"Taucorr":0.22701904753169222},"Iteration":97},
{"Acceptance":[0.23772727272727273],"Energy":{"Mean":-8.353455531810825,"Sigma":0.2690317423063795,"Taucorr":0.06166961281527161},"EnergyVariance":{"Mean":6.453968176084516,"Sigma":2.0504850844116875,"Taucorr":0.584740559151887},"Iteration":98},
{"Acceptance":[0.235],"Energy":{"Mean":-8.16766485609089,"Sigma":0.3889426538429054,"Taucorr":0.43109201301308064},"EnergyVariance":{"Mean":7.921636243358909,"Sigma":1.2380965114066396,"Taucorr":0.10697872300482858},"Iteration":99} 
]}
{"input": {"L": 10, "J": 1, "machine": {"type": "FFNN", "model": ["relu", 38, 3]}, "sampler": {"type": "MetropolisHop", "d_max": 5}, "optimizer": {"type": "AdaMax", "alpha": 0.001, "beta1": 0.9, "beta2": 0.999, "epscut": 1e-07}, "VMC": {"n_samples": 100, "discarded_samples": 100, "discarded_samples_on_init": 0, "target": "energy", "method": "Gd", "diag_shift": 0.01, "use_iterative": true, "use_cholesky": true}, "n_iter": 100}}
duration: -1.9161763191223145