{"Output": [
{"Acceptance":[0.9305263157894736],"Energy":{"Mean":15.872868458427075,"Sigma":0.2953276390128621,"Taucorr":-5.551115123125783e-17},"EnergyVariance":{"Mean":8.687538446540664,"Sigma":1.696659869597811,"Taucorr":0.0},"Iteration":0},
{"Acceptance":[0.9090526315789473],"Energy":{"Mean":15.508442763047139,"Sigma":0.2954148032889366,"Taucorr":0.0},"EnergyVariance":{"Mean":8.828950565572079,"Sigma":1.1533990858844985,"Taucorr":0.0},"Iteration":1},
{"Acceptance":[0.8829473684210526],"Energy":{"Mean":15.773183019309084,"Sigma":0.2969282069434367,"Taucorr":-5.551115123125783e-17},"EnergyVariance":{"Mean":9.201638636122485,"Sigma":1.1997610593709418,"Taucorr":-5.551115123125783e-17},"Iteration":2},
{"Acceptance":[0.8770526315789474],"Energy":{"Mean":15.84684500729973,"Sigma":0.3143753298346859,"Taucorr":-2.7755575615628914e-17},"EnergyVariance":{"Mean":10.266692884408,"Sigma":1.4813204487854668,"Taucorr":5.551115123125783e-17},"Iteration":3},
{"Acceptance":[0.8593684210526316],"Energy":{"Mean":15.815103434963524,"Sigma":0.30158982525877454,"Taucorr":-5.551115123125783e-17},"EnergyVariance":{"Mean":10.29616440157848,"Sigma":1.3106735283631221,"Taucorr":5.551115123125783e-17},"Iteration":4},
{"Acceptance":[0.8547368421052631],"Energy":{"Mean":15.61455780875116,"Sigma":0.2839918737480711,"Taucorr":-2.7755575615628914e-17},"EnergyVariance":{"Mean":8.793710782123533,"Sigma":1.1978700416374102,"Taucorr":0.0},"Iteration":5},
{"Acceptance":[0.840421052631579],"Energy":{"Mean":15.769341243683511,"Sigma":0.31809544019744873,"Taucorr":-2.7755575615628914e-17},"EnergyVariance":{"Mean":11.312902155928061,"Sigma":1.7357050481487413,"Taucorr":2.7755575615628914e-17},"Iteration":6},
{"Acceptance":[0.8383157894736842],"Energy":{"Mean":15.315713000639922,"Sigma":0.32029133818759487,"Taucorr":-1.1102230246251565e-16},"EnergyVariance":{"Mean":11.664759940801833,"Sigma":1.4497607920987945,"Taucorr":-5.551115123125783e-17},"Iteration":7},
{"Acceptance":[0.8261052631578948],"Energy":{"Mean":14.936309497440398,"Sigma":0.28592207845409384,"Taucorr":0.0},"EnergyVariance":{"Mean":10.049481619123371,"Sigma":1.1917768306116456,"Taucorr":0.0},"Iteration":8},
{"Acceptance":[0.8345263157894737],"Energy":{"Mean":14.627298522663146,"Sigma":0.3170837855032416,"Taucorr":5.551115123125783e-17},"EnergyVariance":{"Mean":11.985451850908625,"Sigma":1.5662009055986275,"Taucorr":0.0},"Iteration":9},
{"Acceptance":[0.8378947368421052],"Energy":{"Mean":14.032260830668275,"Sigma":0.2988521554254271,"Taucorr":-5.551115123125783e-17},"EnergyVariance":{"Mean":10.66314862578951,"Sigma":1.2859625892042794,"Taucorr":-2.7755575615628914e-17},"Iteration":10},
{"Acceptance":[0.8084210526315789],"Energy":{"Mean":14.342517541033931,"Sigma":0.3047714266121598,"Taucorr":0.0},"EnergyVariance":{"Mean":11.921889986069768,"Sigma":1.367501020391788,"Taucorr":0.0},"Iteration":11},
{"Acceptance":[0.8058947368421052],"Energy":{"Mean":13.723143148781448,"Sigma":0.32944356426449994,"Taucorr":0.0},"EnergyVariance":{"Mean":12.875560420658806,"Sigma":1.1811002707486287,"Taucorr":-5.551115123125783e-17},"Iteration":12},
{"Acceptance":[0.8067368421052632],"Energy":{"Mean":13.47930386624436,"Sigma":0.30019819501043465,"Taucorr":0.0},"EnergyVariance":{"Mean":12.814457592530005,"Sigma":1.3191113954288956,"Taucorr":0.0},"Iteration":13},
{"Acceptance":[0.7932631578947369],"Energy":{"Mean":13.847456042121964,"Sigma":0.346949536092904,"Taucorr":-5.551115123125783e-17},"EnergyVariance":{"Mean":15.485336566451647,"Sigma":1.6385128625593046,"Taucorr":-5.551115123125783e-17},"Iteration":14},
{"Acceptance":[0.7882105263157895],"Energy":{"Mean":13.25196754255531,"Sigma":0.32047235522456474,"Taucorr":0.0},"EnergyVariance":{"Mean":12.620620792489424,"Sigma":1.4043966565002504,"Taucorr":-2.7755575615628914e-17},"Iteration":15},
{"Acceptance":[0.7772631578947369],"Energy":{"Mean":13.229038983521155,"Sigma":0.3244353018407323,"Taucorr":0.0},"EnergyVariance":{"Mean":14.69956752996605,"Sigma":1.457815155701823,"Taucorr":-2.7755575615628914e-17},"Iteration":16},
{"Acceptance":[0.752],"Energy":{"Mean":13.498799771026277,"Sigma":0.3286498483056963,"Taucorr":-2.7755575615628914e-17},"EnergyVariance":{"Mean":15.201844263527374,"Sigma":1.7521204022130612,"Taucorr":0.0},"Iteration":17},
{"Acceptance":[0.7629473684210526],"Energy":{"Mean":12.454308382112494,"Sigma":0.3293924241480487,"Taucorr":0.0},"EnergyVariance":{"Mean":16.316736161989837,"Sigma":1.9379679269449157,"Taucorr":5.551115123125783e-17},"Iteration":18},
{"Acceptance":[0.7583157894736842],"Energy":{"Mean":12.605086086970836,"Sigma":0.37443031228931206,"Taucorr":5.551115123125783e-17},"EnergyVariance":{"Mean":20.287787383145,"Sigma":2.141574613818809,"Taucorr":-8.326672684688674e-17},"Iteration":19},
{"Acceptance":[0.7393684210526316],"Energy":{"Mean":11.30676293672373,"Sigma":0.3379158230240223,"Taucorr":-5.551115123125783e-17},"EnergyVariance":{"Mean":15.783725648985683,"Sigma":1.937492733235214,"Taucorr":-2.7755575615628914e-17},"Iteration":20},
{"Acceptance":[0.728],"Energy":{"Mean":11.407586136186207,"Sigma":0.3775706300059231,"Taucorr":5.551115123125783e-17},"EnergyVariance":{"Mean":19.86669621690859,"Sigma":1.7753635122201834,"Taucorr":-2.7755575615628914e-17},"Iteration":21},
{"Acceptance":[0.7023157894736842],"Energy":{"Mean":11.041552289018606,"Sigma":0.37950651704714744,"Taucorr":0.0},"EnergyVariance":{"Mean":21.440926710402536,"Sigma":2.187726227238644,"Taucorr":0.0},"Iteration":22},
{"Acceptance":[0.7174736842105263],"Energy":{"Mean":11.505361052135797,"Sigma":0.36882015084046654,"Taucorr":5.551115123125783e-17},"EnergyVariance":{"Mean":19.727566053575927,"Sigma":2.2045096134395132,"Taucorr":0.0},"Iteration":23},
{"Acceptance":[0.7145263157894737],"Energy":{"Mean":10.385077006892878,"Sigma":0.3665833880419646,"Taucorr":5.551115123125783e-17},"EnergyVariance":{"Mean":20.781921570645714,"Sigma":2.4531393713325236,"Taucorr":0.0},"Iteration":24},
{"Acceptance":[0.7073684210526315],"Energy":{"Mean":10.355034766157253,"Sigma":0.3976334374764129,"Taucorr":1.1102230246251565e-16},"EnergyVariance":{"Mean":23.980325925245136,"Sigma":2.4467030255041906,"Taucorr":5.551115123125783e-17},"Iteration":25},
{"Acceptance":[0.6981052631578948],"Energy":{"Mean":11.050722162694854,"Sigma":0.3914720081000196,"Taucorr":0.0},"EnergyVariance":{"Mean":26.897238841175245,"Sigma":2.621605169337411,"Taucorr":5.551115123125783e-17},"Iteration":26},
{"Acceptance":[0.6665263157894736],"Energy":{"Mean":9.203785116554545,"Sigma":0.3848920911059561,"Taucorr":5.551115123125783e-17},"EnergyVariance":{"Mean":22.957143321519176,"Sigma":2.4236740922761832,"Taucorr":-2.7755575615628914e-17},"Iteration":27},
{"Acceptance":[0.6450526315789473],"Energy":{"Mean":10.260302427275901,"Sigma":0.3901488009237431,"Taucorr":0.0},"EnergyVariance":{"Mean":25.2096070985108,"Sigma":2.7453055771369743,"Taucorr":0.0},"Iteration":28},
{"Acceptance":[0.6458947368421053],"Energy":{"Mean":8.543441811560516,"Sigma":0.3284682852218288,"Taucorr":0.0},"EnergyVariance":{"Mean":20.807505607646757,"Sigma":2.3010346825110095,"Taucorr":-8.326672684688674e-17},"Iteration":29},
{"Acceptance":[0.647578947368421],"Energy":{"Mean":9.057303716932495,"Sigma":0.374684716157362,"Taucorr":-2.7755575615628914e-17},"EnergyVariance":{"Mean":21.142137364975152,"Sigma":2.071731506753847,"Taucorr":0.0},"Iteration":30},
{"Acceptance":[0.6277894736842106],"Energy":{"Mean":8.914269790913334,"Sigma":0.40876643981716687,"Taucorr":-5.551115123125783e-17},"EnergyVariance":{"Mean":26.6936603713192,"Sigma":2.7012862027382543,"Taucorr":-8.326672684688674e-17},"Iteration":31},
{"Acceptance":[0.6206315789473684],"Energy":{"Mean":8.089340512543789,"Sigma":0.38960389379403215,"Taucorr":0.0},"EnergyVariance":{"Mean":27.243958432555754,"Sigma":3.107047396546789,"Taucorr":-8.326672684688674e-17},"Iteration":32},
{"Acceptance":[0.5995789473684211],"Energy":{"Mean":7.4627545521252445,"Sigma":0.41783968715257386,"Taucorr":0.0},"EnergyVariance":{"Mean":29.073709280214363,"Sigma":3.705380724197344,"Taucorr":5.551115123125783e-17},"Iteration":33},
{"Acceptance":[0.6054736842105263],"Energy":{"Mean":6.719815818184761,"Sigma":0.39723995747926566,"Taucorr":-2.7755575615628914e-17},"EnergyVariance":{"Mean":29.37862369630508,"Sigma":3.2519616759502163,"Taucorr":0.0},"Iteration":34},
{"Acceptance":[0.5932631578947368],"Energy":{"Mean":6.558023246679671,"Sigma":0.4034312561781952,"Taucorr":-2.7755575615628914e-17},"EnergyVariance":{"Mean":28.85185201317874,"Sigma":3.401008095643701,"Taucorr":5.551115123125783e-17},"Iteration":35},
{"Acceptance":[0.5907368421052631],"Energy":{"Mean":5.754583476947932,"Sigma":0.411137121819714,"Taucorr":-2.7755575615628914e-17},"EnergyVariance":{"Mean":29.669743620468218,"Sigma":2.9156946231034313,"Taucorr":0.0},"Iteration":36},
{"Acceptance":[0.5591578947368421],"Energy":{"Mean":4.686341518695168,"Sigma":0.4046796181976293,"Taucorr":-5.551115123125783e-17},"EnergyVariance":{"Mean":27.507645949438857,"Sigma":3.039413897900726,"Taucorr":2.7755575615628914e-17},"Iteration":37},
{"Acceptance":[0.5562105263157895],"Energy":{"Mean":4.816604070663212,"Sigma":0.3669611429368815,"Taucorr":-2.7755575615628914e-17},"EnergyVariance":{"Mean":27.739698222906046,"Sigma":3.0375673561076852,"Taucorr":-2.7755575615628914e-17},"Iteration":38},
{"Acceptance":[0.5642105263157895],"Energy":{"Mean":4.489863404438038,"Sigma":0.39619868241177025,"Taucorr":0.0},"EnergyVariance":{"Mean":27.76902909927528,"Sigma":3.6147761150568822,"Taucorr":-2.7755575615628914e-17},"Iteration":39},
{"Acceptance":[0.5347368421052632],"Energy":{"Mean":4.195675775691056,"Sigma":0.4283174402062497,"Taucorr":0.0},"EnergyVariance":{"Mean":29.85906149586004,"Sigma":3.9873015143055053,"Taucorr":0.0},"Iteration":40},
{"Acceptance":[0.5431578947368421],"Energy":{"Mean":4.009796345768775,"Sigma":0.4054239371707764,"Taucorr":0.0},"EnergyVariance":{"Mean":32.88601066773274,"Sigma":3.6723657937728467,"Taucorr":0.0},"Iteration":41},
{"Acceptance":[0.5246315789473684],"Energy":{"Mean":2.648947678884823,"Sigma":0.3365014723839561,"Taucorr":-5.551115123125783e-17},"EnergyVariance":{"Mean":24.989710783993054,"Sigma":2.5090929870205883,"Taucorr":0.0},"Iteration":42},
{"Acceptance":[0.5334736842105263],"Energy":{"Mean":2.930754079238958,"Sigma":0.436611643101707,"Taucorr":-5.551115123125783e-17},"EnergyVariance":{"Mean":33.51918751763193,"Sigma":3.738527912716286,"Taucorr":0.0},"Iteration":43},
{"Acceptance":[0.49515789473684213],"Energy":{"Mean":2.097906740977939,"Sigma":0.40791892649002587,"Taucorr":-5.551115123125783e-17},"EnergyVariance":{"Mean":30.964300249715805,"Sigma":2.6134704761722807,"Taucorr":0.0},"Iteration":44},
{"Acceptance":[0.49642105263157893],"Energy":{"Mean":2.2691284186086196,"Sigma":0.4542097976557003,"Taucorr":0.0},"EnergyVariance":{"Mean":34.38223061941706,"Sigma":3.4140300064589884,"Taucorr":0.0},"Iteration":45},
{"Acceptance":[0.47789473684210526],"Energy":{"Mean":1.0034893185436502,"Sigma":0.33483029402400033,"Taucorr":0.0},"EnergyVariance":{"Mean":24.510216139168755,"Sigma":2.6821920710420946,"Taucorr":0.0},"Iteration":46},
{"Acceptance":[0.4791578947368421],"Energy":{"Mean":1.5792466085007906,"Sigma":0.4398316538342458,"Taucorr":5.551115123125783e-17},"EnergyVariance":{"Mean":43.127946024658286,"Sigma":5.0904141914838545,"Taucorr":1.6653345369377348e-16},"Iteration":47},
{"Acceptance":[0.4749473684210526],"Energy":{"Mean":1.0099951303186652,"Sigma":0.37999618755658665,"Taucorr":0.0},"EnergyVariance":{"Mean":28.252502056172478,"Sigma":3.3995384063322893,"Taucorr":0.0},"Iteration":48},
{"Acceptance":[0.46273684210526317],"Energy":{"Mean":0.5299404840760059,"Sigma":0.4243547927965894,"Taucorr":5.551115123125783e-17},"EnergyVariance":{"Mean":31.629103233658576,"Sigma":3.8192407120915877,"Taucorr":-1.1102230246251565e-16},"Iteration":49},
{"Acceptance":[0.44505263157894737],"Energy":{"Mean":-0.24837378134612098,"Sigma":0.37782461305207665,"Taucorr":0.0},"EnergyVariance":{"Mean":32.43886484543657,"Sigma":4.050639205361381,"Taucorr":0.0},"Iteration":50},
{"Acceptance":[0.47157894736842104],"Energy":{"Mean":-0.32144299502534746,"Sigma":0.39764391950605255,"Taucorr":0.0},"EnergyVariance":{"Mean":33.180552147123066,"Sigma":3.3298217636872436,"Taucorr":-5.551115123125783e-17},"Iteration":51},
{"Acceptance":[0.42736842105263156],"Energy":{"Mean":-2.060443851881954,"Sigma":0.3233656687692875,"Taucorr":0.0},"EnergyVariance":{"Mean":27.080451429196586,"Sigma":2.47396954940195,"Taucorr":0.0},"Iteration":52},
{"Acceptance":[0.4126315789473684],"Energy":{"Mean":-0.630507637187879,"Sigma":0.4006967389590732,"Taucorr":-5.551115123125783e-17},"EnergyVariance":{"Mean":39.459538231053926,"Sigma":4.721720528729181,"Taucorr":-2.7755575615628914e-17},"Iteration":53},
{"Acceptance":[0.4383157894736842],"Energy":{"Mean":-0.6319944479336731,"Sigma":0.46285669593197964,"Taucorr":-8.326672684688674e-17},"EnergyVariance":{"Mean":43.18608459897699,"Sigma":4.99541916591225,"Taucorr":0.0},"Iteration":54},
{"Acceptance":[0.424],"Energy":{"Mean":-2.1823922721682054,"Sigma":0.4215272665746036,"Taucorr":5.551115123125783e-17},"EnergyVariance":{"Mean":32.24853938799801,"Sigma":3.304180070880427,"Taucorr":0.0},"Iteration":55},
{"Acceptance":[0.44463157894736843],"Energy":{"Mean":-2.097851074785057,"Sigma":0.3882040834164371,"Taucorr":0.0},"EnergyVariance":{"Mean":31.68172304992124,"Sigma":3.4822850056984898,"Taucorr":-5.551115123125783e-17},"Iteration":56},
{"Acceptance":[0.45010526315789473],"Energy":{"Mean":-2.8272283447084483,"Sigma":0.39509354541566405,"Taucorr":0.0},"EnergyVariance":{"Mean":32.209297677226076,"Sigma":3.7020079389810157,"Taucorr":5.551115123125783e-17},"Iteration":57},
{"Acceptance":[0.41221052631578947],"Energy":{"Mean":-3.0339101840941307,"Sigma":0.3943445439178976,"Taucorr":0.0},"EnergyVariance":{"Mean":37.86637522487682,"Sigma":4.688319475911121,"Taucorr":-2.7755575615628914e-17},"Iteration":58},
{"Acceptance":[0.38821052631578945],"Energy":{"Mean":-3.833831590359546,"Sigma":0.34858659054028635,"Taucorr":-2.7755575615628914e-17},"EnergyVariance":{"Mean":33.96212525391223,"Sigma":5.646724648747923,"Taucorr":0.0},"Iteration":59},
{"Acceptance":[0.39621052631578946],"Energy":{"Mean":-3.0716244362473666,"Sigma":0.43033299053326524,"Taucorr":-2.7755575615628914e-17},"EnergyVariance":{"Mean":33.14608568316292,"Sigma":3.0481207638692616,"Taucorr":0.0},"Iteration":60},
{"Acceptance":[0.39663157894736845],"Energy":{"Mean":-3.6273480479274607,"Sigma":0.34953358755436065,"Taucorr":5.551115123125783e-17},"EnergyVariance":{"Mean":26.819482809008704,"Sigma":3.2566693584362376,"Taucorr":2.7755575615628914e-17},"Iteration":61},
{"Acceptance":[0.37726315789473686],"Energy":{"Mean":-4.901991561793647,"Sigma":0.3341863183094594,"Taucorr":-2.7755575615628914e-17},"EnergyVariance":{"Mean":29.797321782325138,"Sigma":3.682958506992969,"Taucorr":0.0},"Iteration":62},
{"Acceptance":[0.38694736842105265],"Energy":{"Mean":-4.86528270858382,"Sigma":0.37409690519034333,"Taucorr":2.7755575615628914e-17},"EnergyVariance":{"Mean":30.46259628941288,"Sigma":3.389076307955703,"Taucorr":0.0},"Iteration":63},
{"Acceptance":[0.38610526315789473],"Energy":{"Mean":-5.366447051478907,"Sigma":0.3268922708343077,"Taucorr":2.7755575615628914e-17},"EnergyVariance":{"Mean":23.087460536642723,"Sigma":2.3897003013967546,"Taucorr":-2.7755575615628914e-17},"Iteration":64},
{"Acceptance":[0.36505263157894735],"Energy":{"Mean":-5.9033605864112495,"Sigma":0.3712085113513493,"Taucorr":-2.7755575615628914e-17},"EnergyVariance":{"Mean":28.82048717332602,"Sigma":3.3663656887410953,"Taucorr":0.0},"Iteration":65},
{"Acceptance":[0.3616842105263158],"Energy":{"Mean":-6.874089541715986,"Sigma":0.346826120542558,"Taucorr":-2.7755575615628914e-17},"EnergyVariance":{"Mean":23.91192288377322,"Sigma":2.9552611084752356,"Taucorr":-5.551115123125783e-17},"Iteration":66},
{"Acceptance":[0.3410526315789474],"Energy":{"Mean":-6.871401022333968,"Sigma":0.36598209138715326,"Taucorr":0.0},"EnergyVariance":{"Mean":30.440316683702864,"Sigma":3.6643090435388532,"Taucorr":-8.326672684688674e-17},"Iteration":67},
{"Acceptance":[0.33263157894736844],"Energy":{"Mean":-6.410424805524901,"Sigma":0.3557123427120439,"Taucorr":0.0},"EnergyVariance":{"Mean":29.97224962942839,"Sigma":3.7903637176034732,"Taucorr":0.0},"Iteration":68},
{"Acceptance":[0.34821052631578947],"Energy":{"Mean":-7.5670314483926155,"Sigma":0.3428546451936155,"Taucorr":-2.7755575615628914e-17},"EnergyVariance":{"Mean":25.083442037563998,"Sigma":3.3163296021434454,"Taucorr":5.551115123125783e-17},"Iteration":69},
{"Acceptance":[0.3511578947368421],"Energy":{"Mean":-7.4364400067144665,"Sigma":0.3729270546019166,"Taucorr":0.0},"EnergyVariance":{"Mean":32.258373513093616,"Sigma":4.012134238061175,"Taucorr":5.551115123125783e-17},"Iteration":70},
{"Acceptance":[0.33978947368421053],"Energy":{"Mean":-6.595730588514572,"Sigma":0.38699339235254093,"Taucorr":5.551115123125783e-17},"EnergyVariance":{"Mean":47.94068940673783,"Sigma":6.9586094846480355,"Taucorr":-2.7755575615628914e-17},"Iteration":71},
{"Acceptance":[0.304],"Energy":{"Mean":-8.004834381459094,"Sigma":0.3176343833317049,"Taucorr":5.551115123125783e-17},"EnergyVariance":{"Mean":22.670205588247327,"Sigma":3.343939367736963,"Taucorr":-2.7755575615628914e-17},"Iteration":72},
{"Acceptance":[0.3351578947368421],"Energy":{"Mean":-7.4583179654678835,"Sigma":0.33446487653274226,"Taucorr":5.551115123125783e-17},"EnergyVariance":{"Mean":37.20908172731076,"Sigma":5.06956711930517,"Taucorr":0.0},"Iteration":73},
{"Acceptance":[0.3178947368421053],"Energy":{"Mean":-8.26885201326396,"Sigma":0.3705576275617195,"Taucorr":0.0},"EnergyVariance":{"Mean":29.432485356242207,"Sigma":4.145474390841178,"Taucorr":0.0},"Iteration":74},
{"Acceptance":[0.31663157894736843],"Energy":{"Mean":-8.533283178305144,"Sigma":0.37492344322573123,"Taucorr":-1.1102230246251565e-16},"EnergyVariance":{"Mean":27.21832683138232,"Sigma":3.8614424931967384,"Taucorr":5.551115123125783e-17},"Iteration":75},
{"Acceptance":[0.30905263157894736],"Energy":{"Mean":-8.248015586271475,"Sigma":0.42190104318468397,"Taucorr":5.551115123125783e-17},"EnergyVariance":{"Mean":35.869779565682634,"Sigma":3.848692815565003,"Taucorr":-2.7755575615628914e-17},"Iteration":76},
{"Acceptance":[0.2943157894736842],"Energy":{"Mean":-9.452233066942966,"Sigma":0.3549106170933116,"Taucorr":2.7755575615628914e-17},"EnergyVariance":{"Mean":25.19555675014854,"Sigma":2.6933154847052343,"Taucorr":-2.7755575615628914e-17},"Iteration":77},
{"Acceptance":[0.31242105263157893],"Energy":{"Mean":-7.908632580646284,"Sigma":0.3411078227023257,"Taucorr":0.0},"EnergyVariance":{"Mean":25.795874182719828,"Sigma":3.4090920496528407,"Taucorr":0.0},"Iteration":78},
{"Acceptance":[0.3002105263157895],"Energy":{"Mean":-9.419317287746761,"Sigma":0.3379614727862784,"Taucorr":0.0},"EnergyVariance":{"Mean":23.074729706662218,"Sigma":2.7826979578502624,"Taucorr":-2.7755575615628914e-17},"Iteration":79},
{"Acceptance":[0.2825263157894737],"Energy":{"Mean":-9.450211809395705,"Sigma":0.40952084075567496,"Taucorr":0.0},"EnergyVariance":{"Mean":36.498229402101124,"Sigma":5.18300211637948,"Taucorr":0.0},"Iteration":80},
{"Acceptance":[0.2812631578947368],"Energy":{"Mean":-9.860562495263936,"Sigma":0.4465356597184703,"Taucorr":0.0},"EnergyVariance":{"Mean":34.9516917826173,"Sigma":5.027346114659871,"Taucorr":0.0},"Iteration":81},
{"Acceptance":[0.272],"Energy":{"Mean":-10.010515808145755,"Sigma":0.35393933149480794,"Taucorr":0.0},"EnergyVariance":{"Mean":25.97741934032298,"Sigma":4.523723765534701,"Taucorr":2.7755575615628914e-17},"Iteration":82},
{"Acceptance":[0.31705263157894736],"Energy":{"Mean":-10.18472321750011,"Sigma":0.36435144881260184,"Taucorr":-8.326672684688674e-17},"EnergyVariance":{"Mean":29.953010343116862,"Sigma":5.33078695274897,"Taucorr":-8.326672684688674e-17},"Iteration":83},
{"Acceptance":[0.304],"Energy":{"Mean":-9.896777906580722,"Sigma":0.36007697146401546,"Taucorr":5.551115123125783e-17},"EnergyVariance":{"Mean":29.305070159159232,"Sigma":3.948052264143759,"Taucorr":-2.7755575615628914e-17},"Iteration":84},
{"Acceptance":[0.28421052631578947],"Energy":{"Mean":-10.52463668325213,"Sigma":0.3497461496130997,"Taucorr":-2.7755575615628914e-17},"EnergyVariance":{"Mean":30.323029412825445,"Sigma":4.338002954649266,"Taucorr":-2.7755575615628914e-17},"Iteration":85},
{"Acceptance":[0.29347368421052633],"Energy":{"Mean":-10.439655916588261,"Sigma":0.4013541279564818,"Taucorr":2.7755575615628914e-17},"EnergyVariance":{"Mean":30.998510730898104,"Sigma":4.1395170593523165,"Taucorr":0.0},"Iteration":86},
{"Acceptance":[0.2711578947368421],"Energy":{"Mean":-10.420859747844856,"Sigma":0.4130615100265127,"Taucorr":-5.551115123125783e-17},"EnergyVariance":{"Mean":28.80634541264046,"Sigma":4.522124235381781,"Taucorr":0.0},"Iteration":87},
{"Acceptance":[0.2825263157894737],"Energy":{"Mean":-10.807178395103435,"Sigma":0.3717987202226879,"Taucorr":0.0},"EnergyVariance":{"Mean":27.645682197800774,"Sigma":2.518215784217353,"Taucorr":-2.7755575615628914e-17},"Iteration":88},
{"Acceptance":[0.2581052631578947],"Energy":{"Mean":-11.274191509570526,"Sigma":0.2947237212914414,"Taucorr":5.551115123125783e-17},"EnergyVariance":{"Mean":19.985775084808658,"Sigma":2.813412387066064,"Taucorr":0.0},"Iteration":89},
{"Acceptance":[0.25263157894736843],"Energy":{"Mean":-11.218431068596075,"Sigma":0.40762971085291283,"Taucorr":-2.7755575615628914e-17},"EnergyVariance":{"Mean":37.70830726870576,"Sigma":11.758216330276106,"Taucorr":0.0},"Iteration":90},
{"Acceptance":[0.2829473684210526],"Energy":{"Mean":-11.794841229513537,"Sigma":0.31635132870367993,"Taucorr":-2.7755575615628914e-17},"EnergyVariance":{"Mean":21.91106865323377,"Sigma":2.895738879619044,"Taucorr":-5.551115123125783e-17},"Iteration":91},
{"Acceptance":[0.2677894736842105],"Energy":{"Mean":-11.041427682868562,"Sigma":0.4073831411901894,"Taucorr":0.0},"EnergyVariance":{"Mean":29.079238549138605,"Sigma":4.591221973095727,"Taucorr":0.0},"Iteration":92},
{"Acceptance":[0.26189473684210524],"Energy":{"Mean":-12.461829180072037,"Sigma":0.32329024762058794,"Taucorr":1.1102230246251565e-16},"EnergyVariance":{"Mean":20.63907518844678,"Sigma":2.2836834276851383,"Taucorr":0.0},"Iteration":93},
{"Acceptance":[0.2673684210526316],"Energy":{"Mean":-12.084946904945994,"Sigma":0.33212711877110496,"Taucorr":-2.7755575615628914e-17},"EnergyVariance":{"Mean":18.99250495474719,"Sigma":3.0191688362180553,"Taucorr":-2.7755575615628914e-17},"Iteration":94},
{"Acceptance":[0.24421052631578946],"Energy":{"Mean":-11.94741985630483,"Sigma":0.4138937556485598,"Taucorr":-2.7755575615628914e-17},"EnergyVariance":{"Mean":32.788232176533675,"Sigma":4.016716857857215,"Taucorr":-2.7755575615628914e-17},"Iteration":95},
{"Acceptance":[0.232],"Energy":{"Mean":-12.264581317771455,"Sigma":0.38173998871556203,"Taucorr":-2.7755575615628914e-17},"EnergyVariance":{"Mean":24.55895442641972,"Sigma":3.544053555558819,"Taucorr":0.0},"Iteration":96},
{"Acceptance":[0.2374736842105263],"Energy":{"Mean":-13.052532948749661,"Sigma":0.31318899778663334,"Taucorr":0.0},"EnergyVariance":{"Mean":16.060471585509045,"Sigma":1.7461694675385884,"Taucorr":5.551115123125783e-17},"Iteration":97},
{"Acceptance":[0.25642105263157894],"Energy":{"Mean":-13.007655359430956,"Sigma":0.3492255957058955,"Taucorr":8.326672684688674e-17},"EnergyVariance":{"Mean":29.257229860198972,"Sigma":6.74957410136569,"Taucorr":0.0},"Iteration":98},
{"Acceptance":[0.24336842105263157],"Energy":{"Mean":-12.644865025860229,"Sigma":0.37197146773737866,"Taucorr":0.0},"EnergyVariance":{"Mean":32.13776405655399,"Sigma":4.626504429442864,"Taucorr":5.551115123125783e-17},"Iteration":99} 
]}
{"input": {"L": 18, "J": 1, "machine": {"type": "FFNN", "model": ["tanh", 12, 1]}, "sampler": {"type": "MetropolisHop", "d_max": 5}, "optimizer": {"type": "AdaMax", "alpha": 0.001, "beta1": 0.9, "beta2": 0.999, "epscut": 1e-07}, "VMC": {"n_samples": 100, "discarded_samples": 100, "discarded_samples_on_init": 0, "target": "energy", "method": "Gd", "diag_shift": 0.01, "use_iterative": true, "use_cholesky": true}, "n_iter": 100}}
duration: -0.21013760566711426