{"Output": [
{"Acceptance":[0.9031578947368422],"Energy":{"Mean":15.602196605581163,"Sigma":0.29504403504838206,"Taucorr":5.551115123125783e-17},"EnergyVariance":{"Mean":9.433756534182791,"Sigma":1.0480792543559394,"Taucorr":0.0},"Iteration":0},
{"Acceptance":[0.8812631578947369],"Energy":{"Mean":15.221725517263131,"Sigma":0.26852701689253483,"Taucorr":-2.7755575615628914e-17},"EnergyVariance":{"Mean":7.501012765316726,"Sigma":0.9017803174685568,"Taucorr":-5.551115123125783e-17},"Iteration":1},
{"Acceptance":[0.8538947368421053],"Energy":{"Mean":15.761445676650098,"Sigma":0.31958161889719144,"Taucorr":0.0},"EnergyVariance":{"Mean":10.867714677013772,"Sigma":1.2657980688312653,"Taucorr":0.0},"Iteration":2},
{"Acceptance":[0.84],"Energy":{"Mean":14.910755017245616,"Sigma":0.3278898672512258,"Taucorr":0.0},"EnergyVariance":{"Mean":11.966879250976046,"Sigma":1.342985970010115,"Taucorr":5.551115123125783e-17},"Iteration":3},
{"Acceptance":[0.7793684210526316],"Energy":{"Mean":14.88113686742246,"Sigma":0.3610399780205617,"Taucorr":0.0},"EnergyVariance":{"Mean":14.711728569771433,"Sigma":1.8322629735438303,"Taucorr":-2.7755575615628914e-17},"Iteration":4},
{"Acceptance":[0.7743157894736842],"Energy":{"Mean":13.353209378192865,"Sigma":0.34448148611674134,"Taucorr":-5.551115123125783e-17},"EnergyVariance":{"Mean":13.723339626373338,"Sigma":1.431479327267732,"Taucorr":-5.551115123125783e-17},"Iteration":5},
{"Acceptance":[0.735578947368421],"Energy":{"Mean":13.341231951638516,"Sigma":0.3451005392088557,"Taucorr":0.0},"EnergyVariance":{"Mean":15.373022502840723,"Sigma":1.7027650020184966,"Taucorr":2.7755575615628914e-17},"Iteration":6},
{"Acceptance":[0.7431578947368421],"Energy":{"Mean":12.210221476396121,"Sigma":0.3679281421742698,"Taucorr":0.0},"EnergyVariance":{"Mean":17.760502571517552,"Sigma":2.210714544372979,"Taucorr":5.551115123125783e-17},"Iteration":7},
{"Acceptance":[0.7128421052631579],"Energy":{"Mean":12.794521241339863,"Sigma":0.3193376954542128,"Taucorr":5.551115123125783e-17},"EnergyVariance":{"Mean":14.437765142148775,"Sigma":1.4495439350076993,"Taucorr":5.551115123125783e-17},"Iteration":8},
{"Acceptance":[0.7035789473684211],"Energy":{"Mean":11.762423654146934,"Sigma":0.4129764030369531,"Taucorr":1.1102230246251565e-16},"EnergyVariance":{"Mean":22.302271244766864,"Sigma":1.9524489651111816,"Taucorr":1.1102230246251565e-16},"Iteration":9},
{"Acceptance":[0.6488421052631579],"Energy":{"Mean":10.624546524466322,"Sigma":0.34434958438901386,"Taucorr":0.0},"EnergyVariance":{"Mean":18.183027368482737,"Sigma":1.8205790072847279,"Taucorr":-2.7755575615628914e-17},"Iteration":10},
{"Acceptance":[0.6581052631578947],"Energy":{"Mean":10.422094530083301,"Sigma":0.3345936693794409,"Taucorr":0.0},"EnergyVariance":{"Mean":19.88890635561611,"Sigma":2.011279888273712,"Taucorr":-2.7755575615628914e-17},"Iteration":11},
{"Acceptance":[0.6421052631578947],"Energy":{"Mean":9.78863338667845,"Sigma":0.37277362046159107,"Taucorr":5.551115123125783e-17},"EnergyVariance":{"Mean":20.181857659893723,"Sigma":2.1094749606591106,"Taucorr":0.0},"Iteration":12},
{"Acceptance":[0.5945263157894737],"Energy":{"Mean":8.558341056427171,"Sigma":0.39601822694424277,"Taucorr":0.0},"EnergyVariance":{"Mean":21.308818191741175,"Sigma":2.0112704738980667,"Taucorr":-5.551115123125783e-17},"Iteration":13},
{"Acceptance":[0.5835789473684211],"Energy":{"Mean":7.579958048338346,"Sigma":0.38210728848349595,"Taucorr":5.551115123125783e-17},"EnergyVariance":{"Mean":23.719168771807112,"Sigma":2.34049158621193,"Taucorr":0.0},"Iteration":14},
{"Acceptance":[0.5482105263157895],"Energy":{"Mean":7.900766962516307,"Sigma":0.40513443595018994,"Taucorr":1.1102230246251565e-16},"EnergyVariance":{"Mean":26.35607228579914,"Sigma":2.75227665137394,"Taucorr":0.0},"Iteration":15},
{"Acceptance":[0.5498947368421052],"Energy":{"Mean":6.599700567991559,"Sigma":0.37547391167799404,"Taucorr":-5.551115123125783e-17},"EnergyVariance":{"Mean":22.13654179579297,"Sigma":2.593628856784869,"Taucorr":0.0},"Iteration":16},
{"Acceptance":[0.5334736842105263],"Energy":{"Mean":5.832362442553803,"Sigma":0.35988851787351,"Taucorr":0.0},"EnergyVariance":{"Mean":19.28254301392559,"Sigma":2.0465113870189793,"Taucorr":0.0},"Iteration":17},
{"Acceptance":[0.42947368421052634],"Energy":{"Mean":4.348468080879099,"Sigma":0.3730779932989413,"Taucorr":0.0},"EnergyVariance":{"Mean":22.391273038071702,"Sigma":2.3293074528400366,"Taucorr":-2.7755575615628914e-17},"Iteration":18},
{"Acceptance":[0.5018947368421053],"Energy":{"Mean":4.437202739447123,"Sigma":0.40638781759054343,"Taucorr":0.0},"EnergyVariance":{"Mean":28.372022483351206,"Sigma":3.974908389904086,"Taucorr":-2.7755575615628914e-17},"Iteration":19},
{"Acceptance":[0.4997894736842105],"Energy":{"Mean":2.7145467538636083,"Sigma":0.34798173779358643,"Taucorr":0.0},"EnergyVariance":{"Mean":23.97051259783322,"Sigma":2.198612945053387,"Taucorr":0.0},"Iteration":20},
{"Acceptance":[0.4261052631578947],"Energy":{"Mean":2.8112311923977713,"Sigma":0.3776388254072988,"Taucorr":0.0},"EnergyVariance":{"Mean":24.074319600828204,"Sigma":3.060675882497644,"Taucorr":5.551115123125783e-17},"Iteration":21},
{"Acceptance":[0.4261052631578947],"Energy":{"Mean":2.3739350450389596,"Sigma":0.3485611861379519,"Taucorr":-2.7755575615628914e-17},"EnergyVariance":{"Mean":23.41178437239701,"Sigma":2.6296929987249715,"Taucorr":8.326672684688674e-17},"Iteration":22},
{"Acceptance":[0.41178947368421054],"Energy":{"Mean":1.6976259612569091,"Sigma":0.397543040145343,"Taucorr":5.551115123125783e-17},"EnergyVariance":{"Mean":28.26560186462921,"Sigma":3.1003430070342373,"Taucorr":0.0},"Iteration":23},
{"Acceptance":[0.3903157894736842],"Energy":{"Mean":0.8552947069807612,"Sigma":0.38440375343084243,"Taucorr":0.0},"EnergyVariance":{"Mean":24.598515531473677,"Sigma":3.5252665758950745,"Taucorr":5.551115123125783e-17},"Iteration":24},
{"Acceptance":[0.3562105263157895],"Energy":{"Mean":-1.5516981312983644,"Sigma":0.440352882313926,"Taucorr":5.551115123125783e-17},"EnergyVariance":{"Mean":26.26972330412299,"Sigma":3.4921766496655726,"Taucorr":-2.7755575615628914e-17},"Iteration":25},
{"Acceptance":[0.3376842105263158],"Energy":{"Mean":-0.7698636921997548,"Sigma":0.4115093063105381,"Taucorr":0.0},"EnergyVariance":{"Mean":30.955905248229257,"Sigma":3.1072203960422664,"Taucorr":0.0},"Iteration":26},
{"Acceptance":[0.312],"Energy":{"Mean":-2.100182639811837,"Sigma":0.4318931855968759,"Taucorr":-2.7755575615628914e-17},"EnergyVariance":{"Mean":29.749677763741044,"Sigma":3.3755954411421265,"Taucorr":0.0},"Iteration":27},
{"Acceptance":[0.32294736842105265],"Energy":{"Mean":-4.124246573697773,"Sigma":0.4469672789471806,"Taucorr":2.7755575615628914e-17},"EnergyVariance":{"Mean":29.00252522863611,"Sigma":3.2677846105708683,"Taucorr":-5.551115123125783e-17},"Iteration":28},
{"Acceptance":[0.2597894736842105],"Energy":{"Mean":-6.380059875853542,"Sigma":0.3726989494878686,"Taucorr":0.0},"EnergyVariance":{"Mean":20.107146867679035,"Sigma":2.504694652705428,"Taucorr":2.7755575615628914e-17},"Iteration":29},
{"Acceptance":[0.17473684210526316],"Energy":{"Mean":-7.164826712970413,"Sigma":0.519209596912504,"Taucorr":5.551115123125783e-17},"EnergyVariance":{"Mean":35.3632029502827,"Sigma":5.310833439198891,"Taucorr":0.0},"Iteration":30},
{"Acceptance":[0.16715789473684212],"Energy":{"Mean":-11.46123179845369,"Sigma":0.37390325856456,"Taucorr":5.551115123125783e-17},"EnergyVariance":{"Mean":19.49970413249245,"Sigma":6.919100222321196,"Taucorr":0.0},"Iteration":31},
{"Acceptance":[0.10947368421052632],"Energy":{"Mean":-11.960715726619078,"Sigma":0.19699152093437206,"Taucorr":-2.7755575615628914e-17},"EnergyVariance":{"Mean":5.790005576223756,"Sigma":0.8580805023240131,"Taucorr":0.0},"Iteration":32},
{"Acceptance":[0.05936842105263158],"Energy":{"Mean":-12.797235536261137,"Sigma":0.20985533879161167,"Taucorr":5.551115123125783e-17},"EnergyVariance":{"Mean":6.536106016868306,"Sigma":1.8539923638978408,"Taucorr":0.0},"Iteration":33},
{"Acceptance":[0.03326315789473684],"Energy":{"Mean":-13.100479512473513,"Sigma":0.11976141460367233,"Taucorr":-2.7755575615628914e-17},"EnergyVariance":{"Mean":1.6198288128472238,"Sigma":0.285435944727357,"Taucorr":0.0},"Iteration":34},
{"Acceptance":[0.04294736842105263],"Energy":{"Mean":-13.542119252044145,"Sigma":0.18637264517825763,"Taucorr":1.1102230246251565e-16},"EnergyVariance":{"Mean":4.097528367701444,"Sigma":1.0760743050508934,"Taucorr":-5.551115123125783e-17},"Iteration":35},
{"Acceptance":[0.02273684210526316],"Energy":{"Mean":-13.793931380661162,"Sigma":0.06376321519589985,"Taucorr":-5.551115123125783e-17},"EnergyVariance":{"Mean":0.42872571549318583,"Sigma":0.09497730395943946,"Taucorr":0.0},"Iteration":36},
{"Acceptance":[0.008],"Energy":{"Mean":-14.007708006209487,"Sigma":0.005491455423044401,"Taucorr":4.107825191113079e-15},"EnergyVariance":{"Mean":0.004708094165012157,"Sigma":0.0014999487083513685,"Taucorr":5.551115123125783e-17},"Iteration":37},
{"Acceptance":[0.0029473684210526317],"Energy":{"Mean":-13.942960814336228,"Sigma":0.0334004937285575,"Taucorr":null},"EnergyVariance":{"Mean":0.12004220211047974,"Sigma":0.06398773213732496,"Taucorr":null},"Iteration":38},
{"Acceptance":[0.0],"Energy":{"Mean":-14.001024341851862,"Sigma":0.0,"Taucorr":null},"EnergyVariance":{"Mean":1.1732571885987253e-08,"Sigma":0.0,"Taucorr":null},"Iteration":39},
{"Acceptance":[0.0],"Energy":{"Mean":-14.000027944791242,"Sigma":0.0,"Taucorr":null},"EnergyVariance":{"Mean":1.4849803902795807e-09,"Sigma":0.0,"Taucorr":null},"Iteration":40},
{"Acceptance":[0.0],"Energy":{"Mean":-14.000000441422907,"Sigma":0.0,"Taucorr":null},"EnergyVariance":{"Mean":1.3770212453642088e-13,"Sigma":0.0,"Taucorr":null},"Iteration":41},
{"Acceptance":[0.0012631578947368421],"Energy":{"Mean":-14.000033238574348,"Sigma":0.0,"Taucorr":null},"EnergyVariance":{"Mean":4.335523907251838e-10,"Sigma":0.0,"Taucorr":null},"Iteration":42},
{"Acceptance":[0.0],"Energy":{"Mean":-13.500000038383703,"Sigma":0.0,"Taucorr":null},"EnergyVariance":{"Mean":0.7499998725191084,"Sigma":0.0,"Taucorr":null},"Iteration":43},
{"Acceptance":[0.0],"Energy":{"Mean":-13.500029260081819,"Sigma":0.0,"Taucorr":null},"EnergyVariance":{"Mean":0.749912223975893,"Sigma":0.0,"Taucorr":null},"Iteration":44},
{"Acceptance":[0.0],"Energy":{"Mean":-14.0,"Sigma":0.0,"Taucorr":null},"EnergyVariance":{"Mean":3.889294233293514e-39,"Sigma":0.0,"Taucorr":null},"Iteration":45},
{"Acceptance":[0.003789473684210526],"Energy":{"Mean":-12.000000009618134,"Sigma":0.0,"Taucorr":null},"EnergyVariance":{"Mean":2.248143228530225e-16,"Sigma":0.0,"Taucorr":null},"Iteration":46},
{"Acceptance":[0.00631578947368421],"Energy":{"Mean":-12.000002662382133,"Sigma":0.0,"Taucorr":null},"EnergyVariance":{"Mean":2.555272649405984e-12,"Sigma":0.0,"Taucorr":null},"Iteration":47},
{"Acceptance":[0.002105263157894737],"Energy":{"Mean":-11.999976195888507,"Sigma":3.447424267678399e-07,"Taucorr":null},"EnergyVariance":{"Mean":2.687485031442602e-10,"Sigma":2.2634860192860304e-12,"Taucorr":null},"Iteration":48},
{"Acceptance":[0.0046315789473684215],"Energy":{"Mean":-11.980270764433822,"Sigma":0.013851786234759755,"Taucorr":null},"EnergyVariance":{"Mean":0.019611311270188933,"Sigma":0.013298074034712053,"Taucorr":null},"Iteration":49},
{"Acceptance":[0.0004210526315789474],"Energy":{"Mean":-11.999999993410595,"Sigma":0.0,"Taucorr":null},"EnergyVariance":{"Mean":1.2666042334315327e-17,"Sigma":0.0,"Taucorr":null},"Iteration":50},
{"Acceptance":[0.0004210526315789474],"Energy":{"Mean":-11.9999999967081,"Sigma":0.0,"Taucorr":null},"EnergyVariance":{"Mean":9.742051728246086e-19,"Sigma":0.0,"Taucorr":null},"Iteration":51},
{"Acceptance":[0.007578947368421052],"Energy":{"Mean":-12.499999789690278,"Sigma":0.0,"Taucorr":null},"EnergyVariance":{"Mean":0.7500002099893047,"Sigma":0.0,"Taucorr":null},"Iteration":52},
{"Acceptance":[0.0008421052631578948],"Energy":{"Mean":-13.220007512975865,"Sigma":0.05066228603602762,"Taucorr":null},"EnergyVariance":{"Mean":0.9515816690452976,"Sigma":0.02229217868563513,"Taucorr":null},"Iteration":53},
{"Acceptance":[0.005894736842105263],"Energy":{"Mean":-12.24999948756654,"Sigma":1.4761090745415422e-10,"Taucorr":null},"EnergyVariance":{"Mean":0.1875002559942044,"Sigma":7.380533156458817e-11,"Taucorr":null},"Iteration":54},
{"Acceptance":[0.0025263157894736842],"Energy":{"Mean":-12.249999977099172,"Sigma":0.0,"Taucorr":null},"EnergyVariance":{"Mean":0.1875000114504743,"Sigma":0.0,"Taucorr":null},"Iteration":55},
{"Acceptance":[0.0],"Energy":{"Mean":-12.000068852550973,"Sigma":0.0,"Taucorr":null},"EnergyVariance":{"Mean":3.9216115741407e-08,"Sigma":0.0,"Taucorr":null},"Iteration":56},
{"Acceptance":[0.0],"Energy":{"Mean":-12.499909012168606,"Sigma":0.0,"Taucorr":null},"EnergyVariance":{"Mean":0.750087660759402,"Sigma":0.0,"Taucorr":null},"Iteration":57},
{"Acceptance":[0.0016842105263157896],"Energy":{"Mean":-13.000001307789756,"Sigma":0.0,"Taucorr":null},"EnergyVariance":{"Mean":0.9999974598677273,"Sigma":0.0,"Taucorr":null},"Iteration":58},
{"Acceptance":[0.0],"Energy":{"Mean":-13.49998421261669,"Sigma":2.8565547738731607e-07,"Taucorr":null},"EnergyVariance":{"Mean":0.7499966312646875,"Sigma":8.569643118058869e-07,"Taucorr":null},"Iteration":59},
{"Acceptance":[0.0004210526315789474],"Energy":{"Mean":-12.000005003155962,"Sigma":0.0,"Taucorr":null},"EnergyVariance":{"Mean":3.0147728373817173e-10,"Sigma":0.0,"Taucorr":null},"Iteration":60},
{"Acceptance":[0.01136842105263158],"Energy":{"Mean":-11.500015899122998,"Sigma":1.5400719732606018e-07,"Taucorr":null},"EnergyVariance":{"Mean":0.750030966491253,"Sigma":4.620300070997686e-07,"Taucorr":null},"Iteration":61},
{"Acceptance":[0.0],"Energy":{"Mean":-11.000001291808125,"Sigma":0.0,"Taucorr":null},"EnergyVariance":{"Mean":1.0000028614799363,"Sigma":0.0,"Taucorr":null},"Iteration":62},
{"Acceptance":[0.0],"Energy":{"Mean":-10.999994823833322,"Sigma":0.0,"Taucorr":null},"EnergyVariance":{"Mean":0.9999896450531263,"Sigma":0.0,"Taucorr":null},"Iteration":63},
{"Acceptance":[0.0],"Energy":{"Mean":-11.500026869896136,"Sigma":0.0,"Taucorr":null},"EnergyVariance":{"Mean":0.7500268725705965,"Sigma":0.0,"Taucorr":null},"Iteration":64},
{"Acceptance":[0.0],"Energy":{"Mean":-11.500002751475808,"Sigma":0.0,"Taucorr":null},"EnergyVariance":{"Mean":0.7500027515247664,"Sigma":0.0,"Taucorr":null},"Iteration":65},
{"Acceptance":[0.0],"Energy":{"Mean":-11.499996766463493,"Sigma":7.0223008347481985e-06,"Taucorr":null},"EnergyVariance":{"Mean":0.7499967769135351,"Sigma":7.018677047259411e-06,"Taucorr":null},"Iteration":66},
{"Acceptance":[0.0],"Energy":{"Mean":-11.499999301863037,"Sigma":0.0,"Taucorr":null},"EnergyVariance":{"Mean":0.750002094437732,"Sigma":0.0,"Taucorr":null},"Iteration":67},
{"Acceptance":[0.0],"Energy":{"Mean":-11.50000000020416,"Sigma":0.0,"Taucorr":null},"EnergyVariance":{"Mean":0.7500000002041594,"Sigma":0.0,"Taucorr":null},"Iteration":68},
{"Acceptance":[0.0],"Energy":{"Mean":-11.499999940638656,"Sigma":0.0,"Taucorr":null},"EnergyVariance":{"Mean":0.7499999406386804,"Sigma":0.0,"Taucorr":null},"Iteration":69},
{"Acceptance":[0.0016842105263157896],"Energy":{"Mean":-11.740000316405645,"Sigma":0.05099019519810982,"Taucorr":null},"EnergyVariance":{"Mean":0.45240016505745895,"Sigma":0.07546552113864254,"Taucorr":null},"Iteration":70},
{"Acceptance":[0.0004210526315789474],"Energy":{"Mean":-11.999998741529792,"Sigma":3.1557014020675916e-08,"Taucorr":null},"EnergyVariance":{"Mean":1.5581717186736074e-12,"Sigma":6.415946392310771e-16,"Taucorr":null},"Iteration":71},
{"Acceptance":[0.0],"Energy":{"Mean":-11.999999975018053,"Sigma":0.0,"Taucorr":null},"EnergyVariance":{"Mean":3.1324714739859484e-15,"Sigma":0.0,"Taucorr":null},"Iteration":72},
{"Acceptance":[0.0],"Energy":{"Mean":-11.999999974472495,"Sigma":0.0,"Taucorr":null},"EnergyVariance":{"Mean":8.527352010101387e-15,"Sigma":0.0,"Taucorr":null},"Iteration":73},
{"Acceptance":[0.0],"Energy":{"Mean":-12.000000054075231,"Sigma":0.0,"Taucorr":null},"EnergyVariance":{"Mean":7.25032867533699e-13,"Sigma":0.0,"Taucorr":null},"Iteration":74},
{"Acceptance":[0.0],"Energy":{"Mean":-12.000001143524472,"Sigma":0.0,"Taucorr":null},"EnergyVariance":{"Mean":2.2534692836438333e-11,"Sigma":0.0,"Taucorr":null},"Iteration":75},
{"Acceptance":[0.0],"Energy":{"Mean":-12.000004380015483,"Sigma":0.0,"Taucorr":null},"EnergyVariance":{"Mean":3.2588423749687276e-10,"Sigma":0.0,"Taucorr":null},"Iteration":76},
{"Acceptance":[0.0],"Energy":{"Mean":-12.00004269513608,"Sigma":2.012148075522502e-06,"Taucorr":null},"EnergyVariance":{"Mean":7.176441471836018e-09,"Sigma":2.0981827763958446e-10,"Taucorr":null},"Iteration":77},
{"Acceptance":[0.0],"Energy":{"Mean":-12.000062030136924,"Sigma":0.0,"Taucorr":null},"EnergyVariance":{"Mean":1.2194164868564051e-08,"Sigma":0.0,"Taucorr":null},"Iteration":78},
{"Acceptance":[0.0012631578947368421],"Energy":{"Mean":-12.499716605976477,"Sigma":5.9548133750987416e-08,"Taucorr":null},"EnergyVariance":{"Mean":0.7491501042709953,"Sigma":5.951502815162579e-08,"Taucorr":null},"Iteration":79},
{"Acceptance":[0.0],"Energy":{"Mean":-11.99997016623302,"Sigma":0.0,"Taucorr":null},"EnergyVariance":{"Mean":1.1702521719251177e-07,"Sigma":0.0,"Taucorr":null},"Iteration":80},
{"Acceptance":[0.0],"Energy":{"Mean":-12.479874973198385,"Sigma":0.01999477491940175,"Taucorr":null},"EnergyVariance":{"Mean":0.72921887765802,"Sigma":0.020789135324556333,"Taucorr":null},"Iteration":81},
{"Acceptance":[0.0],"Energy":{"Mean":-12.000000138269808,"Sigma":0.0,"Taucorr":null},"EnergyVariance":{"Mean":2.785366962353735e-14,"Sigma":0.0,"Taucorr":null},"Iteration":82},
{"Acceptance":[0.0],"Energy":{"Mean":-12.000000016070196,"Sigma":0.0,"Taucorr":null},"EnergyVariance":{"Mean":1.0769900823374892e-14,"Sigma":0.0,"Taucorr":null},"Iteration":83},
{"Acceptance":[0.0],"Energy":{"Mean":-12.000000013210968,"Sigma":0.0,"Taucorr":null},"EnergyVariance":{"Mean":4.588253282278714e-16,"Sigma":0.0,"Taucorr":null},"Iteration":84},
{"Acceptance":[0.0],"Energy":{"Mean":-12.000000086108608,"Sigma":0.0,"Taucorr":null},"EnergyVariance":{"Mean":8.849547808476522e-17,"Sigma":0.0,"Taucorr":null},"Iteration":85},
{"Acceptance":[0.0],"Energy":{"Mean":-12.00000018245468,"Sigma":0.0,"Taucorr":null},"EnergyVariance":{"Mean":1.3931442110720513e-15,"Sigma":0.0,"Taucorr":null},"Iteration":86},
{"Acceptance":[0.0],"Energy":{"Mean":-12.000000258178344,"Sigma":0.0,"Taucorr":null},"EnergyVariance":{"Mean":2.5447831007696494e-14,"Sigma":0.0,"Taucorr":null},"Iteration":87},
{"Acceptance":[0.0],"Energy":{"Mean":-12.000000282788815,"Sigma":0.0,"Taucorr":null},"EnergyVariance":{"Mean":1.1580252108339226e-13,"Sigma":0.0,"Taucorr":null},"Iteration":88},
{"Acceptance":[0.0],"Energy":{"Mean":-12.000000239202413,"Sigma":0.0,"Taucorr":null},"EnergyVariance":{"Mean":3.104044427904357e-13,"Sigma":0.0,"Taucorr":null},"Iteration":89},
{"Acceptance":[0.0],"Energy":{"Mean":-12.000000121329334,"Sigma":0.0,"Taucorr":null},"EnergyVariance":{"Mean":6.20290983491359e-13,"Sigma":0.0,"Taucorr":null},"Iteration":90},
{"Acceptance":[0.0],"Energy":{"Mean":-11.999999931088222,"Sigma":0.0,"Taucorr":null},"EnergyVariance":{"Mean":1.0247043529315194e-12,"Sigma":0.0,"Taucorr":null},"Iteration":91},
{"Acceptance":[0.0],"Energy":{"Mean":-11.999999675626809,"Sigma":0.0,"Taucorr":null},"EnergyVariance":{"Mean":1.4793137848887964e-12,"Sigma":0.0,"Taucorr":null},"Iteration":92},
{"Acceptance":[0.0],"Energy":{"Mean":-11.999999365050543,"Sigma":0.0,"Taucorr":null},"EnergyVariance":{"Mean":1.930046310248293e-12,"Sigma":0.0,"Taucorr":null},"Iteration":93},
{"Acceptance":[0.0008421052631578948],"Energy":{"Mean":-12.100005036357878,"Sigma":0.04082728900299089,"Taucorr":null},"EnergyVariance":{"Mean":0.19002289935092181,"Sigma":0.07349354889726858,"Taucorr":null},"Iteration":94},
{"Acceptance":[0.0],"Energy":{"Mean":-11.999998494874713,"Sigma":0.0,"Taucorr":null},"EnergyVariance":{"Mean":2.821125951619397e-12,"Sigma":0.0,"Taucorr":null},"Iteration":95},
{"Acceptance":[0.0],"Energy":{"Mean":-11.999997918855668,"Sigma":0.0,"Taucorr":null},"EnergyVariance":{"Mean":3.1455710953485026e-12,"Sigma":0.0,"Taucorr":null},"Iteration":96},
{"Acceptance":[0.0],"Energy":{"Mean":-11.999997298723622,"Sigma":0.0,"Taucorr":null},"EnergyVariance":{"Mean":3.2607511826353622e-12,"Sigma":0.0,"Taucorr":null},"Iteration":97},
{"Acceptance":[0.0],"Energy":{"Mean":-12.500044786613243,"Sigma":0.0,"Taucorr":null},"EnergyVariance":{"Mean":0.750144420954524,"Sigma":0.0,"Taucorr":null},"Iteration":98},
{"Acceptance":[0.0008421052631578948],"Energy":{"Mean":-12.180017523042054,"Sigma":0.05477917909808446,"Taucorr":null},"EnergyVariance":{"Mean":0.32768282445700725,"Sigma":0.08984920954707809,"Taucorr":null},"Iteration":99} 
]}
{"input": {"L": 18, "J": 1, "machine": {"type": "FFNN", "model": ["tanh", 22, 4]}, "sampler": {"type": "MetropolisHop", "d_max": 5}, "optimizer": {"type": "AdaMax", "alpha": 0.001, "beta1": 0.9, "beta2": 0.999, "epscut": 1e-07}, "VMC": {"n_samples": 100, "discarded_samples": 100, "discarded_samples_on_init": 0, "target": "energy", "method": "Gd", "diag_shift": 0.01, "use_iterative": true, "use_cholesky": true}, "n_iter": 100}}
duration: -1.9507865905761719