{"Output": [
{"Acceptance":[0.863578947368421],"Energy":{"Mean":15.85080998839215,"Sigma":0.3106424094014581,"Taucorr":1.1102230246251565e-16},"EnergyVariance":{"Mean":9.791673823749345,"Sigma":1.3020450438704312,"Taucorr":5.551115123125783e-17},"Iteration":0},
{"Acceptance":[0.8134736842105263],"Energy":{"Mean":14.857341047766884,"Sigma":0.29273673958494867,"Taucorr":0.0},"EnergyVariance":{"Mean":9.154225013357092,"Sigma":1.0149029969817636,"Taucorr":0.0},"Iteration":1},
{"Acceptance":[0.7402105263157894],"Energy":{"Mean":13.970220389446153,"Sigma":0.32975851231655473,"Taucorr":-2.7755575615628914e-17},"EnergyVariance":{"Mean":12.799591442871247,"Sigma":1.4937636130146037,"Taucorr":5.551115123125783e-17},"Iteration":2},
{"Acceptance":[0.7098947368421052],"Energy":{"Mean":13.600952355797077,"Sigma":0.327012807324565,"Taucorr":5.551115123125783e-17},"EnergyVariance":{"Mean":12.44744911618464,"Sigma":1.4487491451549002,"Taucorr":5.551115123125783e-17},"Iteration":3},
{"Acceptance":[0.655157894736842],"Energy":{"Mean":12.532566573448495,"Sigma":0.35084595718173567,"Taucorr":0.0},"EnergyVariance":{"Mean":15.676615975379873,"Sigma":1.9450382150635004,"Taucorr":5.551115123125783e-17},"Iteration":4},
{"Acceptance":[0.6311578947368421],"Energy":{"Mean":12.632961888336158,"Sigma":0.3360599525288332,"Taucorr":0.0},"EnergyVariance":{"Mean":15.034379772124897,"Sigma":1.8285744586654165,"Taucorr":0.0},"Iteration":5},
{"Acceptance":[0.5903157894736842],"Energy":{"Mean":10.74165174112325,"Sigma":0.350180519428551,"Taucorr":5.551115123125783e-17},"EnergyVariance":{"Mean":16.905314662848806,"Sigma":1.630993936490465,"Taucorr":0.0},"Iteration":6},
{"Acceptance":[0.5503157894736842],"Energy":{"Mean":9.450896096883069,"Sigma":0.3658775500776805,"Taucorr":-5.551115123125783e-17},"EnergyVariance":{"Mean":18.253623953811946,"Sigma":2.433636099673778,"Taucorr":0.0},"Iteration":7},
{"Acceptance":[0.519578947368421],"Energy":{"Mean":9.152439146972448,"Sigma":0.3131450173079589,"Taucorr":-2.7755575615628914e-17},"EnergyVariance":{"Mean":15.894816738094761,"Sigma":1.6417043129088462,"Taucorr":0.0},"Iteration":8},
{"Acceptance":[0.48126315789473684],"Energy":{"Mean":8.705570631131573,"Sigma":0.3350321878327243,"Taucorr":-2.7755575615628914e-17},"EnergyVariance":{"Mean":19.251095584061897,"Sigma":2.1046047187673387,"Taucorr":0.0},"Iteration":9},
{"Acceptance":[0.49347368421052634],"Energy":{"Mean":7.8026984157589245,"Sigma":0.3853607342422956,"Taucorr":-5.551115123125783e-17},"EnergyVariance":{"Mean":21.297750259821562,"Sigma":2.445554127818385,"Taucorr":0.0},"Iteration":10},
{"Acceptance":[0.4534736842105263],"Energy":{"Mean":7.457093434065042,"Sigma":0.34710910689130303,"Taucorr":5.551115123125783e-17},"EnergyVariance":{"Mean":23.270659700490825,"Sigma":2.3284102551276087,"Taucorr":-2.7755575615628914e-17},"Iteration":11},
{"Acceptance":[0.4458947368421053],"Energy":{"Mean":5.410160397918212,"Sigma":0.3589987174047708,"Taucorr":-2.7755575615628914e-17},"EnergyVariance":{"Mean":21.863946695649247,"Sigma":2.3159056058842906,"Taucorr":0.0},"Iteration":12},
{"Acceptance":[0.43326315789473685],"Energy":{"Mean":4.9898144234606825,"Sigma":0.37438681135892815,"Taucorr":0.0},"EnergyVariance":{"Mean":23.523335309747253,"Sigma":2.32810888869164,"Taucorr":0.0},"Iteration":13},
{"Acceptance":[0.4029473684210526],"Energy":{"Mean":4.078760555581457,"Sigma":0.36684311285574467,"Taucorr":0.0},"EnergyVariance":{"Mean":22.436688495745802,"Sigma":2.8021427472414966,"Taucorr":5.551115123125783e-17},"Iteration":14},
{"Acceptance":[0.4126315789473684],"Energy":{"Mean":3.9588530437584457,"Sigma":0.381341993745194,"Taucorr":0.0},"EnergyVariance":{"Mean":24.7902515674915,"Sigma":2.9468280368780944,"Taucorr":0.0},"Iteration":15},
{"Acceptance":[0.39663157894736845],"Energy":{"Mean":2.089282424920887,"Sigma":0.38266520026326295,"Taucorr":0.0},"EnergyVariance":{"Mean":26.783250263642884,"Sigma":3.078727309924146,"Taucorr":1.1102230246251565e-16},"Iteration":16},
{"Acceptance":[0.391578947368421],"Energy":{"Mean":0.9197007645091422,"Sigma":0.3434110952421317,"Taucorr":-2.7755575615628914e-17},"EnergyVariance":{"Mean":24.213102666899886,"Sigma":3.3210042590659095,"Taucorr":0.0},"Iteration":17},
{"Acceptance":[0.3738947368421053],"Energy":{"Mean":0.044901200665166896,"Sigma":0.28167017817376605,"Taucorr":1.1102230246251565e-16},"EnergyVariance":{"Mean":20.58236406913059,"Sigma":3.176178915583069,"Taucorr":0.0},"Iteration":18},
{"Acceptance":[0.36336842105263156],"Energy":{"Mean":0.49677173073621766,"Sigma":0.3371148504232682,"Taucorr":-2.7755575615628914e-17},"EnergyVariance":{"Mean":21.223740558624293,"Sigma":2.5170347111038884,"Taucorr":0.0},"Iteration":19},
{"Acceptance":[0.3254736842105263],"Energy":{"Mean":-0.6857340998167668,"Sigma":0.30560414401923647,"Taucorr":-8.326672684688674e-17},"EnergyVariance":{"Mean":18.016902977764126,"Sigma":2.0719427376188198,"Taucorr":0.0},"Iteration":20},
{"Acceptance":[0.3431578947368421],"Energy":{"Mean":-1.3778531989454104,"Sigma":0.3290307558091345,"Taucorr":0.0},"EnergyVariance":{"Mean":25.511234057130114,"Sigma":3.705686775063901,"Taucorr":0.0},"Iteration":21},
{"Acceptance":[0.3688421052631579],"Energy":{"Mean":-1.9378579223309456,"Sigma":0.3636135261439581,"Taucorr":-2.7755575615628914e-17},"EnergyVariance":{"Mean":30.01104301687638,"Sigma":4.106587209202601,"Taucorr":0.0},"Iteration":22},
{"Acceptance":[0.33431578947368423],"Energy":{"Mean":-3.568506485129998,"Sigma":0.28845753476187597,"Taucorr":-5.551115123125783e-17},"EnergyVariance":{"Mean":18.081509429181516,"Sigma":2.019101184417572,"Taucorr":0.0},"Iteration":23},
{"Acceptance":[0.33642105263157895],"Energy":{"Mean":-3.6061215511368583,"Sigma":0.27216694765103344,"Taucorr":0.0},"EnergyVariance":{"Mean":15.473095553646203,"Sigma":2.3502303021596336,"Taucorr":-5.551115123125783e-17},"Iteration":24},
{"Acceptance":[0.3216842105263158],"Energy":{"Mean":-5.067579684762546,"Sigma":0.3601109376398139,"Taucorr":0.0},"EnergyVariance":{"Mean":26.155202648322707,"Sigma":3.6029395281459418,"Taucorr":-2.7755575615628914e-17},"Iteration":25},
{"Acceptance":[0.34610526315789475],"Energy":{"Mean":-5.184526584977837,"Sigma":0.36171498591635587,"Taucorr":0.0},"EnergyVariance":{"Mean":24.90526919525663,"Sigma":5.215229948589593,"Taucorr":-2.7755575615628914e-17},"Iteration":26},
{"Acceptance":[0.3469473684210526],"Energy":{"Mean":-4.8310860022035635,"Sigma":0.3942937792089064,"Taucorr":0.0},"EnergyVariance":{"Mean":25.924589078543825,"Sigma":4.505766577251201,"Taucorr":5.551115123125783e-17},"Iteration":27},
{"Acceptance":[0.3263157894736842],"Energy":{"Mean":-6.635676181712079,"Sigma":0.31305389322276206,"Taucorr":0.0},"EnergyVariance":{"Mean":16.20777130280299,"Sigma":2.5593040543047283,"Taucorr":5.551115123125783e-17},"Iteration":28},
{"Acceptance":[0.35242105263157897],"Energy":{"Mean":-6.908920864484032,"Sigma":0.3645972682759639,"Taucorr":0.0},"EnergyVariance":{"Mean":20.678925118618245,"Sigma":2.2977209279169015,"Taucorr":5.551115123125783e-17},"Iteration":29},
{"Acceptance":[0.3423157894736842],"Energy":{"Mean":-8.906650479158294,"Sigma":0.3940028872683514,"Taucorr":-5.551115123125783e-17},"EnergyVariance":{"Mean":27.724868049887835,"Sigma":3.980368205241158,"Taucorr":-5.551115123125783e-17},"Iteration":30},
{"Acceptance":[0.33263157894736844],"Energy":{"Mean":-9.247302694903329,"Sigma":0.32160396029558463,"Taucorr":-5.551115123125783e-17},"EnergyVariance":{"Mean":16.779752716097455,"Sigma":1.8989523846483862,"Taucorr":1.1102230246251565e-16},"Iteration":31},
{"Acceptance":[0.3111578947368421],"Energy":{"Mean":-9.371887699635902,"Sigma":0.3424122195276965,"Taucorr":-5.551115123125783e-17},"EnergyVariance":{"Mean":17.743201384353245,"Sigma":2.6957178654344016,"Taucorr":-5.551115123125783e-17},"Iteration":32},
{"Acceptance":[0.3448421052631579],"Energy":{"Mean":-10.334299806838159,"Sigma":0.2888716789896475,"Taucorr":2.7755575615628914e-17},"EnergyVariance":{"Mean":14.004376029849052,"Sigma":1.8326209806482205,"Taucorr":2.7755575615628914e-17},"Iteration":33},
{"Acceptance":[0.29136842105263155],"Energy":{"Mean":-10.643727540824448,"Sigma":0.3441209629074046,"Taucorr":1.1102230246251565e-16},"EnergyVariance":{"Mean":17.62199282321413,"Sigma":2.2531604955898725,"Taucorr":-2.7755575615628914e-17},"Iteration":34},
{"Acceptance":[0.312],"Energy":{"Mean":-12.051522719955244,"Sigma":0.31995621245035855,"Taucorr":null},"EnergyVariance":{"Mean":16.97032547838269,"Sigma":3.8737618394691995,"Taucorr":null},"Iteration":35},
{"Acceptance":[0.2690526315789474],"Energy":{"Mean":-12.957120346865956,"Sigma":0.27583196190355136,"Taucorr":null},"EnergyVariance":{"Mean":12.290283124524866,"Sigma":3.4005587662276233,"Taucorr":null},"Iteration":36},
{"Acceptance":[0.10652631578947368],"Energy":{"Mean":-14.002835806153355,"Sigma":0.0,"Taucorr":null},"EnergyVariance":{"Mean":3.2451741345441687e-08,"Sigma":0.0,"Taucorr":null},"Iteration":37},
{"Acceptance":[0.0],"Energy":{"Mean":-14.000300110695788,"Sigma":0.0,"Taucorr":null},"EnergyVariance":{"Mean":2.726814043489742e-07,"Sigma":0.0,"Taucorr":null},"Iteration":38},
{"Acceptance":[0.0],"Energy":{"Mean":-13.999812286185078,"Sigma":0.0,"Taucorr":null},"EnergyVariance":{"Mean":2.3103586793776323e-08,"Sigma":0.0,"Taucorr":null},"Iteration":39},
{"Acceptance":[0.0004210526315789474],"Energy":{"Mean":-11.003801823156719,"Sigma":0.0,"Taucorr":null},"EnergyVariance":{"Mean":4.436030204033835e-05,"Sigma":0.0,"Taucorr":null},"Iteration":40},
{"Acceptance":[0.0012631578947368421],"Energy":{"Mean":-12.000000121161886,"Sigma":0.0,"Taucorr":null},"EnergyVariance":{"Mean":1.170261375296563e-14,"Sigma":0.0,"Taucorr":null},"Iteration":41},
{"Acceptance":[0.0004210526315789474],"Energy":{"Mean":-12.920000067306106,"Sigma":0.06831301008200534,"Taucorr":null},"EnergyVariance":{"Mean":0.9936001447386161,"Sigma":0.010930082409219694,"Taucorr":null},"Iteration":42},
{"Acceptance":[0.0],"Energy":{"Mean":-14.0,"Sigma":0.0,"Taucorr":null},"EnergyVariance":{"Mean":3.0088768554652668e-36,"Sigma":0.0,"Taucorr":null},"Iteration":43},
{"Acceptance":[0.0008421052631578948],"Energy":{"Mean":-12.0,"Sigma":0.0,"Taucorr":null},"EnergyVariance":{"Mean":1.9156370570785245e-151,"Sigma":0.0,"Taucorr":null},"Iteration":44},
{"Acceptance":[0.0016842105263157896],"Energy":{"Mean":-13.999999999999991,"Sigma":0.0,"Taucorr":null},"EnergyVariance":{"Mean":2.2173914107725247e-27,"Sigma":0.0,"Taucorr":null},"Iteration":45},
{"Acceptance":[0.0],"Energy":{"Mean":-13.999999999997774,"Sigma":0.0,"Taucorr":null},"EnergyVariance":{"Mean":1.782853169715815e-23,"Sigma":0.0,"Taucorr":null},"Iteration":46},
{"Acceptance":[0.0],"Energy":{"Mean":-14.000000000042059,"Sigma":0.0,"Taucorr":null},"EnergyVariance":{"Mean":6.766863428323522e-21,"Sigma":0.0,"Taucorr":null},"Iteration":47},
{"Acceptance":[0.0],"Energy":{"Mean":-13.999999999936657,"Sigma":0.0,"Taucorr":null},"EnergyVariance":{"Mean":1.5068842514424154e-18,"Sigma":0.0,"Taucorr":null},"Iteration":48},
{"Acceptance":[0.0004210526315789474],"Energy":{"Mean":-12.0000000000466,"Sigma":0.0,"Taucorr":null},"EnergyVariance":{"Mean":9.640078132987497e-22,"Sigma":0.0,"Taucorr":null},"Iteration":49},
{"Acceptance":[0.0],"Energy":{"Mean":-12.00000000000004,"Sigma":0.0,"Taucorr":null},"EnergyVariance":{"Mean":7.313133874308959e-28,"Sigma":0.0,"Taucorr":null},"Iteration":50},
{"Acceptance":[0.0],"Energy":{"Mean":-11.999999999999954,"Sigma":0.0,"Taucorr":null},"EnergyVariance":{"Mean":7.845095135066283e-26,"Sigma":0.0,"Taucorr":null},"Iteration":51},
{"Acceptance":[0.0],"Energy":{"Mean":-12.000000000005091,"Sigma":0.0,"Taucorr":null},"EnergyVariance":{"Mean":2.1491342080826214e-23,"Sigma":0.0,"Taucorr":null},"Iteration":52},
{"Acceptance":[0.0],"Energy":{"Mean":-12.000000000049118,"Sigma":0.0,"Taucorr":null},"EnergyVariance":{"Mean":2.515123910593733e-21,"Sigma":0.0,"Taucorr":null},"Iteration":53},
{"Acceptance":[0.0],"Energy":{"Mean":-12.00000000001746,"Sigma":0.0,"Taucorr":null},"EnergyVariance":{"Mean":7.965305044700589e-20,"Sigma":0.0,"Taucorr":null},"Iteration":54},
{"Acceptance":[0.0],"Energy":{"Mean":-11.999999999739693,"Sigma":0.0,"Taucorr":null},"EnergyVariance":{"Mean":2.715493818482292e-19,"Sigma":0.0,"Taucorr":null},"Iteration":55},
{"Acceptance":[0.0],"Energy":{"Mean":-11.999999999316588,"Sigma":0.0,"Taucorr":null},"EnergyVariance":{"Mean":1.2752624677739967e-19,"Sigma":0.0,"Taucorr":null},"Iteration":56},
{"Acceptance":[0.0],"Energy":{"Mean":-11.999999999270361,"Sigma":0.0,"Taucorr":null},"EnergyVariance":{"Mean":8.854284197490887e-20,"Sigma":0.0,"Taucorr":null},"Iteration":57},
{"Acceptance":[0.0],"Energy":{"Mean":-11.999999999991655,"Sigma":0.0,"Taucorr":null},"EnergyVariance":{"Mean":5.319310800877276e-19,"Sigma":0.0,"Taucorr":null},"Iteration":58},
{"Acceptance":[0.0],"Energy":{"Mean":-12.000000000702912,"Sigma":0.0,"Taucorr":null},"EnergyVariance":{"Mean":5.8893197347052185e-21,"Sigma":0.0,"Taucorr":null},"Iteration":59},
{"Acceptance":[0.0],"Energy":{"Mean":-11.999999999969784,"Sigma":0.0,"Taucorr":null},"EnergyVariance":{"Mean":6.581953895133578e-19,"Sigma":0.0,"Taucorr":null},"Iteration":60},
{"Acceptance":[0.0],"Energy":{"Mean":-11.999999998861512,"Sigma":0.0,"Taucorr":null},"EnergyVariance":{"Mean":1.4644242252020075e-19,"Sigma":0.0,"Taucorr":null},"Iteration":61},
{"Acceptance":[0.0],"Energy":{"Mean":-12.000000001389967,"Sigma":0.0,"Taucorr":null},"EnergyVariance":{"Mean":3.655498067305943e-18,"Sigma":0.0,"Taucorr":null},"Iteration":62},
{"Acceptance":[0.0],"Energy":{"Mean":-12.000000004075039,"Sigma":0.0,"Taucorr":null},"EnergyVariance":{"Mean":2.009952371494296e-17,"Sigma":0.0,"Taucorr":null},"Iteration":63},
{"Acceptance":[0.0],"Energy":{"Mean":-11.999999985703527,"Sigma":0.0,"Taucorr":null},"EnergyVariance":{"Mean":1.5785352691869195e-16,"Sigma":0.0,"Taucorr":null},"Iteration":64},
{"Acceptance":[0.0],"Energy":{"Mean":-11.999999945289128,"Sigma":0.0,"Taucorr":null},"EnergyVariance":{"Mean":1.595338198613123e-15,"Sigma":0.0,"Taucorr":null},"Iteration":65},
{"Acceptance":[0.0016842105263157896],"Energy":{"Mean":-12.000000024847589,"Sigma":8.54940897577782e-10,"Taucorr":null},"EnergyVariance":{"Mean":3.6483973896693985e-14,"Sigma":1.4793492510317236e-15,"Taucorr":null},"Iteration":66},
{"Acceptance":[0.0004210526315789474],"Energy":{"Mean":-12.000000000233047,"Sigma":7.115532607570793e-12,"Taucorr":null},"EnergyVariance":{"Mean":5.548427198728415e-18,"Sigma":1.0854951571128358e-19,"Taucorr":null},"Iteration":67},
{"Acceptance":[0.0004210526315789474],"Energy":{"Mean":-11.999999999968338,"Sigma":0.0,"Taucorr":null},"EnergyVariance":{"Mean":2.5525241382814295e-20,"Sigma":0.0,"Taucorr":null},"Iteration":68},
{"Acceptance":[0.0],"Energy":{"Mean":-12.000000000004256,"Sigma":0.0,"Taucorr":null},"EnergyVariance":{"Mean":3.750393632262788e-23,"Sigma":0.0,"Taucorr":null},"Iteration":69},
{"Acceptance":[0.0],"Energy":{"Mean":-11.999999999999865,"Sigma":0.0,"Taucorr":null},"EnergyVariance":{"Mean":3.5233603628205204e-26,"Sigma":0.0,"Taucorr":null},"Iteration":70},
{"Acceptance":[0.0],"Energy":{"Mean":-11.999999999999993,"Sigma":0.0,"Taucorr":null},"EnergyVariance":{"Mean":5.22236281383425e-28,"Sigma":0.0,"Taucorr":null},"Iteration":71},
{"Acceptance":[0.0],"Energy":{"Mean":-12.000000000000316,"Sigma":0.0,"Taucorr":null},"EnergyVariance":{"Mean":1.1611019337068256e-24,"Sigma":0.0,"Taucorr":null},"Iteration":72},
{"Acceptance":[0.0],"Energy":{"Mean":-12.000000000023075,"Sigma":0.0,"Taucorr":null},"EnergyVariance":{"Mean":2.2403206741122288e-21,"Sigma":0.0,"Taucorr":null},"Iteration":73},
{"Acceptance":[0.0],"Energy":{"Mean":-11.9999999994956,"Sigma":0.0,"Taucorr":null},"EnergyVariance":{"Mean":4.797394626088623e-18,"Sigma":0.0,"Taucorr":null},"Iteration":74},
{"Acceptance":[0.0],"Energy":{"Mean":-11.999999994396365,"Sigma":0.0,"Taucorr":null},"EnergyVariance":{"Mean":4.050474304808432e-17,"Sigma":0.0,"Taucorr":null},"Iteration":75},
{"Acceptance":[0.0],"Energy":{"Mean":-11.999999980166677,"Sigma":0.0,"Taucorr":null},"EnergyVariance":{"Mean":4.611921715001703e-16,"Sigma":0.0,"Taucorr":null},"Iteration":76},
{"Acceptance":[0.0],"Energy":{"Mean":-12.0,"Sigma":0.0,"Taucorr":null},"EnergyVariance":{"Mean":3.599707157522331e-61,"Sigma":0.0,"Taucorr":null},"Iteration":77},
{"Acceptance":[0.0],"Energy":{"Mean":-12.0,"Sigma":0.0,"Taucorr":null},"EnergyVariance":{"Mean":5.729053246750348e-70,"Sigma":0.0,"Taucorr":null},"Iteration":78},
{"Acceptance":[0.0],"Energy":{"Mean":-12.0,"Sigma":0.0,"Taucorr":null},"EnergyVariance":{"Mean":3.026631334054353e-78,"Sigma":0.0,"Taucorr":null},"Iteration":79},
{"Acceptance":[0.0],"Energy":{"Mean":-12.0,"Sigma":0.0,"Taucorr":null},"EnergyVariance":{"Mean":2.5991871549120796e-88,"Sigma":0.0,"Taucorr":null},"Iteration":80},
{"Acceptance":[0.0],"Energy":{"Mean":-12.0,"Sigma":0.0,"Taucorr":null},"EnergyVariance":{"Mean":2.58435588653667e-99,"Sigma":0.0,"Taucorr":null},"Iteration":81},
{"Acceptance":[0.0],"Energy":{"Mean":-12.0,"Sigma":0.0,"Taucorr":null},"EnergyVariance":{"Mean":1.823295099472117e-109,"Sigma":0.0,"Taucorr":null},"Iteration":82},
{"Acceptance":[0.0],"Energy":{"Mean":-12.0,"Sigma":0.0,"Taucorr":null},"EnergyVariance":{"Mean":3.761324057655897e-118,"Sigma":0.0,"Taucorr":null},"Iteration":83},
{"Acceptance":[0.0],"Energy":{"Mean":-12.0,"Sigma":0.0,"Taucorr":null},"EnergyVariance":{"Mean":1.008018602177482e-121,"Sigma":0.0,"Taucorr":null},"Iteration":84},
{"Acceptance":[0.0],"Energy":{"Mean":-12.0,"Sigma":0.0,"Taucorr":null},"EnergyVariance":{"Mean":1.332778834288981e-111,"Sigma":0.0,"Taucorr":null},"Iteration":85},
{"Acceptance":[0.0],"Energy":{"Mean":-12.0,"Sigma":0.0,"Taucorr":null},"EnergyVariance":{"Mean":6.102961498049294e-71,"Sigma":0.0,"Taucorr":null},"Iteration":86},
{"Acceptance":[0.010105263157894737],"Energy":{"Mean":-11.250000223827282,"Sigma":0.0,"Taucorr":null},"EnergyVariance":{"Mean":0.6875002190524374,"Sigma":0.0,"Taucorr":null},"Iteration":87},
{"Acceptance":[0.0012631578947368421],"Energy":{"Mean":-12.000000106053033,"Sigma":0.0,"Taucorr":null},"EnergyVariance":{"Mean":3.448144984311375e-14,"Sigma":0.0,"Taucorr":null},"Iteration":88},
{"Acceptance":[0.0012631578947368421],"Energy":{"Mean":-10.99999997848376,"Sigma":1.5752777673188746e-08,"Taucorr":null},"EnergyVariance":{"Mean":0.9999999569675929,"Sigma":3.1505566210006525e-08,"Taucorr":null},"Iteration":89},
{"Acceptance":[0.006736842105263158],"Energy":{"Mean":-9.99999988578022,"Sigma":0.0,"Taucorr":null},"EnergyVariance":{"Mean":5.999999543121003,"Sigma":0.0,"Taucorr":null},"Iteration":90},
{"Acceptance":[0.0004210526315789474],"Energy":{"Mean":-12.000000001289823,"Sigma":0.0,"Taucorr":null},"EnergyVariance":{"Mean":5.362633581228051e-17,"Sigma":0.0,"Taucorr":null},"Iteration":91},
{"Acceptance":[0.0],"Energy":{"Mean":-12.0,"Sigma":0.0,"Taucorr":null},"EnergyVariance":{"Mean":5.7617300301482115e-34,"Sigma":0.0,"Taucorr":null},"Iteration":92},
{"Acceptance":[0.0],"Energy":{"Mean":-12.000000000000023,"Sigma":0.0,"Taucorr":null},"EnergyVariance":{"Mean":1.861643968309273e-27,"Sigma":0.0,"Taucorr":null},"Iteration":93},
{"Acceptance":[0.0012631578947368421],"Energy":{"Mean":-11.000000000000028,"Sigma":0.0,"Taucorr":null},"EnergyVariance":{"Mean":3.000000000000057,"Sigma":0.0,"Taucorr":null},"Iteration":94},
{"Acceptance":[0.0],"Energy":{"Mean":-11.839338747762124,"Sigma":0.07192339134647618,"Taucorr":null},"EnergyVariance":{"Mean":7.72734186878948,"Sigma":3.602546894032492,"Taucorr":null},"Iteration":95},
{"Acceptance":[0.0008421052631578948],"Energy":{"Mean":-10.539999999886518,"Sigma":0.10567244988685152,"Taucorr":null},"EnergyVariance":{"Mean":1.4283999998687846,"Sigma":0.28628330954503534,"Taucorr":null},"Iteration":96},
{"Acceptance":[0.0012631578947368421],"Energy":{"Mean":-11.969999999999988,"Sigma":0.09165151389911529,"Taucorr":null},"EnergyVariance":{"Mean":2.249099999999952,"Sigma":0.0054990908339430725,"Taucorr":null},"Iteration":97},
{"Acceptance":[0.0],"Energy":{"Mean":-11.499999999999922,"Sigma":0.0,"Taucorr":null},"EnergyVariance":{"Mean":2.2500000000002345,"Sigma":0.0,"Taucorr":null},"Iteration":98},
{"Acceptance":[0.0012631578947368421],"Energy":{"Mean":-12.750567642993362,"Sigma":0.0,"Taucorr":null},"EnergyVariance":{"Mean":0.18778480350951715,"Sigma":0.0,"Taucorr":null},"Iteration":99} 
]}
{"input": {"L": 18, "J": 1, "machine": {"type": "FFNN", "model": ["tanh", 33, 4]}, "sampler": {"type": "MetropolisHop", "d_max": 5}, "optimizer": {"type": "AdaMax", "alpha": 0.001, "beta1": 0.9, "beta2": 0.999, "epscut": 1e-07}, "VMC": {"n_samples": 100, "discarded_samples": 100, "discarded_samples_on_init": 0, "target": "energy", "method": "Gd", "diag_shift": 0.01, "use_iterative": true, "use_cholesky": true}, "n_iter": 100}}
duration: -2.3902342319488525