{"Output": [
{"Acceptance":[0.7907368421052632],"Energy":{"Mean":15.619050981785524,"Sigma":0.3570137917352399,"Taucorr":-5.551115123125783e-17},"EnergyVariance":{"Mean":13.140361452430437,"Sigma":1.5587503292565852,"Taucorr":0.0},"Iteration":0},
{"Acceptance":[0.7254736842105263],"Energy":{"Mean":14.082507815552523,"Sigma":0.34232220589456924,"Taucorr":0.0},"EnergyVariance":{"Mean":13.219080011623273,"Sigma":1.630894878899343,"Taucorr":5.551115123125783e-17},"Iteration":1},
{"Acceptance":[0.6648421052631579],"Energy":{"Mean":11.207152338080437,"Sigma":0.3169383239253855,"Taucorr":5.551115123125783e-17},"EnergyVariance":{"Mean":13.469983790952313,"Sigma":1.8644219033873255,"Taucorr":0.0},"Iteration":2},
{"Acceptance":[0.6067368421052631],"Energy":{"Mean":11.14978486778749,"Sigma":0.37581318432668803,"Taucorr":0.0},"EnergyVariance":{"Mean":17.646562380631124,"Sigma":2.133693128798909,"Taucorr":-5.551115123125783e-17},"Iteration":3},
{"Acceptance":[0.5595789473684211],"Energy":{"Mean":10.040438998472768,"Sigma":0.3453083530232424,"Taucorr":0.0},"EnergyVariance":{"Mean":18.284682848971116,"Sigma":2.1205032287825487,"Taucorr":5.551115123125783e-17},"Iteration":4},
{"Acceptance":[0.5263157894736842],"Energy":{"Mean":7.838636126858413,"Sigma":0.37593801405491883,"Taucorr":0.0},"EnergyVariance":{"Mean":21.495549896276707,"Sigma":2.346115265255844,"Taucorr":1.1102230246251565e-16},"Iteration":5},
{"Acceptance":[0.45473684210526316],"Energy":{"Mean":6.959635070355448,"Sigma":0.38811267588925513,"Taucorr":5.551115123125783e-17},"EnergyVariance":{"Mean":26.108440315222985,"Sigma":2.6788231682896875,"Taucorr":2.7755575615628914e-17},"Iteration":6},
{"Acceptance":[0.4185263157894737],"Energy":{"Mean":4.293567373570317,"Sigma":0.37873054287092534,"Taucorr":1.1102230246251565e-16},"EnergyVariance":{"Mean":20.918889369393113,"Sigma":1.9612441643352896,"Taucorr":0.0},"Iteration":7},
{"Acceptance":[0.38989473684210524],"Energy":{"Mean":2.988005253476546,"Sigma":0.36718795432571705,"Taucorr":-5.551115123125783e-17},"EnergyVariance":{"Mean":21.10421407417787,"Sigma":2.6000489160663403,"Taucorr":-2.7755575615628914e-17},"Iteration":8},
{"Acceptance":[0.40210526315789474],"Energy":{"Mean":1.7966112479106466,"Sigma":0.3793476426708338,"Taucorr":-2.7755575615628914e-17},"EnergyVariance":{"Mean":28.848089676567888,"Sigma":3.7980265259554242,"Taucorr":-8.326672684688674e-17},"Iteration":9},
{"Acceptance":[0.33473684210526317],"Energy":{"Mean":0.4387206816245952,"Sigma":0.3472970084303419,"Taucorr":0.0},"EnergyVariance":{"Mean":26.41856374599282,"Sigma":3.7380365931725574,"Taucorr":5.551115123125783e-17},"Iteration":10},
{"Acceptance":[0.31873684210526315],"Energy":{"Mean":-0.3129629176873657,"Sigma":0.39833679655753756,"Taucorr":0.0},"EnergyVariance":{"Mean":30.375889171488275,"Sigma":4.198774290309067,"Taucorr":-2.7755575615628914e-17},"Iteration":11},
{"Acceptance":[0.296421052631579],"Energy":{"Mean":-1.4495648732282596,"Sigma":0.38483383041833175,"Taucorr":0.0},"EnergyVariance":{"Mean":23.96423778855645,"Sigma":2.8141076004691623,"Taucorr":0.0},"Iteration":12},
{"Acceptance":[0.30905263157894736],"Energy":{"Mean":-2.341498339813687,"Sigma":0.5084691582477254,"Taucorr":0.0},"EnergyVariance":{"Mean":36.660363135193194,"Sigma":6.128595038874406,"Taucorr":-2.7755575615628914e-17},"Iteration":13},
{"Acceptance":[0.28421052631578947],"Energy":{"Mean":-4.7080633530047,"Sigma":0.3565444158614876,"Taucorr":0.0},"EnergyVariance":{"Mean":21.665166464682926,"Sigma":2.805863163904752,"Taucorr":5.551115123125783e-17},"Iteration":14},
{"Acceptance":[0.2631578947368421],"Energy":{"Mean":-4.742001668084741,"Sigma":0.40541454696742796,"Taucorr":0.0},"EnergyVariance":{"Mean":26.834076825541274,"Sigma":3.7508054376538977,"Taucorr":0.0},"Iteration":15},
{"Acceptance":[0.2496842105263158],"Energy":{"Mean":-5.596035985621455,"Sigma":0.4408710791296147,"Taucorr":0.0},"EnergyVariance":{"Mean":29.475501045276104,"Sigma":7.133491834142367,"Taucorr":0.0},"Iteration":16},
{"Acceptance":[0.27410526315789474],"Energy":{"Mean":-7.226380218286965,"Sigma":0.4153619759438066,"Taucorr":1.6653345369377348e-16},"EnergyVariance":{"Mean":37.58194150097292,"Sigma":6.603754177782209,"Taucorr":2.7755575615628914e-17},"Iteration":17},
{"Acceptance":[0.24463157894736842],"Energy":{"Mean":-8.14024152546867,"Sigma":0.3457200816090251,"Taucorr":-2.7755575615628914e-17},"EnergyVariance":{"Mean":18.53335748398381,"Sigma":2.1294801628903772,"Taucorr":5.551115123125783e-17},"Iteration":18},
{"Acceptance":[0.21978947368421053],"Energy":{"Mean":-7.538793328257345,"Sigma":0.4399373555360741,"Taucorr":5.551115123125783e-17},"EnergyVariance":{"Mean":36.46508865707075,"Sigma":4.893322645449839,"Taucorr":1.1102230246251565e-16},"Iteration":19},
{"Acceptance":[0.23578947368421052],"Energy":{"Mean":-10.02231452134112,"Sigma":0.41002252552116053,"Taucorr":-2.7755575615628914e-17},"EnergyVariance":{"Mean":20.984503542253748,"Sigma":3.009193601240269,"Taucorr":0.0},"Iteration":20},
{"Acceptance":[0.2538947368421053],"Energy":{"Mean":-9.766457646350009,"Sigma":0.3683170966543587,"Taucorr":5.551115123125783e-17},"EnergyVariance":{"Mean":22.544103095220912,"Sigma":4.045329751197158,"Taucorr":5.551115123125783e-17},"Iteration":21},
{"Acceptance":[0.21978947368421053],"Energy":{"Mean":-9.913442768642437,"Sigma":0.42023201681045436,"Taucorr":-5.551115123125783e-17},"EnergyVariance":{"Mean":23.420369525698604,"Sigma":5.117037404696722,"Taucorr":-2.7755575615628914e-17},"Iteration":22},
{"Acceptance":[0.25473684210526315],"Energy":{"Mean":-11.216806972578377,"Sigma":0.4401572837975302,"Taucorr":0.0},"EnergyVariance":{"Mean":23.358373327490746,"Sigma":3.418044284639772,"Taucorr":0.0},"Iteration":23},
{"Acceptance":[0.22442105263157894],"Energy":{"Mean":-10.647577413463889,"Sigma":0.4155667352061226,"Taucorr":5.551115123125783e-17},"EnergyVariance":{"Mean":25.99671749391235,"Sigma":7.233926092884614,"Taucorr":-5.551115123125783e-17},"Iteration":24},
{"Acceptance":[0.21010526315789474],"Energy":{"Mean":-12.22484352696072,"Sigma":0.3224578947591919,"Taucorr":0.0},"EnergyVariance":{"Mean":17.009513701683993,"Sigma":3.8403014077328512,"Taucorr":0.0},"Iteration":25},
{"Acceptance":[0.20421052631578948],"Energy":{"Mean":-12.8463905904294,"Sigma":0.31551813401066753,"Taucorr":0.0},"EnergyVariance":{"Mean":13.344352534515453,"Sigma":1.902702786448318,"Taucorr":0.0},"Iteration":26},
{"Acceptance":[0.21052631578947367],"Energy":{"Mean":-12.882834187758919,"Sigma":0.3821020600715373,"Taucorr":0.0},"EnergyVariance":{"Mean":16.121034042180995,"Sigma":3.859347953382526,"Taucorr":-5.551115123125783e-17},"Iteration":27},
{"Acceptance":[0.20926315789473685],"Energy":{"Mean":-13.453893953727395,"Sigma":0.39549522555077976,"Taucorr":-5.551115123125783e-17},"EnergyVariance":{"Mean":23.948843570201092,"Sigma":7.911494447265355,"Taucorr":5.551115123125783e-17},"Iteration":28},
{"Acceptance":[0.1957894736842105],"Energy":{"Mean":-13.04805461436376,"Sigma":0.35587455938621376,"Taucorr":0.0},"EnergyVariance":{"Mean":16.14637958960911,"Sigma":3.124129435125107,"Taucorr":0.0},"Iteration":29},
{"Acceptance":[0.19073684210526315],"Energy":{"Mean":-13.909539350782477,"Sigma":0.44806689813585115,"Taucorr":0.0},"EnergyVariance":{"Mean":23.256622476710717,"Sigma":4.229044539013399,"Taucorr":5.551115123125783e-17},"Iteration":30},
{"Acceptance":[0.19747368421052633],"Energy":{"Mean":-13.13437226889388,"Sigma":0.30646437896322654,"Taucorr":0.0},"EnergyVariance":{"Mean":15.67839529218731,"Sigma":4.061420578145901,"Taucorr":0.0},"Iteration":31},
{"Acceptance":[0.2016842105263158],"Energy":{"Mean":-13.155489458648,"Sigma":0.5660034076926923,"Taucorr":5.551115123125783e-17},"EnergyVariance":{"Mean":35.05755800656847,"Sigma":9.242827521996048,"Taucorr":-5.551115123125783e-17},"Iteration":32},
{"Acceptance":[0.19494736842105262],"Energy":{"Mean":-13.790279164949956,"Sigma":0.295665304359707,"Taucorr":-2.7755575615628914e-17},"EnergyVariance":{"Mean":9.321143076677549,"Sigma":1.1912808708252025,"Taucorr":-5.551115123125783e-17},"Iteration":33},
{"Acceptance":[0.18652631578947368],"Energy":{"Mean":-12.677820088823232,"Sigma":0.510861135960591,"Taucorr":1.1102230246251565e-16},"EnergyVariance":{"Mean":33.80177134792277,"Sigma":14.421263274535487,"Taucorr":1.1102230246251565e-16},"Iteration":34},
{"Acceptance":[0.16547368421052633],"Energy":{"Mean":-13.507195616790064,"Sigma":0.3542351110939082,"Taucorr":5.551115123125783e-17},"EnergyVariance":{"Mean":16.173184847760623,"Sigma":5.32463584497809,"Taucorr":5.551115123125783e-17},"Iteration":35},
{"Acceptance":[0.18063157894736842],"Energy":{"Mean":-13.777997594360778,"Sigma":0.5975702707050073,"Taucorr":0.0},"EnergyVariance":{"Mean":40.193276771237755,"Sigma":23.825576026872522,"Taucorr":-2.7755575615628914e-17},"Iteration":36},
{"Acceptance":[0.18273684210526317],"Energy":{"Mean":-13.450250788496707,"Sigma":0.30411780863680055,"Taucorr":0.0},"EnergyVariance":{"Mean":9.681484604165265,"Sigma":1.6710063696697028,"Taucorr":-2.7755575615628914e-17},"Iteration":37},
{"Acceptance":[0.1713684210526316],"Energy":{"Mean":-12.657557714287075,"Sigma":0.5808955750461788,"Taucorr":-2.7755575615628914e-17},"EnergyVariance":{"Mean":50.86714166887695,"Sigma":14.099379709613473,"Taucorr":0.0},"Iteration":38},
{"Acceptance":[0.15536842105263157],"Energy":{"Mean":-13.678804036174466,"Sigma":0.35047401522410726,"Taucorr":0.0},"EnergyVariance":{"Mean":15.903857234113895,"Sigma":3.4470050476753764,"Taucorr":5.551115123125783e-17},"Iteration":39},
{"Acceptance":[0.15873684210526315],"Energy":{"Mean":-13.807854366445877,"Sigma":0.2576597421170284,"Taucorr":-8.326672684688674e-17},"EnergyVariance":{"Mean":14.960236712763068,"Sigma":8.677432034980265,"Taucorr":5.551115123125783e-17},"Iteration":40},
{"Acceptance":[0.15536842105263157],"Energy":{"Mean":-13.076562673017197,"Sigma":0.5619179705349838,"Taucorr":-8.326672684688674e-17},"EnergyVariance":{"Mean":44.4445149806437,"Sigma":15.755353771529869,"Taucorr":5.551115123125783e-17},"Iteration":41},
{"Acceptance":[0.15747368421052632],"Energy":{"Mean":-13.643486640330543,"Sigma":0.38198779878116607,"Taucorr":1.1102230246251565e-16},"EnergyVariance":{"Mean":15.222718175850602,"Sigma":5.324665654796697,"Taucorr":0.0},"Iteration":42},
{"Acceptance":[0.16294736842105262],"Energy":{"Mean":-14.192991340603688,"Sigma":0.43571450900420383,"Taucorr":0.0},"EnergyVariance":{"Mean":23.87301836761328,"Sigma":7.35102808707003,"Taucorr":5.551115123125783e-17},"Iteration":43},
{"Acceptance":[0.14736842105263157],"Energy":{"Mean":-12.862785754200459,"Sigma":0.31430415489654173,"Taucorr":5.551115123125783e-17},"EnergyVariance":{"Mean":10.374742354234707,"Sigma":1.6688638406154102,"Taucorr":0.0},"Iteration":44},
{"Acceptance":[0.14989473684210528],"Energy":{"Mean":-14.05211687143763,"Sigma":0.3757489144835228,"Taucorr":-5.551115123125783e-17},"EnergyVariance":{"Mean":23.732808032314903,"Sigma":9.724494578795586,"Taucorr":0.0},"Iteration":45},
{"Acceptance":[0.152],"Energy":{"Mean":-15.003843533524682,"Sigma":0.4251642448988919,"Taucorr":1.1102230246251565e-16},"EnergyVariance":{"Mean":44.332323257126355,"Sigma":22.661048706785774,"Taucorr":0.0},"Iteration":46},
{"Acceptance":[0.14778947368421053],"Energy":{"Mean":-14.338762129986847,"Sigma":0.37189539141857186,"Taucorr":0.0},"EnergyVariance":{"Mean":18.029793859851303,"Sigma":5.715695972841143,"Taucorr":-8.326672684688674e-17},"Iteration":47},
{"Acceptance":[0.14947368421052631],"Energy":{"Mean":-14.878964199001487,"Sigma":0.43602792412224217,"Taucorr":-5.551115123125783e-17},"EnergyVariance":{"Mean":21.13612401388444,"Sigma":6.338001384589412,"Taucorr":0.0},"Iteration":48},
{"Acceptance":[0.14021052631578948],"Energy":{"Mean":-13.759425654765721,"Sigma":0.35110305052416896,"Taucorr":0.0},"EnergyVariance":{"Mean":12.474095053854981,"Sigma":3.9192426357251575,"Taucorr":-2.7755575615628914e-17},"Iteration":49},
{"Acceptance":[0.15831578947368422],"Energy":{"Mean":-13.894090209620405,"Sigma":0.36726920203070784,"Taucorr":0.0},"EnergyVariance":{"Mean":15.327336080351587,"Sigma":4.176672422631358,"Taucorr":0.0},"Iteration":50},
{"Acceptance":[0.1503157894736842],"Energy":{"Mean":-15.47711341601643,"Sigma":0.4460142878035117,"Taucorr":-5.551115123125783e-17},"EnergyVariance":{"Mean":21.599635611674454,"Sigma":7.173252213364476,"Taucorr":0.0},"Iteration":51},
{"Acceptance":[0.14105263157894737],"Energy":{"Mean":-13.9791266716812,"Sigma":0.33104133050550283,"Taucorr":0.0},"EnergyVariance":{"Mean":11.492120839466867,"Sigma":1.7814251327127306,"Taucorr":2.7755575615628914e-17},"Iteration":52},
{"Acceptance":[0.14484210526315788],"Energy":{"Mean":-14.388336697671354,"Sigma":0.3602768502843021,"Taucorr":-2.7755575615628914e-17},"EnergyVariance":{"Mean":25.414025909632535,"Sigma":16.180958201805804,"Taucorr":-2.7755575615628914e-17},"Iteration":53},
{"Acceptance":[0.14652631578947367],"Energy":{"Mean":-14.16867520679164,"Sigma":0.30043428564548036,"Taucorr":5.551115123125783e-17},"EnergyVariance":{"Mean":9.329144795972987,"Sigma":1.6401608923042514,"Taucorr":5.551115123125783e-17},"Iteration":54},
{"Acceptance":[0.14442105263157895],"Energy":{"Mean":-14.930048176367993,"Sigma":0.6452741824609479,"Taucorr":-2.7755575615628914e-17},"EnergyVariance":{"Mean":41.14309172008542,"Sigma":10.603164785125736,"Taucorr":5.551115123125783e-17},"Iteration":55},
{"Acceptance":[0.15747368421052632],"Energy":{"Mean":-13.301811048273887,"Sigma":0.33218039517760517,"Taucorr":0.0},"EnergyVariance":{"Mean":12.877085169153496,"Sigma":1.8275365082867792,"Taucorr":-5.551115123125783e-17},"Iteration":56},
{"Acceptance":[0.14484210526315788],"Energy":{"Mean":-14.247417026127096,"Sigma":0.39185525846400426,"Taucorr":2.7755575615628914e-17},"EnergyVariance":{"Mean":15.493538671666165,"Sigma":3.5604184883596837,"Taucorr":5.551115123125783e-17},"Iteration":57},
{"Acceptance":[0.14442105263157895],"Energy":{"Mean":-14.229650896448867,"Sigma":0.3137543362223789,"Taucorr":-2.7755575615628914e-17},"EnergyVariance":{"Mean":10.820143762367566,"Sigma":1.8846837568723203,"Taucorr":2.7755575615628914e-17},"Iteration":58},
{"Acceptance":[0.13010526315789472],"Energy":{"Mean":-14.810786481608023,"Sigma":0.27912573189195355,"Taucorr":0.0},"EnergyVariance":{"Mean":7.985034728569866,"Sigma":1.2455207526082972,"Taucorr":-2.7755575615628914e-17},"Iteration":59},
{"Acceptance":[0.15747368421052632],"Energy":{"Mean":-15.229852977379858,"Sigma":0.3110081167130977,"Taucorr":5.551115123125783e-17},"EnergyVariance":{"Mean":10.102732731580629,"Sigma":3.3298310549090493,"Taucorr":0.0},"Iteration":60},
{"Acceptance":[0.13978947368421052],"Energy":{"Mean":-14.86970125343845,"Sigma":0.7411479677140344,"Taucorr":5.551115123125783e-17},"EnergyVariance":{"Mean":65.21285279848654,"Sigma":31.81465622408541,"Taucorr":5.551115123125783e-17},"Iteration":61},
{"Acceptance":[0.13431578947368422],"Energy":{"Mean":-14.699345491535816,"Sigma":0.3306616031360762,"Taucorr":0.0},"EnergyVariance":{"Mean":11.630156255307924,"Sigma":2.9881587924850335,"Taucorr":0.0},"Iteration":62},
{"Acceptance":[0.136],"Energy":{"Mean":-14.447572432241998,"Sigma":0.3310045298222194,"Taucorr":0.0},"EnergyVariance":{"Mean":11.371430860532243,"Sigma":2.031369193984296,"Taucorr":-2.7755575615628914e-17},"Iteration":63},
{"Acceptance":[0.13515789473684212],"Energy":{"Mean":-14.15685647527105,"Sigma":0.3224995489418722,"Taucorr":-2.7755575615628914e-17},"EnergyVariance":{"Mean":10.64322776179182,"Sigma":3.1287212143066885,"Taucorr":2.7755575615628914e-17},"Iteration":64},
{"Acceptance":[0.12463157894736843],"Energy":{"Mean":-14.467040355870822,"Sigma":0.2982418011308307,"Taucorr":5.551115123125783e-17},"EnergyVariance":{"Mean":8.986398335018997,"Sigma":1.9900384893248444,"Taucorr":-5.551115123125783e-17},"Iteration":65},
{"Acceptance":[0.1423157894736842],"Energy":{"Mean":-13.947852106745994,"Sigma":0.27779242532322346,"Taucorr":0.0},"EnergyVariance":{"Mean":7.6966349682926705,"Sigma":1.2256115905349227,"Taucorr":5.551115123125783e-17},"Iteration":66},
{"Acceptance":[0.13052631578947368],"Energy":{"Mean":-13.979169770822114,"Sigma":0.32391110840251003,"Taucorr":-5.551115123125783e-17},"EnergyVariance":{"Mean":10.227543796735564,"Sigma":1.9340080622186793,"Taucorr":5.551115123125783e-17},"Iteration":67},
{"Acceptance":[0.13094736842105262],"Energy":{"Mean":-15.353138593984465,"Sigma":0.4261398776370022,"Taucorr":5.551115123125783e-17},"EnergyVariance":{"Mean":19.126826667789313,"Sigma":10.24131120307561,"Taucorr":0.0},"Iteration":68},
{"Acceptance":[0.1376842105263158],"Energy":{"Mean":-14.679451002641855,"Sigma":0.32758567263887445,"Taucorr":0.0},"EnergyVariance":{"Mean":11.973428876898868,"Sigma":4.653031498869679,"Taucorr":-1.3877787807814457e-16},"Iteration":69},
{"Acceptance":[0.14189473684210527],"Energy":{"Mean":-14.694614559618254,"Sigma":0.3168091610237751,"Taucorr":5.551115123125783e-17},"EnergyVariance":{"Mean":10.014075626845797,"Sigma":1.6740487336758427,"Taucorr":0.0},"Iteration":70},
{"Acceptance":[0.14442105263157895],"Energy":{"Mean":-14.395162727527916,"Sigma":0.33889163233679603,"Taucorr":-2.7755575615628914e-17},"EnergyVariance":{"Mean":11.78315727415927,"Sigma":2.5516893313690496,"Taucorr":0.0},"Iteration":71},
{"Acceptance":[0.15368421052631578],"Energy":{"Mean":-15.598208656611463,"Sigma":0.40569690627520344,"Taucorr":-8.326672684688674e-17},"EnergyVariance":{"Mean":16.142941757233874,"Sigma":4.410644198819489,"Taucorr":-2.7755575615628914e-17},"Iteration":72},
{"Acceptance":[0.12126315789473684],"Energy":{"Mean":-14.835049476132504,"Sigma":0.3782365679863752,"Taucorr":-5.551115123125783e-17},"EnergyVariance":{"Mean":14.434121487036272,"Sigma":3.522179542318384,"Taucorr":-5.551115123125783e-17},"Iteration":73},
{"Acceptance":[0.14021052631578948],"Energy":{"Mean":-15.399656258160803,"Sigma":0.4349677781287253,"Taucorr":0.0},"EnergyVariance":{"Mean":22.29384541395777,"Sigma":6.015399697743941,"Taucorr":0.0},"Iteration":74},
{"Acceptance":[0.14652631578947367],"Energy":{"Mean":-15.027245901209522,"Sigma":0.36606821691941954,"Taucorr":0.0},"EnergyVariance":{"Mean":13.419045080868932,"Sigma":2.823899182760971,"Taucorr":0.0},"Iteration":75},
{"Acceptance":[0.13094736842105262],"Energy":{"Mean":-14.950484751605327,"Sigma":0.3320604549962815,"Taucorr":-5.551115123125783e-17},"EnergyVariance":{"Mean":11.837266422185719,"Sigma":2.9954831398386057,"Taucorr":5.551115123125783e-17},"Iteration":76},
{"Acceptance":[0.14778947368421053],"Energy":{"Mean":-14.83671449940637,"Sigma":0.36076372978376314,"Taucorr":5.551115123125783e-17},"EnergyVariance":{"Mean":13.004733953345882,"Sigma":3.4186050984404894,"Taucorr":5.551115123125783e-17},"Iteration":77},
{"Acceptance":[0.11368421052631579],"Energy":{"Mean":-14.94801315588991,"Sigma":0.35869565139668613,"Taucorr":0.0},"EnergyVariance":{"Mean":14.308497416377229,"Sigma":6.07265386017746,"Taucorr":2.7755575615628914e-17},"Iteration":78},
{"Acceptance":[0.12252631578947368],"Energy":{"Mean":-14.949403902174149,"Sigma":0.3163517929304914,"Taucorr":0.0},"EnergyVariance":{"Mean":9.821727200491392,"Sigma":2.1867869788429317,"Taucorr":5.551115123125783e-17},"Iteration":79},
{"Acceptance":[0.12505263157894736],"Energy":{"Mean":-13.988135025555179,"Sigma":0.304685937401285,"Taucorr":-2.7755575615628914e-17},"EnergyVariance":{"Mean":9.453141126375867,"Sigma":1.400963217267513,"Taucorr":-2.7755575615628914e-17},"Iteration":80},
{"Acceptance":[0.13894736842105262],"Energy":{"Mean":-14.489314526950071,"Sigma":0.3517041291327403,"Taucorr":-5.551115123125783e-17},"EnergyVariance":{"Mean":12.444484008401448,"Sigma":3.111731837363778,"Taucorr":0.0},"Iteration":81},
{"Acceptance":[0.12463157894736843],"Energy":{"Mean":-15.257463581656847,"Sigma":0.25312217892621963,"Taucorr":1.1102230246251565e-16},"EnergyVariance":{"Mean":6.588105296947566,"Sigma":1.4047135676276825,"Taucorr":-5.551115123125783e-17},"Iteration":82},
{"Acceptance":[0.11578947368421053],"Energy":{"Mean":-14.488032403953016,"Sigma":0.2688834516642362,"Taucorr":-5.551115123125783e-17},"EnergyVariance":{"Mean":7.491904608775009,"Sigma":1.1760708646558318,"Taucorr":5.551115123125783e-17},"Iteration":83},
{"Acceptance":[0.12168421052631578],"Energy":{"Mean":-15.082734194647724,"Sigma":0.30713777873983256,"Taucorr":0.0},"EnergyVariance":{"Mean":9.437677775052569,"Sigma":2.197693890808169,"Taucorr":0.0},"Iteration":84},
{"Acceptance":[0.1288421052631579],"Energy":{"Mean":-14.841474875762664,"Sigma":0.3422519819474256,"Taucorr":-5.551115123125783e-17},"EnergyVariance":{"Mean":12.662347393925806,"Sigma":2.6135357520918263,"Taucorr":0.0},"Iteration":85},
{"Acceptance":[0.128],"Energy":{"Mean":-15.199017635690218,"Sigma":0.3269739245961592,"Taucorr":0.0},"EnergyVariance":{"Mean":11.852883028168847,"Sigma":4.436311233028051,"Taucorr":0.0},"Iteration":86},
{"Acceptance":[0.12210526315789473],"Energy":{"Mean":-15.16794729849623,"Sigma":0.3560131190097169,"Taucorr":0.0},"EnergyVariance":{"Mean":21.974591865843202,"Sigma":10.548705192244451,"Taucorr":0.0},"Iteration":87},
{"Acceptance":[0.11452631578947368],"Energy":{"Mean":-15.144896456839419,"Sigma":0.29879587754816367,"Taucorr":0.0},"EnergyVariance":{"Mean":8.882123946344528,"Sigma":1.5903826822491363,"Taucorr":2.7755575615628914e-17},"Iteration":88},
{"Acceptance":[0.13178947368421054],"Energy":{"Mean":-15.18668898055448,"Sigma":0.3309834358475139,"Taucorr":5.551115123125783e-17},"EnergyVariance":{"Mean":11.239432276821478,"Sigma":2.1640547092492977,"Taucorr":0.0},"Iteration":89},
{"Acceptance":[0.12926315789473683],"Energy":{"Mean":-15.696810311450477,"Sigma":0.4595952893194305,"Taucorr":-2.7755575615628914e-17},"EnergyVariance":{"Mean":23.920635236286152,"Sigma":9.370529822482602,"Taucorr":2.7755575615628914e-17},"Iteration":90},
{"Acceptance":[0.12421052631578948],"Energy":{"Mean":-14.58972042376829,"Sigma":0.29933649625651815,"Taucorr":0.0},"EnergyVariance":{"Mean":9.156351413973999,"Sigma":2.6098298865661596,"Taucorr":-2.7755575615628914e-17},"Iteration":91},
{"Acceptance":[0.1271578947368421],"Energy":{"Mean":-15.163813719781896,"Sigma":0.37206712578532714,"Taucorr":-2.7755575615628914e-17},"EnergyVariance":{"Mean":14.906202375735152,"Sigma":5.600624827611287,"Taucorr":0.0},"Iteration":92},
{"Acceptance":[0.12757894736842104],"Energy":{"Mean":-14.492113701787458,"Sigma":0.40501710068070496,"Taucorr":-2.7755575615628914e-17},"EnergyVariance":{"Mean":18.757185732667086,"Sigma":4.522716075706662,"Taucorr":-5.551115123125783e-17},"Iteration":93},
{"Acceptance":[0.12378947368421053],"Energy":{"Mean":-14.296632938510674,"Sigma":0.406963988899205,"Taucorr":0.0},"EnergyVariance":{"Mean":17.512800560909376,"Sigma":5.94868501030747,"Taucorr":0.0},"Iteration":94},
{"Acceptance":[0.12757894736842104],"Energy":{"Mean":-14.789080824375773,"Sigma":0.31980292942006333,"Taucorr":5.551115123125783e-17},"EnergyVariance":{"Mean":10.315211467985527,"Sigma":1.8810815679619908,"Taucorr":5.551115123125783e-17},"Iteration":95},
{"Acceptance":[0.11873684210526315],"Energy":{"Mean":-16.066130640693213,"Sigma":0.4901182082364283,"Taucorr":-2.7755575615628914e-17},"EnergyVariance":{"Mean":24.713831817688057,"Sigma":8.268493052640766,"Taucorr":2.7755575615628914e-17},"Iteration":96},
{"Acceptance":[0.12673684210526315],"Energy":{"Mean":-13.880983694128087,"Sigma":1.050222268497253,"Taucorr":-5.551115123125783e-17},"EnergyVariance":{"Mean":126.44373535605321,"Sigma":68.05054781211008,"Taucorr":0.0},"Iteration":97},
{"Acceptance":[0.14273684210526316],"Energy":{"Mean":-14.538687133003132,"Sigma":0.4851729047990132,"Taucorr":0.0},"EnergyVariance":{"Mean":42.78514124175463,"Sigma":22.568575525903025,"Taucorr":0.0},"Iteration":98},
{"Acceptance":[0.12336842105263159],"Energy":{"Mean":-14.765131606238397,"Sigma":0.17979775742344237,"Taucorr":5.551115123125783e-17},"EnergyVariance":{"Mean":3.804634511924112,"Sigma":0.6161363798907168,"Taucorr":0.0},"Iteration":99} 
]}
{"input": {"L": 18, "J": 1, "machine": {"type": "FFNN", "model": ["tanh", 47, 1]}, "sampler": {"type": "MetropolisHop", "d_max": 5}, "optimizer": {"type": "AdaMax", "alpha": 0.001, "beta1": 0.9, "beta2": 0.999, "epscut": 1e-07}, "VMC": {"n_samples": 100, "discarded_samples": 100, "discarded_samples_on_init": 0, "target": "energy", "method": "Gd", "diag_shift": 0.01, "use_iterative": true, "use_cholesky": true}, "n_iter": 100}}
duration: -0.2830843925476074