{"Output": [
{"Acceptance":[0.9078260869565218],"Energy":{"Mean":19.5686464101209,"Sigma":0.33625848090947547,"Taucorr":-5.551115123125783e-17},"EnergyVariance":{"Mean":12.17120192959942,"Sigma":1.5865563139710661,"Taucorr":0.0},"Iteration":0},
{"Acceptance":[0.8838260869565218],"Energy":{"Mean":19.427156669554975,"Sigma":0.3489183939405278,"Taucorr":-1.1102230246251565e-16},"EnergyVariance":{"Mean":12.063451241100234,"Sigma":1.6634836744138732,"Taucorr":8.326672684688674e-17},"Iteration":1},
{"Acceptance":[0.8650434782608696],"Energy":{"Mean":18.786199064010457,"Sigma":0.34784993882992105,"Taucorr":-5.551115123125783e-17},"EnergyVariance":{"Mean":12.145189630456478,"Sigma":1.3239379818178112,"Taucorr":5.551115123125783e-17},"Iteration":2},
{"Acceptance":[0.8650434782608696],"Energy":{"Mean":18.687457684886546,"Sigma":0.34436845415232326,"Taucorr":0.0},"EnergyVariance":{"Mean":12.21142814133852,"Sigma":1.6516304049136485,"Taucorr":-2.7755575615628914e-17},"Iteration":3},
{"Acceptance":[0.8340869565217391],"Energy":{"Mean":18.395524476922738,"Sigma":0.3431515226273627,"Taucorr":0.0},"EnergyVariance":{"Mean":12.079239903085476,"Sigma":1.4922968034512294,"Taucorr":-5.551115123125783e-17},"Iteration":4},
{"Acceptance":[0.8344347826086956],"Energy":{"Mean":18.797027333547156,"Sigma":0.3463579904210163,"Taucorr":-2.7755575615628914e-17},"EnergyVariance":{"Mean":13.027004847036146,"Sigma":1.9491686653125306,"Taucorr":-5.551115123125783e-17},"Iteration":5},
{"Acceptance":[0.8351304347826087],"Energy":{"Mean":18.313294682500892,"Sigma":0.4111417283372897,"Taucorr":-5.551115123125783e-17},"EnergyVariance":{"Mean":18.687597417157814,"Sigma":3.495370188841499,"Taucorr":5.551115123125783e-17},"Iteration":6},
{"Acceptance":[0.8260869565217391],"Energy":{"Mean":17.675380389020827,"Sigma":0.4077782382521366,"Taucorr":-2.7755575615628914e-17},"EnergyVariance":{"Mean":17.494821200862816,"Sigma":2.196953649766615,"Taucorr":0.0},"Iteration":7},
{"Acceptance":[0.816],"Energy":{"Mean":18.03279798240658,"Sigma":0.3766035671124018,"Taucorr":2.7755575615628914e-17},"EnergyVariance":{"Mean":16.279986460157325,"Sigma":1.8223634528251695,"Taucorr":-5.551115123125783e-17},"Iteration":8},
{"Acceptance":[0.807304347826087],"Energy":{"Mean":18.686982411522614,"Sigma":0.38961088200927113,"Taucorr":-8.326672684688674e-17},"EnergyVariance":{"Mean":16.61564491431241,"Sigma":2.3540891547250666,"Taucorr":0.0},"Iteration":9},
{"Acceptance":[0.7923478260869565],"Energy":{"Mean":17.0430869209625,"Sigma":0.367438363419767,"Taucorr":-2.7755575615628914e-17},"EnergyVariance":{"Mean":15.995829748191575,"Sigma":2.3414258809615642,"Taucorr":0.0},"Iteration":10},
{"Acceptance":[0.7739130434782608],"Energy":{"Mean":18.209830542478382,"Sigma":0.40596636558646015,"Taucorr":-2.7755575615628914e-17},"EnergyVariance":{"Mean":18.326120280067475,"Sigma":2.2048969813070096,"Taucorr":0.0},"Iteration":11},
{"Acceptance":[0.7822608695652173],"Energy":{"Mean":16.994903655188764,"Sigma":0.36552739159355546,"Taucorr":0.0},"EnergyVariance":{"Mean":16.366052790299648,"Sigma":1.7916824240276286,"Taucorr":0.0},"Iteration":12},
{"Acceptance":[0.7648695652173914],"Energy":{"Mean":16.49951890290293,"Sigma":0.3780863881947732,"Taucorr":0.0},"EnergyVariance":{"Mean":17.331617089864405,"Sigma":2.0699502685532782,"Taucorr":0.0},"Iteration":13},
{"Acceptance":[0.7523478260869565],"Energy":{"Mean":16.632697037616705,"Sigma":0.3525810582338498,"Taucorr":-8.326672684688674e-17},"EnergyVariance":{"Mean":15.249249405839457,"Sigma":1.4404830590984108,"Taucorr":0.0},"Iteration":14},
{"Acceptance":[0.7610434782608696],"Energy":{"Mean":15.751701335489287,"Sigma":0.42973845259967836,"Taucorr":-2.7755575615628914e-17},"EnergyVariance":{"Mean":21.022822177475476,"Sigma":2.277922815344008,"Taucorr":-5.551115123125783e-17},"Iteration":15},
{"Acceptance":[0.7401739130434782],"Energy":{"Mean":15.49928830347776,"Sigma":0.46503974269750714,"Taucorr":-2.7755575615628914e-17},"EnergyVariance":{"Mean":25.08956778591607,"Sigma":2.8580756535703995,"Taucorr":0.0},"Iteration":16},
{"Acceptance":[0.7217391304347827],"Energy":{"Mean":16.23533858095601,"Sigma":0.4075357214687191,"Taucorr":0.0},"EnergyVariance":{"Mean":22.637800177726994,"Sigma":2.4072489996898447,"Taucorr":0.0},"Iteration":17},
{"Acceptance":[0.7269565217391304],"Energy":{"Mean":15.069816781795556,"Sigma":0.39288327774377196,"Taucorr":-2.7755575615628914e-17},"EnergyVariance":{"Mean":18.83710865991761,"Sigma":2.411524195547696,"Taucorr":0.0},"Iteration":18},
{"Acceptance":[0.72],"Energy":{"Mean":14.8380613316714,"Sigma":0.43374728553425057,"Taucorr":0.0},"EnergyVariance":{"Mean":23.299540629768632,"Sigma":2.589250435451905,"Taucorr":0.0},"Iteration":19},
{"Acceptance":[0.7126956521739131],"Energy":{"Mean":15.201941476568942,"Sigma":0.3805987209063871,"Taucorr":0.0},"EnergyVariance":{"Mean":17.714382022743315,"Sigma":2.114608790261338,"Taucorr":0.0},"Iteration":20},
{"Acceptance":[0.7189565217391304],"Energy":{"Mean":14.593463432847773,"Sigma":0.4334895636029955,"Taucorr":0.0},"EnergyVariance":{"Mean":23.726959151682827,"Sigma":3.100797389142607,"Taucorr":1.1102230246251565e-16},"Iteration":21},
{"Acceptance":[0.6911304347826087],"Energy":{"Mean":14.507302011113449,"Sigma":0.43741274171655165,"Taucorr":2.7755575615628914e-17},"EnergyVariance":{"Mean":24.744284128494172,"Sigma":2.9489161761712652,"Taucorr":0.0},"Iteration":22},
{"Acceptance":[0.7106086956521739],"Energy":{"Mean":14.443184243349917,"Sigma":0.4413233113376639,"Taucorr":-5.551115123125783e-17},"EnergyVariance":{"Mean":24.756645609393935,"Sigma":2.7597171655043446,"Taucorr":0.0},"Iteration":23},
{"Acceptance":[0.6775652173913044],"Energy":{"Mean":13.885567615030478,"Sigma":0.3893837333878095,"Taucorr":5.551115123125783e-17},"EnergyVariance":{"Mean":21.77220427682738,"Sigma":2.22509690846701,"Taucorr":0.0},"Iteration":24},
{"Acceptance":[0.6859130434782609],"Energy":{"Mean":13.438746332548844,"Sigma":0.4170633630014478,"Taucorr":-2.7755575615628914e-17},"EnergyVariance":{"Mean":25.071801589983146,"Sigma":3.981112550441721,"Taucorr":-8.326672684688674e-17},"Iteration":25},
{"Acceptance":[0.6685217391304348],"Energy":{"Mean":12.886974537238025,"Sigma":0.39580636678650644,"Taucorr":0.0},"EnergyVariance":{"Mean":19.302022787434364,"Sigma":2.5399625182745003,"Taucorr":5.551115123125783e-17},"Iteration":26},
{"Acceptance":[0.6580869565217391],"Energy":{"Mean":12.970662069360653,"Sigma":0.3941835092747772,"Taucorr":0.0},"EnergyVariance":{"Mean":23.19121084187725,"Sigma":2.438539965058071,"Taucorr":-5.551115123125783e-17},"Iteration":27},
{"Acceptance":[0.6546086956521739],"Energy":{"Mean":12.24676409982959,"Sigma":0.45668529198392416,"Taucorr":-2.7755575615628914e-17},"EnergyVariance":{"Mean":26.80621670172642,"Sigma":6.356593069066088,"Taucorr":0.0},"Iteration":28},
{"Acceptance":[0.6542608695652173],"Energy":{"Mean":12.840463635882692,"Sigma":0.3697202230670381,"Taucorr":-1.1102230246251565e-16},"EnergyVariance":{"Mean":18.3149574064687,"Sigma":2.0919237226353578,"Taucorr":2.7755575615628914e-17},"Iteration":29},
{"Acceptance":[0.648],"Energy":{"Mean":11.270230546819583,"Sigma":0.4169986961721068,"Taucorr":0.0},"EnergyVariance":{"Mean":20.742366258155087,"Sigma":2.3505237198975246,"Taucorr":0.0},"Iteration":30},
{"Acceptance":[0.6330434782608696],"Energy":{"Mean":11.585921163040513,"Sigma":0.34794526134001547,"Taucorr":-5.551115123125783e-17},"EnergyVariance":{"Mean":20.835674648148526,"Sigma":2.479641973183543,"Taucorr":0.0},"Iteration":31},
{"Acceptance":[0.6316521739130435],"Energy":{"Mean":11.841142033149007,"Sigma":0.38321031388462445,"Taucorr":0.0},"EnergyVariance":{"Mean":21.433091385325888,"Sigma":3.0437681114883497,"Taucorr":0.0},"Iteration":32},
{"Acceptance":[0.551304347826087],"Energy":{"Mean":6.731962136931871,"Sigma":0.6118347842556302,"Taucorr":-2.7755575615628914e-17},"EnergyVariance":{"Mean":102.09968190759955,"Sigma":7.990191071291911,"Taucorr":-5.551115123125783e-17},"Iteration":33},
{"Acceptance":[0.0006956521739130435],"Energy":{"Mean":5.536452677457416,"Sigma":0.41223850397034856,"Taucorr":-5.551115123125783e-17},"EnergyVariance":{"Mean":143.88450046377685,"Sigma":6.499923376150699,"Taucorr":5.551115123125783e-17},"Iteration":34},
{"Acceptance":[0.0034782608695652175],"Energy":{"Mean":0.7143107306330276,"Sigma":0.2587307876455928,"Taucorr":null},"EnergyVariance":{"Mean":114.54817599672346,"Sigma":4.944024263437895,"Taucorr":null},"Iteration":35},
{"Acceptance":[0.0],"Energy":{"Mean":5.49738113708605,"Sigma":0.34959197746925674,"Taucorr":null},"EnergyVariance":{"Mean":87.54381151431836,"Sigma":3.510702636119981,"Taucorr":null},"Iteration":36},
{"Acceptance":[0.0017391304347826088],"Energy":{"Mean":5.978206036728067,"Sigma":0.45369433145768995,"Taucorr":null},"EnergyVariance":{"Mean":90.13220669000584,"Sigma":5.080622237921251,"Taucorr":null},"Iteration":37},
{"Acceptance":[0.0010434782608695651],"Energy":{"Mean":-6.369342497914928,"Sigma":0.5177970761651055,"Taucorr":null},"EnergyVariance":{"Mean":88.9723411927451,"Sigma":51.988444796909945,"Taucorr":null},"Iteration":38},
{"Acceptance":[0.6462608695652174],"Energy":{"Mean":2.0470901833561292,"Sigma":0.3281095001928048,"Taucorr":null},"EnergyVariance":{"Mean":113.01696634815978,"Sigma":6.7093513899356045,"Taucorr":null},"Iteration":39},
{"Acceptance":[0.6337391304347826],"Energy":{"Mean":-0.044908125995062775,"Sigma":0.3218046200227484,"Taucorr":null},"EnergyVariance":{"Mean":117.21300427357625,"Sigma":7.028607863913131,"Taucorr":null},"Iteration":40},
{"Acceptance":[0.08347826086956522],"Energy":{"Mean":-0.990685498313856,"Sigma":0.3408361116354125,"Taucorr":null},"EnergyVariance":{"Mean":129.2373096907681,"Sigma":5.096826817817932,"Taucorr":null},"Iteration":41},
{"Acceptance":[0.00034782608695652176],"Energy":{"Mean":-9.585249351654099,"Sigma":0.5572226215959286,"Taucorr":null},"EnergyVariance":{"Mean":50.79366330887051,"Sigma":14.358220043540824,"Taucorr":null},"Iteration":42},
{"Acceptance":[0.0],"Energy":{"Mean":-4.573840809112713,"Sigma":0.22664490413596036,"Taucorr":null},"EnergyVariance":{"Mean":94.38408562860504,"Sigma":7.730288034811642,"Taucorr":null},"Iteration":43},
{"Acceptance":[0.0],"Energy":{"Mean":-10.749996770557642,"Sigma":0.0,"Taucorr":null},"EnergyVariance":{"Mean":1.6875048442020617,"Sigma":0.0,"Taucorr":null},"Iteration":44},
{"Acceptance":[0.0],"Energy":{"Mean":-7.97497151048065,"Sigma":0.5410075569570795,"Taucorr":null},"EnergyVariance":{"Mean":40.935483169860305,"Sigma":8.16434682217698,"Taucorr":null},"Iteration":45},
{"Acceptance":[0.0006956521739130435],"Energy":{"Mean":-10.250000039388322,"Sigma":0.0,"Taucorr":null},"EnergyVariance":{"Mean":2.1874999803048216,"Sigma":0.0,"Taucorr":null},"Iteration":46},
{"Acceptance":[0.0],"Energy":{"Mean":-6.004046652707755,"Sigma":0.18837845347546986,"Taucorr":null},"EnergyVariance":{"Mean":98.02623718244578,"Sigma":5.7024413050962455,"Taucorr":null},"Iteration":47},
{"Acceptance":[0.001391304347826087],"Energy":{"Mean":-8.999999833803084,"Sigma":0.0,"Taucorr":null},"EnergyVariance":{"Mean":13.000005175855836,"Sigma":0.0,"Taucorr":null},"Iteration":48},
{"Acceptance":[0.0],"Energy":{"Mean":-9.500000071380756,"Sigma":0.0,"Taucorr":null},"EnergyVariance":{"Mean":2.749999965199569,"Sigma":0.0,"Taucorr":null},"Iteration":49},
{"Acceptance":[0.004521739130434782],"Energy":{"Mean":-10.400003537368299,"Sigma":0.10000092900590765,"Taucorr":null},"EnergyVariance":{"Mean":1.8400121477280953,"Sigma":0.07999784747614158,"Taucorr":null},"Iteration":50},
{"Acceptance":[0.00034782608695652176],"Energy":{"Mean":-11.250000821947143,"Sigma":0.0,"Taucorr":null},"EnergyVariance":{"Mean":0.6875020975126281,"Sigma":0.0,"Taucorr":null},"Iteration":51},
{"Acceptance":[0.001391304347826087],"Energy":{"Mean":-10.000578478884279,"Sigma":0.0,"Taucorr":null},"EnergyVariance":{"Mean":1.2813485764652353e-06,"Sigma":0.0,"Taucorr":null},"Iteration":52},
{"Acceptance":[0.0],"Energy":{"Mean":-8.000225312075141,"Sigma":0.0,"Taucorr":null},"EnergyVariance":{"Mean":6.0009014179175075,"Sigma":0.0,"Taucorr":null},"Iteration":53},
{"Acceptance":[0.0],"Energy":{"Mean":-7.5000015826545585,"Sigma":0.0,"Taucorr":null},"EnergyVariance":{"Mean":2.7500079099801344,"Sigma":0.0,"Taucorr":null},"Iteration":54},
{"Acceptance":[0.0],"Energy":{"Mean":-9.26002476906791,"Sigma":0.05099019511995619,"Taucorr":null},"EnergyVariance":{"Mean":0.9324366597966774,"Sigma":0.02651742738972097,"Taucorr":null},"Iteration":55},
{"Acceptance":[0.0010434782608695651],"Energy":{"Mean":-10.250000014388545,"Sigma":0.0,"Taucorr":null},"EnergyVariance":{"Mean":1.6874999041310732,"Sigma":0.0,"Taucorr":null},"Iteration":56},
{"Acceptance":[0.0],"Energy":{"Mean":-10.249999046607877,"Sigma":0.0,"Taucorr":null},"EnergyVariance":{"Mean":1.6875042583568365,"Sigma":0.0,"Taucorr":null},"Iteration":57},
{"Acceptance":[0.0],"Energy":{"Mean":-8.060981909611275,"Sigma":1.0879830803711088,"Taucorr":null},"EnergyVariance":{"Mean":495.6240806635237,"Sigma":318.87556199165243,"Taucorr":null},"Iteration":58},
{"Acceptance":[0.0],"Energy":{"Mean":-9.380003139186364,"Sigma":0.06633249580529975,"Taucorr":null},"EnergyVariance":{"Mean":2.075603883926456,"Sigma":0.4484080881101502,"Taucorr":null},"Iteration":59},
{"Acceptance":[0.0],"Energy":{"Mean":-9.500000110451461,"Sigma":0.0,"Taucorr":null},"EnergyVariance":{"Mean":1.2500001103816103,"Sigma":0.0,"Taucorr":null},"Iteration":60},
{"Acceptance":[0.0006956521739130435],"Energy":{"Mean":-10.499999991678317,"Sigma":0.0,"Taucorr":null},"EnergyVariance":{"Mean":1.2500000240158076,"Sigma":0.0,"Taucorr":null},"Iteration":61},
{"Acceptance":[0.0],"Energy":{"Mean":-10.250015147590103,"Sigma":0.0,"Taucorr":null},"EnergyVariance":{"Mean":1.6874621321806507,"Sigma":0.0,"Taucorr":null},"Iteration":62},
{"Acceptance":[0.0],"Energy":{"Mean":-9.499999898263951,"Sigma":0.0,"Taucorr":null},"EnergyVariance":{"Mean":5.249999692727178,"Sigma":0.0,"Taucorr":null},"Iteration":63},
{"Acceptance":[0.0],"Energy":{"Mean":-8.499997600138581,"Sigma":0.0,"Taucorr":null},"EnergyVariance":{"Mean":2.2500071996018343,"Sigma":0.0,"Taucorr":null},"Iteration":64},
{"Acceptance":[0.0020869565217391303],"Energy":{"Mean":-8.000919126000332,"Sigma":0.0,"Taucorr":null},"EnergyVariance":{"Mean":1.0105611417931295e-05,"Sigma":0.0,"Taucorr":null},"Iteration":65},
{"Acceptance":[0.0052173913043478265],"Energy":{"Mean":-8.339434914476687,"Sigma":0.047407389744673206,"Taucorr":null},"EnergyVariance":{"Mean":1.2036647668999385,"Sigma":0.12706771708144046,"Taucorr":null},"Iteration":66},
{"Acceptance":[0.00034782608695652176],"Energy":{"Mean":-9.499883476289328,"Sigma":0.0,"Taucorr":null},"EnergyVariance":{"Mean":2.7498785936895547,"Sigma":0.0,"Taucorr":null},"Iteration":67},
{"Acceptance":[0.03930434782608696],"Energy":{"Mean":-9.000141212232403,"Sigma":0.0,"Taucorr":null},"EnergyVariance":{"Mean":0.9997179182425806,"Sigma":0.0,"Taucorr":null},"Iteration":68},
{"Acceptance":[0.0],"Energy":{"Mean":-7.738988237344783,"Sigma":9.7351363023441e-08,"Taucorr":null},"EnergyVariance":{"Mean":3.248496783264933,"Sigma":5.0825693452918985e-08,"Taucorr":null},"Iteration":69},
{"Acceptance":[0.0],"Energy":{"Mean":-8.750000586252714,"Sigma":0.0,"Taucorr":null},"EnergyVariance":{"Mean":6.687495053797681,"Sigma":0.0,"Taucorr":null},"Iteration":70},
{"Acceptance":[0.005565217391304348],"Energy":{"Mean":-9.480058039324078,"Sigma":0.050027946119540104,"Taucorr":null},"EnergyVariance":{"Mean":8.509880112014416,"Sigma":0.10705391892054693,"Taucorr":null},"Iteration":71},
{"Acceptance":[0.0006956521739130435],"Energy":{"Mean":-9.750000250694455,"Sigma":0.0,"Taucorr":null},"EnergyVariance":{"Mean":1.1875006158189811,"Sigma":0.0,"Taucorr":null},"Iteration":72},
{"Acceptance":[0.002434782608695652],"Energy":{"Mean":-10.24999999998932,"Sigma":0.0,"Taucorr":null},"EnergyVariance":{"Mean":2.187499999983979,"Sigma":0.0,"Taucorr":null},"Iteration":73},
{"Acceptance":[0.064],"Energy":{"Mean":-9.000000451293701,"Sigma":0.0,"Taucorr":null},"EnergyVariance":{"Mean":5.0000027076189895,"Sigma":0.0,"Taucorr":null},"Iteration":74},
{"Acceptance":[0.00034782608695652176],"Energy":{"Mean":-7.749997915991974,"Sigma":0.0,"Taucorr":null},"EnergyVariance":{"Mean":5.687511319322666,"Sigma":0.0,"Taucorr":null},"Iteration":75},
{"Acceptance":[0.00034782608695652176],"Energy":{"Mean":-8.250000000006093,"Sigma":0.0,"Taucorr":null},"EnergyVariance":{"Mean":3.687500000033685,"Sigma":0.0,"Taucorr":null},"Iteration":76},
{"Acceptance":[0.0034782608695652175],"Energy":{"Mean":-9.750000443952977,"Sigma":0.0,"Taucorr":null},"EnergyVariance":{"Mean":6.687502885696029,"Sigma":0.0,"Taucorr":null},"Iteration":77},
{"Acceptance":[0.0],"Energy":{"Mean":-4.883408839159676,"Sigma":0.3242261321742957,"Taucorr":null},"EnergyVariance":{"Mean":96.51064501009094,"Sigma":8.72765285337857,"Taucorr":null},"Iteration":78},
{"Acceptance":[0.10017391304347827],"Energy":{"Mean":-9.500000000007454,"Sigma":0.0,"Taucorr":null},"EnergyVariance":{"Mean":0.7500000000068638,"Sigma":0.0,"Taucorr":null},"Iteration":79},
{"Acceptance":[0.00034782608695652176],"Energy":{"Mean":-10.25713871697102,"Sigma":0.0,"Taucorr":null},"EnergyVariance":{"Mean":3.226625304719712,"Sigma":0.0,"Taucorr":null},"Iteration":80},
{"Acceptance":[0.0],"Energy":{"Mean":-10.249999982035192,"Sigma":0.0,"Taucorr":null},"EnergyVariance":{"Mean":7.187500008982404,"Sigma":0.0,"Taucorr":null},"Iteration":81},
{"Acceptance":[0.0052173913043478265],"Energy":{"Mean":-10.250000328367712,"Sigma":0.0,"Taucorr":null},"EnergyVariance":{"Mean":3.1874998348451955,"Sigma":0.0,"Taucorr":null},"Iteration":82},
{"Acceptance":[0.0],"Energy":{"Mean":-10.249999998956728,"Sigma":0.0,"Taucorr":null},"EnergyVariance":{"Mean":5.187499998961042,"Sigma":0.0,"Taucorr":null},"Iteration":83},
{"Acceptance":[0.0],"Energy":{"Mean":-10.250000133652962,"Sigma":0.0,"Taucorr":null},"EnergyVariance":{"Mean":5.187499398561872,"Sigma":0.0,"Taucorr":null},"Iteration":84},
{"Acceptance":[0.00034782608695652176],"Energy":{"Mean":-9.250165822733102,"Sigma":0.0,"Taucorr":null},"EnergyVariance":{"Mean":3.687079800101743,"Sigma":0.0,"Taucorr":null},"Iteration":85},
{"Acceptance":[0.0],"Energy":{"Mean":-8.11000041488053,"Sigma":0.0979797256019809,"Taucorr":null},"EnergyVariance":{"Mean":4.797900345472139,"Sigma":0.41347404704186524,"Taucorr":null},"Iteration":86},
{"Acceptance":[0.00034782608695652176],"Energy":{"Mean":-9.120168030701358,"Sigma":0.06633230020716527,"Taucorr":null},"EnergyVariance":{"Mean":9.766926665464418,"Sigma":0.4139367122679437,"Taucorr":null},"Iteration":87},
{"Acceptance":[0.0],"Energy":{"Mean":-8.249999769704461,"Sigma":0.0,"Taucorr":null},"EnergyVariance":{"Mean":6.187501941923951,"Sigma":0.0,"Taucorr":null},"Iteration":88},
{"Acceptance":[0.0],"Energy":{"Mean":-8.02949647314318,"Sigma":0.050662280286430654,"Taucorr":null},"EnergyVariance":{"Mean":3.569131104339665,"Sigma":0.30696239894347427,"Taucorr":null},"Iteration":89},
{"Acceptance":[0.00034782608695652176],"Energy":{"Mean":-7.400544251482129,"Sigma":0.04086737128925181,"Taucorr":null},"EnergyVariance":{"Mean":4.942729247177909,"Sigma":0.13085793274174568,"Taucorr":null},"Iteration":90},
{"Acceptance":[0.0],"Energy":{"Mean":-7.49999506321773,"Sigma":2.733356051021919e-06,"Taucorr":null},"EnergyVariance":{"Mean":5.249975268769486,"Sigma":1.366628669890836e-05,"Taucorr":null},"Iteration":91},
{"Acceptance":[0.0],"Energy":{"Mean":-7.530008429879043,"Sigma":0.02199148342419386,"Taucorr":null},"EnergyVariance":{"Mean":5.389172103984395,"Sigma":0.07786976972540147,"Taucorr":null},"Iteration":92},
{"Acceptance":[0.0],"Energy":{"Mean":-8.74999983713687,"Sigma":0.0,"Taucorr":null},"EnergyVariance":{"Mean":3.1875005697155565,"Sigma":0.0,"Taucorr":null},"Iteration":93},
{"Acceptance":[0.0],"Energy":{"Mean":-7.750000209403211,"Sigma":0.0,"Taucorr":null},"EnergyVariance":{"Mean":3.6874995555170385,"Sigma":0.0,"Taucorr":null},"Iteration":94},
{"Acceptance":[0.0],"Energy":{"Mean":-7.750000967904006,"Sigma":0.0,"Taucorr":null},"EnergyVariance":{"Mean":3.6874985481686093,"Sigma":0.0,"Taucorr":null},"Iteration":95},
{"Acceptance":[0.0],"Energy":{"Mean":-7.5000005459723855,"Sigma":0.0,"Taucorr":null},"EnergyVariance":{"Mean":2.249999453960348,"Sigma":0.0,"Taucorr":null},"Iteration":96},
{"Acceptance":[0.0],"Energy":{"Mean":-8.74999792635682,"Sigma":0.0,"Taucorr":null},"EnergyVariance":{"Mean":3.187507256381995,"Sigma":0.0,"Taucorr":null},"Iteration":97},
{"Acceptance":[0.0],"Energy":{"Mean":-10.499993475181196,"Sigma":0.0,"Taucorr":null},"EnergyVariance":{"Mean":5.25004568296154,"Sigma":0.0,"Taucorr":null},"Iteration":98},
{"Acceptance":[0.0],"Energy":{"Mean":-10.499986732069022,"Sigma":0.0,"Taucorr":null},"EnergyVariance":{"Mean":5.250092874835451,"Sigma":0.0,"Taucorr":null},"Iteration":99} 
]}
{"input": {"L": 22, "J": 1, "machine": {"type": "FFNN", "model": ["tanh", 10, 4]}, "sampler": {"type": "MetropolisHop", "d_max": 5}, "optimizer": {"type": "AdaMax", "alpha": 0.001, "beta1": 0.9, "beta2": 0.999, "epscut": 1e-07}, "VMC": {"n_samples": 100, "discarded_samples": 100, "discarded_samples_on_init": 0, "target": "energy", "method": "Gd", "diag_shift": 0.01, "use_iterative": true, "use_cholesky": true}, "n_iter": 100}}
duration: -3.072308301925659