{"Output": [
{"Acceptance":[0.8946086956521739],"Energy":{"Mean":19.26541689858702,"Sigma":0.3805354025657754,"Taucorr":-2.7755575615628914e-17},"EnergyVariance":{"Mean":14.20093734640663,"Sigma":2.1145539413081664,"Taucorr":0.0},"Iteration":0},
{"Acceptance":[0.8605217391304348],"Energy":{"Mean":19.534023776022664,"Sigma":0.35945863047872045,"Taucorr":0.0},"EnergyVariance":{"Mean":14.071392544832905,"Sigma":1.9178096486664,"Taucorr":0.0},"Iteration":1},
{"Acceptance":[0.8379130434782609],"Energy":{"Mean":18.320264970336197,"Sigma":0.37421083113193443,"Taucorr":-2.7755575615628914e-17},"EnergyVariance":{"Mean":14.405057923095164,"Sigma":2.03364059485266,"Taucorr":-5.551115123125783e-17},"Iteration":2},
{"Acceptance":[0.8302608695652174],"Energy":{"Mean":17.654206222747316,"Sigma":0.3670067360738446,"Taucorr":5.551115123125783e-17},"EnergyVariance":{"Mean":14.073826343977132,"Sigma":1.8373858499555522,"Taucorr":0.0},"Iteration":3},
{"Acceptance":[0.8132173913043478],"Energy":{"Mean":18.580301491829,"Sigma":0.4232302301099543,"Taucorr":-5.551115123125783e-17},"EnergyVariance":{"Mean":18.63012617400765,"Sigma":2.3323561225002134,"Taucorr":-5.551115123125783e-17},"Iteration":4},
{"Acceptance":[0.7892173913043479],"Energy":{"Mean":18.060749500214516,"Sigma":0.38100833953518615,"Taucorr":5.551115123125783e-17},"EnergyVariance":{"Mean":15.323753586898704,"Sigma":1.6875270812720942,"Taucorr":0.0},"Iteration":5},
{"Acceptance":[0.7871304347826087],"Energy":{"Mean":17.370884888568074,"Sigma":0.4077136959119201,"Taucorr":-2.7755575615628914e-17},"EnergyVariance":{"Mean":18.78478461171484,"Sigma":1.9930781878793868,"Taucorr":0.0},"Iteration":6},
{"Acceptance":[0.7624347826086957],"Energy":{"Mean":15.91129930154844,"Sigma":0.3928874670067025,"Taucorr":5.551115123125783e-17},"EnergyVariance":{"Mean":18.07510143147769,"Sigma":1.9376312276795538,"Taucorr":-8.326672684688674e-17},"Iteration":7},
{"Acceptance":[0.7325217391304348],"Energy":{"Mean":16.64546858185647,"Sigma":0.3642808550757435,"Taucorr":0.0},"EnergyVariance":{"Mean":17.58513291289394,"Sigma":2.4140169410171994,"Taucorr":-5.551115123125783e-17},"Iteration":8},
{"Acceptance":[0.7248695652173913],"Energy":{"Mean":15.920215477862044,"Sigma":0.43349267334703073,"Taucorr":0.0},"EnergyVariance":{"Mean":22.166961806156372,"Sigma":2.249099147512004,"Taucorr":1.1102230246251565e-16},"Iteration":9},
{"Acceptance":[0.7022608695652174],"Energy":{"Mean":15.90086508200047,"Sigma":0.4370590173883009,"Taucorr":-8.326672684688674e-17},"EnergyVariance":{"Mean":22.572888572112127,"Sigma":3.3588505945715,"Taucorr":-2.7755575615628914e-17},"Iteration":10},
{"Acceptance":[0.6810434782608695],"Energy":{"Mean":15.001317660097172,"Sigma":0.4661389853479424,"Taucorr":-2.7755575615628914e-17},"EnergyVariance":{"Mean":25.137476953333696,"Sigma":2.6384271526427305,"Taucorr":-2.7755575615628914e-17},"Iteration":11},
{"Acceptance":[0.6914782608695652],"Energy":{"Mean":14.115910090939852,"Sigma":0.47617700172372845,"Taucorr":-2.7755575615628914e-17},"EnergyVariance":{"Mean":27.43259682992948,"Sigma":3.218592425187178,"Taucorr":0.0},"Iteration":12},
{"Acceptance":[0.6664347826086956],"Energy":{"Mean":14.208406213405842,"Sigma":0.4337227981303493,"Taucorr":-5.551115123125783e-17},"EnergyVariance":{"Mean":24.2535965419246,"Sigma":2.5083007578196903,"Taucorr":0.0},"Iteration":13},
{"Acceptance":[0.6281739130434782],"Energy":{"Mean":13.340385902269343,"Sigma":0.5038017186095315,"Taucorr":0.0},"EnergyVariance":{"Mean":29.95851242441621,"Sigma":3.110062641045499,"Taucorr":0.0},"Iteration":14},
{"Acceptance":[0.6093913043478261],"Energy":{"Mean":12.926652715677186,"Sigma":0.4755371929743239,"Taucorr":0.0},"EnergyVariance":{"Mean":27.401995420254362,"Sigma":3.046083634126841,"Taucorr":0.0},"Iteration":15},
{"Acceptance":[0.6212173913043478],"Energy":{"Mean":11.888239324859246,"Sigma":0.4668288421347737,"Taucorr":1.6653345369377348e-16},"EnergyVariance":{"Mean":27.285604338362305,"Sigma":3.8227162075301444,"Taucorr":-2.7755575615628914e-17},"Iteration":16},
{"Acceptance":[0.6139130434782609],"Energy":{"Mean":12.043989307194334,"Sigma":0.5285275173853368,"Taucorr":1.1102230246251565e-16},"EnergyVariance":{"Mean":33.552326846195854,"Sigma":4.44270350008352,"Taucorr":0.0},"Iteration":17},
{"Acceptance":[0.591304347826087],"Energy":{"Mean":10.265699010990913,"Sigma":0.47522520938903584,"Taucorr":0.0},"EnergyVariance":{"Mean":33.22710621419844,"Sigma":2.8824303601120906,"Taucorr":0.0},"Iteration":18},
{"Acceptance":[0.5805217391304348],"Energy":{"Mean":10.674839325182122,"Sigma":0.4338274203558347,"Taucorr":0.0},"EnergyVariance":{"Mean":29.415543719985507,"Sigma":3.0936350782573205,"Taucorr":-5.551115123125783e-17},"Iteration":19},
{"Acceptance":[0.5707826086956522],"Energy":{"Mean":10.19431385493998,"Sigma":0.49759849670441636,"Taucorr":2.7755575615628914e-17},"EnergyVariance":{"Mean":36.59746228955392,"Sigma":3.975519253342357,"Taucorr":0.0},"Iteration":20},
{"Acceptance":[0.5631304347826087],"Energy":{"Mean":9.482493481450595,"Sigma":0.48610711839195486,"Taucorr":5.551115123125783e-17},"EnergyVariance":{"Mean":33.375268243810446,"Sigma":3.4453568431633155,"Taucorr":-2.7755575615628914e-17},"Iteration":21},
{"Acceptance":[0.5325217391304348],"Energy":{"Mean":7.983257649248436,"Sigma":0.4652668977971287,"Taucorr":0.0},"EnergyVariance":{"Mean":31.558321393281666,"Sigma":3.1060464084556885,"Taucorr":0.0},"Iteration":22},
{"Acceptance":[0.5116521739130435],"Energy":{"Mean":8.449683740636317,"Sigma":0.5169568896590744,"Taucorr":5.551115123125783e-17},"EnergyVariance":{"Mean":35.576524504557,"Sigma":3.517813584875449,"Taucorr":5.551115123125783e-17},"Iteration":23},
{"Acceptance":[0.5067826086956522],"Energy":{"Mean":7.029667001896171,"Sigma":0.5154169133552952,"Taucorr":0.0},"EnergyVariance":{"Mean":37.440101328890414,"Sigma":4.16771155444938,"Taucorr":5.551115123125783e-17},"Iteration":24},
{"Acceptance":[0.4852173913043478],"Energy":{"Mean":7.282907463364692,"Sigma":0.5388018918868098,"Taucorr":0.0},"EnergyVariance":{"Mean":44.737270644587824,"Sigma":5.022409713029195,"Taucorr":5.551115123125783e-17},"Iteration":25},
{"Acceptance":[0.47930434782608694],"Energy":{"Mean":5.382629034681562,"Sigma":0.5063647106756237,"Taucorr":0.0},"EnergyVariance":{"Mean":33.87186836691729,"Sigma":5.394760773311929,"Taucorr":0.0},"Iteration":26},
{"Acceptance":[0.47408695652173916],"Energy":{"Mean":5.303505198536346,"Sigma":0.528171653899481,"Taucorr":0.0},"EnergyVariance":{"Mean":40.647164017749844,"Sigma":4.2170541761332565,"Taucorr":5.551115123125783e-17},"Iteration":27},
{"Acceptance":[0.4466086956521739],"Energy":{"Mean":3.076910304036329,"Sigma":0.5231544627792255,"Taucorr":0.0},"EnergyVariance":{"Mean":38.2722113226352,"Sigma":4.10833285314987,"Taucorr":1.1102230246251565e-16},"Iteration":28},
{"Acceptance":[0.4434782608695652],"Energy":{"Mean":4.068550215526491,"Sigma":0.5336613213625894,"Taucorr":5.551115123125783e-17},"EnergyVariance":{"Mean":38.16235017311798,"Sigma":5.530053241813024,"Taucorr":-5.551115123125783e-17},"Iteration":29},
{"Acceptance":[0.4205217391304348],"Energy":{"Mean":4.1646482231271715,"Sigma":0.5244294202955135,"Taucorr":-5.551115123125783e-17},"EnergyVariance":{"Mean":38.28284972051938,"Sigma":3.410212711174936,"Taucorr":5.551115123125783e-17},"Iteration":30},
{"Acceptance":[0.4003478260869565],"Energy":{"Mean":3.1471490034289356,"Sigma":0.4988117773995581,"Taucorr":0.0},"EnergyVariance":{"Mean":45.667603670276485,"Sigma":5.063954264614172,"Taucorr":0.0},"Iteration":31},
{"Acceptance":[0.4271304347826087],"Energy":{"Mean":0.664865718068424,"Sigma":0.48952291009441073,"Taucorr":0.0},"EnergyVariance":{"Mean":36.367777126818254,"Sigma":4.317775754355374,"Taucorr":-2.7755575615628914e-17},"Iteration":32},
{"Acceptance":[0.3843478260869565],"Energy":{"Mean":1.2728306717544062,"Sigma":0.4963102287159086,"Taucorr":0.0},"EnergyVariance":{"Mean":40.391039746166854,"Sigma":3.3883733928225124,"Taucorr":0.0},"Iteration":33},
{"Acceptance":[0.35339130434782606],"Energy":{"Mean":0.7207089339424024,"Sigma":0.5084794785294975,"Taucorr":-5.551115123125783e-17},"EnergyVariance":{"Mean":42.30621142644813,"Sigma":5.124158074190276,"Taucorr":5.551115123125783e-17},"Iteration":34},
{"Acceptance":[0.3937391304347826],"Energy":{"Mean":-0.5306065127879913,"Sigma":0.4773431562013018,"Taucorr":-2.7755575615628914e-17},"EnergyVariance":{"Mean":47.73607050359368,"Sigma":5.185763450298784,"Taucorr":-1.1102230246251565e-16},"Iteration":35},
{"Acceptance":[0.37217391304347824],"Energy":{"Mean":-0.8109222230336252,"Sigma":0.4653222054461102,"Taucorr":0.0},"EnergyVariance":{"Mean":40.831090535213036,"Sigma":4.303111345131757,"Taucorr":0.0},"Iteration":36},
{"Acceptance":[0.3645217391304348],"Energy":{"Mean":-1.8887429303378678,"Sigma":0.5122070522287524,"Taucorr":5.551115123125783e-17},"EnergyVariance":{"Mean":42.85711451824035,"Sigma":4.739052906777982,"Taucorr":0.0},"Iteration":37},
{"Acceptance":[0.3363478260869565],"Energy":{"Mean":-1.9751430038048308,"Sigma":0.4984145240146674,"Taucorr":0.0},"EnergyVariance":{"Mean":35.3202584057839,"Sigma":4.778375342048111,"Taucorr":-2.7755575615628914e-17},"Iteration":38},
{"Acceptance":[0.3339130434782609],"Energy":{"Mean":-3.0186336330863206,"Sigma":0.4813259513590163,"Taucorr":-2.7755575615628914e-17},"EnergyVariance":{"Mean":34.417793431370555,"Sigma":4.038990809279432,"Taucorr":-5.551115123125783e-17},"Iteration":39},
{"Acceptance":[0.3328695652173913],"Energy":{"Mean":-3.601013791563774,"Sigma":0.500219112034382,"Taucorr":0.0},"EnergyVariance":{"Mean":43.74806640847143,"Sigma":5.229432735824856,"Taucorr":-2.7755575615628914e-17},"Iteration":40},
{"Acceptance":[0.3109565217391304],"Energy":{"Mean":-5.044661275454227,"Sigma":0.4532223562631495,"Taucorr":0.0},"EnergyVariance":{"Mean":34.94113149802283,"Sigma":3.5718014704613257,"Taucorr":0.0},"Iteration":41},
{"Acceptance":[0.3015652173913044],"Energy":{"Mean":-4.54025916435343,"Sigma":0.44205767370558485,"Taucorr":0.0},"EnergyVariance":{"Mean":34.14026884255673,"Sigma":4.679814039240747,"Taucorr":0.0},"Iteration":42},
{"Acceptance":[0.3106086956521739],"Energy":{"Mean":-4.729541940929202,"Sigma":0.5380243306508851,"Taucorr":0.0},"EnergyVariance":{"Mean":46.549688987761016,"Sigma":6.054760603219357,"Taucorr":-2.7755575615628914e-17},"Iteration":43},
{"Acceptance":[0.29182608695652174],"Energy":{"Mean":-4.666334377842439,"Sigma":0.5288045161662226,"Taucorr":1.1102230246251565e-16},"EnergyVariance":{"Mean":39.6929421726005,"Sigma":4.111264343110897,"Taucorr":-8.326672684688674e-17},"Iteration":44},
{"Acceptance":[0.2928695652173913],"Energy":{"Mean":-5.932255236236446,"Sigma":0.4763852371280795,"Taucorr":-2.7755575615628914e-17},"EnergyVariance":{"Mean":37.91028211004584,"Sigma":7.334985049183328,"Taucorr":-5.551115123125783e-17},"Iteration":45},
{"Acceptance":[0.2942608695652174],"Energy":{"Mean":-6.0185882270725966,"Sigma":0.4668980726958506,"Taucorr":5.551115123125783e-17},"EnergyVariance":{"Mean":39.520367722189974,"Sigma":5.230978661045851,"Taucorr":0.0},"Iteration":46},
{"Acceptance":[0.25530434782608696],"Energy":{"Mean":-6.018980693537591,"Sigma":0.4828302559023011,"Taucorr":0.0},"EnergyVariance":{"Mean":39.46584464624597,"Sigma":5.440305677166364,"Taucorr":5.551115123125783e-17},"Iteration":47},
{"Acceptance":[0.2549565217391304],"Energy":{"Mean":-6.924800897154795,"Sigma":0.4395966873005676,"Taucorr":0.0},"EnergyVariance":{"Mean":32.49842586886807,"Sigma":3.897757068104714,"Taucorr":-2.7755575615628914e-17},"Iteration":48},
{"Acceptance":[0.2674782608695652],"Energy":{"Mean":-7.687952720876023,"Sigma":0.4486148052153755,"Taucorr":2.7755575615628914e-17},"EnergyVariance":{"Mean":38.00519957885375,"Sigma":5.045802507144693,"Taucorr":-2.7755575615628914e-17},"Iteration":49},
{"Acceptance":[0.24869565217391304],"Energy":{"Mean":-9.050398168406787,"Sigma":0.47538134785427894,"Taucorr":0.0},"EnergyVariance":{"Mean":33.262145185724414,"Sigma":4.530403831701317,"Taucorr":0.0},"Iteration":50},
{"Acceptance":[0.24904347826086956],"Energy":{"Mean":-7.665619868004766,"Sigma":0.41398844436041654,"Taucorr":-2.7755575615628914e-17},"EnergyVariance":{"Mean":46.58152671929592,"Sigma":5.862623571401495,"Taucorr":-5.551115123125783e-17},"Iteration":51},
{"Acceptance":[0.24],"Energy":{"Mean":-8.852689972689504,"Sigma":0.4473470835324887,"Taucorr":0.0},"EnergyVariance":{"Mean":37.23458570178555,"Sigma":5.072378233607521,"Taucorr":-2.7755575615628914e-17},"Iteration":52},
{"Acceptance":[0.22017391304347825],"Energy":{"Mean":-8.706480877146745,"Sigma":0.4065054061874572,"Taucorr":0.0},"EnergyVariance":{"Mean":33.10284754206532,"Sigma":4.148528789342279,"Taucorr":0.0},"Iteration":53},
{"Acceptance":[0.24382608695652175],"Energy":{"Mean":-9.562806776789655,"Sigma":0.35350168389055664,"Taucorr":-2.7755575615628914e-17},"EnergyVariance":{"Mean":23.667697085897938,"Sigma":3.323782004254751,"Taucorr":0.0},"Iteration":54},
{"Acceptance":[0.21356521739130435],"Energy":{"Mean":-10.435375049494906,"Sigma":0.41173014593853646,"Taucorr":-5.551115123125783e-17},"EnergyVariance":{"Mean":38.10966419814718,"Sigma":4.787077786823002,"Taucorr":-5.551115123125783e-17},"Iteration":55},
{"Acceptance":[0.22782608695652173],"Energy":{"Mean":-10.500573690623451,"Sigma":0.34468698824270744,"Taucorr":0.0},"EnergyVariance":{"Mean":28.016813030450994,"Sigma":3.9223044024087312,"Taucorr":0.0},"Iteration":56},
{"Acceptance":[0.21321739130434783],"Energy":{"Mean":-8.90156100698253,"Sigma":0.46698634212516327,"Taucorr":2.7755575615628914e-17},"EnergyVariance":{"Mean":38.966154470828485,"Sigma":4.589105884414607,"Taucorr":5.551115123125783e-17},"Iteration":57},
{"Acceptance":[0.208],"Energy":{"Mean":-10.472322496758366,"Sigma":0.42694019204074385,"Taucorr":5.551115123125783e-17},"EnergyVariance":{"Mean":33.788300440922214,"Sigma":4.038242634523234,"Taucorr":5.551115123125783e-17},"Iteration":58},
{"Acceptance":[0.22121739130434784],"Energy":{"Mean":-10.721962794457696,"Sigma":0.4392640565969254,"Taucorr":-5.551115123125783e-17},"EnergyVariance":{"Mean":31.55594947055653,"Sigma":4.704038209664254,"Taucorr":-2.7755575615628914e-17},"Iteration":59},
{"Acceptance":[0.19930434782608697],"Energy":{"Mean":-9.928479790146945,"Sigma":0.5112675897737481,"Taucorr":0.0},"EnergyVariance":{"Mean":40.08785110410526,"Sigma":5.654264558155044,"Taucorr":-5.551115123125783e-17},"Iteration":60},
{"Acceptance":[0.21182608695652175],"Energy":{"Mean":-12.312751534443288,"Sigma":0.43697439827946283,"Taucorr":0.0},"EnergyVariance":{"Mean":30.078704971942756,"Sigma":4.807589784446757,"Taucorr":0.0},"Iteration":61},
{"Acceptance":[0.19165217391304348],"Energy":{"Mean":-12.231026142532052,"Sigma":0.3589155899699464,"Taucorr":0.0},"EnergyVariance":{"Mean":32.12168314566503,"Sigma":5.474288610281617,"Taucorr":-5.551115123125783e-17},"Iteration":62},
{"Acceptance":[0.19721739130434782],"Energy":{"Mean":-11.005791873303496,"Sigma":0.4050281861575635,"Taucorr":-8.326672684688674e-17},"EnergyVariance":{"Mean":26.45508158422647,"Sigma":4.605161469465375,"Taucorr":-2.7755575615628914e-17},"Iteration":63},
{"Acceptance":[0.19652173913043477],"Energy":{"Mean":-11.053268033124528,"Sigma":0.4872356171736823,"Taucorr":1.1102230246251565e-16},"EnergyVariance":{"Mean":42.228121240115605,"Sigma":8.265665104634785,"Taucorr":-2.7755575615628914e-17},"Iteration":64},
{"Acceptance":[0.17669565217391303],"Energy":{"Mean":-11.614996776845585,"Sigma":0.47813465406609834,"Taucorr":0.0},"EnergyVariance":{"Mean":31.664998315171943,"Sigma":4.089357630348262,"Taucorr":0.0},"Iteration":65},
{"Acceptance":[0.19269565217391305],"Energy":{"Mean":-12.376821685899408,"Sigma":0.4229483367171974,"Taucorr":0.0},"EnergyVariance":{"Mean":29.11844836248501,"Sigma":3.787935969917347,"Taucorr":0.0},"Iteration":66},
{"Acceptance":[0.19443478260869565],"Energy":{"Mean":-12.445454143172793,"Sigma":0.3611916265645153,"Taucorr":0.0},"EnergyVariance":{"Mean":25.765633000115592,"Sigma":3.247483838773897,"Taucorr":0.0},"Iteration":67},
{"Acceptance":[0.19617391304347825],"Energy":{"Mean":-13.838203926443219,"Sigma":0.3920122078389588,"Taucorr":0.0},"EnergyVariance":{"Mean":20.17528904980631,"Sigma":3.0238197783986793,"Taucorr":1.1102230246251565e-16},"Iteration":68},
{"Acceptance":[0.18539130434782608],"Energy":{"Mean":-13.262380269043629,"Sigma":0.3811860327792625,"Taucorr":0.0},"EnergyVariance":{"Mean":30.651445355288722,"Sigma":5.119319385731351,"Taucorr":0.0},"Iteration":69},
{"Acceptance":[0.168],"Energy":{"Mean":-12.127514782385727,"Sigma":0.45916670126822773,"Taucorr":1.6653345369377348e-16},"EnergyVariance":{"Mean":38.2565037304606,"Sigma":5.057666918983847,"Taucorr":0.0},"Iteration":70},
{"Acceptance":[0.18817391304347827],"Energy":{"Mean":-11.253512977287446,"Sigma":0.48249978591348697,"Taucorr":-2.7755575615628914e-17},"EnergyVariance":{"Mean":45.503047516773975,"Sigma":6.318576634664677,"Taucorr":-5.551115123125783e-17},"Iteration":71},
{"Acceptance":[0.1485217391304348],"Energy":{"Mean":-13.283411531224747,"Sigma":0.4402386210136575,"Taucorr":5.551115123125783e-17},"EnergyVariance":{"Mean":29.262156679880192,"Sigma":4.667912769907992,"Taucorr":0.0},"Iteration":72},
{"Acceptance":[0.15791304347826088],"Energy":{"Mean":-13.728617705985538,"Sigma":0.41209458119778697,"Taucorr":-5.551115123125783e-17},"EnergyVariance":{"Mean":22.33200088225274,"Sigma":3.872183207905793,"Taucorr":0.0},"Iteration":73},
{"Acceptance":[0.16730434782608697],"Energy":{"Mean":-14.424664300992532,"Sigma":0.32798204331841313,"Taucorr":-5.551115123125783e-17},"EnergyVariance":{"Mean":18.785588189648767,"Sigma":2.2769166118951696,"Taucorr":-8.326672684688674e-17},"Iteration":74},
{"Acceptance":[0.1791304347826087],"Energy":{"Mean":-12.84160718224446,"Sigma":0.45790832958417516,"Taucorr":1.1102230246251565e-16},"EnergyVariance":{"Mean":35.07699618609585,"Sigma":7.655897990281297,"Taucorr":0.0},"Iteration":75},
{"Acceptance":[0.14643478260869566],"Energy":{"Mean":-14.171366023087995,"Sigma":0.4283941312738745,"Taucorr":2.7755575615628914e-17},"EnergyVariance":{"Mean":27.68459813803794,"Sigma":5.6714666717297515,"Taucorr":0.0},"Iteration":76},
{"Acceptance":[0.17147826086956522],"Energy":{"Mean":-14.205968274627304,"Sigma":0.48156606596830565,"Taucorr":-8.326672684688674e-17},"EnergyVariance":{"Mean":35.21004245511816,"Sigma":5.904991858767085,"Taucorr":-5.551115123125783e-17},"Iteration":77},
{"Acceptance":[0.15304347826086956],"Energy":{"Mean":-14.88906385359468,"Sigma":0.3766783072664512,"Taucorr":0.0},"EnergyVariance":{"Mean":26.20636781108326,"Sigma":3.9555563188574254,"Taucorr":0.0},"Iteration":78},
{"Acceptance":[0.1471304347826087],"Energy":{"Mean":-13.974864499511511,"Sigma":0.4437194654241293,"Taucorr":0.0},"EnergyVariance":{"Mean":28.31624242996034,"Sigma":5.98433971426332,"Taucorr":0.0},"Iteration":79},
{"Acceptance":[0.15443478260869564],"Energy":{"Mean":-15.08661229384326,"Sigma":0.35386651550183373,"Taucorr":0.0},"EnergyVariance":{"Mean":17.23937762952061,"Sigma":2.2110535209151823,"Taucorr":-5.551115123125783e-17},"Iteration":80},
{"Acceptance":[0.15165217391304348],"Energy":{"Mean":-15.228222734263934,"Sigma":0.3009932771301917,"Taucorr":5.551115123125783e-17},"EnergyVariance":{"Mean":18.026420645083164,"Sigma":2.534456217896906,"Taucorr":-5.551115123125783e-17},"Iteration":81},
{"Acceptance":[0.1443478260869565],"Energy":{"Mean":-15.341639621452698,"Sigma":0.35099989187544095,"Taucorr":-2.7755575615628914e-17},"EnergyVariance":{"Mean":22.59461079591881,"Sigma":3.1857353175068877,"Taucorr":0.0},"Iteration":82},
{"Acceptance":[0.13808695652173913],"Energy":{"Mean":-13.156454721290498,"Sigma":0.44972181445342774,"Taucorr":-5.551115123125783e-17},"EnergyVariance":{"Mean":32.041292249811946,"Sigma":6.897579797569039,"Taucorr":1.1102230246251565e-16},"Iteration":83},
{"Acceptance":[0.1634782608695652],"Energy":{"Mean":-14.008375399844928,"Sigma":0.483004658664316,"Taucorr":1.1102230246251565e-16},"EnergyVariance":{"Mean":30.519105251279314,"Sigma":8.254360136929755,"Taucorr":0.0},"Iteration":84},
{"Acceptance":[0.1426086956521739],"Energy":{"Mean":-15.66448327959724,"Sigma":0.3400590862438748,"Taucorr":-2.7755575615628914e-17},"EnergyVariance":{"Mean":17.58018076956758,"Sigma":2.3332261222831403,"Taucorr":5.551115123125783e-17},"Iteration":85},
{"Acceptance":[0.15791304347826088],"Energy":{"Mean":-16.26335007703002,"Sigma":0.3266793144397338,"Taucorr":5.551115123125783e-17},"EnergyVariance":{"Mean":24.274981310681547,"Sigma":3.719822703536619,"Taucorr":-2.7755575615628914e-17},"Iteration":86},
{"Acceptance":[0.15408695652173912],"Energy":{"Mean":-15.543386581359986,"Sigma":0.339385643270006,"Taucorr":5.551115123125783e-17},"EnergyVariance":{"Mean":15.94962349044959,"Sigma":2.3550202706522714,"Taucorr":1.1102230246251565e-16},"Iteration":87},
{"Acceptance":[0.1502608695652174],"Energy":{"Mean":-15.875329836293062,"Sigma":0.3108510053705255,"Taucorr":2.7755575615628914e-17},"EnergyVariance":{"Mean":20.26423889007217,"Sigma":4.1959591783507655,"Taucorr":0.0},"Iteration":88},
{"Acceptance":[0.14782608695652175],"Energy":{"Mean":-15.419019775368708,"Sigma":0.35788047348694607,"Taucorr":0.0},"EnergyVariance":{"Mean":33.09990983238077,"Sigma":5.2045453666009776,"Taucorr":0.0},"Iteration":89},
{"Acceptance":[0.1485217391304348],"Energy":{"Mean":-15.794667570073944,"Sigma":0.3005793396606723,"Taucorr":-5.551115123125783e-17},"EnergyVariance":{"Mean":20.718234569014427,"Sigma":3.750679358575318,"Taucorr":2.7755575615628914e-17},"Iteration":90},
{"Acceptance":[0.15304347826086956],"Energy":{"Mean":-15.238804130079963,"Sigma":0.40093287056859883,"Taucorr":0.0},"EnergyVariance":{"Mean":29.127457149979747,"Sigma":5.169892074083016,"Taucorr":5.551115123125783e-17},"Iteration":91},
{"Acceptance":[0.14121739130434782],"Energy":{"Mean":-16.01082123762863,"Sigma":0.3333909436205603,"Taucorr":-5.551115123125783e-17},"EnergyVariance":{"Mean":18.575014329749155,"Sigma":2.726093658512175,"Taucorr":0.0},"Iteration":92},
{"Acceptance":[0.12765217391304348],"Energy":{"Mean":-15.917561431298505,"Sigma":0.3371310184392212,"Taucorr":1.1102230246251565e-16},"EnergyVariance":{"Mean":24.946658470683836,"Sigma":4.165167710455235,"Taucorr":-2.7755575615628914e-17},"Iteration":93},
{"Acceptance":[0.12939130434782609],"Energy":{"Mean":-16.159021814414654,"Sigma":0.2405022668873488,"Taucorr":-8.326672684688674e-17},"EnergyVariance":{"Mean":8.61350377112857,"Sigma":2.0554954039273614,"Taucorr":0.0},"Iteration":94},
{"Acceptance":[0.14469565217391303],"Energy":{"Mean":-16.701707125140295,"Sigma":0.29709635222559333,"Taucorr":-2.7755575615628914e-17},"EnergyVariance":{"Mean":13.737677581953667,"Sigma":2.518500774482378,"Taucorr":0.0},"Iteration":95},
{"Acceptance":[0.1443478260869565],"Energy":{"Mean":-15.951666385678376,"Sigma":0.37625917975396617,"Taucorr":5.551115123125783e-17},"EnergyVariance":{"Mean":21.27168990662665,"Sigma":4.625334985050531,"Taucorr":-5.551115123125783e-17},"Iteration":96},
{"Acceptance":[0.14991304347826087],"Energy":{"Mean":-16.77311639453351,"Sigma":0.3238026773107613,"Taucorr":2.7755575615628914e-17},"EnergyVariance":{"Mean":13.399056933681091,"Sigma":2.334302940949957,"Taucorr":2.7755575615628914e-17},"Iteration":97},
{"Acceptance":[0.13391304347826086],"Energy":{"Mean":-15.470337856814776,"Sigma":0.34810781724652123,"Taucorr":-2.7755575615628914e-17},"EnergyVariance":{"Mean":27.02233880806937,"Sigma":4.646194093242173,"Taucorr":1.1102230246251565e-16},"Iteration":98},
{"Acceptance":[0.1328695652173913],"Energy":{"Mean":-13.970766591377846,"Sigma":0.4848971110092356,"Taucorr":0.0},"EnergyVariance":{"Mean":34.188384497777704,"Sigma":5.188706798799153,"Taucorr":0.0},"Iteration":99} 
]}
{"input": {"L": 22, "J": 1, "machine": {"type": "FFNN", "model": ["tanh", 16, 1]}, "sampler": {"type": "MetropolisHop", "d_max": 5}, "optimizer": {"type": "AdaMax", "alpha": 0.001, "beta1": 0.9, "beta2": 0.999, "epscut": 1e-07}, "VMC": {"n_samples": 100, "discarded_samples": 100, "discarded_samples_on_init": 0, "target": "energy", "method": "Gd", "diag_shift": 0.01, "use_iterative": true, "use_cholesky": true}, "n_iter": 100}}
duration: -0.30406832695007324