{"Output": [
{"Acceptance":[0.8723478260869565],"Energy":{"Mean":18.91552022345555,"Sigma":0.3539254404582778,"Taucorr":0.0},"EnergyVariance":{"Mean":12.6241664808437,"Sigma":1.8181903527313146,"Taucorr":0.0},"Iteration":0},
{"Acceptance":[0.831304347826087],"Energy":{"Mean":18.82733056850119,"Sigma":0.3713655053185495,"Taucorr":5.551115123125783e-17},"EnergyVariance":{"Mean":14.519331940292584,"Sigma":1.808888751530638,"Taucorr":-5.551115123125783e-17},"Iteration":1},
{"Acceptance":[0.8017391304347826],"Energy":{"Mean":18.373888953553276,"Sigma":0.343234109707476,"Taucorr":0.0},"EnergyVariance":{"Mean":14.802033319145801,"Sigma":1.7742028185886733,"Taucorr":0.0},"Iteration":2},
{"Acceptance":[0.7700869565217391],"Energy":{"Mean":16.541143507600374,"Sigma":0.40594122501860636,"Taucorr":5.551115123125783e-17},"EnergyVariance":{"Mean":19.861358622253412,"Sigma":2.5616663904939196,"Taucorr":0.0},"Iteration":3},
{"Acceptance":[0.7499130434782608],"Energy":{"Mean":16.83164553400384,"Sigma":0.3509629450420278,"Taucorr":0.0},"EnergyVariance":{"Mean":15.386074540465678,"Sigma":1.6396363242234981,"Taucorr":5.551115123125783e-17},"Iteration":4},
{"Acceptance":[0.7339130434782609],"Energy":{"Mean":16.945061912993893,"Sigma":0.40473066882017883,"Taucorr":0.0},"EnergyVariance":{"Mean":20.12361259696029,"Sigma":2.196590065934661,"Taucorr":-2.7755575615628914e-17},"Iteration":5},
{"Acceptance":[0.7234782608695652],"Energy":{"Mean":15.197439280331977,"Sigma":0.3709443441376272,"Taucorr":-8.326672684688674e-17},"EnergyVariance":{"Mean":16.73168787007163,"Sigma":2.6148596796492556,"Taucorr":-2.7755575615628914e-17},"Iteration":6},
{"Acceptance":[0.6859130434782609],"Energy":{"Mean":15.489936414731616,"Sigma":0.4085369597755988,"Taucorr":0.0},"EnergyVariance":{"Mean":21.917037694449725,"Sigma":2.4220240726624085,"Taucorr":-2.7755575615628914e-17},"Iteration":7},
{"Acceptance":[0.6643478260869565],"Energy":{"Mean":14.625969094099599,"Sigma":0.43604683991548887,"Taucorr":2.7755575615628914e-17},"EnergyVariance":{"Mean":23.78698828297493,"Sigma":2.418005645525863,"Taucorr":-5.551115123125783e-17},"Iteration":8},
{"Acceptance":[0.6441739130434783],"Energy":{"Mean":13.398331132024573,"Sigma":0.4666740924835516,"Taucorr":0.0},"EnergyVariance":{"Mean":28.731438018001377,"Sigma":3.303025098192248,"Taucorr":0.0},"Iteration":9},
{"Acceptance":[0.6226086956521739],"Energy":{"Mean":11.831864217176548,"Sigma":0.41473611225386814,"Taucorr":0.0},"EnergyVariance":{"Mean":25.20320602951673,"Sigma":3.1490762629633045,"Taucorr":-2.7755575615628914e-17},"Iteration":10},
{"Acceptance":[0.616],"Energy":{"Mean":11.985609075687677,"Sigma":0.46672580499035177,"Taucorr":0.0},"EnergyVariance":{"Mean":30.42129593477402,"Sigma":3.977744051540374,"Taucorr":-2.7755575615628914e-17},"Iteration":11},
{"Acceptance":[0.5871304347826087],"Energy":{"Mean":11.224362323804318,"Sigma":0.43914345585801584,"Taucorr":5.551115123125783e-17},"EnergyVariance":{"Mean":29.505247542862918,"Sigma":3.150993295289841,"Taucorr":5.551115123125783e-17},"Iteration":12},
{"Acceptance":[0.567304347826087],"Energy":{"Mean":11.032192020586898,"Sigma":0.4525182634278334,"Taucorr":0.0},"EnergyVariance":{"Mean":31.950892137302457,"Sigma":3.4420994405960066,"Taucorr":0.0},"Iteration":13},
{"Acceptance":[0.5471304347826087],"Energy":{"Mean":8.827521807412268,"Sigma":0.48671265859656565,"Taucorr":5.551115123125783e-17},"EnergyVariance":{"Mean":36.991713824079476,"Sigma":3.8085906328097368,"Taucorr":0.0},"Iteration":14},
{"Acceptance":[0.5238260869565218],"Energy":{"Mean":9.705927028489366,"Sigma":0.5116164760279042,"Taucorr":0.0},"EnergyVariance":{"Mean":37.75010298048442,"Sigma":3.8048248390673765,"Taucorr":-5.551115123125783e-17},"Iteration":15},
{"Acceptance":[0.5001739130434782],"Energy":{"Mean":6.969595206251469,"Sigma":0.4080744638516423,"Taucorr":-2.7755575615628914e-17},"EnergyVariance":{"Mean":30.39545961152513,"Sigma":3.050146110784564,"Taucorr":-2.7755575615628914e-17},"Iteration":16},
{"Acceptance":[0.47304347826086957],"Energy":{"Mean":6.620446628047862,"Sigma":0.4444754613401699,"Taucorr":5.551115123125783e-17},"EnergyVariance":{"Mean":41.67234111280351,"Sigma":4.067819731641105,"Taucorr":-8.326672684688674e-17},"Iteration":17},
{"Acceptance":[0.45843478260869563],"Energy":{"Mean":4.976430157616784,"Sigma":0.4105483957005494,"Taucorr":0.0},"EnergyVariance":{"Mean":33.01004629093296,"Sigma":3.6900996713259193,"Taucorr":-5.551115123125783e-17},"Iteration":18},
{"Acceptance":[0.4497391304347826],"Energy":{"Mean":2.9085380721189154,"Sigma":0.338698647756747,"Taucorr":0.0},"EnergyVariance":{"Mean":20.614849529379494,"Sigma":2.8002273228607355,"Taucorr":0.0},"Iteration":19},
{"Acceptance":[0.43965217391304345],"Energy":{"Mean":2.8004947925488515,"Sigma":0.4362897337553174,"Taucorr":5.551115123125783e-17},"EnergyVariance":{"Mean":32.95179884841545,"Sigma":3.2974943957393936,"Taucorr":0.0},"Iteration":20},
{"Acceptance":[0.416695652173913],"Energy":{"Mean":3.2516080252327386,"Sigma":0.46569488970270356,"Taucorr":5.551115123125783e-17},"EnergyVariance":{"Mean":38.93008409671157,"Sigma":4.704059263424881,"Taucorr":-2.7755575615628914e-17},"Iteration":21},
{"Acceptance":[0.42156521739130437],"Energy":{"Mean":2.969544439245159,"Sigma":0.5137668111110771,"Taucorr":5.551115123125783e-17},"EnergyVariance":{"Mean":46.80010742077692,"Sigma":4.7872806888623245,"Taucorr":5.551115123125783e-17},"Iteration":22},
{"Acceptance":[0.37634782608695655],"Energy":{"Mean":1.187964872575614,"Sigma":0.4518461454617905,"Taucorr":0.0},"EnergyVariance":{"Mean":36.99591178180383,"Sigma":4.788946011092575,"Taucorr":5.551115123125783e-17},"Iteration":23},
{"Acceptance":[0.4041739130434783],"Energy":{"Mean":1.0885692047288482,"Sigma":0.4549323122420034,"Taucorr":0.0},"EnergyVariance":{"Mean":37.70079308782459,"Sigma":4.0417750691050784,"Taucorr":5.551115123125783e-17},"Iteration":24},
{"Acceptance":[0.36382608695652174],"Energy":{"Mean":-1.626625953024818,"Sigma":0.4153014056016861,"Taucorr":5.551115123125783e-17},"EnergyVariance":{"Mean":34.17048814854584,"Sigma":4.257813527508542,"Taucorr":2.7755575615628914e-17},"Iteration":25},
{"Acceptance":[0.3714782608695652],"Energy":{"Mean":-1.9705308514667075,"Sigma":0.4387099510719313,"Taucorr":-2.7755575615628914e-17},"EnergyVariance":{"Mean":32.20783057719306,"Sigma":4.856679475000882,"Taucorr":0.0},"Iteration":26},
{"Acceptance":[0.31930434782608696],"Energy":{"Mean":-3.0041380333550043,"Sigma":0.4020275105915715,"Taucorr":0.0},"EnergyVariance":{"Mean":27.673691318489706,"Sigma":3.3147896540009483,"Taucorr":-2.7755575615628914e-17},"Iteration":27},
{"Acceptance":[0.34608695652173915],"Energy":{"Mean":-2.159691126963767,"Sigma":0.47391148631749647,"Taucorr":0.0},"EnergyVariance":{"Mean":48.726145503519135,"Sigma":5.0747074578932585,"Taucorr":0.0},"Iteration":28},
{"Acceptance":[0.3140869565217391],"Energy":{"Mean":-3.9288999090968604,"Sigma":0.38168923263086263,"Taucorr":-2.7755575615628914e-17},"EnergyVariance":{"Mean":30.068799858179673,"Sigma":2.519458088840907,"Taucorr":2.7755575615628914e-17},"Iteration":29},
{"Acceptance":[0.30017391304347824],"Energy":{"Mean":-5.294975527361215,"Sigma":0.396855348852011,"Taucorr":-2.7755575615628914e-17},"EnergyVariance":{"Mean":26.829976912378633,"Sigma":2.9819169564445507,"Taucorr":1.1102230246251565e-16},"Iteration":30},
{"Acceptance":[0.2848695652173913],"Energy":{"Mean":-4.776195384744005,"Sigma":0.4708773920354326,"Taucorr":-2.7755575615628914e-17},"EnergyVariance":{"Mean":43.681048932339635,"Sigma":5.703019991504843,"Taucorr":0.0},"Iteration":31},
{"Acceptance":[0.29982608695652174],"Energy":{"Mean":-6.490166081773409,"Sigma":0.4056680737872483,"Taucorr":5.551115123125783e-17},"EnergyVariance":{"Mean":30.847854549620564,"Sigma":3.5692901273930167,"Taucorr":0.0},"Iteration":32},
{"Acceptance":[0.27791304347826085],"Energy":{"Mean":-6.631791644089935,"Sigma":0.41044696284146404,"Taucorr":0.0},"EnergyVariance":{"Mean":35.851833393102346,"Sigma":5.1553125545987015,"Taucorr":-2.7755575615628914e-17},"Iteration":33},
{"Acceptance":[0.2817391304347826],"Energy":{"Mean":-7.186135010266138,"Sigma":0.4243729869462282,"Taucorr":0.0},"EnergyVariance":{"Mean":38.11563058131992,"Sigma":5.058465267680969,"Taucorr":-1.1102230246251565e-16},"Iteration":34},
{"Acceptance":[0.2657391304347826],"Energy":{"Mean":-8.151526570374163,"Sigma":0.34445714894972873,"Taucorr":5.551115123125783e-17},"EnergyVariance":{"Mean":27.00375192920462,"Sigma":5.267758964791523,"Taucorr":5.551115123125783e-17},"Iteration":35},
{"Acceptance":[0.2737391304347826],"Energy":{"Mean":-8.307741294584485,"Sigma":0.3388206493556048,"Taucorr":0.0},"EnergyVariance":{"Mean":31.29650873912153,"Sigma":4.042553291301123,"Taucorr":-2.7755575615628914e-17},"Iteration":36},
{"Acceptance":[0.28104347826086956],"Energy":{"Mean":-6.579915542974687,"Sigma":0.40764217479974624,"Taucorr":-5.551115123125783e-17},"EnergyVariance":{"Mean":40.88206137131957,"Sigma":4.444872446150807,"Taucorr":0.0},"Iteration":37},
{"Acceptance":[0.2653913043478261],"Energy":{"Mean":-9.309229168337014,"Sigma":0.35572129164849087,"Taucorr":0.0},"EnergyVariance":{"Mean":27.350313568883177,"Sigma":4.143018261067397,"Taucorr":0.0},"Iteration":38},
{"Acceptance":[0.24278260869565219],"Energy":{"Mean":-10.213010542438777,"Sigma":0.3442947170147305,"Taucorr":0.0},"EnergyVariance":{"Mean":25.98037584573973,"Sigma":4.128198680409102,"Taucorr":5.551115123125783e-17},"Iteration":39},
{"Acceptance":[0.23617391304347826],"Energy":{"Mean":-10.12352243510129,"Sigma":0.3223863785546652,"Taucorr":-2.7755575615628914e-17},"EnergyVariance":{"Mean":23.233858480384967,"Sigma":2.825435833370339,"Taucorr":-2.7755575615628914e-17},"Iteration":40},
{"Acceptance":[0.24382608695652175],"Energy":{"Mean":-11.207025596241927,"Sigma":0.3726275976331084,"Taucorr":0.0},"EnergyVariance":{"Mean":31.379523755578468,"Sigma":3.9803374137229155,"Taucorr":0.0},"Iteration":41},
{"Acceptance":[0.22852173913043478],"Energy":{"Mean":-9.466077072389853,"Sigma":0.38250807631410694,"Taucorr":5.551115123125783e-17},"EnergyVariance":{"Mean":30.310519778192916,"Sigma":5.670726549445361,"Taucorr":0.0},"Iteration":42},
{"Acceptance":[0.2253913043478261],"Energy":{"Mean":-10.304673514514572,"Sigma":0.3642957122933325,"Taucorr":0.0},"EnergyVariance":{"Mean":22.65118421588476,"Sigma":2.774825209498306,"Taucorr":-5.551115123125783e-17},"Iteration":43},
{"Acceptance":[0.23095652173913042],"Energy":{"Mean":-10.830664731158961,"Sigma":0.40573824423639915,"Taucorr":0.0},"EnergyVariance":{"Mean":34.18107121020144,"Sigma":7.493742037418468,"Taucorr":0.0},"Iteration":44},
{"Acceptance":[0.2142608695652174],"Energy":{"Mean":-11.844836435063057,"Sigma":0.3144955077219073,"Taucorr":-5.551115123125783e-17},"EnergyVariance":{"Mean":19.63186798232348,"Sigma":2.960942861846516,"Taucorr":0.0},"Iteration":45},
{"Acceptance":[0.20591304347826087],"Energy":{"Mean":-11.570710209278367,"Sigma":0.3593213184921755,"Taucorr":0.0},"EnergyVariance":{"Mean":34.094555479796504,"Sigma":6.852772025641261,"Taucorr":2.7755575615628914e-17},"Iteration":46},
{"Acceptance":[0.2048695652173913],"Energy":{"Mean":-10.915845028820835,"Sigma":0.4104818078987117,"Taucorr":-2.7755575615628914e-17},"EnergyVariance":{"Mean":31.26396712898988,"Sigma":4.146020733753252,"Taucorr":0.0},"Iteration":47},
{"Acceptance":[0.20904347826086955],"Energy":{"Mean":-11.928314469421982,"Sigma":0.39827010338946717,"Taucorr":0.0},"EnergyVariance":{"Mean":32.905794073992354,"Sigma":6.981764890829358,"Taucorr":0.0},"Iteration":48},
{"Acceptance":[0.19478260869565217],"Energy":{"Mean":-12.034145220529252,"Sigma":0.333656881123686,"Taucorr":5.551115123125783e-17},"EnergyVariance":{"Mean":35.92121603633673,"Sigma":6.879233189599422,"Taucorr":5.551115123125783e-17},"Iteration":49},
{"Acceptance":[0.21078260869565218],"Energy":{"Mean":-12.052507617050686,"Sigma":0.39917988704777535,"Taucorr":5.551115123125783e-17},"EnergyVariance":{"Mean":40.12478914392031,"Sigma":5.707126186136797,"Taucorr":0.0},"Iteration":50},
{"Acceptance":[0.20104347826086957],"Energy":{"Mean":-12.768810116106229,"Sigma":0.32837210346644374,"Taucorr":-2.7755575615628914e-17},"EnergyVariance":{"Mean":21.082206229052467,"Sigma":2.8512603601503153,"Taucorr":0.0},"Iteration":51},
{"Acceptance":[0.208],"Energy":{"Mean":-11.537085718609397,"Sigma":0.450570790522399,"Taucorr":0.0},"EnergyVariance":{"Mean":51.99746725449289,"Sigma":7.658912799350915,"Taucorr":0.0},"Iteration":52},
{"Acceptance":[0.19582608695652173],"Energy":{"Mean":-12.667259236800664,"Sigma":0.39365955393978874,"Taucorr":1.6653345369377348e-16},"EnergyVariance":{"Mean":28.69805260700289,"Sigma":4.513635283798641,"Taucorr":5.551115123125783e-17},"Iteration":53},
{"Acceptance":[0.20104347826086957],"Energy":{"Mean":-13.364446009897312,"Sigma":0.41389563721278133,"Taucorr":-5.551115123125783e-17},"EnergyVariance":{"Mean":33.83820048703506,"Sigma":6.8103054552078985,"Taucorr":-2.7755575615628914e-17},"Iteration":54},
{"Acceptance":[0.18365217391304348],"Energy":{"Mean":-14.403788537270795,"Sigma":0.2834227805928493,"Taucorr":0.0},"EnergyVariance":{"Mean":20.730410559281246,"Sigma":3.5765619991057993,"Taucorr":-2.7755575615628914e-17},"Iteration":55},
{"Acceptance":[0.20034782608695653],"Energy":{"Mean":-13.519511612268566,"Sigma":0.35278125173262337,"Taucorr":-5.551115123125783e-17},"EnergyVariance":{"Mean":19.506500981607495,"Sigma":3.2697310524456746,"Taucorr":5.551115123125783e-17},"Iteration":56},
{"Acceptance":[0.19165217391304348],"Energy":{"Mean":-13.48337870784986,"Sigma":0.29074926963265124,"Taucorr":2.7755575615628914e-17},"EnergyVariance":{"Mean":17.936190485834473,"Sigma":3.177903149085412,"Taucorr":0.0},"Iteration":57},
{"Acceptance":[0.17704347826086955],"Energy":{"Mean":-14.031878686300173,"Sigma":0.2651065386634668,"Taucorr":-1.1102230246251565e-16},"EnergyVariance":{"Mean":16.366509289494026,"Sigma":4.232286933869275,"Taucorr":-2.7755575615628914e-17},"Iteration":58},
{"Acceptance":[0.1968695652173913],"Energy":{"Mean":-14.273310792781258,"Sigma":0.4130908607152405,"Taucorr":5.551115123125783e-17},"EnergyVariance":{"Mean":29.681009014129437,"Sigma":5.24396008844937,"Taucorr":0.0},"Iteration":59},
{"Acceptance":[0.18121739130434783],"Energy":{"Mean":-15.233245515532104,"Sigma":0.38655805208181976,"Taucorr":5.551115123125783e-17},"EnergyVariance":{"Mean":26.957270822130692,"Sigma":5.018302982406545,"Taucorr":-5.551115123125783e-17},"Iteration":60},
{"Acceptance":[0.17147826086956522],"Energy":{"Mean":-15.382143510034897,"Sigma":0.3451880626189197,"Taucorr":0.0},"EnergyVariance":{"Mean":19.959148259070936,"Sigma":4.1745417443492645,"Taucorr":1.1102230246251565e-16},"Iteration":61},
{"Acceptance":[0.1885217391304348],"Energy":{"Mean":-14.83928264946572,"Sigma":0.29509672894714134,"Taucorr":0.0},"EnergyVariance":{"Mean":10.79952401197183,"Sigma":1.7052332503326462,"Taucorr":0.0},"Iteration":62},
{"Acceptance":[0.17704347826086955],"Energy":{"Mean":-14.56008732652072,"Sigma":0.3556011380315913,"Taucorr":-2.7755575615628914e-17},"EnergyVariance":{"Mean":15.509890291177477,"Sigma":3.549709472118913,"Taucorr":0.0},"Iteration":63},
{"Acceptance":[0.1822608695652174],"Energy":{"Mean":-15.457246535825266,"Sigma":0.30551178607097906,"Taucorr":5.551115123125783e-17},"EnergyVariance":{"Mean":17.755662425001397,"Sigma":2.93259208169311,"Taucorr":5.551115123125783e-17},"Iteration":64},
{"Acceptance":[0.19060869565217392],"Energy":{"Mean":-14.283351620837346,"Sigma":0.39601196398492167,"Taucorr":0.0},"EnergyVariance":{"Mean":31.160942222884163,"Sigma":5.247346852675418,"Taucorr":-5.551115123125783e-17},"Iteration":65},
{"Acceptance":[0.1857391304347826],"Energy":{"Mean":-14.135591308140924,"Sigma":0.4841911241142686,"Taucorr":-2.7755575615628914e-17},"EnergyVariance":{"Mean":41.027834014435214,"Sigma":8.304973740343565,"Taucorr":0.0},"Iteration":66},
{"Acceptance":[0.18782608695652173],"Energy":{"Mean":-14.56631595998535,"Sigma":0.3852791349028938,"Taucorr":-2.7755575615628914e-17},"EnergyVariance":{"Mean":22.686492067386496,"Sigma":4.06710772436989,"Taucorr":0.0},"Iteration":67},
{"Acceptance":[0.18365217391304348],"Energy":{"Mean":-15.484347580664448,"Sigma":0.3312733293714518,"Taucorr":-2.7755575615628914e-17},"EnergyVariance":{"Mean":24.52808348303113,"Sigma":5.978302820950734,"Taucorr":0.0},"Iteration":68},
{"Acceptance":[0.17530434782608695],"Energy":{"Mean":-15.454112976101893,"Sigma":0.3070659905135235,"Taucorr":-2.7755575615628914e-17},"EnergyVariance":{"Mean":16.627424533671725,"Sigma":3.764101819911005,"Taucorr":-2.7755575615628914e-17},"Iteration":69},
{"Acceptance":[0.18156521739130435],"Energy":{"Mean":-15.470166124309722,"Sigma":0.37938646318656044,"Taucorr":-1.1102230246251565e-16},"EnergyVariance":{"Mean":27.24916533390904,"Sigma":5.858825458587058,"Taucorr":0.0},"Iteration":70},
{"Acceptance":[0.1822608695652174],"Energy":{"Mean":-14.994686715107465,"Sigma":0.31207730650304055,"Taucorr":-8.326672684688674e-17},"EnergyVariance":{"Mean":16.61265065888997,"Sigma":3.494832892768373,"Taucorr":0.0},"Iteration":71},
{"Acceptance":[0.1822608695652174],"Energy":{"Mean":-14.909763528190078,"Sigma":0.38125768464662246,"Taucorr":8.326672684688674e-17},"EnergyVariance":{"Mean":17.99604064896311,"Sigma":5.978566525357111,"Taucorr":0.0},"Iteration":72},
{"Acceptance":[0.18017391304347827],"Energy":{"Mean":-15.061070819093459,"Sigma":0.33614223451821434,"Taucorr":-5.551115123125783e-17},"EnergyVariance":{"Mean":16.333742742522496,"Sigma":2.897847291191713,"Taucorr":-5.551115123125783e-17},"Iteration":73},
{"Acceptance":[0.184],"Energy":{"Mean":-14.58108190306139,"Sigma":0.3642255937969149,"Taucorr":5.551115123125783e-17},"EnergyVariance":{"Mean":22.546139024293318,"Sigma":6.931401894510772,"Taucorr":2.7755575615628914e-17},"Iteration":74},
{"Acceptance":[0.1791304347826087],"Energy":{"Mean":-15.734858523211347,"Sigma":0.36412258706203515,"Taucorr":-8.326672684688674e-17},"EnergyVariance":{"Mean":20.04491590053361,"Sigma":3.5073402708006807,"Taucorr":0.0},"Iteration":75},
{"Acceptance":[0.18295652173913043],"Energy":{"Mean":-15.358115669090548,"Sigma":0.35888020474880156,"Taucorr":-2.7755575615628914e-17},"EnergyVariance":{"Mean":16.09617670405317,"Sigma":3.240916817549986,"Taucorr":0.0},"Iteration":76},
{"Acceptance":[0.18121739130434783],"Energy":{"Mean":-14.684123703109618,"Sigma":0.4878298891097756,"Taucorr":5.551115123125783e-17},"EnergyVariance":{"Mean":40.13930820179639,"Sigma":7.727112129715321,"Taucorr":0.0},"Iteration":77},
{"Acceptance":[0.1746086956521739],"Energy":{"Mean":-15.400925378246544,"Sigma":0.3402727426713341,"Taucorr":-8.326672684688674e-17},"EnergyVariance":{"Mean":19.137185273878664,"Sigma":5.46151754996955,"Taucorr":2.7755575615628914e-17},"Iteration":78},
{"Acceptance":[0.1951304347826087],"Energy":{"Mean":-14.900095599273227,"Sigma":0.5296063872335085,"Taucorr":0.0},"EnergyVariance":{"Mean":33.06837875291012,"Sigma":8.420912053737197,"Taucorr":0.0},"Iteration":79},
{"Acceptance":[0.17321739130434782],"Energy":{"Mean":-15.466640247776713,"Sigma":0.4147181127604061,"Taucorr":-2.7755575615628914e-17},"EnergyVariance":{"Mean":29.964143314838402,"Sigma":8.546330793901756,"Taucorr":2.7755575615628914e-17},"Iteration":80},
{"Acceptance":[0.17669565217391303],"Energy":{"Mean":-15.651035328746076,"Sigma":0.4053966014821539,"Taucorr":0.0},"EnergyVariance":{"Mean":26.173640173261322,"Sigma":7.376251315427278,"Taucorr":1.1102230246251565e-16},"Iteration":81},
{"Acceptance":[0.19930434782608697],"Energy":{"Mean":-15.544595632542547,"Sigma":0.33588043328296296,"Taucorr":0.0},"EnergyVariance":{"Mean":17.37909535659994,"Sigma":3.7542009935057608,"Taucorr":-5.551115123125783e-17},"Iteration":82},
{"Acceptance":[0.17252173913043478],"Energy":{"Mean":-15.733109065414169,"Sigma":0.3700703255529038,"Taucorr":-5.551115123125783e-17},"EnergyVariance":{"Mean":20.650072257519035,"Sigma":3.814728367755973,"Taucorr":1.1102230246251565e-16},"Iteration":83},
{"Acceptance":[0.1822608695652174],"Energy":{"Mean":-16.21663137885463,"Sigma":0.39815153620914845,"Taucorr":0.0},"EnergyVariance":{"Mean":25.242600325216706,"Sigma":4.2775431596613585,"Taucorr":-2.7755575615628914e-17},"Iteration":84},
{"Acceptance":[0.176],"Energy":{"Mean":-15.855719017378997,"Sigma":0.4310403655050252,"Taucorr":-5.551115123125783e-17},"EnergyVariance":{"Mean":27.557784282570875,"Sigma":6.254503066399982,"Taucorr":0.0},"Iteration":85},
{"Acceptance":[0.1826086956521739],"Energy":{"Mean":-15.744038019291171,"Sigma":0.3696174942571881,"Taucorr":0.0},"EnergyVariance":{"Mean":19.06949600803156,"Sigma":4.59915460462858,"Taucorr":5.551115123125783e-17},"Iteration":86},
{"Acceptance":[0.17356521739130434],"Energy":{"Mean":-16.22226797369112,"Sigma":0.41589346555081563,"Taucorr":0.0},"EnergyVariance":{"Mean":19.96797831300872,"Sigma":4.264053033599531,"Taucorr":-8.326672684688674e-17},"Iteration":87},
{"Acceptance":[0.16730434782608697],"Energy":{"Mean":-16.33162292125384,"Sigma":0.36898669630305064,"Taucorr":5.551115123125783e-17},"EnergyVariance":{"Mean":16.985465256118395,"Sigma":4.7622710417894,"Taucorr":0.0},"Iteration":88},
{"Acceptance":[0.18678260869565216],"Energy":{"Mean":-15.955038144874962,"Sigma":0.34977648399368494,"Taucorr":0.0},"EnergyVariance":{"Mean":21.33054388930276,"Sigma":5.267171827225351,"Taucorr":0.0},"Iteration":89},
{"Acceptance":[0.19165217391304348],"Energy":{"Mean":-16.113727832242226,"Sigma":0.28882348644779215,"Taucorr":5.551115123125783e-17},"EnergyVariance":{"Mean":18.914177888607256,"Sigma":5.371321565652312,"Taucorr":-2.7755575615628914e-17},"Iteration":90},
{"Acceptance":[0.16521739130434782],"Energy":{"Mean":-16.11271360613753,"Sigma":0.35304707601998225,"Taucorr":-2.7755575615628914e-17},"EnergyVariance":{"Mean":15.821647649109131,"Sigma":3.5657669538986974,"Taucorr":-5.551115123125783e-17},"Iteration":91},
{"Acceptance":[0.17808695652173914],"Energy":{"Mean":-15.368796016343504,"Sigma":0.5233112913319625,"Taucorr":-8.326672684688674e-17},"EnergyVariance":{"Mean":34.721131842574,"Sigma":10.990383446176757,"Taucorr":5.551115123125783e-17},"Iteration":92},
{"Acceptance":[0.18469565217391304],"Energy":{"Mean":-15.939428164669591,"Sigma":0.32114705419915546,"Taucorr":-2.7755575615628914e-17},"EnergyVariance":{"Mean":12.052155932389566,"Sigma":2.1374728652824273,"Taucorr":0.0},"Iteration":93},
{"Acceptance":[0.1857391304347826],"Energy":{"Mean":-16.304864256929925,"Sigma":0.4139761171853769,"Taucorr":0.0},"EnergyVariance":{"Mean":23.68053344795613,"Sigma":5.31793087928025,"Taucorr":0.0},"Iteration":94},
{"Acceptance":[0.168],"Energy":{"Mean":-16.19551110685703,"Sigma":0.31448313968285896,"Taucorr":0.0},"EnergyVariance":{"Mean":10.537050077879414,"Sigma":1.853523195260994,"Taucorr":0.0},"Iteration":95},
{"Acceptance":[0.17321739130434782],"Energy":{"Mean":-16.696968431534426,"Sigma":0.30468270299071665,"Taucorr":-2.7755575615628914e-17},"EnergyVariance":{"Mean":17.623978193410608,"Sigma":3.886138208872825,"Taucorr":0.0},"Iteration":96},
{"Acceptance":[0.18539130434782608],"Energy":{"Mean":-16.67330629535567,"Sigma":0.3736846576636377,"Taucorr":0.0},"EnergyVariance":{"Mean":20.99605506149188,"Sigma":5.300795287752246,"Taucorr":2.7755575615628914e-17},"Iteration":97},
{"Acceptance":[0.17808695652173914],"Energy":{"Mean":-15.951070042220142,"Sigma":0.27454975666162434,"Taucorr":-5.551115123125783e-17},"EnergyVariance":{"Mean":9.566033450870286,"Sigma":1.9825554988225886,"Taucorr":-2.7755575615628914e-17},"Iteration":98},
{"Acceptance":[0.18921739130434784],"Energy":{"Mean":-15.73064125737915,"Sigma":0.45261759458048795,"Taucorr":0.0},"EnergyVariance":{"Mean":23.765391292702763,"Sigma":6.153797040665721,"Taucorr":0.0},"Iteration":99} 
]}
{"input": {"L": 22, "J": 1, "machine": {"type": "FFNN", "model": ["tanh", 21, 1]}, "sampler": {"type": "MetropolisHop", "d_max": 5}, "optimizer": {"type": "AdaMax", "alpha": 0.001, "beta1": 0.9, "beta2": 0.999, "epscut": 1e-07}, "VMC": {"n_samples": 100, "discarded_samples": 100, "discarded_samples_on_init": 0, "target": "energy", "method": "Gd", "diag_shift": 0.01, "use_iterative": true, "use_cholesky": true}, "n_iter": 100}}
duration: -0.4678773880004883