{"Output": [
{"Acceptance":[0.8622608695652174],"Energy":{"Mean":18.970510544520984,"Sigma":0.3274873347395719,"Taucorr":0.0},"EnergyVariance":{"Mean":11.742608248870223,"Sigma":1.626887839754425,"Taucorr":0.0},"Iteration":0},
{"Acceptance":[0.8031304347826087],"Energy":{"Mean":17.87883897787887,"Sigma":0.3779150203300785,"Taucorr":-2.7755575615628914e-17},"EnergyVariance":{"Mean":17.179303799434024,"Sigma":1.8609703318718618,"Taucorr":0.0},"Iteration":1},
{"Acceptance":[0.7749565217391304],"Energy":{"Mean":16.61674261379479,"Sigma":0.34845414808999037,"Taucorr":2.7755575615628914e-17},"EnergyVariance":{"Mean":14.777008906146364,"Sigma":1.6962739805293936,"Taucorr":0.0},"Iteration":2},
{"Acceptance":[0.7290434782608696],"Energy":{"Mean":16.70738746910544,"Sigma":0.4388576814054,"Taucorr":-5.551115123125783e-17},"EnergyVariance":{"Mean":21.875292609426214,"Sigma":2.439929187684289,"Taucorr":0.0},"Iteration":3},
{"Acceptance":[0.7109565217391305],"Energy":{"Mean":15.091342269861538,"Sigma":0.37278833333576056,"Taucorr":0.0},"EnergyVariance":{"Mean":18.385161580541826,"Sigma":2.0546676982023766,"Taucorr":5.551115123125783e-17},"Iteration":4},
{"Acceptance":[0.6678260869565218],"Energy":{"Mean":13.873609037850764,"Sigma":0.399027071249022,"Taucorr":0.0},"EnergyVariance":{"Mean":23.60302009307048,"Sigma":3.6032963696659395,"Taucorr":-2.7755575615628914e-17},"Iteration":5},
{"Acceptance":[0.6389565217391304],"Energy":{"Mean":13.723917375177074,"Sigma":0.4166501606872583,"Taucorr":0.0},"EnergyVariance":{"Mean":23.30213333998558,"Sigma":2.4429479012065016,"Taucorr":0.0},"Iteration":6},
{"Acceptance":[0.6146086956521739],"Energy":{"Mean":11.512506098501685,"Sigma":0.42115980209968246,"Taucorr":-2.7755575615628914e-17},"EnergyVariance":{"Mean":25.904571551650577,"Sigma":2.6926920609505616,"Taucorr":-2.7755575615628914e-17},"Iteration":7},
{"Acceptance":[0.585391304347826],"Energy":{"Mean":11.39260089361419,"Sigma":0.5031236136234322,"Taucorr":-5.551115123125783e-17},"EnergyVariance":{"Mean":33.41537307817737,"Sigma":3.9402775404636357,"Taucorr":0.0},"Iteration":8},
{"Acceptance":[0.5826086956521739],"Energy":{"Mean":9.199427726508201,"Sigma":0.38488311071886744,"Taucorr":0.0},"EnergyVariance":{"Mean":23.079067575990848,"Sigma":2.4441379765033515,"Taucorr":-2.7755575615628914e-17},"Iteration":9},
{"Acceptance":[0.5648695652173913],"Energy":{"Mean":8.809631575654237,"Sigma":0.4478962717963493,"Taucorr":0.0},"EnergyVariance":{"Mean":34.51861438220347,"Sigma":3.8113528594835446,"Taucorr":5.551115123125783e-17},"Iteration":10},
{"Acceptance":[0.5321739130434783],"Energy":{"Mean":8.09485155729519,"Sigma":0.42398095383597234,"Taucorr":0.0},"EnergyVariance":{"Mean":32.44589969814159,"Sigma":3.043202607605581,"Taucorr":0.0},"Iteration":11},
{"Acceptance":[0.5165217391304348],"Energy":{"Mean":5.456565778735724,"Sigma":0.4224557532777757,"Taucorr":0.0},"EnergyVariance":{"Mean":30.78408080196997,"Sigma":3.39384353452781,"Taucorr":-2.7755575615628914e-17},"Iteration":12},
{"Acceptance":[0.4768695652173913],"Energy":{"Mean":4.976651912606952,"Sigma":0.46324671438481213,"Taucorr":0.0},"EnergyVariance":{"Mean":32.12323967374676,"Sigma":3.463198812722874,"Taucorr":0.0},"Iteration":13},
{"Acceptance":[0.480695652173913],"Energy":{"Mean":4.072291730673969,"Sigma":0.40147847649585905,"Taucorr":0.0},"EnergyVariance":{"Mean":25.69380169813036,"Sigma":3.292543812566414,"Taucorr":-2.7755575615628914e-17},"Iteration":14},
{"Acceptance":[0.43617391304347825],"Energy":{"Mean":3.4515358237436153,"Sigma":0.42729051002138907,"Taucorr":5.551115123125783e-17},"EnergyVariance":{"Mean":29.20755947076452,"Sigma":3.295461120957783,"Taucorr":-2.7755575615628914e-17},"Iteration":15},
{"Acceptance":[0.4466086956521739],"Energy":{"Mean":3.030911306424354,"Sigma":0.39991624892865585,"Taucorr":0.0},"EnergyVariance":{"Mean":31.83554972511607,"Sigma":3.28693687849695,"Taucorr":0.0},"Iteration":16},
{"Acceptance":[0.3968695652173913],"Energy":{"Mean":1.8709165308306188,"Sigma":0.46202430133585815,"Taucorr":0.0},"EnergyVariance":{"Mean":40.757224877536785,"Sigma":4.211387389042348,"Taucorr":-8.326672684688674e-17},"Iteration":17},
{"Acceptance":[0.4125217391304348],"Energy":{"Mean":0.44749845724728793,"Sigma":0.3527224739105874,"Taucorr":5.551115123125783e-17},"EnergyVariance":{"Mean":29.94155621113242,"Sigma":3.690408418836052,"Taucorr":-2.7755575615628914e-17},"Iteration":18},
{"Acceptance":[0.3996521739130435],"Energy":{"Mean":0.26270295071425154,"Sigma":0.38431029199127076,"Taucorr":-2.7755575615628914e-17},"EnergyVariance":{"Mean":28.37256029252008,"Sigma":2.7986399717155774,"Taucorr":0.0},"Iteration":19},
{"Acceptance":[0.3739130434782609],"Energy":{"Mean":-1.090133322218334,"Sigma":0.42909756479572125,"Taucorr":0.0},"EnergyVariance":{"Mean":39.7278166734368,"Sigma":4.801908925796946,"Taucorr":5.551115123125783e-17},"Iteration":20},
{"Acceptance":[0.37773913043478263],"Energy":{"Mean":-2.15883275126577,"Sigma":0.35054253273898683,"Taucorr":0.0},"EnergyVariance":{"Mean":26.88771396639919,"Sigma":2.292106709132529,"Taucorr":0.0},"Iteration":21},
{"Acceptance":[0.3652173913043478],"Energy":{"Mean":-2.245868865677962,"Sigma":0.4522806242540263,"Taucorr":-8.326672684688674e-17},"EnergyVariance":{"Mean":31.53147572722599,"Sigma":3.6344303027102645,"Taucorr":5.551115123125783e-17},"Iteration":22},
{"Acceptance":[0.34156521739130435],"Energy":{"Mean":-3.357327967958498,"Sigma":0.3892512733375254,"Taucorr":0.0},"EnergyVariance":{"Mean":31.689441218881704,"Sigma":3.608412468548274,"Taucorr":2.7755575615628914e-17},"Iteration":23},
{"Acceptance":[0.35095652173913044],"Energy":{"Mean":-3.014807259989312,"Sigma":0.4937622324720512,"Taucorr":-8.326672684688674e-17},"EnergyVariance":{"Mean":39.34154091495855,"Sigma":4.334429331653497,"Taucorr":0.0},"Iteration":24},
{"Acceptance":[0.32904347826086955],"Energy":{"Mean":-4.70974061444551,"Sigma":0.3906503112151871,"Taucorr":0.0},"EnergyVariance":{"Mean":29.399688241926757,"Sigma":2.913947651418423,"Taucorr":0.0},"Iteration":25},
{"Acceptance":[0.312],"Energy":{"Mean":-5.788142755297273,"Sigma":0.3723212704394908,"Taucorr":0.0},"EnergyVariance":{"Mean":27.183367204685336,"Sigma":3.051415443139427,"Taucorr":0.0},"Iteration":26},
{"Acceptance":[0.3314782608695652],"Energy":{"Mean":-5.620559874467969,"Sigma":0.3370687133878133,"Taucorr":0.0},"EnergyVariance":{"Mean":22.81509110825673,"Sigma":2.5338797748070507,"Taucorr":-2.7755575615628914e-17},"Iteration":27},
{"Acceptance":[0.3074782608695652],"Energy":{"Mean":-6.51321918870674,"Sigma":0.3814178675248399,"Taucorr":0.0},"EnergyVariance":{"Mean":25.9409280306591,"Sigma":3.068824352602937,"Taucorr":0.0},"Iteration":28},
{"Acceptance":[0.2831304347826087],"Energy":{"Mean":-7.109147346938613,"Sigma":0.372980828104391,"Taucorr":-2.7755575615628914e-17},"EnergyVariance":{"Mean":26.843480361206275,"Sigma":3.4029208991559834,"Taucorr":-2.7755575615628914e-17},"Iteration":29},
{"Acceptance":[0.3099130434782609],"Energy":{"Mean":-8.049349322948592,"Sigma":0.37030819482773886,"Taucorr":-1.1102230246251565e-16},"EnergyVariance":{"Mean":28.321900833368264,"Sigma":2.518870410809145,"Taucorr":1.1102230246251565e-16},"Iteration":30},
{"Acceptance":[0.30330434782608695],"Energy":{"Mean":-7.4958356241621065,"Sigma":0.3665808011339691,"Taucorr":0.0},"EnergyVariance":{"Mean":26.663550162867825,"Sigma":3.416624573132909,"Taucorr":5.551115123125783e-17},"Iteration":31},
{"Acceptance":[0.28],"Energy":{"Mean":-8.516404876531656,"Sigma":0.33059506478777695,"Taucorr":0.0},"EnergyVariance":{"Mean":23.217191889974192,"Sigma":2.7581311556678583,"Taucorr":5.551115123125783e-17},"Iteration":32},
{"Acceptance":[0.2657391304347826],"Energy":{"Mean":-8.80201260309805,"Sigma":0.39040224000027907,"Taucorr":-2.7755575615628914e-17},"EnergyVariance":{"Mean":26.770564316651033,"Sigma":3.3021167471979522,"Taucorr":2.7755575615628914e-17},"Iteration":33},
{"Acceptance":[0.2667826086956522],"Energy":{"Mean":-9.78105072074408,"Sigma":0.34106808266184024,"Taucorr":1.1102230246251565e-16},"EnergyVariance":{"Mean":25.214979401105264,"Sigma":2.9956160706027557,"Taucorr":0.0},"Iteration":34},
{"Acceptance":[0.2733913043478261],"Energy":{"Mean":-10.101377632050909,"Sigma":0.37365471547786816,"Taucorr":5.551115123125783e-17},"EnergyVariance":{"Mean":25.333256179178765,"Sigma":3.1771861313879337,"Taucorr":0.0},"Iteration":35},
{"Acceptance":[0.25808695652173913],"Energy":{"Mean":-11.868621245081833,"Sigma":0.3408039235167378,"Taucorr":5.551115123125783e-17},"EnergyVariance":{"Mean":18.225741819674884,"Sigma":1.8769101378153148,"Taucorr":0.0},"Iteration":36},
{"Acceptance":[0.26017391304347826],"Energy":{"Mean":-10.413093010667184,"Sigma":0.392805692002666,"Taucorr":0.0},"EnergyVariance":{"Mean":26.563198237706064,"Sigma":2.7458969896364973,"Taucorr":0.0},"Iteration":37},
{"Acceptance":[0.2622608695652174],"Energy":{"Mean":-12.704488644409448,"Sigma":0.4258525721677403,"Taucorr":0.0},"EnergyVariance":{"Mean":31.824345457637353,"Sigma":5.193251698344593,"Taucorr":5.551115123125783e-17},"Iteration":38},
{"Acceptance":[0.2573913043478261],"Energy":{"Mean":-12.779468183233845,"Sigma":0.40291232198367644,"Taucorr":1.1102230246251565e-16},"EnergyVariance":{"Mean":27.499844722335055,"Sigma":3.6038181494064943,"Taucorr":5.551115123125783e-17},"Iteration":39},
{"Acceptance":[0.23895652173913043],"Energy":{"Mean":-12.032227718560947,"Sigma":0.4217685164557916,"Taucorr":0.0},"EnergyVariance":{"Mean":33.4551154373184,"Sigma":4.485598842663682,"Taucorr":0.0},"Iteration":40},
{"Acceptance":[0.20382608695652174],"Energy":{"Mean":-13.263539901621222,"Sigma":0.36674930549736834,"Taucorr":5.551115123125783e-17},"EnergyVariance":{"Mean":19.325581033734643,"Sigma":2.1819790900970077,"Taucorr":0.0},"Iteration":41},
{"Acceptance":[0.20556521739130434],"Energy":{"Mean":-13.237878268147329,"Sigma":0.3632415290400633,"Taucorr":0.0},"EnergyVariance":{"Mean":17.821442996181954,"Sigma":2.3222497168255676,"Taucorr":0.0},"Iteration":42},
{"Acceptance":[0.22191304347826088],"Energy":{"Mean":-13.742596346717598,"Sigma":0.37254383273952446,"Taucorr":-5.551115123125783e-17},"EnergyVariance":{"Mean":16.87226293015716,"Sigma":3.6590115550933966,"Taucorr":2.7755575615628914e-17},"Iteration":43},
{"Acceptance":[0.16521739130434782],"Energy":{"Mean":-14.784254637432108,"Sigma":0.23210368436403242,"Taucorr":5.551115123125783e-17},"EnergyVariance":{"Mean":12.656542799995005,"Sigma":1.991015348202072,"Taucorr":0.0},"Iteration":44},
{"Acceptance":[0.1634782608695652],"Energy":{"Mean":-13.077317991507773,"Sigma":0.36547201516580746,"Taucorr":8.326672684688674e-17},"EnergyVariance":{"Mean":20.22809884902081,"Sigma":4.608101666607012,"Taucorr":5.551115123125783e-17},"Iteration":45},
{"Acceptance":[0.15095652173913043],"Energy":{"Mean":-13.739962599456266,"Sigma":0.3215182549450313,"Taucorr":0.0},"EnergyVariance":{"Mean":20.876643024145576,"Sigma":5.170244947049474,"Taucorr":5.551115123125783e-17},"Iteration":46},
{"Acceptance":[0.13704347826086957],"Energy":{"Mean":-13.172992739879799,"Sigma":0.503525981082728,"Taucorr":0.0},"EnergyVariance":{"Mean":36.38921799294252,"Sigma":9.552819427018632,"Taucorr":-5.551115123125783e-17},"Iteration":47},
{"Acceptance":[0.12382608695652174],"Energy":{"Mean":-14.086412873945335,"Sigma":0.2536619298104906,"Taucorr":0.0},"EnergyVariance":{"Mean":18.431515901947588,"Sigma":4.209353390057587,"Taucorr":0.0},"Iteration":48},
{"Acceptance":[0.11547826086956521],"Energy":{"Mean":-14.986128848632314,"Sigma":0.9330763410779843,"Taucorr":2.7755575615628914e-17},"EnergyVariance":{"Mean":92.85873121205653,"Sigma":76.36714006629542,"Taucorr":5.551115123125783e-17},"Iteration":49},
{"Acceptance":[0.06295652173913044],"Energy":{"Mean":-14.598522434897102,"Sigma":0.5234831856326259,"Taucorr":0.0},"EnergyVariance":{"Mean":112.00816231834166,"Sigma":98.17310604016787,"Taucorr":0.0},"Iteration":50},
{"Acceptance":[0.08452173913043479],"Energy":{"Mean":-14.387728721751413,"Sigma":0.34803826557218515,"Taucorr":-5.551115123125783e-17},"EnergyVariance":{"Mean":23.891628303286964,"Sigma":9.070644865745631,"Taucorr":5.551115123125783e-17},"Iteration":51},
{"Acceptance":[0.09182608695652174],"Energy":{"Mean":-13.997257164055572,"Sigma":0.41672398903357705,"Taucorr":5.551115123125783e-17},"EnergyVariance":{"Mean":44.94754420556181,"Sigma":14.631362681160473,"Taucorr":5.551115123125783e-17},"Iteration":52},
{"Acceptance":[0.07652173913043478],"Energy":{"Mean":-14.19915517586832,"Sigma":0.12845243063295128,"Taucorr":-1.1102230246251565e-16},"EnergyVariance":{"Mean":3.5491763510719236,"Sigma":0.8333904263963993,"Taucorr":0.0},"Iteration":53},
{"Acceptance":[0.05356521739130435],"Energy":{"Mean":-14.080781011093906,"Sigma":0.261194400668633,"Taucorr":-2.7755575615628914e-17},"EnergyVariance":{"Mean":15.436763633785322,"Sigma":4.240958493847513,"Taucorr":0.0},"Iteration":54},
{"Acceptance":[0.08556521739130435],"Energy":{"Mean":-15.12910787783812,"Sigma":1.3167802588571582,"Taucorr":0.0},"EnergyVariance":{"Mean":286.80430648224603,"Sigma":147.2658608754345,"Taucorr":5.551115123125783e-17},"Iteration":55},
{"Acceptance":[0.06921739130434783],"Energy":{"Mean":-14.412409852398099,"Sigma":0.4062764279609245,"Taucorr":-5.551115123125783e-17},"EnergyVariance":{"Mean":23.832034543797022,"Sigma":6.31104893069934,"Taucorr":0.0},"Iteration":56},
{"Acceptance":[0.08347826086956522],"Energy":{"Mean":-14.378617249937957,"Sigma":0.46417234594143225,"Taucorr":-2.7755575615628914e-17},"EnergyVariance":{"Mean":47.72920729454764,"Sigma":26.20971340728402,"Taucorr":0.0},"Iteration":57},
{"Acceptance":[0.06017391304347826],"Energy":{"Mean":-14.387589423822455,"Sigma":0.2950060665684132,"Taucorr":-5.551115123125783e-17},"EnergyVariance":{"Mean":11.853931623753994,"Sigma":4.877022730677408,"Taucorr":0.0},"Iteration":58},
{"Acceptance":[0.06852173913043479],"Energy":{"Mean":-15.120477670263554,"Sigma":0.2226996374754643,"Taucorr":5.551115123125783e-17},"EnergyVariance":{"Mean":8.930002624812001,"Sigma":1.2188296346518583,"Taucorr":0.0},"Iteration":59},
{"Acceptance":[0.059130434782608696],"Energy":{"Mean":-15.326056602968478,"Sigma":0.45899820716969286,"Taucorr":0.0},"EnergyVariance":{"Mean":25.25439627969827,"Sigma":16.522450184045393,"Taucorr":0.0},"Iteration":60},
{"Acceptance":[0.09460869565217392],"Energy":{"Mean":-14.874001137359125,"Sigma":0.19241063722692642,"Taucorr":8.326672684688674e-17},"EnergyVariance":{"Mean":5.725705149095925,"Sigma":0.9996341758242482,"Taucorr":5.551115123125783e-17},"Iteration":61},
{"Acceptance":[0.07269565217391305],"Energy":{"Mean":-15.380952781222376,"Sigma":0.34890880539551805,"Taucorr":0.0},"EnergyVariance":{"Mean":14.058054616810281,"Sigma":5.418713739356288,"Taucorr":-2.7755575615628914e-17},"Iteration":62},
{"Acceptance":[0.06852173913043479],"Energy":{"Mean":-15.106519144567542,"Sigma":0.254430724891697,"Taucorr":8.326672684688674e-17},"EnergyVariance":{"Mean":8.509511548761237,"Sigma":3.154946803874416,"Taucorr":-5.551115123125783e-17},"Iteration":63},
{"Acceptance":[0.07791304347826086],"Energy":{"Mean":-15.039663503272504,"Sigma":0.24067896242032585,"Taucorr":-2.7755575615628914e-17},"EnergyVariance":{"Mean":10.045476184730797,"Sigma":2.89148996477166,"Taucorr":0.0},"Iteration":64},
{"Acceptance":[0.088],"Energy":{"Mean":-15.344537907757747,"Sigma":0.47849803822660264,"Taucorr":-5.551115123125783e-17},"EnergyVariance":{"Mean":38.30296552271717,"Sigma":12.55659726709821,"Taucorr":-2.7755575615628914e-17},"Iteration":65},
{"Acceptance":[0.10852173913043478],"Energy":{"Mean":-16.37849837418549,"Sigma":0.6380320562354819,"Taucorr":0.0},"EnergyVariance":{"Mean":62.351971721966436,"Sigma":25.086595567718135,"Taucorr":0.0},"Iteration":66},
{"Acceptance":[0.11791304347826087],"Energy":{"Mean":-15.536643273020232,"Sigma":0.2852478856672643,"Taucorr":0.0},"EnergyVariance":{"Mean":13.500104264436715,"Sigma":3.3551529421938118,"Taucorr":0.0},"Iteration":67},
{"Acceptance":[0.10573913043478261],"Energy":{"Mean":-15.448185838330971,"Sigma":0.2734421628279246,"Taucorr":-5.551115123125783e-17},"EnergyVariance":{"Mean":11.73292770090781,"Sigma":3.304026167315236,"Taucorr":0.0},"Iteration":68},
{"Acceptance":[0.08591304347826087],"Energy":{"Mean":-15.224958133276612,"Sigma":0.17257578853417543,"Taucorr":-5.551115123125783e-17},"EnergyVariance":{"Mean":4.139693485201535,"Sigma":0.8949145373637833,"Taucorr":2.7755575615628914e-17},"Iteration":69},
{"Acceptance":[0.11130434782608696],"Energy":{"Mean":-15.856600962839549,"Sigma":0.280123002625075,"Taucorr":1.6653345369377348e-16},"EnergyVariance":{"Mean":11.05431792077843,"Sigma":2.1032801512087094,"Taucorr":5.551115123125783e-17},"Iteration":70},
{"Acceptance":[0.13391304347826086],"Energy":{"Mean":-16.184356794232812,"Sigma":0.30362744029623884,"Taucorr":-5.551115123125783e-17},"EnergyVariance":{"Mean":12.507041890183261,"Sigma":3.3019125769633546,"Taucorr":0.0},"Iteration":71},
{"Acceptance":[0.09913043478260869],"Energy":{"Mean":-15.5933701873078,"Sigma":0.24603176714460626,"Taucorr":8.326672684688674e-17},"EnergyVariance":{"Mean":9.608192995830292,"Sigma":3.0675996569796586,"Taucorr":2.7755575615628914e-17},"Iteration":72},
{"Acceptance":[0.11617391304347827],"Energy":{"Mean":-16.501321831048475,"Sigma":0.3318003129202638,"Taucorr":0.0},"EnergyVariance":{"Mean":17.883728312640326,"Sigma":7.043144458105461,"Taucorr":0.0},"Iteration":73},
{"Acceptance":[0.10608695652173913],"Energy":{"Mean":-14.085922594757168,"Sigma":0.4318636686201673,"Taucorr":0.0},"EnergyVariance":{"Mean":51.1444708820422,"Sigma":29.145563453122413,"Taucorr":-2.7755575615628914e-17},"Iteration":74},
{"Acceptance":[0.10086956521739131],"Energy":{"Mean":-15.160384373008576,"Sigma":0.3971992186828921,"Taucorr":-2.7755575615628914e-17},"EnergyVariance":{"Mean":25.017665266320137,"Sigma":8.526938099921981,"Taucorr":-5.551115123125783e-17},"Iteration":75},
{"Acceptance":[0.09982608695652175],"Energy":{"Mean":-15.460351561045455,"Sigma":0.18285491010431126,"Taucorr":-5.551115123125783e-17},"EnergyVariance":{"Mean":3.888297135307535,"Sigma":0.45040594551956814,"Taucorr":5.551115123125783e-17},"Iteration":76},
{"Acceptance":[0.1262608695652174],"Energy":{"Mean":-15.108691223749027,"Sigma":0.29785065494507335,"Taucorr":5.551115123125783e-17},"EnergyVariance":{"Mean":11.158233106044026,"Sigma":3.1121598639944996,"Taucorr":-8.326672684688674e-17},"Iteration":77},
{"Acceptance":[0.13078260869565217],"Energy":{"Mean":-15.540261232487147,"Sigma":0.36226107896004783,"Taucorr":-5.551115123125783e-17},"EnergyVariance":{"Mean":19.101372219411722,"Sigma":3.4000545450742954,"Taucorr":0.0},"Iteration":78},
{"Acceptance":[0.12347826086956522],"Energy":{"Mean":-15.624175826696652,"Sigma":0.2175514226735098,"Taucorr":0.0},"EnergyVariance":{"Mean":6.272527514711879,"Sigma":1.001412232403154,"Taucorr":-1.942890293094024e-16},"Iteration":79},
{"Acceptance":[0.1728695652173913],"Energy":{"Mean":-14.999074665746763,"Sigma":0.269644429016238,"Taucorr":5.551115123125783e-17},"EnergyVariance":{"Mean":8.550433280007297,"Sigma":2.8891219285055407,"Taucorr":-2.7755575615628914e-17},"Iteration":80},
{"Acceptance":[0.13808695652173913],"Energy":{"Mean":-15.680765254138409,"Sigma":0.17352729006694678,"Taucorr":0.0},"EnergyVariance":{"Mean":3.862800206503279,"Sigma":0.6127142610973692,"Taucorr":0.0},"Iteration":81},
{"Acceptance":[0.14504347826086955],"Energy":{"Mean":-15.857653793989865,"Sigma":0.45415833123164073,"Taucorr":2.7755575615628914e-17},"EnergyVariance":{"Mean":30.365020389711447,"Sigma":6.284318051024122,"Taucorr":0.0},"Iteration":82},
{"Acceptance":[0.12347826086956522],"Energy":{"Mean":-15.883323797637203,"Sigma":0.3991072960538595,"Taucorr":-5.551115123125783e-17},"EnergyVariance":{"Mean":43.738261301949024,"Sigma":25.801927767253567,"Taucorr":-2.7755575615628914e-17},"Iteration":83},
{"Acceptance":[0.16452173913043477],"Energy":{"Mean":-15.87113057231224,"Sigma":0.24304783841015368,"Taucorr":1.1102230246251565e-16},"EnergyVariance":{"Mean":8.447715354473072,"Sigma":1.968603217199318,"Taucorr":1.1102230246251565e-16},"Iteration":84},
{"Acceptance":[0.11478260869565217],"Energy":{"Mean":-16.230665962332225,"Sigma":0.43245802524467425,"Taucorr":5.551115123125783e-17},"EnergyVariance":{"Mean":27.367525884352684,"Sigma":9.888489915247648,"Taucorr":-2.7755575615628914e-17},"Iteration":85},
{"Acceptance":[0.13008695652173913],"Energy":{"Mean":-17.04608875086224,"Sigma":0.3571563719149917,"Taucorr":-5.551115123125783e-17},"EnergyVariance":{"Mean":21.73913849494801,"Sigma":7.193577697434225,"Taucorr":0.0},"Iteration":86},
{"Acceptance":[0.11860869565217391],"Energy":{"Mean":-16.706704821364127,"Sigma":0.34614319210589684,"Taucorr":-2.7755575615628914e-17},"EnergyVariance":{"Mean":16.78414566084004,"Sigma":6.794781766324165,"Taucorr":1.6653345369377348e-16},"Iteration":87},
{"Acceptance":[0.1373913043478261],"Energy":{"Mean":-15.8206448038353,"Sigma":0.3544765003225165,"Taucorr":5.551115123125783e-17},"EnergyVariance":{"Mean":13.230951440434584,"Sigma":4.035636442440934,"Taucorr":0.0},"Iteration":88},
{"Acceptance":[0.11234782608695652],"Energy":{"Mean":-15.59756479446952,"Sigma":0.280953429202345,"Taucorr":5.551115123125783e-17},"EnergyVariance":{"Mean":8.945377483102991,"Sigma":2.3743417157847753,"Taucorr":-5.551115123125783e-17},"Iteration":89},
{"Acceptance":[0.17008695652173914],"Energy":{"Mean":-16.635101333777303,"Sigma":0.42839041893159424,"Taucorr":-2.7755575615628914e-17},"EnergyVariance":{"Mean":55.50783752524595,"Sigma":39.04393746995578,"Taucorr":0.0},"Iteration":90},
{"Acceptance":[0.12104347826086957],"Energy":{"Mean":-15.018256828544335,"Sigma":0.5085592687844643,"Taucorr":0.0},"EnergyVariance":{"Mean":30.70167905973842,"Sigma":7.777174594907656,"Taucorr":0.0},"Iteration":91},
{"Acceptance":[0.15791304347826088],"Energy":{"Mean":-16.12709678973703,"Sigma":0.5048114895383093,"Taucorr":5.551115123125783e-17},"EnergyVariance":{"Mean":31.153463302652835,"Sigma":12.727645533998619,"Taucorr":-1.3877787807814457e-16},"Iteration":92},
{"Acceptance":[0.1693913043478261],"Energy":{"Mean":-15.674471256387287,"Sigma":0.4551295341270336,"Taucorr":2.7755575615628914e-17},"EnergyVariance":{"Mean":23.42833655239467,"Sigma":8.219657682663104,"Taucorr":2.7755575615628914e-17},"Iteration":93},
{"Acceptance":[0.14678260869565218],"Energy":{"Mean":-15.468598527864007,"Sigma":0.4358620327232879,"Taucorr":-2.7755575615628914e-17},"EnergyVariance":{"Mean":23.011300425677515,"Sigma":6.333896200870015,"Taucorr":5.551115123125783e-17},"Iteration":94},
{"Acceptance":[0.11965217391304347],"Energy":{"Mean":-16.110706286549114,"Sigma":0.29117578152225165,"Taucorr":-2.7755575615628914e-17},"EnergyVariance":{"Mean":13.907167345485728,"Sigma":2.9893722351639296,"Taucorr":-2.7755575615628914e-17},"Iteration":95},
{"Acceptance":[0.13252173913043477],"Energy":{"Mean":-15.746581535373968,"Sigma":0.4528978083452116,"Taucorr":0.0},"EnergyVariance":{"Mean":23.283383999495243,"Sigma":12.655813611337953,"Taucorr":0.0},"Iteration":96},
{"Acceptance":[0.1231304347826087],"Energy":{"Mean":-15.934092301348569,"Sigma":0.43837656095540894,"Taucorr":-2.7755575615628914e-17},"EnergyVariance":{"Mean":21.447448636974066,"Sigma":8.905500917343101,"Taucorr":0.0},"Iteration":97},
{"Acceptance":[0.13008695652173913],"Energy":{"Mean":-16.541923528972873,"Sigma":0.3291978202284686,"Taucorr":-8.326672684688674e-17},"EnergyVariance":{"Mean":12.396664207765083,"Sigma":3.614465295926374,"Taucorr":-2.7755575615628914e-17},"Iteration":98},
{"Acceptance":[0.10121739130434783],"Energy":{"Mean":-16.289203856181906,"Sigma":0.20117998862439182,"Taucorr":0.0},"EnergyVariance":{"Mean":5.521759248439956,"Sigma":0.8836649978685226,"Taucorr":2.7755575615628914e-17},"Iteration":99} 
]}
{"input": {"L": 22, "J": 1, "machine": {"type": "FFNN", "model": ["tanh", 29, 2]}, "sampler": {"type": "MetropolisHop", "d_max": 5}, "optimizer": {"type": "AdaMax", "alpha": 0.001, "beta1": 0.9, "beta2": 0.999, "epscut": 1e-07}, "VMC": {"n_samples": 100, "discarded_samples": 100, "discarded_samples_on_init": 0, "target": "energy", "method": "Gd", "diag_shift": 0.01, "use_iterative": true, "use_cholesky": true}, "n_iter": 100}}
duration: -1.9277598857879639