{"Output": [
{"Acceptance":[0.8469565217391304],"Energy":{"Mean":18.817686105656584,"Sigma":0.3854336687455185,"Taucorr":0.0},"EnergyVariance":{"Mean":15.553755590323817,"Sigma":1.957989018117391,"Taucorr":-2.7755575615628914e-17},"Iteration":0},
{"Acceptance":[0.7857391304347826],"Energy":{"Mean":18.313030805415558,"Sigma":0.3477228581107587,"Taucorr":-2.7755575615628914e-17},"EnergyVariance":{"Mean":14.198938802754782,"Sigma":1.509465151745005,"Taucorr":1.1102230246251565e-16},"Iteration":1},
{"Acceptance":[0.7255652173913043],"Energy":{"Mean":16.558329409472524,"Sigma":0.3623498685992992,"Taucorr":-5.551115123125783e-17},"EnergyVariance":{"Mean":16.758717802681147,"Sigma":1.8608629702014698,"Taucorr":0.0},"Iteration":2},
{"Acceptance":[0.6594782608695652],"Energy":{"Mean":14.8740397465643,"Sigma":0.4065304701535666,"Taucorr":-2.7755575615628914e-17},"EnergyVariance":{"Mean":22.5635125606033,"Sigma":2.2428233017812356,"Taucorr":0.0},"Iteration":3},
{"Acceptance":[0.6187826086956522],"Energy":{"Mean":14.296147942240736,"Sigma":0.36985283434990496,"Taucorr":-5.551115123125783e-17},"EnergyVariance":{"Mean":18.42176349736748,"Sigma":2.093273136116641,"Taucorr":-2.7755575615628914e-17},"Iteration":4},
{"Acceptance":[0.5819130434782609],"Energy":{"Mean":12.178017612273575,"Sigma":0.3520910674648281,"Taucorr":-2.7755575615628914e-17},"EnergyVariance":{"Mean":20.66091546067534,"Sigma":1.9750805138492837,"Taucorr":-2.7755575615628914e-17},"Iteration":5},
{"Acceptance":[0.5408695652173913],"Energy":{"Mean":11.038091220605645,"Sigma":0.4041964658192826,"Taucorr":0.0},"EnergyVariance":{"Mean":24.22670006062095,"Sigma":2.4681582807112146,"Taucorr":0.0},"Iteration":6},
{"Acceptance":[0.5095652173913043],"Energy":{"Mean":10.24347204325447,"Sigma":0.39012269080246165,"Taucorr":-5.551115123125783e-17},"EnergyVariance":{"Mean":25.035906004090457,"Sigma":2.814188187460862,"Taucorr":0.0},"Iteration":7},
{"Acceptance":[0.47095652173913044],"Energy":{"Mean":8.822870214261577,"Sigma":0.3561777136655436,"Taucorr":2.7755575615628914e-17},"EnergyVariance":{"Mean":28.620475003388044,"Sigma":3.4497176632479887,"Taucorr":1.1102230246251565e-16},"Iteration":8},
{"Acceptance":[0.44904347826086954],"Energy":{"Mean":6.12321956563348,"Sigma":0.419546642740828,"Taucorr":0.0},"EnergyVariance":{"Mean":29.690962419286755,"Sigma":4.153690359470827,"Taucorr":0.0},"Iteration":9},
{"Acceptance":[0.4132173913043478],"Energy":{"Mean":3.789096102037452,"Sigma":0.3745313662966898,"Taucorr":5.551115123125783e-17},"EnergyVariance":{"Mean":28.711129652266557,"Sigma":3.4151975180807614,"Taucorr":2.7755575615628914e-17},"Iteration":10},
{"Acceptance":[0.4013913043478261],"Energy":{"Mean":3.8584389881081327,"Sigma":0.3552172956140825,"Taucorr":-2.7755575615628914e-17},"EnergyVariance":{"Mean":34.2726853945679,"Sigma":3.1787357611469766,"Taucorr":5.551115123125783e-17},"Iteration":11},
{"Acceptance":[0.391304347826087],"Energy":{"Mean":2.0860066311980656,"Sigma":0.4302830354680224,"Taucorr":0.0},"EnergyVariance":{"Mean":35.12504271856228,"Sigma":3.4633175489323125,"Taucorr":0.0},"Iteration":12},
{"Acceptance":[0.3596521739130435],"Energy":{"Mean":1.0232527829202012,"Sigma":0.3690026522529264,"Taucorr":-5.551115123125783e-17},"EnergyVariance":{"Mean":27.17408374602114,"Sigma":4.193786296232145,"Taucorr":0.0},"Iteration":13},
{"Acceptance":[0.31721739130434784],"Energy":{"Mean":-0.6070648073177543,"Sigma":0.353392789657132,"Taucorr":0.0},"EnergyVariance":{"Mean":25.352264497370136,"Sigma":2.9214354860007665,"Taucorr":-2.7755575615628914e-17},"Iteration":14},
{"Acceptance":[0.30330434782608695],"Energy":{"Mean":-2.803832448243548,"Sigma":0.3688009985141175,"Taucorr":0.0},"EnergyVariance":{"Mean":27.821898435579868,"Sigma":3.6697177934351055,"Taucorr":5.551115123125783e-17},"Iteration":15},
{"Acceptance":[0.3060869565217391],"Energy":{"Mean":-2.68143970790465,"Sigma":0.38797538584622066,"Taucorr":5.551115123125783e-17},"EnergyVariance":{"Mean":37.709852674266145,"Sigma":4.687973775582835,"Taucorr":-5.551115123125783e-17},"Iteration":16},
{"Acceptance":[0.2796521739130435],"Energy":{"Mean":-3.1480113072282374,"Sigma":0.4383693974109405,"Taucorr":0.0},"EnergyVariance":{"Mean":34.31141462273334,"Sigma":4.216071302792908,"Taucorr":2.7755575615628914e-17},"Iteration":17},
{"Acceptance":[0.27304347826086955],"Energy":{"Mean":-4.981158437045021,"Sigma":0.37139619829741694,"Taucorr":-5.551115123125783e-17},"EnergyVariance":{"Mean":36.263221235918955,"Sigma":6.878722608451841,"Taucorr":-2.7755575615628914e-17},"Iteration":18},
{"Acceptance":[0.24243478260869566],"Energy":{"Mean":-5.876739374479075,"Sigma":0.40609586948365795,"Taucorr":0.0},"EnergyVariance":{"Mean":27.326264674331753,"Sigma":3.8822850852856567,"Taucorr":5.551115123125783e-17},"Iteration":19},
{"Acceptance":[0.24139130434782607],"Energy":{"Mean":-6.17575345152663,"Sigma":0.39687362289463735,"Taucorr":0.0},"EnergyVariance":{"Mean":32.69194831666351,"Sigma":4.7985730738322365,"Taucorr":0.0},"Iteration":20},
{"Acceptance":[0.20695652173913043],"Energy":{"Mean":-7.757126465387835,"Sigma":0.37780898335308455,"Taucorr":-2.7755575615628914e-17},"EnergyVariance":{"Mean":25.597995457102694,"Sigma":3.96097090736282,"Taucorr":0.0},"Iteration":21},
{"Acceptance":[0.1885217391304348],"Energy":{"Mean":-8.41271790194001,"Sigma":0.49325157729773805,"Taucorr":-2.7755575615628914e-17},"EnergyVariance":{"Mean":34.67134779815465,"Sigma":5.047594957261108,"Taucorr":-2.7755575615628914e-17},"Iteration":22},
{"Acceptance":[0.20730434782608695],"Energy":{"Mean":-8.065140593071238,"Sigma":0.45289697175097643,"Taucorr":-5.551115123125783e-17},"EnergyVariance":{"Mean":35.382104124040694,"Sigma":6.077657121667126,"Taucorr":0.0},"Iteration":23},
{"Acceptance":[0.21565217391304348],"Energy":{"Mean":-9.152236589772324,"Sigma":0.3500053990087936,"Taucorr":-2.7755575615628914e-17},"EnergyVariance":{"Mean":32.2875240459568,"Sigma":4.675794266032211,"Taucorr":0.0},"Iteration":24},
{"Acceptance":[0.19721739130434782],"Energy":{"Mean":-9.444192349989914,"Sigma":0.3385748453598362,"Taucorr":0.0},"EnergyVariance":{"Mean":19.810898502595133,"Sigma":3.3458235036173862,"Taucorr":0.0},"Iteration":25},
{"Acceptance":[0.1933913043478261],"Energy":{"Mean":-9.895446230304763,"Sigma":0.36131411059678387,"Taucorr":5.551115123125783e-17},"EnergyVariance":{"Mean":31.897600507546354,"Sigma":5.139714136869995,"Taucorr":0.0},"Iteration":26},
{"Acceptance":[0.16973913043478261],"Energy":{"Mean":-10.394672254172631,"Sigma":0.3773650547972886,"Taucorr":0.0},"EnergyVariance":{"Mean":19.343212062961072,"Sigma":3.226735582147612,"Taucorr":0.0},"Iteration":27},
{"Acceptance":[0.16104347826086957],"Energy":{"Mean":-11.064623589249173,"Sigma":0.47403276221115737,"Taucorr":5.551115123125783e-17},"EnergyVariance":{"Mean":30.012460147207435,"Sigma":4.852053493050108,"Taucorr":0.0},"Iteration":28},
{"Acceptance":[0.18295652173913043],"Energy":{"Mean":-11.022039693396389,"Sigma":0.39624955273799406,"Taucorr":0.0},"EnergyVariance":{"Mean":24.682922098742484,"Sigma":3.964893356265298,"Taucorr":-2.7755575615628914e-17},"Iteration":29},
{"Acceptance":[0.18643478260869564],"Energy":{"Mean":-11.198212475982778,"Sigma":0.4287808450376114,"Taucorr":2.7755575615628914e-17},"EnergyVariance":{"Mean":27.29146126097615,"Sigma":5.982420518996602,"Taucorr":5.551115123125783e-17},"Iteration":30},
{"Acceptance":[0.18017391304347827],"Energy":{"Mean":-12.227011266509665,"Sigma":0.35916825221478743,"Taucorr":0.0},"EnergyVariance":{"Mean":19.513463390849232,"Sigma":2.5214431929921184,"Taucorr":5.551115123125783e-17},"Iteration":31},
{"Acceptance":[0.1885217391304348],"Energy":{"Mean":-12.420157261007741,"Sigma":0.2965009776634364,"Taucorr":-5.551115123125783e-17},"EnergyVariance":{"Mean":11.078297311716181,"Sigma":1.295598918418487,"Taucorr":-1.1102230246251565e-16},"Iteration":32},
{"Acceptance":[0.18678260869565216],"Energy":{"Mean":-11.68642213754722,"Sigma":0.41860998027024776,"Taucorr":0.0},"EnergyVariance":{"Mean":21.042605710592472,"Sigma":6.038732445634366,"Taucorr":2.7755575615628914e-17},"Iteration":33},
{"Acceptance":[0.19791304347826086],"Energy":{"Mean":-12.696051102397117,"Sigma":0.49322585317143774,"Taucorr":0.0},"EnergyVariance":{"Mean":32.51173165055499,"Sigma":9.231073466375488,"Taucorr":-2.7755575615628914e-17},"Iteration":34},
{"Acceptance":[0.18434782608695652],"Energy":{"Mean":-12.502417337723328,"Sigma":0.31490975932768533,"Taucorr":-5.551115123125783e-17},"EnergyVariance":{"Mean":14.661017029410104,"Sigma":2.850433485216038,"Taucorr":2.7755575615628914e-17},"Iteration":35},
{"Acceptance":[0.18017391304347827],"Energy":{"Mean":-13.611763338035463,"Sigma":0.3990754867625844,"Taucorr":5.551115123125783e-17},"EnergyVariance":{"Mean":26.7991377458842,"Sigma":6.676515750003077,"Taucorr":-2.7755575615628914e-17},"Iteration":36},
{"Acceptance":[0.18886956521739132],"Energy":{"Mean":-13.36272334936347,"Sigma":0.3604493775259212,"Taucorr":-2.7755575615628914e-17},"EnergyVariance":{"Mean":18.779628478432315,"Sigma":4.034204864200986,"Taucorr":0.0},"Iteration":37},
{"Acceptance":[0.18539130434782608],"Energy":{"Mean":-13.398799888887478,"Sigma":0.4271310290918478,"Taucorr":-2.7755575615628914e-17},"EnergyVariance":{"Mean":25.300301036365944,"Sigma":4.286711386196611,"Taucorr":0.0},"Iteration":38},
{"Acceptance":[0.20556521739130434],"Energy":{"Mean":-13.134029510730041,"Sigma":0.41278454985653995,"Taucorr":-2.7755575615628914e-17},"EnergyVariance":{"Mean":33.336744934937244,"Sigma":10.881741964444874,"Taucorr":2.7755575615628914e-17},"Iteration":39},
{"Acceptance":[0.22817391304347825],"Energy":{"Mean":-14.438992915431031,"Sigma":0.4399142390405316,"Taucorr":-2.7755575615628914e-17},"EnergyVariance":{"Mean":24.014785347566903,"Sigma":5.837783263175556,"Taucorr":-2.7755575615628914e-17},"Iteration":40},
{"Acceptance":[0.2062608695652174],"Energy":{"Mean":-14.297319775312488,"Sigma":0.44546190589326184,"Taucorr":0.0},"EnergyVariance":{"Mean":28.059576306140347,"Sigma":8.790313087937335,"Taucorr":0.0},"Iteration":41},
{"Acceptance":[0.20278260869565218],"Energy":{"Mean":-13.345200225067977,"Sigma":0.4913789358659591,"Taucorr":0.0},"EnergyVariance":{"Mean":34.29239197897624,"Sigma":11.622769053456581,"Taucorr":0.0},"Iteration":42},
{"Acceptance":[0.2177391304347826],"Energy":{"Mean":-14.673505513594968,"Sigma":0.4771572265194956,"Taucorr":5.551115123125783e-17},"EnergyVariance":{"Mean":26.431574173788132,"Sigma":5.27100135507316,"Taucorr":0.0},"Iteration":43},
{"Acceptance":[0.21008695652173914],"Energy":{"Mean":-13.786680217723813,"Sigma":0.44466172425430783,"Taucorr":2.7755575615628914e-17},"EnergyVariance":{"Mean":22.942973529344066,"Sigma":4.351837833088304,"Taucorr":-2.7755575615628914e-17},"Iteration":44},
{"Acceptance":[0.2125217391304348],"Energy":{"Mean":-14.148193411705616,"Sigma":0.4343447552986767,"Taucorr":1.1102230246251565e-16},"EnergyVariance":{"Mean":23.45161616756866,"Sigma":6.307743110140849,"Taucorr":5.551115123125783e-17},"Iteration":45},
{"Acceptance":[0.1996521739130435],"Energy":{"Mean":-14.455078227411626,"Sigma":0.33776384175169566,"Taucorr":0.0},"EnergyVariance":{"Mean":13.317743040977845,"Sigma":1.9810617088728328,"Taucorr":0.0},"Iteration":46},
{"Acceptance":[0.22817391304347825],"Energy":{"Mean":-14.94142402516953,"Sigma":0.3505079361467235,"Taucorr":2.7755575615628914e-17},"EnergyVariance":{"Mean":15.175444924314963,"Sigma":2.7085803384896767,"Taucorr":0.0},"Iteration":47},
{"Acceptance":[0.20521739130434782],"Energy":{"Mean":-14.729463857006637,"Sigma":0.5234557671676323,"Taucorr":-5.551115123125783e-17},"EnergyVariance":{"Mean":36.06634434257231,"Sigma":13.672747190008785,"Taucorr":0.0},"Iteration":48},
{"Acceptance":[0.1968695652173913],"Energy":{"Mean":-14.983475331322426,"Sigma":0.33963136553559164,"Taucorr":5.551115123125783e-17},"EnergyVariance":{"Mean":14.082426239483038,"Sigma":2.992457120219349,"Taucorr":5.551115123125783e-17},"Iteration":49},
{"Acceptance":[0.20382608695652174],"Energy":{"Mean":-14.000559470239768,"Sigma":0.34213259350193975,"Taucorr":0.0},"EnergyVariance":{"Mean":14.363465329745145,"Sigma":1.870327818570617,"Taucorr":-2.7755575615628914e-17},"Iteration":50},
{"Acceptance":[0.2],"Energy":{"Mean":-15.10193607958143,"Sigma":0.3927128509836741,"Taucorr":-2.7755575615628914e-17},"EnergyVariance":{"Mean":20.546551227190275,"Sigma":6.264896878580642,"Taucorr":-5.551115123125783e-17},"Iteration":51},
{"Acceptance":[0.19234782608695652],"Energy":{"Mean":-15.8218827484199,"Sigma":0.3619421464317696,"Taucorr":2.7755575615628914e-17},"EnergyVariance":{"Mean":14.534911728626998,"Sigma":2.2746711841213005,"Taucorr":-2.7755575615628914e-17},"Iteration":52},
{"Acceptance":[0.20069565217391305],"Energy":{"Mean":-15.035910755580652,"Sigma":0.4904406207739093,"Taucorr":-2.7755575615628914e-17},"EnergyVariance":{"Mean":24.890798136098137,"Sigma":8.854656685289552,"Taucorr":-2.7755575615628914e-17},"Iteration":53},
{"Acceptance":[0.1986086956521739],"Energy":{"Mean":-15.157680335484862,"Sigma":0.2708812553212782,"Taucorr":0.0},"EnergyVariance":{"Mean":10.361093435497665,"Sigma":1.509865718908301,"Taucorr":5.551115123125783e-17},"Iteration":54},
{"Acceptance":[0.19234782608695652],"Energy":{"Mean":-14.732499099781005,"Sigma":0.4889995630656359,"Taucorr":0.0},"EnergyVariance":{"Mean":25.81874042889052,"Sigma":8.301706298999928,"Taucorr":2.7755575615628914e-17},"Iteration":55},
{"Acceptance":[0.1808695652173913],"Energy":{"Mean":-15.325996117957565,"Sigma":0.4474813528272414,"Taucorr":0.0},"EnergyVariance":{"Mean":21.697303439605896,"Sigma":3.603202143899862,"Taucorr":5.551115123125783e-17},"Iteration":56},
{"Acceptance":[0.192],"Energy":{"Mean":-15.628218901656107,"Sigma":0.3349950401588992,"Taucorr":0.0},"EnergyVariance":{"Mean":14.83285251441821,"Sigma":3.0901465996679773,"Taucorr":-5.551115123125783e-17},"Iteration":57},
{"Acceptance":[0.1791304347826087],"Energy":{"Mean":-15.223574325624776,"Sigma":0.38789091924087904,"Taucorr":-5.551115123125783e-17},"EnergyVariance":{"Mean":15.513683821160566,"Sigma":5.679876090231671,"Taucorr":5.551115123125783e-17},"Iteration":58},
{"Acceptance":[0.2031304347826087],"Energy":{"Mean":-14.949572961216337,"Sigma":0.4521089165999175,"Taucorr":-2.7755575615628914e-17},"EnergyVariance":{"Mean":25.086720404671137,"Sigma":3.7292613521973275,"Taucorr":1.1102230246251565e-16},"Iteration":59},
{"Acceptance":[0.17982608695652175],"Energy":{"Mean":-15.28490988692533,"Sigma":0.2997162698323521,"Taucorr":5.551115123125783e-17},"EnergyVariance":{"Mean":11.009890850745627,"Sigma":1.7910458237614766,"Taucorr":-5.551115123125783e-17},"Iteration":60},
{"Acceptance":[0.18469565217391304],"Energy":{"Mean":-15.614159041852147,"Sigma":0.5361413414320566,"Taucorr":0.0},"EnergyVariance":{"Mean":31.754676949005788,"Sigma":10.99079688058054,"Taucorr":5.551115123125783e-17},"Iteration":61},
{"Acceptance":[0.2062608695652174],"Energy":{"Mean":-16.143129106339956,"Sigma":0.38510182271658117,"Taucorr":2.7755575615628914e-17},"EnergyVariance":{"Mean":17.873684731434402,"Sigma":2.9178678480421274,"Taucorr":-2.7755575615628914e-17},"Iteration":62},
{"Acceptance":[0.18295652173913043],"Energy":{"Mean":-15.539831848794435,"Sigma":0.31713769388823687,"Taucorr":0.0},"EnergyVariance":{"Mean":11.37105885148431,"Sigma":1.494957789466674,"Taucorr":0.0},"Iteration":63},
{"Acceptance":[0.1885217391304348],"Energy":{"Mean":-16.21789704189459,"Sigma":0.34538724712513025,"Taucorr":0.0},"EnergyVariance":{"Mean":17.48691221484283,"Sigma":4.298517287247147,"Taucorr":0.0},"Iteration":64},
{"Acceptance":[0.18817391304347827],"Energy":{"Mean":-15.336124457521827,"Sigma":0.3871645958404103,"Taucorr":5.551115123125783e-17},"EnergyVariance":{"Mean":30.711279722828372,"Sigma":11.373689236467357,"Taucorr":-5.551115123125783e-17},"Iteration":65},
{"Acceptance":[0.16730434782608697],"Energy":{"Mean":-14.749728589246715,"Sigma":0.539468248905589,"Taucorr":5.551115123125783e-17},"EnergyVariance":{"Mean":38.68008859575465,"Sigma":11.24557937850491,"Taucorr":2.7755575615628914e-17},"Iteration":66},
{"Acceptance":[0.16417391304347825],"Energy":{"Mean":-15.910483064914352,"Sigma":0.3364632195026119,"Taucorr":0.0},"EnergyVariance":{"Mean":11.969824240624927,"Sigma":1.5734295242002045,"Taucorr":-2.7755575615628914e-17},"Iteration":67},
{"Acceptance":[0.18539130434782608],"Energy":{"Mean":-15.272970768041322,"Sigma":0.43643415694202614,"Taucorr":-2.7755575615628914e-17},"EnergyVariance":{"Mean":30.512623050322695,"Sigma":11.48437220213744,"Taucorr":0.0},"Iteration":68},
{"Acceptance":[0.1791304347826087],"Energy":{"Mean":-15.19350785232226,"Sigma":0.33792602339929445,"Taucorr":5.551115123125783e-17},"EnergyVariance":{"Mean":16.926418596709592,"Sigma":3.948563461942769,"Taucorr":0.0},"Iteration":69},
{"Acceptance":[0.17530434782608695],"Energy":{"Mean":-15.715471788857148,"Sigma":0.40533536927385017,"Taucorr":5.551115123125783e-17},"EnergyVariance":{"Mean":20.2267052581304,"Sigma":4.248423875745493,"Taucorr":0.0},"Iteration":70},
{"Acceptance":[0.1902608695652174],"Energy":{"Mean":-15.054405334618725,"Sigma":0.39944492126049436,"Taucorr":0.0},"EnergyVariance":{"Mean":18.71775981562648,"Sigma":4.5010964890846,"Taucorr":5.551115123125783e-17},"Iteration":71},
{"Acceptance":[0.1634782608695652],"Energy":{"Mean":-15.663991214432539,"Sigma":0.3697311503623997,"Taucorr":5.551115123125783e-17},"EnergyVariance":{"Mean":23.379975028120995,"Sigma":9.878210285670358,"Taucorr":0.0},"Iteration":72},
{"Acceptance":[0.16695652173913045],"Energy":{"Mean":-15.651089346078757,"Sigma":0.41143584884459916,"Taucorr":0.0},"EnergyVariance":{"Mean":20.264675891664968,"Sigma":4.113968508137087,"Taucorr":0.0},"Iteration":73},
{"Acceptance":[0.16869565217391305],"Energy":{"Mean":-15.646843170213506,"Sigma":0.48241876106139364,"Taucorr":0.0},"EnergyVariance":{"Mean":30.919948382759593,"Sigma":12.946682332324288,"Taucorr":0.0},"Iteration":74},
{"Acceptance":[0.1676521739130435],"Energy":{"Mean":-15.877308150995363,"Sigma":0.31708077774047516,"Taucorr":0.0},"EnergyVariance":{"Mean":11.506651873097933,"Sigma":1.7517269855448359,"Taucorr":0.0},"Iteration":75},
{"Acceptance":[0.16869565217391305],"Energy":{"Mean":-15.304894819926005,"Sigma":0.39183028810547804,"Taucorr":-5.551115123125783e-17},"EnergyVariance":{"Mean":18.114734140345515,"Sigma":3.645111243648757,"Taucorr":0.0},"Iteration":76},
{"Acceptance":[0.1613913043478261],"Energy":{"Mean":-15.500567954512873,"Sigma":0.445342625017434,"Taucorr":-2.7755575615628914e-17},"EnergyVariance":{"Mean":36.94106299283392,"Sigma":16.261377709838534,"Taucorr":0.0},"Iteration":77},
{"Acceptance":[0.17217391304347826],"Energy":{"Mean":-16.74841573515013,"Sigma":0.3268798777152096,"Taucorr":5.551115123125783e-17},"EnergyVariance":{"Mean":11.918935582392137,"Sigma":1.6548462233928083,"Taucorr":0.0},"Iteration":78},
{"Acceptance":[0.17704347826086955],"Energy":{"Mean":-15.281485896793257,"Sigma":0.39297296494101996,"Taucorr":-5.551115123125783e-17},"EnergyVariance":{"Mean":17.30247852386853,"Sigma":5.919171732745766,"Taucorr":2.7755575615628914e-17},"Iteration":79},
{"Acceptance":[0.1693913043478261],"Energy":{"Mean":-15.119785530983183,"Sigma":0.3156113159513707,"Taucorr":0.0},"EnergyVariance":{"Mean":11.71347652912607,"Sigma":1.74374380526398,"Taucorr":0.0},"Iteration":80},
{"Acceptance":[0.1763478260869565],"Energy":{"Mean":-15.038219577170732,"Sigma":0.38264217465384603,"Taucorr":0.0},"EnergyVariance":{"Mean":18.771047667897218,"Sigma":4.678244063260511,"Taucorr":5.551115123125783e-17},"Iteration":81},
{"Acceptance":[0.176],"Energy":{"Mean":-16.159621213994185,"Sigma":0.27549029257036844,"Taucorr":0.0},"EnergyVariance":{"Mean":10.332406212778775,"Sigma":1.54255518968184,"Taucorr":-5.551115123125783e-17},"Iteration":82},
{"Acceptance":[0.18121739130434783],"Energy":{"Mean":-14.854608329152065,"Sigma":0.6509562513791172,"Taucorr":0.0},"EnergyVariance":{"Mean":66.12087807267662,"Sigma":27.288919492772234,"Taucorr":0.0},"Iteration":83},
{"Acceptance":[0.1822608695652174],"Energy":{"Mean":-16.727659796748682,"Sigma":0.3813033147917992,"Taucorr":-5.551115123125783e-17},"EnergyVariance":{"Mean":16.663406944057485,"Sigma":2.8776406138795596,"Taucorr":5.551115123125783e-17},"Iteration":84},
{"Acceptance":[0.184],"Energy":{"Mean":-16.578042003146965,"Sigma":0.28741200780120457,"Taucorr":5.551115123125783e-17},"EnergyVariance":{"Mean":13.263384976493423,"Sigma":4.30978612700861,"Taucorr":-2.7755575615628914e-17},"Iteration":85},
{"Acceptance":[0.18539130434782608],"Energy":{"Mean":-16.516397070349043,"Sigma":0.2740895589551877,"Taucorr":-2.7755575615628914e-17},"EnergyVariance":{"Mean":22.388010723556263,"Sigma":15.075920817764802,"Taucorr":0.0},"Iteration":86},
{"Acceptance":[0.17008695652173914],"Energy":{"Mean":-15.994311026942839,"Sigma":0.30120106621368137,"Taucorr":-2.7755575615628914e-17},"EnergyVariance":{"Mean":9.729354746515828,"Sigma":2.129635667409141,"Taucorr":5.551115123125783e-17},"Iteration":87},
{"Acceptance":[0.17704347826086955],"Energy":{"Mean":-15.741775981370804,"Sigma":0.3215782378947478,"Taucorr":2.7755575615628914e-17},"EnergyVariance":{"Mean":13.474862436918079,"Sigma":1.6672210243002406,"Taucorr":-2.7755575615628914e-17},"Iteration":88},
{"Acceptance":[0.18295652173913043],"Energy":{"Mean":-16.419987168445054,"Sigma":0.29206206120088984,"Taucorr":-2.7755575615628914e-17},"EnergyVariance":{"Mean":10.168833707842051,"Sigma":1.587159960154041,"Taucorr":-2.7755575615628914e-17},"Iteration":89},
{"Acceptance":[0.19721739130434782],"Energy":{"Mean":-15.159018001937408,"Sigma":0.3344349963102332,"Taucorr":0.0},"EnergyVariance":{"Mean":14.425566520003485,"Sigma":1.9004478950158,"Taucorr":5.551115123125783e-17},"Iteration":90},
{"Acceptance":[0.17495652173913043],"Energy":{"Mean":-16.49957741814361,"Sigma":0.33460826307409947,"Taucorr":0.0},"EnergyVariance":{"Mean":11.855035720075078,"Sigma":1.850696537201335,"Taucorr":-2.7755575615628914e-17},"Iteration":91},
{"Acceptance":[0.19791304347826086],"Energy":{"Mean":-15.620499646071531,"Sigma":0.3297906554305476,"Taucorr":1.6653345369377348e-16},"EnergyVariance":{"Mean":12.244724126064595,"Sigma":1.7181631116292146,"Taucorr":-5.551115123125783e-17},"Iteration":92},
{"Acceptance":[0.1634782608695652],"Energy":{"Mean":-15.87235514353731,"Sigma":0.3212717227307069,"Taucorr":5.551115123125783e-17},"EnergyVariance":{"Mean":13.02516227909962,"Sigma":2.6160579628134677,"Taucorr":5.551115123125783e-17},"Iteration":93},
{"Acceptance":[0.176],"Energy":{"Mean":-16.05190204188957,"Sigma":0.34159092949497694,"Taucorr":-5.551115123125783e-17},"EnergyVariance":{"Mean":13.606783709928973,"Sigma":2.27666131187336,"Taucorr":0.0},"Iteration":94},
{"Acceptance":[0.18886956521739132],"Energy":{"Mean":-15.894651991359048,"Sigma":0.3453818412179,"Taucorr":0.0},"EnergyVariance":{"Mean":21.408961442386456,"Sigma":12.066331089374756,"Taucorr":0.0},"Iteration":95},
{"Acceptance":[0.19930434782608697],"Energy":{"Mean":-16.72361055689079,"Sigma":0.3482902602275437,"Taucorr":-5.551115123125783e-17},"EnergyVariance":{"Mean":15.184721429142105,"Sigma":2.6012913183221222,"Taucorr":0.0},"Iteration":96},
{"Acceptance":[0.1874782608695652],"Energy":{"Mean":-16.45548647866685,"Sigma":0.3218975924234213,"Taucorr":1.1102230246251565e-16},"EnergyVariance":{"Mean":14.697518741149997,"Sigma":2.306172012861092,"Taucorr":5.551115123125783e-17},"Iteration":97},
{"Acceptance":[0.17426086956521739],"Energy":{"Mean":-16.156104221978325,"Sigma":0.31750503876305075,"Taucorr":0.0},"EnergyVariance":{"Mean":11.944117310741804,"Sigma":1.730884770543773,"Taucorr":5.551115123125783e-17},"Iteration":98},
{"Acceptance":[0.1902608695652174],"Energy":{"Mean":-16.305108277544477,"Sigma":0.35334229788898514,"Taucorr":1.1102230246251565e-16},"EnergyVariance":{"Mean":16.028518120853924,"Sigma":2.1836425740144016,"Taucorr":0.0},"Iteration":99} 
]}
{"input": {"L": 22, "J": 1, "machine": {"type": "FFNN", "model": ["tanh", 42, 1]}, "sampler": {"type": "MetropolisHop", "d_max": 5}, "optimizer": {"type": "AdaMax", "alpha": 0.001, "beta1": 0.9, "beta2": 0.999, "epscut": 1e-07}, "VMC": {"n_samples": 100, "discarded_samples": 100, "discarded_samples_on_init": 0, "target": "energy", "method": "Gd", "diag_shift": 0.01, "use_iterative": true, "use_cholesky": true}, "n_iter": 100}}
duration: -0.40497612953186035