{"Output": [
{"Acceptance":[0.9422727272727273],"Energy":{"Mean":9.162669672931163,"Sigma":0.21263841571137004,"Taucorr":-0.03379913790800759},"EnergyVariance":{"Mean":4.657522430921867,"Sigma":0.8097931191729695,"Taucorr":0.0255709127104522},"Iteration":0},
{"Acceptance":[0.9363636363636364],"Energy":{"Mean":8.781810647003432,"Sigma":0.17499562730728638,"Taucorr":-0.07548347527353172},"EnergyVariance":{"Mean":3.5335289835284134,"Sigma":0.559456602677608,"Taucorr":0.06536017674696126},"Iteration":1},
{"Acceptance":[0.9372727272727273],"Energy":{"Mean":8.617963379051957,"Sigma":0.21905251715276422,"Taucorr":-0.0751208930826735},"EnergyVariance":{"Mean":5.466933850390387,"Sigma":0.8882870702005383,"Taucorr":0.0031160855604223103},"Iteration":2},
{"Acceptance":[0.925],"Energy":{"Mean":8.416101548383406,"Sigma":0.20237125542731116,"Taucorr":-0.1464494055986798},"EnergyVariance":{"Mean":5.627217742051588,"Sigma":0.6959114771117096,"Taucorr":-0.1590193156014696},"Iteration":3},
{"Acceptance":[0.9322727272727273],"Energy":{"Mean":8.771289401870476,"Sigma":0.26644687280472074,"Taucorr":0.21181816612832138},"EnergyVariance":{"Mean":4.880973575945771,"Sigma":0.8281144309859767,"Taucorr":0.012675797423848723},"Iteration":4},
{"Acceptance":[0.9254545454545454],"Energy":{"Mean":8.945098785299455,"Sigma":0.26084966186672454,"Taucorr":0.05936028323420495},"EnergyVariance":{"Mean":5.9820820106499175,"Sigma":0.8106947082787536,"Taucorr":0.07911825849270737},"Iteration":5},
{"Acceptance":[0.9231818181818182],"Energy":{"Mean":8.17409968559287,"Sigma":0.219580433832763,"Taucorr":0.0572997654673264},"EnergyVariance":{"Mean":4.355690762871935,"Sigma":0.5222117016748619,"Taucorr":-0.07244207948068704},"Iteration":6},
{"Acceptance":[0.9177272727272727],"Energy":{"Mean":8.407897349158894,"Sigma":0.20024658462661019,"Taucorr":-0.10257569771011793},"EnergyVariance":{"Mean":5.046870174451009,"Sigma":0.6192688576251153,"Taucorr":0.026312700544798395},"Iteration":7},
{"Acceptance":[0.9145454545454546],"Energy":{"Mean":8.58489843183073,"Sigma":0.24168711680149493,"Taucorr":-0.025402830425268363},"EnergyVariance":{"Mean":6.114516439087536,"Sigma":0.7999600872820738,"Taucorr":-0.057847216734728424},"Iteration":8},
{"Acceptance":[0.9095454545454545],"Energy":{"Mean":9.045945037811656,"Sigma":0.15458199551699314,"Taucorr":-0.2425977721986567},"EnergyVariance":{"Mean":4.6935407380363,"Sigma":0.4555005118363568,"Taucorr":-0.10300457391021489},"Iteration":9},
{"Acceptance":[0.9054545454545454],"Energy":{"Mean":8.325882456049065,"Sigma":0.2632561966274224,"Taucorr":-0.05022023039639162},"EnergyVariance":{"Mean":7.6777206047913555,"Sigma":1.5874288128933027,"Taucorr":0.22545956433740189},"Iteration":10},
{"Acceptance":[0.9163636363636364],"Energy":{"Mean":8.49312187311165,"Sigma":0.291565340158113,"Taucorr":0.16387130661613936},"EnergyVariance":{"Mean":6.478718561536719,"Sigma":0.7050442148843884,"Taucorr":-0.11246749268840617},"Iteration":11},
{"Acceptance":[0.92],"Energy":{"Mean":8.525421670429989,"Sigma":0.25493826469979775,"Taucorr":0.06540838912058844},"EnergyVariance":{"Mean":5.994858808443818,"Sigma":0.8875109950205132,"Taucorr":-0.014536201308247398},"Iteration":12},
{"Acceptance":[0.9022727272727272],"Energy":{"Mean":8.613198478960372,"Sigma":0.24419365702408533,"Taucorr":0.03149208588611674},"EnergyVariance":{"Mean":5.774461668728049,"Sigma":0.824290221871862,"Taucorr":-0.026419040467758448},"Iteration":13},
{"Acceptance":[0.9068181818181819],"Energy":{"Mean":8.70033805351891,"Sigma":0.2254772721436855,"Taucorr":0.11515654436625467},"EnergyVariance":{"Mean":4.468095037099668,"Sigma":0.6571759355399843,"Taucorr":0.1780469286346994},"Iteration":14},
{"Acceptance":[0.9086363636363637],"Energy":{"Mean":8.449094703579096,"Sigma":0.20775714495564973,"Taucorr":-0.09206034451047623},"EnergyVariance":{"Mean":5.627393633986748,"Sigma":0.5422229342722438,"Taucorr":-0.16997314017974624},"Iteration":15},
{"Acceptance":[0.9013636363636364],"Energy":{"Mean":8.540637246050867,"Sigma":0.2688917467557545,"Taucorr":0.21822928091844784},"EnergyVariance":{"Mean":5.435001284041195,"Sigma":0.5284033791904891,"Taucorr":-0.14829595000686907},"Iteration":16},
{"Acceptance":[0.8877272727272727],"Energy":{"Mean":8.790841797908293,"Sigma":0.24282173080453048,"Taucorr":0.0253838759267071},"EnergyVariance":{"Mean":5.965277391017797,"Sigma":0.5942447186846741,"Taucorr":-0.10679195507823014},"Iteration":17},
{"Acceptance":[0.8881818181818182],"Energy":{"Mean":8.922549430166919,"Sigma":0.2409856478071744,"Taucorr":-0.01367592448910615},"EnergyVariance":{"Mean":6.471857906122306,"Sigma":0.985117342108562,"Taucorr":0.0731454325218297},"Iteration":18},
{"Acceptance":[0.8909090909090909],"Energy":{"Mean":8.436232805069684,"Sigma":0.2879917634665166,"Taucorr":0.15385675767454066},"EnergyVariance":{"Mean":6.639410733909959,"Sigma":0.7339509027927152,"Taucorr":-0.07699422194199629},"Iteration":19},
{"Acceptance":[0.8854545454545455],"Energy":{"Mean":8.213741904057418,"Sigma":0.22108777158434748,"Taucorr":-0.07238550616021683},"EnergyVariance":{"Mean":6.112978313804553,"Sigma":0.7098959710774803,"Taucorr":-0.12295995912932428},"Iteration":20},
{"Acceptance":[0.8922727272727272],"Energy":{"Mean":8.537340889229416,"Sigma":0.3350694170852061,"Taucorr":0.31215132033348714},"EnergyVariance":{"Mean":7.447456432944964,"Sigma":0.9768233165028876,"Taucorr":-0.06720461599497474},"Iteration":21},
{"Acceptance":[0.8718181818181818],"Energy":{"Mean":8.13491753668651,"Sigma":0.2711072424691715,"Taucorr":0.33298593031402923},"EnergyVariance":{"Mean":4.992318995996395,"Sigma":0.6242931849956479,"Taucorr":-0.12268722280160149},"Iteration":22},
{"Acceptance":[0.8845454545454545],"Energy":{"Mean":8.389839867356017,"Sigma":0.21702775547114586,"Taucorr":-0.08778725845875995},"EnergyVariance":{"Mean":6.228928442948924,"Sigma":0.6586025399792147,"Taucorr":-0.1406271379779001},"Iteration":23},
{"Acceptance":[0.8745454545454545],"Energy":{"Mean":8.409168872815782,"Sigma":0.29200367685453293,"Taucorr":0.12951817550942502},"EnergyVariance":{"Mean":7.474122645242086,"Sigma":0.8339098571725434,"Taucorr":-0.06633467938278459},"Iteration":24},
{"Acceptance":[0.8645454545454545],"Energy":{"Mean":8.423948384658363,"Sigma":0.27440745167514824,"Taucorr":0.06027698867502562},"EnergyVariance":{"Mean":7.372529042469049,"Sigma":0.6827239364308992,"Taucorr":-0.1200043431438183},"Iteration":25},
{"Acceptance":[0.8772727272727273],"Energy":{"Mean":8.18458864106676,"Sigma":0.2338150990307998,"Taucorr":0.0636270389738669},"EnergyVariance":{"Mean":5.850687294545314,"Sigma":0.6660570076812697,"Taucorr":-0.07945629864908382},"Iteration":26},
{"Acceptance":[0.8772727272727273],"Energy":{"Mean":7.938475034086336,"Sigma":0.2635167852757921,"Taucorr":0.03951930516915825},"EnergyVariance":{"Mean":7.185189963640724,"Sigma":0.6813729953442667,"Taucorr":-0.12686268138907003},"Iteration":27},
{"Acceptance":[0.855909090909091],"Energy":{"Mean":8.353131465106975,"Sigma":0.1903400588094005,"Taucorr":-0.21288501279916733},"EnergyVariance":{"Mean":7.186056240804826,"Sigma":1.2760238073961403,"Taucorr":0.10477729022783233},"Iteration":28},
{"Acceptance":[0.8590909090909091],"Energy":{"Mean":8.056847168100337,"Sigma":0.29826970575232403,"Taucorr":0.12190635906216751},"EnergyVariance":{"Mean":8.297449463039616,"Sigma":0.8871887666028859,"Taucorr":-0.022454111831945733},"Iteration":29},
{"Acceptance":[0.860909090909091],"Energy":{"Mean":7.878632338731016,"Sigma":0.2878547057190902,"Taucorr":0.19539076091623497},"EnergyVariance":{"Mean":7.113701475483071,"Sigma":0.7312371097163478,"Taucorr":-0.10184128626415023},"Iteration":30},
{"Acceptance":[0.855],"Energy":{"Mean":8.30509990731964,"Sigma":0.24198220915404775,"Taucorr":-0.03207315333206501},"EnergyVariance":{"Mean":7.08571297040614,"Sigma":0.8159703734598235,"Taucorr":-0.0580733872711085},"Iteration":31},
{"Acceptance":[0.845],"Energy":{"Mean":7.695894959492498,"Sigma":0.2287275091799252,"Taucorr":0.04524178952095459},"EnergyVariance":{"Mean":6.198571464670125,"Sigma":0.9186021470822122,"Taucorr":-0.02246150700894456},"Iteration":32},
{"Acceptance":[0.8436363636363636],"Energy":{"Mean":7.132446214090141,"Sigma":0.21444846870934506,"Taucorr":-0.03973059094540071},"EnergyVariance":{"Mean":6.396607993823472,"Sigma":0.7043863701751104,"Taucorr":-0.03543839759023848},"Iteration":33},
{"Acceptance":[0.8531818181818182],"Energy":{"Mean":8.166492788416088,"Sigma":0.23638804099545363,"Taucorr":-0.013613219895867279},"EnergyVariance":{"Mean":6.970581330530527,"Sigma":0.9534308981814078,"Taucorr":0.09924903031291943},"Iteration":34},
{"Acceptance":[0.8518181818181818],"Energy":{"Mean":8.058919942416178,"Sigma":0.28842692802268194,"Taucorr":0.32768834021482307},"EnergyVariance":{"Mean":6.634328186334435,"Sigma":0.7889919905212269,"Taucorr":0.0682853683903415},"Iteration":35},
{"Acceptance":[0.8468181818181818],"Energy":{"Mean":7.685605273252041,"Sigma":0.3186388688431492,"Taucorr":0.25213707644784955},"EnergyVariance":{"Mean":8.374869781376592,"Sigma":0.9276459371787856,"Taucorr":-0.16380128356264068},"Iteration":36},
{"Acceptance":[0.8145454545454546],"Energy":{"Mean":7.362212132391598,"Sigma":0.2568763624413406,"Taucorr":0.004407254091554624},"EnergyVariance":{"Mean":8.254743988457689,"Sigma":0.8536752479075151,"Taucorr":-0.026389205407942984},"Iteration":37},
{"Acceptance":[0.8309090909090909],"Energy":{"Mean":7.805842482266083,"Sigma":0.2803146849372129,"Taucorr":0.04640815376587737},"EnergyVariance":{"Mean":8.818149437497176,"Sigma":0.9679780507617691,"Taucorr":-0.1345641011657563},"Iteration":38},
{"Acceptance":[0.8186363636363636],"Energy":{"Mean":7.800755782662175,"Sigma":0.32050798099936095,"Taucorr":0.13684079881470057},"EnergyVariance":{"Mean":9.727643111972387,"Sigma":1.077562225063569,"Taucorr":-0.13070776102484477},"Iteration":39},
{"Acceptance":[0.8104545454545454],"Energy":{"Mean":7.809161706825134,"Sigma":0.3221170814586481,"Taucorr":0.2934430028570578},"EnergyVariance":{"Mean":8.56665924564064,"Sigma":0.9016255971917521,"Taucorr":0.13937302944266627},"Iteration":40},
{"Acceptance":[0.8018181818181818],"Energy":{"Mean":7.3157182291924086,"Sigma":0.2453207165707725,"Taucorr":-0.008775137594428828},"EnergyVariance":{"Mean":7.862574136579543,"Sigma":0.623016171159243,"Taucorr":-0.15929142612168967},"Iteration":41},
{"Acceptance":[0.8240909090909091],"Energy":{"Mean":7.791876946270889,"Sigma":0.32026991388795284,"Taucorr":0.2507782905946917},"EnergyVariance":{"Mean":9.20926912638307,"Sigma":1.0376963083536752,"Taucorr":-0.0074027906759323026},"Iteration":42},
{"Acceptance":[0.8122727272727273],"Energy":{"Mean":7.622921028722089,"Sigma":0.27784682286359313,"Taucorr":0.1794790070903609},"EnergyVariance":{"Mean":7.274800545158708,"Sigma":0.7457039112720112,"Taucorr":-0.05007004753890365},"Iteration":43},
{"Acceptance":[0.8],"Energy":{"Mean":6.566907122417329,"Sigma":0.298701247311499,"Taucorr":0.10413634821997209},"EnergyVariance":{"Mean":9.325524003985874,"Sigma":2.112726440886125,"Taucorr":0.18756968157848808},"Iteration":44},
{"Acceptance":[0.7881818181818182],"Energy":{"Mean":6.716208130968595,"Sigma":0.23278892419428515,"Taucorr":-0.1880953936917127},"EnergyVariance":{"Mean":11.278559639118708,"Sigma":1.4172439008063489,"Taucorr":0.017391913077063892},"Iteration":45},
{"Acceptance":[0.7713636363636364],"Energy":{"Mean":6.536499235749307,"Sigma":0.321439266882311,"Taucorr":0.10105390569601558},"EnergyVariance":{"Mean":11.173503819327419,"Sigma":1.2299514493134096,"Taucorr":-0.08068657750478048},"Iteration":46},
{"Acceptance":[0.7695454545454545],"Energy":{"Mean":6.636731958233196,"Sigma":0.2478719690409281,"Taucorr":0.04406813634410911},"EnergyVariance":{"Mean":8.277864893315508,"Sigma":0.6748950275446169,"Taucorr":-0.22577926994137776},"Iteration":47},
{"Acceptance":[0.79],"Energy":{"Mean":6.787114900855861,"Sigma":0.3848577204436277,"Taucorr":0.28693421577309286},"EnergyVariance":{"Mean":11.784433804128662,"Sigma":1.6823486191637793,"Taucorr":0.06445326303985333},"Iteration":48},
{"Acceptance":[0.7695454545454545],"Energy":{"Mean":7.053371997339624,"Sigma":0.26436617696402137,"Taucorr":0.12841023699425358},"EnergyVariance":{"Mean":7.926388955423454,"Sigma":0.7611793357937425,"Taucorr":-0.1726266836019169},"Iteration":49},
{"Acceptance":[0.7713636363636364],"Energy":{"Mean":6.4299538423265705,"Sigma":0.30398044504303695,"Taucorr":0.032416767959620785},"EnergyVariance":{"Mean":11.326110335945076,"Sigma":1.3579717132526083,"Taucorr":0.007493903087332665},"Iteration":50},
{"Acceptance":[0.7768181818181819],"Energy":{"Mean":6.522640254581559,"Sigma":0.3480434244214209,"Taucorr":0.29466950848141793},"EnergyVariance":{"Mean":10.517503584575461,"Sigma":1.3690043483968135,"Taucorr":0.17729355469665897},"Iteration":51},
{"Acceptance":[0.7531818181818182],"Energy":{"Mean":6.558317007711624,"Sigma":0.2968409835499827,"Taucorr":0.13999227023760297},"EnergyVariance":{"Mean":8.949460816069564,"Sigma":1.3247067314932475,"Taucorr":0.018073597466863434},"Iteration":52},
{"Acceptance":[0.7540909090909091],"Energy":{"Mean":6.597039466031478,"Sigma":0.31197437107656195,"Taucorr":0.1598895662935631},"EnergyVariance":{"Mean":10.103777289486008,"Sigma":1.5966856423926286,"Taucorr":0.23846504321912676},"Iteration":53},
{"Acceptance":[0.7390909090909091],"Energy":{"Mean":5.869696390154474,"Sigma":0.2765862617390074,"Taucorr":0.08302569540046145},"EnergyVariance":{"Mean":8.740568247695478,"Sigma":1.0453908607492408,"Taucorr":-0.14512493177579283},"Iteration":54},
{"Acceptance":[0.725909090909091],"Energy":{"Mean":6.193883479667969,"Sigma":0.33737935557297827,"Taucorr":0.22745410999172044},"EnergyVariance":{"Mean":10.459181872484406,"Sigma":1.3071964238690243,"Taucorr":-0.10185848624485194},"Iteration":55},
{"Acceptance":[0.7313636363636363],"Energy":{"Mean":6.102623804190798,"Sigma":0.2569435191535608,"Taucorr":-0.041269284555757846},"EnergyVariance":{"Mean":10.476445275794939,"Sigma":0.8356817878847512,"Taucorr":-0.0895554471395581},"Iteration":56},
{"Acceptance":[0.72],"Energy":{"Mean":5.599560903352636,"Sigma":0.3468343178869612,"Taucorr":0.2132209152381216},"EnergyVariance":{"Mean":12.45284514889474,"Sigma":1.2333474937764095,"Taucorr":-0.09542787325228003},"Iteration":57},
{"Acceptance":[0.6840909090909091],"Energy":{"Mean":5.6438116349151315,"Sigma":0.41924102734907515,"Taucorr":0.6427600674997849},"EnergyVariance":{"Mean":11.044799096702107,"Sigma":1.9681797040261602,"Taucorr":0.33871465547769397},"Iteration":58},
{"Acceptance":[0.6877272727272727],"Energy":{"Mean":5.69490394494739,"Sigma":0.29675505883281006,"Taucorr":0.08405584649830589},"EnergyVariance":{"Mean":9.884935302904386,"Sigma":1.6898457397426279,"Taucorr":-0.010276054587070649},"Iteration":59},
{"Acceptance":[0.6922727272727273],"Energy":{"Mean":4.468578063670241,"Sigma":0.5165575139895261,"Taucorr":0.27821125618148157},"EnergyVariance":{"Mean":20.151707337169448,"Sigma":3.259273247247432,"Taucorr":0.005630460354237088},"Iteration":60},
{"Acceptance":[0.7068181818181818],"Energy":{"Mean":5.705530037501862,"Sigma":0.3337264561223246,"Taucorr":0.2966376229563692},"EnergyVariance":{"Mean":10.76809263269117,"Sigma":1.9809721185691838,"Taucorr":0.4024383793054045},"Iteration":61},
{"Acceptance":[0.6918181818181818],"Energy":{"Mean":5.804145249140672,"Sigma":0.4222747399825542,"Taucorr":0.44292369233355044},"EnergyVariance":{"Mean":14.08440315153131,"Sigma":2.294238423524174,"Taucorr":0.008135296878160614},"Iteration":62},
{"Acceptance":[0.6659090909090909],"Energy":{"Mean":5.467238218640532,"Sigma":0.29265146243022894,"Taucorr":0.02008677615859278},"EnergyVariance":{"Mean":12.530800628918213,"Sigma":2.028162154314485,"Taucorr":0.178557404262785},"Iteration":63},
{"Acceptance":[0.6768181818181818],"Energy":{"Mean":5.595465716499517,"Sigma":0.37262404786401604,"Taucorr":0.3258644916649923},"EnergyVariance":{"Mean":10.934399927141051,"Sigma":1.375107963478224,"Taucorr":0.0715976275316943},"Iteration":64},
{"Acceptance":[0.6777272727272727],"Energy":{"Mean":5.486458551442623,"Sigma":0.4209175412971406,"Taucorr":0.32491100406543794},"EnergyVariance":{"Mean":15.656559902547066,"Sigma":2.654839680098505,"Taucorr":0.07883027137788856},"Iteration":65},
{"Acceptance":[0.63],"Energy":{"Mean":4.459761425480597,"Sigma":0.6790595322363125,"Taucorr":0.6734131614097207},"EnergyVariance":{"Mean":22.252906257185256,"Sigma":5.187946355168213,"Taucorr":0.5634174112305157},"Iteration":66},
{"Acceptance":[0.6254545454545455],"Energy":{"Mean":4.4344306260665345,"Sigma":0.6283162634151372,"Taucorr":0.5949655098214954},"EnergyVariance":{"Mean":19.334464384274604,"Sigma":4.157607702576074,"Taucorr":0.47224325712346604},"Iteration":67},
{"Acceptance":[0.6163636363636363],"Energy":{"Mean":4.4644888659609325,"Sigma":0.5074612202661297,"Taucorr":0.36479804618019485},"EnergyVariance":{"Mean":17.94455818951269,"Sigma":4.051879751367292,"Taucorr":0.28201101610574597},"Iteration":68},
{"Acceptance":[0.6454545454545455],"Energy":{"Mean":3.920177584783075,"Sigma":0.6532144277532964,"Taucorr":0.6045278252041029},"EnergyVariance":{"Mean":22.877019053158456,"Sigma":5.145339206791983,"Taucorr":0.4872928180716247},"Iteration":69},
{"Acceptance":[0.5627272727272727],"Energy":{"Mean":2.6119434426608605,"Sigma":1.0576566848136235,"Taucorr":0.9595126575180217},"EnergyVariance":{"Mean":40.17772809343526,"Sigma":7.2013480153817815,"Taucorr":0.7764920513015738},"Iteration":70},
{"Acceptance":[0.6368181818181818],"Energy":{"Mean":5.70475502979569,"Sigma":0.4505314887775202,"Taucorr":0.31320071969812524},"EnergyVariance":{"Mean":16.639509354551436,"Sigma":2.649142948410907,"Taucorr":0.010808810343974184},"Iteration":71},
{"Acceptance":[0.36454545454545456],"Energy":{"Mean":-1.4798213768523847,"Sigma":1.204823215869246,"Taucorr":1.1211959908202411},"EnergyVariance":{"Mean":45.90642676155241,"Sigma":4.31000206831262,"Taucorr":0.07308613695813115},"Iteration":72},
{"Acceptance":[0.5222727272727272],"Energy":{"Mean":2.4049625355834703,"Sigma":1.0359382709046416,"Taucorr":1.052466193105885},"EnergyVariance":{"Mean":35.436912028418384,"Sigma":6.584737688410632,"Taucorr":0.8328999010322098},"Iteration":73},
{"Acceptance":[0.45590909090909093],"Energy":{"Mean":3.6912359623064646,"Sigma":0.827126600475788,"Taucorr":0.8316511451547131},"EnergyVariance":{"Mean":29.180928917225774,"Sigma":5.08279531177951,"Taucorr":0.3823346137204091},"Iteration":74},
{"Acceptance":[0.5295454545454545],"Energy":{"Mean":2.3865007630022976,"Sigma":0.9696373770349549,"Taucorr":1.0237214300841728},"EnergyVariance":{"Mean":31.664893429634006,"Sigma":4.641406875391112,"Taucorr":0.47267429771208647},"Iteration":75},
{"Acceptance":[0.5586363636363636],"Energy":{"Mean":4.106158364711339,"Sigma":0.7405108352126135,"Taucorr":0.7062361257374088},"EnergyVariance":{"Mean":26.197206340109265,"Sigma":5.909864279496956,"Taucorr":0.5886393600929005},"Iteration":76},
{"Acceptance":[0.40636363636363637],"Energy":{"Mean":-0.44662514439275536,"Sigma":1.1691088008327906,"Taucorr":1.1992065687898372},"EnergyVariance":{"Mean":40.62351923900568,"Sigma":3.846679127825644,"Taucorr":0.4141978384598687},"Iteration":77},
{"Acceptance":[0.2531818181818182],"Energy":{"Mean":-3.316413419843771,"Sigma":1.0187258568598883,"Taucorr":1.1306464765337145},"EnergyVariance":{"Mean":31.330772554556393,"Sigma":6.3477689950663425,"Taucorr":0.7257170298443492},"Iteration":78},
{"Acceptance":[0.3472727272727273],"Energy":{"Mean":-2.0124473662176725,"Sigma":1.199639982765614,"Taucorr":1.2217153787392063},"EnergyVariance":{"Mean":43.27666861403972,"Sigma":5.160960391539532,"Taucorr":0.25864122020222524},"Iteration":79},
{"Acceptance":[0.3240909090909091],"Energy":{"Mean":1.1776873046369918,"Sigma":1.0369877752278476,"Taucorr":0.8711430586720839},"EnergyVariance":{"Mean":41.625650876730724,"Sigma":5.096505238761607,"Taucorr":0.49751729949005274},"Iteration":80},
{"Acceptance":[0.3709090909090909],"Energy":{"Mean":-4.718730627989597,"Sigma":0.9344476688030806,"Taucorr":1.291118453793863},"EnergyVariance":{"Mean":23.79868186071643,"Sigma":7.754008935521988,"Taucorr":0.9120205040369329},"Iteration":81},
{"Acceptance":[0.04045454545454545],"Energy":{"Mean":-7.283411716689515,"Sigma":0.26011981025494885,"Taucorr":0.6496175072299522},"EnergyVariance":{"Mean":3.922608886298828,"Sigma":0.9432363902724169,"Taucorr":0.22545505953412737},"Iteration":82},
{"Acceptance":[0.06454545454545454],"Energy":{"Mean":-6.539073162723914,"Sigma":0.19295468986238506,"Taucorr":0.5868493861186268},"EnergyVariance":{"Mean":1.8897546949831971,"Sigma":0.5054947061613342,"Taucorr":0.16341668832872214},"Iteration":83},
{"Acceptance":[0.023636363636363636],"Energy":{"Mean":-5.240916091710886,"Sigma":1.6517356314826914,"Taucorr":0.09166915100135797},"EnergyVariance":{"Mean":224.21679334715353,"Sigma":218.74965387907437,"Taucorr":0.0236129357963496},"Iteration":84},
{"Acceptance":[0.012727272727272728],"Energy":{"Mean":-6.2084484100174535,"Sigma":0.11366724007366175,"Taucorr":0.5647158172883326},"EnergyVariance":{"Mean":0.579217095117397,"Sigma":0.24826183737807234,"Taucorr":0.13896885798434133},"Iteration":85},
{"Acceptance":[0.013181818181818182],"Energy":{"Mean":-6.448123540079905,"Sigma":0.17865856569281047,"Taucorr":1.2022713555188609},"EnergyVariance":{"Mean":0.8948763068811971,"Sigma":0.3186367436444076,"Taucorr":0.8415265164767674},"Iteration":86},
{"Acceptance":[0.005],"Energy":{"Mean":-6.09960842378257,"Sigma":0.07068602563719803,"Taucorr":0.6150836150465298},"EnergyVariance":{"Mean":0.21539661440332936,"Sigma":0.13013121911303,"Taucorr":0.5937673859526893},"Iteration":87},
{"Acceptance":[0.005454545454545455],"Energy":{"Mean":-6.01321323170858,"Sigma":0.021818542512137863,"Taucorr":-3.3306690738754696e-16},"EnergyVariance":{"Mean":0.045324870456403606,"Sigma":0.044810096609973926,"Taucorr":-1.1102230246251565e-16},"Iteration":88},
{"Acceptance":[0.015909090909090907],"Energy":{"Mean":-6.213753989785844,"Sigma":0.10482695761526073,"Taucorr":0.758341759352881},"EnergyVariance":{"Mean":0.4151636296967254,"Sigma":0.17511676319749175,"Taucorr":0.7583417593528816},"Iteration":89},
{"Acceptance":[0.010454545454545454],"Energy":{"Mean":-6.546747477035968,"Sigma":0.16449337620614102,"Taucorr":0.6114189696646655},"EnergyVariance":{"Mean":1.176137317236027,"Sigma":0.27485530913366263,"Taucorr":0.1689467775951622},"Iteration":90},
{"Acceptance":[0.007727272727272728],"Energy":{"Mean":-6.592616061966567,"Sigma":0.2053191226413922,"Taucorr":1.136941099000241},"EnergyVariance":{"Mean":1.2393796042992116,"Sigma":0.40605990233150724,"Taucorr":0.6728294420393952},"Iteration":91},
{"Acceptance":[0.006818181818181818],"Energy":{"Mean":-6.0662837753453385,"Sigma":0.048878294228541175,"Taucorr":-0.01338220093748077},"EnergyVariance":{"Mean":0.23911906339326636,"Sigma":0.1926113471838746,"Taucorr":-0.00751141844460973},"Iteration":92},
{"Acceptance":[0.017727272727272727],"Energy":{"Mean":-7.771734946413892,"Sigma":0.11667854550594312,"Taucorr":0.35290822559622015},"EnergyVariance":{"Mean":0.8506945882209066,"Sigma":0.24735543624207024,"Taucorr":0.5251039319896795},"Iteration":93},
{"Acceptance":[0.012272727272727272],"Energy":{"Mean":-7.296854732144533,"Sigma":0.1769910151696547,"Taucorr":0.9542450818819446},"EnergyVariance":{"Mean":1.0404812438476867,"Sigma":0.10010876351164612,"Taucorr":0.6822917828900656},"Iteration":94},
{"Acceptance":[0.012727272727272728],"Energy":{"Mean":-7.639797346546425,"Sigma":0.18587890314648037,"Taucorr":1.1952882116481724},"EnergyVariance":{"Mean":1.0475837043749612,"Sigma":0.2847774464122277,"Taucorr":0.6203498235986333},"Iteration":95},
{"Acceptance":[0.013636363636363636],"Energy":{"Mean":-7.97021192817308,"Sigma":0.022660466472105914,"Taucorr":-0.24665499998132817},"EnergyVariance":{"Mean":0.12325112871300137,"Sigma":0.06264056567442738,"Taucorr":0.4396956698336155},"Iteration":96},
{"Acceptance":[0.00909090909090909],"Energy":{"Mean":-7.596829670885756,"Sigma":0.1654187582412123,"Taucorr":0.6878891612522},"EnergyVariance":{"Mean":1.3683431873946645,"Sigma":0.4433245337261725,"Taucorr":0.03188614850584237},"Iteration":97},
{"Acceptance":[0.01],"Energy":{"Mean":-7.926569442104472,"Sigma":0.053279075615438314,"Taucorr":0.3974132744333768},"EnergyVariance":{"Mean":0.1527915325788015,"Sigma":0.08923867079653439,"Taucorr":0.7539009359904676},"Iteration":98},
{"Acceptance":[0.005454545454545455],"Energy":{"Mean":-7.979137928327228,"Sigma":0.013993603913068644,"Taucorr":-0.016651248843663535},"EnergyVariance":{"Mean":0.019490615244347767,"Sigma":0.013195343526481882,"Taucorr":-0.016651248843663202},"Iteration":99} 
]}
{"input": {"L": 10, "J": 1, "machine": {"type": "FFNN", "model": ["tanh", 4, 3]}, "sampler": {"type": "MetropolisHop", "d_max": 5}, "optimizer": {"type": "AdaMax", "alpha": 0.001, "beta1": 0.9, "beta2": 0.999, "epscut": 1e-07}, "VMC": {"n_samples": 100, "discarded_samples": 100, "discarded_samples_on_init": 0, "target": "energy", "method": "Gd", "diag_shift": 0.01, "use_iterative": true, "use_cholesky": true}, "n_iter": 100}}
duration: -0.4479410648345947