{"Output": [
{"Acceptance":[0.9240909090909091],"Energy":{"Mean":9.126165156176718,"Sigma":0.2642927158667585,"Taucorr":0.16518136324812027},"EnergyVariance":{"Mean":5.197819797107965,"Sigma":0.9038633622313132,"Taucorr":0.1700252998797649},"Iteration":0},
{"Acceptance":[0.8859090909090909],"Energy":{"Mean":8.15055057188672,"Sigma":0.29015954589308596,"Taucorr":0.052458110878540354},"EnergyVariance":{"Mean":7.500792568609596,"Sigma":0.9082081994165891,"Taucorr":-0.10644521817818031},"Iteration":1},
{"Acceptance":[0.8918181818181818],"Energy":{"Mean":8.50853077896824,"Sigma":0.2621054405153256,"Taucorr":0.13887934842423078},"EnergyVariance":{"Mean":5.585406244959876,"Sigma":0.7633153548210121,"Taucorr":-0.006475062867593306},"Iteration":2},
{"Acceptance":[0.8895454545454545],"Energy":{"Mean":8.603080843540718,"Sigma":0.2633059391596479,"Taucorr":0.01951448354292351},"EnergyVariance":{"Mean":6.848376565742445,"Sigma":0.6680157008316048,"Taucorr":-0.1815439840707262},"Iteration":3},
{"Acceptance":[0.8677272727272727],"Energy":{"Mean":8.670137141172598,"Sigma":0.28133185279003686,"Taucorr":0.24144168137949662},"EnergyVariance":{"Mean":5.63325099532857,"Sigma":0.7104198333750686,"Taucorr":-0.054354768719312496},"Iteration":4},
{"Acceptance":[0.8731818181818182],"Energy":{"Mean":8.46638329628552,"Sigma":0.24583070433584284,"Taucorr":0.054551441632928466},"EnergyVariance":{"Mean":5.88638671265642,"Sigma":0.8101239318108793,"Taucorr":0.18114294293409494},"Iteration":5},
{"Acceptance":[0.8554545454545455],"Energy":{"Mean":8.227239554304377,"Sigma":0.23902471304945963,"Taucorr":-0.07714372557720522},"EnergyVariance":{"Mean":7.143107232835078,"Sigma":0.7430470615564913,"Taucorr":-0.10508333386314661},"Iteration":6},
{"Acceptance":[0.8336363636363636],"Energy":{"Mean":8.066669691397548,"Sigma":0.26325512302058096,"Taucorr":0.16297464565557274},"EnergyVariance":{"Mean":5.915887739071756,"Sigma":1.000041692555379,"Taucorr":0.012878914564029564},"Iteration":7},
{"Acceptance":[0.8209090909090909],"Energy":{"Mean":7.5906003764935335,"Sigma":0.3466680395647023,"Taucorr":0.3569309659650308},"EnergyVariance":{"Mean":7.959620666776724,"Sigma":1.0332844431732504,"Taucorr":-0.11904281550407514},"Iteration":8},
{"Acceptance":[0.8290909090909091],"Energy":{"Mean":7.6345760979060495,"Sigma":0.3414240939224434,"Taucorr":0.27520434454484244},"EnergyVariance":{"Mean":8.518164441134868,"Sigma":1.035220487120956,"Taucorr":-0.024497629450557057},"Iteration":9},
{"Acceptance":[0.8018181818181818],"Energy":{"Mean":7.760478143816672,"Sigma":0.2603861986154153,"Taucorr":0.01627008812971742},"EnergyVariance":{"Mean":7.629298554056339,"Sigma":0.9001459280455917,"Taucorr":-0.09933588133312565},"Iteration":10},
{"Acceptance":[0.7995454545454546],"Energy":{"Mean":7.696727744819628,"Sigma":0.3087328704762679,"Taucorr":0.3034717221720721},"EnergyVariance":{"Mean":7.252516208221252,"Sigma":0.8294321098528874,"Taucorr":-0.060518544857622314},"Iteration":11},
{"Acceptance":[0.795],"Energy":{"Mean":7.641750938178593,"Sigma":0.3304521812067714,"Taucorr":0.2858576669430819},"EnergyVariance":{"Mean":8.268427654407493,"Sigma":1.06996364766907,"Taucorr":-0.016020572514751086},"Iteration":12},
{"Acceptance":[0.7918181818181819],"Energy":{"Mean":7.838267648454673,"Sigma":0.28240233130193093,"Taucorr":0.129176373015916},"EnergyVariance":{"Mean":7.757198045071458,"Sigma":1.175000175356285,"Taucorr":0.0979173129079507},"Iteration":13},
{"Acceptance":[0.7681818181818182],"Energy":{"Mean":6.751704387275085,"Sigma":0.29630335231541166,"Taucorr":0.091828387746132},"EnergyVariance":{"Mean":8.54733998867339,"Sigma":0.9306913912113527,"Taucorr":-0.08968798054891663},"Iteration":14},
{"Acceptance":[0.7490909090909091],"Energy":{"Mean":7.52726188776234,"Sigma":0.3151336644962079,"Taucorr":0.09085031960400636},"EnergyVariance":{"Mean":9.575983518678118,"Sigma":1.3032233359947056,"Taucorr":0.01513122501826003},"Iteration":15},
{"Acceptance":[0.7331818181818182],"Energy":{"Mean":6.539210848180118,"Sigma":0.37802952249516614,"Taucorr":0.18376787866221722},"EnergyVariance":{"Mean":12.057547766876244,"Sigma":1.584306145604547,"Taucorr":0.07570286421304528},"Iteration":16},
{"Acceptance":[0.7404545454545455],"Energy":{"Mean":6.457261730777297,"Sigma":0.3395628301631643,"Taucorr":0.24054778524382514},"EnergyVariance":{"Mean":9.293974868497063,"Sigma":0.9909592388512766,"Taucorr":-0.01885891809519752},"Iteration":17},
{"Acceptance":[0.7131818181818181],"Energy":{"Mean":6.931110834939481,"Sigma":0.3363120555445296,"Taucorr":0.2819794231520917},"EnergyVariance":{"Mean":9.409726661836377,"Sigma":0.986708010307151,"Taucorr":-0.1088600640497367},"Iteration":18},
{"Acceptance":[0.6990909090909091],"Energy":{"Mean":6.454458814291622,"Sigma":0.32863436765606147,"Taucorr":0.12266310415491921},"EnergyVariance":{"Mean":10.707268918315675,"Sigma":1.5574501330857153,"Taucorr":0.08988556244939272},"Iteration":19},
{"Acceptance":[0.6959090909090909],"Energy":{"Mean":6.345628508781705,"Sigma":0.30695511079835036,"Taucorr":0.05091859266040111},"EnergyVariance":{"Mean":10.816718759236617,"Sigma":1.0785435779388737,"Taucorr":-0.12337658408352287},"Iteration":20},
{"Acceptance":[0.6768181818181818],"Energy":{"Mean":5.635509902004436,"Sigma":0.3001938486800219,"Taucorr":0.08041302205124978},"EnergyVariance":{"Mean":10.107565776446622,"Sigma":1.3203591466710864,"Taucorr":0.08306876381511785},"Iteration":21},
{"Acceptance":[0.6713636363636364],"Energy":{"Mean":5.6858414710823695,"Sigma":0.3629173081712808,"Taucorr":0.292965346659124},"EnergyVariance":{"Mean":9.600190399550634,"Sigma":1.3228851355208304,"Taucorr":0.06620413440807993},"Iteration":22},
{"Acceptance":[0.6859090909090909],"Energy":{"Mean":6.190721285677432,"Sigma":0.350880255053863,"Taucorr":0.16823638713340527},"EnergyVariance":{"Mean":11.670441944324386,"Sigma":1.0369547510432335,"Taucorr":-0.09933449051624543},"Iteration":23},
{"Acceptance":[0.6359090909090909],"Energy":{"Mean":5.679082859378236,"Sigma":0.29742012336609935,"Taucorr":-0.005258946236170403},"EnergyVariance":{"Mean":11.141461399403115,"Sigma":1.314002862640357,"Taucorr":-0.01707782365211169},"Iteration":24},
{"Acceptance":[0.6513636363636364],"Energy":{"Mean":5.509945248261086,"Sigma":0.36161700173267336,"Taucorr":0.1817477875073631},"EnergyVariance":{"Mean":13.217971137553661,"Sigma":1.3217388223362272,"Taucorr":0.11553603875685725},"Iteration":25},
{"Acceptance":[0.6309090909090909],"Energy":{"Mean":4.772009805595057,"Sigma":0.36797541897360947,"Taucorr":0.15230593258928105},"EnergyVariance":{"Mean":13.25318976432111,"Sigma":1.3608371334400675,"Taucorr":-0.11492179349922255},"Iteration":26},
{"Acceptance":[0.5895454545454546],"Energy":{"Mean":4.839296096190019,"Sigma":0.3818861396608509,"Taucorr":0.3847043074908586},"EnergyVariance":{"Mean":11.658618135503461,"Sigma":1.0399469742240415,"Taucorr":-0.03566758586752017},"Iteration":27},
{"Acceptance":[0.6086363636363636],"Energy":{"Mean":4.046265082487555,"Sigma":0.42236846659842464,"Taucorr":0.39199646917306785},"EnergyVariance":{"Mean":12.553248420664165,"Sigma":1.6477615632674691,"Taucorr":0.02954994693960522},"Iteration":28},
{"Acceptance":[0.5836363636363636],"Energy":{"Mean":5.246173741051058,"Sigma":0.37669058272232436,"Taucorr":0.20676398910452098},"EnergyVariance":{"Mean":13.633653863092093,"Sigma":2.21376236514072,"Taucorr":0.5680410720090534},"Iteration":29},
{"Acceptance":[0.5709090909090909],"Energy":{"Mean":3.639658489993134,"Sigma":0.33711204826367935,"Taucorr":0.301937203069373},"EnergyVariance":{"Mean":10.270295577514805,"Sigma":1.3298153119645086,"Taucorr":0.10025113775310923},"Iteration":30},
{"Acceptance":[0.5636363636363636],"Energy":{"Mean":3.8165431930520537,"Sigma":0.4484628045001998,"Taucorr":0.5120229887893268},"EnergyVariance":{"Mean":14.9079629356535,"Sigma":2.062841479906514,"Taucorr":0.15774910038007572},"Iteration":31},
{"Acceptance":[0.5559090909090909],"Energy":{"Mean":4.165973723633288,"Sigma":0.3203904060865147,"Taucorr":0.05249596451731098},"EnergyVariance":{"Mean":13.745996220794495,"Sigma":1.5027662662256271,"Taucorr":-0.02926202872067918},"Iteration":32},
{"Acceptance":[0.5313636363636364],"Energy":{"Mean":4.174198970250468,"Sigma":0.32762138744343977,"Taucorr":0.09781855061909506},"EnergyVariance":{"Mean":13.606983861254543,"Sigma":1.373578777560744,"Taucorr":-0.00017592181477271707},"Iteration":33},
{"Acceptance":[0.49227272727272725],"Energy":{"Mean":2.902403190396519,"Sigma":0.4867592903836883,"Taucorr":0.5462283283908917},"EnergyVariance":{"Mean":14.255102758484242,"Sigma":1.74293775790838,"Taucorr":0.004357750710583641},"Iteration":34},
{"Acceptance":[0.5063636363636363],"Energy":{"Mean":3.3895126080346603,"Sigma":0.493937092252884,"Taucorr":0.465409351203803},"EnergyVariance":{"Mean":15.888516168404731,"Sigma":1.9299615283601423,"Taucorr":0.19149827537758468},"Iteration":35},
{"Acceptance":[0.5063636363636363],"Energy":{"Mean":3.2247846433302834,"Sigma":0.3832780543632068,"Taucorr":0.3378566759831595},"EnergyVariance":{"Mean":12.796902171639317,"Sigma":1.9657638789384853,"Taucorr":0.24074429059625346},"Iteration":36},
{"Acceptance":[0.4727272727272727],"Energy":{"Mean":2.599189180386914,"Sigma":0.5529360883438619,"Taucorr":0.7280867249825549},"EnergyVariance":{"Mean":16.679679755180214,"Sigma":2.8750780415122335,"Taucorr":0.4379904152203926},"Iteration":37},
{"Acceptance":[0.48363636363636364],"Energy":{"Mean":3.430329642900861,"Sigma":0.3676560627253693,"Taucorr":0.2603634629156891},"EnergyVariance":{"Mean":16.82396764332059,"Sigma":2.968313959846658,"Taucorr":0.35944090017925356},"Iteration":38},
{"Acceptance":[0.4459090909090909],"Energy":{"Mean":1.7908800860032534,"Sigma":0.5214319278432556,"Taucorr":0.7030475339346907},"EnergyVariance":{"Mean":13.36301633421739,"Sigma":1.8291594737829955,"Taucorr":0.4328818503072517},"Iteration":39},
{"Acceptance":[0.40954545454545455],"Energy":{"Mean":1.691098711026922,"Sigma":0.5663843832893944,"Taucorr":0.8089575647839127},"EnergyVariance":{"Mean":15.007255682766434,"Sigma":1.704246303915216,"Taucorr":0.2191351444329821},"Iteration":40},
{"Acceptance":[0.4090909090909091],"Energy":{"Mean":1.1418975149315331,"Sigma":0.4091893952562368,"Taucorr":0.33627302115318436},"EnergyVariance":{"Mean":13.714579381981187,"Sigma":1.8076772711703677,"Taucorr":0.27795234473041786},"Iteration":41},
{"Acceptance":[0.405],"Energy":{"Mean":0.5701422380732462,"Sigma":0.48987103370526974,"Taucorr":0.4788267339399741},"EnergyVariance":{"Mean":15.07008136073555,"Sigma":2.56591080620686,"Taucorr":0.5496701120079415},"Iteration":42},
{"Acceptance":[0.4077272727272727],"Energy":{"Mean":1.594428605125662,"Sigma":0.5750724242840243,"Taucorr":0.8089933200405426},"EnergyVariance":{"Mean":17.844079171280978,"Sigma":3.157504434420376,"Taucorr":0.22972675523164898},"Iteration":43},
{"Acceptance":[0.3968181818181818],"Energy":{"Mean":1.253458858628769,"Sigma":0.5233174158729729,"Taucorr":0.7229994914631264},"EnergyVariance":{"Mean":15.361604161025923,"Sigma":2.6632840295647116,"Taucorr":0.25774160620080877},"Iteration":44},
{"Acceptance":[0.3613636363636364],"Energy":{"Mean":-0.13839895285982765,"Sigma":0.5082592647102843,"Taucorr":0.6307708899228603},"EnergyVariance":{"Mean":14.753524995243978,"Sigma":1.8153451742723778,"Taucorr":0.0472457071741299},"Iteration":45},
{"Acceptance":[0.295],"Energy":{"Mean":-0.06436632782079606,"Sigma":0.49729549584215677,"Taucorr":0.5162365980372488},"EnergyVariance":{"Mean":14.177227738365575,"Sigma":2.122582502561071,"Taucorr":0.15077631434602434},"Iteration":46},
{"Acceptance":[0.285],"Energy":{"Mean":-0.8825749569459882,"Sigma":0.6070269108532094,"Taucorr":0.8329183699006932},"EnergyVariance":{"Mean":15.814614754688964,"Sigma":3.251842561207817,"Taucorr":0.4779920714588892},"Iteration":47},
{"Acceptance":[0.2609090909090909],"Energy":{"Mean":-1.0813137824375876,"Sigma":0.49547603476383234,"Taucorr":0.7681406479620925},"EnergyVariance":{"Mean":12.291358824609055,"Sigma":2.1823587195918606,"Taucorr":0.4461172683666922},"Iteration":48},
{"Acceptance":[0.2759090909090909],"Energy":{"Mean":-0.6332838763226019,"Sigma":0.47303776423685484,"Taucorr":0.474502046303548},"EnergyVariance":{"Mean":15.35999444935373,"Sigma":2.506056631022782,"Taucorr":0.1439972539500698},"Iteration":49},
{"Acceptance":[0.25681818181818183],"Energy":{"Mean":-0.4369816869724279,"Sigma":0.646001524852172,"Taucorr":0.8140931132495106},"EnergyVariance":{"Mean":18.69147806942519,"Sigma":2.143064443753524,"Taucorr":-0.010832055691672005},"Iteration":50},
{"Acceptance":[0.22954545454545455],"Energy":{"Mean":-1.974627231365369,"Sigma":0.4285487608592343,"Taucorr":0.6364231577689343},"EnergyVariance":{"Mean":9.416546270987023,"Sigma":2.198917789831417,"Taucorr":0.32061346864413465},"Iteration":51},
{"Acceptance":[0.2109090909090909],"Energy":{"Mean":-1.8618301766789016,"Sigma":0.5415625988725786,"Taucorr":0.6923378851266917},"EnergyVariance":{"Mean":14.202032547187304,"Sigma":2.796908613768997,"Taucorr":0.15991208262373513},"Iteration":52},
{"Acceptance":[0.21454545454545454],"Energy":{"Mean":-1.922613630980772,"Sigma":0.4065103948761033,"Taucorr":0.23903405010227918},"EnergyVariance":{"Mean":12.752542099485058,"Sigma":4.7140844533393125,"Taucorr":0.06510791024648654},"Iteration":53},
{"Acceptance":[0.155],"Energy":{"Mean":-2.279752923971543,"Sigma":0.5959914592899573,"Taucorr":0.7827031956919026},"EnergyVariance":{"Mean":19.190360388577048,"Sigma":5.1335939010957805,"Taucorr":0.625846558850826},"Iteration":54},
{"Acceptance":[0.2009090909090909],"Energy":{"Mean":-1.7816188163991422,"Sigma":0.5865480431155207,"Taucorr":0.8924639455926016},"EnergyVariance":{"Mean":16.733399674238264,"Sigma":3.334287227604336,"Taucorr":0.2291854095775312},"Iteration":55},
{"Acceptance":[0.15136363636363637],"Energy":{"Mean":-3.6204855012294797,"Sigma":0.3262097152672495,"Taucorr":0.5228113445362077},"EnergyVariance":{"Mean":6.877132952404009,"Sigma":1.4738229688285338,"Taucorr":0.0741915948258558},"Iteration":56},
{"Acceptance":[0.11454545454545455],"Energy":{"Mean":-4.069278779588708,"Sigma":0.3632030014370654,"Taucorr":0.44933238575228196},"EnergyVariance":{"Mean":9.076216559312465,"Sigma":3.707814427158642,"Taucorr":0.16457191196818688},"Iteration":57},
{"Acceptance":[0.09409090909090909],"Energy":{"Mean":-4.635930789607013,"Sigma":0.27489257995840316,"Taucorr":0.757644095748522},"EnergyVariance":{"Mean":5.536176637429366,"Sigma":3.6293416998598222,"Taucorr":0.054068540035546064},"Iteration":58},
{"Acceptance":[0.09181818181818181],"Energy":{"Mean":-4.485360778967533,"Sigma":0.31737659932951023,"Taucorr":0.6083910322263693},"EnergyVariance":{"Mean":5.8757970123139165,"Sigma":2.578432476499751,"Taucorr":0.19248503323189414},"Iteration":59},
{"Acceptance":[0.08863636363636364],"Energy":{"Mean":-3.7849559748786583,"Sigma":0.421150231625956,"Taucorr":0.574766594365139},"EnergyVariance":{"Mean":9.665301302851036,"Sigma":4.513504363997563,"Taucorr":0.14262418153517853},"Iteration":60},
{"Acceptance":[0.04363636363636364],"Energy":{"Mean":-5.056300820128017,"Sigma":0.16159441484673637,"Taucorr":0.6250849494679047},"EnergyVariance":{"Mean":1.4425455204468984,"Sigma":0.3993788166884205,"Taucorr":0.7183320542994382},"Iteration":61},
{"Acceptance":[0.06681818181818182],"Energy":{"Mean":-4.65993327765648,"Sigma":0.41238072831476186,"Taucorr":0.8027918025812906},"EnergyVariance":{"Mean":9.42042981956688,"Sigma":5.088138637080813,"Taucorr":0.3573169946715604},"Iteration":62},
{"Acceptance":[0.05],"Energy":{"Mean":-5.0315490251140815,"Sigma":0.3101183041940496,"Taucorr":0.6228688858984539},"EnergyVariance":{"Mean":5.858556038903709,"Sigma":3.6367408818945,"Taucorr":0.47545431274882444},"Iteration":63},
{"Acceptance":[0.04409090909090909],"Energy":{"Mean":-5.1322123487457825,"Sigma":0.17378273908156966,"Taucorr":0.8490525992418094},"EnergyVariance":{"Mean":3.474945216737927,"Sigma":2.254530878713869,"Taucorr":0.0015290104148616424},"Iteration":64},
{"Acceptance":[0.03363636363636364],"Energy":{"Mean":-5.2967880579723445,"Sigma":0.17452797479330354,"Taucorr":0.87787199622792},"EnergyVariance":{"Mean":1.2187164595077473,"Sigma":0.29080074542825957,"Taucorr":0.6664421679315555},"Iteration":65},
{"Acceptance":[0.035],"Energy":{"Mean":-5.323823912129994,"Sigma":0.1548145699258179,"Taucorr":1.0429405223326933},"EnergyVariance":{"Mean":0.977880706230679,"Sigma":0.2742179993547647,"Taucorr":1.2813636355255653},"Iteration":66},
{"Acceptance":[0.031363636363636364],"Energy":{"Mean":-5.4072751608338265,"Sigma":0.1701448437182928,"Taucorr":0.5738162564147826},"EnergyVariance":{"Mean":10.67713152799649,"Sigma":9.695191993485784,"Taucorr":0.5160853725267891},"Iteration":67},
{"Acceptance":[0.019545454545454546],"Energy":{"Mean":-5.720615977162969,"Sigma":0.07971270125585245,"Taucorr":0.26222903192583435},"EnergyVariance":{"Mean":0.41561917373254603,"Sigma":0.12423190931323778,"Taucorr":0.28878189999810366},"Iteration":68},
{"Acceptance":[0.014090909090909091],"Energy":{"Mean":-5.994744334611053,"Sigma":0.04209348889183494,"Taucorr":0.433967157352912},"EnergyVariance":{"Mean":0.20545932191681357,"Sigma":0.13386507985358442,"Taucorr":0.522718639858774},"Iteration":69},
{"Acceptance":[0.019090909090909092],"Energy":{"Mean":-5.80167506835401,"Sigma":0.08755629908880119,"Taucorr":0.6899161459084795},"EnergyVariance":{"Mean":0.6276394623505932,"Sigma":0.36404344965549834,"Taucorr":0.7797774946085574},"Iteration":70},
{"Acceptance":[0.028636363636363637],"Energy":{"Mean":-5.456500995711659,"Sigma":0.25338424882082583,"Taucorr":-0.01074122147530654},"EnergyVariance":{"Mean":11.048275782030013,"Sigma":5.88702540263722,"Taucorr":0.07345851335600073},"Iteration":71},
{"Acceptance":[0.01818181818181818],"Energy":{"Mean":-6.005219251204981,"Sigma":0.04723175480139243,"Taucorr":0.7359294771157512},"EnergyVariance":{"Mean":0.10058579819328198,"Sigma":0.05681667614587047,"Taucorr":0.22426999044210882},"Iteration":72},
{"Acceptance":[0.012727272727272728],"Energy":{"Mean":-5.944601259196611,"Sigma":0.06267641953537077,"Taucorr":1.0191264543994722},"EnergyVariance":{"Mean":0.12666254134552662,"Sigma":0.11719944516534768,"Taucorr":1.0309501585485998},"Iteration":73},
{"Acceptance":[0.01],"Energy":{"Mean":-5.855143835525227,"Sigma":0.09085027755490517,"Taucorr":0.9951497508908846},"EnergyVariance":{"Mean":1.4224613703454216,"Sigma":0.8231843806625757,"Taucorr":1.0019340501126166},"Iteration":74},
{"Acceptance":[0.016363636363636365],"Energy":{"Mean":-5.923694727370596,"Sigma":0.05326464229051222,"Taucorr":0.5030228460719999},"EnergyVariance":{"Mean":0.49966766048166383,"Sigma":0.41642847894233437,"Taucorr":0.5041634868700944},"Iteration":75},
{"Acceptance":[0.018636363636363635],"Energy":{"Mean":-5.9942401007397494,"Sigma":0.00540663972772402,"Taucorr":0.5267159593651602},"EnergyVariance":{"Mean":0.0075629450752969654,"Sigma":0.0022599007870587095,"Taucorr":0.47094012027981613},"Iteration":76},
{"Acceptance":[0.010454545454545454],"Energy":{"Mean":-5.99638073605377,"Sigma":0.03897363130184496,"Taucorr":0.37076434989293205},"EnergyVariance":{"Mean":0.10224864913319322,"Sigma":0.06249117534392714,"Taucorr":0.18872510018463706},"Iteration":77},
{"Acceptance":[0.011363636363636364],"Energy":{"Mean":-5.993227978580876,"Sigma":0.0042323383520429135,"Taucorr":1.0440830597874136},"EnergyVariance":{"Mean":0.00997812105530005,"Sigma":0.0024338161014215917,"Taucorr":0.8677454832162412},"Iteration":78},
{"Acceptance":[0.01],"Energy":{"Mean":-5.8713075896362605,"Sigma":0.09196958064797313,"Taucorr":1.2009688203312552},"EnergyVariance":{"Mean":0.6237973564653672,"Sigma":0.4095457457647652,"Taucorr":0.04152294536985912},"Iteration":79},
{"Acceptance":[0.010454545454545454],"Energy":{"Mean":-6.004008226566463,"Sigma":7.273624189668473e-05,"Taucorr":1.1154422788609648},"EnergyVariance":{"Mean":0.009102157151157053,"Sigma":0.0020734563097284434,"Taucorr":1.1154422788605693},"Iteration":80},
{"Acceptance":[0.005454545454545455],"Energy":{"Mean":-6.004472525585828,"Sigma":0.0007082194210923969,"Taucorr":1.3346814964610763},"EnergyVariance":{"Mean":0.0020040643790270253,"Sigma":0.0011529896598886523,"Taucorr":1.3346814964610716},"Iteration":81},
{"Acceptance":[0.004545454545454545],"Energy":{"Mean":-6.006024378041231,"Sigma":0.0033751514102544167,"Taucorr":-0.002198305115742538},"EnergyVariance":{"Mean":0.003221196678281054,"Sigma":0.003035695934376358,"Taucorr":-0.0018137987386612209},"Iteration":82},
{"Acceptance":[0.006363636363636364],"Energy":{"Mean":-6.0024104057478676,"Sigma":0.0006099188044180745,"Taucorr":0.5106382978723543},"EnergyVariance":{"Mean":0.0002905821316038947,"Sigma":0.00028793884415712653,"Taucorr":0.5106382978723405},"Iteration":83},
{"Acceptance":[0.005454545454545455],"Energy":{"Mean":-6.00351845068021,"Sigma":0.0012083437277944213,"Taucorr":0.46376811594204426},"EnergyVariance":{"Mean":0.0007427201904608924,"Sigma":0.00040593722594763033,"Taucorr":0.4637681159420288},"Iteration":84},
{"Acceptance":[0.006363636363636364],"Energy":{"Mean":-6.006711085397989,"Sigma":0.0025071369006990554,"Taucorr":1.0471140736252138},"EnergyVariance":{"Mean":0.0014795649850241135,"Sigma":0.0006310304163942824,"Taucorr":1.0471140736252083},"Iteration":85},
{"Acceptance":[0.005909090909090909],"Energy":{"Mean":-6.006535492808639,"Sigma":0.002313938077815785,"Taucorr":0.5462084924763697},"EnergyVariance":{"Mean":0.0013274084133356248,"Sigma":0.0004943422867230483,"Taucorr":0.7571906891819675},"Iteration":86},
{"Acceptance":[0.005],"Energy":{"Mean":-6.006835562772316,"Sigma":0.0028026494648875134,"Taucorr":0.7630125030905623},"EnergyVariance":{"Mean":0.0012789821710711467,"Sigma":0.0004708131993498744,"Taucorr":0.9180875663840982},"Iteration":87},
{"Acceptance":[0.006363636363636364],"Energy":{"Mean":-6.000831721517893,"Sigma":0.00048371842966019003,"Taucorr":4.085620730620576e-14},"EnergyVariance":{"Mean":7.57780734931721e-05,"Sigma":7.433114204462396e-05,"Taucorr":0.0},"Iteration":88},
{"Acceptance":[0.005454545454545455],"Energy":{"Mean":-6.012105187527586,"Sigma":0.003915475874703362,"Taucorr":1.2210144927536184},"EnergyVariance":{"Mean":0.0014765852686722833,"Sigma":0.000439969335518829,"Taucorr":1.2210144927536233},"Iteration":89},
{"Acceptance":[0.0036363636363636364],"Energy":{"Mean":-6.002147756104945,"Sigma":0.0013895765108300874,"Taucorr":0.48771266540645064},"EnergyVariance":{"Mean":0.00024178012525688254,"Sigma":0.0001637815139004532,"Taucorr":0.4877126654064272},"Iteration":90},
{"Acceptance":[0.0018181818181818182],"Energy":{"Mean":-6.001587144481632,"Sigma":0.0011131348809219335,"Taucorr":0.32164562879850056},"EnergyVariance":{"Mean":0.00016673187824074568,"Sigma":0.0001198132538787145,"Taucorr":0.32164562879850367},"Iteration":91},
{"Acceptance":[0.008636363636363636],"Energy":{"Mean":-6.004588988038962,"Sigma":0.0024166782476478885,"Taucorr":0.8688988838913938},"EnergyVariance":{"Mean":0.0004453744902950971,"Sigma":0.0002236322317690345,"Taucorr":0.8688988838913876},"Iteration":92},
{"Acceptance":[0.006363636363636364],"Energy":{"Mean":-6.011170132516117,"Sigma":0.0037457197050018006,"Taucorr":1.0780899476551515},"EnergyVariance":{"Mean":0.0009328256050275321,"Sigma":0.00026965115189831655,"Taucorr":1.0780899476551644},"Iteration":93},
{"Acceptance":[0.004545454545454545],"Energy":{"Mean":-6.002475489271416,"Sigma":0.0020782301419334133,"Taucorr":1.2384137601528988},"EnergyVariance":{"Mean":0.00021924451648929779,"Sigma":0.00017317175035920333,"Taucorr":1.2384137601528902},"Iteration":94},
{"Acceptance":[0.0027272727272727275],"Energy":{"Mean":-6.003458677818264,"Sigma":0.0020087869332607476,"Taucorr":0.6900690906552931},"EnergyVariance":{"Mean":0.0002848929542003401,"Sigma":0.00015334549191048177,"Taucorr":0.6900690906553144},"Iteration":95},
{"Acceptance":[0.007272727272727273],"Energy":{"Mean":-6.006468383912527,"Sigma":0.0031067430977392983,"Taucorr":1.1517911109320347},"EnergyVariance":{"Mean":0.0004798798639191702,"Sigma":0.00020540225986926669,"Taucorr":1.1517911109320225},"Iteration":96},
{"Acceptance":[0.004545454545454545],"Energy":{"Mean":-6.00491303812691,"Sigma":0.0025227034529438897,"Taucorr":0.8736097067745261},"EnergyVariance":{"Mean":0.00035834018083086245,"Sigma":0.00016571397881328195,"Taucorr":0.8736097067745205},"Iteration":97},
{"Acceptance":[0.0022727272727272726],"Energy":{"Mean":-6.003169610885887,"Sigma":0.0028927546844853312,"Taucorr":1.5500372266758409},"EnergyVariance":{"Mean":0.0003431794096178396,"Sigma":0.00018814882721449486,"Taucorr":1.5352463696465373},"Iteration":98},
{"Acceptance":[0.0018181818181818182],"Energy":{"Mean":-6.003344776212887,"Sigma":0.0022381415050983493,"Taucorr":1.0083048363458695},"EnergyVariance":{"Mean":0.00023582324737776806,"Sigma":0.00014169884803242726,"Taucorr":1.008304836345872},"Iteration":99} 
]}
{"input": {"L": 10, "J": 1, "machine": {"type": "FFNN", "model": ["tanh", 9, 3]}, "sampler": {"type": "MetropolisHop", "d_max": 5}, "optimizer": {"type": "AdaMax", "alpha": 0.001, "beta1": 0.9, "beta2": 0.999, "epscut": 1e-07}, "VMC": {"n_samples": 100, "discarded_samples": 100, "discarded_samples_on_init": 0, "target": "energy", "method": "Gd", "diag_shift": 0.01, "use_iterative": true, "use_cholesky": true}, "n_iter": 100}}
duration: -0.6455368995666504