{"Output": [
{"Acceptance":[0.9004545454545455],"Energy":{"Mean":8.799709279191209,"Sigma":0.21164101861648535,"Taucorr":0.06775922377062837},"EnergyVariance":{"Mean":4.025957069751052,"Sigma":0.43552504947718385,"Taucorr":-0.10156137646251945},"Iteration":0},
{"Acceptance":[0.9],"Energy":{"Mean":8.708967479215314,"Sigma":0.24005571513484533,"Taucorr":-0.12458459789838655},"EnergyVariance":{"Mean":7.666199666251242,"Sigma":0.8894420379196193,"Taucorr":-0.036674368963718174},"Iteration":1},
{"Acceptance":[0.8745454545454545],"Energy":{"Mean":8.199063367868199,"Sigma":0.22072685839148615,"Taucorr":-0.019184450044912316},"EnergyVariance":{"Mean":5.404644059212699,"Sigma":0.6571197043157039,"Taucorr":0.020259616516272394},"Iteration":2},
{"Acceptance":[0.850909090909091],"Energy":{"Mean":8.242542164120199,"Sigma":0.2660029776320632,"Taucorr":0.22690476516570968},"EnergyVariance":{"Mean":5.348161239816275,"Sigma":0.8615725190422495,"Taucorr":0.058919952730392744},"Iteration":3},
{"Acceptance":[0.8286363636363636],"Energy":{"Mean":8.085755644851695,"Sigma":0.18432924289214508,"Taucorr":-0.1109728531961161},"EnergyVariance":{"Mean":5.04622661054142,"Sigma":0.6301734973917641,"Taucorr":0.15623441187116482},"Iteration":4},
{"Acceptance":[0.8340909090909091],"Energy":{"Mean":7.977279370559555,"Sigma":0.3077383979867275,"Taucorr":0.10074640840042415},"EnergyVariance":{"Mean":8.674918765406908,"Sigma":1.0250189818908582,"Taucorr":-0.09910435829536829},"Iteration":5},
{"Acceptance":[0.8113636363636364],"Energy":{"Mean":8.118811722481444,"Sigma":0.2936122976379185,"Taucorr":0.08043775341625548},"EnergyVariance":{"Mean":7.883588489162589,"Sigma":1.4170144559134246,"Taucorr":0.3372073257631747},"Iteration":6},
{"Acceptance":[0.8004545454545454],"Energy":{"Mean":8.18587204746912,"Sigma":0.3103227087628125,"Taucorr":0.15131284491806662},"EnergyVariance":{"Mean":8.308693513664139,"Sigma":1.2068684919461907,"Taucorr":0.2804740032781907},"Iteration":7},
{"Acceptance":[0.7659090909090909],"Energy":{"Mean":7.550396285425222,"Sigma":0.2862139811298414,"Taucorr":0.08067802272301627},"EnergyVariance":{"Mean":8.306414119003197,"Sigma":0.8443202121791494,"Taucorr":-0.16430786737680497},"Iteration":8},
{"Acceptance":[0.7677272727272727],"Energy":{"Mean":6.797037132868123,"Sigma":0.24682280697020437,"Taucorr":-0.0037059598273575522},"EnergyVariance":{"Mean":7.710021912107696,"Sigma":1.2313602964332573,"Taucorr":0.45940889546201746},"Iteration":9},
{"Acceptance":[0.725909090909091],"Energy":{"Mean":7.038760344494163,"Sigma":0.3257309058409057,"Taucorr":0.09372209261818965},"EnergyVariance":{"Mean":10.047846230619635,"Sigma":1.2986014918809,"Taucorr":0.05902535396006947},"Iteration":10},
{"Acceptance":[0.7340909090909091],"Energy":{"Mean":7.3624333469840835,"Sigma":0.3976202572929642,"Taucorr":0.2985396138398072},"EnergyVariance":{"Mean":11.854919295789841,"Sigma":1.5931902064552823,"Taucorr":0.21282316255093503},"Iteration":11},
{"Acceptance":[0.7177272727272728],"Energy":{"Mean":6.747853468522406,"Sigma":0.25801075492092235,"Taucorr":-0.06507009582773243},"EnergyVariance":{"Mean":9.789198423249983,"Sigma":0.9563024512500145,"Taucorr":-0.1516344506253159},"Iteration":12},
{"Acceptance":[0.6913636363636364],"Energy":{"Mean":7.053590239220856,"Sigma":0.3151772726557233,"Taucorr":-0.026559161927563246},"EnergyVariance":{"Mean":12.29935588536357,"Sigma":1.555973230740619,"Taucorr":-0.1140637066025994},"Iteration":13},
{"Acceptance":[0.6822727272727273],"Energy":{"Mean":7.069789156740242,"Sigma":0.2791979297838196,"Taucorr":-0.03225290091057842},"EnergyVariance":{"Mean":10.675218299376017,"Sigma":0.9468538123098733,"Taucorr":-0.0593618840080245},"Iteration":14},
{"Acceptance":[0.6918181818181818],"Energy":{"Mean":5.821318394642843,"Sigma":0.3261654607535727,"Taucorr":0.1937926222962213},"EnergyVariance":{"Mean":10.55204385061298,"Sigma":1.447812404338263,"Taucorr":0.3576050404224529},"Iteration":15},
{"Acceptance":[0.6736363636363636],"Energy":{"Mean":5.770184964437735,"Sigma":0.32756266925509353,"Taucorr":0.03967014638416755},"EnergyVariance":{"Mean":12.56436926324377,"Sigma":1.943340420637844,"Taucorr":0.16576064530196033},"Iteration":16},
{"Acceptance":[0.6281818181818182],"Energy":{"Mean":4.431434447165159,"Sigma":0.2432201998367832,"Taucorr":-0.09130330518971763},"EnergyVariance":{"Mean":8.991168132668001,"Sigma":1.2499719037688597,"Taucorr":0.18341634908437077},"Iteration":17},
{"Acceptance":[0.6154545454545455],"Energy":{"Mean":5.155325451785594,"Sigma":0.443373692936285,"Taucorr":0.391640780010745},"EnergyVariance":{"Mean":13.590795191455024,"Sigma":1.6040639740369618,"Taucorr":0.10927495909629625},"Iteration":18},
{"Acceptance":[0.6254545454545455],"Energy":{"Mean":6.1957630140661735,"Sigma":0.44856961298458337,"Taucorr":0.25785834652675366},"EnergyVariance":{"Mean":16.742597747713273,"Sigma":1.9765070351518426,"Taucorr":0.049104006517103005},"Iteration":19},
{"Acceptance":[0.5977272727272728],"Energy":{"Mean":5.0332018506541765,"Sigma":0.23531499185455645,"Taucorr":-0.07492468697571775},"EnergyVariance":{"Mean":10.568319440087603,"Sigma":0.8102361703481911,"Taucorr":-0.19057627431687346},"Iteration":20},
{"Acceptance":[0.5627272727272727],"Energy":{"Mean":4.165661970226091,"Sigma":0.37868931341149015,"Taucorr":0.16422722405405799},"EnergyVariance":{"Mean":13.428875431496985,"Sigma":1.4076602466990658,"Taucorr":0.1095521528887784},"Iteration":21},
{"Acceptance":[0.5709090909090909],"Energy":{"Mean":4.461762920815225,"Sigma":0.36554477443368333,"Taucorr":0.18464044085707165},"EnergyVariance":{"Mean":15.05993179157316,"Sigma":1.503731571471999,"Taucorr":-0.028772184740459172},"Iteration":22},
{"Acceptance":[0.5622727272727273],"Energy":{"Mean":4.794428140972348,"Sigma":0.48012200488088386,"Taucorr":0.46660609699935973},"EnergyVariance":{"Mean":15.997467558425512,"Sigma":1.8392299601998228,"Taucorr":0.028173982713512458},"Iteration":23},
{"Acceptance":[0.58],"Energy":{"Mean":4.165913662904989,"Sigma":0.3630904668774223,"Taucorr":0.09711677060365309},"EnergyVariance":{"Mean":15.174907742950008,"Sigma":1.6276786610681002,"Taucorr":0.1765061093650866},"Iteration":24},
{"Acceptance":[0.5386363636363637],"Energy":{"Mean":3.440002846371391,"Sigma":0.36963340615938023,"Taucorr":0.3496008687280352},"EnergyVariance":{"Mean":13.233288044498066,"Sigma":1.5701204670292506,"Taucorr":0.0941614024341364},"Iteration":25},
{"Acceptance":[0.5227272727272727],"Energy":{"Mean":3.1714016518675354,"Sigma":0.5471749645651108,"Taucorr":0.49371637801876134},"EnergyVariance":{"Mean":19.53666029583807,"Sigma":2.33028367135135,"Taucorr":0.03661462564521667},"Iteration":26},
{"Acceptance":[0.5063636363636363],"Energy":{"Mean":2.674953217964419,"Sigma":0.41276619484978017,"Taucorr":0.14105603049864912},"EnergyVariance":{"Mean":16.37611698362685,"Sigma":2.062279877014923,"Taucorr":0.034587073213867225},"Iteration":27},
{"Acceptance":[0.5],"Energy":{"Mean":2.2602996598733958,"Sigma":0.3424551988061312,"Taucorr":0.04047227202775683},"EnergyVariance":{"Mean":15.360145172292041,"Sigma":1.580496230890454,"Taucorr":-0.07547601788357644},"Iteration":28},
{"Acceptance":[0.5045454545454545],"Energy":{"Mean":2.8651703734029197,"Sigma":0.33763554493695264,"Taucorr":-0.0489521533294871},"EnergyVariance":{"Mean":17.096061672896855,"Sigma":1.5537401115839955,"Taucorr":-0.011983157969360558},"Iteration":29},
{"Acceptance":[0.4890909090909091],"Energy":{"Mean":2.439240353115166,"Sigma":0.47009761649236015,"Taucorr":0.7125091933668473},"EnergyVariance":{"Mean":15.874779134755766,"Sigma":2.4083528888585874,"Taucorr":0.13173837473323824},"Iteration":30},
{"Acceptance":[0.4827272727272727],"Energy":{"Mean":2.328721636552154,"Sigma":0.45995569076236237,"Taucorr":0.24713363408931288},"EnergyVariance":{"Mean":20.24324301800806,"Sigma":2.5465764554228985,"Taucorr":0.18331467530863232},"Iteration":31},
{"Acceptance":[0.46454545454545454],"Energy":{"Mean":2.7406809341015475,"Sigma":0.474894180330189,"Taucorr":0.4379610409816157},"EnergyVariance":{"Mean":20.27706186090536,"Sigma":3.0082580578353446,"Taucorr":0.2609058313728069},"Iteration":32},
{"Acceptance":[0.4904545454545455],"Energy":{"Mean":2.1650594359498543,"Sigma":0.48002664345081963,"Taucorr":0.49268940772713443},"EnergyVariance":{"Mean":18.952768663502408,"Sigma":1.984318899102131,"Taucorr":-0.03101177963830659},"Iteration":33},
{"Acceptance":[0.44272727272727275],"Energy":{"Mean":1.2925775944671254,"Sigma":0.37206659880683224,"Taucorr":0.10672047639755755},"EnergyVariance":{"Mean":17.715968518228348,"Sigma":2.5361642016574377,"Taucorr":0.2932699928429533},"Iteration":34},
{"Acceptance":[0.44272727272727275],"Energy":{"Mean":0.4793891525857974,"Sigma":0.3245562629308115,"Taucorr":0.13401528868213286},"EnergyVariance":{"Mean":13.330409150930814,"Sigma":1.7428861745957518,"Taucorr":0.0801240137680993},"Iteration":35},
{"Acceptance":[0.42045454545454547],"Energy":{"Mean":0.9159466693787197,"Sigma":0.3916800429315046,"Taucorr":0.2873616156967883},"EnergyVariance":{"Mean":16.804525404392734,"Sigma":2.6085484876946916,"Taucorr":0.061045644153329914},"Iteration":36},
{"Acceptance":[0.4127272727272727],"Energy":{"Mean":-0.7541743448277213,"Sigma":0.35888003317265393,"Taucorr":0.29045342963972987},"EnergyVariance":{"Mean":14.826424290450072,"Sigma":2.953614956945492,"Taucorr":0.2541286520142899},"Iteration":37},
{"Acceptance":[0.41863636363636364],"Energy":{"Mean":0.5332806084685912,"Sigma":0.45981224067933035,"Taucorr":0.4516552611640936},"EnergyVariance":{"Mean":16.524694730490804,"Sigma":2.8826350049970415,"Taucorr":0.4559107475086004},"Iteration":38},
{"Acceptance":[0.395],"Energy":{"Mean":0.24977917812328687,"Sigma":0.4884940644259691,"Taucorr":0.4202210529625623},"EnergyVariance":{"Mean":20.76022710166193,"Sigma":3.1153827460138617,"Taucorr":0.08803876830720792},"Iteration":39},
{"Acceptance":[0.41818181818181815],"Energy":{"Mean":0.023753929413742277,"Sigma":0.4267766135166985,"Taucorr":0.2618009396739598},"EnergyVariance":{"Mean":18.488565498716518,"Sigma":2.0078084911919847,"Taucorr":-0.04713879069073801},"Iteration":40},
{"Acceptance":[0.39136363636363636],"Energy":{"Mean":-0.31770862938922373,"Sigma":0.46148345591192474,"Taucorr":0.4598415264371709},"EnergyVariance":{"Mean":17.612042495179278,"Sigma":1.836352429453264,"Taucorr":-0.07695746861953756},"Iteration":41},
{"Acceptance":[0.38772727272727275],"Energy":{"Mean":-0.9687098970027612,"Sigma":0.3203476072554992,"Taucorr":0.20623058816837891},"EnergyVariance":{"Mean":13.326692425805287,"Sigma":1.9159735520728083,"Taucorr":-0.0045064083829531865},"Iteration":42},
{"Acceptance":[0.39545454545454545],"Energy":{"Mean":-0.7246323839606873,"Sigma":0.4844244312482328,"Taucorr":0.47766105549296767},"EnergyVariance":{"Mean":17.874142838087774,"Sigma":2.9300543340073086,"Taucorr":0.5206807883669473},"Iteration":43},
{"Acceptance":[0.36],"Energy":{"Mean":-1.2481075074868369,"Sigma":0.5042824844147209,"Taucorr":0.614286370913214},"EnergyVariance":{"Mean":17.437316423605115,"Sigma":2.3522068048008964,"Taucorr":0.22976075402008855},"Iteration":44},
{"Acceptance":[0.38272727272727275],"Energy":{"Mean":-0.9718315189846993,"Sigma":0.42615835781336636,"Taucorr":0.44145937351279385},"EnergyVariance":{"Mean":15.278280686956244,"Sigma":2.1664596819262085,"Taucorr":0.03292408225318855},"Iteration":45},
{"Acceptance":[0.3472727272727273],"Energy":{"Mean":-1.3948875880139522,"Sigma":0.479251581674176,"Taucorr":0.5344173739051177},"EnergyVariance":{"Mean":16.173873011503485,"Sigma":3.080614521583466,"Taucorr":0.628573310918787},"Iteration":46},
{"Acceptance":[0.36727272727272725],"Energy":{"Mean":-1.8785518072179517,"Sigma":0.30881165643316794,"Taucorr":0.23809114431826073},"EnergyVariance":{"Mean":12.276871748554232,"Sigma":2.0173940189897905,"Taucorr":0.0878626473762536},"Iteration":47},
{"Acceptance":[0.3690909090909091],"Energy":{"Mean":-1.5907327582783575,"Sigma":0.3803807223600563,"Taucorr":0.3308687413772179},"EnergyVariance":{"Mean":14.57685000150013,"Sigma":2.0335562960372386,"Taucorr":0.2093907423087239},"Iteration":48},
{"Acceptance":[0.37136363636363634],"Energy":{"Mean":-1.8168822089223557,"Sigma":0.4578625939634834,"Taucorr":0.20054875023282814},"EnergyVariance":{"Mean":22.350944715356782,"Sigma":3.11368429075677,"Taucorr":0.010488362483542901},"Iteration":49},
{"Acceptance":[0.34954545454545455],"Energy":{"Mean":-2.1909702632535257,"Sigma":0.37473859085926253,"Taucorr":0.39509043661517773},"EnergyVariance":{"Mean":16.628352242213047,"Sigma":2.1939010124775087,"Taucorr":0.06908672296173313},"Iteration":50},
{"Acceptance":[0.34],"Energy":{"Mean":-1.9701450092033965,"Sigma":0.3946671446166475,"Taucorr":0.2581044396656531},"EnergyVariance":{"Mean":17.172386127264616,"Sigma":1.992987171369212,"Taucorr":-0.05694811170235281},"Iteration":51},
{"Acceptance":[0.3422727272727273],"Energy":{"Mean":-2.5693581845089346,"Sigma":0.29769211248795024,"Taucorr":0.036473378452663185},"EnergyVariance":{"Mean":13.70993667116406,"Sigma":1.3321676834327691,"Taucorr":-0.0444676297130433},"Iteration":52},
{"Acceptance":[0.35818181818181816],"Energy":{"Mean":-2.303976762377979,"Sigma":0.36030916858338796,"Taucorr":0.1510079371555827},"EnergyVariance":{"Mean":18.568659774363567,"Sigma":3.9310488880747654,"Taucorr":0.514445967934285},"Iteration":53},
{"Acceptance":[0.32227272727272727],"Energy":{"Mean":-1.9099766083922058,"Sigma":0.43202905755900245,"Taucorr":0.32531613391899816},"EnergyVariance":{"Mean":17.154815834103136,"Sigma":2.51837279856381,"Taucorr":0.1399365255814311},"Iteration":54},
{"Acceptance":[0.35],"Energy":{"Mean":-3.144879546775858,"Sigma":0.44693100471013736,"Taucorr":0.5476947640235275},"EnergyVariance":{"Mean":15.560922392927626,"Sigma":2.0107840499831173,"Taucorr":0.029157092274475382},"Iteration":55},
{"Acceptance":[0.33045454545454545],"Energy":{"Mean":-3.027102665644722,"Sigma":0.3808497554397257,"Taucorr":0.14745171736455076},"EnergyVariance":{"Mean":16.81456115727732,"Sigma":1.5864626529889623,"Taucorr":-0.07101242500440896},"Iteration":56},
{"Acceptance":[0.3381818181818182],"Energy":{"Mean":-3.1142506019181706,"Sigma":0.2374015985388691,"Taucorr":-0.16386076120110493},"EnergyVariance":{"Mean":13.683795470610816,"Sigma":1.4806430739766894,"Taucorr":-0.05767967998633727},"Iteration":57},
{"Acceptance":[0.34454545454545454],"Energy":{"Mean":-3.7285639193198197,"Sigma":0.4793936402196944,"Taucorr":0.40648404500077695},"EnergyVariance":{"Mean":20.480638782394113,"Sigma":2.8220159143874004,"Taucorr":0.20754645383193493},"Iteration":58},
{"Acceptance":[0.33636363636363636],"Energy":{"Mean":-3.278930327013505,"Sigma":0.3978831357833358,"Taucorr":0.14168166039808539},"EnergyVariance":{"Mean":18.906428856517838,"Sigma":3.354774717149174,"Taucorr":0.05176669857566618},"Iteration":59},
{"Acceptance":[0.3286363636363636],"Energy":{"Mean":-4.549669390389914,"Sigma":0.2815558913846886,"Taucorr":0.1323996288521},"EnergyVariance":{"Mean":11.994730169807738,"Sigma":1.2386503832938742,"Taucorr":-0.09028700473358625},"Iteration":60},
{"Acceptance":[0.29409090909090907],"Energy":{"Mean":-4.130951744869669,"Sigma":0.44445980043463396,"Taucorr":0.33978339733828644},"EnergyVariance":{"Mean":18.525829553803373,"Sigma":3.5492136805338825,"Taucorr":0.3724433558347977},"Iteration":61},
{"Acceptance":[0.33545454545454545],"Energy":{"Mean":-3.7835444479909848,"Sigma":0.3785208748865905,"Taucorr":0.05054845909980088},"EnergyVariance":{"Mean":21.842307738384736,"Sigma":2.8504702797865353,"Taucorr":0.017453259352512296},"Iteration":62},
{"Acceptance":[0.3118181818181818],"Energy":{"Mean":-4.875554926709274,"Sigma":0.30282474119201014,"Taucorr":0.0006721077836698841},"EnergyVariance":{"Mean":17.73388183310031,"Sigma":3.4397563257354,"Taucorr":0.2612553633884096},"Iteration":63},
{"Acceptance":[0.3386363636363636],"Energy":{"Mean":-4.282066796294968,"Sigma":0.41992860353655315,"Taucorr":0.264077416064706},"EnergyVariance":{"Mean":18.805150836544733,"Sigma":3.1826725975695056,"Taucorr":0.035285108831491274},"Iteration":64},
{"Acceptance":[0.31772727272727275],"Energy":{"Mean":-4.983543995294604,"Sigma":0.3177351673150912,"Taucorr":0.18014753063324385},"EnergyVariance":{"Mean":12.225115772300947,"Sigma":1.9107774950324636,"Taucorr":0.05782341566462912},"Iteration":65},
{"Acceptance":[0.32],"Energy":{"Mean":-4.440659641723344,"Sigma":0.38788177815911845,"Taucorr":0.2527699010430946},"EnergyVariance":{"Mean":15.437735366863683,"Sigma":2.3159974370888885,"Taucorr":0.1924825992749657},"Iteration":66},
{"Acceptance":[0.31272727272727274],"Energy":{"Mean":-5.102629359987791,"Sigma":0.3420324769585459,"Taucorr":0.20068070951139783},"EnergyVariance":{"Mean":13.413010292583415,"Sigma":2.3368064405118276,"Taucorr":0.11436024948192802},"Iteration":67},
{"Acceptance":[0.3259090909090909],"Energy":{"Mean":-4.98218960068806,"Sigma":0.3913852734715489,"Taucorr":0.3118369152814242},"EnergyVariance":{"Mean":13.217293901776339,"Sigma":3.925042838906576,"Taucorr":0.03076549905712922},"Iteration":68},
{"Acceptance":[0.3004545454545455],"Energy":{"Mean":-5.223621672382196,"Sigma":0.4069808189364077,"Taucorr":0.3082335942504534},"EnergyVariance":{"Mean":14.432884238022526,"Sigma":2.4658635398306625,"Taucorr":0.3446854235167295},"Iteration":69},
{"Acceptance":[0.3009090909090909],"Energy":{"Mean":-5.645206542286511,"Sigma":0.30340617380587204,"Taucorr":0.06384140322189569},"EnergyVariance":{"Mean":13.69787766635416,"Sigma":1.9902441893327254,"Taucorr":0.019766893139277597},"Iteration":70},
{"Acceptance":[0.31863636363636366],"Energy":{"Mean":-5.845623645088278,"Sigma":0.2799786830646455,"Taucorr":0.06767825304061637},"EnergyVariance":{"Mean":12.190566954402819,"Sigma":1.6265415355192228,"Taucorr":0.12540448199005738},"Iteration":71},
{"Acceptance":[0.3286363636363636],"Energy":{"Mean":-5.140544620492949,"Sigma":0.28949303061006054,"Taucorr":-0.0613473160214984},"EnergyVariance":{"Mean":12.692435010136109,"Sigma":1.567218605296715,"Taucorr":-0.06970245597140728},"Iteration":72},
{"Acceptance":[0.3145454545454546],"Energy":{"Mean":-5.852089002857684,"Sigma":0.2689772681584097,"Taucorr":0.07270277941534586},"EnergyVariance":{"Mean":11.05803878708485,"Sigma":1.9579787220475937,"Taucorr":0.01739946982120777},"Iteration":73},
{"Acceptance":[0.2831818181818182],"Energy":{"Mean":-6.072588782691539,"Sigma":0.37026187318294806,"Taucorr":0.42887055450962874},"EnergyVariance":{"Mean":12.534667532632565,"Sigma":1.7915168086061652,"Taucorr":0.25563056320181865},"Iteration":74},
{"Acceptance":[0.2818181818181818],"Energy":{"Mean":-5.835392065336444,"Sigma":0.33384467632843173,"Taucorr":0.32061101859333374},"EnergyVariance":{"Mean":12.37459631586584,"Sigma":2.165137707462054,"Taucorr":0.05023136456460087},"Iteration":75},
{"Acceptance":[0.27],"Energy":{"Mean":-5.857441665917629,"Sigma":0.24748752099141824,"Taucorr":-0.07841801722590319},"EnergyVariance":{"Mean":12.534731665734343,"Sigma":1.5947875267186336,"Taucorr":-0.03470153713034407},"Iteration":76},
{"Acceptance":[0.2777272727272727],"Energy":{"Mean":-6.1334276548896165,"Sigma":0.32804924615610453,"Taucorr":0.20706441158565414},"EnergyVariance":{"Mean":12.134254944252783,"Sigma":1.7668618470744146,"Taucorr":0.193483046930359},"Iteration":77},
{"Acceptance":[0.23954545454545453],"Energy":{"Mean":-6.390797238652592,"Sigma":0.3277392264952912,"Taucorr":0.4913141740589889},"EnergyVariance":{"Mean":9.807377024931185,"Sigma":2.2694199689624757,"Taucorr":0.5352704914992137},"Iteration":78},
{"Acceptance":[0.2586363636363636],"Energy":{"Mean":-5.179260562412668,"Sigma":0.3512072376260768,"Taucorr":0.14082170095276325},"EnergyVariance":{"Mean":14.916877549749367,"Sigma":1.9996207612093713,"Taucorr":0.21373230783063657},"Iteration":79},
{"Acceptance":[0.23727272727272727],"Energy":{"Mean":-6.654772584865811,"Sigma":0.2519984969321035,"Taucorr":0.12766382885358762},"EnergyVariance":{"Mean":7.63100403200928,"Sigma":1.023534829259911,"Taucorr":0.08117398835412026},"Iteration":80},
{"Acceptance":[0.245],"Energy":{"Mean":-6.151522881418982,"Sigma":0.3548259066265913,"Taucorr":0.204146558773049},"EnergyVariance":{"Mean":12.24317003282673,"Sigma":3.036406537978992,"Taucorr":0.09247382768895585},"Iteration":81},
{"Acceptance":[0.24772727272727274],"Energy":{"Mean":-5.607017401692201,"Sigma":0.3369151132522646,"Taucorr":0.2131601180737498},"EnergyVariance":{"Mean":12.326640536771388,"Sigma":2.1627853506427743,"Taucorr":0.25136683324937825},"Iteration":82},
{"Acceptance":[0.225],"Energy":{"Mean":-6.003393916028413,"Sigma":0.2104023766905392,"Taucorr":0.03191948528080113},"EnergyVariance":{"Mean":7.084726385961558,"Sigma":1.6057053371198384,"Taucorr":0.42955628659379863},"Iteration":83},
{"Acceptance":[0.18636363636363637],"Energy":{"Mean":-6.448916846276637,"Sigma":0.25254383708529093,"Taucorr":0.2151321255441545},"EnergyVariance":{"Mean":6.66221233686731,"Sigma":2.193767628911138,"Taucorr":0.13709465121081643},"Iteration":84},
{"Acceptance":[0.22136363636363637],"Energy":{"Mean":-5.990552945957167,"Sigma":0.49869541568396764,"Taucorr":0.32090993962006964},"EnergyVariance":{"Mean":24.78243341871196,"Sigma":10.831253428236026,"Taucorr":0.05981609091146656},"Iteration":85},
{"Acceptance":[0.13636363636363635],"Energy":{"Mean":-5.8603330584683695,"Sigma":0.13734067157252888,"Taucorr":-0.039803543110833506},"EnergyVariance":{"Mean":3.7654205554448867,"Sigma":1.810977107739188,"Taucorr":0.1061987392637298},"Iteration":86},
{"Acceptance":[0.1340909090909091],"Energy":{"Mean":-5.727890707918319,"Sigma":0.1741480858496908,"Taucorr":-0.17766173997344986},"EnergyVariance":{"Mean":7.806414282424571,"Sigma":2.645281076395285,"Taucorr":0.24218011166754916},"Iteration":87},
{"Acceptance":[0.14545454545454545],"Energy":{"Mean":-6.465398057630758,"Sigma":0.3074825772609161,"Taucorr":0.5185344522641955},"EnergyVariance":{"Mean":6.779478270654902,"Sigma":2.277097913531085,"Taucorr":0.54723204338141},"Iteration":88},
{"Acceptance":[0.14727272727272728],"Energy":{"Mean":-6.156129703856622,"Sigma":0.21833919835038634,"Taucorr":-0.041102378145770224},"EnergyVariance":{"Mean":7.245817352654291,"Sigma":1.8809189514398035,"Taucorr":0.24342979421039113},"Iteration":89},
{"Acceptance":[0.14272727272727273],"Energy":{"Mean":-5.6345364899475,"Sigma":0.2428736909826371,"Taucorr":0.4204916518474391},"EnergyVariance":{"Mean":5.722243764789467,"Sigma":3.584469149587644,"Taucorr":0.6409938755889384},"Iteration":90},
{"Acceptance":[0.13136363636363638],"Energy":{"Mean":-6.028416610973757,"Sigma":0.23820632519891324,"Taucorr":0.15434133318219356},"EnergyVariance":{"Mean":6.999096520645398,"Sigma":1.7077686910072754,"Taucorr":0.5166816943171784},"Iteration":91},
{"Acceptance":[0.08818181818181818],"Energy":{"Mean":-6.016906403779655,"Sigma":0.1093060682042869,"Taucorr":-0.32252382939884355},"EnergyVariance":{"Mean":5.063379342828089,"Sigma":2.1867834695568438,"Taucorr":0.5966616442649111},"Iteration":92},
{"Acceptance":[0.12954545454545455],"Energy":{"Mean":-5.85513785318133,"Sigma":0.21267522620934357,"Taucorr":0.20764831629424685},"EnergyVariance":{"Mean":4.356561266763995,"Sigma":1.2927419456468938,"Taucorr":0.4243436267299321},"Iteration":93},
{"Acceptance":[0.12272727272727273],"Energy":{"Mean":-6.2697459089185905,"Sigma":0.1851275728702392,"Taucorr":-0.07595262346997056},"EnergyVariance":{"Mean":8.587484898492733,"Sigma":3.3458211256022494,"Taucorr":0.27267295637403766},"Iteration":94},
{"Acceptance":[0.11363636363636363],"Energy":{"Mean":-5.971093785175281,"Sigma":0.19534260567666908,"Taucorr":-0.090358890197338},"EnergyVariance":{"Mean":10.898077462379266,"Sigma":3.9208911311360852,"Taucorr":0.28618414794208746},"Iteration":95},
{"Acceptance":[0.06],"Energy":{"Mean":-6.052557950363785,"Sigma":0.01238049311962283,"Taucorr":0.20275384721810863},"EnergyVariance":{"Mean":0.07872146386705367,"Sigma":0.018557760493371014,"Taucorr":0.7191773243399506},"Iteration":96},
{"Acceptance":[0.04045454545454545],"Energy":{"Mean":-6.103196948574687,"Sigma":0.06974818070076998,"Taucorr":0.827834084469123},"EnergyVariance":{"Mean":1.3374435326021774,"Sigma":0.7331400709792785,"Taucorr":0.6146209263058329},"Iteration":97},
{"Acceptance":[0.02590909090909091],"Energy":{"Mean":-5.979980606746943,"Sigma":0.051951944223249426,"Taucorr":0.9109904409524716},"EnergyVariance":{"Mean":0.2288942461106931,"Sigma":0.15180086841333593,"Taucorr":0.7630999670343686},"Iteration":98},
{"Acceptance":[0.005909090909090909],"Energy":{"Mean":-6.046187089059948,"Sigma":0.0026599917899724594,"Taucorr":0.6473429951690763},"EnergyVariance":{"Mean":0.008704762615140556,"Sigma":0.0009596624100322407,"Taucorr":0.6473429951690821},"Iteration":99} 
]}
{"input": {"L": 10, "J": 1, "machine": {"type": "FFNN", "model": ["tanh", 13, 3]}, "sampler": {"type": "MetropolisHop", "d_max": 5}, "optimizer": {"type": "AdaMax", "alpha": 0.001, "beta1": 0.9, "beta2": 0.999, "epscut": 1e-07}, "VMC": {"n_samples": 100, "discarded_samples": 100, "discarded_samples_on_init": 0, "target": "energy", "method": "Gd", "diag_shift": 0.01, "use_iterative": true, "use_cholesky": true}, "n_iter": 100}}
duration: -0.8374118804931641