{"Output": [
{"Acceptance":[0.8540909090909091],"Energy":{"Mean":8.403022551021568,"Sigma":0.2633527698649318,"Taucorr":0.030254213789638773},"EnergyVariance":{"Mean":6.468325639523716,"Sigma":0.9121378473789126,"Taucorr":-0.029315226025192098},"Iteration":0},
{"Acceptance":[0.8304545454545454],"Energy":{"Mean":8.548853892223908,"Sigma":0.3212837228333859,"Taucorr":0.242047864298376},"EnergyVariance":{"Mean":7.206452405679591,"Sigma":0.9482047909166029,"Taucorr":-0.0036792894057846026},"Iteration":1},
{"Acceptance":[0.7527272727272727],"Energy":{"Mean":7.666477657933609,"Sigma":0.2950986450890793,"Taucorr":0.06645024085152829},"EnergyVariance":{"Mean":8.203275223409468,"Sigma":1.0689843781641613,"Taucorr":-0.05514191732357826},"Iteration":2},
{"Acceptance":[0.7322727272727273],"Energy":{"Mean":6.899303255399164,"Sigma":0.25792081103104286,"Taucorr":-0.04476758327142377},"EnergyVariance":{"Mean":8.877826431794878,"Sigma":0.8763660411097992,"Taucorr":0.12021862376984416},"Iteration":3},
{"Acceptance":[0.6945454545454546],"Energy":{"Mean":6.765583349051641,"Sigma":0.31188196297560367,"Taucorr":-0.03615373208908346},"EnergyVariance":{"Mean":11.857360764403879,"Sigma":1.7531396326098343,"Taucorr":0.024732607289595032},"Iteration":4},
{"Acceptance":[0.6231818181818182],"Energy":{"Mean":5.7006954637645455,"Sigma":0.28456493119311105,"Taucorr":-0.07622672992701396},"EnergyVariance":{"Mean":10.95018966684599,"Sigma":1.1094246875487206,"Taucorr":-0.06259017708858428},"Iteration":5},
{"Acceptance":[0.6068181818181818],"Energy":{"Mean":4.473549132751026,"Sigma":0.4105028097981337,"Taucorr":0.2664802764985307},"EnergyVariance":{"Mean":12.951643438329237,"Sigma":1.232728122436233,"Taucorr":-0.1460307583236818},"Iteration":6},
{"Acceptance":[0.5695454545454546],"Energy":{"Mean":4.467383665104789,"Sigma":0.4822603542909303,"Taucorr":0.5353718912323349},"EnergyVariance":{"Mean":13.426521791647911,"Sigma":2.128086827721591,"Taucorr":0.40560199242801964},"Iteration":7},
{"Acceptance":[0.545],"Energy":{"Mean":4.378325586532614,"Sigma":0.453835514679054,"Taucorr":0.2442922920155095},"EnergyVariance":{"Mean":18.15680935435107,"Sigma":2.3204200374429247,"Taucorr":0.05727544073610136},"Iteration":8},
{"Acceptance":[0.5222727272727272],"Energy":{"Mean":3.676383549252059,"Sigma":0.5949750865112364,"Taucorr":0.538473803025715},"EnergyVariance":{"Mean":21.18043541274466,"Sigma":2.54340087945513,"Taucorr":0.22087879015492928},"Iteration":9},
{"Acceptance":[0.4713636363636364],"Energy":{"Mean":2.759296624682521,"Sigma":0.3944464801543636,"Taucorr":0.13559524729285233},"EnergyVariance":{"Mean":16.57250427130168,"Sigma":2.122246133543913,"Taucorr":0.13895105617641712},"Iteration":10},
{"Acceptance":[0.4627272727272727],"Energy":{"Mean":2.4306191551093015,"Sigma":0.37745134345913123,"Taucorr":0.08697551914673862},"EnergyVariance":{"Mean":18.129831933424434,"Sigma":2.1743132875804254,"Taucorr":0.10802885825066455},"Iteration":11},
{"Acceptance":[0.3986363636363636],"Energy":{"Mean":0.8372217196932522,"Sigma":0.5508820918916616,"Taucorr":0.4145809638098271},"EnergyVariance":{"Mean":22.04720042463628,"Sigma":2.361747551193283,"Taucorr":-0.043192869962049296},"Iteration":12},
{"Acceptance":[0.41363636363636364],"Energy":{"Mean":1.162846577324374,"Sigma":0.4513844323518742,"Taucorr":0.26901422364801664},"EnergyVariance":{"Mean":22.72360072863862,"Sigma":2.962938325101244,"Taucorr":0.15589084605165038},"Iteration":13},
{"Acceptance":[0.37636363636363634],"Energy":{"Mean":1.016167687511108,"Sigma":0.5670457589965212,"Taucorr":0.5103615479298933},"EnergyVariance":{"Mean":26.342903689648598,"Sigma":4.658384042759083,"Taucorr":0.18342547182606583},"Iteration":14},
{"Acceptance":[0.33454545454545453],"Energy":{"Mean":-1.5348991365782763,"Sigma":0.38818287389290235,"Taucorr":0.2534528651205914},"EnergyVariance":{"Mean":12.618136383146817,"Sigma":1.863718519739203,"Taucorr":0.3373635687759724},"Iteration":15},
{"Acceptance":[0.31727272727272726],"Energy":{"Mean":-2.373243997414072,"Sigma":0.43329353756998074,"Taucorr":0.3933432981413991},"EnergyVariance":{"Mean":16.27710275377889,"Sigma":2.0352023805225774,"Taucorr":0.040680025569713396},"Iteration":16},
{"Acceptance":[0.29454545454545455],"Energy":{"Mean":-1.9610140439128396,"Sigma":0.49840693942211445,"Taucorr":0.5963636496063298},"EnergyVariance":{"Mean":19.358143432647317,"Sigma":3.302037188870638,"Taucorr":0.3616897164866475},"Iteration":17},
{"Acceptance":[0.29363636363636364],"Energy":{"Mean":-2.580029774790277,"Sigma":0.5849748086809476,"Taucorr":0.6417871123625871},"EnergyVariance":{"Mean":23.51398918262367,"Sigma":2.931238596795251,"Taucorr":0.039100670419156214},"Iteration":18},
{"Acceptance":[0.26590909090909093],"Energy":{"Mean":-3.848338144792028,"Sigma":0.485287942315049,"Taucorr":0.55182541731962},"EnergyVariance":{"Mean":16.91024165630799,"Sigma":3.1899435210888725,"Taucorr":0.10518301124689633},"Iteration":19},
{"Acceptance":[0.2722727272727273],"Energy":{"Mean":-2.291689953663326,"Sigma":0.47211191338882,"Taucorr":0.41984398995743344},"EnergyVariance":{"Mean":24.807605597159892,"Sigma":2.97937114233951,"Taucorr":-0.005312087350326289},"Iteration":20},
{"Acceptance":[0.2390909090909091],"Energy":{"Mean":-4.528465235497947,"Sigma":0.4069573278241016,"Taucorr":0.45639131522591236},"EnergyVariance":{"Mean":17.966180585458105,"Sigma":3.8760310833999063,"Taucorr":0.31203107933598584},"Iteration":21},
{"Acceptance":[0.2290909090909091],"Energy":{"Mean":-4.719384507293631,"Sigma":0.3941497317096409,"Taucorr":0.3245467325239635},"EnergyVariance":{"Mean":19.891725883278628,"Sigma":3.1686744218930407,"Taucorr":0.04388504963166395},"Iteration":22},
{"Acceptance":[0.2340909090909091],"Energy":{"Mean":-4.165723612997404,"Sigma":0.6474836790279638,"Taucorr":0.841433315017502},"EnergyVariance":{"Mean":31.709189309055837,"Sigma":4.66061732192728,"Taucorr":0.04480344434946637},"Iteration":23},
{"Acceptance":[0.19636363636363635],"Energy":{"Mean":-5.402736665678965,"Sigma":0.6290572664599089,"Taucorr":0.8397060335906832},"EnergyVariance":{"Mean":21.57205246103546,"Sigma":6.509069343201593,"Taucorr":0.5950025431270896},"Iteration":24},
{"Acceptance":[0.18818181818181817],"Energy":{"Mean":-5.578027498203572,"Sigma":0.4368142390410831,"Taucorr":0.49598530054553935},"EnergyVariance":{"Mean":18.204634719515106,"Sigma":3.9088762399047305,"Taucorr":0.10606127396831189},"Iteration":25},
{"Acceptance":[0.18954545454545454],"Energy":{"Mean":-5.076212836736281,"Sigma":0.6662071011445869,"Taucorr":0.6123019706665178},"EnergyVariance":{"Mean":30.11368604772674,"Sigma":9.976049134721585,"Taucorr":0.3137644627881945},"Iteration":26},
{"Acceptance":[0.16863636363636364],"Energy":{"Mean":-6.001581136932758,"Sigma":0.5863713076218879,"Taucorr":0.7320300118714858},"EnergyVariance":{"Mean":20.664514004444865,"Sigma":4.46844745650661,"Taucorr":0.4135702845483704},"Iteration":27},
{"Acceptance":[0.16045454545454546],"Energy":{"Mean":-7.086650439955748,"Sigma":0.40918379371023483,"Taucorr":0.5177406031911609},"EnergyVariance":{"Mean":13.406395864267383,"Sigma":2.5151817298638575,"Taucorr":0.2798778985718604},"Iteration":28},
{"Acceptance":[0.15818181818181817],"Energy":{"Mean":-6.720316406492499,"Sigma":0.46342124543100016,"Taucorr":0.6866696295361829},"EnergyVariance":{"Mean":17.168379686211466,"Sigma":4.647468784443055,"Taucorr":0.20657905793504228},"Iteration":29},
{"Acceptance":[0.14545454545454545],"Energy":{"Mean":-6.97783538208427,"Sigma":0.4267801288916974,"Taucorr":0.7854557707965768},"EnergyVariance":{"Mean":17.802509327151334,"Sigma":6.07081647237661,"Taucorr":0.7054464301504237},"Iteration":30},
{"Acceptance":[0.14636363636363636],"Energy":{"Mean":-7.39443895919748,"Sigma":0.36420102477825905,"Taucorr":0.5275734175372548},"EnergyVariance":{"Mean":10.870399503648445,"Sigma":2.3315720349990148,"Taucorr":0.3125635517033495},"Iteration":31},
{"Acceptance":[0.13272727272727272],"Energy":{"Mean":-7.091959641322958,"Sigma":0.31312792387148397,"Taucorr":0.04087275349364605},"EnergyVariance":{"Mean":20.606014388410653,"Sigma":7.561687863420215,"Taucorr":0.3745429096061519},"Iteration":32},
{"Acceptance":[0.12272727272727273],"Energy":{"Mean":-7.663714749413367,"Sigma":0.28604413628078007,"Taucorr":0.4316614963896003},"EnergyVariance":{"Mean":7.0591932717157135,"Sigma":1.2826205780577697,"Taucorr":0.20944967853289265},"Iteration":33},
{"Acceptance":[0.13],"Energy":{"Mean":-7.618716647461475,"Sigma":0.2533876314851575,"Taucorr":0.03516489541211609},"EnergyVariance":{"Mean":15.718866695868682,"Sigma":4.87413868931967,"Taucorr":0.26351193486666935},"Iteration":34},
{"Acceptance":[0.14545454545454545],"Energy":{"Mean":-7.8159372400426514,"Sigma":0.4005737815664636,"Taucorr":0.3010884002884666},"EnergyVariance":{"Mean":22.886983519295875,"Sigma":4.793459622175217,"Taucorr":0.17476622726720514},"Iteration":35},
{"Acceptance":[0.12318181818181818],"Energy":{"Mean":-7.504944262001787,"Sigma":0.3427290963023029,"Taucorr":0.30144737047354553},"EnergyVariance":{"Mean":13.237652559911522,"Sigma":2.6134200485785173,"Taucorr":-0.07869202046553325},"Iteration":36},
{"Acceptance":[0.11863636363636364],"Energy":{"Mean":-8.271745366224913,"Sigma":0.31329549016842556,"Taucorr":0.44099883158269115},"EnergyVariance":{"Mean":9.50489892066415,"Sigma":3.220893449062859,"Taucorr":0.5587750920486445},"Iteration":37},
{"Acceptance":[0.12363636363636364],"Energy":{"Mean":-7.6537542068743045,"Sigma":0.3366373905491653,"Taucorr":0.140311931347622},"EnergyVariance":{"Mean":16.793290215774253,"Sigma":3.7436830063334474,"Taucorr":-0.11085046490500938},"Iteration":38},
{"Acceptance":[0.10136363636363636],"Energy":{"Mean":-8.709516002787355,"Sigma":0.4068932458767842,"Taucorr":0.7611995093853727},"EnergyVariance":{"Mean":10.01611798317937,"Sigma":4.337200674487828,"Taucorr":0.7303518084909406},"Iteration":39},
{"Acceptance":[0.1],"Energy":{"Mean":-8.503306709401562,"Sigma":0.3610539899843083,"Taucorr":0.5018631328927423},"EnergyVariance":{"Mean":6.849717285273198,"Sigma":1.9838927022756223,"Taucorr":0.11222631451030973},"Iteration":40},
{"Acceptance":[0.10272727272727272],"Energy":{"Mean":-8.36983294203593,"Sigma":0.24990420448131134,"Taucorr":0.25141067330550004},"EnergyVariance":{"Mean":5.946640097443584,"Sigma":1.5696306556514403,"Taucorr":0.044322881618010124},"Iteration":41},
{"Acceptance":[0.11772727272727272],"Energy":{"Mean":-8.841347794874324,"Sigma":0.3037370185787953,"Taucorr":0.12187890899684362},"EnergyVariance":{"Mean":11.668419323403867,"Sigma":3.756069937101944,"Taucorr":0.3546609509962041},"Iteration":42},
{"Acceptance":[0.10954545454545454],"Energy":{"Mean":-8.360048813263893,"Sigma":0.26690343774924574,"Taucorr":0.3109295747652374},"EnergyVariance":{"Mean":6.300793239803938,"Sigma":1.5679728494767329,"Taucorr":0.00569167184948649},"Iteration":43},
{"Acceptance":[0.11318181818181818],"Energy":{"Mean":-8.484795026444854,"Sigma":0.3901492322974865,"Taucorr":0.5184813131274877},"EnergyVariance":{"Mean":13.060068299669028,"Sigma":3.472109243885473,"Taucorr":0.4452226781612355},"Iteration":44},
{"Acceptance":[0.11181818181818182],"Energy":{"Mean":-8.420276543067349,"Sigma":0.2264507667054054,"Taucorr":-0.2017147350454449},"EnergyVariance":{"Mean":13.95463863424715,"Sigma":7.609254896860061,"Taucorr":0.3043220652108001},"Iteration":45},
{"Acceptance":[0.11409090909090909],"Energy":{"Mean":-8.118280100072289,"Sigma":0.4362096124135443,"Taucorr":0.1670395775356739},"EnergyVariance":{"Mean":18.040225429924725,"Sigma":7.3667572010025175,"Taucorr":0.5417813726657752},"Iteration":46},
{"Acceptance":[0.09272727272727273],"Energy":{"Mean":-8.290274246629036,"Sigma":0.5083736177447833,"Taucorr":0.8078990435724431},"EnergyVariance":{"Mean":13.551020065944332,"Sigma":5.2842875905517666,"Taucorr":0.47237252671609353},"Iteration":47},
{"Acceptance":[0.08954545454545454],"Energy":{"Mean":-9.387433721182338,"Sigma":0.2641281028007018,"Taucorr":0.16070875141791574},"EnergyVariance":{"Mean":13.149700339522601,"Sigma":3.7627562589105388,"Taucorr":0.4927452514449103},"Iteration":48},
{"Acceptance":[0.1],"Energy":{"Mean":-8.508237326374788,"Sigma":0.33942945461737034,"Taucorr":0.6062833601405146},"EnergyVariance":{"Mean":6.728156875963965,"Sigma":1.2470192801035007,"Taucorr":0.15688322323735504},"Iteration":49},
{"Acceptance":[0.0959090909090909],"Energy":{"Mean":-8.482661498255014,"Sigma":0.30603409556710803,"Taucorr":0.3875972600944434},"EnergyVariance":{"Mean":7.297911538626532,"Sigma":1.810256817588548,"Taucorr":0.04351362552299154},"Iteration":50},
{"Acceptance":[0.10045454545454545],"Energy":{"Mean":-8.874175386008611,"Sigma":0.3061587782166042,"Taucorr":0.6958744290136742},"EnergyVariance":{"Mean":4.839804374753036,"Sigma":1.1177201017165914,"Taucorr":0.5720048434689389},"Iteration":51},
{"Acceptance":[0.11272727272727273],"Energy":{"Mean":-8.900623661445465,"Sigma":0.37124509662762895,"Taucorr":0.4032212201355865},"EnergyVariance":{"Mean":7.999210057504645,"Sigma":2.60293832224272,"Taucorr":0.026581587754957448},"Iteration":52},
{"Acceptance":[0.11954545454545455],"Energy":{"Mean":-8.860577884581144,"Sigma":0.24248747517398422,"Taucorr":0.0847321462657753},"EnergyVariance":{"Mean":8.676122306556614,"Sigma":2.1579023897698084,"Taucorr":0.06952368298853118},"Iteration":53},
{"Acceptance":[0.08818181818181818],"Energy":{"Mean":-8.533176498354404,"Sigma":0.34386321590789176,"Taucorr":0.5891281460353806},"EnergyVariance":{"Mean":6.7062482433720865,"Sigma":1.1808600499432784,"Taucorr":0.06991578943722421},"Iteration":54},
{"Acceptance":[0.075],"Energy":{"Mean":-9.18163022473681,"Sigma":0.28860292862416437,"Taucorr":0.6076444956102576},"EnergyVariance":{"Mean":3.8117253153106523,"Sigma":0.7882654545572748,"Taucorr":0.02694804491028202},"Iteration":55},
{"Acceptance":[0.08272727272727273],"Energy":{"Mean":-8.780431993207781,"Sigma":0.3107327966889046,"Taucorr":0.5170993445814527},"EnergyVariance":{"Mean":6.387512754784208,"Sigma":1.335335235391616,"Taucorr":0.045801593462086454},"Iteration":56},
{"Acceptance":[0.1009090909090909],"Energy":{"Mean":-8.293352243576125,"Sigma":0.656704869702164,"Taucorr":0.7732801204180901},"EnergyVariance":{"Mean":22.990086145307906,"Sigma":8.53951677173074,"Taucorr":0.5324776402612565},"Iteration":57},
{"Acceptance":[0.08772727272727272],"Energy":{"Mean":-8.81276506463581,"Sigma":0.555269450692455,"Taucorr":0.37862109258501286},"EnergyVariance":{"Mean":26.688532459861253,"Sigma":11.841693820602648,"Taucorr":0.7071457485338748},"Iteration":58},
{"Acceptance":[0.09863636363636363],"Energy":{"Mean":-8.541595016849639,"Sigma":0.4512148406484197,"Taucorr":0.2883747053778758},"EnergyVariance":{"Mean":27.277675596617357,"Sigma":6.859401914888328,"Taucorr":0.21032812990018024},"Iteration":59},
{"Acceptance":[0.09409090909090909],"Energy":{"Mean":-8.576760774169147,"Sigma":0.255056870764095,"Taucorr":0.37917665110323007},"EnergyVariance":{"Mean":4.273634128429575,"Sigma":1.2485496617826828,"Taucorr":0.013288512742058778},"Iteration":60},
{"Acceptance":[0.10590909090909091],"Energy":{"Mean":-9.476813458501276,"Sigma":0.2767238641496951,"Taucorr":0.3866545602245576},"EnergyVariance":{"Mean":6.931703879681118,"Sigma":3.0556687196691485,"Taucorr":0.434077189571656},"Iteration":61},
{"Acceptance":[0.09545454545454546],"Energy":{"Mean":-9.008811194557623,"Sigma":0.41239898100634775,"Taucorr":0.8049652229235067},"EnergyVariance":{"Mean":8.196756132869726,"Sigma":2.182754457816209,"Taucorr":0.05547373498538821},"Iteration":62},
{"Acceptance":[0.08727272727272728],"Energy":{"Mean":-9.419137930955637,"Sigma":0.3210237019920047,"Taucorr":0.7318905091386183},"EnergyVariance":{"Mean":5.687069741297855,"Sigma":1.9572997336560443,"Taucorr":0.638307205163517},"Iteration":63},
{"Acceptance":[0.09409090909090909],"Energy":{"Mean":-7.825677780726041,"Sigma":0.5204254197692407,"Taucorr":0.6282321007486549},"EnergyVariance":{"Mean":12.598897350687178,"Sigma":5.977230628214943,"Taucorr":0.3544996155344612},"Iteration":64},
{"Acceptance":[0.08272727272727273],"Energy":{"Mean":-8.732356266892925,"Sigma":0.43749614635570294,"Taucorr":0.35350565852519444},"EnergyVariance":{"Mean":11.389890356869758,"Sigma":5.271165155490997,"Taucorr":0.4251133862866021},"Iteration":65},
{"Acceptance":[0.07590909090909091],"Energy":{"Mean":-9.490938716492408,"Sigma":0.7025682541276499,"Taucorr":0.908663804892617},"EnergyVariance":{"Mean":23.625672714350603,"Sigma":10.55238943278368,"Taucorr":0.6784162006798033},"Iteration":66},
{"Acceptance":[0.08727272727272728],"Energy":{"Mean":-9.022889188444795,"Sigma":0.3921912877234169,"Taucorr":0.19618498369135673},"EnergyVariance":{"Mean":13.667269726438688,"Sigma":4.3374229555880905,"Taucorr":0.07625866771176759},"Iteration":67},
{"Acceptance":[0.09545454545454546],"Energy":{"Mean":-8.68725075793857,"Sigma":0.26171796391788704,"Taucorr":-0.24093127972186817},"EnergyVariance":{"Mean":18.09307796868405,"Sigma":7.945057714604288,"Taucorr":0.41901271486172276},"Iteration":68},
{"Acceptance":[0.08727272727272728],"Energy":{"Mean":-9.342955858926434,"Sigma":0.5305575974854329,"Taucorr":0.8146959565944085},"EnergyVariance":{"Mean":11.401141198938454,"Sigma":6.284896055172836,"Taucorr":0.5281594619471361},"Iteration":69},
{"Acceptance":[0.09090909090909091],"Energy":{"Mean":-9.322758002038217,"Sigma":0.2761361867684346,"Taucorr":-0.11011601590338882},"EnergyVariance":{"Mean":11.16435336719011,"Sigma":7.326418338788758,"Taucorr":0.540618660629202},"Iteration":70},
{"Acceptance":[0.07136363636363637],"Energy":{"Mean":-9.371442489457042,"Sigma":0.3428812636010096,"Taucorr":0.12230860699218737},"EnergyVariance":{"Mean":11.614766660636635,"Sigma":6.408185291207851,"Taucorr":0.28004187889342047},"Iteration":71},
{"Acceptance":[0.0740909090909091],"Energy":{"Mean":-8.876222206509876,"Sigma":0.3026072172606136,"Taucorr":0.34261009302309886},"EnergyVariance":{"Mean":5.940650244157641,"Sigma":1.8733074850788711,"Taucorr":0.7118459703049622},"Iteration":72},
{"Acceptance":[0.07545454545454545],"Energy":{"Mean":-9.947739151732137,"Sigma":0.23418138727233312,"Taucorr":0.27885932521075885},"EnergyVariance":{"Mean":4.887617657756687,"Sigma":1.3872514967573673,"Taucorr":0.13348831486565182},"Iteration":73},
{"Acceptance":[0.08136363636363636],"Energy":{"Mean":-8.81794767475039,"Sigma":0.4533817780539803,"Taucorr":0.3755816335659299},"EnergyVariance":{"Mean":13.099896960635506,"Sigma":5.163521865058452,"Taucorr":0.07484877240927645},"Iteration":74},
{"Acceptance":[0.075],"Energy":{"Mean":-9.312822776569282,"Sigma":0.2182977975571486,"Taucorr":0.14341459589763628},"EnergyVariance":{"Mean":3.8664328312330856,"Sigma":0.8539807943411444,"Taucorr":0.272731749377367},"Iteration":75},
{"Acceptance":[0.09227272727272727],"Energy":{"Mean":-9.326043428402786,"Sigma":0.34047349765869567,"Taucorr":0.21784613592220903},"EnergyVariance":{"Mean":13.531295796785267,"Sigma":5.3054107420115075,"Taucorr":0.12834248422305905},"Iteration":76},
{"Acceptance":[0.10681818181818181],"Energy":{"Mean":-8.634124920161357,"Sigma":0.3626580608086465,"Taucorr":0.09325937612289759},"EnergyVariance":{"Mean":12.347931456558515,"Sigma":7.02053994099879,"Taucorr":0.10723194593506724},"Iteration":77},
{"Acceptance":[0.07954545454545454],"Energy":{"Mean":-9.780540822965156,"Sigma":0.3658338555015978,"Taucorr":0.1840138802025344},"EnergyVariance":{"Mean":10.918572989661298,"Sigma":4.112782656657658,"Taucorr":0.014786043119809023},"Iteration":78},
{"Acceptance":[0.08954545454545454],"Energy":{"Mean":-8.880420040859638,"Sigma":0.386207372154293,"Taucorr":0.2931743330849276},"EnergyVariance":{"Mean":9.789617345049738,"Sigma":3.5683000087989223,"Taucorr":-0.0293728107846008},"Iteration":79},
{"Acceptance":[0.08727272727272728],"Energy":{"Mean":-9.07097681051989,"Sigma":0.301923637137199,"Taucorr":0.6304520731637897},"EnergyVariance":{"Mean":3.846033438935963,"Sigma":0.4629401129250291,"Taucorr":-0.02554007036797573},"Iteration":80},
{"Acceptance":[0.08772727272727272],"Energy":{"Mean":-8.946696728274064,"Sigma":0.3696635152965788,"Taucorr":0.2760944833063088},"EnergyVariance":{"Mean":11.032984397837748,"Sigma":3.992982951221935,"Taucorr":0.4132768361937261},"Iteration":81},
{"Acceptance":[0.08045454545454546],"Energy":{"Mean":-9.17318347562888,"Sigma":0.3556697992534415,"Taucorr":0.35927640082748935},"EnergyVariance":{"Mean":9.275410263267792,"Sigma":3.8472024066722716,"Taucorr":0.02971030320219581},"Iteration":82},
{"Acceptance":[0.09181818181818181],"Energy":{"Mean":-9.116431611498319,"Sigma":0.43235140068251576,"Taucorr":0.037882086819239436},"EnergyVariance":{"Mean":20.365561199562606,"Sigma":6.661333857515206,"Taucorr":0.12456144143136827},"Iteration":83},
{"Acceptance":[0.07727272727272727],"Energy":{"Mean":-8.98408338521473,"Sigma":0.26347688315139617,"Taucorr":0.3606265626866879},"EnergyVariance":{"Mean":4.3697885266285565,"Sigma":1.257895389616659,"Taucorr":0.4265910322274318},"Iteration":84},
{"Acceptance":[0.06272727272727273],"Energy":{"Mean":-8.76750686138907,"Sigma":0.20014487095992786,"Taucorr":-0.004516492682407169},"EnergyVariance":{"Mean":4.623591621470117,"Sigma":1.4915517252235346,"Taucorr":0.1803954894103308},"Iteration":85},
{"Acceptance":[0.085],"Energy":{"Mean":-9.090092447590246,"Sigma":0.35372746853279,"Taucorr":0.31933146307661797},"EnergyVariance":{"Mean":9.481880162943327,"Sigma":4.070154393981093,"Taucorr":0.415241481191151},"Iteration":86},
{"Acceptance":[0.07727272727272727],"Energy":{"Mean":-8.941120033819567,"Sigma":0.2262899625302528,"Taucorr":0.20931545943633367},"EnergyVariance":{"Mean":3.4922831077452554,"Sigma":0.5350039684332859,"Taucorr":0.02233080952227917},"Iteration":87},
{"Acceptance":[0.06363636363636363],"Energy":{"Mean":-8.727933447788416,"Sigma":0.298173721490464,"Taucorr":0.5545317672497545},"EnergyVariance":{"Mean":4.084757810133783,"Sigma":0.760960938521419,"Taucorr":-0.006547659107162207},"Iteration":88},
{"Acceptance":[0.06409090909090909],"Energy":{"Mean":-9.50690891078029,"Sigma":0.27327347475655905,"Taucorr":0.38274421045475115},"EnergyVariance":{"Mean":5.5693716431927065,"Sigma":2.5227379999641792,"Taucorr":0.03330980327874278},"Iteration":89},
{"Acceptance":[0.07681818181818181],"Energy":{"Mean":-9.453098788781057,"Sigma":0.24634312843747108,"Taucorr":-0.023411313199325268},"EnergyVariance":{"Mean":7.6095824222556985,"Sigma":2.1967417484333653,"Taucorr":0.02374730785997281},"Iteration":90},
{"Acceptance":[0.07909090909090909],"Energy":{"Mean":-9.87576693759209,"Sigma":0.6715182942120405,"Taucorr":0.7526544895051579},"EnergyVariance":{"Mean":20.034013026068468,"Sigma":7.893613910113258,"Taucorr":0.5660872054620565},"Iteration":91},
{"Acceptance":[0.06409090909090909],"Energy":{"Mean":-9.9263861096546,"Sigma":0.3209807949783712,"Taucorr":0.2463253362078206},"EnergyVariance":{"Mean":8.003421003237914,"Sigma":2.0618324679176583,"Taucorr":0.2996877769683831},"Iteration":92},
{"Acceptance":[0.09],"Energy":{"Mean":-9.422354426030331,"Sigma":0.34568355031412407,"Taucorr":0.3138688047613494},"EnergyVariance":{"Mean":9.774062267690697,"Sigma":3.4626202060146736,"Taucorr":0.19316434694341655},"Iteration":93},
{"Acceptance":[0.08681818181818182],"Energy":{"Mean":-8.832303701949355,"Sigma":0.39495163000847533,"Taucorr":0.626437594915368},"EnergyVariance":{"Mean":7.613549220808662,"Sigma":2.2222876739416635,"Taucorr":0.28076618581400214},"Iteration":94},
{"Acceptance":[0.08181818181818182],"Energy":{"Mean":-9.838257874614392,"Sigma":0.35948150223496633,"Taucorr":0.32805746887708664},"EnergyVariance":{"Mean":9.649094866602566,"Sigma":3.0909904319690074,"Taucorr":0.5881938674867997},"Iteration":95},
{"Acceptance":[0.08863636363636364],"Energy":{"Mean":-8.202424372808705,"Sigma":0.3752407313849398,"Taucorr":0.17274111708763118},"EnergyVariance":{"Mean":12.257332419997258,"Sigma":6.492876121968813,"Taucorr":-0.017237727643684475},"Iteration":96},
{"Acceptance":[0.075],"Energy":{"Mean":-9.656966137539719,"Sigma":0.30541778307723655,"Taucorr":0.1980643415789627},"EnergyVariance":{"Mean":6.610950327652582,"Sigma":1.9522076880600334,"Taucorr":0.1493969040913633},"Iteration":97},
{"Acceptance":[0.08954545454545454],"Energy":{"Mean":-9.216906242952515,"Sigma":0.35837939871981833,"Taucorr":0.3609764179957289},"EnergyVariance":{"Mean":9.415596389131053,"Sigma":4.020665592080984,"Taucorr":0.00755766257161361},"Iteration":98},
{"Acceptance":[0.07681818181818181],"Energy":{"Mean":-9.141405313832411,"Sigma":0.29870910259133293,"Taucorr":0.2669243644283147},"EnergyVariance":{"Mean":5.795728322376851,"Sigma":1.033933718146033,"Taucorr":0.043605540806043286},"Iteration":99} 
]}
{"input": {"L": 10, "J": 1, "machine": {"type": "FFNN", "model": ["tanh", 29, 2]}, "sampler": {"type": "MetropolisHop", "d_max": 5}, "optimizer": {"type": "AdaMax", "alpha": 0.001, "beta1": 0.9, "beta2": 0.999, "epscut": 1e-07}, "VMC": {"n_samples": 100, "discarded_samples": 100, "discarded_samples_on_init": 0, "target": "energy", "method": "Gd", "diag_shift": 0.01, "use_iterative": true, "use_cholesky": true}, "n_iter": 100}}
duration: -0.8978781700134277