{"Output": [
{"Acceptance":[0.8486363636363636],"Energy":{"Mean":8.278196420578535,"Sigma":0.22813623428087357,"Taucorr":0.06491172448649984},"EnergyVariance":{"Mean":4.61290014443564,"Sigma":0.6209992001688373,"Taucorr":0.12435860603905124},"Iteration":0},
{"Acceptance":[0.7431818181818182],"Energy":{"Mean":7.263442853301932,"Sigma":0.24379801972646215,"Taucorr":-0.018985744211439115},"EnergyVariance":{"Mean":6.493806980143899,"Sigma":0.7968021543110285,"Taucorr":0.07539845247474641},"Iteration":1},
{"Acceptance":[0.6731818181818182],"Energy":{"Mean":7.9379592925512386,"Sigma":0.4400528284350061,"Taucorr":0.5340539081774123},"EnergyVariance":{"Mean":9.912822195511076,"Sigma":1.2697432184490416,"Taucorr":0.1334695852256863},"Iteration":2},
{"Acceptance":[0.6386363636363637],"Energy":{"Mean":6.605758177893075,"Sigma":0.29128379422132344,"Taucorr":-0.062552366595032},"EnergyVariance":{"Mean":11.428233867261623,"Sigma":1.236722846390233,"Taucorr":-0.03990380688041273},"Iteration":3},
{"Acceptance":[0.5290909090909091],"Energy":{"Mean":4.3721749454061865,"Sigma":0.522228000495989,"Taucorr":0.4814984115230536},"EnergyVariance":{"Mean":15.529576023191115,"Sigma":1.9485678928197556,"Taucorr":0.11978103960346376},"Iteration":4},
{"Acceptance":[0.5231818181818182],"Energy":{"Mean":4.558904686613202,"Sigma":0.3252127063839835,"Taucorr":0.029037727215265985},"EnergyVariance":{"Mean":12.480770846942354,"Sigma":1.2082179828764226,"Taucorr":-0.09183311228375207},"Iteration":5},
{"Acceptance":[0.49],"Energy":{"Mean":3.1915168335409807,"Sigma":0.5945883593483935,"Taucorr":0.6070508686928042},"EnergyVariance":{"Mean":18.622770223811436,"Sigma":3.5378925107359622,"Taucorr":0.2331210805470303},"Iteration":6},
{"Acceptance":[0.4586363636363636],"Energy":{"Mean":3.944897879826356,"Sigma":0.5944204537653004,"Taucorr":0.5464185536851096},"EnergyVariance":{"Mean":20.42810294443843,"Sigma":2.218816144529829,"Taucorr":0.22648922393913384},"Iteration":7},
{"Acceptance":[0.4018181818181818],"Energy":{"Mean":1.9383785179564201,"Sigma":0.5003456900438813,"Taucorr":0.5938076040190214},"EnergyVariance":{"Mean":16.12014279113947,"Sigma":1.894546983970971,"Taucorr":0.06943588760427422},"Iteration":8},
{"Acceptance":[0.38227272727272726],"Energy":{"Mean":1.5146754818349797,"Sigma":0.49550416993685076,"Taucorr":0.45501336906514134},"EnergyVariance":{"Mean":18.311045132975377,"Sigma":2.9892661881129796,"Taucorr":0.5682862882887463},"Iteration":9},
{"Acceptance":[0.3327272727272727],"Energy":{"Mean":0.7065054367506787,"Sigma":0.47800319415392356,"Taucorr":0.6479167464808375},"EnergyVariance":{"Mean":17.149991869997653,"Sigma":2.2224351634683206,"Taucorr":0.269135060692153},"Iteration":10},
{"Acceptance":[0.30363636363636365],"Energy":{"Mean":0.3157438860019183,"Sigma":0.4299322457926107,"Taucorr":0.28646175656490624},"EnergyVariance":{"Mean":20.659443916472135,"Sigma":2.765473801334229,"Taucorr":0.0158123988391069},"Iteration":11},
{"Acceptance":[0.305],"Energy":{"Mean":-0.8021737711684145,"Sigma":0.37811773776417335,"Taucorr":0.36751563303495494},"EnergyVariance":{"Mean":15.626907197857681,"Sigma":3.303153489139344,"Taucorr":0.24261556456405986},"Iteration":12},
{"Acceptance":[0.24],"Energy":{"Mean":-2.3531430384633936,"Sigma":0.49239117079742684,"Taucorr":0.6890667626565687},"EnergyVariance":{"Mean":15.727248904146201,"Sigma":5.188238354872808,"Taucorr":0.6685360694994509},"Iteration":13},
{"Acceptance":[0.22454545454545455],"Energy":{"Mean":-2.8703197078111304,"Sigma":0.33462637431512154,"Taucorr":0.6522533645655584},"EnergyVariance":{"Mean":10.459910248054694,"Sigma":1.5631841296933726,"Taucorr":-0.15065414843228875},"Iteration":14},
{"Acceptance":[0.25363636363636366],"Energy":{"Mean":-2.026847063437562,"Sigma":0.43525186240206337,"Taucorr":0.39987803981611914},"EnergyVariance":{"Mean":22.71138775720841,"Sigma":4.371185967218183,"Taucorr":0.43284751471538896},"Iteration":15},
{"Acceptance":[0.22727272727272727],"Energy":{"Mean":-3.8571840487290254,"Sigma":0.28439592445319334,"Taucorr":0.29178315631706386},"EnergyVariance":{"Mean":10.206802331786944,"Sigma":3.178023279538744,"Taucorr":0.00279576731179898},"Iteration":16},
{"Acceptance":[0.1809090909090909],"Energy":{"Mean":-4.371430824365038,"Sigma":0.262531422121104,"Taucorr":0.4693175965295272},"EnergyVariance":{"Mean":7.250485136165155,"Sigma":1.3791112521275712,"Taucorr":0.10833692042151644},"Iteration":17},
{"Acceptance":[0.19545454545454546],"Energy":{"Mean":-4.7866886944572915,"Sigma":0.23820141945127757,"Taucorr":0.24210774910299504},"EnergyVariance":{"Mean":9.642199977110728,"Sigma":2.565552115909119,"Taucorr":0.3556009233763068},"Iteration":18},
{"Acceptance":[0.18545454545454546],"Energy":{"Mean":-4.263414318339816,"Sigma":0.2382144393334492,"Taucorr":0.11964613223894183},"EnergyVariance":{"Mean":10.089968040229351,"Sigma":2.131480537807265,"Taucorr":0.20427005837986345},"Iteration":19},
{"Acceptance":[0.16318181818181818],"Energy":{"Mean":-5.069246459370154,"Sigma":0.30496829647962426,"Taucorr":0.535445957975299},"EnergyVariance":{"Mean":10.42065051169826,"Sigma":3.8274660027653833,"Taucorr":0.7358888954673102},"Iteration":20},
{"Acceptance":[0.15818181818181817],"Energy":{"Mean":-4.613076073704008,"Sigma":0.25100570054853516,"Taucorr":0.11787679170465504},"EnergyVariance":{"Mean":14.70087968580154,"Sigma":2.9586542572362085,"Taucorr":-0.08672322375518315},"Iteration":21},
{"Acceptance":[0.16863636363636364],"Energy":{"Mean":-5.2866753660120205,"Sigma":0.3261660102563448,"Taucorr":0.08398536458489902},"EnergyVariance":{"Mean":12.807392434136364,"Sigma":3.5942948024124908,"Taucorr":0.03915594524722432},"Iteration":22},
{"Acceptance":[0.1409090909090909],"Energy":{"Mean":-5.5683334126898885,"Sigma":0.24750559429134233,"Taucorr":0.4957829614234375},"EnergyVariance":{"Mean":4.946304751896617,"Sigma":1.2241060691655525,"Taucorr":0.17900875900844537},"Iteration":23},
{"Acceptance":[0.13454545454545455],"Energy":{"Mean":-4.9106182782450105,"Sigma":0.38763918441438244,"Taucorr":0.6353044224724349},"EnergyVariance":{"Mean":9.693439047569886,"Sigma":3.785178225760389,"Taucorr":0.4172022934274551},"Iteration":24},
{"Acceptance":[0.1509090909090909],"Energy":{"Mean":-5.806944834032784,"Sigma":0.3867252001659145,"Taucorr":0.2829604629774153},"EnergyVariance":{"Mean":17.322004556476397,"Sigma":4.197038760462717,"Taucorr":0.2561433321322152},"Iteration":25},
{"Acceptance":[0.13454545454545455],"Energy":{"Mean":-6.017975138056392,"Sigma":0.28667896547837707,"Taucorr":0.6009383595395279},"EnergyVariance":{"Mean":5.671825851812403,"Sigma":1.1208992690232433,"Taucorr":0.0750350333175952},"Iteration":26},
{"Acceptance":[0.15136363636363637],"Energy":{"Mean":-6.468127725637498,"Sigma":0.29293882557973505,"Taucorr":0.2874754294217592},"EnergyVariance":{"Mean":12.381004489802251,"Sigma":4.494330295651437,"Taucorr":0.4254384264641531},"Iteration":27},
{"Acceptance":[0.15],"Energy":{"Mean":-5.119493156367399,"Sigma":0.4471492514697706,"Taucorr":0.23122280338454693},"EnergyVariance":{"Mean":18.328811845391265,"Sigma":6.804177686751517,"Taucorr":0.13993534739105218},"Iteration":28},
{"Acceptance":[0.1409090909090909],"Energy":{"Mean":-6.2917104467568965,"Sigma":0.3408793764868032,"Taucorr":0.12496472770752287},"EnergyVariance":{"Mean":14.064062843150698,"Sigma":6.130391112766886,"Taucorr":0.22419208207464048},"Iteration":29},
{"Acceptance":[0.12863636363636363],"Energy":{"Mean":-7.030638058146095,"Sigma":0.47234587750399776,"Taucorr":0.3228039236809078},"EnergyVariance":{"Mean":22.654017684846284,"Sigma":7.384873358759003,"Taucorr":0.28992183001552996},"Iteration":30},
{"Acceptance":[0.14],"Energy":{"Mean":-6.5530859631251435,"Sigma":0.32940457805709017,"Taucorr":-0.0761497087961952},"EnergyVariance":{"Mean":13.57578648912068,"Sigma":4.987416783711461,"Taucorr":0.1791734086860689},"Iteration":31},
{"Acceptance":[0.12727272727272726],"Energy":{"Mean":-6.614720574228278,"Sigma":0.21186228690930559,"Taucorr":0.13055556787059197},"EnergyVariance":{"Mean":5.77353135372729,"Sigma":1.8537699340327003,"Taucorr":0.18159594258328837},"Iteration":32},
{"Acceptance":[0.1340909090909091],"Energy":{"Mean":-7.222546612880905,"Sigma":0.29491612001301354,"Taucorr":0.4303960210515487},"EnergyVariance":{"Mean":4.898394178014274,"Sigma":1.4857338982804125,"Taucorr":0.6825314658777522},"Iteration":33},
{"Acceptance":[0.14363636363636365],"Energy":{"Mean":-6.849200764315105,"Sigma":0.3797388956453159,"Taucorr":0.3598659072863253},"EnergyVariance":{"Mean":10.187912130851023,"Sigma":3.0865897348097238,"Taucorr":0.07726219211028462},"Iteration":34},
{"Acceptance":[0.15681818181818183],"Energy":{"Mean":-7.103354848281359,"Sigma":0.26476022316075987,"Taucorr":0.10914127002293328},"EnergyVariance":{"Mean":16.372222125490524,"Sigma":8.401218410643553,"Taucorr":0.6610739195379922},"Iteration":35},
{"Acceptance":[0.1409090909090909],"Energy":{"Mean":-6.972052721602627,"Sigma":0.3749243682172742,"Taucorr":0.5627446756099515},"EnergyVariance":{"Mean":7.707272031000617,"Sigma":1.913295726613816,"Taucorr":0.36250813868493426},"Iteration":36},
{"Acceptance":[0.16136363636363638],"Energy":{"Mean":-6.8475446286518835,"Sigma":0.3767795799452147,"Taucorr":0.19148818549207547},"EnergyVariance":{"Mean":11.880691266516752,"Sigma":4.83278501315091,"Taucorr":0.41914010129497203},"Iteration":37},
{"Acceptance":[0.15545454545454546],"Energy":{"Mean":-7.1616203104222125,"Sigma":0.33732713469998266,"Taucorr":0.3112951953245672},"EnergyVariance":{"Mean":6.793799615029138,"Sigma":1.5037482835109677,"Taucorr":0.05400325291186303},"Iteration":38},
{"Acceptance":[0.13636363636363635],"Energy":{"Mean":-7.429217848554152,"Sigma":0.2992742465341081,"Taucorr":0.2544299513291969},"EnergyVariance":{"Mean":5.83485606365035,"Sigma":1.8343274483949883,"Taucorr":0.06582832382757275},"Iteration":39},
{"Acceptance":[0.14727272727272728],"Energy":{"Mean":-7.530776951526113,"Sigma":0.40778887582101986,"Taucorr":0.19840440766655376},"EnergyVariance":{"Mean":13.659720375452704,"Sigma":3.6831517503054805,"Taucorr":-0.012599127041326708},"Iteration":40},
{"Acceptance":[0.12727272727272726],"Energy":{"Mean":-7.029339759225463,"Sigma":0.2964069871516948,"Taucorr":0.31515193344377057},"EnergyVariance":{"Mean":5.830280383334266,"Sigma":2.3369375965422043,"Taucorr":-0.012874084292184007},"Iteration":41},
{"Acceptance":[0.14909090909090908],"Energy":{"Mean":-7.229298139278454,"Sigma":0.27632911643205577,"Taucorr":-0.012516635547601351},"EnergyVariance":{"Mean":8.328341040836172,"Sigma":3.250081037316092,"Taucorr":0.055449213328723435},"Iteration":42},
{"Acceptance":[0.165],"Energy":{"Mean":-6.9787159967540395,"Sigma":0.2748683526170756,"Taucorr":-0.1339354822306072},"EnergyVariance":{"Mean":11.1386907986076,"Sigma":3.965459026180607,"Taucorr":-0.011615688475573094},"Iteration":43},
{"Acceptance":[0.13954545454545456],"Energy":{"Mean":-7.446381589688156,"Sigma":0.2998409196168046,"Taucorr":0.18818634249817934},"EnergyVariance":{"Mean":6.810755007470448,"Sigma":2.675254509615413,"Taucorr":0.015011664663381885},"Iteration":44},
{"Acceptance":[0.15136363636363637],"Energy":{"Mean":-7.810284035823609,"Sigma":0.2386241494695613,"Taucorr":0.012656038281531168},"EnergyVariance":{"Mean":6.224379503762271,"Sigma":1.4739753935435023,"Taucorr":0.13213545819453698},"Iteration":45},
{"Acceptance":[0.16545454545454547],"Energy":{"Mean":-8.200829324093828,"Sigma":0.3047123885300464,"Taucorr":0.11664593241604182},"EnergyVariance":{"Mean":8.614636514054478,"Sigma":3.273754097769673,"Taucorr":-0.009912149785868019},"Iteration":46},
{"Acceptance":[0.165],"Energy":{"Mean":-7.545744545548463,"Sigma":0.3228092163929456,"Taucorr":-0.13985264975525635},"EnergyVariance":{"Mean":14.324057597111816,"Sigma":7.496527986908662,"Taucorr":0.03211020856158009},"Iteration":47},
{"Acceptance":[0.16227272727272726],"Energy":{"Mean":-8.722014600461318,"Sigma":0.37475613926451573,"Taucorr":0.16980503679724568},"EnergyVariance":{"Mean":11.10030308680465,"Sigma":3.9052058525349707,"Taucorr":0.15322180750827707},"Iteration":48},
{"Acceptance":[0.175],"Energy":{"Mean":-7.724160718286248,"Sigma":0.3266928757442763,"Taucorr":0.0693962224239798},"EnergyVariance":{"Mean":9.714760586876373,"Sigma":3.9238523455975827,"Taucorr":0.14857260252940585},"Iteration":49},
{"Acceptance":[0.175],"Energy":{"Mean":-7.881681744310562,"Sigma":0.430483718035787,"Taucorr":0.2659553112671844},"EnergyVariance":{"Mean":11.576667192990314,"Sigma":7.3039228224136075,"Taucorr":0.013951024699266013},"Iteration":50},
{"Acceptance":[0.19818181818181818],"Energy":{"Mean":-7.5763534538041934,"Sigma":0.318870119166626,"Taucorr":0.18614084000545705},"EnergyVariance":{"Mean":7.102701839188094,"Sigma":1.2640648694183134,"Taucorr":0.22482044747510543},"Iteration":51},
{"Acceptance":[0.19318181818181818],"Energy":{"Mean":-7.588983478831113,"Sigma":0.47669593295399987,"Taucorr":-0.024534516696746722},"EnergyVariance":{"Mean":24.770716501294103,"Sigma":11.705397088788109,"Taucorr":0.3457459926334241},"Iteration":52},
{"Acceptance":[0.1990909090909091],"Energy":{"Mean":-6.572780244258561,"Sigma":0.701727212972732,"Taucorr":0.14807985270184654},"EnergyVariance":{"Mean":37.202550803948526,"Sigma":10.388000364129823,"Taucorr":-0.08894491082530259},"Iteration":53},
{"Acceptance":[0.18681818181818183],"Energy":{"Mean":-8.065146355541119,"Sigma":0.28602718761411,"Taucorr":0.18124347404156604},"EnergyVariance":{"Mean":5.766105556291098,"Sigma":1.1212903490447315,"Taucorr":0.05945472947393404},"Iteration":54},
{"Acceptance":[0.2177272727272727],"Energy":{"Mean":-8.329560683921523,"Sigma":0.3858104720258562,"Taucorr":0.03607669372004063},"EnergyVariance":{"Mean":14.443181094859785,"Sigma":6.34237872286159,"Taucorr":0.0389639789310674},"Iteration":55},
{"Acceptance":[0.20045454545454544],"Energy":{"Mean":-7.81522850024583,"Sigma":0.5647532429106328,"Taucorr":0.239352780314106},"EnergyVariance":{"Mean":20.794333269752677,"Sigma":8.970471923078714,"Taucorr":0.2481550978416348},"Iteration":56},
{"Acceptance":[0.19090909090909092],"Energy":{"Mean":-8.36435232740217,"Sigma":0.2297819864084239,"Taucorr":0.018592256720683875},"EnergyVariance":{"Mean":4.881595282228384,"Sigma":0.5959872879889325,"Taucorr":-0.039511766106963664},"Iteration":57},
{"Acceptance":[0.20045454545454544],"Energy":{"Mean":-8.726658301346587,"Sigma":0.3100197738650719,"Taucorr":0.12711790055457495},"EnergyVariance":{"Mean":7.321728505127331,"Sigma":2.7918266283263824,"Taucorr":0.008326665671424927},"Iteration":58},
{"Acceptance":[0.17136363636363636],"Energy":{"Mean":-8.715599693472253,"Sigma":0.25397367856369163,"Taucorr":0.20876171678946787},"EnergyVariance":{"Mean":4.354994915870757,"Sigma":0.7534366159738692,"Taucorr":0.4195754281632973},"Iteration":59},
{"Acceptance":[0.18818181818181817],"Energy":{"Mean":-9.358478553665249,"Sigma":0.34060635919129556,"Taucorr":0.638162245107879},"EnergyVariance":{"Mean":4.879772116017056,"Sigma":1.0966038606338682,"Taucorr":0.2490022079543891},"Iteration":60},
{"Acceptance":[0.18545454545454546],"Energy":{"Mean":-8.286087982135335,"Sigma":0.4005578458700884,"Taucorr":0.4155544455346447},"EnergyVariance":{"Mean":8.64694093220348,"Sigma":2.401868141510458,"Taucorr":0.003413278430965061},"Iteration":61},
{"Acceptance":[0.16636363636363635],"Energy":{"Mean":-8.71447175595705,"Sigma":0.3883317030239274,"Taucorr":0.1843000349486249},"EnergyVariance":{"Mean":11.255114659934867,"Sigma":3.967123120025819,"Taucorr":-0.021963227155222365},"Iteration":62},
{"Acceptance":[0.17136363636363636],"Energy":{"Mean":-8.940846634592377,"Sigma":0.36088639446103904,"Taucorr":0.2964513930099001},"EnergyVariance":{"Mean":7.786751648830023,"Sigma":2.369753922974708,"Taucorr":0.12057833631675552},"Iteration":63},
{"Acceptance":[0.16363636363636364],"Energy":{"Mean":-8.425326303330973,"Sigma":0.3481495416002607,"Taucorr":0.24855656037062468},"EnergyVariance":{"Mean":7.712463868448298,"Sigma":1.2741380060917475,"Taucorr":0.23444173086585607},"Iteration":64},
{"Acceptance":[0.1572727272727273],"Energy":{"Mean":-9.159996229465444,"Sigma":0.2882429720701457,"Taucorr":0.523943941737685},"EnergyVariance":{"Mean":3.870927414242998,"Sigma":0.6814315078276918,"Taucorr":0.06945375467206427},"Iteration":65},
{"Acceptance":[0.14545454545454545],"Energy":{"Mean":-8.71076666654203,"Sigma":0.5538585531712583,"Taucorr":0.5561660643729187},"EnergyVariance":{"Mean":13.865978334134242,"Sigma":7.042545416391335,"Taucorr":0.43175675275530334},"Iteration":66},
{"Acceptance":[0.16],"Energy":{"Mean":-8.96712951561803,"Sigma":0.46547927041721887,"Taucorr":0.04405716366245116},"EnergyVariance":{"Mean":20.561110289876485,"Sigma":8.128014908804873,"Taucorr":0.27706772510809374},"Iteration":67},
{"Acceptance":[0.10636363636363637],"Energy":{"Mean":-9.510654805636895,"Sigma":0.25683308664552085,"Taucorr":-0.1091215417478158},"EnergyVariance":{"Mean":8.485547026724117,"Sigma":5.242755377704384,"Taucorr":0.08706312255479054},"Iteration":68},
{"Acceptance":[0.1559090909090909],"Energy":{"Mean":-8.923874630936274,"Sigma":0.35102677071734145,"Taucorr":0.3177074791325635},"EnergyVariance":{"Mean":7.176105591924429,"Sigma":1.5494225419393575,"Taucorr":0.41845970741171457},"Iteration":69},
{"Acceptance":[0.14],"Energy":{"Mean":-8.721218135445856,"Sigma":0.7939586356191698,"Taucorr":0.22799609133060494},"EnergyVariance":{"Mean":42.59764148362598,"Sigma":18.34843544968178,"Taucorr":0.14774387378651177},"Iteration":70},
{"Acceptance":[0.10954545454545454],"Energy":{"Mean":-9.392270317452333,"Sigma":0.3608105108682221,"Taucorr":0.305727777748215},"EnergyVariance":{"Mean":8.084895874785191,"Sigma":3.5149604918214292,"Taucorr":0.013956406495025941},"Iteration":71},
{"Acceptance":[0.11772727272727272],"Energy":{"Mean":-8.966332814872192,"Sigma":0.2737584830207541,"Taucorr":0.4595954246604964},"EnergyVariance":{"Mean":3.7179184403532157,"Sigma":0.5217739618322614,"Taucorr":-0.027127358315096883},"Iteration":72},
{"Acceptance":[0.11772727272727272],"Energy":{"Mean":-9.213234015565298,"Sigma":0.4043206327515322,"Taucorr":0.6432133739677806},"EnergyVariance":{"Mean":6.812180644919082,"Sigma":1.0630109014454494,"Taucorr":0.254179695386723},"Iteration":73},
{"Acceptance":[0.12272727272727273],"Energy":{"Mean":-9.56415495359981,"Sigma":0.3076350135847482,"Taucorr":0.07147459232165287},"EnergyVariance":{"Mean":7.908243135664158,"Sigma":2.998564230136466,"Taucorr":0.05593346595028559},"Iteration":74},
{"Acceptance":[0.11318181818181818],"Energy":{"Mean":-8.923277122727097,"Sigma":0.21720245491023343,"Taucorr":0.021590473945816036},"EnergyVariance":{"Mean":4.3010733373303225,"Sigma":0.6057594334408835,"Taucorr":0.26220700151405263},"Iteration":75},
{"Acceptance":[0.10863636363636364],"Energy":{"Mean":-9.695882215404142,"Sigma":0.4244842807280003,"Taucorr":0.4573505201108594},"EnergyVariance":{"Mean":8.971263506782071,"Sigma":2.9349385943866966,"Taucorr":0.552090106828711},"Iteration":76},
{"Acceptance":[0.08318181818181818],"Energy":{"Mean":-8.919470289958781,"Sigma":0.3604886181188417,"Taucorr":0.07559222859765957},"EnergyVariance":{"Mean":11.400021511683429,"Sigma":7.143754943638503,"Taucorr":0.17708375023937217},"Iteration":77},
{"Acceptance":[0.09545454545454546],"Energy":{"Mean":-9.00261145151831,"Sigma":0.2524795429528939,"Taucorr":0.17026781782286737},"EnergyVariance":{"Mean":4.519684904900797,"Sigma":1.0490018771556544,"Taucorr":0.4395330828362344},"Iteration":78},
{"Acceptance":[0.09636363636363636],"Energy":{"Mean":-9.274238916750576,"Sigma":0.28256763915521893,"Taucorr":0.5690374394632596},"EnergyVariance":{"Mean":3.5510382516633996,"Sigma":0.4853534244882837,"Taucorr":0.05882004468148616},"Iteration":79},
{"Acceptance":[0.10636363636363637],"Energy":{"Mean":-9.790394944469075,"Sigma":0.5014433673556211,"Taucorr":0.4400359065821349},"EnergyVariance":{"Mean":13.063961885245465,"Sigma":5.521335481450078,"Taucorr":-0.008121075344785011},"Iteration":80},
{"Acceptance":[0.0809090909090909],"Energy":{"Mean":-10.02332861610678,"Sigma":0.5968072976387324,"Taucorr":0.9525935329978215},"EnergyVariance":{"Mean":12.285593510981089,"Sigma":8.776946668809847,"Taucorr":0.9882585868754097},"Iteration":81},
{"Acceptance":[0.10590909090909091],"Energy":{"Mean":-9.088319162315178,"Sigma":0.8266682073092222,"Taucorr":0.3975087850462494},"EnergyVariance":{"Mean":42.13489132607883,"Sigma":24.25262619697057,"Taucorr":0.3121596791649973},"Iteration":82},
{"Acceptance":[0.1],"Energy":{"Mean":-9.46253458528435,"Sigma":0.2643845396158578,"Taucorr":0.10273523908401438},"EnergyVariance":{"Mean":5.5110588805285525,"Sigma":0.9207642976128521,"Taucorr":0.13355179080151292},"Iteration":83},
{"Acceptance":[0.07454545454545454],"Energy":{"Mean":-9.586881858570681,"Sigma":0.19209624253652618,"Taucorr":0.28731859606765897},"EnergyVariance":{"Mean":2.2288376371407703,"Sigma":0.3791091973627417,"Taucorr":0.21698387207780878},"Iteration":84},
{"Acceptance":[0.08136363636363636],"Energy":{"Mean":-9.411247831003298,"Sigma":0.24282099918723826,"Taucorr":0.11036595499856106},"EnergyVariance":{"Mean":4.589650499162369,"Sigma":0.9433630056846,"Taucorr":0.16251537474722166},"Iteration":85},
{"Acceptance":[0.09],"Energy":{"Mean":-9.57068429599841,"Sigma":0.25751077901897146,"Taucorr":0.22709615958618445},"EnergyVariance":{"Mean":4.336372259065909,"Sigma":0.8894681840187518,"Taucorr":0.2967367313625314},"Iteration":86},
{"Acceptance":[0.08409090909090909],"Energy":{"Mean":-9.318443195675497,"Sigma":0.33472723515885344,"Taucorr":0.4299325120817118},"EnergyVariance":{"Mean":5.744940617255741,"Sigma":1.5608245136850112,"Taucorr":0.10246398649572819},"Iteration":87},
{"Acceptance":[0.0740909090909091],"Energy":{"Mean":-9.702155268588935,"Sigma":0.22426443525736572,"Taucorr":0.5415319475472438},"EnergyVariance":{"Mean":2.2939728469812137,"Sigma":0.6508273011177015,"Taucorr":0.5818027413235023},"Iteration":88},
{"Acceptance":[0.08772727272727272],"Energy":{"Mean":-9.352793156575116,"Sigma":0.3703756315330634,"Taucorr":0.3539875279027349},"EnergyVariance":{"Mean":7.666010829461394,"Sigma":1.7629844840033866,"Taucorr":0.08771764866908283},"Iteration":89},
{"Acceptance":[0.08],"Energy":{"Mean":-9.302479065136465,"Sigma":0.28640901429396987,"Taucorr":0.5812261290023513},"EnergyVariance":{"Mean":3.6060499175954175,"Sigma":0.6264324244010111,"Taucorr":0.3327866518578442},"Iteration":90},
{"Acceptance":[0.07681818181818181],"Energy":{"Mean":-9.129124808990325,"Sigma":0.2874817909885224,"Taucorr":0.453611278978879},"EnergyVariance":{"Mean":4.128583287595389,"Sigma":0.9753652685462998,"Taucorr":0.20152906826234807},"Iteration":91},
{"Acceptance":[0.08227272727272728],"Energy":{"Mean":-9.200984145034592,"Sigma":0.2826366758085767,"Taucorr":0.6769015793920596},"EnergyVariance":{"Mean":3.224665818092958,"Sigma":0.6063882873768843,"Taucorr":0.4725003214170487},"Iteration":92},
{"Acceptance":[0.0740909090909091],"Energy":{"Mean":-9.540056303667681,"Sigma":0.22746337230412894,"Taucorr":0.5131443835683467},"EnergyVariance":{"Mean":2.4268105246394285,"Sigma":0.3606841942532363,"Taucorr":0.06259310154566733},"Iteration":93},
{"Acceptance":[0.06681818181818182],"Energy":{"Mean":-9.99466567948314,"Sigma":0.4591054489200703,"Taucorr":0.7789478752835828},"EnergyVariance":{"Mean":7.830534253804146,"Sigma":3.304699358069935,"Taucorr":0.6187413561858066},"Iteration":94},
{"Acceptance":[0.07590909090909091],"Energy":{"Mean":-9.250005139338205,"Sigma":0.48349596078259177,"Taucorr":0.11245309561071382},"EnergyVariance":{"Mean":18.165897224347276,"Sigma":14.122504259595189,"Taucorr":-0.00523746983492257},"Iteration":95},
{"Acceptance":[0.08045454545454546],"Energy":{"Mean":-8.957688931181162,"Sigma":0.34517333034686276,"Taucorr":0.5876619934399772},"EnergyVariance":{"Mean":5.207719234008463,"Sigma":0.8854588115500129,"Taucorr":0.4520546724493286},"Iteration":96},
{"Acceptance":[0.0890909090909091],"Energy":{"Mean":-9.496326224968303,"Sigma":0.42608981487634623,"Taucorr":0.15470532171199047},"EnergyVariance":{"Mean":14.54263926940497,"Sigma":7.628573447022851,"Taucorr":-0.01544694687257947},"Iteration":97},
{"Acceptance":[0.08454545454545455],"Energy":{"Mean":-9.633610390875186,"Sigma":0.3054761594665568,"Taucorr":0.09888208702118462},"EnergyVariance":{"Mean":7.40215290392136,"Sigma":1.9537626222631175,"Taucorr":0.17418522875769749},"Iteration":98},
{"Acceptance":[0.060454545454545455],"Energy":{"Mean":-9.99053449195554,"Sigma":0.2546621239051469,"Taucorr":0.15049384902691387},"EnergyVariance":{"Mean":4.737919458385607,"Sigma":1.3199100963117902,"Taucorr":0.020197680544791208},"Iteration":99} 
]}
{"input": {"L": 10, "J": 1, "machine": {"type": "FFNN", "model": ["tanh", 39, 1]}, "sampler": {"type": "MetropolisHop", "d_max": 5}, "optimizer": {"type": "AdaMax", "alpha": 0.001, "beta1": 0.9, "beta2": 0.999, "epscut": 1e-07}, "VMC": {"n_samples": 100, "discarded_samples": 100, "discarded_samples_on_init": 0, "target": "energy", "method": "Gd", "diag_shift": 0.01, "use_iterative": true, "use_cholesky": true}, "n_iter": 100}}
duration: -0.45343494415283203