{"Output": [
{"Acceptance":[0.8240909090909091],"Energy":{"Mean":7.911920266788396,"Sigma":0.22871970207269324,"Taucorr":-0.01710328067669553},"EnergyVariance":{"Mean":5.892035145177898,"Sigma":0.7344039782688865,"Taucorr":0.1204120646246023},"Iteration":0},
{"Acceptance":[0.6831818181818182],"Energy":{"Mean":7.181099817588129,"Sigma":0.30800408711165184,"Taucorr":0.038559125460595034},"EnergyVariance":{"Mean":9.833873705999007,"Sigma":1.1591878532437776,"Taucorr":-0.02013177258252763},"Iteration":1},
{"Acceptance":[0.585],"Energy":{"Mean":5.083229144017783,"Sigma":0.3636602334458584,"Taucorr":0.21955083008412446},"EnergyVariance":{"Mean":11.199805304443874,"Sigma":1.319631888196249,"Taucorr":-0.041697699963244406},"Iteration":2},
{"Acceptance":[0.48863636363636365],"Energy":{"Mean":3.020252617638873,"Sigma":0.36402634367265674,"Taucorr":0.1638920689234168},"EnergyVariance":{"Mean":13.468758428021836,"Sigma":1.768064787457554,"Taucorr":-0.00667184046801772},"Iteration":3},
{"Acceptance":[0.3927272727272727],"Energy":{"Mean":1.7729552669567585,"Sigma":0.3715349854793138,"Taucorr":0.2441047904944531},"EnergyVariance":{"Mean":14.293856132891154,"Sigma":1.6271632757905554,"Taucorr":0.02451618616621043},"Iteration":4},
{"Acceptance":[0.3477272727272727],"Energy":{"Mean":0.746606231769382,"Sigma":0.39701133868039934,"Taucorr":0.36317051585070026},"EnergyVariance":{"Mean":13.782215732728366,"Sigma":1.6497287265026386,"Taucorr":0.08884744201406336},"Iteration":5},
{"Acceptance":[0.29818181818181816],"Energy":{"Mean":-0.52318395261447,"Sigma":0.366626101541607,"Taucorr":0.48509716609835074},"EnergyVariance":{"Mean":15.325523467411834,"Sigma":3.0814525730012265,"Taucorr":0.2338870250695726},"Iteration":6},
{"Acceptance":[0.22772727272727272],"Energy":{"Mean":-2.0019850475091983,"Sigma":0.31001892197679987,"Taucorr":0.4165034733011569},"EnergyVariance":{"Mean":10.42565650592408,"Sigma":1.5435535858980063,"Taucorr":0.12773283301237703},"Iteration":7},
{"Acceptance":[0.20636363636363636],"Energy":{"Mean":-2.254345383182589,"Sigma":0.4102598929548878,"Taucorr":0.7014000368875459},"EnergyVariance":{"Mean":15.88626766723436,"Sigma":3.473704141438154,"Taucorr":0.4382780390718831},"Iteration":8},
{"Acceptance":[0.1918181818181818],"Energy":{"Mean":-2.928402093477894,"Sigma":0.23807613489178012,"Taucorr":0.04087336357269322},"EnergyVariance":{"Mean":18.257036352058638,"Sigma":5.372548754412516,"Taucorr":0.17099300627225644},"Iteration":9},
{"Acceptance":[0.1368181818181818],"Energy":{"Mean":-4.203642296773722,"Sigma":0.3068611356969883,"Taucorr":0.5906156734538015},"EnergyVariance":{"Mean":11.671516863186872,"Sigma":2.775988344175342,"Taucorr":0.36702938455602696},"Iteration":10},
{"Acceptance":[0.11454545454545455],"Energy":{"Mean":-4.423492657610326,"Sigma":0.2253812116307539,"Taucorr":0.445746192746304},"EnergyVariance":{"Mean":4.652259667343827,"Sigma":1.1065025222229523,"Taucorr":0.3156337685203817},"Iteration":11},
{"Acceptance":[0.12363636363636364],"Energy":{"Mean":-4.771830730148326,"Sigma":0.2216157846980274,"Taucorr":0.5407672307456504},"EnergyVariance":{"Mean":4.29985641628057,"Sigma":1.3095817343053078,"Taucorr":0.29851681249129147},"Iteration":12},
{"Acceptance":[0.10227272727272728],"Energy":{"Mean":-4.771440586818581,"Sigma":0.2801851839167603,"Taucorr":0.43640774430734675},"EnergyVariance":{"Mean":7.1401251687017,"Sigma":2.1151075970500153,"Taucorr":0.19226744473179436},"Iteration":13},
{"Acceptance":[0.0740909090909091],"Energy":{"Mean":-5.146188985175387,"Sigma":0.18806743469445342,"Taucorr":0.4260662973611904},"EnergyVariance":{"Mean":4.497530782266881,"Sigma":1.8125724327587858,"Taucorr":-0.03447836438506996},"Iteration":14},
{"Acceptance":[0.07318181818181818],"Energy":{"Mean":-5.058046597245803,"Sigma":0.2963466852892382,"Taucorr":0.3274802051678932},"EnergyVariance":{"Mean":6.223908846804049,"Sigma":2.4464324741105767,"Taucorr":0.1783027788815661},"Iteration":15},
{"Acceptance":[0.0809090909090909],"Energy":{"Mean":-5.678254610079876,"Sigma":0.3949857455572357,"Taucorr":1.1126834755438944},"EnergyVariance":{"Mean":17.268457893082513,"Sigma":7.629756243145865,"Taucorr":0.7260392577960653},"Iteration":16},
{"Acceptance":[0.06636363636363636],"Energy":{"Mean":-5.407756690751615,"Sigma":0.6247977145146533,"Taucorr":0.7739084684312261},"EnergyVariance":{"Mean":22.427758065462392,"Sigma":12.561625550916174,"Taucorr":0.6808208832997482},"Iteration":17},
{"Acceptance":[0.06272727272727273],"Energy":{"Mean":-5.532278603866699,"Sigma":0.20840723926705243,"Taucorr":0.20853891069037644},"EnergyVariance":{"Mean":5.9748416674451015,"Sigma":3.5434674435101954,"Taucorr":0.3764657703892036},"Iteration":18},
{"Acceptance":[0.049545454545454545],"Energy":{"Mean":-5.547397920212465,"Sigma":0.1969054373849902,"Taucorr":0.1886981207146179},"EnergyVariance":{"Mean":3.2367380659088463,"Sigma":1.6895918739860345,"Taucorr":-0.007418712734531041},"Iteration":19},
{"Acceptance":[0.03590909090909091],"Energy":{"Mean":-5.968788336836215,"Sigma":0.07789711171616935,"Taucorr":0.3837911370133571},"EnergyVariance":{"Mean":0.6153160622750673,"Sigma":0.14652920346231368,"Taucorr":0.8134776078043282},"Iteration":20},
{"Acceptance":[0.04727272727272727],"Energy":{"Mean":-5.87611518052318,"Sigma":0.328076140060095,"Taucorr":0.02079316714475765},"EnergyVariance":{"Mean":14.435511342297891,"Sigma":8.07086403596718,"Taucorr":-0.0233795494292402},"Iteration":21},
{"Acceptance":[0.03681818181818182],"Energy":{"Mean":-6.226930892554356,"Sigma":0.37782008826497443,"Taucorr":0.4057489343912577},"EnergyVariance":{"Mean":7.864494092998127,"Sigma":6.822673746568212,"Taucorr":0.5303665854840389},"Iteration":22},
{"Acceptance":[0.03090909090909091],"Energy":{"Mean":-6.036589130115511,"Sigma":0.204257983192142,"Taucorr":0.011793213833268479},"EnergyVariance":{"Mean":5.282094781695639,"Sigma":4.486046297455165,"Taucorr":0.007475357832941287},"Iteration":23},
{"Acceptance":[0.03636363636363636],"Energy":{"Mean":-6.116160359799137,"Sigma":0.30149274394561965,"Taucorr":0.0780413612264288},"EnergyVariance":{"Mean":11.385917091585759,"Sigma":5.908742431106525,"Taucorr":-0.02886779213466234},"Iteration":24},
{"Acceptance":[0.02727272727272727],"Energy":{"Mean":-5.858583437041162,"Sigma":0.10625348027860786,"Taucorr":0.5185253876879559},"EnergyVariance":{"Mean":0.5790873073195144,"Sigma":0.14602463981171415,"Taucorr":0.6464745793444828},"Iteration":25},
{"Acceptance":[0.038636363636363635],"Energy":{"Mean":-5.783660855867059,"Sigma":0.20834701452332055,"Taucorr":-0.09063268497742044},"EnergyVariance":{"Mean":8.799691826674723,"Sigma":7.631297207184255,"Taucorr":0.014812534133650024},"Iteration":26},
{"Acceptance":[0.03272727272727273],"Energy":{"Mean":-6.4784970522354435,"Sigma":0.359635942724319,"Taucorr":0.3833171556486863},"EnergyVariance":{"Mean":16.828759376987993,"Sigma":11.874716518761723,"Taucorr":0.3201859069276505},"Iteration":27},
{"Acceptance":[0.031363636363636364],"Energy":{"Mean":-5.710665912276783,"Sigma":0.1548641656050224,"Taucorr":0.8836699115042626},"EnergyVariance":{"Mean":0.9727595791638807,"Sigma":0.2048909447503212,"Taucorr":0.8104315614720425},"Iteration":28},
{"Acceptance":[0.034545454545454546],"Energy":{"Mean":-5.8340538574497804,"Sigma":0.14303385008542394,"Taucorr":0.7961642341673816},"EnergyVariance":{"Mean":0.8262416141330409,"Sigma":0.15157888560652313,"Taucorr":0.5961138671457091},"Iteration":29},
{"Acceptance":[0.025454545454545455],"Energy":{"Mean":-5.617578077474315,"Sigma":0.4674632038818133,"Taucorr":0.6899365100228143},"EnergyVariance":{"Mean":9.262122553222115,"Sigma":8.54826132726679,"Taucorr":0.5125441469125889},"Iteration":30},
{"Acceptance":[0.028636363636363637],"Energy":{"Mean":-6.32739795442537,"Sigma":0.2650393371859556,"Taucorr":-0.15750142639971354},"EnergyVariance":{"Mean":9.820036711981574,"Sigma":9.453978337596633,"Taucorr":0.013848544471340096},"Iteration":31},
{"Acceptance":[0.03272727272727273],"Energy":{"Mean":-6.127386174550223,"Sigma":0.5819844646492528,"Taucorr":-0.10512532573444783},"EnergyVariance":{"Mean":53.229147963711945,"Sigma":26.175263736697424,"Taucorr":0.08658236658035745},"Iteration":32},
{"Acceptance":[0.034545454545454546],"Energy":{"Mean":-6.285449895863203,"Sigma":0.2730742638945711,"Taucorr":0.040126520049816206},"EnergyVariance":{"Mean":6.63071088751468,"Sigma":5.977760503988299,"Taucorr":0.0003883534669856248},"Iteration":33},
{"Acceptance":[0.022727272727272728],"Energy":{"Mean":-6.216856483738343,"Sigma":0.052357562810858606,"Taucorr":0.20665568004200063},"EnergyVariance":{"Mean":0.2436859173526396,"Sigma":0.06786893328918368,"Taucorr":0.20547889995378676},"Iteration":34},
{"Acceptance":[0.03227272727272727],"Energy":{"Mean":-6.112012938521604,"Sigma":0.1629509877207594,"Taucorr":1.1439990385836296},"EnergyVariance":{"Mean":0.8309610501290401,"Sigma":0.2608026414871243,"Taucorr":1.1910664788046925},"Iteration":35},
{"Acceptance":[0.03318181818181818],"Energy":{"Mean":-5.970823433565354,"Sigma":0.16998777261610204,"Taucorr":0.8573681993762468},"EnergyVariance":{"Mean":1.0662900295959115,"Sigma":0.1928063037423882,"Taucorr":0.43385446215325096},"Iteration":36},
{"Acceptance":[0.021363636363636362],"Energy":{"Mean":-5.952169084781524,"Sigma":0.12603384433467846,"Taucorr":0.9702401564990994},"EnergyVariance":{"Mean":0.5183199791856117,"Sigma":0.2337416464165233,"Taucorr":0.4446137798635368},"Iteration":37},
{"Acceptance":[0.038181818181818185],"Energy":{"Mean":-6.814599413948543,"Sigma":0.7540127098313381,"Taucorr":1.024861970427418},"EnergyVariance":{"Mean":18.241342901535035,"Sigma":17.150396688922864,"Taucorr":1.0308899525391588},"Iteration":38},
{"Acceptance":[0.03727272727272727],"Energy":{"Mean":-6.167609448699747,"Sigma":0.19999888707428984,"Taucorr":-0.2011362855635449},"EnergyVariance":{"Mean":6.5523954518445455,"Sigma":5.923486623992751,"Taucorr":0.03717991436410162},"Iteration":39},
{"Acceptance":[0.03318181818181818],"Energy":{"Mean":-6.176708698264197,"Sigma":0.16577659737891806,"Taucorr":0.6509990426450007},"EnergyVariance":{"Mean":1.1567295652143599,"Sigma":0.28444859221842067,"Taucorr":0.29178198158404967},"Iteration":40},
{"Acceptance":[0.017272727272727273],"Energy":{"Mean":-5.986032763309576,"Sigma":0.10759898005697248,"Taucorr":0.7695581999997141},"EnergyVariance":{"Mean":0.4396513347427444,"Sigma":0.15494992061313537,"Taucorr":0.6722605178824868},"Iteration":41},
{"Acceptance":[0.023181818181818182],"Energy":{"Mean":-6.252570963417821,"Sigma":0.04846162330997656,"Taucorr":1.020951020489971},"EnergyVariance":{"Mean":0.07427122144520466,"Sigma":0.03595548820466165,"Taucorr":0.9838658857666325},"Iteration":42},
{"Acceptance":[0.03590909090909091],"Energy":{"Mean":-6.189686567387971,"Sigma":0.16162170443260254,"Taucorr":0.7879272950601905},"EnergyVariance":{"Mean":0.979467722852594,"Sigma":0.2303050113559334,"Taucorr":0.17491502821565097},"Iteration":43},
{"Acceptance":[0.034545454545454546],"Energy":{"Mean":-6.142288996889509,"Sigma":0.2240449262341851,"Taucorr":0.15823682788705717},"EnergyVariance":{"Mean":3.8240051180684835,"Sigma":2.901633936782716,"Taucorr":0.012768685793222878},"Iteration":44},
{"Acceptance":[0.030454545454545453],"Energy":{"Mean":-6.147558706543717,"Sigma":0.14069253942624355,"Taucorr":0.8416113441187474},"EnergyVariance":{"Mean":0.7135568231353099,"Sigma":0.20118139389235265,"Taucorr":0.9034299487543378},"Iteration":45},
{"Acceptance":[0.02590909090909091],"Energy":{"Mean":-6.1910224631649085,"Sigma":0.10954241123531751,"Taucorr":0.9055510146210268},"EnergyVariance":{"Mean":0.44728921936371274,"Sigma":0.11835603189985387,"Taucorr":0.5373242379559771},"Iteration":46},
{"Acceptance":[0.029545454545454545],"Energy":{"Mean":-6.435397618642325,"Sigma":0.08597664318225831,"Taucorr":1.0182917701458911},"EnergyVariance":{"Mean":0.24165549373489445,"Sigma":0.045170430408167435,"Taucorr":0.920484800248027},"Iteration":47},
{"Acceptance":[0.030454545454545453],"Energy":{"Mean":-6.247050286851042,"Sigma":0.08479520845327652,"Taucorr":0.3834813172944218},"EnergyVariance":{"Mean":0.4040574097455663,"Sigma":0.10012982490663452,"Taucorr":0.43277001136922744},"Iteration":48},
{"Acceptance":[0.031818181818181815],"Energy":{"Mean":-6.232949183574247,"Sigma":0.15525559430588093,"Taucorr":0.8895294936703604},"EnergyVariance":{"Mean":0.8346337745431809,"Sigma":0.30828118717661507,"Taucorr":0.42297077660527915},"Iteration":49},
{"Acceptance":[0.02727272727272727],"Energy":{"Mean":-6.276499972635076,"Sigma":0.10180217963149954,"Taucorr":0.7423718539000463},"EnergyVariance":{"Mean":0.4361970361134788,"Sigma":0.13477472460658785,"Taucorr":0.7809734965809731},"Iteration":50},
{"Acceptance":[0.04363636363636364],"Energy":{"Mean":-5.620521994355242,"Sigma":0.4585853488828968,"Taucorr":0.261426680204212},"EnergyVariance":{"Mean":13.152262399177351,"Sigma":11.663712199368264,"Taucorr":0.009047454502519758},"Iteration":51},
{"Acceptance":[0.04363636363636364],"Energy":{"Mean":-7.154586799676163,"Sigma":0.8291453584949564,"Taucorr":1.3094350818458147},"EnergyVariance":{"Mean":20.520336702732298,"Sigma":14.092276588238365,"Taucorr":1.0699137489736394},"Iteration":52},
{"Acceptance":[0.02409090909090909],"Energy":{"Mean":-6.1966636735860225,"Sigma":0.11260682295273296,"Taucorr":0.6139032291847968},"EnergyVariance":{"Mean":0.554311776852164,"Sigma":0.16339052891558076,"Taucorr":0.5314406101010587},"Iteration":53},
{"Acceptance":[0.031363636363636364],"Energy":{"Mean":-6.255593080707987,"Sigma":0.09715338393973906,"Taucorr":0.5107106313544403},"EnergyVariance":{"Mean":0.5303890428620579,"Sigma":0.15317949683675097,"Taucorr":0.7603909216088267},"Iteration":54},
{"Acceptance":[0.056818181818181816],"Energy":{"Mean":-6.245865589931177,"Sigma":0.3371800289864371,"Taucorr":-0.1115910559191654},"EnergyVariance":{"Mean":15.017140005059618,"Sigma":10.353752459456764,"Taucorr":-0.002331076293317358},"Iteration":55},
{"Acceptance":[0.035454545454545454],"Energy":{"Mean":-6.059293922537361,"Sigma":0.13646015109719128,"Taucorr":0.9744222626686156},"EnergyVariance":{"Mean":0.6441002694340084,"Sigma":0.16924181561101725,"Taucorr":0.931463180684112},"Iteration":56},
{"Acceptance":[0.04045454545454545],"Energy":{"Mean":-6.137777309874864,"Sigma":0.12892748680360444,"Taucorr":0.43028010197686983},"EnergyVariance":{"Mean":0.9339068474207407,"Sigma":0.30920458381876526,"Taucorr":0.13625154554271213},"Iteration":57},
{"Acceptance":[0.04],"Energy":{"Mean":-6.1651484127656255,"Sigma":0.10498561226832644,"Taucorr":0.41677741404346447},"EnergyVariance":{"Mean":0.5872837827021079,"Sigma":0.1329239219073064,"Taucorr":0.2358915866343475},"Iteration":58},
{"Acceptance":[0.035454545454545454],"Energy":{"Mean":-6.367653241138064,"Sigma":0.10046985412769335,"Taucorr":0.837989521192982},"EnergyVariance":{"Mean":0.3694347675751572,"Sigma":0.12732503428548886,"Taucorr":0.6468563894177295},"Iteration":59},
{"Acceptance":[0.03590909090909091],"Energy":{"Mean":-6.450902882576336,"Sigma":0.09401205627798126,"Taucorr":0.6951754510407786},"EnergyVariance":{"Mean":0.37801194940020544,"Sigma":0.09970592595712872,"Taucorr":0.34134848670158047},"Iteration":60},
{"Acceptance":[0.04],"Energy":{"Mean":-6.510139296652003,"Sigma":0.10293908678359046,"Taucorr":-0.2962887670512494},"EnergyVariance":{"Mean":2.6466010697657314,"Sigma":2.2311636355869067,"Taucorr":0.1838987773541666},"Iteration":61},
{"Acceptance":[0.05181818181818182],"Energy":{"Mean":-5.6005478036135266,"Sigma":0.8244118868334984,"Taucorr":0.8978830488769722},"EnergyVariance":{"Mean":23.71811473091381,"Sigma":20.149291621468894,"Taucorr":0.9791643604671838},"Iteration":62},
{"Acceptance":[0.055],"Energy":{"Mean":-6.311263890633749,"Sigma":0.14316067313815586,"Taucorr":0.8582313099618581},"EnergyVariance":{"Mean":0.8225391221419447,"Sigma":0.21014081741020865,"Taucorr":0.6108974783532792},"Iteration":63},
{"Acceptance":[0.045909090909090906],"Energy":{"Mean":-6.448797228460844,"Sigma":0.1672306446156195,"Taucorr":-0.026260226283339072},"EnergyVariance":{"Mean":2.8903100486120468,"Sigma":2.023851135204549,"Taucorr":0.046764849587309865},"Iteration":64},
{"Acceptance":[0.041363636363636366],"Energy":{"Mean":-6.390528669288464,"Sigma":0.11720430232340542,"Taucorr":0.7835625707598766},"EnergyVariance":{"Mean":0.5313401957614349,"Sigma":0.12246544388943648,"Taucorr":0.4542421038382245},"Iteration":65},
{"Acceptance":[0.045],"Energy":{"Mean":-6.111955113937841,"Sigma":0.16732061363355943,"Taucorr":0.6668298666841632},"EnergyVariance":{"Mean":1.1558604890566357,"Sigma":0.41960293959264616,"Taucorr":0.5026683277911241},"Iteration":66},
{"Acceptance":[0.06363636363636363],"Energy":{"Mean":-6.096931244040649,"Sigma":0.29795823209849126,"Taucorr":0.6900154431020304},"EnergyVariance":{"Mean":3.723606107638737,"Sigma":1.6427464005369123,"Taucorr":0.2752944431697406},"Iteration":67},
{"Acceptance":[0.046363636363636364],"Energy":{"Mean":-6.807410595605573,"Sigma":0.2935192304678501,"Taucorr":0.6028536726590588},"EnergyVariance":{"Mean":3.744156251205502,"Sigma":3.2478038666480056,"Taucorr":0.5065107926519838},"Iteration":68},
{"Acceptance":[0.06772727272727273],"Energy":{"Mean":-6.660777828437045,"Sigma":0.1986086760575314,"Taucorr":0.18805116192622284},"EnergyVariance":{"Mean":2.7688305453721735,"Sigma":2.3573078194113295,"Taucorr":8.660842302965488e-05},"Iteration":69},
{"Acceptance":[0.03227272727272727],"Energy":{"Mean":-6.571933019973989,"Sigma":0.08661432672688445,"Taucorr":0.9543776090051554},"EnergyVariance":{"Mean":0.2577221019061495,"Sigma":0.02582864881459566,"Taucorr":0.6945868750051412},"Iteration":70},
{"Acceptance":[0.05954545454545455],"Energy":{"Mean":-7.326220164448537,"Sigma":0.5209296973234676,"Taucorr":-0.1462514779281795},"EnergyVariance":{"Mean":37.41538425060057,"Sigma":33.72034147407841,"Taucorr":0.015122378522936075},"Iteration":71},
{"Acceptance":[0.05590909090909091],"Energy":{"Mean":-7.274989027633476,"Sigma":0.5105870691911033,"Taucorr":0.5751131266435692},"EnergyVariance":{"Mean":11.916008000586622,"Sigma":5.943182921307455,"Taucorr":0.616028859170753},"Iteration":72},
{"Acceptance":[0.065],"Energy":{"Mean":-6.216311857774512,"Sigma":0.2990999977940881,"Taucorr":-0.033077561039869696},"EnergyVariance":{"Mean":9.128335635103873,"Sigma":8.292428550893414,"Taucorr":0.0019664188094016266},"Iteration":73},
{"Acceptance":[0.06681818181818182],"Energy":{"Mean":-6.368598780179768,"Sigma":0.11945536614084734,"Taucorr":0.15473047212109292},"EnergyVariance":{"Mean":1.1157478468813526,"Sigma":0.3918298709645586,"Taucorr":0.5025378743434836},"Iteration":74},
{"Acceptance":[0.06],"Energy":{"Mean":-6.364403666556185,"Sigma":0.1116232025801522,"Taucorr":0.7625850647942378},"EnergyVariance":{"Mean":0.47692848777539354,"Sigma":0.15835270655529618,"Taucorr":0.5481313504319052},"Iteration":75},
{"Acceptance":[0.07045454545454545],"Energy":{"Mean":-6.399214717659551,"Sigma":0.1637158379133872,"Taucorr":0.09423595349562708},"EnergyVariance":{"Mean":2.189937048286996,"Sigma":0.8540456296640629,"Taucorr":-0.03014330043368113},"Iteration":76},
{"Acceptance":[0.06181818181818182],"Energy":{"Mean":-7.103074406562281,"Sigma":0.5616305349839145,"Taucorr":0.8528230661257739},"EnergyVariance":{"Mean":14.575316602958742,"Sigma":9.848831435160797,"Taucorr":0.5362415919474248},"Iteration":77},
{"Acceptance":[0.06727272727272728],"Energy":{"Mean":-6.296998311795985,"Sigma":0.11540675062430651,"Taucorr":0.33708240177991977},"EnergyVariance":{"Mean":0.7712928164906779,"Sigma":0.2178599062222934,"Taucorr":0.36504157743028587},"Iteration":78},
{"Acceptance":[0.06181818181818182],"Energy":{"Mean":-6.6943974150791,"Sigma":0.1611383159521396,"Taucorr":-0.08620149943338651},"EnergyVariance":{"Mean":3.05017513798431,"Sigma":1.8251449800786945,"Taucorr":0.5138310108625659},"Iteration":79},
{"Acceptance":[0.07590909090909091],"Energy":{"Mean":-6.300450738402246,"Sigma":0.15083021743903074,"Taucorr":0.3234339860816625},"EnergyVariance":{"Mean":1.3343802458731722,"Sigma":0.3006749484355943,"Taucorr":0.0402236640303506},"Iteration":80},
{"Acceptance":[0.07272727272727272],"Energy":{"Mean":-7.1765768855680125,"Sigma":0.5764116486620054,"Taucorr":1.0610540750356874},"EnergyVariance":{"Mean":10.702509123221727,"Sigma":6.680652692745137,"Taucorr":0.9140358013854515},"Iteration":81},
{"Acceptance":[0.09227272727272727],"Energy":{"Mean":-6.541031670161185,"Sigma":0.19110496483505326,"Taucorr":-0.11345432039887166},"EnergyVariance":{"Mean":4.629651590413408,"Sigma":2.215529148858166,"Taucorr":0.09584978604254157},"Iteration":82},
{"Acceptance":[0.065],"Energy":{"Mean":-6.565815272981277,"Sigma":0.12503606784560647,"Taucorr":0.5474126264468668},"EnergyVariance":{"Mean":0.7207744589614212,"Sigma":0.27146621394482223,"Taucorr":0.17359362501098874},"Iteration":83},
{"Acceptance":[0.07772727272727273],"Energy":{"Mean":-6.891470267070005,"Sigma":0.18807953940969488,"Taucorr":-0.03580075883282119},"EnergyVariance":{"Mean":3.6643797311139283,"Sigma":1.6893402253951464,"Taucorr":-0.017992875780598994},"Iteration":84},
{"Acceptance":[0.09409090909090909],"Energy":{"Mean":-6.187558185626435,"Sigma":0.2816183746154523,"Taucorr":0.4340634912146726},"EnergyVariance":{"Mean":4.212831772935996,"Sigma":1.573442903607298,"Taucorr":0.4024277563426064},"Iteration":85},
{"Acceptance":[0.09727272727272727],"Energy":{"Mean":-6.710852106550933,"Sigma":0.19898588372512804,"Taucorr":0.19168747950694653},"EnergyVariance":{"Mean":2.789775592682752,"Sigma":0.9471608398119699,"Taucorr":-0.0812559653304133},"Iteration":86},
{"Acceptance":[0.10181818181818182],"Energy":{"Mean":-6.885951022645948,"Sigma":0.5945280012496909,"Taucorr":0.23216488491209886},"EnergyVariance":{"Mean":24.18831650814283,"Sigma":14.42194098533809,"Taucorr":0.04953951667584955},"Iteration":87},
{"Acceptance":[0.08227272727272728],"Energy":{"Mean":-6.817032263882414,"Sigma":0.30480292535443515,"Taucorr":0.6644384185168712},"EnergyVariance":{"Mean":3.901550278723675,"Sigma":2.040072215978787,"Taucorr":0.48159660947991945},"Iteration":88},
{"Acceptance":[0.09227272727272727],"Energy":{"Mean":-6.93844257352816,"Sigma":0.34241898311996316,"Taucorr":0.8921516352768919},"EnergyVariance":{"Mean":4.200739063650992,"Sigma":2.1954998217841872,"Taucorr":1.1056771283980291},"Iteration":89},
{"Acceptance":[0.1009090909090909],"Energy":{"Mean":-6.221142461714918,"Sigma":0.13946506107487372,"Taucorr":-0.05715873172389019},"EnergyVariance":{"Mean":2.1117425780423096,"Sigma":0.6940768476932007,"Taucorr":0.021756756568278357},"Iteration":90},
{"Acceptance":[0.08772727272727272],"Energy":{"Mean":-6.658234261274335,"Sigma":0.10508549321171338,"Taucorr":-0.08944889419321156},"EnergyVariance":{"Mean":1.3855692747760229,"Sigma":0.5811525154833577,"Taucorr":0.06373365541705145},"Iteration":91},
{"Acceptance":[0.08863636363636364],"Energy":{"Mean":-6.498162330180106,"Sigma":0.12263299983794061,"Taucorr":0.21681306225595554},"EnergyVariance":{"Mean":1.0106750054005564,"Sigma":0.3145743310153715,"Taucorr":0.0669513342695468},"Iteration":92},
{"Acceptance":[0.08318181818181818],"Energy":{"Mean":-6.824452429305428,"Sigma":0.09965103311333383,"Taucorr":-0.1969756399880424},"EnergyVariance":{"Mean":1.5801681496062598,"Sigma":0.8053868081543375,"Taucorr":0.15348713167403005},"Iteration":93},
{"Acceptance":[0.09454545454545454],"Energy":{"Mean":-6.570417024285749,"Sigma":0.33278918770418203,"Taucorr":0.5905758491309994},"EnergyVariance":{"Mean":5.573932257079848,"Sigma":3.122965019802856,"Taucorr":0.500742179826893},"Iteration":94},
{"Acceptance":[0.09181818181818181],"Energy":{"Mean":-6.676789598614859,"Sigma":0.17385883313616463,"Taucorr":0.26630923263697004},"EnergyVariance":{"Mean":1.8961147524672128,"Sigma":1.0246367152818163,"Taucorr":0.4741417583335512},"Iteration":95},
{"Acceptance":[0.09545454545454546],"Energy":{"Mean":-6.5491446398059905,"Sigma":0.1125633188653355,"Taucorr":-0.12421342423822374},"EnergyVariance":{"Mean":1.752921791724065,"Sigma":0.8295103914106752,"Taucorr":0.39840411188861324},"Iteration":96},
{"Acceptance":[0.08818181818181818],"Energy":{"Mean":-6.914711242319069,"Sigma":0.2658661979648419,"Taucorr":-0.006073613636142172},"EnergyVariance":{"Mean":6.899753128916808,"Sigma":4.71295275228679,"Taucorr":-0.008723886193341746},"Iteration":97},
{"Acceptance":[0.10727272727272727],"Energy":{"Mean":-7.118433434460616,"Sigma":0.5907459655585839,"Taucorr":0.0831598222472053},"EnergyVariance":{"Mean":30.331344840044476,"Sigma":21.554832999444162,"Taucorr":-6.619469064339523e-05},"Iteration":98},
{"Acceptance":[0.09318181818181819],"Energy":{"Mean":-6.449210522213864,"Sigma":0.17535499641826086,"Taucorr":0.8510330257141545},"EnergyVariance":{"Mean":1.2394338154307105,"Sigma":0.5259052061177072,"Taucorr":0.7019317044389077},"Iteration":99} 
]}
{"input": {"L": 10, "J": 1, "machine": {"type": "FFNN", "model": ["tanh", 59, 4]}, "sampler": {"type": "MetropolisHop", "d_max": 5}, "optimizer": {"type": "AdaMax", "alpha": 0.001, "beta1": 0.9, "beta2": 0.999, "epscut": 1e-07}, "VMC": {"n_samples": 100, "discarded_samples": 100, "discarded_samples_on_init": 0, "target": "energy", "method": "Gd", "diag_shift": 0.01, "use_iterative": true, "use_cholesky": true}, "n_iter": 100}}
duration: -3.7115776538848877