{"Output": [
{"Acceptance":[0.8926923076923077],"Energy":{"Mean":10.105921511030102,"Sigma":0.2841102583256671,"Taucorr":0.10929220875920265},"EnergyVariance":{"Mean":6.5194061465320585,"Sigma":0.7898932541433019,"Taucorr":-0.0580339212442198},"Iteration":0},
{"Acceptance":[0.8346153846153846],"Energy":{"Mean":10.446918833665062,"Sigma":0.35675992192697986,"Taucorr":0.20404175158619176},"EnergyVariance":{"Mean":9.048146093435449,"Sigma":1.1299731501107453,"Taucorr":-0.054625072797606644},"Iteration":1},
{"Acceptance":[0.7934615384615384],"Energy":{"Mean":9.768521605787901,"Sigma":0.304126307182042,"Taucorr":0.033604739420993734},"EnergyVariance":{"Mean":8.998121054891442,"Sigma":1.3786541717476368,"Taucorr":0.06108857790570832},"Iteration":2},
{"Acceptance":[0.7561538461538462],"Energy":{"Mean":10.018234622897534,"Sigma":0.28024058574189936,"Taucorr":0.06471208642870374},"EnergyVariance":{"Mean":7.559995194042889,"Sigma":1.0497870255455695,"Taucorr":0.09687863766393778},"Iteration":3},
{"Acceptance":[0.7376923076923076],"Energy":{"Mean":9.25799733167309,"Sigma":0.2867650317050588,"Taucorr":0.07043137497768115},"EnergyVariance":{"Mean":8.377854290813962,"Sigma":0.9033799802074871,"Taucorr":-0.11533351592917407},"Iteration":4},
{"Acceptance":[0.7103846153846154],"Energy":{"Mean":8.713304389413212,"Sigma":0.35602401395887245,"Taucorr":0.15071723544250526},"EnergyVariance":{"Mean":10.75979519626407,"Sigma":1.0879432153299256,"Taucorr":0.0071259202044758885},"Iteration":5},
{"Acceptance":[0.7107692307692308],"Energy":{"Mean":9.305909518554271,"Sigma":0.33626342904649914,"Taucorr":0.2996821165200587},"EnergyVariance":{"Mean":8.882445165155161,"Sigma":0.9728625940701527,"Taucorr":0.1476542926697353},"Iteration":6},
{"Acceptance":[0.6638461538461539],"Energy":{"Mean":8.265542456308449,"Sigma":0.346034901443368,"Taucorr":0.14841200079104078},"EnergyVariance":{"Mean":10.696718223741923,"Sigma":1.2880692802188616,"Taucorr":0.12244885322259613},"Iteration":7},
{"Acceptance":[0.6503846153846153],"Energy":{"Mean":7.874237297602953,"Sigma":0.32438609074809205,"Taucorr":-0.03366969947217685},"EnergyVariance":{"Mean":13.189950530820182,"Sigma":1.4840134796889601,"Taucorr":0.053426209915326206},"Iteration":8},
{"Acceptance":[0.6380769230769231],"Energy":{"Mean":7.661338551264879,"Sigma":0.32985060481445844,"Taucorr":0.14154512522217388},"EnergyVariance":{"Mean":10.458809659882629,"Sigma":1.4449177953884527,"Taucorr":0.13895692620151812},"Iteration":9},
{"Acceptance":[0.6],"Energy":{"Mean":6.747794096912128,"Sigma":0.4318684310821247,"Taucorr":0.2673022794935236},"EnergyVariance":{"Mean":14.439673559825009,"Sigma":1.5332539126401028,"Taucorr":-0.02185305321529335},"Iteration":10},
{"Acceptance":[0.6057692307692307],"Energy":{"Mean":6.648397198755232,"Sigma":0.39589466904413645,"Taucorr":0.22179061516378162},"EnergyVariance":{"Mean":14.104530173514602,"Sigma":1.473063276941873,"Taucorr":-0.028232956788035335},"Iteration":11},
{"Acceptance":[0.571923076923077],"Energy":{"Mean":6.371742964075626,"Sigma":0.34351468707232796,"Taucorr":0.025447697714220174},"EnergyVariance":{"Mean":14.23348420248039,"Sigma":1.6589242585915234,"Taucorr":0.016028180816423765},"Iteration":12},
{"Acceptance":[0.5676923076923077],"Energy":{"Mean":5.8880860932275185,"Sigma":0.40055109194429445,"Taucorr":0.2557829456014288},"EnergyVariance":{"Mean":14.127481763738015,"Sigma":1.2235788216524142,"Taucorr":-0.10842662529244684},"Iteration":13},
{"Acceptance":[0.5403846153846154],"Energy":{"Mean":4.570959658802473,"Sigma":0.3645110192560557,"Taucorr":0.02549635073577472},"EnergyVariance":{"Mean":16.750417912756962,"Sigma":1.9417610318370484,"Taucorr":-0.01818670301940961},"Iteration":14},
{"Acceptance":[0.5034615384615385],"Energy":{"Mean":3.5871018533932433,"Sigma":0.48711531159798155,"Taucorr":0.2844996546197659},"EnergyVariance":{"Mean":20.542284256543486,"Sigma":2.2933105980050366,"Taucorr":0.1017430759916017},"Iteration":15},
{"Acceptance":[0.5161538461538462],"Energy":{"Mean":4.20980038528036,"Sigma":0.48661998843381327,"Taucorr":0.4684070727116443},"EnergyVariance":{"Mean":17.7455990745498,"Sigma":2.209750602416278,"Taucorr":0.039152905873241495},"Iteration":16},
{"Acceptance":[0.48538461538461536],"Energy":{"Mean":4.509147147470161,"Sigma":0.49867871561075766,"Taucorr":0.3335441258950691},"EnergyVariance":{"Mean":21.2463137798464,"Sigma":2.55148021072173,"Taucorr":0.06142288910622273},"Iteration":17},
{"Acceptance":[0.4542307692307692],"Energy":{"Mean":2.775151585771277,"Sigma":0.485735436803176,"Taucorr":0.5004155573099105},"EnergyVariance":{"Mean":18.56425126258228,"Sigma":2.2707168286842605,"Taucorr":0.22120370952717816},"Iteration":18},
{"Acceptance":[0.44576923076923075],"Energy":{"Mean":2.8032816021383464,"Sigma":0.483940360640538,"Taucorr":0.3308449204833198},"EnergyVariance":{"Mean":21.487230899995296,"Sigma":2.789488707332248,"Taucorr":0.24351106465273908},"Iteration":19},
{"Acceptance":[0.4269230769230769],"Energy":{"Mean":1.819101760798471,"Sigma":0.4802956801912112,"Taucorr":0.37585053664105716},"EnergyVariance":{"Mean":17.459928251644513,"Sigma":2.373753577897146,"Taucorr":0.14433344484692678},"Iteration":20},
{"Acceptance":[0.43346153846153845],"Energy":{"Mean":3.4243392473817105,"Sigma":0.5103355903878637,"Taucorr":0.30137865180988666},"EnergyVariance":{"Mean":27.440404480793156,"Sigma":3.6483799625940714,"Taucorr":0.10728790902041918},"Iteration":21},
{"Acceptance":[0.4123076923076923],"Energy":{"Mean":1.29364863091639,"Sigma":0.4617602549040043,"Taucorr":0.4567175305172829},"EnergyVariance":{"Mean":18.292830828752383,"Sigma":1.9235787296246023,"Taucorr":-0.05458907526614182},"Iteration":22},
{"Acceptance":[0.39115384615384613],"Energy":{"Mean":0.861267286203534,"Sigma":0.48621285610206527,"Taucorr":0.5021108724397085},"EnergyVariance":{"Mean":18.698867191276815,"Sigma":2.1379969639539613,"Taucorr":-0.008863872185313315},"Iteration":23},
{"Acceptance":[0.38],"Energy":{"Mean":0.7378681321026173,"Sigma":0.587217172850266,"Taucorr":0.6380084147015528},"EnergyVariance":{"Mean":22.07011265645865,"Sigma":4.003325230090217,"Taucorr":0.46789383188420997},"Iteration":24},
{"Acceptance":[0.3676923076923077],"Energy":{"Mean":0.09488452119381102,"Sigma":0.5329702999124042,"Taucorr":0.5564892677031099},"EnergyVariance":{"Mean":21.92313549078445,"Sigma":3.5787298114639468,"Taucorr":0.1500561920919613},"Iteration":25},
{"Acceptance":[0.34884615384615386],"Energy":{"Mean":0.87163257549051,"Sigma":0.46583260504660845,"Taucorr":0.3840035104958187},"EnergyVariance":{"Mean":19.132181171637953,"Sigma":2.1523003693205447,"Taucorr":-0.019465924594750272},"Iteration":26},
{"Acceptance":[0.3303846153846154],"Energy":{"Mean":-1.0605289460808585,"Sigma":0.4378225837501371,"Taucorr":0.41340697367067203},"EnergyVariance":{"Mean":17.862402587507468,"Sigma":2.0646152124679964,"Taucorr":0.12158048675437494},"Iteration":27},
{"Acceptance":[0.3342307692307692],"Energy":{"Mean":-0.5007426028172959,"Sigma":0.5388210146092401,"Taucorr":0.5189178840358701},"EnergyVariance":{"Mean":23.161205464000492,"Sigma":3.3024338171556216,"Taucorr":0.23775013882834495},"Iteration":28},
{"Acceptance":[0.3273076923076923],"Energy":{"Mean":-1.335153202122051,"Sigma":0.5641389605559869,"Taucorr":0.6320357791931954},"EnergyVariance":{"Mean":20.171006706116415,"Sigma":4.06074027028827,"Taucorr":0.594771988508709},"Iteration":29},
{"Acceptance":[0.3038461538461538],"Energy":{"Mean":-3.0718616928780436,"Sigma":0.4544666093845441,"Taucorr":0.44711042783606514},"EnergyVariance":{"Mean":17.088454243232817,"Sigma":1.53825274473872,"Taucorr":-0.044812668263820965},"Iteration":30},
{"Acceptance":[0.3173076923076923],"Energy":{"Mean":-2.1673988209536104,"Sigma":0.4917629554929193,"Taucorr":0.4816551432012658},"EnergyVariance":{"Mean":19.063092893598444,"Sigma":2.4796395954665376,"Taucorr":-0.006435032690686182},"Iteration":31},
{"Acceptance":[0.3123076923076923],"Energy":{"Mean":-2.2134047937619754,"Sigma":0.4157797288369451,"Taucorr":0.15322125881046966},"EnergyVariance":{"Mean":26.079458831312163,"Sigma":3.8742704372711683,"Taucorr":0.26660254736100386},"Iteration":32},
{"Acceptance":[0.3],"Energy":{"Mean":-2.696165392057079,"Sigma":0.39297449786834115,"Taucorr":0.07250967399446617},"EnergyVariance":{"Mean":22.420083100944865,"Sigma":4.615756390135003,"Taucorr":0.40356988322131226},"Iteration":33},
{"Acceptance":[0.2980769230769231],"Energy":{"Mean":-3.3438953160798954,"Sigma":0.4042098831434708,"Taucorr":0.4176638179004887},"EnergyVariance":{"Mean":13.950144612611265,"Sigma":1.8360829705953536,"Taucorr":0.11954020376558339},"Iteration":34},
{"Acceptance":[0.29730769230769233],"Energy":{"Mean":-2.603112367826518,"Sigma":0.5644309513205009,"Taucorr":0.5837908968524343},"EnergyVariance":{"Mean":22.92317251254062,"Sigma":3.495554536988994,"Taucorr":0.06535274379481826},"Iteration":35},
{"Acceptance":[0.2703846153846154],"Energy":{"Mean":-3.094554016336682,"Sigma":0.4932026484015911,"Taucorr":0.3755462601563434},"EnergyVariance":{"Mean":19.857246300107565,"Sigma":2.5824359832610493,"Taucorr":0.15474448219664216},"Iteration":36},
{"Acceptance":[0.26384615384615384],"Energy":{"Mean":-4.448335599524667,"Sigma":0.3547400864238913,"Taucorr":0.35437946866152314},"EnergyVariance":{"Mean":13.909906104900067,"Sigma":2.0846193478650807,"Taucorr":-0.005482137577932866},"Iteration":37},
{"Acceptance":[0.2723076923076923],"Energy":{"Mean":-3.3763399319156386,"Sigma":0.5102713169649541,"Taucorr":0.3563936159770149},"EnergyVariance":{"Mean":20.03396818209089,"Sigma":3.477940304957239,"Taucorr":0.1788784904028453},"Iteration":38},
{"Acceptance":[0.23923076923076922],"Energy":{"Mean":-4.224355076305825,"Sigma":0.4660650478983594,"Taucorr":0.37304284247697383},"EnergyVariance":{"Mean":18.98617712837994,"Sigma":2.478456893544133,"Taucorr":0.16265579960984766},"Iteration":39},
{"Acceptance":[0.2776923076923077],"Energy":{"Mean":-4.321400731673664,"Sigma":0.46484288917042665,"Taucorr":0.4914742853694267},"EnergyVariance":{"Mean":21.69699298369641,"Sigma":4.973641362750343,"Taucorr":0.4706184694453406},"Iteration":40},
{"Acceptance":[0.25],"Energy":{"Mean":-4.9233944951388375,"Sigma":0.35666324416552525,"Taucorr":0.18440303065232022},"EnergyVariance":{"Mean":14.257658736924693,"Sigma":2.383739574957657,"Taucorr":0.1306577888303725},"Iteration":41},
{"Acceptance":[0.26576923076923076],"Energy":{"Mean":-4.669018534811946,"Sigma":0.33334646510822785,"Taucorr":0.3408838077426988},"EnergyVariance":{"Mean":16.004840464133476,"Sigma":3.376447136463851,"Taucorr":0.3184078543635994},"Iteration":42},
{"Acceptance":[0.2603846153846154],"Energy":{"Mean":-5.522645687985132,"Sigma":0.3802073093949095,"Taucorr":0.3091075666962183},"EnergyVariance":{"Mean":17.01149955112701,"Sigma":3.1883983280016004,"Taucorr":0.4331568210363398},"Iteration":43},
{"Acceptance":[0.24192307692307694],"Energy":{"Mean":-5.791086864713997,"Sigma":0.32165661287423775,"Taucorr":0.27757601695069445},"EnergyVariance":{"Mean":10.566636321679688,"Sigma":1.737313675063251,"Taucorr":0.12361262674558571},"Iteration":44},
{"Acceptance":[0.22346153846153846],"Energy":{"Mean":-6.11752755758039,"Sigma":0.3703928789737666,"Taucorr":0.33181431991690136},"EnergyVariance":{"Mean":12.97525399232368,"Sigma":1.4880411723737894,"Taucorr":-0.011758534239869056},"Iteration":45},
{"Acceptance":[0.22038461538461537],"Energy":{"Mean":-5.605368763084928,"Sigma":0.37592585903177367,"Taucorr":0.31370253146899596},"EnergyVariance":{"Mean":15.421127296325256,"Sigma":1.5090520960371958,"Taucorr":-0.08483122238797913},"Iteration":46},
{"Acceptance":[0.2403846153846154],"Energy":{"Mean":-5.806417077013738,"Sigma":0.4054248102596683,"Taucorr":0.43024196548401006},"EnergyVariance":{"Mean":20.59328872138754,"Sigma":4.8599154071324575,"Taucorr":0.09090800487988515},"Iteration":47},
{"Acceptance":[0.24153846153846154],"Energy":{"Mean":-5.301437064905838,"Sigma":0.5213358192759222,"Taucorr":0.3550375018310207},"EnergyVariance":{"Mean":27.7705937090826,"Sigma":5.119155592948256,"Taucorr":0.1930691334918212},"Iteration":48},
{"Acceptance":[0.21461538461538462],"Energy":{"Mean":-6.6036107472817385,"Sigma":0.4028251657552818,"Taucorr":0.5002997349347733},"EnergyVariance":{"Mean":12.250636685405595,"Sigma":2.07243455004554,"Taucorr":0.05861871690326248},"Iteration":49},
{"Acceptance":[0.21346153846153845],"Energy":{"Mean":-6.115475510803091,"Sigma":0.5079890810724758,"Taucorr":0.6315181708489814},"EnergyVariance":{"Mean":17.683956979373065,"Sigma":2.7283783792039396,"Taucorr":0.18989109993366093},"Iteration":50},
{"Acceptance":[0.21576923076923077],"Energy":{"Mean":-5.605155932044436,"Sigma":0.45306545092843853,"Taucorr":0.3703434926297866},"EnergyVariance":{"Mean":22.93429396409782,"Sigma":4.491257905581062,"Taucorr":0.22919419676739772},"Iteration":51},
{"Acceptance":[0.21076923076923076],"Energy":{"Mean":-6.1963132008536155,"Sigma":0.43526438744973167,"Taucorr":0.22955330145217745},"EnergyVariance":{"Mean":19.448965476294813,"Sigma":3.007608727521524,"Taucorr":0.08200072448259266},"Iteration":52},
{"Acceptance":[0.21961538461538463],"Energy":{"Mean":-6.402826242460335,"Sigma":0.468462039391511,"Taucorr":0.3417482222313387},"EnergyVariance":{"Mean":20.768554520059325,"Sigma":3.6375968069158398,"Taucorr":0.23675875262160906},"Iteration":53},
{"Acceptance":[0.21076923076923076],"Energy":{"Mean":-6.802259936268191,"Sigma":0.36093130401109325,"Taucorr":0.25380055632937404},"EnergyVariance":{"Mean":16.673621061531378,"Sigma":2.946057115967423,"Taucorr":0.32758451974735114},"Iteration":54},
{"Acceptance":[0.1946153846153846],"Energy":{"Mean":-7.577955829638049,"Sigma":0.41980632146844615,"Taucorr":0.36295464113824616},"EnergyVariance":{"Mean":16.596798679617073,"Sigma":4.604659489104674,"Taucorr":0.3118380257399681},"Iteration":55},
{"Acceptance":[0.18923076923076923],"Energy":{"Mean":-7.01152557987901,"Sigma":0.3620274962474253,"Taucorr":0.18461979155794972},"EnergyVariance":{"Mean":13.382829498205878,"Sigma":1.8559955035232014,"Taucorr":-0.11401708088745494},"Iteration":56},
{"Acceptance":[0.19884615384615384],"Energy":{"Mean":-6.600545402250861,"Sigma":0.5047575413088775,"Taucorr":0.3187625367583593},"EnergyVariance":{"Mean":22.677229489809633,"Sigma":4.96150987815585,"Taucorr":0.09606491029965358},"Iteration":57},
{"Acceptance":[0.19346153846153846],"Energy":{"Mean":-7.730162253430437,"Sigma":0.39849695326916035,"Taucorr":0.13666184141104243},"EnergyVariance":{"Mean":16.21989980536957,"Sigma":3.2308416113295424,"Taucorr":0.005817836794709597},"Iteration":58},
{"Acceptance":[0.18461538461538463],"Energy":{"Mean":-8.110344271333656,"Sigma":0.3503391020643638,"Taucorr":0.3392675752635298},"EnergyVariance":{"Mean":10.100548052795544,"Sigma":1.9363371274721175,"Taucorr":-0.039715247940844245},"Iteration":59},
{"Acceptance":[0.19038461538461537],"Energy":{"Mean":-7.731818311630002,"Sigma":0.5258412929175833,"Taucorr":0.37764359636988},"EnergyVariance":{"Mean":22.58359930672216,"Sigma":8.701171930808925,"Taucorr":0.24994641564718045},"Iteration":60},
{"Acceptance":[0.20115384615384616],"Energy":{"Mean":-7.963105051836753,"Sigma":0.28526479340434796,"Taucorr":0.041412672359995795},"EnergyVariance":{"Mean":14.790049346147667,"Sigma":2.2602622284575844,"Taucorr":0.18360894788752347},"Iteration":61},
{"Acceptance":[0.18576923076923077],"Energy":{"Mean":-8.62046464739085,"Sigma":0.37802129370956916,"Taucorr":0.39910475979110893},"EnergyVariance":{"Mean":12.670461312499592,"Sigma":3.5443332739074167,"Taucorr":0.47347449014365317},"Iteration":62},
{"Acceptance":[0.205],"Energy":{"Mean":-6.873765597553815,"Sigma":0.3160980465740295,"Taucorr":0.15834646872253388},"EnergyVariance":{"Mean":12.975513227402658,"Sigma":2.199061778644754,"Taucorr":0.30444491498049353},"Iteration":63},
{"Acceptance":[0.17307692307692307],"Energy":{"Mean":-8.802288654746286,"Sigma":0.3133219421517301,"Taucorr":0.2507690765122139},"EnergyVariance":{"Mean":11.901537937872869,"Sigma":2.843738536654984,"Taucorr":0.22154055841691866},"Iteration":64},
{"Acceptance":[0.17884615384615385],"Energy":{"Mean":-8.102679408532913,"Sigma":0.41210564993730286,"Taucorr":0.3493316783055317},"EnergyVariance":{"Mean":14.65038635362255,"Sigma":2.7062438056510985,"Taucorr":0.36261301846395866},"Iteration":65},
{"Acceptance":[0.18076923076923077],"Energy":{"Mean":-9.238568697031877,"Sigma":0.4504510977419824,"Taucorr":0.2891614605486704},"EnergyVariance":{"Mean":18.42280397277198,"Sigma":5.642644484181067,"Taucorr":0.015039849965125418},"Iteration":66},
{"Acceptance":[0.1930769230769231],"Energy":{"Mean":-7.995354155786154,"Sigma":0.4774171665176447,"Taucorr":0.49406542348961224},"EnergyVariance":{"Mean":19.452812351459706,"Sigma":3.4684550501385165,"Taucorr":0.12271330565120753},"Iteration":67},
{"Acceptance":[0.19153846153846155],"Energy":{"Mean":-8.369585445351952,"Sigma":0.39601482433399443,"Taucorr":0.308288922241961},"EnergyVariance":{"Mean":13.802021306594284,"Sigma":2.65054200202861,"Taucorr":0.35379152651151147},"Iteration":68},
{"Acceptance":[0.16615384615384615],"Energy":{"Mean":-8.548848579393761,"Sigma":0.46606999869567023,"Taucorr":0.4554191686833474},"EnergyVariance":{"Mean":20.369446338868737,"Sigma":4.795410636968579,"Taucorr":0.15216713233737045},"Iteration":69},
{"Acceptance":[0.17653846153846153],"Energy":{"Mean":-8.840684883939646,"Sigma":0.3739958599464694,"Taucorr":0.19025869439002052},"EnergyVariance":{"Mean":12.40657529099183,"Sigma":1.9003559322413535,"Taucorr":0.04904657339929919},"Iteration":70},
{"Acceptance":[0.1853846153846154],"Energy":{"Mean":-8.412699708055495,"Sigma":0.471456715777243,"Taucorr":0.3198685106412922},"EnergyVariance":{"Mean":19.9506099734349,"Sigma":4.064391027483915,"Taucorr":0.027760170147804963},"Iteration":71},
{"Acceptance":[0.1853846153846154],"Energy":{"Mean":-8.714801456845562,"Sigma":0.3814561836754977,"Taucorr":0.36538998658632793},"EnergyVariance":{"Mean":14.861336793497905,"Sigma":2.5804348187673605,"Taucorr":0.24665501223029218},"Iteration":72},
{"Acceptance":[0.17076923076923076],"Energy":{"Mean":-9.036223821147253,"Sigma":0.4094542598893246,"Taucorr":0.3641900121238193},"EnergyVariance":{"Mean":11.353077638130973,"Sigma":2.4630214565704587,"Taucorr":0.06121882405720913},"Iteration":73},
{"Acceptance":[0.18692307692307691],"Energy":{"Mean":-8.623959318631634,"Sigma":0.32273026377727304,"Taucorr":0.2127440504224828},"EnergyVariance":{"Mean":12.480940237978999,"Sigma":2.06008431587231,"Taucorr":-0.04274455154915707},"Iteration":74},
{"Acceptance":[0.15576923076923077],"Energy":{"Mean":-8.84713683954362,"Sigma":0.3991657448733564,"Taucorr":0.2574697148390992},"EnergyVariance":{"Mean":20.714059929742056,"Sigma":6.086450405302066,"Taucorr":0.09355970448868378},"Iteration":75},
{"Acceptance":[0.17807692307692308],"Energy":{"Mean":-9.128383787746412,"Sigma":0.3687349854874819,"Taucorr":0.30793424208969744},"EnergyVariance":{"Mean":12.194958791076955,"Sigma":2.041630985197486,"Taucorr":0.06923968073021869},"Iteration":76},
{"Acceptance":[0.17423076923076924],"Energy":{"Mean":-9.113027498173624,"Sigma":0.3517424306220111,"Taucorr":0.1763568340756103},"EnergyVariance":{"Mean":10.850607973375157,"Sigma":1.603786584565528,"Taucorr":-0.03925973717343201},"Iteration":77},
{"Acceptance":[0.1726923076923077],"Energy":{"Mean":-9.947437307878504,"Sigma":0.37368900585151976,"Taucorr":0.47679659144947584},"EnergyVariance":{"Mean":14.780990100648049,"Sigma":4.6400811556650465,"Taucorr":-0.03251426599068208},"Iteration":78},
{"Acceptance":[0.1773076923076923],"Energy":{"Mean":-8.40157754560054,"Sigma":0.368380287844199,"Taucorr":0.07666235558084755},"EnergyVariance":{"Mean":16.56348185395273,"Sigma":4.204623549686316,"Taucorr":0.25846466923946465},"Iteration":79},
{"Acceptance":[0.16615384615384615],"Energy":{"Mean":-8.866835948262045,"Sigma":0.3918497076693488,"Taucorr":0.20758701408593971},"EnergyVariance":{"Mean":18.11912880381979,"Sigma":3.8367369399401414,"Taucorr":-0.03367644009045767},"Iteration":80},
{"Acceptance":[0.16153846153846155],"Energy":{"Mean":-9.195692922512542,"Sigma":0.48327929545521636,"Taucorr":0.5576132361204196},"EnergyVariance":{"Mean":13.662998903252562,"Sigma":3.541927156209663,"Taucorr":0.036183266766305344},"Iteration":81},
{"Acceptance":[0.1773076923076923],"Energy":{"Mean":-8.888804971788053,"Sigma":0.4134177877677403,"Taucorr":0.19877040377126043},"EnergyVariance":{"Mean":16.586023401869515,"Sigma":4.101403123688184,"Taucorr":0.32022410968520965},"Iteration":82},
{"Acceptance":[0.19846153846153847],"Energy":{"Mean":-9.01127722781092,"Sigma":0.595396193086902,"Taucorr":0.5458146838492932},"EnergyVariance":{"Mean":20.154228029840922,"Sigma":6.2107096538440505,"Taucorr":0.3649511400198141},"Iteration":83},
{"Acceptance":[0.15884615384615386],"Energy":{"Mean":-9.350099073025323,"Sigma":0.47272496359894156,"Taucorr":0.3790696431044236},"EnergyVariance":{"Mean":15.424341820632312,"Sigma":3.4214744904064656,"Taucorr":0.36212106454144366},"Iteration":84},
{"Acceptance":[0.1696153846153846],"Energy":{"Mean":-9.764289925773687,"Sigma":0.3033700906630746,"Taucorr":0.19455204025359407},"EnergyVariance":{"Mean":9.191519946293809,"Sigma":1.8106690705703106,"Taucorr":0.32670016854550477},"Iteration":85},
{"Acceptance":[0.1646153846153846],"Energy":{"Mean":-9.408067817780495,"Sigma":0.3320235892008592,"Taucorr":0.0011245639499392057},"EnergyVariance":{"Mean":17.457410733941884,"Sigma":3.8160474749849467,"Taucorr":0.3263630158736347},"Iteration":86},
{"Acceptance":[0.1819230769230769],"Energy":{"Mean":-9.663106255681264,"Sigma":0.4731010582530643,"Taucorr":0.21342217241600225},"EnergyVariance":{"Mean":21.525841688414737,"Sigma":5.27398238055351,"Taucorr":0.20027984927889497},"Iteration":87},
{"Acceptance":[0.14692307692307693],"Energy":{"Mean":-10.16110584881935,"Sigma":0.2439812701691027,"Taucorr":-0.035678432202478905},"EnergyVariance":{"Mean":10.4591371239552,"Sigma":1.8293972748956329,"Taucorr":0.23436203731670002},"Iteration":88},
{"Acceptance":[0.15461538461538463],"Energy":{"Mean":-9.928072786283696,"Sigma":0.38609045104041445,"Taucorr":0.19967402825442337},"EnergyVariance":{"Mean":15.79027194854653,"Sigma":5.23421120193422,"Taucorr":0.04649702985843729},"Iteration":89},
{"Acceptance":[0.15884615384615386],"Energy":{"Mean":-9.963406231735968,"Sigma":0.37793161617716914,"Taucorr":0.3190248228891892},"EnergyVariance":{"Mean":26.863620589428322,"Sigma":14.298140453573994,"Taucorr":0.31988488999424924},"Iteration":90},
{"Acceptance":[0.16807692307692307],"Energy":{"Mean":-10.244386567293473,"Sigma":0.35574075414904577,"Taucorr":0.4040490311434045},"EnergyVariance":{"Mean":10.13625039726779,"Sigma":2.1273496941091192,"Taucorr":0.12222493597410367},"Iteration":91},
{"Acceptance":[0.1673076923076923],"Energy":{"Mean":-9.915277485997157,"Sigma":0.36000611651281045,"Taucorr":0.31983375503751266},"EnergyVariance":{"Mean":10.673811921544528,"Sigma":2.206260998225639,"Taucorr":0.08552658074293096},"Iteration":92},
{"Acceptance":[0.18153846153846154],"Energy":{"Mean":-9.858714482217673,"Sigma":0.367420500386596,"Taucorr":0.3820384707190496},"EnergyVariance":{"Mean":20.08684121385773,"Sigma":6.00662112452317,"Taucorr":-0.006640890199026972},"Iteration":93},
{"Acceptance":[0.15423076923076923],"Energy":{"Mean":-10.10104245331006,"Sigma":0.4137763891967181,"Taucorr":0.37957626834191827},"EnergyVariance":{"Mean":11.342777906494979,"Sigma":2.3324066813424222,"Taucorr":0.3496374221271725},"Iteration":94},
{"Acceptance":[0.15576923076923077],"Energy":{"Mean":-10.783905279584499,"Sigma":0.3776399429213236,"Taucorr":0.3775961115168104},"EnergyVariance":{"Mean":9.268820793258666,"Sigma":1.8310990265357165,"Taucorr":0.29418073250867316},"Iteration":95},
{"Acceptance":[0.17384615384615384],"Energy":{"Mean":-10.15063904336288,"Sigma":0.29475265468807255,"Taucorr":-0.06479587364789435},"EnergyVariance":{"Mean":11.499287014836408,"Sigma":2.2437313918848942,"Taucorr":0.35387665454469697},"Iteration":96},
{"Acceptance":[0.155],"Energy":{"Mean":-10.221563799324725,"Sigma":0.31785048697584867,"Taucorr":0.16898952806462186},"EnergyVariance":{"Mean":20.796520761381096,"Sigma":11.414188197001195,"Taucorr":0.05884934226533134},"Iteration":97},
{"Acceptance":[0.15846153846153846],"Energy":{"Mean":-9.819197362592833,"Sigma":0.3018956957828956,"Taucorr":0.22172815946180258},"EnergyVariance":{"Mean":7.6908821950627475,"Sigma":1.3109830263906834,"Taucorr":0.15935693849237775},"Iteration":98},
{"Acceptance":[0.15538461538461537],"Energy":{"Mean":-9.818490365043777,"Sigma":0.5185878775212956,"Taucorr":0.44726097439859136},"EnergyVariance":{"Mean":16.554835945474156,"Sigma":4.294328744555776,"Taucorr":0.38535554508663006},"Iteration":99} 
]}
{"input": {"L": 12, "J": 1, "machine": {"type": "FFNN", "model": ["tanh", 19, 2]}, "sampler": {"type": "MetropolisHop", "d_max": 5}, "optimizer": {"type": "AdaMax", "alpha": 0.001, "beta1": 0.9, "beta2": 0.999, "epscut": 1e-07}, "VMC": {"n_samples": 100, "discarded_samples": 100, "discarded_samples_on_init": 0, "target": "energy", "method": "Gd", "diag_shift": 0.01, "use_iterative": true, "use_cholesky": true}, "n_iter": 100}}
duration: -0.8904924392700195