{"Output": [
{"Acceptance":[0.808076923076923],"Energy":{"Mean":9.83801916318856,"Sigma":0.2595786696806195,"Taucorr":-0.007851353557114471},"EnergyVariance":{"Mean":6.720557905308394,"Sigma":1.095758212681302,"Taucorr":-0.0391487925879605},"Iteration":0},
{"Acceptance":[0.7573076923076923],"Energy":{"Mean":9.64117131725777,"Sigma":0.30875923384841847,"Taucorr":0.09719641772339227},"EnergyVariance":{"Mean":8.396897355465423,"Sigma":1.1546542763157845,"Taucorr":0.01352743484830754},"Iteration":1},
{"Acceptance":[0.7296153846153847],"Energy":{"Mean":9.504007778909067,"Sigma":0.29780502321959923,"Taucorr":0.01634713655727804},"EnergyVariance":{"Mean":9.942535392862048,"Sigma":1.5616480521413962,"Taucorr":0.2389716894439179},"Iteration":2},
{"Acceptance":[0.688076923076923],"Energy":{"Mean":8.817746890516819,"Sigma":0.2551040972832674,"Taucorr":-0.021675205555079846},"EnergyVariance":{"Mean":8.552037458423193,"Sigma":0.9554027184196,"Taucorr":-0.029121044227897463},"Iteration":3},
{"Acceptance":[0.6357692307692308],"Energy":{"Mean":7.828280965886473,"Sigma":0.3664622270788675,"Taucorr":0.20950848578941517},"EnergyVariance":{"Mean":11.603949501519724,"Sigma":1.207802294575403,"Taucorr":-0.08371592171351616},"Iteration":4},
{"Acceptance":[0.5696153846153846],"Energy":{"Mean":6.801125356484335,"Sigma":0.32922324119371393,"Taucorr":0.11565090393095323},"EnergyVariance":{"Mean":11.716912167529879,"Sigma":1.3417107924655673,"Taucorr":0.03543452776887335},"Iteration":5},
{"Acceptance":[0.5523076923076923],"Energy":{"Mean":6.307178811769551,"Sigma":0.45645367500024286,"Taucorr":0.44380337458752805},"EnergyVariance":{"Mean":14.597458583120131,"Sigma":1.5576612035007569,"Taucorr":-0.03248412295560715},"Iteration":6},
{"Acceptance":[0.515],"Energy":{"Mean":5.379173070937256,"Sigma":0.357403937619095,"Taucorr":0.17403563759739038},"EnergyVariance":{"Mean":13.624367288089728,"Sigma":1.6339087667458234,"Taucorr":0.011331458899745628},"Iteration":7},
{"Acceptance":[0.5057692307692307],"Energy":{"Mean":5.020137176444394,"Sigma":0.4671433112638008,"Taucorr":0.4912627498913412},"EnergyVariance":{"Mean":19.173464810513586,"Sigma":1.5954959786943312,"Taucorr":-0.16289551235539002},"Iteration":8},
{"Acceptance":[0.4626923076923077],"Energy":{"Mean":4.276785139059058,"Sigma":0.34604687107331183,"Taucorr":0.10715179823270138},"EnergyVariance":{"Mean":15.529816063498528,"Sigma":1.9172337071839938,"Taucorr":0.0708596601511905},"Iteration":9},
{"Acceptance":[0.43346153846153845],"Energy":{"Mean":3.3110896201252817,"Sigma":0.39571741840626345,"Taucorr":0.3426131125049321},"EnergyVariance":{"Mean":15.805579410219059,"Sigma":2.0710092745328454,"Taucorr":0.002164897104678931},"Iteration":10},
{"Acceptance":[0.40076923076923077],"Energy":{"Mean":2.4528728311233197,"Sigma":0.23408200773654042,"Taucorr":-0.1087262522411751},"EnergyVariance":{"Mean":11.744698885348315,"Sigma":1.0691989807480238,"Taucorr":-0.11101899130369514},"Iteration":11},
{"Acceptance":[0.3680769230769231],"Energy":{"Mean":1.5134190415335276,"Sigma":0.385976841674562,"Taucorr":0.4797690849815439},"EnergyVariance":{"Mean":13.292183335515515,"Sigma":2.202904988752144,"Taucorr":0.1836524829452787},"Iteration":12},
{"Acceptance":[0.34384615384615386],"Energy":{"Mean":0.627370684614352,"Sigma":0.470258719146898,"Taucorr":0.555634920703614},"EnergyVariance":{"Mean":15.66614860686299,"Sigma":2.602224928526332,"Taucorr":0.19391677417133724},"Iteration":13},
{"Acceptance":[0.3688461538461538],"Energy":{"Mean":1.0506236796625315,"Sigma":0.2622218797871881,"Taucorr":0.03782817914485992},"EnergyVariance":{"Mean":14.027292245750326,"Sigma":1.9690207769204726,"Taucorr":-0.01732343868832925},"Iteration":14},
{"Acceptance":[0.34076923076923077],"Energy":{"Mean":-0.32287888803848286,"Sigma":0.44438447125164326,"Taucorr":0.6704584798950362},"EnergyVariance":{"Mean":15.973552162589472,"Sigma":2.4892621497506178,"Taucorr":0.06077711324904567},"Iteration":15},
{"Acceptance":[0.3123076923076923],"Energy":{"Mean":-0.691727392910736,"Sigma":0.29283749514821306,"Taucorr":0.2351215063462091},"EnergyVariance":{"Mean":12.92573728886633,"Sigma":1.871419563653786,"Taucorr":0.06471868112246082},"Iteration":16},
{"Acceptance":[0.3192307692307692],"Energy":{"Mean":-1.484597723303249,"Sigma":0.3960678263396347,"Taucorr":0.4463649352426895},"EnergyVariance":{"Mean":17.407727935805163,"Sigma":2.67436900646879,"Taucorr":0.06108632500138622},"Iteration":17},
{"Acceptance":[0.2976923076923077],"Energy":{"Mean":-1.8166079030065694,"Sigma":0.2813693998395821,"Taucorr":0.16499107751587327},"EnergyVariance":{"Mean":17.399765087892927,"Sigma":2.828171782274372,"Taucorr":-0.01202012396430685},"Iteration":18},
{"Acceptance":[0.28307692307692306],"Energy":{"Mean":-1.9676716403677466,"Sigma":0.4136086025322724,"Taucorr":0.5253777863796296},"EnergyVariance":{"Mean":20.559646834263514,"Sigma":3.568251658893606,"Taucorr":0.10570314727147245},"Iteration":19},
{"Acceptance":[0.27615384615384614],"Energy":{"Mean":-2.789656142167464,"Sigma":0.204167879191985,"Taucorr":-0.046054057369058155},"EnergyVariance":{"Mean":13.77099011714175,"Sigma":2.4580787480354855,"Taucorr":0.06416555822719072},"Iteration":20},
{"Acceptance":[0.28076923076923077],"Energy":{"Mean":-2.847852770957371,"Sigma":0.29417139145083043,"Taucorr":0.18480228651844932},"EnergyVariance":{"Mean":17.388733141785526,"Sigma":2.919371879945659,"Taucorr":-0.035105306328489405},"Iteration":21},
{"Acceptance":[0.26153846153846155],"Energy":{"Mean":-3.0837614897133907,"Sigma":0.35143454091509396,"Taucorr":0.33577304800782093},"EnergyVariance":{"Mean":18.837336631109043,"Sigma":3.056171432077345,"Taucorr":0.17777762253392204},"Iteration":22},
{"Acceptance":[0.24769230769230768],"Energy":{"Mean":-3.619456047645452,"Sigma":0.3019530523205916,"Taucorr":0.23478456231038114},"EnergyVariance":{"Mean":13.560302100775626,"Sigma":1.9913850089656189,"Taucorr":0.09831628495651878},"Iteration":23},
{"Acceptance":[0.2530769230769231],"Energy":{"Mean":-4.188354487014238,"Sigma":0.3359092403289608,"Taucorr":0.27619295972770597},"EnergyVariance":{"Mean":11.84648883980683,"Sigma":1.923217754982796,"Taucorr":0.26576222996855137},"Iteration":24},
{"Acceptance":[0.23961538461538462],"Energy":{"Mean":-4.684103362642993,"Sigma":0.32339905437024724,"Taucorr":0.08481158613805051},"EnergyVariance":{"Mean":18.08303108528036,"Sigma":3.5949425606853285,"Taucorr":-0.04881514274573817},"Iteration":25},
{"Acceptance":[0.24153846153846154],"Energy":{"Mean":-5.26615911780123,"Sigma":0.39247964026005516,"Taucorr":0.42451521271068926},"EnergyVariance":{"Mean":19.139424696019592,"Sigma":4.992936862729239,"Taucorr":0.18389607003180763},"Iteration":26},
{"Acceptance":[0.2326923076923077],"Energy":{"Mean":-5.709178687892831,"Sigma":0.3996233515924943,"Taucorr":0.2591607126149482},"EnergyVariance":{"Mean":18.56944668225308,"Sigma":3.333274610504008,"Taucorr":0.09263087000663173},"Iteration":27},
{"Acceptance":[0.2123076923076923],"Energy":{"Mean":-5.724296102736909,"Sigma":0.3922669805359187,"Taucorr":0.39468354275148076},"EnergyVariance":{"Mean":13.870205540343102,"Sigma":2.435905955125868,"Taucorr":0.06253209607185739},"Iteration":28},
{"Acceptance":[0.23461538461538461],"Energy":{"Mean":-5.908038765058865,"Sigma":0.35467320073436376,"Taucorr":0.06536416580789817},"EnergyVariance":{"Mean":19.0037956383341,"Sigma":3.609348871819374,"Taucorr":0.17139490779900302},"Iteration":29},
{"Acceptance":[0.22038461538461537],"Energy":{"Mean":-5.626890615671924,"Sigma":0.32002103539292404,"Taucorr":0.3168834507620065},"EnergyVariance":{"Mean":9.518513519360074,"Sigma":1.1532841632223496,"Taucorr":-0.07377499253782654},"Iteration":30},
{"Acceptance":[0.21769230769230768],"Energy":{"Mean":-6.116100618178571,"Sigma":0.32877076240195485,"Taucorr":0.2712107432421764},"EnergyVariance":{"Mean":10.899039224130378,"Sigma":1.8931526272635475,"Taucorr":0.10733564250443794},"Iteration":31},
{"Acceptance":[0.2326923076923077],"Energy":{"Mean":-6.0116173073677786,"Sigma":0.3746477447294769,"Taucorr":0.49462168733955625},"EnergyVariance":{"Mean":11.11669595498747,"Sigma":2.9427341362768957,"Taucorr":0.1528888587697258},"Iteration":32},
{"Acceptance":[0.22653846153846155],"Energy":{"Mean":-6.631519375155318,"Sigma":0.3324367313590578,"Taucorr":0.15146132333017936},"EnergyVariance":{"Mean":15.597015346015791,"Sigma":3.349968958290215,"Taucorr":0.24879695283173786},"Iteration":33},
{"Acceptance":[0.20653846153846153],"Energy":{"Mean":-6.799055829866481,"Sigma":0.3675885961943703,"Taucorr":0.15231113568941046},"EnergyVariance":{"Mean":12.321200165703523,"Sigma":2.7818860468278896,"Taucorr":0.4237446671839651},"Iteration":34},
{"Acceptance":[0.22115384615384615],"Energy":{"Mean":-7.023473772778047,"Sigma":0.2919103871690834,"Taucorr":0.2645266596029142},"EnergyVariance":{"Mean":8.444850908644502,"Sigma":1.5367144213404749,"Taucorr":0.19649756790188067},"Iteration":35},
{"Acceptance":[0.20846153846153845],"Energy":{"Mean":-6.960412686938652,"Sigma":0.25880993566860255,"Taucorr":-0.003429325020877616},"EnergyVariance":{"Mean":9.504221757975456,"Sigma":1.9123203090210759,"Taucorr":0.10041820826377079},"Iteration":36},
{"Acceptance":[0.2076923076923077],"Energy":{"Mean":-7.636274619887093,"Sigma":0.22618443550461154,"Taucorr":0.11454148808367093},"EnergyVariance":{"Mean":6.070907001733539,"Sigma":1.2674030494980897,"Taucorr":0.19104969275053763},"Iteration":37},
{"Acceptance":[0.21269230769230768],"Energy":{"Mean":-8.108127339550744,"Sigma":0.22860329899702486,"Taucorr":-0.10530368752189295},"EnergyVariance":{"Mean":8.3704751523025,"Sigma":1.664070484821236,"Taucorr":0.08181863429636937},"Iteration":38},
{"Acceptance":[0.21115384615384616],"Energy":{"Mean":-7.676501744900154,"Sigma":0.4727624853931046,"Taucorr":0.32225060249160653},"EnergyVariance":{"Mean":15.294575043839728,"Sigma":4.423753114098535,"Taucorr":0.14431014871227799},"Iteration":39},
{"Acceptance":[0.2123076923076923],"Energy":{"Mean":-8.088979195678993,"Sigma":0.3794760038620021,"Taucorr":0.15601696063621062},"EnergyVariance":{"Mean":13.180152152442583,"Sigma":3.0124070347194434,"Taucorr":0.18525636643220156},"Iteration":40},
{"Acceptance":[0.2103846153846154],"Energy":{"Mean":-8.251798403477645,"Sigma":0.23612921828791963,"Taucorr":-0.21683854120667528},"EnergyVariance":{"Mean":10.775537901721398,"Sigma":3.287435572935723,"Taucorr":0.1525119088824446},"Iteration":41},
{"Acceptance":[0.21653846153846154],"Energy":{"Mean":-8.367403426903712,"Sigma":0.44125362088383535,"Taucorr":0.14252449116571597},"EnergyVariance":{"Mean":16.377697007206873,"Sigma":6.443598255539178,"Taucorr":-0.012695880442279817},"Iteration":42},
{"Acceptance":[0.22423076923076923],"Energy":{"Mean":-8.348043756323117,"Sigma":0.30751850431270106,"Taucorr":0.1794702777280177},"EnergyVariance":{"Mean":8.824006338329509,"Sigma":1.8426868720070853,"Taucorr":0.07919707076813509},"Iteration":43},
{"Acceptance":[0.23076923076923078],"Energy":{"Mean":-8.571176320480136,"Sigma":0.27216107208286794,"Taucorr":-0.0058406350205545965},"EnergyVariance":{"Mean":8.046821607710465,"Sigma":1.4242533032183489,"Taucorr":0.11004081030916701},"Iteration":44},
{"Acceptance":[0.22],"Energy":{"Mean":-8.034114494925376,"Sigma":0.3834764160641366,"Taucorr":0.3528857607598006},"EnergyVariance":{"Mean":9.166067069387548,"Sigma":1.7137512855171564,"Taucorr":0.07395212024698972},"Iteration":45},
{"Acceptance":[0.21192307692307694],"Energy":{"Mean":-8.770239318995642,"Sigma":0.3873766664194062,"Taucorr":0.2503563780956789},"EnergyVariance":{"Mean":10.869300432948949,"Sigma":1.9934291181223054,"Taucorr":0.00031242703787759396},"Iteration":46},
{"Acceptance":[0.23384615384615384],"Energy":{"Mean":-8.707010359248098,"Sigma":0.3173451265996626,"Taucorr":0.048202171111345726},"EnergyVariance":{"Mean":10.403540597444005,"Sigma":2.603042810715942,"Taucorr":0.015391821081381263},"Iteration":47},
{"Acceptance":[0.22807692307692307],"Energy":{"Mean":-9.133827697144492,"Sigma":0.29714049903177997,"Taucorr":0.14560880700344137},"EnergyVariance":{"Mean":7.583628849975298,"Sigma":1.177337815184826,"Taucorr":0.07488727362173864},"Iteration":48},
{"Acceptance":[0.24153846153846154],"Energy":{"Mean":-8.818279604986865,"Sigma":0.23089467811986364,"Taucorr":-0.07436161056076951},"EnergyVariance":{"Mean":6.7908053144535865,"Sigma":1.0118988519038477,"Taucorr":0.027938662130704395},"Iteration":49},
{"Acceptance":[0.24846153846153846],"Energy":{"Mean":-8.595284781221512,"Sigma":0.37080257330555727,"Taucorr":0.026022603008212908},"EnergyVariance":{"Mean":14.528189069852969,"Sigma":3.5797955481015804,"Taucorr":-0.06311649732616892},"Iteration":50},
{"Acceptance":[0.24346153846153845],"Energy":{"Mean":-8.928570792503654,"Sigma":0.38520683092366703,"Taucorr":0.4259498888886628},"EnergyVariance":{"Mean":11.035411094141699,"Sigma":2.9956888434585247,"Taucorr":0.10545362680067316},"Iteration":51},
{"Acceptance":[0.22653846153846155],"Energy":{"Mean":-9.200540964777346,"Sigma":0.3373437368941116,"Taucorr":0.11514003625624558},"EnergyVariance":{"Mean":10.264064235589322,"Sigma":2.3218945051735695,"Taucorr":0.389829577885243},"Iteration":52},
{"Acceptance":[0.23615384615384616],"Energy":{"Mean":-9.160494856437694,"Sigma":0.41264318495080426,"Taucorr":0.5263670797863247},"EnergyVariance":{"Mean":10.232470007925958,"Sigma":2.1996186015062857,"Taucorr":0.5748953982473883},"Iteration":53},
{"Acceptance":[0.24153846153846154],"Energy":{"Mean":-8.542569492140446,"Sigma":0.379954839068183,"Taucorr":0.33873227173809883},"EnergyVariance":{"Mean":9.462550053993512,"Sigma":1.2938059796944257,"Taucorr":0.025138125900512787},"Iteration":54},
{"Acceptance":[0.23115384615384615],"Energy":{"Mean":-8.61823774543973,"Sigma":0.2928881119659836,"Taucorr":0.04939896703751345},"EnergyVariance":{"Mean":8.91914539720064,"Sigma":1.704976256297976,"Taucorr":0.0518395720901379},"Iteration":55},
{"Acceptance":[0.2276923076923077],"Energy":{"Mean":-9.358083557863154,"Sigma":0.24194542127684962,"Taucorr":0.0036287621136069648},"EnergyVariance":{"Mean":9.2622735903646,"Sigma":2.6793451994095894,"Taucorr":0.04612481944480329},"Iteration":56},
{"Acceptance":[0.23],"Energy":{"Mean":-8.918432432183485,"Sigma":0.40004215757293726,"Taucorr":0.06788904333968093},"EnergyVariance":{"Mean":16.497778807663146,"Sigma":7.832083998741298,"Taucorr":0.5402967382909936},"Iteration":57},
{"Acceptance":[0.2153846153846154],"Energy":{"Mean":-9.061461998712996,"Sigma":0.33232216656208696,"Taucorr":0.15966872748189243},"EnergyVariance":{"Mean":10.032555585521077,"Sigma":1.6746361816602735,"Taucorr":0.022082553304966335},"Iteration":58},
{"Acceptance":[0.2542307692307692],"Energy":{"Mean":-9.386486091462356,"Sigma":0.3699020240523074,"Taucorr":0.0032839424871192735},"EnergyVariance":{"Mean":14.970732325876165,"Sigma":2.1646648678705924,"Taucorr":-0.1508148533584695},"Iteration":59},
{"Acceptance":[0.22653846153846155],"Energy":{"Mean":-8.79546418619925,"Sigma":0.36712416823195004,"Taucorr":0.5301746386197572},"EnergyVariance":{"Mean":6.909778398811321,"Sigma":1.6921921455882705,"Taucorr":0.27380692003912566},"Iteration":60},
{"Acceptance":[0.235],"Energy":{"Mean":-9.655564910942593,"Sigma":0.48586929827208636,"Taucorr":0.4179114881119197},"EnergyVariance":{"Mean":14.151714033084152,"Sigma":2.4758061030038006,"Taucorr":0.12302492728342829},"Iteration":61},
{"Acceptance":[0.21615384615384614],"Energy":{"Mean":-8.80444857174361,"Sigma":0.24917066631968687,"Taucorr":-0.08093217846739614},"EnergyVariance":{"Mean":10.224763664831864,"Sigma":3.767682391731532,"Taucorr":0.5348286087667644},"Iteration":62},
{"Acceptance":[0.2376923076923077],"Energy":{"Mean":-9.150553669170584,"Sigma":0.377741629961686,"Taucorr":0.25420011681998367},"EnergyVariance":{"Mean":9.759044326508981,"Sigma":3.88551359236,"Taucorr":0.014280254876325782},"Iteration":63},
{"Acceptance":[0.24],"Energy":{"Mean":-9.118022268404777,"Sigma":0.37852534424631906,"Taucorr":0.18783469019314847},"EnergyVariance":{"Mean":11.103078995574334,"Sigma":1.589201622288571,"Taucorr":0.04431946028350375},"Iteration":64},
{"Acceptance":[0.24576923076923077],"Energy":{"Mean":-8.488107855519395,"Sigma":0.416841621867193,"Taucorr":0.3822239417448585},"EnergyVariance":{"Mean":10.615210665498212,"Sigma":2.1263945774997675,"Taucorr":0.07773748255647162},"Iteration":65},
{"Acceptance":[0.22692307692307692],"Energy":{"Mean":-8.606547292475957,"Sigma":0.37841497811299896,"Taucorr":0.23769443262667622},"EnergyVariance":{"Mean":10.120901112962708,"Sigma":1.8123527271124509,"Taucorr":0.059424001291654704},"Iteration":66},
{"Acceptance":[0.24923076923076923],"Energy":{"Mean":-9.599327006922122,"Sigma":0.44273569207382063,"Taucorr":0.23713009833507603},"EnergyVariance":{"Mean":14.991186516467023,"Sigma":5.0613386672728415,"Taucorr":0.19698511777777294},"Iteration":67},
{"Acceptance":[0.2323076923076923],"Energy":{"Mean":-8.990384340322835,"Sigma":0.30598670779791143,"Taucorr":-0.0812521159431896},"EnergyVariance":{"Mean":12.442307895701754,"Sigma":4.664662228654708,"Taucorr":0.0364518026263162},"Iteration":68},
{"Acceptance":[0.23423076923076924],"Energy":{"Mean":-9.35334351966906,"Sigma":0.2492914815383116,"Taucorr":0.252807012497124},"EnergyVariance":{"Mean":4.740362335383738,"Sigma":0.6790010219531821,"Taucorr":0.16551951151405297},"Iteration":69},
{"Acceptance":[0.23192307692307693],"Energy":{"Mean":-8.871043376857205,"Sigma":0.3759373603027564,"Taucorr":0.2227364681682822},"EnergyVariance":{"Mean":10.214632742767005,"Sigma":1.7450486521974835,"Taucorr":-0.0507434846834518},"Iteration":70},
{"Acceptance":[0.23576923076923076],"Energy":{"Mean":-9.38229452912963,"Sigma":0.49953738122866137,"Taucorr":0.6736311732959452},"EnergyVariance":{"Mean":12.917946217430522,"Sigma":4.948572690857758,"Taucorr":0.7849404503630077},"Iteration":71},
{"Acceptance":[0.24076923076923076],"Energy":{"Mean":-9.17651461316294,"Sigma":0.4021801779376018,"Taucorr":0.29485822773136594},"EnergyVariance":{"Mean":13.113691150593734,"Sigma":2.7797259655350763,"Taucorr":-0.07574917096944583},"Iteration":72},
{"Acceptance":[0.2246153846153846],"Energy":{"Mean":-9.771587499308882,"Sigma":0.30014517587959644,"Taucorr":-0.039710132362893114},"EnergyVariance":{"Mean":12.271860782285541,"Sigma":3.8143801641862085,"Taucorr":0.0527709780708121},"Iteration":73},
{"Acceptance":[0.24461538461538462],"Energy":{"Mean":-9.135272889413283,"Sigma":0.5179519976833219,"Taucorr":0.28776626938730654},"EnergyVariance":{"Mean":20.255268797357722,"Sigma":5.954670902834252,"Taucorr":0.2065615714421022},"Iteration":74},
{"Acceptance":[0.24961538461538463],"Energy":{"Mean":-9.173162264160188,"Sigma":0.32280107929877544,"Taucorr":0.18611983663567622},"EnergyVariance":{"Mean":8.515102077358627,"Sigma":1.4129140719319464,"Taucorr":0.1251759323228725},"Iteration":75},
{"Acceptance":[0.2230769230769231],"Energy":{"Mean":-9.676811314851,"Sigma":0.2849924089144046,"Taucorr":-0.10143600526635949},"EnergyVariance":{"Mean":11.135460322545505,"Sigma":4.5340035350717445,"Taucorr":0.004484315187295307},"Iteration":76},
{"Acceptance":[0.24307692307692308],"Energy":{"Mean":-9.458740479523392,"Sigma":0.3444094192338107,"Taucorr":0.15657045370762912},"EnergyVariance":{"Mean":10.015107270500891,"Sigma":2.463388367820184,"Taucorr":0.26507129655170825},"Iteration":77},
{"Acceptance":[0.235],"Energy":{"Mean":-10.330979596529266,"Sigma":0.30234757917218286,"Taucorr":-0.1399007762243779},"EnergyVariance":{"Mean":15.891837631376594,"Sigma":4.722672205815369,"Taucorr":0.03088830914855234},"Iteration":78},
{"Acceptance":[0.24653846153846154],"Energy":{"Mean":-9.98665001316065,"Sigma":0.501479984519333,"Taucorr":0.14950582658969414},"EnergyVariance":{"Mean":24.74620310913996,"Sigma":6.28272690633436,"Taucorr":0.17812534203895103},"Iteration":79},
{"Acceptance":[0.24653846153846154],"Energy":{"Mean":-8.99798805287904,"Sigma":0.3277224613693359,"Taucorr":0.024830897383444572},"EnergyVariance":{"Mean":11.055792663238012,"Sigma":2.0155347626675506,"Taucorr":-0.039140302463476884},"Iteration":80},
{"Acceptance":[0.24269230769230768],"Energy":{"Mean":-9.070044420465601,"Sigma":0.37060976853600786,"Taucorr":0.2875290651595327},"EnergyVariance":{"Mean":9.204500406281934,"Sigma":1.547332128895581,"Taucorr":-0.03900325481921024},"Iteration":81},
{"Acceptance":[0.22653846153846155],"Energy":{"Mean":-9.84868758669753,"Sigma":0.3767711695654533,"Taucorr":0.026337152822371035},"EnergyVariance":{"Mean":15.579247096300726,"Sigma":6.02473774111647,"Taucorr":-0.030328788098901494},"Iteration":82},
{"Acceptance":[0.24346153846153845],"Energy":{"Mean":-9.748813741438516,"Sigma":0.26611254127463524,"Taucorr":0.2509187318370827},"EnergyVariance":{"Mean":5.709919435411007,"Sigma":0.9308210360311553,"Taucorr":0.13689313854121943},"Iteration":83},
{"Acceptance":[0.24884615384615386],"Energy":{"Mean":-10.430081271361754,"Sigma":0.37910712921205514,"Taucorr":-0.031332752125386276},"EnergyVariance":{"Mean":16.621415527631036,"Sigma":4.1586492120445975,"Taucorr":0.19285362169946074},"Iteration":84},
{"Acceptance":[0.2403846153846154],"Energy":{"Mean":-9.83280971045294,"Sigma":0.358128785060243,"Taucorr":0.1384030492788163},"EnergyVariance":{"Mean":12.007400421276405,"Sigma":3.1666101202067396,"Taucorr":0.009899111395351157},"Iteration":85},
{"Acceptance":[0.2523076923076923],"Energy":{"Mean":-9.774057833294517,"Sigma":0.2560207905120867,"Taucorr":-0.03547979847345156},"EnergyVariance":{"Mean":7.7516458007147335,"Sigma":1.5161485071680874,"Taucorr":0.19639823426682168},"Iteration":86},
{"Acceptance":[0.22615384615384615],"Energy":{"Mean":-9.568906592512668,"Sigma":0.32065673673684325,"Taucorr":0.07987697271091776},"EnergyVariance":{"Mean":9.45067192511943,"Sigma":2.0015484046871213,"Taucorr":-0.0868658499825492},"Iteration":87},
{"Acceptance":[0.25],"Energy":{"Mean":-9.663327531829136,"Sigma":0.3430418185313891,"Taucorr":0.027809410877853824},"EnergyVariance":{"Mean":12.198944305437083,"Sigma":3.6379841521018963,"Taucorr":0.00725094037402596},"Iteration":88},
{"Acceptance":[0.24576923076923077],"Energy":{"Mean":-9.461395588564239,"Sigma":0.28713146041793336,"Taucorr":0.018592499895230152},"EnergyVariance":{"Mean":8.415851969198844,"Sigma":1.0927791806640508,"Taucorr":-0.0497119195561086},"Iteration":89},
{"Acceptance":[0.25846153846153846],"Energy":{"Mean":-9.465357637081768,"Sigma":0.2734317514447827,"Taucorr":0.10745194066979846},"EnergyVariance":{"Mean":7.497543834898287,"Sigma":1.4718045668593827,"Taucorr":0.02155742633755453},"Iteration":90},
{"Acceptance":[0.24653846153846154],"Energy":{"Mean":-9.692435678694327,"Sigma":0.35506681994088185,"Taucorr":0.08895374717867921},"EnergyVariance":{"Mean":12.431855058421009,"Sigma":4.216071932877824,"Taucorr":0.7481737863614775},"Iteration":91},
{"Acceptance":[0.25115384615384617],"Energy":{"Mean":-10.623526607509568,"Sigma":0.45900886638526095,"Taucorr":0.3213458613805371},"EnergyVariance":{"Mean":15.633230830285633,"Sigma":6.024999472927758,"Taucorr":0.32173997984572433},"Iteration":92},
{"Acceptance":[0.2373076923076923],"Energy":{"Mean":-9.484411564802583,"Sigma":0.2339029688896387,"Taucorr":-0.047184516058198456},"EnergyVariance":{"Mean":6.970963059917819,"Sigma":1.3141068926478907,"Taucorr":0.02658336359410174},"Iteration":93},
{"Acceptance":[0.23846153846153847],"Energy":{"Mean":-9.818662314272308,"Sigma":0.35319734836302935,"Taucorr":0.31380773313801447},"EnergyVariance":{"Mean":8.468620432664395,"Sigma":2.9445651472446537,"Taucorr":0.3390501253640428},"Iteration":94},
{"Acceptance":[0.27],"Energy":{"Mean":-10.087041318407955,"Sigma":0.23282633902138866,"Taucorr":-0.07389296120212901},"EnergyVariance":{"Mean":7.830558938414963,"Sigma":2.347175631586851,"Taucorr":0.1736833573138309},"Iteration":95},
{"Acceptance":[0.2542307692307692],"Energy":{"Mean":-10.168465833930394,"Sigma":0.4665947066502448,"Taucorr":0.2557439453632955},"EnergyVariance":{"Mean":15.339944310308441,"Sigma":6.4963816216940415,"Taucorr":0.0958732424237726},"Iteration":96},
{"Acceptance":[0.2703846153846154],"Energy":{"Mean":-9.4149883768412,"Sigma":0.3730155112890805,"Taucorr":0.249601725856334},"EnergyVariance":{"Mean":10.097078759531396,"Sigma":1.7547135936818683,"Taucorr":0.005529262786443945},"Iteration":97},
{"Acceptance":[0.2569230769230769],"Energy":{"Mean":-9.598132042826906,"Sigma":0.31910547867782835,"Taucorr":0.04094217409625944},"EnergyVariance":{"Mean":10.543187866193962,"Sigma":1.5512835321025717,"Taucorr":0.09646438229243537},"Iteration":98},
{"Acceptance":[0.2865384615384615],"Energy":{"Mean":-10.180621526752036,"Sigma":0.3334321810623163,"Taucorr":-0.03289394856317884},"EnergyVariance":{"Mean":13.912004240294866,"Sigma":4.763306308277102,"Taucorr":-0.031542499459173146},"Iteration":99} 
]}
{"input": {"L": 12, "J": 1, "machine": {"type": "FFNN", "model": ["tanh", 35, 4]}, "sampler": {"type": "MetropolisHop", "d_max": 5}, "optimizer": {"type": "AdaMax", "alpha": 0.001, "beta1": 0.9, "beta2": 0.999, "epscut": 1e-07}, "VMC": {"n_samples": 100, "discarded_samples": 100, "discarded_samples_on_init": 0, "target": "energy", "method": "Gd", "diag_shift": 0.01, "use_iterative": true, "use_cholesky": true}, "n_iter": 100}}
duration: -5.215130567550659