{"Output": [
{"Acceptance":[0.7903846153846154],"Energy":{"Mean":10.869722254314123,"Sigma":0.3429992746086945,"Taucorr":0.13714227315212502},"EnergyVariance":{"Mean":9.006945568912483,"Sigma":1.1058809327135368,"Taucorr":-0.047516872275844224},"Iteration":0},
{"Acceptance":[0.6803846153846154],"Energy":{"Mean":9.822331673790233,"Sigma":0.30633406889649306,"Taucorr":0.08365193640375934},"EnergyVariance":{"Mean":8.501344673070586,"Sigma":1.2056484590075156,"Taucorr":0.10878170532836284},"Iteration":1},
{"Acceptance":[0.5842307692307692],"Energy":{"Mean":8.547445086123822,"Sigma":0.3378532947726526,"Taucorr":0.35852802313241294},"EnergyVariance":{"Mean":8.176253455572772,"Sigma":1.160666253872366,"Taucorr":0.3287437840565447},"Iteration":2},
{"Acceptance":[0.5173076923076924],"Energy":{"Mean":7.442121370667992,"Sigma":0.2534936823327795,"Taucorr":0.041570375316397956},"EnergyVariance":{"Mean":8.720728502920217,"Sigma":1.0973904047880152,"Taucorr":0.17851892924825985},"Iteration":3},
{"Acceptance":[0.5096153846153846],"Energy":{"Mean":7.131464078494697,"Sigma":0.4441462780641578,"Taucorr":0.32397226783006083},"EnergyVariance":{"Mean":16.107988687928504,"Sigma":2.129288526207811,"Taucorr":0.2911874597277845},"Iteration":4},
{"Acceptance":[0.47384615384615386],"Energy":{"Mean":6.185448495950592,"Sigma":0.3214886965200585,"Taucorr":0.3107405568881736},"EnergyVariance":{"Mean":10.730108848904646,"Sigma":1.2146664897512518,"Taucorr":-0.0546576603275043},"Iteration":5},
{"Acceptance":[0.37846153846153846],"Energy":{"Mean":4.151031190011679,"Sigma":0.28142749673415984,"Taucorr":0.25628888502267966},"EnergyVariance":{"Mean":9.702310519990313,"Sigma":1.658387171186473,"Taucorr":-0.016955473268471632},"Iteration":6},
{"Acceptance":[0.3769230769230769],"Energy":{"Mean":4.214190659523343,"Sigma":0.33198125604281364,"Taucorr":0.44285781440230176},"EnergyVariance":{"Mean":13.228589631011411,"Sigma":1.7657251544495105,"Taucorr":0.21215872587798867},"Iteration":7},
{"Acceptance":[0.30230769230769233],"Energy":{"Mean":2.64423604727546,"Sigma":0.3280755838526702,"Taucorr":0.37994385156605726},"EnergyVariance":{"Mean":13.512825391821403,"Sigma":2.16660822379796,"Taucorr":0.16769529646072256},"Iteration":8},
{"Acceptance":[0.3242307692307692],"Energy":{"Mean":2.446493708469771,"Sigma":0.2200693495740806,"Taucorr":0.15503406161602595},"EnergyVariance":{"Mean":9.944883036148841,"Sigma":1.390435032212442,"Taucorr":0.30515605927953837},"Iteration":9},
{"Acceptance":[0.28692307692307695],"Energy":{"Mean":1.3941472555702823,"Sigma":0.32829891390739524,"Taucorr":0.48265464363092514},"EnergyVariance":{"Mean":13.438470303249094,"Sigma":1.7926950666552124,"Taucorr":0.17759842068169462},"Iteration":10},
{"Acceptance":[0.26576923076923076],"Energy":{"Mean":0.30167706335473626,"Sigma":0.25054687437846845,"Taucorr":0.35366180611359543},"EnergyVariance":{"Mean":13.901448684874554,"Sigma":2.389327240630593,"Taucorr":0.21891599221123859},"Iteration":11},
{"Acceptance":[0.26076923076923075],"Energy":{"Mean":-0.4455436883271479,"Sigma":0.2898888143787707,"Taucorr":0.5901890713040479},"EnergyVariance":{"Mean":13.405641490732501,"Sigma":3.1606997114560027,"Taucorr":0.4386038490605926},"Iteration":12},
{"Acceptance":[0.23192307692307693],"Energy":{"Mean":-0.21404075510036338,"Sigma":0.1763991575705883,"Taucorr":-0.08155647605644889},"EnergyVariance":{"Mean":14.07610042664094,"Sigma":2.57246426027775,"Taucorr":0.05700563064680264},"Iteration":13},
{"Acceptance":[0.21807692307692308],"Energy":{"Mean":-1.1311049958535957,"Sigma":0.2253002426270382,"Taucorr":0.2125755832635986},"EnergyVariance":{"Mean":14.048630275669174,"Sigma":2.9926925197524894,"Taucorr":0.18814848874229106},"Iteration":14},
{"Acceptance":[0.22384615384615383],"Energy":{"Mean":-1.8871412587136231,"Sigma":0.22983000424857647,"Taucorr":0.2612489610939539},"EnergyVariance":{"Mean":12.860876411760673,"Sigma":2.459113549599636,"Taucorr":-0.026446841932084242},"Iteration":15},
{"Acceptance":[0.17807692307692308],"Energy":{"Mean":-2.8813710039157523,"Sigma":0.2279005188500084,"Taucorr":0.19514550493043814},"EnergyVariance":{"Mean":10.269052290869807,"Sigma":2.6542222631900994,"Taucorr":0.4651277437778989},"Iteration":16},
{"Acceptance":[0.1696153846153846],"Energy":{"Mean":-2.220834304029755,"Sigma":0.2630132855947384,"Taucorr":0.5105523844233821},"EnergyVariance":{"Mean":9.464267170349363,"Sigma":2.44794237908453,"Taucorr":0.02273960391522345},"Iteration":17},
{"Acceptance":[0.15730769230769232],"Energy":{"Mean":-3.4361013581171713,"Sigma":0.21764163234672573,"Taucorr":0.48338083375789975},"EnergyVariance":{"Mean":7.242350933290978,"Sigma":2.1538916444076532,"Taucorr":0.7867448574727529},"Iteration":18},
{"Acceptance":[0.14923076923076922],"Energy":{"Mean":-3.1460396765718626,"Sigma":0.28663558952446344,"Taucorr":0.2931205968678582},"EnergyVariance":{"Mean":9.278901438775064,"Sigma":1.7867495869180794,"Taucorr":-0.0908362709209326},"Iteration":19},
{"Acceptance":[0.13884615384615384],"Energy":{"Mean":-3.6043776875108176,"Sigma":0.37099082971019004,"Taucorr":0.4519940637296882},"EnergyVariance":{"Mean":19.87176227204356,"Sigma":6.086699013211107,"Taucorr":0.1544620109014666},"Iteration":20},
{"Acceptance":[0.135],"Energy":{"Mean":-3.754265893011923,"Sigma":0.30186629046690633,"Taucorr":0.38382949296534163},"EnergyVariance":{"Mean":13.352884811234633,"Sigma":3.8204660462246065,"Taucorr":0.38431440677281326},"Iteration":21},
{"Acceptance":[0.13153846153846155],"Energy":{"Mean":-4.565441673094964,"Sigma":0.22677594456887826,"Taucorr":0.05753616750935908},"EnergyVariance":{"Mean":12.180021434141757,"Sigma":3.5248099582208683,"Taucorr":-0.018104480424215752},"Iteration":22},
{"Acceptance":[0.13307692307692306],"Energy":{"Mean":-4.658710727661143,"Sigma":0.3338786395396455,"Taucorr":0.30990238390336344},"EnergyVariance":{"Mean":12.195458697987394,"Sigma":4.932556473401335,"Taucorr":0.36051698000869603},"Iteration":23},
{"Acceptance":[0.12346153846153846],"Energy":{"Mean":-4.826824174174742,"Sigma":0.2449155099837062,"Taucorr":0.3142027351000063},"EnergyVariance":{"Mean":6.66233219705239,"Sigma":2.3603705069454555,"Taucorr":0.2567972190238118},"Iteration":24},
{"Acceptance":[0.12192307692307693],"Energy":{"Mean":-5.338628533739086,"Sigma":0.5836071188451859,"Taucorr":0.8128831839502311},"EnergyVariance":{"Mean":20.00369395512155,"Sigma":10.607057641571044,"Taucorr":0.5210858419369},"Iteration":25},
{"Acceptance":[0.13076923076923078],"Energy":{"Mean":-4.975868727464151,"Sigma":0.30470206383601267,"Taucorr":0.24514516342217385},"EnergyVariance":{"Mean":7.584809120388605,"Sigma":2.0850317992805363,"Taucorr":0.20922514584709628},"Iteration":26},
{"Acceptance":[0.10192307692307692],"Energy":{"Mean":-5.466361269534781,"Sigma":0.4240112152664152,"Taucorr":0.6589126804142369},"EnergyVariance":{"Mean":8.70787039397099,"Sigma":2.78705054349331,"Taucorr":0.5568101632996774},"Iteration":27},
{"Acceptance":[0.10961538461538461],"Energy":{"Mean":-4.898596115530295,"Sigma":0.2316118365949691,"Taucorr":-0.12021313100783271},"EnergyVariance":{"Mean":10.882493658527418,"Sigma":4.359530714388872,"Taucorr":-0.043088218899051955},"Iteration":28},
{"Acceptance":[0.1026923076923077],"Energy":{"Mean":-5.718547987699974,"Sigma":0.47889383470576213,"Taucorr":0.3026785524616231},"EnergyVariance":{"Mean":15.141430137048216,"Sigma":5.146044237207174,"Taucorr":0.23056173996560625},"Iteration":29},
{"Acceptance":[0.09923076923076923],"Energy":{"Mean":-5.153288544113161,"Sigma":0.46267170093259447,"Taucorr":0.6536121110653672},"EnergyVariance":{"Mean":12.901232764453216,"Sigma":5.827065859262732,"Taucorr":0.13422163368113893},"Iteration":30},
{"Acceptance":[0.11038461538461539],"Energy":{"Mean":-5.293417753691977,"Sigma":0.26730919965202937,"Taucorr":0.28584663119502884},"EnergyVariance":{"Mean":4.7333168968200034,"Sigma":1.8543143826819748,"Taucorr":0.14718555276191758},"Iteration":31},
{"Acceptance":[0.09307692307692307],"Energy":{"Mean":-5.078502677525616,"Sigma":0.29638802065726055,"Taucorr":0.19908790996655967},"EnergyVariance":{"Mean":9.718300234673322,"Sigma":7.414056970576037,"Taucorr":0.238190527389467},"Iteration":32},
{"Acceptance":[0.1226923076923077],"Energy":{"Mean":-6.228305039714949,"Sigma":0.49547281047031405,"Taucorr":0.5241327126053112},"EnergyVariance":{"Mean":12.385815386423625,"Sigma":3.118168736332549,"Taucorr":0.04765981781568218},"Iteration":33},
{"Acceptance":[0.13538461538461538],"Energy":{"Mean":-5.47519588754839,"Sigma":0.3006148372653038,"Taucorr":0.2239739831739066},"EnergyVariance":{"Mean":6.77973211473493,"Sigma":1.354391803866268,"Taucorr":0.03729737355579732},"Iteration":34},
{"Acceptance":[0.11846153846153847],"Energy":{"Mean":-5.9848882547264735,"Sigma":0.5525264905045241,"Taucorr":0.7112497670470364},"EnergyVariance":{"Mean":12.602692239738406,"Sigma":8.527106005843093,"Taucorr":0.514011225637959},"Iteration":35},
{"Acceptance":[0.11615384615384615],"Energy":{"Mean":-5.406064999144193,"Sigma":0.2119286911789092,"Taucorr":-0.1397087946406551},"EnergyVariance":{"Mean":6.338670415298154,"Sigma":2.5535304533096284,"Taucorr":0.1523351646658606},"Iteration":36},
{"Acceptance":[0.1296153846153846],"Energy":{"Mean":-6.382309610580028,"Sigma":0.6269601366145139,"Taucorr":0.7586228661940548},"EnergyVariance":{"Mean":20.843687903095038,"Sigma":9.340064813863842,"Taucorr":0.145149149643773},"Iteration":37},
{"Acceptance":[0.13346153846153846],"Energy":{"Mean":-5.956316002764507,"Sigma":0.29872218488454305,"Taucorr":0.17602326995982087},"EnergyVariance":{"Mean":7.249671895931384,"Sigma":3.088155038221757,"Taucorr":0.06029890162115625},"Iteration":38},
{"Acceptance":[0.14807692307692308],"Energy":{"Mean":-6.084492252040158,"Sigma":0.30684328917027676,"Taucorr":0.14039188206185638},"EnergyVariance":{"Mean":8.293448099527124,"Sigma":2.489079519348381,"Taucorr":0.010040558977604364},"Iteration":39},
{"Acceptance":[0.13846153846153847],"Energy":{"Mean":-6.775168532826881,"Sigma":0.314952267985001,"Taucorr":0.16668176867722462},"EnergyVariance":{"Mean":8.056665053430404,"Sigma":1.7073168500596783,"Taucorr":0.1534445438256281},"Iteration":40},
{"Acceptance":[0.135],"Energy":{"Mean":-5.4935859593784295,"Sigma":0.24167917459662522,"Taucorr":0.2907995006758687},"EnergyVariance":{"Mean":3.9284180347328475,"Sigma":1.0007845095124626,"Taucorr":0.6150271026399221},"Iteration":41},
{"Acceptance":[0.13884615384615384],"Energy":{"Mean":-6.487602660207132,"Sigma":0.44406259597865627,"Taucorr":0.6991478357610881},"EnergyVariance":{"Mean":8.656323625000756,"Sigma":4.228141598439137,"Taucorr":0.5584210942985186},"Iteration":42},
{"Acceptance":[0.14038461538461539],"Energy":{"Mean":-6.395944115084081,"Sigma":0.27517415697197367,"Taucorr":-0.04305484721614378},"EnergyVariance":{"Mean":8.372136674183107,"Sigma":3.0329335710391225,"Taucorr":0.004525557236871758},"Iteration":43},
{"Acceptance":[0.14],"Energy":{"Mean":-6.329540277857502,"Sigma":0.3368287935388831,"Taucorr":0.21181304067911344},"EnergyVariance":{"Mean":7.98265367463383,"Sigma":2.3563828923253776,"Taucorr":0.3534349302281107},"Iteration":44},
{"Acceptance":[0.1576923076923077],"Energy":{"Mean":-6.748877929219389,"Sigma":0.5019172107549372,"Taucorr":0.1945215373902417},"EnergyVariance":{"Mean":18.35211319587283,"Sigma":6.459997472802565,"Taucorr":0.007414666733613573},"Iteration":45},
{"Acceptance":[0.1646153846153846],"Energy":{"Mean":-7.065705392658388,"Sigma":0.34154267054634696,"Taucorr":0.4678280493732262},"EnergyVariance":{"Mean":6.29378598083529,"Sigma":1.6854431088444701,"Taucorr":0.7061497740363158},"Iteration":46},
{"Acceptance":[0.18769230769230769],"Energy":{"Mean":-7.914196211753944,"Sigma":0.613692207099207,"Taucorr":0.4455960055355809},"EnergyVariance":{"Mean":20.15803575831891,"Sigma":7.016465291942511,"Taucorr":0.3045038907838543},"Iteration":47},
{"Acceptance":[0.17346153846153847],"Energy":{"Mean":-6.629866272315434,"Sigma":0.3274963843897745,"Taucorr":0.12528139803935678},"EnergyVariance":{"Mean":8.43924795969874,"Sigma":2.334999147206931,"Taucorr":0.4825735034440174},"Iteration":48},
{"Acceptance":[0.18807692307692309],"Energy":{"Mean":-6.99433443834491,"Sigma":0.2436462326371027,"Taucorr":0.04773980621118712},"EnergyVariance":{"Mean":5.434736749242567,"Sigma":0.8752195816699457,"Taucorr":-0.1058966952336236},"Iteration":49},
{"Acceptance":[0.20192307692307693],"Energy":{"Mean":-6.91047830479496,"Sigma":0.25865908022984313,"Taucorr":0.033848791354799235},"EnergyVariance":{"Mean":6.2434007654387775,"Sigma":1.0758220555939442,"Taucorr":-0.032380872462332955},"Iteration":50},
{"Acceptance":[0.19576923076923078],"Energy":{"Mean":-6.762400030155952,"Sigma":0.33535689844093336,"Taucorr":0.45296215621121727},"EnergyVariance":{"Mean":27.416425313597834,"Sigma":21.721521169712307,"Taucorr":0.512299866015598},"Iteration":51},
{"Acceptance":[0.22115384615384615],"Energy":{"Mean":-6.550859297798449,"Sigma":0.33299598759154053,"Taucorr":0.4372238080234542},"EnergyVariance":{"Mean":5.994253993761522,"Sigma":1.1439313782420049,"Taucorr":0.2462188249927061},"Iteration":52},
{"Acceptance":[0.2273076923076923],"Energy":{"Mean":-6.709438192875925,"Sigma":0.38364539497894634,"Taucorr":0.5621079242670288},"EnergyVariance":{"Mean":6.8675590278257985,"Sigma":1.0180880203145763,"Taucorr":-0.07571031403992473},"Iteration":53},
{"Acceptance":[0.18692307692307691],"Energy":{"Mean":-7.44618241922095,"Sigma":0.36794719790363556,"Taucorr":0.35012116294745366},"EnergyVariance":{"Mean":7.87637998072286,"Sigma":1.2755771743598459,"Taucorr":0.13347317584504603},"Iteration":54},
{"Acceptance":[0.1946153846153846],"Energy":{"Mean":-7.430323350804398,"Sigma":0.4625555402614839,"Taucorr":0.19517645950228657},"EnergyVariance":{"Mean":15.243563959703344,"Sigma":6.324234507661598,"Taucorr":0.3032044394581671},"Iteration":55},
{"Acceptance":[0.20076923076923076],"Energy":{"Mean":-7.589813018954774,"Sigma":0.38497863137543414,"Taucorr":0.06756196736571962},"EnergyVariance":{"Mean":13.747480979737857,"Sigma":6.420680734476632,"Taucorr":0.13290148143879732},"Iteration":56},
{"Acceptance":[0.17192307692307693],"Energy":{"Mean":-7.48444789268228,"Sigma":0.28239749440420975,"Taucorr":0.1144818424688816},"EnergyVariance":{"Mean":6.361853337341689,"Sigma":1.2799858478879753,"Taucorr":0.018620056407135488},"Iteration":57},
{"Acceptance":[0.15884615384615386],"Energy":{"Mean":-7.552944463274042,"Sigma":0.26066311402051484,"Taucorr":0.23230986928304698},"EnergyVariance":{"Mean":4.749769003645699,"Sigma":1.3847726285176156,"Taucorr":0.6128332679748549},"Iteration":58},
{"Acceptance":[0.17192307692307693],"Energy":{"Mean":-7.910351154371488,"Sigma":0.2390913741310591,"Taucorr":-0.04929766245498479},"EnergyVariance":{"Mean":6.4910946751096015,"Sigma":1.2468007480973005,"Taucorr":0.0476222013114741},"Iteration":59},
{"Acceptance":[0.14846153846153845],"Energy":{"Mean":-8.279577902310935,"Sigma":0.33533785465466204,"Taucorr":0.36574363325481796},"EnergyVariance":{"Mean":6.481790634964394,"Sigma":1.5568491462297995,"Taucorr":0.22917314901153274},"Iteration":60},
{"Acceptance":[0.16807692307692307],"Energy":{"Mean":-7.557806077800794,"Sigma":0.406015703181877,"Taucorr":0.029343073887053928},"EnergyVariance":{"Mean":15.728911944627765,"Sigma":6.632334759404895,"Taucorr":0.013815065965934736},"Iteration":61},
{"Acceptance":[0.125],"Energy":{"Mean":-7.287109569895323,"Sigma":0.31457666026246217,"Taucorr":0.2652387978550711},"EnergyVariance":{"Mean":6.424359667669003,"Sigma":0.9907998898994252,"Taucorr":-0.07587974295647343},"Iteration":62},
{"Acceptance":[0.12538461538461537],"Energy":{"Mean":-8.172456514541855,"Sigma":0.34884464093772033,"Taucorr":0.22864220650146538},"EnergyVariance":{"Mean":8.16739693620138,"Sigma":1.7395989427828666,"Taucorr":0.2845125356849604},"Iteration":63},
{"Acceptance":[0.11384615384615385],"Energy":{"Mean":-8.067454612752496,"Sigma":0.2877377949655078,"Taucorr":0.19809619522294653},"EnergyVariance":{"Mean":5.788425995293845,"Sigma":1.5265037371151202,"Taucorr":0.26747260169348097},"Iteration":64},
{"Acceptance":[0.10807692307692307],"Energy":{"Mean":-8.966788249393922,"Sigma":0.5848949459171114,"Taucorr":0.39086758538607314},"EnergyVariance":{"Mean":18.761767324951027,"Sigma":8.167441146447759,"Taucorr":0.3304697264899311},"Iteration":65},
{"Acceptance":[0.11423076923076923],"Energy":{"Mean":-8.243181488398788,"Sigma":0.6253369645344523,"Taucorr":0.7189803737358575},"EnergyVariance":{"Mean":15.727491597009383,"Sigma":10.796114829315613,"Taucorr":0.35425956238646805},"Iteration":66},
{"Acceptance":[0.13692307692307693],"Energy":{"Mean":-8.544418289774033,"Sigma":0.49097832745876735,"Taucorr":0.10119181288674628},"EnergyVariance":{"Mean":19.59995632924958,"Sigma":14.59038264834482,"Taucorr":-0.010570312316028896},"Iteration":67},
{"Acceptance":[0.10192307692307692],"Energy":{"Mean":-9.19172626578764,"Sigma":0.618087983393089,"Taucorr":-0.08073450983252506},"EnergyVariance":{"Mean":51.614963503357,"Sigma":45.852430819821315,"Taucorr":0.0038681081985222354},"Iteration":68},
{"Acceptance":[0.10115384615384615],"Energy":{"Mean":-8.507142750078417,"Sigma":0.4337094962600749,"Taucorr":0.6229182360034782},"EnergyVariance":{"Mean":8.439560383213536,"Sigma":3.5286107121930357,"Taucorr":0.8633769777977183},"Iteration":69},
{"Acceptance":[0.10615384615384615],"Energy":{"Mean":-8.322777710126624,"Sigma":0.2378811898757673,"Taucorr":0.49375459446541603},"EnergyVariance":{"Mean":2.86742354921667,"Sigma":1.2583637020024412,"Taucorr":-0.004736547924515222},"Iteration":70},
{"Acceptance":[0.10346153846153847],"Energy":{"Mean":-8.15422013749339,"Sigma":0.23683302121908612,"Taucorr":-0.01166022909255432},"EnergyVariance":{"Mean":5.71908034712998,"Sigma":1.0529730590683646,"Taucorr":0.07694957164633898},"Iteration":71},
{"Acceptance":[0.10153846153846154],"Energy":{"Mean":-8.591152531788554,"Sigma":0.2860317431692825,"Taucorr":0.062001696845010446},"EnergyVariance":{"Mean":7.150385124666156,"Sigma":1.2494948123182357,"Taucorr":0.1064209919707052},"Iteration":72},
{"Acceptance":[0.10230769230769231],"Energy":{"Mean":-9.027889002894705,"Sigma":0.5407281731134452,"Taucorr":-0.03451222307010182},"EnergyVariance":{"Mean":30.707993797122015,"Sigma":20.486245189121473,"Taucorr":-0.0117676051789955},"Iteration":73},
{"Acceptance":[0.11269230769230769],"Energy":{"Mean":-8.289976505674925,"Sigma":0.273458455254608,"Taucorr":-0.03605103106426544},"EnergyVariance":{"Mean":7.999334806027051,"Sigma":2.1509126626395694,"Taucorr":0.3406040414626321},"Iteration":74},
{"Acceptance":[0.08384615384615385],"Energy":{"Mean":-8.737886570637464,"Sigma":0.4661371850897459,"Taucorr":0.5656778217139333},"EnergyVariance":{"Mean":10.359176838237005,"Sigma":4.836488343343889,"Taucorr":0.8156913371217254},"Iteration":75},
{"Acceptance":[0.08961538461538461],"Energy":{"Mean":-8.397501670499073,"Sigma":0.21577756073702709,"Taucorr":0.24213454675574997},"EnergyVariance":{"Mean":3.1055684161110024,"Sigma":0.6394142880526326,"Taucorr":0.09838604414031349},"Iteration":76},
{"Acceptance":[0.10653846153846154],"Energy":{"Mean":-8.444553450667954,"Sigma":0.290336633051547,"Taucorr":0.3166103466984145},"EnergyVariance":{"Mean":5.366535206361763,"Sigma":1.1285802606091582,"Taucorr":0.43384094703522735},"Iteration":77},
{"Acceptance":[0.09423076923076923],"Energy":{"Mean":-8.854518158542286,"Sigma":0.2359185224776144,"Taucorr":0.07168585845841857},"EnergyVariance":{"Mean":5.181755790967208,"Sigma":3.140841379615288,"Taucorr":0.008528941215431463},"Iteration":78},
{"Acceptance":[0.08423076923076923],"Energy":{"Mean":-8.780582047695644,"Sigma":0.6892468433037777,"Taucorr":0.7448160105518831},"EnergyVariance":{"Mean":19.336313235305674,"Sigma":13.334843067365199,"Taucorr":0.7509321487747151},"Iteration":79},
{"Acceptance":[0.12653846153846154],"Energy":{"Mean":-9.360183801146894,"Sigma":0.8187829625129043,"Taucorr":0.6032765747943984},"EnergyVariance":{"Mean":29.51861297349414,"Sigma":14.02062825000318,"Taucorr":0.7527900698728855},"Iteration":80},
{"Acceptance":[0.09846153846153846],"Energy":{"Mean":-8.278621198577195,"Sigma":0.23782863937837137,"Taucorr":0.011668622215507019},"EnergyVariance":{"Mean":5.377718181118954,"Sigma":1.5011739218037299,"Taucorr":-0.0372672722166601},"Iteration":81},
{"Acceptance":[0.10192307692307692],"Energy":{"Mean":-8.296116979806182,"Sigma":0.3436708170078359,"Taucorr":0.24027154476399826},"EnergyVariance":{"Mean":7.9769273995274865,"Sigma":2.7201084948372882,"Taucorr":0.024162794150160538},"Iteration":82},
{"Acceptance":[0.10730769230769231],"Energy":{"Mean":-8.931166266009956,"Sigma":0.31432840932956535,"Taucorr":0.20306383461421618},"EnergyVariance":{"Mean":7.1467918602897775,"Sigma":2.3602002840322034,"Taucorr":0.2571110928828635},"Iteration":83},
{"Acceptance":[0.11576923076923076],"Energy":{"Mean":-9.598202167736751,"Sigma":0.7160752488714596,"Taucorr":-0.005975544263095822},"EnergyVariance":{"Mean":56.71771948131007,"Sigma":43.28182219985299,"Taucorr":-0.00915354765014248},"Iteration":84},
{"Acceptance":[0.1],"Energy":{"Mean":-8.792235757935078,"Sigma":0.1829556032431509,"Taucorr":-0.10339706208865818},"EnergyVariance":{"Mean":4.436304243538531,"Sigma":1.221508823727196,"Taucorr":0.315760845184924},"Iteration":85},
{"Acceptance":[0.11961538461538461],"Energy":{"Mean":-8.916473286714467,"Sigma":0.3589896252016276,"Taucorr":0.3491643401345318},"EnergyVariance":{"Mean":7.7144286711321355,"Sigma":3.4893971565983444,"Taucorr":0.25236497225652954},"Iteration":86},
{"Acceptance":[0.12923076923076923],"Energy":{"Mean":-8.762229285691284,"Sigma":0.3120180825619173,"Taucorr":0.045260349173280257},"EnergyVariance":{"Mean":9.20612759299946,"Sigma":3.128903374414181,"Taucorr":0.16082000073995306},"Iteration":87},
{"Acceptance":[0.125],"Energy":{"Mean":-8.965501313808561,"Sigma":0.3435192647906178,"Taucorr":0.3032187858716895},"EnergyVariance":{"Mean":7.570265117180202,"Sigma":2.167433849850773,"Taucorr":0.3426291643900198},"Iteration":88},
{"Acceptance":[0.1396153846153846],"Energy":{"Mean":-8.015149608942425,"Sigma":0.2369670544070161,"Taucorr":0.011139425739456699},"EnergyVariance":{"Mean":5.680454791457388,"Sigma":1.6272175571993548,"Taucorr":0.00662323435879808},"Iteration":89},
{"Acceptance":[0.11538461538461539],"Energy":{"Mean":-9.125946715266275,"Sigma":0.26923947549661914,"Taucorr":0.24628804120318926},"EnergyVariance":{"Mean":4.866270874508464,"Sigma":1.1071558376250288,"Taucorr":0.017143158228848265},"Iteration":90},
{"Acceptance":[0.13],"Energy":{"Mean":-9.134824906436908,"Sigma":0.37952881895053253,"Taucorr":0.2023139646111265},"EnergyVariance":{"Mean":10.287045431925183,"Sigma":2.3077903303949525,"Taucorr":0.16431498200493766},"Iteration":91},
{"Acceptance":[0.12884615384615383],"Energy":{"Mean":-9.958154660056868,"Sigma":0.6337134574702049,"Taucorr":0.7062013626235095},"EnergyVariance":{"Mean":16.758541647221616,"Sigma":8.443505838229887,"Taucorr":0.7431388056239074},"Iteration":92},
{"Acceptance":[0.13538461538461538],"Energy":{"Mean":-9.120790420869197,"Sigma":0.3409487835094365,"Taucorr":0.26802058191318845},"EnergyVariance":{"Mean":7.599547182560475,"Sigma":2.6450440859588733,"Taucorr":0.32553069956417646},"Iteration":93},
{"Acceptance":[0.15115384615384617],"Energy":{"Mean":-9.483499537555092,"Sigma":0.5760865097683457,"Taucorr":0.20445910886498653},"EnergyVariance":{"Mean":24.885265867321163,"Sigma":16.813972911255,"Taucorr":0.017900105954146706},"Iteration":94},
{"Acceptance":[0.12576923076923077],"Energy":{"Mean":-8.719172832721144,"Sigma":0.2842180635645303,"Taucorr":0.2743553647996252},"EnergyVariance":{"Mean":5.231491988969546,"Sigma":1.2851331103709618,"Taucorr":0.025587415221132725},"Iteration":95},
{"Acceptance":[0.1576923076923077],"Energy":{"Mean":-9.471947820622267,"Sigma":0.38988595896615585,"Taucorr":0.25986031898396544},"EnergyVariance":{"Mean":10.163223779636512,"Sigma":1.8912684382857265,"Taucorr":0.30091850377960505},"Iteration":96},
{"Acceptance":[0.12538461538461537],"Energy":{"Mean":-8.338367869918514,"Sigma":0.2784738280233274,"Taucorr":0.17953849316989678},"EnergyVariance":{"Mean":5.662120283497355,"Sigma":1.0796516112497077,"Taucorr":0.18772337680089757},"Iteration":97},
{"Acceptance":[0.15846153846153846],"Energy":{"Mean":-9.678829361168734,"Sigma":0.3484144522745473,"Taucorr":0.14698101564434363},"EnergyVariance":{"Mean":9.921046730026356,"Sigma":1.7750518592863178,"Taucorr":0.09435758586642551},"Iteration":98},
{"Acceptance":[0.15538461538461537],"Energy":{"Mean":-8.659533793853655,"Sigma":0.30469180063673534,"Taucorr":0.07028219781635137},"EnergyVariance":{"Mean":8.308340430424114,"Sigma":2.650531024218852,"Taucorr":0.1492806521383886},"Iteration":99} 
]}
{"input": {"L": 12, "J": 1, "machine": {"type": "FFNN", "model": ["tanh", 47, 3]}, "sampler": {"type": "MetropolisHop", "d_max": 5}, "optimizer": {"type": "AdaMax", "alpha": 0.001, "beta1": 0.9, "beta2": 0.999, "epscut": 1e-07}, "VMC": {"n_samples": 100, "discarded_samples": 100, "discarded_samples_on_init": 0, "target": "energy", "method": "Gd", "diag_shift": 0.01, "use_iterative": true, "use_cholesky": true}, "n_iter": 100}}
duration: -2.908583879470825