{"Output": [
{"Acceptance":[0.8076923076923077],"Energy":{"Mean":10.073815009387165,"Sigma":0.3292653171944728,"Taucorr":0.29420459506997687},"EnergyVariance":{"Mean":6.714094769605577,"Sigma":0.8007077689180876,"Taucorr":-0.09268481550080088},"Iteration":0},
{"Acceptance":[0.7292307692307692],"Energy":{"Mean":9.790891430522612,"Sigma":0.33691151061447044,"Taucorr":0.18694956653466055},"EnergyVariance":{"Mean":8.725431877970834,"Sigma":1.2624696559639748,"Taucorr":0.11702360402950451},"Iteration":1},
{"Acceptance":[0.6553846153846153],"Energy":{"Mean":8.581550312963415,"Sigma":0.3560623863142363,"Taucorr":0.18273368286271896},"EnergyVariance":{"Mean":10.935081577069228,"Sigma":1.221522901637576,"Taucorr":-0.043123607656569196},"Iteration":2},
{"Acceptance":[0.5888461538461538],"Energy":{"Mean":8.400376090616549,"Sigma":0.3752661232900172,"Taucorr":0.08611286134230245},"EnergyVariance":{"Mean":14.614029524207286,"Sigma":1.4023649438973005,"Taucorr":-0.09348021307124238},"Iteration":3},
{"Acceptance":[0.5488461538461539],"Energy":{"Mean":7.240211862968638,"Sigma":0.3832187082990009,"Taucorr":0.06903510250108491},"EnergyVariance":{"Mean":15.610768797032087,"Sigma":1.9325489213722493,"Taucorr":0.19589442535929824},"Iteration":4},
{"Acceptance":[0.5],"Energy":{"Mean":5.606228330453899,"Sigma":0.3937727762999229,"Taucorr":0.19092606099669818},"EnergyVariance":{"Mean":14.741045463732267,"Sigma":1.5149656234184936,"Taucorr":-0.06057811490317283},"Iteration":5},
{"Acceptance":[0.46307692307692305],"Energy":{"Mean":4.74116429607437,"Sigma":0.41170430732372165,"Taucorr":0.45024504014055766},"EnergyVariance":{"Mean":13.356259055708874,"Sigma":1.5892008497972654,"Taucorr":-0.01686927344129624},"Iteration":6},
{"Acceptance":[0.43423076923076925],"Energy":{"Mean":3.6709237786616975,"Sigma":0.4579810889726969,"Taucorr":0.39025649458760336},"EnergyVariance":{"Mean":20.19060721615409,"Sigma":3.1415269394767757,"Taucorr":0.4409676213209306},"Iteration":7},
{"Acceptance":[0.3873076923076923],"Energy":{"Mean":2.7827632227834713,"Sigma":0.4208272184245732,"Taucorr":0.26600564293704443},"EnergyVariance":{"Mean":17.490066946677917,"Sigma":2.243165833897724,"Taucorr":0.14130611177196029},"Iteration":8},
{"Acceptance":[0.36923076923076925],"Energy":{"Mean":1.2610669565204762,"Sigma":0.4267953785700373,"Taucorr":0.3475815092288115},"EnergyVariance":{"Mean":17.511418657922253,"Sigma":2.205548564525871,"Taucorr":0.29471249192246984},"Iteration":9},
{"Acceptance":[0.33653846153846156],"Energy":{"Mean":0.23333139071916176,"Sigma":0.5060665163307776,"Taucorr":0.717510101749226},"EnergyVariance":{"Mean":19.155441804037373,"Sigma":4.031193923064577,"Taucorr":0.4950956673944751},"Iteration":10},
{"Acceptance":[0.3203846153846154],"Energy":{"Mean":-1.0494081684160308,"Sigma":0.298719948706734,"Taucorr":0.1820869011155961},"EnergyVariance":{"Mean":15.988776039548236,"Sigma":2.9738244062320507,"Taucorr":0.028184921998216983},"Iteration":11},
{"Acceptance":[0.2734615384615385],"Energy":{"Mean":-1.7978356755622915,"Sigma":0.35759114641001916,"Taucorr":0.4104759250141484},"EnergyVariance":{"Mean":14.780142113349333,"Sigma":2.6685799389109865,"Taucorr":0.045731709721052116},"Iteration":12},
{"Acceptance":[0.2796153846153846],"Energy":{"Mean":-2.2382107738356756,"Sigma":0.4600524740082403,"Taucorr":0.6217678607641799},"EnergyVariance":{"Mean":18.77713841615621,"Sigma":3.9610356934466413,"Taucorr":0.12357251977391537},"Iteration":13},
{"Acceptance":[0.25],"Energy":{"Mean":-3.272928648816566,"Sigma":0.25884075519847227,"Taucorr":-0.0015328853264373055},"EnergyVariance":{"Mean":13.995068579209493,"Sigma":3.454751134805272,"Taucorr":0.15958662613684726},"Iteration":14},
{"Acceptance":[0.2619230769230769],"Energy":{"Mean":-3.467560353712042,"Sigma":0.31425425553649167,"Taucorr":0.1438516275895162},"EnergyVariance":{"Mean":15.72189334289617,"Sigma":3.745098837669581,"Taucorr":0.09073040795154441},"Iteration":15},
{"Acceptance":[0.23384615384615384],"Energy":{"Mean":-4.18480701609456,"Sigma":0.37385065106828624,"Taucorr":0.30278407492855597},"EnergyVariance":{"Mean":13.357136687952536,"Sigma":2.9265238658819674,"Taucorr":0.48088550641776273},"Iteration":16},
{"Acceptance":[0.22615384615384615],"Energy":{"Mean":-4.672687898820447,"Sigma":0.43755242971157615,"Taucorr":0.5723183616797296},"EnergyVariance":{"Mean":14.06839179315254,"Sigma":3.368759841046527,"Taucorr":0.6817983530728302},"Iteration":17},
{"Acceptance":[0.22692307692307692],"Energy":{"Mean":-5.445053560362222,"Sigma":0.2605448533474976,"Taucorr":0.11862816824573164},"EnergyVariance":{"Mean":10.28128316333866,"Sigma":2.0472570863639468,"Taucorr":0.300466698402135},"Iteration":18},
{"Acceptance":[0.2073076923076923],"Energy":{"Mean":-4.780402886992782,"Sigma":0.41668166851658534,"Taucorr":0.42656363868969915},"EnergyVariance":{"Mean":18.41973018152845,"Sigma":5.2300771837371345,"Taucorr":0.46888053657552464},"Iteration":19},
{"Acceptance":[0.2173076923076923],"Energy":{"Mean":-5.39763691056121,"Sigma":0.41603599613080705,"Taucorr":0.370903137697982},"EnergyVariance":{"Mean":15.247663305380568,"Sigma":3.449180967802308,"Taucorr":0.26613812914818813},"Iteration":20},
{"Acceptance":[0.1930769230769231],"Energy":{"Mean":-6.075617841671847,"Sigma":0.4902725959172977,"Taucorr":0.7260509405793463},"EnergyVariance":{"Mean":13.724202713228989,"Sigma":3.7234547826140947,"Taucorr":0.2786875992514837},"Iteration":21},
{"Acceptance":[0.1776923076923077],"Energy":{"Mean":-6.974826235740823,"Sigma":0.3424063322042832,"Taucorr":0.4325548749090914},"EnergyVariance":{"Mean":9.85786558354139,"Sigma":2.9273388754978154,"Taucorr":0.13084151408597922},"Iteration":22},
{"Acceptance":[0.17],"Energy":{"Mean":-7.679107434295241,"Sigma":0.2622255809102232,"Taucorr":0.27067700532007066},"EnergyVariance":{"Mean":6.152806340041376,"Sigma":0.8981930740676765,"Taucorr":0.23635318096628755},"Iteration":23},
{"Acceptance":[0.1626923076923077],"Energy":{"Mean":-7.796803012249838,"Sigma":0.2718529758971183,"Taucorr":0.34394477660612044},"EnergyVariance":{"Mean":7.5830776729033325,"Sigma":2.3245246975268374,"Taucorr":0.947447184654332},"Iteration":24},
{"Acceptance":[0.18461538461538463],"Energy":{"Mean":-7.111269302871978,"Sigma":0.29673918954939094,"Taucorr":0.18119483622993016},"EnergyVariance":{"Mean":9.949022873920331,"Sigma":2.344442148239784,"Taucorr":0.28327673968409517},"Iteration":25},
{"Acceptance":[0.17576923076923076],"Energy":{"Mean":-7.7584311219569555,"Sigma":0.3355833906541073,"Taucorr":0.16387778971183875},"EnergyVariance":{"Mean":10.461109867301206,"Sigma":1.9866633094039658,"Taucorr":0.13079069153500233},"Iteration":26},
{"Acceptance":[0.17615384615384616],"Energy":{"Mean":-7.7414626931168025,"Sigma":0.21427192196905115,"Taucorr":0.08025555848226695},"EnergyVariance":{"Mean":5.713143525379845,"Sigma":1.4146212500198552,"Taucorr":0.4110633963426049},"Iteration":27},
{"Acceptance":[0.17],"Energy":{"Mean":-8.337025143054733,"Sigma":0.24000598254379013,"Taucorr":0.027342041650223692},"EnergyVariance":{"Mean":5.869154408170455,"Sigma":1.1665922460262559,"Taucorr":-0.011638741953165721},"Iteration":28},
{"Acceptance":[0.185],"Energy":{"Mean":-7.35901874981811,"Sigma":0.40394164800470705,"Taucorr":0.3394644723157616},"EnergyVariance":{"Mean":9.663365541518399,"Sigma":2.316327249252033,"Taucorr":-0.003312802789652569},"Iteration":29},
{"Acceptance":[0.18615384615384614],"Energy":{"Mean":-7.712189460222002,"Sigma":0.3440170217753378,"Taucorr":0.2909287954452846},"EnergyVariance":{"Mean":11.47503994136887,"Sigma":3.9125128957400013,"Taucorr":0.06148801795769687},"Iteration":30},
{"Acceptance":[0.16846153846153847],"Energy":{"Mean":-8.627623467639363,"Sigma":0.33202790768075674,"Taucorr":0.3837574422900131},"EnergyVariance":{"Mean":19.6072948904552,"Sigma":13.167724643252098,"Taucorr":0.4769477714231456},"Iteration":31},
{"Acceptance":[0.17846153846153845],"Energy":{"Mean":-8.328424475627518,"Sigma":0.2037854347692985,"Taucorr":0.21226157737773044},"EnergyVariance":{"Mean":2.9027866654043653,"Sigma":0.618931658431227,"Taucorr":0.15666053988110495},"Iteration":32},
{"Acceptance":[0.17],"Energy":{"Mean":-8.140281672753256,"Sigma":0.60284184067212,"Taucorr":0.45782987174953105},"EnergyVariance":{"Mean":18.761940979706562,"Sigma":8.200697306275627,"Taucorr":0.19168242811463598},"Iteration":33},
{"Acceptance":[0.17346153846153847],"Energy":{"Mean":-8.126486215136303,"Sigma":0.4820186420970187,"Taucorr":0.3381945903263076},"EnergyVariance":{"Mean":16.000909373214718,"Sigma":6.788031419332802,"Taucorr":0.1282680358963959},"Iteration":34},
{"Acceptance":[0.1473076923076923],"Energy":{"Mean":-8.634274060846876,"Sigma":0.37389989298674664,"Taucorr":0.1351006142112977},"EnergyVariance":{"Mean":12.311763201394951,"Sigma":4.905691663202583,"Taucorr":0.03260524808953613},"Iteration":35},
{"Acceptance":[0.1396153846153846],"Energy":{"Mean":-9.296875322405645,"Sigma":0.392062676945927,"Taucorr":0.29331944935366494},"EnergyVariance":{"Mean":14.849799637762361,"Sigma":6.580695957120191,"Taucorr":0.5111227907988691},"Iteration":36},
{"Acceptance":[0.1276923076923077],"Energy":{"Mean":-8.732705066118656,"Sigma":0.3422498029489613,"Taucorr":0.4575812560906436},"EnergyVariance":{"Mean":6.051431400704177,"Sigma":1.880996484222232,"Taucorr":0.027669402652805042},"Iteration":37},
{"Acceptance":[0.14115384615384616],"Energy":{"Mean":-8.89310961484397,"Sigma":0.298181247116362,"Taucorr":0.3660696821668814},"EnergyVariance":{"Mean":5.349803668455892,"Sigma":1.6734225260014195,"Taucorr":0.2776824439142024},"Iteration":38},
{"Acceptance":[0.16153846153846155],"Energy":{"Mean":-9.010607184009512,"Sigma":0.2403153072971665,"Taucorr":0.19263288718491234},"EnergyVariance":{"Mean":4.282603541705415,"Sigma":0.9031397284669131,"Taucorr":0.7139715816778203},"Iteration":39},
{"Acceptance":[0.13038461538461538],"Energy":{"Mean":-8.69746211131074,"Sigma":0.2710331442275308,"Taucorr":0.0974316933896715},"EnergyVariance":{"Mean":6.524782735766657,"Sigma":1.6791459819776602,"Taucorr":0.23442062554640686},"Iteration":40},
{"Acceptance":[0.14576923076923076],"Energy":{"Mean":-9.066818111202126,"Sigma":0.516842224728156,"Taucorr":0.40149707474744567},"EnergyVariance":{"Mean":17.239675702823956,"Sigma":4.619548939428825,"Taucorr":0.39987387777007155},"Iteration":41},
{"Acceptance":[0.1596153846153846],"Energy":{"Mean":-8.342173570653149,"Sigma":0.6453655360769064,"Taucorr":0.40295415515623334},"EnergyVariance":{"Mean":29.176810495924013,"Sigma":16.70173768305956,"Taucorr":0.39802444567813144},"Iteration":42},
{"Acceptance":[0.1296153846153846],"Energy":{"Mean":-9.097651469351506,"Sigma":0.3259848283863876,"Taucorr":0.08826327299103376},"EnergyVariance":{"Mean":11.776272468053204,"Sigma":4.3899675923629085,"Taucorr":-0.008718070524546817},"Iteration":43},
{"Acceptance":[0.12615384615384614],"Energy":{"Mean":-9.243408088768179,"Sigma":0.3620624561490825,"Taucorr":0.2524304760508297},"EnergyVariance":{"Mean":11.839450272133991,"Sigma":4.960668782594161,"Taucorr":0.19934690011464773},"Iteration":44},
{"Acceptance":[0.13538461538461538],"Energy":{"Mean":-8.47814137986119,"Sigma":0.3489175445987113,"Taucorr":0.10486917554299646},"EnergyVariance":{"Mean":10.712956178976096,"Sigma":5.337847253151966,"Taucorr":0.07599743665077363},"Iteration":45},
{"Acceptance":[0.14923076923076922],"Energy":{"Mean":-9.229033087613857,"Sigma":0.2751787021912368,"Taucorr":0.5569799866131511},"EnergyVariance":{"Mean":3.541971593653757,"Sigma":1.1619282242874003,"Taucorr":0.624149407545409},"Iteration":46},
{"Acceptance":[0.13653846153846153],"Energy":{"Mean":-8.990449269598423,"Sigma":0.2227772368350969,"Taucorr":-0.05009383653470184},"EnergyVariance":{"Mean":5.731839798752226,"Sigma":2.3083599671670867,"Taucorr":0.42046632889745905},"Iteration":47},
{"Acceptance":[0.12846153846153846],"Energy":{"Mean":-9.262404471281876,"Sigma":0.2747373419073282,"Taucorr":0.20382558253209238},"EnergyVariance":{"Mean":5.755737902627566,"Sigma":1.3092875357884226,"Taucorr":0.3027023285947742},"Iteration":48},
{"Acceptance":[0.11884615384615385],"Energy":{"Mean":-8.943443306536583,"Sigma":0.31630858691755015,"Taucorr":0.08357512167212866},"EnergyVariance":{"Mean":8.408907898253274,"Sigma":4.1451661234805055,"Taucorr":0.31831650180030235},"Iteration":49},
{"Acceptance":[0.14038461538461539],"Energy":{"Mean":-8.745912767502238,"Sigma":0.2372000657947563,"Taucorr":-0.09047135493292813},"EnergyVariance":{"Mean":7.122345239221184,"Sigma":2.1953151606944004,"Taucorr":0.666908987649383},"Iteration":50},
{"Acceptance":[0.13384615384615384],"Energy":{"Mean":-9.307089048988813,"Sigma":0.17390027306476077,"Taucorr":0.06676630829713293},"EnergyVariance":{"Mean":2.672396813315699,"Sigma":0.6138314569458556,"Taucorr":0.25201232588005995},"Iteration":51},
{"Acceptance":[0.1276923076923077],"Energy":{"Mean":-9.045810836388277,"Sigma":0.23753706176527012,"Taucorr":-0.21574438422120096},"EnergyVariance":{"Mean":10.257774923999937,"Sigma":2.460720464216261,"Taucorr":0.04337204037401343},"Iteration":52},
{"Acceptance":[0.12692307692307692],"Energy":{"Mean":-9.219565633756702,"Sigma":0.47619342524947034,"Taucorr":0.30906777640419913},"EnergyVariance":{"Mean":23.640096826932567,"Sigma":19.557292448091776,"Taucorr":0.04111602586265484},"Iteration":53},
{"Acceptance":[0.13115384615384615],"Energy":{"Mean":-9.23949614392629,"Sigma":0.2621701096865968,"Taucorr":0.167212595422502},"EnergyVariance":{"Mean":6.134975964107243,"Sigma":2.056188724256831,"Taucorr":0.15371806272823418},"Iteration":54},
{"Acceptance":[0.11615384615384615],"Energy":{"Mean":-8.63401324707696,"Sigma":0.39270754616981096,"Taucorr":0.6456739454165075},"EnergyVariance":{"Mean":6.98358439122853,"Sigma":2.984799769015119,"Taucorr":0.3610346140118855},"Iteration":55},
{"Acceptance":[0.12538461538461537],"Energy":{"Mean":-9.163869605649104,"Sigma":0.2814920919500624,"Taucorr":0.04837476936735352},"EnergyVariance":{"Mean":7.762181126356522,"Sigma":2.9456923945901257,"Taucorr":0.11143174900351627},"Iteration":56},
{"Acceptance":[0.12846153846153846],"Energy":{"Mean":-9.486798121338568,"Sigma":0.2812592291409698,"Taucorr":0.06052502113006897},"EnergyVariance":{"Mean":7.135707760324321,"Sigma":4.241920429359816,"Taucorr":0.049362928226236114},"Iteration":57},
{"Acceptance":[0.12538461538461537],"Energy":{"Mean":-8.695229137241219,"Sigma":0.28589954420313146,"Taucorr":-0.07407010662317498},"EnergyVariance":{"Mean":12.478887331265387,"Sigma":6.067042614591877,"Taucorr":0.085684293207834},"Iteration":58},
{"Acceptance":[0.1176923076923077],"Energy":{"Mean":-8.86040311586173,"Sigma":0.1899478098741648,"Taucorr":0.16653738899209647},"EnergyVariance":{"Mean":2.6619853265108087,"Sigma":0.7327474414326525,"Taucorr":0.10868871703717764},"Iteration":59},
{"Acceptance":[0.1396153846153846],"Energy":{"Mean":-10.169668095299198,"Sigma":0.4089525489686059,"Taucorr":-0.173246579307197},"EnergyVariance":{"Mean":24.65195963628306,"Sigma":13.381762112013945,"Taucorr":-0.004490182253981068},"Iteration":60},
{"Acceptance":[0.11538461538461539],"Energy":{"Mean":-9.553208995432646,"Sigma":0.2096175957066184,"Taucorr":0.15154273354542347},"EnergyVariance":{"Mean":3.482203288424248,"Sigma":1.0307065842519991,"Taucorr":0.6530947803844294},"Iteration":61},
{"Acceptance":[0.1226923076923077],"Energy":{"Mean":-8.619636199353556,"Sigma":0.23204266635828494,"Taucorr":0.20734702971389107},"EnergyVariance":{"Mean":3.985232850064943,"Sigma":1.1799326855454477,"Taucorr":0.27290374773703796},"Iteration":62},
{"Acceptance":[0.12615384615384614],"Energy":{"Mean":-8.451673257911619,"Sigma":0.2934316571936332,"Taucorr":-0.051446729401929014},"EnergyVariance":{"Mean":11.35664484230468,"Sigma":4.975374980297758,"Taucorr":-0.01615884663212175},"Iteration":63},
{"Acceptance":[0.105],"Energy":{"Mean":-9.115770818304217,"Sigma":0.39290058597775535,"Taucorr":0.7700535517349705},"EnergyVariance":{"Mean":6.209231816118844,"Sigma":3.2490067301485555,"Taucorr":0.5875065076660948},"Iteration":64},
{"Acceptance":[0.13076923076923078],"Energy":{"Mean":-9.536915996523764,"Sigma":0.2355236469529574,"Taucorr":-0.11093346326425435},"EnergyVariance":{"Mean":7.111252973633552,"Sigma":2.39183296163464,"Taucorr":0.049674130331043176},"Iteration":65},
{"Acceptance":[0.12576923076923077],"Energy":{"Mean":-9.334576706134177,"Sigma":0.21297191936711915,"Taucorr":0.46567809439125296},"EnergyVariance":{"Mean":2.329188689832724,"Sigma":0.4782229962267944,"Taucorr":0.19691912176575133},"Iteration":66},
{"Acceptance":[0.12692307692307692],"Energy":{"Mean":-9.355959006930945,"Sigma":0.31190935384629187,"Taucorr":0.11725234144687124},"EnergyVariance":{"Mean":9.555657503061216,"Sigma":6.344625769819752,"Taucorr":0.029615405739298772},"Iteration":67},
{"Acceptance":[0.125],"Energy":{"Mean":-9.786158413162521,"Sigma":0.311458453838231,"Taucorr":0.34507055818860644},"EnergyVariance":{"Mean":7.5378767752526645,"Sigma":3.4292800753754347,"Taucorr":0.4514866419869412},"Iteration":68},
{"Acceptance":[0.11576923076923076],"Energy":{"Mean":-9.311561346998296,"Sigma":0.20080479853615293,"Taucorr":0.0656870029822948},"EnergyVariance":{"Mean":4.496663936344459,"Sigma":2.162848031517099,"Taucorr":0.03832638276696421},"Iteration":69},
{"Acceptance":[0.13538461538461538],"Energy":{"Mean":-9.570823568757989,"Sigma":0.3181466466109315,"Taucorr":0.12491030895019617},"EnergyVariance":{"Mean":9.988512068431863,"Sigma":4.066020615299427,"Taucorr":-0.007625817032497206},"Iteration":70},
{"Acceptance":[0.135],"Energy":{"Mean":-9.723201289435004,"Sigma":0.24765329448550744,"Taucorr":0.1189828628435522},"EnergyVariance":{"Mean":5.085239097029213,"Sigma":1.0554024373333,"Taucorr":0.19089358319346084},"Iteration":71},
{"Acceptance":[0.11884615384615385],"Energy":{"Mean":-9.38250960621578,"Sigma":0.1686731124020202,"Taucorr":-0.023337199138375453},"EnergyVariance":{"Mean":3.2838842775630614,"Sigma":1.0645469767789744,"Taucorr":0.41805109975013444},"Iteration":72},
{"Acceptance":[0.15576923076923077],"Energy":{"Mean":-9.319131237213576,"Sigma":0.37102489671228844,"Taucorr":0.04263352355337846},"EnergyVariance":{"Mean":14.052524836572164,"Sigma":5.503180169650354,"Taucorr":0.07546275742074404},"Iteration":73},
{"Acceptance":[0.14038461538461539],"Energy":{"Mean":-8.947661636723648,"Sigma":0.18085845017294533,"Taucorr":0.19791115977644724},"EnergyVariance":{"Mean":2.2785900530670684,"Sigma":0.5106038953618153,"Taucorr":0.1354609381079942},"Iteration":74},
{"Acceptance":[0.15730769230769232],"Energy":{"Mean":-9.370496147395313,"Sigma":0.2699955606653585,"Taucorr":0.25007476491973146},"EnergyVariance":{"Mean":4.760059189946232,"Sigma":1.5424797407012676,"Taucorr":0.20552708118688545},"Iteration":75},
{"Acceptance":[0.12692307692307692],"Energy":{"Mean":-9.438564066651844,"Sigma":0.21849419863736375,"Taucorr":0.29688003432311894},"EnergyVariance":{"Mean":2.9280126635015336,"Sigma":0.6569260652341241,"Taucorr":0.22788392377663425},"Iteration":76},
{"Acceptance":[0.14807692307692308],"Energy":{"Mean":-9.635973506125538,"Sigma":0.4195737786510446,"Taucorr":0.20415478049621993},"EnergyVariance":{"Mean":13.554505532219356,"Sigma":8.369158666246085,"Taucorr":0.6020081091328044},"Iteration":77},
{"Acceptance":[0.1503846153846154],"Energy":{"Mean":-9.0897040344283,"Sigma":0.23414626792368198,"Taucorr":0.28988478190765954},"EnergyVariance":{"Mean":3.4472908380402125,"Sigma":0.6773891264275329,"Taucorr":0.36612410215285285},"Iteration":78},
{"Acceptance":[0.15115384615384617],"Energy":{"Mean":-9.527405470151956,"Sigma":0.2305656784792095,"Taucorr":0.061406137785527504},"EnergyVariance":{"Mean":4.832848492961922,"Sigma":1.1545750663862375,"Taucorr":-0.014925760820193534},"Iteration":79},
{"Acceptance":[0.15615384615384614],"Energy":{"Mean":-8.83227826446193,"Sigma":0.32805246048300674,"Taucorr":0.4051400446496547},"EnergyVariance":{"Mean":8.095642163230885,"Sigma":2.357311505033083,"Taucorr":0.3885483871705503},"Iteration":80},
{"Acceptance":[0.15576923076923077],"Energy":{"Mean":-9.13733792539468,"Sigma":0.5013769092183391,"Taucorr":0.008374222126676822},"EnergyVariance":{"Mean":27.896998437180766,"Sigma":22.953086822166807,"Taucorr":0.003530724814539421},"Iteration":81},
{"Acceptance":[0.16653846153846155],"Energy":{"Mean":-9.692753357527955,"Sigma":0.205095790362387,"Taucorr":-0.09330777060778961},"EnergyVariance":{"Mean":5.572152475297918,"Sigma":1.610224913039045,"Taucorr":-0.011978744350937931},"Iteration":82},
{"Acceptance":[0.16076923076923078],"Energy":{"Mean":-8.388961278917517,"Sigma":0.2670448770813049,"Taucorr":0.20408095206290944},"EnergyVariance":{"Mean":5.339845181320709,"Sigma":1.0955683605569737,"Taucorr":0.006743151365280142},"Iteration":83},
{"Acceptance":[0.14192307692307693],"Energy":{"Mean":-10.298784449880277,"Sigma":0.4200720089760938,"Taucorr":0.3431910114221881},"EnergyVariance":{"Mean":10.565556282189021,"Sigma":4.68147423240587,"Taucorr":0.537186650204911},"Iteration":84},
{"Acceptance":[0.1503846153846154],"Energy":{"Mean":-9.730300332955297,"Sigma":0.20741886210202082,"Taucorr":0.344794372911424},"EnergyVariance":{"Mean":2.5447737309486915,"Sigma":0.6409392238510363,"Taucorr":0.3282784796004604},"Iteration":85},
{"Acceptance":[0.16076923076923078],"Energy":{"Mean":-9.561214286277865,"Sigma":0.2699334814365501,"Taucorr":0.2587002641760041},"EnergyVariance":{"Mean":5.081447457125336,"Sigma":1.1004937340027274,"Taucorr":0.5311113011447965},"Iteration":86},
{"Acceptance":[0.1646153846153846],"Energy":{"Mean":-8.938164125040267,"Sigma":0.5087779377877121,"Taucorr":0.4599462588744606},"EnergyVariance":{"Mean":19.760490414306165,"Sigma":8.581643225570902,"Taucorr":0.12200656117816522},"Iteration":87},
{"Acceptance":[0.15730769230769232],"Energy":{"Mean":-9.427199373607808,"Sigma":0.17663205142097338,"Taucorr":-0.081465242895708},"EnergyVariance":{"Mean":3.675465817621601,"Sigma":0.8642708832240933,"Taucorr":0.31876585789988654},"Iteration":88},
{"Acceptance":[0.165],"Energy":{"Mean":-9.920812007057426,"Sigma":0.29779465215316653,"Taucorr":0.26313707357200045},"EnergyVariance":{"Mean":5.877491337741891,"Sigma":1.330954267862526,"Taucorr":0.0835306811348171},"Iteration":89},
{"Acceptance":[0.15576923076923077],"Energy":{"Mean":-9.318929322618848,"Sigma":0.2204023760855842,"Taucorr":0.09690729239694296},"EnergyVariance":{"Mean":4.317392395835987,"Sigma":0.7507370480218958,"Taucorr":0.3748718604887592},"Iteration":90},
{"Acceptance":[0.1473076923076923],"Energy":{"Mean":-9.92606706050674,"Sigma":0.5134647925207808,"Taucorr":0.17681376061824572},"EnergyVariance":{"Mean":23.598667853040954,"Sigma":10.247407764574762,"Taucorr":0.021093251605540764},"Iteration":91},
{"Acceptance":[0.15538461538461537],"Energy":{"Mean":-10.014632323903399,"Sigma":0.4369255863526187,"Taucorr":0.1846960619941016},"EnergyVariance":{"Mean":16.554327003095676,"Sigma":11.053904617670721,"Taucorr":0.004179339686606776},"Iteration":92},
{"Acceptance":[0.16692307692307692],"Energy":{"Mean":-9.629655021382096,"Sigma":0.24582689854471765,"Taucorr":0.360026796930478},"EnergyVariance":{"Mean":3.684529984008661,"Sigma":0.6252107425928537,"Taucorr":0.07235716860601671},"Iteration":93},
{"Acceptance":[0.17038461538461538],"Energy":{"Mean":-9.460404245812448,"Sigma":0.24755513878326804,"Taucorr":-0.10748862355277544},"EnergyVariance":{"Mean":7.920353831684649,"Sigma":3.2462966436263896,"Taucorr":0.16477331222625213},"Iteration":94},
{"Acceptance":[0.16384615384615384],"Energy":{"Mean":-9.164294061194003,"Sigma":0.3035983862346481,"Taucorr":0.22558459029106925},"EnergyVariance":{"Mean":6.853428039987243,"Sigma":1.5303569443170766,"Taucorr":0.06303259802600125},"Iteration":95},
{"Acceptance":[0.16923076923076924],"Energy":{"Mean":-10.063888557066596,"Sigma":0.3102338473196634,"Taucorr":0.026796463345376553},"EnergyVariance":{"Mean":11.018593959669781,"Sigma":3.407029039549607,"Taucorr":0.06617869615243199},"Iteration":96},
{"Acceptance":[0.1646153846153846],"Energy":{"Mean":-9.583529748551818,"Sigma":0.3340543703244469,"Taucorr":0.15871511368555724},"EnergyVariance":{"Mean":10.210413286547052,"Sigma":3.7120427445194393,"Taucorr":0.16334648166794885},"Iteration":97},
{"Acceptance":[0.1726923076923077],"Energy":{"Mean":-9.256693971240773,"Sigma":0.21088534056372304,"Taucorr":-0.13212648665592241},"EnergyVariance":{"Mean":8.816938307835883,"Sigma":4.052708719923203,"Taucorr":0.3637887747951446},"Iteration":98},
{"Acceptance":[0.16076923076923078],"Energy":{"Mean":-9.582346444972561,"Sigma":0.3632067971354827,"Taucorr":-0.17369263162707288},"EnergyVariance":{"Mean":20.150254804716685,"Sigma":11.845185911060055,"Taucorr":0.05137034945321384},"Iteration":99} 
]}
{"input": {"L": 12, "J": 1, "machine": {"type": "FFNN", "model": ["tanh", 48, 4]}, "sampler": {"type": "MetropolisHop", "d_max": 5}, "optimizer": {"type": "AdaMax", "alpha": 0.001, "beta1": 0.9, "beta2": 0.999, "epscut": 1e-07}, "VMC": {"n_samples": 100, "discarded_samples": 100, "discarded_samples_on_init": 0, "target": "energy", "method": "Gd", "diag_shift": 0.01, "use_iterative": true, "use_cholesky": true}, "n_iter": 100}}
duration: -5.502169370651245