{"Output": [
{"Acceptance":[0.977],"Energy":{"Mean":12.761221489950422,"Sigma":0.27256254018848575,"Taucorr":0.08743820641602496},"EnergyVariance":{"Mean":6.025019420302441,"Sigma":0.7909276759445382,"Taucorr":0.0142051808149819},"Iteration":0},
{"Acceptance":[0.9723333333333334],"Energy":{"Mean":12.10158173774843,"Sigma":0.3920770704252841,"Taucorr":0.30181910244734234},"EnergyVariance":{"Mean":9.127435062937892,"Sigma":1.3272114581563343,"Taucorr":0.004108183198749726},"Iteration":1},
{"Acceptance":[0.9653333333333334],"Energy":{"Mean":12.44834599083945,"Sigma":0.2237962707153923,"Taucorr":-0.15990329810330284},"EnergyVariance":{"Mean":7.019435826620672,"Sigma":1.2945489202926943,"Taucorr":-0.10264524653190032},"Iteration":2},
{"Acceptance":[0.9733333333333334],"Energy":{"Mean":12.976989021341957,"Sigma":0.27307543753741137,"Taucorr":0.08515074786540278},"EnergyVariance":{"Mean":6.075807234926158,"Sigma":0.7316831101805175,"Taucorr":-0.12258184300766434},"Iteration":3},
{"Acceptance":[0.9676666666666667],"Energy":{"Mean":12.901612120460642,"Sigma":0.2187480105185511,"Taucorr":-0.21580368215739154},"EnergyVariance":{"Mean":8.016251587571547,"Sigma":1.3234228047657919,"Taucorr":0.08320073961294394},"Iteration":4},
{"Acceptance":[0.9716666666666667],"Energy":{"Mean":12.575761342709729,"Sigma":0.3433634869379805,"Taucorr":0.1311636798436745},"EnergyVariance":{"Mean":8.897914518788815,"Sigma":1.2521521257814054,"Taucorr":-0.1288355052658407},"Iteration":5},
{"Acceptance":[0.962],"Energy":{"Mean":12.017281707656027,"Sigma":0.27270266220605,"Taucorr":-0.024027846463888114},"EnergyVariance":{"Mean":7.456543393139927,"Sigma":1.3105660543347242,"Taucorr":0.009658680096731875},"Iteration":6},
{"Acceptance":[0.973],"Energy":{"Mean":13.207386480209172,"Sigma":0.2485573415557861,"Taucorr":-0.017124586694815203},"EnergyVariance":{"Mean":6.105979967248785,"Sigma":0.8130400822630587,"Taucorr":-0.026766266876586453},"Iteration":7},
{"Acceptance":[0.9703333333333334],"Energy":{"Mean":12.687661703795223,"Sigma":0.2633690427260206,"Taucorr":-0.09297127095420826},"EnergyVariance":{"Mean":8.131539729193058,"Sigma":1.266994590995885,"Taucorr":0.26854809477300934},"Iteration":8},
{"Acceptance":[0.978],"Energy":{"Mean":12.280077808378342,"Sigma":0.3160548696037896,"Taucorr":0.18137199967560358},"EnergyVariance":{"Mean":7.000926190550654,"Sigma":0.9108935558648072,"Taucorr":-0.11305392390529112},"Iteration":9},
{"Acceptance":[0.9626666666666667],"Energy":{"Mean":12.33758715174113,"Sigma":0.31213976296667306,"Taucorr":0.2538267961756263},"EnergyVariance":{"Mean":6.185416516440745,"Sigma":0.9727525907663436,"Taucorr":-0.10169078154536526},"Iteration":10},
{"Acceptance":[0.971],"Energy":{"Mean":12.139112764726864,"Sigma":0.2724100633104486,"Taucorr":-0.011773636593433445},"EnergyVariance":{"Mean":7.2700054453104554,"Sigma":0.9274208120304117,"Taucorr":-0.05217379480321244},"Iteration":11},
{"Acceptance":[0.962],"Energy":{"Mean":12.450766220087761,"Sigma":0.3139571429207853,"Taucorr":0.0435925271800629},"EnergyVariance":{"Mean":8.663208484942585,"Sigma":0.9642163202616473,"Taucorr":-0.2083542688282557},"Iteration":12},
{"Acceptance":[0.959],"Energy":{"Mean":12.332006439287795,"Sigma":0.3764058429634403,"Taucorr":0.2881862194544146},"EnergyVariance":{"Mean":8.593037555113312,"Sigma":1.1702879898838232,"Taucorr":-0.05681243496964217},"Iteration":13},
{"Acceptance":[0.9646666666666667],"Energy":{"Mean":12.389903943224496,"Sigma":0.27280715642144454,"Taucorr":-0.07250555671185727},"EnergyVariance":{"Mean":8.331814632425104,"Sigma":0.9750078230605658,"Taucorr":-0.01885183163858478},"Iteration":14},
{"Acceptance":[0.966],"Energy":{"Mean":11.591694530859126,"Sigma":0.31390853313864675,"Taucorr":0.19669210980822172},"EnergyVariance":{"Mean":6.788697381759495,"Sigma":0.9692850130104065,"Taucorr":0.002077330859222015},"Iteration":15},
{"Acceptance":[0.964],"Energy":{"Mean":12.224839968483215,"Sigma":0.34324089413316294,"Taucorr":0.20416739663988148},"EnergyVariance":{"Mean":8.016049337856453,"Sigma":0.9486241999414844,"Taucorr":-0.10939529674828474},"Iteration":16},
{"Acceptance":[0.9593333333333334],"Energy":{"Mean":12.39053978929188,"Sigma":0.2883726721000535,"Taucorr":-0.03921590794910523},"EnergyVariance":{"Mean":8.632957454078092,"Sigma":1.343876569706362,"Taucorr":-0.03322553133695244},"Iteration":17},
{"Acceptance":[0.9646666666666667],"Energy":{"Mean":12.572667757385801,"Sigma":0.2438970857898678,"Taucorr":-0.07994658092839957},"EnergyVariance":{"Mean":6.801931837586512,"Sigma":0.563721068730049,"Taucorr":-0.2400446215066997},"Iteration":18},
{"Acceptance":[0.9636666666666667],"Energy":{"Mean":12.12921398268818,"Sigma":0.24302990065584426,"Taucorr":-0.1021023269723933},"EnergyVariance":{"Mean":7.12217506842889,"Sigma":0.8992843846806592,"Taucorr":-0.10293643576916711},"Iteration":19},
{"Acceptance":[0.959],"Energy":{"Mean":12.291768366826249,"Sigma":0.33009138106171,"Taucorr":0.20366898857432691},"EnergyVariance":{"Mean":7.419468142659441,"Sigma":0.8420563805163938,"Taucorr":-0.03871152001879191},"Iteration":20},
{"Acceptance":[0.9593333333333334],"Energy":{"Mean":11.95431920145482,"Sigma":0.29346239407840297,"Taucorr":0.09507182525220792},"EnergyVariance":{"Mean":6.965712434736172,"Sigma":0.9502932503580711,"Taucorr":-0.0255002932336324},"Iteration":21},
{"Acceptance":[0.9683333333333334],"Energy":{"Mean":11.713354528313571,"Sigma":0.30284897724232507,"Taucorr":0.154182550781073},"EnergyVariance":{"Mean":6.732320477311519,"Sigma":1.174286716280961,"Taucorr":0.18015159334991349},"Iteration":22},
{"Acceptance":[0.9606666666666667],"Energy":{"Mean":12.074188349718543,"Sigma":0.19100833891156274,"Taucorr":-0.2580715486588876},"EnergyVariance":{"Mean":7.237691848856669,"Sigma":0.9931865141598423,"Taucorr":-0.13181340571664213},"Iteration":23},
{"Acceptance":[0.958],"Energy":{"Mean":12.373746620021613,"Sigma":0.3042230256344908,"Taucorr":0.19305392273959587},"EnergyVariance":{"Mean":6.4336866042229035,"Sigma":1.022111558391627,"Taucorr":0.1530503768818683},"Iteration":24},
{"Acceptance":[0.9606666666666667],"Energy":{"Mean":12.20030432399962,"Sigma":0.2895748250392671,"Taucorr":-0.013747173109399491},"EnergyVariance":{"Mean":8.308271873191174,"Sigma":0.9150177854193194,"Taucorr":-0.15406256233014548},"Iteration":25},
{"Acceptance":[0.96],"Energy":{"Mean":12.01142091153053,"Sigma":0.3572367958921805,"Taucorr":0.20549621258711448},"EnergyVariance":{"Mean":8.681777442595855,"Sigma":1.5194091956709055,"Taucorr":0.1437581695183081},"Iteration":26},
{"Acceptance":[0.9593333333333334],"Energy":{"Mean":11.856374769029381,"Sigma":0.2999277252561331,"Taucorr":0.07047793099610677},"EnergyVariance":{"Mean":7.581141647003513,"Sigma":0.9806037128721217,"Taucorr":-0.09730903641673716},"Iteration":27},
{"Acceptance":[0.9606666666666667],"Energy":{"Mean":11.820748782447499,"Sigma":0.3205348499686363,"Taucorr":0.16281009138584301},"EnergyVariance":{"Mean":7.48632965269106,"Sigma":0.9498376398591215,"Taucorr":0.06165441522499504},"Iteration":28},
{"Acceptance":[0.964],"Energy":{"Mean":12.258753640298512,"Sigma":0.368407982288923,"Taucorr":0.3305983387915755},"EnergyVariance":{"Mean":7.886201887518216,"Sigma":1.1440347074666175,"Taucorr":-0.04017493667542871},"Iteration":29},
{"Acceptance":[0.9636666666666667],"Energy":{"Mean":12.644525855983819,"Sigma":0.2741498576064953,"Taucorr":-0.03386212091693663},"EnergyVariance":{"Mean":7.779179686540889,"Sigma":1.0018241927603606,"Taucorr":-0.031007482907969175},"Iteration":30},
{"Acceptance":[0.9583333333333334],"Energy":{"Mean":12.310456763782822,"Sigma":0.3327555064530881,"Taucorr":0.10621949742966486},"EnergyVariance":{"Mean":8.837311131668942,"Sigma":1.2993570874767448,"Taucorr":-0.07386814196675578},"Iteration":31},
{"Acceptance":[0.966],"Energy":{"Mean":12.0413676366761,"Sigma":0.31320242369529927,"Taucorr":0.20692411972553215},"EnergyVariance":{"Mean":6.730223078876479,"Sigma":1.01997057490897,"Taucorr":0.0006771528068523214},"Iteration":32},
{"Acceptance":[0.9643333333333334],"Energy":{"Mean":11.913013429805275,"Sigma":0.24911550281502426,"Taucorr":-0.04021428457064141},"EnergyVariance":{"Mean":6.569263029654545,"Sigma":0.8168933228303124,"Taucorr":-0.034005972978125965},"Iteration":33},
{"Acceptance":[0.9543333333333334],"Energy":{"Mean":12.493700097441332,"Sigma":0.2945488305068996,"Taucorr":-0.01543934563525623},"EnergyVariance":{"Mean":8.637871969231464,"Sigma":1.0897616519176703,"Taucorr":-0.01851369442744144},"Iteration":34},
{"Acceptance":[0.9573333333333334],"Energy":{"Mean":12.197046331951183,"Sigma":0.27392211933179894,"Taucorr":-0.00645508690492963},"EnergyVariance":{"Mean":7.387005201387462,"Sigma":1.05010572992101,"Taucorr":0.14174597225957142},"Iteration":35},
{"Acceptance":[0.9593333333333334],"Energy":{"Mean":12.543497095545955,"Sigma":0.26829171256018425,"Taucorr":0.05815822849635577},"EnergyVariance":{"Mean":6.273671086345382,"Sigma":0.7290133273716126,"Taucorr":-0.07708856464846181},"Iteration":36},
{"Acceptance":[0.961],"Energy":{"Mean":12.477031217714392,"Sigma":0.28255616194659056,"Taucorr":0.009840058365649385},"EnergyVariance":{"Mean":7.59216732388621,"Sigma":1.1994398199392418,"Taucorr":0.05312960005372436},"Iteration":37},
{"Acceptance":[0.9603333333333334],"Energy":{"Mean":11.865515526978234,"Sigma":0.3063695604644029,"Taucorr":0.18945015636890772},"EnergyVariance":{"Mean":6.664697454051853,"Sigma":1.3021756704535925,"Taucorr":0.17071862919862324},"Iteration":38},
{"Acceptance":[0.9573333333333334],"Energy":{"Mean":12.286527492672812,"Sigma":0.2555739270642286,"Taucorr":-0.017473941287642458},"EnergyVariance":{"Mean":6.635283606739726,"Sigma":1.1083450148911373,"Taucorr":-0.01264633824173328},"Iteration":39},
{"Acceptance":[0.9626666666666667],"Energy":{"Mean":12.052979616313353,"Sigma":0.23653964322950544,"Taucorr":-0.11142842591252011},"EnergyVariance":{"Mean":7.008567847579488,"Sigma":1.3584874253935442,"Taucorr":0.10554641221449523},"Iteration":40},
{"Acceptance":[0.9533333333333334],"Energy":{"Mean":12.815746574869918,"Sigma":0.2758558153835209,"Taucorr":-0.018336450965149242},"EnergyVariance":{"Mean":7.6651482665306805,"Sigma":1.0702549329178066,"Taucorr":-0.013814058852477828},"Iteration":41},
{"Acceptance":[0.957],"Energy":{"Mean":11.894159283163654,"Sigma":0.2750001321105107,"Taucorr":0.08222602766769949},"EnergyVariance":{"Mean":6.353675905264111,"Sigma":0.9951073580624838,"Taucorr":0.08533461106696638},"Iteration":42},
{"Acceptance":[0.9636666666666667],"Energy":{"Mean":11.994839547494417,"Sigma":0.30129307083283746,"Taucorr":0.04800178207185657},"EnergyVariance":{"Mean":8.128601261577074,"Sigma":1.0494549893657106,"Taucorr":-0.07289845264992367},"Iteration":43},
{"Acceptance":[0.9566666666666667],"Energy":{"Mean":12.89945860775891,"Sigma":0.34647750154395973,"Taucorr":0.1255840814700987},"EnergyVariance":{"Mean":9.330330888239608,"Sigma":1.3789035591707766,"Taucorr":0.14353044963233252},"Iteration":44},
{"Acceptance":[0.9503333333333334],"Energy":{"Mean":12.22091261672302,"Sigma":0.3331746462766219,"Taucorr":0.225280715548425},"EnergyVariance":{"Mean":7.454880154056616,"Sigma":1.3846418867532708,"Taucorr":0.2102346127630791},"Iteration":45},
{"Acceptance":[0.9636666666666667],"Energy":{"Mean":12.388206809319716,"Sigma":0.3035393404623214,"Taucorr":0.0019994710636975777},"EnergyVariance":{"Mean":8.931981953200994,"Sigma":1.0163305645677667,"Taucorr":-0.19033986919830959},"Iteration":46},
{"Acceptance":[0.9606666666666667],"Energy":{"Mean":12.177656221431697,"Sigma":0.2202892085434079,"Taucorr":-0.07913870817703328},"EnergyVariance":{"Mean":5.76134994832244,"Sigma":0.7142787433679385,"Taucorr":-0.06977510725165798},"Iteration":47},
{"Acceptance":[0.9526666666666667],"Energy":{"Mean":12.453440268397888,"Sigma":0.30486631284540244,"Taucorr":0.05890588499265015},"EnergyVariance":{"Mean":8.148308636141673,"Sigma":0.9695572661458653,"Taucorr":-0.10237360258261169},"Iteration":48},
{"Acceptance":[0.9673333333333334],"Energy":{"Mean":12.333734224383237,"Sigma":0.2480589642795621,"Taucorr":-0.050744678523613584},"EnergyVariance":{"Mean":6.745960631903908,"Sigma":0.9501585956473253,"Taucorr":-0.07957100522466076},"Iteration":49},
{"Acceptance":[0.9603333333333334],"Energy":{"Mean":11.922798714981754,"Sigma":0.3284270002415923,"Taucorr":0.2560897099883458},"EnergyVariance":{"Mean":7.037645633572642,"Sigma":1.3982129525635056,"Taucorr":0.12456350036681407},"Iteration":50},
{"Acceptance":[0.9596666666666667],"Energy":{"Mean":12.111883023430991,"Sigma":0.30531839421030527,"Taucorr":0.06599008320320787},"EnergyVariance":{"Mean":8.051920016035051,"Sigma":1.4949322657904718,"Taucorr":-0.10676192333597095},"Iteration":51},
{"Acceptance":[0.951],"Energy":{"Mean":11.844609215649747,"Sigma":0.34114559212307666,"Taucorr":0.2634945824476994},"EnergyVariance":{"Mean":7.515879416978675,"Sigma":1.3420022031346603,"Taucorr":0.283992612477975},"Iteration":52},
{"Acceptance":[0.951],"Energy":{"Mean":12.266047071768465,"Sigma":0.24325341255678795,"Taucorr":-0.14135659814595175},"EnergyVariance":{"Mean":8.188423099486467,"Sigma":1.8709933026896477,"Taucorr":0.24312027932923275},"Iteration":53},
{"Acceptance":[0.9643333333333334],"Energy":{"Mean":12.138281258772745,"Sigma":0.3173075727983991,"Taucorr":0.020853646408157678},"EnergyVariance":{"Mean":9.465651593300855,"Sigma":1.2484582808525317,"Taucorr":0.05617059469469332},"Iteration":54},
{"Acceptance":[0.951],"Energy":{"Mean":12.416479269569678,"Sigma":0.35404129801837436,"Taucorr":0.27115485016275964},"EnergyVariance":{"Mean":7.968213385066415,"Sigma":0.9325948285232055,"Taucorr":-0.1839839451582876},"Iteration":55},
{"Acceptance":[0.9563333333333334],"Energy":{"Mean":12.011219647938992,"Sigma":0.31309476525334434,"Taucorr":0.08332650905314654},"EnergyVariance":{"Mean":8.27149342368503,"Sigma":1.4047620666179632,"Taucorr":0.23950618584158578},"Iteration":56},
{"Acceptance":[0.9556666666666667],"Energy":{"Mean":11.971534250605758,"Sigma":0.29517859233011834,"Taucorr":0.0336484158223852},"EnergyVariance":{"Mean":8.072678273841616,"Sigma":1.2817854638004669,"Taucorr":0.09471999086677696},"Iteration":57},
{"Acceptance":[0.953],"Energy":{"Mean":12.373668475919162,"Sigma":0.24478398200005097,"Taucorr":-0.07422803482218099},"EnergyVariance":{"Mean":6.9552998354700355,"Sigma":0.8520910498601911,"Taucorr":-0.16442548645435034},"Iteration":58},
{"Acceptance":[0.946],"Energy":{"Mean":12.414872490127845,"Sigma":0.27895925104403557,"Taucorr":0.01663009090816503},"EnergyVariance":{"Mean":7.467344144275728,"Sigma":0.8924845058234064,"Taucorr":-0.18578777574033795},"Iteration":59},
{"Acceptance":[0.9503333333333334],"Energy":{"Mean":12.098016433009795,"Sigma":0.24725527255149485,"Taucorr":-0.1013550083271092},"EnergyVariance":{"Mean":7.626091061676191,"Sigma":1.0198046712364923,"Taucorr":-0.010096037092938992},"Iteration":60},
{"Acceptance":[0.9533333333333334],"Energy":{"Mean":12.151248914495197,"Sigma":0.2742359601885139,"Taucorr":0.06983998311332207},"EnergyVariance":{"Mean":6.581609696332665,"Sigma":1.021273111439094,"Taucorr":0.25152506738644453},"Iteration":61},
{"Acceptance":[0.9523333333333334],"Energy":{"Mean":12.496639771017582,"Sigma":0.25323914711731405,"Taucorr":-0.06131052851162039},"EnergyVariance":{"Mean":7.274365475779428,"Sigma":1.08908678758231,"Taucorr":0.2007307747694802},"Iteration":62},
{"Acceptance":[0.951],"Energy":{"Mean":12.37645570068701,"Sigma":0.31876386991605193,"Taucorr":0.1717946460934272},"EnergyVariance":{"Mean":7.506026413118732,"Sigma":1.0028881811064732,"Taucorr":-0.09858200128844002},"Iteration":63},
{"Acceptance":[0.947],"Energy":{"Mean":12.146878520930695,"Sigma":0.30103143171411395,"Taucorr":0.1435596490575839},"EnergyVariance":{"Mean":7.05056823840587,"Sigma":0.7877856518176999,"Taucorr":-0.1810565375537379},"Iteration":64},
{"Acceptance":[0.95],"Energy":{"Mean":12.15420437490095,"Sigma":0.27327344079215515,"Taucorr":0.0016750891659114142},"EnergyVariance":{"Mean":7.35075177133279,"Sigma":0.9694286753167833,"Taucorr":0.0724661666990305},"Iteration":65},
{"Acceptance":[0.956],"Energy":{"Mean":12.564562860687147,"Sigma":0.28348443808857304,"Taucorr":-0.0361190544538737},"EnergyVariance":{"Mean":8.54304430166391,"Sigma":1.1876128288137864,"Taucorr":-0.10942633529922507},"Iteration":66},
{"Acceptance":[0.949],"Energy":{"Mean":11.925824575409258,"Sigma":0.24306040995259992,"Taucorr":-0.014148039636654786},"EnergyVariance":{"Mean":6.158917595294201,"Sigma":0.7641324363072208,"Taucorr":0.006972726837547238},"Iteration":67},
{"Acceptance":[0.9446666666666667],"Energy":{"Mean":11.960561455720729,"Sigma":0.26740929465594365,"Taucorr":0.02554708580967613},"EnergyVariance":{"Mean":6.784120726244626,"Sigma":0.8796871287038701,"Taucorr":0.030516917022966106},"Iteration":68},
{"Acceptance":[0.9463333333333334],"Energy":{"Mean":12.840099975241712,"Sigma":0.2507588894947447,"Taucorr":-0.08427309843071062},"EnergyVariance":{"Mean":7.520276156954897,"Sigma":1.1709472805095238,"Taucorr":0.05916663870213568},"Iteration":69},
{"Acceptance":[0.9496666666666667],"Energy":{"Mean":12.615022772795257,"Sigma":0.2592789999670526,"Taucorr":0.05337499524428635},"EnergyVariance":{"Mean":6.118576810081479,"Sigma":1.0290800294802618,"Taucorr":0.3415586869437581},"Iteration":70},
{"Acceptance":[0.9366666666666666],"Energy":{"Mean":12.495442860373103,"Sigma":0.305688102957187,"Taucorr":0.1936001691175614},"EnergyVariance":{"Mean":6.862282642085242,"Sigma":1.3392967896649894,"Taucorr":0.02262124131716592},"Iteration":71},
{"Acceptance":[0.9553333333333334],"Energy":{"Mean":12.368212795839682,"Sigma":0.26132795842183804,"Taucorr":-0.024065359876327075},"EnergyVariance":{"Mean":7.252588315853326,"Sigma":0.788029524552348,"Taucorr":-0.0931832016471732},"Iteration":72},
{"Acceptance":[0.9516666666666667],"Energy":{"Mean":12.19874846477007,"Sigma":0.30862697058817296,"Taucorr":0.0634229575247407},"EnergyVariance":{"Mean":8.437146635868984,"Sigma":1.038221608545653,"Taucorr":-0.06341600031317252},"Iteration":73},
{"Acceptance":[0.943],"Energy":{"Mean":12.41093720114711,"Sigma":0.27517904100277096,"Taucorr":0.0468733644660706},"EnergyVariance":{"Mean":7.071472334790339,"Sigma":0.8422337654301975,"Taucorr":-0.15711945758617707},"Iteration":74},
{"Acceptance":[0.9416666666666667],"Energy":{"Mean":11.977393060880612,"Sigma":0.24515098149512835,"Taucorr":-0.12482721254988627},"EnergyVariance":{"Mean":8.14476012241609,"Sigma":1.2404876770824533,"Taucorr":0.06664675316829416},"Iteration":75},
{"Acceptance":[0.937],"Energy":{"Mean":12.491542532407335,"Sigma":0.22192188595147888,"Taucorr":-0.15776961915925763},"EnergyVariance":{"Mean":7.38707541948917,"Sigma":0.7668885144490546,"Taucorr":-0.10836741791105237},"Iteration":76},
{"Acceptance":[0.9493333333333334],"Energy":{"Mean":12.374267229202498,"Sigma":0.2573259803871512,"Taucorr":-0.037139283660067635},"EnergyVariance":{"Mean":7.336188432489975,"Sigma":0.6816095016370802,"Taucorr":-0.15581419797408047},"Iteration":77},
{"Acceptance":[0.9433333333333334],"Energy":{"Mean":12.198340103264362,"Sigma":0.24782679827121393,"Taucorr":-0.05798768576515978},"EnergyVariance":{"Mean":7.156971488542954,"Sigma":0.930442326518822,"Taucorr":0.03276207669413145},"Iteration":78},
{"Acceptance":[0.9373333333333334],"Energy":{"Mean":12.146209781356005,"Sigma":0.3229354335245298,"Taucorr":0.13941339156429144},"EnergyVariance":{"Mean":8.319624154479428,"Sigma":1.2321784822769286,"Taucorr":0.10820375909664182},"Iteration":79},
{"Acceptance":[0.94],"Energy":{"Mean":12.090624255288862,"Sigma":0.3680810942673216,"Taucorr":0.2087416163683311},"EnergyVariance":{"Mean":9.58708785196831,"Sigma":1.4896722012095882,"Taucorr":-0.026033740580252762},"Iteration":80},
{"Acceptance":[0.94],"Energy":{"Mean":12.342568595718017,"Sigma":0.23340025250456398,"Taucorr":-0.14406811902378708},"EnergyVariance":{"Mean":7.771572239558164,"Sigma":1.052027647289264,"Taucorr":-0.028391057873750014},"Iteration":81},
{"Acceptance":[0.945],"Energy":{"Mean":11.937089566428009,"Sigma":0.288133331989121,"Taucorr":0.10340435842476159},"EnergyVariance":{"Mean":7.170098477530874,"Sigma":0.8450510861444465,"Taucorr":-0.049477487534586306},"Iteration":82},
{"Acceptance":[0.9436666666666667],"Energy":{"Mean":11.921197473656939,"Sigma":0.2543571078432676,"Taucorr":-0.07768393880240482},"EnergyVariance":{"Mean":7.862666858572943,"Sigma":1.1911235324859846,"Taucorr":-0.02857384745076008},"Iteration":83},
{"Acceptance":[0.933],"Energy":{"Mean":12.048477448223816,"Sigma":0.2595320703432962,"Taucorr":-0.0522550402663835},"EnergyVariance":{"Mean":7.60329732423533,"Sigma":1.0953881210627274,"Taucorr":0.13971553868313957},"Iteration":84},
{"Acceptance":[0.9456666666666667],"Energy":{"Mean":11.825793118689495,"Sigma":0.3061705840236109,"Taucorr":-0.0448576451029884},"EnergyVariance":{"Mean":10.48255769545013,"Sigma":1.8361046498718911,"Taucorr":0.008344928846185762},"Iteration":85},
{"Acceptance":[0.9366666666666666],"Energy":{"Mean":12.604362187849818,"Sigma":0.32050740224949,"Taucorr":0.014033382702380082},"EnergyVariance":{"Mean":10.075639078674074,"Sigma":1.3295461843327736,"Taucorr":-0.0934142445228957},"Iteration":86},
{"Acceptance":[0.9456666666666667],"Energy":{"Mean":12.017112812063711,"Sigma":0.24734464484376753,"Taucorr":-0.08237924642862826},"EnergyVariance":{"Mean":7.567077073146724,"Sigma":0.9480756238553777,"Taucorr":-0.10724977637357197},"Iteration":87},
{"Acceptance":[0.9416666666666667],"Energy":{"Mean":12.753757751908845,"Sigma":0.27470534029739757,"Taucorr":-0.0037345278900086654},"EnergyVariance":{"Mean":7.800498324260718,"Sigma":0.9893747902770732,"Taucorr":0.07163521201676237},"Iteration":88},
{"Acceptance":[0.945],"Energy":{"Mean":12.118198907721338,"Sigma":0.2539363177202902,"Taucorr":-0.05021202857172341},"EnergyVariance":{"Mean":7.412918050433156,"Sigma":1.277373770864637,"Taucorr":0.03035489504906519},"Iteration":89},
{"Acceptance":[0.94],"Energy":{"Mean":12.597968110147836,"Sigma":0.3090263281513746,"Taucorr":0.09956968519093701},"EnergyVariance":{"Mean":8.200327858159588,"Sigma":1.1196652127112043,"Taucorr":-0.05541506832738341},"Iteration":90},
{"Acceptance":[0.94],"Energy":{"Mean":12.147596626453518,"Sigma":0.27139308190993494,"Taucorr":-0.057021075662076814},"EnergyVariance":{"Mean":8.507670660137864,"Sigma":1.5488574527963126,"Taucorr":-0.05590598953339765},"Iteration":91},
{"Acceptance":[0.935],"Energy":{"Mean":11.986795091097365,"Sigma":0.31527087231338286,"Taucorr":0.23156770789449554},"EnergyVariance":{"Mean":7.12940165222811,"Sigma":1.1149440312390622,"Taucorr":0.3435922887026841},"Iteration":92},
{"Acceptance":[0.944],"Energy":{"Mean":12.027121899140964,"Sigma":0.27118470635020725,"Taucorr":0.016112877525838676},"EnergyVariance":{"Mean":7.436182958247891,"Sigma":1.082883847481633,"Taucorr":0.04019750527129562},"Iteration":93},
{"Acceptance":[0.9383333333333334],"Energy":{"Mean":12.343704936369617,"Sigma":0.30047954889511796,"Taucorr":0.15828944395945121},"EnergyVariance":{"Mean":7.250573144702067,"Sigma":0.8459689474568748,"Taucorr":-0.04580082650806422},"Iteration":94},
{"Acceptance":[0.93],"Energy":{"Mean":12.203139872200458,"Sigma":0.25338539986478037,"Taucorr":-0.12834399381089867},"EnergyVariance":{"Mean":8.790006159592794,"Sigma":1.207668715065139,"Taucorr":0.037950319868357285},"Iteration":95},
{"Acceptance":[0.938],"Energy":{"Mean":12.596418628959347,"Sigma":0.30749163116248807,"Taucorr":0.17555110440152377},"EnergyVariance":{"Mean":7.283949303211732,"Sigma":0.9035058772941024,"Taucorr":0.004841023199578354},"Iteration":96},
{"Acceptance":[0.933],"Energy":{"Mean":12.012671491761747,"Sigma":0.3442414317749159,"Taucorr":0.2548999496502329},"EnergyVariance":{"Mean":8.281116030344013,"Sigma":0.8498905002976532,"Taucorr":-0.05802604222149699},"Iteration":97},
{"Acceptance":[0.948],"Energy":{"Mean":11.676140059134442,"Sigma":0.2436401149492666,"Taucorr":-0.11876815223224219},"EnergyVariance":{"Mean":8.093463814472232,"Sigma":0.7479754458492623,"Taucorr":-0.17355937795938636},"Iteration":98},
{"Acceptance":[0.9336666666666666],"Energy":{"Mean":12.265401896531678,"Sigma":0.31617461144529346,"Taucorr":0.26160650982365674},"EnergyVariance":{"Mean":7.04073611758248,"Sigma":1.203384322349187,"Taucorr":0.18716288942221737},"Iteration":99} 
]}
{"input": {"L": 14, "J": 1, "machine": {"type": "FFNN", "model": ["tanh", 1, 1]}, "sampler": {"type": "MetropolisHop", "d_max": 5}, "optimizer": {"type": "AdaMax", "alpha": 0.001, "beta1": 0.9, "beta2": 0.999, "epscut": 1e-07}, "VMC": {"n_samples": 100, "discarded_samples": 100, "discarded_samples_on_init": 0, "target": "energy", "method": "Gd", "diag_shift": 0.01, "use_iterative": true, "use_cholesky": true}, "n_iter": 100}}
duration: -0.565941333770752