{"Output": [
{"Acceptance":[0.9553333333333334],"Energy":{"Mean":12.193423921282331,"Sigma":0.33662137914363405,"Taucorr":0.20845236786457155},"EnergyVariance":{"Mean":7.620353746808263,"Sigma":0.9186334722749623,"Taucorr":-0.08334317756000331},"Iteration":0},
{"Acceptance":[0.9636666666666667],"Energy":{"Mean":12.3690085916266,"Sigma":0.23288234057674462,"Taucorr":-0.15292374949818255},"EnergyVariance":{"Mean":7.447718572975431,"Sigma":1.0262318483794617,"Taucorr":0.15223579506297402},"Iteration":1},
{"Acceptance":[0.9643333333333334],"Energy":{"Mean":12.078645529887758,"Sigma":0.2930795161510508,"Taucorr":0.10599172097557119},"EnergyVariance":{"Mean":6.769262653680439,"Sigma":0.8083989774266719,"Taucorr":-0.15266717671429098},"Iteration":2},
{"Acceptance":[0.9543333333333334],"Energy":{"Mean":12.517620034524187,"Sigma":0.31781527236984886,"Taucorr":0.2271537026527254},"EnergyVariance":{"Mean":6.632117389276717,"Sigma":0.9746181070868274,"Taucorr":-0.06567332030571199},"Iteration":3},
{"Acceptance":[0.9506666666666667],"Energy":{"Mean":12.233902840368366,"Sigma":0.2994131792139274,"Taucorr":-0.013024976058791382},"EnergyVariance":{"Mean":8.79502870582495,"Sigma":1.4074951347277311,"Taucorr":0.018511526698405834},"Iteration":4},
{"Acceptance":[0.9543333333333334],"Energy":{"Mean":12.352292816936723,"Sigma":0.22271739601571613,"Taucorr":-0.14941371677759935},"EnergyVariance":{"Mean":6.768932036905678,"Sigma":0.9738697233673418,"Taucorr":-0.013767777273651305},"Iteration":5},
{"Acceptance":[0.9523333333333334],"Energy":{"Mean":12.476602353042647,"Sigma":0.3185903749901378,"Taucorr":0.24811741237464624},"EnergyVariance":{"Mean":6.514624397652467,"Sigma":0.9327686123481237,"Taucorr":0.08730204925701834},"Iteration":6},
{"Acceptance":[0.9523333333333334],"Energy":{"Mean":12.317371809434995,"Sigma":0.2456068095094409,"Taucorr":-0.0012537607285096342},"EnergyVariance":{"Mean":5.810340039808565,"Sigma":0.7620680956813406,"Taucorr":-0.07123673084246107},"Iteration":7},
{"Acceptance":[0.9583333333333334],"Energy":{"Mean":11.780646493746003,"Sigma":0.20192920819297022,"Taucorr":-0.13580446853513783},"EnergyVariance":{"Mean":5.408723077875575,"Sigma":0.5735911854319289,"Taucorr":-0.16570551694167207},"Iteration":8},
{"Acceptance":[0.952],"Energy":{"Mean":12.401087030371077,"Sigma":0.2916912456724876,"Taucorr":0.16382853313554913},"EnergyVariance":{"Mean":6.180147844887299,"Sigma":0.8605803165261748,"Taucorr":0.0015849069261903992},"Iteration":9},
{"Acceptance":[0.9513333333333334],"Energy":{"Mean":12.57072834525946,"Sigma":0.2500490229128207,"Taucorr":-0.06724453546411796},"EnergyVariance":{"Mean":6.949294112646792,"Sigma":1.048098048103497,"Taucorr":-0.0459742131782474},"Iteration":10},
{"Acceptance":[0.953],"Energy":{"Mean":12.434309583187188,"Sigma":0.2823479438006532,"Taucorr":0.05794530335706405},"EnergyVariance":{"Mean":6.900899181221258,"Sigma":1.131721128181473,"Taucorr":0.007191943898659292},"Iteration":11},
{"Acceptance":[0.9603333333333334],"Energy":{"Mean":12.321266014804978,"Sigma":0.2725146983300378,"Taucorr":-0.007714402210291571},"EnergyVariance":{"Mean":7.270018666363106,"Sigma":0.9840487538695616,"Taucorr":-0.033013154564679015},"Iteration":12},
{"Acceptance":[0.9516666666666667],"Energy":{"Mean":12.520951434474133,"Sigma":0.34372247140793666,"Taucorr":0.1644081486678718},"EnergyVariance":{"Mean":8.599208950480467,"Sigma":1.1442182096199376,"Taucorr":-0.10402311746500453},"Iteration":13},
{"Acceptance":[0.951],"Energy":{"Mean":12.298970597265033,"Sigma":0.29788729463894636,"Taucorr":0.06886056026757947},"EnergyVariance":{"Mean":7.570015697106897,"Sigma":0.8783681824330584,"Taucorr":-0.09982654324181467},"Iteration":14},
{"Acceptance":[0.9533333333333334],"Energy":{"Mean":12.195274743103342,"Sigma":0.3369249434761168,"Taucorr":0.21009894587749167},"EnergyVariance":{"Mean":7.738211339970137,"Sigma":1.1095810779889816,"Taucorr":-0.037221669413783576},"Iteration":15},
{"Acceptance":[0.944],"Energy":{"Mean":12.862512147959658,"Sigma":0.31556232765922143,"Taucorr":0.12542891981768578},"EnergyVariance":{"Mean":7.713521651161845,"Sigma":1.0311822978645506,"Taucorr":-0.009020231570811277},"Iteration":16},
{"Acceptance":[0.9463333333333334],"Energy":{"Mean":12.368200738989323,"Sigma":0.25688855057475884,"Taucorr":0.049836867976462806},"EnergyVariance":{"Mean":5.856535731716168,"Sigma":0.9834077313252797,"Taucorr":-0.05175571694159231},"Iteration":17},
{"Acceptance":[0.96],"Energy":{"Mean":12.350719880346373,"Sigma":0.315231488029042,"Taucorr":0.09034843428873596},"EnergyVariance":{"Mean":8.178693921827971,"Sigma":1.3067284796427905,"Taucorr":0.027672176933141057},"Iteration":18},
{"Acceptance":[0.9473333333333334],"Energy":{"Mean":12.516979853418304,"Sigma":0.31825224402651986,"Taucorr":0.042356985827778915},"EnergyVariance":{"Mean":9.087284585325962,"Sigma":1.16424980524604,"Taucorr":-0.013369317168605177},"Iteration":19},
{"Acceptance":[0.9516666666666667],"Energy":{"Mean":12.761900894279234,"Sigma":0.2994779551033811,"Taucorr":-0.04894927433002333},"EnergyVariance":{"Mean":9.656542818818142,"Sigma":1.6488080695958036,"Taucorr":0.2111351955608165},"Iteration":20},
{"Acceptance":[0.948],"Energy":{"Mean":12.630730571180955,"Sigma":0.24031861356055909,"Taucorr":-0.012972238677600667},"EnergyVariance":{"Mean":5.811727363223013,"Sigma":0.5853008825573311,"Taucorr":-0.15545605926837225},"Iteration":21},
{"Acceptance":[0.9496666666666667],"Energy":{"Mean":12.18707075348791,"Sigma":0.23898279371548492,"Taucorr":-0.05764855237218808},"EnergyVariance":{"Mean":6.36647133516172,"Sigma":0.7984455205122906,"Taucorr":-0.015622013407194157},"Iteration":22},
{"Acceptance":[0.9486666666666667],"Energy":{"Mean":12.482488969223974,"Sigma":0.40174164065985724,"Taucorr":0.40217615266029716},"EnergyVariance":{"Mean":8.831202530616682,"Sigma":1.0855592316774811,"Taucorr":0.008639693013588357},"Iteration":23},
{"Acceptance":[0.948],"Energy":{"Mean":12.27734670575823,"Sigma":0.36556944308047495,"Taucorr":0.17976415393122747},"EnergyVariance":{"Mean":9.646009284517019,"Sigma":1.088114019469496,"Taucorr":-0.0931167341713331},"Iteration":24},
{"Acceptance":[0.9526666666666667],"Energy":{"Mean":12.368584206392125,"Sigma":0.2711858077589436,"Taucorr":-0.13085327993229767},"EnergyVariance":{"Mean":9.773259941819529,"Sigma":1.6754381962028329,"Taucorr":0.11807404735557292},"Iteration":25},
{"Acceptance":[0.9476666666666667],"Energy":{"Mean":12.386806023628536,"Sigma":0.23841592647658083,"Taucorr":-0.11867901626006883},"EnergyVariance":{"Mean":7.377640709267546,"Sigma":1.2185557890546512,"Taucorr":0.05558757693907157},"Iteration":26},
{"Acceptance":[0.9483333333333334],"Energy":{"Mean":12.111615846682303,"Sigma":0.3395112216569898,"Taucorr":0.12056236023279943},"EnergyVariance":{"Mean":9.151601735563,"Sigma":1.0782013971197004,"Taucorr":-0.12038298776663692},"Iteration":27},
{"Acceptance":[0.9473333333333334],"Energy":{"Mean":11.967129881023022,"Sigma":0.22169456678533658,"Taucorr":-0.09976337133246377},"EnergyVariance":{"Mean":6.189934010495635,"Sigma":0.9787285982368961,"Taucorr":0.1610795858619789},"Iteration":28},
{"Acceptance":[0.9356666666666666],"Energy":{"Mean":12.239566431617733,"Sigma":0.24592943770023903,"Taucorr":-0.136461656862},"EnergyVariance":{"Mean":8.244701559816564,"Sigma":1.229454789666656,"Taucorr":-0.026100074849469412},"Iteration":29},
{"Acceptance":[0.9443333333333334],"Energy":{"Mean":11.2981870837452,"Sigma":0.3248612604282489,"Taucorr":0.0999089467992531},"EnergyVariance":{"Mean":8.651838719470819,"Sigma":1.218490133095524,"Taucorr":0.0036491158202850427},"Iteration":30},
{"Acceptance":[0.933],"Energy":{"Mean":11.946206028221065,"Sigma":0.2721846657739922,"Taucorr":0.05163030858435025},"EnergyVariance":{"Mean":6.711872350890057,"Sigma":0.8097232169507976,"Taucorr":-0.17936682225033246},"Iteration":31},
{"Acceptance":[0.9276666666666666],"Energy":{"Mean":12.33039319942261,"Sigma":0.24195899784565794,"Taucorr":-0.08116586758956612},"EnergyVariance":{"Mean":7.043794277828024,"Sigma":0.8922144697155643,"Taucorr":-0.15885260899642628},"Iteration":32},
{"Acceptance":[0.9353333333333333],"Energy":{"Mean":12.256446311529993,"Sigma":0.3301790607643322,"Taucorr":0.35003198750114173},"EnergyVariance":{"Mean":6.541699260379936,"Sigma":1.10091658905499,"Taucorr":0.0055110219126652815},"Iteration":33},
{"Acceptance":[0.9396666666666667],"Energy":{"Mean":12.00558443109174,"Sigma":0.27265567254560596,"Taucorr":-0.07600082166492939},"EnergyVariance":{"Mean":8.857061124802602,"Sigma":1.2148044532376512,"Taucorr":0.04816215188595685},"Iteration":34},
{"Acceptance":[0.9346666666666666],"Energy":{"Mean":11.885565978635176,"Sigma":0.19158034956852363,"Taucorr":-0.14917557823277555},"EnergyVariance":{"Mean":5.460395198753508,"Sigma":1.0801582106384777,"Taucorr":0.3285514132318349},"Iteration":35},
{"Acceptance":[0.9413333333333334],"Energy":{"Mean":12.118880900614418,"Sigma":0.24578822736913927,"Taucorr":-0.03890657905320316},"EnergyVariance":{"Mean":6.6742188452337246,"Sigma":0.8113289540167293,"Taucorr":-0.04517736305949244},"Iteration":36},
{"Acceptance":[0.9273333333333333],"Energy":{"Mean":11.625260207677542,"Sigma":0.37721465261579085,"Taucorr":0.20362559766763588},"EnergyVariance":{"Mean":10.288592117087877,"Sigma":1.4243069113654137,"Taucorr":-0.030517656400400606},"Iteration":37},
{"Acceptance":[0.937],"Energy":{"Mean":12.215305906649185,"Sigma":0.3662542913529647,"Taucorr":0.3969023124142652},"EnergyVariance":{"Mean":7.539649565025479,"Sigma":0.8620383735337072,"Taucorr":0.025120915936831745},"Iteration":38},
{"Acceptance":[0.9303333333333333],"Energy":{"Mean":12.164463639446641,"Sigma":0.2927843156324187,"Taucorr":0.0581396923230455},"EnergyVariance":{"Mean":7.843240639492938,"Sigma":0.9485971998297872,"Taucorr":-0.11318913793708901},"Iteration":39},
{"Acceptance":[0.927],"Energy":{"Mean":12.435333905397389,"Sigma":0.2947038758029317,"Taucorr":0.020726611488868008},"EnergyVariance":{"Mean":8.24488395832108,"Sigma":1.0404554025429082,"Taucorr":-0.05657646667897137},"Iteration":40},
{"Acceptance":[0.9286666666666666],"Energy":{"Mean":11.822876073887123,"Sigma":0.25213024771686965,"Taucorr":0.003409800167409327},"EnergyVariance":{"Mean":6.674011031195719,"Sigma":1.0521327882674618,"Taucorr":0.2363857347262318},"Iteration":41},
{"Acceptance":[0.9193333333333333],"Energy":{"Mean":11.967743052763081,"Sigma":0.28757956704063936,"Taucorr":0.044398010878728966},"EnergyVariance":{"Mean":7.941204147101192,"Sigma":1.0754470582326765,"Taucorr":-0.02162478583094174},"Iteration":42},
{"Acceptance":[0.927],"Energy":{"Mean":11.636344275740814,"Sigma":0.23369607309639212,"Taucorr":-0.09036840177332806},"EnergyVariance":{"Mean":6.931945230498488,"Sigma":0.7251556043962801,"Taucorr":-0.030098409929217806},"Iteration":43},
{"Acceptance":[0.9266666666666666],"Energy":{"Mean":12.274847264224348,"Sigma":0.28105284077561477,"Taucorr":0.16473114734348382},"EnergyVariance":{"Mean":6.166175428717898,"Sigma":0.6984366888008988,"Taucorr":-0.1812445151048354},"Iteration":44},
{"Acceptance":[0.926],"Energy":{"Mean":11.949926621990288,"Sigma":0.34220135265796325,"Taucorr":-0.0027256880611259415},"EnergyVariance":{"Mean":11.755837378639196,"Sigma":1.8713781823712792,"Taucorr":-0.019207627559240548},"Iteration":45},
{"Acceptance":[0.9196666666666666],"Energy":{"Mean":12.399550200690776,"Sigma":0.26158012534876185,"Taucorr":-0.06015644959843863},"EnergyVariance":{"Mean":8.261764848968735,"Sigma":1.0248218262104156,"Taucorr":0.04005829855968712},"Iteration":46},
{"Acceptance":[0.926],"Energy":{"Mean":12.116275800751039,"Sigma":0.2557509263657217,"Taucorr":-0.09385420509490294},"EnergyVariance":{"Mean":8.286363967424299,"Sigma":0.9264118572189192,"Taucorr":-0.15358706294008928},"Iteration":47},
{"Acceptance":[0.921],"Energy":{"Mean":12.000407151165149,"Sigma":0.24698410465976317,"Taucorr":-0.05285052063840712},"EnergyVariance":{"Mean":7.091431430493381,"Sigma":0.8030314668864325,"Taucorr":-0.18912246575612807},"Iteration":48},
{"Acceptance":[0.9166666666666666],"Energy":{"Mean":12.092806921827151,"Sigma":0.21483514475098459,"Taucorr":-0.1827457985901908},"EnergyVariance":{"Mean":7.568580501414586,"Sigma":1.0774192949307844,"Taucorr":0.04886770874291979},"Iteration":49},
{"Acceptance":[0.9096666666666666],"Energy":{"Mean":11.55093371501675,"Sigma":0.34555522891932283,"Taucorr":0.07279199055568863},"EnergyVariance":{"Mean":10.632012463612138,"Sigma":1.5854743461893919,"Taucorr":0.017561129981658263},"Iteration":50},
{"Acceptance":[0.9086666666666666],"Energy":{"Mean":11.980410025805034,"Sigma":0.3672777854535639,"Taucorr":0.08307757796795445},"EnergyVariance":{"Mean":11.884628065198317,"Sigma":4.094997087952484,"Taucorr":0.6024777591376238},"Iteration":51},
{"Acceptance":[0.9173333333333333],"Energy":{"Mean":11.46219366297303,"Sigma":0.3629987069025725,"Taucorr":0.25896485864595287},"EnergyVariance":{"Mean":9.047812494586712,"Sigma":1.2151714822782538,"Taucorr":0.037397905141217436},"Iteration":52},
{"Acceptance":[0.9146666666666666],"Energy":{"Mean":11.599422659862515,"Sigma":0.2975791899378571,"Taucorr":0.14210929075892909},"EnergyVariance":{"Mean":7.463586892365296,"Sigma":1.3877169032787775,"Taucorr":0.009606611372928064},"Iteration":53},
{"Acceptance":[0.9113333333333333],"Energy":{"Mean":11.95166608922031,"Sigma":0.2339295211806029,"Taucorr":-0.13306709920600673},"EnergyVariance":{"Mean":7.798665458625819,"Sigma":1.2620794519772285,"Taucorr":0.03307590750872469},"Iteration":54},
{"Acceptance":[0.906],"Energy":{"Mean":10.946743621589206,"Sigma":0.4264998784620331,"Taucorr":0.34887250160771577},"EnergyVariance":{"Mean":11.084988142782032,"Sigma":2.7309267345976016,"Taucorr":0.3130755520903781},"Iteration":55},
{"Acceptance":[0.8943333333333333],"Energy":{"Mean":11.575632966011723,"Sigma":0.5872094737643916,"Taucorr":0.6206739663542755},"EnergyVariance":{"Mean":15.34792854841826,"Sigma":7.278566546805515,"Taucorr":0.8661825256465638},"Iteration":56},
{"Acceptance":[0.8933333333333333],"Energy":{"Mean":11.108235560890368,"Sigma":0.6626901795564605,"Taucorr":0.6340673246823882},"EnergyVariance":{"Mean":19.301643200343943,"Sigma":7.695185803325185,"Taucorr":0.6176287353416445},"Iteration":57},
{"Acceptance":[0.9083333333333333],"Energy":{"Mean":11.507683918533543,"Sigma":0.3426390422495439,"Taucorr":0.09999203146050784},"EnergyVariance":{"Mean":10.164215604290899,"Sigma":1.5462521089682362,"Taucorr":0.1296710562078659},"Iteration":58},
{"Acceptance":[0.902],"Energy":{"Mean":11.526991861351945,"Sigma":0.2336577295620365,"Taucorr":-0.19075867493969262},"EnergyVariance":{"Mean":9.336654438860915,"Sigma":1.0473302424809694,"Taucorr":-0.12408174258701593},"Iteration":59},
{"Acceptance":[0.908],"Energy":{"Mean":11.988396032138677,"Sigma":0.29758934582503854,"Taucorr":0.032024218785633884},"EnergyVariance":{"Mean":8.570861488453799,"Sigma":1.0988979316719985,"Taucorr":0.016668687969510043},"Iteration":60},
{"Acceptance":[0.8363333333333334],"Energy":{"Mean":11.912150242923738,"Sigma":0.2883529978861027,"Taucorr":0.002871876503418136},"EnergyVariance":{"Mean":11.395232658691429,"Sigma":2.7060196796556655,"Taucorr":-0.03050789071609178},"Iteration":61},
{"Acceptance":[0.30966666666666665],"Energy":{"Mean":-5.914363593404344,"Sigma":0.005968144201430457,"Taucorr":0.49073676610376094},"EnergyVariance":{"Mean":0.014034937404045487,"Sigma":0.0021216049678942995,"Taucorr":0.40941002617958433},"Iteration":62},
{"Acceptance":[0.5926666666666667],"Energy":{"Mean":12.282069680253281,"Sigma":0.2927099222557954,"Taucorr":0.0326569501893208},"EnergyVariance":{"Mean":8.392250103273417,"Sigma":1.1629581857258517,"Taucorr":-0.013971905140920893},"Iteration":63},
{"Acceptance":[0.905],"Energy":{"Mean":11.853144783393338,"Sigma":0.33360236675976995,"Taucorr":0.08362875917655122},"EnergyVariance":{"Mean":9.840529475635112,"Sigma":2.853406236502929,"Taucorr":-0.017007832385605604},"Iteration":64},
{"Acceptance":[0.9036666666666666],"Energy":{"Mean":12.102242312866426,"Sigma":0.3051364925538527,"Taucorr":0.011296090786559354},"EnergyVariance":{"Mean":9.589143421653283,"Sigma":1.0584711191671605,"Taucorr":-0.13871733685348397},"Iteration":65},
{"Acceptance":[0.478],"Energy":{"Mean":-1.462618831628021,"Sigma":0.5065042593246993,"Taucorr":1.3825675834945836},"EnergyVariance":{"Mean":6.57886016079325,"Sigma":6.220302635936808,"Taucorr":1.1491557375407988},"Iteration":66},
{"Acceptance":[0.0003333333333333333],"Energy":{"Mean":-1.9999999133792783,"Sigma":0.0,"Taucorr":null},"EnergyVariance":{"Mean":4.8730606383774257e-14,"Sigma":0.0,"Taucorr":null},"Iteration":67},
{"Acceptance":[0.0],"Energy":{"Mean":-2.0000000000000453,"Sigma":0.0,"Taucorr":null},"EnergyVariance":{"Mean":4.6225192800316505e-26,"Sigma":0.0,"Taucorr":null},"Iteration":68},
{"Acceptance":[0.0],"Energy":{"Mean":-1.9999999999999853,"Sigma":0.0,"Taucorr":null},"EnergyVariance":{"Mean":1.7558609899222758e-28,"Sigma":0.0,"Taucorr":null},"Iteration":69},
{"Acceptance":[0.004333333333333333],"Energy":{"Mean":-1.9999977976505388,"Sigma":0.0,"Taucorr":null},"EnergyVariance":{"Mean":2.2754215352228757e-14,"Sigma":0.0,"Taucorr":null},"Iteration":70},
{"Acceptance":[0.001],"Energy":{"Mean":-2.0000133287686883,"Sigma":3.696452786957084e-05,"Taucorr":1.3466758684156592},"EnergyVariance":{"Mean":5.934282858828431e-08,"Sigma":3.194337555321715e-09,"Taucorr":1.3466758684149995},"Iteration":71},
{"Acceptance":[0.0],"Energy":{"Mean":-2.000431656203031,"Sigma":0.0,"Taucorr":null},"EnergyVariance":{"Mean":2.403496966832627e-07,"Sigma":0.0,"Taucorr":null},"Iteration":72},
{"Acceptance":[0.0],"Energy":{"Mean":-2.002009886495851,"Sigma":0.0,"Taucorr":null},"EnergyVariance":{"Mean":3.8598137799735857e-07,"Sigma":0.0,"Taucorr":null},"Iteration":73},
{"Acceptance":[0.0],"Energy":{"Mean":-2.003794625497153,"Sigma":0.0,"Taucorr":null},"EnergyVariance":{"Mean":3.988902087452458e-05,"Sigma":0.0,"Taucorr":null},"Iteration":74},
{"Acceptance":[0.018333333333333333],"Energy":{"Mean":-3.9999999874708885,"Sigma":0.0,"Taucorr":null},"EnergyVariance":{"Mean":5.958563387888266e-18,"Sigma":0.0,"Taucorr":null},"Iteration":75},
{"Acceptance":[0.0],"Energy":{"Mean":-4.000000075396701,"Sigma":0.0,"Taucorr":null},"EnergyVariance":{"Mean":5.079290554111991e-17,"Sigma":0.0,"Taucorr":null},"Iteration":76},
{"Acceptance":[0.0],"Energy":{"Mean":-3.9999998495130082,"Sigma":0.0,"Taucorr":null},"EnergyVariance":{"Mean":3.9378363034956785e-13,"Sigma":0.0,"Taucorr":null},"Iteration":77},
{"Acceptance":[0.0],"Energy":{"Mean":-3.9999948230260833,"Sigma":0.0,"Taucorr":null},"EnergyVariance":{"Mean":1.4162679479436096e-12,"Sigma":0.0,"Taucorr":null},"Iteration":78},
{"Acceptance":[0.0],"Energy":{"Mean":-3.9999669388138352,"Sigma":0.0,"Taucorr":null},"EnergyVariance":{"Mean":1.2580205750091086e-10,"Sigma":0.0,"Taucorr":null},"Iteration":79},
{"Acceptance":[0.0],"Energy":{"Mean":-3.99984991972738,"Sigma":0.0,"Taucorr":null},"EnergyVariance":{"Mean":7.544738359835215e-09,"Sigma":0.0,"Taucorr":null},"Iteration":80},
{"Acceptance":[0.0],"Energy":{"Mean":-3.999425432578044,"Sigma":0.0,"Taucorr":null},"EnergyVariance":{"Mean":1.0314948623039353e-07,"Sigma":0.0,"Taucorr":null},"Iteration":81},
{"Acceptance":[0.0],"Energy":{"Mean":-3.998158919396295,"Sigma":0.0,"Taucorr":null},"EnergyVariance":{"Mean":5.255610533002342e-07,"Sigma":0.0,"Taucorr":null},"Iteration":82},
{"Acceptance":[0.0036666666666666666],"Energy":{"Mean":-5.766693025731567,"Sigma":0.12765699090283658,"Taucorr":1.4059468769508392},"EnergyVariance":{"Mean":0.4061450742111621,"Sigma":0.1968934478482052,"Taucorr":1.4062505979462556},"Iteration":83},
{"Acceptance":[0.0033333333333333335],"Energy":{"Mean":-5.997833880587758,"Sigma":0.00040507432256793667,"Taucorr":0.6144517484549559},"EnergyVariance":{"Mean":1.904754763038569e-05,"Sigma":1.0405239529473585e-05,"Taucorr":0.5876694417842052},"Iteration":84},
{"Acceptance":[0.0006666666666666666],"Energy":{"Mean":-5.999107731044835,"Sigma":7.173836556148746e-05,"Taucorr":4.32764934998886e-13},"EnergyVariance":{"Mean":4.516808249484166e-06,"Sigma":4.5077351355628595e-06,"Taucorr":0.0},"Iteration":85},
{"Acceptance":[0.0006666666666666666],"Energy":{"Mean":-5.957963821851344,"Sigma":0.041631483767409466,"Taucorr":0.5106382978723418},"EnergyVariance":{"Mean":0.08145954408851197,"Sigma":0.07972636235036375,"Taucorr":0.5106382978723405},"Iteration":86},
{"Acceptance":[0.0],"Energy":{"Mean":-5.999877665268175,"Sigma":0.0,"Taucorr":null},"EnergyVariance":{"Mean":3.9010296197533877e-10,"Sigma":0.0,"Taucorr":null},"Iteration":87},
{"Acceptance":[0.0],"Energy":{"Mean":-5.999970773636369,"Sigma":0.0,"Taucorr":null},"EnergyVariance":{"Mean":1.4227099573004557e-10,"Sigma":0.0,"Taucorr":null},"Iteration":88},
{"Acceptance":[0.0],"Energy":{"Mean":-5.999995426129107,"Sigma":0.0,"Taucorr":null},"EnergyVariance":{"Mean":2.4266149220902816e-11,"Sigma":0.0,"Taucorr":null},"Iteration":89},
{"Acceptance":[0.0],"Energy":{"Mean":-5.999999946597749,"Sigma":0.0,"Taucorr":null},"EnergyVariance":{"Mean":1.4642960899645855e-12,"Sigma":0.0,"Taucorr":null},"Iteration":90},
{"Acceptance":[0.0],"Energy":{"Mean":-6.000000160327464,"Sigma":0.0,"Taucorr":null},"EnergyVariance":{"Mean":1.055460496029466e-14,"Sigma":0.0,"Taucorr":null},"Iteration":91},
{"Acceptance":[0.0],"Energy":{"Mean":-6.000000017355199,"Sigma":0.0,"Taucorr":null},"EnergyVariance":{"Mean":4.648859384576382e-16,"Sigma":0.0,"Taucorr":null},"Iteration":92},
{"Acceptance":[0.0],"Energy":{"Mean":-5.999999996087343,"Sigma":0.0,"Taucorr":null},"EnergyVariance":{"Mean":1.4155397309148535e-18,"Sigma":0.0,"Taucorr":null},"Iteration":93},
{"Acceptance":[0.0],"Energy":{"Mean":-6.000000000413747,"Sigma":0.0,"Taucorr":null},"EnergyVariance":{"Mean":3.2513918794550384e-19,"Sigma":0.0,"Taucorr":null},"Iteration":94},
{"Acceptance":[0.0],"Energy":{"Mean":-5.999999999915827,"Sigma":0.0,"Taucorr":null},"EnergyVariance":{"Mean":2.1356927609218806e-20,"Sigma":0.0,"Taucorr":null},"Iteration":95},
{"Acceptance":[0.0],"Energy":{"Mean":-6.000000000052846,"Sigma":0.0,"Taucorr":null},"EnergyVariance":{"Mean":1.8394167881688518e-21,"Sigma":0.0,"Taucorr":null},"Iteration":96},
{"Acceptance":[0.0],"Energy":{"Mean":-5.9999999999450155,"Sigma":0.0,"Taucorr":null},"EnergyVariance":{"Mean":2.0135122638055874e-26,"Sigma":0.0,"Taucorr":null},"Iteration":97},
{"Acceptance":[0.0],"Energy":{"Mean":-6.000000000071726,"Sigma":0.0,"Taucorr":null},"EnergyVariance":{"Mean":4.543941082812533e-21,"Sigma":0.0,"Taucorr":null},"Iteration":98},
{"Acceptance":[0.0],"Energy":{"Mean":-5.999999999904216,"Sigma":0.0,"Taucorr":null},"EnergyVariance":{"Mean":1.4143831232379573e-19,"Sigma":0.0,"Taucorr":null},"Iteration":99} 
]}
{"input": {"L": 14, "J": 1, "machine": {"type": "FFNN", "model": ["tanh", 2, 4]}, "sampler": {"type": "MetropolisHop", "d_max": 5}, "optimizer": {"type": "AdaMax", "alpha": 0.001, "beta1": 0.9, "beta2": 0.999, "epscut": 1e-07}, "VMC": {"n_samples": 100, "discarded_samples": 100, "discarded_samples_on_init": 0, "target": "energy", "method": "Gd", "diag_shift": 0.01, "use_iterative": true, "use_cholesky": true}, "n_iter": 100}}
duration: -0.5000307559967041