{"Output": [
{"Acceptance":[0.7803333333333333],"Energy":{"Mean":12.277280707712718,"Sigma":0.22744944297626699,"Taucorr":-0.2365457616033833},"EnergyVariance":{"Mean":9.456379294673804,"Sigma":1.8184119484304697,"Taucorr":0.18598934727996708},"Iteration":0},
{"Acceptance":[0.7173333333333334],"Energy":{"Mean":11.025132817113128,"Sigma":0.3643020696367411,"Taucorr":0.12057351493076973},"EnergyVariance":{"Mean":11.617853748373177,"Sigma":1.3814914447402802,"Taucorr":0.00458028701411628},"Iteration":1},
{"Acceptance":[0.6063333333333333],"Energy":{"Mean":8.24996611174215,"Sigma":0.5359600546419143,"Taucorr":0.5256369157575571},"EnergyVariance":{"Mean":15.877137131025894,"Sigma":1.9403941021418043,"Taucorr":0.05748010679368276},"Iteration":2},
{"Acceptance":[0.5186666666666667],"Energy":{"Mean":7.284980407249909,"Sigma":0.6024100250591169,"Taucorr":0.41524820418984965},"EnergyVariance":{"Mean":22.22274392543438,"Sigma":3.1873816882528576,"Taucorr":0.3037697572595659},"Iteration":3},
{"Acceptance":[0.44166666666666665],"Energy":{"Mean":5.983630041390106,"Sigma":0.4941149120558801,"Taucorr":0.35728478913267847},"EnergyVariance":{"Mean":19.268974122759076,"Sigma":2.74474635951172,"Taucorr":0.4050158862953316},"Iteration":4},
{"Acceptance":[0.415],"Energy":{"Mean":3.63855332136982,"Sigma":0.4502807845924519,"Taucorr":0.31875878714058403},"EnergyVariance":{"Mean":20.142798403558963,"Sigma":3.7948197344548915,"Taucorr":0.4285910381522958},"Iteration":5},
{"Acceptance":[0.35533333333333333],"Energy":{"Mean":2.607621587152602,"Sigma":0.5101399113180805,"Taucorr":0.5439045519125048},"EnergyVariance":{"Mean":20.501337583311614,"Sigma":3.508682136405692,"Taucorr":0.24613576263789239},"Iteration":6},
{"Acceptance":[0.343],"Energy":{"Mean":1.4859055346894952,"Sigma":0.44026684869131005,"Taucorr":0.4135839926870959},"EnergyVariance":{"Mean":24.01909843380567,"Sigma":3.702730323957747,"Taucorr":0.008082667936596177},"Iteration":7},
{"Acceptance":[0.29333333333333333],"Energy":{"Mean":0.2885759944653379,"Sigma":0.5321364421556164,"Taucorr":0.6362093869835983},"EnergyVariance":{"Mean":25.076300709631152,"Sigma":3.970823541888632,"Taucorr":0.30856734219277315},"Iteration":8},
{"Acceptance":[0.246],"Energy":{"Mean":-1.9769210978932343,"Sigma":0.3639978911458949,"Taucorr":0.43898816387614537},"EnergyVariance":{"Mean":14.066151068754174,"Sigma":2.586747710221013,"Taucorr":0.14450554269472182},"Iteration":9},
{"Acceptance":[0.23466666666666666],"Energy":{"Mean":-2.9970575243608932,"Sigma":0.3097559033330206,"Taucorr":0.3090402004989694},"EnergyVariance":{"Mean":14.127963584204405,"Sigma":2.5911291235083445,"Taucorr":0.09349357705125738},"Iteration":10},
{"Acceptance":[0.23066666666666666],"Energy":{"Mean":-3.7168513345922074,"Sigma":0.2757224410420092,"Taucorr":0.31761919131949456},"EnergyVariance":{"Mean":11.513506723125001,"Sigma":2.9425428219269167,"Taucorr":0.20853895638431952},"Iteration":11},
{"Acceptance":[0.22033333333333333],"Energy":{"Mean":-3.972412989636747,"Sigma":0.21109485509111,"Taucorr":0.16111450453676146},"EnergyVariance":{"Mean":11.751498196133308,"Sigma":5.279811344319882,"Taucorr":0.45943501613022486},"Iteration":12},
{"Acceptance":[0.206],"Energy":{"Mean":-4.4944491226452055,"Sigma":0.2410355183352741,"Taucorr":0.35781397023258876},"EnergyVariance":{"Mean":11.626004953898676,"Sigma":2.306449868428958,"Taucorr":-0.007201805396441385},"Iteration":13},
{"Acceptance":[0.204],"Energy":{"Mean":-4.526853413869476,"Sigma":0.3719075232119611,"Taucorr":0.2322987599084172},"EnergyVariance":{"Mean":16.227513219571872,"Sigma":3.771608694358337,"Taucorr":0.28944254367569133},"Iteration":14},
{"Acceptance":[0.18866666666666668],"Energy":{"Mean":-4.928436095141411,"Sigma":0.25371612232424523,"Taucorr":0.13387014795482177},"EnergyVariance":{"Mean":9.893779042822631,"Sigma":2.004131131316153,"Taucorr":-0.038260922002267383},"Iteration":15},
{"Acceptance":[0.19166666666666668],"Energy":{"Mean":-5.807862497471111,"Sigma":0.22553561466177144,"Taucorr":-0.018647290930164317},"EnergyVariance":{"Mean":11.315486642851326,"Sigma":4.59575283522225,"Taucorr":0.5693415949323415},"Iteration":16},
{"Acceptance":[0.16166666666666665],"Energy":{"Mean":-4.993025590985802,"Sigma":0.47795298426863225,"Taucorr":0.40926497935542616},"EnergyVariance":{"Mean":16.149106946448736,"Sigma":4.39190608335674,"Taucorr":0.10775431973722216},"Iteration":17},
{"Acceptance":[0.175],"Energy":{"Mean":-5.264351498763795,"Sigma":0.2783648411962829,"Taucorr":0.22465502410336635},"EnergyVariance":{"Mean":11.457539740231882,"Sigma":3.1120899038988634,"Taucorr":0.265437545266647},"Iteration":18},
{"Acceptance":[0.17066666666666666],"Energy":{"Mean":-5.433335908271171,"Sigma":0.482626557694742,"Taucorr":0.5320016312537559},"EnergyVariance":{"Mean":14.986835457663567,"Sigma":5.187441673261231,"Taucorr":0.5757711527683023},"Iteration":19},
{"Acceptance":[0.16133333333333333],"Energy":{"Mean":-5.897066961725118,"Sigma":0.2897952391310613,"Taucorr":0.49487955600241673},"EnergyVariance":{"Mean":5.20031118671623,"Sigma":0.9955965652121953,"Taucorr":0.2219890355356463},"Iteration":20},
{"Acceptance":[0.16633333333333333],"Energy":{"Mean":-6.32214631669387,"Sigma":0.3869279663139039,"Taucorr":0.25651772133497963},"EnergyVariance":{"Mean":13.25683328629804,"Sigma":4.9505345354142385,"Taucorr":0.29702411854429},"Iteration":21},
{"Acceptance":[0.167],"Energy":{"Mean":-6.999828741178052,"Sigma":0.24073714032968302,"Taucorr":0.15032320074135463},"EnergyVariance":{"Mean":5.814302819650968,"Sigma":2.592517149888041,"Taucorr":0.08515416631723416},"Iteration":22},
{"Acceptance":[0.164],"Energy":{"Mean":-6.533155293076663,"Sigma":0.215187577333936,"Taucorr":0.2366493855870967},"EnergyVariance":{"Mean":3.8693151572015716,"Sigma":0.5872162548407945,"Taucorr":-0.0687762281962922},"Iteration":23},
{"Acceptance":[0.16],"Energy":{"Mean":-7.086141635889351,"Sigma":0.33789100953292006,"Taucorr":0.26350317648147803},"EnergyVariance":{"Mean":11.768836651191389,"Sigma":5.72985440686962,"Taucorr":0.6490253182639083},"Iteration":24},
{"Acceptance":[0.172],"Energy":{"Mean":-6.953537395717033,"Sigma":0.30933284905704134,"Taucorr":0.4698428899644147},"EnergyVariance":{"Mean":5.572950612542247,"Sigma":1.725408113391094,"Taucorr":0.49383335436801024},"Iteration":25},
{"Acceptance":[0.145],"Energy":{"Mean":-6.435930026585012,"Sigma":0.414894913871581,"Taucorr":0.5868541060155406},"EnergyVariance":{"Mean":9.4380566646021,"Sigma":4.237309820481601,"Taucorr":0.3578667787702664},"Iteration":26},
{"Acceptance":[0.17],"Energy":{"Mean":-7.126807845560352,"Sigma":0.3909020522685501,"Taucorr":0.02656340500559229},"EnergyVariance":{"Mean":16.808958566911212,"Sigma":6.156900903163719,"Taucorr":0.09809258386944342},"Iteration":27},
{"Acceptance":[0.16066666666666668],"Energy":{"Mean":-7.142034795147368,"Sigma":0.24140319314120753,"Taucorr":-0.007066221895568214},"EnergyVariance":{"Mean":8.06865688416168,"Sigma":3.0587449795934187,"Taucorr":0.17138264827048544},"Iteration":28},
{"Acceptance":[0.163],"Energy":{"Mean":-6.909073355531525,"Sigma":0.22599640321632875,"Taucorr":0.07322500465524195},"EnergyVariance":{"Mean":5.838486738407208,"Sigma":1.8145019697498752,"Taucorr":0.6118865822450312},"Iteration":29},
{"Acceptance":[0.17433333333333334],"Energy":{"Mean":-7.061120340203678,"Sigma":0.3669394338781103,"Taucorr":0.2494010584244113},"EnergyVariance":{"Mean":10.345387365303756,"Sigma":4.912897643388919,"Taucorr":0.039466458267890525},"Iteration":30},
{"Acceptance":[0.17333333333333334],"Energy":{"Mean":-7.500606083236394,"Sigma":0.19509403537434925,"Taucorr":-0.024175029035175044},"EnergyVariance":{"Mean":5.5698192685707495,"Sigma":1.1414700422820783,"Taucorr":0.013623140411025303},"Iteration":31},
{"Acceptance":[0.17533333333333334],"Energy":{"Mean":-6.330672708928213,"Sigma":0.23315599176625088,"Taucorr":0.0825497170830849},"EnergyVariance":{"Mean":6.0118339967386065,"Sigma":1.557281970988323,"Taucorr":0.17579316136071654},"Iteration":32},
{"Acceptance":[0.17066666666666666],"Energy":{"Mean":-6.643482385944488,"Sigma":0.19199219860090344,"Taucorr":0.2738270672320118},"EnergyVariance":{"Mean":2.6799631411682467,"Sigma":0.6199263051248811,"Taucorr":0.22061563499376358},"Iteration":33},
{"Acceptance":[0.17633333333333334],"Energy":{"Mean":-6.969774497714287,"Sigma":0.21815300839015137,"Taucorr":0.24073987779463946},"EnergyVariance":{"Mean":3.935914994896159,"Sigma":1.20129355788714,"Taucorr":0.033001984577798016},"Iteration":34},
{"Acceptance":[0.15666666666666668],"Energy":{"Mean":-6.823699942377667,"Sigma":0.18355254902800447,"Taucorr":-0.03404814401180467},"EnergyVariance":{"Mean":4.501177353785596,"Sigma":1.3922663754777933,"Taucorr":0.4519396338159183},"Iteration":35},
{"Acceptance":[0.166],"Energy":{"Mean":-6.193071633323264,"Sigma":0.35285758327978084,"Taucorr":0.45694129112542303},"EnergyVariance":{"Mean":7.16430484546588,"Sigma":3.4689651045404517,"Taucorr":0.0697730168263827},"Iteration":36},
{"Acceptance":[0.18866666666666668],"Energy":{"Mean":-7.7278692218535765,"Sigma":0.49815174811370394,"Taucorr":0.27205569613272673},"EnergyVariance":{"Mean":16.300710786215078,"Sigma":10.69755835804242,"Taucorr":0.026236693787770715},"Iteration":37},
{"Acceptance":[0.18866666666666668],"Energy":{"Mean":-8.684342562798918,"Sigma":0.7823485176652049,"Taucorr":0.6319189901097404},"EnergyVariance":{"Mean":29.54928128681814,"Sigma":12.54448859585688,"Taucorr":0.8571264091707855},"Iteration":38},
{"Acceptance":[0.18333333333333332],"Energy":{"Mean":-7.524111981885995,"Sigma":0.304313967022481,"Taucorr":0.2715547891428697},"EnergyVariance":{"Mean":6.626945538032283,"Sigma":1.4558350642576756,"Taucorr":0.026268828194400018},"Iteration":39},
{"Acceptance":[0.175],"Energy":{"Mean":-7.332834432537423,"Sigma":0.22979025718131488,"Taucorr":0.1426954693769208},"EnergyVariance":{"Mean":4.942504242318009,"Sigma":1.257823905050378,"Taucorr":0.309471650719371},"Iteration":40},
{"Acceptance":[0.17533333333333334],"Energy":{"Mean":-7.028087174370923,"Sigma":0.28590479678060726,"Taucorr":-0.06501363735282828},"EnergyVariance":{"Mean":10.134658777199396,"Sigma":5.336543122547136,"Taucorr":0.05785967383746349},"Iteration":41},
{"Acceptance":[0.18133333333333335],"Energy":{"Mean":-8.167864405186327,"Sigma":0.6577317826137445,"Taucorr":0.757079958369651},"EnergyVariance":{"Mean":18.568124967269387,"Sigma":12.93276560256683,"Taucorr":0.8248982935053542},"Iteration":42},
{"Acceptance":[0.175],"Energy":{"Mean":-7.501301500335405,"Sigma":0.5856397485569886,"Taucorr":0.36230098894491725},"EnergyVariance":{"Mean":19.59798682289825,"Sigma":12.99318041113428,"Taucorr":0.5896429374860552},"Iteration":43},
{"Acceptance":[0.18066666666666667],"Energy":{"Mean":-7.09001468116724,"Sigma":0.4879279025648825,"Taucorr":0.315788398733037},"EnergyVariance":{"Mean":15.968678443486777,"Sigma":7.662567297730224,"Taucorr":0.020765247594438763},"Iteration":44},
{"Acceptance":[0.17433333333333334],"Energy":{"Mean":-6.797394284579798,"Sigma":0.35745808858863604,"Taucorr":0.20834521386738636},"EnergyVariance":{"Mean":9.851119090690275,"Sigma":5.31012626402966,"Taucorr":0.035848446446284266},"Iteration":45},
{"Acceptance":[0.19466666666666665],"Energy":{"Mean":-7.470114708635818,"Sigma":0.2557116917752077,"Taucorr":0.2221936589656135},"EnergyVariance":{"Mean":5.782438318553084,"Sigma":1.970373232083899,"Taucorr":0.6414136022096169},"Iteration":46},
{"Acceptance":[0.17766666666666667],"Energy":{"Mean":-7.64161681726736,"Sigma":0.2676993568499169,"Taucorr":0.21884520585332368},"EnergyVariance":{"Mean":5.179708323055031,"Sigma":1.1257780892161058,"Taucorr":0.3647451795068074},"Iteration":47},
{"Acceptance":[0.20333333333333334],"Energy":{"Mean":-7.654103191883573,"Sigma":0.291376570828538,"Taucorr":0.1236060114601939},"EnergyVariance":{"Mean":7.932797600791238,"Sigma":1.537441539913492,"Taucorr":0.0022794175959525154},"Iteration":48},
{"Acceptance":[0.20366666666666666],"Energy":{"Mean":-7.365255745261116,"Sigma":0.4506700726346229,"Taucorr":0.26063244908568095},"EnergyVariance":{"Mean":13.730913439802652,"Sigma":6.703747280216165,"Taucorr":-0.001599572071155131},"Iteration":49},
{"Acceptance":[0.184],"Energy":{"Mean":-7.449792964534716,"Sigma":0.49045982288851425,"Taucorr":0.22875940567395403},"EnergyVariance":{"Mean":16.699332089973893,"Sigma":7.191211103108136,"Taucorr":0.005763258255351289},"Iteration":50},
{"Acceptance":[0.20166666666666666],"Energy":{"Mean":-8.203187320053816,"Sigma":0.3386222982710752,"Taucorr":-0.1552081509397361},"EnergyVariance":{"Mean":16.573381757559993,"Sigma":9.744202944359843,"Taucorr":0.013257048749578781},"Iteration":51},
{"Acceptance":[0.194],"Energy":{"Mean":-7.586583755390859,"Sigma":0.35229353315338996,"Taucorr":0.19217367342958847},"EnergyVariance":{"Mean":9.090356602795353,"Sigma":3.888048646830749,"Taucorr":0.10117938858377018},"Iteration":52},
{"Acceptance":[0.18766666666666668],"Energy":{"Mean":-7.948786850807045,"Sigma":0.22820032644022317,"Taucorr":0.1736470385542368},"EnergyVariance":{"Mean":3.8448789271461146,"Sigma":0.8001092408004047,"Taucorr":0.35235827165567746},"Iteration":53},
{"Acceptance":[0.20066666666666666],"Energy":{"Mean":-7.8363068935554745,"Sigma":0.3058106860362992,"Taucorr":0.08013643323844966},"EnergyVariance":{"Mean":8.339628939212021,"Sigma":1.0692926339945032,"Taucorr":-0.08231066242510743},"Iteration":54},
{"Acceptance":[0.188],"Energy":{"Mean":-7.582805616520042,"Sigma":0.6021534357358673,"Taucorr":0.25648399841150393},"EnergyVariance":{"Mean":23.49329594560005,"Sigma":13.91083603162371,"Taucorr":0.2857659204069365},"Iteration":55},
{"Acceptance":[0.18866666666666668],"Energy":{"Mean":-7.506238928887928,"Sigma":0.3986363367563699,"Taucorr":0.04090112754025499},"EnergyVariance":{"Mean":15.368913158623013,"Sigma":9.440434087173267,"Taucorr":0.6333305747819469},"Iteration":56},
{"Acceptance":[0.20866666666666667],"Energy":{"Mean":-8.553238653556734,"Sigma":0.5465506861897363,"Taucorr":0.03724306212368966},"EnergyVariance":{"Mean":27.52559065497637,"Sigma":11.735349134356392,"Taucorr":0.015468323002404527},"Iteration":57},
{"Acceptance":[0.19866666666666666],"Energy":{"Mean":-7.546538022343643,"Sigma":0.24654679421728284,"Taucorr":0.18518148623735387},"EnergyVariance":{"Mean":4.731749939683019,"Sigma":1.0403491934343585,"Taucorr":0.36122170485482796},"Iteration":58},
{"Acceptance":[0.19833333333333333],"Energy":{"Mean":-8.03898996004073,"Sigma":0.3964461431691562,"Taucorr":0.17113175545638182},"EnergyVariance":{"Mean":13.870729969021056,"Sigma":6.105560582600569,"Taucorr":-0.016137172558573665},"Iteration":59},
{"Acceptance":[0.19633333333333333],"Energy":{"Mean":-7.41510225736364,"Sigma":0.2498098574752955,"Taucorr":0.3331034057152671},"EnergyVariance":{"Mean":5.612275955154155,"Sigma":1.1009456092908363,"Taucorr":0.16551313021031344},"Iteration":60},
{"Acceptance":[0.20266666666666666],"Energy":{"Mean":-8.083358265475153,"Sigma":0.3156560431872738,"Taucorr":0.19096221559483795},"EnergyVariance":{"Mean":7.148816522233387,"Sigma":1.5479623365307462,"Taucorr":-0.03244803415349462},"Iteration":61},
{"Acceptance":[0.19033333333333333],"Energy":{"Mean":-7.9747333074415865,"Sigma":0.308677446479477,"Taucorr":0.5380709059262512},"EnergyVariance":{"Mean":4.671915596027283,"Sigma":0.95812184384265,"Taucorr":0.3195300913256567},"Iteration":62},
{"Acceptance":[0.18066666666666667],"Energy":{"Mean":-8.065101730744153,"Sigma":0.28460505918549467,"Taucorr":0.15968466061684483},"EnergyVariance":{"Mean":7.478544054795613,"Sigma":2.1437598000894322,"Taucorr":0.22809557387895263},"Iteration":63},
{"Acceptance":[0.20666666666666667],"Energy":{"Mean":-8.279456320866803,"Sigma":0.3023814304054602,"Taucorr":0.12716323693763176},"EnergyVariance":{"Mean":7.283539268207913,"Sigma":2.023795108848913,"Taucorr":0.04987378502535511},"Iteration":64},
{"Acceptance":[0.18266666666666667],"Energy":{"Mean":-7.673151495519873,"Sigma":0.25018373899740687,"Taucorr":0.12959485012966188},"EnergyVariance":{"Mean":5.82548633731476,"Sigma":1.3984654841180597,"Taucorr":0.4314348483139765},"Iteration":65},
{"Acceptance":[0.205],"Energy":{"Mean":-7.681345372136496,"Sigma":0.2340302582578371,"Taucorr":0.2747536939722576},"EnergyVariance":{"Mean":3.590050157956709,"Sigma":0.6750894861727545,"Taucorr":0.06455809040337457},"Iteration":66},
{"Acceptance":[0.17766666666666667],"Energy":{"Mean":-8.087362474370334,"Sigma":0.32435357858144975,"Taucorr":0.3154903462530574},"EnergyVariance":{"Mean":6.396376043373174,"Sigma":1.9197663596559371,"Taucorr":0.1288108892986468},"Iteration":67},
{"Acceptance":[0.194],"Energy":{"Mean":-8.288528813962555,"Sigma":0.2969443304760198,"Taucorr":0.4940373702508394},"EnergyVariance":{"Mean":4.97458245188003,"Sigma":0.8915559927301276,"Taucorr":0.1218168085199951},"Iteration":68},
{"Acceptance":[0.19966666666666666],"Energy":{"Mean":-7.600576283351654,"Sigma":0.2665317487012586,"Taucorr":0.026996693304631836},"EnergyVariance":{"Mean":7.762992483922454,"Sigma":2.1469296355330516,"Taucorr":-0.01699220344670127},"Iteration":69},
{"Acceptance":[0.20066666666666666],"Energy":{"Mean":-8.746040978905544,"Sigma":0.2750512677244733,"Taucorr":0.0552313490361791},"EnergyVariance":{"Mean":6.753056930514093,"Sigma":2.8876013593606213,"Taucorr":0.11670139940715996},"Iteration":70},
{"Acceptance":[0.20633333333333334],"Energy":{"Mean":-8.56434713347354,"Sigma":0.25361800167637066,"Taucorr":0.1086267820015625},"EnergyVariance":{"Mean":5.221855034246773,"Sigma":1.140330225416832,"Taucorr":0.15527869595783828},"Iteration":71},
{"Acceptance":[0.18533333333333332],"Energy":{"Mean":-8.617644971385273,"Sigma":0.34971124286341426,"Taucorr":0.34839484197577997},"EnergyVariance":{"Mean":8.067446400870065,"Sigma":1.4395287030064305,"Taucorr":0.31772833521920485},"Iteration":72},
{"Acceptance":[0.20533333333333334],"Energy":{"Mean":-8.736802521155045,"Sigma":0.3239720610706331,"Taucorr":0.27759973886729494},"EnergyVariance":{"Mean":6.912930530591209,"Sigma":2.470750593532908,"Taucorr":0.1690226003050168},"Iteration":73},
{"Acceptance":[0.21666666666666667],"Energy":{"Mean":-8.43765299566989,"Sigma":0.5479705897892974,"Taucorr":0.6230288590501345},"EnergyVariance":{"Mean":14.717654128564195,"Sigma":8.519953058106303,"Taucorr":0.4839402063811574},"Iteration":74},
{"Acceptance":[0.19566666666666666],"Energy":{"Mean":-8.611572193436116,"Sigma":0.43149556259316735,"Taucorr":0.39321664563135394},"EnergyVariance":{"Mean":10.933971002291997,"Sigma":2.9635062150413805,"Taucorr":-0.026426191623493633},"Iteration":75},
{"Acceptance":[0.20466666666666666],"Energy":{"Mean":-8.962219556796486,"Sigma":0.3093483843143357,"Taucorr":0.18726946039677017},"EnergyVariance":{"Mean":7.406828829719771,"Sigma":2.778491675086381,"Taucorr":-0.030103640190643932},"Iteration":76},
{"Acceptance":[0.206],"Energy":{"Mean":-9.548385117821255,"Sigma":0.35135093971621695,"Taucorr":0.23288175151817692},"EnergyVariance":{"Mean":9.155606032391084,"Sigma":3.2689258563389396,"Taucorr":0.01621346763223941},"Iteration":77},
{"Acceptance":[0.198],"Energy":{"Mean":-9.557761188564598,"Sigma":0.33361317976341925,"Taucorr":0.4340901685203027},"EnergyVariance":{"Mean":5.958894096195409,"Sigma":0.9387491313656625,"Taucorr":-0.04407846167917634},"Iteration":78},
{"Acceptance":[0.20633333333333334],"Energy":{"Mean":-8.404440692113761,"Sigma":0.2562946964412278,"Taucorr":0.09553127712413101},"EnergyVariance":{"Mean":5.435385464705671,"Sigma":0.7515694273231507,"Taucorr":-0.021840810268815736},"Iteration":79},
{"Acceptance":[0.205],"Energy":{"Mean":-9.38855638126873,"Sigma":0.3734492814113771,"Taucorr":0.42435583416493705},"EnergyVariance":{"Mean":7.892701128878444,"Sigma":1.0960232790440574,"Taucorr":0.00705883938137386},"Iteration":80},
{"Acceptance":[0.21566666666666667],"Energy":{"Mean":-8.927162764221595,"Sigma":0.35423170533244785,"Taucorr":0.380539803560099},"EnergyVariance":{"Mean":7.727097924830809,"Sigma":2.4902504174627498,"Taucorr":-0.03394977209279476},"Iteration":81},
{"Acceptance":[0.21566666666666667],"Energy":{"Mean":-9.88763510773849,"Sigma":0.28641414375671664,"Taucorr":-0.06649990114062226},"EnergyVariance":{"Mean":10.474714525312823,"Sigma":3.9019936948388825,"Taucorr":-0.013804795235335565},"Iteration":82},
{"Acceptance":[0.19066666666666668],"Energy":{"Mean":-9.407240918615162,"Sigma":0.2739921253688949,"Taucorr":-0.08546206935544004},"EnergyVariance":{"Mean":9.742329632206362,"Sigma":4.100629360640474,"Taucorr":0.011493466864238688},"Iteration":83},
{"Acceptance":[0.216],"Energy":{"Mean":-9.691363020424514,"Sigma":0.30151276423899603,"Taucorr":0.17577414449338058},"EnergyVariance":{"Mean":7.212130713063463,"Sigma":0.964219048264993,"Taucorr":0.005540499864251425},"Iteration":84},
{"Acceptance":[0.233],"Energy":{"Mean":-9.884473524933098,"Sigma":0.30060697343582193,"Taucorr":0.13177917277871498},"EnergyVariance":{"Mean":7.272952421513495,"Sigma":1.269024649116151,"Taucorr":0.06359113179925724},"Iteration":85},
{"Acceptance":[0.221],"Energy":{"Mean":-9.569401750214634,"Sigma":0.704522226374325,"Taucorr":0.3368155811175422},"EnergyVariance":{"Mean":34.149617063799234,"Sigma":12.204261451070753,"Taucorr":-0.009936402206704331},"Iteration":86},
{"Acceptance":[0.19966666666666666],"Energy":{"Mean":-9.781028966624493,"Sigma":0.46577471924471014,"Taucorr":0.2886959414355522},"EnergyVariance":{"Mean":15.754474497064718,"Sigma":7.1584177276964285,"Taucorr":0.3843248756141966},"Iteration":87},
{"Acceptance":[0.20866666666666667],"Energy":{"Mean":-10.172090014389292,"Sigma":0.4056378090036689,"Taucorr":0.16776694390151214},"EnergyVariance":{"Mean":13.395922568429759,"Sigma":6.493591626699494,"Taucorr":-0.018870440598913463},"Iteration":88},
{"Acceptance":[0.20733333333333334],"Energy":{"Mean":-10.375568649441819,"Sigma":0.6505202568077415,"Taucorr":0.14268328039482103},"EnergyVariance":{"Mean":38.350644095687194,"Sigma":12.709549502745356,"Taucorr":-0.05547196737433274},"Iteration":89},
{"Acceptance":[0.19066666666666668],"Energy":{"Mean":-10.695974662290235,"Sigma":0.6405084939896792,"Taucorr":0.25233828920156},"EnergyVariance":{"Mean":32.14048934628867,"Sigma":10.392492063775205,"Taucorr":-0.03083068272975442},"Iteration":90},
{"Acceptance":[0.19133333333333333],"Energy":{"Mean":-11.501015464625551,"Sigma":0.5610343189392273,"Taucorr":0.30316434548238425},"EnergyVariance":{"Mean":19.51344974564191,"Sigma":5.638742641295705,"Taucorr":0.029464144747865073},"Iteration":91},
{"Acceptance":[0.19166666666666668],"Energy":{"Mean":-12.779888701173643,"Sigma":0.9935070740756445,"Taucorr":0.8189071688259884},"EnergyVariance":{"Mean":39.38097459436467,"Sigma":14.326470442458419,"Taucorr":0.6132951038814225},"Iteration":92},
{"Acceptance":[0.195],"Energy":{"Mean":-10.770570243414857,"Sigma":0.46602929285271866,"Taucorr":-0.12181190768630712},"EnergyVariance":{"Mean":28.121121974016912,"Sigma":19.201552479234806,"Taucorr":0.023741504215934905},"Iteration":93},
{"Acceptance":[0.183],"Energy":{"Mean":-11.139591838714734,"Sigma":0.41855435608749697,"Taucorr":0.01043354917929984},"EnergyVariance":{"Mean":22.771093943938027,"Sigma":12.803804326253385,"Taucorr":0.8214900434337078},"Iteration":94},
{"Acceptance":[0.19533333333333333],"Energy":{"Mean":-10.435345368704278,"Sigma":0.37631650219999097,"Taucorr":0.051237767179493576},"EnergyVariance":{"Mean":15.278601297899796,"Sigma":6.9280541450934345,"Taucorr":-0.014152294217443406},"Iteration":95},
{"Acceptance":[0.18733333333333332],"Energy":{"Mean":-11.396450577765197,"Sigma":0.4611603437216812,"Taucorr":0.4272086688513963},"EnergyVariance":{"Mean":11.494080864197807,"Sigma":3.375844091492983,"Taucorr":0.23348382051098804},"Iteration":96},
{"Acceptance":[0.18],"Energy":{"Mean":-10.552274414974269,"Sigma":0.522972412685252,"Taucorr":0.22296323526852158},"EnergyVariance":{"Mean":18.547944199070958,"Sigma":6.344873820916344,"Taucorr":0.013117282036938294},"Iteration":97},
{"Acceptance":[0.15933333333333333],"Energy":{"Mean":-11.465964203837416,"Sigma":0.4456698460536191,"Taucorr":0.10049540882246855},"EnergyVariance":{"Mean":16.705304650990893,"Sigma":4.659359494161875,"Taucorr":0.1630609807161627},"Iteration":98},
{"Acceptance":[0.162],"Energy":{"Mean":-11.361074139029999,"Sigma":0.5208337693160247,"Taucorr":0.46471596955070316},"EnergyVariance":{"Mean":14.578575238751398,"Sigma":5.573559394763985,"Taucorr":0.31447144852845066},"Iteration":99} 
]}
{"input": {"L": 14, "J": 1, "machine": {"type": "FFNN", "model": ["tanh", 63, 2]}, "sampler": {"type": "MetropolisHop", "d_max": 5}, "optimizer": {"type": "AdaMax", "alpha": 0.001, "beta1": 0.9, "beta2": 0.999, "epscut": 1e-07}, "VMC": {"n_samples": 100, "discarded_samples": 100, "discarded_samples_on_init": 0, "target": "energy", "method": "Gd", "diag_shift": 0.01, "use_iterative": true, "use_cholesky": true}, "n_iter": 100}}
duration: -2.303309679031372