{"Output": [
{"Acceptance":[0.9395238095238095],"Energy":{"Mean":5.259351940216222,"Sigma":0.163793271792248,"Taucorr":0.28307506652654324},"EnergyVariance":{"Mean":3.283069411756567,"Sigma":0.22354087535564382,"Taucorr":-0.14853680471398512},"Iteration":0},
{"Acceptance":[0.9242857142857143],"Energy":{"Mean":5.166047718269658,"Sigma":0.12841432146086457,"Taucorr":0.0012703708484265164},"EnergyVariance":{"Mean":3.165893602976931,"Sigma":0.28114212725174526,"Taucorr":-0.12026655979365253},"Iteration":1},
{"Acceptance":[0.9114285714285715],"Energy":{"Mean":5.465846181989146,"Sigma":0.14138485483652305,"Taucorr":0.05777069021173853},"EnergyVariance":{"Mean":3.4542872672944247,"Sigma":0.27460622017571235,"Taucorr":-0.1331602570783852},"Iteration":2},
{"Acceptance":[0.8909523809523809],"Energy":{"Mean":5.127064131675888,"Sigma":0.10120269696317738,"Taucorr":-0.16130802370306818},"EnergyVariance":{"Mean":2.9364432555660835,"Sigma":0.2657812446388198,"Taucorr":-0.05817767085820158},"Iteration":3},
{"Acceptance":[0.8942857142857142],"Energy":{"Mean":5.485605264000538,"Sigma":0.09113204291199836,"Taucorr":-0.2708659447086126},"EnergyVariance":{"Mean":3.5325007280007386,"Sigma":0.3542308353492549,"Taucorr":0.06256729859901988},"Iteration":4},
{"Acceptance":[0.8790476190476191],"Energy":{"Mean":5.129000144670374,"Sigma":0.11852142424387102,"Taucorr":-0.056143341784046785},"EnergyVariance":{"Mean":3.10276750824242,"Sigma":0.33997778874129025,"Taucorr":0.1370618334834629},"Iteration":5},
{"Acceptance":[0.8785714285714286],"Energy":{"Mean":5.016713071277387,"Sigma":0.14746261914621178,"Taucorr":0.11147185698139261},"EnergyVariance":{"Mean":3.5107528725544626,"Sigma":0.3502102331950806,"Taucorr":0.024354773508109773},"Iteration":6},
{"Acceptance":[0.8785714285714286],"Energy":{"Mean":5.158755921512202,"Sigma":0.1284498742480445,"Taucorr":-0.037349255088890976},"EnergyVariance":{"Mean":3.5438786584719137,"Sigma":0.3298520482841867,"Taucorr":-0.018675976212046363},"Iteration":7},
{"Acceptance":[0.8485714285714285],"Energy":{"Mean":5.229011867443382,"Sigma":0.15344747441436865,"Taucorr":0.08526521990550773},"EnergyVariance":{"Mean":3.9749300261289005,"Sigma":0.33495249819121936,"Taucorr":-0.011788405659676537},"Iteration":8},
{"Acceptance":[0.8557142857142858],"Energy":{"Mean":5.04788110417894,"Sigma":0.1666626782129803,"Taucorr":0.2802390431542121},"EnergyVariance":{"Mean":3.5821318933010304,"Sigma":0.3608399655913226,"Taucorr":-0.037271700247936634},"Iteration":9},
{"Acceptance":[0.8576190476190476],"Energy":{"Mean":5.206100759975671,"Sigma":0.10499617547683285,"Taucorr":-0.1718187298559054},"EnergyVariance":{"Mean":3.4613700911338268,"Sigma":0.36490303510338873,"Taucorr":-0.04740184222732158},"Iteration":10},
{"Acceptance":[0.8404761904761905],"Energy":{"Mean":5.16463953332654,"Sigma":0.18615181561099597,"Taucorr":0.3155898788370557},"EnergyVariance":{"Mean":4.338402120667749,"Sigma":0.3747599609133797,"Taucorr":0.023561459664941276},"Iteration":11},
{"Acceptance":[0.8414285714285714],"Energy":{"Mean":5.004064667865332,"Sigma":0.14348410057509867,"Taucorr":0.026052295600098696},"EnergyVariance":{"Mean":4.023587915497715,"Sigma":0.38266278342623083,"Taucorr":0.0022892836237826675},"Iteration":12},
{"Acceptance":[0.8204761904761905],"Energy":{"Mean":4.9971259710972475,"Sigma":0.1565817945919014,"Taucorr":0.17106499774154615},"EnergyVariance":{"Mean":3.78266419993444,"Sigma":0.3946350950845933,"Taucorr":0.2060029733572638},"Iteration":13},
{"Acceptance":[0.8061904761904762],"Energy":{"Mean":5.117972663782783,"Sigma":0.14864695285476548,"Taucorr":0.053514477369511315},"EnergyVariance":{"Mean":4.131337312516053,"Sigma":0.34322048927893767,"Taucorr":-0.14806134485027606},"Iteration":14},
{"Acceptance":[0.8076190476190476],"Energy":{"Mean":4.717946374162084,"Sigma":0.1317636169881679,"Taucorr":-0.08516603852006338},"EnergyVariance":{"Mean":4.357741684595988,"Sigma":0.31941899124405243,"Taucorr":-0.1842016199762913},"Iteration":15},
{"Acceptance":[0.8042857142857143],"Energy":{"Mean":4.7073019737941495,"Sigma":0.1532220208360435,"Taucorr":0.07423579217907894},"EnergyVariance":{"Mean":4.359099932117678,"Sigma":0.4563745782740221,"Taucorr":0.06103018026498419},"Iteration":16},
{"Acceptance":[0.8028571428571428],"Energy":{"Mean":4.866019366221542,"Sigma":0.16029448717845257,"Taucorr":0.2412581389426296},"EnergyVariance":{"Mean":3.7681415868482,"Sigma":0.32804555562784427,"Taucorr":-0.005727765217576508},"Iteration":17},
{"Acceptance":[0.8076190476190476],"Energy":{"Mean":4.941031769222789,"Sigma":0.13393238041979283,"Taucorr":-0.1337925569488903},"EnergyVariance":{"Mean":5.335866692398194,"Sigma":0.4890174916863105,"Taucorr":-0.04048545496378797},"Iteration":18},
{"Acceptance":[0.7847619047619048],"Energy":{"Mean":5.001877544963807,"Sigma":0.18288927893799972,"Taucorr":0.20758974249496365},"EnergyVariance":{"Mean":5.174349959600496,"Sigma":0.43359178241449187,"Taucorr":-0.1188262116110575},"Iteration":19},
{"Acceptance":[0.77],"Energy":{"Mean":4.73519650365864,"Sigma":0.16468899986187296,"Taucorr":0.06318908631036735},"EnergyVariance":{"Mean":5.1622470066307535,"Sigma":0.5396544754474175,"Taucorr":0.29463022791865434},"Iteration":20},
{"Acceptance":[0.758095238095238],"Energy":{"Mean":4.606801594996558,"Sigma":0.16622057036612314,"Taucorr":0.11109872932276954},"EnergyVariance":{"Mean":5.039352191457023,"Sigma":0.4891683596618896,"Taucorr":0.1143238897399983},"Iteration":21},
{"Acceptance":[0.7457142857142857],"Energy":{"Mean":4.498130548349042,"Sigma":0.17101358501721114,"Taucorr":0.12415965407364626},"EnergyVariance":{"Mean":5.226542989069759,"Sigma":0.48150220724962345,"Taucorr":0.01994620432428673},"Iteration":22},
{"Acceptance":[0.7652380952380953],"Energy":{"Mean":4.498763991186172,"Sigma":0.1866744500661225,"Taucorr":0.23703394306979497},"EnergyVariance":{"Mean":5.282510787520792,"Sigma":0.518069503811827,"Taucorr":0.03637017949579047},"Iteration":23},
{"Acceptance":[0.7271428571428571],"Energy":{"Mean":4.3956566142422755,"Sigma":0.14473212421845,"Taucorr":-0.015168423881556703},"EnergyVariance":{"Mean":4.8732543895571006,"Sigma":0.4564736344279962,"Taucorr":0.06170916852989905},"Iteration":24},
{"Acceptance":[0.7485714285714286],"Energy":{"Mean":4.9031363112835145,"Sigma":0.15331413743646846,"Taucorr":0.06300355979874761},"EnergyVariance":{"Mean":4.958845138796622,"Sigma":0.3888154598504171,"Taucorr":-0.012863354661256543},"Iteration":25},
{"Acceptance":[0.7380952380952381],"Energy":{"Mean":4.441625510518105,"Sigma":0.18544581547901862,"Taucorr":0.2616398643087128},"EnergyVariance":{"Mean":5.25692945859,"Sigma":0.5742135066151467,"Taucorr":0.42011789516897613},"Iteration":26},
{"Acceptance":[0.7280952380952381],"Energy":{"Mean":4.580932214430859,"Sigma":0.1632688487828019,"Taucorr":0.021179132678300183},"EnergyVariance":{"Mean":5.903488324966086,"Sigma":0.5827812099434269,"Taucorr":-0.006905543001892722},"Iteration":27},
{"Acceptance":[0.7119047619047619],"Energy":{"Mean":4.253162697182014,"Sigma":0.13047362317416444,"Taucorr":-0.05013144166696676},"EnergyVariance":{"Mean":4.808828687876403,"Sigma":0.3704335474947729,"Taucorr":-0.027769126778022346},"Iteration":28},
{"Acceptance":[0.709047619047619],"Energy":{"Mean":4.408461195472034,"Sigma":0.1577180754081623,"Taucorr":0.13585696081649734},"EnergyVariance":{"Mean":4.766235775733361,"Sigma":0.4572384691546904,"Taucorr":0.21783534222394008},"Iteration":29},
{"Acceptance":[0.6895238095238095],"Energy":{"Mean":3.9385340256830745,"Sigma":0.177094410790056,"Taucorr":0.18127358270235738},"EnergyVariance":{"Mean":5.602170864793524,"Sigma":0.3752486448853709,"Taucorr":-0.06851535947036352},"Iteration":30},
{"Acceptance":[0.7195238095238096],"Energy":{"Mean":3.9674085862942774,"Sigma":0.21601633134841677,"Taucorr":0.5106940140887763},"EnergyVariance":{"Mean":5.570523325871968,"Sigma":0.45311109634030616,"Taucorr":-0.13778436729363291},"Iteration":31},
{"Acceptance":[0.6952380952380952],"Energy":{"Mean":4.325099263885701,"Sigma":0.18776017969512282,"Taucorr":0.20264809921734084},"EnergyVariance":{"Mean":6.575343055965271,"Sigma":0.6093219049788202,"Taucorr":0.02932131857765885},"Iteration":32},
{"Acceptance":[0.7033333333333334],"Energy":{"Mean":3.8802988890130368,"Sigma":0.1954926666766031,"Taucorr":0.29137838932299753},"EnergyVariance":{"Mean":6.073693954830608,"Sigma":0.45772017414669997,"Taucorr":-0.16374799962105474},"Iteration":33},
{"Acceptance":[0.6995238095238095],"Energy":{"Mean":4.039999323728415,"Sigma":0.16737425323722027,"Taucorr":0.026228187036343553},"EnergyVariance":{"Mean":6.83013841833673,"Sigma":0.5871038177698708,"Taucorr":0.045447105762057016},"Iteration":34},
{"Acceptance":[0.6695238095238095],"Energy":{"Mean":3.5336854442113634,"Sigma":0.25560378268520845,"Taucorr":0.6495948752737046},"EnergyVariance":{"Mean":7.206333579287986,"Sigma":0.5336603287109277,"Taucorr":-0.002286945246482208},"Iteration":35},
{"Acceptance":[0.6771428571428572],"Energy":{"Mean":3.8524604608020065,"Sigma":0.2022832066621407,"Taucorr":0.3051380851892922},"EnergyVariance":{"Mean":6.716128397286464,"Sigma":0.6698644774346273,"Taucorr":0.19676053610769284},"Iteration":36},
{"Acceptance":[0.6661904761904762],"Energy":{"Mean":3.995132758736683,"Sigma":0.18290684925587342,"Taucorr":0.18879184158787987},"EnergyVariance":{"Mean":6.198600961110991,"Sigma":0.5161544502321896,"Taucorr":0.14384924520432463},"Iteration":37},
{"Acceptance":[0.67],"Energy":{"Mean":3.6780410385208286,"Sigma":0.20951751492533854,"Taucorr":0.32503352655775497},"EnergyVariance":{"Mean":7.082406026249187,"Sigma":0.39575023211226096,"Taucorr":-0.25872091192147473},"Iteration":38},
{"Acceptance":[0.6395238095238095],"Energy":{"Mean":3.4666395087610784,"Sigma":0.19760057364839273,"Taucorr":0.15831602753147067},"EnergyVariance":{"Mean":7.809445879020442,"Sigma":0.6136390618996499,"Taucorr":-0.0718055198773323},"Iteration":39},
{"Acceptance":[0.638095238095238],"Energy":{"Mean":3.475904570890903,"Sigma":0.18945411748913182,"Taucorr":0.22205779069641063},"EnergyVariance":{"Mean":7.060616667145242,"Sigma":0.5653377198423253,"Taucorr":-0.06547890344984109},"Iteration":40},
{"Acceptance":[0.6157142857142858],"Energy":{"Mean":3.901901598210436,"Sigma":0.17150278637288072,"Taucorr":0.12326775479703145},"EnergyVariance":{"Mean":6.413619770791811,"Sigma":0.60418313610214,"Taucorr":0.05516886769366802},"Iteration":41},
{"Acceptance":[0.6190476190476191],"Energy":{"Mean":3.53790084907295,"Sigma":0.1810418164635675,"Taucorr":0.13054761010601545},"EnergyVariance":{"Mean":7.048249959101909,"Sigma":0.7213872108331132,"Taucorr":0.12420771425441168},"Iteration":42},
{"Acceptance":[0.6171428571428571],"Energy":{"Mean":3.0878308896564834,"Sigma":0.16338913661679622,"Taucorr":-0.023371414076164443},"EnergyVariance":{"Mean":7.334114439699951,"Sigma":0.6741406856937868,"Taucorr":0.009311724690898249},"Iteration":43},
{"Acceptance":[0.6014285714285714],"Energy":{"Mean":3.300619011249474,"Sigma":0.20537346038330317,"Taucorr":0.25265979490519697},"EnergyVariance":{"Mean":8.031209954000877,"Sigma":0.8378631685557343,"Taucorr":0.1731252709191079},"Iteration":44},
{"Acceptance":[0.6080952380952381],"Energy":{"Mean":3.0386224932658994,"Sigma":0.18063570750134472,"Taucorr":0.15410047846507047},"EnergyVariance":{"Mean":7.251263080928353,"Sigma":0.7116871498166528,"Taucorr":0.2075509771332571},"Iteration":45},
{"Acceptance":[0.6461904761904762],"Energy":{"Mean":3.2643897520107727,"Sigma":0.20579126035228815,"Taucorr":0.37700088354881145},"EnergyVariance":{"Mean":7.256035318168437,"Sigma":0.6322137680940266,"Taucorr":0.06414235600977869},"Iteration":46},
{"Acceptance":[0.6095238095238096],"Energy":{"Mean":2.7897677053792274,"Sigma":0.22032295310602848,"Taucorr":0.28850177683617495},"EnergyVariance":{"Mean":8.87726103603897,"Sigma":0.9905810518288948,"Taucorr":0.13713549972503047},"Iteration":47},
{"Acceptance":[0.5914285714285714],"Energy":{"Mean":2.963075404859686,"Sigma":0.2381499943698879,"Taucorr":0.6106650862001424},"EnergyVariance":{"Mean":7.012598152596582,"Sigma":0.4935027330362101,"Taucorr":-0.09711620102550828},"Iteration":48},
{"Acceptance":[0.6023809523809524],"Energy":{"Mean":2.928602650588386,"Sigma":0.19688731715991348,"Taucorr":0.18389937995908334},"EnergyVariance":{"Mean":8.75856960864187,"Sigma":0.8495722308775795,"Taucorr":0.0589503834014562},"Iteration":49},
{"Acceptance":[0.5695238095238095],"Energy":{"Mean":2.5776583448640764,"Sigma":0.2405539046747327,"Taucorr":0.3091295884060984},"EnergyVariance":{"Mean":9.854080771317218,"Sigma":0.8982341410975878,"Taucorr":-0.007282604758146349},"Iteration":50},
{"Acceptance":[0.5623809523809524],"Energy":{"Mean":2.9429733718421245,"Sigma":0.2195041588784368,"Taucorr":0.3047993165964068},"EnergyVariance":{"Mean":8.831996719368181,"Sigma":0.7495861932375291,"Taucorr":-0.10869102719666468},"Iteration":51},
{"Acceptance":[0.5933333333333334],"Energy":{"Mean":3.119808056915383,"Sigma":0.2698492968149636,"Taucorr":0.5760357599526895},"EnergyVariance":{"Mean":10.199774108453445,"Sigma":1.0130328885746074,"Taucorr":0.05726802338213044},"Iteration":52},
{"Acceptance":[0.5504761904761905],"Energy":{"Mean":2.4859180931289075,"Sigma":0.19286058425761834,"Taucorr":0.1694886077620379},"EnergyVariance":{"Mean":8.213926284078012,"Sigma":0.7597338013432493,"Taucorr":-0.06898493311814141},"Iteration":53},
{"Acceptance":[0.5485714285714286],"Energy":{"Mean":2.4562254364401856,"Sigma":0.236656539258107,"Taucorr":0.3949618248883461},"EnergyVariance":{"Mean":9.884781552256145,"Sigma":0.9032026889555943,"Taucorr":-0.08811898427132453},"Iteration":54},
{"Acceptance":[0.5380952380952381],"Energy":{"Mean":2.3645467899833177,"Sigma":0.1856794514592914,"Taucorr":0.06313325529704716},"EnergyVariance":{"Mean":9.597701611220325,"Sigma":1.06467385778696,"Taucorr":0.18131368898118205},"Iteration":55},
{"Acceptance":[0.5271428571428571],"Energy":{"Mean":2.090228446801517,"Sigma":0.18300179654898535,"Taucorr":-0.036056760225188667},"EnergyVariance":{"Mean":10.077966910372997,"Sigma":1.2842146231511287,"Taucorr":0.30447169289442055},"Iteration":56},
{"Acceptance":[0.5352380952380953],"Energy":{"Mean":2.241389043668085,"Sigma":0.2295745611762532,"Taucorr":0.472989935993145},"EnergyVariance":{"Mean":8.571031467796628,"Sigma":1.0913568043961925,"Taucorr":0.2817633887533817},"Iteration":57},
{"Acceptance":[0.5414285714285715],"Energy":{"Mean":2.044004781244479,"Sigma":0.2849132290841864,"Taucorr":0.7025370991455357},"EnergyVariance":{"Mean":10.668263513741687,"Sigma":1.5099295293684,"Taucorr":0.5096542150331094},"Iteration":58},
{"Acceptance":[0.5209523809523809],"Energy":{"Mean":1.7535161261058574,"Sigma":0.2618539903791535,"Taucorr":0.5532193466068063},"EnergyVariance":{"Mean":10.290471408405397,"Sigma":1.2143719660672254,"Taucorr":0.0903590791667892},"Iteration":59},
{"Acceptance":[0.4819047619047619],"Energy":{"Mean":1.7559859805119842,"Sigma":0.2665896625034617,"Taucorr":0.3598894279832622},"EnergyVariance":{"Mean":12.484957597477518,"Sigma":1.5509337780454904,"Taucorr":0.2135283558399077},"Iteration":60},
{"Acceptance":[0.4876190476190476],"Energy":{"Mean":1.7084180004751464,"Sigma":0.23986999279490534,"Taucorr":0.3390840221350069},"EnergyVariance":{"Mean":9.886850882126938,"Sigma":0.8948000434956188,"Taucorr":0.06566443174473391},"Iteration":61},
{"Acceptance":[0.49],"Energy":{"Mean":1.2805642055400819,"Sigma":0.2889838390950752,"Taucorr":0.6442489254847525},"EnergyVariance":{"Mean":10.07626920239278,"Sigma":0.7076273855018417,"Taucorr":-0.2090889000373531},"Iteration":62},
{"Acceptance":[0.5147619047619048],"Energy":{"Mean":2.3694937356343706,"Sigma":0.21908888366397372,"Taucorr":0.2186857177855297},"EnergyVariance":{"Mean":11.693282131521979,"Sigma":1.1122675857502013,"Taucorr":-0.07235868206850293},"Iteration":63},
{"Acceptance":[0.4795238095238095],"Energy":{"Mean":1.0545036633417355,"Sigma":0.28030071893985353,"Taucorr":0.6501460356583206},"EnergyVariance":{"Mean":10.02968411866535,"Sigma":1.106733528219173,"Taucorr":0.12526620414679557},"Iteration":64},
{"Acceptance":[0.4742857142857143],"Energy":{"Mean":0.9187359068804632,"Sigma":0.270168367935281,"Taucorr":0.5980272015961441},"EnergyVariance":{"Mean":10.824190636152895,"Sigma":1.095410572333663,"Taucorr":-0.11926950566030559},"Iteration":65},
{"Acceptance":[0.46714285714285714],"Energy":{"Mean":1.4519233079396399,"Sigma":0.25142714213052186,"Taucorr":0.502544809099639},"EnergyVariance":{"Mean":9.939762309999935,"Sigma":1.3356724734016545,"Taucorr":0.20122074399513046},"Iteration":66},
{"Acceptance":[0.47523809523809524],"Energy":{"Mean":1.340000416855299,"Sigma":0.1596046631195044,"Taucorr":-0.09984977191518601},"EnergyVariance":{"Mean":9.505597013527616,"Sigma":0.7397256579882552,"Taucorr":-0.05062485273970929},"Iteration":67},
{"Acceptance":[0.43333333333333335],"Energy":{"Mean":0.784443371934502,"Sigma":0.26644913628125233,"Taucorr":0.6232284041831464},"EnergyVariance":{"Mean":9.750144810931152,"Sigma":0.8569398981681847,"Taucorr":0.027272898494992703},"Iteration":68},
{"Acceptance":[0.4452380952380952],"Energy":{"Mean":0.7182783751433126,"Sigma":0.3385173460689945,"Taucorr":0.8092553231914192},"EnergyVariance":{"Mean":12.922478661933832,"Sigma":1.2989860346542554,"Taucorr":0.2350940776114655},"Iteration":69},
{"Acceptance":[0.43476190476190474],"Energy":{"Mean":0.9024836216675551,"Sigma":0.2545565030856251,"Taucorr":0.4361602761389938},"EnergyVariance":{"Mean":10.634413209005093,"Sigma":1.2080635735908973,"Taucorr":0.09494399475111559},"Iteration":70},
{"Acceptance":[0.43857142857142856],"Energy":{"Mean":0.7742857298645583,"Sigma":0.2659932932906119,"Taucorr":0.4095673063913404},"EnergyVariance":{"Mean":12.579228714988322,"Sigma":2.004491031905887,"Taucorr":0.47419685273136136},"Iteration":71},
{"Acceptance":[0.4142857142857143],"Energy":{"Mean":0.18972179146351192,"Sigma":0.2537531446210057,"Taucorr":0.32288861966533466},"EnergyVariance":{"Mean":11.57856240995484,"Sigma":1.4426553494441057,"Taucorr":0.13942281013684743},"Iteration":72},
{"Acceptance":[0.3904761904761905],"Energy":{"Mean":0.5941158182301368,"Sigma":0.2832713174811782,"Taucorr":0.6355002525347311},"EnergyVariance":{"Mean":11.27555701232063,"Sigma":1.1021781314287757,"Taucorr":-0.07163831374874491},"Iteration":73},
{"Acceptance":[0.3976190476190476],"Energy":{"Mean":0.6060112002376083,"Sigma":0.30494632108126823,"Taucorr":0.6504178938866076},"EnergyVariance":{"Mean":12.486807998485041,"Sigma":1.4146105051437088,"Taucorr":0.05996305159035875},"Iteration":74},
{"Acceptance":[0.36523809523809525],"Energy":{"Mean":-0.019690718414349107,"Sigma":0.3208230273122454,"Taucorr":0.8924465696081771},"EnergyVariance":{"Mean":10.525241713226023,"Sigma":1.2421538819257543,"Taucorr":0.20343700389503505},"Iteration":75},
{"Acceptance":[0.3995238095238095],"Energy":{"Mean":-0.07863977711067113,"Sigma":0.2582731619969706,"Taucorr":0.5990483447343709},"EnergyVariance":{"Mean":9.510007576050064,"Sigma":1.2051985038054247,"Taucorr":0.18872755421797793},"Iteration":76},
{"Acceptance":[0.3880952380952381],"Energy":{"Mean":0.6456902661388317,"Sigma":0.3181832713340412,"Taucorr":0.8294672520711217},"EnergyVariance":{"Mean":12.432107614851352,"Sigma":1.3890061839209678,"Taucorr":0.24617401220921975},"Iteration":77},
{"Acceptance":[0.38047619047619047],"Energy":{"Mean":-0.23945601319695353,"Sigma":0.29309492384366975,"Taucorr":0.7555722723108247},"EnergyVariance":{"Mean":10.025139059858084,"Sigma":1.176834397920556,"Taucorr":0.03133346072929388},"Iteration":78},
{"Acceptance":[0.3566666666666667],"Energy":{"Mean":-0.4040734066942953,"Sigma":0.38401462809707576,"Taucorr":1.271683616784672},"EnergyVariance":{"Mean":10.896402801395329,"Sigma":1.0341256269686494,"Taucorr":0.20792771512531227},"Iteration":79},
{"Acceptance":[0.34714285714285714],"Energy":{"Mean":-0.472851019901735,"Sigma":0.31840539065981727,"Taucorr":0.6898477632602933},"EnergyVariance":{"Mean":12.466214597452021,"Sigma":1.5551313627310046,"Taucorr":0.01877242106409993},"Iteration":80},
{"Acceptance":[0.3157142857142857],"Energy":{"Mean":-0.6893931570423835,"Sigma":0.31234954542256177,"Taucorr":0.8545473877498162},"EnergyVariance":{"Mean":11.640897394161467,"Sigma":1.2682113914630457,"Taucorr":0.06589790120539707},"Iteration":81},
{"Acceptance":[0.3238095238095238],"Energy":{"Mean":-0.497280323730687,"Sigma":0.26031059678273755,"Taucorr":0.3350114043970992},"EnergyVariance":{"Mean":12.568477753191118,"Sigma":1.61491913611804,"Taucorr":0.2095962131566118},"Iteration":82},
{"Acceptance":[0.31],"Energy":{"Mean":-0.9994323417173849,"Sigma":0.3217382481422373,"Taucorr":1.0222179854926117},"EnergyVariance":{"Mean":9.77231059532125,"Sigma":1.4808362507328727,"Taucorr":0.3520074435201843},"Iteration":83},
{"Acceptance":[0.29904761904761906],"Energy":{"Mean":-0.8967512663358527,"Sigma":0.38995424461165873,"Taucorr":1.0048798705136939},"EnergyVariance":{"Mean":13.96900696102875,"Sigma":1.7428642478620147,"Taucorr":0.32882619444336947},"Iteration":84},
{"Acceptance":[0.2757142857142857],"Energy":{"Mean":-1.9111776673777732,"Sigma":0.4004905681427984,"Taucorr":1.302608665679402},"EnergyVariance":{"Mean":11.941046506315164,"Sigma":1.3612957326912762,"Taucorr":0.10701089217500737},"Iteration":85},
{"Acceptance":[0.2580952380952381],"Energy":{"Mean":-1.6809440628597012,"Sigma":0.31504062766803403,"Taucorr":0.748137471157277},"EnergyVariance":{"Mean":10.275629693450082,"Sigma":0.9223080507898453,"Taucorr":-0.022682848148884827},"Iteration":86},
{"Acceptance":[0.2561904761904762],"Energy":{"Mean":-2.1426796014892076,"Sigma":0.41560668612519525,"Taucorr":1.3541803258266245},"EnergyVariance":{"Mean":13.995246661704964,"Sigma":2.5775370083203155,"Taucorr":0.3444346345809489},"Iteration":87},
{"Acceptance":[0.20761904761904762],"Energy":{"Mean":-2.461320137262771,"Sigma":0.37840177150331844,"Taucorr":1.376300978431699},"EnergyVariance":{"Mean":9.595523409285523,"Sigma":1.1731230437652438,"Taucorr":0.2877994306534396},"Iteration":88},
{"Acceptance":[0.2195238095238095],"Energy":{"Mean":-2.438753127767881,"Sigma":0.3651924815937622,"Taucorr":1.2828727950046817},"EnergyVariance":{"Mean":11.496336670383684,"Sigma":2.8042497824849013,"Taucorr":0.5132859631392555},"Iteration":89},
{"Acceptance":[0.21047619047619048],"Energy":{"Mean":-2.86176550196868,"Sigma":0.32285979217260763,"Taucorr":1.1912777028180366},"EnergyVariance":{"Mean":7.97516820516421,"Sigma":1.0250066936823232,"Taucorr":0.22325586770713335},"Iteration":90},
{"Acceptance":[0.24904761904761905],"Energy":{"Mean":-1.5658273869163855,"Sigma":0.4852973803614106,"Taucorr":1.672731465432526},"EnergyVariance":{"Mean":20.043306580446107,"Sigma":4.275169034009093,"Taucorr":1.0740859086900858},"Iteration":91},
{"Acceptance":[0.23095238095238096],"Energy":{"Mean":-1.8124481060832047,"Sigma":0.3672326592861801,"Taucorr":1.0659224066875128},"EnergyVariance":{"Mean":11.611755357178083,"Sigma":1.3233242300669608,"Taucorr":-0.039340995353814634},"Iteration":92},
{"Acceptance":[0.22476190476190477],"Energy":{"Mean":-2.0840109002473786,"Sigma":0.37022710180063534,"Taucorr":1.1908952280477616},"EnergyVariance":{"Mean":11.425358127193762,"Sigma":1.4147760301343277,"Taucorr":0.14142937716309634},"Iteration":93},
{"Acceptance":[0.19380952380952382],"Energy":{"Mean":-2.5770075766057037,"Sigma":0.29457612735622335,"Taucorr":0.7122232233336465},"EnergyVariance":{"Mean":9.525762205142312,"Sigma":1.0712205343738186,"Taucorr":0.16011886152328514},"Iteration":94},
{"Acceptance":[0.18761904761904763],"Energy":{"Mean":-2.4493525559466716,"Sigma":0.33486155189885713,"Taucorr":0.8537316428115187},"EnergyVariance":{"Mean":11.396578909798187,"Sigma":1.5695388046132408,"Taucorr":0.1612792087348388},"Iteration":95},
{"Acceptance":[0.15619047619047619],"Energy":{"Mean":-3.220562706019634,"Sigma":0.372637248880756,"Taucorr":1.2259582833729765},"EnergyVariance":{"Mean":9.96852822702493,"Sigma":1.5993932312222645,"Taucorr":0.3305328880812737},"Iteration":96},
{"Acceptance":[0.15666666666666668],"Energy":{"Mean":-3.1060828406311694,"Sigma":0.393642738803896,"Taucorr":1.222879116619832},"EnergyVariance":{"Mean":12.814250983579306,"Sigma":2.989347502178207,"Taucorr":0.5112877732490972},"Iteration":97},
{"Acceptance":[0.14809523809523809],"Energy":{"Mean":-3.265391216714938,"Sigma":0.4066616239214253,"Taucorr":1.630230322510256},"EnergyVariance":{"Mean":12.059073019580296,"Sigma":2.802004655253074,"Taucorr":0.4210760725231453},"Iteration":98},
{"Acceptance":[0.14761904761904762],"Energy":{"Mean":-3.1103954676796475,"Sigma":0.4212421850407674,"Taucorr":1.6155562474533949},"EnergyVariance":{"Mean":11.230388998815098,"Sigma":3.2151227371478264,"Taucorr":0.9208668145756813},"Iteration":99} 
]}
{"input": {"L": 6, "J": 1, "machine": {"type": "FFNN", "model": ["tanh", 5, 2]}, "sampler": {"type": "MetropolisHop", "d_max": 5}, "optimizer": {"type": "AdaMax", "alpha": 0.001, "beta1": 0.9, "beta2": 0.999, "epscut": 1e-07}, "VMC": {"n_samples": 200, "discarded_samples": 100, "discarded_samples_on_init": 0, "target": "energy", "method": "Gd", "diag_shift": 0.01, "use_iterative": false, "use_cholesky": false}, "n_iter": 100}}
duration: -0.3965623378753662