{"Output": [
{"Acceptance":[0.8623809523809524],"Energy":{"Mean":5.088206212210226,"Sigma":0.1318939179826205,"Taucorr":0.0544683831907814},"EnergyVariance":{"Mean":3.1185246195698118,"Sigma":0.38466597804016867,"Taucorr":0.06016960576244135},"Iteration":0},
{"Acceptance":[0.7980952380952381],"Energy":{"Mean":4.682933091139363,"Sigma":0.16479226153540702,"Taucorr":0.30021759013239446},"EnergyVariance":{"Mean":3.779969462683099,"Sigma":0.33833853243643863,"Taucorr":-0.03728804758264187},"Iteration":1},
{"Acceptance":[0.7133333333333334],"Energy":{"Mean":4.47477296511444,"Sigma":0.1771177202078803,"Taucorr":0.23713959662807782},"EnergyVariance":{"Mean":5.081538639446324,"Sigma":0.4082180645201287,"Taucorr":-0.09228240151638784},"Iteration":2},
{"Acceptance":[0.6309523809523809],"Energy":{"Mean":4.075437206481408,"Sigma":0.20309781165592417,"Taucorr":0.4738314866841392},"EnergyVariance":{"Mean":5.524745204979878,"Sigma":0.5918301190316491,"Taucorr":0.2298391576882538},"Iteration":3},
{"Acceptance":[0.5585714285714286],"Energy":{"Mean":2.79899557956018,"Sigma":0.2190217268345453,"Taucorr":0.4890522898742031},"EnergyVariance":{"Mean":6.765071290230371,"Sigma":0.7201547542038811,"Taucorr":0.06837273584193038},"Iteration":4},
{"Acceptance":[0.5138095238095238],"Energy":{"Mean":2.4199925954072516,"Sigma":0.20591578775763994,"Taucorr":0.45957063873597537},"EnergyVariance":{"Mean":6.810105065750806,"Sigma":0.6387696616957708,"Taucorr":0.22965265647500288},"Iteration":5},
{"Acceptance":[0.43047619047619046],"Energy":{"Mean":1.905455485459152,"Sigma":0.2245457721657624,"Taucorr":0.8056074177002346},"EnergyVariance":{"Mean":6.894423407025899,"Sigma":0.5708003847466241,"Taucorr":0.16785617875151693},"Iteration":6},
{"Acceptance":[0.3504761904761905],"Energy":{"Mean":0.9894993536719574,"Sigma":0.21550199851584986,"Taucorr":0.6959635593876334},"EnergyVariance":{"Mean":6.524976553663398,"Sigma":0.7103067435323211,"Taucorr":0.2684597289924834},"Iteration":7},
{"Acceptance":[0.2804761904761905],"Energy":{"Mean":0.20708321986025313,"Sigma":0.19911841429741975,"Taucorr":0.7503914002603962},"EnergyVariance":{"Mean":6.007991508070799,"Sigma":0.8543793382726392,"Taucorr":0.6735022313605226},"Iteration":8},
{"Acceptance":[0.24666666666666667],"Energy":{"Mean":-0.1415519069711006,"Sigma":0.19519791360279123,"Taucorr":0.8500857971883251},"EnergyVariance":{"Mean":6.713385147204389,"Sigma":1.3261243307296091,"Taucorr":0.4850271900490356},"Iteration":9},
{"Acceptance":[0.22142857142857142],"Energy":{"Mean":-0.33715197132498886,"Sigma":0.23258243624975405,"Taucorr":0.963774035085772},"EnergyVariance":{"Mean":7.518554168991128,"Sigma":1.2485108053449778,"Taucorr":0.48897605494592566},"Iteration":10},
{"Acceptance":[0.1823809523809524],"Energy":{"Mean":-0.9357254516483345,"Sigma":0.15440873070539268,"Taucorr":0.6771040015966028},"EnergyVariance":{"Mean":4.127573769873289,"Sigma":0.6568810872614654,"Taucorr":0.17535081650077178},"Iteration":11},
{"Acceptance":[0.17047619047619048],"Energy":{"Mean":-1.2113256165290716,"Sigma":0.16908707780910204,"Taucorr":0.35225360377505743},"EnergyVariance":{"Mean":10.165221452548433,"Sigma":2.624488695291991,"Taucorr":0.6340857960200013},"Iteration":12},
{"Acceptance":[0.1295238095238095],"Energy":{"Mean":-1.5169641929184097,"Sigma":0.13450729549202767,"Taucorr":0.4955331397933407},"EnergyVariance":{"Mean":7.127797387047122,"Sigma":1.8559055986140882,"Taucorr":0.1523220068761767},"Iteration":13},
{"Acceptance":[0.1457142857142857],"Energy":{"Mean":-1.3134801717666855,"Sigma":0.22334652438496758,"Taucorr":0.9272410748458328},"EnergyVariance":{"Mean":5.9115421469294525,"Sigma":1.3777010528180842,"Taucorr":0.307700189205932},"Iteration":14},
{"Acceptance":[0.14904761904761904],"Energy":{"Mean":-1.7466662182169301,"Sigma":0.11659584518275465,"Taucorr":0.07857495918277946},"EnergyVariance":{"Mean":5.031899205472985,"Sigma":1.584426393841647,"Taucorr":0.6401229297245334},"Iteration":15},
{"Acceptance":[0.11285714285714285],"Energy":{"Mean":-1.9615526983598222,"Sigma":0.08027045213847409,"Taucorr":0.17119668444127856},"EnergyVariance":{"Mean":1.7081079975665778,"Sigma":0.5802607267774984,"Taucorr":0.0056708416036651554},"Iteration":16},
{"Acceptance":[0.10571428571428572],"Energy":{"Mean":-2.020774288652087,"Sigma":0.1370126262481421,"Taucorr":0.23867639116119088},"EnergyVariance":{"Mean":3.2525793933484737,"Sigma":1.341601986366618,"Taucorr":0.2968647008586518},"Iteration":17},
{"Acceptance":[0.11285714285714285],"Energy":{"Mean":-2.0434266582574474,"Sigma":0.14127879905113272,"Taucorr":-0.03651981698779527},"EnergyVariance":{"Mean":5.130491884578202,"Sigma":1.6796251634565098,"Taucorr":0.1505300883287516},"Iteration":18},
{"Acceptance":[0.07428571428571429],"Energy":{"Mean":-2.360285365053177,"Sigma":0.17602597539904186,"Taucorr":0.8537001489080198},"EnergyVariance":{"Mean":3.484832107572514,"Sigma":1.9911988483464107,"Taucorr":1.0218088725497574},"Iteration":19},
{"Acceptance":[0.09142857142857143],"Energy":{"Mean":-2.136427159676855,"Sigma":0.12509503606920924,"Taucorr":0.5706833058519696},"EnergyVariance":{"Mean":1.6730026369829243,"Sigma":0.6812898199466911,"Taucorr":0.08326935881010922},"Iteration":20},
{"Acceptance":[0.07047619047619047],"Energy":{"Mean":-2.213234031439298,"Sigma":0.07139099204516951,"Taucorr":0.36267177675857243},"EnergyVariance":{"Mean":0.6138104423013883,"Sigma":0.1669677976677022,"Taucorr":0.2315938140369478},"Iteration":21},
{"Acceptance":[0.08],"Energy":{"Mean":-2.0997348167143475,"Sigma":0.17636123169002627,"Taucorr":0.3517711693094483},"EnergyVariance":{"Mean":3.7744185703051403,"Sigma":2.111925815614793,"Taucorr":0.35516777313756287},"Iteration":22},
{"Acceptance":[0.06761904761904762],"Energy":{"Mean":-2.1665861149148524,"Sigma":0.09751157087264482,"Taucorr":0.8185825236154418},"EnergyVariance":{"Mean":0.735814747760579,"Sigma":0.1786677395679944,"Taucorr":0.6105540794024094},"Iteration":23},
{"Acceptance":[0.08238095238095237],"Energy":{"Mean":-2.249876404556432,"Sigma":0.11562559736284782,"Taucorr":-0.08453237319946638},"EnergyVariance":{"Mean":3.531616896092636,"Sigma":1.6788022545452717,"Taucorr":-0.013252738180700607},"Iteration":24},
{"Acceptance":[0.06666666666666667],"Energy":{"Mean":-2.2779913749632987,"Sigma":0.1011499938310299,"Taucorr":0.4108886089943472},"EnergyVariance":{"Mean":1.1376718664288492,"Sigma":0.5185761541258374,"Taucorr":0.011408782871421996},"Iteration":25},
{"Acceptance":[0.10285714285714286],"Energy":{"Mean":-2.710620873868505,"Sigma":0.23809296098569196,"Taucorr":0.22773351613458837},"EnergyVariance":{"Mean":8.107387921342506,"Sigma":4.008651433826657,"Taucorr":0.4123262876383147},"Iteration":26},
{"Acceptance":[0.08476190476190476],"Energy":{"Mean":-2.7974369843547846,"Sigma":0.3786506844924004,"Taucorr":0.9346665503204858},"EnergyVariance":{"Mean":10.259060701689348,"Sigma":6.557145526188228,"Taucorr":0.9685524345570167},"Iteration":27},
{"Acceptance":[0.09238095238095238],"Energy":{"Mean":-2.502157014063322,"Sigma":0.14410302996333246,"Taucorr":0.20704451202861995},"EnergyVariance":{"Mean":3.085521096844117,"Sigma":1.9571063909132482,"Taucorr":0.16235055265344256},"Iteration":28},
{"Acceptance":[0.0880952380952381],"Energy":{"Mean":-2.4129539748315936,"Sigma":0.097701240010729,"Taucorr":0.2058833559506822},"EnergyVariance":{"Mean":1.3395582437772677,"Sigma":0.6686486712994044,"Taucorr":0.07272760743644757},"Iteration":29},
{"Acceptance":[0.09380952380952381],"Energy":{"Mean":-2.3852346400486546,"Sigma":0.17254956114228578,"Taucorr":-0.025743251160003477},"EnergyVariance":{"Mean":6.280523394685407,"Sigma":2.728961892012873,"Taucorr":0.13612125498604866},"Iteration":30},
{"Acceptance":[0.09],"Energy":{"Mean":-2.681904490481929,"Sigma":0.21748923833310477,"Taucorr":0.1451612227947825},"EnergyVariance":{"Mean":7.496075298733452,"Sigma":4.359627256018004,"Taucorr":0.5521242605836993},"Iteration":31},
{"Acceptance":[0.09952380952380953],"Energy":{"Mean":-2.246305872757448,"Sigma":0.07030707663649759,"Taucorr":-0.1164432995251296},"EnergyVariance":{"Mean":1.3347211576194804,"Sigma":0.5969609480099056,"Taucorr":0.052824499961980687},"Iteration":32},
{"Acceptance":[0.09428571428571429],"Energy":{"Mean":-2.53416858309323,"Sigma":0.12550716961867317,"Taucorr":-0.15783800647594776},"EnergyVariance":{"Mean":4.481136736878241,"Sigma":3.2087131717620987,"Taucorr":0.02842481867811797},"Iteration":33},
{"Acceptance":[0.09857142857142857],"Energy":{"Mean":-2.1348678422052663,"Sigma":0.23899572247992815,"Taucorr":0.5966732286304488},"EnergyVariance":{"Mean":5.435366458172532,"Sigma":3.8126110966722155,"Taucorr":0.9540578698050541},"Iteration":34},
{"Acceptance":[0.10809523809523809],"Energy":{"Mean":-2.3439937372309037,"Sigma":0.14655355693449384,"Taucorr":0.13943967061776485},"EnergyVariance":{"Mean":3.5816172731347793,"Sigma":1.830926156691543,"Taucorr":-0.013830339693556626},"Iteration":35},
{"Acceptance":[0.12047619047619047],"Energy":{"Mean":-2.396484850260025,"Sigma":0.3286452111979718,"Taucorr":0.39858065075664273},"EnergyVariance":{"Mean":12.383652291527019,"Sigma":6.086864981062336,"Taucorr":0.3311324522790594},"Iteration":36},
{"Acceptance":[0.10476190476190476],"Energy":{"Mean":-2.587054866491621,"Sigma":0.14240626751911784,"Taucorr":-0.21583675043867934},"EnergyVariance":{"Mean":8.753594794614118,"Sigma":5.901002641657787,"Taucorr":0.5375762037927372},"Iteration":37},
{"Acceptance":[0.10238095238095238],"Energy":{"Mean":-2.399638509276976,"Sigma":0.07455153130899311,"Taucorr":0.3538368282264792},"EnergyVariance":{"Mean":0.7200429867998419,"Sigma":0.22684161462393784,"Taucorr":0.013142002305412293},"Iteration":38},
{"Acceptance":[0.11857142857142858],"Energy":{"Mean":-2.4728838318314046,"Sigma":0.09104438333938612,"Taucorr":0.5234124702899894},"EnergyVariance":{"Mean":0.86476056190881,"Sigma":0.2349795977230356,"Taucorr":0.15304249924942614},"Iteration":39},
{"Acceptance":[0.1219047619047619],"Energy":{"Mean":-2.703647559280856,"Sigma":0.16487771859746556,"Taucorr":-0.21812010989942415},"EnergyVariance":{"Mean":9.701131851866812,"Sigma":3.7862789759808457,"Taucorr":-0.04242038896098632},"Iteration":40},
{"Acceptance":[0.11619047619047619],"Energy":{"Mean":-3.176648173332957,"Sigma":0.5418795668263097,"Taucorr":1.9902449551453496},"EnergyVariance":{"Mean":13.048217944878507,"Sigma":11.015398025820934,"Taucorr":1.4818362685640922},"Iteration":41},
{"Acceptance":[0.11714285714285715],"Energy":{"Mean":-3.0326247260746557,"Sigma":0.2795772536594515,"Taucorr":0.5149728093264454},"EnergyVariance":{"Mean":7.78443515243756,"Sigma":3.8206215306427054,"Taucorr":0.059074575081334846},"Iteration":42},
{"Acceptance":[0.12380952380952381],"Energy":{"Mean":-2.671846890435726,"Sigma":0.21992398830986631,"Taucorr":0.3198137605561463},"EnergyVariance":{"Mean":6.465519637320149,"Sigma":4.680508411350117,"Taucorr":0.5315189496585098},"Iteration":43},
{"Acceptance":[0.13476190476190475],"Energy":{"Mean":-2.661251322573396,"Sigma":0.1292127501763745,"Taucorr":0.555321093482738},"EnergyVariance":{"Mean":1.6397297578046508,"Sigma":0.463390114516015,"Taucorr":0.6389519756794548},"Iteration":44},
{"Acceptance":[0.13952380952380952],"Energy":{"Mean":-2.763909203804784,"Sigma":0.15918015642972475,"Taucorr":0.07128401130861972},"EnergyVariance":{"Mean":4.426174762347896,"Sigma":2.234609050495795,"Taucorr":0.0034017114748130517},"Iteration":45},
{"Acceptance":[0.14523809523809525],"Energy":{"Mean":-2.632221063787758,"Sigma":0.1236228107381944,"Taucorr":-0.3137652381069362},"EnergyVariance":{"Mean":8.151891978476218,"Sigma":4.973195769094515,"Taucorr":0.2717719417229336},"Iteration":46},
{"Acceptance":[0.14476190476190476],"Energy":{"Mean":-2.5779199740148098,"Sigma":0.21348698376905906,"Taucorr":0.35118056600246117},"EnergyVariance":{"Mean":5.482138818852455,"Sigma":4.166071913892039,"Taucorr":0.5635365264524392},"Iteration":47},
{"Acceptance":[0.1419047619047619],"Energy":{"Mean":-2.3609419704056736,"Sigma":0.16100711873803025,"Taucorr":-0.02486313918893568},"EnergyVariance":{"Mean":5.510976888310762,"Sigma":2.734273878724128,"Taucorr":0.04852490121089903},"Iteration":48},
{"Acceptance":[0.14761904761904762],"Energy":{"Mean":-2.6282469452777004,"Sigma":0.21329982778126697,"Taucorr":0.18043644834804462},"EnergyVariance":{"Mean":7.248218762532061,"Sigma":3.902144740625172,"Taucorr":0.17598028594880744},"Iteration":49},
{"Acceptance":[0.15047619047619049],"Energy":{"Mean":-2.6864794729242116,"Sigma":0.23744520950470424,"Taucorr":0.2875764180132896},"EnergyVariance":{"Mean":7.474317222554912,"Sigma":3.4193575890176358,"Taucorr":0.08345058464913457},"Iteration":50},
{"Acceptance":[0.15523809523809523],"Energy":{"Mean":-2.629627362348318,"Sigma":0.1951727661222252,"Taucorr":0.14733218191583963},"EnergyVariance":{"Mean":5.817811645133003,"Sigma":2.9852834234346544,"Taucorr":0.024534659264264458},"Iteration":51},
{"Acceptance":[0.15857142857142856],"Energy":{"Mean":-2.6268284218939084,"Sigma":0.152795843613667,"Taucorr":0.2624400877073535},"EnergyVariance":{"Mean":3.0969608550144856,"Sigma":1.429761798439846,"Taucorr":0.016465126336148384},"Iteration":52},
{"Acceptance":[0.13952380952380952],"Energy":{"Mean":-2.6688511091554776,"Sigma":0.15961207428659696,"Taucorr":0.08235205146205338},"EnergyVariance":{"Mean":4.361265228217499,"Sigma":2.3279630190922034,"Taucorr":0.04945208307681692},"Iteration":53},
{"Acceptance":[0.13714285714285715],"Energy":{"Mean":-2.5652622908081426,"Sigma":0.09000425584195704,"Taucorr":0.005395291761909671},"EnergyVariance":{"Mean":1.6617402982761567,"Sigma":0.3623241049058831,"Taucorr":0.6767468584432952},"Iteration":54},
{"Acceptance":[0.13952380952380952],"Energy":{"Mean":-2.710873151146627,"Sigma":0.1936186711671647,"Taucorr":-0.1491746419156778},"EnergyVariance":{"Mean":11.148852718463537,"Sigma":5.735776287670658,"Taucorr":0.2598748559157201},"Iteration":55},
{"Acceptance":[0.1461904761904762],"Energy":{"Mean":-2.6411833214541844,"Sigma":0.14441209551048761,"Taucorr":0.3561267469620283},"EnergyVariance":{"Mean":2.4627923330047405,"Sigma":1.1983980336332865,"Taucorr":0.0497090091332445},"Iteration":56},
{"Acceptance":[0.1361904761904762],"Energy":{"Mean":-2.6884802234951644,"Sigma":0.11681022012278157,"Taucorr":0.020533939641751764},"EnergyVariance":{"Mean":2.6362167140842883,"Sigma":1.1537189945204158,"Taucorr":0.02317574612414297},"Iteration":57},
{"Acceptance":[0.14809523809523809],"Energy":{"Mean":-2.827566174577178,"Sigma":0.1686050306109774,"Taucorr":0.05676653293044154},"EnergyVariance":{"Mean":5.400178459343886,"Sigma":2.5861202260181204,"Taucorr":-0.015865264137578772},"Iteration":58},
{"Acceptance":[0.14714285714285713],"Energy":{"Mean":-2.5250263660932877,"Sigma":0.08478855213627341,"Taucorr":0.23215215001648437},"EnergyVariance":{"Mean":1.101643791301108,"Sigma":0.21801632817964045,"Taucorr":0.2383560013272792},"Iteration":59},
{"Acceptance":[0.14285714285714285],"Energy":{"Mean":-2.463339817238848,"Sigma":0.19690842107195455,"Taucorr":0.5670507639253102},"EnergyVariance":{"Mean":3.9270472641370424,"Sigma":2.530825775291436,"Taucorr":0.03356600452361247},"Iteration":60},
{"Acceptance":[0.15714285714285714],"Energy":{"Mean":-2.842033752423833,"Sigma":0.12645656018449822,"Taucorr":0.209056620598986},"EnergyVariance":{"Mean":2.324971987870925,"Sigma":0.6511445933681264,"Taucorr":0.06710444618084332},"Iteration":61},
{"Acceptance":[0.15904761904761905],"Energy":{"Mean":-2.7210578460617203,"Sigma":0.10416656966089709,"Taucorr":-0.1964321254325027},"EnergyVariance":{"Mean":3.605372558529483,"Sigma":1.2057414620211186,"Taucorr":-0.01886952684526677},"Iteration":62},
{"Acceptance":[0.15333333333333332],"Energy":{"Mean":-2.699788907040317,"Sigma":0.09989238344297542,"Taucorr":0.3547569069943881},"EnergyVariance":{"Mean":1.2219054887044793,"Sigma":0.2508806092494952,"Taucorr":0.3678598852709287},"Iteration":63},
{"Acceptance":[0.14857142857142858],"Energy":{"Mean":-2.7639644582549683,"Sigma":0.0929100495593304,"Taucorr":0.14034978445603064},"EnergyVariance":{"Mean":2.211243096484151,"Sigma":0.9697531695305347,"Taucorr":0.025180327355919796},"Iteration":64},
{"Acceptance":[0.16714285714285715],"Energy":{"Mean":-2.5213981607911373,"Sigma":0.1405090984683972,"Taucorr":0.03825621005971169},"EnergyVariance":{"Mean":4.015050367158342,"Sigma":2.506165828068835,"Taucorr":-0.006922820151042397},"Iteration":65},
{"Acceptance":[0.15714285714285714],"Energy":{"Mean":-2.8619174649767234,"Sigma":0.16258922272971804,"Taucorr":-0.027805107277111774},"EnergyVariance":{"Mean":5.853951005735266,"Sigma":2.9568346821398293,"Taucorr":0.0011543240011047118},"Iteration":66},
{"Acceptance":[0.14714285714285713],"Energy":{"Mean":-3.0323058963397593,"Sigma":0.18715478784926531,"Taucorr":0.24731408549968292},"EnergyVariance":{"Mean":4.693002312746353,"Sigma":1.8317900549902617,"Taucorr":0.1507942070106033},"Iteration":67},
{"Acceptance":[0.1595238095238095],"Energy":{"Mean":-2.6675515760088584,"Sigma":0.13926006333432786,"Taucorr":0.674155273071052},"EnergyVariance":{"Mean":1.6863240934111627,"Sigma":0.3147758812927366,"Taucorr":0.4561216612993052},"Iteration":68},
{"Acceptance":[0.16095238095238096],"Energy":{"Mean":-2.9037933745312956,"Sigma":0.301615187210254,"Taucorr":0.8881470410288044},"EnergyVariance":{"Mean":7.873681852690238,"Sigma":4.458484654957169,"Taucorr":0.5414615439105623},"Iteration":69},
{"Acceptance":[0.16],"Energy":{"Mean":-3.3515833860429396,"Sigma":0.21435623370142792,"Taucorr":0.036510589369898594},"EnergyVariance":{"Mean":8.650656745896677,"Sigma":3.761572008978885,"Taucorr":0.0849480987023089},"Iteration":70},
{"Acceptance":[0.15047619047619049],"Energy":{"Mean":-2.9011847253587635,"Sigma":0.12741972899561063,"Taucorr":0.11579284383556498},"EnergyVariance":{"Mean":2.7192130589657695,"Sigma":0.7964862422773523,"Taucorr":-0.013249170088929396},"Iteration":71},
{"Acceptance":[0.17714285714285713],"Energy":{"Mean":-2.903587826734379,"Sigma":0.1404091367911648,"Taucorr":-0.0276834661358194},"EnergyVariance":{"Mean":4.205423355343108,"Sigma":1.5623273678791658,"Taucorr":0.37173996855073865},"Iteration":72},
{"Acceptance":[0.1519047619047619],"Energy":{"Mean":-2.9638095254042853,"Sigma":0.09248827022178699,"Taucorr":-0.008422498785978116},"EnergyVariance":{"Mean":1.8254096894630498,"Sigma":0.4834330020634194,"Taucorr":0.4856341672512777},"Iteration":73},
{"Acceptance":[0.15571428571428572],"Energy":{"Mean":-3.0173879263541257,"Sigma":0.2098167371123987,"Taucorr":0.48363186224550225},"EnergyVariance":{"Mean":5.146403429052111,"Sigma":2.6211178711101324,"Taucorr":0.23370839131643917},"Iteration":74},
{"Acceptance":[0.1657142857142857],"Energy":{"Mean":-2.987032546617228,"Sigma":0.18914089086345823,"Taucorr":0.62717986030643},"EnergyVariance":{"Mean":3.2083679936437908,"Sigma":1.189624732949043,"Taucorr":0.796761105562364},"Iteration":75},
{"Acceptance":[0.1819047619047619],"Energy":{"Mean":-2.7459222203769498,"Sigma":0.11936902237479369,"Taucorr":0.05230114390476348},"EnergyVariance":{"Mean":2.573888030959891,"Sigma":0.6962734560270695,"Taucorr":0.19976376333100498},"Iteration":76},
{"Acceptance":[0.1823809523809524],"Energy":{"Mean":-2.721346170850261,"Sigma":0.13099673864889907,"Taucorr":0.15898051356388576},"EnergyVariance":{"Mean":2.7069771423295346,"Sigma":0.6521765543390636,"Taucorr":-0.039405413467324846},"Iteration":77},
{"Acceptance":[0.19666666666666666],"Energy":{"Mean":-2.718837659442432,"Sigma":0.11383171946530243,"Taucorr":0.07158043003317816},"EnergyVariance":{"Mean":2.4087086248201284,"Sigma":0.5042847617210224,"Taucorr":0.16491496698193175},"Iteration":78},
{"Acceptance":[0.18333333333333332],"Energy":{"Mean":-2.7916616170059325,"Sigma":0.1528461404423892,"Taucorr":-0.22737414537694012},"EnergyVariance":{"Mean":9.471201361650536,"Sigma":7.79286178353843,"Taucorr":0.5362354734346586},"Iteration":79},
{"Acceptance":[0.1957142857142857],"Energy":{"Mean":-2.8856440083277346,"Sigma":0.12942736950758799,"Taucorr":0.21693979781771922},"EnergyVariance":{"Mean":2.37229593486486,"Sigma":0.5224541853792423,"Taucorr":0.14735228490485797},"Iteration":80},
{"Acceptance":[0.16238095238095238],"Energy":{"Mean":-3.0442430385471697,"Sigma":0.12354389561813546,"Taucorr":0.061514578722761115},"EnergyVariance":{"Mean":2.7474492994020943,"Sigma":0.9615720521737223,"Taucorr":0.4221311957618754},"Iteration":81},
{"Acceptance":[0.19095238095238096],"Energy":{"Mean":-3.027627293759054,"Sigma":0.20938928440992563,"Taucorr":0.019465569646875513},"EnergyVariance":{"Mean":9.286340599223845,"Sigma":4.4436514556696265,"Taucorr":-0.03606718253875535},"Iteration":82},
{"Acceptance":[0.2042857142857143],"Energy":{"Mean":-3.1377988935943097,"Sigma":0.14656612650456233,"Taucorr":-0.014696831162842983},"EnergyVariance":{"Mean":5.363095695956957,"Sigma":2.6004860605921145,"Taucorr":0.191437011928419},"Iteration":83},
{"Acceptance":[0.21523809523809523],"Energy":{"Mean":-3.078567797773841,"Sigma":0.13471663836202907,"Taucorr":-0.08724855772677798},"EnergyVariance":{"Mean":4.450163114037428,"Sigma":0.7821691956797372,"Taucorr":0.05352216321932757},"Iteration":84},
{"Acceptance":[0.20333333333333334],"Energy":{"Mean":-3.163954807969553,"Sigma":0.13129344822003933,"Taucorr":0.10198517797664852},"EnergyVariance":{"Mean":2.9071086037822162,"Sigma":0.5523445759808108,"Taucorr":-0.025233187311176075},"Iteration":85},
{"Acceptance":[0.19523809523809524],"Energy":{"Mean":-2.9866354687268966,"Sigma":0.13869077541744235,"Taucorr":0.0949941272031859},"EnergyVariance":{"Mean":3.1939857437250394,"Sigma":0.9060088416857563,"Taucorr":0.45090764688779017},"Iteration":86},
{"Acceptance":[0.18666666666666668],"Energy":{"Mean":-3.0607731042576583,"Sigma":0.1022112246809625,"Taucorr":-0.08491619671335887},"EnergyVariance":{"Mean":2.581501212506791,"Sigma":0.7159091753057141,"Taucorr":0.6321273870435127},"Iteration":87},
{"Acceptance":[0.21333333333333335],"Energy":{"Mean":-3.275296854878764,"Sigma":0.2049964489694249,"Taucorr":-0.1185472453625872},"EnergyVariance":{"Mean":11.315864158785681,"Sigma":5.099618391401531,"Taucorr":0.012612566582594242},"Iteration":88},
{"Acceptance":[0.20952380952380953],"Energy":{"Mean":-3.274925971492764,"Sigma":0.1299028878730231,"Taucorr":0.17091730718628562},"EnergyVariance":{"Mean":2.6400088147124166,"Sigma":0.5700367557748345,"Taucorr":0.41258116346431706},"Iteration":89},
{"Acceptance":[0.21333333333333335],"Energy":{"Mean":-3.398084829792723,"Sigma":0.15475933629660898,"Taucorr":0.28913351379635077},"EnergyVariance":{"Mean":3.1810694832510116,"Sigma":0.6377503084160951,"Taucorr":0.27767170312720146},"Iteration":90},
{"Acceptance":[0.22714285714285715],"Energy":{"Mean":-3.6646048790463466,"Sigma":0.1457639906881345,"Taucorr":-0.06751635223675428},"EnergyVariance":{"Mean":4.923918921098485,"Sigma":0.5396930503124291,"Taucorr":-0.09018606915006566},"Iteration":91},
{"Acceptance":[0.24],"Energy":{"Mean":-2.944333585340012,"Sigma":0.14051925756109507,"Taucorr":0.17586729474521656},"EnergyVariance":{"Mean":3.022099635522214,"Sigma":0.5218249811600988,"Taucorr":0.04988006451269411},"Iteration":92},
{"Acceptance":[0.21904761904761905],"Energy":{"Mean":-3.480781328257113,"Sigma":0.1990463619692445,"Taucorr":0.8059972193098743},"EnergyVariance":{"Mean":3.2476912817091295,"Sigma":0.5385380978570266,"Taucorr":0.19370057803897922},"Iteration":93},
{"Acceptance":[0.23666666666666666],"Energy":{"Mean":-3.213458850067942,"Sigma":0.1605086613553218,"Taucorr":0.040915048181197844},"EnergyVariance":{"Mean":6.045794805960346,"Sigma":2.645167502418389,"Taucorr":0.024575995958998842},"Iteration":94},
{"Acceptance":[0.24095238095238095],"Energy":{"Mean":-3.2722753734746624,"Sigma":0.22009282508108602,"Taucorr":0.745468049865849},"EnergyVariance":{"Mean":4.037243797935755,"Sigma":0.6236312255075054,"Taucorr":0.10514540041274045},"Iteration":95},
{"Acceptance":[0.22857142857142856],"Energy":{"Mean":-3.3040085384533855,"Sigma":0.19415441127271277,"Taucorr":0.3447665880281222},"EnergyVariance":{"Mean":9.350164290869138,"Sigma":5.6133081880601,"Taucorr":-0.008641708785404156},"Iteration":96},
{"Acceptance":[0.23333333333333334],"Energy":{"Mean":-3.3906455604024885,"Sigma":0.1393809674837518,"Taucorr":0.06907783461310124},"EnergyVariance":{"Mean":3.4221850520296675,"Sigma":0.5252837383952863,"Taucorr":0.3015794305343664},"Iteration":97},
{"Acceptance":[0.25857142857142856],"Energy":{"Mean":-3.666676716763716,"Sigma":0.2099570809974617,"Taucorr":0.017412331656210034},"EnergyVariance":{"Mean":10.644188827841639,"Sigma":6.011036708001288,"Taucorr":0.556116641032762},"Iteration":98},
{"Acceptance":[0.24],"Energy":{"Mean":-3.4887500798840354,"Sigma":0.15981868007388603,"Taucorr":0.245522961974055},"EnergyVariance":{"Mean":3.60061264560553,"Sigma":0.44525476557919197,"Taucorr":0.08964654106552583},"Iteration":99} 
]}
{"input": {"L": 6, "J": 1, "machine": {"type": "FFNN", "model": ["tanh", 49, 4]}, "sampler": {"type": "MetropolisHop", "d_max": 5}, "optimizer": {"type": "AdaMax", "alpha": 0.001, "beta1": 0.9, "beta2": 0.999, "epscut": 1e-07}, "VMC": {"n_samples": 200, "discarded_samples": 100, "discarded_samples_on_init": 0, "target": "energy", "method": "Gd", "diag_shift": 0.01, "use_iterative": false, "use_cholesky": false}, "n_iter": 100}}
duration: -3.3459384441375732