{"Output": [
{"Acceptance":[0.75456],"Energy":{"Mean":19.459901257093886,"Sigma":0.3974999954885392,"Taucorr":-2.7755575615628914e-17},"EnergyVariance":{"Mean":16.81451418358448,"Sigma":2.6069466729061075,"Taucorr":0.0},"Iteration":0},
{"Acceptance":[0.648],"Energy":{"Mean":17.504269376356532,"Sigma":0.44589557103528854,"Taucorr":-2.7755575615628914e-17},"EnergyVariance":{"Mean":21.226918040937043,"Sigma":2.3975388714748007,"Taucorr":-5.551115123125783e-17},"Iteration":1},
{"Acceptance":[0.55808],"Energy":{"Mean":14.422766977810785,"Sigma":0.5343436403051749,"Taucorr":-2.7755575615628914e-17},"EnergyVariance":{"Mean":31.051392520150124,"Sigma":3.8913681162588687,"Taucorr":0.0},"Iteration":2},
{"Acceptance":[0.49472],"Energy":{"Mean":12.356852854558804,"Sigma":0.48167324045623966,"Taucorr":-2.7755575615628914e-17},"EnergyVariance":{"Mean":27.818488463110068,"Sigma":3.7207471869948017,"Taucorr":0.0},"Iteration":3},
{"Acceptance":[0.42176],"Energy":{"Mean":9.50666073705591,"Sigma":0.4716051328861296,"Taucorr":0.0},"EnergyVariance":{"Mean":32.88441368977371,"Sigma":3.9853140034216508,"Taucorr":0.0},"Iteration":4},
{"Acceptance":[0.3824],"Energy":{"Mean":8.320370235793495,"Sigma":0.490970032961751,"Taucorr":0.0},"EnergyVariance":{"Mean":35.66258863956103,"Sigma":5.302110826923211,"Taucorr":0.0},"Iteration":5},
{"Acceptance":[0.3408],"Energy":{"Mean":3.0943470370269557,"Sigma":0.48553549056681455,"Taucorr":0.0},"EnergyVariance":{"Mean":34.950930630646944,"Sigma":8.342644110667967,"Taucorr":5.551115123125783e-17},"Iteration":6},
{"Acceptance":[0.28608],"Energy":{"Mean":1.8854988330323144,"Sigma":0.43010725751158174,"Taucorr":-2.7755575615628914e-17},"EnergyVariance":{"Mean":33.82425424895224,"Sigma":3.348968469212382,"Taucorr":2.7755575615628914e-17},"Iteration":7},
{"Acceptance":[0.27136],"Energy":{"Mean":-0.7882374681818043,"Sigma":0.43683745047315786,"Taucorr":-2.7755575615628914e-17},"EnergyVariance":{"Mean":31.07939252959627,"Sigma":5.535005907478631,"Taucorr":0.0},"Iteration":8},
{"Acceptance":[0.224],"Energy":{"Mean":-2.110667444045169,"Sigma":0.40023896567790557,"Taucorr":0.0},"EnergyVariance":{"Mean":24.93387432070805,"Sigma":3.5263458388494207,"Taucorr":-2.7755575615628914e-17},"Iteration":9},
{"Acceptance":[0.20992],"Energy":{"Mean":-3.8061771322484828,"Sigma":0.2727885540782204,"Taucorr":-2.7755575615628914e-17},"EnergyVariance":{"Mean":10.374452958415546,"Sigma":1.321790574501046,"Taucorr":0.0},"Iteration":10},
{"Acceptance":[0.21376],"Energy":{"Mean":-2.7718561686898404,"Sigma":0.4589310118060779,"Taucorr":0.0},"EnergyVariance":{"Mean":56.892694780942,"Sigma":11.392880820108399,"Taucorr":5.551115123125783e-17},"Iteration":11},
{"Acceptance":[0.19296],"Energy":{"Mean":-4.160325171278064,"Sigma":0.36788751496759003,"Taucorr":-2.7755575615628914e-17},"EnergyVariance":{"Mean":28.637140322832046,"Sigma":5.089179127086468,"Taucorr":-2.7755575615628914e-17},"Iteration":12},
{"Acceptance":[0.192],"Energy":{"Mean":-5.676564743060501,"Sigma":0.29305973056390594,"Taucorr":5.551115123125783e-17},"EnergyVariance":{"Mean":20.430488006557404,"Sigma":3.632024410871576,"Taucorr":-2.7755575615628914e-17},"Iteration":13},
{"Acceptance":[0.19104],"Energy":{"Mean":-5.926069304064095,"Sigma":0.3101392178604999,"Taucorr":-2.7755575615628914e-17},"EnergyVariance":{"Mean":25.59864492659262,"Sigma":6.852785448348749,"Taucorr":-2.7755575615628914e-17},"Iteration":14},
{"Acceptance":[0.1728],"Energy":{"Mean":-6.66735528912189,"Sigma":0.3377404194761538,"Taucorr":5.551115123125783e-17},"EnergyVariance":{"Mean":19.854890891336687,"Sigma":3.6643315291327396,"Taucorr":-2.7755575615628914e-17},"Iteration":15},
{"Acceptance":[0.16256],"Energy":{"Mean":-7.384062688746122,"Sigma":0.3483197864782209,"Taucorr":1.1102230246251565e-16},"EnergyVariance":{"Mean":32.078869190026055,"Sigma":6.7522128609422785,"Taucorr":-8.326672684688674e-17},"Iteration":16},
{"Acceptance":[0.16736],"Energy":{"Mean":-8.465691272054652,"Sigma":0.32703398204118816,"Taucorr":0.0},"EnergyVariance":{"Mean":22.30034262142899,"Sigma":5.018323977010299,"Taucorr":5.551115123125783e-17},"Iteration":17},
{"Acceptance":[0.17472],"Energy":{"Mean":-9.727755283701729,"Sigma":0.24434516097373754,"Taucorr":0.0},"EnergyVariance":{"Mean":28.81779620947549,"Sigma":7.942376020211607,"Taucorr":0.0},"Iteration":18},
{"Acceptance":[0.17632],"Energy":{"Mean":-10.094008427685461,"Sigma":0.2738639733101288,"Taucorr":0.0},"EnergyVariance":{"Mean":17.610099956507067,"Sigma":6.0288954928537795,"Taucorr":0.0},"Iteration":19},
{"Acceptance":[0.16704],"Energy":{"Mean":-10.117430551755469,"Sigma":0.2110976321856505,"Taucorr":-5.551115123125783e-17},"EnergyVariance":{"Mean":9.42461454551366,"Sigma":1.1172261307369242,"Taucorr":0.0},"Iteration":20},
{"Acceptance":[0.1696],"Energy":{"Mean":-11.285934869967127,"Sigma":0.1871467773814776,"Taucorr":0.0},"EnergyVariance":{"Mean":14.720852460739248,"Sigma":6.015315444012237,"Taucorr":0.0},"Iteration":21},
{"Acceptance":[0.15936],"Energy":{"Mean":-10.132589097370776,"Sigma":1.0537675636246657,"Taucorr":5.551115123125783e-17},"EnergyVariance":{"Mean":158.67759249656393,"Sigma":80.20618140022609,"Taucorr":-2.7755575615628914e-17},"Iteration":22},
{"Acceptance":[0.16896],"Energy":{"Mean":-12.244967542277717,"Sigma":0.21060060475419473,"Taucorr":null},"EnergyVariance":{"Mean":8.929694732580819,"Sigma":0.9533239902658042,"Taucorr":null},"Iteration":23},
{"Acceptance":[0.15008],"Energy":{"Mean":-9.97769178744214,"Sigma":0.11405936693041956,"Taucorr":null},"EnergyVariance":{"Mean":7.4869854326858984,"Sigma":0.8163460147726366,"Taucorr":null},"Iteration":24},
{"Acceptance":[0.09664],"Energy":{"Mean":-9.496921596673458,"Sigma":0.22466170719255174,"Taucorr":null},"EnergyVariance":{"Mean":16.23679602418017,"Sigma":3.030652071693968,"Taucorr":null},"Iteration":25},
{"Acceptance":[0.06688],"Energy":{"Mean":-9.259672060177746,"Sigma":0.16654294032624,"Taucorr":null},"EnergyVariance":{"Mean":8.66729242650516,"Sigma":0.9075979718599565,"Taucorr":null},"Iteration":26},
{"Acceptance":[0.1232],"Energy":{"Mean":-11.489427463489903,"Sigma":0.010653218936188383,"Taucorr":null},"EnergyVariance":{"Mean":0.7642939970379528,"Sigma":0.007273589247644382,"Taucorr":null},"Iteration":27},
{"Acceptance":[0.05792],"Energy":{"Mean":-9.751741909903846,"Sigma":0.0,"Taucorr":null},"EnergyVariance":{"Mean":8.195343126704222,"Sigma":0.0,"Taucorr":null},"Iteration":28},
{"Acceptance":[0.12704],"Energy":{"Mean":-12.027454734995022,"Sigma":0.01846190966055168,"Taucorr":null},"EnergyVariance":{"Mean":4.150537521351649,"Sigma":0.09464886041127964,"Taucorr":null},"Iteration":29},
{"Acceptance":[0.00032],"Energy":{"Mean":-13.968719874744334,"Sigma":0.0,"Taucorr":null},"EnergyVariance":{"Mean":0.5659535125742955,"Sigma":0.0,"Taucorr":null},"Iteration":30},
{"Acceptance":[0.0656],"Energy":{"Mean":-12.456305142365967,"Sigma":0.2251078040411599,"Taucorr":null},"EnergyVariance":{"Mean":19.962483400675502,"Sigma":2.433357096274854,"Taucorr":null},"Iteration":31},
{"Acceptance":[0.0016],"Energy":{"Mean":-12.102779273323284,"Sigma":0.024841067710313417,"Taucorr":null},"EnergyVariance":{"Mean":12.958041290684601,"Sigma":0.12942576002767545,"Taucorr":null},"Iteration":32},
{"Acceptance":[0.00672],"Energy":{"Mean":-9.89849094648054,"Sigma":0.026087124963104776,"Taucorr":null},"EnergyVariance":{"Mean":0.59433366546722,"Sigma":0.02162425173913196,"Taucorr":null},"Iteration":33},
{"Acceptance":[0.03712],"Energy":{"Mean":-7.000427121854952,"Sigma":0.0,"Taucorr":null},"EnergyVariance":{"Mean":6.497396174930531,"Sigma":0.0,"Taucorr":null},"Iteration":34},
{"Acceptance":[0.0144],"Energy":{"Mean":-10.790678874779704,"Sigma":0.09427694922430051,"Taucorr":null},"EnergyVariance":{"Mean":5.042190634986237,"Sigma":0.6102348578187314,"Taucorr":null},"Iteration":35},
{"Acceptance":[0.00032],"Energy":{"Mean":-9.999474205471252,"Sigma":0.0,"Taucorr":null},"EnergyVariance":{"Mean":14.000596033024713,"Sigma":0.0,"Taucorr":null},"Iteration":36},
{"Acceptance":[0.0],"Energy":{"Mean":-9.785051035557021,"Sigma":0.00023207696153298963,"Taucorr":null},"EnergyVariance":{"Mean":8.309486868648346,"Sigma":0.0024913420831220107,"Taucorr":null},"Iteration":37},
{"Acceptance":[0.0],"Energy":{"Mean":-1.1930240183468407e+25,"Sigma":4.970933409778503e+23,"Taucorr":null},"EnergyVariance":{"Mean":2.3249501760618225e+51,"Sigma":9.094248105110744e+49,"Taucorr":null},"Iteration":38},
{"Acceptance":[0.00992],"Energy":{"Mean":-10.250178847391364,"Sigma":0.0,"Taucorr":null},"EnergyVariance":{"Mean":7.188419114422947,"Sigma":0.0,"Taucorr":null},"Iteration":39},
{"Acceptance":[0.0],"Energy":{"Mean":-10.206421752213275,"Sigma":0.0,"Taucorr":null},"EnergyVariance":{"Mean":7.668128577828039,"Sigma":0.0,"Taucorr":null},"Iteration":40},
{"Acceptance":[0.03232],"Energy":{"Mean":-13.248813733643951,"Sigma":0.0,"Taucorr":null},"EnergyVariance":{"Mean":9.681031903762678,"Sigma":0.0,"Taucorr":null},"Iteration":41},
{"Acceptance":[0.00032],"Energy":{"Mean":-12.749693705102878,"Sigma":0.0,"Taucorr":null},"EnergyVariance":{"Mean":8.685731852822581,"Sigma":0.0,"Taucorr":null},"Iteration":42},
{"Acceptance":[0.00032],"Energy":{"Mean":-11.999984516824172,"Sigma":6.68080541530565e-06,"Taucorr":null},"EnergyVariance":{"Mean":7.999554400062143,"Sigma":5.344288830604767e-05,"Taucorr":null},"Iteration":43},
{"Acceptance":[0.0064],"Energy":{"Mean":-14.349066564665533,"Sigma":0.025002988657331394,"Taucorr":null},"EnergyVariance":{"Mean":2.4283991876645055,"Sigma":0.05757090062295629,"Taucorr":null},"Iteration":44},
{"Acceptance":[0.00032],"Energy":{"Mean":-13.000023575883318,"Sigma":0.0,"Taucorr":null},"EnergyVariance":{"Mean":9.000044715884764,"Sigma":0.0,"Taucorr":null},"Iteration":45},
{"Acceptance":[0.02304],"Energy":{"Mean":-13.99999619687858,"Sigma":0.0,"Taucorr":null},"EnergyVariance":{"Mean":12.499930637411984,"Sigma":0.0,"Taucorr":null},"Iteration":46},
{"Acceptance":[0.0],"Energy":{"Mean":-14.000029433325937,"Sigma":0.0,"Taucorr":null},"EnergyVariance":{"Mean":6.499889826753923,"Sigma":0.0,"Taucorr":null},"Iteration":47},
{"Acceptance":[0.0],"Energy":{"Mean":-13.999940487306157,"Sigma":0.0,"Taucorr":null},"EnergyVariance":{"Mean":6.5002374693136,"Sigma":0.0,"Taucorr":null},"Iteration":48},
{"Acceptance":[0.0],"Energy":{"Mean":-14.500175796182559,"Sigma":0.0,"Taucorr":null},"EnergyVariance":{"Mean":5.249824331854155,"Sigma":0.0,"Taucorr":null},"Iteration":49},
{"Acceptance":[0.0],"Energy":{"Mean":-14.249999484300357,"Sigma":0.0,"Taucorr":null},"EnergyVariance":{"Mean":4.687498213355634,"Sigma":0.0,"Taucorr":null},"Iteration":50},
{"Acceptance":[0.0],"Energy":{"Mean":-13.75005118884544,"Sigma":0.0,"Taucorr":null},"EnergyVariance":{"Mean":8.687627863561055,"Sigma":0.0,"Taucorr":null},"Iteration":51},
{"Acceptance":[0.0],"Energy":{"Mean":-14.500198078780686,"Sigma":0.0,"Taucorr":null},"EnergyVariance":{"Mean":2.2499845445807103,"Sigma":0.0,"Taucorr":null},"Iteration":52},
{"Acceptance":[0.0],"Energy":{"Mean":-12.309971750790343,"Sigma":0.02178673843502864,"Taucorr":null},"EnergyVariance":{"Mean":19.833861390348225,"Sigma":0.05183962170922128,"Taucorr":null},"Iteration":53},
{"Acceptance":[0.00128],"Energy":{"Mean":-11.7699948584111,"Sigma":0.013838849711172987,"Taucorr":null},"EnergyVariance":{"Mean":15.757058292291653,"Sigma":0.047876420272423933,"Taucorr":null},"Iteration":54},
{"Acceptance":[0.0],"Energy":{"Mean":-13.520029984448435,"Sigma":0.01383943118893928,"Taucorr":null},"EnergyVariance":{"Mean":1.249487564015162,"Sigma":0.0005584272078746649,"Taucorr":null},"Iteration":55},
{"Acceptance":[0.0],"Energy":{"Mean":-13.570000358429766,"Sigma":0.022906418561666975,"Taucorr":null},"EnergyVariance":{"Mean":1.2450364853865983,"Sigma":0.003211126851373169,"Taucorr":null},"Iteration":56},
{"Acceptance":[0.0],"Energy":{"Mean":-13.639979252386933,"Sigma":0.025325994177324264,"Taucorr":null},"EnergyVariance":{"Mean":1.2303740565338872,"Sigma":0.007093124903228654,"Taucorr":null},"Iteration":57},
{"Acceptance":[0.0],"Energy":{"Mean":-13.500002352577152,"Sigma":0.0,"Taucorr":null},"EnergyVariance":{"Mean":1.2499952464068889,"Sigma":0.0,"Taucorr":null},"Iteration":58},
{"Acceptance":[0.0],"Energy":{"Mean":-13.500002114292897,"Sigma":0.0,"Taucorr":null},"EnergyVariance":{"Mean":1.2499907333693876,"Sigma":0.0,"Taucorr":null},"Iteration":59},
{"Acceptance":[0.0],"Energy":{"Mean":-13.629994179524786,"Sigma":0.02549397257006799,"Taucorr":null},"EnergyVariance":{"Mean":1.233091051832755,"Sigma":0.006628866647242891,"Taucorr":null},"Iteration":60},
{"Acceptance":[0.0],"Energy":{"Mean":-13.599996217625186,"Sigma":0.024999516332229438,"Taucorr":null},"EnergyVariance":{"Mean":1.2399949971833724,"Sigma":0.005000178499651383,"Taucorr":null},"Iteration":61},
{"Acceptance":[0.0],"Energy":{"Mean":-13.519997350604218,"Sigma":0.013844312418101785,"Taucorr":null},"EnergyVariance":{"Mean":1.2495971562987362,"Sigma":0.000553864117817772,"Taucorr":null},"Iteration":62},
{"Acceptance":[0.0],"Energy":{"Mean":-13.579997532608541,"Sigma":0.02380484922413561,"Taucorr":null},"EnergyVariance":{"Mean":1.2435979056675945,"Sigma":0.003808831178622386,"Taucorr":null},"Iteration":63},
{"Acceptance":[0.0],"Energy":{"Mean":-13.509997399428475,"Sigma":0.010000072660134324,"Taucorr":null},"EnergyVariance":{"Mean":1.2498987849061964,"Sigma":0.00019998793964973947,"Taucorr":null},"Iteration":64},
{"Acceptance":[0.0],"Energy":{"Mean":-13.689999160877774,"Sigma":0.0217946721007598,"Taucorr":null},"EnergyVariance":{"Mean":1.213899317914106,"Sigma":0.00828196735367436,"Taucorr":null},"Iteration":65},
{"Acceptance":[0.0],"Energy":{"Mean":-13.669999321106031,"Sigma":0.023804941037526797,"Taucorr":null},"EnergyVariance":{"Mean":1.2210997699301678,"Sigma":0.008093634080786376,"Taucorr":null},"Iteration":66},
{"Acceptance":[0.0],"Energy":{"Mean":-13.569998969041759,"Sigma":0.022913022470241472,"Taucorr":null},"EnergyVariance":{"Mean":1.2450996677774517,"Sigma":0.003207732078569845,"Taucorr":null},"Iteration":67},
{"Acceptance":[0.0],"Energy":{"Mean":-13.62999964109078,"Sigma":0.02549522087758449,"Taucorr":null},"EnergyVariance":{"Mean":1.2330996732149055,"Sigma":0.0066286672950823695,"Taucorr":null},"Iteration":68},
{"Acceptance":[0.0],"Energy":{"Mean":-13.670000013931732,"Sigma":0.02380484385670961,"Taucorr":null},"EnergyVariance":{"Mean":1.2210996271364565,"Sigma":0.008093567400064774,"Taucorr":null},"Iteration":69},
{"Acceptance":[0.0],"Energy":{"Mean":-13.690000164514323,"Sigma":0.02179454450594004,"Taucorr":null},"EnergyVariance":{"Mean":1.2138996605848584,"Sigma":0.008281854742882873,"Taucorr":null},"Iteration":70},
{"Acceptance":[0.0],"Energy":{"Mean":-13.69000017539963,"Sigma":0.02179452393305171,"Taucorr":null},"EnergyVariance":{"Mean":1.2138998016351594,"Sigma":0.008281846039180725,"Taucorr":null},"Iteration":71},
{"Acceptance":[0.0],"Energy":{"Mean":-13.66000011510042,"Sigma":0.024494912714605504,"Taucorr":null},"EnergyVariance":{"Mean":1.2243999662415024,"Sigma":0.007838289182987004,"Taucorr":null},"Iteration":72},
{"Acceptance":[0.0],"Energy":{"Mean":-13.580000059071907,"Sigma":0.023804763974022546,"Taucorr":null},"EnergyVariance":{"Mean":1.243599993390478,"Sigma":0.0038086835774333873,"Taucorr":null},"Iteration":73},
{"Acceptance":[0.0],"Energy":{"Mean":-13.750000007517107,"Sigma":0.0,"Taucorr":null},"EnergyVariance":{"Mean":1.1875007632369814,"Sigma":0.0,"Taucorr":null},"Iteration":74},
{"Acceptance":[0.0],"Energy":{"Mean":-13.680000025662025,"Sigma":0.022912867658432423,"Taucorr":null},"EnergyVariance":{"Mean":1.217600577053711,"Sigma":0.0082485676384984,"Taucorr":null},"Iteration":75},
{"Acceptance":[0.0],"Energy":{"Mean":-13.630000126510936,"Sigma":0.025495082249534614,"Taucorr":null},"EnergyVariance":{"Mean":1.2331002407808755,"Sigma":0.006628662275030859,"Taucorr":null},"Iteration":76},
{"Acceptance":[0.0],"Energy":{"Mean":-13.64000027591373,"Sigma":0.025331123558652743,"Taucorr":null},"EnergyVariance":{"Mean":1.2303997927016477,"Sigma":0.0070926711110662405,"Taucorr":null},"Iteration":77},
{"Acceptance":[0.0],"Energy":{"Mean":-13.750000467630818,"Sigma":2.889476649464544e-08,"Taucorr":null},"EnergyVariance":{"Mean":1.1874991965260628,"Sigma":1.4447432092631168e-08,"Taucorr":null},"Iteration":78},
{"Acceptance":[0.0],"Energy":{"Mean":-13.700000782152632,"Sigma":0.02041240139776236,"Taucorr":null},"EnergyVariance":{"Mean":1.2099980606642826,"Sigma":0.008164957738385986,"Taucorr":null},"Iteration":79},
{"Acceptance":[0.0],"Energy":{"Mean":-13.750001120130571,"Sigma":0.0,"Taucorr":null},"EnergyVariance":{"Mean":1.1874967815986173,"Sigma":0.0,"Taucorr":null},"Iteration":80},
{"Acceptance":[0.0],"Energy":{"Mean":-13.750001547160007,"Sigma":1.8689086153789297e-08,"Taucorr":null},"EnergyVariance":{"Mean":1.187495356971679,"Sigma":9.344528077324837e-09,"Taucorr":null},"Iteration":81},
{"Acceptance":[0.0],"Energy":{"Mean":-13.750001953592847,"Sigma":0.0,"Taucorr":null},"EnergyVariance":{"Mean":1.187493856266855,"Sigma":0.0,"Taucorr":null},"Iteration":82},
{"Acceptance":[0.0],"Energy":{"Mean":-13.750002389508516,"Sigma":1.4028835481072478e-08,"Taucorr":null},"EnergyVariance":{"Mean":1.1874923842199347,"Sigma":7.014381813587612e-09,"Taucorr":null},"Iteration":83},
{"Acceptance":[0.0],"Energy":{"Mean":-13.740002816872309,"Sigma":0.009999996647044313,"Taucorr":null},"EnergyVariance":{"Mean":1.1923910364798216,"Sigma":0.004800048204020435,"Taucorr":null},"Iteration":84},
{"Acceptance":[0.0],"Energy":{"Mean":-13.750003387749505,"Sigma":1.462626838952445e-08,"Taucorr":null},"EnergyVariance":{"Mean":1.1874898031830807,"Sigma":7.313067704358448e-09,"Taucorr":null},"Iteration":85},
{"Acceptance":[0.0],"Energy":{"Mean":-13.750003597713043,"Sigma":2.324486245953694e-08,"Taucorr":null},"EnergyVariance":{"Mean":1.1874886092934873,"Sigma":1.1622316640782558e-08,"Taucorr":null},"Iteration":86},
{"Acceptance":[0.0],"Energy":{"Mean":-13.750003744734835,"Sigma":0.0,"Taucorr":null},"EnergyVariance":{"Mean":1.1874875801338427,"Sigma":0.0,"Taucorr":null},"Iteration":87},
{"Acceptance":[0.0],"Energy":{"Mean":-13.74000399750827,"Sigma":0.00999999902268799,"Taucorr":null},"EnergyVariance":{"Mean":1.192386887112573,"Sigma":0.004800077987965702,"Taucorr":null},"Iteration":88},
{"Acceptance":[0.0],"Energy":{"Mean":-13.75000414180418,"Sigma":0.0,"Taucorr":null},"EnergyVariance":{"Mean":1.1874861893982658,"Sigma":0.0,"Taucorr":null},"Iteration":89},
{"Acceptance":[0.0],"Energy":{"Mean":-13.750004313102133,"Sigma":1.2797184468167059e-08,"Taucorr":null},"EnergyVariance":{"Mean":1.187485777562006,"Sigma":6.398515250844919e-09,"Taucorr":null},"Iteration":90},
{"Acceptance":[0.0],"Energy":{"Mean":-13.750004390828806,"Sigma":1.1326410902141956e-08,"Taucorr":null},"EnergyVariance":{"Mean":1.1874854983376835,"Sigma":5.663137228197936e-09,"Taucorr":null},"Iteration":91},
{"Acceptance":[0.0],"Energy":{"Mean":-13.750004388852737,"Sigma":3.9226680196657276e-09,"Taucorr":null},"EnergyVariance":{"Mean":1.1874853394319802,"Sigma":1.961311099747062e-09,"Taucorr":null},"Iteration":92},
{"Acceptance":[0.0],"Energy":{"Mean":-13.750004416698772,"Sigma":8.067434635900029e-09,"Taucorr":null},"EnergyVariance":{"Mean":1.1874853344623182,"Sigma":4.033671463963855e-09,"Taucorr":null},"Iteration":93},
{"Acceptance":[0.0],"Energy":{"Mean":-13.730004373906691,"Sigma":0.013844374954108979,"Taucorr":null},"EnergyVariance":{"Mean":1.1970855944896845,"Sigma":0.0063685372519852205,"Taucorr":null},"Iteration":94},
{"Acceptance":[0.0],"Energy":{"Mean":-13.7200043464143,"Sigma":0.016583126605330286,"Taucorr":null},"EnergyVariance":{"Mean":1.2015858675099145,"Sigma":0.007296724981503603,"Taucorr":null},"Iteration":95},
{"Acceptance":[0.0],"Energy":{"Mean":-13.750004273905693,"Sigma":5.457749695374281e-09,"Taucorr":null},"EnergyVariance":{"Mean":1.187485827848257,"Sigma":2.7288505472843904e-09,"Taucorr":null},"Iteration":96},
{"Acceptance":[0.0],"Energy":{"Mean":-13.750004169277673,"Sigma":2.516592885358447e-09,"Taucorr":null},"EnergyVariance":{"Mean":1.1874861056296682,"Sigma":1.2582869428699679e-09,"Taucorr":null},"Iteration":97},
{"Acceptance":[0.0],"Energy":{"Mean":-13.750004093828817,"Sigma":3.880147693280391e-09,"Taucorr":null},"EnergyVariance":{"Mean":1.1874864407444647,"Sigma":1.9400620329841886e-09,"Taucorr":null},"Iteration":98},
{"Acceptance":[0.0],"Energy":{"Mean":-13.720003977428998,"Sigma":0.016583127954209215,"Taucorr":null},"EnergyVariance":{"Mean":1.2015870434568385,"Sigma":0.007296715526964953,"Taucorr":null},"Iteration":99} 
]}
{"input": {"L": 24, "J": 1, "machine": {"type": "FFNN", "model": ["tanh", 81, 6]}, "sampler": {"type": "MetropolisHop", "d_max": 5}, "optimizer": {"type": "AdaMax", "alpha": 0.001, "beta1": 0.9, "beta2": 0.999, "epscut": 1e-07}, "VMC": {"n_samples": 100, "discarded_samples": 100, "discarded_samples_on_init": 0, "target": "energy", "method": "Sr", "diag_shift": 10, "use_iterative": true, "use_cholesky": true}, "n_iter": 100}}
duration: -11.235997438430786