{"Output": [
{"Acceptance":[0.7152],"Energy":{"Mean":19.04437300534828,"Sigma":0.4155480158771884,"Taucorr":0.0},"EnergyVariance":{"Mean":19.330073634659886,"Sigma":2.4484511996759246,"Taucorr":0.0},"Iteration":0},
{"Acceptance":[0.60896],"Energy":{"Mean":13.798924617020056,"Sigma":0.44192437949771235,"Taucorr":5.551115123125783e-17},"EnergyVariance":{"Mean":23.346779180033195,"Sigma":2.7805219793041727,"Taucorr":5.551115123125783e-17},"Iteration":1},
{"Acceptance":[0.48384],"Energy":{"Mean":9.60792768720045,"Sigma":0.4597801330524416,"Taucorr":2.7755575615628914e-17},"EnergyVariance":{"Mean":29.418158391324454,"Sigma":2.846543534252222,"Taucorr":0.0},"Iteration":2},
{"Acceptance":[0.38272],"Energy":{"Mean":5.458637265637613,"Sigma":0.45569688990197227,"Taucorr":0.0},"EnergyVariance":{"Mean":33.14663916112325,"Sigma":2.9112916154854434,"Taucorr":-2.7755575615628914e-17},"Iteration":3},
{"Acceptance":[0.30496],"Energy":{"Mean":0.953522513214397,"Sigma":0.39162384254110427,"Taucorr":1.1102230246251565e-16},"EnergyVariance":{"Mean":28.51400558567265,"Sigma":3.6580673018150116,"Taucorr":0.0},"Iteration":4},
{"Acceptance":[0.2736],"Energy":{"Mean":-1.114827568483248,"Sigma":0.4295475434987601,"Taucorr":0.0},"EnergyVariance":{"Mean":31.61048962612088,"Sigma":5.385017537509813,"Taucorr":0.0},"Iteration":5},
{"Acceptance":[0.2224],"Energy":{"Mean":-4.563912740135161,"Sigma":0.38034638368312157,"Taucorr":0.0},"EnergyVariance":{"Mean":39.20304631353182,"Sigma":7.75182579787171,"Taucorr":0.0},"Iteration":6},
{"Acceptance":[0.20608],"Energy":{"Mean":-5.84806354099538,"Sigma":0.47028960592683217,"Taucorr":0.0},"EnergyVariance":{"Mean":29.782269509881342,"Sigma":4.845488772088189,"Taucorr":0.0},"Iteration":7},
{"Acceptance":[0.1872],"Energy":{"Mean":-7.091973841755472,"Sigma":0.42970758904834233,"Taucorr":-5.551115123125783e-17},"EnergyVariance":{"Mean":35.293779870304526,"Sigma":6.000443611123097,"Taucorr":-5.551115123125783e-17},"Iteration":8},
{"Acceptance":[0.1472],"Energy":{"Mean":-10.453536653623306,"Sigma":0.31968033188069206,"Taucorr":5.551115123125783e-17},"EnergyVariance":{"Mean":18.676658288108516,"Sigma":3.8849211085983133,"Taucorr":5.551115123125783e-17},"Iteration":9},
{"Acceptance":[0.1584],"Energy":{"Mean":-12.153910832611272,"Sigma":0.32034671689372957,"Taucorr":5.551115123125783e-17},"EnergyVariance":{"Mean":24.058131774632027,"Sigma":5.841241951364765,"Taucorr":-5.551115123125783e-17},"Iteration":10},
{"Acceptance":[0.13952],"Energy":{"Mean":-13.610848016067658,"Sigma":0.3474022643878071,"Taucorr":0.0},"EnergyVariance":{"Mean":29.133448378691178,"Sigma":7.352122886792546,"Taucorr":5.551115123125783e-17},"Iteration":11},
{"Acceptance":[0.15136],"Energy":{"Mean":-14.656883503524327,"Sigma":0.28951020640068276,"Taucorr":-5.551115123125783e-17},"EnergyVariance":{"Mean":20.278044301127885,"Sigma":6.215944627500098,"Taucorr":-5.551115123125783e-17},"Iteration":12},
{"Acceptance":[0.15392],"Energy":{"Mean":-14.929030788851884,"Sigma":0.34521767271914644,"Taucorr":-2.7755575615628914e-17},"EnergyVariance":{"Mean":16.843381043836686,"Sigma":3.279848831272911,"Taucorr":0.0},"Iteration":13},
{"Acceptance":[0.13152],"Energy":{"Mean":-15.39283332092082,"Sigma":0.4742146050137909,"Taucorr":-2.7755575615628914e-17},"EnergyVariance":{"Mean":38.30128579144297,"Sigma":9.536640475595869,"Taucorr":0.0},"Iteration":14},
{"Acceptance":[0.14336],"Energy":{"Mean":-15.161263913653844,"Sigma":0.2708472710566052,"Taucorr":5.551115123125783e-17},"EnergyVariance":{"Mean":9.812282460947316,"Sigma":1.768912511367908,"Taucorr":0.0},"Iteration":15},
{"Acceptance":[0.12768],"Energy":{"Mean":-16.614437429632122,"Sigma":0.4347487867645006,"Taucorr":0.0},"EnergyVariance":{"Mean":23.92599302959505,"Sigma":8.44569328832525,"Taucorr":5.551115123125783e-17},"Iteration":16},
{"Acceptance":[0.13152],"Energy":{"Mean":-17.1308671053297,"Sigma":0.31427179994922405,"Taucorr":1.1102230246251565e-16},"EnergyVariance":{"Mean":25.94669050164925,"Sigma":12.250939371961445,"Taucorr":-2.7755575615628914e-17},"Iteration":17},
{"Acceptance":[0.13664],"Energy":{"Mean":-17.281136924364716,"Sigma":0.3608188672042939,"Taucorr":-2.7755575615628914e-17},"EnergyVariance":{"Mean":14.230620852916536,"Sigma":2.1953760910752047,"Taucorr":0.0},"Iteration":18},
{"Acceptance":[0.1392],"Energy":{"Mean":-17.69676623602901,"Sigma":0.567647184051396,"Taucorr":0.0},"EnergyVariance":{"Mean":47.47413145972683,"Sigma":18.065552712719654,"Taucorr":-5.551115123125783e-17},"Iteration":19},
{"Acceptance":[0.1248],"Energy":{"Mean":-17.974984557571396,"Sigma":0.5121747604234154,"Taucorr":-8.326672684688674e-17},"EnergyVariance":{"Mean":29.295749118148926,"Sigma":10.28588720246203,"Taucorr":0.0},"Iteration":20},
{"Acceptance":[0.12992],"Energy":{"Mean":-17.20579360896363,"Sigma":0.33165959140996043,"Taucorr":-2.7755575615628914e-17},"EnergyVariance":{"Mean":13.795065363909837,"Sigma":2.20596573049601,"Taucorr":0.0},"Iteration":21},
{"Acceptance":[0.11552],"Energy":{"Mean":-17.69279061572534,"Sigma":0.37335218166951545,"Taucorr":-5.551115123125783e-17},"EnergyVariance":{"Mean":17.640225816876164,"Sigma":3.106066967693854,"Taucorr":-5.551115123125783e-17},"Iteration":22},
{"Acceptance":[0.12064],"Energy":{"Mean":-18.45781124865252,"Sigma":0.43625182795394357,"Taucorr":5.551115123125783e-17},"EnergyVariance":{"Mean":23.766119535300206,"Sigma":6.906650587710629,"Taucorr":5.551115123125783e-17},"Iteration":23},
{"Acceptance":[0.1184],"Energy":{"Mean":-18.348678889870264,"Sigma":0.4059095469459874,"Taucorr":5.551115123125783e-17},"EnergyVariance":{"Mean":17.925881155973677,"Sigma":3.673844371932828,"Taucorr":0.0},"Iteration":24},
{"Acceptance":[0.10976],"Energy":{"Mean":-18.36030087136913,"Sigma":0.37493607867834045,"Taucorr":-1.6653345369377348e-16},"EnergyVariance":{"Mean":15.69311438731195,"Sigma":5.827409944230663,"Taucorr":2.7755575615628914e-17},"Iteration":25},
{"Acceptance":[0.12064],"Energy":{"Mean":-18.11589444327041,"Sigma":0.3885561211882002,"Taucorr":1.1102230246251565e-16},"EnergyVariance":{"Mean":18.012971180522275,"Sigma":4.47406190180108,"Taucorr":0.0},"Iteration":26},
{"Acceptance":[0.096],"Energy":{"Mean":-18.918422395853458,"Sigma":0.7395591695625747,"Taucorr":5.551115123125783e-17},"EnergyVariance":{"Mean":61.42797687092428,"Sigma":49.22818408234236,"Taucorr":5.551115123125783e-17},"Iteration":27},
{"Acceptance":[0.11904],"Energy":{"Mean":-18.555609417821465,"Sigma":0.34544768697038486,"Taucorr":-2.7755575615628914e-17},"EnergyVariance":{"Mean":15.128782108098552,"Sigma":2.807778447352084,"Taucorr":2.7755575615628914e-17},"Iteration":28},
{"Acceptance":[0.1408],"Energy":{"Mean":-18.184791909209608,"Sigma":0.3830141714558538,"Taucorr":1.1102230246251565e-16},"EnergyVariance":{"Mean":15.062831824228601,"Sigma":2.1655482052215596,"Taucorr":-5.551115123125783e-17},"Iteration":29},
{"Acceptance":[0.13632],"Energy":{"Mean":-19.59328903719829,"Sigma":0.37836294338069326,"Taucorr":5.551115123125783e-17},"EnergyVariance":{"Mean":15.487859034534907,"Sigma":2.8551622744532374,"Taucorr":0.0},"Iteration":30},
{"Acceptance":[0.136],"Energy":{"Mean":-18.47612432684607,"Sigma":0.3171121969380002,"Taucorr":1.1102230246251565e-16},"EnergyVariance":{"Mean":11.979577699528846,"Sigma":1.74330952642941,"Taucorr":-8.326672684688674e-17},"Iteration":31},
{"Acceptance":[0.13664],"Energy":{"Mean":-19.5407790294907,"Sigma":0.3951477970754658,"Taucorr":0.0},"EnergyVariance":{"Mean":16.919653067273554,"Sigma":6.483724286177802,"Taucorr":-8.326672684688674e-17},"Iteration":32},
{"Acceptance":[0.12768],"Energy":{"Mean":-19.346647308503353,"Sigma":0.32203378526262566,"Taucorr":2.7755575615628914e-17},"EnergyVariance":{"Mean":10.869712849455414,"Sigma":1.2775166375891236,"Taucorr":0.0},"Iteration":33},
{"Acceptance":[0.13952],"Energy":{"Mean":-19.23976240221704,"Sigma":0.32149267766182693,"Taucorr":-1.3877787807814457e-16},"EnergyVariance":{"Mean":10.530292391366332,"Sigma":3.777383413397447,"Taucorr":0.0},"Iteration":34},
{"Acceptance":[0.15296],"Energy":{"Mean":-20.01080312562749,"Sigma":0.42066081406514655,"Taucorr":-2.7755575615628914e-17},"EnergyVariance":{"Mean":20.96762947068305,"Sigma":5.571267419912465,"Taucorr":0.0},"Iteration":35},
{"Acceptance":[0.15584],"Energy":{"Mean":-18.856220657375083,"Sigma":0.2642419093973264,"Taucorr":-5.551115123125783e-17},"EnergyVariance":{"Mean":7.765040505459858,"Sigma":1.366350403703014,"Taucorr":0.0},"Iteration":36},
{"Acceptance":[0.15648],"Energy":{"Mean":-19.54043378830346,"Sigma":0.3444830191130138,"Taucorr":1.1102230246251565e-16},"EnergyVariance":{"Mean":13.03610141967039,"Sigma":2.1468691412459244,"Taucorr":0.0},"Iteration":37},
{"Acceptance":[0.1712],"Energy":{"Mean":-20.074333291074595,"Sigma":0.33601996710038273,"Taucorr":0.0},"EnergyVariance":{"Mean":13.063107549425823,"Sigma":2.25384987411063,"Taucorr":0.0},"Iteration":38},
{"Acceptance":[0.17536],"Energy":{"Mean":-20.043497954803385,"Sigma":0.39978157460114405,"Taucorr":-2.7755575615628914e-17},"EnergyVariance":{"Mean":16.596461649144626,"Sigma":3.1522344798426363,"Taucorr":0.0},"Iteration":39},
{"Acceptance":[0.17312],"Energy":{"Mean":-19.734750947816337,"Sigma":0.2850346579368429,"Taucorr":-2.7755575615628914e-17},"EnergyVariance":{"Mean":8.717700410104655,"Sigma":1.2959131346240538,"Taucorr":5.551115123125783e-17},"Iteration":40},
{"Acceptance":[0.1616],"Energy":{"Mean":-19.564607792773714,"Sigma":0.28499754405081157,"Taucorr":0.0},"EnergyVariance":{"Mean":9.074119328471522,"Sigma":1.3305998061473443,"Taucorr":0.0},"Iteration":41},
{"Acceptance":[0.17472],"Energy":{"Mean":-20.073798758728906,"Sigma":0.4280764918597834,"Taucorr":-2.7755575615628914e-17},"EnergyVariance":{"Mean":19.09122551849336,"Sigma":9.242389062145131,"Taucorr":0.0},"Iteration":42},
{"Acceptance":[0.17536],"Energy":{"Mean":-19.60541706503669,"Sigma":0.3152746417392372,"Taucorr":-5.551115123125783e-17},"EnergyVariance":{"Mean":10.086762974318788,"Sigma":1.8178639968397117,"Taucorr":-5.551115123125783e-17},"Iteration":43},
{"Acceptance":[0.1872],"Energy":{"Mean":-19.63063252609091,"Sigma":0.3169678768118918,"Taucorr":-2.7755575615628914e-17},"EnergyVariance":{"Mean":10.021432432036448,"Sigma":1.8537173889619458,"Taucorr":5.551115123125783e-17},"Iteration":44},
{"Acceptance":[0.19296],"Energy":{"Mean":-21.66170954379917,"Sigma":0.48363756922747686,"Taucorr":5.551115123125783e-17},"EnergyVariance":{"Mean":37.10083001931348,"Sigma":7.5321741182030415,"Taucorr":5.551115123125783e-17},"Iteration":45},
{"Acceptance":[0.20096],"Energy":{"Mean":-19.981074728561353,"Sigma":0.34591860142559017,"Taucorr":5.551115123125783e-17},"EnergyVariance":{"Mean":12.218258566349848,"Sigma":1.586224709327742,"Taucorr":0.0},"Iteration":46},
{"Acceptance":[0.21408],"Energy":{"Mean":-21.029266752258728,"Sigma":0.41924191341018224,"Taucorr":-8.326672684688674e-17},"EnergyVariance":{"Mean":21.394480832608828,"Sigma":4.182182386213948,"Taucorr":0.0},"Iteration":47},
{"Acceptance":[0.19904],"Energy":{"Mean":-20.309820150682242,"Sigma":0.3534236740330103,"Taucorr":0.0},"EnergyVariance":{"Mean":13.752766555651679,"Sigma":2.118581375846326,"Taucorr":2.7755575615628914e-17},"Iteration":48},
{"Acceptance":[0.2096],"Energy":{"Mean":-20.408268888002787,"Sigma":0.33651754363198394,"Taucorr":-2.7755575615628914e-17},"EnergyVariance":{"Mean":12.285854304593126,"Sigma":1.7269767659480655,"Taucorr":2.7755575615628914e-17},"Iteration":49},
{"Acceptance":[0.19552],"Energy":{"Mean":-20.460053066825395,"Sigma":0.4327421054022526,"Taucorr":-5.551115123125783e-17},"EnergyVariance":{"Mean":41.24103905495086,"Sigma":12.813452878398408,"Taucorr":-2.7755575615628914e-17},"Iteration":50},
{"Acceptance":[0.2176],"Energy":{"Mean":-21.1570342508646,"Sigma":0.3260320785376203,"Taucorr":5.551115123125783e-17},"EnergyVariance":{"Mean":11.28124993788517,"Sigma":2.7766673307267857,"Taucorr":-2.7755575615628914e-17},"Iteration":51},
{"Acceptance":[0.22048],"Energy":{"Mean":-21.154338652188844,"Sigma":0.3944402783233662,"Taucorr":-5.551115123125783e-17},"EnergyVariance":{"Mean":15.635112771253686,"Sigma":3.0536742757903816,"Taucorr":0.0},"Iteration":52},
{"Acceptance":[0.22368],"Energy":{"Mean":-20.601437892912347,"Sigma":0.3589650826729182,"Taucorr":5.551115123125783e-17},"EnergyVariance":{"Mean":12.855611440056467,"Sigma":1.6775846964268484,"Taucorr":-2.7755575615628914e-17},"Iteration":53},
{"Acceptance":[0.2368],"Energy":{"Mean":-21.14960040754417,"Sigma":0.4413190094315411,"Taucorr":-2.7755575615628914e-17},"EnergyVariance":{"Mean":21.116519931913736,"Sigma":3.2385280431909416,"Taucorr":0.0},"Iteration":54},
{"Acceptance":[0.23104],"Energy":{"Mean":-20.965147836034042,"Sigma":0.4324617960319344,"Taucorr":2.7755575615628914e-17},"EnergyVariance":{"Mean":19.32809068728179,"Sigma":3.9262274511796833,"Taucorr":-8.326672684688674e-17},"Iteration":55},
{"Acceptance":[0.22176],"Energy":{"Mean":-20.510894949624472,"Sigma":0.41136087647055586,"Taucorr":1.1102230246251565e-16},"EnergyVariance":{"Mean":17.11333967119728,"Sigma":3.2154498896586943,"Taucorr":-2.7755575615628914e-17},"Iteration":56},
{"Acceptance":[0.24192],"Energy":{"Mean":-20.944496843942847,"Sigma":0.38248478729383284,"Taucorr":0.0},"EnergyVariance":{"Mean":14.79498198177771,"Sigma":2.1748235854738587,"Taucorr":-2.7755575615628914e-17},"Iteration":57},
{"Acceptance":[0.24032],"Energy":{"Mean":-20.157602486193937,"Sigma":0.41890213429247253,"Taucorr":2.7755575615628914e-17},"EnergyVariance":{"Mean":17.508687817394,"Sigma":2.5746502512534546,"Taucorr":0.0},"Iteration":58},
{"Acceptance":[0.23488],"Energy":{"Mean":-21.40628252872055,"Sigma":0.37727454616147543,"Taucorr":5.551115123125783e-17},"EnergyVariance":{"Mean":14.02458106030496,"Sigma":1.955835451919727,"Taucorr":0.0},"Iteration":59},
{"Acceptance":[0.24352],"Energy":{"Mean":-12.91831163556146,"Sigma":5.079235725874422,"Taucorr":2.7755575615628914e-17},"EnergyVariance":{"Mean":3577.683722546322,"Sigma":1923.0872858699279,"Taucorr":-2.7755575615628914e-17},"Iteration":60},
{"Acceptance":[0.24256],"Energy":{"Mean":-22.181975676266607,"Sigma":0.4226744133002417,"Taucorr":5.551115123125783e-17},"EnergyVariance":{"Mean":19.69107038079095,"Sigma":5.528129992590042,"Taucorr":0.0},"Iteration":61},
{"Acceptance":[0.23488],"Energy":{"Mean":-21.29885302643676,"Sigma":0.39971440118228246,"Taucorr":-2.7755575615628914e-17},"EnergyVariance":{"Mean":16.51330010297535,"Sigma":2.414703207129517,"Taucorr":-5.551115123125783e-17},"Iteration":62},
{"Acceptance":[0.25536],"Energy":{"Mean":-21.571142035623055,"Sigma":0.38989918085859837,"Taucorr":2.7755575615628914e-17},"EnergyVariance":{"Mean":16.515156845673584,"Sigma":5.466120134407021,"Taucorr":-5.551115123125783e-17},"Iteration":63},
{"Acceptance":[0.23488],"Energy":{"Mean":-21.905123670691687,"Sigma":0.5306649756848747,"Taucorr":-5.551115123125783e-17},"EnergyVariance":{"Mean":30.16783405945087,"Sigma":13.756038082659158,"Taucorr":2.7755575615628914e-17},"Iteration":64},
{"Acceptance":[0.24832],"Energy":{"Mean":-21.621436576840587,"Sigma":0.31905027879398923,"Taucorr":0.0},"EnergyVariance":{"Mean":11.204599004064796,"Sigma":1.4884011494206524,"Taucorr":0.0},"Iteration":65},
{"Acceptance":[0.25376],"Energy":{"Mean":-22.45741630117281,"Sigma":0.3096620139533052,"Taucorr":-8.326672684688674e-17},"EnergyVariance":{"Mean":10.20630656044753,"Sigma":1.051449558812349,"Taucorr":5.551115123125783e-17},"Iteration":66},
{"Acceptance":[0.208],"Energy":{"Mean":-20.625603909859308,"Sigma":0.3938868112618856,"Taucorr":-5.551115123125783e-17},"EnergyVariance":{"Mean":15.395365323347288,"Sigma":2.5147346843965246,"Taucorr":0.0},"Iteration":67},
{"Acceptance":[0.25152],"Energy":{"Mean":-21.78548427531051,"Sigma":0.41879658985426477,"Taucorr":0.0},"EnergyVariance":{"Mean":19.848660909321172,"Sigma":3.5443394953669354,"Taucorr":5.551115123125783e-17},"Iteration":68},
{"Acceptance":[0.24544],"Energy":{"Mean":-22.256858838171183,"Sigma":0.4152742266145199,"Taucorr":0.0},"EnergyVariance":{"Mean":17.220676389890304,"Sigma":2.6912885610144266,"Taucorr":5.551115123125783e-17},"Iteration":69},
{"Acceptance":[0.26016],"Energy":{"Mean":-22.13073622568325,"Sigma":0.42046951047597175,"Taucorr":0.0},"EnergyVariance":{"Mean":17.94664958475025,"Sigma":3.305823215978063,"Taucorr":-5.551115123125783e-17},"Iteration":70},
{"Acceptance":[0.2368],"Energy":{"Mean":-21.13778432805655,"Sigma":0.40811858762600206,"Taucorr":2.7755575615628914e-17},"EnergyVariance":{"Mean":17.3629306106964,"Sigma":2.6080818784273223,"Taucorr":-2.7755575615628914e-17},"Iteration":71},
{"Acceptance":[0.23648],"Energy":{"Mean":-21.184422232500687,"Sigma":0.3469754905074443,"Taucorr":1.1102230246251565e-16},"EnergyVariance":{"Mean":14.58561963651512,"Sigma":2.638535484505776,"Taucorr":-5.551115123125783e-17},"Iteration":72},
{"Acceptance":[0.2448],"Energy":{"Mean":-22.028124600054287,"Sigma":0.3141812216017204,"Taucorr":0.0},"EnergyVariance":{"Mean":11.498092181214645,"Sigma":1.7516277886431135,"Taucorr":0.0},"Iteration":73},
{"Acceptance":[0.21312],"Energy":{"Mean":-21.50943954424775,"Sigma":0.41199961005572305,"Taucorr":-2.7755575615628914e-17},"EnergyVariance":{"Mean":18.433788978926632,"Sigma":2.4212313876522336,"Taucorr":0.0},"Iteration":74},
{"Acceptance":[0.216],"Energy":{"Mean":-21.72224357639376,"Sigma":0.3251072608392308,"Taucorr":1.1102230246251565e-16},"EnergyVariance":{"Mean":14.547380357637575,"Sigma":2.3042193747188735,"Taucorr":-2.7755575615628914e-17},"Iteration":75},
{"Acceptance":[0.248],"Energy":{"Mean":-22.156992483471942,"Sigma":0.4769183373870703,"Taucorr":-2.7755575615628914e-17},"EnergyVariance":{"Mean":23.698740508739142,"Sigma":8.864054793667579,"Taucorr":2.7755575615628914e-17},"Iteration":76},
{"Acceptance":[0.2496],"Energy":{"Mean":-22.015042946035127,"Sigma":0.448126162715936,"Taucorr":-5.551115123125783e-17},"EnergyVariance":{"Mean":27.060641131910252,"Sigma":10.997325990014364,"Taucorr":8.326672684688674e-17},"Iteration":77},
{"Acceptance":[0.21472],"Energy":{"Mean":-22.306443698183756,"Sigma":0.42451184876805803,"Taucorr":-5.551115123125783e-17},"EnergyVariance":{"Mean":17.899933260610354,"Sigma":7.4284764906100476,"Taucorr":0.0},"Iteration":78},
{"Acceptance":[0.2544],"Energy":{"Mean":-22.24059647247806,"Sigma":0.559416193629361,"Taucorr":-8.326672684688674e-17},"EnergyVariance":{"Mean":35.874286722465186,"Sigma":22.12041291600781,"Taucorr":-2.7755575615628914e-17},"Iteration":79},
{"Acceptance":[0.2256],"Energy":{"Mean":-22.181847958239732,"Sigma":0.36234730657655667,"Taucorr":-5.551115123125783e-17},"EnergyVariance":{"Mean":13.770503665641229,"Sigma":2.294672525207744,"Taucorr":0.0},"Iteration":80},
{"Acceptance":[0.22784],"Energy":{"Mean":-21.791814375241888,"Sigma":0.32532488504037016,"Taucorr":5.551115123125783e-17},"EnergyVariance":{"Mean":11.968098875167495,"Sigma":1.5079175041837893,"Taucorr":0.0},"Iteration":81},
{"Acceptance":[0.24928],"Energy":{"Mean":-22.015210376967435,"Sigma":0.3034692192913804,"Taucorr":0.0},"EnergyVariance":{"Mean":9.897699655868571,"Sigma":1.4679585458619449,"Taucorr":0.0},"Iteration":82},
{"Acceptance":[0.21536],"Energy":{"Mean":-23.0178824194944,"Sigma":0.3641980382920978,"Taucorr":-2.7755575615628914e-17},"EnergyVariance":{"Mean":13.180330080957923,"Sigma":2.409371861872483,"Taucorr":5.551115123125783e-17},"Iteration":83},
{"Acceptance":[0.20832],"Energy":{"Mean":-21.628322310984515,"Sigma":0.3173860364909744,"Taucorr":-5.551115123125783e-17},"EnergyVariance":{"Mean":10.75559294651226,"Sigma":2.1025333180963695,"Taucorr":0.0},"Iteration":84},
{"Acceptance":[0.23872],"Energy":{"Mean":-22.088976482573614,"Sigma":0.3452961602057004,"Taucorr":-5.551115123125783e-17},"EnergyVariance":{"Mean":11.944068272442415,"Sigma":1.5150122687012417,"Taucorr":-5.551115123125783e-17},"Iteration":85},
{"Acceptance":[0.24576],"Energy":{"Mean":-22.553435828578174,"Sigma":0.3524039885943559,"Taucorr":0.0},"EnergyVariance":{"Mean":13.75664770824514,"Sigma":2.0295510471070797,"Taucorr":-8.326672684688674e-17},"Iteration":86},
{"Acceptance":[0.2192],"Energy":{"Mean":-22.341838341056473,"Sigma":0.2859802784952505,"Taucorr":0.0},"EnergyVariance":{"Mean":8.566266509697462,"Sigma":1.3307401652331834,"Taucorr":-5.551115123125783e-17},"Iteration":87},
{"Acceptance":[0.23808],"Energy":{"Mean":-23.712676218547948,"Sigma":0.7854295178951939,"Taucorr":5.551115123125783e-17},"EnergyVariance":{"Mean":314.11795587629706,"Sigma":207.85131230745628,"Taucorr":-5.551115123125783e-17},"Iteration":88},
{"Acceptance":[0.22368],"Energy":{"Mean":-23.389824210732243,"Sigma":0.3142480348673152,"Taucorr":-2.7755575615628914e-17},"EnergyVariance":{"Mean":10.596280711533014,"Sigma":1.6091105541347006,"Taucorr":0.0},"Iteration":89},
{"Acceptance":[0.24736],"Energy":{"Mean":-22.213077040945635,"Sigma":0.36313451339935204,"Taucorr":0.0},"EnergyVariance":{"Mean":13.409529011957346,"Sigma":2.3969042635753133,"Taucorr":-2.7755575615628914e-17},"Iteration":90},
{"Acceptance":[0.17056],"Energy":{"Mean":-22.51652910842484,"Sigma":0.41765142360317914,"Taucorr":5.551115123125783e-17},"EnergyVariance":{"Mean":17.607724746792567,"Sigma":3.3410318095351372,"Taucorr":0.0},"Iteration":91},
{"Acceptance":[0.21504],"Energy":{"Mean":-21.79538693708699,"Sigma":0.3808621057375835,"Taucorr":0.0},"EnergyVariance":{"Mean":15.841951898169132,"Sigma":2.188078680556971,"Taucorr":-8.326672684688674e-17},"Iteration":92},
{"Acceptance":[0.23648],"Energy":{"Mean":-22.554145716437052,"Sigma":0.34321159782972377,"Taucorr":-1.1102230246251565e-16},"EnergyVariance":{"Mean":11.895122328122861,"Sigma":2.0961333095114005,"Taucorr":1.1102230246251565e-16},"Iteration":93},
{"Acceptance":[0.24032],"Energy":{"Mean":-23.336075475100905,"Sigma":0.36055401630976874,"Taucorr":-1.3877787807814457e-16},"EnergyVariance":{"Mean":13.905867604781882,"Sigma":1.9920888571165545,"Taucorr":0.0},"Iteration":94},
{"Acceptance":[0.23232],"Energy":{"Mean":-23.11665545011722,"Sigma":0.3722539203089942,"Taucorr":5.551115123125783e-17},"EnergyVariance":{"Mean":14.020900076841613,"Sigma":1.8704134278846773,"Taucorr":5.551115123125783e-17},"Iteration":95},
{"Acceptance":[0.24032],"Energy":{"Mean":-23.110319677623103,"Sigma":0.46886962984494407,"Taucorr":0.0},"EnergyVariance":{"Mean":22.11214450202639,"Sigma":8.51390936104743,"Taucorr":5.551115123125783e-17},"Iteration":96},
{"Acceptance":[0.24352],"Energy":{"Mean":-22.89376896992853,"Sigma":0.3941307092755913,"Taucorr":5.551115123125783e-17},"EnergyVariance":{"Mean":15.976341267704157,"Sigma":2.421157566516224,"Taucorr":5.551115123125783e-17},"Iteration":97},
{"Acceptance":[0.24352],"Energy":{"Mean":-23.19053527066534,"Sigma":0.3074105250205447,"Taucorr":-5.551115123125783e-17},"EnergyVariance":{"Mean":9.684912379975177,"Sigma":1.2824512531427554,"Taucorr":0.0},"Iteration":98},
{"Acceptance":[0.24608],"Energy":{"Mean":-22.767269902542346,"Sigma":0.3707873946991636,"Taucorr":0.0},"EnergyVariance":{"Mean":15.083810088528619,"Sigma":3.2813989614325023,"Taucorr":2.7755575615628914e-17},"Iteration":99} 
]}
{"input": {"L": 24, "J": 1, "machine": {"type": "FFNN", "model": ["tanh", 98, 4]}, "sampler": {"type": "MetropolisHop", "d_max": 5}, "optimizer": {"type": "AdaMax", "alpha": 0.001, "beta1": 0.9, "beta2": 0.999, "epscut": 1e-07}, "VMC": {"n_samples": 100, "discarded_samples": 100, "discarded_samples_on_init": 0, "target": "energy", "method": "Sr", "diag_shift": 10, "use_iterative": true, "use_cholesky": true}, "n_iter": 100}}
duration: -9.072468996047974