{"Output": [
{"Acceptance":[0.71648],"Energy":{"Mean":19.112223722208874,"Sigma":0.35092507852046945,"Taucorr":5.551115123125783e-17},"EnergyVariance":{"Mean":13.484324324025312,"Sigma":1.836304688306466,"Taucorr":0.0},"Iteration":0},
{"Acceptance":[0.45504],"Energy":{"Mean":10.351698128079706,"Sigma":0.5449669300983515,"Taucorr":2.7755575615628914e-17},"EnergyVariance":{"Mean":40.93290931791938,"Sigma":5.177423335917245,"Taucorr":0.0},"Iteration":1},
{"Acceptance":[0.32576],"Energy":{"Mean":2.624290424701246,"Sigma":0.41291740454631276,"Taucorr":0.0},"EnergyVariance":{"Mean":27.61778175553183,"Sigma":2.222353444156016,"Taucorr":-2.7755575615628914e-17},"Iteration":2},
{"Acceptance":[0.2288],"Energy":{"Mean":-4.846606393059569,"Sigma":0.34295679949630636,"Taucorr":0.0},"EnergyVariance":{"Mean":28.35873488359291,"Sigma":3.4550569122752615,"Taucorr":-5.551115123125783e-17},"Iteration":3},
{"Acceptance":[0.16384],"Energy":{"Mean":-8.849386946893254,"Sigma":0.3690618744084885,"Taucorr":-5.551115123125783e-17},"EnergyVariance":{"Mean":33.302633918508974,"Sigma":5.310380540793069,"Taucorr":5.551115123125783e-17},"Iteration":4},
{"Acceptance":[0.15328],"Energy":{"Mean":-11.678348751146892,"Sigma":0.522916785262007,"Taucorr":-5.551115123125783e-17},"EnergyVariance":{"Mean":76.1835096418488,"Sigma":14.558263590720724,"Taucorr":0.0},"Iteration":5},
{"Acceptance":[0.11264],"Energy":{"Mean":-13.252967713425557,"Sigma":0.29260190021877874,"Taucorr":0.0},"EnergyVariance":{"Mean":17.386659601996204,"Sigma":3.340492069054781,"Taucorr":5.551115123125783e-17},"Iteration":6},
{"Acceptance":[0.08992],"Energy":{"Mean":-15.918031847601611,"Sigma":0.44422309517634867,"Taucorr":5.551115123125783e-17},"EnergyVariance":{"Mean":24.99467310941037,"Sigma":8.095595139312152,"Taucorr":5.551115123125783e-17},"Iteration":7},
{"Acceptance":[0.07968],"Energy":{"Mean":-16.400009988283166,"Sigma":0.4404742152662784,"Taucorr":-2.7755575615628914e-17},"EnergyVariance":{"Mean":32.09229492347489,"Sigma":8.152476797961342,"Taucorr":2.7755575615628914e-17},"Iteration":8},
{"Acceptance":[0.08064],"Energy":{"Mean":-16.76111040717349,"Sigma":0.311098812891955,"Taucorr":-2.7755575615628914e-17},"EnergyVariance":{"Mean":16.559685372912767,"Sigma":4.956460378289893,"Taucorr":-5.551115123125783e-17},"Iteration":9},
{"Acceptance":[0.06144],"Energy":{"Mean":-16.645379653348126,"Sigma":0.18313783849190854,"Taucorr":-5.551115123125783e-17},"EnergyVariance":{"Mean":3.659694955373369,"Sigma":0.9130353838864858,"Taucorr":1.6653345369377348e-16},"Iteration":10},
{"Acceptance":[0.06976],"Energy":{"Mean":-16.86624480300992,"Sigma":0.4028224800807711,"Taucorr":0.0},"EnergyVariance":{"Mean":17.95417217837267,"Sigma":6.283397566315028,"Taucorr":0.0},"Iteration":11},
{"Acceptance":[0.07744],"Energy":{"Mean":-17.495996610271277,"Sigma":0.29711579383851,"Taucorr":-2.7755575615628914e-17},"EnergyVariance":{"Mean":10.377277751859836,"Sigma":4.074050647718983,"Taucorr":-5.551115123125783e-17},"Iteration":12},
{"Acceptance":[0.07264],"Energy":{"Mean":-18.260342856433528,"Sigma":0.4316233580281678,"Taucorr":-1.3877787807814457e-16},"EnergyVariance":{"Mean":23.90148921782899,"Sigma":8.999897386042072,"Taucorr":-5.551115123125783e-17},"Iteration":13},
{"Acceptance":[0.06816],"Energy":{"Mean":-17.601457319338333,"Sigma":0.2543794458184613,"Taucorr":-5.551115123125783e-17},"EnergyVariance":{"Mean":8.380628891821221,"Sigma":1.5961077412131643,"Taucorr":5.551115123125783e-17},"Iteration":14},
{"Acceptance":[0.07168],"Energy":{"Mean":-16.99149209136145,"Sigma":0.25493510636065164,"Taucorr":0.0},"EnergyVariance":{"Mean":8.9768887079143,"Sigma":1.957568879309838,"Taucorr":5.551115123125783e-17},"Iteration":15},
{"Acceptance":[0.0768],"Energy":{"Mean":-17.95368301509377,"Sigma":0.24603954808794848,"Taucorr":0.0},"EnergyVariance":{"Mean":8.353188396222189,"Sigma":1.563777650984105,"Taucorr":2.7755575615628914e-17},"Iteration":16},
{"Acceptance":[0.08928],"Energy":{"Mean":-17.898547173002093,"Sigma":0.22613389386236912,"Taucorr":0.0},"EnergyVariance":{"Mean":6.696071773829831,"Sigma":0.8710527311704609,"Taucorr":0.0},"Iteration":17},
{"Acceptance":[0.08832],"Energy":{"Mean":-18.918234417999198,"Sigma":0.24600974856737148,"Taucorr":5.551115123125783e-17},"EnergyVariance":{"Mean":8.493588605336102,"Sigma":0.8284047252699398,"Taucorr":0.0},"Iteration":18},
{"Acceptance":[0.09536],"Energy":{"Mean":-18.78116152560277,"Sigma":0.3315390752489709,"Taucorr":-5.551115123125783e-17},"EnergyVariance":{"Mean":15.687647253121586,"Sigma":6.370467551911565,"Taucorr":0.0},"Iteration":19},
{"Acceptance":[0.09344],"Energy":{"Mean":-19.30024508460633,"Sigma":0.31128582210757805,"Taucorr":5.551115123125783e-17},"EnergyVariance":{"Mean":12.67767926944579,"Sigma":2.998265796310219,"Taucorr":0.0},"Iteration":20},
{"Acceptance":[0.10592],"Energy":{"Mean":-19.177796019323434,"Sigma":0.29987059811616873,"Taucorr":1.1102230246251565e-16},"EnergyVariance":{"Mean":10.372124029899151,"Sigma":1.266400850547628,"Taucorr":0.0},"Iteration":21},
{"Acceptance":[0.10432],"Energy":{"Mean":-19.58987650688897,"Sigma":0.32909197037014837,"Taucorr":-5.551115123125783e-17},"EnergyVariance":{"Mean":11.608082592225736,"Sigma":1.5522441561086346,"Taucorr":0.0},"Iteration":22},
{"Acceptance":[0.10496],"Energy":{"Mean":-20.220072410831385,"Sigma":0.30953213918807965,"Taucorr":0.0},"EnergyVariance":{"Mean":10.477617209106416,"Sigma":1.5442912919049814,"Taucorr":-2.7755575615628914e-17},"Iteration":23},
{"Acceptance":[0.11712],"Energy":{"Mean":-21.011727121531152,"Sigma":0.2610404854932577,"Taucorr":-5.551115123125783e-17},"EnergyVariance":{"Mean":7.6308880132608845,"Sigma":1.1551759451048609,"Taucorr":0.0},"Iteration":24},
{"Acceptance":[0.10848],"Energy":{"Mean":-19.668033674380148,"Sigma":0.4095341613765765,"Taucorr":2.7755575615628914e-17},"EnergyVariance":{"Mean":18.04464648828504,"Sigma":10.476014856279264,"Taucorr":0.0},"Iteration":25},
{"Acceptance":[0.10944],"Energy":{"Mean":-20.80198900601971,"Sigma":0.4170910009540648,"Taucorr":0.0},"EnergyVariance":{"Mean":18.61788409470187,"Sigma":8.507924030617017,"Taucorr":-1.1102230246251565e-16},"Iteration":26},
{"Acceptance":[0.12064],"Energy":{"Mean":-21.500126467274796,"Sigma":0.32469243765030287,"Taucorr":-2.7755575615628914e-17},"EnergyVariance":{"Mean":11.232210956362872,"Sigma":1.0827864849888154,"Taucorr":0.0},"Iteration":27},
{"Acceptance":[0.12032],"Energy":{"Mean":-21.646112000960322,"Sigma":0.2774347796598408,"Taucorr":0.0},"EnergyVariance":{"Mean":7.921168655284002,"Sigma":1.1854005801883352,"Taucorr":5.551115123125783e-17},"Iteration":28},
{"Acceptance":[0.10624],"Energy":{"Mean":-21.66249593657743,"Sigma":0.5358522841022728,"Taucorr":-1.3877787807814457e-16},"EnergyVariance":{"Mean":72.73339261135013,"Sigma":43.864729164402846,"Taucorr":0.0},"Iteration":29},
{"Acceptance":[0.10112],"Energy":{"Mean":-22.56676735682361,"Sigma":0.36914286875912056,"Taucorr":5.551115123125783e-17},"EnergyVariance":{"Mean":19.902838577720694,"Sigma":12.940979575051953,"Taucorr":-2.7755575615628914e-17},"Iteration":30},
{"Acceptance":[0.09664],"Energy":{"Mean":-21.740659707135347,"Sigma":0.28537483410523484,"Taucorr":5.551115123125783e-17},"EnergyVariance":{"Mean":8.409728302747316,"Sigma":0.9616755578446838,"Taucorr":0.0},"Iteration":31},
{"Acceptance":[0.08448],"Energy":{"Mean":-21.641034333814154,"Sigma":0.2640702504018203,"Taucorr":-2.7755575615628914e-17},"EnergyVariance":{"Mean":7.1014292208666125,"Sigma":0.9469986743226491,"Taucorr":0.0},"Iteration":32},
{"Acceptance":[0.08352],"Energy":{"Mean":-22.78852653830776,"Sigma":0.26079727280128756,"Taucorr":2.7755575615628914e-17},"EnergyVariance":{"Mean":7.04392372510866,"Sigma":1.02215925153384,"Taucorr":5.551115123125783e-17},"Iteration":33},
{"Acceptance":[0.06976],"Energy":{"Mean":-23.268286553848466,"Sigma":0.6289888504662391,"Taucorr":1.6653345369377348e-16},"EnergyVariance":{"Mean":39.81888933559981,"Sigma":24.588457004435337,"Taucorr":-2.7755575615628914e-17},"Iteration":34},
{"Acceptance":[0.06624],"Energy":{"Mean":-23.368988309093087,"Sigma":0.2593891184477342,"Taucorr":-2.7755575615628914e-17},"EnergyVariance":{"Mean":7.769270917953483,"Sigma":1.2125434179639976,"Taucorr":5.551115123125783e-17},"Iteration":35},
{"Acceptance":[0.04416],"Energy":{"Mean":-23.725632066431004,"Sigma":0.20849949409172763,"Taucorr":0.0},"EnergyVariance":{"Mean":4.5639016947700775,"Sigma":0.7197746818395213,"Taucorr":-5.551115123125783e-17},"Iteration":36},
{"Acceptance":[0.05536],"Energy":{"Mean":-22.82223043402045,"Sigma":0.22797431960527645,"Taucorr":5.551115123125783e-17},"EnergyVariance":{"Mean":5.180283310796547,"Sigma":0.6490677719430126,"Taucorr":-5.551115123125783e-17},"Iteration":37},
{"Acceptance":[0.04992],"Energy":{"Mean":-23.61114920029126,"Sigma":0.30539449234352295,"Taucorr":-5.551115123125783e-17},"EnergyVariance":{"Mean":9.42838337275597,"Sigma":1.4842360530360637,"Taucorr":0.0},"Iteration":38},
{"Acceptance":[0.0432],"Energy":{"Mean":-23.237589664735513,"Sigma":0.31190017818997423,"Taucorr":0.0},"EnergyVariance":{"Mean":10.267059554526327,"Sigma":1.4570043993197355,"Taucorr":0.0},"Iteration":39},
{"Acceptance":[0.0368],"Energy":{"Mean":-22.375693264126333,"Sigma":0.28808011661869765,"Taucorr":5.551115123125783e-17},"EnergyVariance":{"Mean":9.275839817311189,"Sigma":1.5127565841410957,"Taucorr":-2.7755575615628914e-17},"Iteration":40},
{"Acceptance":[0.03328],"Energy":{"Mean":-23.136769146713817,"Sigma":0.2707694493782267,"Taucorr":2.7755575615628914e-17},"EnergyVariance":{"Mean":8.031837834864163,"Sigma":1.4323941621143155,"Taucorr":0.0},"Iteration":41},
{"Acceptance":[0.0304],"Energy":{"Mean":-23.50154577829136,"Sigma":0.18225804817753022,"Taucorr":8.326672684688674e-17},"EnergyVariance":{"Mean":3.50168654169763,"Sigma":0.5894236735603797,"Taucorr":5.551115123125783e-17},"Iteration":42},
{"Acceptance":[0.02848],"Energy":{"Mean":-23.479596909044638,"Sigma":0.17342992652788977,"Taucorr":-2.7755575615628914e-17},"EnergyVariance":{"Mean":3.2903776533034508,"Sigma":1.151375131587588,"Taucorr":0.0},"Iteration":43},
{"Acceptance":[0.02304],"Energy":{"Mean":-23.149099855063202,"Sigma":0.21606698072984243,"Taucorr":2.7755575615628914e-17},"EnergyVariance":{"Mean":5.3395847173810065,"Sigma":1.2943802409216596,"Taucorr":0.0},"Iteration":44},
{"Acceptance":[0.03456],"Energy":{"Mean":-23.408539083298628,"Sigma":0.25591694429925466,"Taucorr":0.0},"EnergyVariance":{"Mean":6.639094311660587,"Sigma":1.8264745669586857,"Taucorr":-5.551115123125783e-17},"Iteration":45},
{"Acceptance":[0.016],"Energy":{"Mean":-23.455217702959814,"Sigma":0.24135385920114208,"Taucorr":-5.551115123125783e-17},"EnergyVariance":{"Mean":5.718861199281793,"Sigma":2.3263110464082346,"Taucorr":0.0},"Iteration":46},
{"Acceptance":[0.01632],"Energy":{"Mean":-24.261423689811952,"Sigma":0.24779082946991704,"Taucorr":-1.1102230246251565e-16},"EnergyVariance":{"Mean":6.403364444997862,"Sigma":2.0082188774606298,"Taucorr":0.0},"Iteration":47},
{"Acceptance":[0.0112],"Energy":{"Mean":-24.247220934670498,"Sigma":0.24780943824375176,"Taucorr":5.551115123125783e-17},"EnergyVariance":{"Mean":7.158816617159859,"Sigma":1.9959165204093008,"Taucorr":0.0},"Iteration":48},
{"Acceptance":[0.00704],"Energy":{"Mean":-23.493867407719904,"Sigma":0.23556722692131735,"Taucorr":5.551115123125783e-17},"EnergyVariance":{"Mean":5.73423981510287,"Sigma":3.4575357255374968,"Taucorr":5.551115123125783e-17},"Iteration":49},
{"Acceptance":[0.0128],"Energy":{"Mean":-23.93088889764102,"Sigma":0.19835888662822532,"Taucorr":1.1102230246251565e-16},"EnergyVariance":{"Mean":3.8998149423370156,"Sigma":1.6272379626926714,"Taucorr":0.0},"Iteration":50},
{"Acceptance":[0.00832],"Energy":{"Mean":-23.86478183227497,"Sigma":0.18475801620406512,"Taucorr":null},"EnergyVariance":{"Mean":3.638526791357392,"Sigma":1.7542032589154974,"Taucorr":null},"Iteration":51},
{"Acceptance":[0.00832],"Energy":{"Mean":-23.721905849060324,"Sigma":0.09611955618605955,"Taucorr":null},"EnergyVariance":{"Mean":1.0655606540075284,"Sigma":0.1919652954430947,"Taucorr":null},"Iteration":52},
{"Acceptance":[0.01184],"Energy":{"Mean":-24.122412105545447,"Sigma":0.7182837624585792,"Taucorr":-5.551115123125783e-17},"EnergyVariance":{"Mean":72.71258790622859,"Sigma":71.00010691229244,"Taucorr":0.0},"Iteration":53},
{"Acceptance":[0.0096],"Energy":{"Mean":-24.749285225770087,"Sigma":0.5583451447548976,"Taucorr":8.326672684688674e-17},"EnergyVariance":{"Mean":33.055250551026504,"Sigma":16.70678853453146,"Taucorr":0.0},"Iteration":54},
{"Acceptance":[0.01312],"Energy":{"Mean":-23.273365856657833,"Sigma":0.3192835497931709,"Taucorr":-5.551115123125783e-17},"EnergyVariance":{"Mean":10.428400010473126,"Sigma":8.179574036220622,"Taucorr":0.0},"Iteration":55},
{"Acceptance":[0.00256],"Energy":{"Mean":-24.16718689426466,"Sigma":0.03880151586332483,"Taucorr":null},"EnergyVariance":{"Mean":0.15096986512962796,"Sigma":0.07076953748902813,"Taucorr":null},"Iteration":56},
{"Acceptance":[0.0064],"Energy":{"Mean":-23.900409019244325,"Sigma":0.07150254708042374,"Taucorr":null},"EnergyVariance":{"Mean":0.5552520528965575,"Sigma":0.09362343605652985,"Taucorr":null},"Iteration":57},
{"Acceptance":[0.0096],"Energy":{"Mean":-24.30551721837444,"Sigma":0.4482668306150544,"Taucorr":-5.551115123125783e-17},"EnergyVariance":{"Mean":21.07871170557541,"Sigma":10.64006739220905,"Taucorr":5.551115123125783e-17},"Iteration":58},
{"Acceptance":[0.00512],"Energy":{"Mean":-23.94794845264443,"Sigma":0.19451846914703455,"Taucorr":1.1102230246251565e-16},"EnergyVariance":{"Mean":3.683833476176993,"Sigma":1.8565140427994045,"Taucorr":-1.3877787807814457e-16},"Iteration":59},
{"Acceptance":[0.00704],"Energy":{"Mean":-23.90158741122195,"Sigma":0.08239279991572114,"Taucorr":null},"EnergyVariance":{"Mean":0.7648638457364296,"Sigma":0.22918575514070483,"Taucorr":null},"Iteration":60},
{"Acceptance":[0.00256],"Energy":{"Mean":-23.882110763782006,"Sigma":0.19085503562010628,"Taucorr":-1.1102230246251565e-16},"EnergyVariance":{"Mean":3.643723182788199,"Sigma":1.4142552604875454,"Taucorr":0.0},"Iteration":61},
{"Acceptance":[0.0048],"Energy":{"Mean":-24.809632660059293,"Sigma":0.7185266084736703,"Taucorr":-8.326672684688674e-17},"EnergyVariance":{"Mean":58.117170378899175,"Sigma":30.617975661475274,"Taucorr":5.551115123125783e-17},"Iteration":62},
{"Acceptance":[0.00736],"Energy":{"Mean":-23.811441204061644,"Sigma":0.07957306105917082,"Taucorr":null},"EnergyVariance":{"Mean":0.7146323691684893,"Sigma":0.15265991048415334,"Taucorr":null},"Iteration":63},
{"Acceptance":[0.00704],"Energy":{"Mean":-23.359669496417553,"Sigma":0.16196308711438387,"Taucorr":null},"EnergyVariance":{"Mean":3.0634750304322576,"Sigma":1.0278983242610054,"Taucorr":null},"Iteration":64},
{"Acceptance":[0.01248],"Energy":{"Mean":-23.928598514273013,"Sigma":0.06322808627575331,"Taucorr":null},"EnergyVariance":{"Mean":0.47329173632167715,"Sigma":0.09028917705833105,"Taucorr":null},"Iteration":65},
{"Acceptance":[0.00896],"Energy":{"Mean":-23.729099153226237,"Sigma":0.07887683114429195,"Taucorr":null},"EnergyVariance":{"Mean":0.7129853041648962,"Sigma":0.08109200356118254,"Taucorr":null},"Iteration":66},
{"Acceptance":[0.01504],"Energy":{"Mean":-23.882478517493112,"Sigma":0.06690501850977063,"Taucorr":null},"EnergyVariance":{"Mean":0.6839162773539427,"Sigma":0.17929755037307127,"Taucorr":null},"Iteration":67},
{"Acceptance":[0.00448],"Energy":{"Mean":-24.075043005490425,"Sigma":0.04720304644369836,"Taucorr":null},"EnergyVariance":{"Mean":0.22196169856242454,"Sigma":0.0823666097910672,"Taucorr":null},"Iteration":68},
{"Acceptance":[0.00736],"Energy":{"Mean":-23.270955431503005,"Sigma":0.11353101289511253,"Taucorr":5.551115123125783e-17},"EnergyVariance":{"Mean":1.4026298675152673,"Sigma":0.19489256323284598,"Taucorr":5.551115123125783e-17},"Iteration":69},
{"Acceptance":[0.0064],"Energy":{"Mean":-23.604237631709154,"Sigma":0.10282402947263274,"Taucorr":8.326672684688674e-17},"EnergyVariance":{"Mean":1.0657316455655736,"Sigma":0.20167731172682257,"Taucorr":0.0},"Iteration":70},
{"Acceptance":[0.00512],"Energy":{"Mean":-24.015433345949326,"Sigma":0.06004354494815439,"Taucorr":null},"EnergyVariance":{"Mean":0.36829092212614023,"Sigma":0.16084663275033298,"Taucorr":null},"Iteration":71},
{"Acceptance":[0.00736],"Energy":{"Mean":-23.8687857948512,"Sigma":0.07503702579664748,"Taucorr":null},"EnergyVariance":{"Mean":0.5796041546436507,"Sigma":0.15809796919460942,"Taucorr":null},"Iteration":72},
{"Acceptance":[0.00192],"Energy":{"Mean":-23.795437246438212,"Sigma":0.08124146007178905,"Taucorr":null},"EnergyVariance":{"Mean":0.9245635992175629,"Sigma":0.2428071123160243,"Taucorr":null},"Iteration":73},
{"Acceptance":[0.00512],"Energy":{"Mean":-23.572154387694994,"Sigma":0.09465852627116499,"Taucorr":1.3877787807814457e-16},"EnergyVariance":{"Mean":0.9787828531994787,"Sigma":0.1709246283084814,"Taucorr":5.551115123125783e-17},"Iteration":74},
{"Acceptance":[0.00192],"Energy":{"Mean":-23.72398406052291,"Sigma":0.08218167344270606,"Taucorr":-1.3877787807814457e-16},"EnergyVariance":{"Mean":0.652871211502176,"Sigma":0.09454011429733888,"Taucorr":0.0},"Iteration":75},
{"Acceptance":[0.00672],"Energy":{"Mean":-23.7729120612387,"Sigma":0.07726613635437228,"Taucorr":1.6653345369377348e-16},"EnergyVariance":{"Mean":0.5876230293451691,"Sigma":0.09866645828882611,"Taucorr":0.0},"Iteration":76},
{"Acceptance":[0.00352],"Energy":{"Mean":-24.044319081597983,"Sigma":0.03852333953615054,"Taucorr":null},"EnergyVariance":{"Mean":0.15202934123442824,"Sigma":0.07050479775427836,"Taucorr":null},"Iteration":77},
{"Acceptance":[0.00288],"Energy":{"Mean":-24.096903856805838,"Sigma":0.019834631053802964,"Taucorr":null},"EnergyVariance":{"Mean":0.0390114977381021,"Sigma":0.03855432786086872,"Taucorr":null},"Iteration":78},
{"Acceptance":[0.00352],"Energy":{"Mean":-23.832367985039344,"Sigma":0.06615039877448796,"Taucorr":null},"EnergyVariance":{"Mean":0.4753540429688392,"Sigma":0.09464455822948448,"Taucorr":null},"Iteration":79},
{"Acceptance":[0.00352],"Energy":{"Mean":-23.965359183449138,"Sigma":0.04765313751327518,"Taucorr":null},"EnergyVariance":{"Mean":0.25712019459999647,"Sigma":0.08144319896458133,"Taucorr":null},"Iteration":80},
{"Acceptance":[0.00608],"Energy":{"Mean":-23.78016718457618,"Sigma":0.06065764159607329,"Taucorr":null},"EnergyVariance":{"Mean":0.5331673896680891,"Sigma":0.0823276496780194,"Taucorr":null},"Iteration":81},
{"Acceptance":[0.0032],"Energy":{"Mean":-23.89440882482723,"Sigma":0.05794780997020575,"Taucorr":null},"EnergyVariance":{"Mean":0.35555644372699186,"Sigma":0.09214385280240905,"Taucorr":null},"Iteration":82},
{"Acceptance":[0.0],"Energy":{"Mean":-53.079799458591296,"Sigma":16.18266797291227,"Taucorr":null},"EnergyVariance":{"Mean":27688.165698833687,"Sigma":14831.192723582462,"Taucorr":null},"Iteration":83},
{"Acceptance":[0.00128],"Energy":{"Mean":-24.007247940852203,"Sigma":0.03716162777841885,"Taucorr":null},"EnergyVariance":{"Mean":0.15158213845746907,"Sigma":0.06791069624925414,"Taucorr":null},"Iteration":84},
{"Acceptance":[0.00352],"Energy":{"Mean":-23.94655335160366,"Sigma":0.04762977534617215,"Taucorr":null},"EnergyVariance":{"Mean":0.25694298631448803,"Sigma":0.08135976872760572,"Taucorr":null},"Iteration":85},
{"Acceptance":[0.00128],"Energy":{"Mean":-23.765947728096226,"Sigma":0.07104610936113705,"Taucorr":5.551115123125783e-17},"EnergyVariance":{"Mean":0.5323222286845122,"Sigma":0.09611452425217676,"Taucorr":0.0},"Iteration":86},
{"Acceptance":[0.00416],"Energy":{"Mean":-24.003333665148677,"Sigma":0.0385208757381406,"Taucorr":null},"EnergyVariance":{"Mean":0.15226717318736338,"Sigma":0.07049038762248863,"Taucorr":null},"Iteration":87},
{"Acceptance":[0.00256],"Energy":{"Mean":-24.081457083033957,"Sigma":0.0,"Taucorr":null},"EnergyVariance":{"Mean":0.000430647760087745,"Sigma":0.0,"Taucorr":null},"Iteration":88},
{"Acceptance":[0.00192],"Energy":{"Mean":-23.88020293971684,"Sigma":0.055032113039237635,"Taucorr":null},"EnergyVariance":{"Mean":0.36023412642685587,"Sigma":0.08796894689049531,"Taucorr":null},"Iteration":89},
{"Acceptance":[0.00704],"Energy":{"Mean":-23.164312156157294,"Sigma":0.07289015070264653,"Taucorr":null},"EnergyVariance":{"Mean":1.061724055364239,"Sigma":0.0836529027831374,"Taucorr":null},"Iteration":90},
{"Acceptance":[0.00064],"Energy":{"Mean":-24.07735072953745,"Sigma":0.0,"Taucorr":null},"EnergyVariance":{"Mean":0.0006767236482970714,"Sigma":0.0,"Taucorr":null},"Iteration":91},
{"Acceptance":[0.00352],"Energy":{"Mean":-23.97624459751112,"Sigma":0.043104202337649805,"Taucorr":null},"EnergyVariance":{"Mean":0.18986493396796628,"Sigma":0.07739921374549259,"Taucorr":null},"Iteration":92},
{"Acceptance":[0.0032],"Energy":{"Mean":-23.83513670466546,"Sigma":0.06445805383354246,"Taucorr":null},"EnergyVariance":{"Mean":0.4218961802532284,"Sigma":0.09782970262508389,"Taucorr":null},"Iteration":93},
{"Acceptance":[0.00576],"Energy":{"Mean":-23.595285226355685,"Sigma":0.07331553216983494,"Taucorr":null},"EnergyVariance":{"Mean":1.2030279578192073,"Sigma":0.23974109488942452,"Taucorr":null},"Iteration":94},
{"Acceptance":[0.00288],"Energy":{"Mean":-23.75367596712582,"Sigma":0.06970748726396428,"Taucorr":null},"EnergyVariance":{"Mean":0.5338927526993196,"Sigma":0.09438981821217515,"Taucorr":null},"Iteration":95},
{"Acceptance":[0.00192],"Energy":{"Mean":-23.91127995781098,"Sigma":0.05187692661820658,"Taucorr":null},"EnergyVariance":{"Mean":0.29442486302276766,"Sigma":0.08699632495812622,"Taucorr":null},"Iteration":96},
{"Acceptance":[0.00128],"Energy":{"Mean":-24.049996636243584,"Sigma":0.019873449520025413,"Taucorr":null},"EnergyVariance":{"Mean":0.04003085392867792,"Sigma":0.03870055831967054,"Taucorr":null},"Iteration":97},
{"Acceptance":[0.00224],"Energy":{"Mean":-25.580247501278645,"Sigma":1.1959481010036823,"Taucorr":null},"EnergyVariance":{"Mean":159.05255802115352,"Sigma":107.77254271970168,"Taucorr":null},"Iteration":98},
{"Acceptance":[0.00128],"Energy":{"Mean":-23.869889580860686,"Sigma":0.04983015297353546,"Taucorr":null},"EnergyVariance":{"Mean":0.3584731812330169,"Sigma":0.07944279399100179,"Taucorr":null},"Iteration":99} 
]}
{"input": {"L": 24, "J": 1, "machine": {"type": "FFNN", "model": ["tanh", 142, 2]}, "sampler": {"type": "MetropolisHop", "d_max": 5}, "optimizer": {"type": "AdaMax", "alpha": 0.001, "beta1": 0.9, "beta2": 0.999, "epscut": 1e-07}, "VMC": {"n_samples": 100, "discarded_samples": 100, "discarded_samples_on_init": 0, "target": "energy", "method": "Sr", "diag_shift": 10, "use_iterative": true, "use_cholesky": true}, "n_iter": 100}}
duration: -4.9925267696380615