{"Output": [
{"Acceptance":[0.70432],"Energy":{"Mean":18.71082491764352,"Sigma":0.38446525506140483,"Taucorr":0.0},"EnergyVariance":{"Mean":16.911561634530877,"Sigma":2.2551738205204086,"Taucorr":5.551115123125783e-17},"Iteration":0},
{"Acceptance":[0.53056],"Energy":{"Mean":13.82001869212856,"Sigma":0.5259346236008073,"Taucorr":-2.7755575615628914e-17},"EnergyVariance":{"Mean":32.3397540250482,"Sigma":4.508946029735524,"Taucorr":0.0},"Iteration":1},
{"Acceptance":[0.40352],"Energy":{"Mean":6.674211091506091,"Sigma":0.5567344203372121,"Taucorr":1.1102230246251565e-16},"EnergyVariance":{"Mean":38.11781800993265,"Sigma":4.6460161834602545,"Taucorr":0.0},"Iteration":2},
{"Acceptance":[0.34464],"Energy":{"Mean":0.32798131948960285,"Sigma":0.5341972700242447,"Taucorr":0.0},"EnergyVariance":{"Mean":38.652053394612764,"Sigma":6.509779262270093,"Taucorr":0.0},"Iteration":3},
{"Acceptance":[0.21696],"Energy":{"Mean":-3.5545139307062663,"Sigma":0.4561600991632243,"Taucorr":5.551115123125783e-17},"EnergyVariance":{"Mean":36.3463783492223,"Sigma":5.625299398684378,"Taucorr":-2.7755575615628914e-17},"Iteration":4},
{"Acceptance":[0.18592],"Energy":{"Mean":-8.457185214614585,"Sigma":0.367903649605507,"Taucorr":-5.551115123125783e-17},"EnergyVariance":{"Mean":30.96179090567098,"Sigma":7.178063175680958,"Taucorr":-5.551115123125783e-17},"Iteration":5},
{"Acceptance":[0.15872],"Energy":{"Mean":-9.41984825434877,"Sigma":0.3438605144262426,"Taucorr":-5.551115123125783e-17},"EnergyVariance":{"Mean":23.05700992586204,"Sigma":3.161641702436368,"Taucorr":0.0},"Iteration":6},
{"Acceptance":[0.13024],"Energy":{"Mean":-11.446499794802438,"Sigma":0.3134720082459366,"Taucorr":5.551115123125783e-17},"EnergyVariance":{"Mean":16.17042407346683,"Sigma":3.2580587114166817,"Taucorr":0.0},"Iteration":7},
{"Acceptance":[0.10752],"Energy":{"Mean":-12.06695044158063,"Sigma":0.33957263980004837,"Taucorr":2.7755575615628914e-17},"EnergyVariance":{"Mean":26.999707007928553,"Sigma":5.8020126672897385,"Taucorr":0.0},"Iteration":8},
{"Acceptance":[0.08896],"Energy":{"Mean":-14.48768372656555,"Sigma":0.28651041972903807,"Taucorr":5.551115123125783e-17},"EnergyVariance":{"Mean":13.754183507935938,"Sigma":2.4561590089356953,"Taucorr":0.0},"Iteration":9},
{"Acceptance":[0.0928],"Energy":{"Mean":-15.333015537778682,"Sigma":0.37342841398684207,"Taucorr":2.7755575615628914e-17},"EnergyVariance":{"Mean":35.81290154585109,"Sigma":12.543549913641996,"Taucorr":0.0},"Iteration":10},
{"Acceptance":[0.09184],"Energy":{"Mean":-15.33704646702147,"Sigma":0.32542206488444714,"Taucorr":0.0},"EnergyVariance":{"Mean":12.458282334662389,"Sigma":5.00471366621939,"Taucorr":-8.326672684688674e-17},"Iteration":11},
{"Acceptance":[0.09248],"Energy":{"Mean":-16.171448406823842,"Sigma":0.32094094072069074,"Taucorr":-2.7755575615628914e-17},"EnergyVariance":{"Mean":27.073186050240857,"Sigma":12.095980011800368,"Taucorr":0.0},"Iteration":12},
{"Acceptance":[0.096],"Energy":{"Mean":-17.142102836012008,"Sigma":0.34470728429502134,"Taucorr":-1.3877787807814457e-16},"EnergyVariance":{"Mean":23.296590957392347,"Sigma":9.204007899174735,"Taucorr":-8.326672684688674e-17},"Iteration":13},
{"Acceptance":[0.08896],"Energy":{"Mean":-16.52101925348898,"Sigma":0.18805309786811775,"Taucorr":1.1102230246251565e-16},"EnergyVariance":{"Mean":9.71427907424059,"Sigma":5.045461782153509,"Taucorr":0.0},"Iteration":14},
{"Acceptance":[0.09856],"Energy":{"Mean":-17.580832577025085,"Sigma":0.2608491736159506,"Taucorr":5.551115123125783e-17},"EnergyVariance":{"Mean":9.83044067216832,"Sigma":2.1905265524518986,"Taucorr":-2.7755575615628914e-17},"Iteration":15},
{"Acceptance":[0.09248],"Energy":{"Mean":-18.089080517820904,"Sigma":0.2972810473496149,"Taucorr":0.0},"EnergyVariance":{"Mean":9.57626701810473,"Sigma":1.7924102547435372,"Taucorr":0.0},"Iteration":16},
{"Acceptance":[0.10272],"Energy":{"Mean":-18.678078262863373,"Sigma":0.4241395432404292,"Taucorr":8.326672684688674e-17},"EnergyVariance":{"Mean":26.227812563450506,"Sigma":10.588497199569382,"Taucorr":5.551115123125783e-17},"Iteration":17},
{"Acceptance":[0.12064],"Energy":{"Mean":-18.866817419620894,"Sigma":0.3999594443576115,"Taucorr":5.551115123125783e-17},"EnergyVariance":{"Mean":27.79922436384328,"Sigma":7.03056361797968,"Taucorr":5.551115123125783e-17},"Iteration":18},
{"Acceptance":[0.10464],"Energy":{"Mean":-18.117125775761842,"Sigma":0.39157986296422825,"Taucorr":0.0},"EnergyVariance":{"Mean":41.56022754022688,"Sigma":18.18638014038125,"Taucorr":0.0},"Iteration":19},
{"Acceptance":[0.11744],"Energy":{"Mean":-18.599627615240387,"Sigma":0.23600648341124567,"Taucorr":5.551115123125783e-17},"EnergyVariance":{"Mean":7.958772320440346,"Sigma":1.9640960543003716,"Taucorr":-2.7755575615628914e-17},"Iteration":20},
{"Acceptance":[0.11808],"Energy":{"Mean":-18.16761181779323,"Sigma":0.2646929037955875,"Taucorr":0.0},"EnergyVariance":{"Mean":10.445414298259214,"Sigma":2.678226770316902,"Taucorr":2.7755575615628914e-17},"Iteration":21},
{"Acceptance":[0.11648],"Energy":{"Mean":-18.72204956701799,"Sigma":0.2506182520531714,"Taucorr":1.1102230246251565e-16},"EnergyVariance":{"Mean":6.799000193687657,"Sigma":0.9962929945166216,"Taucorr":0.0},"Iteration":22},
{"Acceptance":[0.11904],"Energy":{"Mean":-19.38010137852973,"Sigma":0.37803503792448023,"Taucorr":-5.551115123125783e-17},"EnergyVariance":{"Mean":17.283415566775044,"Sigma":4.697036746466293,"Taucorr":-8.326672684688674e-17},"Iteration":23},
{"Acceptance":[0.10656],"Energy":{"Mean":-19.17274033830705,"Sigma":0.21806537685470137,"Taucorr":-5.551115123125783e-17},"EnergyVariance":{"Mean":5.353352479414727,"Sigma":0.6865205128814557,"Taucorr":0.0},"Iteration":24},
{"Acceptance":[0.10176],"Energy":{"Mean":-19.49227808087477,"Sigma":0.2855260760171713,"Taucorr":2.7755575615628914e-17},"EnergyVariance":{"Mean":9.198676443850314,"Sigma":1.7907600849122642,"Taucorr":1.1102230246251565e-16},"Iteration":25},
{"Acceptance":[0.11168],"Energy":{"Mean":-19.883599286692345,"Sigma":0.2338572167562879,"Taucorr":0.0},"EnergyVariance":{"Mean":5.8438839758637435,"Sigma":1.0707331117871977,"Taucorr":0.0},"Iteration":26},
{"Acceptance":[0.13056],"Energy":{"Mean":-19.317147489567823,"Sigma":0.2577624422916679,"Taucorr":5.551115123125783e-17},"EnergyVariance":{"Mean":13.952772148807638,"Sigma":5.480446661922487,"Taucorr":-5.551115123125783e-17},"Iteration":27},
{"Acceptance":[0.11488],"Energy":{"Mean":-20.135845691876497,"Sigma":0.2077463063976403,"Taucorr":-2.7755575615628914e-17},"EnergyVariance":{"Mean":9.712673105238938,"Sigma":2.7742803803823373,"Taucorr":-2.7755575615628914e-17},"Iteration":28},
{"Acceptance":[0.10272],"Energy":{"Mean":-20.054635268848916,"Sigma":0.42689531345685056,"Taucorr":-5.551115123125783e-17},"EnergyVariance":{"Mean":34.83091855580322,"Sigma":25.190395468379304,"Taucorr":-5.551115123125783e-17},"Iteration":29},
{"Acceptance":[0.1152],"Energy":{"Mean":-20.002281964564,"Sigma":0.2664299747534843,"Taucorr":5.551115123125783e-17},"EnergyVariance":{"Mean":9.833838819861722,"Sigma":1.5365888483597694,"Taucorr":-1.6653345369377348e-16},"Iteration":30},
{"Acceptance":[0.07328],"Energy":{"Mean":-19.810953212353226,"Sigma":0.22944579744608729,"Taucorr":0.0},"EnergyVariance":{"Mean":6.433293977369768,"Sigma":1.2517208737992165,"Taucorr":0.0},"Iteration":31},
{"Acceptance":[0.05024],"Energy":{"Mean":-19.90131977796112,"Sigma":0.1949442616813941,"Taucorr":-5.551115123125783e-17},"EnergyVariance":{"Mean":6.065359081346244,"Sigma":1.7174914345719023,"Taucorr":0.0},"Iteration":32},
{"Acceptance":[0.03296],"Energy":{"Mean":-16.00876786781249,"Sigma":0.0003336632690277089,"Taucorr":null},"EnergyVariance":{"Mean":7.399588494169397e-05,"Sigma":4.301646050277047e-06,"Taucorr":null},"Iteration":33},
{"Acceptance":[0.00032],"Energy":{"Mean":-16.0,"Sigma":0.0,"Taucorr":null},"EnergyVariance":{"Mean":2.454823615336313e-61,"Sigma":0.0,"Taucorr":null},"Iteration":34},
{"Acceptance":[0.08416],"Energy":{"Mean":-17.049378104418686,"Sigma":0.1840324883471484,"Taucorr":null},"EnergyVariance":{"Mean":8.661433540749348,"Sigma":1.1901877580553746,"Taucorr":null},"Iteration":35},
{"Acceptance":[0.0176],"Energy":{"Mean":-15.208376948644133,"Sigma":0.049327483997118886,"Taucorr":null},"EnergyVariance":{"Mean":0.9433568109301803,"Sigma":0.023164806990095987,"Taucorr":null},"Iteration":36},
{"Acceptance":[0.03072],"Energy":{"Mean":-15.000094613617067,"Sigma":1.035938573151862e-05,"Taucorr":null},"EnergyVariance":{"Mean":2.9995835645282884,"Sigma":2.072339562159864e-05,"Taucorr":null},"Iteration":37},
{"Acceptance":[0.01632],"Energy":{"Mean":-15.081029053601533,"Sigma":0.07625419114116463,"Taucorr":null},"EnergyVariance":{"Mean":3.5363280365350764,"Sigma":0.10785857458092712,"Taucorr":null},"Iteration":38},
{"Acceptance":[0.0032],"Energy":{"Mean":-15.000294800552663,"Sigma":2.6773941517835476e-05,"Taucorr":null},"EnergyVariance":{"Mean":3.0017661012014623,"Sigma":0.00016077620414117907,"Taucorr":null},"Iteration":39},
{"Acceptance":[0.00032],"Energy":{"Mean":-18.000000000112234,"Sigma":0.0,"Taucorr":null},"EnergyVariance":{"Mean":1.8613652615715218e-20,"Sigma":0.0,"Taucorr":null},"Iteration":40},
{"Acceptance":[0.01472],"Energy":{"Mean":-17.499999952695312,"Sigma":0.0,"Taucorr":null},"EnergyVariance":{"Mean":0.7500001419140695,"Sigma":0.0,"Taucorr":null},"Iteration":41},
{"Acceptance":[0.00576],"Energy":{"Mean":-15.359244776430122,"Sigma":0.14145496942908992,"Taucorr":null},"EnergyVariance":{"Mean":6.0006844823887455,"Sigma":1.3334233311834922,"Taucorr":null},"Iteration":42},
{"Acceptance":[0.00768],"Energy":{"Mean":-14.441347526886476,"Sigma":0.0417503070221547,"Taucorr":null},"EnergyVariance":{"Mean":1.6147331731746493,"Sigma":0.03725096464213809,"Taucorr":null},"Iteration":43},
{"Acceptance":[0.00032],"Energy":{"Mean":-14.156204513090685,"Sigma":0.015637645448204132,"Taucorr":null},"EnergyVariance":{"Mean":0.29160636763338194,"Sigma":0.015886371495157217,"Taucorr":null},"Iteration":44},
{"Acceptance":[0.0096],"Energy":{"Mean":-12.390292834723251,"Sigma":0.04582721908554343,"Taucorr":null},"EnergyVariance":{"Mean":1.0987754383782697,"Sigma":0.035768186348910026,"Taucorr":null},"Iteration":45},
{"Acceptance":[0.0],"Energy":{"Mean":-12.99974613309778,"Sigma":6.4655828723044085e-06,"Taucorr":null},"EnergyVariance":{"Mean":0.9998876154542222,"Sigma":1.2927271482534385e-05,"Taucorr":null},"Iteration":46},
{"Acceptance":[0.0],"Energy":{"Mean":-12.72124183986594,"Sigma":0.006438691018588255,"Taucorr":null},"EnergyVariance":{"Mean":0.6810227995807684,"Sigma":0.0015774957519869071,"Taucorr":null},"Iteration":47},
{"Acceptance":[0.0032],"Energy":{"Mean":-13.771591089888325,"Sigma":0.0157708727381606,"Taucorr":null},"EnergyVariance":{"Mean":6.118586658039309,"Sigma":0.1004628695953845,"Taucorr":null},"Iteration":48},
{"Acceptance":[0.0],"Energy":{"Mean":-12.999975285882448,"Sigma":1.4805224973421553e-05,"Taucorr":null},"EnergyVariance":{"Mean":2.999963294711936,"Sigma":2.9493667464218153e-05,"Taucorr":null},"Iteration":49},
{"Acceptance":[0.00512],"Energy":{"Mean":-14.999931656552809,"Sigma":2.7826137230751862e-05,"Taucorr":null},"EnergyVariance":{"Mean":1.0001371295828574,"Sigma":5.563283608439706e-05,"Taucorr":null},"Iteration":50},
{"Acceptance":[0.0],"Energy":{"Mean":-16.2934054603509,"Sigma":0.08868469692894113,"Taucorr":null},"EnergyVariance":{"Mean":1.059713612092304,"Sigma":0.3328572488960016,"Taucorr":null},"Iteration":51},
{"Acceptance":[0.0],"Energy":{"Mean":-16.299999992633946,"Sigma":0.020412415296829974,"Taucorr":null},"EnergyVariance":{"Mean":0.2100000046764425,"Sigma":0.008164965663286727,"Taucorr":null},"Iteration":52},
{"Acceptance":[0.0],"Energy":{"Mean":-16.499999983934572,"Sigma":3.935811295425728e-11,"Taucorr":null},"EnergyVariance":{"Mean":0.24999998393474668,"Sigma":3.9290586716736604e-11,"Taucorr":null},"Iteration":53},
{"Acceptance":[0.01344],"Energy":{"Mean":-16.749997410935908,"Sigma":8.909514563825154e-06,"Taucorr":-2.709610313900157e-12},"EnergyVariance":{"Mean":0.18760856327174233,"Sigma":1.2627162513980439e-05,"Taucorr":-9.43689570931383e-16},"Iteration":54},
{"Acceptance":[0.00064],"Energy":{"Mean":-17.179804485392317,"Sigma":0.022926052762778728,"Taucorr":null},"EnergyVariance":{"Mean":0.6476935066327808,"Sigma":0.014668457141434194,"Taucorr":null},"Iteration":55},
{"Acceptance":[0.00064],"Energy":{"Mean":-17.249877931496357,"Sigma":4.230542080225364e-07,"Taucorr":null},"EnergyVariance":{"Mean":0.6875729686584754,"Sigma":1.0575625057618383e-06,"Taucorr":null},"Iteration":56},
{"Acceptance":[0.00032],"Energy":{"Mean":-17.499999335985933,"Sigma":1.2491029834675628e-07,"Taucorr":null},"EnergyVariance":{"Mean":0.7500015051717754,"Sigma":3.747319804963345e-07,"Taucorr":null},"Iteration":57},
{"Acceptance":[0.0],"Energy":{"Mean":-17.570853836595752,"Sigma":0.007162543360033275,"Taucorr":null},"EnergyVariance":{"Mean":1.5030087114956592,"Sigma":0.1015069086688464,"Taucorr":null},"Iteration":58},
{"Acceptance":[0.0],"Energy":{"Mean":-17.25000345413433,"Sigma":0.0,"Taucorr":null},"EnergyVariance":{"Mean":0.6875051757246268,"Sigma":0.0,"Taucorr":null},"Iteration":59},
{"Acceptance":[0.0128],"Energy":{"Mean":-524539.340525354,"Sigma":524522.0593432881,"Taucorr":null},"EnergyVariance":{"Mean":27567797567986.254,"Sigma":27292674177246.926,"Taucorr":null},"Iteration":60},
{"Acceptance":[0.00576],"Energy":{"Mean":93279.03416806084,"Sigma":51577.49731680186,"Taucorr":null},"EnergyVariance":{"Mean":315256914888.063,"Sigma":169452086769.53595,"Taucorr":null},"Iteration":61},
{"Acceptance":[0.03648],"Energy":{"Mean":-1414.426191466556,"Sigma":773.677499408545,"Taucorr":null},"EnergyVariance":{"Mean":132341521.88534428,"Sigma":72071658.29647624,"Taucorr":null},"Iteration":62},
{"Acceptance":[0.01536],"Energy":{"Mean":-14.123303411822265,"Sigma":1.2398751544241338,"Taucorr":null},"EnergyVariance":{"Mean":7591.020253091397,"Sigma":4192.313190055522,"Taucorr":null},"Iteration":63},
{"Acceptance":[0.00032],"Energy":{"Mean":-16.396996246606417,"Sigma":0.027221408129178046,"Taucorr":null},"EnergyVariance":{"Mean":0.9566228401833601,"Sigma":0.04518840074324947,"Taucorr":null},"Iteration":64},
{"Acceptance":[0.01056],"Energy":{"Mean":-16.000002720879106,"Sigma":1.1213582312630101e-05,"Taucorr":null},"EnergyVariance":{"Mean":1.490564677293698e-08,"Sigma":3.351927539269111e-09,"Taucorr":null},"Iteration":65},
{"Acceptance":[0.00768],"Energy":{"Mean":-16.256671610554246,"Sigma":0.04741415205325534,"Taucorr":null},"EnergyVariance":{"Mean":6.255362148530868,"Sigma":0.11959672310165144,"Taucorr":null},"Iteration":66},
{"Acceptance":[0.00768],"Energy":{"Mean":-17.02274149153188,"Sigma":0.09151746026715922,"Taucorr":2.7755575615628914e-17},"EnergyVariance":{"Mean":1.630522628466737,"Sigma":0.20599397864050142,"Taucorr":2.7755575615628914e-17},"Iteration":67},
{"Acceptance":[0.01728],"Energy":{"Mean":-18.106969165251762,"Sigma":0.00976355689690788,"Taucorr":-8.593126210598712e-14},"EnergyVariance":{"Mean":0.031682650421929984,"Sigma":0.002521549832428483,"Taucorr":-1.1102230246251565e-16},"Iteration":68},
{"Acceptance":[0.0128],"Energy":{"Mean":3008263350141.191,"Sigma":795911670271.1368,"Taucorr":null},"EnergyVariance":{"Mean":1.3551524500500785e+26,"Sigma":3.345965180648318e+25,"Taucorr":null},"Iteration":69},
{"Acceptance":[0.01184],"Energy":{"Mean":-28147.521447681513,"Sigma":4689.1552158788745,"Taucorr":2.609024107869118e-15},"EnergyVariance":{"Mean":7957232135.816993,"Sigma":1194276282.5584464,"Taucorr":-2.51776377524493e-12},"Iteration":70},
{"Acceptance":[0.00352],"Energy":{"Mean":-14.500064439361172,"Sigma":0.0,"Taucorr":null},"EnergyVariance":{"Mean":2.7499360777336648,"Sigma":0.0,"Taucorr":null},"Iteration":71},
{"Acceptance":[0.03648],"Energy":{"Mean":-17.232580368647287,"Sigma":0.2012379152306049,"Taucorr":null},"EnergyVariance":{"Mean":13.865712091258969,"Sigma":1.9518187593732972,"Taucorr":null},"Iteration":72},
{"Acceptance":[0.01312],"Energy":{"Mean":-16.595983586656104,"Sigma":0.11031407398298586,"Taucorr":4.107825191113079e-15},"EnergyVariance":{"Mean":2.1529896234548684,"Sigma":0.3818687025772001,"Taucorr":0.0},"Iteration":73},
{"Acceptance":[0.00064],"Energy":{"Mean":-15.999880871303782,"Sigma":0.0,"Taucorr":null},"EnergyVariance":{"Mean":1.201432237250493e-11,"Sigma":0.0,"Taucorr":null},"Iteration":74},
{"Acceptance":[0.0],"Energy":{"Mean":-16.00000007975581,"Sigma":0.0,"Taucorr":null},"EnergyVariance":{"Mean":9.162544044688787e-16,"Sigma":0.0,"Taucorr":null},"Iteration":75},
{"Acceptance":[0.00288],"Energy":{"Mean":-14.749203626775437,"Sigma":0.0015180083965523155,"Taucorr":null},"EnergyVariance":{"Mean":4.685882276305144,"Sigma":0.00394152843882888,"Taucorr":null},"Iteration":76},
{"Acceptance":[0.01728],"Energy":{"Mean":-16.500090575481288,"Sigma":1.0942680926597462e-05,"Taucorr":null},"EnergyVariance":{"Mean":0.7499135934198434,"Sigma":1.0942959617269566e-05,"Taucorr":null},"Iteration":77},
{"Acceptance":[0.00128],"Energy":{"Mean":-11.76536545484122,"Sigma":0.8944271975279162,"Taucorr":null},"EnergyVariance":{"Mean":1003.8098400656917,"Sigma":325.88365523829157,"Taucorr":null},"Iteration":78},
{"Acceptance":[0.00096],"Energy":{"Mean":-16.00002888010428,"Sigma":0.0,"Taucorr":null},"EnergyVariance":{"Mean":2.2013353442498095e-08,"Sigma":0.0,"Taucorr":null},"Iteration":79},
{"Acceptance":[0.0],"Energy":{"Mean":-15.999998221780364,"Sigma":0.0,"Taucorr":null},"EnergyVariance":{"Mean":6.634430635584795e-11,"Sigma":0.0,"Taucorr":null},"Iteration":80},
{"Acceptance":[0.01824],"Energy":{"Mean":-15.997592058136311,"Sigma":0.0,"Taucorr":null},"EnergyVariance":{"Mean":4.477569096916276e-07,"Sigma":0.0,"Taucorr":null},"Iteration":81},
{"Acceptance":[0.00576],"Energy":{"Mean":-16.409750676272946,"Sigma":0.0006258124788827552,"Taucorr":null},"EnergyVariance":{"Mean":0.5707080370467447,"Sigma":0.00034287973016113705,"Taucorr":null},"Iteration":82},
{"Acceptance":[0.00224],"Energy":{"Mean":-15.756248415058634,"Sigma":0.12719951477895217,"Taucorr":null},"EnergyVariance":{"Mean":3.663052919742215,"Sigma":0.23905582839851633,"Taucorr":null},"Iteration":83},
{"Acceptance":[0.0],"Energy":{"Mean":-14.223091132941056,"Sigma":0.0,"Taucorr":null},"EnergyVariance":{"Mean":5.065384438322409,"Sigma":0.0,"Taucorr":null},"Iteration":84},
{"Acceptance":[0.0],"Energy":{"Mean":-14.538400181760428,"Sigma":0.011071957830955912,"Taucorr":null},"EnergyVariance":{"Mean":4.075209246719193,"Sigma":0.16711966382782764,"Taucorr":null},"Iteration":85},
{"Acceptance":[0.0],"Energy":{"Mean":-16.06613950198571,"Sigma":0.06430415233928113,"Taucorr":null},"EnergyVariance":{"Mean":0.8917413646568286,"Sigma":0.11018191959946287,"Taucorr":null},"Iteration":86},
{"Acceptance":[0.0],"Energy":{"Mean":-15.747735593001178,"Sigma":0.0,"Taucorr":null},"EnergyVariance":{"Mean":1.178830763342443,"Sigma":0.0,"Taucorr":null},"Iteration":87},
{"Acceptance":[0.00064],"Energy":{"Mean":-15.744952717244093,"Sigma":0.0,"Taucorr":null},"EnergyVariance":{"Mean":1.1747679165632803,"Sigma":0.0,"Taucorr":null},"Iteration":88},
{"Acceptance":[0.0112],"Energy":{"Mean":-15.753745524282419,"Sigma":0.003871441523373555,"Taucorr":null},"EnergyVariance":{"Mean":1.204124470752163,"Sigma":0.009994648641745596,"Taucorr":null},"Iteration":89},
{"Acceptance":[0.00512],"Energy":{"Mean":-15.756196196010173,"Sigma":0.001835480213601341,"Taucorr":null},"EnergyVariance":{"Mean":1.238365297766673,"Sigma":0.004213344484260071,"Taucorr":null},"Iteration":90},
{"Acceptance":[0.0048],"Energy":{"Mean":-15.768688170665325,"Sigma":0.0004907133990708251,"Taucorr":null},"EnergyVariance":{"Mean":1.254094028995386,"Sigma":0.001799476432708571,"Taucorr":null},"Iteration":91},
{"Acceptance":[0.00576],"Energy":{"Mean":-15.80439116400833,"Sigma":0.005565737390425828,"Taucorr":null},"EnergyVariance":{"Mean":1.2980057443631294,"Sigma":0.008078558747211044,"Taucorr":null},"Iteration":92},
{"Acceptance":[0.00768],"Energy":{"Mean":-16.28639893204486,"Sigma":0.005499186718333939,"Taucorr":null},"EnergyVariance":{"Mean":0.24174822661883238,"Sigma":0.00874540200520719,"Taucorr":null},"Iteration":93},
{"Acceptance":[0.008],"Energy":{"Mean":-15.779200606505679,"Sigma":0.094530192257759,"Taucorr":null},"EnergyVariance":{"Mean":6.087834124622978,"Sigma":0.43644547165691644,"Taucorr":null},"Iteration":94},
{"Acceptance":[0.00288],"Energy":{"Mean":-16.09652739154208,"Sigma":0.20427780507183205,"Taucorr":null},"EnergyVariance":{"Mean":12.521150125566427,"Sigma":5.542535215231991,"Taucorr":null},"Iteration":95},
{"Acceptance":[0.0016],"Energy":{"Mean":-15.435299960200243,"Sigma":0.06682297560887072,"Taucorr":null},"EnergyVariance":{"Mean":4.745991819774547,"Sigma":0.42785001897904046,"Taucorr":null},"Iteration":96},
{"Acceptance":[0.00128],"Energy":{"Mean":-15.5563633615172,"Sigma":0.00970751619833956,"Taucorr":null},"EnergyVariance":{"Mean":4.49760642935008,"Sigma":0.04694935696912396,"Taucorr":null},"Iteration":97},
{"Acceptance":[0.00064],"Energy":{"Mean":-15.547306923736784,"Sigma":0.0,"Taucorr":null},"EnergyVariance":{"Mean":4.4428930631855765,"Sigma":0.0,"Taucorr":null},"Iteration":98},
{"Acceptance":[0.00128],"Energy":{"Mean":-15.58479671746093,"Sigma":0.011860063952314363,"Taucorr":null},"EnergyVariance":{"Mean":4.702562404557142,"Sigma":0.10153991035509619,"Taucorr":null},"Iteration":99} 
]}
{"input": {"L": 24, "J": 1, "machine": {"type": "FFNN", "model": ["tanh", 141, 6]}, "sampler": {"type": "MetropolisHop", "d_max": 5}, "optimizer": {"type": "AdaMax", "alpha": 0.001, "beta1": 0.9, "beta2": 0.999, "epscut": 1e-07}, "VMC": {"n_samples": 100, "discarded_samples": 100, "discarded_samples_on_init": 0, "target": "energy", "method": "Sr", "diag_shift": 10, "use_iterative": true, "use_cholesky": true}, "n_iter": 100}}
duration: -19.589595079421997