{"Output": [
{"Acceptance":[0.6688],"Energy":{"Mean":15.861510300200845,"Sigma":0.41769090241954654,"Taucorr":1.1102230246251565e-16},"EnergyVariance":{"Mean":20.78779458690041,"Sigma":2.24556637133712,"Taucorr":0.0},"Iteration":0},
{"Acceptance":[0.37184],"Energy":{"Mean":3.2207586184209838,"Sigma":0.426193074514228,"Taucorr":0.0},"EnergyVariance":{"Mean":34.3666953565542,"Sigma":4.168360766522491,"Taucorr":0.0},"Iteration":1},
{"Acceptance":[0.21216],"Energy":{"Mean":-4.557898649776256,"Sigma":0.3598935435328188,"Taucorr":-8.326672684688674e-17},"EnergyVariance":{"Mean":27.770551502488583,"Sigma":4.199839265224299,"Taucorr":-2.7755575615628914e-17},"Iteration":2},
{"Acceptance":[0.16512],"Energy":{"Mean":-10.650484983233778,"Sigma":0.3079991325672573,"Taucorr":0.0},"EnergyVariance":{"Mean":16.39851602743105,"Sigma":3.0112378669965336,"Taucorr":0.0},"Iteration":3},
{"Acceptance":[0.14368],"Energy":{"Mean":-12.97255748857464,"Sigma":0.37419865905391814,"Taucorr":8.326672684688674e-17},"EnergyVariance":{"Mean":20.863694241607067,"Sigma":5.8507448049251565,"Taucorr":5.551115123125783e-17},"Iteration":4},
{"Acceptance":[0.16256],"Energy":{"Mean":-11.696912586530505,"Sigma":0.2805237401410431,"Taucorr":0.0},"EnergyVariance":{"Mean":16.658407771551317,"Sigma":3.296144230578081,"Taucorr":0.0},"Iteration":5},
{"Acceptance":[0.1808],"Energy":{"Mean":-13.165048893592047,"Sigma":0.31103847200959184,"Taucorr":0.0},"EnergyVariance":{"Mean":13.023607963677799,"Sigma":1.8965841102413568,"Taucorr":5.551115123125783e-17},"Iteration":6},
{"Acceptance":[0.15264],"Energy":{"Mean":-12.453979190322501,"Sigma":0.458482904788711,"Taucorr":-5.551115123125783e-17},"EnergyVariance":{"Mean":28.42640904744158,"Sigma":18.70809215570715,"Taucorr":-2.7755575615628914e-17},"Iteration":7},
{"Acceptance":[0.14784],"Energy":{"Mean":-12.25741318244375,"Sigma":0.48354871336138533,"Taucorr":5.551115123125783e-17},"EnergyVariance":{"Mean":30.229801951744406,"Sigma":16.438864469635117,"Taucorr":0.0},"Iteration":8},
{"Acceptance":[0.1472],"Energy":{"Mean":-12.388959967987914,"Sigma":0.26697131071211877,"Taucorr":2.7755575615628914e-17},"EnergyVariance":{"Mean":19.187505272234525,"Sigma":2.833625414421444,"Taucorr":0.0},"Iteration":9},
{"Acceptance":[0.13728],"Energy":{"Mean":-12.846148308967145,"Sigma":0.32314298691722565,"Taucorr":0.0},"EnergyVariance":{"Mean":20.312581518102057,"Sigma":5.531289032804336,"Taucorr":0.0},"Iteration":10},
{"Acceptance":[0.13568],"Energy":{"Mean":-13.826859152886335,"Sigma":0.2395321300303377,"Taucorr":0.0},"EnergyVariance":{"Mean":9.204557840450224,"Sigma":1.3357017033231813,"Taucorr":-2.7755575615628914e-17},"Iteration":11},
{"Acceptance":[0.13568],"Energy":{"Mean":-14.342424529406065,"Sigma":0.33341387900483854,"Taucorr":-2.7755575615628914e-17},"EnergyVariance":{"Mean":15.082522276445497,"Sigma":2.6419252220847715,"Taucorr":5.551115123125783e-17},"Iteration":12},
{"Acceptance":[0.14912],"Energy":{"Mean":-14.18452425172481,"Sigma":0.37961653167337467,"Taucorr":5.551115123125783e-17},"EnergyVariance":{"Mean":40.067207202505884,"Sigma":13.238353463475702,"Taucorr":-5.551115123125783e-17},"Iteration":13},
{"Acceptance":[0.13472],"Energy":{"Mean":-15.338426772757579,"Sigma":0.6062188545743705,"Taucorr":1.1102230246251565e-16},"EnergyVariance":{"Mean":51.65100957674454,"Sigma":45.32333216646076,"Taucorr":-5.551115123125783e-17},"Iteration":14},
{"Acceptance":[0.16544],"Energy":{"Mean":-15.529656779952298,"Sigma":0.29256941091298366,"Taucorr":5.551115123125783e-17},"EnergyVariance":{"Mean":8.891846444479746,"Sigma":1.4771179328831372,"Taucorr":5.551115123125783e-17},"Iteration":15},
{"Acceptance":[0.14816],"Energy":{"Mean":-15.794339619833043,"Sigma":0.4101146547931644,"Taucorr":0.0},"EnergyVariance":{"Mean":17.513996973872665,"Sigma":7.313444471370068,"Taucorr":1.1102230246251565e-16},"Iteration":16},
{"Acceptance":[0.16992],"Energy":{"Mean":-16.154900020019387,"Sigma":0.38404563493117144,"Taucorr":-2.7755575615628914e-17},"EnergyVariance":{"Mean":16.28382588668419,"Sigma":6.1507756208006485,"Taucorr":-2.7755575615628914e-17},"Iteration":17},
{"Acceptance":[0.17376],"Energy":{"Mean":-15.752138541355283,"Sigma":0.28629040389345745,"Taucorr":-8.326672684688674e-17},"EnergyVariance":{"Mean":10.339414897290688,"Sigma":2.344998753061943,"Taucorr":-2.7755575615628914e-17},"Iteration":18},
{"Acceptance":[0.184],"Energy":{"Mean":-15.867278003013919,"Sigma":0.315898468467876,"Taucorr":-8.326672684688674e-17},"EnergyVariance":{"Mean":11.307190574471633,"Sigma":2.7195115205827367,"Taucorr":0.0},"Iteration":19},
{"Acceptance":[0.16416],"Energy":{"Mean":-15.804950351396338,"Sigma":0.38166274792519467,"Taucorr":-5.551115123125783e-17},"EnergyVariance":{"Mean":15.241650454401341,"Sigma":4.028447634850616,"Taucorr":-2.7755575615628914e-17},"Iteration":20},
{"Acceptance":[0.1792],"Energy":{"Mean":-15.65002275740823,"Sigma":0.31781908932539826,"Taucorr":0.0},"EnergyVariance":{"Mean":11.99503648698607,"Sigma":2.312412424249095,"Taucorr":0.0},"Iteration":21},
{"Acceptance":[0.17216],"Energy":{"Mean":-16.79320818841552,"Sigma":0.4081435146584426,"Taucorr":0.0},"EnergyVariance":{"Mean":19.641302676203008,"Sigma":4.1651070310896285,"Taucorr":-2.7755575615628914e-17},"Iteration":22},
{"Acceptance":[0.1744],"Energy":{"Mean":-16.651793261745333,"Sigma":0.32839867901637565,"Taucorr":-5.551115123125783e-17},"EnergyVariance":{"Mean":11.979576740099686,"Sigma":3.1538911504399363,"Taucorr":5.551115123125783e-17},"Iteration":23},
{"Acceptance":[0.15936],"Energy":{"Mean":-17.141741395702997,"Sigma":0.23490315533810274,"Taucorr":2.7755575615628914e-17},"EnergyVariance":{"Mean":6.792234893113144,"Sigma":0.8915638556295369,"Taucorr":0.0},"Iteration":24},
{"Acceptance":[0.14496],"Energy":{"Mean":-16.906004997102492,"Sigma":0.45488139701552255,"Taucorr":-2.7755575615628914e-17},"EnergyVariance":{"Mean":26.824240128742268,"Sigma":11.818382437361512,"Taucorr":5.551115123125783e-17},"Iteration":25},
{"Acceptance":[0.1504],"Energy":{"Mean":-16.463794419522408,"Sigma":0.3376341319448987,"Taucorr":0.0},"EnergyVariance":{"Mean":12.650156708910094,"Sigma":1.7892658868727533,"Taucorr":0.0},"Iteration":26},
{"Acceptance":[0.14848],"Energy":{"Mean":-16.847723104235246,"Sigma":0.35886181888076985,"Taucorr":0.0},"EnergyVariance":{"Mean":18.896731428737006,"Sigma":5.209245321965499,"Taucorr":-1.1102230246251565e-16},"Iteration":27},
{"Acceptance":[0.15232],"Energy":{"Mean":-17.162035047312028,"Sigma":0.3358061131263999,"Taucorr":0.0},"EnergyVariance":{"Mean":12.182438836528249,"Sigma":1.442885033572725,"Taucorr":0.0},"Iteration":28},
{"Acceptance":[0.15168],"Energy":{"Mean":-17.172795645661786,"Sigma":0.3279974218578362,"Taucorr":5.551115123125783e-17},"EnergyVariance":{"Mean":17.16407514653814,"Sigma":4.223850895353332,"Taucorr":0.0},"Iteration":29},
{"Acceptance":[0.13632],"Energy":{"Mean":-17.40549058909377,"Sigma":0.2926858053220221,"Taucorr":5.551115123125783e-17},"EnergyVariance":{"Mean":8.584656815602628,"Sigma":1.228122523408518,"Taucorr":-2.7755575615628914e-17},"Iteration":30},
{"Acceptance":[0.144],"Energy":{"Mean":-17.249328694953423,"Sigma":0.33028302173998086,"Taucorr":5.551115123125783e-17},"EnergyVariance":{"Mean":11.54667416186709,"Sigma":2.4200155273505883,"Taucorr":2.7755575615628914e-17},"Iteration":31},
{"Acceptance":[0.14112],"Energy":{"Mean":-17.407208658735623,"Sigma":0.3481645831619513,"Taucorr":-5.551115123125783e-17},"EnergyVariance":{"Mean":13.06366374020859,"Sigma":2.767492477697535,"Taucorr":0.0},"Iteration":32},
{"Acceptance":[0.1408],"Energy":{"Mean":-17.83783369700984,"Sigma":0.25331595831695114,"Taucorr":5.551115123125783e-17},"EnergyVariance":{"Mean":6.5239643471353475,"Sigma":1.1978374654782946,"Taucorr":-1.1102230246251565e-16},"Iteration":33},
{"Acceptance":[0.14272],"Energy":{"Mean":-17.23195533275701,"Sigma":0.27655244985204863,"Taucorr":1.1102230246251565e-16},"EnergyVariance":{"Mean":7.855180827675786,"Sigma":1.2815260339246335,"Taucorr":0.0},"Iteration":34},
{"Acceptance":[0.14656],"Energy":{"Mean":-18.077128127021794,"Sigma":0.25434375129566816,"Taucorr":0.0},"EnergyVariance":{"Mean":6.587468020587572,"Sigma":1.11869417025197,"Taucorr":0.0},"Iteration":35},
{"Acceptance":[0.13792],"Energy":{"Mean":-17.771667085949584,"Sigma":0.3374876442087825,"Taucorr":5.551115123125783e-17},"EnergyVariance":{"Mean":14.255504083357089,"Sigma":3.4156188126898566,"Taucorr":0.0},"Iteration":36},
{"Acceptance":[0.14784],"Energy":{"Mean":-17.8424172700623,"Sigma":0.2322005934525173,"Taucorr":5.551115123125783e-17},"EnergyVariance":{"Mean":6.070389225434177,"Sigma":0.9770552328755272,"Taucorr":5.551115123125783e-17},"Iteration":37},
{"Acceptance":[0.12064],"Energy":{"Mean":-18.28253056859789,"Sigma":0.35954713335518806,"Taucorr":0.0},"EnergyVariance":{"Mean":17.58774461067496,"Sigma":7.3074542898876444,"Taucorr":0.0},"Iteration":38},
{"Acceptance":[0.13696],"Energy":{"Mean":-18.071743400510208,"Sigma":0.22019151261589534,"Taucorr":-2.7755575615628914e-17},"EnergyVariance":{"Mean":7.537630943703425,"Sigma":1.698594212201628,"Taucorr":0.0},"Iteration":39},
{"Acceptance":[0.14336],"Energy":{"Mean":-18.38126362833541,"Sigma":0.3653832720710649,"Taucorr":2.7755575615628914e-17},"EnergyVariance":{"Mean":13.659289135895953,"Sigma":2.8573990815720838,"Taucorr":2.7755575615628914e-17},"Iteration":40},
{"Acceptance":[0.14176],"Energy":{"Mean":-18.928176720007528,"Sigma":0.4635330316783593,"Taucorr":-5.551115123125783e-17},"EnergyVariance":{"Mean":27.027410565764715,"Sigma":7.610201856508051,"Taucorr":0.0},"Iteration":41},
{"Acceptance":[0.15616],"Energy":{"Mean":-17.96436469934804,"Sigma":0.3464674548744796,"Taucorr":1.1102230246251565e-16},"EnergyVariance":{"Mean":14.4789202576353,"Sigma":3.4473306904157224,"Taucorr":5.551115123125783e-17},"Iteration":42},
{"Acceptance":[0.15264],"Energy":{"Mean":-17.355585676038213,"Sigma":0.3599465995572232,"Taucorr":-5.551115123125783e-17},"EnergyVariance":{"Mean":13.71039349485499,"Sigma":2.8193586462044897,"Taucorr":0.0},"Iteration":43},
{"Acceptance":[0.14144],"Energy":{"Mean":-18.53096382751751,"Sigma":0.4066454898187152,"Taucorr":-8.326672684688674e-17},"EnergyVariance":{"Mean":17.242972105103377,"Sigma":3.9973008916901316,"Taucorr":0.0},"Iteration":44},
{"Acceptance":[0.14464],"Energy":{"Mean":-18.133949784646433,"Sigma":0.2533066710633447,"Taucorr":-2.7755575615628914e-17},"EnergyVariance":{"Mean":6.77139070321747,"Sigma":2.298439234685744,"Taucorr":0.0},"Iteration":45},
{"Acceptance":[0.14176],"Energy":{"Mean":-18.38215395822467,"Sigma":0.2244850027350271,"Taucorr":8.326672684688674e-17},"EnergyVariance":{"Mean":5.134414808149924,"Sigma":0.7453457613068546,"Taucorr":0.0},"Iteration":46},
{"Acceptance":[0.14336],"Energy":{"Mean":-18.176987910512352,"Sigma":0.29471697320777646,"Taucorr":5.551115123125783e-17},"EnergyVariance":{"Mean":9.514024015015767,"Sigma":2.034136185283449,"Taucorr":0.0},"Iteration":47},
{"Acceptance":[0.13568],"Energy":{"Mean":-18.666778375986162,"Sigma":0.31215231906388735,"Taucorr":-5.551115123125783e-17},"EnergyVariance":{"Mean":10.397794767046756,"Sigma":2.8055630889981606,"Taucorr":0.0},"Iteration":48},
{"Acceptance":[0.1376],"Energy":{"Mean":-19.228210635097398,"Sigma":0.5373051513390282,"Taucorr":1.1102230246251565e-16},"EnergyVariance":{"Mean":31.86430650677606,"Sigma":9.673807159989183,"Taucorr":0.0},"Iteration":49},
{"Acceptance":[0.12832],"Energy":{"Mean":-19.71550085219132,"Sigma":0.4772555253320095,"Taucorr":0.0},"EnergyVariance":{"Mean":23.974080042124882,"Sigma":12.428079195505557,"Taucorr":1.1102230246251565e-16},"Iteration":50},
{"Acceptance":[0.11904],"Energy":{"Mean":-18.786772286315497,"Sigma":0.3013409953635006,"Taucorr":8.326672684688674e-17},"EnergyVariance":{"Mean":10.59397065563867,"Sigma":3.166523806806177,"Taucorr":-2.7755575615628914e-17},"Iteration":51},
{"Acceptance":[0.13728],"Energy":{"Mean":-18.83368136162683,"Sigma":0.19928348658350917,"Taucorr":8.326672684688674e-17},"EnergyVariance":{"Mean":4.3610626587926955,"Sigma":0.7455004862494543,"Taucorr":2.7755575615628914e-17},"Iteration":52},
{"Acceptance":[0.13888],"Energy":{"Mean":-18.436887831244555,"Sigma":0.2753387866823919,"Taucorr":2.7755575615628914e-17},"EnergyVariance":{"Mean":7.430804863349899,"Sigma":1.045127454758468,"Taucorr":-2.7755575615628914e-17},"Iteration":53},
{"Acceptance":[0.14336],"Energy":{"Mean":-18.570627124496824,"Sigma":0.3441492970381238,"Taucorr":-2.7755575615628914e-17},"EnergyVariance":{"Mean":13.403164668185246,"Sigma":2.5850013052398886,"Taucorr":-2.7755575615628914e-17},"Iteration":54},
{"Acceptance":[0.14368],"Energy":{"Mean":-18.616502975452907,"Sigma":0.30100406002619545,"Taucorr":-5.551115123125783e-17},"EnergyVariance":{"Mean":9.34218979459963,"Sigma":1.8988961036912109,"Taucorr":5.551115123125783e-17},"Iteration":55},
{"Acceptance":[0.13248],"Energy":{"Mean":-18.175477496588307,"Sigma":0.32804559570257513,"Taucorr":0.0},"EnergyVariance":{"Mean":11.036480275747678,"Sigma":1.7329274426215366,"Taucorr":1.1102230246251565e-16},"Iteration":56},
{"Acceptance":[0.14688],"Energy":{"Mean":-18.972209459540863,"Sigma":0.5593607875568195,"Taucorr":-5.551115123125783e-17},"EnergyVariance":{"Mean":31.8107202729124,"Sigma":23.695566948361666,"Taucorr":-2.7755575615628914e-17},"Iteration":57},
{"Acceptance":[0.14432],"Energy":{"Mean":-18.689787327971885,"Sigma":0.23467326917042972,"Taucorr":5.551115123125783e-17},"EnergyVariance":{"Mean":5.565664921064633,"Sigma":1.2388070745980881,"Taucorr":0.0},"Iteration":58},
{"Acceptance":[0.14624],"Energy":{"Mean":-19.302402706718127,"Sigma":0.43896963786648224,"Taucorr":2.7755575615628914e-17},"EnergyVariance":{"Mean":20.239620796606978,"Sigma":12.956939464034958,"Taucorr":-5.551115123125783e-17},"Iteration":59},
{"Acceptance":[0.14816],"Energy":{"Mean":-18.818579290361107,"Sigma":0.30278391542426636,"Taucorr":0.0},"EnergyVariance":{"Mean":9.101014967459342,"Sigma":2.2870026090044138,"Taucorr":0.0},"Iteration":60},
{"Acceptance":[0.13696],"Energy":{"Mean":-19.154837299058276,"Sigma":0.24805950524133197,"Taucorr":-8.326672684688674e-17},"EnergyVariance":{"Mean":6.524343668955654,"Sigma":0.8668698879699247,"Taucorr":0.0},"Iteration":61},
{"Acceptance":[0.1584],"Energy":{"Mean":-18.437514884126195,"Sigma":0.25084222973655496,"Taucorr":0.0},"EnergyVariance":{"Mean":6.70994588728813,"Sigma":1.1916463291625263,"Taucorr":-5.551115123125783e-17},"Iteration":62},
{"Acceptance":[0.15392],"Energy":{"Mean":-19.147517707464765,"Sigma":0.32038575713361156,"Taucorr":5.551115123125783e-17},"EnergyVariance":{"Mean":10.997487428721447,"Sigma":2.729224312414695,"Taucorr":5.551115123125783e-17},"Iteration":63},
{"Acceptance":[0.15552],"Energy":{"Mean":-19.085687462652356,"Sigma":0.32272210075890567,"Taucorr":0.0},"EnergyVariance":{"Mean":10.602131770516115,"Sigma":1.6051972974826643,"Taucorr":-2.7755575615628914e-17},"Iteration":64},
{"Acceptance":[0.13408],"Energy":{"Mean":-18.886508876558295,"Sigma":0.2631873050232846,"Taucorr":-5.551115123125783e-17},"EnergyVariance":{"Mean":7.376842348866571,"Sigma":1.2995497120454935,"Taucorr":-2.7755575615628914e-17},"Iteration":65},
{"Acceptance":[0.12928],"Energy":{"Mean":-18.85461017785827,"Sigma":0.29985731620407996,"Taucorr":1.6653345369377348e-16},"EnergyVariance":{"Mean":9.479161158076591,"Sigma":1.7246791223592963,"Taucorr":-2.7755575615628914e-17},"Iteration":66},
{"Acceptance":[0.14496],"Energy":{"Mean":-18.75943342791048,"Sigma":0.2959424724938796,"Taucorr":8.326672684688674e-17},"EnergyVariance":{"Mean":18.66447400764455,"Sigma":7.334660589391353,"Taucorr":-2.7755575615628914e-17},"Iteration":67},
{"Acceptance":[0.14112],"Energy":{"Mean":-19.42388216637223,"Sigma":0.260169585602635,"Taucorr":0.0},"EnergyVariance":{"Mean":6.941254224479177,"Sigma":1.1556769956685815,"Taucorr":5.551115123125783e-17},"Iteration":68},
{"Acceptance":[0.1488],"Energy":{"Mean":-18.811326852274824,"Sigma":0.2704753726291443,"Taucorr":-8.326672684688674e-17},"EnergyVariance":{"Mean":7.412855192165031,"Sigma":1.2405390941638963,"Taucorr":0.0},"Iteration":69},
{"Acceptance":[0.14784],"Energy":{"Mean":-18.825260409753458,"Sigma":0.2108241709617927,"Taucorr":5.551115123125783e-17},"EnergyVariance":{"Mean":4.546497442418717,"Sigma":0.8082920133815635,"Taucorr":-2.7755575615628914e-17},"Iteration":70},
{"Acceptance":[0.15328],"Energy":{"Mean":-19.81723851447394,"Sigma":0.283857884774395,"Taucorr":5.551115123125783e-17},"EnergyVariance":{"Mean":8.143062357279678,"Sigma":1.587351371831972,"Taucorr":-5.551115123125783e-17},"Iteration":71},
{"Acceptance":[0.14528],"Energy":{"Mean":-21.071149946536764,"Sigma":1.0469982108837301,"Taucorr":1.1102230246251565e-16},"EnergyVariance":{"Mean":146.8976154222212,"Sigma":135.41266645967806,"Taucorr":-1.1102230246251565e-16},"Iteration":72},
{"Acceptance":[0.15328],"Energy":{"Mean":-19.625237092300964,"Sigma":0.2879929156415253,"Taucorr":-2.7755575615628914e-17},"EnergyVariance":{"Mean":8.16920358299079,"Sigma":1.3905440752095832,"Taucorr":-5.551115123125783e-17},"Iteration":73},
{"Acceptance":[0.15744],"Energy":{"Mean":-20.32508967454277,"Sigma":0.3468955515205925,"Taucorr":1.1102230246251565e-16},"EnergyVariance":{"Mean":12.21549049761921,"Sigma":2.0826944245570322,"Taucorr":-2.7755575615628914e-17},"Iteration":74},
{"Acceptance":[0.16288],"Energy":{"Mean":-19.92051740967245,"Sigma":0.2575510648709594,"Taucorr":0.0},"EnergyVariance":{"Mean":6.543186427934243,"Sigma":1.37430368706946,"Taucorr":-2.7755575615628914e-17},"Iteration":75},
{"Acceptance":[0.17952],"Energy":{"Mean":-19.457127444947485,"Sigma":0.29686251536498076,"Taucorr":0.0},"EnergyVariance":{"Mean":8.973742846438476,"Sigma":1.6213512906941139,"Taucorr":5.551115123125783e-17},"Iteration":76},
{"Acceptance":[0.1616],"Energy":{"Mean":-19.96931121836354,"Sigma":0.2896112459306971,"Taucorr":-1.1102230246251565e-16},"EnergyVariance":{"Mean":9.047749352654893,"Sigma":1.3874498009587863,"Taucorr":-2.7755575615628914e-17},"Iteration":77},
{"Acceptance":[0.15136],"Energy":{"Mean":-19.773800709027086,"Sigma":0.22745675588280675,"Taucorr":2.7755575615628914e-17},"EnergyVariance":{"Mean":5.578545458466827,"Sigma":0.895455880572077,"Taucorr":-2.7755575615628914e-17},"Iteration":78},
{"Acceptance":[0.16384],"Energy":{"Mean":-19.18849478679887,"Sigma":0.27683482332380777,"Taucorr":5.551115123125783e-17},"EnergyVariance":{"Mean":7.997056189294154,"Sigma":1.0898521078673924,"Taucorr":-5.551115123125783e-17},"Iteration":79},
{"Acceptance":[0.17248],"Energy":{"Mean":-19.163233454084743,"Sigma":0.2663165809345627,"Taucorr":-2.7755575615628914e-17},"EnergyVariance":{"Mean":7.3273820467554645,"Sigma":1.045145634471091,"Taucorr":5.551115123125783e-17},"Iteration":80},
{"Acceptance":[0.1632],"Energy":{"Mean":-20.70863968340297,"Sigma":0.28496421432924945,"Taucorr":0.0},"EnergyVariance":{"Mean":9.588978885814587,"Sigma":2.690169128136171,"Taucorr":0.0},"Iteration":81},
{"Acceptance":[0.1776],"Energy":{"Mean":-19.79414135223915,"Sigma":0.29558447383530406,"Taucorr":0.0},"EnergyVariance":{"Mean":8.834544222775264,"Sigma":1.2974895133930873,"Taucorr":-2.7755575615628914e-17},"Iteration":82},
{"Acceptance":[0.1712],"Energy":{"Mean":-20.12201970018277,"Sigma":0.265853255633524,"Taucorr":2.7755575615628914e-17},"EnergyVariance":{"Mean":8.145437684203578,"Sigma":1.3257052623261432,"Taucorr":0.0},"Iteration":83},
{"Acceptance":[0.16288],"Energy":{"Mean":-20.391795150457288,"Sigma":0.33510204204067623,"Taucorr":-2.7755575615628914e-17},"EnergyVariance":{"Mean":14.275534981210253,"Sigma":3.020977830707915,"Taucorr":5.551115123125783e-17},"Iteration":84},
{"Acceptance":[0.17856],"Energy":{"Mean":-20.314133179202475,"Sigma":0.31306907776897636,"Taucorr":-8.326672684688674e-17},"EnergyVariance":{"Mean":11.086094064738003,"Sigma":1.939957945988182,"Taucorr":0.0},"Iteration":85},
{"Acceptance":[0.18624],"Energy":{"Mean":-20.110649442313782,"Sigma":0.24376358263611292,"Taucorr":5.551115123125783e-17},"EnergyVariance":{"Mean":6.338936571261183,"Sigma":0.9838125353778144,"Taucorr":0.0},"Iteration":86},
{"Acceptance":[0.15552],"Energy":{"Mean":-20.573887033578707,"Sigma":0.26527401249941085,"Taucorr":-1.942890293094024e-16},"EnergyVariance":{"Mean":7.655156390341434,"Sigma":1.313845553834883,"Taucorr":0.0},"Iteration":87},
{"Acceptance":[0.17056],"Energy":{"Mean":-20.570469092107686,"Sigma":0.28363483068485806,"Taucorr":-1.6653345369377348e-16},"EnergyVariance":{"Mean":8.017453311170206,"Sigma":1.2068009371502137,"Taucorr":-1.1102230246251565e-16},"Iteration":88},
{"Acceptance":[0.17152],"Energy":{"Mean":-20.819031498405117,"Sigma":0.299157380907796,"Taucorr":2.7755575615628914e-17},"EnergyVariance":{"Mean":10.02335470573279,"Sigma":2.465287061254882,"Taucorr":2.7755575615628914e-17},"Iteration":89},
{"Acceptance":[0.18272],"Energy":{"Mean":-21.456850985777322,"Sigma":0.27236508957272687,"Taucorr":2.7755575615628914e-17},"EnergyVariance":{"Mean":7.621400408792114,"Sigma":1.2614224380945054,"Taucorr":0.0},"Iteration":90},
{"Acceptance":[0.1728],"Energy":{"Mean":-20.812999885006743,"Sigma":0.3078728685510753,"Taucorr":5.551115123125783e-17},"EnergyVariance":{"Mean":9.190838598247767,"Sigma":1.4473026657948178,"Taucorr":-2.7755575615628914e-17},"Iteration":91},
{"Acceptance":[0.16928],"Energy":{"Mean":-20.764609276637554,"Sigma":0.22021778259068076,"Taucorr":-8.326672684688674e-17},"EnergyVariance":{"Mean":5.23249545926223,"Sigma":1.0214285420174565,"Taucorr":0.0},"Iteration":92},
{"Acceptance":[0.18784],"Energy":{"Mean":-20.76928126779768,"Sigma":0.3193713144065151,"Taucorr":-8.326672684688674e-17},"EnergyVariance":{"Mean":10.310431978828996,"Sigma":1.7496109489165843,"Taucorr":5.551115123125783e-17},"Iteration":93},
{"Acceptance":[0.17792],"Energy":{"Mean":-20.925652375512392,"Sigma":0.29051923218337855,"Taucorr":2.7755575615628914e-17},"EnergyVariance":{"Mean":9.934779660524065,"Sigma":2.1794023828112334,"Taucorr":0.0},"Iteration":94},
{"Acceptance":[0.17504],"Energy":{"Mean":-20.341855714308075,"Sigma":0.28175471306191996,"Taucorr":5.551115123125783e-17},"EnergyVariance":{"Mean":8.159288934292608,"Sigma":1.0365819301561419,"Taucorr":-8.326672684688674e-17},"Iteration":95},
{"Acceptance":[0.17184],"Energy":{"Mean":-21.522079616217077,"Sigma":0.33664952767187295,"Taucorr":5.551115123125783e-17},"EnergyVariance":{"Mean":12.51994060755504,"Sigma":2.4986422781614683,"Taucorr":-2.7755575615628914e-17},"Iteration":96},
{"Acceptance":[0.17248],"Energy":{"Mean":-20.662620048732467,"Sigma":0.2818709935470947,"Taucorr":5.551115123125783e-17},"EnergyVariance":{"Mean":8.361736097775541,"Sigma":1.5943402856221136,"Taucorr":0.0},"Iteration":97},
{"Acceptance":[0.17344],"Energy":{"Mean":-21.54372802122581,"Sigma":0.3013109147124879,"Taucorr":5.551115123125783e-17},"EnergyVariance":{"Mean":10.17638071561139,"Sigma":1.2052775521761063,"Taucorr":0.0},"Iteration":98},
{"Acceptance":[0.16832],"Energy":{"Mean":-21.014888031680492,"Sigma":0.2641850364214062,"Taucorr":-8.326672684688674e-17},"EnergyVariance":{"Mean":7.774980096992058,"Sigma":1.1998613252722028,"Taucorr":5.551115123125783e-17},"Iteration":99} 
]}
{"input": {"L": 24, "J": 1, "machine": {"type": "FFNN", "model": ["tanh", 219, 2]}, "sampler": {"type": "MetropolisHop", "d_max": 5}, "optimizer": {"type": "AdaMax", "alpha": 0.001, "beta1": 0.9, "beta2": 0.999, "epscut": 1e-07}, "VMC": {"n_samples": 100, "discarded_samples": 100, "discarded_samples_on_init": 0, "target": "energy", "method": "Sr", "diag_shift": 10, "use_iterative": true, "use_cholesky": true}, "n_iter": 100}}
duration: -8.387134313583374