{"Output": [
{"Acceptance":[0.64928],"Energy":{"Mean":16.232432613935227,"Sigma":0.3597452335971559,"Taucorr":-2.7755575615628914e-17},"EnergyVariance":{"Mean":18.009151508694757,"Sigma":1.9840509216417521,"Taucorr":0.0},"Iteration":0},
{"Acceptance":[0.42432],"Energy":{"Mean":6.2777380175200355,"Sigma":0.4475514293204116,"Taucorr":1.1102230246251565e-16},"EnergyVariance":{"Mean":30.970258579953807,"Sigma":3.345275144006398,"Taucorr":0.0},"Iteration":1},
{"Acceptance":[0.2736],"Energy":{"Mean":-2.0542711082261174,"Sigma":0.4671913945550717,"Taucorr":0.0},"EnergyVariance":{"Mean":39.043707307234,"Sigma":4.927072031901657,"Taucorr":0.0},"Iteration":2},
{"Acceptance":[0.19584],"Energy":{"Mean":-7.069813521122381,"Sigma":0.3591004106800124,"Taucorr":0.0},"EnergyVariance":{"Mean":26.120552380400085,"Sigma":6.81746334523411,"Taucorr":0.0},"Iteration":3},
{"Acceptance":[0.16608],"Energy":{"Mean":-10.087290161743699,"Sigma":0.41336467250491676,"Taucorr":0.0},"EnergyVariance":{"Mean":29.872013928349162,"Sigma":8.670798204266356,"Taucorr":-2.7755575615628914e-17},"Iteration":4},
{"Acceptance":[0.14432],"Energy":{"Mean":-11.109879375057275,"Sigma":0.28825319121861204,"Taucorr":-5.551115123125783e-17},"EnergyVariance":{"Mean":9.358841750365974,"Sigma":1.6472607039935958,"Taucorr":0.0},"Iteration":5},
{"Acceptance":[0.13824],"Energy":{"Mean":-12.591721946093726,"Sigma":0.28841648897381067,"Taucorr":0.0},"EnergyVariance":{"Mean":10.43116561174018,"Sigma":1.6452793735621956,"Taucorr":5.551115123125783e-17},"Iteration":6},
{"Acceptance":[0.11008],"Energy":{"Mean":-13.981907246858674,"Sigma":0.4741961885577995,"Taucorr":0.0},"EnergyVariance":{"Mean":24.635110850908383,"Sigma":6.910183077982544,"Taucorr":0.0},"Iteration":7},
{"Acceptance":[0.11488],"Energy":{"Mean":-13.372268862535222,"Sigma":0.28672064291674276,"Taucorr":-5.551115123125783e-17},"EnergyVariance":{"Mean":12.229307190721386,"Sigma":2.522888933362486,"Taucorr":-5.551115123125783e-17},"Iteration":8},
{"Acceptance":[0.09856],"Energy":{"Mean":-13.295860737423045,"Sigma":0.23364855711126595,"Taucorr":0.0},"EnergyVariance":{"Mean":7.41635632776267,"Sigma":1.125196236615956,"Taucorr":-2.7755575615628914e-17},"Iteration":9},
{"Acceptance":[0.12],"Energy":{"Mean":-13.61274173650114,"Sigma":0.2122887394872304,"Taucorr":1.1102230246251565e-16},"EnergyVariance":{"Mean":7.458511841396662,"Sigma":1.261985600686249,"Taucorr":0.0},"Iteration":10},
{"Acceptance":[0.11328],"Energy":{"Mean":-14.090218303752957,"Sigma":0.21702229251188515,"Taucorr":-1.1102230246251565e-16},"EnergyVariance":{"Mean":6.8687656150673115,"Sigma":0.9826988519202345,"Taucorr":-5.551115123125783e-17},"Iteration":11},
{"Acceptance":[0.12832],"Energy":{"Mean":-15.865504632623415,"Sigma":0.2554067734557788,"Taucorr":0.0},"EnergyVariance":{"Mean":11.94615130500451,"Sigma":2.0026026970093582,"Taucorr":-5.551115123125783e-17},"Iteration":12},
{"Acceptance":[0.12992],"Energy":{"Mean":-15.416071247493512,"Sigma":0.2595730478325013,"Taucorr":1.1102230246251565e-16},"EnergyVariance":{"Mean":11.433762365296761,"Sigma":2.502342473724375,"Taucorr":2.7755575615628914e-17},"Iteration":13},
{"Acceptance":[0.12384],"Energy":{"Mean":-15.985928773385641,"Sigma":0.2534892556554572,"Taucorr":0.0},"EnergyVariance":{"Mean":7.635754207867757,"Sigma":1.7488303132461576,"Taucorr":0.0},"Iteration":14},
{"Acceptance":[0.1392],"Energy":{"Mean":-16.348374316701584,"Sigma":0.3130395359630725,"Taucorr":-2.7755575615628914e-17},"EnergyVariance":{"Mean":11.002089080097349,"Sigma":2.116929539126911,"Taucorr":-1.1102230246251565e-16},"Iteration":15},
{"Acceptance":[0.16256],"Energy":{"Mean":-17.324756394381062,"Sigma":0.3778419488066275,"Taucorr":5.551115123125783e-17},"EnergyVariance":{"Mean":14.91353544157953,"Sigma":2.7767769052685227,"Taucorr":0.0},"Iteration":16},
{"Acceptance":[0.15136],"Energy":{"Mean":-18.173806125834496,"Sigma":0.5331340400951707,"Taucorr":-5.551115123125783e-17},"EnergyVariance":{"Mean":28.833179548109854,"Sigma":6.487117780331944,"Taucorr":-5.551115123125783e-17},"Iteration":17},
{"Acceptance":[0.1552],"Energy":{"Mean":-17.905956716388122,"Sigma":0.3878634395315112,"Taucorr":2.7755575615628914e-17},"EnergyVariance":{"Mean":15.392634881298884,"Sigma":3.352578833005169,"Taucorr":-5.551115123125783e-17},"Iteration":18},
{"Acceptance":[0.16224],"Energy":{"Mean":-17.873345802726444,"Sigma":0.381670703318205,"Taucorr":0.0},"EnergyVariance":{"Mean":14.750569996872212,"Sigma":3.8155840210183327,"Taucorr":0.0},"Iteration":19},
{"Acceptance":[0.15104],"Energy":{"Mean":-16.805820572547056,"Sigma":0.2726285307599683,"Taucorr":2.7755575615628914e-17},"EnergyVariance":{"Mean":8.629917617747495,"Sigma":1.2677019069660664,"Taucorr":0.0},"Iteration":20},
{"Acceptance":[0.17888],"Energy":{"Mean":-17.63486765339356,"Sigma":0.26447080842482074,"Taucorr":1.1102230246251565e-16},"EnergyVariance":{"Mean":7.482033119671151,"Sigma":1.0262978229335202,"Taucorr":0.0},"Iteration":21},
{"Acceptance":[0.15872],"Energy":{"Mean":-17.967665200441267,"Sigma":0.300840477320794,"Taucorr":0.0},"EnergyVariance":{"Mean":9.873529273399408,"Sigma":1.1498543564942565,"Taucorr":-5.551115123125783e-17},"Iteration":22},
{"Acceptance":[0.17472],"Energy":{"Mean":-18.578425921166932,"Sigma":0.6200817519784286,"Taucorr":0.0},"EnergyVariance":{"Mean":48.916199354380225,"Sigma":21.497580473576946,"Taucorr":5.551115123125783e-17},"Iteration":23},
{"Acceptance":[0.17248],"Energy":{"Mean":-19.42302224540905,"Sigma":0.37609030124794884,"Taucorr":0.0},"EnergyVariance":{"Mean":16.253385586978396,"Sigma":4.396328450838331,"Taucorr":2.7755575615628914e-17},"Iteration":24},
{"Acceptance":[0.16672],"Energy":{"Mean":-18.447084694841116,"Sigma":0.3056862496104895,"Taucorr":0.0},"EnergyVariance":{"Mean":10.411122273090832,"Sigma":1.9608539799924911,"Taucorr":5.551115123125783e-17},"Iteration":25},
{"Acceptance":[0.16],"Energy":{"Mean":-19.639348585974176,"Sigma":0.40086641299641773,"Taucorr":-5.551115123125783e-17},"EnergyVariance":{"Mean":16.453836603001267,"Sigma":7.820799431251088,"Taucorr":0.0},"Iteration":26},
{"Acceptance":[0.17056],"Energy":{"Mean":-19.015530842535785,"Sigma":0.2835200627949088,"Taucorr":5.551115123125783e-17},"EnergyVariance":{"Mean":8.85950579076626,"Sigma":1.2126828471274138,"Taucorr":5.551115123125783e-17},"Iteration":27},
{"Acceptance":[0.18016],"Energy":{"Mean":-20.083814052303403,"Sigma":0.31014631353473887,"Taucorr":2.7755575615628914e-17},"EnergyVariance":{"Mean":11.93639521252749,"Sigma":2.4238053978489944,"Taucorr":-2.7755575615628914e-17},"Iteration":28},
{"Acceptance":[0.18688],"Energy":{"Mean":-18.856500051102913,"Sigma":0.29873001440044133,"Taucorr":5.551115123125783e-17},"EnergyVariance":{"Mean":9.082029898602364,"Sigma":1.4380534026804852,"Taucorr":0.0},"Iteration":29},
{"Acceptance":[0.16736],"Energy":{"Mean":-18.80568252936856,"Sigma":0.31968472504077516,"Taucorr":0.0},"EnergyVariance":{"Mean":10.091156222753183,"Sigma":1.4739055284575011,"Taucorr":5.551115123125783e-17},"Iteration":30},
{"Acceptance":[0.1648],"Energy":{"Mean":-20.005084245033082,"Sigma":0.3510860896737588,"Taucorr":0.0},"EnergyVariance":{"Mean":12.527402469296362,"Sigma":3.089516516054661,"Taucorr":0.0},"Iteration":31},
{"Acceptance":[0.1616],"Energy":{"Mean":-19.778162287628774,"Sigma":0.2849474286277349,"Taucorr":-2.7755575615628914e-17},"EnergyVariance":{"Mean":8.656295503854968,"Sigma":1.1658386936335479,"Taucorr":0.0},"Iteration":32},
{"Acceptance":[0.1568],"Energy":{"Mean":-19.804030106319942,"Sigma":0.2928541693112283,"Taucorr":0.0},"EnergyVariance":{"Mean":8.677990845694918,"Sigma":1.4954785094507883,"Taucorr":0.0},"Iteration":33},
{"Acceptance":[0.17568],"Energy":{"Mean":-20.43044554124021,"Sigma":0.33925400129751526,"Taucorr":0.0},"EnergyVariance":{"Mean":11.589786503363221,"Sigma":2.3520491469651574,"Taucorr":0.0},"Iteration":34},
{"Acceptance":[0.16832],"Energy":{"Mean":-21.05379711071933,"Sigma":0.46522972352306746,"Taucorr":-2.7755575615628914e-17},"EnergyVariance":{"Mean":22.15565827687633,"Sigma":5.793244928413932,"Taucorr":-8.326672684688674e-17},"Iteration":35},
{"Acceptance":[0.15008],"Energy":{"Mean":-20.585407734529756,"Sigma":0.24157391673948375,"Taucorr":-8.326672684688674e-17},"EnergyVariance":{"Mean":5.986115587517669,"Sigma":0.9521281402836363,"Taucorr":0.0},"Iteration":36},
{"Acceptance":[0.14688],"Energy":{"Mean":-19.84605065303687,"Sigma":0.28044204829573444,"Taucorr":-5.551115123125783e-17},"EnergyVariance":{"Mean":8.321320730696199,"Sigma":1.0326207202998845,"Taucorr":0.0},"Iteration":37},
{"Acceptance":[0.15008],"Energy":{"Mean":-20.028352860312573,"Sigma":0.26497878589950813,"Taucorr":2.7755575615628914e-17},"EnergyVariance":{"Mean":7.430785053155631,"Sigma":1.007996750101578,"Taucorr":5.551115123125783e-17},"Iteration":38},
{"Acceptance":[0.16384],"Energy":{"Mean":-20.636723755342047,"Sigma":0.2787961691564043,"Taucorr":0.0},"EnergyVariance":{"Mean":8.247173132551932,"Sigma":1.349498790913375,"Taucorr":0.0},"Iteration":39},
{"Acceptance":[0.13184],"Energy":{"Mean":-20.13077085289896,"Sigma":0.2609229037546893,"Taucorr":2.7755575615628914e-17},"EnergyVariance":{"Mean":6.89070068278882,"Sigma":1.1210435609882359,"Taucorr":0.0},"Iteration":40},
{"Acceptance":[0.12288],"Energy":{"Mean":-21.689505064494714,"Sigma":0.29169824612748024,"Taucorr":1.1102230246251565e-16},"EnergyVariance":{"Mean":9.839219710936657,"Sigma":1.9923882443646597,"Taucorr":0.0},"Iteration":41},
{"Acceptance":[0.112],"Energy":{"Mean":-20.599080783648784,"Sigma":0.24680530758817987,"Taucorr":0.0},"EnergyVariance":{"Mean":6.037061956023866,"Sigma":0.9150386758036743,"Taucorr":0.0},"Iteration":42},
{"Acceptance":[0.1168],"Energy":{"Mean":-21.00316291472938,"Sigma":0.2628171843410751,"Taucorr":-5.551115123125783e-17},"EnergyVariance":{"Mean":7.482547289972837,"Sigma":1.6071037504816885,"Taucorr":0.0},"Iteration":43},
{"Acceptance":[0.1072],"Energy":{"Mean":-21.927163993700677,"Sigma":0.3195495800941815,"Taucorr":0.0},"EnergyVariance":{"Mean":10.639572976309429,"Sigma":2.947688223290121,"Taucorr":5.551115123125783e-17},"Iteration":44},
{"Acceptance":[0.08672],"Energy":{"Mean":-21.143119604700885,"Sigma":0.25040795933629684,"Taucorr":-2.7755575615628914e-17},"EnergyVariance":{"Mean":7.056720670625732,"Sigma":0.991467818502719,"Taucorr":0.0},"Iteration":45},
{"Acceptance":[0.08128],"Energy":{"Mean":-21.760738873789712,"Sigma":0.5620725622187638,"Taucorr":1.1102230246251565e-16},"EnergyVariance":{"Mean":32.014709135748134,"Sigma":25.289065136033116,"Taucorr":0.0},"Iteration":46},
{"Acceptance":[0.09216],"Energy":{"Mean":-21.504238114394404,"Sigma":0.19887966920127426,"Taucorr":8.326672684688674e-17},"EnergyVariance":{"Mean":3.967771104052199,"Sigma":0.6322836902368659,"Taucorr":0.0},"Iteration":47},
{"Acceptance":[0.08608],"Energy":{"Mean":-21.723873033976957,"Sigma":0.21669263485434515,"Taucorr":0.0},"EnergyVariance":{"Mean":5.2429434154721735,"Sigma":0.9378787926193335,"Taucorr":5.551115123125783e-17},"Iteration":48},
{"Acceptance":[0.07552],"Energy":{"Mean":-18.030540500378024,"Sigma":0.4671826254974435,"Taucorr":null},"EnergyVariance":{"Mean":78.61827857690358,"Sigma":15.864342566658246,"Taucorr":null},"Iteration":49},
{"Acceptance":[0.07488],"Energy":{"Mean":-17.807160526223612,"Sigma":0.24607968847851047,"Taucorr":null},"EnergyVariance":{"Mean":60.827169017923964,"Sigma":2.7282239330750557,"Taucorr":null},"Iteration":50},
{"Acceptance":[0.0672],"Energy":{"Mean":-17.704362908098048,"Sigma":0.14002428313353793,"Taucorr":null},"EnergyVariance":{"Mean":47.80372026160994,"Sigma":1.1601901995276558,"Taucorr":null},"Iteration":51},
{"Acceptance":[0.06688],"Energy":{"Mean":-17.886312442967093,"Sigma":0.19755975545269056,"Taucorr":null},"EnergyVariance":{"Mean":51.161683262651366,"Sigma":2.092226859225026,"Taucorr":null},"Iteration":52},
{"Acceptance":[0.04768],"Energy":{"Mean":-17.50342408819061,"Sigma":0.131672309896634,"Taucorr":null},"EnergyVariance":{"Mean":46.040795907288064,"Sigma":0.914813960090654,"Taucorr":null},"Iteration":53},
{"Acceptance":[0.064],"Energy":{"Mean":-17.623245392904085,"Sigma":0.18251986437950482,"Taucorr":null},"EnergyVariance":{"Mean":48.65986867706383,"Sigma":2.0562171998618535,"Taucorr":null},"Iteration":54},
{"Acceptance":[0.0624],"Energy":{"Mean":-17.47230330549916,"Sigma":0.17811805549015505,"Taucorr":null},"EnergyVariance":{"Mean":47.05849906448934,"Sigma":1.6267438186861432,"Taucorr":null},"Iteration":55},
{"Acceptance":[0.06752],"Energy":{"Mean":-17.943055002871,"Sigma":0.25471933399083385,"Taucorr":null},"EnergyVariance":{"Mean":54.49507858810844,"Sigma":2.9980233058292143,"Taucorr":null},"Iteration":56},
{"Acceptance":[0.08032],"Energy":{"Mean":-18.21384004452716,"Sigma":0.21957298703187703,"Taucorr":null},"EnergyVariance":{"Mean":54.878906428524175,"Sigma":2.3186733711146537,"Taucorr":null},"Iteration":57},
{"Acceptance":[0.06144],"Energy":{"Mean":-17.958292256954543,"Sigma":0.21801182008703282,"Taucorr":null},"EnergyVariance":{"Mean":52.34898172984129,"Sigma":2.1091833077022417,"Taucorr":null},"Iteration":58},
{"Acceptance":[0.07456],"Energy":{"Mean":-14.596694018095278,"Sigma":0.1828577141408587,"Taucorr":null},"EnergyVariance":{"Mean":61.906838278501525,"Sigma":3.5346303814123137,"Taucorr":null},"Iteration":59},
{"Acceptance":[0.06656],"Energy":{"Mean":-13.335511688827705,"Sigma":0.13223809764722233,"Taucorr":null},"EnergyVariance":{"Mean":76.34780497430856,"Sigma":2.6972334335690387,"Taucorr":null},"Iteration":60},
{"Acceptance":[0.06112],"Energy":{"Mean":-13.5999633906478,"Sigma":0.13085282800768352,"Taucorr":null},"EnergyVariance":{"Mean":80.26990943675084,"Sigma":2.535499444681091,"Taucorr":null},"Iteration":61},
{"Acceptance":[0.06784],"Energy":{"Mean":-12.310788529701465,"Sigma":0.1060023300951784,"Taucorr":null},"EnergyVariance":{"Mean":88.4268143804644,"Sigma":1.9475925705192918,"Taucorr":null},"Iteration":62},
{"Acceptance":[0.0704],"Energy":{"Mean":-13.464191691751834,"Sigma":0.4681953643444117,"Taucorr":null},"EnergyVariance":{"Mean":133.5594650377879,"Sigma":23.40791520201437,"Taucorr":null},"Iteration":63},
{"Acceptance":[0.06464],"Energy":{"Mean":-12.363394427263302,"Sigma":0.13078353520806094,"Taucorr":null},"EnergyVariance":{"Mean":89.8695638360696,"Sigma":3.095728039927799,"Taucorr":null},"Iteration":64},
{"Acceptance":[0.06304],"Energy":{"Mean":-12.272740965151458,"Sigma":0.15043350636760752,"Taucorr":null},"EnergyVariance":{"Mean":88.73360139064442,"Sigma":3.2255441510929295,"Taucorr":null},"Iteration":65},
{"Acceptance":[0.06944],"Energy":{"Mean":-12.087795166289142,"Sigma":0.10828893602145909,"Taucorr":null},"EnergyVariance":{"Mean":84.61801953302448,"Sigma":2.037282453892053,"Taucorr":null},"Iteration":66},
{"Acceptance":[0.0528],"Energy":{"Mean":-12.998673443646425,"Sigma":0.15429025314722522,"Taucorr":null},"EnergyVariance":{"Mean":75.06503264516797,"Sigma":3.0621929686822744,"Taucorr":null},"Iteration":67},
{"Acceptance":[0.056],"Energy":{"Mean":-10.989830227683576,"Sigma":0.07651671560740922,"Taucorr":null},"EnergyVariance":{"Mean":48.22103507027365,"Sigma":1.403443379258735,"Taucorr":null},"Iteration":68},
{"Acceptance":[0.0752],"Energy":{"Mean":-8.70969907809153,"Sigma":0.172482503159648,"Taucorr":null},"EnergyVariance":{"Mean":62.36273406387714,"Sigma":4.292618722754027,"Taucorr":null},"Iteration":69},
{"Acceptance":[0.06176],"Energy":{"Mean":-8.776821893820465,"Sigma":0.17272376330817837,"Taucorr":null},"EnergyVariance":{"Mean":67.74097328982853,"Sigma":5.598709273503518,"Taucorr":null},"Iteration":70},
{"Acceptance":[0.0752],"Energy":{"Mean":-8.731927622102877,"Sigma":0.1710656216609447,"Taucorr":null},"EnergyVariance":{"Mean":65.0638887917635,"Sigma":5.932008187316723,"Taucorr":null},"Iteration":71},
{"Acceptance":[0.05792],"Energy":{"Mean":-8.681265327601658,"Sigma":0.10527474646990734,"Taucorr":null},"EnergyVariance":{"Mean":62.00923527332513,"Sigma":2.973463597791875,"Taucorr":null},"Iteration":72},
{"Acceptance":[0.0624],"Energy":{"Mean":-10.852693630081124,"Sigma":0.07023877357771428,"Taucorr":null},"EnergyVariance":{"Mean":40.327280777259105,"Sigma":1.490605483148633,"Taucorr":null},"Iteration":73},
{"Acceptance":[0.0592],"Energy":{"Mean":-10.812215638155989,"Sigma":0.06389881032235449,"Taucorr":null},"EnergyVariance":{"Mean":39.38236649018395,"Sigma":1.3178924225852022,"Taucorr":null},"Iteration":74},
{"Acceptance":[0.0544],"Energy":{"Mean":-10.954720989933882,"Sigma":0.057594453887411655,"Taucorr":null},"EnergyVariance":{"Mean":42.3545283322366,"Sigma":1.2342407539954903,"Taucorr":null},"Iteration":75},
{"Acceptance":[0.06464],"Energy":{"Mean":-10.89176727456493,"Sigma":0.07138210779694154,"Taucorr":null},"EnergyVariance":{"Mean":41.159933236403326,"Sigma":1.5520520658351997,"Taucorr":null},"Iteration":76},
{"Acceptance":[0.05888],"Energy":{"Mean":-11.044766599325257,"Sigma":0.08023389571628922,"Taucorr":null},"EnergyVariance":{"Mean":44.69082005928097,"Sigma":1.9370033371153483,"Taucorr":null},"Iteration":77},
{"Acceptance":[0.0592],"Energy":{"Mean":53003301480.05847,"Sigma":36689874082.121155,"Taucorr":null},"EnergyVariance":{"Mean":1.2878339967337139e+26,"Sigma":8.91443270550875e+25,"Taucorr":null},"Iteration":78},
{"Acceptance":[0.0208],"Energy":{"Mean":-6.913191957714394,"Sigma":0.19647933936046902,"Taucorr":null},"EnergyVariance":{"Mean":8.59646377511758,"Sigma":1.1144880948725615,"Taucorr":null},"Iteration":79},
{"Acceptance":[0.0],"Energy":{"Mean":-14.818689657048429,"Sigma":0.11608789361845548,"Taucorr":null},"EnergyVariance":{"Mean":50.03001751043897,"Sigma":1.8702093380859997,"Taucorr":null},"Iteration":80},
{"Acceptance":[0.00032],"Energy":{"Mean":-11.009965336812025,"Sigma":0.09053903618266025,"Taucorr":null},"EnergyVariance":{"Mean":48.424092402190084,"Sigma":1.285199032511246,"Taucorr":null},"Iteration":81},
{"Acceptance":[0.00032],"Energy":{"Mean":-10.900038633398477,"Sigma":0.11418985962427808,"Taucorr":null},"EnergyVariance":{"Mean":34.16755796072474,"Sigma":2.2903893903011947,"Taucorr":null},"Iteration":82},
{"Acceptance":[0.08608],"Energy":{"Mean":-14.999438506901893,"Sigma":0.17574292338699218,"Taucorr":null},"EnergyVariance":{"Mean":46.50853752897396,"Sigma":2.711866533213932,"Taucorr":null},"Iteration":83},
{"Acceptance":[0.0704],"Energy":{"Mean":-12.954829389086036,"Sigma":0.07357371070647098,"Taucorr":null},"EnergyVariance":{"Mean":26.586328075050215,"Sigma":1.3609132502352224,"Taucorr":null},"Iteration":84},
{"Acceptance":[0.06848],"Energy":{"Mean":-15.87826238883743,"Sigma":0.31700493346789976,"Taucorr":null},"EnergyVariance":{"Mean":38.39630012166575,"Sigma":11.13844742570027,"Taucorr":null},"Iteration":85},
{"Acceptance":[0.06272],"Energy":{"Mean":-14.687678108774982,"Sigma":0.2105608423630747,"Taucorr":null},"EnergyVariance":{"Mean":51.95434178744841,"Sigma":3.4112700148555093,"Taucorr":null},"Iteration":86},
{"Acceptance":[0.0672],"Energy":{"Mean":-13.816599243155085,"Sigma":0.12168788080170587,"Taucorr":null},"EnergyVariance":{"Mean":50.43177060406613,"Sigma":1.8567528695416364,"Taucorr":null},"Iteration":87},
{"Acceptance":[0.01984],"Energy":{"Mean":-14.739841356064055,"Sigma":0.1728320593207208,"Taucorr":null},"EnergyVariance":{"Mean":28.467648058264977,"Sigma":1.5298331456747087,"Taucorr":null},"Iteration":88},
{"Acceptance":[0.0],"Energy":{"Mean":-13.995824117745284,"Sigma":0.07289465627522307,"Taucorr":null},"EnergyVariance":{"Mean":14.779677399480553,"Sigma":0.8460041266308,"Taucorr":null},"Iteration":89},
{"Acceptance":[0.0],"Energy":{"Mean":-9.999999546997284,"Sigma":0.0,"Taucorr":null},"EnergyVariance":{"Mean":2.000001812013845,"Sigma":0.0,"Taucorr":null},"Iteration":90},
{"Acceptance":[0.0],"Energy":{"Mean":-9.62004037625543,"Sigma":0.043588969434851264,"Taucorr":null},"EnergyVariance":{"Mean":4.135792641026744,"Sigma":0.22840975975908517,"Taucorr":null},"Iteration":91},
{"Acceptance":[0.00128],"Energy":{"Mean":-8.499999999963613,"Sigma":0.0,"Taucorr":null},"EnergyVariance":{"Mean":2.749999999893912,"Sigma":0.0,"Taucorr":null},"Iteration":92},
{"Acceptance":[0.0],"Energy":{"Mean":-8.500000004167813,"Sigma":0.0,"Taucorr":null},"EnergyVariance":{"Mean":2.750000012503442,"Sigma":0.0,"Taucorr":null},"Iteration":93},
{"Acceptance":[0.0],"Energy":{"Mean":-9.250002285171117,"Sigma":0.0,"Taucorr":null},"EnergyVariance":{"Mean":6.687516031819946,"Sigma":0.0,"Taucorr":null},"Iteration":94},
{"Acceptance":[0.0],"Energy":{"Mean":-9.249996355304196,"Sigma":0.0,"Taucorr":null},"EnergyVariance":{"Mean":6.687468743260986,"Sigma":0.0,"Taucorr":null},"Iteration":95},
{"Acceptance":[0.0],"Energy":{"Mean":-9.24998590890472,"Sigma":0.0,"Taucorr":null},"EnergyVariance":{"Mean":6.68742583953218,"Sigma":0.0,"Taucorr":null},"Iteration":96},
{"Acceptance":[0.0],"Energy":{"Mean":-8.999959556429253,"Sigma":0.0,"Taucorr":null},"EnergyVariance":{"Mean":4.999919116286601,"Sigma":0.0,"Taucorr":null},"Iteration":97},
{"Acceptance":[0.00064],"Energy":{"Mean":-12.019794251300798,"Sigma":0.10196681063608082,"Taucorr":null},"EnergyVariance":{"Mean":0.9993097493920897,"Sigma":0.004201618179466748,"Taucorr":null},"Iteration":98},
{"Acceptance":[0.07552],"Energy":{"Mean":-13.780530001985447,"Sigma":0.1346628461250138,"Taucorr":null},"EnergyVariance":{"Mean":18.27258626157039,"Sigma":1.3873582906863877,"Taucorr":null},"Iteration":99} 
]}
{"input": {"L": 24, "J": 1, "machine": {"type": "FFNN", "model": ["tanh", 228, 4]}, "sampler": {"type": "MetropolisHop", "d_max": 5}, "optimizer": {"type": "AdaMax", "alpha": 0.001, "beta1": 0.9, "beta2": 0.999, "epscut": 1e-07}, "VMC": {"n_samples": 100, "discarded_samples": 100, "discarded_samples_on_init": 0, "target": "energy", "method": "Sr", "diag_shift": 10, "use_iterative": true, "use_cholesky": true}, "n_iter": 100}}
duration: -19.06553816795349