{"Output": [
{"Acceptance":[0.888],"Energy":{"Mean":17.474056385849767,"Sigma":0.34262342906428733,"Taucorr":5.551115123125783e-17},"EnergyVariance":{"Mean":12.523733506328176,"Sigma":1.8402269575884198,"Taucorr":0.0},"Iteration":0},
{"Acceptance":[0.836952380952381],"Energy":{"Mean":17.219651773566106,"Sigma":0.3296550032985621,"Taucorr":5.551115123125783e-17},"EnergyVariance":{"Mean":11.919301778303799,"Sigma":1.8042289224872134,"Taucorr":0.0},"Iteration":1},
{"Acceptance":[0.8179047619047619],"Energy":{"Mean":16.158492724694188,"Sigma":0.29235966300356797,"Taucorr":0.0},"EnergyVariance":{"Mean":9.356819594270803,"Sigma":1.2754490338282642,"Taucorr":0.0},"Iteration":2},
{"Acceptance":[0.7946666666666666],"Energy":{"Mean":16.536146654683606,"Sigma":0.34591353059376584,"Taucorr":5.551115123125783e-17},"EnergyVariance":{"Mean":13.482313708939888,"Sigma":1.6362017079695883,"Taucorr":5.551115123125783e-17},"Iteration":3},
{"Acceptance":[0.788952380952381],"Energy":{"Mean":15.726868785473417,"Sigma":0.3780091594961839,"Taucorr":-5.551115123125783e-17},"EnergyVariance":{"Mean":17.344515943706188,"Sigma":2.25308823149615,"Taucorr":-2.7755575615628914e-17},"Iteration":4},
{"Acceptance":[0.7687619047619048],"Energy":{"Mean":16.10350298808516,"Sigma":0.39967827529316846,"Taucorr":-2.7755575615628914e-17},"EnergyVariance":{"Mean":18.99936224135201,"Sigma":2.45313825984025,"Taucorr":0.0},"Iteration":5},
{"Acceptance":[0.7497142857142857],"Energy":{"Mean":14.91366316188438,"Sigma":0.3426337731531475,"Taucorr":5.551115123125783e-17},"EnergyVariance":{"Mean":16.45405930928507,"Sigma":1.955734654732884,"Taucorr":0.0},"Iteration":6},
{"Acceptance":[0.683047619047619],"Energy":{"Mean":14.26342851155512,"Sigma":0.35419070044103274,"Taucorr":8.326672684688674e-17},"EnergyVariance":{"Mean":16.078197895384022,"Sigma":1.6716086901308689,"Taucorr":0.0},"Iteration":7},
{"Acceptance":[0.6902857142857143],"Energy":{"Mean":14.188530881767187,"Sigma":0.39652092671999817,"Taucorr":5.551115123125783e-17},"EnergyVariance":{"Mean":21.84254139881291,"Sigma":2.707436702282315,"Taucorr":0.0},"Iteration":8},
{"Acceptance":[0.6822857142857143],"Energy":{"Mean":13.312769208662491,"Sigma":0.39250515327269814,"Taucorr":0.0},"EnergyVariance":{"Mean":21.622883896453132,"Sigma":2.2591245298976257,"Taucorr":-2.7755575615628914e-17},"Iteration":9},
{"Acceptance":[0.6396190476190476],"Energy":{"Mean":12.226732590040147,"Sigma":0.41310080718143294,"Taucorr":5.551115123125783e-17},"EnergyVariance":{"Mean":22.566744806980445,"Sigma":2.540431781682846,"Taucorr":2.7755575615628914e-17},"Iteration":10},
{"Acceptance":[0.6281904761904762],"Energy":{"Mean":11.5621771591736,"Sigma":0.37182678246206474,"Taucorr":2.7755575615628914e-17},"EnergyVariance":{"Mean":22.647904931887332,"Sigma":3.102470120837093,"Taucorr":1.1102230246251565e-16},"Iteration":11},
{"Acceptance":[0.6140952380952381],"Energy":{"Mean":10.840837820857407,"Sigma":0.3684796712050551,"Taucorr":-2.7755575615628914e-17},"EnergyVariance":{"Mean":21.136170972608298,"Sigma":2.183588464427514,"Taucorr":0.0},"Iteration":12},
{"Acceptance":[0.5699047619047619],"Energy":{"Mean":9.581897045234507,"Sigma":0.4112609400434327,"Taucorr":5.551115123125783e-17},"EnergyVariance":{"Mean":26.52835072555029,"Sigma":2.772677986014288,"Taucorr":-2.7755575615628914e-17},"Iteration":13},
{"Acceptance":[0.5668571428571428],"Energy":{"Mean":8.416049992861495,"Sigma":0.42493186340402683,"Taucorr":5.551115123125783e-17},"EnergyVariance":{"Mean":25.468811815240464,"Sigma":2.877917483009128,"Taucorr":0.0},"Iteration":14},
{"Acceptance":[0.5291428571428571],"Energy":{"Mean":8.040476022417286,"Sigma":0.374352448316777,"Taucorr":5.551115123125783e-17},"EnergyVariance":{"Mean":21.275238204216087,"Sigma":2.4747283635017334,"Taucorr":5.551115123125783e-17},"Iteration":15},
{"Acceptance":[0.5219047619047619],"Energy":{"Mean":7.8181902986261544,"Sigma":0.38639777693638,"Taucorr":-2.7755575615628914e-17},"EnergyVariance":{"Mean":22.41418322281835,"Sigma":3.206755088387601,"Taucorr":0.0},"Iteration":16},
{"Acceptance":[0.5047619047619047],"Energy":{"Mean":6.952566529026592,"Sigma":0.40591705848019116,"Taucorr":-8.326672684688674e-17},"EnergyVariance":{"Mean":25.323268516072552,"Sigma":2.490647694855438,"Taucorr":0.0},"Iteration":17},
{"Acceptance":[0.492952380952381],"Energy":{"Mean":5.015741162425277,"Sigma":0.461973998931387,"Taucorr":0.0},"EnergyVariance":{"Mean":31.503459009031026,"Sigma":4.509659949928804,"Taucorr":0.0},"Iteration":18},
{"Acceptance":[0.4552380952380952],"Energy":{"Mean":4.601207864260742,"Sigma":0.4357228597605558,"Taucorr":0.0},"EnergyVariance":{"Mean":34.610570797151524,"Sigma":4.118381706394942,"Taucorr":0.0},"Iteration":19},
{"Acceptance":[0.43276190476190474],"Energy":{"Mean":3.1808964829959487,"Sigma":0.4125032394290969,"Taucorr":0.0},"EnergyVariance":{"Mean":26.339657039563654,"Sigma":3.1518975761686385,"Taucorr":5.551115123125783e-17},"Iteration":20},
{"Acceptance":[0.4300952380952381],"Energy":{"Mean":3.451260887529894,"Sigma":0.4202827925998506,"Taucorr":-5.551115123125783e-17},"EnergyVariance":{"Mean":28.47824060614276,"Sigma":3.1699657349147037,"Taucorr":-2.7755575615628914e-17},"Iteration":21},
{"Acceptance":[0.4198095238095238],"Energy":{"Mean":1.534733469716429,"Sigma":0.3885864208205198,"Taucorr":5.551115123125783e-17},"EnergyVariance":{"Mean":23.8265135944421,"Sigma":3.0751939002549715,"Taucorr":-5.551115123125783e-17},"Iteration":22},
{"Acceptance":[0.3641904761904762],"Energy":{"Mean":0.570926258204248,"Sigma":0.42891531756715484,"Taucorr":0.0},"EnergyVariance":{"Mean":26.15533851807162,"Sigma":2.7199005666640743,"Taucorr":0.0},"Iteration":23},
{"Acceptance":[0.3238095238095238],"Energy":{"Mean":0.15225066608306015,"Sigma":0.47786738751232094,"Taucorr":0.0},"EnergyVariance":{"Mean":35.476846194706866,"Sigma":3.463361915314757,"Taucorr":5.551115123125783e-17},"Iteration":24},
{"Acceptance":[0.3607619047619048],"Energy":{"Mean":-0.9389357254887061,"Sigma":0.38897230814469647,"Taucorr":5.551115123125783e-17},"EnergyVariance":{"Mean":23.011591255736043,"Sigma":2.6215478965845636,"Taucorr":0.0},"Iteration":25},
{"Acceptance":[0.2571428571428571],"Energy":{"Mean":-2.455819291704536,"Sigma":0.4970904058130764,"Taucorr":0.0},"EnergyVariance":{"Mean":35.340194847728824,"Sigma":3.841420716940836,"Taucorr":0.0},"Iteration":26},
{"Acceptance":[0.2598095238095238],"Energy":{"Mean":-3.9944436510168675,"Sigma":0.4219363653928078,"Taucorr":2.7755575615628914e-17},"EnergyVariance":{"Mean":25.261624062613336,"Sigma":2.6522932387647153,"Taucorr":5.551115123125783e-17},"Iteration":27},
{"Acceptance":[0.2316190476190476],"Energy":{"Mean":-4.476438467798385,"Sigma":0.4202598001793899,"Taucorr":-5.551115123125783e-17},"EnergyVariance":{"Mean":25.117069434780223,"Sigma":3.0106153598026233,"Taucorr":-1.3877787807814457e-16},"Iteration":28},
{"Acceptance":[0.17942857142857144],"Energy":{"Mean":-4.2399774475563525,"Sigma":0.6625439747870622,"Taucorr":0.0},"EnergyVariance":{"Mean":57.550342994097136,"Sigma":19.298241033468443,"Taucorr":5.551115123125783e-17},"Iteration":29},
{"Acceptance":[0.11733333333333333],"Energy":{"Mean":-5.1373943910602495,"Sigma":0.37401982851638826,"Taucorr":1.1102230246251565e-16},"EnergyVariance":{"Mean":36.403160209281054,"Sigma":5.663711279222713,"Taucorr":5.551115123125783e-17},"Iteration":30},
{"Acceptance":[0.09028571428571429],"Energy":{"Mean":-10.531075546653742,"Sigma":0.18263248749970684,"Taucorr":-2.7755575615628914e-17},"EnergyVariance":{"Mean":7.984823472469698,"Sigma":1.9883493940687902,"Taucorr":-2.7755575615628914e-17},"Iteration":31},
{"Acceptance":[0.06933333333333333],"Energy":{"Mean":-10.262845747801112,"Sigma":0.23318954175711037,"Taucorr":-5.551115123125783e-17},"EnergyVariance":{"Mean":9.68292642315965,"Sigma":1.525836456166024,"Taucorr":0.0},"Iteration":32},
{"Acceptance":[0.022857142857142857],"Energy":{"Mean":-11.26540838542493,"Sigma":0.2173583007638084,"Taucorr":1.3877787807814457e-15},"EnergyVariance":{"Mean":12.78293059766304,"Sigma":2.843416592450403,"Taucorr":-8.326672684688674e-17},"Iteration":33},
{"Acceptance":[0.023238095238095238],"Energy":{"Mean":-12.099797652814184,"Sigma":0.03524709317616134,"Taucorr":-1.4710455076283324e-15},"EnergyVariance":{"Mean":0.1973310339053807,"Sigma":0.06532756975842716,"Taucorr":-2.7755575615628914e-17},"Iteration":34},
{"Acceptance":[0.009523809523809525],"Energy":{"Mean":-11.963750219020035,"Sigma":0.03796942852178973,"Taucorr":-6.106226635438361e-16},"EnergyVariance":{"Mean":0.15790913007005392,"Sigma":0.06665330219814534,"Taucorr":-5.551115123125783e-17},"Iteration":35},
{"Acceptance":[0.0038095238095238095],"Energy":{"Mean":-12.131586031512743,"Sigma":0.04619594334705641,"Taucorr":-5.551115123125783e-17},"EnergyVariance":{"Mean":0.24874486985325978,"Sigma":0.10493663354862925,"Taucorr":0.0},"Iteration":36},
{"Acceptance":[0.00038095238095238096],"Energy":{"Mean":-11.999898043583752,"Sigma":0.0,"Taucorr":null},"EnergyVariance":{"Mean":9.994845704708943e-10,"Sigma":0.0,"Taucorr":null},"Iteration":37},
{"Acceptance":[0.0],"Energy":{"Mean":-11.999999997667803,"Sigma":0.0,"Taucorr":null},"EnergyVariance":{"Mean":4.29362358534683e-18,"Sigma":0.0,"Taucorr":null},"Iteration":38},
{"Acceptance":[0.0026666666666666666],"Energy":{"Mean":-10.000217800263433,"Sigma":0.0,"Taucorr":null},"EnergyVariance":{"Mean":1.013723348923952e-07,"Sigma":0.0,"Taucorr":null},"Iteration":39},
{"Acceptance":[0.0],"Energy":{"Mean":-9.999997594564675,"Sigma":0.0,"Taucorr":null},"EnergyVariance":{"Mean":6.106038194096856e-10,"Sigma":0.0,"Taucorr":null},"Iteration":40},
{"Acceptance":[0.0],"Energy":{"Mean":-10.250000223682955,"Sigma":0.0,"Taucorr":null},"EnergyVariance":{"Mean":0.18749988815930868,"Sigma":0.0,"Taucorr":null},"Iteration":41},
{"Acceptance":[0.002285714285714286],"Energy":{"Mean":-10.250000003064976,"Sigma":0.0,"Taucorr":null},"EnergyVariance":{"Mean":0.18749999846751186,"Sigma":0.0,"Taucorr":null},"Iteration":42},
{"Acceptance":[0.0007619047619047619],"Energy":{"Mean":-10.000045195584402,"Sigma":0.0,"Taucorr":null},"EnergyVariance":{"Mean":5.175305119176297e-09,"Sigma":0.0,"Taucorr":null},"Iteration":43},
{"Acceptance":[0.001142857142857143],"Energy":{"Mean":-10.00000162971845,"Sigma":0.0,"Taucorr":null},"EnergyVariance":{"Mean":4.529315624029124e-12,"Sigma":0.0,"Taucorr":null},"Iteration":44},
{"Acceptance":[0.00038095238095238096],"Energy":{"Mean":-9.999999185687114,"Sigma":0.0,"Taucorr":null},"EnergyVariance":{"Mean":9.399095363409803e-13,"Sigma":0.0,"Taucorr":null},"Iteration":45},
{"Acceptance":[0.0],"Energy":{"Mean":-9.999999876361073,"Sigma":0.0,"Taucorr":null},"EnergyVariance":{"Mean":1.7078913571870123e-12,"Sigma":0.0,"Taucorr":null},"Iteration":46},
{"Acceptance":[0.0],"Energy":{"Mean":-9.999999335365597,"Sigma":1.2967170602990028e-07,"Taucorr":null},"EnergyVariance":{"Mean":1.794865467917223e-11,"Sigma":1.4089292940691103e-13,"Taucorr":null},"Iteration":47},
{"Acceptance":[0.0],"Energy":{"Mean":-9.999996595035938,"Sigma":0.0,"Taucorr":null},"EnergyVariance":{"Mean":1.219217486561881e-11,"Sigma":0.0,"Taucorr":null},"Iteration":48},
{"Acceptance":[0.0],"Energy":{"Mean":-9.999999375600634,"Sigma":0.0,"Taucorr":null},"EnergyVariance":{"Mean":5.961648336139551e-11,"Sigma":0.0,"Taucorr":null},"Iteration":49},
{"Acceptance":[0.0],"Energy":{"Mean":-10.00000429710897,"Sigma":1.0429404853987645e-06,"Taucorr":null},"EnergyVariance":{"Mean":2.2166646209420222e-09,"Sigma":2.303950665016488e-11,"Taucorr":null},"Iteration":50},
{"Acceptance":[0.0],"Energy":{"Mean":-9.999991867894126,"Sigma":0.0,"Taucorr":null},"EnergyVariance":{"Mean":1.5524897293134168e-10,"Sigma":0.0,"Taucorr":null},"Iteration":51},
{"Acceptance":[0.0],"Energy":{"Mean":-9.999995291559355,"Sigma":0.0,"Taucorr":null},"EnergyVariance":{"Mean":8.080648207080136e-11,"Sigma":0.0,"Taucorr":null},"Iteration":52},
{"Acceptance":[0.0015238095238095239],"Energy":{"Mean":-9.999999461503505,"Sigma":0.0,"Taucorr":null},"EnergyVariance":{"Mean":7.875215813396675e-11,"Sigma":0.0,"Taucorr":null},"Iteration":53},
{"Acceptance":[0.0],"Energy":{"Mean":-10.000002435755096,"Sigma":0.0,"Taucorr":null},"EnergyVariance":{"Mean":3.355087606927823e-11,"Sigma":0.0,"Taucorr":null},"Iteration":54},
{"Acceptance":[0.0],"Energy":{"Mean":-10.250002714364637,"Sigma":0.0,"Taucorr":null},"EnergyVariance":{"Mean":0.18749864282697976,"Sigma":0.0,"Taucorr":null},"Iteration":55},
{"Acceptance":[0.0],"Energy":{"Mean":-10.250002591506332,"Sigma":0.0,"Taucorr":null},"EnergyVariance":{"Mean":0.1874987042494207,"Sigma":0.0,"Taucorr":null},"Iteration":56},
{"Acceptance":[0.0],"Energy":{"Mean":-10.250000155591412,"Sigma":0.0,"Taucorr":null},"EnergyVariance":{"Mean":0.18749992220642622,"Sigma":0.0,"Taucorr":null},"Iteration":57},
{"Acceptance":[0.0],"Energy":{"Mean":-10.250001264637035,"Sigma":0.0,"Taucorr":null},"EnergyVariance":{"Mean":0.18749936768250203,"Sigma":0.0,"Taucorr":null},"Iteration":58},
{"Acceptance":[0.0],"Energy":{"Mean":-10.250000073298141,"Sigma":0.0,"Taucorr":null},"EnergyVariance":{"Mean":0.18749996335796673,"Sigma":0.0,"Taucorr":null},"Iteration":59},
{"Acceptance":[0.0],"Energy":{"Mean":-10.249997443560357,"Sigma":0.0,"Taucorr":null},"EnergyVariance":{"Mean":0.18750127628684143,"Sigma":0.0,"Taucorr":null},"Iteration":60},
{"Acceptance":[0.0],"Energy":{"Mean":-10.249993702128418,"Sigma":0.0,"Taucorr":null},"EnergyVariance":{"Mean":0.18750310444012233,"Sigma":0.0,"Taucorr":null},"Iteration":61},
{"Acceptance":[0.0],"Energy":{"Mean":-10.249988749200934,"Sigma":0.0,"Taucorr":null},"EnergyVariance":{"Mean":0.18750474350584811,"Sigma":0.0,"Taucorr":null},"Iteration":62},
{"Acceptance":[0.0007619047619047619],"Energy":{"Mean":-11.000023238971085,"Sigma":0.0,"Taucorr":null},"EnergyVariance":{"Mean":2.1813410199758878e-11,"Sigma":0.0,"Taucorr":null},"Iteration":63},
{"Acceptance":[0.00038095238095238096],"Energy":{"Mean":-10.250008997891237,"Sigma":0.0,"Taucorr":null},"EnergyVariance":{"Mean":0.18751422249058036,"Sigma":0.0,"Taucorr":null},"Iteration":64},
{"Acceptance":[0.0],"Energy":{"Mean":-10.000000022869658,"Sigma":0.0,"Taucorr":null},"EnergyVariance":{"Mean":1.7773193730506684e-22,"Sigma":0.0,"Taucorr":null},"Iteration":65},
{"Acceptance":[0.0],"Energy":{"Mean":-9.999999996591242,"Sigma":0.0,"Taucorr":null},"EnergyVariance":{"Mean":4.935056874793176e-19,"Sigma":0.0,"Taucorr":null},"Iteration":66},
{"Acceptance":[0.0],"Energy":{"Mean":-10.000000001269065,"Sigma":0.0,"Taucorr":null},"EnergyVariance":{"Mean":1.629036834809155e-20,"Sigma":0.0,"Taucorr":null},"Iteration":67},
{"Acceptance":[0.0],"Energy":{"Mean":-9.999999999231768,"Sigma":0.0,"Taucorr":null},"EnergyVariance":{"Mean":1.1712406451394784e-19,"Sigma":0.0,"Taucorr":null},"Iteration":68},
{"Acceptance":[0.0],"Energy":{"Mean":-10.0000000001696,"Sigma":0.0,"Taucorr":null},"EnergyVariance":{"Mean":6.105274672638316e-19,"Sigma":0.0,"Taucorr":null},"Iteration":69},
{"Acceptance":[0.0],"Energy":{"Mean":-10.000000000838858,"Sigma":0.0,"Taucorr":null},"EnergyVariance":{"Mean":1.834765070773626e-19,"Sigma":0.0,"Taucorr":null},"Iteration":70},
{"Acceptance":[0.0],"Energy":{"Mean":-9.99999999949892,"Sigma":0.0,"Taucorr":null},"EnergyVariance":{"Mean":1.3034620892482289e-18,"Sigma":0.0,"Taucorr":null},"Iteration":71},
{"Acceptance":[0.0],"Energy":{"Mean":-9.999999998262474,"Sigma":0.0,"Taucorr":null},"EnergyVariance":{"Mean":2.6829368886788628e-20,"Sigma":0.0,"Taucorr":null},"Iteration":72},
{"Acceptance":[0.0],"Energy":{"Mean":-9.999999998943867,"Sigma":0.0,"Taucorr":null},"EnergyVariance":{"Mean":5.084712159564702e-18,"Sigma":0.0,"Taucorr":null},"Iteration":73},
{"Acceptance":[0.0],"Energy":{"Mean":-10.000000001472726,"Sigma":0.0,"Taucorr":null},"EnergyVariance":{"Mean":1.0390583276209357e-17,"Sigma":0.0,"Taucorr":null},"Iteration":74},
{"Acceptance":[0.0],"Energy":{"Mean":-10.000000004548376,"Sigma":0.0,"Taucorr":null},"EnergyVariance":{"Mean":4.0236117126958994e-18,"Sigma":0.0,"Taucorr":null},"Iteration":75},
{"Acceptance":[0.0],"Energy":{"Mean":-10.000000006695556,"Sigma":0.0,"Taucorr":null},"EnergyVariance":{"Mean":1.8005282995618895e-18,"Sigma":0.0,"Taucorr":null},"Iteration":76},
{"Acceptance":[0.0],"Energy":{"Mean":-10.000000006899974,"Sigma":0.0,"Taucorr":null},"EnergyVariance":{"Mean":3.630945121611728e-17,"Sigma":0.0,"Taucorr":null},"Iteration":77},
{"Acceptance":[0.0],"Energy":{"Mean":-10.000000004774252,"Sigma":0.0,"Taucorr":null},"EnergyVariance":{"Mean":1.2102875394084657e-16,"Sigma":0.0,"Taucorr":null},"Iteration":78},
{"Acceptance":[0.0],"Energy":{"Mean":-10.000000000450262,"Sigma":0.0,"Taucorr":null},"EnergyVariance":{"Mean":2.347599484369331e-16,"Sigma":0.0,"Taucorr":null},"Iteration":79},
{"Acceptance":[0.0],"Energy":{"Mean":-9.999999994379728,"Sigma":0.0,"Taucorr":null},"EnergyVariance":{"Mean":3.3518409923284885e-16,"Sigma":0.0,"Taucorr":null},"Iteration":80},
{"Acceptance":[0.0],"Energy":{"Mean":-9.999999987147344,"Sigma":0.0,"Taucorr":null},"EnergyVariance":{"Mean":3.8350428846367237e-16,"Sigma":0.0,"Taucorr":null},"Iteration":81},
{"Acceptance":[0.0],"Energy":{"Mean":-9.999999979336389,"Sigma":0.0,"Taucorr":null},"EnergyVariance":{"Mean":3.623154580324189e-16,"Sigma":0.0,"Taucorr":null},"Iteration":82},
{"Acceptance":[0.0],"Energy":{"Mean":-9.999999971450402,"Sigma":0.0,"Taucorr":null},"EnergyVariance":{"Mean":2.803491884118454e-16,"Sigma":0.0,"Taucorr":null},"Iteration":83},
{"Acceptance":[0.0],"Energy":{"Mean":-9.999999963879263,"Sigma":0.0,"Taucorr":null},"EnergyVariance":{"Mean":1.6681696474367017e-16,"Sigma":0.0,"Taucorr":null},"Iteration":84},
{"Acceptance":[0.0],"Energy":{"Mean":-9.99999995689469,"Sigma":0.0,"Taucorr":null},"EnergyVariance":{"Mean":6.115866310668985e-17,"Sigma":0.0,"Taucorr":null},"Iteration":85},
{"Acceptance":[0.0],"Energy":{"Mean":-9.999999950662417,"Sigma":0.0,"Taucorr":null},"EnergyVariance":{"Mean":3.0510770957439078e-18,"Sigma":0.0,"Taucorr":null},"Iteration":86},
{"Acceptance":[0.0],"Energy":{"Mean":-9.999999945261708,"Sigma":0.0,"Taucorr":null},"EnergyVariance":{"Mean":2.525860023061976e-17,"Sigma":0.0,"Taucorr":null},"Iteration":87},
{"Acceptance":[0.0],"Energy":{"Mean":-9.999999940706552,"Sigma":0.0,"Taucorr":null},"EnergyVariance":{"Mean":1.499386643515343e-16,"Sigma":0.0,"Taucorr":null},"Iteration":88},
{"Acceptance":[0.0],"Energy":{"Mean":-9.999999936965056,"Sigma":0.0,"Taucorr":null},"EnergyVariance":{"Mean":3.8786263963693557e-16,"Sigma":0.0,"Taucorr":null},"Iteration":89},
{"Acceptance":[0.0],"Energy":{"Mean":-9.999999933975843,"Sigma":0.0,"Taucorr":null},"EnergyVariance":{"Mean":7.395876761186993e-16,"Sigma":0.0,"Taucorr":null},"Iteration":90},
{"Acceptance":[0.0],"Energy":{"Mean":-9.999999931660865,"Sigma":0.0,"Taucorr":null},"EnergyVariance":{"Mean":1.1976394146184923e-15,"Sigma":0.0,"Taucorr":null},"Iteration":91},
{"Acceptance":[0.0],"Energy":{"Mean":-9.999999929934908,"Sigma":0.0,"Taucorr":null},"EnergyVariance":{"Mean":1.7489889910151372e-15,"Sigma":0.0,"Taucorr":null},"Iteration":92},
{"Acceptance":[0.0],"Energy":{"Mean":-9.99999992871229,"Sigma":0.0,"Taucorr":null},"EnergyVariance":{"Mean":2.377369467903338e-15,"Sigma":0.0,"Taucorr":null},"Iteration":93},
{"Acceptance":[0.0],"Energy":{"Mean":-9.999999927911263,"Sigma":0.0,"Taucorr":null},"EnergyVariance":{"Mean":3.0651981609302647e-15,"Sigma":0.0,"Taucorr":null},"Iteration":94},
{"Acceptance":[0.0],"Energy":{"Mean":-9.999999927456658,"Sigma":0.0,"Taucorr":null},"EnergyVariance":{"Mean":3.795027778313561e-15,"Sigma":0.0,"Taucorr":null},"Iteration":95},
{"Acceptance":[0.0],"Energy":{"Mean":-9.999999927281282,"Sigma":0.0,"Taucorr":null},"EnergyVariance":{"Mean":4.550544456519896e-15,"Sigma":0.0,"Taucorr":null},"Iteration":96},
{"Acceptance":[0.0],"Energy":{"Mean":-9.999999927326417,"Sigma":0.0,"Taucorr":null},"EnergyVariance":{"Mean":5.317178970705028e-15,"Sigma":0.0,"Taucorr":null},"Iteration":97},
{"Acceptance":[0.0],"Energy":{"Mean":-9.999999927541682,"Sigma":0.0,"Taucorr":null},"EnergyVariance":{"Mean":6.082414257880213e-15,"Sigma":0.0,"Taucorr":null},"Iteration":98},
{"Acceptance":[0.0],"Energy":{"Mean":-9.999999927884579,"Sigma":0.0,"Taucorr":null},"EnergyVariance":{"Mean":6.835870847079382e-15,"Sigma":0.0,"Taucorr":null},"Iteration":99} 
]}
{"input": {"L": 20, "J": 1, "machine": {"type": "FFNN", "model": ["tanh", 22, 3]}, "sampler": {"type": "MetropolisHop", "d_max": 5}, "optimizer": {"type": "AdaMax", "alpha": 0.001, "beta1": 0.9, "beta2": 0.999, "epscut": 1e-07}, "VMC": {"n_samples": 100, "discarded_samples": 100, "discarded_samples_on_init": 0, "target": "energy", "method": "Gd", "diag_shift": 0.01, "use_iterative": true, "use_cholesky": true}, "n_iter": 100}}
duration: -1.9262211322784424