{"Output": [
{"Acceptance":[0.8830476190476191],"Energy":{"Mean":16.460873365148856,"Sigma":0.2994305275800704,"Taucorr":-2.7755575615628914e-17},"EnergyVariance":{"Mean":9.404144132430051,"Sigma":1.1273573550956526,"Taucorr":-5.551115123125783e-17},"Iteration":0},
{"Acceptance":[0.8308571428571428],"Energy":{"Mean":16.89802901291886,"Sigma":0.32301378479283893,"Taucorr":0.0},"EnergyVariance":{"Mean":11.607132459431028,"Sigma":1.2746394535279622,"Taucorr":-2.7755575615628914e-17},"Iteration":1},
{"Acceptance":[0.8140952380952381],"Energy":{"Mean":16.457021676337142,"Sigma":0.32455986590288993,"Taucorr":0.0},"EnergyVariance":{"Mean":11.590048684545126,"Sigma":1.4053500791104767,"Taucorr":-5.551115123125783e-17},"Iteration":2},
{"Acceptance":[0.7699047619047619],"Energy":{"Mean":16.300474381271755,"Sigma":0.3362263050579571,"Taucorr":1.6653345369377348e-16},"EnergyVariance":{"Mean":13.841851270078001,"Sigma":1.4404021859484284,"Taucorr":0.0},"Iteration":3},
{"Acceptance":[0.7554285714285714],"Energy":{"Mean":14.982492331815315,"Sigma":0.3471929600349542,"Taucorr":1.1102230246251565e-16},"EnergyVariance":{"Mean":14.839816714614823,"Sigma":1.785962282444211,"Taucorr":-2.7755575615628914e-17},"Iteration":4},
{"Acceptance":[0.7314285714285714],"Energy":{"Mean":15.409594329466742,"Sigma":0.33480692283674324,"Taucorr":-2.7755575615628914e-17},"EnergyVariance":{"Mean":15.38725529331787,"Sigma":1.6911347600420092,"Taucorr":-8.326672684688674e-17},"Iteration":5},
{"Acceptance":[0.7215238095238096],"Energy":{"Mean":14.607905669216537,"Sigma":0.347316498289352,"Taucorr":2.7755575615628914e-17},"EnergyVariance":{"Mean":16.216441917604115,"Sigma":1.6822345267581957,"Taucorr":5.551115123125783e-17},"Iteration":6},
{"Acceptance":[0.6982857142857143],"Energy":{"Mean":13.979055360964733,"Sigma":0.35941242493250053,"Taucorr":5.551115123125783e-17},"EnergyVariance":{"Mean":17.264951653142628,"Sigma":2.27034257898928,"Taucorr":-2.7755575615628914e-17},"Iteration":7},
{"Acceptance":[0.6754285714285714],"Energy":{"Mean":13.17589497154702,"Sigma":0.35444648299556014,"Taucorr":-5.551115123125783e-17},"EnergyVariance":{"Mean":18.046349160559025,"Sigma":2.3378426814405024,"Taucorr":0.0},"Iteration":8},
{"Acceptance":[0.6533333333333333],"Energy":{"Mean":12.472548446250281,"Sigma":0.3863880695335482,"Taucorr":2.7755575615628914e-17},"EnergyVariance":{"Mean":19.51420072698654,"Sigma":2.5049995462759567,"Taucorr":0.0},"Iteration":9},
{"Acceptance":[0.6422857142857142],"Energy":{"Mean":11.950915153926463,"Sigma":0.3952666341859264,"Taucorr":-2.7755575615628914e-17},"EnergyVariance":{"Mean":23.045697526013072,"Sigma":2.8066696672945306,"Taucorr":5.551115123125783e-17},"Iteration":10},
{"Acceptance":[0.6236190476190476],"Energy":{"Mean":11.53552706467727,"Sigma":0.3613238523597862,"Taucorr":-8.326672684688674e-17},"EnergyVariance":{"Mean":21.09997298223426,"Sigma":2.596400626273506,"Taucorr":0.0},"Iteration":11},
{"Acceptance":[0.5988571428571429],"Energy":{"Mean":10.605234801663876,"Sigma":0.3506160185159771,"Taucorr":-2.7755575615628914e-17},"EnergyVariance":{"Mean":20.15015535726272,"Sigma":1.873620856133349,"Taucorr":-5.551115123125783e-17},"Iteration":12},
{"Acceptance":[0.6076190476190476],"Energy":{"Mean":9.182265670066549,"Sigma":0.34525418528476187,"Taucorr":-8.326672684688674e-17},"EnergyVariance":{"Mean":18.24937228591971,"Sigma":2.428287111464371,"Taucorr":-2.7755575615628914e-17},"Iteration":13},
{"Acceptance":[0.5615238095238095],"Energy":{"Mean":9.45417131643915,"Sigma":0.41366074902058647,"Taucorr":-2.7755575615628914e-17},"EnergyVariance":{"Mean":24.389035651742855,"Sigma":2.916830945521492,"Taucorr":0.0},"Iteration":14},
{"Acceptance":[0.5653333333333334],"Energy":{"Mean":7.833298307922164,"Sigma":0.3796718962885103,"Taucorr":-2.7755575615628914e-17},"EnergyVariance":{"Mean":22.175802619420594,"Sigma":2.6783041918271224,"Taucorr":0.0},"Iteration":15},
{"Acceptance":[0.5443809523809524],"Energy":{"Mean":8.264702797919124,"Sigma":0.3715169778345552,"Taucorr":0.0},"EnergyVariance":{"Mean":23.944878464624253,"Sigma":2.564962722930228,"Taucorr":-2.7755575615628914e-17},"Iteration":16},
{"Acceptance":[0.5276190476190477],"Energy":{"Mean":8.323870266383542,"Sigma":0.37296419648597456,"Taucorr":1.1102230246251565e-16},"EnergyVariance":{"Mean":24.924035373700395,"Sigma":2.335118281420234,"Taucorr":-2.7755575615628914e-17},"Iteration":17},
{"Acceptance":[0.5276190476190477],"Energy":{"Mean":6.804159221599491,"Sigma":0.3156111663906856,"Taucorr":5.551115123125783e-17},"EnergyVariance":{"Mean":21.34930436872228,"Sigma":2.155353040619193,"Taucorr":0.0},"Iteration":18},
{"Acceptance":[0.5009523809523809],"Energy":{"Mean":5.392658667542513,"Sigma":0.4093684560260413,"Taucorr":0.0},"EnergyVariance":{"Mean":26.882784660374163,"Sigma":3.1004555884496847,"Taucorr":2.7755575615628914e-17},"Iteration":19},
{"Acceptance":[0.48342857142857143],"Energy":{"Mean":4.8485287893345035,"Sigma":0.3089557612641722,"Taucorr":0.0},"EnergyVariance":{"Mean":23.640247796115233,"Sigma":2.576234740427743,"Taucorr":0.0},"Iteration":20},
{"Acceptance":[0.4845714285714286],"Energy":{"Mean":4.412084362898421,"Sigma":0.3692768211721609,"Taucorr":-2.7755575615628914e-17},"EnergyVariance":{"Mean":24.123008339399682,"Sigma":2.7359810811872958,"Taucorr":1.1102230246251565e-16},"Iteration":21},
{"Acceptance":[0.4735238095238095],"Energy":{"Mean":3.21218028745019,"Sigma":0.2909384016911242,"Taucorr":0.0},"EnergyVariance":{"Mean":18.40753242115592,"Sigma":2.5251883553410766,"Taucorr":-2.7755575615628914e-17},"Iteration":22},
{"Acceptance":[0.46514285714285714],"Energy":{"Mean":2.9933588473974875,"Sigma":0.3157356302168007,"Taucorr":0.0},"EnergyVariance":{"Mean":24.701749937082973,"Sigma":2.746402103779563,"Taucorr":0.0},"Iteration":23},
{"Acceptance":[0.4624761904761905],"Energy":{"Mean":2.428879149959473,"Sigma":0.3266865846529001,"Taucorr":2.7755575615628914e-17},"EnergyVariance":{"Mean":30.121513726321027,"Sigma":4.704110749391195,"Taucorr":-2.7755575615628914e-17},"Iteration":24},
{"Acceptance":[0.4403809523809524],"Energy":{"Mean":1.6068442085805072,"Sigma":0.3344056705306644,"Taucorr":-8.326672684688674e-17},"EnergyVariance":{"Mean":25.164877446338025,"Sigma":2.9867902311340075,"Taucorr":5.551115123125783e-17},"Iteration":25},
{"Acceptance":[0.41295238095238096],"Energy":{"Mean":1.6866967226001317,"Sigma":0.397994646381872,"Taucorr":-2.7755575615628914e-17},"EnergyVariance":{"Mean":31.636599463922245,"Sigma":4.818747690498106,"Taucorr":5.551115123125783e-17},"Iteration":26},
{"Acceptance":[0.40076190476190476],"Energy":{"Mean":-0.7929795020311066,"Sigma":0.3228733436867098,"Taucorr":0.0},"EnergyVariance":{"Mean":30.28150452859535,"Sigma":4.092474771275891,"Taucorr":1.1102230246251565e-16},"Iteration":27},
{"Acceptance":[0.38895238095238094],"Energy":{"Mean":-1.7603548606299815,"Sigma":0.342205397696878,"Taucorr":5.551115123125783e-17},"EnergyVariance":{"Mean":27.163562487276835,"Sigma":2.9137275120430344,"Taucorr":0.0},"Iteration":28},
{"Acceptance":[0.3973333333333333],"Energy":{"Mean":0.34805274152240007,"Sigma":0.3806760846157805,"Taucorr":0.0},"EnergyVariance":{"Mean":34.063552174353376,"Sigma":6.866806157776856,"Taucorr":5.551115123125783e-17},"Iteration":29},
{"Acceptance":[0.37142857142857144],"Energy":{"Mean":-1.2006523814373207,"Sigma":0.3282804357263118,"Taucorr":-8.326672684688674e-17},"EnergyVariance":{"Mean":23.948188093780615,"Sigma":2.6500829679626436,"Taucorr":5.551115123125783e-17},"Iteration":30},
{"Acceptance":[0.35504761904761906],"Energy":{"Mean":-2.429669625849378,"Sigma":0.31635889992633087,"Taucorr":0.0},"EnergyVariance":{"Mean":26.088923808774197,"Sigma":3.8389458887422965,"Taucorr":0.0},"Iteration":31},
{"Acceptance":[0.35009523809523807],"Energy":{"Mean":-1.9324715064453795,"Sigma":0.38736197245175336,"Taucorr":-5.551115123125783e-17},"EnergyVariance":{"Mean":28.23345024033118,"Sigma":3.0542297461766577,"Taucorr":0.0},"Iteration":32},
{"Acceptance":[0.3302857142857143],"Energy":{"Mean":-3.685747717855616,"Sigma":0.39767369080370785,"Taucorr":0.0},"EnergyVariance":{"Mean":26.12796976726224,"Sigma":3.6975506323522978,"Taucorr":2.7755575615628914e-17},"Iteration":33},
{"Acceptance":[0.3161904761904762],"Energy":{"Mean":-4.310447125126708,"Sigma":0.32580263875259413,"Taucorr":0.0},"EnergyVariance":{"Mean":26.839137461327283,"Sigma":4.451675137860128,"Taucorr":0.0},"Iteration":34},
{"Acceptance":[0.3352380952380952],"Energy":{"Mean":-4.51449867788561,"Sigma":0.31393785305608213,"Taucorr":5.551115123125783e-17},"EnergyVariance":{"Mean":20.405185079398766,"Sigma":1.9014089858517087,"Taucorr":2.7755575615628914e-17},"Iteration":35},
{"Acceptance":[0.3443809523809524],"Energy":{"Mean":-4.831825938259934,"Sigma":0.3341249249573536,"Taucorr":-2.7755575615628914e-17},"EnergyVariance":{"Mean":20.836012080541373,"Sigma":2.6130675671123686,"Taucorr":5.551115123125783e-17},"Iteration":36},
{"Acceptance":[0.3177142857142857],"Energy":{"Mean":-6.324490391927532,"Sigma":0.3547576374954802,"Taucorr":1.1102230246251565e-16},"EnergyVariance":{"Mean":23.62772276221468,"Sigma":2.837703515858807,"Taucorr":-2.7755575615628914e-17},"Iteration":37},
{"Acceptance":[0.2899047619047619],"Energy":{"Mean":-7.097685820041065,"Sigma":0.3476504840598092,"Taucorr":5.551115123125783e-17},"EnergyVariance":{"Mean":22.167952031793867,"Sigma":2.2779842061430355,"Taucorr":5.551115123125783e-17},"Iteration":38},
{"Acceptance":[0.2803809523809524],"Energy":{"Mean":-8.122121942328267,"Sigma":0.3051020606404938,"Taucorr":5.551115123125783e-17},"EnergyVariance":{"Mean":16.16368818133238,"Sigma":2.324789054268001,"Taucorr":0.0},"Iteration":39},
{"Acceptance":[0.22476190476190477],"Energy":{"Mean":-8.28018794995381,"Sigma":0.27693120477206656,"Taucorr":5.551115123125783e-17},"EnergyVariance":{"Mean":16.86955340845727,"Sigma":2.1226930797089585,"Taucorr":5.551115123125783e-17},"Iteration":40},
{"Acceptance":[0.23085714285714284],"Energy":{"Mean":-9.455624318391134,"Sigma":0.30786068914807896,"Taucorr":5.551115123125783e-17},"EnergyVariance":{"Mean":13.27211460296645,"Sigma":1.4516329467311835,"Taucorr":-8.326672684688674e-17},"Iteration":41},
{"Acceptance":[0.23695238095238094],"Energy":{"Mean":-9.554169088304512,"Sigma":0.34803297019232576,"Taucorr":2.7755575615628914e-17},"EnergyVariance":{"Mean":21.166703622500247,"Sigma":2.607959213176683,"Taucorr":0.0},"Iteration":42},
{"Acceptance":[0.23123809523809524],"Energy":{"Mean":-10.566545754113353,"Sigma":0.36234788162338827,"Taucorr":0.0},"EnergyVariance":{"Mean":21.07553811735456,"Sigma":3.942619784369471,"Taucorr":0.0},"Iteration":43},
{"Acceptance":[0.18628571428571428],"Energy":{"Mean":-11.320225656793621,"Sigma":0.2573417561942853,"Taucorr":1.1102230246251565e-16},"EnergyVariance":{"Mean":10.372221120040255,"Sigma":3.296282168916824,"Taucorr":5.551115123125783e-17},"Iteration":44},
{"Acceptance":[0.11771428571428572],"Energy":{"Mean":-11.94027005767554,"Sigma":0.28841549508961856,"Taucorr":0.0},"EnergyVariance":{"Mean":21.811947660899673,"Sigma":6.982552907972903,"Taucorr":5.551115123125783e-17},"Iteration":45},
{"Acceptance":[0.10704761904761904],"Energy":{"Mean":-11.438395151187335,"Sigma":0.2152150074296859,"Taucorr":-8.326672684688674e-17},"EnergyVariance":{"Mean":8.965898457733713,"Sigma":2.6277920161977004,"Taucorr":0.0},"Iteration":46},
{"Acceptance":[0.11123809523809523],"Energy":{"Mean":-11.922065526070663,"Sigma":0.27676266325335896,"Taucorr":1.1102230246251565e-16},"EnergyVariance":{"Mean":54.61495566938133,"Sigma":41.76142844425697,"Taucorr":0.0},"Iteration":47},
{"Acceptance":[0.057523809523809526],"Energy":{"Mean":-11.031994067370984,"Sigma":0.2259609942715676,"Taucorr":5.551115123125783e-17},"EnergyVariance":{"Mean":8.183076639924014,"Sigma":3.0607172899544617,"Taucorr":-2.7755575615628914e-17},"Iteration":48},
{"Acceptance":[0.07047619047619047],"Energy":{"Mean":-11.98603794072704,"Sigma":0.17349179855163602,"Taucorr":5.551115123125783e-17},"EnergyVariance":{"Mean":5.136833457781672,"Sigma":2.361196646218257,"Taucorr":2.7755575615628914e-17},"Iteration":49},
{"Acceptance":[0.05638095238095238],"Energy":{"Mean":-11.697903020370989,"Sigma":0.08274852995375534,"Taucorr":0.0},"EnergyVariance":{"Mean":0.9703651404117872,"Sigma":0.20775526241312567,"Taucorr":0.0},"Iteration":50},
{"Acceptance":[0.047619047619047616],"Energy":{"Mean":-11.76250326898739,"Sigma":0.0807006835922853,"Taucorr":-8.326672684688674e-17},"EnergyVariance":{"Mean":0.7527295720848667,"Sigma":0.2879317548136159,"Taucorr":-5.551115123125783e-17},"Iteration":51},
{"Acceptance":[0.04609523809523809],"Energy":{"Mean":-11.970919938378755,"Sigma":0.06397009093501548,"Taucorr":-1.3877787807814457e-16},"EnergyVariance":{"Mean":5.745262415411258,"Sigma":4.597622151499376,"Taucorr":-5.551115123125783e-17},"Iteration":52},
{"Acceptance":[0.0339047619047619],"Energy":{"Mean":-11.889889514552854,"Sigma":0.051028970665572146,"Taucorr":-2.7755575615628914e-16},"EnergyVariance":{"Mean":0.29293398329314785,"Sigma":0.14276042912643042,"Taucorr":5.551115123125783e-17},"Iteration":53},
{"Acceptance":[0.033523809523809525],"Energy":{"Mean":-11.953643960371942,"Sigma":0.03191853948474378,"Taucorr":1.3877787807814457e-16},"EnergyVariance":{"Mean":0.11398270786868461,"Sigma":0.05535288005710984,"Taucorr":-5.551115123125783e-17},"Iteration":54},
{"Acceptance":[0.030095238095238095],"Energy":{"Mean":-11.867546936710102,"Sigma":0.046076520855395126,"Taucorr":1.6653345369377348e-16},"EnergyVariance":{"Mean":0.24522181116991176,"Sigma":0.07814823745318426,"Taucorr":-2.7755575615628914e-17},"Iteration":55},
{"Acceptance":[0.034666666666666665],"Energy":{"Mean":-11.996521468562984,"Sigma":0.0037162935337889643,"Taucorr":3.0531133177191805e-16},"EnergyVariance":{"Mean":0.002719151621589217,"Sigma":0.00024516185962804613,"Taucorr":-8.326672684688674e-17},"Iteration":56},
{"Acceptance":[0.025142857142857144],"Energy":{"Mean":-12.005259643161025,"Sigma":0.0027784722154629853,"Taucorr":4.440892098500626e-16},"EnergyVariance":{"Mean":0.001299099073922233,"Sigma":0.0001437452647483399,"Taucorr":-8.326672684688674e-17},"Iteration":57},
{"Acceptance":[0.017142857142857144],"Energy":{"Mean":-11.997025410219596,"Sigma":0.0014825122606916363,"Taucorr":-6.106226635438361e-16},"EnergyVariance":{"Mean":0.0005226034131333495,"Sigma":4.397193407086419e-05,"Taucorr":5.551115123125783e-17},"Iteration":58},
{"Acceptance":[0.01561904761904762],"Energy":{"Mean":-12.005469215508006,"Sigma":0.0005009633346440464,"Taucorr":-1.099120794378905e-14},"EnergyVariance":{"Mean":8.41321379232107e-05,"Sigma":1.4290603466854723e-05,"Taucorr":0.0},"Iteration":59},
{"Acceptance":[0.006857142857142857],"Energy":{"Mean":-12.002963250967163,"Sigma":0.0004995277777703704,"Taucorr":3.6165515027164474e-14},"EnergyVariance":{"Mean":6.859965012329859e-05,"Sigma":1.784650170413735e-05,"Taucorr":0.0},"Iteration":60},
{"Acceptance":[0.014857142857142857],"Energy":{"Mean":-12.001342318692881,"Sigma":0.0008608975682420367,"Taucorr":null},"EnergyVariance":{"Mean":9.897179596773543e-05,"Sigma":3.251013993866682e-05,"Taucorr":null},"Iteration":61},
{"Acceptance":[0.006857142857142857],"Energy":{"Mean":-12.0022011062306,"Sigma":0.00012650929929660545,"Taucorr":null},"EnergyVariance":{"Mean":5.886710281051772e-06,"Sigma":1.6482038105057682e-06,"Taucorr":null},"Iteration":62},
{"Acceptance":[0.0007619047619047619],"Energy":{"Mean":-12.001400119860932,"Sigma":0.0001352974974518761,"Taucorr":null},"EnergyVariance":{"Mean":7.88602553038655e-06,"Sigma":2.331443228519554e-06,"Taucorr":null},"Iteration":63},
{"Acceptance":[0.006857142857142857],"Energy":{"Mean":-12.001229907823285,"Sigma":8.85368865564758e-05,"Taucorr":null},"EnergyVariance":{"Mean":3.4577902394887838e-06,"Sigma":9.307430400653734e-07,"Taucorr":null},"Iteration":64},
{"Acceptance":[0.0038095238095238095],"Energy":{"Mean":-12.000752201341946,"Sigma":9.469500553448372e-05,"Taucorr":null},"EnergyVariance":{"Mean":2.328246617195835e-06,"Sigma":5.840423924126375e-07,"Taucorr":null},"Iteration":65},
{"Acceptance":[0.0],"Energy":{"Mean":-12.00062177696709,"Sigma":7.281919696833138e-05,"Taucorr":null},"EnergyVariance":{"Mean":1.602711539108934e-06,"Sigma":3.9244817548716215e-07,"Taucorr":null},"Iteration":66},
{"Acceptance":[0.0007619047619047619],"Energy":{"Mean":-12.000395615572426,"Sigma":5.7593025976408045e-05,"Taucorr":null},"EnergyVariance":{"Mean":1.302175145777924e-06,"Sigma":2.2889224839607727e-07,"Taucorr":null},"Iteration":67},
{"Acceptance":[0.0007619047619047619],"Energy":{"Mean":-12.000474488469965,"Sigma":3.776517709476368e-05,"Taucorr":null},"EnergyVariance":{"Mean":3.592147700552419e-07,"Sigma":1.370867615113968e-07,"Taucorr":null},"Iteration":68},
{"Acceptance":[0.0030476190476190477],"Energy":{"Mean":-11.999532307498063,"Sigma":0.00027069286169698796,"Taucorr":null},"EnergyVariance":{"Mean":9.2028670958016e-06,"Sigma":4.088807232092902e-06,"Taucorr":null},"Iteration":69},
{"Acceptance":[0.0015238095238095239],"Energy":{"Mean":-12.000370916904286,"Sigma":0.0,"Taucorr":null},"EnergyVariance":{"Mean":6.808911138540106e-08,"Sigma":0.0,"Taucorr":null},"Iteration":70},
{"Acceptance":[0.001142857142857143],"Energy":{"Mean":-12.000338773048426,"Sigma":7.830104832631534e-05,"Taucorr":null},"EnergyVariance":{"Mean":1.4906052285622265e-06,"Sigma":6.028811210197186e-07,"Taucorr":null},"Iteration":71},
{"Acceptance":[0.0015238095238095239],"Energy":{"Mean":-12.00025508514321,"Sigma":0.0,"Taucorr":null},"EnergyVariance":{"Mean":6.697787929592174e-08,"Sigma":0.0,"Taucorr":null},"Iteration":72},
{"Acceptance":[0.0],"Energy":{"Mean":-12.00004261257222,"Sigma":4.047941612954258e-05,"Taucorr":null},"EnergyVariance":{"Mean":3.4706890925267274e-07,"Sigma":5.998310613724451e-08,"Taucorr":null},"Iteration":73},
{"Acceptance":[0.0007619047619047619],"Energy":{"Mean":-12.000166775693877,"Sigma":1.228738847838878e-05,"Taucorr":null},"EnergyVariance":{"Mean":8.230759050024034e-08,"Sigma":1.9722558118770343e-08,"Taucorr":null},"Iteration":74},
{"Acceptance":[0.001142857142857143],"Energy":{"Mean":-12.00015075755689,"Sigma":0.0,"Taucorr":null},"EnergyVariance":{"Mean":5.979985386433938e-08,"Sigma":0.0,"Taucorr":null},"Iteration":75},
{"Acceptance":[0.0007619047619047619],"Energy":{"Mean":-12.000127198311265,"Sigma":0.0,"Taucorr":null},"EnergyVariance":{"Mean":5.718368720317451e-08,"Sigma":0.0,"Taucorr":null},"Iteration":76},
{"Acceptance":[0.0],"Energy":{"Mean":-12.000086724002935,"Sigma":1.434042389273805e-05,"Taucorr":null},"EnergyVariance":{"Mean":7.973608075832405e-08,"Sigma":1.7049350946063412e-08,"Taucorr":null},"Iteration":77},
{"Acceptance":[0.0],"Energy":{"Mean":-12.000090748354324,"Sigma":0.0,"Taucorr":null},"EnergyVariance":{"Mean":5.23223941653266e-08,"Sigma":0.0,"Taucorr":null},"Iteration":78},
{"Acceptance":[0.0],"Energy":{"Mean":-12.000076566915801,"Sigma":0.0,"Taucorr":null},"EnergyVariance":{"Mean":5.014969868339492e-08,"Sigma":0.0,"Taucorr":null},"Iteration":79},
{"Acceptance":[0.0015238095238095239],"Energy":{"Mean":-12.000064450864487,"Sigma":0.0,"Taucorr":null},"EnergyVariance":{"Mean":4.816461231187297e-08,"Sigma":0.0,"Taucorr":null},"Iteration":80},
{"Acceptance":[0.0],"Energy":{"Mean":-12.000056741415623,"Sigma":1.8653636281538952e-06,"Taucorr":null},"EnergyVariance":{"Mean":5.029443838829176e-08,"Sigma":2.7162356170813454e-09,"Taucorr":null},"Iteration":81},
{"Acceptance":[0.0],"Energy":{"Mean":-12.00004506721627,"Sigma":0.0,"Taucorr":null},"EnergyVariance":{"Mean":4.473718685120226e-08,"Sigma":0.0,"Taucorr":null},"Iteration":82},
{"Acceptance":[0.0019047619047619048],"Energy":{"Mean":-11.999996542505885,"Sigma":1.6634438568098867e-05,"Taucorr":null},"EnergyVariance":{"Mean":7.620253871250522e-08,"Sigma":1.276562693978941e-08,"Taucorr":null},"Iteration":83},
{"Acceptance":[0.00038095238095238096],"Energy":{"Mean":-12.000030521539697,"Sigma":0.0,"Taucorr":null},"EnergyVariance":{"Mean":4.194702029709468e-08,"Sigma":0.0,"Taucorr":null},"Iteration":84},
{"Acceptance":[0.0015238095238095239],"Energy":{"Mean":-12.000024617835859,"Sigma":0.0,"Taucorr":null},"EnergyVariance":{"Mean":4.075782175236889e-08,"Sigma":0.0,"Taucorr":null},"Iteration":85},
{"Acceptance":[0.0],"Energy":{"Mean":-11.99999692106534,"Sigma":1.2453962603693196e-05,"Taucorr":null},"EnergyVariance":{"Mean":5.617375167735092e-08,"Sigma":8.829924736171347e-09,"Taucorr":null},"Iteration":86},
{"Acceptance":[0.0],"Energy":{"Mean":-12.0000149175465,"Sigma":0.0,"Taucorr":null},"EnergyVariance":{"Mean":3.873227546091546e-08,"Sigma":0.0,"Taucorr":null},"Iteration":87},
{"Acceptance":[0.0],"Energy":{"Mean":-12.000033610057335,"Sigma":1.570032804726907e-05,"Taucorr":null},"EnergyVariance":{"Mean":1.0441493576220644e-07,"Sigma":4.570555334724527e-08,"Taucorr":null},"Iteration":88},
{"Acceptance":[0.0],"Energy":{"Mean":-12.000000392474188,"Sigma":7.054714885991187e-06,"Taucorr":null},"EnergyVariance":{"Mean":4.193417622164236e-08,"Sigma":4.7735435829138734e-09,"Taucorr":null},"Iteration":89},
{"Acceptance":[0.0],"Energy":{"Mean":-12.000004370941761,"Sigma":0.0,"Taucorr":null},"EnergyVariance":{"Mean":3.642692068703588e-08,"Sigma":0.0,"Taucorr":null},"Iteration":90},
{"Acceptance":[0.0],"Energy":{"Mean":-12.00001108353079,"Sigma":9.436351160998132e-06,"Taucorr":null},"EnergyVariance":{"Mean":4.770239741509847e-08,"Sigma":1.1798920576717847e-08,"Taucorr":null},"Iteration":91},
{"Acceptance":[0.0038095238095238095],"Energy":{"Mean":-11.999999227841604,"Sigma":0.0,"Taucorr":null},"EnergyVariance":{"Mean":3.526793465774013e-08,"Sigma":0.0,"Taucorr":null},"Iteration":92},
{"Acceptance":[0.0],"Energy":{"Mean":-11.999977151732821,"Sigma":1.1015050585536528e-05,"Taucorr":null},"EnergyVariance":{"Mean":4.706293094392207e-08,"Sigma":6.5711649259749074e-09,"Taucorr":null},"Iteration":93},
{"Acceptance":[0.0007619047619047619],"Energy":{"Mean":-11.9999623495195,"Sigma":1.3399104621698888e-05,"Taucorr":null},"EnergyVariance":{"Mean":5.381839699110464e-08,"Sigma":7.514373012422898e-09,"Taucorr":null},"Iteration":94},
{"Acceptance":[0.0],"Energy":{"Mean":-11.999993477132715,"Sigma":0.0,"Taucorr":null},"EnergyVariance":{"Mean":3.3930469868482304e-08,"Sigma":0.0,"Taucorr":null},"Iteration":95},
{"Acceptance":[0.0],"Energy":{"Mean":-11.999991967520309,"Sigma":0.0,"Taucorr":null},"EnergyVariance":{"Mean":3.356793033308022e-08,"Sigma":0.0,"Taucorr":null},"Iteration":96},
{"Acceptance":[0.0],"Energy":{"Mean":-11.999990620322667,"Sigma":0.0,"Taucorr":null},"EnergyVariance":{"Mean":3.324273982755642e-08,"Sigma":0.0,"Taucorr":null},"Iteration":97},
{"Acceptance":[0.002285714285714286],"Energy":{"Mean":-11.999907223224252,"Sigma":1.6119514805992008e-05,"Taucorr":null},"EnergyVariance":{"Mean":7.521234604751006e-08,"Sigma":6.9632195887026e-09,"Taucorr":null},"Iteration":98},
{"Acceptance":[0.0],"Energy":{"Mean":-11.999988357865828,"Sigma":0.0,"Taucorr":null},"EnergyVariance":{"Mean":3.267410472119134e-08,"Sigma":0.0,"Taucorr":null},"Iteration":99} 
]}
{"input": {"L": 20, "J": 1, "machine": {"type": "FFNN", "model": ["tanh", 22, 2]}, "sampler": {"type": "MetropolisHop", "d_max": 5}, "optimizer": {"type": "AdaMax", "alpha": 0.001, "beta1": 0.9, "beta2": 0.999, "epscut": 1e-07}, "VMC": {"n_samples": 100, "discarded_samples": 100, "discarded_samples_on_init": 0, "target": "energy", "method": "Gd", "diag_shift": 0.01, "use_iterative": true, "use_cholesky": true}, "n_iter": 100}}
duration: -1.2111425399780273