{"Output": [
{"Acceptance":[0.8712380952380953],"Energy":{"Mean":17.271687986231665,"Sigma":0.30779824478292184,"Taucorr":-2.7755575615628914e-17},"EnergyVariance":{"Mean":10.752854457412294,"Sigma":1.2536628888296146,"Taucorr":0.0},"Iteration":0},
{"Acceptance":[0.808],"Energy":{"Mean":16.8477961247169,"Sigma":0.3383648691559207,"Taucorr":0.0},"EnergyVariance":{"Mean":12.77256746671133,"Sigma":1.3812880748797123,"Taucorr":0.0},"Iteration":1},
{"Acceptance":[0.7733333333333333],"Energy":{"Mean":15.394080962086603,"Sigma":0.34848365819880944,"Taucorr":-5.551115123125783e-17},"EnergyVariance":{"Mean":14.802613506345043,"Sigma":1.633747303834808,"Taucorr":2.7755575615628914e-17},"Iteration":2},
{"Acceptance":[0.7363809523809524],"Energy":{"Mean":15.197115005851803,"Sigma":0.3758983402916873,"Taucorr":2.7755575615628914e-17},"EnergyVariance":{"Mean":18.506890300581517,"Sigma":2.317765175132876,"Taucorr":-2.7755575615628914e-17},"Iteration":3},
{"Acceptance":[0.7112380952380952],"Energy":{"Mean":13.275923055301943,"Sigma":0.41547985531050596,"Taucorr":0.0},"EnergyVariance":{"Mean":21.034171029474713,"Sigma":2.1932805294424527,"Taucorr":5.551115123125783e-17},"Iteration":4},
{"Acceptance":[0.6940952380952381],"Energy":{"Mean":12.851862298005546,"Sigma":0.3814059132326674,"Taucorr":-8.326672684688674e-17},"EnergyVariance":{"Mean":22.218675662456725,"Sigma":2.1896669467349392,"Taucorr":0.0},"Iteration":5},
{"Acceptance":[0.6483809523809524],"Energy":{"Mean":12.432832116101636,"Sigma":0.3677238424672142,"Taucorr":2.7755575615628914e-17},"EnergyVariance":{"Mean":21.259927738791397,"Sigma":2.313862734071657,"Taucorr":0.0},"Iteration":6},
{"Acceptance":[0.6194285714285714],"Energy":{"Mean":10.310373121938442,"Sigma":0.36504319178143,"Taucorr":5.551115123125783e-17},"EnergyVariance":{"Mean":21.390772781735194,"Sigma":2.145270056953075,"Taucorr":0.0},"Iteration":7},
{"Acceptance":[0.5862857142857143],"Energy":{"Mean":9.34582050534066,"Sigma":0.4118304281010746,"Taucorr":0.0},"EnergyVariance":{"Mean":29.186414182690086,"Sigma":2.9212516979876235,"Taucorr":0.0},"Iteration":8},
{"Acceptance":[0.548952380952381],"Energy":{"Mean":8.07522831623756,"Sigma":0.36743642011418715,"Taucorr":5.551115123125783e-17},"EnergyVariance":{"Mean":23.406595460234087,"Sigma":2.5584263488535526,"Taucorr":-5.551115123125783e-17},"Iteration":9},
{"Acceptance":[0.5257142857142857],"Energy":{"Mean":7.172951953951689,"Sigma":0.3780355760110796,"Taucorr":0.0},"EnergyVariance":{"Mean":26.56652821542435,"Sigma":2.489212566936475,"Taucorr":0.0},"Iteration":10},
{"Acceptance":[0.5333333333333333],"Energy":{"Mean":6.3140161603188325,"Sigma":0.3747939000313043,"Taucorr":5.551115123125783e-17},"EnergyVariance":{"Mean":25.311594984482024,"Sigma":2.5605309139384995,"Taucorr":5.551115123125783e-17},"Iteration":11},
{"Acceptance":[0.48495238095238097],"Energy":{"Mean":4.782487637510462,"Sigma":0.36321071011002576,"Taucorr":-2.7755575615628914e-17},"EnergyVariance":{"Mean":25.0314276301761,"Sigma":2.7641741172740915,"Taucorr":2.7755575615628914e-17},"Iteration":12},
{"Acceptance":[0.4674285714285714],"Energy":{"Mean":4.052307910320513,"Sigma":0.40086724649100214,"Taucorr":-2.7755575615628914e-17},"EnergyVariance":{"Mean":25.99828336660159,"Sigma":3.0972904111727226,"Taucorr":-2.7755575615628914e-17},"Iteration":13},
{"Acceptance":[0.456],"Energy":{"Mean":3.103292942305228,"Sigma":0.41123486090818406,"Taucorr":2.7755575615628914e-17},"EnergyVariance":{"Mean":32.063927117393256,"Sigma":3.8766434726942767,"Taucorr":0.0},"Iteration":14},
{"Acceptance":[0.43466666666666665],"Energy":{"Mean":1.425322019770649,"Sigma":0.32301020125605967,"Taucorr":-2.7755575615628914e-17},"EnergyVariance":{"Mean":22.846619771878125,"Sigma":2.7650709369693374,"Taucorr":0.0},"Iteration":15},
{"Acceptance":[0.432],"Energy":{"Mean":1.3493790430473016,"Sigma":0.34971180157636245,"Taucorr":0.0},"EnergyVariance":{"Mean":23.64239747063925,"Sigma":2.980438640647823,"Taucorr":2.7755575615628914e-17},"Iteration":16},
{"Acceptance":[0.4114285714285714],"Energy":{"Mean":0.46345384407782575,"Sigma":0.3545891106260326,"Taucorr":5.551115123125783e-17},"EnergyVariance":{"Mean":25.557401439932516,"Sigma":2.9375214037103623,"Taucorr":-8.326672684688674e-17},"Iteration":17},
{"Acceptance":[0.37752380952380954],"Energy":{"Mean":-1.0482311165946134,"Sigma":0.33346299004777,"Taucorr":0.0},"EnergyVariance":{"Mean":23.72861819709346,"Sigma":2.7163792789900936,"Taucorr":0.0},"Iteration":18},
{"Acceptance":[0.3779047619047619],"Energy":{"Mean":-1.8146548546512307,"Sigma":0.34736131319005875,"Taucorr":-2.7755575615628914e-17},"EnergyVariance":{"Mean":23.392726148417797,"Sigma":2.4952848396315597,"Taucorr":-5.551115123125783e-17},"Iteration":19},
{"Acceptance":[0.36038095238095236],"Energy":{"Mean":-2.440653916375991,"Sigma":0.3394402641868401,"Taucorr":-2.7755575615628914e-17},"EnergyVariance":{"Mean":22.629590817498865,"Sigma":3.3469396266659994,"Taucorr":0.0},"Iteration":20},
{"Acceptance":[0.3139047619047619],"Energy":{"Mean":-3.464660376480471,"Sigma":0.42607114499008536,"Taucorr":0.0},"EnergyVariance":{"Mean":32.54056095462944,"Sigma":3.602089791477548,"Taucorr":1.1102230246251565e-16},"Iteration":21},
{"Acceptance":[0.30057142857142854],"Energy":{"Mean":-4.901837115783386,"Sigma":0.38008830177572867,"Taucorr":2.7755575615628914e-17},"EnergyVariance":{"Mean":35.01644149298771,"Sigma":6.04108711995107,"Taucorr":-5.551115123125783e-17},"Iteration":22},
{"Acceptance":[0.30552380952380953],"Energy":{"Mean":-5.013922044973164,"Sigma":0.38134296726152467,"Taucorr":0.0},"EnergyVariance":{"Mean":30.27345917953034,"Sigma":4.84189691957233,"Taucorr":5.551115123125783e-17},"Iteration":23},
{"Acceptance":[0.28],"Energy":{"Mean":-6.416382357529039,"Sigma":0.41549870916162357,"Taucorr":2.7755575615628914e-17},"EnergyVariance":{"Mean":42.0886429213932,"Sigma":7.874220813177424,"Taucorr":0.0},"Iteration":24},
{"Acceptance":[0.26704761904761903],"Energy":{"Mean":-7.312128233943188,"Sigma":0.3644061231339775,"Taucorr":0.0},"EnergyVariance":{"Mean":28.333320259820322,"Sigma":4.656704304279085,"Taucorr":0.0},"Iteration":25},
{"Acceptance":[0.24761904761904763],"Energy":{"Mean":-8.223579738379687,"Sigma":0.381495001315659,"Taucorr":0.0},"EnergyVariance":{"Mean":32.063656100448696,"Sigma":5.376720523943755,"Taucorr":5.551115123125783e-17},"Iteration":26},
{"Acceptance":[0.18019047619047618],"Energy":{"Mean":-9.464011157394197,"Sigma":0.37891488844505933,"Taucorr":2.7755575615628914e-17},"EnergyVariance":{"Mean":21.042043215663632,"Sigma":6.757042232669176,"Taucorr":0.0},"Iteration":27},
{"Acceptance":[0.12495238095238095],"Energy":{"Mean":-11.06393352413025,"Sigma":0.2413546168358965,"Taucorr":-2.7755575615628914e-17},"EnergyVariance":{"Mean":9.033346721467984,"Sigma":1.4723507562902642,"Taucorr":-5.551115123125783e-17},"Iteration":28},
{"Acceptance":[0.11314285714285714],"Energy":{"Mean":-11.737366177242873,"Sigma":0.19863738490332886,"Taucorr":-5.551115123125783e-17},"EnergyVariance":{"Mean":6.26087341200785,"Sigma":1.4271472475388576,"Taucorr":0.0},"Iteration":29},
{"Acceptance":[0.07161904761904762],"Energy":{"Mean":-12.745364189983054,"Sigma":0.15485825116966992,"Taucorr":5.551115123125783e-17},"EnergyVariance":{"Mean":4.76454350313473,"Sigma":0.9359058814841776,"Taucorr":-5.551115123125783e-17},"Iteration":30},
{"Acceptance":[0.05409523809523809],"Energy":{"Mean":-12.338507144728302,"Sigma":0.11019013479478779,"Taucorr":-8.326672684688674e-17},"EnergyVariance":{"Mean":1.3134318414479988,"Sigma":0.37874549272220936,"Taucorr":5.551115123125783e-17},"Iteration":31},
{"Acceptance":[0.03619047619047619],"Energy":{"Mean":-12.505414647811154,"Sigma":0.0971531217357825,"Taucorr":-2.7755575615628914e-17},"EnergyVariance":{"Mean":1.0506243055879543,"Sigma":0.34400905865993686,"Taucorr":0.0},"Iteration":32},
{"Acceptance":[0.02857142857142857],"Energy":{"Mean":-12.487532315164334,"Sigma":0.2534720741819098,"Taucorr":2.7755575615628914e-17},"EnergyVariance":{"Mean":17.585022134840553,"Sigma":14.331560016139848,"Taucorr":-5.551115123125783e-17},"Iteration":33},
{"Acceptance":[0.04304761904761905],"Energy":{"Mean":-12.367785328943683,"Sigma":0.1865499628982449,"Taucorr":-5.551115123125783e-17},"EnergyVariance":{"Mean":4.352450665513419,"Sigma":1.4679362122972137,"Taucorr":5.551115123125783e-17},"Iteration":34},
{"Acceptance":[0.038857142857142854],"Energy":{"Mean":-12.223858531186874,"Sigma":0.013276135015537675,"Taucorr":4.718447854656915e-16},"EnergyVariance":{"Mean":0.04161272301337011,"Sigma":0.003884106548533508,"Taucorr":5.551115123125783e-17},"Iteration":35},
{"Acceptance":[0.04038095238095238],"Energy":{"Mean":-12.2311304200814,"Sigma":0.06233144458685961,"Taucorr":2.7755575615628914e-17},"EnergyVariance":{"Mean":0.43642660052333543,"Sigma":0.2554918729948496,"Taucorr":5.551115123125783e-17},"Iteration":36},
{"Acceptance":[0.046857142857142854],"Energy":{"Mean":-12.160107568687604,"Sigma":0.008190176748388086,"Taucorr":3.885780586188048e-16},"EnergyVariance":{"Mean":0.022112299001356247,"Sigma":0.002893609187035676,"Taucorr":5.551115123125783e-17},"Iteration":37},
{"Acceptance":[0.03923809523809524],"Energy":{"Mean":-12.085328316915367,"Sigma":0.007244883195604659,"Taucorr":5.551115123125783e-17},"EnergyVariance":{"Mean":0.00963681179751994,"Sigma":0.0006734137993660675,"Taucorr":5.551115123125783e-17},"Iteration":38},
{"Acceptance":[0.01904761904761905],"Energy":{"Mean":-9.217660582128532,"Sigma":0.12083742999843539,"Taucorr":null},"EnergyVariance":{"Mean":3.217928203804129,"Sigma":0.22175150045139147,"Taucorr":null},"Iteration":39},
{"Acceptance":[0.02095238095238095],"Energy":{"Mean":-11.865960558165186,"Sigma":0.08657506174279554,"Taucorr":-8.326672684688674e-17},"EnergyVariance":{"Mean":0.7975980085754678,"Sigma":0.3160016985570639,"Taucorr":0.0},"Iteration":40},
{"Acceptance":[0.027047619047619046],"Energy":{"Mean":-12.043638785397595,"Sigma":0.004766807513830964,"Taucorr":-3.0531133177191805e-16},"EnergyVariance":{"Mean":0.004564825911167261,"Sigma":0.0005207760690026578,"Taucorr":5.551115123125783e-17},"Iteration":41},
{"Acceptance":[0.021333333333333333],"Energy":{"Mean":-11.932705098020957,"Sigma":0.04584490731667002,"Taucorr":-1.2212453270876722e-15},"EnergyVariance":{"Mean":0.23494262372613697,"Sigma":0.07043644205167048,"Taucorr":-2.7755575615628914e-17},"Iteration":42},
{"Acceptance":[0.008761904761904762],"Energy":{"Mean":-12.005880442314076,"Sigma":0.001776447436306473,"Taucorr":null},"EnergyVariance":{"Mean":0.0007480610870205973,"Sigma":0.00013695474672499616,"Taucorr":null},"Iteration":43},
{"Acceptance":[0.006095238095238095],"Energy":{"Mean":-12.010371829821324,"Sigma":0.0020437434758891235,"Taucorr":null},"EnergyVariance":{"Mean":0.0008612216180346099,"Sigma":0.00013881308375155504,"Taucorr":null},"Iteration":44},
{"Acceptance":[0.008761904761904762],"Energy":{"Mean":-12.006178462638829,"Sigma":0.0015178866421038252,"Taucorr":null},"EnergyVariance":{"Mean":0.0004951390997161,"Sigma":7.86710627637679e-05,"Taucorr":null},"Iteration":45},
{"Acceptance":[0.005333333333333333],"Energy":{"Mean":-12.006796256724543,"Sigma":0.0014167005440882444,"Taucorr":-4.746203430272544e-15},"EnergyVariance":{"Mean":0.00044048191853403643,"Sigma":6.700330248427334e-05,"Taucorr":-2.7755575615628914e-17},"Iteration":46},
{"Acceptance":[0.004952380952380952],"Energy":{"Mean":-12.000738479676752,"Sigma":0.0007564121501048646,"Taucorr":null},"EnergyVariance":{"Mean":0.0001534669588010394,"Sigma":7.998492248021195e-05,"Taucorr":null},"Iteration":47},
{"Acceptance":[0.0034285714285714284],"Energy":{"Mean":-11.999944462919544,"Sigma":4.1483243668985755e-05,"Taucorr":null},"EnergyVariance":{"Mean":2.460341428652815e-05,"Sigma":4.355287229337087e-06,"Taucorr":null},"Iteration":48},
{"Acceptance":[0.0015238095238095239],"Energy":{"Mean":-12.000576534109776,"Sigma":0.00021257257847296984,"Taucorr":null},"EnergyVariance":{"Mean":3.091838596914322e-05,"Sigma":6.98096283977207e-06,"Taucorr":null},"Iteration":49},
{"Acceptance":[0.002285714285714286],"Energy":{"Mean":-12.000518691949107,"Sigma":0.0,"Taucorr":null},"EnergyVariance":{"Mean":1.021271137975518e-05,"Sigma":0.0,"Taucorr":null},"Iteration":50},
{"Acceptance":[0.002285714285714286],"Energy":{"Mean":-12.002026991648966,"Sigma":0.0004052585647449959,"Taucorr":null},"EnergyVariance":{"Mean":2.5670601037124743e-05,"Sigma":7.720931399426009e-06,"Taucorr":null},"Iteration":51},
{"Acceptance":[0.0030476190476190477],"Energy":{"Mean":-12.001008061732355,"Sigma":8.97550254730844e-05,"Taucorr":null},"EnergyVariance":{"Mean":6.7796675440031455e-06,"Sigma":5.340783227436135e-07,"Taucorr":null},"Iteration":52},
{"Acceptance":[0.0],"Energy":{"Mean":-12.000999621665198,"Sigma":5.972371922510211e-06,"Taucorr":null},"EnergyVariance":{"Mean":4.7759008038465806e-06,"Sigma":1.1174508066795149e-07,"Taucorr":null},"Iteration":53},
{"Acceptance":[0.0026666666666666666],"Energy":{"Mean":-12.000721248451327,"Sigma":0.0003591385202804957,"Taucorr":null},"EnergyVariance":{"Mean":3.384174020939339e-05,"Sigma":1.7222136024321332e-05,"Taucorr":null},"Iteration":54},
{"Acceptance":[0.00038095238095238096],"Energy":{"Mean":-12.001152457288729,"Sigma":1.473786436422075e-05,"Taucorr":null},"EnergyVariance":{"Mean":3.799455148154965e-06,"Sigma":9.124727983531046e-07,"Taucorr":null},"Iteration":55},
{"Acceptance":[0.0030476190476190477],"Energy":{"Mean":-11.999889536297275,"Sigma":0.0004901241398355852,"Taucorr":null},"EnergyVariance":{"Mean":3.946162604324489e-05,"Sigma":1.1718440018141532e-05,"Taucorr":null},"Iteration":56},
{"Acceptance":[0.001142857142857143],"Energy":{"Mean":-11.999260751044336,"Sigma":0.0006704426735632513,"Taucorr":null},"EnergyVariance":{"Mean":6.278715213227842e-05,"Sigma":1.7018809432312885e-05,"Taucorr":null},"Iteration":57},
{"Acceptance":[0.0015238095238095239],"Energy":{"Mean":-11.999350117412533,"Sigma":0.0007674553073957385,"Taucorr":null},"EnergyVariance":{"Mean":7.053372387714187e-05,"Sigma":2.65015182250723e-05,"Taucorr":null},"Iteration":58},
{"Acceptance":[0.0019047619047619048],"Energy":{"Mean":-12.001272617528858,"Sigma":2.733590155476749e-05,"Taucorr":null},"EnergyVariance":{"Mean":3.5458651668352286e-06,"Sigma":1.117960051610944e-06,"Taucorr":null},"Iteration":59},
{"Acceptance":[0.0007619047619047619],"Energy":{"Mean":-11.994411988850333,"Sigma":0.0013688695730043993,"Taucorr":null},"EnergyVariance":{"Mean":0.0004079029874261457,"Sigma":6.121019782719869e-05,"Taucorr":null},"Iteration":60},
{"Acceptance":[0.0007619047619047619],"Energy":{"Mean":-11.998356225942963,"Sigma":0.001153091398015233,"Taucorr":null},"EnergyVariance":{"Mean":0.0002115872084278616,"Sigma":8.282489060477147e-05,"Taucorr":null},"Iteration":61},
{"Acceptance":[0.0],"Energy":{"Mean":-12.000583771073899,"Sigma":0.0005600516413930045,"Taucorr":null},"EnergyVariance":{"Mean":5.520448525698323e-05,"Sigma":5.4311418846014935e-05,"Taucorr":null},"Iteration":62},
{"Acceptance":[0.0007619047619047619],"Energy":{"Mean":-11.999529895106216,"Sigma":0.0008722328423099811,"Taucorr":null},"EnergyVariance":{"Mean":0.00019799856762358215,"Sigma":0.00010781503869267101,"Taucorr":null},"Iteration":63},
{"Acceptance":[0.0015238095238095239],"Energy":{"Mean":-11.999716810920717,"Sigma":0.000778044862892893,"Taucorr":null},"EnergyVariance":{"Mean":0.00022925772182056232,"Sigma":0.00012899300123218088,"Taucorr":null},"Iteration":64},
{"Acceptance":[0.001142857142857143],"Energy":{"Mean":-12.001028285872815,"Sigma":0.0,"Taucorr":null},"EnergyVariance":{"Mean":3.124516246401202e-07,"Sigma":0.0,"Taucorr":null},"Iteration":65},
{"Acceptance":[0.0007619047619047619],"Energy":{"Mean":-12.000739016823061,"Sigma":0.00025340089482434497,"Taucorr":null},"EnergyVariance":{"Mean":9.043316657778547e-05,"Sigma":9.010674077642175e-05,"Taucorr":null},"Iteration":66},
{"Acceptance":[0.0015238095238095239],"Energy":{"Mean":-11.999502680041573,"Sigma":0.00036800522678875994,"Taucorr":null},"EnergyVariance":{"Mean":0.0009468190735706865,"Sigma":0.00023601545915336822,"Taucorr":null},"Iteration":67},
{"Acceptance":[0.0015238095238095239],"Energy":{"Mean":-12.000920290657744,"Sigma":0.0,"Taucorr":null},"EnergyVariance":{"Mean":2.108900475378054e-07,"Sigma":0.0,"Taucorr":null},"Iteration":68},
{"Acceptance":[0.0],"Energy":{"Mean":-12.000841768659223,"Sigma":1.822799054842197e-05,"Taucorr":null},"EnergyVariance":{"Mean":0.00040115600427350213,"Sigma":0.0001636890185648235,"Taucorr":null},"Iteration":69},
{"Acceptance":[0.0],"Energy":{"Mean":-12.000853722054218,"Sigma":0.0,"Taucorr":null},"EnergyVariance":{"Mean":1.9833819583620456e-07,"Sigma":0.0,"Taucorr":null},"Iteration":70},
{"Acceptance":[0.0],"Energy":{"Mean":-12.000825140799408,"Sigma":0.0,"Taucorr":null},"EnergyVariance":{"Mean":1.9705319631304785e-07,"Sigma":0.0,"Taucorr":null},"Iteration":71},
{"Acceptance":[0.0],"Energy":{"Mean":-12.000800086197467,"Sigma":0.0,"Taucorr":null},"EnergyVariance":{"Mean":1.9567323449915017e-07,"Sigma":0.0,"Taucorr":null},"Iteration":72},
{"Acceptance":[0.0],"Energy":{"Mean":-12.000778066775297,"Sigma":0.0,"Taucorr":null},"EnergyVariance":{"Mean":1.9426109906985903e-07,"Sigma":0.0,"Taucorr":null},"Iteration":73},
{"Acceptance":[0.0],"Energy":{"Mean":-12.000758669603504,"Sigma":0.0,"Taucorr":null},"EnergyVariance":{"Mean":1.928600869040333e-07,"Sigma":0.0,"Taucorr":null},"Iteration":74},
{"Acceptance":[0.0],"Energy":{"Mean":-12.001134820619225,"Sigma":0.00018393734484255212,"Taucorr":null},"EnergyVariance":{"Mean":0.00017661470092319206,"Sigma":8.244205904891583e-05,"Taucorr":null},"Iteration":75},
{"Acceptance":[0.0007619047619047619],"Energy":{"Mean":-12.00072522224408,"Sigma":0.0,"Taucorr":null},"EnergyVariance":{"Mean":1.9530908690947644e-07,"Sigma":0.0,"Taucorr":null},"Iteration":76},
{"Acceptance":[0.0019047619047619048],"Energy":{"Mean":-12.000710713353714,"Sigma":0.0,"Taucorr":null},"EnergyVariance":{"Mean":1.9856151145311416e-07,"Sigma":0.0,"Taucorr":null},"Iteration":77},
{"Acceptance":[0.0],"Energy":{"Mean":-12.0006978017574,"Sigma":0.0,"Taucorr":null},"EnergyVariance":{"Mean":2.0134577738829305e-07,"Sigma":0.0,"Taucorr":null},"Iteration":78},
{"Acceptance":[0.0],"Energy":{"Mean":-12.000686298662577,"Sigma":0.0,"Taucorr":null},"EnergyVariance":{"Mean":2.0373602813903547e-07,"Sigma":0.0,"Taucorr":null},"Iteration":79},
{"Acceptance":[0.0],"Energy":{"Mean":-12.0006760398403,"Sigma":0.0,"Taucorr":null},"EnergyVariance":{"Mean":2.0579389254756032e-07,"Sigma":0.0,"Taucorr":null},"Iteration":80},
{"Acceptance":[0.0],"Energy":{"Mean":-12.000666882064504,"Sigma":0.0,"Taucorr":null},"EnergyVariance":{"Mean":2.0757063093296127e-07,"Sigma":0.0,"Taucorr":null},"Iteration":81},
{"Acceptance":[0.0030476190476190477],"Energy":{"Mean":-12.000658700120646,"Sigma":0.0,"Taucorr":null},"EnergyVariance":{"Mean":2.091089357991291e-07,"Sigma":0.0,"Taucorr":null},"Iteration":82},
{"Acceptance":[0.0],"Energy":{"Mean":-11.980663780140187,"Sigma":0.020016708239269102,"Taucorr":null},"EnergyVariance":{"Mean":0.039664109304359735,"Sigma":0.0392625671131906,"Taucorr":null},"Iteration":83},
{"Acceptance":[0.0],"Energy":{"Mean":-12.000591502842433,"Sigma":0.0,"Taucorr":null},"EnergyVariance":{"Mean":1.7408437818492755e-07,"Sigma":0.0,"Taucorr":null},"Iteration":84},
{"Acceptance":[0.0],"Energy":{"Mean":-12.000540507001505,"Sigma":0.0,"Taucorr":null},"EnergyVariance":{"Mean":1.462117760459187e-07,"Sigma":0.0,"Taucorr":null},"Iteration":85},
{"Acceptance":[0.0],"Energy":{"Mean":-12.000496938344956,"Sigma":0.0,"Taucorr":null},"EnergyVariance":{"Mean":1.2457031935640253e-07,"Sigma":0.0,"Taucorr":null},"Iteration":86},
{"Acceptance":[0.0],"Energy":{"Mean":-12.004703986351698,"Sigma":0.0006497871614028621,"Taucorr":null},"EnergyVariance":{"Mean":0.0001452347050164025,"Sigma":1.9460014031020357e-05,"Taucorr":null},"Iteration":87},
{"Acceptance":[0.0],"Energy":{"Mean":-12.000432364518618,"Sigma":0.0,"Taucorr":null},"EnergyVariance":{"Mean":1.0016086580768275e-07,"Sigma":0.0,"Taucorr":null},"Iteration":88},
{"Acceptance":[0.0],"Energy":{"Mean":-12.000408743791523,"Sigma":0.0,"Taucorr":null},"EnergyVariance":{"Mean":9.386852852856841e-08,"Sigma":0.0,"Taucorr":null},"Iteration":89},
{"Acceptance":[0.0007619047619047619],"Energy":{"Mean":-12.000388189698857,"Sigma":0.0,"Taucorr":null},"EnergyVariance":{"Mean":8.84891687421167e-08,"Sigma":0.0,"Taucorr":null},"Iteration":90},
{"Acceptance":[0.0],"Energy":{"Mean":-12.000370251831747,"Sigma":0.0,"Taucorr":null},"EnergyVariance":{"Mean":8.386699301058104e-08,"Sigma":0.0,"Taucorr":null},"Iteration":91},
{"Acceptance":[0.0],"Energy":{"Mean":-12.000354554608784,"Sigma":0.0,"Taucorr":null},"EnergyVariance":{"Mean":7.987723171326111e-08,"Sigma":0.0,"Taucorr":null},"Iteration":92},
{"Acceptance":[0.0],"Energy":{"Mean":-12.000716361866386,"Sigma":0.00025998235877385494,"Taucorr":null},"EnergyVariance":{"Mean":7.5453418923899455e-06,"Sigma":5.072483934283591e-06,"Taucorr":null},"Iteration":93},
{"Acceptance":[0.0],"Energy":{"Mean":-12.000329228214916,"Sigma":0.0,"Taucorr":null},"EnergyVariance":{"Mean":7.383119215790764e-08,"Sigma":0.0,"Taucorr":null},"Iteration":94},
{"Acceptance":[0.0],"Energy":{"Mean":-12.000319033393874,"Sigma":0.0,"Taucorr":null},"EnergyVariance":{"Mean":7.155801276501143e-08,"Sigma":0.0,"Taucorr":null},"Iteration":95},
{"Acceptance":[0.0],"Energy":{"Mean":-12.000310021770254,"Sigma":0.0,"Taucorr":null},"EnergyVariance":{"Mean":6.955641963977791e-08,"Sigma":0.0,"Taucorr":null},"Iteration":96},
{"Acceptance":[0.0],"Energy":{"Mean":-12.00030204215189,"Sigma":0.0,"Taucorr":null},"EnergyVariance":{"Mean":6.779007510401248e-08,"Sigma":0.0,"Taucorr":null},"Iteration":97},
{"Acceptance":[0.0],"Energy":{"Mean":-12.000294965091319,"Sigma":0.0,"Taucorr":null},"EnergyVariance":{"Mean":6.622821762678017e-08,"Sigma":0.0,"Taucorr":null},"Iteration":98},
{"Acceptance":[0.0007619047619047619],"Energy":{"Mean":-12.000288679357881,"Sigma":0.0,"Taucorr":null},"EnergyVariance":{"Mean":6.484467909755573e-08,"Sigma":0.0,"Taucorr":null},"Iteration":99} 
]}
{"input": {"L": 20, "J": 1, "machine": {"type": "FFNN", "model": ["tanh", 32, 3]}, "sampler": {"type": "MetropolisHop", "d_max": 5}, "optimizer": {"type": "AdaMax", "alpha": 0.001, "beta1": 0.9, "beta2": 0.999, "epscut": 1e-07}, "VMC": {"n_samples": 100, "discarded_samples": 100, "discarded_samples_on_init": 0, "target": "energy", "method": "Gd", "diag_shift": 0.01, "use_iterative": true, "use_cholesky": true}, "n_iter": 100}}
duration: -2.078472852706909