{"Output": [
{"Acceptance":[0.861],"Energy":{"Mean":12.468510860566893,"Sigma":0.3230257528190852,"Taucorr":0.02846938482539052},"EnergyVariance":{"Mean":9.606397462329415,"Sigma":1.5713208566864372,"Taucorr":-0.027051299324755806},"Iteration":0},
{"Acceptance":[0.8066666666666666],"Energy":{"Mean":11.513571288756857,"Sigma":0.34584158655024183,"Taucorr":0.03616425126595557},"EnergyVariance":{"Mean":11.204602040519827,"Sigma":1.425073788184085,"Taucorr":-0.031215098434929256},"Iteration":1},
{"Acceptance":[0.7553333333333333],"Energy":{"Mean":11.103063061992575,"Sigma":0.4157266400682062,"Taucorr":0.26812706072921555},"EnergyVariance":{"Mean":11.754105898687408,"Sigma":1.6944501383397972,"Taucorr":0.20271051289890363},"Iteration":2},
{"Acceptance":[0.728],"Energy":{"Mean":10.63712576491571,"Sigma":0.3232325103238953,"Taucorr":0.06209490570233578},"EnergyVariance":{"Mean":10.618399110209696,"Sigma":1.1213568984009428,"Taucorr":-0.08701248867349476},"Iteration":3},
{"Acceptance":[0.6923333333333334],"Energy":{"Mean":10.464241796287137,"Sigma":0.32772546347652304,"Taucorr":-0.052659036891730515},"EnergyVariance":{"Mean":13.208936721845927,"Sigma":1.899462880654108,"Taucorr":-0.07784778320923808},"Iteration":4},
{"Acceptance":[0.6506666666666666],"Energy":{"Mean":9.966347462983343,"Sigma":0.4242329269502155,"Taucorr":0.19781669160097226},"EnergyVariance":{"Mean":15.152011597864256,"Sigma":1.4457098175298493,"Taucorr":-0.1101612750664524},"Iteration":5},
{"Acceptance":[0.631],"Energy":{"Mean":8.820008369489337,"Sigma":0.41787026245902054,"Taucorr":0.09710932359384983},"EnergyVariance":{"Mean":16.74295627203352,"Sigma":2.265940282045411,"Taucorr":-0.09492160588981663},"Iteration":6},
{"Acceptance":[0.5966666666666667],"Energy":{"Mean":8.979328225183409,"Sigma":0.42985170246212717,"Taucorr":0.27134837106447696},"EnergyVariance":{"Mean":15.528432427154879,"Sigma":1.7882794185837658,"Taucorr":0.13105438052880936},"Iteration":7},
{"Acceptance":[0.5766666666666667],"Energy":{"Mean":7.959592653549766,"Sigma":0.43874364865282106,"Taucorr":0.20822370272109292},"EnergyVariance":{"Mean":17.288106486450857,"Sigma":2.119812902678125,"Taucorr":-0.04994710065310215},"Iteration":8},
{"Acceptance":[0.498],"Energy":{"Mean":5.6091870616652955,"Sigma":0.41226105750741043,"Taucorr":0.21857041044963044},"EnergyVariance":{"Mean":15.07939436074238,"Sigma":2.054472905141893,"Taucorr":0.13263965349043205},"Iteration":9},
{"Acceptance":[0.5116666666666667],"Energy":{"Mean":6.13388134144855,"Sigma":0.5307692958060509,"Taucorr":0.2039594606301829},"EnergyVariance":{"Mean":23.55399697528537,"Sigma":2.8756112944456604,"Taucorr":0.027785988520829807},"Iteration":10},
{"Acceptance":[0.4766666666666667],"Energy":{"Mean":5.3264034015388235,"Sigma":0.5466748704771215,"Taucorr":0.5660109320333706},"EnergyVariance":{"Mean":19.431893495007877,"Sigma":2.0932728066701305,"Taucorr":0.17936179119360807},"Iteration":11},
{"Acceptance":[0.44133333333333336],"Energy":{"Mean":4.036418009852192,"Sigma":0.5138652181579878,"Taucorr":0.27927165452463654},"EnergyVariance":{"Mean":21.050522186790523,"Sigma":3.7086698331497874,"Taucorr":-0.020765679527743552},"Iteration":12},
{"Acceptance":[0.4156666666666667],"Energy":{"Mean":3.135381843646372,"Sigma":0.45979456458281537,"Taucorr":0.36248306000392794},"EnergyVariance":{"Mean":21.079964705982714,"Sigma":2.2607286331793506,"Taucorr":-0.0426228432928657},"Iteration":13},
{"Acceptance":[0.41],"Energy":{"Mean":2.146198619536614,"Sigma":0.5560923840851436,"Taucorr":0.5837104838594775},"EnergyVariance":{"Mean":19.960216521058495,"Sigma":3.8442915187330438,"Taucorr":0.5658998996290538},"Iteration":14},
{"Acceptance":[0.37266666666666665],"Energy":{"Mean":1.6434686703331818,"Sigma":0.5100085094078605,"Taucorr":0.33993902039472035},"EnergyVariance":{"Mean":23.356551178744503,"Sigma":3.5069542938224565,"Taucorr":-0.07912588486865063},"Iteration":15},
{"Acceptance":[0.364],"Energy":{"Mean":1.4814973471878792,"Sigma":0.5052042770197608,"Taucorr":0.4464556350420148},"EnergyVariance":{"Mean":21.465518989101003,"Sigma":3.7232350316845424,"Taucorr":0.31234707769758685},"Iteration":16},
{"Acceptance":[0.3636666666666667],"Energy":{"Mean":1.2076035695317227,"Sigma":0.3505204524177917,"Taucorr":0.07134572120006788},"EnergyVariance":{"Mean":21.012974064543222,"Sigma":2.469739598282207,"Taucorr":-0.07484507429499337},"Iteration":17},
{"Acceptance":[0.3466666666666667],"Energy":{"Mean":0.8576405832759678,"Sigma":0.42942409077051485,"Taucorr":0.32321821885271684},"EnergyVariance":{"Mean":20.05370598150025,"Sigma":2.601867392131703,"Taucorr":-0.1252538414583298},"Iteration":18},
{"Acceptance":[0.346],"Energy":{"Mean":0.5992671395867433,"Sigma":0.39388979179838307,"Taucorr":0.03556076100410566},"EnergyVariance":{"Mean":20.38109553975562,"Sigma":2.2421859020666557,"Taucorr":-0.05456183065610776},"Iteration":19},
{"Acceptance":[0.28633333333333333],"Energy":{"Mean":-1.3683625555750991,"Sigma":0.43951351717349124,"Taucorr":0.5330822679274221},"EnergyVariance":{"Mean":16.015484420286562,"Sigma":3.7510627324704173,"Taucorr":0.8756545795606641},"Iteration":20},
{"Acceptance":[0.32],"Energy":{"Mean":-1.031301886282287,"Sigma":0.39870283078825103,"Taucorr":0.39937077240844887},"EnergyVariance":{"Mean":21.496246865777103,"Sigma":3.129309092680146,"Taucorr":0.11122435196514946},"Iteration":21},
{"Acceptance":[0.2816666666666667],"Energy":{"Mean":-0.9667533657128116,"Sigma":0.5508958111836334,"Taucorr":0.7337048285653809},"EnergyVariance":{"Mean":21.090401296861316,"Sigma":4.893647039575475,"Taucorr":0.5132428692655695},"Iteration":22},
{"Acceptance":[0.2613333333333333],"Energy":{"Mean":-2.2492186470750815,"Sigma":0.3756556289254994,"Taucorr":0.30402631597285157},"EnergyVariance":{"Mean":17.398027823172193,"Sigma":2.6996159003645315,"Taucorr":0.10997571471603462},"Iteration":23},
{"Acceptance":[0.2703333333333333],"Energy":{"Mean":-2.8844866430393137,"Sigma":0.32394305898281894,"Taucorr":0.28472161400308205},"EnergyVariance":{"Mean":19.311151852462743,"Sigma":3.50592195470452,"Taucorr":0.11222172248013429},"Iteration":24},
{"Acceptance":[0.2673333333333333],"Energy":{"Mean":-2.9776632820158446,"Sigma":0.31751166927718294,"Taucorr":0.12208114815386428},"EnergyVariance":{"Mean":16.339393962489357,"Sigma":2.4006881737853965,"Taucorr":0.10513443798003852},"Iteration":25},
{"Acceptance":[0.226],"Energy":{"Mean":-3.6191137359102816,"Sigma":0.31003482932091,"Taucorr":0.3046277258798379},"EnergyVariance":{"Mean":11.84672931104725,"Sigma":1.9588785584775417,"Taucorr":0.06547354409474115},"Iteration":26},
{"Acceptance":[0.24366666666666667],"Energy":{"Mean":-4.166574623141012,"Sigma":0.4092927346619506,"Taucorr":0.5497401812524163},"EnergyVariance":{"Mean":17.989706762552533,"Sigma":3.9872845118180424,"Taucorr":0.1380707597510089},"Iteration":27},
{"Acceptance":[0.22],"Energy":{"Mean":-4.661803624829848,"Sigma":0.26764808037731186,"Taucorr":0.3304948426499029},"EnergyVariance":{"Mean":11.796879481870388,"Sigma":2.0853536573533487,"Taucorr":-0.08608059421498893},"Iteration":28},
{"Acceptance":[0.19633333333333333],"Energy":{"Mean":-4.291235056885332,"Sigma":0.3671045299344533,"Taucorr":0.32602988632057694},"EnergyVariance":{"Mean":17.01389748226648,"Sigma":6.484469099727874,"Taucorr":0.4142963175354323},"Iteration":29},
{"Acceptance":[0.201],"Energy":{"Mean":-4.760742996736303,"Sigma":0.3089165881930247,"Taucorr":0.27204603546619255},"EnergyVariance":{"Mean":12.536305483082412,"Sigma":2.124088502064901,"Taucorr":0.10995043016054373},"Iteration":30},
{"Acceptance":[0.17733333333333334],"Energy":{"Mean":-4.952850360085334,"Sigma":0.2001170873468167,"Taucorr":-0.17635056611783217},"EnergyVariance":{"Mean":10.694849391413552,"Sigma":1.975543371568167,"Taucorr":0.009094157154494353},"Iteration":31},
{"Acceptance":[0.19133333333333333],"Energy":{"Mean":-5.482818703745119,"Sigma":0.42557687555064094,"Taucorr":0.2980934719405014},"EnergyVariance":{"Mean":25.009812050742497,"Sigma":8.841450606735284,"Taucorr":0.5347509186290162},"Iteration":32},
{"Acceptance":[0.18533333333333332],"Energy":{"Mean":-4.9765089309918045,"Sigma":0.4436722607617309,"Taucorr":0.4330543619831404},"EnergyVariance":{"Mean":15.661027032950198,"Sigma":3.877511559921551,"Taucorr":0.15515205947191135},"Iteration":33},
{"Acceptance":[0.20033333333333334],"Energy":{"Mean":-5.572968155224488,"Sigma":0.3233387677339944,"Taucorr":0.22039509239842514},"EnergyVariance":{"Mean":13.179648472217302,"Sigma":2.1403002231109385,"Taucorr":0.020857591855664714},"Iteration":34},
{"Acceptance":[0.19833333333333333],"Energy":{"Mean":-5.078697319638051,"Sigma":0.44794030999441614,"Taucorr":0.21025983409213533},"EnergyVariance":{"Mean":18.404729201754524,"Sigma":4.065673905285557,"Taucorr":0.021940178338129224},"Iteration":35},
{"Acceptance":[0.184],"Energy":{"Mean":-6.325332749586064,"Sigma":0.2581575374444281,"Taucorr":0.10115620219030763},"EnergyVariance":{"Mean":13.787281670612094,"Sigma":3.3806583143531466,"Taucorr":0.0848465667554199},"Iteration":36},
{"Acceptance":[0.17],"Energy":{"Mean":-6.298863987577008,"Sigma":0.3174866402200098,"Taucorr":0.06066634754706568},"EnergyVariance":{"Mean":13.540653958826912,"Sigma":3.0720096222004867,"Taucorr":0.12923289428459828},"Iteration":37},
{"Acceptance":[0.15766666666666668],"Energy":{"Mean":-6.772260533327343,"Sigma":0.1913442053880402,"Taucorr":0.07679618115895259},"EnergyVariance":{"Mean":4.6420052002814405,"Sigma":0.867393131219905,"Taucorr":-0.008141448193823675},"Iteration":38},
{"Acceptance":[0.181],"Energy":{"Mean":-6.622924847920743,"Sigma":0.35520931802085054,"Taucorr":0.19976861456684192},"EnergyVariance":{"Mean":15.940190835308318,"Sigma":4.043444346797814,"Taucorr":0.19486929230941896},"Iteration":39},
{"Acceptance":[0.15966666666666668],"Energy":{"Mean":-6.785728831944143,"Sigma":0.2952372601097368,"Taucorr":0.08000899982467569},"EnergyVariance":{"Mean":11.751633551074141,"Sigma":3.7002564654707135,"Taucorr":0.54044981928757},"Iteration":40},
{"Acceptance":[0.17933333333333334],"Energy":{"Mean":-6.918859665893191,"Sigma":0.2350938398984353,"Taucorr":0.23756936456694422},"EnergyVariance":{"Mean":5.718994853188547,"Sigma":1.3887679613050246,"Taucorr":-0.02493028591351587},"Iteration":41},
{"Acceptance":[0.19566666666666666],"Energy":{"Mean":-6.536320711807088,"Sigma":0.41142606768923906,"Taucorr":0.05285793301013142},"EnergyVariance":{"Mean":28.027715377668187,"Sigma":10.905826566884317,"Taucorr":0.5215955473738003},"Iteration":42},
{"Acceptance":[0.15933333333333333],"Energy":{"Mean":-6.5942863092069715,"Sigma":0.2707112982787833,"Taucorr":0.2021608999304242},"EnergyVariance":{"Mean":7.998597901178856,"Sigma":1.8130506104004283,"Taucorr":0.0865949156726542},"Iteration":43},
{"Acceptance":[0.15666666666666668],"Energy":{"Mean":-6.8362551961646005,"Sigma":0.31903028331955813,"Taucorr":0.2897927263669131},"EnergyVariance":{"Mean":10.978602173876126,"Sigma":3.408502642812447,"Taucorr":0.5739721369735238},"Iteration":44},
{"Acceptance":[0.168],"Energy":{"Mean":-7.735566836172697,"Sigma":0.42325863531332053,"Taucorr":0.5863244361465858},"EnergyVariance":{"Mean":10.874483562114087,"Sigma":3.5837721793212225,"Taucorr":0.320089905778424},"Iteration":45},
{"Acceptance":[0.16733333333333333],"Energy":{"Mean":-6.90558480908427,"Sigma":0.2881900619775713,"Taucorr":0.06177134223345593},"EnergyVariance":{"Mean":9.51325093911061,"Sigma":1.9669609011435267,"Taucorr":0.004728833068280536},"Iteration":46},
{"Acceptance":[0.168],"Energy":{"Mean":-7.7678888314858074,"Sigma":0.27228631848076207,"Taucorr":-0.041123006092009584},"EnergyVariance":{"Mean":16.087207169066854,"Sigma":9.035262265451616,"Taucorr":0.04242954558306866},"Iteration":47},
{"Acceptance":[0.16266666666666665],"Energy":{"Mean":-7.351754599118788,"Sigma":0.344545177407771,"Taucorr":0.10640966397897667},"EnergyVariance":{"Mean":12.41865247182037,"Sigma":3.0652934419367757,"Taucorr":0.20470929245475866},"Iteration":48},
{"Acceptance":[0.16766666666666666],"Energy":{"Mean":-8.288287126303345,"Sigma":0.5266120751820709,"Taucorr":0.0973378834075348},"EnergyVariance":{"Mean":41.512206220001,"Sigma":16.689069311344404,"Taucorr":0.3214425269528658},"Iteration":49},
{"Acceptance":[0.16033333333333333],"Energy":{"Mean":-8.357504833972984,"Sigma":0.5083366459495079,"Taucorr":0.345302498697186},"EnergyVariance":{"Mean":25.674428630298138,"Sigma":14.590945169548641,"Taucorr":0.5645720369066065},"Iteration":50},
{"Acceptance":[0.17566666666666667],"Energy":{"Mean":-7.143291936245026,"Sigma":0.2918371705064122,"Taucorr":0.1898011456548634},"EnergyVariance":{"Mean":6.744143845429089,"Sigma":1.2875564545960294,"Taucorr":0.1609314497106542},"Iteration":51},
{"Acceptance":[0.184],"Energy":{"Mean":-7.900584307513737,"Sigma":0.3447751364295694,"Taucorr":0.23481826060477617},"EnergyVariance":{"Mean":11.239805106373776,"Sigma":3.1123059933069674,"Taucorr":0.43184579376465915},"Iteration":52},
{"Acceptance":[0.17933333333333334],"Energy":{"Mean":-7.668456923657656,"Sigma":0.4449689718699767,"Taucorr":0.3948133490719805},"EnergyVariance":{"Mean":14.569748813586227,"Sigma":4.876006520387567,"Taucorr":0.015180825667962083},"Iteration":53},
{"Acceptance":[0.18533333333333332],"Energy":{"Mean":-7.518308127280869,"Sigma":0.3249326078260245,"Taucorr":-0.089714523577826},"EnergyVariance":{"Mean":19.311062263813085,"Sigma":7.216603149706671,"Taucorr":0.26802246763071624},"Iteration":54},
{"Acceptance":[0.186],"Energy":{"Mean":-8.114633277853265,"Sigma":0.6042416655130618,"Taucorr":0.7254070158601589},"EnergyVariance":{"Mean":16.405173248683926,"Sigma":5.35142835553001,"Taucorr":0.39813462926543386},"Iteration":55},
{"Acceptance":[0.16066666666666668],"Energy":{"Mean":-8.517383788697048,"Sigma":0.4683104818194356,"Taucorr":0.05866603739824061},"EnergyVariance":{"Mean":32.27853383621725,"Sigma":16.059825405481906,"Taucorr":0.5717615078979865},"Iteration":56},
{"Acceptance":[0.18333333333333332],"Energy":{"Mean":-8.449433570184846,"Sigma":0.241876070329452,"Taucorr":-0.04487450295522161},"EnergyVariance":{"Mean":11.474579097433566,"Sigma":4.296184693844883,"Taucorr":0.04843689749924629},"Iteration":57},
{"Acceptance":[0.177],"Energy":{"Mean":-7.9826645325244545,"Sigma":0.24834146625612794,"Taucorr":0.018898699827475385},"EnergyVariance":{"Mean":6.9034745705014045,"Sigma":1.7107014975321655,"Taucorr":-0.06306466601812222},"Iteration":58},
{"Acceptance":[0.187],"Energy":{"Mean":-7.649072800398836,"Sigma":0.32381165595240724,"Taucorr":0.3265891148344572},"EnergyVariance":{"Mean":9.240734488410329,"Sigma":2.150127207553366,"Taucorr":-0.06473283511778816},"Iteration":59},
{"Acceptance":[0.187],"Energy":{"Mean":-7.507544102275927,"Sigma":0.48206023736853554,"Taucorr":0.28522080136219263},"EnergyVariance":{"Mean":16.153553752643344,"Sigma":6.134713036635449,"Taucorr":0.01820428699006338},"Iteration":60},
{"Acceptance":[0.171],"Energy":{"Mean":-9.030409154366472,"Sigma":0.36718926843788713,"Taucorr":0.23776780845844347},"EnergyVariance":{"Mean":10.595754316729076,"Sigma":2.3107871296621445,"Taucorr":0.06422867364956286},"Iteration":61},
{"Acceptance":[0.18033333333333335],"Energy":{"Mean":-7.201070878890498,"Sigma":0.3822503015126814,"Taucorr":0.46707351822847765},"EnergyVariance":{"Mean":7.63913455777544,"Sigma":2.365171833011759,"Taucorr":0.35463616671361875},"Iteration":62},
{"Acceptance":[0.189],"Energy":{"Mean":-8.434836613639545,"Sigma":0.25439724634540134,"Taucorr":-0.1111345398308966},"EnergyVariance":{"Mean":10.995609083602446,"Sigma":2.6223737945558887,"Taucorr":0.015624992166733298},"Iteration":63},
{"Acceptance":[0.17066666666666666],"Energy":{"Mean":-8.272004542805753,"Sigma":0.4349254734557371,"Taucorr":0.1306938163581436},"EnergyVariance":{"Mean":18.179985171172714,"Sigma":8.64341857477542,"Taucorr":-0.0024163862007377523},"Iteration":64},
{"Acceptance":[0.19966666666666666],"Energy":{"Mean":-9.179377091072453,"Sigma":0.21629810361754243,"Taucorr":-0.14548602353342005},"EnergyVariance":{"Mean":9.680125156905964,"Sigma":3.566026626903195,"Taucorr":0.5667589426789004},"Iteration":65},
{"Acceptance":[0.191],"Energy":{"Mean":-8.736027107978268,"Sigma":0.265150754980788,"Taucorr":0.04271748844308543},"EnergyVariance":{"Mean":7.784288837279361,"Sigma":2.005286385383744,"Taucorr":-0.01488805024279416},"Iteration":66},
{"Acceptance":[0.19133333333333333],"Energy":{"Mean":-8.065207459520437,"Sigma":0.3593051551738387,"Taucorr":0.33060686879729795},"EnergyVariance":{"Mean":7.716881846029599,"Sigma":2.1541875248847107,"Taucorr":0.1651323232050742},"Iteration":67},
{"Acceptance":[0.202],"Energy":{"Mean":-8.925384532527147,"Sigma":0.26715964177367296,"Taucorr":0.0016525108273957034},"EnergyVariance":{"Mean":8.800150830735507,"Sigma":1.8397559999874673,"Taucorr":-0.015850174031597275},"Iteration":68},
{"Acceptance":[0.19033333333333333],"Energy":{"Mean":-8.793723332919722,"Sigma":0.3348344919685112,"Taucorr":0.027626674218283576},"EnergyVariance":{"Mean":12.481505495982482,"Sigma":2.9248426253211353,"Taucorr":-0.01662257867991085},"Iteration":69},
{"Acceptance":[0.187],"Energy":{"Mean":-9.222321680637556,"Sigma":0.27206932163404784,"Taucorr":-0.11309493656914515},"EnergyVariance":{"Mean":10.624090500186933,"Sigma":2.667278054107938,"Taucorr":0.18925117600412855},"Iteration":70},
{"Acceptance":[0.19733333333333333],"Energy":{"Mean":-9.112222562503247,"Sigma":0.2947890634346831,"Taucorr":-0.14305892552586963},"EnergyVariance":{"Mean":13.491623763923574,"Sigma":3.1024574626313726,"Taucorr":0.19537147334269023},"Iteration":71},
{"Acceptance":[0.20033333333333334],"Energy":{"Mean":-8.515257369830447,"Sigma":0.3016663362287148,"Taucorr":0.03278823702008549},"EnergyVariance":{"Mean":10.015330096397754,"Sigma":4.390614345065736,"Taucorr":0.030043901117081218},"Iteration":72},
{"Acceptance":[0.18466666666666667],"Energy":{"Mean":-9.288998361178255,"Sigma":0.30107684975434296,"Taucorr":0.25570226220029246},"EnergyVariance":{"Mean":6.088489519213753,"Sigma":0.9761665449254683,"Taucorr":0.29224367533396844},"Iteration":73},
{"Acceptance":[0.203],"Energy":{"Mean":-8.945301298455753,"Sigma":0.38916710409816896,"Taucorr":0.14774243063254566},"EnergyVariance":{"Mean":12.614993640872521,"Sigma":3.014681654111027,"Taucorr":0.17300570538060034},"Iteration":74},
{"Acceptance":[0.22266666666666668],"Energy":{"Mean":-8.905991139840753,"Sigma":0.47629763430699273,"Taucorr":0.06657216018158107},"EnergyVariance":{"Mean":21.512595493408952,"Sigma":10.19304355459373,"Taucorr":0.28387477836725183},"Iteration":75},
{"Acceptance":[0.218],"Energy":{"Mean":-9.57751390195526,"Sigma":0.6113410834906369,"Taucorr":0.5420849339406744},"EnergyVariance":{"Mean":23.24393766257829,"Sigma":15.3061166711595,"Taucorr":0.9448715727052661},"Iteration":76},
{"Acceptance":[0.21666666666666667],"Energy":{"Mean":-9.55487320827333,"Sigma":0.37260386134194345,"Taucorr":0.16946061740584362},"EnergyVariance":{"Mean":10.470400934849492,"Sigma":1.967938994549169,"Taucorr":-0.07914054521335034},"Iteration":77},
{"Acceptance":[0.224],"Energy":{"Mean":-9.771465953187967,"Sigma":0.525249682552044,"Taucorr":0.444085026734917},"EnergyVariance":{"Mean":16.548390041519067,"Sigma":7.608983344415075,"Taucorr":0.038387493859435295},"Iteration":78},
{"Acceptance":[0.22266666666666668],"Energy":{"Mean":-9.110535681089749,"Sigma":0.3303136413370908,"Taucorr":0.14194354173405233},"EnergyVariance":{"Mean":8.635799584064896,"Sigma":1.6594438222499817,"Taucorr":-0.0200651498597067},"Iteration":79},
{"Acceptance":[0.23566666666666666],"Energy":{"Mean":-9.849031050223106,"Sigma":0.540903696484437,"Taucorr":0.21283306342470554},"EnergyVariance":{"Mean":22.595439723391006,"Sigma":6.278693697919077,"Taucorr":-0.008671324922938706},"Iteration":80},
{"Acceptance":[0.22233333333333333],"Energy":{"Mean":-9.314413796135282,"Sigma":0.4025626734833481,"Taucorr":0.3750281740348277},"EnergyVariance":{"Mean":9.243885641002477,"Sigma":2.324719443019421,"Taucorr":-0.034424490694948406},"Iteration":81},
{"Acceptance":[0.232],"Energy":{"Mean":-9.146565646575164,"Sigma":0.3731698802403462,"Taucorr":0.2517723299100275},"EnergyVariance":{"Mean":9.136469579188342,"Sigma":2.3811951323192813,"Taucorr":0.2234838657296051},"Iteration":82},
{"Acceptance":[0.23133333333333334],"Energy":{"Mean":-10.15222779456796,"Sigma":0.2235582329863793,"Taucorr":-0.12290559223168573},"EnergyVariance":{"Mean":6.642955734112337,"Sigma":1.2879050675883124,"Taucorr":0.04626285876416836},"Iteration":83},
{"Acceptance":[0.23566666666666666],"Energy":{"Mean":-10.304059241438013,"Sigma":0.385508737350595,"Taucorr":0.1012773177418016},"EnergyVariance":{"Mean":12.93433891431724,"Sigma":3.1143366947107127,"Taucorr":0.03954519949061874},"Iteration":84},
{"Acceptance":[0.236],"Energy":{"Mean":-9.885081457270894,"Sigma":0.3292507195215891,"Taucorr":0.2508206817035784},"EnergyVariance":{"Mean":7.081985723205199,"Sigma":1.5346492781519507,"Taucorr":0.1356515378079215},"Iteration":85},
{"Acceptance":[0.252],"Energy":{"Mean":-9.646529116666926,"Sigma":0.3136615178761173,"Taucorr":-0.08471899100288072},"EnergyVariance":{"Mean":11.55947612719485,"Sigma":2.1137098620116395,"Taucorr":-0.11282505425884154},"Iteration":86},
{"Acceptance":[0.24733333333333332],"Energy":{"Mean":-9.536350917536792,"Sigma":0.39346647445085775,"Taucorr":0.21367987928765997},"EnergyVariance":{"Mean":10.554986426302328,"Sigma":3.028777247229839,"Taucorr":-0.009906070828010982},"Iteration":87},
{"Acceptance":[0.22366666666666668],"Energy":{"Mean":-9.868601596719335,"Sigma":0.44454779164929464,"Taucorr":0.48657438611089454},"EnergyVariance":{"Mean":9.69622013940424,"Sigma":1.7919296609956339,"Taucorr":0.17273131809373854},"Iteration":88},
{"Acceptance":[0.23933333333333334],"Energy":{"Mean":-9.987767088943292,"Sigma":0.38387115419679707,"Taucorr":0.21186684660271704},"EnergyVariance":{"Mean":10.002208917061933,"Sigma":2.8102500151133265,"Taucorr":0.3583457554227667},"Iteration":89},
{"Acceptance":[0.23466666666666666],"Energy":{"Mean":-10.670762933718587,"Sigma":0.405230270107707,"Taucorr":0.11906201210184086},"EnergyVariance":{"Mean":12.893750602480026,"Sigma":2.4680381351225957,"Taucorr":-0.03522096945964853},"Iteration":90},
{"Acceptance":[0.22033333333333333],"Energy":{"Mean":-10.681248590279106,"Sigma":0.6142661249004545,"Taucorr":0.30879955632373013},"EnergyVariance":{"Mean":24.292838598889894,"Sigma":10.975334182401255,"Taucorr":0.04300424362519084},"Iteration":91},
{"Acceptance":[0.24233333333333335],"Energy":{"Mean":-10.085753895382632,"Sigma":0.31197642941503323,"Taucorr":0.06671924105992566},"EnergyVariance":{"Mean":8.258492972340765,"Sigma":1.4975740834155382,"Taucorr":-0.0551307957423372},"Iteration":92},
{"Acceptance":[0.242],"Energy":{"Mean":-10.506137741026892,"Sigma":0.3165671706933355,"Taucorr":0.03720409876221109},"EnergyVariance":{"Mean":8.97827112401983,"Sigma":1.4348558427386189,"Taucorr":-0.06947415126547524},"Iteration":93},
{"Acceptance":[0.22433333333333333],"Energy":{"Mean":-10.07168947354828,"Sigma":0.39173305229023225,"Taucorr":0.07274637891293079},"EnergyVariance":{"Mean":13.604928950898811,"Sigma":3.5081491101858475,"Taucorr":0.016705386022018653},"Iteration":94},
{"Acceptance":[0.23133333333333334],"Energy":{"Mean":-9.961569510918455,"Sigma":0.4281904373075543,"Taucorr":-0.04406227373522542},"EnergyVariance":{"Mean":19.800887684196198,"Sigma":7.910495531691215,"Taucorr":-0.03808791857815458},"Iteration":95},
{"Acceptance":[0.23333333333333334],"Energy":{"Mean":-10.179197739676898,"Sigma":0.3758957568795027,"Taucorr":0.19649091570898936},"EnergyVariance":{"Mean":9.711768484570811,"Sigma":1.923749671518762,"Taucorr":0.20764112401307588},"Iteration":96},
{"Acceptance":[0.236],"Energy":{"Mean":-10.280057425332213,"Sigma":0.34781751231846214,"Taucorr":0.07709689486963289},"EnergyVariance":{"Mean":11.104607238734454,"Sigma":3.968282178855349,"Taucorr":0.09226081966779642},"Iteration":97},
{"Acceptance":[0.21933333333333332],"Energy":{"Mean":-11.19862808494599,"Sigma":0.45849673890915404,"Taucorr":0.21688894319697238},"EnergyVariance":{"Mean":14.012185239628021,"Sigma":4.234602076730076,"Taucorr":0.43137829284672413},"Iteration":98},
{"Acceptance":[0.23233333333333334],"Energy":{"Mean":-10.591400891711238,"Sigma":0.35201304270265465,"Taucorr":0.09096959037000885},"EnergyVariance":{"Mean":10.020047607479476,"Sigma":2.3634194222827727,"Taucorr":0.526110805546504},"Iteration":99} 
]}
{"input": {"L": 14, "J": 1, "machine": {"type": "FFNN", "model": ["tanh", 28, 1]}, "sampler": {"type": "MetropolisHop", "d_max": 5}, "optimizer": {"type": "AdaMax", "alpha": 0.001, "beta1": 0.9, "beta2": 0.999, "epscut": 1e-07}, "VMC": {"n_samples": 100, "discarded_samples": 100, "discarded_samples_on_init": 0, "target": "energy", "method": "Gd", "diag_shift": 0.01, "use_iterative": true, "use_cholesky": true}, "n_iter": 100}}
duration: -0.3398594856262207