{"Output": [
{"Acceptance":[0.858],"Energy":{"Mean":12.247184172964896,"Sigma":0.25740704331338476,"Taucorr":-0.11023284431441421},"EnergyVariance":{"Mean":8.305060449163324,"Sigma":1.0660687965542683,"Taucorr":0.0737992869314934},"Iteration":0},
{"Acceptance":[0.79],"Energy":{"Mean":11.720619511651321,"Sigma":0.35956983425927175,"Taucorr":0.27488558803881624},"EnergyVariance":{"Mean":9.015275586974155,"Sigma":1.268784808219583,"Taucorr":0.15266721368253644},"Iteration":1},
{"Acceptance":[0.7296666666666667],"Energy":{"Mean":10.19779261489102,"Sigma":0.3165870315217509,"Taucorr":-0.056096026413745614},"EnergyVariance":{"Mean":12.355842815653372,"Sigma":1.2189185422781976,"Taucorr":-0.07078501893495481},"Iteration":2},
{"Acceptance":[0.6893333333333334],"Energy":{"Mean":9.863176288478396,"Sigma":0.4530295637444701,"Taucorr":0.48807164861061225},"EnergyVariance":{"Mean":12.429135387902054,"Sigma":1.1822518422884756,"Taucorr":-0.059036663060901884},"Iteration":3},
{"Acceptance":[0.6396666666666667],"Energy":{"Mean":8.662206288145619,"Sigma":0.389279443727283,"Taucorr":0.23761234467856618},"EnergyVariance":{"Mean":13.496932948996356,"Sigma":1.7613845738280525,"Taucorr":0.15413447889505616},"Iteration":4},
{"Acceptance":[0.6136666666666667],"Energy":{"Mean":8.224302051834927,"Sigma":0.4324216291920587,"Taucorr":0.22286041076463048},"EnergyVariance":{"Mean":16.66125991141723,"Sigma":2.0340747361973843,"Taucorr":0.14342614042357316},"Iteration":5},
{"Acceptance":[0.5396666666666666],"Energy":{"Mean":6.551005561662583,"Sigma":0.41436443411053153,"Taucorr":0.3938803464887739},"EnergyVariance":{"Mean":15.094750462060164,"Sigma":1.4928677995246644,"Taucorr":-0.14428920796941547},"Iteration":6},
{"Acceptance":[0.5253333333333333],"Energy":{"Mean":5.9586358959865615,"Sigma":0.4232381177166156,"Taucorr":0.23180118455024135},"EnergyVariance":{"Mean":18.129360644435895,"Sigma":2.114135393230064,"Taucorr":0.2755968282736896},"Iteration":7},
{"Acceptance":[0.48233333333333334],"Energy":{"Mean":5.420572189145064,"Sigma":0.4192868936482053,"Taucorr":0.253780071805902},"EnergyVariance":{"Mean":20.54871726613434,"Sigma":2.1059991603867894,"Taucorr":-0.05763121272232141},"Iteration":8},
{"Acceptance":[0.44866666666666666],"Energy":{"Mean":4.402629527456535,"Sigma":0.5039626127930622,"Taucorr":0.6588656697450153},"EnergyVariance":{"Mean":18.919468108186543,"Sigma":3.0380088782355545,"Taucorr":0.4197046556766728},"Iteration":9},
{"Acceptance":[0.44466666666666665],"Energy":{"Mean":3.42717653200466,"Sigma":0.392334375312063,"Taucorr":0.22639788910516423},"EnergyVariance":{"Mean":20.293832526807265,"Sigma":2.72494518145285,"Taucorr":0.32245250369470435},"Iteration":10},
{"Acceptance":[0.416],"Energy":{"Mean":2.3178758509971016,"Sigma":0.4888766902285681,"Taucorr":0.5303073010494677},"EnergyVariance":{"Mean":21.11106534702446,"Sigma":2.1423927570764674,"Taucorr":0.0959663328930811},"Iteration":11},
{"Acceptance":[0.37366666666666665],"Energy":{"Mean":0.9110814918308493,"Sigma":0.31687419219350704,"Taucorr":0.1335784062545078},"EnergyVariance":{"Mean":16.11841617626051,"Sigma":2.077858914494559,"Taucorr":0.3182171398720207},"Iteration":12},
{"Acceptance":[0.35833333333333334],"Energy":{"Mean":0.935261936537866,"Sigma":0.44693870576756783,"Taucorr":0.5543161707792921},"EnergyVariance":{"Mean":20.202124031685905,"Sigma":4.031576840619593,"Taucorr":0.301836922869115},"Iteration":13},
{"Acceptance":[0.335],"Energy":{"Mean":-0.49815671329032596,"Sigma":0.3410976343007443,"Taucorr":0.2494554667008403},"EnergyVariance":{"Mean":17.499514885632962,"Sigma":1.922351784748433,"Taucorr":-0.09101924404979417},"Iteration":14},
{"Acceptance":[0.335],"Energy":{"Mean":-0.5218277841393621,"Sigma":0.4215803312046452,"Taucorr":0.4618107243041658},"EnergyVariance":{"Mean":25.215499581557292,"Sigma":3.23090073651521,"Taucorr":0.013263385696387853},"Iteration":15},
{"Acceptance":[0.29733333333333334],"Energy":{"Mean":-1.8571110301321638,"Sigma":0.44185466881784835,"Taucorr":0.626772293270571},"EnergyVariance":{"Mean":24.67684585825117,"Sigma":4.238676929064017,"Taucorr":0.39974435905507233},"Iteration":16},
{"Acceptance":[0.2853333333333333],"Energy":{"Mean":-2.541939893939232,"Sigma":0.34456532459765016,"Taucorr":0.4763229633760462},"EnergyVariance":{"Mean":17.724984958085304,"Sigma":3.1130967759407038,"Taucorr":-0.021454820148202713},"Iteration":17},
{"Acceptance":[0.27566666666666667],"Energy":{"Mean":-2.8518849413296126,"Sigma":0.45562897877674413,"Taucorr":0.6511190712830504},"EnergyVariance":{"Mean":20.53014471559425,"Sigma":4.150783617407569,"Taucorr":0.4099682770461668},"Iteration":18},
{"Acceptance":[0.27666666666666667],"Energy":{"Mean":-3.4116045147465854,"Sigma":0.3675212335481981,"Taucorr":0.3226528046704207},"EnergyVariance":{"Mean":22.378358435514713,"Sigma":3.366614714218554,"Taucorr":0.1522044513959927},"Iteration":19},
{"Acceptance":[0.2633333333333333],"Energy":{"Mean":-3.798827630185206,"Sigma":0.2630339409990558,"Taucorr":-0.009898885785464384},"EnergyVariance":{"Mean":21.398987076992494,"Sigma":3.271876369300379,"Taucorr":0.2562962651947601},"Iteration":20},
{"Acceptance":[0.23666666666666666],"Energy":{"Mean":-4.973158768850371,"Sigma":0.3082695044749012,"Taucorr":0.28985019274864754},"EnergyVariance":{"Mean":12.514043868164107,"Sigma":3.3994730788580902,"Taucorr":0.34034053359503036},"Iteration":21},
{"Acceptance":[0.23566666666666666],"Energy":{"Mean":-4.654452544986139,"Sigma":0.2964358256308923,"Taucorr":0.04033138708226924},"EnergyVariance":{"Mean":18.662459082858167,"Sigma":4.273100226567056,"Taucorr":0.3395561244564619},"Iteration":22},
{"Acceptance":[0.22666666666666666],"Energy":{"Mean":-5.493190340489164,"Sigma":0.33135203635062793,"Taucorr":0.5404728770976408},"EnergyVariance":{"Mean":11.294425177924913,"Sigma":1.9123850081277383,"Taucorr":-0.013932013957461964},"Iteration":23},
{"Acceptance":[0.221],"Energy":{"Mean":-6.645165128604385,"Sigma":0.25425824530541125,"Taucorr":0.15418335852050824},"EnergyVariance":{"Mean":18.59851160983267,"Sigma":4.663579725174591,"Taucorr":0.34426202226879554},"Iteration":24},
{"Acceptance":[0.216],"Energy":{"Mean":-6.254896532265004,"Sigma":0.27807238013293695,"Taucorr":0.132375242038133},"EnergyVariance":{"Mean":12.015655541404069,"Sigma":2.5188484796180104,"Taucorr":0.04849591768869832},"Iteration":25},
{"Acceptance":[0.217],"Energy":{"Mean":-5.9240225779694295,"Sigma":0.2709988658998478,"Taucorr":0.17717965191991436},"EnergyVariance":{"Mean":10.412328279774835,"Sigma":1.5870099686158903,"Taucorr":0.02566806790057219},"Iteration":26},
{"Acceptance":[0.20133333333333334],"Energy":{"Mean":-6.949251360367279,"Sigma":0.270028121566399,"Taucorr":0.07716528040513815},"EnergyVariance":{"Mean":12.274893164212154,"Sigma":1.8876028302670287,"Taucorr":0.026696841950152872},"Iteration":27},
{"Acceptance":[0.22166666666666668],"Energy":{"Mean":-6.883957933364388,"Sigma":0.3245856735254003,"Taucorr":0.04530501353777927},"EnergyVariance":{"Mean":17.619991205626135,"Sigma":4.890689787581678,"Taucorr":0.1415601780561363},"Iteration":28},
{"Acceptance":[0.22166666666666668],"Energy":{"Mean":-7.226815930391956,"Sigma":0.3486658360780317,"Taucorr":-0.08588434780104504},"EnergyVariance":{"Mean":19.809728850390226,"Sigma":4.868857589619123,"Taucorr":0.17347558376906613},"Iteration":29},
{"Acceptance":[0.23266666666666666],"Energy":{"Mean":-7.1878107594103735,"Sigma":0.44270447298928794,"Taucorr":0.10699922725662314},"EnergyVariance":{"Mean":22.503170184548726,"Sigma":5.049126433805155,"Taucorr":-0.022913660914152423},"Iteration":30},
{"Acceptance":[0.20533333333333334],"Energy":{"Mean":-8.025071327221351,"Sigma":0.398739416695995,"Taucorr":0.24318188604739377},"EnergyVariance":{"Mean":16.229632369559145,"Sigma":3.752553587424657,"Taucorr":0.3078794048401884},"Iteration":31},
{"Acceptance":[0.216],"Energy":{"Mean":-7.439600366226927,"Sigma":0.31968093641503625,"Taucorr":0.04086686002718565},"EnergyVariance":{"Mean":13.741194158592036,"Sigma":4.018283161123497,"Taucorr":0.008956982966499494},"Iteration":32},
{"Acceptance":[0.22166666666666668],"Energy":{"Mean":-8.884232855772506,"Sigma":0.5550022577365622,"Taucorr":0.49271989659986193},"EnergyVariance":{"Mean":22.326898518836142,"Sigma":5.110986374373659,"Taucorr":0.2719556377238662},"Iteration":33},
{"Acceptance":[0.23033333333333333],"Energy":{"Mean":-8.604520199438525,"Sigma":0.23709983497511247,"Taucorr":0.017039679807529073},"EnergyVariance":{"Mean":7.657509310858911,"Sigma":1.6468208462801357,"Taucorr":0.5998274814748599},"Iteration":34},
{"Acceptance":[0.22666666666666666],"Energy":{"Mean":-8.18242163971743,"Sigma":0.37952968265081355,"Taucorr":0.15332618651207397},"EnergyVariance":{"Mean":12.981073464476038,"Sigma":3.450721058408934,"Taucorr":0.3495617084765432},"Iteration":35},
{"Acceptance":[0.238],"Energy":{"Mean":-7.967979938032888,"Sigma":0.4212099056128265,"Taucorr":0.21092548811735068},"EnergyVariance":{"Mean":15.786092483406419,"Sigma":5.50754875313001,"Taucorr":0.5219627391413226},"Iteration":36},
{"Acceptance":[0.232],"Energy":{"Mean":-9.177147169460927,"Sigma":0.42448812694385213,"Taucorr":0.19412450089670286},"EnergyVariance":{"Mean":14.24337253850367,"Sigma":2.9497337252840943,"Taucorr":0.009727932814745821},"Iteration":37},
{"Acceptance":[0.221],"Energy":{"Mean":-9.058013923966433,"Sigma":0.4727243545236958,"Taucorr":0.28975499381872816},"EnergyVariance":{"Mean":16.539389299777312,"Sigma":6.020564499109751,"Taucorr":0.13050552585390318},"Iteration":38},
{"Acceptance":[0.22166666666666668],"Energy":{"Mean":-8.86314689873883,"Sigma":0.4922953977092917,"Taucorr":0.5391581385966391},"EnergyVariance":{"Mean":15.519916037638053,"Sigma":5.4265063374596485,"Taucorr":0.2076768987282107},"Iteration":39},
{"Acceptance":[0.219],"Energy":{"Mean":-9.158811194441864,"Sigma":0.3975239233301833,"Taucorr":0.1132287703219107},"EnergyVariance":{"Mean":14.53191144677941,"Sigma":3.8752892523707896,"Taucorr":-0.03116881068082944},"Iteration":40},
{"Acceptance":[0.21766666666666667],"Energy":{"Mean":-9.3164327247614,"Sigma":0.45755617274829274,"Taucorr":0.4579821424613486},"EnergyVariance":{"Mean":11.005718509086188,"Sigma":3.4238906542257763,"Taucorr":-0.03078801977172807},"Iteration":41},
{"Acceptance":[0.23933333333333334],"Energy":{"Mean":-8.700968066198367,"Sigma":0.34806129591464746,"Taucorr":0.42603734136905314},"EnergyVariance":{"Mean":6.847387859660383,"Sigma":1.4194950419482124,"Taucorr":0.2419696966576269},"Iteration":42},
{"Acceptance":[0.24466666666666667],"Energy":{"Mean":-9.287556013099364,"Sigma":0.6682765649779613,"Taucorr":0.4684201107936238},"EnergyVariance":{"Mean":27.942996145556076,"Sigma":9.43597232981799,"Taucorr":0.3258756857696222},"Iteration":43},
{"Acceptance":[0.22866666666666666],"Energy":{"Mean":-9.638253940112769,"Sigma":0.4373407369672533,"Taucorr":0.21428709118742229},"EnergyVariance":{"Mean":13.458555432615054,"Sigma":3.305621852691475,"Taucorr":0.1678599354303576},"Iteration":44},
{"Acceptance":[0.24433333333333335],"Energy":{"Mean":-9.625866715776741,"Sigma":0.41624696335340955,"Taucorr":0.39411351814133555},"EnergyVariance":{"Mean":9.774400159232048,"Sigma":3.0142150223123862,"Taucorr":0.10258368844290355},"Iteration":45},
{"Acceptance":[0.231],"Energy":{"Mean":-9.816445751839675,"Sigma":0.4162540239860948,"Taucorr":0.12571721745134512},"EnergyVariance":{"Mean":13.583674565579646,"Sigma":2.868151688784829,"Taucorr":-0.04302467091927742},"Iteration":46},
{"Acceptance":[0.248],"Energy":{"Mean":-9.976150516716647,"Sigma":0.5313771072401003,"Taucorr":0.294621279056387},"EnergyVariance":{"Mean":20.938583275136864,"Sigma":8.57143124283009,"Taucorr":0.0489582896750288},"Iteration":47},
{"Acceptance":[0.216],"Energy":{"Mean":-9.176012325630095,"Sigma":0.37639529603469557,"Taucorr":-0.012554804325897784},"EnergyVariance":{"Mean":19.776519068932597,"Sigma":10.010873915605728,"Taucorr":0.9576270220398644},"Iteration":48},
{"Acceptance":[0.22933333333333333],"Energy":{"Mean":-9.436432832790327,"Sigma":0.33787011027802377,"Taucorr":-0.0767279523172682},"EnergyVariance":{"Mean":15.182447808331853,"Sigma":5.563051786203593,"Taucorr":0.05320675749504544},"Iteration":49},
{"Acceptance":[0.209],"Energy":{"Mean":-9.598327428805451,"Sigma":0.4490308420353338,"Taucorr":0.44833904062484387},"EnergyVariance":{"Mean":11.539411820028855,"Sigma":3.257815222391709,"Taucorr":0.8381557460115532},"Iteration":50},
{"Acceptance":[0.21266666666666667],"Energy":{"Mean":-10.48837994004695,"Sigma":0.5003715814073714,"Taucorr":0.16695025939764996},"EnergyVariance":{"Mean":23.262173489412792,"Sigma":6.3816885447016025,"Taucorr":0.23616819277734757},"Iteration":51},
{"Acceptance":[0.187],"Energy":{"Mean":-10.162285463973964,"Sigma":0.2936327671326158,"Taucorr":0.14171775990870938},"EnergyVariance":{"Mean":6.967157379515431,"Sigma":1.1786812636261963,"Taucorr":0.11023356484274083},"Iteration":52},
{"Acceptance":[0.16933333333333334],"Energy":{"Mean":-10.44890611082273,"Sigma":0.3084961275408486,"Taucorr":0.08388358386475225},"EnergyVariance":{"Mean":10.69400322419303,"Sigma":1.9789313028563436,"Taucorr":0.30650719952332084},"Iteration":53},
{"Acceptance":[0.19033333333333333],"Energy":{"Mean":-10.336892270661638,"Sigma":0.3407751511505364,"Taucorr":0.2767677048634182},"EnergyVariance":{"Mean":8.06174383998548,"Sigma":1.577206856848471,"Taucorr":0.21610379853964434},"Iteration":54},
{"Acceptance":[0.21133333333333335],"Energy":{"Mean":-10.40351797677219,"Sigma":0.46855582023029624,"Taucorr":0.3501293856783946},"EnergyVariance":{"Mean":26.49107220195288,"Sigma":17.56488587575169,"Taucorr":0.011576985545687424},"Iteration":55},
{"Acceptance":[0.19666666666666666],"Energy":{"Mean":-10.563753827819477,"Sigma":0.42999876369746387,"Taucorr":0.3780690384681217},"EnergyVariance":{"Mean":10.62609947104787,"Sigma":2.5670752758090147,"Taucorr":0.37129382265677646},"Iteration":56},
{"Acceptance":[0.16066666666666668],"Energy":{"Mean":-10.28858477394723,"Sigma":0.4201746092424077,"Taucorr":0.023011970772524704},"EnergyVariance":{"Mean":19.079200972161114,"Sigma":10.077800849910581,"Taucorr":0.047001178591506654},"Iteration":57},
{"Acceptance":[0.165],"Energy":{"Mean":-10.124635659098962,"Sigma":0.3086533093930207,"Taucorr":0.236940049325986},"EnergyVariance":{"Mean":7.816678457156192,"Sigma":1.2754724793501915,"Taucorr":0.04962612267132538},"Iteration":58},
{"Acceptance":[0.16866666666666666],"Energy":{"Mean":-11.035851276034972,"Sigma":0.3713835260787825,"Taucorr":0.19952784191463002},"EnergyVariance":{"Mean":10.891307358477754,"Sigma":2.413428902862315,"Taucorr":0.168771852656331},"Iteration":59},
{"Acceptance":[0.16166666666666665],"Energy":{"Mean":-10.34148738535889,"Sigma":0.35464285992594746,"Taucorr":0.14725081131643203},"EnergyVariance":{"Mean":10.425578420068836,"Sigma":2.6365642619839305,"Taucorr":0.06952320743441398},"Iteration":60},
{"Acceptance":[0.14933333333333335],"Energy":{"Mean":-10.866090397790828,"Sigma":0.3571195670846031,"Taucorr":0.3068411774568708},"EnergyVariance":{"Mean":8.48023920013107,"Sigma":1.9322642355445798,"Taucorr":0.5190840295188097},"Iteration":61},
{"Acceptance":[0.16933333333333334],"Energy":{"Mean":-10.603680943595956,"Sigma":0.30446421000045465,"Taucorr":0.003635570947705058},"EnergyVariance":{"Mean":9.35794421053439,"Sigma":2.286355537176912,"Taucorr":0.46956402017915033},"Iteration":62},
{"Acceptance":[0.15333333333333332],"Energy":{"Mean":-10.471289899623915,"Sigma":0.279103812834617,"Taucorr":0.055808012639515625},"EnergyVariance":{"Mean":7.027510136680804,"Sigma":1.5190091900368083,"Taucorr":0.15398657039094188},"Iteration":63},
{"Acceptance":[0.15333333333333332],"Energy":{"Mean":-11.032860149724865,"Sigma":0.42567958793694793,"Taucorr":0.3227002853143296},"EnergyVariance":{"Mean":11.058637081341512,"Sigma":3.555122527671565,"Taucorr":0.47124519035172296},"Iteration":64},
{"Acceptance":[0.13666666666666666],"Energy":{"Mean":-10.084845766443147,"Sigma":0.5021749166465289,"Taucorr":0.3056327648033267},"EnergyVariance":{"Mean":19.691858423660737,"Sigma":9.266722375519,"Taucorr":0.030908400799412927},"Iteration":65},
{"Acceptance":[0.14566666666666667],"Energy":{"Mean":-11.649739602827058,"Sigma":0.24362486920428592,"Taucorr":-0.14831992545585465},"EnergyVariance":{"Mean":8.54167820482534,"Sigma":2.2149554396398625,"Taucorr":0.4149840210337752},"Iteration":66},
{"Acceptance":[0.13266666666666665],"Energy":{"Mean":-11.050431254709586,"Sigma":0.29644304087045925,"Taucorr":0.2039662472984155},"EnergyVariance":{"Mean":7.043816711274071,"Sigma":1.3334267360727317,"Taucorr":0.20794084380280498},"Iteration":67},
{"Acceptance":[0.149],"Energy":{"Mean":-10.56377999811898,"Sigma":0.4195986404933091,"Taucorr":0.23120262693412552},"EnergyVariance":{"Mean":12.276045626997758,"Sigma":2.4521937050444986,"Taucorr":-0.02367862566930795},"Iteration":68},
{"Acceptance":[0.15066666666666667],"Energy":{"Mean":-11.265061330417062,"Sigma":0.36311663934167976,"Taucorr":0.38503896485605027},"EnergyVariance":{"Mean":7.482769542075255,"Sigma":1.2801965511765199,"Taucorr":0.2162789224747157},"Iteration":69},
{"Acceptance":[0.13966666666666666],"Energy":{"Mean":-10.149004964852283,"Sigma":0.3206330175136385,"Taucorr":0.15525598762702597},"EnergyVariance":{"Mean":7.804263925853682,"Sigma":1.4039151334139817,"Taucorr":0.06617350572165492},"Iteration":70},
{"Acceptance":[0.14],"Energy":{"Mean":-11.128834990770086,"Sigma":0.36007741515792113,"Taucorr":-0.15881164630589378},"EnergyVariance":{"Mean":20.164831686237783,"Sigma":8.41984310737259,"Taucorr":0.17579082907906363},"Iteration":71},
{"Acceptance":[0.16433333333333333],"Energy":{"Mean":-10.979196213108091,"Sigma":0.5360208478917944,"Taucorr":0.44580000496572747},"EnergyVariance":{"Mean":15.267762191413452,"Sigma":3.888930217820512,"Taucorr":0.28714775037534},"Iteration":72},
{"Acceptance":[0.145],"Energy":{"Mean":-11.537392477023065,"Sigma":0.41417296788650243,"Taucorr":0.4224403822460099},"EnergyVariance":{"Mean":9.417067450978164,"Sigma":3.052121091481033,"Taucorr":0.6346950837324337},"Iteration":73},
{"Acceptance":[0.14433333333333334],"Energy":{"Mean":-11.4461585892276,"Sigma":0.45946855429654493,"Taucorr":0.31762919087721064},"EnergyVariance":{"Mean":12.45041584214942,"Sigma":4.128619948668223,"Taucorr":0.6080478619303697},"Iteration":74},
{"Acceptance":[0.15033333333333335],"Energy":{"Mean":-10.866162845403931,"Sigma":0.38353875974125656,"Taucorr":0.11768217689303995},"EnergyVariance":{"Mean":11.649277024875705,"Sigma":2.4543859633315326,"Taucorr":-0.004628590163953172},"Iteration":75},
{"Acceptance":[0.16066666666666668],"Energy":{"Mean":-11.497829269080206,"Sigma":0.4534769437279731,"Taucorr":0.15144164157522466},"EnergyVariance":{"Mean":15.834027686491362,"Sigma":4.283275035433968,"Taucorr":0.3225862617778342},"Iteration":76},
{"Acceptance":[0.145],"Energy":{"Mean":-10.767113935576544,"Sigma":0.3475796052909198,"Taucorr":0.3146541494073962},"EnergyVariance":{"Mean":7.343243992625097,"Sigma":1.5719929314934038,"Taucorr":0.5538605792837696},"Iteration":77},
{"Acceptance":[0.121],"Energy":{"Mean":-10.877560138666913,"Sigma":0.22160465903372095,"Taucorr":0.11715089556690916},"EnergyVariance":{"Mean":3.954657589762248,"Sigma":0.8889190223668052,"Taucorr":0.10836438848113616},"Iteration":78},
{"Acceptance":[0.139],"Energy":{"Mean":-10.889424569901035,"Sigma":0.377555071917929,"Taucorr":0.2552624776096536},"EnergyVariance":{"Mean":9.463322637555029,"Sigma":2.6711311267094673,"Taucorr":0.49595912730815095},"Iteration":79},
{"Acceptance":[0.11966666666666667],"Energy":{"Mean":-11.275859669127009,"Sigma":0.34829612324885373,"Taucorr":0.2586320905024835},"EnergyVariance":{"Mean":9.179214015025261,"Sigma":4.682676600865841,"Taucorr":0.18186198996835456},"Iteration":80},
{"Acceptance":[0.141],"Energy":{"Mean":-10.657618395976817,"Sigma":0.3869140203197842,"Taucorr":0.385946443552888},"EnergyVariance":{"Mean":8.240113460026901,"Sigma":2.17923331461429,"Taucorr":0.41987878778375587},"Iteration":81},
{"Acceptance":[0.14066666666666666],"Energy":{"Mean":-10.948406510900886,"Sigma":0.247681129922193,"Taucorr":0.06523369419541492},"EnergyVariance":{"Mean":5.423206940186515,"Sigma":1.3512548339840345,"Taucorr":0.09776609292788485},"Iteration":82},
{"Acceptance":[0.183],"Energy":{"Mean":-11.318801088515235,"Sigma":0.6069214555709803,"Taucorr":0.1370009810250723},"EnergyVariance":{"Mean":28.9883680743464,"Sigma":11.756563601840277,"Taucorr":-0.009903830663313296},"Iteration":83},
{"Acceptance":[0.14666666666666667],"Energy":{"Mean":-11.879507413206907,"Sigma":0.36989882672661134,"Taucorr":-0.045469112338428985},"EnergyVariance":{"Mean":15.042945369465516,"Sigma":7.228363364974254,"Taucorr":0.047731754705187646},"Iteration":84},
{"Acceptance":[0.154],"Energy":{"Mean":-11.122408656812542,"Sigma":0.39567246455583227,"Taucorr":0.31315345437441655},"EnergyVariance":{"Mean":9.840943890200494,"Sigma":2.7254604715531494,"Taucorr":0.5040574679362149},"Iteration":85},
{"Acceptance":[0.14133333333333334],"Energy":{"Mean":-11.409625696548611,"Sigma":0.6427547074913782,"Taucorr":0.7048528094449225},"EnergyVariance":{"Mean":18.789225745299586,"Sigma":6.895290290595969,"Taucorr":0.10178716344016714},"Iteration":86},
{"Acceptance":[0.17166666666666666],"Energy":{"Mean":-11.23243531716606,"Sigma":0.4521980456190526,"Taucorr":0.20959814178165947},"EnergyVariance":{"Mean":14.538240465878802,"Sigma":2.612098965238329,"Taucorr":0.21304056308170505},"Iteration":87},
{"Acceptance":[0.15966666666666668],"Energy":{"Mean":-11.256454140436396,"Sigma":0.3520389415512122,"Taucorr":0.23938385902271442},"EnergyVariance":{"Mean":8.292346533776751,"Sigma":1.8561461147896392,"Taucorr":0.18341657781286802},"Iteration":88},
{"Acceptance":[0.149],"Energy":{"Mean":-11.697037819384368,"Sigma":0.3859780585490622,"Taucorr":0.29916073352717043},"EnergyVariance":{"Mean":9.556806907950357,"Sigma":1.961529567424229,"Taucorr":0.21748547581150002},"Iteration":89},
{"Acceptance":[0.18366666666666667],"Energy":{"Mean":-12.498258891085314,"Sigma":0.6598566278922581,"Taucorr":0.2968518970610423},"EnergyVariance":{"Mean":28.06950143620257,"Sigma":6.580061819356406,"Taucorr":0.1552662557279696},"Iteration":90},
{"Acceptance":[0.149],"Energy":{"Mean":-10.63791592122292,"Sigma":0.2976614752596067,"Taucorr":0.3020356713553115},"EnergyVariance":{"Mean":5.71787663378431,"Sigma":1.3197293681606677,"Taucorr":0.3004683043365708},"Iteration":91},
{"Acceptance":[0.16366666666666665],"Energy":{"Mean":-11.272253210185381,"Sigma":0.38858764255857503,"Taucorr":0.24152251777279987},"EnergyVariance":{"Mean":9.850261218967544,"Sigma":1.775367656259996,"Taucorr":0.03144683485173472},"Iteration":92},
{"Acceptance":[0.196],"Energy":{"Mean":-11.889970998291302,"Sigma":0.3163130546786221,"Taucorr":-0.15836829294186966},"EnergyVariance":{"Mean":15.082274408254174,"Sigma":5.260123151019232,"Taucorr":0.1894937937610629},"Iteration":93},
{"Acceptance":[0.158],"Energy":{"Mean":-11.042781564664178,"Sigma":0.33069056751577725,"Taucorr":0.19859410492514007},"EnergyVariance":{"Mean":7.935579501589491,"Sigma":1.8485914678116038,"Taucorr":0.39226760412436346},"Iteration":94},
{"Acceptance":[0.197],"Energy":{"Mean":-11.321278611638702,"Sigma":0.40505093348517357,"Taucorr":0.32692843202677613},"EnergyVariance":{"Mean":10.025506631440436,"Sigma":1.2780782345333748,"Taucorr":-0.012060774368699512},"Iteration":95},
{"Acceptance":[0.16],"Energy":{"Mean":-10.701134615603628,"Sigma":0.40466962337436535,"Taucorr":0.4246771390458628},"EnergyVariance":{"Mean":8.559642842202974,"Sigma":1.7071961377687375,"Taucorr":0.2162321421137039},"Iteration":96},
{"Acceptance":[0.187],"Energy":{"Mean":-11.56722406229841,"Sigma":0.45767640042153235,"Taucorr":0.2256969642928054},"EnergyVariance":{"Mean":14.551420278444159,"Sigma":2.660833571466017,"Taucorr":0.033320291845580496},"Iteration":97},
{"Acceptance":[0.18233333333333332],"Energy":{"Mean":-11.75924360553607,"Sigma":0.34183038099446295,"Taucorr":-0.0022418307034385854},"EnergyVariance":{"Mean":11.62135332746876,"Sigma":2.209473003726931,"Taucorr":0.32633564218811584},"Iteration":98},
{"Acceptance":[0.19333333333333333],"Energy":{"Mean":-11.058051092624002,"Sigma":0.4475721218701598,"Taucorr":0.38068526488648946},"EnergyVariance":{"Mean":11.153714598500063,"Sigma":2.302226015791121,"Taucorr":0.12675123930092458},"Iteration":99} 
]}
{"input": {"L": 14, "J": 1, "machine": {"type": "FFNN", "model": ["tanh", 36, 2]}, "sampler": {"type": "MetropolisHop", "d_max": 5}, "optimizer": {"type": "AdaMax", "alpha": 0.001, "beta1": 0.9, "beta2": 0.999, "epscut": 1e-07}, "VMC": {"n_samples": 100, "discarded_samples": 100, "discarded_samples_on_init": 0, "target": "energy", "method": "Gd", "diag_shift": 0.01, "use_iterative": true, "use_cholesky": true}, "n_iter": 100}}
duration: -1.4565095901489258