{"Output": [
{"Acceptance":[0.7833333333333333],"Energy":{"Mean":12.110217145773202,"Sigma":0.3282011551371111,"Taucorr":0.22469810657211753},"EnergyVariance":{"Mean":7.303887309806259,"Sigma":0.911682239229521,"Taucorr":-0.02666334071804688},"Iteration":0},
{"Acceptance":[0.6826666666666666],"Energy":{"Mean":10.871124835737634,"Sigma":0.31880196149884577,"Taucorr":0.12404742096924282},"EnergyVariance":{"Mean":9.166653653640038,"Sigma":1.1816228848736765,"Taucorr":0.19457452347663962},"Iteration":1},
{"Acceptance":[0.593],"Energy":{"Mean":8.581251385969477,"Sigma":0.42860901161292875,"Taucorr":0.4591608302544806},"EnergyVariance":{"Mean":11.915638038335258,"Sigma":1.891105773048918,"Taucorr":0.1175551865630795},"Iteration":2},
{"Acceptance":[0.5596666666666666],"Energy":{"Mean":8.501769037304298,"Sigma":0.4604011290937853,"Taucorr":0.38064723735913986},"EnergyVariance":{"Mean":16.152014066186318,"Sigma":2.1942769578800494,"Taucorr":0.07847124619982038},"Iteration":3},
{"Acceptance":[0.466],"Energy":{"Mean":5.81803398616235,"Sigma":0.3729289580456358,"Taucorr":0.1282486067996682},"EnergyVariance":{"Mean":15.521608090472668,"Sigma":1.9885281125052985,"Taucorr":-0.025394547731665162},"Iteration":4},
{"Acceptance":[0.44466666666666665],"Energy":{"Mean":4.434338658578714,"Sigma":0.3844909170604852,"Taucorr":0.24854800669389976},"EnergyVariance":{"Mean":16.601004136585473,"Sigma":1.8314445182038692,"Taucorr":0.08685572860441959},"Iteration":5},
{"Acceptance":[0.392],"Energy":{"Mean":2.5699390904552417,"Sigma":0.20557125935717319,"Taucorr":-0.15770956489334198},"EnergyVariance":{"Mean":14.027308316346476,"Sigma":1.6259474533859637,"Taucorr":0.0440472026660923},"Iteration":6},
{"Acceptance":[0.38033333333333336],"Energy":{"Mean":2.957248034061811,"Sigma":0.4569542167197174,"Taucorr":0.469587319245786},"EnergyVariance":{"Mean":20.081067693999614,"Sigma":2.036542646628782,"Taucorr":0.011063903609090375},"Iteration":7},
{"Acceptance":[0.3403333333333333],"Energy":{"Mean":0.8729965649684147,"Sigma":0.3525894972160238,"Taucorr":0.31101868517815356},"EnergyVariance":{"Mean":21.04953936917693,"Sigma":4.272917818677472,"Taucorr":0.3064870917004069},"Iteration":8},
{"Acceptance":[0.31033333333333335],"Energy":{"Mean":-0.6717633737656543,"Sigma":0.2658797224019391,"Taucorr":0.23406337036258618},"EnergyVariance":{"Mean":16.805668424677762,"Sigma":3.1859687193221418,"Taucorr":0.14800436916687176},"Iteration":9},
{"Acceptance":[0.29],"Energy":{"Mean":-1.3823735086991558,"Sigma":0.3981624371383694,"Taucorr":0.3155786765396732},"EnergyVariance":{"Mean":25.747555774718574,"Sigma":4.332649653371982,"Taucorr":0.11930870604803034},"Iteration":10},
{"Acceptance":[0.272],"Energy":{"Mean":-2.1974602535524577,"Sigma":0.3083385212877006,"Taucorr":0.17267243672706345},"EnergyVariance":{"Mean":17.45825988501148,"Sigma":3.2598248717889255,"Taucorr":0.1582990909455675},"Iteration":11},
{"Acceptance":[0.25366666666666665],"Energy":{"Mean":-3.108228279404453,"Sigma":0.24477405591888576,"Taucorr":-0.013976821150077867},"EnergyVariance":{"Mean":17.461074577095573,"Sigma":4.480282866453525,"Taucorr":0.379152068667427},"Iteration":12},
{"Acceptance":[0.25],"Energy":{"Mean":-4.645473528195979,"Sigma":0.398633923281032,"Taucorr":0.39464842197107886},"EnergyVariance":{"Mean":36.71334386236328,"Sigma":15.411678341057252,"Taucorr":0.16117799128172328},"Iteration":13},
{"Acceptance":[0.21466666666666667],"Energy":{"Mean":-5.382132671358688,"Sigma":0.2518849842829841,"Taucorr":0.062151603741066985},"EnergyVariance":{"Mean":12.609939657948223,"Sigma":2.900913119367239,"Taucorr":0.25068174138352517},"Iteration":14},
{"Acceptance":[0.21533333333333332],"Energy":{"Mean":-5.2188113287819915,"Sigma":0.34040132598175016,"Taucorr":0.27168307683851756},"EnergyVariance":{"Mean":13.729929687655305,"Sigma":3.8690930395061156,"Taucorr":0.3843547454701205},"Iteration":15},
{"Acceptance":[0.22266666666666668],"Energy":{"Mean":-5.933391034373823,"Sigma":0.3008327525116068,"Taucorr":0.09208965398889912},"EnergyVariance":{"Mean":19.94614430213457,"Sigma":6.352125070513284,"Taucorr":0.3565199215032624},"Iteration":16},
{"Acceptance":[0.222],"Energy":{"Mean":-5.997900993607036,"Sigma":0.5445106501569377,"Taucorr":0.3333435256885239},"EnergyVariance":{"Mean":28.6867951054904,"Sigma":10.681602644400943,"Taucorr":0.21163054629755407},"Iteration":17},
{"Acceptance":[0.19],"Energy":{"Mean":-6.710508052438182,"Sigma":0.150541179864281,"Taucorr":-0.13533178123867862},"EnergyVariance":{"Mean":4.3185633808783965,"Sigma":0.6730004892337472,"Taucorr":0.1156013976630842},"Iteration":18},
{"Acceptance":[0.205],"Energy":{"Mean":-6.6428158029703095,"Sigma":0.3802941073887924,"Taucorr":0.13599162546406574},"EnergyVariance":{"Mean":14.479214836715116,"Sigma":3.569084864843871,"Taucorr":-0.05987630564602242},"Iteration":19},
{"Acceptance":[0.19466666666666665],"Energy":{"Mean":-6.768568174620424,"Sigma":0.32162317985645755,"Taucorr":0.08797747630984842},"EnergyVariance":{"Mean":10.281528432571927,"Sigma":3.904359611814638,"Taucorr":0.06363774510550924},"Iteration":20},
{"Acceptance":[0.217],"Energy":{"Mean":-7.251995957528138,"Sigma":0.2957084835572815,"Taucorr":-0.06620682855167853},"EnergyVariance":{"Mean":13.207762201462993,"Sigma":4.88109245836907,"Taucorr":0.6155791365429566},"Iteration":21},
{"Acceptance":[0.17466666666666666],"Energy":{"Mean":-7.512807927247617,"Sigma":0.3786042202773065,"Taucorr":0.23957314460598722},"EnergyVariance":{"Mean":17.852646980686135,"Sigma":5.55791067453453,"Taucorr":0.18493098426246646},"Iteration":22},
{"Acceptance":[0.18033333333333335],"Energy":{"Mean":-6.920568884605004,"Sigma":0.3697700787665014,"Taucorr":0.30186962655990957},"EnergyVariance":{"Mean":20.76223042687019,"Sigma":8.82774534309984,"Taucorr":0.5275273667515157},"Iteration":23},
{"Acceptance":[0.16366666666666665],"Energy":{"Mean":-7.313804045588076,"Sigma":0.2802009003280439,"Taucorr":0.24432273394418091},"EnergyVariance":{"Mean":5.90590581842708,"Sigma":2.3209433667653556,"Taucorr":-0.042164746180368695},"Iteration":24},
{"Acceptance":[0.172],"Energy":{"Mean":-7.5347472714028125,"Sigma":0.2736262457870002,"Taucorr":-0.00015028320862287003},"EnergyVariance":{"Mean":7.526731240164514,"Sigma":2.1535003902139747,"Taucorr":0.5209557269325824},"Iteration":25},
{"Acceptance":[0.15566666666666668],"Energy":{"Mean":-7.344250079788332,"Sigma":0.19354295378778186,"Taucorr":-0.08115024170997076},"EnergyVariance":{"Mean":4.467017737856241,"Sigma":2.27637380375013,"Taucorr":0.9073475327908367},"Iteration":26},
{"Acceptance":[0.17433333333333334],"Energy":{"Mean":-7.294202549121066,"Sigma":0.40652709473380194,"Taucorr":0.14311190255075923},"EnergyVariance":{"Mean":13.507431064872506,"Sigma":4.539441310586067,"Taucorr":0.019553644970803807},"Iteration":27},
{"Acceptance":[0.15633333333333332],"Energy":{"Mean":-6.6485468796165526,"Sigma":0.6426797146880044,"Taucorr":0.6200987796349509},"EnergyVariance":{"Mean":17.93878921365692,"Sigma":12.757655637156313,"Taucorr":0.4968992953331175},"Iteration":28},
{"Acceptance":[0.171],"Energy":{"Mean":-7.853552465893876,"Sigma":0.2021123070677742,"Taucorr":-0.2907747255424016},"EnergyVariance":{"Mean":9.71679343509832,"Sigma":4.3301767423449995,"Taucorr":0.05633307163015233},"Iteration":29},
{"Acceptance":[0.16266666666666665],"Energy":{"Mean":-8.468141928869318,"Sigma":0.5810140121127828,"Taucorr":0.7211455030926412},"EnergyVariance":{"Mean":13.696740030031375,"Sigma":7.715630126073182,"Taucorr":0.6560125961083125},"Iteration":30},
{"Acceptance":[0.159],"Energy":{"Mean":-7.446525821161145,"Sigma":0.2738759281532811,"Taucorr":0.3133416337694941},"EnergyVariance":{"Mean":4.943207774574726,"Sigma":1.5914214085739122,"Taucorr":0.8891605777997653},"Iteration":31},
{"Acceptance":[0.15666666666666668],"Energy":{"Mean":-7.242907105800608,"Sigma":0.4157076347611242,"Taucorr":0.8262200775230408},"EnergyVariance":{"Mean":6.798670346194515,"Sigma":2.2466013905521307,"Taucorr":0.8678393382785836},"Iteration":32},
{"Acceptance":[0.161],"Energy":{"Mean":-7.175124363935177,"Sigma":0.24152891148013778,"Taucorr":0.24799331786906953},"EnergyVariance":{"Mean":4.210100837310253,"Sigma":1.0181322871357605,"Taucorr":0.22639295146417027},"Iteration":33},
{"Acceptance":[0.16933333333333334],"Energy":{"Mean":-8.214331328861329,"Sigma":0.3402396191832199,"Taucorr":0.23841392187221389},"EnergyVariance":{"Mean":8.708199591128768,"Sigma":3.1408328376523507,"Taucorr":0.5051214724999538},"Iteration":34},
{"Acceptance":[0.164],"Energy":{"Mean":-7.8918888221303085,"Sigma":0.2649300209602711,"Taucorr":-0.025797016788354388},"EnergyVariance":{"Mean":10.474095734304171,"Sigma":3.8782977088463815,"Taucorr":-0.013325743965673986},"Iteration":35},
{"Acceptance":[0.15333333333333332],"Energy":{"Mean":-7.942858082159512,"Sigma":0.23062383191324043,"Taucorr":-0.026932937571174764},"EnergyVariance":{"Mean":6.131836368013593,"Sigma":1.291044202772593,"Taucorr":0.309932666572437},"Iteration":36},
{"Acceptance":[0.18366666666666667],"Energy":{"Mean":-7.505541701192634,"Sigma":0.23204099322594393,"Taucorr":-0.10714396744140808},"EnergyVariance":{"Mean":7.534105857921309,"Sigma":2.1131275553351627,"Taucorr":0.2686990087638955},"Iteration":37},
{"Acceptance":[0.162],"Energy":{"Mean":-8.244117887310805,"Sigma":0.27615335386847006,"Taucorr":0.08382531083825706},"EnergyVariance":{"Mean":9.488069602054395,"Sigma":3.4389204348910862,"Taucorr":-0.012933928139799156},"Iteration":38},
{"Acceptance":[0.167],"Energy":{"Mean":-7.718269793205115,"Sigma":0.24477938630420334,"Taucorr":0.09315699694469504},"EnergyVariance":{"Mean":7.839676121038259,"Sigma":2.9699008820432353,"Taucorr":-0.02791451118348587},"Iteration":39},
{"Acceptance":[0.16033333333333333],"Energy":{"Mean":-7.937524229142462,"Sigma":0.22957102084662367,"Taucorr":0.12580972564328252},"EnergyVariance":{"Mean":4.5702954733097245,"Sigma":0.8520506603646661,"Taucorr":0.030048763648678478},"Iteration":40},
{"Acceptance":[0.162],"Energy":{"Mean":-7.984353129178024,"Sigma":0.4238604425299088,"Taucorr":0.7603340492233888},"EnergyVariance":{"Mean":7.376953536772123,"Sigma":2.604881152064638,"Taucorr":0.345723314845261},"Iteration":41},
{"Acceptance":[0.16766666666666666],"Energy":{"Mean":-8.123568817770625,"Sigma":0.6058945273648031,"Taucorr":1.0170565890173495},"EnergyVariance":{"Mean":18.10938837531568,"Sigma":12.655996924337687,"Taucorr":1.108634348210427},"Iteration":42},
{"Acceptance":[0.163],"Energy":{"Mean":-7.991229124325349,"Sigma":0.43592413287701537,"Taucorr":0.33567019086830097},"EnergyVariance":{"Mean":17.80242825477034,"Sigma":9.11187722154867,"Taucorr":0.7754216974568429},"Iteration":43},
{"Acceptance":[0.17766666666666667],"Energy":{"Mean":-8.694256481244302,"Sigma":0.577436059892627,"Taucorr":0.5832798833597292},"EnergyVariance":{"Mean":16.669602161971056,"Sigma":6.633972506718603,"Taucorr":0.376509402765718},"Iteration":44},
{"Acceptance":[0.16366666666666665],"Energy":{"Mean":-7.667603037817801,"Sigma":0.3138668041613364,"Taucorr":0.16749419703241197},"EnergyVariance":{"Mean":7.4119902144726435,"Sigma":5.319180022438497,"Taucorr":0.573508522978136},"Iteration":45},
{"Acceptance":[0.18266666666666667],"Energy":{"Mean":-7.924447749537615,"Sigma":0.28016653882309267,"Taucorr":0.2463467628777296},"EnergyVariance":{"Mean":5.613255700006519,"Sigma":1.3538976039644575,"Taucorr":0.2789922546851763},"Iteration":46},
{"Acceptance":[0.18966666666666668],"Energy":{"Mean":-7.790127730338614,"Sigma":0.4503675656023207,"Taucorr":0.10278616742724234},"EnergyVariance":{"Mean":17.067076503085993,"Sigma":9.260282733690314,"Taucorr":-0.015224253617533046},"Iteration":47},
{"Acceptance":[0.17033333333333334],"Energy":{"Mean":-7.877588434718801,"Sigma":0.30118472821586845,"Taucorr":0.17425864021351145},"EnergyVariance":{"Mean":8.010703239881755,"Sigma":2.4946734348350477,"Taucorr":0.0437358420017816},"Iteration":48},
{"Acceptance":[0.16566666666666666],"Energy":{"Mean":-8.321152280062766,"Sigma":0.2850377356025873,"Taucorr":0.42412585095439315},"EnergyVariance":{"Mean":4.683945396299248,"Sigma":1.251796451643979,"Taucorr":0.2045288476950946},"Iteration":49},
{"Acceptance":[0.183],"Energy":{"Mean":-8.382134925014896,"Sigma":0.3245837026983899,"Taucorr":0.2778231747725608},"EnergyVariance":{"Mean":6.975371985795744,"Sigma":2.4512465859902783,"Taucorr":0.21854308004932732},"Iteration":50},
{"Acceptance":[0.18266666666666667],"Energy":{"Mean":-8.531467083763113,"Sigma":0.2820049190656562,"Taucorr":0.02449479944983568},"EnergyVariance":{"Mean":8.55872217244737,"Sigma":3.122319480676581,"Taucorr":-0.024704702304701565},"Iteration":51},
{"Acceptance":[0.18866666666666668],"Energy":{"Mean":-8.67061196337886,"Sigma":0.41736751376526593,"Taucorr":0.5716129998433901},"EnergyVariance":{"Mean":8.404680397733657,"Sigma":3.5565896062770084,"Taucorr":0.6387763613418962},"Iteration":52},
{"Acceptance":[0.22433333333333333],"Energy":{"Mean":-8.609743822071204,"Sigma":0.4809293194159534,"Taucorr":0.0541567696726859},"EnergyVariance":{"Mean":20.90761809555208,"Sigma":7.760071935347475,"Taucorr":0.08326096493552904},"Iteration":53},
{"Acceptance":[0.224],"Energy":{"Mean":-8.543935724389918,"Sigma":0.3623389961237137,"Taucorr":-0.008543950358025021},"EnergyVariance":{"Mean":13.274916967950285,"Sigma":4.623356386698691,"Taucorr":-0.014846374378621519},"Iteration":54},
{"Acceptance":[0.20566666666666666],"Energy":{"Mean":-8.48684779945281,"Sigma":0.4699884885627631,"Taucorr":0.2981718465500117},"EnergyVariance":{"Mean":15.05276547374327,"Sigma":5.578734731300529,"Taucorr":0.39423115736482683},"Iteration":55},
{"Acceptance":[0.20466666666666666],"Energy":{"Mean":-7.553525545687676,"Sigma":0.433121365074073,"Taucorr":-0.12804456777319295},"EnergyVariance":{"Mean":25.004529161468337,"Sigma":12.302910676001721,"Taucorr":0.011515726327464892},"Iteration":56},
{"Acceptance":[0.21966666666666668],"Energy":{"Mean":-8.521281142113391,"Sigma":0.2819727795461302,"Taucorr":0.35798739442466687},"EnergyVariance":{"Mean":4.982162046480943,"Sigma":1.6547380093131883,"Taucorr":0.17088225048352523},"Iteration":57},
{"Acceptance":[0.22233333333333333],"Energy":{"Mean":-9.06071688145838,"Sigma":0.5491003476518244,"Taucorr":0.6006819357274717},"EnergyVariance":{"Mean":14.732643311159414,"Sigma":6.176385013187106,"Taucorr":0.5148058929895938},"Iteration":58},
{"Acceptance":[0.221],"Energy":{"Mean":-8.294834008921812,"Sigma":0.4986746512587808,"Taucorr":0.1671222946287062},"EnergyVariance":{"Mean":19.121490989685356,"Sigma":9.144357156144402,"Taucorr":-0.02265721380642649},"Iteration":59},
{"Acceptance":[0.228],"Energy":{"Mean":-8.433068599437805,"Sigma":0.4193192428997855,"Taucorr":0.05194252958664425},"EnergyVariance":{"Mean":15.525532886472861,"Sigma":8.013531541730707,"Taucorr":0.023083156315906295},"Iteration":60},
{"Acceptance":[0.23966666666666667],"Energy":{"Mean":-8.552638677022054,"Sigma":0.4544294900072404,"Taucorr":0.3411116116895194},"EnergyVariance":{"Mean":12.782028181949775,"Sigma":3.811576523332078,"Taucorr":0.2612572032124243},"Iteration":61},
{"Acceptance":[0.20933333333333334],"Energy":{"Mean":-8.478497909516411,"Sigma":0.21332894718554427,"Taucorr":0.021632876833923342},"EnergyVariance":{"Mean":4.385661905933581,"Sigma":1.4489150591223696,"Taucorr":-0.03205000049316292},"Iteration":62},
{"Acceptance":[0.23866666666666667],"Energy":{"Mean":-8.75986901105285,"Sigma":0.2528477715636846,"Taucorr":0.039625433724172154},"EnergyVariance":{"Mean":6.1894491180313285,"Sigma":1.7808365774925023,"Taucorr":0.48311095116013236},"Iteration":63},
{"Acceptance":[0.24666666666666667],"Energy":{"Mean":-8.890582549521186,"Sigma":0.3536599415499192,"Taucorr":0.15115724497789207},"EnergyVariance":{"Mean":9.750025478259845,"Sigma":2.8299181155244555,"Taucorr":0.3611013022286479},"Iteration":64},
{"Acceptance":[0.24],"Energy":{"Mean":-7.8646896742842465,"Sigma":0.23919571961822594,"Taucorr":-0.2233986074284483},"EnergyVariance":{"Mean":10.254798737124652,"Sigma":2.4706954087768773,"Taucorr":0.12070421683436372},"Iteration":65},
{"Acceptance":[0.24433333333333335],"Energy":{"Mean":-8.506118082701507,"Sigma":0.2724963908867322,"Taucorr":0.03126733066118048},"EnergyVariance":{"Mean":6.987420499368592,"Sigma":1.5824994741701017,"Taucorr":0.25030262047538443},"Iteration":66},
{"Acceptance":[0.25],"Energy":{"Mean":-8.59438795385594,"Sigma":0.30667120874177917,"Taucorr":-0.11772469807060021},"EnergyVariance":{"Mean":12.383996599517207,"Sigma":4.384350410650149,"Taucorr":0.30711654346274564},"Iteration":67},
{"Acceptance":[0.24466666666666667],"Energy":{"Mean":-8.349249076867483,"Sigma":0.2920160568115022,"Taucorr":-0.01241285014892013},"EnergyVariance":{"Mean":8.482554680647358,"Sigma":1.9052910632177091,"Taucorr":-0.05439662509910509},"Iteration":68},
{"Acceptance":[0.253],"Energy":{"Mean":-9.033399517415212,"Sigma":0.379961896177631,"Taucorr":0.07018269306891656},"EnergyVariance":{"Mean":12.6453211531903,"Sigma":3.3544664140949574,"Taucorr":0.09002634071675386},"Iteration":69},
{"Acceptance":[0.27266666666666667],"Energy":{"Mean":-8.980096624370569,"Sigma":0.44811429720723217,"Taucorr":0.23950897038144214},"EnergyVariance":{"Mean":13.172089240744583,"Sigma":5.062368401841643,"Taucorr":0.13560740474938004},"Iteration":70},
{"Acceptance":[0.2703333333333333],"Energy":{"Mean":-8.900240395733853,"Sigma":0.38772844847678917,"Taucorr":0.10324289853112023},"EnergyVariance":{"Mean":12.497039216567023,"Sigma":2.989254454049057,"Taucorr":-0.023953781812131925},"Iteration":71},
{"Acceptance":[0.247],"Energy":{"Mean":-9.174505141946966,"Sigma":0.348850518511112,"Taucorr":0.05045815808288423},"EnergyVariance":{"Mean":11.150389996633828,"Sigma":3.78538882621775,"Taucorr":0.4818717721335176},"Iteration":72},
{"Acceptance":[0.249],"Energy":{"Mean":-8.61521029381409,"Sigma":0.18482009967504878,"Taucorr":-0.07291539923848461},"EnergyVariance":{"Mean":3.8281598214192645,"Sigma":0.5397014247982129,"Taucorr":-0.15497606573330036},"Iteration":73},
{"Acceptance":[0.26766666666666666],"Energy":{"Mean":-9.662663906723441,"Sigma":0.5183437127886533,"Taucorr":0.15743300345311562},"EnergyVariance":{"Mean":19.750139354578362,"Sigma":7.079446348022599,"Taucorr":-0.022078295611719423},"Iteration":74},
{"Acceptance":[0.2836666666666667],"Energy":{"Mean":-9.495356620861267,"Sigma":0.381703317591635,"Taucorr":0.15955845358163223},"EnergyVariance":{"Mean":11.338925786621257,"Sigma":2.932961309579665,"Taucorr":0.28285812837821334},"Iteration":75},
{"Acceptance":[0.2803333333333333],"Energy":{"Mean":-9.207525330124827,"Sigma":0.38309204184132895,"Taucorr":0.18574891487068157},"EnergyVariance":{"Mean":10.868160536823423,"Sigma":2.5529997086766567,"Taucorr":0.24832240857490728},"Iteration":76},
{"Acceptance":[0.294],"Energy":{"Mean":-9.820144562710437,"Sigma":0.6791985596137501,"Taucorr":0.5556839957054558},"EnergyVariance":{"Mean":21.27300554210848,"Sigma":9.931781298915778,"Taucorr":0.4876811452239551},"Iteration":77},
{"Acceptance":[0.291],"Energy":{"Mean":-9.075148082347393,"Sigma":0.343574284859716,"Taucorr":0.3121847653671893},"EnergyVariance":{"Mean":7.06969933200064,"Sigma":1.819036285190144,"Taucorr":0.2920105398039593},"Iteration":78},
{"Acceptance":[0.2856666666666667],"Energy":{"Mean":-9.515451597987727,"Sigma":0.288172407443574,"Taucorr":-0.05343101704544617},"EnergyVariance":{"Mean":9.09791244561174,"Sigma":1.8158964076152007,"Taucorr":0.15643982399844292},"Iteration":79},
{"Acceptance":[0.2813333333333333],"Energy":{"Mean":-9.471151233453432,"Sigma":0.3238535367684134,"Taucorr":-0.08819157433749392},"EnergyVariance":{"Mean":12.477784406461538,"Sigma":4.491232789492859,"Taucorr":0.11382817616401364},"Iteration":80},
{"Acceptance":[0.29],"Energy":{"Mean":-8.287158462190774,"Sigma":0.4644054437776095,"Taucorr":0.6326475596532872},"EnergyVariance":{"Mean":9.81883485229821,"Sigma":5.294927793311492,"Taucorr":0.7487418799969783},"Iteration":81},
{"Acceptance":[0.2836666666666667],"Energy":{"Mean":-9.49072220298191,"Sigma":0.20873146484152394,"Taucorr":-0.09851710036952444},"EnergyVariance":{"Mean":5.317578935579574,"Sigma":0.8822543867034761,"Taucorr":-0.061422758761790985},"Iteration":82},
{"Acceptance":[0.302],"Energy":{"Mean":-10.054612091970803,"Sigma":0.3393463324043706,"Taucorr":-0.06670787310057025},"EnergyVariance":{"Mean":13.165197535343786,"Sigma":2.4919854537381956,"Taucorr":-0.048972101111176725},"Iteration":83},
{"Acceptance":[0.3016666666666667],"Energy":{"Mean":-9.3802358971175,"Sigma":0.43037882664714683,"Taucorr":0.2664924597077464},"EnergyVariance":{"Mean":11.9425248116314,"Sigma":2.998037541696757,"Taucorr":0.013171551836148376},"Iteration":84},
{"Acceptance":[0.2876666666666667],"Energy":{"Mean":-10.149588122602246,"Sigma":0.5169954832215428,"Taucorr":0.23756720793084096},"EnergyVariance":{"Mean":18.543505960735384,"Sigma":5.370019887122173,"Taucorr":0.20744581924138505},"Iteration":85},
{"Acceptance":[0.2976666666666667],"Energy":{"Mean":-9.510458954844502,"Sigma":0.3565925107648391,"Taucorr":0.04309895452298007},"EnergyVariance":{"Mean":11.267451874764927,"Sigma":1.9077101561891472,"Taucorr":0.040573879362383214},"Iteration":86},
{"Acceptance":[0.319],"Energy":{"Mean":-9.101157071079003,"Sigma":0.6332309104189178,"Taucorr":0.3832643694193566},"EnergyVariance":{"Mean":22.204958606475493,"Sigma":9.388149213259391,"Taucorr":0.3486735564910477},"Iteration":87},
{"Acceptance":[0.30033333333333334],"Energy":{"Mean":-9.386682295533674,"Sigma":0.386172536669752,"Taucorr":0.3315399979335897},"EnergyVariance":{"Mean":8.58333894597501,"Sigma":1.5943316096006217,"Taucorr":0.1133658237298043},"Iteration":88},
{"Acceptance":[0.309],"Energy":{"Mean":-9.951427750476686,"Sigma":0.3233942877937964,"Taucorr":0.20349876139061152},"EnergyVariance":{"Mean":7.074743216951976,"Sigma":1.4260722045692327,"Taucorr":0.07564727128342841},"Iteration":89},
{"Acceptance":[0.315],"Energy":{"Mean":-9.593009200273436,"Sigma":0.33303002917469726,"Taucorr":-0.04943250347953543},"EnergyVariance":{"Mean":11.86010729665775,"Sigma":3.170635650399036,"Taucorr":0.08600107139385071},"Iteration":90},
{"Acceptance":[0.318],"Energy":{"Mean":-9.605383753604377,"Sigma":0.3478972300765714,"Taucorr":0.19139733361921807},"EnergyVariance":{"Mean":8.451598846782193,"Sigma":1.2390646679946704,"Taucorr":0.019127465494740648},"Iteration":91},
{"Acceptance":[0.296],"Energy":{"Mean":-10.073416238739764,"Sigma":0.38626958469989164,"Taucorr":0.29020835960731484},"EnergyVariance":{"Mean":9.027022518428124,"Sigma":1.705203130146467,"Taucorr":0.045656842912635165},"Iteration":92},
{"Acceptance":[0.33066666666666666],"Energy":{"Mean":-9.82030482016675,"Sigma":0.3527047203888174,"Taucorr":-0.07565404215074195},"EnergyVariance":{"Mean":14.257785227152635,"Sigma":3.4363313812661858,"Taucorr":0.0941110362155696},"Iteration":93},
{"Acceptance":[0.31966666666666665],"Energy":{"Mean":-10.43403312378629,"Sigma":0.43102630100204536,"Taucorr":0.16383464708949746},"EnergyVariance":{"Mean":14.098135022966954,"Sigma":4.851965061438326,"Taucorr":0.1627563879491607},"Iteration":94},
{"Acceptance":[0.324],"Energy":{"Mean":-10.21653912444126,"Sigma":0.34390004161292925,"Taucorr":0.19381423489965033},"EnergyVariance":{"Mean":8.216901912790892,"Sigma":1.3571029170455946,"Taucorr":-0.09505211285770454},"Iteration":95},
{"Acceptance":[0.31966666666666665],"Energy":{"Mean":-10.153272598355795,"Sigma":0.3742900926101343,"Taucorr":0.05314825394964118},"EnergyVariance":{"Mean":12.238245229845386,"Sigma":2.3582764564665926,"Taucorr":0.2508767292538322},"Iteration":96},
{"Acceptance":[0.30666666666666664],"Energy":{"Mean":-9.34702796243222,"Sigma":0.2975048283849981,"Taucorr":-0.12769414573908233},"EnergyVariance":{"Mean":11.327236415160302,"Sigma":2.814840032596726,"Taucorr":-0.01887183710945034},"Iteration":97},
{"Acceptance":[0.31333333333333335],"Energy":{"Mean":-10.107238023368199,"Sigma":0.3343727378889886,"Taucorr":0.04790913092752591},"EnergyVariance":{"Mean":9.712727799490425,"Sigma":1.5923761985489613,"Taucorr":0.17113345067660224},"Iteration":98},
{"Acceptance":[0.30933333333333335],"Energy":{"Mean":-10.402561340268253,"Sigma":0.36480509045918835,"Taucorr":0.06571286645788266},"EnergyVariance":{"Mean":11.396653722530528,"Sigma":2.7159995423047647,"Taucorr":0.3574984359166008},"Iteration":99} 
]}
{"input": {"L": 14, "J": 1, "machine": {"type": "FFNN", "model": ["tanh", 58, 1]}, "sampler": {"type": "MetropolisHop", "d_max": 5}, "optimizer": {"type": "AdaMax", "alpha": 0.001, "beta1": 0.9, "beta2": 0.999, "epscut": 1e-07}, "VMC": {"n_samples": 100, "discarded_samples": 100, "discarded_samples_on_init": 0, "target": "energy", "method": "Gd", "diag_shift": 0.01, "use_iterative": true, "use_cholesky": true}, "n_iter": 100}}
duration: -0.48265790939331055