{"Output": [
{"Acceptance":[0.8377272727272728],"Energy":{"Mean":8.495644195425506,"Sigma":0.3082354144611049,"Taucorr":0.08634764204648004},"EnergyVariance":{"Mean":8.05030339424958,"Sigma":1.2009687262742172,"Taucorr":0.02978320531597356},"Iteration":0},
{"Acceptance":[0.6772727272727272],"Energy":{"Mean":7.2304689550152075,"Sigma":0.41282340539084744,"Taucorr":0.3383644379600309},"EnergyVariance":{"Mean":10.73585170162187,"Sigma":0.9369767669953134,"Taucorr":-0.17881614844948535},"Iteration":1},
{"Acceptance":[0.5895454545454546],"Energy":{"Mean":6.519681459759545,"Sigma":0.46762988818488954,"Taucorr":0.49350584976804746},"EnergyVariance":{"Mean":12.789261316476003,"Sigma":2.041094406793636,"Taucorr":0.3155007454083052},"Iteration":2},
{"Acceptance":[0.5131818181818182],"Energy":{"Mean":5.550100434688424,"Sigma":0.3416121853402182,"Taucorr":0.06284857186748549},"EnergyVariance":{"Mean":13.617383146257826,"Sigma":1.3297702907203535,"Taucorr":-0.10681136153544896},"Iteration":3},
{"Acceptance":[0.4431818181818182],"Energy":{"Mean":3.3306236085689953,"Sigma":0.3651004797041652,"Taucorr":0.1271520846858598},"EnergyVariance":{"Mean":14.26326805561384,"Sigma":1.5468786996071404,"Taucorr":-0.06259137662605935},"Iteration":4},
{"Acceptance":[0.3890909090909091],"Energy":{"Mean":2.145386255669736,"Sigma":0.4024680529180627,"Taucorr":0.28394298476467683},"EnergyVariance":{"Mean":17.62533960610685,"Sigma":1.8372121964557415,"Taucorr":-0.11000969578581965},"Iteration":5},
{"Acceptance":[0.3509090909090909],"Energy":{"Mean":0.7263256745848523,"Sigma":0.4796955473645172,"Taucorr":0.71318216255758},"EnergyVariance":{"Mean":15.06429399114603,"Sigma":3.062177483994558,"Taucorr":0.4747328150992156},"Iteration":6},
{"Acceptance":[0.34],"Energy":{"Mean":0.29454093215251315,"Sigma":0.3734395601442141,"Taucorr":0.27507168511225144},"EnergyVariance":{"Mean":15.077923690031362,"Sigma":1.722108516932905,"Taucorr":0.010627789172951152},"Iteration":7},
{"Acceptance":[0.2677272727272727],"Energy":{"Mean":-0.28685433470802485,"Sigma":0.4720876178640415,"Taucorr":0.7428468144986085},"EnergyVariance":{"Mean":18.74046284586064,"Sigma":4.626543920178281,"Taucorr":0.37872799000556623},"Iteration":8},
{"Acceptance":[0.2190909090909091],"Energy":{"Mean":-2.445909222228279,"Sigma":0.3656492134806697,"Taucorr":0.5714502694843728},"EnergyVariance":{"Mean":10.95173804004357,"Sigma":2.8841016787808833,"Taucorr":0.29664298016905233},"Iteration":9},
{"Acceptance":[0.22318181818181818],"Energy":{"Mean":-3.111291023325594,"Sigma":0.3143808287609081,"Taucorr":0.33057564450269694},"EnergyVariance":{"Mean":15.611178405900546,"Sigma":3.3165992193735434,"Taucorr":0.06427338410026462},"Iteration":10},
{"Acceptance":[0.19727272727272727],"Energy":{"Mean":-3.1968969652575137,"Sigma":0.39705325369372707,"Taucorr":0.42265783740778484},"EnergyVariance":{"Mean":18.049157753388247,"Sigma":4.131554574092534,"Taucorr":0.16392432093013265},"Iteration":11},
{"Acceptance":[0.17863636363636365],"Energy":{"Mean":-3.5411301858648323,"Sigma":0.34619404695056916,"Taucorr":0.29446827604810366},"EnergyVariance":{"Mean":14.856375551972897,"Sigma":2.8586597505730786,"Taucorr":0.11535467370155872},"Iteration":12},
{"Acceptance":[0.1459090909090909],"Energy":{"Mean":-3.8347593448740187,"Sigma":0.3398775731860438,"Taucorr":0.4621941151597675},"EnergyVariance":{"Mean":10.22942841618447,"Sigma":2.250580903943084,"Taucorr":0.06429578710409412},"Iteration":13},
{"Acceptance":[0.14863636363636365],"Energy":{"Mean":-4.993726451309633,"Sigma":0.23123619515126326,"Taucorr":0.3121736200270936},"EnergyVariance":{"Mean":8.552667278179642,"Sigma":2.027672943741836,"Taucorr":-0.0022170734307200846},"Iteration":14},
{"Acceptance":[0.14272727272727273],"Energy":{"Mean":-5.226905832318972,"Sigma":0.24506639329490626,"Taucorr":0.24698060687186052},"EnergyVariance":{"Mean":7.461961684023416,"Sigma":1.7943378848657208,"Taucorr":0.03178548510160617},"Iteration":15},
{"Acceptance":[0.1459090909090909],"Energy":{"Mean":-5.648468745833153,"Sigma":0.4980959840716543,"Taucorr":0.32807053263388875},"EnergyVariance":{"Mean":23.255033994747023,"Sigma":6.921053858119343,"Taucorr":0.13213751946479968},"Iteration":16},
{"Acceptance":[0.14454545454545453],"Energy":{"Mean":-5.58229823902055,"Sigma":0.28786351159584855,"Taucorr":0.15149946774996403},"EnergyVariance":{"Mean":9.447193576749262,"Sigma":2.812590002095985,"Taucorr":0.01641417484830132},"Iteration":17},
{"Acceptance":[0.125],"Energy":{"Mean":-6.220624987331603,"Sigma":0.21675291789659362,"Taucorr":0.09455039871482906},"EnergyVariance":{"Mean":6.210331644938448,"Sigma":3.3378769947638163,"Taucorr":0.29767340147909116},"Iteration":18},
{"Acceptance":[0.11363636363636363],"Energy":{"Mean":-6.105518757464795,"Sigma":0.45328096927314265,"Taucorr":0.21217930533937812},"EnergyVariance":{"Mean":15.612700957089952,"Sigma":6.2617205496432895,"Taucorr":0.226827886843314},"Iteration":19},
{"Acceptance":[0.10954545454545454],"Energy":{"Mean":-5.555734425297181,"Sigma":0.2469567850795084,"Taucorr":0.802138151114075},"EnergyVariance":{"Mean":2.5871191112570093,"Sigma":0.7777598742929327,"Taucorr":1.0290786705108885},"Iteration":20},
{"Acceptance":[0.11181818181818182],"Energy":{"Mean":-6.173687274010462,"Sigma":0.323883073123894,"Taucorr":-0.008452105575488589},"EnergyVariance":{"Mean":11.862446428533225,"Sigma":4.777298277241674,"Taucorr":0.38158201370256695},"Iteration":21},
{"Acceptance":[0.1190909090909091],"Energy":{"Mean":-6.2503065172164565,"Sigma":0.1541219031899432,"Taucorr":0.004002997059768143},"EnergyVariance":{"Mean":2.699612906032027,"Sigma":1.3300113205000612,"Taucorr":0.7329569608452104},"Iteration":22},
{"Acceptance":[0.10545454545454545],"Energy":{"Mean":-6.6685507364370435,"Sigma":0.3925368694156069,"Taucorr":0.32431442121838294},"EnergyVariance":{"Mean":14.417876416807989,"Sigma":9.794633004239783,"Taucorr":-0.002084933752380891},"Iteration":23},
{"Acceptance":[0.105],"Energy":{"Mean":-5.70053551339747,"Sigma":0.28509848568728885,"Taucorr":0.47733514090357776},"EnergyVariance":{"Mean":4.350553410348916,"Sigma":1.489421399551719,"Taucorr":0.7702673166389455},"Iteration":24},
{"Acceptance":[0.10272727272727272],"Energy":{"Mean":-6.900705180796656,"Sigma":0.4142489121304417,"Taucorr":0.3212680265691955},"EnergyVariance":{"Mean":12.26335898277227,"Sigma":5.434986108405543,"Taucorr":0.23677015413039848},"Iteration":25},
{"Acceptance":[0.09272727272727273],"Energy":{"Mean":-5.92597079495896,"Sigma":0.23488335362169172,"Taucorr":0.5444899774461551},"EnergyVariance":{"Mean":2.6669154757786218,"Sigma":0.8288129398470657,"Taucorr":0.20358055261629515},"Iteration":26},
{"Acceptance":[0.13818181818181818],"Energy":{"Mean":-6.047716492096568,"Sigma":0.4213274937589204,"Taucorr":-0.03593645792635719},"EnergyVariance":{"Mean":20.33213432264753,"Sigma":7.721195455030815,"Taucorr":-0.016181329900275765},"Iteration":27},
{"Acceptance":[0.09045454545454545],"Energy":{"Mean":-6.5172093968086395,"Sigma":0.25937609136423934,"Taucorr":0.11630654091618753},"EnergyVariance":{"Mean":5.314861367427429,"Sigma":2.578478603348612,"Taucorr":0.5196004202614914},"Iteration":28},
{"Acceptance":[0.10181818181818182],"Energy":{"Mean":-6.2791579671448625,"Sigma":0.2539058277251833,"Taucorr":0.19949998915457956},"EnergyVariance":{"Mean":5.705336195137696,"Sigma":3.0827164935934337,"Taucorr":0.00033629979178917413},"Iteration":29},
{"Acceptance":[0.12090909090909091],"Energy":{"Mean":-6.446393824488,"Sigma":0.382763128471468,"Taucorr":0.1431930478287048},"EnergyVariance":{"Mean":10.96298259094387,"Sigma":5.466998610389745,"Taucorr":0.16512034522442343},"Iteration":30},
{"Acceptance":[0.10727272727272727],"Energy":{"Mean":-6.344931670350026,"Sigma":0.22585813638326688,"Taucorr":0.06528701350505672},"EnergyVariance":{"Mean":5.283051893933896,"Sigma":3.194728400643891,"Taucorr":0.01540675607334585},"Iteration":31},
{"Acceptance":[0.12954545454545455],"Energy":{"Mean":-6.551384013935603,"Sigma":0.2166777077646614,"Taucorr":0.05654468716041072},"EnergyVariance":{"Mean":4.238096685070927,"Sigma":2.0385614830873773,"Taucorr":-0.004862555590573359},"Iteration":32},
{"Acceptance":[0.14681818181818182],"Energy":{"Mean":-6.347246272993623,"Sigma":0.6818922982209149,"Taucorr":0.4924195003123192},"EnergyVariance":{"Mean":24.702875467389237,"Sigma":17.27922374596879,"Taucorr":0.4709466195789539},"Iteration":33},
{"Acceptance":[0.12318181818181818],"Energy":{"Mean":-6.565873697015824,"Sigma":0.16673389434311164,"Taucorr":0.4037021948424394},"EnergyVariance":{"Mean":1.4927769897242942,"Sigma":0.3194720576151419,"Taucorr":0.6316304546501794},"Iteration":34},
{"Acceptance":[0.11181818181818182],"Energy":{"Mean":-6.512569518161793,"Sigma":0.15617164898369112,"Taucorr":0.08131258929768437},"EnergyVariance":{"Mean":2.3613357271055264,"Sigma":0.7805573922523468,"Taucorr":0.4494536134187763},"Iteration":35},
{"Acceptance":[0.12954545454545455],"Energy":{"Mean":-6.86251005760695,"Sigma":0.212877288577132,"Taucorr":0.1375543490304073},"EnergyVariance":{"Mean":3.831794269887751,"Sigma":3.0069097862032903,"Taucorr":0.01752710499951149},"Iteration":36},
{"Acceptance":[0.11454545454545455],"Energy":{"Mean":-6.781281115981423,"Sigma":0.1876428676794867,"Taucorr":-0.18524666392722533},"EnergyVariance":{"Mean":5.898821048896086,"Sigma":2.9801730544516776,"Taucorr":0.10145641988439957},"Iteration":37},
{"Acceptance":[0.12227272727272727],"Energy":{"Mean":-6.413875150343517,"Sigma":0.15851980253198952,"Taucorr":0.4442864556424956},"EnergyVariance":{"Mean":1.2898654083672265,"Sigma":0.2339753417344151,"Taucorr":0.2598374109422532},"Iteration":38},
{"Acceptance":[0.12409090909090909],"Energy":{"Mean":-7.02256073923549,"Sigma":0.3406498810647374,"Taucorr":0.24271560741603693},"EnergyVariance":{"Mean":7.957946048232829,"Sigma":5.747152119426763,"Taucorr":0.5497713821072057},"Iteration":39},
{"Acceptance":[0.12772727272727272],"Energy":{"Mean":-6.945085857433522,"Sigma":0.3004601732677048,"Taucorr":0.595691950772967},"EnergyVariance":{"Mean":4.643494268100537,"Sigma":1.5211730854270844,"Taucorr":0.6060663700019209},"Iteration":40},
{"Acceptance":[0.13772727272727273],"Energy":{"Mean":-6.567880512437092,"Sigma":0.27912321409525537,"Taucorr":-0.08897703425545284},"EnergyVariance":{"Mean":10.479020140548434,"Sigma":4.264053096057873,"Taucorr":0.14443701290676347},"Iteration":41},
{"Acceptance":[0.1459090909090909],"Energy":{"Mean":-6.909167065276171,"Sigma":0.2918213481602325,"Taucorr":-0.004959349436162219},"EnergyVariance":{"Mean":8.889861627656925,"Sigma":3.4199541636733874,"Taucorr":-0.04206445636433087},"Iteration":42},
{"Acceptance":[0.1340909090909091],"Energy":{"Mean":-7.210967591033898,"Sigma":0.4795686640713038,"Taucorr":0.7997113360482975},"EnergyVariance":{"Mean":9.232776646246453,"Sigma":6.553166411772861,"Taucorr":0.9654077738823783},"Iteration":43},
{"Acceptance":[0.12818181818181817],"Energy":{"Mean":-7.037550398431923,"Sigma":0.19455598585533504,"Taucorr":-0.16790978538654067},"EnergyVariance":{"Mean":5.855957432780738,"Sigma":2.640519928144986,"Taucorr":0.07432338647419368},"Iteration":44},
{"Acceptance":[0.12636363636363637],"Energy":{"Mean":-7.40556858288353,"Sigma":0.39743923765899225,"Taucorr":0.6174756282305758},"EnergyVariance":{"Mean":7.478590117968924,"Sigma":3.9175152013594996,"Taucorr":0.552319037767238},"Iteration":45},
{"Acceptance":[0.14045454545454544],"Energy":{"Mean":-6.838566616229154,"Sigma":0.25329178807868663,"Taucorr":0.2709721839637117},"EnergyVariance":{"Mean":4.358935250080691,"Sigma":2.774950422517258,"Taucorr":0.6115120804169318},"Iteration":46},
{"Acceptance":[0.1509090909090909],"Energy":{"Mean":-7.1820831942332495,"Sigma":0.5307086152147241,"Taucorr":0.4428962114467917},"EnergyVariance":{"Mean":14.538050596204004,"Sigma":12.310310064934223,"Taucorr":0.19955868799262422},"Iteration":47},
{"Acceptance":[0.1431818181818182],"Energy":{"Mean":-6.92348024596823,"Sigma":0.21418994966027335,"Taucorr":-0.13949257414823707},"EnergyVariance":{"Mean":6.287477700251725,"Sigma":2.5246534540874026,"Taucorr":0.08764544393435325},"Iteration":48},
{"Acceptance":[0.13],"Energy":{"Mean":-7.212444003124106,"Sigma":0.2620645490486633,"Taucorr":-0.0894440701974269},"EnergyVariance":{"Mean":9.38659699297137,"Sigma":5.562476060273129,"Taucorr":0.046163859917822236},"Iteration":49},
{"Acceptance":[0.14772727272727273],"Energy":{"Mean":-7.111497904056548,"Sigma":0.22296411408396705,"Taucorr":0.030020043970789168},"EnergyVariance":{"Mean":4.519649027301435,"Sigma":2.965971588045141,"Taucorr":0.004229530725265662},"Iteration":50},
{"Acceptance":[0.14909090909090908],"Energy":{"Mean":-7.067500443285563,"Sigma":0.28301700062746926,"Taucorr":0.09007129988142104},"EnergyVariance":{"Mean":7.769151223077637,"Sigma":3.188506662951643,"Taucorr":0.0687019812101114},"Iteration":51},
{"Acceptance":[0.13363636363636364],"Energy":{"Mean":-6.890812068083299,"Sigma":0.1158055863965691,"Taucorr":0.18878827631747097},"EnergyVariance":{"Mean":0.9315924062487605,"Sigma":0.2006096757943331,"Taucorr":0.08405809877018944},"Iteration":52},
{"Acceptance":[0.1590909090909091],"Energy":{"Mean":-7.336545079048769,"Sigma":0.538570821973663,"Taucorr":0.4065472559455464},"EnergyVariance":{"Mean":17.90857498289275,"Sigma":9.204990351211842,"Taucorr":0.43514370255693047},"Iteration":53},
{"Acceptance":[0.1559090909090909],"Energy":{"Mean":-7.224753446460669,"Sigma":0.39532487091760515,"Taucorr":0.11168588378713884},"EnergyVariance":{"Mean":13.10775897905986,"Sigma":5.893327228354344,"Taucorr":0.4227579366204667},"Iteration":54},
{"Acceptance":[0.1709090909090909],"Energy":{"Mean":-7.225658682980387,"Sigma":0.82039171590225,"Taucorr":0.15140745821636137},"EnergyVariance":{"Mean":55.1559199432592,"Sigma":21.134287661888695,"Taucorr":0.1693284639050452},"Iteration":55},
{"Acceptance":[0.1440909090909091],"Energy":{"Mean":-6.879303764291034,"Sigma":0.25010732172463157,"Taucorr":0.7258955320617411},"EnergyVariance":{"Mean":2.7429450642563,"Sigma":0.9096853960101156,"Taucorr":0.5906837465487322},"Iteration":56},
{"Acceptance":[0.1431818181818182],"Energy":{"Mean":-7.139608042972893,"Sigma":0.16807086898228735,"Taucorr":0.5985619508845521},"EnergyVariance":{"Mean":1.2641093650973985,"Sigma":0.2967864311049995,"Taucorr":0.04945329475184801},"Iteration":57},
{"Acceptance":[0.14681818181818182],"Energy":{"Mean":-6.872602928291886,"Sigma":0.2657806070616767,"Taucorr":0.18298808726225324},"EnergyVariance":{"Mean":5.800568639579865,"Sigma":2.9388751816620884,"Taucorr":0.5015392915987704},"Iteration":58},
{"Acceptance":[0.15136363636363637],"Energy":{"Mean":-6.707002376924541,"Sigma":0.30615510652591926,"Taucorr":0.24663405415433193},"EnergyVariance":{"Mean":7.51122598594331,"Sigma":5.524289379039477,"Taucorr":-0.005651701533838149},"Iteration":59},
{"Acceptance":[0.1590909090909091],"Energy":{"Mean":-7.22575292873422,"Sigma":0.2466932506416104,"Taucorr":0.3682070921424542},"EnergyVariance":{"Mean":4.007687459884442,"Sigma":1.865775445858942,"Taucorr":0.24853750309632727},"Iteration":60},
{"Acceptance":[0.16045454545454546],"Energy":{"Mean":-7.194115784275684,"Sigma":0.2292535327850725,"Taucorr":0.04095765824094366},"EnergyVariance":{"Mean":4.677678247266661,"Sigma":1.8075701729668086,"Taucorr":0.3095322577982894},"Iteration":61},
{"Acceptance":[0.14772727272727273],"Energy":{"Mean":-6.98308170928325,"Sigma":0.2272283064605054,"Taucorr":0.5498230344606747},"EnergyVariance":{"Mean":2.374580060154408,"Sigma":0.4598200353448329,"Taucorr":0.08356836002587176},"Iteration":62},
{"Acceptance":[0.16727272727272727],"Energy":{"Mean":-7.015956692610468,"Sigma":0.23195306799093512,"Taucorr":0.07197074018972527},"EnergyVariance":{"Mean":5.570210858049897,"Sigma":1.7107999898763497,"Taucorr":0.11660796033851106},"Iteration":63},
{"Acceptance":[0.16590909090909092],"Energy":{"Mean":-6.700501159715931,"Sigma":0.198528339511514,"Taucorr":0.2284467407336619},"EnergyVariance":{"Mean":2.9497839634043093,"Sigma":0.9509804739561526,"Taucorr":0.26322391653744637},"Iteration":64},
{"Acceptance":[0.1481818181818182],"Energy":{"Mean":-7.061840698263504,"Sigma":0.17549568453694694,"Taucorr":0.0951049013675338},"EnergyVariance":{"Mean":2.507036885847893,"Sigma":0.7029938413273357,"Taucorr":0.0068316109669251945},"Iteration":65},
{"Acceptance":[0.17],"Energy":{"Mean":-6.524106584836265,"Sigma":0.30676478128529433,"Taucorr":-0.011753725679071014},"EnergyVariance":{"Mean":14.253699925246092,"Sigma":6.53192909459932,"Taucorr":0.02984706367592771},"Iteration":66},
{"Acceptance":[0.16272727272727272],"Energy":{"Mean":-7.18079424355253,"Sigma":0.31754244637548973,"Taucorr":0.133960999817466},"EnergyVariance":{"Mean":10.478602811657716,"Sigma":3.289449916946626,"Taucorr":0.27321145239943956},"Iteration":67},
{"Acceptance":[0.17545454545454545],"Energy":{"Mean":-7.4794758663355205,"Sigma":0.294433918000898,"Taucorr":0.11299506550694727},"EnergyVariance":{"Mean":6.823573833913507,"Sigma":3.5256896065924694,"Taucorr":0.2992749925146734},"Iteration":68},
{"Acceptance":[0.16136363636363638],"Energy":{"Mean":-7.61533070342636,"Sigma":0.3988773743307692,"Taucorr":0.11551677276469285},"EnergyVariance":{"Mean":12.612858543674978,"Sigma":5.193520025969486,"Taucorr":0.2545588071114232},"Iteration":69},
{"Acceptance":[0.15681818181818183],"Energy":{"Mean":-7.240274741979868,"Sigma":0.332770229435548,"Taucorr":0.36000056000300595},"EnergyVariance":{"Mean":6.758031875307379,"Sigma":2.467092467868174,"Taucorr":0.20811662039439427},"Iteration":70},
{"Acceptance":[0.17272727272727273],"Energy":{"Mean":-7.361503421166807,"Sigma":0.3767137837980802,"Taucorr":-0.02772683057824521},"EnergyVariance":{"Mean":17.819078449324774,"Sigma":9.188108906494673,"Taucorr":0.104297033020043},"Iteration":71},
{"Acceptance":[0.15863636363636363],"Energy":{"Mean":-6.962677445342274,"Sigma":0.26707315591371655,"Taucorr":0.23695033156651757},"EnergyVariance":{"Mean":4.620577291972172,"Sigma":1.7170551625306532,"Taucorr":0.3926956193885054},"Iteration":72},
{"Acceptance":[0.15227272727272728],"Energy":{"Mean":-6.7702557599549325,"Sigma":0.18792385829760663,"Taucorr":0.10843815846261506},"EnergyVariance":{"Mean":2.7875779638083342,"Sigma":1.0622197471138184,"Taucorr":0.38499317583650494},"Iteration":73},
{"Acceptance":[0.15227272727272728],"Energy":{"Mean":-7.090214367479104,"Sigma":0.2043414652697168,"Taucorr":0.22562598778166998},"EnergyVariance":{"Mean":2.7567157034316905,"Sigma":1.133564054241907,"Taucorr":0.2378194708795971},"Iteration":74},
{"Acceptance":[0.17045454545454544],"Energy":{"Mean":-7.4170725557897725,"Sigma":0.26483451717856854,"Taucorr":-0.12540009318044187},"EnergyVariance":{"Mean":9.014247766756096,"Sigma":5.144388897893099,"Taucorr":0.2688558169431319},"Iteration":75},
{"Acceptance":[0.15954545454545455],"Energy":{"Mean":-7.454563053841454,"Sigma":0.21674352003442282,"Taucorr":-0.01562520897156211},"EnergyVariance":{"Mean":4.635289554880217,"Sigma":2.577892107908337,"Taucorr":0.5522337238851525},"Iteration":76},
{"Acceptance":[0.1590909090909091],"Energy":{"Mean":-7.102948549430481,"Sigma":0.15895475353933433,"Taucorr":-0.13817182220912827},"EnergyVariance":{"Mean":3.3355453337049576,"Sigma":1.173809684201649,"Taucorr":0.1443068551639064},"Iteration":77},
{"Acceptance":[0.1368181818181818],"Energy":{"Mean":-7.306294731637887,"Sigma":0.25916620277083524,"Taucorr":0.2889271545854124},"EnergyVariance":{"Mean":4.959324756388497,"Sigma":2.0995916006586812,"Taucorr":0.5187264223363577},"Iteration":78},
{"Acceptance":[0.14545454545454545],"Energy":{"Mean":-7.469964044425574,"Sigma":0.19917528813122795,"Taucorr":0.22473346530504912},"EnergyVariance":{"Mean":2.6237880485712632,"Sigma":0.7519867473765696,"Taucorr":-0.029806443216542355},"Iteration":79},
{"Acceptance":[0.16454545454545455],"Energy":{"Mean":-7.304066290075914,"Sigma":0.3240440920704588,"Taucorr":0.2311036371541636},"EnergyVariance":{"Mean":6.861088527768579,"Sigma":2.7558995416750767,"Taucorr":0.49508049626937867},"Iteration":80},
{"Acceptance":[0.15863636363636363],"Energy":{"Mean":-7.061878112749822,"Sigma":0.20936575264026525,"Taucorr":0.27655900189358895},"EnergyVariance":{"Mean":2.692336216556318,"Sigma":0.866696666291993,"Taucorr":0.43122538134665256},"Iteration":81},
{"Acceptance":[0.1409090909090909],"Energy":{"Mean":-7.407278641374453,"Sigma":0.3372730838858476,"Taucorr":0.501230643127768},"EnergyVariance":{"Mean":5.41957524573849,"Sigma":2.2058213282589563,"Taucorr":0.44924404117085825},"Iteration":82},
{"Acceptance":[0.15409090909090908],"Energy":{"Mean":-7.69340285042242,"Sigma":0.33291095559056194,"Taucorr":0.1534938427113437},"EnergyVariance":{"Mean":8.0838570507806,"Sigma":3.0550637128734053,"Taucorr":0.0754235407428786},"Iteration":83},
{"Acceptance":[0.1590909090909091],"Energy":{"Mean":-7.371432717457184,"Sigma":0.23992910674396728,"Taucorr":0.03806690919513289},"EnergyVariance":{"Mean":5.100577902468168,"Sigma":2.0889383600343523,"Taucorr":0.1922215461785528},"Iteration":84},
{"Acceptance":[0.16454545454545455],"Energy":{"Mean":-6.950006060554152,"Sigma":0.2169685948250401,"Taucorr":0.11602520297605323},"EnergyVariance":{"Mean":3.647853469456149,"Sigma":0.9884110549298001,"Taucorr":0.0017765669771210302},"Iteration":85},
{"Acceptance":[0.15636363636363637],"Energy":{"Mean":-7.104904073207588,"Sigma":0.27988777065246434,"Taucorr":-0.15841104679957713},"EnergyVariance":{"Mean":16.414510019897218,"Sigma":10.734692674367905,"Taucorr":0.005598737312280111},"Iteration":86},
{"Acceptance":[0.165],"Energy":{"Mean":-6.858496114247228,"Sigma":0.1635480600376775,"Taucorr":0.07448953680879267},"EnergyVariance":{"Mean":2.2314706077987343,"Sigma":0.48289390920408676,"Taucorr":0.034661159752231385},"Iteration":87},
{"Acceptance":[0.1640909090909091],"Energy":{"Mean":-7.160645420857769,"Sigma":0.17662027250364154,"Taucorr":-0.17458478512419495},"EnergyVariance":{"Mean":4.582798662899759,"Sigma":2.6469793908073673,"Taucorr":0.21631870281752597},"Iteration":88},
{"Acceptance":[0.15272727272727274],"Energy":{"Mean":-7.6319233384948,"Sigma":0.3555627848518202,"Taucorr":0.29227755663956634},"EnergyVariance":{"Mean":7.629750780455341,"Sigma":4.7814058199961975,"Taucorr":0.48176840310895364},"Iteration":89},
{"Acceptance":[0.18272727272727274],"Energy":{"Mean":-7.61460794971245,"Sigma":0.35060551048777816,"Taucorr":0.29611291455916744},"EnergyVariance":{"Mean":8.666754888348748,"Sigma":2.586970371455027,"Taucorr":0.2990057648027522},"Iteration":90},
{"Acceptance":[0.15863636363636363],"Energy":{"Mean":-7.583331559520538,"Sigma":0.3722247514255978,"Taucorr":0.24601138556044566},"EnergyVariance":{"Mean":8.867696479576143,"Sigma":5.651498106872462,"Taucorr":0.4989163722951898},"Iteration":91},
{"Acceptance":[0.16545454545454547],"Energy":{"Mean":-7.2485041385720494,"Sigma":0.23169824587229026,"Taucorr":-0.06665272130887595},"EnergyVariance":{"Mean":12.316579805681851,"Sigma":4.28864897783894,"Taucorr":0.3659363389803242},"Iteration":92},
{"Acceptance":[0.13636363636363635],"Energy":{"Mean":-7.412483345803592,"Sigma":0.5203207043506175,"Taucorr":0.9653715073019531},"EnergyVariance":{"Mean":8.803394626636239,"Sigma":5.281754951392195,"Taucorr":0.9776050433219379},"Iteration":93},
{"Acceptance":[0.1640909090909091],"Energy":{"Mean":-6.998601777710708,"Sigma":0.253330931635567,"Taucorr":0.1360383764318729},"EnergyVariance":{"Mean":4.8098064898657515,"Sigma":1.2513369063900608,"Taucorr":0.02717702862946425},"Iteration":94},
{"Acceptance":[0.1640909090909091],"Energy":{"Mean":-7.649152417582631,"Sigma":0.2632791505180865,"Taucorr":0.21377621887379683},"EnergyVariance":{"Mean":4.629798514404251,"Sigma":1.6534420857500116,"Taucorr":0.3118178575319468},"Iteration":95},
{"Acceptance":[0.16727272727272727],"Energy":{"Mean":-6.9228544022519,"Sigma":0.3049709451054002,"Taucorr":0.3485003100138889},"EnergyVariance":{"Mean":5.214535984432126,"Sigma":1.3229547997953606,"Taucorr":-0.048683632335164706},"Iteration":96},
{"Acceptance":[0.15181818181818182],"Energy":{"Mean":-7.4730035053314845,"Sigma":0.1817870367929327,"Taucorr":-0.13106960506744098},"EnergyVariance":{"Mean":9.995849983635122,"Sigma":4.249914532002957,"Taucorr":0.13358031709585372},"Iteration":97},
{"Acceptance":[0.16227272727272726],"Energy":{"Mean":-7.823397834874941,"Sigma":0.294034367350069,"Taucorr":0.006541670783473341},"EnergyVariance":{"Mean":8.155202559200943,"Sigma":4.114050100776865,"Taucorr":0.12979917014701947},"Iteration":98},
{"Acceptance":[0.15545454545454546],"Energy":{"Mean":-7.332671287340226,"Sigma":0.3511156904415167,"Taucorr":0.20649482015624843},"EnergyVariance":{"Mean":8.312416527589706,"Sigma":4.238335786849504,"Taucorr":0.005244648890148529},"Iteration":99} 
]}
{"input": {"L": 10, "J": 1, "machine": {"type": "FFNN", "model": ["tanh", 55, 1]}, "sampler": {"type": "MetropolisHop", "d_max": 5}, "optimizer": {"type": "AdaMax", "alpha": 0.001, "beta1": 0.9, "beta2": 0.999, "epscut": 1e-07}, "VMC": {"n_samples": 100, "discarded_samples": 100, "discarded_samples_on_init": 0, "target": "energy", "method": "Gd", "diag_shift": 0.01, "use_iterative": true, "use_cholesky": true}, "n_iter": 100}}
duration: -0.4375641345977783