{"Output": [
{"Acceptance":[0.8946153846153846],"Energy":{"Mean":10.749807980466468,"Sigma":0.24073738009338597,"Taucorr":0.04259398335071374},"EnergyVariance":{"Mean":5.306467482272338,"Sigma":0.6897280272926753,"Taucorr":0.1140069521454774},"Iteration":0},
{"Acceptance":[0.8703846153846154],"Energy":{"Mean":10.115428783601546,"Sigma":0.26944618678711446,"Taucorr":-0.015427971137188523},"EnergyVariance":{"Mean":7.516141981209827,"Sigma":1.2350514989302495,"Taucorr":0.07249245767836299},"Iteration":1},
{"Acceptance":[0.8457692307692307],"Energy":{"Mean":10.008305406910651,"Sigma":0.19632404914094037,"Taucorr":-0.0804516148508187},"EnergyVariance":{"Mean":5.169521880915386,"Sigma":0.5444340345046388,"Taucorr":0.011534924674058145},"Iteration":2},
{"Acceptance":[0.8396153846153847],"Energy":{"Mean":9.803467220143219,"Sigma":0.2969728869044346,"Taucorr":0.07771017002970304},"EnergyVariance":{"Mean":8.14002741840851,"Sigma":0.8507951382394732,"Taucorr":0.011228567463849926},"Iteration":3},
{"Acceptance":[0.8376923076923077],"Energy":{"Mean":9.892781425079079,"Sigma":0.2940861419492311,"Taucorr":0.0752246690160272},"EnergyVariance":{"Mean":8.171384610829215,"Sigma":0.8084928705468056,"Taucorr":-0.09392773982201247},"Iteration":4},
{"Acceptance":[0.7953846153846154],"Energy":{"Mean":9.620702466671789,"Sigma":0.25103773833560017,"Taucorr":-0.08911450618612449},"EnergyVariance":{"Mean":8.751139755961859,"Sigma":1.1175523655942297,"Taucorr":0.08319700400070451},"Iteration":5},
{"Acceptance":[0.7815384615384615],"Energy":{"Mean":9.403488781942059,"Sigma":0.29438455768107646,"Taucorr":0.1270251397268478},"EnergyVariance":{"Mean":8.57096579460983,"Sigma":1.1521170628630886,"Taucorr":0.2272328667407877},"Iteration":6},
{"Acceptance":[0.7769230769230769],"Energy":{"Mean":8.869123450090195,"Sigma":0.27732152785994424,"Taucorr":0.017180274737364165},"EnergyVariance":{"Mean":9.68689320634842,"Sigma":0.9899436817817541,"Taucorr":-0.02333705021614113},"Iteration":7},
{"Acceptance":[0.7642307692307693],"Energy":{"Mean":8.931536856684131,"Sigma":0.283460400517779,"Taucorr":-0.01513031795511982},"EnergyVariance":{"Mean":10.329077028875384,"Sigma":1.2742532161944922,"Taucorr":0.04895116257349286},"Iteration":8},
{"Acceptance":[0.7419230769230769],"Energy":{"Mean":8.723399561096796,"Sigma":0.2873030867213165,"Taucorr":0.014056439560469647},"EnergyVariance":{"Mean":9.826465536802008,"Sigma":1.058197156063496,"Taucorr":0.0031390969224246446},"Iteration":9},
{"Acceptance":[0.7457692307692307],"Energy":{"Mean":8.47567154646445,"Sigma":0.3354362759413326,"Taucorr":0.15338891799857746},"EnergyVariance":{"Mean":11.12106582818043,"Sigma":1.3678460840586413,"Taucorr":0.12670192283832804},"Iteration":10},
{"Acceptance":[0.7076923076923077],"Energy":{"Mean":7.73814641963434,"Sigma":0.3279858214979347,"Taucorr":0.23166667056060863},"EnergyVariance":{"Mean":10.548627552412611,"Sigma":1.2038548256133723,"Taucorr":0.08459256670140314},"Iteration":11},
{"Acceptance":[0.698076923076923],"Energy":{"Mean":7.895242877708801,"Sigma":0.36748025439322884,"Taucorr":0.25578456090846347},"EnergyVariance":{"Mean":10.786534460167731,"Sigma":1.1840355355472876,"Taucorr":-0.14511706176836953},"Iteration":12},
{"Acceptance":[0.6988461538461539],"Energy":{"Mean":7.148777284253509,"Sigma":0.3608994269031403,"Taucorr":0.2634572596142357},"EnergyVariance":{"Mean":11.22662609947668,"Sigma":1.3361633967834117,"Taucorr":0.07039730464128802},"Iteration":13},
{"Acceptance":[0.6757692307692308],"Energy":{"Mean":7.016033973403845,"Sigma":0.31681631262260357,"Taucorr":0.06442290627992264},"EnergyVariance":{"Mean":11.155498964210684,"Sigma":1.238232668249052,"Taucorr":-0.07045454123981193},"Iteration":14},
{"Acceptance":[0.6584615384615384],"Energy":{"Mean":7.025414577005031,"Sigma":0.3311232235891932,"Taucorr":0.06419543889736701},"EnergyVariance":{"Mean":13.166274330676194,"Sigma":1.4641583013326573,"Taucorr":0.14891407454654992},"Iteration":15},
{"Acceptance":[0.6269230769230769],"Energy":{"Mean":5.800810441264888,"Sigma":0.3984561229862426,"Taucorr":0.3133642949587685},"EnergyVariance":{"Mean":13.801368770674989,"Sigma":1.5757890460796304,"Taucorr":0.13924893065115684},"Iteration":16},
{"Acceptance":[0.5957692307692307],"Energy":{"Mean":5.672109545683151,"Sigma":0.3348173405808819,"Taucorr":0.10635893570013621},"EnergyVariance":{"Mean":13.165523522730851,"Sigma":1.6074329158533607,"Taucorr":0.20514325057864935},"Iteration":17},
{"Acceptance":[0.6203846153846154],"Energy":{"Mean":5.735276133180864,"Sigma":0.4038924599387546,"Taucorr":0.2670459856775338},"EnergyVariance":{"Mean":15.136998475938386,"Sigma":1.4873528429944298,"Taucorr":-0.046962666106284856},"Iteration":18},
{"Acceptance":[0.6057692307692307],"Energy":{"Mean":5.561036062199939,"Sigma":0.45087297536664406,"Taucorr":0.2908036953893116},"EnergyVariance":{"Mean":16.67535693109421,"Sigma":1.5064061870372047,"Taucorr":-0.13232979318617755},"Iteration":19},
{"Acceptance":[0.5853846153846154],"Energy":{"Mean":5.054295073164369,"Sigma":0.48185098232601065,"Taucorr":0.49652583630618163},"EnergyVariance":{"Mean":18.130921276159988,"Sigma":1.827598747118948,"Taucorr":-0.030446543764839407},"Iteration":20},
{"Acceptance":[0.563076923076923],"Energy":{"Mean":5.430370894971793,"Sigma":0.33965658270932564,"Taucorr":0.06582876820301276},"EnergyVariance":{"Mean":14.643197355858247,"Sigma":1.7185681182547958,"Taucorr":-0.07615570675236627},"Iteration":21},
{"Acceptance":[0.5323076923076923],"Energy":{"Mean":3.8375077951327228,"Sigma":0.38638391035500047,"Taucorr":0.3311852325481548},"EnergyVariance":{"Mean":13.65767580631887,"Sigma":1.6032305152030566,"Taucorr":0.09384828456068961},"Iteration":22},
{"Acceptance":[0.5446153846153846],"Energy":{"Mean":4.567954435901741,"Sigma":0.351787240484949,"Taucorr":0.05291203320769633},"EnergyVariance":{"Mean":16.999770307663326,"Sigma":1.5645387479053674,"Taucorr":-0.014004448901574429},"Iteration":23},
{"Acceptance":[0.5103846153846154],"Energy":{"Mean":3.5100187745564124,"Sigma":0.28641744776351596,"Taucorr":-0.019343500134808178},"EnergyVariance":{"Mean":15.385587666891375,"Sigma":1.3122759874406138,"Taucorr":-0.15588057988416487},"Iteration":24},
{"Acceptance":[0.5346153846153846],"Energy":{"Mean":3.8542327470973907,"Sigma":0.43089885017571333,"Taucorr":0.22100119128650808},"EnergyVariance":{"Mean":20.618981455022862,"Sigma":3.1413206040793455,"Taucorr":0.2059467241220282},"Iteration":25},
{"Acceptance":[0.5184615384615384],"Energy":{"Mean":2.353331674552936,"Sigma":0.32046972341356483,"Taucorr":-0.0008316602454313538},"EnergyVariance":{"Mean":18.49206906511299,"Sigma":2.452941249933686,"Taucorr":0.15621863677524161},"Iteration":26},
{"Acceptance":[0.5019230769230769],"Energy":{"Mean":3.0556475954564872,"Sigma":0.4770211727409266,"Taucorr":0.38876724085724423},"EnergyVariance":{"Mean":18.89651482049532,"Sigma":2.178161582084438,"Taucorr":0.19172111648233692},"Iteration":27},
{"Acceptance":[0.4803846153846154],"Energy":{"Mean":2.9327745648591823,"Sigma":0.4601168795458515,"Taucorr":0.42814570710681066},"EnergyVariance":{"Mean":17.552463911792895,"Sigma":2.0490114411859084,"Taucorr":0.06744107431910062},"Iteration":28},
{"Acceptance":[0.4626923076923077],"Energy":{"Mean":2.614754286234923,"Sigma":0.3153847747751008,"Taucorr":0.09973085531921522},"EnergyVariance":{"Mean":17.81243875349683,"Sigma":2.0639258147658195,"Taucorr":0.04923345204754881},"Iteration":29},
{"Acceptance":[0.45615384615384613],"Energy":{"Mean":1.436171159741831,"Sigma":0.4169176818999389,"Taucorr":0.4137404408191817},"EnergyVariance":{"Mean":15.970117845384152,"Sigma":1.95674456377112,"Taucorr":0.01804156822944336},"Iteration":30},
{"Acceptance":[0.4503846153846154],"Energy":{"Mean":1.8286693976058055,"Sigma":0.4115980220958082,"Taucorr":0.34272347957818394},"EnergyVariance":{"Mean":18.58643027329684,"Sigma":2.688345537297127,"Taucorr":0.18743454164279016},"Iteration":31},
{"Acceptance":[0.445],"Energy":{"Mean":1.505683425038771,"Sigma":0.39695385703604,"Taucorr":0.23277821893859396},"EnergyVariance":{"Mean":18.877921399815456,"Sigma":2.2680399556429736,"Taucorr":0.10710135617829686},"Iteration":32},
{"Acceptance":[0.44384615384615383],"Energy":{"Mean":1.087343479211204,"Sigma":0.43847842589872255,"Taucorr":0.3736135253046611},"EnergyVariance":{"Mean":20.481308739740232,"Sigma":2.6969770875249472,"Taucorr":0.09026202648986881},"Iteration":33},
{"Acceptance":[0.43961538461538463],"Energy":{"Mean":1.0632740341664941,"Sigma":0.32411876511775756,"Taucorr":0.06689626630136913},"EnergyVariance":{"Mean":14.371328483385327,"Sigma":1.4754883589029961,"Taucorr":-0.047464694335111524},"Iteration":34},
{"Acceptance":[0.4196153846153846],"Energy":{"Mean":0.35941644198364653,"Sigma":0.461634455684321,"Taucorr":0.38437332123126566},"EnergyVariance":{"Mean":18.557603230957515,"Sigma":2.7781553083595534,"Taucorr":0.13885706807533504},"Iteration":35},
{"Acceptance":[0.42230769230769233],"Energy":{"Mean":0.33120970759195467,"Sigma":0.5046130257165852,"Taucorr":0.4643095525812809},"EnergyVariance":{"Mean":19.616910130829012,"Sigma":1.980395409492873,"Taucorr":-0.08873313564393054},"Iteration":36},
{"Acceptance":[0.4226923076923077],"Energy":{"Mean":0.11306663016554053,"Sigma":0.37320339771043176,"Taucorr":0.3782450766254932},"EnergyVariance":{"Mean":15.4169696735946,"Sigma":2.0207954375338213,"Taucorr":0.08654777935418823},"Iteration":37},
{"Acceptance":[0.4169230769230769],"Energy":{"Mean":-0.7909855570399582,"Sigma":0.348931466464762,"Taucorr":0.178636552072584},"EnergyVariance":{"Mean":15.002872175583198,"Sigma":2.602722934416609,"Taucorr":0.2908140253062288},"Iteration":38},
{"Acceptance":[0.3842307692307692],"Energy":{"Mean":-1.1616478990391992,"Sigma":0.3611215393305654,"Taucorr":0.35433310209241686},"EnergyVariance":{"Mean":13.17287332728459,"Sigma":1.5721585612646152,"Taucorr":0.10255528575051365},"Iteration":39},
{"Acceptance":[0.4176923076923077],"Energy":{"Mean":-0.7205061772272812,"Sigma":0.28493770285747794,"Taucorr":-0.04707961326108384},"EnergyVariance":{"Mean":16.767794242556292,"Sigma":2.5525694639244345,"Taucorr":0.025579819864373077},"Iteration":40},
{"Acceptance":[0.3861538461538462],"Energy":{"Mean":-2.062929317739576,"Sigma":0.34230767710501525,"Taucorr":0.18401493416370351},"EnergyVariance":{"Mean":14.854805997934896,"Sigma":1.987863005865224,"Taucorr":-0.008014178566250696},"Iteration":41},
{"Acceptance":[0.36653846153846154],"Energy":{"Mean":-2.1546769523544045,"Sigma":0.4471370900796117,"Taucorr":0.3704638651225365},"EnergyVariance":{"Mean":15.5883606653167,"Sigma":2.8922540775246683,"Taucorr":0.11336866819838876},"Iteration":42},
{"Acceptance":[0.3823076923076923],"Energy":{"Mean":-1.7583033450189558,"Sigma":0.6304020443159242,"Taucorr":0.6823158379161998},"EnergyVariance":{"Mean":22.886325959956384,"Sigma":5.046677381259877,"Taucorr":0.698046496221159},"Iteration":43},
{"Acceptance":[0.3596153846153846],"Energy":{"Mean":-3.1585006812592376,"Sigma":0.5037676542329288,"Taucorr":0.6927982026666657},"EnergyVariance":{"Mean":15.713746437395113,"Sigma":1.8919632977033263,"Taucorr":0.2570024272981749},"Iteration":44},
{"Acceptance":[0.3696153846153846],"Energy":{"Mean":-2.4630394423267514,"Sigma":0.3721953227519602,"Taucorr":0.38766931124040915},"EnergyVariance":{"Mean":13.761076893413607,"Sigma":1.4589777610317947,"Taucorr":-0.0804706347830344},"Iteration":45},
{"Acceptance":[0.15692307692307692],"Energy":{"Mean":-6.478434039247034,"Sigma":0.5049115767466611,"Taucorr":0.7710376163251493},"EnergyVariance":{"Mean":11.04484505919516,"Sigma":4.030488415761404,"Taucorr":0.44223702398049536},"Iteration":46},
{"Acceptance":[0.11153846153846154],"Energy":{"Mean":-5.736222618831799,"Sigma":0.4875830514007175,"Taucorr":0.7288696594417035},"EnergyVariance":{"Mean":13.193630548594939,"Sigma":2.9090269131568482,"Taucorr":0.4024624489605825},"Iteration":47},
{"Acceptance":[0.033846153846153845],"Energy":{"Mean":-7.863456016368479,"Sigma":0.04547883068366927,"Taucorr":0.4777295612586885},"EnergyVariance":{"Mean":0.11592845889575308,"Sigma":0.06743664316569986,"Taucorr":0.48299668487049696},"Iteration":48},
{"Acceptance":[0.004615384615384616],"Energy":{"Mean":-7.893646505184182,"Sigma":0.055835308815157476,"Taucorr":0.3519737742770461},"EnergyVariance":{"Mean":0.1874496732264503,"Sigma":0.16635588340517937,"Taucorr":0.14053556407159007},"Iteration":49},
{"Acceptance":[0.0015384615384615385],"Energy":{"Mean":-7.985338838450854,"Sigma":0.0,"Taucorr":null},"EnergyVariance":{"Mean":0.0024227910737199343,"Sigma":0.0,"Taucorr":null},"Iteration":50},
{"Acceptance":[0.0038461538461538464],"Energy":{"Mean":-7.873908968879349,"Sigma":0.07356243953428479,"Taucorr":0.6473429951690817},"EnergyVariance":{"Mean":0.22535874654779156,"Sigma":0.1258215297629138,"Taucorr":0.6473429951690821},"Iteration":51},
{"Acceptance":[0.009230769230769232],"Energy":{"Mean":-7.877377401853363,"Sigma":0.07431874193994878,"Taucorr":0.6473429951690821},"EnergyVariance":{"Mean":0.22941064817742782,"Sigma":0.12843541631426372,"Taucorr":0.6473429951690821},"Iteration":52},
{"Acceptance":[0.005384615384615384],"Energy":{"Mean":-7.857838507665388,"Sigma":0.07590852420873859,"Taucorr":0.5309512178100351},"EnergyVariance":{"Mean":0.26591129675265757,"Sigma":0.12847506555705146,"Taucorr":0.5309512178100357},"Iteration":53},
{"Acceptance":[0.0015384615384615385],"Energy":{"Mean":-7.795936794595203,"Sigma":0.11511302979015708,"Taucorr":1.219413549039434},"EnergyVariance":{"Mean":0.36632947919573344,"Sigma":0.18048288378936175,"Taucorr":1.2194135490394336},"Iteration":54},
{"Acceptance":[0.003076923076923077],"Energy":{"Mean":-7.790817266161684,"Sigma":0.11803119322160402,"Taucorr":1.3332899340783355},"EnergyVariance":{"Mean":0.36484920156480277,"Sigma":0.1833812623121088,"Taucorr":1.3343672270272162},"Iteration":55},
{"Acceptance":[0.0],"Energy":{"Mean":-8.000170334948038,"Sigma":0.0,"Taucorr":null},"EnergyVariance":{"Mean":0.0001402722989118374,"Sigma":0.0,"Taucorr":null},"Iteration":56},
{"Acceptance":[0.0],"Energy":{"Mean":-7.999343881487442,"Sigma":0.0,"Taucorr":null},"EnergyVariance":{"Mean":0.00010530443376528588,"Sigma":0.0,"Taucorr":null},"Iteration":57},
{"Acceptance":[0.0],"Energy":{"Mean":-7.998838605728441,"Sigma":0.0,"Taucorr":null},"EnergyVariance":{"Mean":8.281526079024304e-05,"Sigma":0.0,"Taucorr":null},"Iteration":58},
{"Acceptance":[0.0007692307692307692],"Energy":{"Mean":-7.998552217914183,"Sigma":0.0,"Taucorr":null},"EnergyVariance":{"Mean":6.812579995031256e-05,"Sigma":0.0,"Taucorr":null},"Iteration":59},
{"Acceptance":[0.0],"Energy":{"Mean":-7.998417977828119,"Sigma":0.0,"Taucorr":null},"EnergyVariance":{"Mean":5.8413131915538766e-05,"Sigma":0.0,"Taucorr":null},"Iteration":60},
{"Acceptance":[0.0],"Energy":{"Mean":-7.998391750172325,"Sigma":0.0,"Taucorr":null},"EnergyVariance":{"Mean":5.193359694761673e-05,"Sigma":0.0,"Taucorr":null},"Iteration":61},
{"Acceptance":[0.0007692307692307692],"Energy":{"Mean":-7.998443492544503,"Sigma":0.0,"Taucorr":null},"EnergyVariance":{"Mean":4.758211731397037e-05,"Sigma":0.0,"Taucorr":null},"Iteration":62},
{"Acceptance":[0.0],"Energy":{"Mean":-7.998551847577718,"Sigma":0.0,"Taucorr":null},"EnergyVariance":{"Mean":4.463995525356763e-05,"Sigma":0.0,"Taucorr":null},"Iteration":63},
{"Acceptance":[0.0015384615384615385],"Energy":{"Mean":-7.9602506677151474,"Sigma":0.026590773319815856,"Taucorr":-0.016651248843662647},"EnergyVariance":{"Mean":0.06967224446877111,"Sigma":0.047130920265863185,"Taucorr":-0.016651248843663535},"Iteration":64},
{"Acceptance":[0.0007692307692307692],"Energy":{"Mean":-7.998877163618813,"Sigma":0.0,"Taucorr":null},"EnergyVariance":{"Mean":3.99726007363262e-05,"Sigma":0.0,"Taucorr":null},"Iteration":65},
{"Acceptance":[0.0],"Energy":{"Mean":-7.999067100597392,"Sigma":0.0,"Taucorr":null},"EnergyVariance":{"Mean":3.791687764272433e-05,"Sigma":0.0,"Taucorr":null},"Iteration":66},
{"Acceptance":[0.0],"Energy":{"Mean":-7.999262951077061,"Sigma":0.0,"Taucorr":null},"EnergyVariance":{"Mean":3.6273103705954296e-05,"Sigma":0.0,"Taucorr":null},"Iteration":67},
{"Acceptance":[0.0],"Energy":{"Mean":-7.99945898264434,"Sigma":0.0,"Taucorr":null},"EnergyVariance":{"Mean":3.491458987091342e-05,"Sigma":0.0,"Taucorr":null},"Iteration":68},
{"Acceptance":[0.0007692307692307692],"Energy":{"Mean":-8.000745665990886,"Sigma":0.0010946596815480253,"Taucorr":1.5652173913043699},"EnergyVariance":{"Mean":0.0006138735213570797,"Sigma":0.0005789185384139909,"Taucorr":1.5652173913043472},"Iteration":69},
{"Acceptance":[0.0007692307692307692],"Energy":{"Mean":-8.001974734427108,"Sigma":0.0014998965674494636,"Taucorr":1.3265405820363803},"EnergyVariance":{"Mean":0.0010000047734464996,"Sigma":0.000673055663578706,"Taucorr":1.3265405820364295},"Iteration":70},
{"Acceptance":[0.0],"Energy":{"Mean":-7.999991901248463,"Sigma":0.0,"Taucorr":null},"EnergyVariance":{"Mean":3.2098416548067825e-05,"Sigma":0.0,"Taucorr":null},"Iteration":71},
{"Acceptance":[0.0007692307692307692],"Energy":{"Mean":-8.000145711724288,"Sigma":0.0,"Taucorr":null},"EnergyVariance":{"Mean":3.143975991653933e-05,"Sigma":0.0,"Taucorr":null},"Iteration":72},
{"Acceptance":[0.0],"Energy":{"Mean":-8.000290216242663,"Sigma":0.0,"Taucorr":null},"EnergyVariance":{"Mean":3.083304492619526e-05,"Sigma":0.0,"Taucorr":null},"Iteration":73},
{"Acceptance":[0.0],"Energy":{"Mean":-8.000424996243162,"Sigma":0.0,"Taucorr":null},"EnergyVariance":{"Mean":3.0269788668728246e-05,"Sigma":0.0,"Taucorr":null},"Iteration":74},
{"Acceptance":[0.0],"Energy":{"Mean":-8.000549959850218,"Sigma":0.0,"Taucorr":null},"EnergyVariance":{"Mean":2.9744741346924724e-05,"Sigma":0.0,"Taucorr":null},"Iteration":75},
{"Acceptance":[0.0007692307692307692],"Energy":{"Mean":-8.000665255332196,"Sigma":0.0,"Taucorr":null},"EnergyVariance":{"Mean":2.925460783508441e-05,"Sigma":0.0,"Taucorr":null},"Iteration":76},
{"Acceptance":[0.0],"Energy":{"Mean":-8.00077120109345,"Sigma":0.0,"Taucorr":null},"EnergyVariance":{"Mean":2.8797212647620946e-05,"Sigma":0.0,"Taucorr":null},"Iteration":77},
{"Acceptance":[0.0],"Energy":{"Mean":-8.000868230240412,"Sigma":0.0,"Taucorr":null},"EnergyVariance":{"Mean":2.8370971802085487e-05,"Sigma":0.0,"Taucorr":null},"Iteration":78},
{"Acceptance":[0.0],"Energy":{"Mean":-8.00095684761352,"Sigma":0.0,"Taucorr":null},"EnergyVariance":{"Mean":2.797457264509753e-05,"Sigma":0.0,"Taucorr":null},"Iteration":79},
{"Acceptance":[0.0],"Energy":{"Mean":-8.001037597196213,"Sigma":0.0,"Taucorr":null},"EnergyVariance":{"Mean":2.7606791142980835e-05,"Sigma":0.0,"Taucorr":null},"Iteration":80},
{"Acceptance":[0.0],"Energy":{"Mean":-8.00111103795839,"Sigma":0.0,"Taucorr":null},"EnergyVariance":{"Mean":2.7266397371232364e-05,"Sigma":0.0,"Taucorr":null},"Iteration":81},
{"Acceptance":[0.0007692307692307692],"Energy":{"Mean":-8.001177726412257,"Sigma":0.0,"Taucorr":null},"EnergyVariance":{"Mean":2.69521155028023e-05,"Sigma":0.0,"Taucorr":null},"Iteration":82},
{"Acceptance":[0.0],"Energy":{"Mean":-8.001238204409885,"Sigma":0.0,"Taucorr":null},"EnergyVariance":{"Mean":2.6662615776302876e-05,"Sigma":0.0,"Taucorr":null},"Iteration":83},
{"Acceptance":[0.0],"Energy":{"Mean":-8.001292990962668,"Sigma":0.0,"Taucorr":null},"EnergyVariance":{"Mean":2.639652379025166e-05,"Sigma":0.0,"Taucorr":null},"Iteration":84},
{"Acceptance":[0.0],"Energy":{"Mean":-8.001342577094604,"Sigma":0.0,"Taucorr":null},"EnergyVariance":{"Mean":2.61524378857326e-05,"Sigma":0.0,"Taucorr":null},"Iteration":85},
{"Acceptance":[0.0019230769230769232],"Energy":{"Mean":-7.815157622488363,"Sigma":0.10683804591722088,"Taucorr":1.1170451643515087},"EnergyVariance":{"Mean":0.33534720529849493,"Sigma":0.17215514588537137,"Taucorr":1.110342898096587},"Iteration":86},
{"Acceptance":[0.0019230769230769232],"Energy":{"Mean":-7.876540982575499,"Sigma":0.09105633533315413,"Taucorr":1.1980676328502415},"EnergyVariance":{"Mean":0.23252385346841753,"Sigma":0.15893230271578837,"Taucorr":1.1980676328502415},"Iteration":87},
{"Acceptance":[0.0],"Energy":{"Mean":-8.000393854017664,"Sigma":0.0,"Taucorr":null},"EnergyVariance":{"Mean":1.986205087608532e-05,"Sigma":0.0,"Taucorr":null},"Iteration":88},
{"Acceptance":[0.0],"Energy":{"Mean":-8.000003995447091,"Sigma":0.0,"Taucorr":null},"EnergyVariance":{"Mean":1.6596894278244947e-05,"Sigma":0.0,"Taucorr":null},"Iteration":89},
{"Acceptance":[0.0],"Energy":{"Mean":-7.9996969999306025,"Sigma":0.0,"Taucorr":null},"EnergyVariance":{"Mean":1.3880210240950415e-05,"Sigma":0.0,"Taucorr":null},"Iteration":90},
{"Acceptance":[0.0],"Energy":{"Mean":-7.9994558129883675,"Sigma":0.0,"Taucorr":null},"EnergyVariance":{"Mean":1.163698976507976e-05,"Sigma":0.0,"Taucorr":null},"Iteration":91},
{"Acceptance":[0.0],"Energy":{"Mean":-7.999266712143542,"Sigma":0.0,"Taucorr":null},"EnergyVariance":{"Mean":9.793137711089447e-06,"Sigma":0.0,"Taucorr":null},"Iteration":92},
{"Acceptance":[0.0],"Energy":{"Mean":-7.999118733344398,"Sigma":0.0,"Taucorr":null},"EnergyVariance":{"Mean":8.280945784984188e-06,"Sigma":0.0,"Taucorr":null},"Iteration":93},
{"Acceptance":[0.0],"Energy":{"Mean":-7.999003160499479,"Sigma":0.0,"Taucorr":null},"EnergyVariance":{"Mean":7.041343914179154e-06,"Sigma":0.0,"Taucorr":null},"Iteration":94},
{"Acceptance":[0.0],"Energy":{"Mean":-7.998913089289131,"Sigma":0.0,"Taucorr":null},"EnergyVariance":{"Mean":6.024303138839338e-06,"Sigma":0.0,"Taucorr":null},"Iteration":95},
{"Acceptance":[0.0],"Energy":{"Mean":-7.998843064164877,"Sigma":0.0,"Taucorr":null},"EnergyVariance":{"Mean":5.188274747075879e-06,"Sigma":0.0,"Taucorr":null},"Iteration":96},
{"Acceptance":[0.0007692307692307692],"Energy":{"Mean":-7.998788781638933,"Sigma":0.0,"Taucorr":null},"EnergyVariance":{"Mean":4.499201638456412e-06,"Sigma":0.0,"Taucorr":null},"Iteration":97},
{"Acceptance":[0.0],"Energy":{"Mean":-7.998746850781417,"Sigma":0.0,"Taucorr":null},"EnergyVariance":{"Mean":3.9294069008815166e-06,"Sigma":0.0,"Taucorr":null},"Iteration":98},
{"Acceptance":[0.0],"Energy":{"Mean":-7.998714601597575,"Sigma":0.0,"Taucorr":null},"EnergyVariance":{"Mean":3.456519960137293e-06,"Sigma":0.0,"Taucorr":null},"Iteration":99} 
]}
{"input": {"L": 12, "J": 1, "machine": {"type": "FFNN", "model": ["tanh", 16, 4]}, "sampler": {"type": "MetropolisHop", "d_max": 5}, "optimizer": {"type": "AdaMax", "alpha": 0.001, "beta1": 0.9, "beta2": 0.999, "epscut": 1e-07}, "VMC": {"n_samples": 100, "discarded_samples": 100, "discarded_samples_on_init": 0, "target": "energy", "method": "Gd", "diag_shift": 0.01, "use_iterative": true, "use_cholesky": true}, "n_iter": 100}}
duration: -2.5700454711914062