{"Output": [
{"Acceptance":[0.9216842105263158],"Energy":{"Mean":15.712151585581088,"Sigma":0.2894398290749322,"Taucorr":-8.326672684688674e-17},"EnergyVariance":{"Mean":8.222574809053578,"Sigma":1.2699668834978644,"Taucorr":0.0},"Iteration":0},
{"Acceptance":[0.8968421052631579],"Energy":{"Mean":15.459578838175474,"Sigma":0.29546358093473446,"Taucorr":5.551115123125783e-17},"EnergyVariance":{"Mean":9.451151072194374,"Sigma":1.168698149017723,"Taucorr":0.0},"Iteration":1},
{"Acceptance":[0.8816842105263157],"Energy":{"Mean":15.91317182950451,"Sigma":0.33742423429405877,"Taucorr":-2.7755575615628914e-17},"EnergyVariance":{"Mean":11.612377454755565,"Sigma":1.3947373297638008,"Taucorr":5.551115123125783e-17},"Iteration":2},
{"Acceptance":[0.863578947368421],"Energy":{"Mean":15.225557714924157,"Sigma":0.30907578210786407,"Taucorr":0.0},"EnergyVariance":{"Mean":10.239313178072278,"Sigma":1.5514909345331527,"Taucorr":0.0},"Iteration":3},
{"Acceptance":[0.8416842105263158],"Energy":{"Mean":14.668935724089117,"Sigma":0.30832508130757913,"Taucorr":-1.3877787807814457e-16},"EnergyVariance":{"Mean":10.591088617518245,"Sigma":1.3959921331800373,"Taucorr":-5.551115123125783e-17},"Iteration":4},
{"Acceptance":[0.8353684210526315],"Energy":{"Mean":14.887308669269459,"Sigma":0.35204674425894084,"Taucorr":5.551115123125783e-17},"EnergyVariance":{"Mean":13.557054363164765,"Sigma":1.7887323848061938,"Taucorr":0.0},"Iteration":5},
{"Acceptance":[0.7903157894736842],"Energy":{"Mean":14.032105162779112,"Sigma":0.3655358100473335,"Taucorr":5.551115123125783e-17},"EnergyVariance":{"Mean":14.759260178037389,"Sigma":1.5180517392879922,"Taucorr":0.0},"Iteration":6},
{"Acceptance":[0.7810526315789473],"Energy":{"Mean":14.531495098387467,"Sigma":0.36844411556425166,"Taucorr":0.0},"EnergyVariance":{"Mean":14.639509778676889,"Sigma":1.8941352514721461,"Taucorr":2.7755575615628914e-17},"Iteration":7},
{"Acceptance":[0.767578947368421],"Energy":{"Mean":14.346758609349763,"Sigma":0.33519050944311884,"Taucorr":0.0},"EnergyVariance":{"Mean":13.434882701491052,"Sigma":1.6667643857925867,"Taucorr":5.551115123125783e-17},"Iteration":8},
{"Acceptance":[0.7570526315789474],"Energy":{"Mean":13.240029713289298,"Sigma":0.33592053682257117,"Taucorr":-5.551115123125783e-17},"EnergyVariance":{"Mean":13.709783341062908,"Sigma":1.4322270847571332,"Taucorr":0.0},"Iteration":9},
{"Acceptance":[0.7423157894736843],"Energy":{"Mean":13.019566049305453,"Sigma":0.3170586568017303,"Taucorr":-5.551115123125783e-17},"EnergyVariance":{"Mean":13.28127425457222,"Sigma":1.2181956206391777,"Taucorr":0.0},"Iteration":10},
{"Acceptance":[0.7448421052631579],"Energy":{"Mean":12.832007474690698,"Sigma":0.3887975404945944,"Taucorr":5.551115123125783e-17},"EnergyVariance":{"Mean":18.072897408638752,"Sigma":1.8688720440905502,"Taucorr":0.0},"Iteration":11},
{"Acceptance":[0.7157894736842105],"Energy":{"Mean":12.819363031134024,"Sigma":0.37529240378770257,"Taucorr":5.551115123125783e-17},"EnergyVariance":{"Mean":19.19729670636286,"Sigma":2.0667383340810748,"Taucorr":0.0},"Iteration":12},
{"Acceptance":[0.6934736842105264],"Energy":{"Mean":12.80522884666306,"Sigma":0.3394991752342682,"Taucorr":5.551115123125783e-17},"EnergyVariance":{"Mean":15.690624143164312,"Sigma":1.4090554684551688,"Taucorr":0.0},"Iteration":13},
{"Acceptance":[0.6884210526315789],"Energy":{"Mean":12.29144050841155,"Sigma":0.33932972773995795,"Taucorr":-2.7755575615628914e-17},"EnergyVariance":{"Mean":15.817801402313025,"Sigma":1.589053726526625,"Taucorr":5.551115123125783e-17},"Iteration":14},
{"Acceptance":[0.6538947368421053],"Energy":{"Mean":11.079553530154,"Sigma":0.33331305856888993,"Taucorr":2.7755575615628914e-17},"EnergyVariance":{"Mean":15.706907470018166,"Sigma":1.6747825944582864,"Taucorr":-2.7755575615628914e-17},"Iteration":15},
{"Acceptance":[0.6711578947368421],"Energy":{"Mean":11.464319701381672,"Sigma":0.41019672659968304,"Taucorr":5.551115123125783e-17},"EnergyVariance":{"Mean":22.56389388690711,"Sigma":2.543397801041311,"Taucorr":0.0},"Iteration":16},
{"Acceptance":[0.6383157894736842],"Energy":{"Mean":9.468416134856156,"Sigma":0.373606699130318,"Taucorr":0.0},"EnergyVariance":{"Mean":19.4491342573398,"Sigma":2.1734688438857908,"Taucorr":5.551115123125783e-17},"Iteration":17},
{"Acceptance":[0.6505263157894737],"Energy":{"Mean":9.966014273088412,"Sigma":0.3814949677744931,"Taucorr":0.0},"EnergyVariance":{"Mean":21.306439993822565,"Sigma":2.2151590322087027,"Taucorr":-2.7755575615628914e-17},"Iteration":18},
{"Acceptance":[0.5995789473684211],"Energy":{"Mean":9.27688685985712,"Sigma":0.3782921977548419,"Taucorr":0.0},"EnergyVariance":{"Mean":23.0487322855586,"Sigma":2.449987310960018,"Taucorr":0.0},"Iteration":19},
{"Acceptance":[0.6092631578947368],"Energy":{"Mean":9.376387476533708,"Sigma":0.3941233726540157,"Taucorr":-2.7755575615628914e-17},"EnergyVariance":{"Mean":22.07759181166124,"Sigma":2.327561107489429,"Taucorr":0.0},"Iteration":20},
{"Acceptance":[0.5890526315789474],"Energy":{"Mean":7.470792947694838,"Sigma":0.37726399556815104,"Taucorr":0.0},"EnergyVariance":{"Mean":20.12447230602064,"Sigma":2.892998602422167,"Taucorr":0.0},"Iteration":21},
{"Acceptance":[0.5709473684210526],"Energy":{"Mean":7.828018033511432,"Sigma":0.399203711830035,"Taucorr":5.551115123125783e-17},"EnergyVariance":{"Mean":21.994111975321424,"Sigma":2.324898402562238,"Taucorr":1.1102230246251565e-16},"Iteration":22},
{"Acceptance":[0.5578947368421052],"Energy":{"Mean":8.318469998480147,"Sigma":0.512592576368005,"Taucorr":0.0},"EnergyVariance":{"Mean":34.656768483462805,"Sigma":4.0262776103347555,"Taucorr":5.551115123125783e-17},"Iteration":23},
{"Acceptance":[0.5549473684210526],"Energy":{"Mean":6.755082154323082,"Sigma":0.3908677996389432,"Taucorr":0.0},"EnergyVariance":{"Mean":21.545841731773965,"Sigma":2.4685627068828113,"Taucorr":0.0},"Iteration":24},
{"Acceptance":[0.5637894736842105],"Energy":{"Mean":6.87282994485181,"Sigma":0.39798173214620014,"Taucorr":1.1102230246251565e-16},"EnergyVariance":{"Mean":21.953480613903462,"Sigma":2.3377585864629324,"Taucorr":0.0},"Iteration":25},
{"Acceptance":[0.5503157894736842],"Energy":{"Mean":5.497668397956716,"Sigma":0.4021200135272969,"Taucorr":-2.7755575615628914e-17},"EnergyVariance":{"Mean":25.561223446291514,"Sigma":2.530911438900676,"Taucorr":0.0},"Iteration":26},
{"Acceptance":[0.5456842105263158],"Energy":{"Mean":5.87035190130215,"Sigma":0.36868256226949414,"Taucorr":0.0},"EnergyVariance":{"Mean":19.914864855148455,"Sigma":2.0466498507391337,"Taucorr":5.551115123125783e-17},"Iteration":27},
{"Acceptance":[0.5317894736842105],"Energy":{"Mean":5.11370391288567,"Sigma":0.3606038780543365,"Taucorr":-2.7755575615628914e-17},"EnergyVariance":{"Mean":22.146863563029093,"Sigma":2.3601083592391543,"Taucorr":-5.551115123125783e-17},"Iteration":28},
{"Acceptance":[0.5178947368421053],"Energy":{"Mean":5.00227309034284,"Sigma":0.37837168124676485,"Taucorr":5.551115123125783e-17},"EnergyVariance":{"Mean":24.40088380972874,"Sigma":2.6038254459455517,"Taucorr":0.0},"Iteration":29},
{"Acceptance":[0.49642105263157893],"Energy":{"Mean":4.160118158940522,"Sigma":0.46081363446286855,"Taucorr":-5.551115123125783e-17},"EnergyVariance":{"Mean":30.77587489819289,"Sigma":3.877883021627842,"Taucorr":0.0},"Iteration":30},
{"Acceptance":[0.4471578947368421],"Energy":{"Mean":2.694308444898512,"Sigma":0.4982251081673419,"Taucorr":-5.551115123125783e-17},"EnergyVariance":{"Mean":38.038809542002866,"Sigma":5.147258943064627,"Taucorr":0.0},"Iteration":31},
{"Acceptance":[0.4825263157894737],"Energy":{"Mean":2.2998238381839315,"Sigma":0.4928452764574333,"Taucorr":0.0},"EnergyVariance":{"Mean":30.31379875945963,"Sigma":3.540087487952218,"Taucorr":-5.551115123125783e-17},"Iteration":32},
{"Acceptance":[0.4614736842105263],"Energy":{"Mean":2.351561901669436,"Sigma":0.589372740434477,"Taucorr":0.0},"EnergyVariance":{"Mean":53.708412471367595,"Sigma":6.708274226991395,"Taucorr":5.551115123125783e-17},"Iteration":33},
{"Acceptance":[0.4088421052631579],"Energy":{"Mean":1.0478377445533993,"Sigma":0.6450200656033949,"Taucorr":0.0},"EnergyVariance":{"Mean":52.43031000407629,"Sigma":5.7640923403757105,"Taucorr":0.0},"Iteration":34},
{"Acceptance":[0.44294736842105265],"Energy":{"Mean":-0.573557899052998,"Sigma":0.5528076988153212,"Taucorr":5.551115123125783e-17},"EnergyVariance":{"Mean":35.1035443793088,"Sigma":3.8343115689635123,"Taucorr":0.0},"Iteration":35},
{"Acceptance":[0.39621052631578946],"Energy":{"Mean":-4.55599396810044,"Sigma":0.6019033639962805,"Taucorr":-2.7755575615628914e-17},"EnergyVariance":{"Mean":54.06851697712668,"Sigma":6.823723142528962,"Taucorr":-5.551115123125783e-17},"Iteration":36},
{"Acceptance":[0.22821052631578947],"Energy":{"Mean":-6.113837369788056,"Sigma":0.5830564779419417,"Taucorr":0.0},"EnergyVariance":{"Mean":49.77793603300285,"Sigma":5.3746078011488985,"Taucorr":0.0},"Iteration":37},
{"Acceptance":[0.15157894736842106],"Energy":{"Mean":-7.0920998865480005,"Sigma":0.507049075072405,"Taucorr":0.0},"EnergyVariance":{"Mean":62.99869515579265,"Sigma":7.309051038919862,"Taucorr":0.0},"Iteration":38},
{"Acceptance":[0.15073684210526317],"Energy":{"Mean":-7.538775792457877,"Sigma":0.5449757520195733,"Taucorr":5.551115123125783e-17},"EnergyVariance":{"Mean":47.50704138897737,"Sigma":12.650258427626959,"Taucorr":-5.551115123125783e-17},"Iteration":39},
{"Acceptance":[0.13978947368421052],"Energy":{"Mean":-11.661024894915816,"Sigma":0.210840055332126,"Taucorr":0.0},"EnergyVariance":{"Mean":6.042703815393915,"Sigma":1.1670093409500437,"Taucorr":-2.7755575615628914e-17},"Iteration":40},
{"Acceptance":[0.04294736842105263],"Energy":{"Mean":-11.895690811401977,"Sigma":0.17059461519467406,"Taucorr":5.551115123125783e-17},"EnergyVariance":{"Mean":4.861870498925752,"Sigma":0.7417941923335426,"Taucorr":-5.551115123125783e-17},"Iteration":41},
{"Acceptance":[0.04168421052631579],"Energy":{"Mean":-11.495581916358741,"Sigma":0.15873079184774375,"Taucorr":-2.7755575615628914e-17},"EnergyVariance":{"Mean":3.739607290294619,"Sigma":0.7509657791084989,"Taucorr":-8.326672684688674e-17},"Iteration":42},
{"Acceptance":[0.029473684210526315],"Energy":{"Mean":-10.910775571599604,"Sigma":0.203296842262361,"Taucorr":0.0},"EnergyVariance":{"Mean":4.4959855846350525,"Sigma":2.4843040267638123,"Taucorr":0.0},"Iteration":43},
{"Acceptance":[0.03831578947368421],"Energy":{"Mean":-10.813816017123905,"Sigma":0.07988764560443305,"Taucorr":null},"EnergyVariance":{"Mean":1.3413377904604784,"Sigma":0.603511601663218,"Taucorr":null},"Iteration":44},
{"Acceptance":[0.01936842105263158],"Energy":{"Mean":-11.232707007384636,"Sigma":0.048082334974773135,"Taucorr":2.7755575615628914e-17},"EnergyVariance":{"Mean":1.4982553838815085,"Sigma":1.2447166610479552,"Taucorr":-2.7755575615628914e-17},"Iteration":45},
{"Acceptance":[0.01263157894736842],"Energy":{"Mean":-11.292482718656505,"Sigma":0.04752841719108196,"Taucorr":8.326672684688674e-17},"EnergyVariance":{"Mean":0.23347801100256238,"Sigma":0.017709939767224937,"Taucorr":-2.7755575615628914e-17},"Iteration":46},
{"Acceptance":[0.007578947368421052],"Energy":{"Mean":-11.777521515175799,"Sigma":0.04010922935175358,"Taucorr":0.0},"EnergyVariance":{"Mean":0.17909281945511193,"Sigma":0.022945116404800656,"Taucorr":0.0},"Iteration":47},
{"Acceptance":[0.0012631578947368421],"Energy":{"Mean":-12.00025019774773,"Sigma":0.0,"Taucorr":null},"EnergyVariance":{"Mean":3.2539153864730533e-07,"Sigma":0.0,"Taucorr":null},"Iteration":48},
{"Acceptance":[0.0],"Energy":{"Mean":-11.99999782936554,"Sigma":0.0,"Taucorr":null},"EnergyVariance":{"Mean":2.0115424334529597e-10,"Sigma":0.0,"Taucorr":null},"Iteration":49},
{"Acceptance":[0.0],"Energy":{"Mean":-12.000000000413808,"Sigma":0.0,"Taucorr":null},"EnergyVariance":{"Mean":7.587873910199603e-18,"Sigma":0.0,"Taucorr":null},"Iteration":50},
{"Acceptance":[0.0],"Energy":{"Mean":-12.0,"Sigma":0.0,"Taucorr":null},"EnergyVariance":{"Mean":9.95140190271875e-34,"Sigma":0.0,"Taucorr":null},"Iteration":51},
{"Acceptance":[0.00631578947368421],"Energy":{"Mean":-10.87592434396419,"Sigma":0.06807434405882995,"Taucorr":null},"EnergyVariance":{"Mean":1.250297148358178,"Sigma":0.14211216533505236,"Taucorr":null},"Iteration":52},
{"Acceptance":[0.007157894736842105],"Energy":{"Mean":-12.004924918481574,"Sigma":0.0,"Taucorr":null},"EnergyVariance":{"Mean":0.00023690120480268032,"Sigma":0.0,"Taucorr":null},"Iteration":53},
{"Acceptance":[0.0050526315789473685],"Energy":{"Mean":-12.000590506709742,"Sigma":0.0,"Taucorr":null},"EnergyVariance":{"Mean":7.630772036868759e-05,"Sigma":0.0,"Taucorr":null},"Iteration":54},
{"Acceptance":[0.0],"Energy":{"Mean":-11.929756558215006,"Sigma":0.03485026972927483,"Taucorr":null},"EnergyVariance":{"Mean":0.13646350085202766,"Sigma":0.053951534883628166,"Taucorr":null},"Iteration":55},
{"Acceptance":[0.0],"Energy":{"Mean":-12.000811281867787,"Sigma":6.11526716988665e-05,"Taucorr":null},"EnergyVariance":{"Mean":4.394804575404403e-06,"Sigma":2.8165880545406467e-07,"Taucorr":null},"Iteration":56},
{"Acceptance":[0.0],"Energy":{"Mean":-9.999999778783447,"Sigma":0.0,"Taucorr":null},"EnergyVariance":{"Mean":5.999999998778444,"Sigma":0.0,"Taucorr":null},"Iteration":57},
{"Acceptance":[0.005894736842105263],"Energy":{"Mean":-10.950459020171461,"Sigma":0.02032128273050734,"Taucorr":null},"EnergyVariance":{"Mean":0.9479780885087434,"Sigma":0.022442935828702246,"Taucorr":null},"Iteration":58},
{"Acceptance":[0.0],"Energy":{"Mean":-11.999997529764547,"Sigma":0.0,"Taucorr":null},"EnergyVariance":{"Mean":4.865726928911249e-09,"Sigma":0.0,"Taucorr":null},"Iteration":59},
{"Acceptance":[0.0],"Energy":{"Mean":-11.99999140434134,"Sigma":0.0,"Taucorr":null},"EnergyVariance":{"Mean":3.288025087045059e-11,"Sigma":0.0,"Taucorr":null},"Iteration":60},
{"Acceptance":[0.0],"Energy":{"Mean":-12.000001862391711,"Sigma":0.0,"Taucorr":null},"EnergyVariance":{"Mean":3.9107667892543183e-13,"Sigma":0.0,"Taucorr":null},"Iteration":61},
{"Acceptance":[0.0],"Energy":{"Mean":-11.999999647209894,"Sigma":0.0,"Taucorr":null},"EnergyVariance":{"Mean":2.949661115824014e-13,"Sigma":0.0,"Taucorr":null},"Iteration":62},
{"Acceptance":[0.0],"Energy":{"Mean":-11.999999329412914,"Sigma":0.0,"Taucorr":null},"EnergyVariance":{"Mean":2.1530338105924072e-13,"Sigma":0.0,"Taucorr":null},"Iteration":63},
{"Acceptance":[0.002105263157894737],"Energy":{"Mean":-11.999998625338133,"Sigma":2.3178772422930062e-07,"Taucorr":null},"EnergyVariance":{"Mean":8.81380113037977e-12,"Sigma":2.389758101344704e-12,"Taucorr":null},"Iteration":64},
{"Acceptance":[0.0],"Energy":{"Mean":-11.999999995085311,"Sigma":0.0,"Taucorr":null},"EnergyVariance":{"Mean":5.5267308603175107e-17,"Sigma":0.0,"Taucorr":null},"Iteration":65},
{"Acceptance":[0.0],"Energy":{"Mean":-11.999999999999499,"Sigma":0.0,"Taucorr":null},"EnergyVariance":{"Mean":7.611447347605378e-25,"Sigma":0.0,"Taucorr":null},"Iteration":66},
{"Acceptance":[0.0],"Energy":{"Mean":-12.0,"Sigma":0.0,"Taucorr":null},"EnergyVariance":{"Mean":2.1847584830676291e-38,"Sigma":0.0,"Taucorr":null},"Iteration":67},
{"Acceptance":[0.0],"Energy":{"Mean":-12.0,"Sigma":0.0,"Taucorr":null},"EnergyVariance":{"Mean":2.585557773103307e-54,"Sigma":0.0,"Taucorr":null},"Iteration":68},
{"Acceptance":[0.0],"Energy":{"Mean":-12.0,"Sigma":0.0,"Taucorr":null},"EnergyVariance":{"Mean":3.597624446502086e-42,"Sigma":0.0,"Taucorr":null},"Iteration":69},
{"Acceptance":[0.0],"Energy":{"Mean":-11.999569180919714,"Sigma":0.0,"Taucorr":null},"EnergyVariance":{"Mean":1.2438535045098658e-08,"Sigma":0.0,"Taucorr":null},"Iteration":70},
{"Acceptance":[0.02063157894736842],"Energy":{"Mean":-12.0,"Sigma":0.0,"Taucorr":null},"EnergyVariance":{"Mean":2.6602005940248584e-43,"Sigma":0.0,"Taucorr":null},"Iteration":71},
{"Acceptance":[0.0],"Energy":{"Mean":-12.0,"Sigma":0.0,"Taucorr":null},"EnergyVariance":{"Mean":1.8102769951744166e-146,"Sigma":0.0,"Taucorr":null},"Iteration":72},
{"Acceptance":[0.003789473684210526],"Energy":{"Mean":-10.499986752694715,"Sigma":1.1075398215246462e-06,"Taucorr":null},"EnergyVariance":{"Mean":0.7499087325997835,"Sigma":1.1073233394726872e-06,"Taucorr":null},"Iteration":73},
{"Acceptance":[0.0004210526315789474],"Energy":{"Mean":-11.000000009687898,"Sigma":0.0,"Taucorr":null},"EnergyVariance":{"Mean":0.9999999805860327,"Sigma":0.0,"Taucorr":null},"Iteration":74},
{"Acceptance":[0.0],"Energy":{"Mean":-11.500194674260712,"Sigma":0.0,"Taucorr":null},"EnergyVariance":{"Mean":0.7501950302929657,"Sigma":0.0,"Taucorr":null},"Iteration":75},
{"Acceptance":[0.0],"Energy":{"Mean":-11.299997942361408,"Sigma":0.0500001469741861,"Taucorr":null},"EnergyVariance":{"Mean":0.9100053498746545,"Sigma":0.03000017636974101,"Taucorr":null},"Iteration":76},
{"Acceptance":[0.0],"Energy":{"Mean":-11.99999993741343,"Sigma":0.0,"Taucorr":null},"EnergyVariance":{"Mean":6.315226387526176e-14,"Sigma":0.0,"Taucorr":null},"Iteration":77},
{"Acceptance":[0.0004210526315789474],"Energy":{"Mean":-10.559951787461667,"Sigma":0.071407266073333,"Taucorr":null},"EnergyVariance":{"Mean":0.8062485653639142,"Sigma":0.06283187023117841,"Taucorr":null},"Iteration":78},
{"Acceptance":[0.0004210526315789474],"Energy":{"Mean":-11.07994999269696,"Sigma":0.045458365114798366,"Taucorr":null},"EnergyVariance":{"Mean":0.9935020628143427,"Sigma":0.007272979950161526,"Taucorr":null},"Iteration":79},
{"Acceptance":[0.0],"Energy":{"Mean":-11.499999133243808,"Sigma":0.0,"Taucorr":null},"EnergyVariance":{"Mean":0.7500036535281358,"Sigma":0.0,"Taucorr":null},"Iteration":80},
{"Acceptance":[0.0],"Energy":{"Mean":-10.50000475172191,"Sigma":0.0,"Taucorr":null},"EnergyVariance":{"Mean":6.749956983111801,"Sigma":0.0,"Taucorr":null},"Iteration":81},
{"Acceptance":[0.0016842105263157896],"Energy":{"Mean":-8.499999562656967,"Sigma":0.0,"Taucorr":null},"EnergyVariance":{"Mean":6.749963007636445,"Sigma":0.0,"Taucorr":null},"Iteration":82},
{"Acceptance":[0.0012631578947368421],"Energy":{"Mean":-8.750211080530176,"Sigma":0.0,"Taucorr":null},"EnergyVariance":{"Mean":3.6884498032643265,"Sigma":0.0,"Taucorr":null},"Iteration":83},
{"Acceptance":[0.0004210526315789474],"Energy":{"Mean":-9.249989642266113,"Sigma":5.082479183073744e-14,"Taucorr":null},"EnergyVariance":{"Mean":5.687463561495015,"Sigma":1.269939483478853e-13,"Taucorr":null},"Iteration":84},
{"Acceptance":[0.0],"Energy":{"Mean":-10.000000070558443,"Sigma":0.0,"Taucorr":null},"EnergyVariance":{"Mean":2.000000019847144,"Sigma":0.0,"Taucorr":null},"Iteration":85},
{"Acceptance":[0.0],"Energy":{"Mean":-10.000011183573148,"Sigma":0.0,"Taucorr":null},"EnergyVariance":{"Mean":1.9999552730788732,"Sigma":0.0,"Taucorr":null},"Iteration":86},
{"Acceptance":[0.008421052631578947],"Energy":{"Mean":-11.50078384933672,"Sigma":0.0,"Taucorr":null},"EnergyVariance":{"Mean":2.7539291845043516,"Sigma":0.0,"Taucorr":null},"Iteration":87},
{"Acceptance":[0.0008421052631578948],"Energy":{"Mean":-11.534740374606361,"Sigma":0.033122839129853164,"Taucorr":null},"EnergyVariance":{"Mean":3.054929631041253,"Sigma":0.2957296881388171,"Taucorr":null},"Iteration":88},
{"Acceptance":[0.003368421052631579],"Energy":{"Mean":-11.521482825066649,"Sigma":0.00997960607657576,"Taucorr":null},"EnergyVariance":{"Mean":2.9443009303455163,"Sigma":0.10979578021387082,"Taucorr":null},"Iteration":89},
{"Acceptance":[0.003368421052631579],"Energy":{"Mean":-11.000035338463814,"Sigma":0.0,"Taucorr":null},"EnergyVariance":{"Mean":0.5000413191934305,"Sigma":0.0,"Taucorr":null},"Iteration":90},
{"Acceptance":[0.0],"Energy":{"Mean":-10.52005708462422,"Sigma":0.03512247122438623,"Taucorr":null},"EnergyVariance":{"Mean":0.3496258596456485,"Sigma":0.06488185961997706,"Taucorr":null},"Iteration":91},
{"Acceptance":[0.0],"Energy":{"Mean":-10.500001839846288,"Sigma":0.0,"Taucorr":null},"EnergyVariance":{"Mean":0.25000183310931,"Sigma":0.0,"Taucorr":null},"Iteration":92},
{"Acceptance":[0.0],"Energy":{"Mean":-10.250071337504858,"Sigma":0.0,"Taucorr":null},"EnergyVariance":{"Mean":0.18746593593948507,"Sigma":0.0,"Taucorr":null},"Iteration":93},
{"Acceptance":[0.0004210526315789474],"Energy":{"Mean":-10.000093995919988,"Sigma":0.0,"Taucorr":null},"EnergyVariance":{"Mean":2.6843223567461715e-08,"Sigma":0.0,"Taucorr":null},"Iteration":94},
{"Acceptance":[0.0],"Energy":{"Mean":-9.999980221917266,"Sigma":0.0,"Taucorr":null},"EnergyVariance":{"Mean":4.6772571578701875e-05,"Sigma":0.0,"Taucorr":null},"Iteration":95},
{"Acceptance":[0.0],"Energy":{"Mean":-9.999558411686795,"Sigma":0.0,"Taucorr":null},"EnergyVariance":{"Mean":2.590198254235226e-05,"Sigma":0.0,"Taucorr":null},"Iteration":96},
{"Acceptance":[0.0],"Energy":{"Mean":-9.999017274598623,"Sigma":0.0,"Taucorr":null},"EnergyVariance":{"Mean":2.782958859374683e-06,"Sigma":0.0,"Taucorr":null},"Iteration":97},
{"Acceptance":[0.0016842105263157896],"Energy":{"Mean":-10.029734162332748,"Sigma":0.016576540239520574,"Taucorr":null},"EnergyVariance":{"Mean":0.029116950668255988,"Sigma":0.015597382608390012,"Taucorr":null},"Iteration":98},
{"Acceptance":[0.0004210526315789474],"Energy":{"Mean":-9.999833954025586,"Sigma":0.0,"Taucorr":null},"EnergyVariance":{"Mean":2.6970073099763846e-07,"Sigma":0.0,"Taucorr":null},"Iteration":99} 
]}
{"input": {"L": 18, "J": 1, "machine": {"type": "FFNN", "model": ["tanh", 16, 4]}, "sampler": {"type": "MetropolisHop", "d_max": 5}, "optimizer": {"type": "AdaMax", "alpha": 0.001, "beta1": 0.9, "beta2": 0.999, "epscut": 1e-07}, "VMC": {"n_samples": 100, "discarded_samples": 100, "discarded_samples_on_init": 0, "target": "energy", "method": "Gd", "diag_shift": 0.01, "use_iterative": true, "use_cholesky": true}, "n_iter": 100}}
duration: -1.3587238788604736