{"Output": [
{"Acceptance":[0.7852631578947369],"Energy":{"Mean":14.589069098461499,"Sigma":0.33860082846596407,"Taucorr":0.0},"EnergyVariance":{"Mean":12.02863583913527,"Sigma":1.5066461918101341,"Taucorr":2.7755575615628914e-17},"Iteration":0},
{"Acceptance":[0.6787368421052632],"Energy":{"Mean":11.814233775328212,"Sigma":0.32692694042488174,"Taucorr":2.7755575615628914e-17},"EnergyVariance":{"Mean":13.780322581206988,"Sigma":1.8693937488727024,"Taucorr":2.7755575615628914e-17},"Iteration":1},
{"Acceptance":[0.568],"Energy":{"Mean":11.030948228528597,"Sigma":0.3445352292606833,"Taucorr":0.0},"EnergyVariance":{"Mean":17.456734936055515,"Sigma":2.2962282950991018,"Taucorr":1.1102230246251565e-16},"Iteration":2},
{"Acceptance":[0.5216842105263158],"Energy":{"Mean":8.692695954640449,"Sigma":0.3827269415793057,"Taucorr":5.551115123125783e-17},"EnergyVariance":{"Mean":24.550685582284455,"Sigma":3.0198806158477085,"Taucorr":0.0},"Iteration":3},
{"Acceptance":[0.488],"Energy":{"Mean":6.49218211708091,"Sigma":0.33109185338320035,"Taucorr":0.0},"EnergyVariance":{"Mean":19.633569751664115,"Sigma":2.239643992471167,"Taucorr":1.1102230246251565e-16},"Iteration":4},
{"Acceptance":[0.4185263157894737],"Energy":{"Mean":4.27966195221153,"Sigma":0.3737945168151906,"Taucorr":0.0},"EnergyVariance":{"Mean":22.49679029217821,"Sigma":2.805885084890623,"Taucorr":0.0},"Iteration":5},
{"Acceptance":[0.37094736842105264],"Energy":{"Mean":3.9015579272604803,"Sigma":0.3507310183343123,"Taucorr":0.0},"EnergyVariance":{"Mean":25.543958437688342,"Sigma":3.2949705397901012,"Taucorr":5.551115123125783e-17},"Iteration":6},
{"Acceptance":[0.3351578947368421],"Energy":{"Mean":2.0808918671883574,"Sigma":0.35455216275029533,"Taucorr":0.0},"EnergyVariance":{"Mean":25.415233894271836,"Sigma":3.1422897819638944,"Taucorr":-2.7755575615628914e-17},"Iteration":7},
{"Acceptance":[0.32126315789473686],"Energy":{"Mean":-0.24002533662720685,"Sigma":0.3025185153113558,"Taucorr":0.0},"EnergyVariance":{"Mean":15.315005824931344,"Sigma":1.97319978821295,"Taucorr":0.0},"Iteration":8},
{"Acceptance":[0.29810526315789476],"Energy":{"Mean":-1.4434853248076065,"Sigma":0.3044984627541265,"Taucorr":0.0},"EnergyVariance":{"Mean":18.293489327385373,"Sigma":2.7226128186644,"Taucorr":5.551115123125783e-17},"Iteration":9},
{"Acceptance":[0.26989473684210524],"Energy":{"Mean":-2.220223108389858,"Sigma":0.33085437181176847,"Taucorr":5.551115123125783e-17},"EnergyVariance":{"Mean":16.159399838721477,"Sigma":1.8860066289513808,"Taucorr":5.551115123125783e-17},"Iteration":10},
{"Acceptance":[0.25684210526315787],"Energy":{"Mean":-3.5114016730980113,"Sigma":0.28340505779154107,"Taucorr":1.1102230246251565e-16},"EnergyVariance":{"Mean":12.517585387585566,"Sigma":1.3799469869311896,"Taucorr":0.0},"Iteration":11},
{"Acceptance":[0.23957894736842106],"Energy":{"Mean":-4.611422099690898,"Sigma":0.24328690054785723,"Taucorr":-2.7755575615628914e-17},"EnergyVariance":{"Mean":11.473811249295318,"Sigma":2.160794951715167,"Taucorr":-5.551115123125783e-17},"Iteration":12},
{"Acceptance":[0.2690526315789474],"Energy":{"Mean":-4.2979337269510935,"Sigma":0.34159641440370103,"Taucorr":5.551115123125783e-17},"EnergyVariance":{"Mean":17.85535691279878,"Sigma":3.83710631790719,"Taucorr":-1.1102230246251565e-16},"Iteration":13},
{"Acceptance":[0.24589473684210525],"Energy":{"Mean":-5.148149423258624,"Sigma":0.3129727945844675,"Taucorr":-5.551115123125783e-17},"EnergyVariance":{"Mean":20.22308947967959,"Sigma":3.6359825504025824,"Taucorr":5.551115123125783e-17},"Iteration":14},
{"Acceptance":[0.2513684210526316],"Energy":{"Mean":-5.793956511957022,"Sigma":0.41692359625484304,"Taucorr":2.7755575615628914e-17},"EnergyVariance":{"Mean":26.583288117818515,"Sigma":4.7586646004799915,"Taucorr":0.0},"Iteration":15},
{"Acceptance":[0.23873684210526316],"Energy":{"Mean":-6.966947659704058,"Sigma":0.3333063491077228,"Taucorr":1.1102230246251565e-16},"EnergyVariance":{"Mean":15.725838407754244,"Sigma":2.389151004900263,"Taucorr":-8.326672684688674e-17},"Iteration":16},
{"Acceptance":[0.23242105263157894],"Energy":{"Mean":-7.7774358933656345,"Sigma":0.35907319577095903,"Taucorr":0.0},"EnergyVariance":{"Mean":19.314220058570168,"Sigma":3.8416458636449304,"Taucorr":-2.7755575615628914e-17},"Iteration":17},
{"Acceptance":[0.2336842105263158],"Energy":{"Mean":-6.9309661437711805,"Sigma":0.4559197911912764,"Taucorr":0.0},"EnergyVariance":{"Mean":24.281007196896432,"Sigma":5.860115101075633,"Taucorr":5.551115123125783e-17},"Iteration":18},
{"Acceptance":[0.21052631578947367],"Energy":{"Mean":-7.405119017918681,"Sigma":0.3271105051300607,"Taucorr":5.551115123125783e-17},"EnergyVariance":{"Mean":14.337299163749051,"Sigma":3.1038943797475813,"Taucorr":0.0},"Iteration":19},
{"Acceptance":[0.18778947368421053],"Energy":{"Mean":-8.89883236955643,"Sigma":0.4241346088991984,"Taucorr":0.0},"EnergyVariance":{"Mean":21.43762415502097,"Sigma":4.768715410882846,"Taucorr":0.0},"Iteration":20},
{"Acceptance":[0.19452631578947369],"Energy":{"Mean":-9.041535728453685,"Sigma":0.39726669691210625,"Taucorr":-5.551115123125783e-17},"EnergyVariance":{"Mean":19.693926728373555,"Sigma":3.8393887603059484,"Taucorr":5.551115123125783e-17},"Iteration":21},
{"Acceptance":[0.17221052631578948],"Energy":{"Mean":-8.897684247962264,"Sigma":0.41476453097215293,"Taucorr":5.551115123125783e-17},"EnergyVariance":{"Mean":20.302486192321062,"Sigma":3.86405860874796,"Taucorr":5.551115123125783e-17},"Iteration":22},
{"Acceptance":[0.15410526315789475],"Energy":{"Mean":-11.373979278376389,"Sigma":0.36457100549461546,"Taucorr":2.7755575615628914e-17},"EnergyVariance":{"Mean":14.228922457204558,"Sigma":1.9319949747911542,"Taucorr":-5.551115123125783e-17},"Iteration":23},
{"Acceptance":[0.13473684210526315],"Energy":{"Mean":-10.843927002032174,"Sigma":0.37331845927329316,"Taucorr":-2.7755575615628914e-17},"EnergyVariance":{"Mean":16.330634260008676,"Sigma":2.7272545950148817,"Taucorr":0.0},"Iteration":24},
{"Acceptance":[0.13473684210526315],"Energy":{"Mean":-11.310875844733996,"Sigma":0.37998965571458376,"Taucorr":-5.551115123125783e-17},"EnergyVariance":{"Mean":14.891621828705599,"Sigma":2.4938118168770473,"Taucorr":0.0},"Iteration":25},
{"Acceptance":[0.13557894736842105],"Energy":{"Mean":-10.888490161515941,"Sigma":0.381470802963181,"Taucorr":0.0},"EnergyVariance":{"Mean":16.09767158061627,"Sigma":4.043624862309157,"Taucorr":0.0},"Iteration":26},
{"Acceptance":[0.12],"Energy":{"Mean":-11.52444996012267,"Sigma":0.43636242930934266,"Taucorr":0.0},"EnergyVariance":{"Mean":19.754619135845818,"Sigma":3.855789078290938,"Taucorr":0.0},"Iteration":27},
{"Acceptance":[0.10442105263157894],"Energy":{"Mean":-11.262818677322583,"Sigma":0.5327929894648473,"Taucorr":0.0},"EnergyVariance":{"Mean":45.0244827702419,"Sigma":8.533299412266558,"Taucorr":0.0},"Iteration":28},
{"Acceptance":[0.10905263157894737],"Energy":{"Mean":-12.133836786305874,"Sigma":0.39506828993338916,"Taucorr":0.0},"EnergyVariance":{"Mean":16.3866292043257,"Sigma":5.053035890383562,"Taucorr":0.0},"Iteration":29},
{"Acceptance":[0.10947368421052632],"Energy":{"Mean":-12.740462118673166,"Sigma":0.5072534781475007,"Taucorr":-5.551115123125783e-17},"EnergyVariance":{"Mean":33.42408981231712,"Sigma":9.335372849063562,"Taucorr":-2.7755575615628914e-17},"Iteration":30},
{"Acceptance":[0.10189473684210526],"Energy":{"Mean":-11.407318263738073,"Sigma":0.4145657423947234,"Taucorr":0.0},"EnergyVariance":{"Mean":20.801643730759036,"Sigma":5.848639708944147,"Taucorr":-5.551115123125783e-17},"Iteration":31},
{"Acceptance":[0.08968421052631578],"Energy":{"Mean":-12.453427933829307,"Sigma":0.3163555956802749,"Taucorr":0.0},"EnergyVariance":{"Mean":10.604018564696863,"Sigma":2.808559541066875,"Taucorr":0.0},"Iteration":32},
{"Acceptance":[0.09052631578947369],"Energy":{"Mean":-13.017911769161005,"Sigma":0.45625501828727044,"Taucorr":2.7755575615628914e-17},"EnergyVariance":{"Mean":25.246245177249254,"Sigma":6.915320121493279,"Taucorr":5.551115123125783e-17},"Iteration":33},
{"Acceptance":[0.08673684210526315],"Energy":{"Mean":-12.854721784860091,"Sigma":0.3254000467549349,"Taucorr":-8.326672684688674e-17},"EnergyVariance":{"Mean":11.613237988770727,"Sigma":2.6772934762418585,"Taucorr":0.0},"Iteration":34},
{"Acceptance":[0.08757894736842105],"Energy":{"Mean":-13.117263207786113,"Sigma":0.34293156722821405,"Taucorr":-8.326672684688674e-17},"EnergyVariance":{"Mean":12.598599634845932,"Sigma":3.4552748769491184,"Taucorr":-2.7755575615628914e-17},"Iteration":35},
{"Acceptance":[0.096],"Energy":{"Mean":-13.589588845269486,"Sigma":0.3039400173166359,"Taucorr":0.0},"EnergyVariance":{"Mean":11.39737173589572,"Sigma":6.09931291751052,"Taucorr":0.0},"Iteration":36},
{"Acceptance":[0.07831578947368421],"Energy":{"Mean":-13.753667153277355,"Sigma":0.36593928523322883,"Taucorr":0.0},"EnergyVariance":{"Mean":18.890712692052382,"Sigma":6.7426116297151095,"Taucorr":-5.551115123125783e-17},"Iteration":37},
{"Acceptance":[0.07873684210526316],"Energy":{"Mean":-12.784430265279509,"Sigma":0.36670117245863904,"Taucorr":-2.7755575615628914e-17},"EnergyVariance":{"Mean":15.190071807741651,"Sigma":4.632630555440314,"Taucorr":0.0},"Iteration":38},
{"Acceptance":[0.10442105263157894],"Energy":{"Mean":-14.048571080880269,"Sigma":0.4745043160297389,"Taucorr":-5.551115123125783e-17},"EnergyVariance":{"Mean":24.09648040242884,"Sigma":4.485016102541754,"Taucorr":0.0},"Iteration":39},
{"Acceptance":[0.09221052631578948],"Energy":{"Mean":-12.400883911635214,"Sigma":0.43243754870372314,"Taucorr":2.7755575615628914e-17},"EnergyVariance":{"Mean":25.75152115166681,"Sigma":8.06200172456515,"Taucorr":0.0},"Iteration":40},
{"Acceptance":[0.08463157894736842],"Energy":{"Mean":-12.142612496882126,"Sigma":0.44375957421647844,"Taucorr":2.7755575615628914e-17},"EnergyVariance":{"Mean":33.94578418324307,"Sigma":9.340913170862137,"Taucorr":-2.7755575615628914e-17},"Iteration":41},
{"Acceptance":[0.06778947368421052],"Energy":{"Mean":-13.645728006311971,"Sigma":0.3670004676305435,"Taucorr":0.0},"EnergyVariance":{"Mean":15.325228871186148,"Sigma":6.581267125782808,"Taucorr":0.0},"Iteration":42},
{"Acceptance":[0.07326315789473684],"Energy":{"Mean":-13.927027052212226,"Sigma":0.24782608630972142,"Taucorr":2.7755575615628914e-17},"EnergyVariance":{"Mean":6.86569613419607,"Sigma":2.6051204161912933,"Taucorr":0.0},"Iteration":43},
{"Acceptance":[0.08210526315789474],"Energy":{"Mean":-13.73140303541443,"Sigma":0.34831735605289676,"Taucorr":-2.7755575615628914e-17},"EnergyVariance":{"Mean":14.722230654210826,"Sigma":7.374220196477817,"Taucorr":0.0},"Iteration":44},
{"Acceptance":[0.08210526315789474],"Energy":{"Mean":-14.382185118742811,"Sigma":0.3896803099856861,"Taucorr":0.0},"EnergyVariance":{"Mean":25.760874361331233,"Sigma":12.743617679262359,"Taucorr":5.551115123125783e-17},"Iteration":45},
{"Acceptance":[0.07157894736842105],"Energy":{"Mean":-14.412094414616854,"Sigma":0.3959637878090933,"Taucorr":0.0},"EnergyVariance":{"Mean":17.2470264259886,"Sigma":7.9504919139501435,"Taucorr":-5.551115123125783e-17},"Iteration":46},
{"Acceptance":[0.07873684210526316],"Energy":{"Mean":-15.234626293058387,"Sigma":0.6329109086448939,"Taucorr":0.0},"EnergyVariance":{"Mean":43.34799513073663,"Sigma":23.722875912913384,"Taucorr":-2.7755575615628914e-17},"Iteration":47},
{"Acceptance":[0.08336842105263158],"Energy":{"Mean":-14.735516411134915,"Sigma":0.3711891842504387,"Taucorr":-8.326672684688674e-17},"EnergyVariance":{"Mean":15.31698667260879,"Sigma":4.187941227945938,"Taucorr":-2.7755575615628914e-17},"Iteration":48},
{"Acceptance":[0.072],"Energy":{"Mean":-13.738644412894983,"Sigma":0.3293625613554331,"Taucorr":5.551115123125783e-17},"EnergyVariance":{"Mean":13.824626727500952,"Sigma":3.3232789060371632,"Taucorr":2.7755575615628914e-17},"Iteration":49},
{"Acceptance":[0.072],"Energy":{"Mean":-14.653225167048376,"Sigma":0.29935527998384504,"Taucorr":5.551115123125783e-17},"EnergyVariance":{"Mean":11.871607821489537,"Sigma":3.102730494700209,"Taucorr":-5.551115123125783e-17},"Iteration":50},
{"Acceptance":[0.06315789473684211],"Energy":{"Mean":-14.369125857514092,"Sigma":0.4517117276713333,"Taucorr":-2.7755575615628914e-17},"EnergyVariance":{"Mean":20.861821752655622,"Sigma":8.324460389813103,"Taucorr":8.326672684688674e-17},"Iteration":51},
{"Acceptance":[0.056842105263157895],"Energy":{"Mean":-13.586817825686479,"Sigma":0.2816585353492971,"Taucorr":-8.326672684688674e-17},"EnergyVariance":{"Mean":20.085164628843028,"Sigma":11.60007285798191,"Taucorr":-2.7755575615628914e-17},"Iteration":52},
{"Acceptance":[0.06736842105263158],"Energy":{"Mean":-15.139916241104004,"Sigma":0.4431783071096886,"Taucorr":0.0},"EnergyVariance":{"Mean":19.9421784995077,"Sigma":11.564515458598366,"Taucorr":-2.7755575615628914e-17},"Iteration":53},
{"Acceptance":[0.06063157894736842],"Energy":{"Mean":-13.56233736859783,"Sigma":0.3294679840806659,"Taucorr":-2.7755575615628914e-17},"EnergyVariance":{"Mean":12.185406188382808,"Sigma":4.260600451478182,"Taucorr":-2.7755575615628914e-17},"Iteration":54},
{"Acceptance":[0.05936842105263158],"Energy":{"Mean":-14.449076946273994,"Sigma":0.36528964214572085,"Taucorr":0.0},"EnergyVariance":{"Mean":14.796015224408848,"Sigma":5.559972988521887,"Taucorr":0.0},"Iteration":55},
{"Acceptance":[0.0711578947368421],"Energy":{"Mean":-13.661681409356524,"Sigma":0.5261470337451606,"Taucorr":-5.551115123125783e-17},"EnergyVariance":{"Mean":32.51639332253213,"Sigma":15.194906132623808,"Taucorr":0.0},"Iteration":56},
{"Acceptance":[0.07157894736842105],"Energy":{"Mean":-13.498984861522441,"Sigma":0.35673153404876645,"Taucorr":5.551115123125783e-17},"EnergyVariance":{"Mean":42.06011420421954,"Sigma":17.857666133485314,"Taucorr":0.0},"Iteration":57},
{"Acceptance":[0.06568421052631579],"Energy":{"Mean":-14.438426056616063,"Sigma":0.3348688638377208,"Taucorr":0.0},"EnergyVariance":{"Mean":13.170909689469205,"Sigma":8.3705490814042,"Taucorr":-5.551115123125783e-17},"Iteration":58},
{"Acceptance":[0.072],"Energy":{"Mean":-14.932223947711801,"Sigma":0.24375514069319124,"Taucorr":5.551115123125783e-17},"EnergyVariance":{"Mean":5.9356339245336205,"Sigma":1.5365660082067167,"Taucorr":5.551115123125783e-17},"Iteration":59},
{"Acceptance":[0.06905263157894737],"Energy":{"Mean":-14.904685111383827,"Sigma":0.2977128852389414,"Taucorr":2.7755575615628914e-17},"EnergyVariance":{"Mean":9.378684749127544,"Sigma":2.80507158484518,"Taucorr":-2.7755575615628914e-17},"Iteration":60},
{"Acceptance":[0.07284210526315789],"Energy":{"Mean":-13.921261519836946,"Sigma":0.3687855046748497,"Taucorr":-2.7755575615628914e-17},"EnergyVariance":{"Mean":16.275241648672854,"Sigma":8.342969493111177,"Taucorr":0.0},"Iteration":61},
{"Acceptance":[0.07452631578947369],"Energy":{"Mean":-14.69148377118828,"Sigma":0.36592997224169954,"Taucorr":-5.551115123125783e-17},"EnergyVariance":{"Mean":24.80317586053249,"Sigma":12.096043787116399,"Taucorr":-2.7755575615628914e-17},"Iteration":62},
{"Acceptance":[0.05431578947368421],"Energy":{"Mean":-14.156429061856354,"Sigma":0.18302724526496533,"Taucorr":-1.1102230246251565e-16},"EnergyVariance":{"Mean":3.61222638429748,"Sigma":0.513844772991619,"Taucorr":0.0},"Iteration":63},
{"Acceptance":[0.06021052631578947],"Energy":{"Mean":-14.83553966809225,"Sigma":0.3477758840638848,"Taucorr":-5.551115123125783e-17},"EnergyVariance":{"Mean":13.830118639939833,"Sigma":9.370756229298314,"Taucorr":0.0},"Iteration":64},
{"Acceptance":[0.06315789473684211],"Energy":{"Mean":-13.786822817480362,"Sigma":0.6533122046207178,"Taucorr":-5.551115123125783e-17},"EnergyVariance":{"Mean":44.319545250000346,"Sigma":14.253728421643066,"Taucorr":-5.551115123125783e-17},"Iteration":65},
{"Acceptance":[0.06778947368421052],"Energy":{"Mean":-14.935177113353568,"Sigma":0.1299781001418896,"Taucorr":5.551115123125783e-17},"EnergyVariance":{"Mean":1.711109837755397,"Sigma":0.3420753341430103,"Taucorr":0.0},"Iteration":66},
{"Acceptance":[0.07494736842105264],"Energy":{"Mean":-15.0401214978701,"Sigma":0.4026301936759393,"Taucorr":2.7755575615628914e-17},"EnergyVariance":{"Mean":18.863961854179095,"Sigma":9.151713072728523,"Taucorr":-8.326672684688674e-17},"Iteration":67},
{"Acceptance":[0.064],"Energy":{"Mean":-14.620559373467133,"Sigma":0.2574191304086316,"Taucorr":-2.7755575615628914e-17},"EnergyVariance":{"Mean":7.664820562237894,"Sigma":3.922037303755192,"Taucorr":0.0},"Iteration":68},
{"Acceptance":[0.0648421052631579],"Energy":{"Mean":-14.619019355744076,"Sigma":0.30736571162532833,"Taucorr":1.1102230246251565e-16},"EnergyVariance":{"Mean":12.385319851201416,"Sigma":7.292424288919657,"Taucorr":2.7755575615628914e-17},"Iteration":69},
{"Acceptance":[0.06273684210526316],"Energy":{"Mean":-14.511466882516473,"Sigma":0.15506264483643978,"Taucorr":0.0},"EnergyVariance":{"Mean":2.9779794019628105,"Sigma":0.3905783370351702,"Taucorr":0.0},"Iteration":70},
{"Acceptance":[0.06357894736842105],"Energy":{"Mean":-15.013262232634883,"Sigma":0.3703266086281068,"Taucorr":5.551115123125783e-17},"EnergyVariance":{"Mean":15.136556622417858,"Sigma":6.266028663859278,"Taucorr":-8.326672684688674e-17},"Iteration":71},
{"Acceptance":[0.05136842105263158],"Energy":{"Mean":-15.213890633222,"Sigma":0.26274075722594714,"Taucorr":1.1102230246251565e-16},"EnergyVariance":{"Mean":6.907521236628056,"Sigma":2.5186174117263436,"Taucorr":5.551115123125783e-17},"Iteration":72},
{"Acceptance":[0.07747368421052632],"Energy":{"Mean":-15.146175031174685,"Sigma":0.2958737857411881,"Taucorr":5.551115123125783e-17},"EnergyVariance":{"Mean":11.021895691568044,"Sigma":5.156034208643723,"Taucorr":-2.7755575615628914e-17},"Iteration":73},
{"Acceptance":[0.06821052631578947],"Energy":{"Mean":-14.7492328489991,"Sigma":0.21049374933281928,"Taucorr":5.551115123125783e-17},"EnergyVariance":{"Mean":4.665988734002089,"Sigma":0.9044835845978717,"Taucorr":0.0},"Iteration":74},
{"Acceptance":[0.08421052631578947],"Energy":{"Mean":-14.40267549262633,"Sigma":0.5746675378617376,"Taucorr":0.0},"EnergyVariance":{"Mean":41.989128653247576,"Sigma":12.815606333342206,"Taucorr":-1.3877787807814457e-16},"Iteration":75},
{"Acceptance":[0.07663157894736843],"Energy":{"Mean":-15.164629624519339,"Sigma":0.1882457271323741,"Taucorr":5.551115123125783e-17},"EnergyVariance":{"Mean":4.786041764792332,"Sigma":0.8129498737754101,"Taucorr":0.0},"Iteration":76},
{"Acceptance":[0.06568421052631579],"Energy":{"Mean":-15.102319606414603,"Sigma":0.4200767335505595,"Taucorr":2.7755575615628914e-17},"EnergyVariance":{"Mean":39.484474709958874,"Sigma":21.833636356320202,"Taucorr":0.0},"Iteration":77},
{"Acceptance":[0.06736842105263158],"Energy":{"Mean":-14.50508460332359,"Sigma":0.25950733173688756,"Taucorr":-5.551115123125783e-17},"EnergyVariance":{"Mean":6.8384892124221075,"Sigma":2.466237877424434,"Taucorr":-5.551115123125783e-17},"Iteration":78},
{"Acceptance":[0.07494736842105264],"Energy":{"Mean":-14.983831990144093,"Sigma":0.5180634187112826,"Taucorr":5.551115123125783e-17},"EnergyVariance":{"Mean":31.50311559593886,"Sigma":12.76567206096114,"Taucorr":-2.7755575615628914e-17},"Iteration":79},
{"Acceptance":[0.06315789473684211],"Energy":{"Mean":-14.196076372929328,"Sigma":0.14582046255465372,"Taucorr":0.0},"EnergyVariance":{"Mean":2.158548600010106,"Sigma":0.32845133183471814,"Taucorr":-2.7755575615628914e-17},"Iteration":80},
{"Acceptance":[0.06989473684210526],"Energy":{"Mean":-15.1639716509057,"Sigma":0.3128034322071771,"Taucorr":0.0},"EnergyVariance":{"Mean":9.686948475638085,"Sigma":3.3024890054889,"Taucorr":8.326672684688674e-17},"Iteration":81},
{"Acceptance":[0.05515789473684211],"Energy":{"Mean":-15.293275434636106,"Sigma":0.46093324846577605,"Taucorr":2.7755575615628914e-17},"EnergyVariance":{"Mean":25.84924043297223,"Sigma":14.069096987529509,"Taucorr":0.0},"Iteration":82},
{"Acceptance":[0.08042105263157895],"Energy":{"Mean":-14.46902116103702,"Sigma":0.18637111301995266,"Taucorr":-8.326672684688674e-17},"EnergyVariance":{"Mean":3.887538315923516,"Sigma":0.798016103768518,"Taucorr":5.551115123125783e-17},"Iteration":83},
{"Acceptance":[0.0703157894736842],"Energy":{"Mean":-14.718199857933655,"Sigma":0.2245605374199905,"Taucorr":-8.326672684688674e-17},"EnergyVariance":{"Mean":5.446491125073183,"Sigma":0.8634161188832363,"Taucorr":-2.7755575615628914e-17},"Iteration":84},
{"Acceptance":[0.07326315789473684],"Energy":{"Mean":-14.355228308128956,"Sigma":0.25263428000287125,"Taucorr":-8.326672684688674e-17},"EnergyVariance":{"Mean":6.482866319704575,"Sigma":2.33994824095749,"Taucorr":8.326672684688674e-17},"Iteration":85},
{"Acceptance":[0.06610526315789474],"Energy":{"Mean":-15.254410197915135,"Sigma":0.4479686763817544,"Taucorr":-5.551115123125783e-17},"EnergyVariance":{"Mean":20.930000200855723,"Sigma":6.140648165737155,"Taucorr":-8.326672684688674e-17},"Iteration":86},
{"Acceptance":[0.06905263157894737],"Energy":{"Mean":-14.394937142492314,"Sigma":0.2563717101086162,"Taucorr":-2.7755575615628914e-17},"EnergyVariance":{"Mean":6.61118718508806,"Sigma":3.1124702448078363,"Taucorr":-2.7755575615628914e-17},"Iteration":87},
{"Acceptance":[0.06652631578947368],"Energy":{"Mean":-14.835544957187944,"Sigma":0.19471222944234776,"Taucorr":0.0},"EnergyVariance":{"Mean":3.780701575063986,"Sigma":0.7405548324000665,"Taucorr":0.0},"Iteration":88},
{"Acceptance":[0.048842105263157895],"Energy":{"Mean":-14.232961777168864,"Sigma":0.24818725849168188,"Taucorr":-8.326672684688674e-17},"EnergyVariance":{"Mean":6.305815381935837,"Sigma":1.6361403169846382,"Taucorr":0.0},"Iteration":89},
{"Acceptance":[0.07578947368421053],"Energy":{"Mean":-15.022309737269566,"Sigma":0.3551630067382145,"Taucorr":5.551115123125783e-17},"EnergyVariance":{"Mean":17.727231352157222,"Sigma":13.366553396341178,"Taucorr":0.0},"Iteration":90},
{"Acceptance":[0.07410526315789474],"Energy":{"Mean":-13.062384608095657,"Sigma":0.7070927181556399,"Taucorr":-5.551115123125783e-17},"EnergyVariance":{"Mean":69.54442514375495,"Sigma":31.014872240734984,"Taucorr":-8.326672684688674e-17},"Iteration":91},
{"Acceptance":[0.06610526315789474],"Energy":{"Mean":-15.027302719134976,"Sigma":0.2292789132202834,"Taucorr":0.0},"EnergyVariance":{"Mean":5.2835051717357695,"Sigma":1.8822468121639482,"Taucorr":0.0},"Iteration":92},
{"Acceptance":[0.06315789473684211],"Energy":{"Mean":-14.41705837174145,"Sigma":0.18330123020138717,"Taucorr":1.1102230246251565e-16},"EnergyVariance":{"Mean":3.4686020775106243,"Sigma":0.7187594345917966,"Taucorr":0.0},"Iteration":93},
{"Acceptance":[0.05726315789473684],"Energy":{"Mean":-14.812601008604732,"Sigma":0.180444044024603,"Taucorr":-5.551115123125783e-17},"EnergyVariance":{"Mean":3.5814768299663946,"Sigma":0.7013459883728342,"Taucorr":-5.551115123125783e-17},"Iteration":94},
{"Acceptance":[0.05473684210526316],"Energy":{"Mean":-15.95157921078756,"Sigma":0.5183841105257911,"Taucorr":-5.551115123125783e-17},"EnergyVariance":{"Mean":45.613401131657774,"Sigma":18.95070075740285,"Taucorr":0.0},"Iteration":95},
{"Acceptance":[0.048],"Energy":{"Mean":-14.677348817885054,"Sigma":0.18948369457729297,"Taucorr":0.0},"EnergyVariance":{"Mean":3.5648283905553066,"Sigma":0.5958467779453566,"Taucorr":0.0},"Iteration":96},
{"Acceptance":[0.07536842105263158],"Energy":{"Mean":-14.185064822753146,"Sigma":0.2049723830264107,"Taucorr":5.551115123125783e-17},"EnergyVariance":{"Mean":4.188019994874152,"Sigma":0.7615353672942035,"Taucorr":-2.7755575615628914e-17},"Iteration":97},
{"Acceptance":[0.064],"Energy":{"Mean":-15.33618239471226,"Sigma":0.42758160438415166,"Taucorr":-2.7755575615628914e-17},"EnergyVariance":{"Mean":18.002360508565282,"Sigma":10.1427121401182,"Taucorr":-5.551115123125783e-17},"Iteration":98},
{"Acceptance":[0.061894736842105266],"Energy":{"Mean":-14.16133208052658,"Sigma":0.19933050010836872,"Taucorr":1.1102230246251565e-16},"EnergyVariance":{"Mean":4.1940731647652,"Sigma":0.6078524019900317,"Taucorr":-5.551115123125783e-17},"Iteration":99} 
]}
{"input": {"L": 18, "J": 1, "machine": {"type": "FFNN", "model": ["tanh", 61, 1]}, "sampler": {"type": "MetropolisHop", "d_max": 5}, "optimizer": {"type": "AdaMax", "alpha": 0.001, "beta1": 0.9, "beta2": 0.999, "epscut": 1e-07}, "VMC": {"n_samples": 100, "discarded_samples": 100, "discarded_samples_on_init": 0, "target": "energy", "method": "Gd", "diag_shift": 0.01, "use_iterative": true, "use_cholesky": true}, "n_iter": 100}}
duration: -0.5127806663513184