{"Output": [
{"Acceptance":[0.8266666666666667],"Energy":{"Mean":6.386178060082498,"Sigma":0.20573064373788646,"Taucorr":0.0019941077262887186},"EnergyVariance":{"Mean":4.189387797808129,"Sigma":0.6950935551767334,"Taucorr":0.12613496912301314},"Iteration":0},
{"Acceptance":[0.7805555555555556],"Energy":{"Mean":6.353119247953264,"Sigma":0.3416401186474185,"Taucorr":0.21716326117078855},"EnergyVariance":{"Mean":8.071817375130706,"Sigma":1.2399886674975917,"Taucorr":0.12488472214684487},"Iteration":1},
{"Acceptance":[0.73],"Energy":{"Mean":6.45274134071078,"Sigma":0.2950556983375141,"Taucorr":0.0993006635892354},"EnergyVariance":{"Mean":7.498678119375029,"Sigma":0.919134637765132,"Taucorr":-0.17730523823771255},"Iteration":2},
{"Acceptance":[0.7027777777777777],"Energy":{"Mean":5.976339760145062,"Sigma":0.23002931655991782,"Taucorr":-0.08674904014717627},"EnergyVariance":{"Mean":7.107987256223707,"Sigma":1.1101603349540528,"Taucorr":0.30114103203854337},"Iteration":3},
{"Acceptance":[0.6644444444444444],"Energy":{"Mean":5.184858377544119,"Sigma":0.2948413477952057,"Taucorr":0.025969378446288327},"EnergyVariance":{"Mean":8.904003352139865,"Sigma":1.0405782181307985,"Taucorr":-0.00020228907287589415},"Iteration":4},
{"Acceptance":[0.595],"Energy":{"Mean":5.379350715130498,"Sigma":0.34994826538631796,"Taucorr":0.22910291956053597},"EnergyVariance":{"Mean":9.298239555488548,"Sigma":1.3102866816519558,"Taucorr":0.1168013248221973},"Iteration":5},
{"Acceptance":[0.5638888888888889],"Energy":{"Mean":4.52472750828299,"Sigma":0.2722491474307754,"Taucorr":0.11804679727082823},"EnergyVariance":{"Mean":7.789629132129647,"Sigma":1.3213691941167434,"Taucorr":0.2702410991853105},"Iteration":6},
{"Acceptance":[0.5438888888888889],"Energy":{"Mean":4.026825628711727,"Sigma":0.36017085828588435,"Taucorr":0.21976212823693086},"EnergyVariance":{"Mean":10.885160018446769,"Sigma":1.4275971030906287,"Taucorr":0.037240065736353634},"Iteration":7},
{"Acceptance":[0.48388888888888887],"Energy":{"Mean":3.4311174629735186,"Sigma":0.39575190437010166,"Taucorr":0.3487814554496551},"EnergyVariance":{"Mean":11.153136213064327,"Sigma":1.5091124398279738,"Taucorr":-0.047782466726053185},"Iteration":8},
{"Acceptance":[0.4727777777777778],"Energy":{"Mean":3.0906860488019774,"Sigma":0.29605002677627823,"Taucorr":0.07072672832049265},"EnergyVariance":{"Mean":9.742865206074713,"Sigma":1.1233547601734992,"Taucorr":-0.10362989545500301},"Iteration":9},
{"Acceptance":[0.41388888888888886],"Energy":{"Mean":1.8534501655385667,"Sigma":0.3451362051266941,"Taucorr":0.17550879254174556},"EnergyVariance":{"Mean":11.66206190699793,"Sigma":1.9475988021874502,"Taucorr":0.057234786682376804},"Iteration":10},
{"Acceptance":[0.4027777777777778],"Energy":{"Mean":1.8954622076810728,"Sigma":0.34538134297784995,"Taucorr":0.273872439413125},"EnergyVariance":{"Mean":10.999966253314824,"Sigma":3.2836471662747635,"Taucorr":0.14997755271215318},"Iteration":11},
{"Acceptance":[0.33],"Energy":{"Mean":1.0100419543190273,"Sigma":0.411660555116451,"Taucorr":0.705593980139317},"EnergyVariance":{"Mean":10.663727707870923,"Sigma":2.7500672613148276,"Taucorr":0.5079681096249293},"Iteration":12},
{"Acceptance":[0.3438888888888889],"Energy":{"Mean":1.5786564949573547,"Sigma":0.4614398305256368,"Taucorr":0.6208257757504969},"EnergyVariance":{"Mean":13.487086402894766,"Sigma":2.612751744088542,"Taucorr":0.19861702817464022},"Iteration":13},
{"Acceptance":[0.31055555555555553],"Energy":{"Mean":0.19301253942862664,"Sigma":0.3487846705093591,"Taucorr":0.35668579191914396},"EnergyVariance":{"Mean":11.432730221636053,"Sigma":2.1949803757469954,"Taucorr":-0.025381394922656064},"Iteration":14},
{"Acceptance":[0.295],"Energy":{"Mean":-0.23613334967487196,"Sigma":0.3169921311276819,"Taucorr":0.35613190006942996},"EnergyVariance":{"Mean":10.875084121356613,"Sigma":1.7623274877003146,"Taucorr":0.03835035251247498},"Iteration":15},
{"Acceptance":[0.27944444444444444],"Energy":{"Mean":-0.21114796182467796,"Sigma":0.34333175921115083,"Taucorr":0.7115329919678515},"EnergyVariance":{"Mean":8.464114489790823,"Sigma":1.4657011443073253,"Taucorr":0.057904702080364134},"Iteration":16},
{"Acceptance":[0.24166666666666667],"Energy":{"Mean":-0.7531922161567256,"Sigma":0.3483737322747621,"Taucorr":0.3628996876816245},"EnergyVariance":{"Mean":14.229594038009996,"Sigma":4.527871166927492,"Taucorr":0.2699352177774853},"Iteration":17},
{"Acceptance":[0.27],"Energy":{"Mean":-0.7562652649041863,"Sigma":0.24865816137875607,"Taucorr":0.11012830558947528},"EnergyVariance":{"Mean":10.251485933606878,"Sigma":1.949853729202132,"Taucorr":0.023231028048450675},"Iteration":18},
{"Acceptance":[0.23944444444444443],"Energy":{"Mean":-1.5746146906152614,"Sigma":0.30803722305927767,"Taucorr":0.8576873887870187},"EnergyVariance":{"Mean":11.315534038750858,"Sigma":3.4102587517530045,"Taucorr":0.14583393485604024},"Iteration":19},
{"Acceptance":[0.23333333333333334],"Energy":{"Mean":-1.9032302587271033,"Sigma":0.2203857674851445,"Taucorr":0.28286623853457926},"EnergyVariance":{"Mean":4.874608145410719,"Sigma":0.8714216363224624,"Taucorr":-0.05647931470732964},"Iteration":20},
{"Acceptance":[0.21833333333333332],"Energy":{"Mean":-0.8661759953070406,"Sigma":0.28988119504580917,"Taucorr":0.30971962505215245},"EnergyVariance":{"Mean":8.307986279392916,"Sigma":1.8553827341223927,"Taucorr":0.27414044307985896},"Iteration":21},
{"Acceptance":[0.21444444444444444],"Energy":{"Mean":-1.7602472809675935,"Sigma":0.23010639084563417,"Taucorr":0.2886211193362661},"EnergyVariance":{"Mean":6.509535297929201,"Sigma":1.8487391316439516,"Taucorr":0.19483622191017091},"Iteration":22},
{"Acceptance":[0.18833333333333332],"Energy":{"Mean":-1.8158020046240653,"Sigma":0.2572006881489025,"Taucorr":0.3385997315543001},"EnergyVariance":{"Mean":8.173256464323972,"Sigma":2.018003168678992,"Taucorr":0.2211927401800423},"Iteration":23},
{"Acceptance":[0.15722222222222224],"Energy":{"Mean":-2.3498423488845717,"Sigma":0.26751480267325184,"Taucorr":0.5389824382673258},"EnergyVariance":{"Mean":5.64364840599125,"Sigma":1.8677820131640774,"Taucorr":0.2653056063548337},"Iteration":24},
{"Acceptance":[0.14444444444444443],"Energy":{"Mean":-2.852204425874136,"Sigma":0.14786682468224593,"Taucorr":0.21908011622124413},"EnergyVariance":{"Mean":2.8585777504873047,"Sigma":0.8009032069125067,"Taucorr":0.34269303824326103},"Iteration":25},
{"Acceptance":[0.16944444444444445],"Energy":{"Mean":-2.3872381363173805,"Sigma":0.2650180904367644,"Taucorr":0.2728298877001637},"EnergyVariance":{"Mean":5.822367356065032,"Sigma":1.8325058887197734,"Taucorr":0.16159678291273782},"Iteration":26},
{"Acceptance":[0.1622222222222222],"Energy":{"Mean":-2.6835407408701117,"Sigma":0.3129742944000133,"Taucorr":0.4780600212636952},"EnergyVariance":{"Mean":10.667650239136977,"Sigma":5.0731235862802215,"Taucorr":0.5351082129472933},"Iteration":27},
{"Acceptance":[0.16444444444444445],"Energy":{"Mean":-2.6559121682241256,"Sigma":0.20291084818921534,"Taucorr":0.14142596081365122},"EnergyVariance":{"Mean":4.607024247740348,"Sigma":1.2043035789393135,"Taucorr":-0.050508584271499346},"Iteration":28},
{"Acceptance":[0.14722222222222223],"Energy":{"Mean":-2.8002347034955277,"Sigma":0.20903676505427693,"Taucorr":0.5271239468148015},"EnergyVariance":{"Mean":4.094835965748134,"Sigma":1.398280672740087,"Taucorr":0.030940191116981874},"Iteration":29},
{"Acceptance":[0.14055555555555554],"Energy":{"Mean":-3.184273448255849,"Sigma":0.19611809684040057,"Taucorr":0.6688107486213479},"EnergyVariance":{"Mean":2.9157841248472005,"Sigma":1.1407618329890676,"Taucorr":-0.002994769277255338},"Iteration":30},
{"Acceptance":[0.1388888888888889],"Energy":{"Mean":-3.1231228854654773,"Sigma":0.19257810733480654,"Taucorr":0.456005188136833},"EnergyVariance":{"Mean":3.009728133375341,"Sigma":0.42000373193545276,"Taucorr":0.07320623889115763},"Iteration":31},
{"Acceptance":[0.145],"Energy":{"Mean":-2.728481580182654,"Sigma":0.3198615520294758,"Taucorr":0.5435292026249972},"EnergyVariance":{"Mean":8.4526512249124,"Sigma":3.277154890670752,"Taucorr":0.3423541588104487},"Iteration":32},
{"Acceptance":[0.12833333333333333],"Energy":{"Mean":-2.9301984772276763,"Sigma":0.27289579231175565,"Taucorr":0.17714923446104813},"EnergyVariance":{"Mean":13.854852369783156,"Sigma":7.747637256076675,"Taucorr":1.0705835604727227},"Iteration":33},
{"Acceptance":[0.135],"Energy":{"Mean":-3.6694913880265427,"Sigma":0.35642514104955736,"Taucorr":0.4790041882967776},"EnergyVariance":{"Mean":14.704163454876523,"Sigma":5.538098887317705,"Taucorr":0.29238810327359},"Iteration":34},
{"Acceptance":[0.12055555555555555],"Energy":{"Mean":-3.3625988172365906,"Sigma":0.3200745119388178,"Taucorr":0.8379282274259154},"EnergyVariance":{"Mean":6.896700980055599,"Sigma":5.199350039852239,"Taucorr":0.5512838143364445},"Iteration":35},
{"Acceptance":[0.11222222222222222],"Energy":{"Mean":-3.201198427572154,"Sigma":0.28856179235573404,"Taucorr":0.82306629151864},"EnergyVariance":{"Mean":5.178624569462953,"Sigma":2.700721227621279,"Taucorr":0.011606919418736705},"Iteration":36},
{"Acceptance":[0.12055555555555555],"Energy":{"Mean":-3.965291300128263,"Sigma":0.3255045324554389,"Taucorr":0.35539046030444255},"EnergyVariance":{"Mean":9.977119063048978,"Sigma":5.5388511125269355,"Taucorr":0.6581856283264105},"Iteration":37},
{"Acceptance":[0.09388888888888888],"Energy":{"Mean":-4.013492391541779,"Sigma":0.14828823802414431,"Taucorr":0.3358690826473295},"EnergyVariance":{"Mean":1.965452952303045,"Sigma":0.5963465733216501,"Taucorr":1.2354573465682943},"Iteration":38},
{"Acceptance":[0.10166666666666667],"Energy":{"Mean":-3.6124981816668065,"Sigma":0.17221694645827895,"Taucorr":0.023865498530435847},"EnergyVariance":{"Mean":3.4455334257562957,"Sigma":1.2383710356529518,"Taucorr":0.09272825015010522},"Iteration":39},
{"Acceptance":[0.12555555555555556],"Energy":{"Mean":-2.8963804555137913,"Sigma":0.4144923506676599,"Taucorr":0.6786909936015566},"EnergyVariance":{"Mean":14.452964757165365,"Sigma":6.554204742527847,"Taucorr":0.6567309539207966},"Iteration":40},
{"Acceptance":[0.10611111111111111],"Energy":{"Mean":-3.6352890830322444,"Sigma":0.15075906523674612,"Taucorr":0.3945088843817225},"EnergyVariance":{"Mean":1.4714810507812108,"Sigma":0.5538022353984202,"Taucorr":0.4609227500446632},"Iteration":41},
{"Acceptance":[0.08055555555555556],"Energy":{"Mean":-3.862336660939317,"Sigma":0.13330104810188798,"Taucorr":0.2574142454923479},"EnergyVariance":{"Mean":1.243085980315067,"Sigma":0.5180671796508168,"Taucorr":0.03224278836311789},"Iteration":42},
{"Acceptance":[0.09888888888888889],"Energy":{"Mean":-3.5260538085519864,"Sigma":0.17375668871986968,"Taucorr":0.29375751622306034},"EnergyVariance":{"Mean":6.70255842460795,"Sigma":5.637811310380691,"Taucorr":0.052826749525643146},"Iteration":43},
{"Acceptance":[0.09944444444444445],"Energy":{"Mean":-3.6915772609691775,"Sigma":0.137403442584332,"Taucorr":0.17784933525437008},"EnergyVariance":{"Mean":1.4692034485611432,"Sigma":0.46354313670938135,"Taucorr":-0.050893098337587206},"Iteration":44},
{"Acceptance":[0.09333333333333334],"Energy":{"Mean":-3.5000109760441225,"Sigma":0.2920262976508902,"Taucorr":0.6177712260103432},"EnergyVariance":{"Mean":6.141278031187455,"Sigma":3.3083014476492125,"Taucorr":0.005824064174122512},"Iteration":45},
{"Acceptance":[0.07166666666666667],"Energy":{"Mean":-3.826946956405481,"Sigma":0.19532449414411437,"Taucorr":-0.10553917257335343},"EnergyVariance":{"Mean":7.333396784995065,"Sigma":4.651863381710157,"Taucorr":0.25589274533269823},"Iteration":46},
{"Acceptance":[0.11166666666666666],"Energy":{"Mean":-3.4193377576691635,"Sigma":0.3848789493748172,"Taucorr":0.5971305611553932},"EnergyVariance":{"Mean":24.15697072608619,"Sigma":16.07759055428793,"Taucorr":0.5944872056570847},"Iteration":47},
{"Acceptance":[0.08166666666666667],"Energy":{"Mean":-3.2043459439675224,"Sigma":0.3717567641636739,"Taucorr":0.11696310585539171},"EnergyVariance":{"Mean":18.934440948512062,"Sigma":16.231413407053058,"Taucorr":-0.0022872375955963475},"Iteration":48},
{"Acceptance":[0.07277777777777777],"Energy":{"Mean":-4.401917453098877,"Sigma":0.15187927518238215,"Taucorr":-0.33541035710225187},"EnergyVariance":{"Mean":6.8196668163982155,"Sigma":5.72465972595515,"Taucorr":0.18534451660004148},"Iteration":49},
{"Acceptance":[0.065],"Energy":{"Mean":-3.955547876537133,"Sigma":0.21306163543928164,"Taucorr":1.0271839363796935},"EnergyVariance":{"Mean":1.455287665653281,"Sigma":1.0815592597146753,"Taucorr":1.0482364165899605},"Iteration":50},
{"Acceptance":[0.07666666666666666],"Energy":{"Mean":-3.5827580930423317,"Sigma":0.2955878879352005,"Taucorr":0.031422421445041815},"EnergyVariance":{"Mean":10.43004955666297,"Sigma":4.616041035585968,"Taucorr":-0.002267541722454691},"Iteration":51},
{"Acceptance":[0.06388888888888888],"Energy":{"Mean":-4.322501439582265,"Sigma":0.17119125900899293,"Taucorr":0.3257581386551277},"EnergyVariance":{"Mean":1.7352981580241944,"Sigma":0.6416028011651378,"Taucorr":0.5770129367097734},"Iteration":52},
{"Acceptance":[0.049444444444444444],"Energy":{"Mean":-4.128244424656172,"Sigma":0.04432378580964767,"Taucorr":0.11727829026729975},"EnergyVariance":{"Mean":0.16376292908261847,"Sigma":0.06842820463475485,"Taucorr":-0.0331192046859109},"Iteration":53},
{"Acceptance":[0.07277777777777777],"Energy":{"Mean":-4.0645636586020135,"Sigma":0.17345433258357093,"Taucorr":0.09743007552553007},"EnergyVariance":{"Mean":2.4141031811667637,"Sigma":0.9673822006418018,"Taucorr":0.4234636966332892},"Iteration":54},
{"Acceptance":[0.06388888888888888],"Energy":{"Mean":-3.6590486891655116,"Sigma":0.1253932541925305,"Taucorr":0.6449084388400108},"EnergyVariance":{"Mean":0.7140627644612589,"Sigma":0.17843228940349304,"Taucorr":0.25163453205082564},"Iteration":55},
{"Acceptance":[0.06722222222222222],"Energy":{"Mean":-4.244917594351889,"Sigma":0.2837671035896659,"Taucorr":-0.058799583310781445},"EnergyVariance":{"Mean":55.2207609907322,"Sigma":54.63409215972755,"Taucorr":0.0006501777539376086},"Iteration":56},
{"Acceptance":[0.05444444444444444],"Energy":{"Mean":-4.476322124763244,"Sigma":0.21636648492071708,"Taucorr":0.1965693100696032},"EnergyVariance":{"Mean":3.2149809509645304,"Sigma":2.2813068463557578,"Taucorr":0.04901338878857875},"Iteration":57},
{"Acceptance":[0.09277777777777778],"Energy":{"Mean":-4.179580220237838,"Sigma":0.4224393539240071,"Taucorr":0.1457103482547788},"EnergyVariance":{"Mean":56.424989989826635,"Sigma":33.726329797423006,"Taucorr":0.15121507489281327},"Iteration":58},
{"Acceptance":[0.05555555555555555],"Energy":{"Mean":-4.234230443493815,"Sigma":0.10187465599431035,"Taucorr":0.18139581762789658},"EnergyVariance":{"Mean":0.7588500932110439,"Sigma":0.44892192059582037,"Taucorr":0.38755547943929136},"Iteration":59},
{"Acceptance":[0.07611111111111112],"Energy":{"Mean":-4.508371819798201,"Sigma":0.21854346359576576,"Taucorr":-0.018254199163540152},"EnergyVariance":{"Mean":4.909393487739209,"Sigma":3.8867006603388745,"Taucorr":-0.007116393422117506},"Iteration":60},
{"Acceptance":[0.07444444444444444],"Energy":{"Mean":-4.03460103151865,"Sigma":0.14570491465543126,"Taucorr":0.018241799298058914},"EnergyVariance":{"Mean":2.3333784919147633,"Sigma":0.8080735971822275,"Taucorr":0.31717207312475115},"Iteration":61},
{"Acceptance":[0.08388888888888889],"Energy":{"Mean":-4.488025797317736,"Sigma":0.277257252012054,"Taucorr":0.16520583220172436},"EnergyVariance":{"Mean":5.868181813089993,"Sigma":3.6737210737338706,"Taucorr":-0.005960985772113014},"Iteration":62},
{"Acceptance":[0.06333333333333334],"Energy":{"Mean":-4.058904336210625,"Sigma":0.18201067108933508,"Taucorr":0.9022460447770322},"EnergyVariance":{"Mean":1.1900509897760423,"Sigma":0.7024716091169219,"Taucorr":0.6729129555943478},"Iteration":63},
{"Acceptance":[0.05611111111111111],"Energy":{"Mean":-4.114802307091909,"Sigma":0.08179072497121556,"Taucorr":0.0743989197693401},"EnergyVariance":{"Mean":0.5761719043734481,"Sigma":0.2966630013353024,"Taucorr":0.6412082740396869},"Iteration":64},
{"Acceptance":[0.07277777777777777],"Energy":{"Mean":-4.096273532004872,"Sigma":0.13881398667670125,"Taucorr":0.45684049177222974},"EnergyVariance":{"Mean":39.60657405162383,"Sigma":39.12768588690309,"Taucorr":0.5101917666805171},"Iteration":65},
{"Acceptance":[0.07444444444444444],"Energy":{"Mean":-3.8874562421023287,"Sigma":0.23125452983963124,"Taucorr":0.4963423776508481},"EnergyVariance":{"Mean":11.957559871056954,"Sigma":9.83912341460789,"Taucorr":0.117737352708291},"Iteration":66},
{"Acceptance":[0.06222222222222222],"Energy":{"Mean":-4.286440033201625,"Sigma":0.055281707011415736,"Taucorr":-0.20376055305783564},"EnergyVariance":{"Mean":0.5431460242974236,"Sigma":0.23997857320380364,"Taucorr":0.11114806375912067},"Iteration":67},
{"Acceptance":[0.08],"Energy":{"Mean":-4.046559127279662,"Sigma":0.1823172822901551,"Taucorr":0.5939621068469423},"EnergyVariance":{"Mean":1.53842124180454,"Sigma":0.6959551693414918,"Taucorr":0.05607505829760795},"Iteration":68},
{"Acceptance":[0.08277777777777778],"Energy":{"Mean":-4.123204746783859,"Sigma":0.22796323690270945,"Taucorr":0.4936537138805188},"EnergyVariance":{"Mean":2.630740440588283,"Sigma":1.454377257062415,"Taucorr":0.6795814970312384},"Iteration":69},
{"Acceptance":[0.07111111111111111],"Energy":{"Mean":-4.2927688172778105,"Sigma":0.1616931693678017,"Taucorr":0.3280102565424242},"EnergyVariance":{"Mean":1.5684341628652811,"Sigma":0.7290892799321896,"Taucorr":0.004732691008861534},"Iteration":70},
{"Acceptance":[0.07],"Energy":{"Mean":-4.45125953113229,"Sigma":0.1481092350507189,"Taucorr":0.5629603021552105},"EnergyVariance":{"Mean":1.065782287004245,"Sigma":0.3344375174347066,"Taucorr":0.40931264256359},"Iteration":71},
{"Acceptance":[0.08333333333333333],"Energy":{"Mean":-4.403230871319212,"Sigma":0.1671594637046013,"Taucorr":-0.12541854005784614},"EnergyVariance":{"Mean":46.6093079729284,"Sigma":43.20614328772059,"Taucorr":0.5071134827883299},"Iteration":72},
{"Acceptance":[0.08611111111111111],"Energy":{"Mean":-4.122127227273982,"Sigma":0.14492590657807355,"Taucorr":0.05574887979738341},"EnergyVariance":{"Mean":1.91665823832471,"Sigma":0.43959852355374957,"Taucorr":0.2892377882033321},"Iteration":73},
{"Acceptance":[0.08777777777777777],"Energy":{"Mean":-4.39404476412255,"Sigma":0.1730059898478476,"Taucorr":0.1599416273928671},"EnergyVariance":{"Mean":2.394136898984637,"Sigma":0.7765416389043548,"Taucorr":-0.0021554844192450684},"Iteration":74},
{"Acceptance":[0.09555555555555556],"Energy":{"Mean":-4.474128840317611,"Sigma":0.24948823554918556,"Taucorr":-0.015279419499689528},"EnergyVariance":{"Mean":6.76036571815847,"Sigma":3.105177757885513,"Taucorr":-0.010362455470005971},"Iteration":75},
{"Acceptance":[0.11333333333333333],"Energy":{"Mean":-4.218974956012074,"Sigma":0.29808940546504475,"Taucorr":0.21826527371490023},"EnergyVariance":{"Mean":6.104730771686534,"Sigma":4.130100335836064,"Taucorr":0.016167462158606538},"Iteration":76},
{"Acceptance":[0.07888888888888888],"Energy":{"Mean":-4.098035356047101,"Sigma":0.11141235880046559,"Taucorr":-0.08141132075614993},"EnergyVariance":{"Mean":1.4575005679399402,"Sigma":0.5624009578258004,"Taucorr":1.0545662603644386},"Iteration":77},
{"Acceptance":[0.10166666666666667],"Energy":{"Mean":-4.044494143052044,"Sigma":0.14196880367058032,"Taucorr":-0.03771702678304517},"EnergyVariance":{"Mean":2.3016282033450253,"Sigma":1.0626097584476009,"Taucorr":0.062485988172504836},"Iteration":78},
{"Acceptance":[0.10222222222222223],"Energy":{"Mean":-4.373086787175693,"Sigma":0.16648809931273795,"Taucorr":-0.07772094611485192},"EnergyVariance":{"Mean":19.699996081875558,"Sigma":19.056059020031164,"Taucorr":0.0030192994875232193},"Iteration":79},
{"Acceptance":[0.09333333333333334],"Energy":{"Mean":-4.722387206602195,"Sigma":0.3313345970824746,"Taucorr":0.4728591336580541},"EnergyVariance":{"Mean":5.762632154836358,"Sigma":3.378464262995131,"Taucorr":0.8863223981449058},"Iteration":80},
{"Acceptance":[0.13333333333333333],"Energy":{"Mean":-3.9611765077932226,"Sigma":0.3646668165138416,"Taucorr":0.17148972944909924},"EnergyVariance":{"Mean":62.31090050135136,"Sigma":45.877608607655844,"Taucorr":0.00011538862671578443},"Iteration":81},
{"Acceptance":[0.09444444444444444],"Energy":{"Mean":-4.358118645400408,"Sigma":0.2172257676090563,"Taucorr":-0.028296177683325485},"EnergyVariance":{"Mean":6.93872298058734,"Sigma":4.732000223056401,"Taucorr":-0.0032766036474698446},"Iteration":82},
{"Acceptance":[0.11944444444444445],"Energy":{"Mean":-4.3525296129732185,"Sigma":0.1630532852776133,"Taucorr":0.013673194939343603},"EnergyVariance":{"Mean":2.9153654767753685,"Sigma":1.632845343119522,"Taucorr":0.011850062539963013},"Iteration":83},
{"Acceptance":[0.10722222222222222],"Energy":{"Mean":-4.409699555047709,"Sigma":0.23576550311107192,"Taucorr":-0.13526706382264397},"EnergyVariance":{"Mean":7.288670797055712,"Sigma":4.270821417855898,"Taucorr":-0.001681330216551702},"Iteration":84},
{"Acceptance":[0.12055555555555555],"Energy":{"Mean":-3.8499317575781036,"Sigma":0.22906625859668006,"Taucorr":0.4924872473880163},"EnergyVariance":{"Mean":2.642253683020705,"Sigma":1.0887536930542903,"Taucorr":0.007465537104679898},"Iteration":85},
{"Acceptance":[0.11666666666666667],"Energy":{"Mean":-4.606210934627203,"Sigma":0.5892226942691462,"Taucorr":0.24569598494299338},"EnergyVariance":{"Mean":54.781899752500294,"Sigma":35.70602333330974,"Taucorr":0.46052687234461676},"Iteration":86},
{"Acceptance":[0.11166666666666666],"Energy":{"Mean":-3.5931457296190423,"Sigma":0.38916211065427486,"Taucorr":0.40362873640181796},"EnergyVariance":{"Mean":13.367141664303784,"Sigma":5.581256141336045,"Taucorr":0.09881305703874},"Iteration":87},
{"Acceptance":[0.09944444444444445],"Energy":{"Mean":-4.003818394309768,"Sigma":0.24265251742394853,"Taucorr":0.6356299082790042},"EnergyVariance":{"Mean":2.80118264560699,"Sigma":1.8940584978234762,"Taucorr":0.4104498336198008},"Iteration":88},
{"Acceptance":[0.10611111111111111],"Energy":{"Mean":-4.847570922025454,"Sigma":0.5697298351036579,"Taucorr":0.5079886846924786},"EnergyVariance":{"Mean":15.45008394615731,"Sigma":13.794159169390944,"Taucorr":0.3694978161963539},"Iteration":89},
{"Acceptance":[0.09722222222222222],"Energy":{"Mean":-4.142903469539457,"Sigma":0.1676683921328035,"Taucorr":0.8382569035779728},"EnergyVariance":{"Mean":1.0292311890701595,"Sigma":0.35169830309184735,"Taucorr":0.8760286819545351},"Iteration":90},
{"Acceptance":[0.09277777777777778],"Energy":{"Mean":-4.3864928222461765,"Sigma":0.19897056691906462,"Taucorr":0.6278908845231306},"EnergyVariance":{"Mean":1.7177850699761368,"Sigma":0.8826087641073855,"Taucorr":0.6487282568177748},"Iteration":91},
{"Acceptance":[0.07833333333333334],"Energy":{"Mean":-4.249380450655472,"Sigma":0.1877928755966692,"Taucorr":0.054702138504424735},"EnergyVariance":{"Mean":3.138957605855613,"Sigma":2.1726988916877024,"Taucorr":0.05467511512598355},"Iteration":92},
{"Acceptance":[0.08611111111111111],"Energy":{"Mean":-4.615177987246853,"Sigma":0.3005672445032263,"Taucorr":1.0640879411274142},"EnergyVariance":{"Mean":3.6112668521919935,"Sigma":2.8226848562211777,"Taucorr":0.9506773053142341},"Iteration":93},
{"Acceptance":[0.08333333333333333],"Energy":{"Mean":-4.666028385416182,"Sigma":0.3973838117570284,"Taucorr":0.4009459057139757},"EnergyVariance":{"Mean":8.350053313257437,"Sigma":7.358506965024832,"Taucorr":0.5222909199802883},"Iteration":94},
{"Acceptance":[0.1],"Energy":{"Mean":-4.272375297795031,"Sigma":0.20976016809497947,"Taucorr":0.3940997491041468},"EnergyVariance":{"Mean":2.440761687026777,"Sigma":0.7574375517178942,"Taucorr":0.0037286010388140056},"Iteration":95},
{"Acceptance":[0.08277777777777778],"Energy":{"Mean":-4.543135279245374,"Sigma":0.08925456585466433,"Taucorr":-0.08230145334742767},"EnergyVariance":{"Mean":0.9410498512972056,"Sigma":0.38894547903789,"Taucorr":0.1116063610395055},"Iteration":96},
{"Acceptance":[0.10944444444444444],"Energy":{"Mean":-4.182627437962767,"Sigma":0.1695586340975189,"Taucorr":0.6525715160319108},"EnergyVariance":{"Mean":1.204976579813075,"Sigma":0.2635691718625598,"Taucorr":0.16418744581938882},"Iteration":97},
{"Acceptance":[0.0961111111111111],"Energy":{"Mean":-4.732877976829985,"Sigma":0.30171004493296033,"Taucorr":0.5237154833653588},"EnergyVariance":{"Mean":4.6130994966859715,"Sigma":2.065586501049143,"Taucorr":0.6338666652731348},"Iteration":98},
{"Acceptance":[0.08388888888888889],"Energy":{"Mean":-4.717699858494521,"Sigma":0.13150042203952333,"Taucorr":0.23315678263511141},"EnergyVariance":{"Mean":1.4918659552425702,"Sigma":0.9413371153361482,"Taucorr":4.009714393016228e-05},"Iteration":99} 
]}
{"input": {"L": 8, "J": 1, "machine": {"type": "FFNN", "model": ["relu", 31, 4]}, "sampler": {"type": "MetropolisHop", "d_max": 5}, "optimizer": {"type": "AdaMax", "alpha": 0.001, "beta1": 0.9, "beta2": 0.999, "epscut": 1e-07}, "VMC": {"n_samples": 100, "discarded_samples": 100, "discarded_samples_on_init": 0, "target": "energy", "method": "Gd", "diag_shift": 0.01, "use_iterative": true, "use_cholesky": true}, "n_iter": 100}}
duration: -1.824723482131958