{"Output": [
{"Acceptance":[0.7827777777777778],"Energy":{"Mean":6.442019578620414,"Sigma":0.2695400890573128,"Taucorr":0.1279625202773459},"EnergyVariance":{"Mean":5.8475857556046185,"Sigma":0.6933499214645773,"Taucorr":-0.08974906249713699},"Iteration":0},
{"Acceptance":[0.69],"Energy":{"Mean":5.4286456931631335,"Sigma":0.3243676870201234,"Taucorr":0.3117832385439111},"EnergyVariance":{"Mean":7.375601325939862,"Sigma":0.8590355809969058,"Taucorr":0.00159608314691162},"Iteration":1},
{"Acceptance":[0.5588888888888889],"Energy":{"Mean":4.605851980145394,"Sigma":0.42737894613238625,"Taucorr":0.4393911937491556},"EnergyVariance":{"Mean":11.691677082920894,"Sigma":2.0163526989228284,"Taucorr":0.4470119175944206},"Iteration":2},
{"Acceptance":[0.47],"Energy":{"Mean":3.3350015957555788,"Sigma":0.3646450249472471,"Taucorr":0.4400038003324843},"EnergyVariance":{"Mean":10.611085432642923,"Sigma":1.7578487052518161,"Taucorr":0.3329253283183703},"Iteration":3},
{"Acceptance":[0.3894444444444444],"Energy":{"Mean":1.7681681330228265,"Sigma":0.37636064558688753,"Taucorr":0.5348043381914731},"EnergyVariance":{"Mean":10.77645451607354,"Sigma":2.551139387014368,"Taucorr":0.5448998197204609},"Iteration":4},
{"Acceptance":[0.33055555555555555],"Energy":{"Mean":0.22960467023246722,"Sigma":0.2567645210655612,"Taucorr":0.2194381767193163},"EnergyVariance":{"Mean":7.085564773744535,"Sigma":0.8355967674970484,"Taucorr":0.06341425559050773},"Iteration":5},
{"Acceptance":[0.29555555555555557],"Energy":{"Mean":-0.046900865941932726,"Sigma":0.3347725706500606,"Taucorr":0.5603664605893968},"EnergyVariance":{"Mean":10.336455010067956,"Sigma":2.203614239697631,"Taucorr":0.7774465032562157},"Iteration":6},
{"Acceptance":[0.2777777777777778],"Energy":{"Mean":-0.5858124342898512,"Sigma":0.32913320336798135,"Taucorr":0.42761874494535446},"EnergyVariance":{"Mean":11.118289489136167,"Sigma":2.1754925838016996,"Taucorr":0.060747899264891325},"Iteration":7},
{"Acceptance":[0.23777777777777778],"Energy":{"Mean":-0.886307090377405,"Sigma":0.30879502770622547,"Taucorr":0.4116329837401961},"EnergyVariance":{"Mean":9.55520065416264,"Sigma":1.2620058399658298,"Taucorr":-0.03797904680588571},"Iteration":8},
{"Acceptance":[0.1938888888888889],"Energy":{"Mean":-1.618616126163089,"Sigma":0.21751601019784966,"Taucorr":0.2355925032376569},"EnergyVariance":{"Mean":6.871562919049626,"Sigma":1.3436438285155345,"Taucorr":0.4888104492678206},"Iteration":9},
{"Acceptance":[0.18611111111111112],"Energy":{"Mean":-2.373221043268736,"Sigma":0.2784824139081657,"Taucorr":0.5641461641104397},"EnergyVariance":{"Mean":11.797196008373922,"Sigma":3.694838239275923,"Taucorr":0.04111228305856984},"Iteration":10},
{"Acceptance":[0.1711111111111111],"Energy":{"Mean":-2.7038273135527793,"Sigma":0.2634990130079966,"Taucorr":0.39188579356985476},"EnergyVariance":{"Mean":11.912899587636884,"Sigma":2.840145160332309,"Taucorr":0.3234189385228463},"Iteration":11},
{"Acceptance":[0.14222222222222222],"Energy":{"Mean":-3.087200780552494,"Sigma":0.2538215158221919,"Taucorr":0.3480386893836901},"EnergyVariance":{"Mean":6.862703821238627,"Sigma":1.499616090607413,"Taucorr":0.09741401952644568},"Iteration":12},
{"Acceptance":[0.13166666666666665],"Energy":{"Mean":-3.4480176979752724,"Sigma":0.26688725697819726,"Taucorr":0.41309209415213954},"EnergyVariance":{"Mean":8.610430039953371,"Sigma":2.284808093330536,"Taucorr":0.3960324870896541},"Iteration":13},
{"Acceptance":[0.12333333333333334],"Energy":{"Mean":-3.1933551978733723,"Sigma":0.2235536271390791,"Taucorr":0.5112002205348329},"EnergyVariance":{"Mean":3.1219038195381996,"Sigma":0.7194837967882399,"Taucorr":0.2610672190387221},"Iteration":14},
{"Acceptance":[0.10111111111111111],"Energy":{"Mean":-4.074624372163644,"Sigma":0.2592044557218911,"Taucorr":0.3230911310908252},"EnergyVariance":{"Mean":12.52933001841273,"Sigma":8.004034426293321,"Taucorr":0.1959409957508278},"Iteration":15},
{"Acceptance":[0.0961111111111111],"Energy":{"Mean":-3.5436985547382305,"Sigma":0.2358035999423296,"Taucorr":0.11999641638450254},"EnergyVariance":{"Mean":9.632674675574277,"Sigma":4.110891938654368,"Taucorr":0.044264755514864085},"Iteration":16},
{"Acceptance":[0.1],"Energy":{"Mean":-4.267695300684176,"Sigma":0.37172184345801995,"Taucorr":0.41790808160414294},"EnergyVariance":{"Mean":10.854679847032356,"Sigma":5.000058218136086,"Taucorr":0.9074445354665139},"Iteration":17},
{"Acceptance":[0.10111111111111111],"Energy":{"Mean":-3.75257688334875,"Sigma":0.3237060575054783,"Taucorr":0.0011690674434758908},"EnergyVariance":{"Mean":13.67890673397524,"Sigma":4.065069607348561,"Taucorr":0.1541371598327408},"Iteration":18},
{"Acceptance":[0.08833333333333333],"Energy":{"Mean":-4.177249932233119,"Sigma":0.4110753480092382,"Taucorr":0.7051234621332354},"EnergyVariance":{"Mean":8.004980835640566,"Sigma":4.1439021188511544,"Taucorr":0.6183728182305661},"Iteration":19},
{"Acceptance":[0.09055555555555556],"Energy":{"Mean":-4.081736701397308,"Sigma":0.2054274149167224,"Taucorr":0.036402037803441534},"EnergyVariance":{"Mean":4.517225274836684,"Sigma":1.838837999761856,"Taucorr":-0.03366693852753466},"Iteration":20},
{"Acceptance":[0.08555555555555555],"Energy":{"Mean":-4.187452774227868,"Sigma":0.14454436855604325,"Taucorr":-0.040168191080986404},"EnergyVariance":{"Mean":2.788987775351223,"Sigma":1.2624094654215843,"Taucorr":0.012333017645150157},"Iteration":21},
{"Acceptance":[0.10111111111111111],"Energy":{"Mean":-4.597316981160562,"Sigma":0.16924162769021506,"Taucorr":-0.1918224632205865},"EnergyVariance":{"Mean":5.2812363585081705,"Sigma":1.9541025821457303,"Taucorr":0.03547702975596656},"Iteration":22},
{"Acceptance":[0.08055555555555556],"Energy":{"Mean":-4.632769987394688,"Sigma":0.3144521762428163,"Taucorr":0.2696420140973925},"EnergyVariance":{"Mean":6.891996609406356,"Sigma":2.984073131090756,"Taucorr":0.19332548669392724},"Iteration":23},
{"Acceptance":[0.07833333333333334],"Energy":{"Mean":-4.369480354335662,"Sigma":0.12278181363931244,"Taucorr":0.4402158350196699},"EnergyVariance":{"Mean":0.7830365133818027,"Sigma":0.1854732034850918,"Taucorr":0.48000251296722196},"Iteration":24},
{"Acceptance":[0.09],"Energy":{"Mean":-4.288402374102103,"Sigma":0.17200907818476258,"Taucorr":0.24622946126693135},"EnergyVariance":{"Mean":1.9088273316820832,"Sigma":0.8612252071195059,"Taucorr":0.6137592426521838},"Iteration":25},
{"Acceptance":[0.07833333333333334],"Energy":{"Mean":-3.7590424347369256,"Sigma":0.24179870936830225,"Taucorr":0.12457835328141664},"EnergyVariance":{"Mean":6.648610605114575,"Sigma":3.6758276379210155,"Taucorr":0.12449833164547786},"Iteration":26},
{"Acceptance":[0.095],"Energy":{"Mean":-3.9344748078351706,"Sigma":0.2398106341625502,"Taucorr":-0.139092170428122},"EnergyVariance":{"Mean":8.924543997329158,"Sigma":3.884556104149683,"Taucorr":-0.008516961612944463},"Iteration":27},
{"Acceptance":[0.085],"Energy":{"Mean":-5.33501686971363,"Sigma":0.6607912231424147,"Taucorr":0.03835140501464307},"EnergyVariance":{"Mean":39.49040397837964,"Sigma":23.140274766401383,"Taucorr":0.0756519862952102},"Iteration":28},
{"Acceptance":[0.08333333333333333],"Energy":{"Mean":-4.330867091517918,"Sigma":0.24167182755637873,"Taucorr":-0.03819302346759251},"EnergyVariance":{"Mean":7.64598611390248,"Sigma":4.3048459410891615,"Taucorr":0.03271947020963828},"Iteration":29},
{"Acceptance":[0.09666666666666666],"Energy":{"Mean":-4.2398940151043005,"Sigma":0.1583352597568405,"Taucorr":0.4218206034062528},"EnergyVariance":{"Mean":1.292579143800662,"Sigma":0.4280855408931551,"Taucorr":0.5733798920690811},"Iteration":30},
{"Acceptance":[0.07722222222222222],"Energy":{"Mean":-4.346329866457851,"Sigma":0.14888459855141847,"Taucorr":0.37931740516632406},"EnergyVariance":{"Mean":1.1983859250075692,"Sigma":0.5214669386201638,"Taucorr":0.20565659723615914},"Iteration":31},
{"Acceptance":[0.08277777777777778],"Energy":{"Mean":-4.7235041309208645,"Sigma":0.36502394103553193,"Taucorr":0.40967519657681506},"EnergyVariance":{"Mean":9.281305149224233,"Sigma":6.127590694266172,"Taucorr":0.24952353485751144},"Iteration":32},
{"Acceptance":[0.08333333333333333],"Energy":{"Mean":-4.642799497534088,"Sigma":0.2732721794413261,"Taucorr":0.17440589010786944},"EnergyVariance":{"Mean":5.535831931345851,"Sigma":2.8704284096622708,"Taucorr":0.07629825228891618},"Iteration":33},
{"Acceptance":[0.07777777777777778],"Energy":{"Mean":-4.631258281210709,"Sigma":0.22301065487883934,"Taucorr":0.4273490378284276},"EnergyVariance":{"Mean":2.653885830189047,"Sigma":1.310000003442174,"Taucorr":0.6058053192057915},"Iteration":34},
{"Acceptance":[0.08388888888888889],"Energy":{"Mean":-4.287692378030386,"Sigma":0.1883973347543986,"Taucorr":0.03906385405442525},"EnergyVariance":{"Mean":3.1761635800701558,"Sigma":1.5358308143681079,"Taucorr":0.1069287462698989},"Iteration":35},
{"Acceptance":[0.07777777777777778],"Energy":{"Mean":-4.250858085628881,"Sigma":0.170483827846464,"Taucorr":0.15939612978690676},"EnergyVariance":{"Mean":2.116220569953495,"Sigma":0.5299844995636613,"Taucorr":0.006105169827515744},"Iteration":36},
{"Acceptance":[0.09277777777777778],"Energy":{"Mean":-4.544305607062476,"Sigma":0.2944717732666966,"Taucorr":0.7229100076028074},"EnergyVariance":{"Mean":3.4563445180675934,"Sigma":1.4310107136633625,"Taucorr":0.1953545028605912},"Iteration":37},
{"Acceptance":[0.07888888888888888],"Energy":{"Mean":-4.299451660718309,"Sigma":0.21608259817151768,"Taucorr":0.4481690558768069},"EnergyVariance":{"Mean":5.448007553092255,"Sigma":4.089775126209633,"Taucorr":0.00989484762629611},"Iteration":38},
{"Acceptance":[0.09055555555555556],"Energy":{"Mean":-4.184601620373023,"Sigma":0.14432812705183456,"Taucorr":0.33293229808414804},"EnergyVariance":{"Mean":1.1905591131622333,"Sigma":0.2579031376053258,"Taucorr":0.20168175602399774},"Iteration":39},
{"Acceptance":[0.08611111111111111],"Energy":{"Mean":-5.634418318057817,"Sigma":0.8216694690923955,"Taucorr":1.110140471029395},"EnergyVariance":{"Mean":20.42873147518503,"Sigma":14.181269840159418,"Taucorr":1.240062843332483},"Iteration":40},
{"Acceptance":[0.105],"Energy":{"Mean":-4.294739964863812,"Sigma":0.1792976196207622,"Taucorr":0.08533650598334241},"EnergyVariance":{"Mean":2.7215134421956244,"Sigma":0.6353514794447209,"Taucorr":0.03103637241293522},"Iteration":41},
{"Acceptance":[0.11222222222222222],"Energy":{"Mean":-4.859861041962316,"Sigma":0.2589990602897371,"Taucorr":0.13768304328584302},"EnergyVariance":{"Mean":5.1238942048013225,"Sigma":2.1454282142464627,"Taucorr":0.20009861843865062},"Iteration":42},
{"Acceptance":[0.105],"Energy":{"Mean":-4.6119528661391165,"Sigma":0.17300888038741294,"Taucorr":0.4758307767009825},"EnergyVariance":{"Mean":1.4880888952290674,"Sigma":0.5284983316647855,"Taucorr":0.5784162397966475},"Iteration":43},
{"Acceptance":[0.10166666666666667],"Energy":{"Mean":-4.641326621682004,"Sigma":0.22356258996822206,"Taucorr":0.1791942819621153},"EnergyVariance":{"Mean":3.63288127650749,"Sigma":0.8997324308785525,"Taucorr":0.37382941275323944},"Iteration":44},
{"Acceptance":[0.09944444444444445],"Energy":{"Mean":-4.158919176919406,"Sigma":0.16313272109054386,"Taucorr":0.13192028780432086},"EnergyVariance":{"Mean":2.019040780253124,"Sigma":0.3389240484424478,"Taucorr":0.11862246466203474},"Iteration":45},
{"Acceptance":[0.095],"Energy":{"Mean":-5.174404161637207,"Sigma":0.6268518234562928,"Taucorr":1.0205646480181743},"EnergyVariance":{"Mean":19.361243351366053,"Sigma":10.286679654765699,"Taucorr":0.6377521434275821},"Iteration":46},
{"Acceptance":[0.08777777777777777],"Energy":{"Mean":-4.635974238041638,"Sigma":0.1851249931396722,"Taucorr":0.08263889686306092},"EnergyVariance":{"Mean":2.8383895636860736,"Sigma":1.521611354357261,"Taucorr":0.19387882570801362},"Iteration":47},
{"Acceptance":[0.07388888888888889],"Energy":{"Mean":-4.749789784186835,"Sigma":0.22096281516938385,"Taucorr":0.45107226654670396},"EnergyVariance":{"Mean":2.4877641254444622,"Sigma":0.7336789150907719,"Taucorr":0.4027939229221521},"Iteration":48},
{"Acceptance":[0.10888888888888888],"Energy":{"Mean":-4.138622243131151,"Sigma":0.2303596109314285,"Taucorr":-0.2012725113392469},"EnergyVariance":{"Mean":22.93292946653648,"Sigma":19.00431609530131,"Taucorr":0.7172758601629288},"Iteration":49},
{"Acceptance":[0.10222222222222223],"Energy":{"Mean":-4.9043552254996134,"Sigma":0.28140255947272086,"Taucorr":0.12397600444859036},"EnergyVariance":{"Mean":9.772956072978639,"Sigma":5.849354302553394,"Taucorr":-0.0012248335492414109},"Iteration":50},
{"Acceptance":[0.10166666666666667],"Energy":{"Mean":-4.91601744232395,"Sigma":0.13879281576459032,"Taucorr":0.001444394566400331},"EnergyVariance":{"Mean":1.868530239484769,"Sigma":0.5490192916913029,"Taucorr":0.2126844795084606},"Iteration":51},
{"Acceptance":[0.10722222222222222],"Energy":{"Mean":-4.764366249681089,"Sigma":0.24165082996108522,"Taucorr":0.12618680430323004},"EnergyVariance":{"Mean":12.083743922443585,"Sigma":11.214548443430395,"Taucorr":0.002536687128517179},"Iteration":52},
{"Acceptance":[0.11666666666666667],"Energy":{"Mean":-4.581750091291665,"Sigma":0.27594212771742094,"Taucorr":0.26012332112347547},"EnergyVariance":{"Mean":5.1580490542247155,"Sigma":3.401988231982263,"Taucorr":-0.0010050675383951324},"Iteration":53},
{"Acceptance":[0.11666666666666667],"Energy":{"Mean":-4.324207086559289,"Sigma":0.22183550798045432,"Taucorr":0.2619893678729336},"EnergyVariance":{"Mean":3.1134357550071683,"Sigma":0.8339712731627409,"Taucorr":0.35177307859467133},"Iteration":54},
{"Acceptance":[0.11888888888888889],"Energy":{"Mean":-4.612309678154467,"Sigma":0.061219386405544224,"Taucorr":0.036719306910298344},"EnergyVariance":{"Mean":0.3400399775714625,"Sigma":0.09949405711224897,"Taucorr":0.004721263383558716},"Iteration":55},
{"Acceptance":[0.11333333333333333],"Energy":{"Mean":-5.239816235691647,"Sigma":0.3492891922792398,"Taucorr":0.17856373710257367},"EnergyVariance":{"Mean":8.893157556102096,"Sigma":4.264408324822584,"Taucorr":0.016834019501106634},"Iteration":56},
{"Acceptance":[0.11444444444444445],"Energy":{"Mean":-4.693395150310828,"Sigma":0.23132138726926574,"Taucorr":0.3380274573086155},"EnergyVariance":{"Mean":3.067672597746296,"Sigma":0.6681686863973996,"Taucorr":0.2695253000309237},"Iteration":57},
{"Acceptance":[0.11333333333333333],"Energy":{"Mean":-4.460519570050064,"Sigma":0.14091820246061415,"Taucorr":0.10222525353558776},"EnergyVariance":{"Mean":1.5960518665748964,"Sigma":0.3569669249923315,"Taucorr":0.04477596633360026},"Iteration":58},
{"Acceptance":[0.13055555555555556],"Energy":{"Mean":-5.558820053934874,"Sigma":0.40162068223527647,"Taucorr":0.28068239393361616},"EnergyVariance":{"Mean":9.934078050718295,"Sigma":5.925903759703339,"Taucorr":0.4765263348199613},"Iteration":59},
{"Acceptance":[0.10722222222222222],"Energy":{"Mean":-4.805334631945435,"Sigma":0.2021917522845241,"Taucorr":0.10041807885549037},"EnergyVariance":{"Mean":6.965451131123803,"Sigma":4.235192497377681,"Taucorr":0.010521887098215443},"Iteration":60},
{"Acceptance":[0.13277777777777777],"Energy":{"Mean":-4.508362859242138,"Sigma":0.24288258089553622,"Taucorr":0.2962042315400153},"EnergyVariance":{"Mean":7.05857930497088,"Sigma":3.851158968147131,"Taucorr":0.009898498403733136},"Iteration":61},
{"Acceptance":[0.1238888888888889],"Energy":{"Mean":-4.914326678999432,"Sigma":0.2393570951503732,"Taucorr":0.37057007484331406},"EnergyVariance":{"Mean":3.1707760777882386,"Sigma":0.7077646997286313,"Taucorr":0.37032770421628336},"Iteration":62},
{"Acceptance":[0.12055555555555555],"Energy":{"Mean":-5.870309825775791,"Sigma":0.77382803287043,"Taucorr":1.1527551129775075},"EnergyVariance":{"Mean":18.029105833481893,"Sigma":11.247435615401756,"Taucorr":0.8012406311067497},"Iteration":63},
{"Acceptance":[0.16],"Energy":{"Mean":-4.623501415852275,"Sigma":0.29941903535145936,"Taucorr":0.26503684605119193},"EnergyVariance":{"Mean":5.6386571846298015,"Sigma":1.016740015314246,"Taucorr":0.4367602158272076},"Iteration":64},
{"Acceptance":[0.10277777777777777],"Energy":{"Mean":-5.253133630341545,"Sigma":0.1758976549263886,"Taucorr":0.05953238233737057},"EnergyVariance":{"Mean":2.673843459904607,"Sigma":0.6681210836348254,"Taucorr":0.4067971794242905},"Iteration":65},
{"Acceptance":[0.13833333333333334],"Energy":{"Mean":-5.12751492510262,"Sigma":0.24529209981516314,"Taucorr":0.22356830783077164},"EnergyVariance":{"Mean":4.070020602331071,"Sigma":0.5885000600677084,"Taucorr":0.20458741829364258},"Iteration":66},
{"Acceptance":[0.14666666666666667],"Energy":{"Mean":-5.109293187413223,"Sigma":0.37524062730117824,"Taucorr":0.32157788788619435},"EnergyVariance":{"Mean":20.36606331966171,"Sigma":14.037449360752273,"Taucorr":1.0633503392450159},"Iteration":67},
{"Acceptance":[0.1411111111111111],"Energy":{"Mean":-5.152736781197404,"Sigma":0.21517363966933387,"Taucorr":-0.037913808917196645},"EnergyVariance":{"Mean":4.927759629672542,"Sigma":2.2754139295151323,"Taucorr":0.0041463520123836695},"Iteration":68},
{"Acceptance":[0.13],"Energy":{"Mean":-5.260542046458318,"Sigma":0.3013647189518804,"Taucorr":0.5113313928914689},"EnergyVariance":{"Mean":4.327215270505672,"Sigma":1.7249912729846795,"Taucorr":0.06388568876261191},"Iteration":69},
{"Acceptance":[0.14666666666666667],"Energy":{"Mean":-5.530667610712069,"Sigma":0.23096795520663646,"Taucorr":0.3421319356417941},"EnergyVariance":{"Mean":6.597538547741796,"Sigma":3.524324949196939,"Taucorr":-0.015681587769933836},"Iteration":70},
{"Acceptance":[0.15333333333333332],"Energy":{"Mean":-5.5089013150347235,"Sigma":0.26328740018465274,"Taucorr":0.10566589065341558},"EnergyVariance":{"Mean":5.548947873710806,"Sigma":2.106414377606101,"Taucorr":0.6185461665863357},"Iteration":71},
{"Acceptance":[0.17055555555555554],"Energy":{"Mean":-5.506788082829838,"Sigma":0.20903763708861672,"Taucorr":0.2541231911533469},"EnergyVariance":{"Mean":2.90089447956767,"Sigma":0.5649955207191486,"Taucorr":0.05331664631630961},"Iteration":72},
{"Acceptance":[0.15944444444444444],"Energy":{"Mean":-5.565318058701201,"Sigma":0.21805376551605535,"Taucorr":0.17297320540226568},"EnergyVariance":{"Mean":3.434838482511137,"Sigma":0.6854443443442917,"Taucorr":0.1551111115361561},"Iteration":73},
{"Acceptance":[0.19055555555555556],"Energy":{"Mean":-5.511180940321879,"Sigma":0.18538198420846258,"Taucorr":-0.23218705367935116},"EnergyVariance":{"Mean":6.24756924049962,"Sigma":3.193150841455636,"Taucorr":0.3322201518186876},"Iteration":74},
{"Acceptance":[0.17722222222222223],"Energy":{"Mean":-5.408510525340237,"Sigma":0.28315729049753896,"Taucorr":0.0545937697597072},"EnergyVariance":{"Mean":7.31719158083966,"Sigma":2.106984542702246,"Taucorr":-0.005620864910425738},"Iteration":75},
{"Acceptance":[0.19166666666666668],"Energy":{"Mean":-6.484798781195635,"Sigma":0.33438780999557227,"Taucorr":-0.16459251342583486},"EnergyVariance":{"Mean":16.164666798568202,"Sigma":9.686692678342077,"Taucorr":0.005627945866900852},"Iteration":76},
{"Acceptance":[0.17888888888888888],"Energy":{"Mean":-5.64928332584315,"Sigma":0.26033439260384095,"Taucorr":0.2852176340600291},"EnergyVariance":{"Mean":4.35849384823197,"Sigma":1.1167672335713326,"Taucorr":0.49877242641881503},"Iteration":77},
{"Acceptance":[0.1688888888888889],"Energy":{"Mean":-6.607118144154126,"Sigma":0.4572414988413802,"Taucorr":0.5989494773568902},"EnergyVariance":{"Mean":9.24880192762057,"Sigma":5.713700966416967,"Taucorr":0.9822059727229389},"Iteration":78},
{"Acceptance":[0.15888888888888889],"Energy":{"Mean":-6.393703278418445,"Sigma":0.23336593019481333,"Taucorr":0.2923276050202631},"EnergyVariance":{"Mean":3.2931706240509393,"Sigma":0.5218491719960434,"Taucorr":0.045079040139142434},"Iteration":79},
{"Acceptance":[0.14333333333333334],"Energy":{"Mean":-7.314597238954988,"Sigma":0.3090557576621426,"Taucorr":-0.03951732867838259},"EnergyVariance":{"Mean":13.443040334256906,"Sigma":4.837588806308302,"Taucorr":0.11438758334609722},"Iteration":80},
{"Acceptance":[0.14666666666666667],"Energy":{"Mean":-6.510243835563191,"Sigma":0.38437615912317,"Taucorr":0.43222227603923147},"EnergyVariance":{"Mean":7.729717046725166,"Sigma":3.2692476821124616,"Taucorr":0.48064965018842865},"Iteration":81},
{"Acceptance":[0.125],"Energy":{"Mean":-6.146435782671794,"Sigma":0.32516740588558074,"Taucorr":0.5483715549510466},"EnergyVariance":{"Mean":5.112678268701005,"Sigma":0.8860162207049046,"Taucorr":0.04342441736130431},"Iteration":82},
{"Acceptance":[0.12166666666666667],"Energy":{"Mean":-6.942940621625691,"Sigma":0.28614054773363157,"Taucorr":0.20221356492202924},"EnergyVariance":{"Mean":9.362567033166648,"Sigma":4.253728132217648,"Taucorr":-0.00025683582145558104},"Iteration":83},
{"Acceptance":[0.12833333333333333],"Energy":{"Mean":-7.390708219538064,"Sigma":0.3897223781097725,"Taucorr":0.5010269499739919},"EnergyVariance":{"Mean":7.588168428649572,"Sigma":3.7011362664151077,"Taucorr":0.4226835276253532},"Iteration":84},
{"Acceptance":[0.12444444444444444],"Energy":{"Mean":-7.346429523619718,"Sigma":0.3418690395948025,"Taucorr":0.17832618263719568},"EnergyVariance":{"Mean":15.405224875968733,"Sigma":9.006212973554945,"Taucorr":0.8241447957057837},"Iteration":85},
{"Acceptance":[0.09833333333333333],"Energy":{"Mean":-7.070205190027629,"Sigma":0.24677010013824055,"Taucorr":0.4817867270113311},"EnergyVariance":{"Mean":6.747261889555465,"Sigma":3.578047102482554,"Taucorr":-0.011745437268504744},"Iteration":86},
{"Acceptance":[0.11388888888888889],"Energy":{"Mean":-6.973714319322056,"Sigma":0.3891318102594476,"Taucorr":0.09662810478123796},"EnergyVariance":{"Mean":29.820386029957895,"Sigma":25.4474600701399,"Taucorr":0.00016122064231149924},"Iteration":87},
{"Acceptance":[0.10277777777777777],"Energy":{"Mean":-6.630237151806464,"Sigma":0.3448967640312989,"Taucorr":0.5932303221873376},"EnergyVariance":{"Mean":5.585845594101368,"Sigma":1.7271088991237913,"Taucorr":0.10714097340816675},"Iteration":88},
{"Acceptance":[0.09777777777777778],"Energy":{"Mean":-6.743142344122893,"Sigma":0.3417029573424694,"Taucorr":0.5600523527857797},"EnergyVariance":{"Mean":7.060200050658747,"Sigma":2.545293896508308,"Taucorr":0.3196304465462674},"Iteration":89},
{"Acceptance":[0.08722222222222223],"Energy":{"Mean":-7.623320596534022,"Sigma":0.26952364499147996,"Taucorr":0.211929243606362},"EnergyVariance":{"Mean":4.863387899995417,"Sigma":1.9150418385279988,"Taucorr":0.059714979563567305},"Iteration":90},
{"Acceptance":[0.08722222222222223],"Energy":{"Mean":-6.965796356534022,"Sigma":0.27407025754337144,"Taucorr":0.009238090896342976},"EnergyVariance":{"Mean":11.37089167772925,"Sigma":5.818087789760109,"Taucorr":0.23757683917988204},"Iteration":91},
{"Acceptance":[0.08722222222222223],"Energy":{"Mean":-7.256303983751339,"Sigma":0.26221257060946346,"Taucorr":-0.0941531082933294},"EnergyVariance":{"Mean":12.227031672463616,"Sigma":5.638496211408216,"Taucorr":0.042021475838016964},"Iteration":92},
{"Acceptance":[0.10166666666666667],"Energy":{"Mean":-7.0796627048897784,"Sigma":0.30103557804373426,"Taucorr":0.07883327921434446},"EnergyVariance":{"Mean":9.424184080107606,"Sigma":4.10094761810027,"Taucorr":0.12891712866419647},"Iteration":93},
{"Acceptance":[0.08333333333333333],"Energy":{"Mean":-9.018547719766623,"Sigma":0.6389231104590344,"Taucorr":0.4776186571324682},"EnergyVariance":{"Mean":69.42785357167394,"Sigma":42.56450478045534,"Taucorr":0.4073832640200795},"Iteration":94},
{"Acceptance":[0.07722222222222222],"Energy":{"Mean":-6.956453059538541,"Sigma":0.27653454054703774,"Taucorr":0.7384812876201676},"EnergyVariance":{"Mean":2.9383695974239394,"Sigma":0.5277881165543613,"Taucorr":0.3755344706308025},"Iteration":95},
{"Acceptance":[0.08166666666666667],"Energy":{"Mean":-8.013717829029774,"Sigma":0.4452908462798259,"Taucorr":0.385117386861213},"EnergyVariance":{"Mean":11.102841076436661,"Sigma":5.112871589884923,"Taucorr":0.6422313509061135},"Iteration":96},
{"Acceptance":[0.07388888888888889],"Energy":{"Mean":-7.742925740379256,"Sigma":0.26927108949086276,"Taucorr":0.14873783607090774},"EnergyVariance":{"Mean":19.58186032211526,"Sigma":16.31640963484608,"Taucorr":0.01978008917973617},"Iteration":97},
{"Acceptance":[0.07611111111111112],"Energy":{"Mean":-7.811373902420432,"Sigma":0.2767168682220409,"Taucorr":-0.05440305705487941},"EnergyVariance":{"Mean":8.232144994934957,"Sigma":5.391465919399174,"Taucorr":0.7781692707393582},"Iteration":98},
{"Acceptance":[0.056666666666666664],"Energy":{"Mean":-7.6888399115494055,"Sigma":0.21555817070100586,"Taucorr":0.4273663687293945},"EnergyVariance":{"Mean":2.3874864396425424,"Sigma":0.6083080448278293,"Taucorr":0.3399612754093755},"Iteration":99} 
]}
{"input": {"L": 8, "J": 1, "machine": {"type": "FFNN", "model": ["relu", 56, 2]}, "sampler": {"type": "MetropolisHop", "d_max": 5}, "optimizer": {"type": "AdaMax", "alpha": 0.001, "beta1": 0.9, "beta2": 0.999, "epscut": 1e-07}, "VMC": {"n_samples": 100, "discarded_samples": 100, "discarded_samples_on_init": 0, "target": "energy", "method": "Gd", "diag_shift": 0.01, "use_iterative": true, "use_cholesky": true}, "n_iter": 100}}
duration: -1.664294958114624