{"Output": [
{"Acceptance":[0.9586363636363636],"Energy":{"Mean":9.584420059399669,"Sigma":0.25639001496845765,"Taucorr":0.09388695765478083},"EnergyVariance":{"Mean":5.265621457470383,"Sigma":0.6769709211025682,"Taucorr":-0.018828587948834852},"Iteration":0},
{"Acceptance":[0.9422727272727273],"Energy":{"Mean":9.06959773714093,"Sigma":0.23031076712879106,"Taucorr":-0.015355013725138145},"EnergyVariance":{"Mean":5.210689280595332,"Sigma":0.527273715802702,"Taucorr":-0.11173341892801131},"Iteration":1},
{"Acceptance":[0.9409090909090909],"Energy":{"Mean":9.136250744340655,"Sigma":0.23392066308161696,"Taucorr":-0.016795661569953713},"EnergyVariance":{"Mean":5.395701089331956,"Sigma":0.774620179498544,"Taucorr":-0.017385218892098875},"Iteration":2},
{"Acceptance":[0.9481818181818182],"Energy":{"Mean":9.491233927037067,"Sigma":0.2795218571962414,"Taucorr":0.2614896606656756},"EnergyVariance":{"Mean":4.898786320501305,"Sigma":0.6341283237167801,"Taucorr":0.006808845357350823},"Iteration":3},
{"Acceptance":[0.945],"Energy":{"Mean":9.044777999347506,"Sigma":0.2591479177467469,"Taucorr":0.1562147060126704},"EnergyVariance":{"Mean":4.889003600565227,"Sigma":0.7037456887601796,"Taucorr":-0.07396808145478329},"Iteration":4},
{"Acceptance":[0.9509090909090909],"Energy":{"Mean":8.66295708631845,"Sigma":0.2504749144816185,"Taucorr":0.005374770274141127},"EnergyVariance":{"Mean":5.92579319805956,"Sigma":0.8491402298448,"Taucorr":0.02832317165526166},"Iteration":5},
{"Acceptance":[0.9468181818181818],"Energy":{"Mean":9.32101756685143,"Sigma":0.30024124502537963,"Taucorr":0.18780763928220434},"EnergyVariance":{"Mean":6.26017390589211,"Sigma":0.9110334831077983,"Taucorr":-0.08063337147560729},"Iteration":6},
{"Acceptance":[0.9372727272727273],"Energy":{"Mean":8.78783386888359,"Sigma":0.22876111298103508,"Taucorr":-0.006005535825654829},"EnergyVariance":{"Mean":5.073808466084198,"Sigma":0.6776389690860988,"Taucorr":-0.11439794147653282},"Iteration":7},
{"Acceptance":[0.9331818181818182],"Energy":{"Mean":9.038005702292448,"Sigma":0.24484434038767888,"Taucorr":0.050466902645363354},"EnergyVariance":{"Mean":5.212302317597405,"Sigma":0.7537575327191114,"Taucorr":0.038449865253822546},"Iteration":8},
{"Acceptance":[0.945],"Energy":{"Mean":9.04289895553585,"Sigma":0.2878729218726799,"Taucorr":0.3671040135635103},"EnergyVariance":{"Mean":4.58727703683775,"Sigma":0.8138938983165793,"Taucorr":0.12017507647739922},"Iteration":9},
{"Acceptance":[0.9327272727272727],"Energy":{"Mean":8.820733657481961,"Sigma":0.23628651880823678,"Taucorr":0.06738140579547258},"EnergyVariance":{"Mean":4.739354686968152,"Sigma":0.6718882309673274,"Taucorr":0.06718089253334114},"Iteration":10},
{"Acceptance":[0.9245454545454546],"Energy":{"Mean":8.367355059186242,"Sigma":0.21549589254440957,"Taucorr":0.04084096793225789},"EnergyVariance":{"Mean":4.151335998992673,"Sigma":0.5200135560166016,"Taucorr":-0.11870573937371892},"Iteration":11},
{"Acceptance":[0.9368181818181818],"Energy":{"Mean":8.747897249054146,"Sigma":0.192018603080587,"Taucorr":-0.1342703912496538},"EnergyVariance":{"Mean":4.86824195165662,"Sigma":0.5980522830369972,"Taucorr":-0.026141974629654896},"Iteration":12},
{"Acceptance":[0.9336363636363636],"Energy":{"Mean":8.43425040008414,"Sigma":0.22275372151673695,"Taucorr":-0.07477373677110427},"EnergyVariance":{"Mean":5.6196343486021965,"Sigma":0.783279639320384,"Taucorr":0.0863371069283736},"Iteration":13},
{"Acceptance":[0.9313636363636364],"Energy":{"Mean":8.47110845761822,"Sigma":0.2841084567276826,"Taucorr":0.2273806890942891},"EnergyVariance":{"Mean":5.381623716041594,"Sigma":0.681991001072659,"Taucorr":0.13600876786214466},"Iteration":14},
{"Acceptance":[0.93],"Energy":{"Mean":8.769496248116626,"Sigma":0.25009734005523643,"Taucorr":0.16627482824456352},"EnergyVariance":{"Mean":4.592843842683682,"Sigma":0.6462355492722567,"Taucorr":-0.061506886909089564},"Iteration":15},
{"Acceptance":[0.925],"Energy":{"Mean":8.977306952475342,"Sigma":0.25472599682058134,"Taucorr":0.08052940707724576},"EnergyVariance":{"Mean":5.415554190016737,"Sigma":0.7654235320773932,"Taucorr":-0.031086918031455857},"Iteration":16},
{"Acceptance":[0.925],"Energy":{"Mean":8.39203721924518,"Sigma":0.22930126736099293,"Taucorr":-0.020184593004272777},"EnergyVariance":{"Mean":5.341706516383513,"Sigma":0.7632657529227496,"Taucorr":-0.0007173840282119204},"Iteration":17},
{"Acceptance":[0.9309090909090909],"Energy":{"Mean":8.683500557711723,"Sigma":0.3343469850554342,"Taucorr":0.3798688173003262},"EnergyVariance":{"Mean":6.1526452457506675,"Sigma":0.7346332612540274,"Taucorr":-0.13505660532308117},"Iteration":18},
{"Acceptance":[0.9254545454545454],"Energy":{"Mean":8.792284470385436,"Sigma":0.271130045215498,"Taucorr":0.1366996127114699},"EnergyVariance":{"Mean":5.602823621559695,"Sigma":0.6018318975641417,"Taucorr":-0.13338485781481824},"Iteration":19},
{"Acceptance":[0.9122727272727272],"Energy":{"Mean":9.098474254855569,"Sigma":0.275788609828764,"Taucorr":0.20624162027321313},"EnergyVariance":{"Mean":5.251625157713074,"Sigma":0.9162070853306109,"Taucorr":0.00756838633415402},"Iteration":20},
{"Acceptance":[0.9268181818181818],"Energy":{"Mean":9.220322138494652,"Sigma":0.3039709841839365,"Taucorr":0.19010775764023846},"EnergyVariance":{"Mean":6.52790211653766,"Sigma":0.8659271125446509,"Taucorr":-0.053630725872120755},"Iteration":21},
{"Acceptance":[0.9222727272727272],"Energy":{"Mean":8.96052364692829,"Sigma":0.2583337469311847,"Taucorr":0.08390975263344858},"EnergyVariance":{"Mean":5.631531083260859,"Sigma":0.5678624976093618,"Taucorr":-0.08648523687254844},"Iteration":22},
{"Acceptance":[0.9213636363636364],"Energy":{"Mean":8.763645327796231,"Sigma":0.22606959425527018,"Taucorr":-0.008973057856727695},"EnergyVariance":{"Mean":5.1910257005937455,"Sigma":0.8338919481683633,"Taucorr":0.09364177464680912},"Iteration":23},
{"Acceptance":[0.9190909090909091],"Energy":{"Mean":8.408945347385748,"Sigma":0.23479977970237217,"Taucorr":-0.041699182872875606},"EnergyVariance":{"Mean":5.930379780785713,"Sigma":0.7467915518601478,"Taucorr":0.03704148321222889},"Iteration":24},
{"Acceptance":[0.92],"Energy":{"Mean":9.2965820225073,"Sigma":0.18328674337619708,"Taucorr":-0.2585976089171241},"EnergyVariance":{"Mean":6.773253639553558,"Sigma":1.157632898298686,"Taucorr":0.17526853895365213},"Iteration":25},
{"Acceptance":[0.9181818181818182],"Energy":{"Mean":9.279074315738265,"Sigma":0.2431720938158521,"Taucorr":0.0038437116471888855},"EnergyVariance":{"Mean":5.767782801252039,"Sigma":0.7407298937970093,"Taucorr":-0.08961496680982406},"Iteration":26},
{"Acceptance":[0.9154545454545454],"Energy":{"Mean":9.17143484638652,"Sigma":0.3402996096819499,"Taucorr":0.4043267455122217},"EnergyVariance":{"Mean":6.366274855786039,"Sigma":1.0068037528746767,"Taucorr":-0.03965598071405946},"Iteration":27},
{"Acceptance":[0.9059090909090909],"Energy":{"Mean":8.836404143348211,"Sigma":0.29496412966822483,"Taucorr":0.1508209387068511},"EnergyVariance":{"Mean":6.537390586111724,"Sigma":0.6976694711067758,"Taucorr":-0.15770103598740326},"Iteration":28},
{"Acceptance":[0.9177272727272727],"Energy":{"Mean":8.534615345948989,"Sigma":0.320566074404627,"Taucorr":0.3793767462919406},"EnergyVariance":{"Mean":5.8167140212898705,"Sigma":0.9622921240473252,"Taucorr":0.13594731497721046},"Iteration":29},
{"Acceptance":[0.9159090909090909],"Energy":{"Mean":8.305219240984691,"Sigma":0.2695811004434548,"Taucorr":0.172418504283949},"EnergyVariance":{"Mean":5.387739875248472,"Sigma":0.8422907328498083,"Taucorr":0.01684359874514274},"Iteration":30},
{"Acceptance":[0.9063636363636364],"Energy":{"Mean":8.351250105574659,"Sigma":0.31054553132326534,"Taucorr":0.312013324928447},"EnergyVariance":{"Mean":5.885334695060661,"Sigma":0.8115886243781794,"Taucorr":-0.013690504940205073},"Iteration":31},
{"Acceptance":[0.8977272727272727],"Energy":{"Mean":8.286027419602728,"Sigma":0.20982774587210784,"Taucorr":-0.15956787877526402},"EnergyVariance":{"Mean":6.371344715000318,"Sigma":0.9343183551234203,"Taucorr":-0.08914482832847409},"Iteration":32},
{"Acceptance":[0.9122727272727272],"Energy":{"Mean":8.887343231208078,"Sigma":0.24633780586156967,"Taucorr":0.024369513379188135},"EnergyVariance":{"Mean":5.901492543458538,"Sigma":0.6681312424890404,"Taucorr":-0.05608461451846147},"Iteration":33},
{"Acceptance":[0.9159090909090909],"Energy":{"Mean":8.771727758002337,"Sigma":0.2870003002652515,"Taucorr":0.20753090941611863},"EnergyVariance":{"Mean":5.802706492247514,"Sigma":0.7227053128986464,"Taucorr":-0.027484498039283545},"Iteration":34},
{"Acceptance":[0.9031818181818182],"Energy":{"Mean":8.507121615672693,"Sigma":0.2865950051217309,"Taucorr":0.22780902795308144},"EnergyVariance":{"Mean":5.6387404237105905,"Sigma":0.8628090559954769,"Taucorr":-0.020364224260155606},"Iteration":35},
{"Acceptance":[0.8954545454545455],"Energy":{"Mean":8.866030611080603,"Sigma":0.2828285555778865,"Taucorr":0.1045972023516255},"EnergyVariance":{"Mean":6.654892936311789,"Sigma":0.8500480972845049,"Taucorr":-0.08298951539873084},"Iteration":36},
{"Acceptance":[0.9],"Energy":{"Mean":8.517320368559615,"Sigma":0.2626019032375198,"Taucorr":0.10812152279287757},"EnergyVariance":{"Mean":5.767911732244489,"Sigma":0.595171582824426,"Taucorr":-0.14359088919274732},"Iteration":37},
{"Acceptance":[0.8922727272727272],"Energy":{"Mean":8.524866335635679,"Sigma":0.2151012650652902,"Taucorr":-0.0734975584234176},"EnergyVariance":{"Mean":5.63276369370924,"Sigma":0.7871024414845861,"Taucorr":0.17549257773556382},"Iteration":38},
{"Acceptance":[0.89],"Energy":{"Mean":8.593608692625914,"Sigma":0.20313767100370475,"Taucorr":-0.17633741895746902},"EnergyVariance":{"Mean":6.397943194776454,"Sigma":0.8721809419783447,"Taucorr":-0.05467831296820236},"Iteration":39},
{"Acceptance":[0.8827272727272727],"Energy":{"Mean":8.438756952954067,"Sigma":0.3044017855058056,"Taucorr":0.1743392825693486},"EnergyVariance":{"Mean":7.005860243283178,"Sigma":0.9451798918791502,"Taucorr":0.07585167949981608},"Iteration":40},
{"Acceptance":[0.8813636363636363],"Energy":{"Mean":8.556812410929076,"Sigma":0.2627903782049487,"Taucorr":0.008003595184424062},"EnergyVariance":{"Mean":6.994220950254669,"Sigma":0.6951782015563821,"Taucorr":-0.177253800054177},"Iteration":41},
{"Acceptance":[0.8768181818181818],"Energy":{"Mean":8.83904070622809,"Sigma":0.2478900585336429,"Taucorr":-0.04456176200939438},"EnergyVariance":{"Mean":7.001459642874173,"Sigma":1.2057737459999884,"Taucorr":0.1343851108722064},"Iteration":42},
{"Acceptance":[0.8977272727272727],"Energy":{"Mean":8.735032763935356,"Sigma":0.2284035556636114,"Taucorr":-0.08495410979004303},"EnergyVariance":{"Mean":6.381356248438232,"Sigma":0.8794303508397033,"Taucorr":0.03549214687756619},"Iteration":43},
{"Acceptance":[0.9009090909090909],"Energy":{"Mean":8.503681700619369,"Sigma":0.2656216726374677,"Taucorr":0.10766703815046308},"EnergyVariance":{"Mean":5.975525060905326,"Sigma":0.8322561481207597,"Taucorr":0.018021729906296913},"Iteration":44},
{"Acceptance":[0.8731818181818182],"Energy":{"Mean":8.401843397322912,"Sigma":0.31614156969041546,"Taucorr":0.1929298281317532},"EnergyVariance":{"Mean":7.4763736374932375,"Sigma":0.8868275203169744,"Taucorr":-0.18988322535519064},"Iteration":45},
{"Acceptance":[0.8727272727272727],"Energy":{"Mean":8.54948197234432,"Sigma":0.2501192924435728,"Taucorr":-0.08195974676739415},"EnergyVariance":{"Mean":7.6649133269562455,"Sigma":1.2916883517950244,"Taucorr":0.026969827400203483},"Iteration":46},
{"Acceptance":[0.8827272727272727],"Energy":{"Mean":8.391975967965681,"Sigma":0.19110450393300643,"Taucorr":-0.10181490374636215},"EnergyVariance":{"Mean":4.758615177206243,"Sigma":0.7982188560318296,"Taucorr":0.1484372120188171},"Iteration":47},
{"Acceptance":[0.8663636363636363],"Energy":{"Mean":8.196745662987361,"Sigma":0.23780642090115753,"Taucorr":-0.011490430158283604},"EnergyVariance":{"Mean":6.1942458245759635,"Sigma":0.5415935503598391,"Taucorr":-0.17301360341073707},"Iteration":48},
{"Acceptance":[0.8690909090909091],"Energy":{"Mean":8.146570907353107,"Sigma":0.20131928866345128,"Taucorr":-0.13338309618640287},"EnergyVariance":{"Mean":5.956477857782594,"Sigma":1.2647028503455222,"Taucorr":0.34176018363577476},"Iteration":49},
{"Acceptance":[0.8881818181818182],"Energy":{"Mean":8.712704747712056,"Sigma":0.3161819467967362,"Taucorr":0.31117297629147744},"EnergyVariance":{"Mean":6.542008075509422,"Sigma":1.0044765850938489,"Taucorr":0.16442697077043977},"Iteration":50},
{"Acceptance":[0.8709090909090909],"Energy":{"Mean":8.65847233408473,"Sigma":0.2918851554165438,"Taucorr":0.10808503857220386},"EnergyVariance":{"Mean":7.221083534184775,"Sigma":0.8924286140565867,"Taucorr":0.04716114391059789},"Iteration":51},
{"Acceptance":[0.8654545454545455],"Energy":{"Mean":8.427097256219879,"Sigma":0.25811264159058234,"Taucorr":-0.035813081660043655},"EnergyVariance":{"Mean":7.4017259542871034,"Sigma":1.2264300189440096,"Taucorr":0.1318264295716468},"Iteration":52},
{"Acceptance":[0.87],"Energy":{"Mean":7.987444434804423,"Sigma":0.20433062486323073,"Taucorr":-0.17113697241415776},"EnergyVariance":{"Mean":6.984616411058314,"Sigma":0.8998897286362492,"Taucorr":-0.07740880338493},"Iteration":53},
{"Acceptance":[0.8672727272727273],"Energy":{"Mean":8.253684485220148,"Sigma":0.3066890231980077,"Taucorr":0.08562455556462889},"EnergyVariance":{"Mean":8.310237533588804,"Sigma":1.1099878273755,"Taucorr":0.013117931218070034},"Iteration":54},
{"Acceptance":[0.8486363636363636],"Energy":{"Mean":8.559840035269241,"Sigma":0.2805230136159509,"Taucorr":-0.02842668190315345},"EnergyVariance":{"Mean":8.646471508809004,"Sigma":1.1245869245506117,"Taucorr":0.03767521882019931},"Iteration":55},
{"Acceptance":[0.8413636363636363],"Energy":{"Mean":8.008699996597397,"Sigma":0.23703540037406332,"Taucorr":-0.08951041097995116},"EnergyVariance":{"Mean":7.220496656462495,"Sigma":1.1669781019903203,"Taucorr":0.055867791667923106},"Iteration":56},
{"Acceptance":[0.84],"Energy":{"Mean":8.120177669458295,"Sigma":0.2367526008071046,"Taucorr":-0.11292128545099839},"EnergyVariance":{"Mean":7.494173837512788,"Sigma":1.1302799584908996,"Taucorr":-0.07464201636273543},"Iteration":57},
{"Acceptance":[0.850909090909091],"Energy":{"Mean":8.04082367271453,"Sigma":0.39405396930271736,"Taucorr":0.453848107373066},"EnergyVariance":{"Mean":8.52879334184064,"Sigma":1.5769135849000266,"Taucorr":0.26758569588112957},"Iteration":58},
{"Acceptance":[0.83],"Energy":{"Mean":7.619058038431563,"Sigma":0.2975065628305335,"Taucorr":0.08966899350426483},"EnergyVariance":{"Mean":8.09872707769521,"Sigma":1.135992967231897,"Taucorr":-0.055247143028776424},"Iteration":59},
{"Acceptance":[0.8554545454545455],"Energy":{"Mean":8.17923370419619,"Sigma":0.30163103408445474,"Taucorr":-0.04576693122603659},"EnergyVariance":{"Mean":10.138769127989717,"Sigma":1.0641386988896901,"Taucorr":-0.1028428146146716},"Iteration":60},
{"Acceptance":[0.8263636363636364],"Energy":{"Mean":7.787122393351268,"Sigma":0.2769522519897736,"Taucorr":-0.06835007754085726},"EnergyVariance":{"Mean":9.16593910619661,"Sigma":1.259050495866992,"Taucorr":-0.013766758974212812},"Iteration":61},
{"Acceptance":[0.8495454545454545],"Energy":{"Mean":7.9640168321479905,"Sigma":0.301675666617133,"Taucorr":0.1283502108269554},"EnergyVariance":{"Mean":7.565034712227201,"Sigma":0.9262854881146677,"Taucorr":0.018849845902438433},"Iteration":62},
{"Acceptance":[0.8386363636363636],"Energy":{"Mean":7.773607895840083,"Sigma":0.3156311347742106,"Taucorr":0.11900385483295384},"EnergyVariance":{"Mean":8.482271846549715,"Sigma":1.312411139007179,"Taucorr":0.20619592671976772},"Iteration":63},
{"Acceptance":[0.8095454545454546],"Energy":{"Mean":7.775911697794398,"Sigma":0.3611108380305243,"Taucorr":0.20251896652628576},"EnergyVariance":{"Mean":10.005937510200749,"Sigma":1.5582513346558426,"Taucorr":0.35375524207285236},"Iteration":64},
{"Acceptance":[0.8177272727272727],"Energy":{"Mean":8.383823828734377,"Sigma":0.2931995453149895,"Taucorr":0.1067869701027444},"EnergyVariance":{"Mean":8.304862525473313,"Sigma":1.4674333172343106,"Taucorr":-0.05688436587290002},"Iteration":65},
{"Acceptance":[0.8363636363636363],"Energy":{"Mean":8.036110882939159,"Sigma":0.29431615078718526,"Taucorr":0.02616091196286685},"EnergyVariance":{"Mean":8.659422982148726,"Sigma":1.3993275018509264,"Taucorr":-0.014730190902732143},"Iteration":66},
{"Acceptance":[0.805],"Energy":{"Mean":7.756357331488679,"Sigma":0.4060758218014805,"Taucorr":0.28412035335491015},"EnergyVariance":{"Mean":10.9792147020449,"Sigma":2.1139040737807226,"Taucorr":0.14765095611517487},"Iteration":67},
{"Acceptance":[0.8240909090909091],"Energy":{"Mean":7.614150299936745,"Sigma":0.32581386301824766,"Taucorr":0.014371455071359951},"EnergyVariance":{"Mean":12.258422172181906,"Sigma":2.024257549136725,"Taucorr":0.027797625273057402},"Iteration":68},
{"Acceptance":[0.8018181818181818],"Energy":{"Mean":7.803480546192128,"Sigma":0.3945852577352425,"Taucorr":0.2574329758209756},"EnergyVariance":{"Mean":12.730165699159905,"Sigma":4.505193843974595,"Taucorr":0.047152361984239},"Iteration":69},
{"Acceptance":[0.7727272727272727],"Energy":{"Mean":7.2471282330344975,"Sigma":0.21016629780991683,"Taucorr":-0.1518753956049088},"EnergyVariance":{"Mean":6.898692447850894,"Sigma":1.2163999660969034,"Taucorr":0.2524619648601292},"Iteration":70},
{"Acceptance":[0.7559090909090909],"Energy":{"Mean":6.379643470865683,"Sigma":0.6764628821248445,"Taucorr":0.7564178243617357},"EnergyVariance":{"Mean":18.307905319830187,"Sigma":3.636126289259734,"Taucorr":0.4810008438716764},"Iteration":71},
{"Acceptance":[0.7854545454545454],"Energy":{"Mean":7.56012511134236,"Sigma":0.31784948179153516,"Taucorr":0.04645461547422336},"EnergyVariance":{"Mean":9.833344300547212,"Sigma":1.7381739396396247,"Taucorr":0.10346506434765457},"Iteration":72},
{"Acceptance":[0.8036363636363636],"Energy":{"Mean":7.3364919983189045,"Sigma":0.5073970789378222,"Taucorr":0.534791050069225},"EnergyVariance":{"Mean":13.15259677210058,"Sigma":2.7803195751370353,"Taucorr":0.6164610559423385},"Iteration":73},
{"Acceptance":[0.7945454545454546],"Energy":{"Mean":8.02595100403825,"Sigma":0.37762214205274675,"Taucorr":0.24766569711609365},"EnergyVariance":{"Mean":10.206210153231341,"Sigma":1.776184167009725,"Taucorr":0.2807956185101431},"Iteration":74},
{"Acceptance":[0.7304545454545455],"Energy":{"Mean":5.878767190550588,"Sigma":0.7287084146170443,"Taucorr":0.9618703281629897},"EnergyVariance":{"Mean":19.238619488979793,"Sigma":3.5533399328254958,"Taucorr":0.5712357821818537},"Iteration":75},
{"Acceptance":[0.7863636363636364],"Energy":{"Mean":7.137106717589712,"Sigma":0.4381617509935962,"Taucorr":0.33221971226908054},"EnergyVariance":{"Mean":12.261732742038934,"Sigma":2.4998519271665662,"Taucorr":0.27232637405963644},"Iteration":76},
{"Acceptance":[0.7113636363636363],"Energy":{"Mean":6.29816255091491,"Sigma":0.5880069993862089,"Taucorr":0.59372615089275},"EnergyVariance":{"Mean":17.10491102662925,"Sigma":3.3296356451566345,"Taucorr":0.7018497613449246},"Iteration":77},
{"Acceptance":[0.7281818181818182],"Energy":{"Mean":6.227679672645388,"Sigma":0.7749612115150103,"Taucorr":0.8548191700751966},"EnergyVariance":{"Mean":22.512346191669764,"Sigma":3.9961735842132584,"Taucorr":0.5308143932446119},"Iteration":78},
{"Acceptance":[0.4727272727272727],"Energy":{"Mean":1.522267820544304,"Sigma":0.6011222610745878,"Taucorr":1.0451855393054104},"EnergyVariance":{"Mean":11.462489882583963,"Sigma":3.4068598827390306,"Taucorr":0.7859062981047318},"Iteration":79},
{"Acceptance":[0.7490909090909091],"Energy":{"Mean":6.439997836568275,"Sigma":0.46995684433023954,"Taucorr":0.20868712320300298},"EnergyVariance":{"Mean":15.890282492568689,"Sigma":2.6720935859660155,"Taucorr":0.17896297047785115},"Iteration":80},
{"Acceptance":[0.005909090909090909],"Energy":{"Mean":-0.0037984264749318306,"Sigma":0.0,"Taucorr":null},"EnergyVariance":{"Mean":0.004981063594989079,"Sigma":0.0,"Taucorr":null},"Iteration":81},
{"Acceptance":[0.1690909090909091],"Energy":{"Mean":3.127179114892612,"Sigma":0.8054468488468852,"Taucorr":0.9679437410121119},"EnergyVariance":{"Mean":22.277650618759473,"Sigma":4.009739304519926,"Taucorr":0.5844732240226864},"Iteration":82},
{"Acceptance":[0.695],"Energy":{"Mean":5.896534342229635,"Sigma":0.7292636700308632,"Taucorr":0.8933665504540167},"EnergyVariance":{"Mean":19.005233573117835,"Sigma":3.446450367530018,"Taucorr":0.68865182283844},"Iteration":83},
{"Acceptance":[0.5163636363636364],"Energy":{"Mean":4.832857264217375,"Sigma":0.8288512681195946,"Taucorr":0.8872852011808956},"EnergyVariance":{"Mean":25.007294855890557,"Sigma":2.966373427583132,"Taucorr":0.4688451568204999},"Iteration":84},
{"Acceptance":[0.7345454545454545],"Energy":{"Mean":5.891126817222786,"Sigma":0.7324570232514633,"Taucorr":0.6842938486044268},"EnergyVariance":{"Mean":23.671340244340552,"Sigma":3.39023686220722,"Taucorr":0.3033689913273411},"Iteration":85},
{"Acceptance":[0.6536363636363637],"Energy":{"Mean":4.775302929677526,"Sigma":0.89155180670056,"Taucorr":1.0298518815443396},"EnergyVariance":{"Mean":26.044391448574444,"Sigma":3.36272127305429,"Taucorr":0.5627658166625376},"Iteration":86},
{"Acceptance":[0.0],"Energy":{"Mean":4.2096081826038334e-05,"Sigma":0.0,"Taucorr":null},"EnergyVariance":{"Mean":1.839579425127614e-09,"Sigma":0.0,"Taucorr":null},"Iteration":87},
{"Acceptance":[0.0],"Energy":{"Mean":-1.2147688566380632e-06,"Sigma":0.0,"Taucorr":null},"EnergyVariance":{"Mean":2.583823230423448e-11,"Sigma":0.0,"Taucorr":null},"Iteration":88},
{"Acceptance":[0.0],"Energy":{"Mean":-2.1474790167863226e-06,"Sigma":0.0,"Taucorr":null},"EnergyVariance":{"Mean":2.0078625723632277e-11,"Sigma":0.0,"Taucorr":null},"Iteration":89},
{"Acceptance":[0.0],"Energy":{"Mean":-0.0004514295288782995,"Sigma":0.0,"Taucorr":null},"EnergyVariance":{"Mean":1.0866114038745926e-09,"Sigma":0.0,"Taucorr":null},"Iteration":90},
{"Acceptance":[0.27545454545454545],"Energy":{"Mean":-2.836861290150308,"Sigma":0.1558056281337709,"Taucorr":0.4771399671874432},"EnergyVariance":{"Mean":1.703643432840363,"Sigma":1.2317534889183843,"Taucorr":0.567974392830384},"Iteration":91},
{"Acceptance":[0.0],"Energy":{"Mean":-2.999976436463338,"Sigma":0.0,"Taucorr":null},"EnergyVariance":{"Mean":2.2096160450414082e-12,"Sigma":0.0,"Taucorr":null},"Iteration":92},
{"Acceptance":[0.0],"Energy":{"Mean":-2.999999913319936,"Sigma":0.0,"Taucorr":null},"EnergyVariance":{"Mean":1.9174022379980115e-14,"Sigma":0.0,"Taucorr":null},"Iteration":93},
{"Acceptance":[0.0],"Energy":{"Mean":-2.9999999999943263,"Sigma":0.0,"Taucorr":null},"EnergyVariance":{"Mean":4.576564610315418e-22,"Sigma":0.0,"Taucorr":null},"Iteration":94},
{"Acceptance":[0.0],"Energy":{"Mean":-3.0,"Sigma":0.0,"Taucorr":null},"EnergyVariance":{"Mean":2.735622169172122e-37,"Sigma":0.0,"Taucorr":null},"Iteration":95},
{"Acceptance":[0.0],"Energy":{"Mean":-3.0,"Sigma":0.0,"Taucorr":null},"EnergyVariance":{"Mean":7.165664855102726e-54,"Sigma":0.0,"Taucorr":null},"Iteration":96},
{"Acceptance":[0.0],"Energy":{"Mean":-2.9998807951664928,"Sigma":0.0,"Taucorr":null},"EnergyVariance":{"Mean":7.536610824813741e-07,"Sigma":0.0,"Taucorr":null},"Iteration":97},
{"Acceptance":[0.7586363636363637],"Energy":{"Mean":7.035098250043363,"Sigma":0.4385556575923611,"Taucorr":0.3931059160570636},"EnergyVariance":{"Mean":11.680565599343028,"Sigma":1.6175945891849755,"Taucorr":0.024442245384676986},"Iteration":98},
{"Acceptance":[0.5777272727272728],"Energy":{"Mean":5.324575689082506,"Sigma":0.8475969464772737,"Taucorr":1.1181321855059783},"EnergyVariance":{"Mean":22.407835677550317,"Sigma":3.676223923034756,"Taucorr":0.7982875774361666},"Iteration":99} 
]}
{"input": {"L": 10, "J": 1, "machine": {"type": "FFNN", "model": ["lncosh", 2, 4]}, "sampler": {"type": "MetropolisHop", "d_max": 5}, "optimizer": {"type": "AdaMax", "alpha": 0.001, "beta1": 0.9, "beta2": 0.999, "epscut": 1e-07}, "VMC": {"n_samples": 100, "discarded_samples": 100, "discarded_samples_on_init": 0, "target": "energy", "method": "Gd", "diag_shift": 0.01, "use_iterative": true, "use_cholesky": true}, "n_iter": 100}}
duration: -0.40270090103149414