{"Output": [
{"Acceptance":[0.8572727272727273],"Energy":{"Mean":9.10632942481595,"Sigma":0.2791522665601507,"Taucorr":0.11868973724824161},"EnergyVariance":{"Mean":6.217075623122495,"Sigma":0.7480660015664655,"Taucorr":-0.16320533335606519},"Iteration":0},
{"Acceptance":[0.7472727272727273],"Energy":{"Mean":7.517081807052033,"Sigma":0.2802824627422809,"Taucorr":0.07406325860392993},"EnergyVariance":{"Mean":7.451672814406515,"Sigma":0.999698056355427,"Taucorr":0.20919031620289263},"Iteration":1},
{"Acceptance":[0.6854545454545454],"Energy":{"Mean":7.963153970196259,"Sigma":0.3610944351347253,"Taucorr":0.1378085009253387},"EnergyVariance":{"Mean":11.368699327981679,"Sigma":1.6567880766520564,"Taucorr":0.10136675262467387},"Iteration":2},
{"Acceptance":[0.6222727272727273],"Energy":{"Mean":5.841848284658382,"Sigma":0.26025559664763287,"Taucorr":-0.060021002439517246},"EnergyVariance":{"Mean":10.102666380910598,"Sigma":1.2056966093663095,"Taucorr":-0.09485809887240193},"Iteration":3},
{"Acceptance":[0.5481818181818182],"Energy":{"Mean":4.982654449766873,"Sigma":0.3175323976445924,"Taucorr":0.15527467224340197},"EnergyVariance":{"Mean":11.030456152878573,"Sigma":1.450991118880482,"Taucorr":0.31540935448992025},"Iteration":4},
{"Acceptance":[0.49454545454545457],"Energy":{"Mean":3.6743990960398367,"Sigma":0.4031435710736166,"Taucorr":0.2023637551510188},"EnergyVariance":{"Mean":15.170976015702486,"Sigma":1.4157837686104735,"Taucorr":-0.09073045698960863},"Iteration":5},
{"Acceptance":[0.45136363636363636],"Energy":{"Mean":3.046416763111321,"Sigma":0.3997111702800521,"Taucorr":0.1972444434452374},"EnergyVariance":{"Mean":15.627020217682926,"Sigma":1.487429636501803,"Taucorr":-0.015510925227976147},"Iteration":6},
{"Acceptance":[0.425],"Energy":{"Mean":1.9211009829927086,"Sigma":0.39168334574097935,"Taucorr":0.0659655961812542},"EnergyVariance":{"Mean":20.686885184917124,"Sigma":2.4943624328224665,"Taucorr":-0.04478480545525604},"Iteration":7},
{"Acceptance":[0.36318181818181816],"Energy":{"Mean":1.2546594685923311,"Sigma":0.38985588734334026,"Taucorr":0.25477946623574166},"EnergyVariance":{"Mean":14.185094623486732,"Sigma":1.4265357411455089,"Taucorr":-0.06590227091944956},"Iteration":8},
{"Acceptance":[0.335],"Energy":{"Mean":-0.7244912625612614,"Sigma":0.3460164598413247,"Taucorr":0.3187328016476232},"EnergyVariance":{"Mean":11.763908605621788,"Sigma":2.0570306606823214,"Taucorr":0.3127181866423031},"Iteration":9},
{"Acceptance":[0.27954545454545454],"Energy":{"Mean":-1.7228627537612102,"Sigma":0.352265210824392,"Taucorr":0.4223679038756496},"EnergyVariance":{"Mean":14.963979963893113,"Sigma":2.4745940333873357,"Taucorr":0.056275562329473394},"Iteration":10},
{"Acceptance":[0.2718181818181818],"Energy":{"Mean":-1.253216108095051,"Sigma":0.3538802870523405,"Taucorr":0.20520216028607208},"EnergyVariance":{"Mean":20.721345923298873,"Sigma":4.504939043784743,"Taucorr":0.12357705662779472},"Iteration":11},
{"Acceptance":[0.24727272727272728],"Energy":{"Mean":-2.0393059107931784,"Sigma":0.4209274056434609,"Taucorr":0.32481461427318326},"EnergyVariance":{"Mean":17.163462026792427,"Sigma":2.402886146383608,"Taucorr":-0.10010944357657786},"Iteration":12},
{"Acceptance":[0.22818181818181818],"Energy":{"Mean":-2.8973898926175146,"Sigma":0.2899860600236458,"Taucorr":0.5372485277411856},"EnergyVariance":{"Mean":10.476601536042104,"Sigma":1.9757339590834362,"Taucorr":0.009237547987846595},"Iteration":13},
{"Acceptance":[0.19363636363636363],"Energy":{"Mean":-3.6818340219323993,"Sigma":0.2700313683834498,"Taucorr":0.26229738319554885},"EnergyVariance":{"Mean":12.063161752202125,"Sigma":2.37465281693646,"Taucorr":0.07282672514208899},"Iteration":14},
{"Acceptance":[0.17863636363636365],"Energy":{"Mean":-3.6034751730488264,"Sigma":0.3050562269839903,"Taucorr":0.2570587093076292},"EnergyVariance":{"Mean":13.527579842739058,"Sigma":2.47777672871933,"Taucorr":0.12517811681925584},"Iteration":15},
{"Acceptance":[0.1709090909090909],"Energy":{"Mean":-4.35441781234738,"Sigma":0.3016635794649085,"Taucorr":0.5357040036512062},"EnergyVariance":{"Mean":9.604398660118573,"Sigma":2.102006875273181,"Taucorr":0.21952715055073768},"Iteration":16},
{"Acceptance":[0.15818181818181817],"Energy":{"Mean":-4.7323022111768465,"Sigma":0.31269619857813247,"Taucorr":0.323630684675842},"EnergyVariance":{"Mean":20.521869753047675,"Sigma":5.26711980978254,"Taucorr":0.5274591969806834},"Iteration":17},
{"Acceptance":[0.1318181818181818],"Energy":{"Mean":-5.252783039905575,"Sigma":0.28226765898847334,"Taucorr":0.2629710549068134},"EnergyVariance":{"Mean":13.063016860343527,"Sigma":3.251258619119819,"Taucorr":-0.014895412221931414},"Iteration":18},
{"Acceptance":[0.13318181818181818],"Energy":{"Mean":-5.147133996993523,"Sigma":0.24273958814812305,"Taucorr":0.04676674437593864},"EnergyVariance":{"Mean":10.44457625876551,"Sigma":3.6639721073538243,"Taucorr":-0.0011158861090030392},"Iteration":19},
{"Acceptance":[0.1572727272727273],"Energy":{"Mean":-5.498503865695714,"Sigma":0.31362009422375864,"Taucorr":0.2933442890281326},"EnergyVariance":{"Mean":17.33141775255084,"Sigma":5.252574637158524,"Taucorr":0.5585926416881644},"Iteration":20},
{"Acceptance":[0.11681818181818182],"Energy":{"Mean":-5.940877222852458,"Sigma":0.2409376080095479,"Taucorr":0.47894451206342936},"EnergyVariance":{"Mean":6.16625330199951,"Sigma":1.97435516184636,"Taucorr":0.4269854889162048},"Iteration":21},
{"Acceptance":[0.12136363636363637],"Energy":{"Mean":-5.781248555773933,"Sigma":0.2084822650381295,"Taucorr":0.08481053548937956},"EnergyVariance":{"Mean":8.187372977530899,"Sigma":2.179366088761988,"Taucorr":0.39160261610026414},"Iteration":22},
{"Acceptance":[0.10590909090909091],"Energy":{"Mean":-6.36056119460379,"Sigma":0.25793661873633056,"Taucorr":0.3523844887287876},"EnergyVariance":{"Mean":6.57906936032858,"Sigma":2.187585040725573,"Taucorr":0.716708474411629},"Iteration":23},
{"Acceptance":[0.09727272727272727],"Energy":{"Mean":-5.755640176039724,"Sigma":0.2565474634486864,"Taucorr":0.4427424392190461},"EnergyVariance":{"Mean":4.754058462417215,"Sigma":1.4825248845667207,"Taucorr":0.30417662290798286},"Iteration":24},
{"Acceptance":[0.10590909090909091],"Energy":{"Mean":-6.140113546924506,"Sigma":0.3339433284490172,"Taucorr":0.05779838267772042},"EnergyVariance":{"Mean":12.213959723694263,"Sigma":5.326259413850168,"Taucorr":0.11334922558492722},"Iteration":25},
{"Acceptance":[0.11727272727272728],"Energy":{"Mean":-6.831789636483438,"Sigma":0.554009570604901,"Taucorr":0.6515748781823871},"EnergyVariance":{"Mean":18.047262040414886,"Sigma":8.579986744038324,"Taucorr":0.8607882905541457},"Iteration":26},
{"Acceptance":[0.1040909090909091],"Energy":{"Mean":-6.206674874391661,"Sigma":0.2948134200130705,"Taucorr":0.14764942481475862},"EnergyVariance":{"Mean":8.701794884696225,"Sigma":4.3512191936352425,"Taucorr":0.0230659864019771},"Iteration":27},
{"Acceptance":[0.11863636363636364],"Energy":{"Mean":-6.990455467580643,"Sigma":0.31725265228017185,"Taucorr":-0.034743919708421556},"EnergyVariance":{"Mean":12.320640211072128,"Sigma":3.4885356857562178,"Taucorr":0.2686953340974587},"Iteration":28},
{"Acceptance":[0.12454545454545454],"Energy":{"Mean":-6.67702735254372,"Sigma":0.3081159860208681,"Taucorr":0.1489712562320923},"EnergyVariance":{"Mean":9.32845734342535,"Sigma":2.333532934405058,"Taucorr":0.08696266298468336},"Iteration":29},
{"Acceptance":[0.11090909090909092],"Energy":{"Mean":-6.240018291395431,"Sigma":0.23051081468077536,"Taucorr":0.11002189543501928},"EnergyVariance":{"Mean":5.018163777172393,"Sigma":2.0375649966678884,"Taucorr":0.3336439656308319},"Iteration":30},
{"Acceptance":[0.1040909090909091],"Energy":{"Mean":-6.311459213263399,"Sigma":0.12155796720061757,"Taucorr":-0.2568894256189358},"EnergyVariance":{"Mean":3.3488531136377486,"Sigma":1.589977073424085,"Taucorr":0.07849744679114101},"Iteration":31},
{"Acceptance":[0.10181818181818182],"Energy":{"Mean":-6.494641238375632,"Sigma":0.2729397733739722,"Taucorr":0.23595717816265271},"EnergyVariance":{"Mean":5.363381948563376,"Sigma":2.1355123150250352,"Taucorr":0.21433980806083486},"Iteration":32},
{"Acceptance":[0.0959090909090909],"Energy":{"Mean":-5.781995025500067,"Sigma":0.30498898706020294,"Taucorr":0.13130803765736765},"EnergyVariance":{"Mean":7.330932225892667,"Sigma":4.667741012641808,"Taucorr":-0.0014662255449279238},"Iteration":33},
{"Acceptance":[0.11545454545454545],"Energy":{"Mean":-6.44481077812174,"Sigma":0.30464119939010237,"Taucorr":0.7746408905533726},"EnergyVariance":{"Mean":3.5111352878087176,"Sigma":1.1964700266789265,"Taucorr":0.9468372338600819},"Iteration":34},
{"Acceptance":[0.10954545454545454],"Energy":{"Mean":-6.940099070335125,"Sigma":0.27773795147874764,"Taucorr":-0.041249760318279816},"EnergyVariance":{"Mean":8.302878115322237,"Sigma":4.1867240998276465,"Taucorr":0.016459306922531503},"Iteration":35},
{"Acceptance":[0.12590909090909091],"Energy":{"Mean":-6.635161244535232,"Sigma":0.32533011903099524,"Taucorr":0.07632093112010763},"EnergyVariance":{"Mean":9.039753357231904,"Sigma":4.62882886919507,"Taucorr":-0.0007254582809868015},"Iteration":36},
{"Acceptance":[0.12],"Energy":{"Mean":-7.100337494528974,"Sigma":0.49263954318385844,"Taucorr":0.1842315737694028},"EnergyVariance":{"Mean":17.105814507412344,"Sigma":5.4529107306751365,"Taucorr":0.040353843545330004},"Iteration":37},
{"Acceptance":[0.12045454545454545],"Energy":{"Mean":-6.57091938701934,"Sigma":0.24829189392293172,"Taucorr":0.17055707596965064},"EnergyVariance":{"Mean":4.481069173631603,"Sigma":1.404774719724542,"Taucorr":0.1217619334699801},"Iteration":38},
{"Acceptance":[0.14272727272727273],"Energy":{"Mean":-7.149788045558006,"Sigma":0.6965042617815277,"Taucorr":0.47932456742836893},"EnergyVariance":{"Mean":23.834875848686938,"Sigma":12.239163972473177,"Taucorr":0.1658700234949052},"Iteration":39},
{"Acceptance":[0.12863636363636363],"Energy":{"Mean":-7.9023262237170036,"Sigma":0.6959083837773093,"Taucorr":0.8175440916768066},"EnergyVariance":{"Mean":17.764817737923348,"Sigma":6.756316292598797,"Taucorr":0.98610892678263},"Iteration":40},
{"Acceptance":[0.11363636363636363],"Energy":{"Mean":-6.626297515014481,"Sigma":0.3175958612153558,"Taucorr":0.22642958809343317},"EnergyVariance":{"Mean":6.9614999013329095,"Sigma":2.4817337663476393,"Taucorr":0.06116074751909406},"Iteration":41},
{"Acceptance":[0.12954545454545455],"Energy":{"Mean":-6.690968268681028,"Sigma":0.4007439749631986,"Taucorr":0.3461675051569141},"EnergyVariance":{"Mean":9.24198595802881,"Sigma":3.119226560851372,"Taucorr":0.2608532288100709},"Iteration":42},
{"Acceptance":[0.12772727272727272],"Energy":{"Mean":-7.194843803298042,"Sigma":0.40849030230097366,"Taucorr":0.09523727934693582},"EnergyVariance":{"Mean":13.528923213174053,"Sigma":8.920662071444028,"Taucorr":-0.007318137990380946},"Iteration":43},
{"Acceptance":[0.12318181818181818],"Energy":{"Mean":-6.76803203060302,"Sigma":0.3015490909984387,"Taucorr":0.048086256314795794},"EnergyVariance":{"Mean":8.272861093318117,"Sigma":4.434699925316334,"Taucorr":0.2670624277821638},"Iteration":44},
{"Acceptance":[0.12863636363636363],"Energy":{"Mean":-6.921697382593033,"Sigma":0.35451927568030017,"Taucorr":0.2508517594714239},"EnergyVariance":{"Mean":8.29426429101919,"Sigma":3.1929858561543556,"Taucorr":0.631016542192592},"Iteration":45},
{"Acceptance":[0.13863636363636364],"Energy":{"Mean":-7.524463222191101,"Sigma":0.46984836453517886,"Taucorr":-0.13578983775724052},"EnergyVariance":{"Mean":29.783468033454312,"Sigma":17.539909909036407,"Taucorr":0.41579738810687517},"Iteration":46},
{"Acceptance":[0.13318181818181818],"Energy":{"Mean":-7.203401243824581,"Sigma":0.20954135138024868,"Taucorr":0.17183258377261035},"EnergyVariance":{"Mean":3.2227838990661883,"Sigma":1.1244755496852517,"Taucorr":0.07916433662443922},"Iteration":47},
{"Acceptance":[0.14136363636363636],"Energy":{"Mean":-7.41802842881171,"Sigma":0.4008097440741571,"Taucorr":0.4131221164895603},"EnergyVariance":{"Mean":8.477284724004154,"Sigma":3.8575992729520734,"Taucorr":0.8611172997102257},"Iteration":48},
{"Acceptance":[0.15818181818181817],"Energy":{"Mean":-6.708224662476286,"Sigma":0.3697451971324301,"Taucorr":0.4861992654882672},"EnergyVariance":{"Mean":6.696103178377369,"Sigma":2.974345311531724,"Taucorr":0.2645235029838632},"Iteration":49},
{"Acceptance":[0.13272727272727272],"Energy":{"Mean":-6.504251318298461,"Sigma":0.3299255718726865,"Taucorr":0.322991685824614},"EnergyVariance":{"Mean":6.398641474417264,"Sigma":2.4582696994791506,"Taucorr":0.38569694657863385},"Iteration":50},
{"Acceptance":[0.14954545454545454],"Energy":{"Mean":-6.963297653383049,"Sigma":0.28286786410333237,"Taucorr":0.4455355181431301},"EnergyVariance":{"Mean":4.14612761130691,"Sigma":1.1725442468235048,"Taucorr":0.3172527867405892},"Iteration":51},
{"Acceptance":[0.1368181818181818],"Energy":{"Mean":-6.522658332010825,"Sigma":0.5349897305066745,"Taucorr":0.8399752186758036},"EnergyVariance":{"Mean":10.264644263547433,"Sigma":4.919139852462019,"Taucorr":1.1809604086034287},"Iteration":52},
{"Acceptance":[0.14363636363636365],"Energy":{"Mean":-7.0571213704704014,"Sigma":0.5505324214507784,"Taucorr":0.6347406321822022},"EnergyVariance":{"Mean":14.307428729513852,"Sigma":6.941062620128553,"Taucorr":0.5304173911210628},"Iteration":53},
{"Acceptance":[0.15272727272727274],"Energy":{"Mean":-6.679878541585992,"Sigma":0.28093057618052797,"Taucorr":0.23559282089242617},"EnergyVariance":{"Mean":5.235698283627798,"Sigma":1.3171253641471814,"Taucorr":0.27998221901859144},"Iteration":54},
{"Acceptance":[0.14454545454545453],"Energy":{"Mean":-8.216812445760917,"Sigma":0.5332989157377586,"Taucorr":0.29887785220994456},"EnergyVariance":{"Mean":18.85302948797241,"Sigma":5.149133676099559,"Taucorr":0.14708198597825228},"Iteration":55},
{"Acceptance":[0.14454545454545453],"Energy":{"Mean":-8.012957531669608,"Sigma":0.6016219780240596,"Taucorr":0.22644092152499462},"EnergyVariance":{"Mean":24.210293819759546,"Sigma":8.581604029902147,"Taucorr":0.24193657396605572},"Iteration":56},
{"Acceptance":[0.14136363636363636],"Energy":{"Mean":-7.005241529325818,"Sigma":0.45926162831518275,"Taucorr":0.45788538341202256},"EnergyVariance":{"Mean":10.63478700330282,"Sigma":3.93068309651965,"Taucorr":0.4256094952995342},"Iteration":57},
{"Acceptance":[0.13863636363636364],"Energy":{"Mean":-6.969997412745953,"Sigma":0.16526508128511513,"Taucorr":0.020845418932093462},"EnergyVariance":{"Mean":2.535493807900433,"Sigma":0.514807776639251,"Taucorr":0.01759743620414511},"Iteration":58},
{"Acceptance":[0.13363636363636364],"Energy":{"Mean":-6.894146824379792,"Sigma":0.43434147005728646,"Taucorr":0.05595215143957388},"EnergyVariance":{"Mean":16.92411824994513,"Sigma":9.984769885420794,"Taucorr":-0.006369760428800386},"Iteration":59},
{"Acceptance":[0.13045454545454546],"Energy":{"Mean":-6.725043921848396,"Sigma":0.2030079481661614,"Taucorr":0.015118146256619447},"EnergyVariance":{"Mean":3.905353076273991,"Sigma":1.3627105238532584,"Taucorr":0.1591514912705959},"Iteration":60},
{"Acceptance":[0.1390909090909091],"Energy":{"Mean":-6.71208797320848,"Sigma":0.23827945938202036,"Taucorr":0.09824517431494806},"EnergyVariance":{"Mean":5.051592375514039,"Sigma":2.9621654047859147,"Taucorr":0.022944327972137524},"Iteration":61},
{"Acceptance":[0.13772727272727273],"Energy":{"Mean":-6.995764535953708,"Sigma":0.24369343890281275,"Taucorr":0.6021685544441231},"EnergyVariance":{"Mean":2.593056307814581,"Sigma":0.4774057166051717,"Taucorr":0.11133365763311376},"Iteration":62},
{"Acceptance":[0.13227272727272726],"Energy":{"Mean":-6.1581431299282,"Sigma":0.3480034141377238,"Taucorr":-0.04146362794205066},"EnergyVariance":{"Mean":13.254343709106722,"Sigma":10.373992940497727,"Taucorr":0.001124512681455192},"Iteration":63},
{"Acceptance":[0.15272727272727274],"Energy":{"Mean":-6.955352327161596,"Sigma":0.27362805481561137,"Taucorr":0.2134094047272871},"EnergyVariance":{"Mean":5.039820717352999,"Sigma":1.525402511761963,"Taucorr":-0.0065741053857513165},"Iteration":64},
{"Acceptance":[0.15272727272727274],"Energy":{"Mean":-7.13023169920324,"Sigma":0.4077107192691825,"Taucorr":0.2768016924694586},"EnergyVariance":{"Mean":10.453936467791824,"Sigma":5.487084598589314,"Taucorr":0.16245834805185788},"Iteration":65},
{"Acceptance":[0.13],"Energy":{"Mean":-6.413901913305881,"Sigma":0.19074873639645437,"Taucorr":0.034579549108087027},"EnergyVariance":{"Mean":3.2535115510522465,"Sigma":0.5608774226314068,"Taucorr":0.045858414298907246},"Iteration":66},
{"Acceptance":[0.14136363636363636],"Energy":{"Mean":-6.657438303545098,"Sigma":0.5956076538972507,"Taucorr":1.0173250792891892},"EnergyVariance":{"Mean":11.343212875743134,"Sigma":6.09391565606086,"Taucorr":1.005487669472841},"Iteration":67},
{"Acceptance":[0.13318181818181818],"Energy":{"Mean":-6.989582137523998,"Sigma":0.301644543883814,"Taucorr":0.11425038830327772},"EnergyVariance":{"Mean":7.224639247691997,"Sigma":2.3996504881416496,"Taucorr":-0.0516368249197009},"Iteration":68},
{"Acceptance":[0.13772727272727273],"Energy":{"Mean":-6.551602309129118,"Sigma":0.23899766706468076,"Taucorr":-0.03058918313863762},"EnergyVariance":{"Mean":5.849074769459943,"Sigma":1.739785408284553,"Taucorr":0.029340276906949736},"Iteration":69},
{"Acceptance":[0.1431818181818182],"Energy":{"Mean":-6.748759233735794,"Sigma":0.21443529780258133,"Taucorr":0.050152701632870667},"EnergyVariance":{"Mean":3.993896758764448,"Sigma":1.5961446890443178,"Taucorr":0.08604418737179076},"Iteration":70},
{"Acceptance":[0.13],"Energy":{"Mean":-7.3220850758633285,"Sigma":0.31967137679530633,"Taucorr":0.4553080168568431},"EnergyVariance":{"Mean":5.118690336641268,"Sigma":1.8391893449257217,"Taucorr":0.26908966320986105},"Iteration":71},
{"Acceptance":[0.145],"Energy":{"Mean":-7.367778132163969,"Sigma":0.31165589590270937,"Taucorr":0.04403868166211955},"EnergyVariance":{"Mean":8.562170977384191,"Sigma":5.0538695305003944,"Taucorr":0.01876565262001173},"Iteration":72},
{"Acceptance":[0.1318181818181818],"Energy":{"Mean":-6.707311507876067,"Sigma":0.16655890682431795,"Taucorr":-0.2305208820279272},"EnergyVariance":{"Mean":4.989478620539231,"Sigma":1.3125495889976302,"Taucorr":-0.014428529058161055},"Iteration":73},
{"Acceptance":[0.12409090909090909],"Energy":{"Mean":-6.773913965243133,"Sigma":0.33284134093425605,"Taucorr":-0.21402268445882355},"EnergyVariance":{"Mean":19.659168414842288,"Sigma":15.2972622567463,"Taucorr":0.274386633234197},"Iteration":74},
{"Acceptance":[0.1440909090909091],"Energy":{"Mean":-8.071210057895582,"Sigma":0.5387994330528545,"Taucorr":0.30733392538573523},"EnergyVariance":{"Mean":17.232186813052373,"Sigma":10.523794772789746,"Taucorr":0.022520135053242796},"Iteration":75},
{"Acceptance":[0.1481818181818182],"Energy":{"Mean":-6.502886289429871,"Sigma":0.36401387429675686,"Taucorr":0.4762298690996227},"EnergyVariance":{"Mean":6.506277846153311,"Sigma":2.0850840681831366,"Taucorr":0.02671748571264876},"Iteration":76},
{"Acceptance":[0.15636363636363637],"Energy":{"Mean":-6.9631597877814055,"Sigma":0.3259531275897696,"Taucorr":-0.20454114232604875},"EnergyVariance":{"Mean":17.493198199839387,"Sigma":7.947757555042584,"Taucorr":-0.009988637333279315},"Iteration":77},
{"Acceptance":[0.13136363636363638],"Energy":{"Mean":-7.143915507427083,"Sigma":0.2382667535128648,"Taucorr":0.06750003290934659},"EnergyVariance":{"Mean":4.889283023047658,"Sigma":1.530572670963165,"Taucorr":0.44624761101638377},"Iteration":78},
{"Acceptance":[0.14636363636363636],"Energy":{"Mean":-7.4884576844700765,"Sigma":0.4131403954818513,"Taucorr":0.217820667292152},"EnergyVariance":{"Mean":11.36296923192991,"Sigma":5.914496048636205,"Taucorr":0.44479305646705314},"Iteration":79},
{"Acceptance":[0.14],"Energy":{"Mean":-6.920389489466551,"Sigma":0.2091886702218197,"Taucorr":-0.07868405168626297},"EnergyVariance":{"Mean":4.978079454908629,"Sigma":1.2409265620159835,"Taucorr":-0.036365495420166205},"Iteration":80},
{"Acceptance":[0.12136363636363637],"Energy":{"Mean":-7.005446841033327,"Sigma":0.2023624621714348,"Taucorr":0.3511202935367862},"EnergyVariance":{"Mean":2.303426967471405,"Sigma":0.6614246798881819,"Taucorr":0.24067159940410332},"Iteration":81},
{"Acceptance":[0.1409090909090909],"Energy":{"Mean":-6.836627206863346,"Sigma":0.26242150614555493,"Taucorr":0.03961165667867994},"EnergyVariance":{"Mean":6.09238796055081,"Sigma":1.5456963913021078,"Taucorr":0.2390383631052969},"Iteration":82},
{"Acceptance":[0.13545454545454547],"Energy":{"Mean":-6.722245373438845,"Sigma":0.21970391361965558,"Taucorr":0.22837357600453767},"EnergyVariance":{"Mean":3.1630069439019,"Sigma":0.757231004383294,"Taucorr":0.29181202920235594},"Iteration":83},
{"Acceptance":[0.14727272727272728],"Energy":{"Mean":-7.483449033371397,"Sigma":0.39477804351456586,"Taucorr":-0.052771825191657684},"EnergyVariance":{"Mean":16.889379597703094,"Sigma":6.278065714901503,"Taucorr":0.15248343652376983},"Iteration":84},
{"Acceptance":[0.16363636363636364],"Energy":{"Mean":-6.8601546810857785,"Sigma":0.5093267832456686,"Taucorr":0.3060665503270893},"EnergyVariance":{"Mean":16.467540352555016,"Sigma":9.864759198758694,"Taucorr":0.20129459920727721},"Iteration":85},
{"Acceptance":[0.13772727272727273],"Energy":{"Mean":-7.110068968817073,"Sigma":0.17481608313220695,"Taucorr":-0.2506494299149542},"EnergyVariance":{"Mean":5.864811827297217,"Sigma":2.3778702710854853,"Taucorr":0.3872738159504905},"Iteration":86},
{"Acceptance":[0.14181818181818182],"Energy":{"Mean":-7.032756799476482,"Sigma":0.18858849479733047,"Taucorr":-0.27636574800827085},"EnergyVariance":{"Mean":7.622591161061424,"Sigma":3.270789767715309,"Taucorr":0.1633872760959887},"Iteration":87},
{"Acceptance":[0.145],"Energy":{"Mean":-7.269963310124973,"Sigma":0.37853028812614875,"Taucorr":0.35623479327912233},"EnergyVariance":{"Mean":8.010121423460461,"Sigma":3.2434406738261568,"Taucorr":0.3370997815362943},"Iteration":88},
{"Acceptance":[0.11772727272727272],"Energy":{"Mean":-6.858807952521947,"Sigma":0.2599487239308529,"Taucorr":0.5272503802553647},"EnergyVariance":{"Mean":3.142080888870471,"Sigma":0.7772904325104119,"Taucorr":0.491074014983518},"Iteration":89},
{"Acceptance":[0.13818181818181818],"Energy":{"Mean":-7.010365923797494,"Sigma":0.2262156141042889,"Taucorr":0.129741354600866},"EnergyVariance":{"Mean":3.900564569847994,"Sigma":0.9871052212749977,"Taucorr":-0.08158748273536293},"Iteration":90},
{"Acceptance":[0.13727272727272727],"Energy":{"Mean":-7.422493474389965,"Sigma":0.34543578375546513,"Taucorr":0.4035170526402436},"EnergyVariance":{"Mean":6.323504267637042,"Sigma":1.7561850663959073,"Taucorr":0.04829043640093722},"Iteration":91},
{"Acceptance":[0.1431818181818182],"Energy":{"Mean":-7.422441417261649,"Sigma":0.40584898248117424,"Taucorr":0.18815192209558096},"EnergyVariance":{"Mean":11.464154715462461,"Sigma":3.626344888262869,"Taucorr":0.3091536447787636},"Iteration":92},
{"Acceptance":[0.14545454545454545],"Energy":{"Mean":-7.073852432175274,"Sigma":0.3379039117711514,"Taucorr":0.35424716538530143},"EnergyVariance":{"Mean":6.396625820790154,"Sigma":2.22608856630302,"Taucorr":0.0649403500204957},"Iteration":93},
{"Acceptance":[0.14772727272727273],"Energy":{"Mean":-7.273989808105014,"Sigma":0.42194967996464544,"Taucorr":0.443313298713363},"EnergyVariance":{"Mean":9.098365216485613,"Sigma":2.920204164087388,"Taucorr":0.30715108800988755},"Iteration":94},
{"Acceptance":[0.13727272727272727],"Energy":{"Mean":-6.963842605768311,"Sigma":0.25683381708468783,"Taucorr":0.3731246009975858},"EnergyVariance":{"Mean":3.6140245132036846,"Sigma":0.8742530278409122,"Taucorr":0.3490546967383674},"Iteration":95},
{"Acceptance":[0.1618181818181818],"Energy":{"Mean":-6.9497624086468965,"Sigma":0.5327210026253324,"Taucorr":0.3092670122257877},"EnergyVariance":{"Mean":17.28089545331672,"Sigma":6.136800218597716,"Taucorr":0.38371010229452995},"Iteration":96},
{"Acceptance":[0.15409090909090908],"Energy":{"Mean":-6.823480202623353,"Sigma":0.2269720364032783,"Taucorr":0.18814752846153893},"EnergyVariance":{"Mean":3.585387149272982,"Sigma":0.6564556845264448,"Taucorr":0.18923401978671128},"Iteration":97},
{"Acceptance":[0.15636363636363637],"Energy":{"Mean":-6.928139526404465,"Sigma":0.3171451329190657,"Taucorr":0.24859016929294986},"EnergyVariance":{"Mean":6.4356196874871525,"Sigma":1.9472956847194787,"Taucorr":0.26639047264922466},"Iteration":98},
{"Acceptance":[0.15681818181818183],"Energy":{"Mean":-6.922783778668733,"Sigma":0.19333683639298183,"Taucorr":0.05054263470720832},"EnergyVariance":{"Mean":3.273870686621771,"Sigma":1.0882227116309753,"Taucorr":-0.01662657165870851},"Iteration":99} 
]}
{"input": {"L": 10, "J": 1, "machine": {"type": "FFNN", "model": ["lncosh", 46, 2]}, "sampler": {"type": "MetropolisHop", "d_max": 5}, "optimizer": {"type": "AdaMax", "alpha": 0.001, "beta1": 0.9, "beta2": 0.999, "epscut": 1e-07}, "VMC": {"n_samples": 100, "discarded_samples": 100, "discarded_samples_on_init": 0, "target": "energy", "method": "Gd", "diag_shift": 0.01, "use_iterative": true, "use_cholesky": true}, "n_iter": 100}}
duration: -1.2930352687835693